#
# There is insufficient memory for the Java Runtime Environment to continue.
# Native memory allocation (mmap) failed to map 268435456 bytes for G1 virtual space
# Possible reasons:
#   The system is out of physical RAM or swap space
#   The process is running with CompressedOops enabled, and the Java Heap may be blocking the growth of the native heap
# Possible solutions:
#   Reduce memory load on the system
#   Increase physical memory or swap space
#   Check if swap backing store is full
#   Decrease Java heap size (-Xmx/-Xms)
#   Decrease number of Java threads
#   Decrease Java thread stack sizes (-Xss)
#   Set larger code cache with -XX:ReservedCodeCacheSize=
#   JVM is running with Unscaled Compressed Oops mode in which the Java heap is
#     placed in the first 4GB address space. The Java Heap base address is the
#     maximum limit for the native heap growth. Please use -XX:HeapBaseMinAddress
#     to set the Java Heap base and to place the Java Heap above 4GB virtual address.
# This output file may be truncated or incomplete.
#
#  Out of Memory Error (os_windows.cpp:3548), pid=52356, tid=57936
#
# JRE version: OpenJDK Runtime Environment Temurin-17.0.5+8 (17.0.5+8) (build 17.0.5+8)
# Java VM: OpenJDK 64-Bit Server VM Temurin-17.0.5+8 (17.0.5+8, mixed mode, emulated-client, sharing, tiered, compressed oops, compressed class ptrs, g1 gc, windows-amd64)
# No core dump will be written. Minidumps are not enabled by default on client versions of Windows
#

---------------  S U M M A R Y ------------

Command Line: -Dsts.lsp.client=vscode -Dsts.log.file=/dev/null -XX:TieredStopAtLevel=1 -Xlog:jni+resolve=off -Dspring.config.location=file:c:\Users\datea\.vscode\extensions\pivotal.vscode-spring-boot-1.40.0\language-server\BOOT-INF\classes\application.properties org.springframework.ide.vscode.boot.app.BootLanguageServerBootApp

Host: Intel(R) Core(TM) i5-1035G1 CPU @ 1.00GHz, 8 cores, 7G,  Windows 11 , 64 bit Build 25236 (10.0.25236.1000)
Time: Sat Nov  5 19:57:47 2022 SE Asia Standard Time elapsed time: 9.391003 seconds (0d 0h 0m 9s)

---------------  T H R E A D  ---------------

Current thread (0x000002334722cd50):  VMThread "VM Thread" [stack: 0x000000459d400000,0x000000459d500000] [id=57936]

Stack: [0x000000459d400000,0x000000459d500000]
Native frames: (J=compiled Java code, j=interpreted, Vv=VM code, C=native code)
V  [jvm.dll+0x676b3a]
V  [jvm.dll+0x831444]
V  [jvm.dll+0x832bee]
V  [jvm.dll+0x833253]
V  [jvm.dll+0x244ce5]
V  [jvm.dll+0x673a49]
V  [jvm.dll+0x66811a]
V  [jvm.dll+0x303ceb]
V  [jvm.dll+0x30b1e6]
V  [jvm.dll+0x35adbe]
V  [jvm.dll+0x35afef]
V  [jvm.dll+0x2dab88]
V  [jvm.dll+0x2d8e3c]
V  [jvm.dll+0x2d840c]
V  [jvm.dll+0x31c31b]
V  [jvm.dll+0x8376fb]
V  [jvm.dll+0x838434]
V  [jvm.dll+0x83894c]
V  [jvm.dll+0x838d24]
V  [jvm.dll+0x838df0]
V  [jvm.dll+0x7e17ea]
V  [jvm.dll+0x6759e5]
C  [ucrtbase.dll+0x247cb]
C  [KERNEL32.DLL+0x1335d]
C  [ntdll.dll+0x67f38]

VM_Operation (0x00000045a00fe4e0): G1CollectForAllocation, mode: safepoint, requested by thread 0x0000023349210020


---------------  P R O C E S S  ---------------

Threads class SMR info:
_java_thread_list=0x000002334b902ec0, length=41, elements={
0x0000023347230e80, 0x0000023347234e60, 0x0000023347252c30, 0x0000023347254500,
0x00000233472551d0, 0x0000023347258b00, 0x0000023347259e90, 0x000002334725a790,
0x0000023347c26070, 0x000002334721e490, 0x0000023347258fd0, 0x0000023347255fb0,
0x00000233485ec7e0, 0x0000023347258630, 0x0000023347256950, 0x00000233472594a0,
0x0000023347256e20, 0x00000233472572f0, 0x0000023347255ae0, 0x0000023347256480,
0x00000233472577c0, 0x0000023347257c90, 0x0000023347258160, 0x0000023349213040,
0x0000023349213eb0, 0x0000023349211360, 0x00000233492156c0, 0x000002334920e810,
0x000002334920de70, 0x000002334920e340, 0x00000233492109c0, 0x0000023349214380,
0x0000023349214850, 0x0000023349210e90, 0x000002334920ece0, 0x0000023349210020,
0x0000023349211830, 0x000002334920f1b0, 0x000002334920fb50, 0x000002334920f680,
0x0000023349214d20
}

Java Threads: ( => current thread )
  0x0000023347230e80 JavaThread "Reference Handler" daemon [_thread_blocked, id=57944, stack(0x000000459d500000,0x000000459d600000)]
  0x0000023347234e60 JavaThread "Finalizer" daemon [_thread_blocked, id=57952, stack(0x000000459d600000,0x000000459d700000)]
  0x0000023347252c30 JavaThread "Signal Dispatcher" daemon [_thread_blocked, id=57864, stack(0x000000459d700000,0x000000459d800000)]
  0x0000023347254500 JavaThread "Attach Listener" daemon [_thread_blocked, id=57876, stack(0x000000459d800000,0x000000459d900000)]
  0x00000233472551d0 JavaThread "Service Thread" daemon [_thread_blocked, id=57884, stack(0x000000459d900000,0x000000459da00000)]
  0x0000023347258b00 JavaThread "Monitor Deflation Thread" daemon [_thread_blocked, id=57892, stack(0x000000459da00000,0x000000459db00000)]
  0x0000023347259e90 JavaThread "C1 CompilerThread0" daemon [_thread_blocked, id=57900, stack(0x000000459db00000,0x000000459dc00000)]
  0x000002334725a790 JavaThread "Sweeper thread" daemon [_thread_blocked, id=57908, stack(0x000000459dc00000,0x000000459dd00000)]
  0x0000023347c26070 JavaThread "C1 CompilerThread1" daemon [_thread_blocked, id=57932, stack(0x000000459dd00000,0x000000459de00000)]
  0x000002334721e490 JavaThread "C1 CompilerThread2" daemon [_thread_blocked, id=57940, stack(0x000000459de00000,0x000000459df00000)]
  0x0000023347258fd0 JavaThread "Notification Thread" daemon [_thread_blocked, id=57948, stack(0x000000459df00000,0x000000459e000000)]
  0x0000023347255fb0 JavaThread "Common-Cleaner" daemon [_thread_blocked, id=55316, stack(0x000000459e100000,0x000000459e200000)]
  0x00000233485ec7e0 JavaThread "C1 CompilerThread3" daemon [_thread_blocked, id=53336, stack(0x000000459e200000,0x000000459e300000)]
  0x0000023347258630 JavaThread "boundedElastic-evictor-1" daemon [_thread_blocked, id=56940, stack(0x000000459ea00000,0x000000459eb00000)]
  0x0000023347256950 JavaThread "pool-9-thread-1" [_thread_blocked, id=58128, stack(0x000000459ec00000,0x000000459ed00000)]
  0x00000233472594a0 JavaThread "LanguageServerApp-lifecycle" [_thread_blocked, id=57988, stack(0x000000459ed00000,0x000000459ee00000)]
  0x0000023347256e20 JavaThread "DestroyJavaVM" [_thread_blocked, id=57888, stack(0x000000459ce00000,0x000000459cf00000)]
  0x00000233472572f0 JavaThread "pool-10-thread-1" [_thread_in_native, id=58036, stack(0x000000459ee00000,0x000000459ef00000)]
  0x0000023347255ae0 JavaThread "Simple-Language-Server main thread" daemon [_thread_blocked, id=58064, stack(0x000000459ef00000,0x000000459f000000)]
  0x0000023347256480 JavaThread "ForkJoinPool.commonPool-worker-1" daemon [_thread_blocked, id=58068, stack(0x000000459f000000,0x000000459f100000)]
  0x00000233472577c0 JavaThread "pool-7-thread-1" [_thread_blocked, id=58072, stack(0x000000459f100000,0x000000459f200000)]
  0x0000023347257c90 JavaThread "parallel-1" daemon [_thread_blocked, id=58076, stack(0x000000459f200000,0x000000459f300000)]
  0x0000023347258160 JavaThread "Reconciler-1" daemon [_thread_blocked, id=58080, stack(0x000000459f300000,0x000000459f400000)]
  0x0000023349213040 JavaThread "ClassGraph-worker-0" daemon [_thread_blocked, id=58084, stack(0x000000459f400000,0x000000459f500000)]
  0x0000023349213eb0 JavaThread "ClassGraph-worker-1" daemon [_thread_blocked, id=58088, stack(0x000000459f500000,0x000000459f600000)]
  0x0000023349211360 JavaThread "ClassGraph-worker-2" daemon [_thread_blocked, id=58120, stack(0x000000459f600000,0x000000459f700000)]
  0x00000233492156c0 JavaThread "ClassGraph-worker-3" daemon [_thread_blocked, id=58124, stack(0x000000459f700000,0x000000459f800000)]
  0x000002334920e810 JavaThread "ClassGraph-worker-4" daemon [_thread_blocked, id=58132, stack(0x000000459f800000,0x000000459f900000)]
  0x000002334920de70 JavaThread "ClassGraph-worker-5" daemon [_thread_blocked, id=58136, stack(0x000000459f900000,0x000000459fa00000)]
  0x000002334920e340 JavaThread "ClassGraph-worker-6" daemon [_thread_blocked, id=58140, stack(0x000000459fa00000,0x000000459fb00000)]
  0x00000233492109c0 JavaThread "ClassGraph-worker-7" daemon [_thread_blocked, id=58016, stack(0x000000459fb00000,0x000000459fc00000)]
  0x0000023349214380 JavaThread "ClassGraph-worker-8" daemon [_thread_blocked, id=58012, stack(0x000000459fc00000,0x000000459fd00000)]
  0x0000023349214850 JavaThread "ClassGraph-worker-9" daemon [_thread_blocked, id=58264, stack(0x000000459fd00000,0x000000459fe00000)]
  0x0000023349210e90 JavaThread "ClassGraph-worker-10" daemon [_thread_blocked, id=58268, stack(0x000000459fe00000,0x000000459ff00000)]
  0x000002334920ece0 JavaThread "ClassGraph-worker-11" daemon [_thread_blocked, id=58272, stack(0x000000459ff00000,0x00000045a0000000)]
  0x0000023349210020 JavaThread "ClassGraph-worker-12" daemon [_thread_blocked, id=58276, stack(0x00000045a0000000,0x00000045a0100000)]
  0x0000023349211830 JavaThread "ClassGraph-worker-13" daemon [_thread_blocked, id=58280, stack(0x00000045a0100000,0x00000045a0200000)]
  0x000002334920f1b0 JavaThread "parallel-2" daemon [_thread_blocked, id=58032, stack(0x00000045a0200000,0x00000045a0300000)]
  0x000002334920fb50 JavaThread "pool-5-thread-1" [_thread_blocked, id=57536, stack(0x00000045a0300000,0x00000045a0400000)]
  0x000002334920f680 JavaThread "parallel-3" daemon [_thread_blocked, id=57200, stack(0x00000045a0400000,0x00000045a0500000)]
  0x0000023349214d20 JavaThread "Project-Reconciler-1" daemon [_thread_blocked, id=53020, stack(0x00000045a0500000,0x00000045a0600000)]

Other Threads:
=>0x000002334722cd50 VMThread "VM Thread" [stack: 0x000000459d400000,0x000000459d500000] [id=57936]
  0x0000023347d9f580 WatcherThread [stack: 0x000000459e000000,0x000000459e100000] [id=47648]
  0x000002333519c550 GCTaskThread "GC Thread#0" [stack: 0x000000459cf00000,0x000000459d000000] [id=57896]
  0x000002334865cb70 GCTaskThread "GC Thread#1" [stack: 0x000000459e300000,0x000000459e400000] [id=46120]
  0x000002334865ce20 GCTaskThread "GC Thread#2" [stack: 0x000000459e400000,0x000000459e500000] [id=57972]
  0x00000233486abd20 GCTaskThread "GC Thread#3" [stack: 0x000000459e500000,0x000000459e600000] [id=57980]
  0x00000233486a25a0 GCTaskThread "GC Thread#4" [stack: 0x000000459e600000,0x000000459e700000] [id=58188]
  0x00000233486a2850 GCTaskThread "GC Thread#5" [stack: 0x000000459e700000,0x000000459e800000] [id=58196]
  0x0000023348a16280 GCTaskThread "GC Thread#6" [stack: 0x000000459e800000,0x000000459e900000] [id=58200]
  0x0000023348a16530 GCTaskThread "GC Thread#7" [stack: 0x000000459e900000,0x000000459ea00000] [id=58208]
  0x00000233351ace50 ConcurrentGCThread "G1 Main Marker" [stack: 0x000000459d000000,0x000000459d100000] [id=57904]
  0x00000233351ae870 ConcurrentGCThread "G1 Conc#0" [stack: 0x000000459d100000,0x000000459d200000] [id=57912]
  0x0000023348dfa020 ConcurrentGCThread "G1 Conc#1" [stack: 0x000000459eb00000,0x000000459ec00000] [id=29248]
  0x00000233351edfb0 ConcurrentGCThread "G1 Refine#0" [stack: 0x000000459d200000,0x000000459d300000] [id=57920]
  0x000002334ba39f70 ConcurrentGCThread "G1 Refine#1" [stack: 0x00000045a0600000,0x00000045a0700000] [id=56732]
  0x00000233351ee8d0 ConcurrentGCThread "G1 Service" [stack: 0x000000459d300000,0x000000459d400000] [id=57928]

Threads with active compile tasks:

VM state: at safepoint (normal execution)

VM Mutex/Monitor currently owned by a thread:  ([mutex/lock_event])
[0x0000023333042f10] Threads_lock - owner thread: 0x000002334722cd50
[0x000002333513e000] Heap_lock - owner thread: 0x0000023349210020

Heap address: 0x0000000083200000, size: 1998 MB, Compressed Oops mode: 32-bit

CDS archive(s) mapped at: [0x0000000800000000-0x0000000800bc0000-0x0000000800bc0000), size 12320768, SharedBaseAddress: 0x0000000800000000, ArchiveRelocationMode: 0.
Compressed class space mapped at: 0x0000000800c00000-0x0000000840c00000, reserved size: 1073741824
Narrow klass base: 0x0000000800000000, Narrow klass shift: 0, Narrow klass range: 0x100000000

GC Precious Log:
 CPUs: 8 total, 8 available
 Memory: 7987M
 Large Page Support: Disabled
 NUMA Support: Disabled
 Compressed Oops: Enabled (32-bit)
 Heap Region Size: 1M
 Heap Min Capacity: 8M
 Heap Initial Capacity: 126M
 Heap Max Capacity: 1998M
 Pre-touch: Disabled
 Parallel Workers: 8
 Concurrent Workers: 2
 Concurrent Refinement Workers: 8
 Periodic GC: Disabled

Heap:
 garbage-first heap   total 165888K, used 82584K [0x0000000083200000, 0x0000000100000000)
  region size 1024K, 7 young (7168K), 7 survivors (7168K)
 Metaspace       used 31562K, committed 31936K, reserved 1081344K
  class space    used 4116K, committed 4288K, reserved 1048576K

Heap Regions: E=young(eden), S=young(survivor), O=old, HS=humongous(starts), HC=humongous(continues), CS=collection set, F=free, OA=open archive, CA=closed archive, TAMS=top-at-mark-start (previous, next)
|   0|0x0000000083200000, 0x0000000083300000, 0x0000000083300000|100%| O|  |TAMS 0x0000000083300000, 0x0000000083200000| Untracked 
|   1|0x0000000083300000, 0x0000000083400000, 0x0000000083400000|100%| O|  |TAMS 0x0000000083400000, 0x0000000083300000| Untracked 
|   2|0x0000000083400000, 0x0000000083500000, 0x0000000083500000|100%| O|  |TAMS 0x0000000083500000, 0x0000000083400000| Untracked 
|   3|0x0000000083500000, 0x0000000083600000, 0x0000000083600000|100%| O|  |TAMS 0x0000000083600000, 0x0000000083500000| Untracked 
|   4|0x0000000083600000, 0x0000000083700000, 0x0000000083700000|100%| O|  |TAMS 0x0000000083700000, 0x0000000083600000| Untracked 
|   5|0x0000000083700000, 0x0000000083800000, 0x0000000083800000|100%| O|  |TAMS 0x0000000083800000, 0x0000000083700000| Untracked 
|   6|0x0000000083800000, 0x0000000083900000, 0x0000000083900000|100%| O|  |TAMS 0x0000000083900000, 0x0000000083800000| Untracked 
|   7|0x0000000083900000, 0x0000000083a00000, 0x0000000083a00000|100%| O|  |TAMS 0x0000000083a00000, 0x0000000083900000| Untracked 
|   8|0x0000000083a00000, 0x0000000083b00000, 0x0000000083b00000|100%|HS|  |TAMS 0x0000000083a00000, 0x0000000083a00000| Complete 
|   9|0x0000000083b00000, 0x0000000083c00000, 0x0000000083c00000|100%| O|  |TAMS 0x0000000083c00000, 0x0000000083b00000| Untracked 
|  10|0x0000000083c00000, 0x0000000083d00000, 0x0000000083d00000|100%| O|  |TAMS 0x0000000083d00000, 0x0000000083c00000| Untracked 
|  11|0x0000000083d00000, 0x0000000083e00000, 0x0000000083e00000|100%| O|  |TAMS 0x0000000083e00000, 0x0000000083d00000| Untracked 
|  12|0x0000000083e00000, 0x0000000083f00000, 0x0000000083f00000|100%| O|  |TAMS 0x0000000083f00000, 0x0000000083e00000| Untracked 
|  13|0x0000000083f00000, 0x0000000084000000, 0x0000000084000000|100%| O|  |TAMS 0x0000000084000000, 0x0000000083f00000| Untracked 
|  14|0x0000000084000000, 0x0000000084100000, 0x0000000084100000|100%| O|  |TAMS 0x0000000084100000, 0x0000000084000000| Untracked 
|  15|0x0000000084100000, 0x0000000084200000, 0x0000000084200000|100%| O|  |TAMS 0x0000000084200000, 0x0000000084100000| Untracked 
|  16|0x0000000084200000, 0x0000000084300000, 0x0000000084300000|100%| O|  |TAMS 0x0000000084300000, 0x0000000084200000| Untracked 
|  17|0x0000000084300000, 0x0000000084400000, 0x0000000084400000|100%| O|  |TAMS 0x0000000084400000, 0x0000000084300000| Untracked 
|  18|0x0000000084400000, 0x0000000084500000, 0x0000000084500000|100%| O|  |TAMS 0x0000000084500000, 0x0000000084400000| Untracked 
|  19|0x0000000084500000, 0x0000000084600000, 0x0000000084600000|100%| O|  |TAMS 0x0000000084600000, 0x0000000084500000| Untracked 
|  20|0x0000000084600000, 0x0000000084700000, 0x0000000084700000|100%| O|  |TAMS 0x0000000084700000, 0x0000000084600000| Untracked 
|  21|0x0000000084700000, 0x0000000084800000, 0x0000000084800000|100%| O|  |TAMS 0x0000000084800000, 0x0000000084700000| Untracked 
|  22|0x0000000084800000, 0x0000000084900000, 0x0000000084900000|100%| O|  |TAMS 0x0000000084900000, 0x0000000084800000| Untracked 
|  23|0x0000000084900000, 0x0000000084a00000, 0x0000000084a00000|100%| O|  |TAMS 0x0000000084a00000, 0x0000000084900000| Untracked 
|  24|0x0000000084a00000, 0x0000000084b00000, 0x0000000084b00000|100%| O|  |TAMS 0x0000000084b00000, 0x0000000084a00000| Untracked 
|  25|0x0000000084b00000, 0x0000000084c00000, 0x0000000084c00000|100%| O|  |TAMS 0x0000000084c00000, 0x0000000084b00000| Untracked 
|  26|0x0000000084c00000, 0x0000000084d00000, 0x0000000084d00000|100%| O|  |TAMS 0x0000000084d00000, 0x0000000084c00000| Untracked 
|  27|0x0000000084d00000, 0x0000000084e00000, 0x0000000084e00000|100%| O|  |TAMS 0x0000000084e00000, 0x0000000084d00000| Untracked 
|  28|0x0000000084e00000, 0x0000000084f00000, 0x0000000084f00000|100%| O|  |TAMS 0x0000000084f00000, 0x0000000084e00000| Untracked 
|  29|0x0000000084f00000, 0x0000000085000000, 0x0000000085000000|100%| O|  |TAMS 0x0000000085000000, 0x0000000084f00000| Untracked 
|  30|0x0000000085000000, 0x0000000085100000, 0x0000000085100000|100%| O|  |TAMS 0x0000000085100000, 0x0000000085000000| Untracked 
|  31|0x0000000085100000, 0x0000000085200000, 0x0000000085200000|100%| O|  |TAMS 0x0000000085200000, 0x0000000085100000| Untracked 
|  32|0x0000000085200000, 0x0000000085300000, 0x0000000085300000|100%| O|  |TAMS 0x0000000085300000, 0x0000000085200000| Untracked 
|  33|0x0000000085300000, 0x0000000085400000, 0x0000000085400000|100%| O|  |TAMS 0x0000000085400000, 0x0000000085300000| Untracked 
|  34|0x0000000085400000, 0x0000000085500000, 0x0000000085500000|100%| O|  |TAMS 0x0000000085500000, 0x0000000085400000| Untracked 
|  35|0x0000000085500000, 0x0000000085600000, 0x0000000085600000|100%| O|  |TAMS 0x0000000085600000, 0x0000000085500000| Untracked 
|  36|0x0000000085600000, 0x0000000085700000, 0x0000000085700000|100%| O|  |TAMS 0x0000000085700000, 0x0000000085600000| Untracked 
|  37|0x0000000085700000, 0x0000000085800000, 0x0000000085800000|100%| O|  |TAMS 0x0000000085800000, 0x0000000085700000| Untracked 
|  38|0x0000000085800000, 0x0000000085900000, 0x0000000085900000|100%| O|  |TAMS 0x0000000085900000, 0x0000000085800000| Untracked 
|  39|0x0000000085900000, 0x0000000085a00000, 0x0000000085a00000|100%| O|  |TAMS 0x0000000085a00000, 0x0000000085900000| Untracked 
|  40|0x0000000085a00000, 0x0000000085b00000, 0x0000000085b00000|100%| O|  |TAMS 0x0000000085a15400, 0x0000000085a00000| Untracked 
|  41|0x0000000085b00000, 0x0000000085c00000, 0x0000000085c00000|100%| O|  |TAMS 0x0000000085b00000, 0x0000000085b00000| Untracked 
|  42|0x0000000085c00000, 0x0000000085d00000, 0x0000000085d00000|100%| O|  |TAMS 0x0000000085c00000, 0x0000000085c00000| Untracked 
|  43|0x0000000085d00000, 0x0000000085e00000, 0x0000000085e00000|100%| O|  |TAMS 0x0000000085d00000, 0x0000000085d00000| Untracked 
|  44|0x0000000085e00000, 0x0000000085f00000, 0x0000000085f00000|100%| O|  |TAMS 0x0000000085e00000, 0x0000000085e00000| Untracked 
|  45|0x0000000085f00000, 0x0000000086000000, 0x0000000086000000|100%| O|  |TAMS 0x0000000085f00000, 0x0000000085f00000| Untracked 
|  46|0x0000000086000000, 0x0000000086100000, 0x0000000086100000|100%| O|  |TAMS 0x0000000086000000, 0x0000000086000000| Untracked 
|  47|0x0000000086100000, 0x0000000086200000, 0x0000000086200000|100%| O|  |TAMS 0x0000000086100000, 0x0000000086100000| Untracked 
|  48|0x0000000086200000, 0x0000000086300000, 0x0000000086300000|100%| O|  |TAMS 0x0000000086200000, 0x0000000086200000| Untracked 
|  49|0x0000000086300000, 0x0000000086400000, 0x0000000086400000|100%| O|  |TAMS 0x0000000086300000, 0x0000000086300000| Untracked 
|  50|0x0000000086400000, 0x0000000086500000, 0x0000000086500000|100%| O|  |TAMS 0x0000000086400000, 0x0000000086400000| Untracked 
|  51|0x0000000086500000, 0x0000000086600000, 0x0000000086600000|100%| O|  |TAMS 0x0000000086500000, 0x0000000086500000| Untracked 
|  52|0x0000000086600000, 0x0000000086700000, 0x0000000086700000|100%| O|  |TAMS 0x0000000086600000, 0x0000000086600000| Untracked 
|  53|0x0000000086700000, 0x0000000086800000, 0x0000000086800000|100%| O|  |TAMS 0x0000000086700000, 0x0000000086700000| Untracked 
|  54|0x0000000086800000, 0x0000000086900000, 0x0000000086900000|100%|HS|  |TAMS 0x0000000086800000, 0x0000000086800000| Complete 
|  55|0x0000000086900000, 0x0000000086a00000, 0x0000000086a00000|100%| O|  |TAMS 0x0000000086900000, 0x0000000086900000| Untracked 
|  56|0x0000000086a00000, 0x0000000086b00000, 0x0000000086b00000|100%| O|  |TAMS 0x0000000086a00000, 0x0000000086a00000| Untracked 
|  57|0x0000000086b00000, 0x0000000086c00000, 0x0000000086c00000|100%| O|  |TAMS 0x0000000086b00000, 0x0000000086b00000| Untracked 
|  58|0x0000000086c00000, 0x0000000086d00000, 0x0000000086d00000|100%| O|  |TAMS 0x0000000086c00000, 0x0000000086c00000| Untracked 
|  59|0x0000000086d00000, 0x0000000086e00000, 0x0000000086e00000|100%| O|  |TAMS 0x0000000086d00000, 0x0000000086d00000| Untracked 
|  60|0x0000000086e00000, 0x0000000086f00000, 0x0000000086f00000|100%| O|  |TAMS 0x0000000086e00000, 0x0000000086e00000| Untracked 
|  61|0x0000000086f00000, 0x0000000087000000, 0x0000000087000000|100%| O|  |TAMS 0x0000000086f00000, 0x0000000086f00000| Untracked 
|  62|0x0000000087000000, 0x0000000087100000, 0x0000000087100000|100%| O|  |TAMS 0x0000000087000000, 0x0000000087000000| Untracked 
|  63|0x0000000087100000, 0x0000000087200000, 0x0000000087200000|100%| O|  |TAMS 0x0000000087100000, 0x0000000087100000| Untracked 
|  64|0x0000000087200000, 0x0000000087300000, 0x0000000087300000|100%| O|  |TAMS 0x0000000087200000, 0x0000000087200000| Untracked 
|  65|0x0000000087300000, 0x0000000087400000, 0x0000000087400000|100%| O|  |TAMS 0x0000000087300000, 0x0000000087300000| Untracked 
|  66|0x0000000087400000, 0x0000000087500000, 0x0000000087500000|100%| O|  |TAMS 0x0000000087400000, 0x0000000087400000| Untracked 
|  67|0x0000000087500000, 0x0000000087600000, 0x0000000087600000|100%| O|  |TAMS 0x0000000087500000, 0x0000000087500000| Untracked 
|  68|0x0000000087600000, 0x0000000087700000, 0x0000000087700000|100%| O|  |TAMS 0x0000000087600000, 0x0000000087600000| Untracked 
|  69|0x0000000087700000, 0x0000000087800000, 0x0000000087800000|100%| O|  |TAMS 0x0000000087700000, 0x0000000087700000| Untracked 
|  70|0x0000000087800000, 0x0000000087900000, 0x0000000087900000|100%| O|  |TAMS 0x0000000087800000, 0x0000000087800000| Untracked 
|  71|0x0000000087900000, 0x0000000087a00000, 0x0000000087a00000|100%| O|  |TAMS 0x0000000087900000, 0x0000000087900000| Untracked 
|  72|0x0000000087a00000, 0x0000000087b00000, 0x0000000087b00000|100%| O|  |TAMS 0x0000000087a00000, 0x0000000087a00000| Untracked 
|  73|0x0000000087b00000, 0x0000000087c00000, 0x0000000087c00000|100%| O|  |TAMS 0x0000000087b00000, 0x0000000087b00000| Untracked 
|  74|0x0000000087c00000, 0x0000000087c4dc00, 0x0000000087d00000| 30%| O|  |TAMS 0x0000000087c00000, 0x0000000087c00000| Untracked 
|  75|0x0000000087d00000, 0x0000000087d00000, 0x0000000087e00000|  0%| F|  |TAMS 0x0000000087d00000, 0x0000000087d00000| Untracked 
|  76|0x0000000087e00000, 0x0000000087e00000, 0x0000000087f00000|  0%| F|  |TAMS 0x0000000087e00000, 0x0000000087e00000| Untracked 
|  77|0x0000000087f00000, 0x0000000087f00000, 0x0000000088000000|  0%| F|  |TAMS 0x0000000087f00000, 0x0000000087f00000| Untracked 
|  78|0x0000000088000000, 0x0000000088000000, 0x0000000088100000|  0%| F|  |TAMS 0x0000000088000000, 0x0000000088000000| Untracked 
|  79|0x0000000088100000, 0x0000000088100000, 0x0000000088200000|  0%| F|  |TAMS 0x0000000088100000, 0x0000000088100000| Untracked 
|  80|0x0000000088200000, 0x0000000088200000, 0x0000000088300000|  0%| F|  |TAMS 0x0000000088200000, 0x0000000088200000| Untracked 
|  81|0x0000000088300000, 0x0000000088300000, 0x0000000088400000|  0%| F|  |TAMS 0x0000000088300000, 0x0000000088300000| Untracked 
|  82|0x0000000088400000, 0x0000000088400000, 0x0000000088500000|  0%| F|  |TAMS 0x0000000088400000, 0x0000000088400000| Untracked 
|  83|0x0000000088500000, 0x0000000088500000, 0x0000000088600000|  0%| F|  |TAMS 0x0000000088500000, 0x0000000088500000| Untracked 
|  84|0x0000000088600000, 0x0000000088600000, 0x0000000088700000|  0%| F|  |TAMS 0x0000000088600000, 0x0000000088600000| Untracked 
|  85|0x0000000088700000, 0x0000000088700000, 0x0000000088800000|  0%| F|  |TAMS 0x0000000088700000, 0x0000000088700000| Untracked 
|  86|0x0000000088800000, 0x0000000088800000, 0x0000000088900000|  0%| F|  |TAMS 0x0000000088800000, 0x0000000088800000| Untracked 
|  87|0x0000000088900000, 0x0000000088900000, 0x0000000088a00000|  0%| F|  |TAMS 0x0000000088900000, 0x0000000088900000| Untracked 
|  88|0x0000000088a00000, 0x0000000088a00000, 0x0000000088b00000|  0%| F|  |TAMS 0x0000000088a00000, 0x0000000088a00000| Untracked 
|  89|0x0000000088b00000, 0x0000000088b00000, 0x0000000088c00000|  0%| F|  |TAMS 0x0000000088b00000, 0x0000000088b00000| Untracked 
|  90|0x0000000088c00000, 0x0000000088c00000, 0x0000000088d00000|  0%| F|  |TAMS 0x0000000088c00000, 0x0000000088c00000| Untracked 
|  91|0x0000000088d00000, 0x0000000088d00000, 0x0000000088e00000|  0%| F|  |TAMS 0x0000000088d00000, 0x0000000088d00000| Untracked 
|  92|0x0000000088e00000, 0x0000000088e00000, 0x0000000088f00000|  0%| F|  |TAMS 0x0000000088e00000, 0x0000000088e00000| Untracked 
|  93|0x0000000088f00000, 0x0000000088f00000, 0x0000000089000000|  0%| F|  |TAMS 0x0000000088f00000, 0x0000000088f00000| Untracked 
|  94|0x0000000089000000, 0x0000000089000000, 0x0000000089100000|  0%| F|  |TAMS 0x0000000089000000, 0x0000000089000000| Untracked 
|  95|0x0000000089100000, 0x0000000089100000, 0x0000000089200000|  0%| F|  |TAMS 0x0000000089100000, 0x0000000089100000| Untracked 
|  96|0x0000000089200000, 0x0000000089200000, 0x0000000089300000|  0%| F|  |TAMS 0x0000000089200000, 0x0000000089200000| Untracked 
|  97|0x0000000089300000, 0x0000000089300000, 0x0000000089400000|  0%| F|  |TAMS 0x0000000089300000, 0x0000000089300000| Untracked 
|  98|0x0000000089400000, 0x0000000089400000, 0x0000000089500000|  0%| F|  |TAMS 0x0000000089400000, 0x0000000089400000| Untracked 
|  99|0x0000000089500000, 0x0000000089500000, 0x0000000089600000|  0%| F|  |TAMS 0x0000000089500000, 0x0000000089500000| Untracked 
| 100|0x0000000089600000, 0x0000000089600000, 0x0000000089700000|  0%| F|  |TAMS 0x0000000089600000, 0x0000000089600000| Untracked 
| 101|0x0000000089700000, 0x0000000089700000, 0x0000000089800000|  0%| F|  |TAMS 0x0000000089700000, 0x0000000089700000| Untracked 
| 102|0x0000000089800000, 0x0000000089800000, 0x0000000089900000|  0%| F|  |TAMS 0x0000000089800000, 0x0000000089800000| Untracked 
| 103|0x0000000089900000, 0x0000000089958530, 0x0000000089a00000| 34%| S|CS|TAMS 0x0000000089900000, 0x0000000089900000| Complete 
| 104|0x0000000089a00000, 0x0000000089b00000, 0x0000000089b00000|100%| S|CS|TAMS 0x0000000089a00000, 0x0000000089a00000| Complete 
| 105|0x0000000089b00000, 0x0000000089c00000, 0x0000000089c00000|100%| S|CS|TAMS 0x0000000089b00000, 0x0000000089b00000| Complete 
| 106|0x0000000089c00000, 0x0000000089d00000, 0x0000000089d00000|100%| S|CS|TAMS 0x0000000089c00000, 0x0000000089c00000| Complete 
| 107|0x0000000089d00000, 0x0000000089d00000, 0x0000000089e00000|  0%| F|  |TAMS 0x0000000089d00000, 0x0000000089d00000| Untracked 
| 108|0x0000000089e00000, 0x0000000089e00000, 0x0000000089f00000|  0%| F|  |TAMS 0x0000000089e00000, 0x0000000089e00000| Untracked 
| 109|0x0000000089f00000, 0x0000000089f00000, 0x000000008a000000|  0%| F|  |TAMS 0x0000000089f00000, 0x0000000089f00000| Untracked 
| 110|0x000000008a000000, 0x000000008a000000, 0x000000008a100000|  0%| F|  |TAMS 0x000000008a000000, 0x000000008a000000| Untracked 
| 111|0x000000008a100000, 0x000000008a100000, 0x000000008a200000|  0%| F|  |TAMS 0x000000008a100000, 0x000000008a100000| Untracked 
| 112|0x000000008a200000, 0x000000008a200000, 0x000000008a300000|  0%| F|  |TAMS 0x000000008a200000, 0x000000008a200000| Untracked 
| 113|0x000000008a300000, 0x000000008a400000, 0x000000008a400000|100%| S|CS|TAMS 0x000000008a300000, 0x000000008a300000| Complete 
| 114|0x000000008a400000, 0x000000008a500000, 0x000000008a500000|100%| S|CS|TAMS 0x000000008a400000, 0x000000008a400000| Complete 
| 115|0x000000008a500000, 0x000000008a600000, 0x000000008a600000|100%| S|CS|TAMS 0x000000008a500000, 0x000000008a500000| Complete 
| 116|0x000000008a600000, 0x000000008a600000, 0x000000008a700000|  0%| F|  |TAMS 0x000000008a600000, 0x000000008a600000| Untracked 
| 117|0x000000008a700000, 0x000000008a700000, 0x000000008a800000|  0%| F|  |TAMS 0x000000008a700000, 0x000000008a700000| Untracked 
| 118|0x000000008a800000, 0x000000008a800000, 0x000000008a900000|  0%| F|  |TAMS 0x000000008a800000, 0x000000008a800000| Untracked 
| 119|0x000000008a900000, 0x000000008a900000, 0x000000008aa00000|  0%| F|  |TAMS 0x000000008a900000, 0x000000008a900000| Untracked 
| 120|0x000000008aa00000, 0x000000008aa00000, 0x000000008ab00000|  0%| F|  |TAMS 0x000000008aa00000, 0x000000008aa00000| Untracked 
| 121|0x000000008ab00000, 0x000000008ab00000, 0x000000008ac00000|  0%| F|  |TAMS 0x000000008ab00000, 0x000000008ab00000| Untracked 
| 122|0x000000008ac00000, 0x000000008ac00000, 0x000000008ad00000|  0%| F|  |TAMS 0x000000008ac00000, 0x000000008ac00000| Untracked 
| 123|0x000000008ad00000, 0x000000008ad00000, 0x000000008ae00000|  0%| F|  |TAMS 0x000000008ad00000, 0x000000008ad00000| Untracked 
| 124|0x000000008ae00000, 0x000000008ae00000, 0x000000008af00000|  0%| F|  |TAMS 0x000000008ae00000, 0x000000008ae00000| Untracked 
| 125|0x000000008af00000, 0x000000008af00000, 0x000000008b000000|  0%| F|  |TAMS 0x000000008af00000, 0x000000008af00000| Untracked 
| 126|0x000000008b000000, 0x000000008b000000, 0x000000008b100000|  0%| F|  |TAMS 0x000000008b000000, 0x000000008b000000| Untracked 
| 127|0x000000008b100000, 0x000000008b100000, 0x000000008b200000|  0%| F|  |TAMS 0x000000008b100000, 0x000000008b100000| Untracked 
| 128|0x000000008b200000, 0x000000008b200000, 0x000000008b300000|  0%| F|  |TAMS 0x000000008b200000, 0x000000008b200000| Untracked 
| 129|0x000000008b300000, 0x000000008b300000, 0x000000008b400000|  0%| F|  |TAMS 0x000000008b300000, 0x000000008b300000| Untracked 
| 130|0x000000008b400000, 0x000000008b400000, 0x000000008b500000|  0%| F|  |TAMS 0x000000008b400000, 0x000000008b400000| Untracked 
| 131|0x000000008b500000, 0x000000008b500000, 0x000000008b600000|  0%| F|  |TAMS 0x000000008b500000, 0x000000008b500000| Untracked 
| 132|0x000000008b600000, 0x000000008b600000, 0x000000008b700000|  0%| F|  |TAMS 0x000000008b600000, 0x000000008b600000| Untracked 
| 133|0x000000008b700000, 0x000000008b700000, 0x000000008b800000|  0%| F|  |TAMS 0x000000008b700000, 0x000000008b700000| Untracked 
| 134|0x000000008b800000, 0x000000008b800000, 0x000000008b900000|  0%| F|  |TAMS 0x000000008b800000, 0x000000008b800000| Untracked 
| 135|0x000000008b900000, 0x000000008b900000, 0x000000008ba00000|  0%| F|  |TAMS 0x000000008b900000, 0x000000008b900000| Untracked 
| 136|0x000000008ba00000, 0x000000008ba00000, 0x000000008bb00000|  0%| F|  |TAMS 0x000000008ba00000, 0x000000008ba00000| Untracked 
| 137|0x000000008bb00000, 0x000000008bb00000, 0x000000008bc00000|  0%| F|  |TAMS 0x000000008bb00000, 0x000000008bb00000| Untracked 
| 138|0x000000008bc00000, 0x000000008bc00000, 0x000000008bd00000|  0%| F|  |TAMS 0x000000008bc00000, 0x000000008bc00000| Untracked 
| 139|0x000000008bd00000, 0x000000008bd00000, 0x000000008be00000|  0%| F|  |TAMS 0x000000008bd00000, 0x000000008bd00000| Untracked 
| 140|0x000000008be00000, 0x000000008be00000, 0x000000008bf00000|  0%| F|  |TAMS 0x000000008be00000, 0x000000008be00000| Untracked 
| 141|0x000000008bf00000, 0x000000008bf00000, 0x000000008c000000|  0%| F|  |TAMS 0x000000008bf00000, 0x000000008bf00000| Untracked 
| 142|0x000000008c000000, 0x000000008c000000, 0x000000008c100000|  0%| F|  |TAMS 0x000000008c000000, 0x000000008c000000| Untracked 
| 143|0x000000008c100000, 0x000000008c100000, 0x000000008c200000|  0%| F|  |TAMS 0x000000008c100000, 0x000000008c100000| Untracked 
| 144|0x000000008c200000, 0x000000008c200000, 0x000000008c300000|  0%| F|  |TAMS 0x000000008c200000, 0x000000008c200000| Untracked 
| 145|0x000000008c300000, 0x000000008c300000, 0x000000008c400000|  0%| F|  |TAMS 0x000000008c300000, 0x000000008c300000| Untracked 
| 146|0x000000008c400000, 0x000000008c400000, 0x000000008c500000|  0%| F|  |TAMS 0x000000008c400000, 0x000000008c400000| Untracked 
| 147|0x000000008c500000, 0x000000008c500000, 0x000000008c600000|  0%| F|  |TAMS 0x000000008c500000, 0x000000008c500000| Untracked 
| 148|0x000000008c600000, 0x000000008c600000, 0x000000008c700000|  0%| F|  |TAMS 0x000000008c600000, 0x000000008c600000| Untracked 
| 149|0x000000008c700000, 0x000000008c700000, 0x000000008c800000|  0%| F|  |TAMS 0x000000008c700000, 0x000000008c700000| Untracked 
| 150|0x000000008c800000, 0x000000008c800000, 0x000000008c900000|  0%| F|  |TAMS 0x000000008c800000, 0x000000008c800000| Untracked 
| 151|0x000000008c900000, 0x000000008c900000, 0x000000008ca00000|  0%| F|  |TAMS 0x000000008c900000, 0x000000008c900000| Untracked 
| 152|0x000000008ca00000, 0x000000008ca00000, 0x000000008cb00000|  0%| F|  |TAMS 0x000000008ca00000, 0x000000008ca00000| Untracked 
| 153|0x000000008cb00000, 0x000000008cb00000, 0x000000008cc00000|  0%| F|  |TAMS 0x000000008cb00000, 0x000000008cb00000| Untracked 
| 154|0x000000008cc00000, 0x000000008cc00000, 0x000000008cd00000|  0%| F|  |TAMS 0x000000008cc00000, 0x000000008cc00000| Untracked 
| 155|0x000000008cd00000, 0x000000008cd00000, 0x000000008ce00000|  0%| F|  |TAMS 0x000000008cd00000, 0x000000008cd00000| Untracked 
| 156|0x000000008ce00000, 0x000000008ce00000, 0x000000008cf00000|  0%| F|  |TAMS 0x000000008ce00000, 0x000000008ce00000| Untracked 
| 157|0x000000008cf00000, 0x000000008cf00000, 0x000000008d000000|  0%| F|  |TAMS 0x000000008cf00000, 0x000000008cf00000| Untracked 
| 158|0x000000008d000000, 0x000000008d000000, 0x000000008d100000|  0%| F|  |TAMS 0x000000008d000000, 0x000000008d000000| Untracked 
| 159|0x000000008d100000, 0x000000008d100000, 0x000000008d200000|  0%| F|  |TAMS 0x000000008d100000, 0x000000008d100000| Untracked 
| 160|0x000000008d200000, 0x000000008d200000, 0x000000008d300000|  0%| F|  |TAMS 0x000000008d200000, 0x000000008d200000| Untracked 
| 161|0x000000008d300000, 0x000000008d300000, 0x000000008d400000|  0%| F|  |TAMS 0x000000008d300000, 0x000000008d300000| Untracked 

Card table byte_map: [0x0000023340110000,0x0000023340500000] _byte_map_base: 0x000002333fcf7000

Marking Bits (Prev, Next): (CMBitMap*) 0x000002333519cb60, (CMBitMap*) 0x000002333519cba0
 Prev Bits: [0x00000233408f0000, 0x0000023342828000)
 Next Bits: [0x0000023342830000, 0x0000023344768000)

Polling page: 0x00000233332b0000

Metaspace:

Usage:
  Non-class:     26.80 MB used.
      Class:      4.02 MB used.
       Both:     30.82 MB used.

Virtual space:
  Non-class space:       32.00 MB reserved,      27.00 MB ( 84%) committed,  4 nodes.
      Class space:        1.00 GB reserved,       4.19 MB ( <1%) committed,  1 nodes.
             Both:        1.03 GB reserved,      31.19 MB (  3%) committed. 

Chunk freelists:
   Non-Class:  912.00 KB
       Class:  3.83 MB
        Both:  4.72 MB

MaxMetaspaceSize: unlimited
CompressedClassSpaceSize: 1.00 GB
Initial GC threshold: 21.00 MB
Current GC threshold: 50.12 MB
CDS: on
MetaspaceReclaimPolicy: balanced
 - commit_granule_bytes: 65536.
 - commit_granule_words: 8192.
 - virtual_space_node_default_size: 1048576.
 - enlarge_chunks_in_place: 1.
 - new_chunks_are_fully_committed: 0.
 - uncommit_free_chunks: 1.
 - use_allocation_guard: 0.
 - handle_deallocations: 1.


Internal statistics:

num_allocs_failed_limit: 3.
num_arena_births: 386.
num_arena_deaths: 0.
num_vsnodes_births: 5.
num_vsnodes_deaths: 0.
num_space_committed: 499.
num_space_uncommitted: 0.
num_chunks_returned_to_freelist: 3.
num_chunks_taken_from_freelist: 1531.
num_chunk_merges: 0.
num_chunk_splits: 1056.
num_chunks_enlarged: 812.
num_purges: 0.
num_inconsistent_stats: 0.

CodeCache: size=49152Kb used=9652Kb max_used=9652Kb free=39500Kb
 bounds [0x000002333cc10000, 0x000002333d580000, 0x000002333fc10000]
 total_blobs=4566 nmethods=4031 adapters=459
 compilation: enabled
              stopped_count=0, restarted_count=0
 full_count=0

Compilation events (20 events):
Event: 7.200 Thread 0x00000233485ec7e0 nmethod 4022 0x000002333d56f610 code [0x000002333d56f7e0, 0x000002333d56faf8]
Event: 7.200 Thread 0x00000233485ec7e0 4025       1       nonapi.io.github.classgraph.fileslice.reader.ClassfileReader::readTo (292 bytes)
Event: 7.201 Thread 0x00000233485ec7e0 nmethod 4025 0x000002333d56fc90 code [0x000002333d56fea0, 0x000002333d570588]
Event: 7.201 Thread 0x00000233485ec7e0 4027   !   1       jdk.internal.reflect.GeneratedMethodAccessor28::invoke (67 bytes)
Event: 7.201 Thread 0x000002334721e490 nmethod 4024 0x000002333d570810 code [0x000002333d570c80, 0x000002333d571bc8]
Event: 7.202 Thread 0x000002334721e490 4023   !   1       nonapi.io.github.classgraph.fileslice.reader.ClassfileReader::close (43 bytes)
Event: 7.202 Thread 0x0000023347259e90 nmethod 4021 0x000002333d572790 code [0x000002333d572b00, 0x000002333d5739c8]
Event: 7.202 Thread 0x00000233485ec7e0 nmethod 4027 0x000002333d574210 code [0x000002333d574400, 0x000002333d574878]
Event: 7.202 Thread 0x0000023347259e90 4026       1       jdk.internal.module.SystemModuleFinders$SystemModuleReader$$Lambda$131/0x0000000800d55460::apply (12 bytes)
Event: 7.202 Thread 0x0000023347259e90 nmethod 4026 0x000002333d574b10 code [0x000002333d574ca0, 0x000002333d574dc8]
Event: 7.202 Thread 0x000002334721e490 nmethod 4023 0x000002333d574e90 code [0x000002333d575040, 0x000002333d575218]
Event: 7.203 Thread 0x0000023347c26070 nmethod 4018 0x000002333d575310 code [0x000002333d575820, 0x000002333d577188]
Event: 7.219 Thread 0x00000233485ec7e0 4028  s!   1       jdk.internal.loader.URLClassPath::getLoader (194 bytes)
Event: 7.257 Thread 0x00000233485ec7e0 nmethod 4028 0x000002333d578790 code [0x000002333d578a40, 0x000002333d579498]
Event: 7.260 Thread 0x00000233485ec7e0 4029       1       java.util.zip.ZipFile$Source::initCEN (591 bytes)
Event: 7.263 Thread 0x00000233485ec7e0 nmethod 4029 0x000002333d579d90 code [0x000002333d57a0e0, 0x000002333d57b788]
Event: 7.267 Thread 0x0000023347259e90 4030       1       java.util.zip.ZipFile$Source$Key::hashCode (46 bytes)
Event: 7.268 Thread 0x0000023347259e90 nmethod 4030 0x000002333d57c790 code [0x000002333d57c960, 0x000002333d57cb38]
Event: 7.349 Thread 0x00000233485ec7e0 4031       1       java.util.concurrent.ConcurrentHashMap::resizeStamp (9 bytes)
Event: 7.349 Thread 0x00000233485ec7e0 nmethod 4031 0x000002333d57cd10 code [0x000002333d57cea0, 0x000002333d57cf68]

GC Heap History (20 events):
Event: 6.320 GC heap after
{Heap after GC invocations=9 (full 0):
 garbage-first heap   total 61440K, used 29088K [0x0000000083200000, 0x0000000100000000)
  region size 1024K, 3 young (3072K), 3 survivors (3072K)
 Metaspace       used 28699K, committed 28992K, reserved 1081344K
  class space    used 3842K, committed 3968K, reserved 1048576K
}
Event: 6.384 GC heap before
{Heap before GC invocations=9 (full 0):
 garbage-first heap   total 61440K, used 45472K [0x0000000083200000, 0x0000000100000000)
  region size 1024K, 19 young (19456K), 3 survivors (3072K)
 Metaspace       used 28910K, committed 29248K, reserved 1081344K
  class space    used 3860K, committed 4032K, reserved 1048576K
}
Event: 6.390 GC heap after
{Heap after GC invocations=10 (full 0):
 garbage-first heap   total 84992K, used 32296K [0x0000000083200000, 0x0000000100000000)
  region size 1024K, 3 young (3072K), 3 survivors (3072K)
 Metaspace       used 28910K, committed 29248K, reserved 1081344K
  class space    used 3860K, committed 4032K, reserved 1048576K
}
Event: 6.495 GC heap before
{Heap before GC invocations=10 (full 0):
 garbage-first heap   total 84992K, used 59944K [0x0000000083200000, 0x0000000100000000)
  region size 1024K, 31 young (31744K), 3 survivors (3072K)
 Metaspace       used 29489K, committed 29888K, reserved 1081344K
  class space    used 3917K, committed 4096K, reserved 1048576K
}
Event: 6.502 GC heap after
{Heap after GC invocations=11 (full 0):
 garbage-first heap   total 84992K, used 37232K [0x0000000083200000, 0x0000000100000000)
  region size 1024K, 4 young (4096K), 4 survivors (4096K)
 Metaspace       used 29489K, committed 29888K, reserved 1081344K
  class space    used 3917K, committed 4096K, reserved 1048576K
}
Event: 6.592 GC heap before
{Heap before GC invocations=11 (full 0):
 garbage-first heap   total 84992K, used 60784K [0x0000000083200000, 0x0000000100000000)
  region size 1024K, 28 young (28672K), 4 survivors (4096K)
 Metaspace       used 29882K, committed 30272K, reserved 1081344K
  class space    used 3932K, committed 4096K, reserved 1048576K
}
Event: 6.601 GC heap after
{Heap after GC invocations=12 (full 0):
 garbage-first heap   total 84992K, used 44333K [0x0000000083200000, 0x0000000100000000)
  region size 1024K, 4 young (4096K), 4 survivors (4096K)
 Metaspace       used 29882K, committed 30272K, reserved 1081344K
  class space    used 3932K, committed 4096K, reserved 1048576K
}
Event: 6.719 GC heap before
{Heap before GC invocations=12 (full 0):
 garbage-first heap   total 84992K, used 61741K [0x0000000083200000, 0x0000000100000000)
  region size 1024K, 22 young (22528K), 4 survivors (4096K)
 Metaspace       used 30390K, committed 30656K, reserved 1081344K
  class space    used 3963K, committed 4096K, reserved 1048576K
}
Event: 6.727 GC heap after
{Heap after GC invocations=13 (full 0):
 garbage-first heap   total 84992K, used 50975K [0x0000000083200000, 0x0000000100000000)
  region size 1024K, 3 young (3072K), 3 survivors (3072K)
 Metaspace       used 30390K, committed 30656K, reserved 1081344K
  class space    used 3963K, committed 4096K, reserved 1048576K
}
Event: 6.948 GC heap before
{Heap before GC invocations=14 (full 0):
 garbage-first heap   total 92160K, used 63263K [0x0000000083200000, 0x0000000100000000)
  region size 1024K, 16 young (16384K), 3 survivors (3072K)
 Metaspace       used 31137K, committed 31488K, reserved 1081344K
  class space    used 4054K, committed 4224K, reserved 1048576K
}
Event: 6.954 GC heap after
{Heap after GC invocations=15 (full 0):
 garbage-first heap   total 92160K, used 53212K [0x0000000083200000, 0x0000000100000000)
  region size 1024K, 2 young (2048K), 2 survivors (2048K)
 Metaspace       used 31137K, committed 31488K, reserved 1081344K
  class space    used 4054K, committed 4224K, reserved 1048576K
}
Event: 6.959 GC heap before
{Heap before GC invocations=15 (full 0):
 garbage-first heap   total 92160K, used 55260K [0x0000000083200000, 0x0000000100000000)
  region size 1024K, 4 young (4096K), 2 survivors (2048K)
 Metaspace       used 31140K, committed 31488K, reserved 1081344K
  class space    used 4056K, committed 4224K, reserved 1048576K
}
Event: 6.964 GC heap after
{Heap after GC invocations=16 (full 0):
 garbage-first heap   total 165888K, used 53817K [0x0000000083200000, 0x0000000100000000)
  region size 1024K, 1 young (1024K), 1 survivors (1024K)
 Metaspace       used 31140K, committed 31488K, reserved 1081344K
  class space    used 4056K, committed 4224K, reserved 1048576K
}
Event: 7.220 GC heap before
{Heap before GC invocations=16 (full 0):
 garbage-first heap   total 165888K, used 116281K [0x0000000083200000, 0x0000000100000000)
  region size 1024K, 61 young (62464K), 1 survivors (1024K)
 Metaspace       used 31531K, committed 31936K, reserved 1081344K
  class space    used 4112K, committed 4288K, reserved 1048576K
}
Event: 7.255 GC heap after
{Heap after GC invocations=17 (full 0):
 garbage-first heap   total 165888K, used 72700K [0x0000000083200000, 0x0000000100000000)
  region size 1024K, 8 young (8192K), 8 survivors (8192K)
 Metaspace       used 31531K, committed 31936K, reserved 1081344K
  class space    used 4112K, committed 4288K, reserved 1048576K
}
Event: 7.295 GC heap before
{Heap before GC invocations=17 (full 0):
 garbage-first heap   total 165888K, used 117756K [0x0000000083200000, 0x0000000100000000)
  region size 1024K, 53 young (54272K), 8 survivors (8192K)
 Metaspace       used 31562K, committed 31936K, reserved 1081344K
  class space    used 4116K, committed 4288K, reserved 1048576K
}
Event: 7.302 GC heap after
{Heap after GC invocations=18 (full 0):
 garbage-first heap   total 165888K, used 76670K [0x0000000083200000, 0x0000000100000000)
  region size 1024K, 4 young (4096K), 4 survivors (4096K)
 Metaspace       used 31562K, committed 31936K, reserved 1081344K
  class space    used 4116K, committed 4288K, reserved 1048576K
}
Event: 7.336 GC heap before
{Heap before GC invocations=18 (full 0):
 garbage-first heap   total 165888K, used 121726K [0x0000000083200000, 0x0000000100000000)
  region size 1024K, 49 young (50176K), 4 survivors (4096K)
 Metaspace       used 31562K, committed 31936K, reserved 1081344K
  class space    used 4116K, committed 4288K, reserved 1048576K
}
Event: 7.341 GC heap after
{Heap after GC invocations=19 (full 0):
 garbage-first heap   total 165888K, used 79321K [0x0000000083200000, 0x0000000100000000)
  region size 1024K, 6 young (6144K), 6 survivors (6144K)
 Metaspace       used 31562K, committed 31936K, reserved 1081344K
  class space    used 4116K, committed 4288K, reserved 1048576K
}
Event: 7.377 GC heap before
{Heap before GC invocations=19 (full 0):
 garbage-first heap   total 165888K, used 125401K [0x0000000083200000, 0x0000000100000000)
  region size 1024K, 52 young (53248K), 6 survivors (6144K)
 Metaspace       used 31562K, committed 31936K, reserved 1081344K
  class space    used 4116K, committed 4288K, reserved 1048576K
}

Dll operation events (9 events):
Event: 0.011 Loaded shared library C:\Program Files\Eclipse Adoptium\jdk-17.0.5.8-hotspot\bin\java.dll
Event: 0.023 Loaded shared library C:\Program Files\Eclipse Adoptium\jdk-17.0.5.8-hotspot\bin\jsvml.dll
Event: 0.162 Loaded shared library C:\Program Files\Eclipse Adoptium\jdk-17.0.5.8-hotspot\bin\net.dll
Event: 0.165 Loaded shared library C:\Program Files\Eclipse Adoptium\jdk-17.0.5.8-hotspot\bin\nio.dll
Event: 0.172 Loaded shared library C:\Program Files\Eclipse Adoptium\jdk-17.0.5.8-hotspot\bin\zip.dll
Event: 0.581 Loaded shared library C:\Program Files\Eclipse Adoptium\jdk-17.0.5.8-hotspot\bin\verify.dll
Event: 0.593 Loaded shared library C:\Program Files\Eclipse Adoptium\jdk-17.0.5.8-hotspot\bin\jimage.dll
Event: 2.174 Loaded shared library C:\Program Files\Eclipse Adoptium\jdk-17.0.5.8-hotspot\bin\management.dll
Event: 2.180 Loaded shared library C:\Program Files\Eclipse Adoptium\jdk-17.0.5.8-hotspot\bin\management_ext.dll

Deoptimization events (12 events):
Event: 2.651 Thread 0x0000023335140330 DEOPT PACKING pc=0x000002333d172699 sp=0x000000459cefd080
Event: 2.651 Thread 0x0000023335140330 DEOPT UNPACKING pc=0x000002333cc666e3 sp=0x000000459cefc560 mode 3
Event: 4.877 Thread 0x0000023335140330 DEOPT PACKING pc=0x000002333d2dfb99 sp=0x000000459cefc460
Event: 4.877 Thread 0x0000023335140330 DEOPT UNPACKING pc=0x000002333cc666e3 sp=0x000000459cefb940 mode 3
Event: 5.598 Thread 0x0000023347255ae0 DEOPT PACKING pc=0x000002333d39eab5 sp=0x000000459effdde0
Event: 5.598 Thread 0x0000023347255ae0 DEOPT UNPACKING pc=0x000002333cc666e3 sp=0x000000459effd2f8 mode 3
Event: 5.753 Thread 0x0000023347256480 DEOPT PACKING pc=0x000002333d3b88fb sp=0x000000459f0fe930
Event: 5.753 Thread 0x0000023347256480 DEOPT UNPACKING pc=0x000002333cc666e3 sp=0x000000459f0fde78 mode 3
Event: 5.982 Thread 0x00000233492109c0 DEOPT PACKING pc=0x000002333d171201 sp=0x000000459fbfeff0
Event: 5.982 Thread 0x00000233492109c0 DEOPT UNPACKING pc=0x000002333cc666e3 sp=0x000000459fbfe480 mode 3
Event: 6.165 Thread 0x0000023349211830 DEOPT PACKING pc=0x000002333d16f417 sp=0x00000045a01fed80
Event: 6.165 Thread 0x0000023349211830 DEOPT UNPACKING pc=0x000002333cc666e3 sp=0x00000045a01fe1d8 mode 3

Classes unloaded (0 events):
No events

Classes redefined (0 events):
No events

Internal exceptions (20 events):
Event: 5.806 Thread 0x0000023349213eb0 Exception <a 'sun/nio/fs/WindowsException'{0x000000008988a980}> (0x000000008988a980) 
thrown [s\src\hotspot\share\prims\jni.cpp, line 516]
Event: 5.806 Thread 0x0000023349213eb0 Exception <a 'sun/nio/fs/WindowsException'{0x000000008988ad28}> (0x000000008988ad28) 
thrown [s\src\hotspot\share\prims\jni.cpp, line 516]
Event: 5.807 Thread 0x0000023349213eb0 Exception <a 'sun/nio/fs/WindowsException'{0x000000008988b728}> (0x000000008988b728) 
thrown [s\src\hotspot\share\prims\jni.cpp, line 516]
Event: 5.808 Thread 0x0000023349213eb0 Exception <a 'sun/nio/fs/WindowsException'{0x000000008988bae8}> (0x000000008988bae8) 
thrown [s\src\hotspot\share\prims\jni.cpp, line 516]
Event: 5.808 Thread 0x0000023349213eb0 Exception <a 'sun/nio/fs/WindowsException'{0x000000008988c4e8}> (0x000000008988c4e8) 
thrown [s\src\hotspot\share\prims\jni.cpp, line 516]
Event: 5.808 Thread 0x0000023349213eb0 Exception <a 'sun/nio/fs/WindowsException'{0x000000008988c898}> (0x000000008988c898) 
thrown [s\src\hotspot\share\prims\jni.cpp, line 516]
Event: 5.808 Thread 0x0000023349213eb0 Exception <a 'sun/nio/fs/WindowsException'{0x000000008988d298}> (0x000000008988d298) 
thrown [s\src\hotspot\share\prims\jni.cpp, line 516]
Event: 5.808 Thread 0x0000023349213eb0 Exception <a 'sun/nio/fs/WindowsException'{0x000000008988d658}> (0x000000008988d658) 
thrown [s\src\hotspot\share\prims\jni.cpp, line 516]
Event: 5.808 Thread 0x0000023349213eb0 Exception <a 'sun/nio/fs/WindowsException'{0x00000000897cda68}> (0x00000000897cda68) 
thrown [s\src\hotspot\share\prims\jni.cpp, line 516]
Event: 5.809 Thread 0x0000023349213eb0 Exception <a 'sun/nio/fs/WindowsException'{0x00000000897cde48}> (0x00000000897cde48) 
thrown [s\src\hotspot\share\prims\jni.cpp, line 516]
Event: 5.809 Thread 0x0000023349213eb0 Exception <a 'sun/nio/fs/WindowsException'{0x00000000897ce880}> (0x00000000897ce880) 
thrown [s\src\hotspot\share\prims\jni.cpp, line 516]
Event: 5.809 Thread 0x0000023349213eb0 Exception <a 'sun/nio/fs/WindowsException'{0x00000000897cec70}> (0x00000000897cec70) 
thrown [s\src\hotspot\share\prims\jni.cpp, line 516]
Event: 5.809 Thread 0x0000023349213eb0 Exception <a 'sun/nio/fs/WindowsException'{0x00000000897cf698}> (0x00000000897cf698) 
thrown [s\src\hotspot\share\prims\jni.cpp, line 516]
Event: 5.809 Thread 0x0000023349213eb0 Exception <a 'sun/nio/fs/WindowsException'{0x00000000897cfa88}> (0x00000000897cfa88) 
thrown [s\src\hotspot\share\prims\jni.cpp, line 516]
Event: 5.937 Thread 0x0000023347255ae0 Exception <a 'java/lang/NoSuchMethodError'{0x0000000085840d48}: 'int java.lang.invoke.DirectMethodHandle$Holder.invokeStatic(java.lang.Object)'> (0x0000000085840d48) 
thrown [s\src\hotspot\share\interpreter\linkResolver.cpp, line 759]
Event: 5.938 Thread 0x0000023347255ae0 Exception <a 'java/lang/NoSuchMethodError'{0x00000000858443f0}: 'int java.lang.invoke.DirectMethodHandle$Holder.invokeStaticInit(java.lang.Object)'> (0x00000000858443f0) 
thrown [s\src\hotspot\share\interpreter\linkResolver.cpp, line 759]
Event: 6.841 Thread 0x0000023347255ae0 Exception <a 'java/lang/NoSuchMethodError'{0x0000000089976270}: 'java.lang.Object java.lang.invoke.Invokers$Holder.invoke_MT(java.lang.Object, java.lang.Object, java.lang.Object)'> (0x0000000089976270) 
thrown [s\src\hotspot\share\interpreter\linkResolver.cpp, line 759]
Event: 6.991 Thread 0x0000023347255ae0 Exception <a 'java/lang/NoSuchMethodError'{0x000000008d2bc508}: 'java.lang.Object java.lang.invoke.DirectMethodHandle$Holder.newInvokeSpecial(java.lang.Object, java.lang.Object, int)'> (0x000000008d2bc508) 
thrown [s\src\hotspot\share\interpreter\linkResolver.cpp, line 759]
Event: 7.006 Thread 0x000002334920fb50 Exception <a 'java/lang/NoSuchMethodError'{0x000000008cf7b780}: 'java.lang.Object java.lang.invoke.Invokers$Holder.linkToTargetMethod(java.lang.Object, long, java.lang.Object)'> (0x000000008cf7b780) 
thrown [s\src\hotspot\share\interpreter\linkResolver.cpp, line 759]
Event: 7.020 Thread 0x000002334920fb50 Exception <a 'sun/nio/fs/WindowsException'{0x000000008cc0f328}> (0x000000008cc0f328) 
thrown [s\src\hotspot\share\prims\jni.cpp, line 516]

VM Operations (20 events):
Event: 6.826 Executing VM operation: HandshakeAllThreads done
Event: 6.828 Executing VM operation: HandshakeAllThreads
Event: 6.828 Executing VM operation: HandshakeAllThreads done
Event: 6.882 Executing VM operation: HandshakeAllThreads
Event: 6.882 Executing VM operation: HandshakeAllThreads done
Event: 6.948 Executing VM operation: G1CollectForAllocation
Event: 6.954 Executing VM operation: G1CollectForAllocation done
Event: 6.959 Executing VM operation: G1CollectForAllocation
Event: 6.964 Executing VM operation: G1CollectForAllocation done
Event: 7.210 Executing VM operation: HandshakeAllThreads
Event: 7.213 Executing VM operation: HandshakeAllThreads done
Event: 7.214 Executing VM operation: HandshakeAllThreads
Event: 7.215 Executing VM operation: HandshakeAllThreads done
Event: 7.220 Executing VM operation: G1CollectForAllocation
Event: 7.257 Executing VM operation: G1CollectForAllocation done
Event: 7.294 Executing VM operation: G1CollectForAllocation
Event: 7.303 Executing VM operation: G1CollectForAllocation done
Event: 7.336 Executing VM operation: G1CollectForAllocation
Event: 7.343 Executing VM operation: G1CollectForAllocation done
Event: 7.377 Executing VM operation: G1CollectForAllocation

Events (20 events):
Event: 6.884 loading class java/nio/file/Files$3 done
Event: 6.884 loading class java/nio/file/FileVisitResult
Event: 6.884 loading class java/nio/file/FileVisitResult done
Event: 6.927 loading class java/nio/channels/Channels$ReadableByteChannelImpl
Event: 6.928 loading class java/nio/channels/Channels$ReadableByteChannelImpl done
Event: 6.929 loading class java/nio/channels/NonWritableChannelException
Event: 6.929 loading class java/nio/channels/NonWritableChannelException done
Event: 6.983 loading class java/util/WeakHashMap$EntrySet
Event: 6.983 loading class java/util/WeakHashMap$EntrySet done
Event: 6.983 loading class java/util/WeakHashMap$EntryIterator
Event: 6.983 loading class java/util/WeakHashMap$HashIterator
Event: 6.983 loading class java/util/WeakHashMap$HashIterator done
Event: 6.983 loading class java/util/WeakHashMap$EntryIterator done
Event: 6.995 Thread 0x000002334920fb50 Thread added: 0x000002334920fb50
Event: 7.002 Thread 0x000002334920f680 Thread added: 0x000002334920f680
Event: 7.011 loading class sun/security/provider/MD5
Event: 7.012 loading class sun/security/provider/MD5 done
Event: 7.012 loading class sun/security/provider/ByteArrayAccess$LE
Event: 7.012 loading class sun/security/provider/ByteArrayAccess$LE done
Event: 7.105 Thread 0x0000023349214d20 Thread added: 0x0000023349214d20


Dynamic libraries:
0x00007ff64bb80000 - 0x00007ff64bb8e000 	C:\Program Files\Eclipse Adoptium\jdk-17.0.5.8-hotspot\bin\java.exe
0x00007ff9dd9d0000 - 0x00007ff9ddbea000 	C:\WINDOWS\SYSTEM32\ntdll.dll
0x00007ff9dd3f0000 - 0x00007ff9dd4b3000 	C:\WINDOWS\System32\KERNEL32.DLL
0x00007ff9dadb0000 - 0x00007ff9db14c000 	C:\WINDOWS\System32\KERNELBASE.dll
0x00007ff9d7d90000 - 0x00007ff9d7e26000 	C:\WINDOWS\SYSTEM32\apphelp.dll
0x00007ff9db270000 - 0x00007ff9db38b000 	C:\WINDOWS\System32\ucrtbase.dll
0x00007ff9d0f10000 - 0x00007ff9d0f29000 	C:\Program Files\Eclipse Adoptium\jdk-17.0.5.8-hotspot\bin\VCRUNTIME140.dll
0x00007ff9cf900000 - 0x00007ff9cf917000 	C:\Program Files\Eclipse Adoptium\jdk-17.0.5.8-hotspot\bin\jli.dll
0x00007ff9dd680000 - 0x00007ff9dd82a000 	C:\WINDOWS\System32\USER32.dll
0x00007ff9db520000 - 0x00007ff9db546000 	C:\WINDOWS\System32\win32u.dll
0x00007ff9bf7d0000 - 0x00007ff9bfa61000 	C:\WINDOWS\WinSxS\amd64_microsoft.windows.common-controls_6595b64144ccf1df_6.0.25236.1000_none_7a88bdfad9396379\COMCTL32.dll
0x00007ff9dd150000 - 0x00007ff9dd1f7000 	C:\WINDOWS\System32\msvcrt.dll
0x00007ff9dcfd0000 - 0x00007ff9dcff9000 	C:\WINDOWS\System32\GDI32.dll
0x00007ff9db150000 - 0x00007ff9db266000 	C:\WINDOWS\System32\gdi32full.dll
0x00007ff9db410000 - 0x00007ff9db4aa000 	C:\WINDOWS\System32\msvcp_win.dll
0x00007ff9dd950000 - 0x00007ff9dd980000 	C:\WINDOWS\System32\IMM32.DLL
0x00007ff9d7ec0000 - 0x00007ff9d7ecc000 	C:\Program Files\Eclipse Adoptium\jdk-17.0.5.8-hotspot\bin\vcruntime140_1.dll
0x00007ff9acb00000 - 0x00007ff9acb91000 	C:\Program Files\Eclipse Adoptium\jdk-17.0.5.8-hotspot\bin\msvcp140.dll
0x00007ff9983f0000 - 0x00007ff999034000 	C:\Program Files\Eclipse Adoptium\jdk-17.0.5.8-hotspot\bin\server\jvm.dll
0x00007ff9dd200000 - 0x00007ff9dd2ae000 	C:\WINDOWS\System32\ADVAPI32.dll
0x00007ff9dd2b0000 - 0x00007ff9dd356000 	C:\WINDOWS\System32\sechost.dll
0x00007ff9db790000 - 0x00007ff9db8b7000 	C:\WINDOWS\System32\RPCRT4.dll
0x00007ff9d5ac0000 - 0x00007ff9d5ac9000 	C:\WINDOWS\SYSTEM32\WSOCK32.dll
0x00007ff9cd1f0000 - 0x00007ff9cd225000 	C:\WINDOWS\SYSTEM32\WINMM.dll
0x00007ff9ce990000 - 0x00007ff9ce99a000 	C:\WINDOWS\SYSTEM32\VERSION.dll
0x00007ff9dd8d0000 - 0x00007ff9dd93f000 	C:\WINDOWS\System32\WS2_32.dll
0x00007ff9d9d30000 - 0x00007ff9d9d48000 	C:\WINDOWS\SYSTEM32\kernel.appcore.dll
0x00007ff9d5aa0000 - 0x00007ff9d5aaa000 	C:\Program Files\Eclipse Adoptium\jdk-17.0.5.8-hotspot\bin\jimage.dll
0x00007ff9d8640000 - 0x00007ff9d8873000 	C:\WINDOWS\SYSTEM32\DBGHELP.DLL
0x00007ff9dc540000 - 0x00007ff9dc8c2000 	C:\WINDOWS\System32\combase.dll
0x00007ff9dc8d0000 - 0x00007ff9dc9a8000 	C:\WINDOWS\System32\OLEAUT32.dll
0x00007ff9c9f80000 - 0x00007ff9c9fb2000 	C:\WINDOWS\SYSTEM32\dbgcore.DLL
0x00007ff9db390000 - 0x00007ff9db409000 	C:\WINDOWS\System32\bcryptPrimitives.dll
0x00007ff9c8270000 - 0x00007ff9c8295000 	C:\Program Files\Eclipse Adoptium\jdk-17.0.5.8-hotspot\bin\java.dll
0x00007ff99eaf0000 - 0x00007ff99ebc6000 	C:\Program Files\Eclipse Adoptium\jdk-17.0.5.8-hotspot\bin\jsvml.dll
0x00007ff9db9c0000 - 0x00007ff9dc1ac000 	C:\WINDOWS\System32\SHELL32.dll
0x00007ff9d8cc0000 - 0x00007ff9d9558000 	C:\WINDOWS\SYSTEM32\windows.storage.dll
0x00007ff9d8b30000 - 0x00007ff9d8cbd000 	C:\WINDOWS\SYSTEM32\wintypes.dll
0x00007ff9dc440000 - 0x00007ff9dc52b000 	C:\WINDOWS\System32\SHCORE.dll
0x00007ff9dc1b0000 - 0x00007ff9dc20e000 	C:\WINDOWS\System32\shlwapi.dll
0x00007ff9dacd0000 - 0x00007ff9dacf1000 	C:\WINDOWS\SYSTEM32\profapi.dll
0x00007ff9d1ce0000 - 0x00007ff9d1cf9000 	C:\Program Files\Eclipse Adoptium\jdk-17.0.5.8-hotspot\bin\net.dll
0x00007ff9ce740000 - 0x00007ff9ce86e000 	C:\WINDOWS\SYSTEM32\WINHTTP.dll
0x00007ff9da200000 - 0x00007ff9da269000 	C:\WINDOWS\system32\mswsock.dll
0x00007ff9cf140000 - 0x00007ff9cf155000 	C:\Program Files\Eclipse Adoptium\jdk-17.0.5.8-hotspot\bin\nio.dll
0x00007ff9d1fe0000 - 0x00007ff9d1ff8000 	C:\Program Files\Eclipse Adoptium\jdk-17.0.5.8-hotspot\bin\zip.dll
0x00007ff9cbf50000 - 0x00007ff9cbf60000 	C:\Program Files\Eclipse Adoptium\jdk-17.0.5.8-hotspot\bin\verify.dll
0x00007ff9d1fd0000 - 0x00007ff9d1fd9000 	C:\Program Files\Eclipse Adoptium\jdk-17.0.5.8-hotspot\bin\management.dll
0x00007ff9d1cd0000 - 0x00007ff9d1cdb000 	C:\Program Files\Eclipse Adoptium\jdk-17.0.5.8-hotspot\bin\management_ext.dll
0x00007ff9dd0d0000 - 0x00007ff9dd0d8000 	C:\WINDOWS\System32\PSAPI.DLL
0x00007ff9cef80000 - 0x00007ff9cef97000 	C:\WINDOWS\system32\napinsp.dll
0x00007ff9ccab0000 - 0x00007ff9ccaca000 	C:\WINDOWS\system32\pnrpnsp.dll
0x00007ff98c150000 - 0x00007ff98c171000 	C:\WINDOWS\system32\nlansp_c.dll
0x00007ff9d97e0000 - 0x00007ff9d98dd000 	C:\WINDOWS\SYSTEM32\DNSAPI.dll
0x00007ff9d97b0000 - 0x00007ff9d97de000 	C:\WINDOWS\SYSTEM32\IPHLPAPI.DLL
0x00007ff9dd000000 - 0x00007ff9dd009000 	C:\WINDOWS\System32\NSI.dll
0x00007ff9ba170000 - 0x00007ff9ba181000 	C:\WINDOWS\System32\winrnr.dll
0x00007ff9c0da0000 - 0x00007ff9c0db5000 	C:\WINDOWS\system32\wshbth.dll
0x00007ff9cc7b0000 - 0x00007ff9cc7ba000 	C:\Windows\System32\rasadhlp.dll
0x00007ff9ccb60000 - 0x00007ff9ccbe4000 	C:\WINDOWS\System32\fwpuclnt.dll
0x00007ff9da480000 - 0x00007ff9da49b000 	C:\WINDOWS\SYSTEM32\CRYPTSP.dll
0x00007ff9d9c90000 - 0x00007ff9d9cc4000 	C:\WINDOWS\system32\rsaenh.dll
0x00007ff9da300000 - 0x00007ff9da328000 	C:\WINDOWS\SYSTEM32\USERENV.dll
0x00007ff9da640000 - 0x00007ff9da668000 	C:\WINDOWS\SYSTEM32\bcrypt.dll
0x00007ff9da4a0000 - 0x00007ff9da4ac000 	C:\WINDOWS\SYSTEM32\CRYPTBASE.dll
0x00007ff9cd430000 - 0x00007ff9cd449000 	C:\WINDOWS\SYSTEM32\dhcpcsvc6.DLL
0x00007ff9cd1c0000 - 0x00007ff9cd1df000 	C:\WINDOWS\SYSTEM32\dhcpcsvc.DLL

dbghelp: loaded successfully - version: 4.0.5 - missing functions: none
symbol engine: initialized successfully - sym options: 0x614 - pdb path: .;C:\Program Files\Eclipse Adoptium\jdk-17.0.5.8-hotspot\bin;C:\WINDOWS\SYSTEM32;C:\WINDOWS\WinSxS\amd64_microsoft.windows.common-controls_6595b64144ccf1df_6.0.25236.1000_none_7a88bdfad9396379;C:\Program Files\Eclipse Adoptium\jdk-17.0.5.8-hotspot\bin\server

VM Arguments:
jvm_args: -Dsts.lsp.client=vscode -Dsts.log.file=/dev/null -XX:TieredStopAtLevel=1 -Xlog:jni+resolve=off -Dspring.config.location=file:c:\Users\datea\.vscode\extensions\pivotal.vscode-spring-boot-1.40.0\language-server\BOOT-INF\classes\application.properties 
java_command: org.springframework.ide.vscode.boot.app.BootLanguageServerBootApp
java_class_path (initial): c:\Users\datea\.vscode\extensions\pivotal.vscode-spring-boot-1.40.0\language-server\BOOT-INF\classes;c:\Users\datea\.vscode\extensions\pivotal.vscode-spring-boot-1.40.0\language-server\BOOT-INF\lib\annotations-23.0.0.jar;c:\Users\datea\.vscode\extensions\pivotal.vscode-spring-boot-1.40.0\language-server\BOOT-INF\lib\ant-1.10.12.jar;c:\Users\datea\.vscode\extensions\pivotal.vscode-spring-boot-1.40.0\language-server\BOOT-INF\lib\ant-launcher-1.10.12.jar;c:\Users\datea\.vscode\extensions\pivotal.vscode-spring-boot-1.40.0\language-server\BOOT-INF\lib\antlr-runtime-3.5.2.jar;c:\Users\datea\.vscode\extensions\pivotal.vscode-spring-boot-1.40.0\language-server\BOOT-INF\lib\antlr4-4.9.3.jar;c:\Users\datea\.vscode\extensions\pivotal.vscode-spring-boot-1.40.0\language-server\BOOT-INF\lib\antlr4-runtime-4.9.3.jar;c:\Users\datea\.vscode\extensions\pivotal.vscode-spring-boot-1.40.0\language-server\BOOT-INF\lib\asm-9.3.jar;c:\Users\datea\.vscode\extensions\pivotal.vscode-spring-boot-1.40.0\language-server\BOOT-INF\lib\asm-analysis-9.3.jar;c:\Users\datea\.vscode\extensions\pivotal.vscode-spring-boot-1.40.0\language-server\BOOT-INF\lib\asm-tree-9.3.jar;c:\Users\datea\.vscode\extensions\pivotal.vscode-spring-boot-1.40.0\language-server\BOOT-INF\lib\asm-util-9.3.jar;c:\Users\datea\.vscode\extensions\pivotal.vscode-spring-boot-1.40.0\language-server\BOOT-INF\lib\byte-buddy-1.12.13.jar;c:\Users\datea\.vscode\extensions\pivotal.vscode-spring-boot-1.40.0\language-server\BOOT-INF\lib\caffeine-2.9.3.jar;c:\Users\datea\.vscode\extensions\pivotal.vscode-spring-boot-1.40.0\language-server\BOOT-INF\lib\checker-qual-3.12.0.jar;c:\Users\datea\.vscode\extensions\pivotal.vscode-spring-boot-1.40.0\language-server\BOOT-INF\lib\classgraph-4.8.149.jar;c:\Users\datea\.vscode\extensions\pivotal.vscode-spring-boot-1.40.0\language-server\BOOT-INF\lib\commons-codec-1.15.jar;c:\Users\datea\.vscode\extensions\pivotal.vscode-spring-boot-1.40.0\language-server\BOOT-INF\lib\commons-c
Launcher Type: SUN_STANDARD

[Global flags]
     intx CICompilerCount                          = 4                                         {product} {ergonomic}
     uint ConcGCThreads                            = 2                                         {product} {ergonomic}
     uint G1ConcRefinementThreads                  = 8                                         {product} {ergonomic}
   size_t G1HeapRegionSize                         = 1048576                                   {product} {ergonomic}
    uintx GCDrainStackTargetSize                   = 64                                        {product} {ergonomic}
   size_t InitialHeapSize                          = 132120576                                 {product} {ergonomic}
   size_t MarkStackSize                            = 4194304                                   {product} {ergonomic}
   size_t MaxHeapSize                              = 2095054848                                {product} {ergonomic}
   size_t MaxNewSize                               = 1256194048                                {product} {ergonomic}
   size_t MinHeapDeltaBytes                        = 1048576                                   {product} {ergonomic}
   size_t MinHeapSize                              = 8388608                                   {product} {ergonomic}
    uintx NonProfiledCodeHeapSize                  = 0                                      {pd product} {ergonomic}
     bool ProfileInterpreter                       = false                                  {pd product} {command line}
    uintx ProfiledCodeHeapSize                     = 0                                      {pd product} {ergonomic}
   size_t SoftMaxHeapSize                          = 2095054848                             {manageable} {ergonomic}
     intx TieredStopAtLevel                        = 1                                         {product} {command line}
     bool UseCompressedClassPointers               = true                           {product lp64_product} {ergonomic}
     bool UseCompressedOops                        = true                           {product lp64_product} {ergonomic}
     bool UseG1GC                                  = true                                      {product} {ergonomic}
     bool UseLargePagesIndividualAllocation        = false                                  {pd product} {ergonomic}

Logging:
Log output configuration:
 #0: stdout all=warning,jni+resolve=off uptime,level,tags
 #1: stderr all=off uptime,level,tags

Environment Variables:
PATH=C:\Program Files\Eclipse Adoptium\jdk-17.0.5.8-hotspot\bin;C:\Program Files\Java\jdk-15.0.2\bin;C:\Program Files\Common Files\Oracle\Java\javapath;C:\WINDOWS\system32;C:\WINDOWS;C:\WINDOWS\System32\Wbem;C:\WINDOWS\System32\WindowsPowerShell\v1.0\;C:\WINDOWS\System32\OpenSSH\;C:\Program Files\Azure Data Studio\bin;C:\Program Files\Microsoft SQL Server\Client SDK\ODBC\170\Tools\Binn\;C:\Program Files (x86)\Microsoft SQL Server\150\Tools\Binn\;C:\Program Files\Microsoft SQL Server\150\Tools\Binn\;C:\Program Files\Microsoft SQL Server\150\DTS\Binn\;C:\Program Files (x86)\Microsoft SQL Server\150\DTS\Binn\;C:\Program Files (x86)\GitExtensions\;F:\xampp\php;C:\ProgramData\ComposerSetup\bin;C:\xampp\php;C:\Program Files\Git\cmd;C:\Program Files\nodejs\;C:\Users\datea\AppData\Local\Microsoft\WindowsApps;C:\Users\datea\AppData\Local\Programs\Microsoft VS Code\bin;;C:\Program Files\Azure Data Studio\bin;C:\Users\datea\AppData\Roaming\Composer\vendor\bin;C:\Users\datea\AppData\Roaming\npm
USERNAME=datea
OS=Windows_NT
PROCESSOR_IDENTIFIER=Intel64 Family 6 Model 126 Stepping 5, GenuineIntel
TMP=C:\Users\datea\AppData\Local\Temp
TEMP=C:\Users\datea\AppData\Local\Temp



---------------  S Y S T E M  ---------------

OS:
 Windows 11 , 64 bit Build 25236 (10.0.25236.1000)
OS uptime: 1 days 0:15 hours
Hyper-V role detected

CPU: total 8 (initial active 8) (4 cores per cpu, 2 threads per core) family 6 model 126 stepping 5 microcode 0xa6, cx8, cmov, fxsr, ht, mmx, 3dnowpref, sse, sse2, sse3, ssse3, sse4.1, sse4.2, popcnt, lzcnt, tsc, tscinvbit, avx, avx2, aes, erms, clmul, bmi1, bmi2, adx, avx512f, avx512dq, avx512cd, avx512bw, avx512vl, sha, fma, vzeroupper, avx512_vpopcntdq, avx512_vpclmulqdq, avx512_vaes, avx512_vnni, clflush, clflushopt, avx512_vbmi2, avx512_vbmi, hv

Memory: 4k page, system-wide physical 7987M (620M free)
TotalPageFile size 12083M (AvailPageFile size 5M)
current process WorkingSet (physical memory assigned to process): 270M, peak: 270M
current process commit charge ("private bytes"): 310M, peak: 566M

vm_info: OpenJDK 64-Bit Server VM (17.0.5+8) for windows-amd64 JRE (17.0.5+8), built on Oct 19 2022 04:48:13 by "temurin" with MS VC++ 16.7 (VS2019)

END.
