#
# There is insufficient memory for the Java Runtime Environment to continue.
# Native memory allocation (mmap) failed to map 18874368 bytes for G1 virtual space
# Possible reasons:
#   The system is out of physical RAM or swap space
#   The process is running with CompressedOops enabled, and the Java Heap may be blocking the growth of the native heap
# Possible solutions:
#   Reduce memory load on the system
#   Increase physical memory or swap space
#   Check if swap backing store is full
#   Decrease Java heap size (-Xmx/-Xms)
#   Decrease number of Java threads
#   Decrease Java thread stack sizes (-Xss)
#   Set larger code cache with -XX:ReservedCodeCacheSize=
#   JVM is running with Unscaled Compressed Oops mode in which the Java heap is
#     placed in the first 4GB address space. The Java Heap base address is the
#     maximum limit for the native heap growth. Please use -XX:HeapBaseMinAddress
#     to set the Java Heap base and to place the Java Heap above 4GB virtual address.
# This output file may be truncated or incomplete.
#
#  Out of Memory Error (os_windows.cpp:3548), pid=50844, tid=66168
#
# JRE version: OpenJDK Runtime Environment Temurin-17.0.5+8 (17.0.5+8) (build 17.0.5+8)
# Java VM: OpenJDK 64-Bit Server VM Temurin-17.0.5+8 (17.0.5+8, mixed mode, emulated-client, sharing, tiered, compressed oops, compressed class ptrs, g1 gc, windows-amd64)
# No core dump will be written. Minidumps are not enabled by default on client versions of Windows
#

---------------  S U M M A R Y ------------

Command Line: -Dsts.lsp.client=vscode -Dsts.log.file=/dev/null -XX:TieredStopAtLevel=1 -Xlog:jni+resolve=off -Dspring.config.location=file:c:\Users\datea\.vscode\extensions\pivotal.vscode-spring-boot-1.40.0\language-server\BOOT-INF\classes\application.properties org.springframework.ide.vscode.boot.app.BootLanguageServerBootApp

Host: Intel(R) Core(TM) i5-1035G1 CPU @ 1.00GHz, 8 cores, 7G,  Windows 11 , 64 bit Build 25231 (10.0.25231.1000)
Time: Thu Nov  3 16:00:12 2022 SE Asia Standard Time elapsed time: 14.373575 seconds (0d 0h 0m 14s)

---------------  T H R E A D  ---------------

Current thread (0x0000019fa0ae55e0):  VMThread "VM Thread" [stack: 0x00000095d8200000,0x00000095d8300000] [id=66168]

Stack: [0x00000095d8200000,0x00000095d8300000]
Native frames: (J=compiled Java code, j=interpreted, Vv=VM code, C=native code)
V  [jvm.dll+0x676b3a]
V  [jvm.dll+0x831444]
V  [jvm.dll+0x832bee]
V  [jvm.dll+0x833253]
V  [jvm.dll+0x244ce5]
V  [jvm.dll+0x673a49]
V  [jvm.dll+0x66811a]
V  [jvm.dll+0x303ceb]
V  [jvm.dll+0x30b1e6]
V  [jvm.dll+0x35adbe]
V  [jvm.dll+0x35afef]
V  [jvm.dll+0x2dab88]
V  [jvm.dll+0x2d8e3c]
V  [jvm.dll+0x2d840c]
V  [jvm.dll+0x31c31b]
V  [jvm.dll+0x8376fb]
V  [jvm.dll+0x838434]
V  [jvm.dll+0x83894c]
V  [jvm.dll+0x838d24]
V  [jvm.dll+0x838df0]
V  [jvm.dll+0x7e17ea]
V  [jvm.dll+0x6759e5]
C  [ucrtbase.dll+0x4b7eb]
C  [KERNEL32.DLL+0x1335d]
C  [ntdll.dll+0x67558]

VM_Operation (0x00000095da0fe8f0): G1CollectForAllocation, mode: safepoint, requested by thread 0x0000019fa32e29e0


---------------  P R O C E S S  ---------------

Threads class SMR info:
_java_thread_list=0x0000019fa3608c30, length=37, elements={
0x0000019fa0ae8f90, 0x0000019fa0ae9660, 0x0000019fa0b04d80, 0x0000019fa0b05250,
0x0000019fa0b05b30, 0x0000019fa0b06000, 0x0000019fa0b0a4e0, 0x0000019fa0b0ae00,
0x0000019fa166abe0, 0x0000019fa16c8490, 0x0000019fa16cb740, 0x0000019fa307be10,
0x0000019fa30e8430, 0x0000019fa2e8ee00, 0x0000019fa1d0cda0, 0x0000019f8eaa02e0,
0x0000019fa3232030, 0x0000019fa3286b70, 0x0000019fa32893a0, 0x0000019fa32b6d50,
0x0000019fa32b61d0, 0x0000019fa32e29e0, 0x0000019fa32e4b90, 0x0000019fa32e5530,
0x0000019fa32e5a00, 0x0000019fa32e2040, 0x0000019fa32e2510, 0x0000019fa32e5060,
0x0000019fa32e2eb0, 0x0000019fa32e3380, 0x0000019fa32e46c0, 0x0000019fa32e41f0,
0x0000019fa32e3850, 0x0000019fa32e3d20, 0x0000019fa351adc0, 0x0000019fa3519f50,
0x0000019fa351d910
}

Java Threads: ( => current thread )
  0x0000019fa0ae8f90 JavaThread "Reference Handler" daemon [_thread_blocked, id=66600, stack(0x00000095d8300000,0x00000095d8400000)]
  0x0000019fa0ae9660 JavaThread "Finalizer" daemon [_thread_blocked, id=24192, stack(0x00000095d8400000,0x00000095d8500000)]
  0x0000019fa0b04d80 JavaThread "Signal Dispatcher" daemon [_thread_blocked, id=50588, stack(0x00000095d8500000,0x00000095d8600000)]
  0x0000019fa0b05250 JavaThread "Attach Listener" daemon [_thread_blocked, id=61424, stack(0x00000095d8600000,0x00000095d8700000)]
  0x0000019fa0b05b30 JavaThread "Service Thread" daemon [_thread_blocked, id=64216, stack(0x00000095d8700000,0x00000095d8800000)]
  0x0000019fa0b06000 JavaThread "Monitor Deflation Thread" daemon [_thread_blocked, id=62884, stack(0x00000095d8800000,0x00000095d8900000)]
  0x0000019fa0b0a4e0 JavaThread "C1 CompilerThread0" daemon [_thread_blocked, id=43108, stack(0x00000095d8900000,0x00000095d8a00000)]
  0x0000019fa0b0ae00 JavaThread "Sweeper thread" daemon [_thread_blocked, id=41636, stack(0x00000095d8a00000,0x00000095d8b00000)]
  0x0000019fa166abe0 JavaThread "C1 CompilerThread1" daemon [_thread_blocked, id=36772, stack(0x00000095d8b00000,0x00000095d8c00000)]
  0x0000019fa16c8490 JavaThread "Notification Thread" daemon [_thread_blocked, id=62232, stack(0x00000095d8e00000,0x00000095d8f00000)]
  0x0000019fa16cb740 JavaThread "Common-Cleaner" daemon [_thread_blocked, id=67500, stack(0x00000095d9000000,0x00000095d9100000)]
  0x0000019fa307be10 JavaThread "C1 CompilerThread2" daemon [_thread_blocked, id=60792, stack(0x00000095d8c00000,0x00000095d8d00000)]
  0x0000019fa30e8430 JavaThread "boundedElastic-evictor-1" daemon [_thread_blocked, id=49904, stack(0x00000095d9600000,0x00000095d9700000)]
  0x0000019fa2e8ee00 JavaThread "pool-9-thread-1" [_thread_blocked, id=2368, stack(0x00000095d9900000,0x00000095d9a00000)]
  0x0000019fa1d0cda0 JavaThread "LanguageServerApp-lifecycle" [_thread_blocked, id=57452, stack(0x00000095d9a00000,0x00000095d9b00000)]
  0x0000019f8eaa02e0 JavaThread "DestroyJavaVM" [_thread_blocked, id=1436, stack(0x00000095d7c00000,0x00000095d7d00000)]
  0x0000019fa3232030 JavaThread "pool-10-thread-1" [_thread_in_native, id=63060, stack(0x00000095d9b00000,0x00000095d9c00000)]
  0x0000019fa3286b70 JavaThread "Simple-Language-Server main thread" daemon [_thread_blocked, id=62952, stack(0x00000095d9c00000,0x00000095d9d00000)]
  0x0000019fa32893a0 JavaThread "ForkJoinPool.commonPool-worker-1" daemon [_thread_blocked, id=65544, stack(0x00000095d9d00000,0x00000095d9e00000)]
  0x0000019fa32b6d50 JavaThread "pool-7-thread-1" [_thread_blocked, id=62336, stack(0x00000095d9e00000,0x00000095d9f00000)]
  0x0000019fa32b61d0 JavaThread "parallel-1" daemon [_thread_blocked, id=28336, stack(0x00000095d9f00000,0x00000095da000000)]
  0x0000019fa32e29e0 JavaThread "ClassGraph-worker-0" daemon [_thread_blocked, id=2304, stack(0x00000095da000000,0x00000095da100000)]
  0x0000019fa32e4b90 JavaThread "ClassGraph-worker-1" daemon [_thread_blocked, id=57984, stack(0x00000095da100000,0x00000095da200000)]
  0x0000019fa32e5530 JavaThread "ClassGraph-worker-2" daemon [_thread_blocked, id=61736, stack(0x00000095da200000,0x00000095da300000)]
  0x0000019fa32e5a00 JavaThread "ClassGraph-worker-3" daemon [_thread_blocked, id=65000, stack(0x00000095da300000,0x00000095da400000)]
  0x0000019fa32e2040 JavaThread "ClassGraph-worker-4" daemon [_thread_blocked, id=62808, stack(0x00000095da400000,0x00000095da500000)]
  0x0000019fa32e2510 JavaThread "ClassGraph-worker-5" daemon [_thread_blocked, id=60632, stack(0x00000095da500000,0x00000095da600000)]
  0x0000019fa32e5060 JavaThread "ClassGraph-worker-6" daemon [_thread_blocked, id=65452, stack(0x00000095da600000,0x00000095da700000)]
  0x0000019fa32e2eb0 JavaThread "ClassGraph-worker-7" daemon [_thread_blocked, id=66116, stack(0x00000095da700000,0x00000095da800000)]
  0x0000019fa32e3380 JavaThread "ClassGraph-worker-8" daemon [_thread_blocked, id=45616, stack(0x00000095da800000,0x00000095da900000)]
  0x0000019fa32e46c0 JavaThread "ClassGraph-worker-9" daemon [_thread_blocked, id=65888, stack(0x00000095da900000,0x00000095daa00000)]
  0x0000019fa32e41f0 JavaThread "ClassGraph-worker-10" daemon [_thread_blocked, id=61820, stack(0x00000095daa00000,0x00000095dab00000)]
  0x0000019fa32e3850 JavaThread "ClassGraph-worker-11" daemon [_thread_blocked, id=68076, stack(0x00000095dab00000,0x00000095dac00000)]
  0x0000019fa32e3d20 JavaThread "ClassGraph-worker-12" daemon [_thread_blocked, id=47268, stack(0x00000095dac00000,0x00000095dad00000)]
  0x0000019fa351adc0 JavaThread "ClassGraph-worker-13" daemon [_thread_blocked, id=60304, stack(0x00000095dad00000,0x00000095dae00000)]
  0x0000019fa3519f50 JavaThread "Reconciler-1" daemon [_thread_blocked, id=62332, stack(0x00000095dae00000,0x00000095daf00000)]
  0x0000019fa351d910 JavaThread "parallel-2" daemon [_thread_blocked, id=43316, stack(0x00000095daf00000,0x00000095db000000)]

Other Threads:
=>0x0000019fa0ae55e0 VMThread "VM Thread" [stack: 0x00000095d8200000,0x00000095d8300000] [id=66168]
  0x0000019f8eb2f100 WatcherThread [stack: 0x00000095d8f00000,0x00000095d9000000] [id=65072]
  0x0000019f8eafe320 GCTaskThread "GC Thread#0" [stack: 0x00000095d7d00000,0x00000095d7e00000] [id=41092]
  0x0000019fa1f548f0 GCTaskThread "GC Thread#1" [stack: 0x00000095d9100000,0x00000095d9200000] [id=7300]
  0x0000019fa1f93b00 GCTaskThread "GC Thread#2" [stack: 0x00000095d9200000,0x00000095d9300000] [id=57000]
  0x0000019fa1fd0720 GCTaskThread "GC Thread#3" [stack: 0x00000095d9300000,0x00000095d9400000] [id=61692]
  0x0000019fa1fd09d0 GCTaskThread "GC Thread#4" [stack: 0x00000095d9400000,0x00000095d9500000] [id=55596]
  0x0000019fa1fd50a0 GCTaskThread "GC Thread#5" [stack: 0x00000095d9500000,0x00000095d9600000] [id=68212]
  0x0000019fa2ccc450 GCTaskThread "GC Thread#6" [stack: 0x00000095d9700000,0x00000095d9800000] [id=47400]
  0x0000019fa2ccc700 GCTaskThread "GC Thread#7" [stack: 0x00000095d9800000,0x00000095d9900000] [id=14656]
  0x0000019f8eb0ec20 ConcurrentGCThread "G1 Main Marker" [stack: 0x00000095d7e00000,0x00000095d7f00000] [id=58556]
  0x0000019f8eb0f630 ConcurrentGCThread "G1 Conc#0" [stack: 0x00000095d7f00000,0x00000095d8000000] [id=66384]
  0x0000019fa30d4fc0 ConcurrentGCThread "G1 Conc#1" [stack: 0x00000095d8d00000,0x00000095d8e00000] [id=22576]
  0x0000019f8eb4e7c0 ConcurrentGCThread "G1 Refine#0" [stack: 0x00000095d8000000,0x00000095d8100000] [id=67056]
  0x0000019fa301bc20 ConcurrentGCThread "G1 Refine#1" [stack: 0x00000095db000000,0x00000095db100000] [id=52784]
  0x0000019fa301b380 ConcurrentGCThread "G1 Refine#2" [stack: 0x00000095db100000,0x00000095db200000] [id=41376]
  0x0000019f8eb4eba0 ConcurrentGCThread "G1 Service" [stack: 0x00000095d8100000,0x00000095d8200000] [id=61092]

Threads with active compile tasks:

VM state: at safepoint (normal execution)

VM Mutex/Monitor currently owned by a thread:  ([mutex/lock_event])
[0x0000019f8c9032e0] Threads_lock - owner thread: 0x0000019fa0ae55e0
[0x0000019f8ea9d380] Heap_lock - owner thread: 0x0000019fa32e29e0

Heap address: 0x0000000083200000, size: 1998 MB, Compressed Oops mode: 32-bit

CDS archive(s) mapped at: [0x0000000800000000-0x0000000800bc0000-0x0000000800bc0000), size 12320768, SharedBaseAddress: 0x0000000800000000, ArchiveRelocationMode: 0.
Compressed class space mapped at: 0x0000000800c00000-0x0000000840c00000, reserved size: 1073741824
Narrow klass base: 0x0000000800000000, Narrow klass shift: 0, Narrow klass range: 0x100000000

GC Precious Log:
 CPUs: 8 total, 8 available
 Memory: 7987M
 Large Page Support: Disabled
 NUMA Support: Disabled
 Compressed Oops: Enabled (32-bit)
 Heap Region Size: 1M
 Heap Min Capacity: 8M
 Heap Initial Capacity: 126M
 Heap Max Capacity: 1998M
 Pre-touch: Disabled
 Parallel Workers: 8
 Concurrent Workers: 2
 Concurrent Refinement Workers: 8
 Periodic GC: Disabled

Heap:
 garbage-first heap   total 110592K, used 61164K [0x0000000083200000, 0x0000000100000000)
  region size 1024K, 1 young (1024K), 1 survivors (1024K)
 Metaspace       used 28014K, committed 28352K, reserved 1081344K
  class space    used 3787K, committed 3968K, reserved 1048576K

Heap Regions: E=young(eden), S=young(survivor), O=old, HS=humongous(starts), HC=humongous(continues), CS=collection set, F=free, OA=open archive, CA=closed archive, TAMS=top-at-mark-start (previous, next)
|   0|0x0000000083200000, 0x0000000083300000, 0x0000000083300000|100%| O|  |TAMS 0x0000000083300000, 0x0000000083200000| Untracked 
|   1|0x0000000083300000, 0x0000000083400000, 0x0000000083400000|100%| O|  |TAMS 0x0000000083400000, 0x0000000083300000| Untracked 
|   2|0x0000000083400000, 0x0000000083500000, 0x0000000083500000|100%| O|  |TAMS 0x0000000083500000, 0x0000000083400000| Untracked 
|   3|0x0000000083500000, 0x0000000083600000, 0x0000000083600000|100%| O|  |TAMS 0x0000000083600000, 0x0000000083500000| Untracked 
|   4|0x0000000083600000, 0x0000000083700000, 0x0000000083700000|100%| O|  |TAMS 0x0000000083700000, 0x0000000083600000| Untracked 
|   5|0x0000000083700000, 0x0000000083800000, 0x0000000083800000|100%| O|  |TAMS 0x0000000083800000, 0x0000000083700000| Untracked 
|   6|0x0000000083800000, 0x0000000083900000, 0x0000000083900000|100%| O|  |TAMS 0x0000000083900000, 0x0000000083800000| Untracked 
|   7|0x0000000083900000, 0x0000000083a00000, 0x0000000083a00000|100%| O|  |TAMS 0x0000000083a00000, 0x0000000083900000| Untracked 
|   8|0x0000000083a00000, 0x0000000083a00000, 0x0000000083b00000|  0%| F|  |TAMS 0x0000000083a00000, 0x0000000083a00000| Untracked 
|   9|0x0000000083b00000, 0x0000000083c00000, 0x0000000083c00000|100%| O|  |TAMS 0x0000000083c00000, 0x0000000083b00000| Untracked 
|  10|0x0000000083c00000, 0x0000000083d00000, 0x0000000083d00000|100%| O|  |TAMS 0x0000000083d00000, 0x0000000083c00000| Untracked 
|  11|0x0000000083d00000, 0x0000000083e00000, 0x0000000083e00000|100%| O|  |TAMS 0x0000000083e00000, 0x0000000083d00000| Untracked 
|  12|0x0000000083e00000, 0x0000000083f00000, 0x0000000083f00000|100%| O|  |TAMS 0x0000000083f00000, 0x0000000083e00000| Untracked 
|  13|0x0000000083f00000, 0x0000000084000000, 0x0000000084000000|100%| O|  |TAMS 0x0000000084000000, 0x0000000083f00000| Untracked 
|  14|0x0000000084000000, 0x0000000084100000, 0x0000000084100000|100%| O|  |TAMS 0x0000000084100000, 0x0000000084000000| Untracked 
|  15|0x0000000084100000, 0x0000000084200000, 0x0000000084200000|100%| O|  |TAMS 0x0000000084200000, 0x0000000084100000| Untracked 
|  16|0x0000000084200000, 0x0000000084300000, 0x0000000084300000|100%| O|  |TAMS 0x0000000084300000, 0x0000000084200000| Untracked 
|  17|0x0000000084300000, 0x0000000084400000, 0x0000000084400000|100%| O|  |TAMS 0x0000000084400000, 0x0000000084300000| Untracked 
|  18|0x0000000084400000, 0x0000000084500000, 0x0000000084500000|100%| O|  |TAMS 0x0000000084500000, 0x0000000084400000| Untracked 
|  19|0x0000000084500000, 0x0000000084600000, 0x0000000084600000|100%| O|  |TAMS 0x0000000084600000, 0x0000000084500000| Untracked 
|  20|0x0000000084600000, 0x0000000084700000, 0x0000000084700000|100%| O|  |TAMS 0x0000000084700000, 0x0000000084600000| Untracked 
|  21|0x0000000084700000, 0x0000000084800000, 0x0000000084800000|100%| O|  |TAMS 0x0000000084800000, 0x0000000084700000| Untracked 
|  22|0x0000000084800000, 0x0000000084900000, 0x0000000084900000|100%| O|  |TAMS 0x0000000084900000, 0x0000000084800000| Untracked 
|  23|0x0000000084900000, 0x0000000084a00000, 0x0000000084a00000|100%| O|  |TAMS 0x0000000084a00000, 0x0000000084900000| Untracked 
|  24|0x0000000084a00000, 0x0000000084b00000, 0x0000000084b00000|100%| O|  |TAMS 0x0000000084b00000, 0x0000000084a00000| Untracked 
|  25|0x0000000084b00000, 0x0000000084c00000, 0x0000000084c00000|100%| O|  |TAMS 0x0000000084c00000, 0x0000000084b00000| Untracked 
|  26|0x0000000084c00000, 0x0000000084d00000, 0x0000000084d00000|100%| O|  |TAMS 0x0000000084d00000, 0x0000000084c00000| Untracked 
|  27|0x0000000084d00000, 0x0000000084e00000, 0x0000000084e00000|100%| O|  |TAMS 0x0000000084e00000, 0x0000000084d00000| Untracked 
|  28|0x0000000084e00000, 0x0000000084f00000, 0x0000000084f00000|100%| O|  |TAMS 0x0000000084f00000, 0x0000000084e00000| Untracked 
|  29|0x0000000084f00000, 0x0000000085000000, 0x0000000085000000|100%| O|  |TAMS 0x0000000085000000, 0x0000000084f00000| Untracked 
|  30|0x0000000085000000, 0x0000000085100000, 0x0000000085100000|100%| O|  |TAMS 0x0000000085100000, 0x0000000085000000| Untracked 
|  31|0x0000000085100000, 0x0000000085200000, 0x0000000085200000|100%| O|  |TAMS 0x0000000085200000, 0x0000000085100000| Untracked 
|  32|0x0000000085200000, 0x0000000085300000, 0x0000000085300000|100%| O|  |TAMS 0x0000000085300000, 0x0000000085200000| Untracked 
|  33|0x0000000085300000, 0x0000000085400000, 0x0000000085400000|100%| O|  |TAMS 0x0000000085400000, 0x0000000085300000| Untracked 
|  34|0x0000000085400000, 0x0000000085500000, 0x0000000085500000|100%| O|  |TAMS 0x0000000085500000, 0x0000000085400000| Untracked 
|  35|0x0000000085500000, 0x0000000085600000, 0x0000000085600000|100%| O|  |TAMS 0x0000000085600000, 0x0000000085500000| Untracked 
|  36|0x0000000085600000, 0x0000000085700000, 0x0000000085700000|100%| O|  |TAMS 0x0000000085700000, 0x0000000085600000| Untracked 
|  37|0x0000000085700000, 0x0000000085800000, 0x0000000085800000|100%| O|  |TAMS 0x0000000085800000, 0x0000000085700000| Untracked 
|  38|0x0000000085800000, 0x0000000085900000, 0x0000000085900000|100%| O|  |TAMS 0x0000000085900000, 0x0000000085800000| Untracked 
|  39|0x0000000085900000, 0x0000000085a00000, 0x0000000085a00000|100%| O|  |TAMS 0x0000000085a00000, 0x0000000085900000| Untracked 
|  40|0x0000000085a00000, 0x0000000085b00000, 0x0000000085b00000|100%| O|  |TAMS 0x0000000085b00000, 0x0000000085a00000| Untracked 
|  41|0x0000000085b00000, 0x0000000085c00000, 0x0000000085c00000|100%| O|  |TAMS 0x0000000085c00000, 0x0000000085b00000| Untracked 
|  42|0x0000000085c00000, 0x0000000085d00000, 0x0000000085d00000|100%| O|  |TAMS 0x0000000085c49e00, 0x0000000085c00000| Untracked 
|  43|0x0000000085d00000, 0x0000000085e00000, 0x0000000085e00000|100%| O|  |TAMS 0x0000000085d00000, 0x0000000085d00000| Untracked 
|  44|0x0000000085e00000, 0x0000000085f00000, 0x0000000085f00000|100%| O|  |TAMS 0x0000000085e00000, 0x0000000085e00000| Untracked 
|  45|0x0000000085f00000, 0x0000000086000000, 0x0000000086000000|100%| O|  |TAMS 0x0000000085f00000, 0x0000000085f00000| Untracked 
|  46|0x0000000086000000, 0x0000000086100000, 0x0000000086100000|100%| O|  |TAMS 0x0000000086000000, 0x0000000086000000| Untracked 
|  47|0x0000000086100000, 0x0000000086200000, 0x0000000086200000|100%|HS|  |TAMS 0x0000000086100000, 0x0000000086100000| Complete 
|  48|0x0000000086200000, 0x0000000086300000, 0x0000000086300000|100%|HS|  |TAMS 0x0000000086200000, 0x0000000086200000| Complete 
|  49|0x0000000086300000, 0x0000000086400000, 0x0000000086400000|100%| O|  |TAMS 0x0000000086300000, 0x0000000086300000| Untracked 
|  50|0x0000000086400000, 0x0000000086500000, 0x0000000086500000|100%| O|  |TAMS 0x0000000086400000, 0x0000000086400000| Untracked 
|  51|0x0000000086500000, 0x0000000086600000, 0x0000000086600000|100%| O|  |TAMS 0x0000000086500000, 0x0000000086500000| Untracked 
|  52|0x0000000086600000, 0x0000000086700000, 0x0000000086700000|100%| O|  |TAMS 0x0000000086600000, 0x0000000086600000| Untracked 
|  53|0x0000000086700000, 0x0000000086800000, 0x0000000086800000|100%| O|  |TAMS 0x0000000086700000, 0x0000000086700000| Untracked 
|  54|0x0000000086800000, 0x0000000086900000, 0x0000000086900000|100%| O|  |TAMS 0x0000000086800000, 0x0000000086800000| Untracked 
|  55|0x0000000086900000, 0x0000000086a00000, 0x0000000086a00000|100%| O|  |TAMS 0x0000000086900000, 0x0000000086900000| Untracked 
|  56|0x0000000086a00000, 0x0000000086b00000, 0x0000000086b00000|100%| O|  |TAMS 0x0000000086a00000, 0x0000000086a00000| Untracked 
|  57|0x0000000086b00000, 0x0000000086c00000, 0x0000000086c00000|100%| O|  |TAMS 0x0000000086b00000, 0x0000000086b00000| Untracked 
|  58|0x0000000086c00000, 0x0000000086d00000, 0x0000000086d00000|100%| O|  |TAMS 0x0000000086c00000, 0x0000000086c00000| Untracked 
|  59|0x0000000086d00000, 0x0000000086dbb000, 0x0000000086e00000| 73%| O|  |TAMS 0x0000000086d00000, 0x0000000086d00000| Untracked 
|  60|0x0000000086e00000, 0x0000000086e00000, 0x0000000086f00000|  0%| F|  |TAMS 0x0000000086e00000, 0x0000000086e00000| Untracked 
|  61|0x0000000086f00000, 0x0000000086f00000, 0x0000000087000000|  0%| F|  |TAMS 0x0000000086f00000, 0x0000000086f00000| Untracked 
|  62|0x0000000087000000, 0x0000000087000000, 0x0000000087100000|  0%| F|  |TAMS 0x0000000087000000, 0x0000000087000000| Untracked 
|  63|0x0000000087100000, 0x0000000087100000, 0x0000000087200000|  0%| F|  |TAMS 0x0000000087100000, 0x0000000087100000| Untracked 
|  64|0x0000000087200000, 0x0000000087200000, 0x0000000087300000|  0%| F|  |TAMS 0x0000000087200000, 0x0000000087200000| Untracked 
|  65|0x0000000087300000, 0x0000000087300000, 0x0000000087400000|  0%| F|  |TAMS 0x0000000087300000, 0x0000000087300000| Untracked 
|  66|0x0000000087400000, 0x0000000087400000, 0x0000000087500000|  0%| F|  |TAMS 0x0000000087400000, 0x0000000087400000| Untracked 
|  67|0x0000000087500000, 0x0000000087500000, 0x0000000087600000|  0%| F|  |TAMS 0x0000000087500000, 0x0000000087500000| Untracked 
|  68|0x0000000087600000, 0x0000000087600000, 0x0000000087700000|  0%| F|  |TAMS 0x0000000087600000, 0x0000000087600000| Untracked 
|  69|0x0000000087700000, 0x0000000087700000, 0x0000000087800000|  0%| F|  |TAMS 0x0000000087700000, 0x0000000087700000| Untracked 
|  70|0x0000000087800000, 0x0000000087800000, 0x0000000087900000|  0%| F|  |TAMS 0x0000000087800000, 0x0000000087800000| Untracked 
|  71|0x0000000087900000, 0x0000000087900000, 0x0000000087a00000|  0%| F|  |TAMS 0x0000000087900000, 0x0000000087900000| Untracked 
|  72|0x0000000087a00000, 0x0000000087a00000, 0x0000000087b00000|  0%| F|  |TAMS 0x0000000087a00000, 0x0000000087a00000| Untracked 
|  73|0x0000000087b00000, 0x0000000087b00000, 0x0000000087c00000|  0%| F|  |TAMS 0x0000000087b00000, 0x0000000087b00000| Untracked 
|  74|0x0000000087c00000, 0x0000000087c00000, 0x0000000087d00000|  0%| F|  |TAMS 0x0000000087c00000, 0x0000000087c00000| Untracked 
|  75|0x0000000087d00000, 0x0000000087d00000, 0x0000000087e00000|  0%| F|  |TAMS 0x0000000087d00000, 0x0000000087d00000| Untracked 
|  76|0x0000000087e00000, 0x0000000087e00000, 0x0000000087f00000|  0%| F|  |TAMS 0x0000000087e00000, 0x0000000087e00000| Untracked 
|  77|0x0000000087f00000, 0x0000000087f00000, 0x0000000088000000|  0%| F|  |TAMS 0x0000000087f00000, 0x0000000087f00000| Untracked 
|  78|0x0000000088000000, 0x0000000088000000, 0x0000000088100000|  0%| F|  |TAMS 0x0000000088000000, 0x0000000088000000| Untracked 
|  79|0x0000000088100000, 0x0000000088100000, 0x0000000088200000|  0%| F|  |TAMS 0x0000000088100000, 0x0000000088100000| Untracked 
|  80|0x0000000088200000, 0x0000000088200000, 0x0000000088300000|  0%| F|  |TAMS 0x0000000088200000, 0x0000000088200000| Untracked 
|  81|0x0000000088300000, 0x0000000088300000, 0x0000000088400000|  0%| F|  |TAMS 0x0000000088300000, 0x0000000088300000| Untracked 
|  82|0x0000000088400000, 0x0000000088400000, 0x0000000088500000|  0%| F|  |TAMS 0x0000000088400000, 0x0000000088400000| Untracked 
|  83|0x0000000088500000, 0x0000000088500000, 0x0000000088600000|  0%| F|  |TAMS 0x0000000088500000, 0x0000000088500000| Untracked 
|  84|0x0000000088600000, 0x0000000088600000, 0x0000000088700000|  0%| F|  |TAMS 0x0000000088600000, 0x0000000088600000| Untracked 
|  85|0x0000000088700000, 0x0000000088700000, 0x0000000088800000|  0%| F|  |TAMS 0x0000000088700000, 0x0000000088700000| Untracked 
|  86|0x0000000088800000, 0x0000000088800000, 0x0000000088900000|  0%| F|  |TAMS 0x0000000088800000, 0x0000000088800000| Untracked 
|  87|0x0000000088900000, 0x0000000088900000, 0x0000000088a00000|  0%| F|  |TAMS 0x0000000088900000, 0x0000000088900000| Untracked 
|  88|0x0000000088a00000, 0x0000000088a00000, 0x0000000088b00000|  0%| F|  |TAMS 0x0000000088a00000, 0x0000000088a00000| Untracked 
|  89|0x0000000088b00000, 0x0000000088b00000, 0x0000000088c00000|  0%| F|  |TAMS 0x0000000088b00000, 0x0000000088b00000| Untracked 
|  90|0x0000000088c00000, 0x0000000088c00000, 0x0000000088d00000|  0%| F|  |TAMS 0x0000000088c00000, 0x0000000088c00000| Untracked 
|  91|0x0000000088d00000, 0x0000000088d00000, 0x0000000088e00000|  0%| F|  |TAMS 0x0000000088d00000, 0x0000000088d00000| Untracked 
|  92|0x0000000088e00000, 0x0000000088e00000, 0x0000000088f00000|  0%| F|  |TAMS 0x0000000088e00000, 0x0000000088e00000| Untracked 
|  93|0x0000000088f00000, 0x0000000088f00000, 0x0000000089000000|  0%| F|  |TAMS 0x0000000088f00000, 0x0000000088f00000| Untracked 
|  94|0x0000000089000000, 0x0000000089000000, 0x0000000089100000|  0%| F|  |TAMS 0x0000000089000000, 0x0000000089000000| Untracked 
|  95|0x0000000089100000, 0x0000000089100000, 0x0000000089200000|  0%| F|  |TAMS 0x0000000089100000, 0x0000000089100000| Untracked 
|  96|0x0000000089200000, 0x0000000089200000, 0x0000000089300000|  0%| F|  |TAMS 0x0000000089200000, 0x0000000089200000| Untracked 
|  97|0x0000000089300000, 0x0000000089300000, 0x0000000089400000|  0%| F|  |TAMS 0x0000000089300000, 0x0000000089300000| Untracked 
|  98|0x0000000089400000, 0x0000000089400000, 0x0000000089500000|  0%| F|  |TAMS 0x0000000089400000, 0x0000000089400000| Untracked 
|  99|0x0000000089500000, 0x0000000089500000, 0x0000000089600000|  0%| F|  |TAMS 0x0000000089500000, 0x0000000089500000| Untracked 
| 100|0x0000000089600000, 0x0000000089600000, 0x0000000089700000|  0%| F|  |TAMS 0x0000000089600000, 0x0000000089600000| Untracked 
| 101|0x0000000089700000, 0x0000000089700000, 0x0000000089800000|  0%| F|  |TAMS 0x0000000089700000, 0x0000000089700000| Untracked 
| 102|0x0000000089800000, 0x0000000089800000, 0x0000000089900000|  0%| F|  |TAMS 0x0000000089800000, 0x0000000089800000| Untracked 
| 103|0x0000000089900000, 0x0000000089900000, 0x0000000089a00000|  0%| F|  |TAMS 0x0000000089900000, 0x0000000089900000| Untracked 
| 104|0x0000000089a00000, 0x0000000089a00000, 0x0000000089b00000|  0%| F|  |TAMS 0x0000000089a00000, 0x0000000089a00000| Untracked 
| 105|0x0000000089b00000, 0x0000000089c00000, 0x0000000089c00000|100%| S|CS|TAMS 0x0000000089b00000, 0x0000000089b00000| Complete 
| 106|0x0000000089c00000, 0x0000000089c00000, 0x0000000089d00000|  0%| F|  |TAMS 0x0000000089c00000, 0x0000000089c00000| Untracked 
| 125|0x000000008af00000, 0x000000008af00000, 0x000000008b000000|  0%| F|  |TAMS 0x000000008af00000, 0x000000008af00000| Untracked 

Card table byte_map: [0x0000019f99a70000,0x0000019f99e60000] _byte_map_base: 0x0000019f99657000

Marking Bits (Prev, Next): (CMBitMap*) 0x0000019f8eafe930, (CMBitMap*) 0x0000019f8eafe970
 Prev Bits: [0x0000019f9a250000, 0x0000019f9c188000)
 Next Bits: [0x0000019f9c190000, 0x0000019f9e0c8000)

Polling page: 0x0000019f8ca00000

Metaspace:

Usage:
  Non-class:     23.66 MB used.
      Class:      3.70 MB used.
       Both:     27.36 MB used.

Virtual space:
  Non-class space:       32.00 MB reserved,      23.81 MB ( 74%) committed,  4 nodes.
      Class space:        1.00 GB reserved,       3.88 MB ( <1%) committed,  1 nodes.
             Both:        1.03 GB reserved,      27.69 MB (  3%) committed. 

Chunk freelists:
   Non-Class:  3.82 MB
       Class:  109.00 KB
        Both:  3.93 MB

MaxMetaspaceSize: unlimited
CompressedClassSpaceSize: 1.00 GB
Initial GC threshold: 21.00 MB
Current GC threshold: 46.19 MB
CDS: on
MetaspaceReclaimPolicy: balanced
 - commit_granule_bytes: 65536.
 - commit_granule_words: 8192.
 - virtual_space_node_default_size: 1048576.
 - enlarge_chunks_in_place: 1.
 - new_chunks_are_fully_committed: 0.
 - uncommit_free_chunks: 1.
 - use_allocation_guard: 0.
 - handle_deallocations: 1.


Internal statistics:

num_allocs_failed_limit: 3.
num_arena_births: 340.
num_arena_deaths: 0.
num_vsnodes_births: 5.
num_vsnodes_deaths: 0.
num_space_committed: 443.
num_space_uncommitted: 0.
num_chunks_returned_to_freelist: 3.
num_chunks_taken_from_freelist: 1348.
num_chunk_merges: 0.
num_chunk_splits: 919.
num_chunks_enlarged: 708.
num_purges: 0.
num_inconsistent_stats: 0.

CodeCache: size=49152Kb used=8239Kb max_used=8239Kb free=40912Kb
 bounds [0x0000019f96570000, 0x0000019f96d80000, 0x0000019f99570000]
 total_blobs=4094 nmethods=3576 adapters=443
 compilation: enabled
              stopped_count=0, restarted_count=0
 full_count=0

Compilation events (20 events):
Event: 11.079 Thread 0x0000019fa307be10 nmethod 3567 0x0000019f96d76690 code [0x0000019f96d76860, 0x0000019f96d76a58]
Event: 11.079 Thread 0x0000019fa307be10 3568   !   1       java.nio.file.Files::isDirectory (43 bytes)
Event: 11.079 Thread 0x0000019fa0b0a4e0 nmethod 3564 0x0000019f96d76c90 code [0x0000019f96d76e60, 0x0000019f96d77398]
Event: 11.079 Thread 0x0000019fa0b0a4e0 3569   !   1       sun.nio.fs.AbstractFileSystemProvider::isDirectory (20 bytes)
Event: 11.079 Thread 0x0000019fa307be10 nmethod 3568 0x0000019f96d77690 code [0x0000019f96d77880, 0x0000019f96d77cd8]
Event: 11.079 Thread 0x0000019fa0b0a4e0 nmethod 3569 0x0000019f96d78090 code [0x0000019f96d78240, 0x0000019f96d784a8]
Event: 11.255 Thread 0x0000019fa0b0a4e0 3570       1       io.github.classgraph.ClasspathElement::maskClassfiles (191 bytes)
Event: 11.257 Thread 0x0000019fa0b0a4e0 nmethod 3570 0x0000019f96d78690 code [0x0000019f96d789e0, 0x0000019f96d79888]
Event: 11.271 Thread 0x0000019fa166abe0 3571       1       java.util.HashMap::putAll (7 bytes)
Event: 11.271 Thread 0x0000019fa166abe0 nmethod 3571 0x0000019f96d7a190 code [0x0000019f96d7a320, 0x0000019f96d7a408]
Event: 11.272 Thread 0x0000019fa307be10 3572       1       java.util.concurrent.ConcurrentHashMap::entrySet (25 bytes)
Event: 11.272 Thread 0x0000019fa0b0a4e0 3573       1       java.util.concurrent.ConcurrentHashMap$EntrySetView::iterator (34 bytes)
Event: 11.272 Thread 0x0000019fa166abe0 3574       1       java.util.concurrent.ConcurrentHashMap$EntryIterator::<init> (12 bytes)
Event: 11.273 Thread 0x0000019fa166abe0 nmethod 3574 0x0000019f96d7a490 code [0x0000019f96d7a640, 0x0000019f96d7a798]
Event: 11.273 Thread 0x0000019fa0b0a4e0 nmethod 3573 0x0000019f96d7a890 code [0x0000019f96d7aa40, 0x0000019f96d7ac58]
Event: 11.273 Thread 0x0000019fa307be10 nmethod 3572 0x0000019f96d7ad90 code [0x0000019f96d7af20, 0x0000019f96d7b138]
Event: 11.274 Thread 0x0000019fa166abe0 3575       1       nonapi.io.github.classgraph.utils.JarUtils::classfilePathToClassName (56 bytes)
Event: 11.274 Thread 0x0000019fa307be10 3576       1       io.github.classgraph.Scanner$ClassfileScanWorkUnit::<init> (20 bytes)
Event: 11.274 Thread 0x0000019fa307be10 nmethod 3576 0x0000019f96d7b210 code [0x0000019f96d7b3a0, 0x0000019f96d7b518]
Event: 11.274 Thread 0x0000019fa166abe0 nmethod 3575 0x0000019f96d7b590 code [0x0000019f96d7b7a0, 0x0000019f96d7bc08]

GC Heap History (20 events):
Event: 8.411 GC heap after
{Heap after GC invocations=4 (full 0):
 garbage-first heap   total 129024K, used 16066K [0x0000000083200000, 0x0000000100000000)
  region size 1024K, 8 young (8192K), 8 survivors (8192K)
 Metaspace       used 21235K, committed 21504K, reserved 1073152K
  class space    used 2791K, committed 2944K, reserved 1048576K
}
Event: 10.553 GC heap before
{Heap before GC invocations=5 (full 0):
 garbage-first heap   total 61440K, used 44738K [0x0000000083200000, 0x0000000100000000)
  region size 1024K, 36 young (36864K), 8 survivors (8192K)
 Metaspace       used 26740K, committed 27136K, reserved 1073152K
  class space    used 3576K, committed 3776K, reserved 1048576K
}
Event: 10.558 GC heap after
{Heap after GC invocations=6 (full 0):
 garbage-first heap   total 61440K, used 17919K [0x0000000083200000, 0x0000000100000000)
  region size 1024K, 5 young (5120K), 5 survivors (5120K)
 Metaspace       used 26740K, committed 27136K, reserved 1073152K
  class space    used 3576K, committed 3776K, reserved 1048576K
}
Event: 10.711 GC heap before
{Heap before GC invocations=6 (full 0):
 garbage-first heap   total 61440K, used 41471K [0x0000000083200000, 0x0000000100000000)
  region size 1024K, 28 young (28672K), 5 survivors (5120K)
 Metaspace       used 27882K, committed 28224K, reserved 1081344K
  class space    used 3767K, committed 3904K, reserved 1048576K
}
Event: 10.716 GC heap after
{Heap after GC invocations=7 (full 0):
 garbage-first heap   total 61440K, used 21578K [0x0000000083200000, 0x0000000100000000)
  region size 1024K, 4 young (4096K), 4 survivors (4096K)
 Metaspace       used 27882K, committed 28224K, reserved 1081344K
  class space    used 3767K, committed 3904K, reserved 1048576K
}
Event: 10.806 GC heap before
{Heap before GC invocations=7 (full 0):
 garbage-first heap   total 61440K, used 42058K [0x0000000083200000, 0x0000000100000000)
  region size 1024K, 25 young (25600K), 4 survivors (4096K)
 Metaspace       used 27897K, committed 28288K, reserved 1081344K
  class space    used 3772K, committed 3968K, reserved 1048576K
}
Event: 10.809 GC heap after
{Heap after GC invocations=8 (full 0):
 garbage-first heap   total 61440K, used 26147K [0x0000000083200000, 0x0000000100000000)
  region size 1024K, 4 young (4096K), 4 survivors (4096K)
 Metaspace       used 27897K, committed 28288K, reserved 1081344K
  class space    used 3772K, committed 3968K, reserved 1048576K
}
Event: 10.877 GC heap before
{Heap before GC invocations=8 (full 0):
 garbage-first heap   total 61440K, used 43555K [0x0000000083200000, 0x0000000100000000)
  region size 1024K, 21 young (21504K), 4 survivors (4096K)
 Metaspace       used 28008K, committed 28352K, reserved 1081344K
  class space    used 3786K, committed 3968K, reserved 1048576K
}
Event: 10.881 GC heap after
{Heap after GC invocations=9 (full 0):
 garbage-first heap   total 61440K, used 29435K [0x0000000083200000, 0x0000000100000000)
  region size 1024K, 3 young (3072K), 3 survivors (3072K)
 Metaspace       used 28008K, committed 28352K, reserved 1081344K
  class space    used 3786K, committed 3968K, reserved 1048576K
}
Event: 10.912 GC heap before
{Heap before GC invocations=9 (full 0):
 garbage-first heap   total 61440K, used 44795K [0x0000000083200000, 0x0000000100000000)
  region size 1024K, 18 young (18432K), 3 survivors (3072K)
 Metaspace       used 28008K, committed 28352K, reserved 1081344K
  class space    used 3786K, committed 3968K, reserved 1048576K
}
Event: 10.916 GC heap after
{Heap after GC invocations=10 (full 0):
 garbage-first heap   total 87040K, used 32572K [0x0000000083200000, 0x0000000100000000)
  region size 1024K, 3 young (3072K), 3 survivors (3072K)
 Metaspace       used 28008K, committed 28352K, reserved 1081344K
  class space    used 3786K, committed 3968K, reserved 1048576K
}
Event: 10.972 GC heap before
{Heap before GC invocations=10 (full 0):
 garbage-first heap   total 87040K, used 61244K [0x0000000083200000, 0x0000000100000000)
  region size 1024K, 32 young (32768K), 3 survivors (3072K)
 Metaspace       used 28012K, committed 28352K, reserved 1081344K
  class space    used 3786K, committed 3968K, reserved 1048576K
}
Event: 10.978 GC heap after
{Heap after GC invocations=11 (full 0):
 garbage-first heap   total 87040K, used 40925K [0x0000000083200000, 0x0000000100000000)
  region size 1024K, 4 young (4096K), 4 survivors (4096K)
 Metaspace       used 28012K, committed 28352K, reserved 1081344K
  class space    used 3786K, committed 3968K, reserved 1048576K
}
Event: 11.033 GC heap before
{Heap before GC invocations=11 (full 0):
 garbage-first heap   total 87040K, used 61405K [0x0000000083200000, 0x0000000100000000)
  region size 1024K, 25 young (25600K), 4 survivors (4096K)
 Metaspace       used 28012K, committed 28352K, reserved 1081344K
  class space    used 3786K, committed 3968K, reserved 1048576K
}
Event: 11.037 GC heap after
{Heap after GC invocations=12 (full 0):
 garbage-first heap   total 87040K, used 46521K [0x0000000083200000, 0x0000000100000000)
  region size 1024K, 4 young (4096K), 4 survivors (4096K)
 Metaspace       used 28012K, committed 28352K, reserved 1081344K
  class space    used 3786K, committed 3968K, reserved 1048576K
}
Event: 11.259 GC heap before
{Heap before GC invocations=12 (full 0):
 garbage-first heap   total 87040K, used 55737K [0x0000000083200000, 0x0000000100000000)
  region size 1024K, 15 young (15360K), 4 survivors (4096K)
 Metaspace       used 28012K, committed 28352K, reserved 1081344K
  class space    used 3786K, committed 3968K, reserved 1048576K
}
Event: 11.263 GC heap after
{Heap after GC invocations=13 (full 0):
 garbage-first heap   total 87040K, used 49573K [0x0000000083200000, 0x0000000100000000)
  region size 1024K, 3 young (3072K), 3 survivors (3072K)
 Metaspace       used 28012K, committed 28352K, reserved 1081344K
  class space    used 3786K, committed 3968K, reserved 1048576K
}
Event: 11.329 GC heap before
{Heap before GC invocations=14 (full 0):
 garbage-first heap   total 104448K, used 68005K [0x0000000083200000, 0x0000000100000000)
  region size 1024K, 19 young (19456K), 3 survivors (3072K)
 Metaspace       used 28014K, committed 28352K, reserved 1081344K
  class space    used 3787K, committed 3968K, reserved 1048576K
}
Event: 11.336 GC heap after
{Heap after GC invocations=15 (full 0):
 garbage-first heap   total 104448K, used 59473K [0x0000000083200000, 0x0000000100000000)
  region size 1024K, 3 young (3072K), 3 survivors (3072K)
 Metaspace       used 28014K, committed 28352K, reserved 1081344K
  class space    used 3787K, committed 3968K, reserved 1048576K
}
Event: 11.344 GC heap before
{Heap before GC invocations=15 (full 0):
 garbage-first heap   total 104448K, used 61521K [0x0000000083200000, 0x0000000100000000)
  region size 1024K, 5 young (5120K), 3 survivors (3072K)
 Metaspace       used 28014K, committed 28352K, reserved 1081344K
  class space    used 3787K, committed 3968K, reserved 1048576K
}

Dll operation events (9 events):
Event: 0.012 Loaded shared library C:\Program Files\Eclipse Adoptium\jdk-17.0.5.8-hotspot\bin\java.dll
Event: 0.024 Loaded shared library C:\Program Files\Eclipse Adoptium\jdk-17.0.5.8-hotspot\bin\jsvml.dll
Event: 0.162 Loaded shared library C:\Program Files\Eclipse Adoptium\jdk-17.0.5.8-hotspot\bin\net.dll
Event: 0.165 Loaded shared library C:\Program Files\Eclipse Adoptium\jdk-17.0.5.8-hotspot\bin\nio.dll
Event: 0.173 Loaded shared library C:\Program Files\Eclipse Adoptium\jdk-17.0.5.8-hotspot\bin\zip.dll
Event: 0.433 Loaded shared library C:\Program Files\Eclipse Adoptium\jdk-17.0.5.8-hotspot\bin\verify.dll
Event: 0.445 Loaded shared library C:\Program Files\Eclipse Adoptium\jdk-17.0.5.8-hotspot\bin\jimage.dll
Event: 2.448 Loaded shared library C:\Program Files\Eclipse Adoptium\jdk-17.0.5.8-hotspot\bin\management.dll
Event: 2.450 Loaded shared library C:\Program Files\Eclipse Adoptium\jdk-17.0.5.8-hotspot\bin\management_ext.dll

Deoptimization events (12 events):
Event: 3.735 Thread 0x0000019f8eaa02e0 DEOPT PACKING pc=0x0000019f96809d19 sp=0x00000095d7cfd320
Event: 3.735 Thread 0x0000019f8eaa02e0 DEOPT UNPACKING pc=0x0000019f965c66e3 sp=0x00000095d7cfc800 mode 3
Event: 9.903 Thread 0x0000019f8eaa02e0 DEOPT PACKING pc=0x0000019f96b88119 sp=0x00000095d7cfc700
Event: 9.903 Thread 0x0000019f8eaa02e0 DEOPT UNPACKING pc=0x0000019f965c66e3 sp=0x00000095d7cfbbe0 mode 3
Event: 10.508 Thread 0x0000019fa3286b70 DEOPT PACKING pc=0x0000019f96c716b5 sp=0x00000095d9cfd5d0
Event: 10.508 Thread 0x0000019fa3286b70 DEOPT UNPACKING pc=0x0000019f965c66e3 sp=0x00000095d9cfcaf8 mode 3
Event: 10.610 Thread 0x0000019fa32893a0 DEOPT PACKING pc=0x0000019f96c8de7b sp=0x00000095d9dfe7b0
Event: 10.610 Thread 0x0000019fa32893a0 DEOPT UNPACKING pc=0x0000019f965c66e3 sp=0x00000095d9dfdcf8 mode 3
Event: 10.812 Thread 0x0000019fa32e46c0 DEOPT PACKING pc=0x0000019f9680b801 sp=0x00000095da9fea80
Event: 10.812 Thread 0x0000019fa32e46c0 DEOPT UNPACKING pc=0x0000019f965c66e3 sp=0x00000095da9fdf10 mode 3
Event: 11.236 Thread 0x0000019fa32e3d20 DEOPT PACKING pc=0x0000019f9680d697 sp=0x00000095dacfef60
Event: 11.236 Thread 0x0000019fa32e3d20 DEOPT UNPACKING pc=0x0000019f965c66e3 sp=0x00000095dacfe3b8 mode 3

Classes unloaded (0 events):
No events

Classes redefined (0 events):
No events

Internal exceptions (20 events):
Event: 10.647 Thread 0x0000019fa32e4b90 Exception <a 'sun/nio/fs/WindowsException'{0x000000008985dc80}> (0x000000008985dc80) 
thrown [s\src\hotspot\share\prims\jni.cpp, line 516]
Event: 10.647 Thread 0x0000019fa32e4b90 Exception <a 'sun/nio/fs/WindowsException'{0x000000008985e090}> (0x000000008985e090) 
thrown [s\src\hotspot\share\prims\jni.cpp, line 516]
Event: 10.647 Thread 0x0000019fa32e4b90 Exception <a 'sun/nio/fs/WindowsException'{0x000000008985eab8}> (0x000000008985eab8) 
thrown [s\src\hotspot\share\prims\jni.cpp, line 516]
Event: 10.647 Thread 0x0000019fa32e4b90 Exception <a 'sun/nio/fs/WindowsException'{0x000000008985ee98}> (0x000000008985ee98) 
thrown [s\src\hotspot\share\prims\jni.cpp, line 516]
Event: 10.647 Thread 0x0000019fa32e4b90 Exception <a 'sun/nio/fs/WindowsException'{0x000000008985f888}> (0x000000008985f888) 
thrown [s\src\hotspot\share\prims\jni.cpp, line 516]
Event: 10.647 Thread 0x0000019fa32e4b90 Exception <a 'sun/nio/fs/WindowsException'{0x000000008985fc30}> (0x000000008985fc30) 
thrown [s\src\hotspot\share\prims\jni.cpp, line 516]
Event: 10.648 Thread 0x0000019fa32e4b90 Exception <a 'sun/nio/fs/WindowsException'{0x0000000089860630}> (0x0000000089860630) 
thrown [s\src\hotspot\share\prims\jni.cpp, line 516]
Event: 10.648 Thread 0x0000019fa32e4b90 Exception <a 'sun/nio/fs/WindowsException'{0x00000000898609f0}> (0x00000000898609f0) 
thrown [s\src\hotspot\share\prims\jni.cpp, line 516]
Event: 10.648 Thread 0x0000019fa32e4b90 Exception <a 'sun/nio/fs/WindowsException'{0x00000000898613f0}> (0x00000000898613f0) 
thrown [s\src\hotspot\share\prims\jni.cpp, line 516]
Event: 10.648 Thread 0x0000019fa32e4b90 Exception <a 'sun/nio/fs/WindowsException'{0x00000000898617a0}> (0x00000000898617a0) 
thrown [s\src\hotspot\share\prims\jni.cpp, line 516]
Event: 10.649 Thread 0x0000019fa32e4b90 Exception <a 'sun/nio/fs/WindowsException'{0x00000000898621a0}> (0x00000000898621a0) 
thrown [s\src\hotspot\share\prims\jni.cpp, line 516]
Event: 10.649 Thread 0x0000019fa32e4b90 Exception <a 'sun/nio/fs/WindowsException'{0x0000000089862560}> (0x0000000089862560) 
thrown [s\src\hotspot\share\prims\jni.cpp, line 516]
Event: 10.649 Thread 0x0000019fa32e4b90 Exception <a 'sun/nio/fs/WindowsException'{0x0000000089862f88}> (0x0000000089862f88) 
thrown [s\src\hotspot\share\prims\jni.cpp, line 516]
Event: 10.649 Thread 0x0000019fa32e4b90 Exception <a 'sun/nio/fs/WindowsException'{0x0000000089863368}> (0x0000000089863368) 
thrown [s\src\hotspot\share\prims\jni.cpp, line 516]
Event: 10.649 Thread 0x0000019fa32e4b90 Exception <a 'sun/nio/fs/WindowsException'{0x0000000089778b30}> (0x0000000089778b30) 
thrown [s\src\hotspot\share\prims\jni.cpp, line 516]
Event: 10.649 Thread 0x0000019fa32e4b90 Exception <a 'sun/nio/fs/WindowsException'{0x0000000089778f20}> (0x0000000089778f20) 
thrown [s\src\hotspot\share\prims\jni.cpp, line 516]
Event: 10.649 Thread 0x0000019fa32e4b90 Exception <a 'sun/nio/fs/WindowsException'{0x0000000089779948}> (0x0000000089779948) 
thrown [s\src\hotspot\share\prims\jni.cpp, line 516]
Event: 10.649 Thread 0x0000019fa32e4b90 Exception <a 'sun/nio/fs/WindowsException'{0x0000000089779d38}> (0x0000000089779d38) 
thrown [s\src\hotspot\share\prims\jni.cpp, line 516]
Event: 10.690 Thread 0x0000019fa3286b70 Exception <a 'java/lang/NoSuchMethodError'{0x0000000085d12160}: 'int java.lang.invoke.DirectMethodHandle$Holder.invokeStatic(java.lang.Object)'> (0x0000000085d12160) 
thrown [s\src\hotspot\share\interpreter\linkResolver.cpp, line 759]
Event: 10.690 Thread 0x0000019fa3286b70 Exception <a 'java/lang/NoSuchMethodError'{0x0000000085d15808}: 'int java.lang.invoke.DirectMethodHandle$Holder.invokeStaticInit(java.lang.Object)'> (0x0000000085d15808) 
thrown [s\src\hotspot\share\interpreter\linkResolver.cpp, line 759]

VM Operations (20 events):
Event: 10.820 Executing VM operation: HandshakeAllThreads done
Event: 10.877 Executing VM operation: G1CollectForAllocation
Event: 10.881 Executing VM operation: G1CollectForAllocation done
Event: 10.912 Executing VM operation: G1CollectForAllocation
Event: 10.916 Executing VM operation: G1CollectForAllocation done
Event: 10.950 Executing VM operation: HandshakeAllThreads
Event: 10.950 Executing VM operation: HandshakeAllThreads done
Event: 10.972 Executing VM operation: G1CollectForAllocation
Event: 10.978 Executing VM operation: G1CollectForAllocation done
Event: 11.033 Executing VM operation: G1CollectForAllocation
Event: 11.037 Executing VM operation: G1CollectForAllocation done
Event: 11.258 Executing VM operation: G1TryInitiateConcMark
Event: 11.263 Executing VM operation: G1TryInitiateConcMark done
Event: 11.301 Executing VM operation: G1Concurrent
Event: 11.306 Executing VM operation: G1Concurrent done
Event: 11.321 Executing VM operation: G1Concurrent
Event: 11.321 Executing VM operation: G1Concurrent done
Event: 11.329 Executing VM operation: G1CollectForAllocation
Event: 11.336 Executing VM operation: G1CollectForAllocation done
Event: 11.344 Executing VM operation: G1CollectForAllocation

Events (20 events):
Event: 10.818 loading class jdk/internal/jimage/ImageReader$Directory
Event: 10.818 loading class jdk/internal/jimage/ImageReader$Node
Event: 10.819 loading class jdk/internal/jimage/ImageReader$Node done
Event: 10.819 loading class jdk/internal/jimage/ImageReader$Directory done
Event: 10.819 loading class jdk/internal/jimage/ImageReader$SharedImageReader$LocationVisitor
Event: 10.819 loading class jdk/internal/jimage/ImageReader$SharedImageReader$LocationVisitor done
Event: 10.819 loading class jdk/internal/jimage/ImageBufferCache
Event: 10.819 loading class jdk/internal/jimage/ImageBufferCache done
Event: 10.819 loading class jdk/internal/jimage/ImageBufferCache$1
Event: 10.819 loading class jdk/internal/jimage/ImageBufferCache$1 done
Event: 10.819 loading class jdk/internal/jimage/ImageBufferCache$2
Event: 10.819 loading class jdk/internal/jimage/ImageBufferCache$2 done
Event: 10.819 loading class java/nio/ByteBufferAsIntBufferL
Event: 10.819 loading class java/nio/ByteBufferAsIntBufferL done
Event: 10.820 loading class jdk/internal/jimage/ImageReader$Resource
Event: 10.820 loading class jdk/internal/jimage/ImageReader$Resource done
Event: 10.820 loading class java/util/stream/LongStream
Event: 10.821 loading class java/util/stream/LongStream done
Event: 10.821 loading class java/util/stream/DoubleStream
Event: 10.821 loading class java/util/stream/DoubleStream done


Dynamic libraries:
0x00007ff606460000 - 0x00007ff60646e000 	C:\Program Files\Eclipse Adoptium\jdk-17.0.5.8-hotspot\bin\java.exe
0x00007ffe0f930000 - 0x00007ffe0fb4a000 	C:\WINDOWS\SYSTEM32\ntdll.dll
0x00007ffe0e600000 - 0x00007ffe0e6c3000 	C:\WINDOWS\System32\KERNEL32.DLL
0x00007ffe0cde0000 - 0x00007ffe0d17c000 	C:\WINDOWS\System32\KERNELBASE.dll
0x00007ffe09bb0000 - 0x00007ffe09c46000 	C:\WINDOWS\SYSTEM32\apphelp.dll
0x00007ffe0d2b0000 - 0x00007ffe0d3cb000 	C:\WINDOWS\System32\ucrtbase.dll
0x00007ffe081a0000 - 0x00007ffe081b9000 	C:\Program Files\Eclipse Adoptium\jdk-17.0.5.8-hotspot\bin\VCRUNTIME140.dll
0x00007ffe08760000 - 0x00007ffe08777000 	C:\Program Files\Eclipse Adoptium\jdk-17.0.5.8-hotspot\bin\jli.dll
0x00007ffe0df60000 - 0x00007ffe0e10a000 	C:\WINDOWS\System32\USER32.dll
0x00007ffdec840000 - 0x00007ffdecad1000 	C:\WINDOWS\WinSxS\amd64_microsoft.windows.common-controls_6595b64144ccf1df_6.0.25231.1000_none_77db62f15ba2356c\COMCTL32.dll
0x00007ffe0cdb0000 - 0x00007ffe0cdd6000 	C:\WINDOWS\System32\win32u.dll
0x00007ffe0e8a0000 - 0x00007ffe0e947000 	C:\WINDOWS\System32\msvcrt.dll
0x00007ffe0de90000 - 0x00007ffe0deb9000 	C:\WINDOWS\System32\GDI32.dll
0x00007ffe0d3d0000 - 0x00007ffe0d4e6000 	C:\WINDOWS\System32\gdi32full.dll
0x00007ffe0cd10000 - 0x00007ffe0cdaa000 	C:\WINDOWS\System32\msvcp_win.dll
0x00007ffe0dec0000 - 0x00007ffe0def0000 	C:\WINDOWS\System32\IMM32.DLL
0x00007ffe09a70000 - 0x00007ffe09a7c000 	C:\Program Files\Eclipse Adoptium\jdk-17.0.5.8-hotspot\bin\vcruntime140_1.dll
0x00007ffddfff0000 - 0x00007ffde0081000 	C:\Program Files\Eclipse Adoptium\jdk-17.0.5.8-hotspot\bin\msvcp140.dll
0x00007ffdbf5e0000 - 0x00007ffdc0224000 	C:\Program Files\Eclipse Adoptium\jdk-17.0.5.8-hotspot\bin\server\jvm.dll
0x00007ffe0e740000 - 0x00007ffe0e7ee000 	C:\WINDOWS\System32\ADVAPI32.dll
0x00007ffe0f840000 - 0x00007ffe0f8e6000 	C:\WINDOWS\System32\sechost.dll
0x00007ffe0ea10000 - 0x00007ffe0eb37000 	C:\WINDOWS\System32\RPCRT4.dll
0x00007ffe05ae0000 - 0x00007ffe05b15000 	C:\WINDOWS\SYSTEM32\WINMM.dll
0x00007ffdf73c0000 - 0x00007ffdf73c9000 	C:\WINDOWS\SYSTEM32\WSOCK32.dll
0x00007ffe05f90000 - 0x00007ffe05f9a000 	C:\WINDOWS\SYSTEM32\VERSION.dll
0x00007ffe0efd0000 - 0x00007ffe0f03f000 	C:\WINDOWS\System32\WS2_32.dll
0x00007ffe0bc90000 - 0x00007ffe0bca8000 	C:\WINDOWS\SYSTEM32\kernel.appcore.dll
0x00007ffe09a10000 - 0x00007ffe09a1a000 	C:\Program Files\Eclipse Adoptium\jdk-17.0.5.8-hotspot\bin\jimage.dll
0x00007ffe0a5a0000 - 0x00007ffe0a7d3000 	C:\WINDOWS\SYSTEM32\DBGHELP.DLL
0x00007ffe0eb40000 - 0x00007ffe0eec2000 	C:\WINDOWS\System32\combase.dll
0x00007ffe0dc70000 - 0x00007ffe0dd48000 	C:\WINDOWS\System32\OLEAUT32.dll
0x00007ffdf95c0000 - 0x00007ffdf95f2000 	C:\WINDOWS\SYSTEM32\dbgcore.DLL
0x00007ffe0d670000 - 0x00007ffe0d6e9000 	C:\WINDOWS\System32\bcryptPrimitives.dll
0x00007ffe06330000 - 0x00007ffe06355000 	C:\Program Files\Eclipse Adoptium\jdk-17.0.5.8-hotspot\bin\java.dll
0x00007ffdce580000 - 0x00007ffdce656000 	C:\Program Files\Eclipse Adoptium\jdk-17.0.5.8-hotspot\bin\jsvml.dll
0x00007ffe0f050000 - 0x00007ffe0f83c000 	C:\WINDOWS\System32\SHELL32.dll
0x00007ffe0ac20000 - 0x00007ffe0b4ba000 	C:\WINDOWS\SYSTEM32\windows.storage.dll
0x00007ffe0aa90000 - 0x00007ffe0ac1d000 	C:\WINDOWS\SYSTEM32\wintypes.dll
0x00007ffe0eee0000 - 0x00007ffe0efcb000 	C:\WINDOWS\System32\SHCORE.dll
0x00007ffe0e160000 - 0x00007ffe0e1be000 	C:\WINDOWS\System32\shlwapi.dll
0x00007ffe0cc30000 - 0x00007ffe0cc51000 	C:\WINDOWS\SYSTEM32\profapi.dll
0x00007ffe08160000 - 0x00007ffe08179000 	C:\Program Files\Eclipse Adoptium\jdk-17.0.5.8-hotspot\bin\net.dll
0x00007ffe05260000 - 0x00007ffe0538e000 	C:\WINDOWS\SYSTEM32\WINHTTP.dll
0x00007ffe0c160000 - 0x00007ffe0c1c9000 	C:\WINDOWS\system32\mswsock.dll
0x00007ffe07e10000 - 0x00007ffe07e25000 	C:\Program Files\Eclipse Adoptium\jdk-17.0.5.8-hotspot\bin\nio.dll
0x00007ffe08180000 - 0x00007ffe08198000 	C:\Program Files\Eclipse Adoptium\jdk-17.0.5.8-hotspot\bin\zip.dll
0x00007ffe06700000 - 0x00007ffe06710000 	C:\Program Files\Eclipse Adoptium\jdk-17.0.5.8-hotspot\bin\verify.dll
0x00007ffe08150000 - 0x00007ffe08159000 	C:\Program Files\Eclipse Adoptium\jdk-17.0.5.8-hotspot\bin\management.dll
0x00007ffe07790000 - 0x00007ffe0779b000 	C:\Program Files\Eclipse Adoptium\jdk-17.0.5.8-hotspot\bin\management_ext.dll
0x00007ffe0e1c0000 - 0x00007ffe0e1c8000 	C:\WINDOWS\System32\PSAPI.DLL
0x00007ffddeac0000 - 0x00007ffddead7000 	C:\WINDOWS\system32\napinsp.dll
0x00007ffddabd0000 - 0x00007ffddabea000 	C:\WINDOWS\system32\pnrpnsp.dll
0x00007ffdf81f0000 - 0x00007ffdf8211000 	C:\WINDOWS\system32\nlansp_c.dll
0x00007ffe0b800000 - 0x00007ffe0b8fd000 	C:\WINDOWS\SYSTEM32\DNSAPI.dll
0x00007ffe0b770000 - 0x00007ffe0b79e000 	C:\WINDOWS\SYSTEM32\IPHLPAPI.DLL
0x00007ffe0e9d0000 - 0x00007ffe0e9d9000 	C:\WINDOWS\System32\NSI.dll
0x00007ffdd6380000 - 0x00007ffdd6391000 	C:\WINDOWS\System32\winrnr.dll
0x00007ffddcb00000 - 0x00007ffddcb15000 	C:\WINDOWS\system32\wshbth.dll
0x00007ffdfde30000 - 0x00007ffdfde3a000 	C:\Windows\System32\rasadhlp.dll
0x00007ffe04070000 - 0x00007ffe040f4000 	C:\WINDOWS\System32\fwpuclnt.dll
0x00007ffe0c3e0000 - 0x00007ffe0c3fb000 	C:\WINDOWS\SYSTEM32\CRYPTSP.dll
0x00007ffe0bbf0000 - 0x00007ffe0bc24000 	C:\WINDOWS\system32\rsaenh.dll
0x00007ffe0c280000 - 0x00007ffe0c2a8000 	C:\WINDOWS\SYSTEM32\USERENV.dll
0x00007ffe0c5a0000 - 0x00007ffe0c5c8000 	C:\WINDOWS\SYSTEM32\bcrypt.dll
0x00007ffe0c400000 - 0x00007ffe0c40c000 	C:\WINDOWS\SYSTEM32\CRYPTBASE.dll
0x00007ffe05b30000 - 0x00007ffe05b49000 	C:\WINDOWS\SYSTEM32\dhcpcsvc6.DLL
0x00007ffe05130000 - 0x00007ffe0514f000 	C:\WINDOWS\SYSTEM32\dhcpcsvc.DLL

dbghelp: loaded successfully - version: 4.0.5 - missing functions: none
symbol engine: initialized successfully - sym options: 0x614 - pdb path: .;C:\Program Files\Eclipse Adoptium\jdk-17.0.5.8-hotspot\bin;C:\WINDOWS\SYSTEM32;C:\WINDOWS\WinSxS\amd64_microsoft.windows.common-controls_6595b64144ccf1df_6.0.25231.1000_none_77db62f15ba2356c;C:\Program Files\Eclipse Adoptium\jdk-17.0.5.8-hotspot\bin\server

VM Arguments:
jvm_args: -Dsts.lsp.client=vscode -Dsts.log.file=/dev/null -XX:TieredStopAtLevel=1 -Xlog:jni+resolve=off -Dspring.config.location=file:c:\Users\datea\.vscode\extensions\pivotal.vscode-spring-boot-1.40.0\language-server\BOOT-INF\classes\application.properties 
java_command: org.springframework.ide.vscode.boot.app.BootLanguageServerBootApp
java_class_path (initial): c:\Users\datea\.vscode\extensions\pivotal.vscode-spring-boot-1.40.0\language-server\BOOT-INF\classes;c:\Users\datea\.vscode\extensions\pivotal.vscode-spring-boot-1.40.0\language-server\BOOT-INF\lib\annotations-23.0.0.jar;c:\Users\datea\.vscode\extensions\pivotal.vscode-spring-boot-1.40.0\language-server\BOOT-INF\lib\ant-1.10.12.jar;c:\Users\datea\.vscode\extensions\pivotal.vscode-spring-boot-1.40.0\language-server\BOOT-INF\lib\ant-launcher-1.10.12.jar;c:\Users\datea\.vscode\extensions\pivotal.vscode-spring-boot-1.40.0\language-server\BOOT-INF\lib\antlr-runtime-3.5.2.jar;c:\Users\datea\.vscode\extensions\pivotal.vscode-spring-boot-1.40.0\language-server\BOOT-INF\lib\antlr4-4.9.3.jar;c:\Users\datea\.vscode\extensions\pivotal.vscode-spring-boot-1.40.0\language-server\BOOT-INF\lib\antlr4-runtime-4.9.3.jar;c:\Users\datea\.vscode\extensions\pivotal.vscode-spring-boot-1.40.0\language-server\BOOT-INF\lib\asm-9.3.jar;c:\Users\datea\.vscode\extensions\pivotal.vscode-spring-boot-1.40.0\language-server\BOOT-INF\lib\asm-analysis-9.3.jar;c:\Users\datea\.vscode\extensions\pivotal.vscode-spring-boot-1.40.0\language-server\BOOT-INF\lib\asm-tree-9.3.jar;c:\Users\datea\.vscode\extensions\pivotal.vscode-spring-boot-1.40.0\language-server\BOOT-INF\lib\asm-util-9.3.jar;c:\Users\datea\.vscode\extensions\pivotal.vscode-spring-boot-1.40.0\language-server\BOOT-INF\lib\byte-buddy-1.12.13.jar;c:\Users\datea\.vscode\extensions\pivotal.vscode-spring-boot-1.40.0\language-server\BOOT-INF\lib\caffeine-2.9.3.jar;c:\Users\datea\.vscode\extensions\pivotal.vscode-spring-boot-1.40.0\language-server\BOOT-INF\lib\checker-qual-3.12.0.jar;c:\Users\datea\.vscode\extensions\pivotal.vscode-spring-boot-1.40.0\language-server\BOOT-INF\lib\classgraph-4.8.149.jar;c:\Users\datea\.vscode\extensions\pivotal.vscode-spring-boot-1.40.0\language-server\BOOT-INF\lib\commons-codec-1.15.jar;c:\Users\datea\.vscode\extensions\pivotal.vscode-spring-boot-1.40.0\language-server\BOOT-INF\lib\commons-c
Launcher Type: SUN_STANDARD

[Global flags]
     intx CICompilerCount                          = 4                                         {product} {ergonomic}
     uint ConcGCThreads                            = 2                                         {product} {ergonomic}
     uint G1ConcRefinementThreads                  = 8                                         {product} {ergonomic}
   size_t G1HeapRegionSize                         = 1048576                                   {product} {ergonomic}
    uintx GCDrainStackTargetSize                   = 64                                        {product} {ergonomic}
   size_t InitialHeapSize                          = 132120576                                 {product} {ergonomic}
   size_t MarkStackSize                            = 4194304                                   {product} {ergonomic}
   size_t MaxHeapSize                              = 2095054848                                {product} {ergonomic}
   size_t MaxNewSize                               = 1256194048                                {product} {ergonomic}
   size_t MinHeapDeltaBytes                        = 1048576                                   {product} {ergonomic}
   size_t MinHeapSize                              = 8388608                                   {product} {ergonomic}
    uintx NonProfiledCodeHeapSize                  = 0                                      {pd product} {ergonomic}
     bool ProfileInterpreter                       = false                                  {pd product} {command line}
    uintx ProfiledCodeHeapSize                     = 0                                      {pd product} {ergonomic}
   size_t SoftMaxHeapSize                          = 2095054848                             {manageable} {ergonomic}
     intx TieredStopAtLevel                        = 1                                         {product} {command line}
     bool UseCompressedClassPointers               = true                           {product lp64_product} {ergonomic}
     bool UseCompressedOops                        = true                           {product lp64_product} {ergonomic}
     bool UseG1GC                                  = true                                      {product} {ergonomic}
     bool UseLargePagesIndividualAllocation        = false                                  {pd product} {ergonomic}

Logging:
Log output configuration:
 #0: stdout all=warning,jni+resolve=off uptime,level,tags
 #1: stderr all=off uptime,level,tags

Environment Variables:
PATH=C:\Program Files\Eclipse Adoptium\jdk-17.0.5.8-hotspot\bin;C:\Program Files\Java\jdk-15.0.2\bin;C:\Program Files\Common Files\Oracle\Java\javapath;C:\WINDOWS\system32;C:\WINDOWS;C:\WINDOWS\System32\Wbem;C:\WINDOWS\System32\WindowsPowerShell\v1.0\;C:\WINDOWS\System32\OpenSSH\;C:\Program Files\Azure Data Studio\bin;C:\Program Files\Microsoft SQL Server\Client SDK\ODBC\170\Tools\Binn\;C:\Program Files (x86)\Microsoft SQL Server\150\Tools\Binn\;C:\Program Files\Microsoft SQL Server\150\Tools\Binn\;C:\Program Files\Microsoft SQL Server\150\DTS\Binn\;C:\Program Files (x86)\Microsoft SQL Server\150\DTS\Binn\;C:\Program Files (x86)\GitExtensions\;F:\xampp\php;C:\ProgramData\ComposerSetup\bin;C:\xampp\php;C:\Program Files\Git\cmd;C:\Program Files\nodejs\;C:\Users\datea\AppData\Local\Microsoft\WindowsApps;C:\Users\datea\AppData\Local\Programs\Microsoft VS Code\bin;;C:\Program Files\Azure Data Studio\bin;C:\Users\datea\AppData\Roaming\Composer\vendor\bin;C:\Users\datea\AppData\Roaming\npm
USERNAME=datea
OS=Windows_NT
PROCESSOR_IDENTIFIER=Intel64 Family 6 Model 126 Stepping 5, GenuineIntel
TMP=C:\Users\datea\AppData\Local\Temp
TEMP=C:\Users\datea\AppData\Local\Temp



---------------  S Y S T E M  ---------------

OS:
 Windows 11 , 64 bit Build 25231 (10.0.25231.1000)
OS uptime: 1 days 23:10 hours
Hyper-V role detected

CPU: total 8 (initial active 8) (4 cores per cpu, 2 threads per core) family 6 model 126 stepping 5 microcode 0xa6, cx8, cmov, fxsr, ht, mmx, 3dnowpref, sse, sse2, sse3, ssse3, sse4.1, sse4.2, popcnt, lzcnt, tsc, tscinvbit, avx, avx2, aes, erms, clmul, bmi1, bmi2, adx, avx512f, avx512dq, avx512cd, avx512bw, avx512vl, sha, fma, vzeroupper, avx512_vpopcntdq, avx512_vpclmulqdq, avx512_vaes, avx512_vnni, clflush, clflushopt, avx512_vbmi2, avx512_vbmi, hv

Memory: 4k page, system-wide physical 7987M (397M free)
TotalPageFile size 12083M (AvailPageFile size 5M)
current process WorkingSet (physical memory assigned to process): 185M, peak: 185M
current process commit charge ("private bytes"): 243M, peak: 261M

vm_info: OpenJDK 64-Bit Server VM (17.0.5+8) for windows-amd64 JRE (17.0.5+8), built on Oct 19 2022 04:48:13 by "temurin" with MS VC++ 16.7 (VS2019)

END.
