#
# There is insufficient memory for the Java Runtime Environment to continue.
# Native memory allocation (mmap) failed to map 10485760 bytes for G1 virtual space
# Possible reasons:
#   The system is out of physical RAM or swap space
#   The process is running with CompressedOops enabled, and the Java Heap may be blocking the growth of the native heap
# Possible solutions:
#   Reduce memory load on the system
#   Increase physical memory or swap space
#   Check if swap backing store is full
#   Decrease Java heap size (-Xmx/-Xms)
#   Decrease number of Java threads
#   Decrease Java thread stack sizes (-Xss)
#   Set larger code cache with -XX:ReservedCodeCacheSize=
#   JVM is running with Unscaled Compressed Oops mode in which the Java heap is
#     placed in the first 4GB address space. The Java Heap base address is the
#     maximum limit for the native heap growth. Please use -XX:HeapBaseMinAddress
#     to set the Java Heap base and to place the Java Heap above 4GB virtual address.
# This output file may be truncated or incomplete.
#
#  Out of Memory Error (os_windows.cpp:3541), pid=48032, tid=43572
#
# JRE version: OpenJDK Runtime Environment Temurin-17.0.4.1+1 (17.0.4.1+1) (build 17.0.4.1+1)
# Java VM: OpenJDK 64-Bit Server VM Temurin-17.0.4.1+1 (17.0.4.1+1, mixed mode, emulated-client, tiered, compressed oops, compressed class ptrs, g1 gc, windows-amd64)
# No core dump will be written. Minidumps are not enabled by default on client versions of Windows
#

---------------  S U M M A R Y ------------

Command Line: -Dsts.lsp.client=vscode -Dsts.log.file=/dev/null -XX:TieredStopAtLevel=1 -Xlog:jni+resolve=off -Dspring.config.location=file:c:\Users\datea\.vscode\extensions\pivotal.vscode-spring-boot-1.39.0\language-server\BOOT-INF\classes\application.properties org.springframework.ide.vscode.boot.app.BootLanguageServerBootApp

Host: Intel(R) Core(TM) i5-1035G1 CPU @ 1.00GHz, 8 cores, 7G,  Windows 11 , 64 bit Build 25217 (10.0.25217.1000)
Time: Thu Oct 20 14:44:49 2022 SE Asia Standard Time elapsed time: 10.783146 seconds (0d 0h 0m 10s)

---------------  T H R E A D  ---------------

Current thread (0x000001b4a5ed7c10):  VMThread "VM Thread" [stack: 0x0000004577600000,0x0000004577700000] [id=43572]

Stack: [0x0000004577600000,0x0000004577700000]
Native frames: (J=compiled Java code, j=interpreted, Vv=VM code, C=native code)
V  [jvm.dll+0x67731a]
V  [jvm.dll+0x832284]
V  [jvm.dll+0x833a2e]
V  [jvm.dll+0x834093]
V  [jvm.dll+0x245775]
V  [jvm.dll+0x674209]
V  [jvm.dll+0x668a92]
V  [jvm.dll+0x30471b]
V  [jvm.dll+0x30bc66]
V  [jvm.dll+0x35ba9e]
V  [jvm.dll+0x35bccf]
V  [jvm.dll+0x2db5b8]
V  [jvm.dll+0x2d986c]
V  [jvm.dll+0x2d8e3c]
V  [jvm.dll+0x31cd9b]
V  [jvm.dll+0x83853b]
V  [jvm.dll+0x839274]
V  [jvm.dll+0x83978c]
V  [jvm.dll+0x839b64]
V  [jvm.dll+0x839c30]
V  [jvm.dll+0x7e240a]
V  [jvm.dll+0x6761a5]
C  [ucrtbase.dll+0x4b7eb]
C  [KERNEL32.DLL+0x1484d]
C  [ntdll.dll+0x67558]

VM_Operation (0x0000004579bfe040): G1CollectForAllocation, mode: safepoint, requested by thread 0x000001b4a89e3700


---------------  P R O C E S S  ---------------

Threads class SMR info:
_java_thread_list=0x000001b4a5e92510, length=31, elements={
0x000001b498ca3010, 0x000001b4a68012d0, 0x000001b4a6801d90, 0x000001b4a5efaa20,
0x000001b4a5efb2e0, 0x000001b4a5efbba0, 0x000001b4a5efc460, 0x000001b4a682e010,
0x000001b4a6830d30, 0x000001b4a6a35f70, 0x000001b4a6a48010, 0x000001b4a6a4f1c0,
0x000001b4a72adc20, 0x000001b4a865ee90, 0x000001b4a867d2c0, 0x000001b4a8978010,
0x000001b4a89b68c0, 0x000001b4a89b6d90, 0x000001b4a8a1efe0, 0x000001b4a8a1f4b0,
0x000001b4a8a20190, 0x000001b4a8a20e70, 0x000001b4a89e3230, 0x000001b4a89e1ef0,
0x000001b4a89e4a40, 0x000001b4a89e3bd0, 0x000001b4a89e2d60, 0x000001b4a89e23c0,
0x000001b4a89e3700, 0x000001b4a89e1a20, 0x000001b4a89e40a0
}

Java Threads: ( => current thread )
  0x000001b498ca3010 JavaThread "main" [_thread_blocked, id=27676, stack(0x0000004577000000,0x0000004577100000)]
  0x000001b4a68012d0 JavaThread "Reference Handler" daemon [_thread_blocked, id=27700, stack(0x0000004577700000,0x0000004577800000)]
  0x000001b4a6801d90 JavaThread "Finalizer" daemon [_thread_blocked, id=55380, stack(0x0000004577800000,0x0000004577900000)]
  0x000001b4a5efaa20 JavaThread "Signal Dispatcher" daemon [_thread_blocked, id=52548, stack(0x0000004577900000,0x0000004577a00000)]
  0x000001b4a5efb2e0 JavaThread "Attach Listener" daemon [_thread_blocked, id=39332, stack(0x0000004577a00000,0x0000004577b00000)]
  0x000001b4a5efbba0 JavaThread "Service Thread" daemon [_thread_blocked, id=35248, stack(0x0000004577b00000,0x0000004577c00000)]
  0x000001b4a5efc460 JavaThread "Monitor Deflation Thread" daemon [_thread_blocked, id=56244, stack(0x0000004577c00000,0x0000004577d00000)]
  0x000001b4a682e010 JavaThread "C1 CompilerThread0" daemon [_thread_blocked, id=44976, stack(0x0000004577d00000,0x0000004577e00000)]
  0x000001b4a6830d30 JavaThread "Sweeper thread" daemon [_thread_blocked, id=42236, stack(0x0000004577e00000,0x0000004577f00000)]
  0x000001b4a6a35f70 JavaThread "Notification Thread" daemon [_thread_blocked, id=55512, stack(0x0000004577f00000,0x0000004578000000)]
  0x000001b4a6a48010 JavaThread "Common-Cleaner" daemon [_thread_blocked, id=29548, stack(0x0000004578100000,0x0000004578200000)]
  0x000001b4a6a4f1c0 JavaThread "C1 CompilerThread1" daemon [_thread_blocked, id=51036, stack(0x0000004578200000,0x0000004578300000)]
  0x000001b4a72adc20 JavaThread "C1 CompilerThread2" daemon [_thread_blocked, id=38992, stack(0x0000004578300000,0x0000004578400000)]
  0x000001b4a865ee90 JavaThread "C1 CompilerThread3" daemon [_thread_blocked, id=56108, stack(0x0000004578b00000,0x0000004578c00000)]
  0x000001b4a867d2c0 JavaThread "boundedElastic-evictor-1" daemon [_thread_blocked, id=33028, stack(0x0000004578d00000,0x0000004578e00000)]
  0x000001b4a8978010 JavaThread "ForkJoinPool.commonPool-worker-1" daemon [_thread_blocked, id=25720, stack(0x0000004578e00000,0x0000004578f00000)]
  0x000001b4a89b68c0 JavaThread "pool-9-thread-1" [_thread_blocked, id=47664, stack(0x0000004578f00000,0x0000004579000000)]
  0x000001b4a89b6d90 JavaThread "ClassGraph-worker-0" daemon [_thread_blocked, id=33024, stack(0x0000004579000000,0x0000004579100000)]
  0x000001b4a8a1efe0 JavaThread "ClassGraph-worker-1" daemon [_thread_blocked, id=55396, stack(0x0000004579100000,0x0000004579200000)]
  0x000001b4a8a1f4b0 JavaThread "ClassGraph-worker-2" daemon [_thread_blocked, id=51056, stack(0x0000004579200000,0x0000004579300000)]
  0x000001b4a8a20190 JavaThread "ClassGraph-worker-3" daemon [_thread_blocked, id=15724, stack(0x0000004579300000,0x0000004579400000)]
  0x000001b4a8a20e70 JavaThread "ClassGraph-worker-4" daemon [_thread_blocked, id=51844, stack(0x0000004579400000,0x0000004579500000)]
  0x000001b4a89e3230 JavaThread "ClassGraph-worker-5" daemon [_thread_blocked, id=34996, stack(0x0000004579500000,0x0000004579600000)]
  0x000001b4a89e1ef0 JavaThread "ClassGraph-worker-6" daemon [_thread_blocked, id=11176, stack(0x0000004579600000,0x0000004579700000)]
  0x000001b4a89e4a40 JavaThread "ClassGraph-worker-7" daemon [_thread_blocked, id=52756, stack(0x0000004579700000,0x0000004579800000)]
  0x000001b4a89e3bd0 JavaThread "ClassGraph-worker-8" daemon [_thread_blocked, id=46028, stack(0x0000004579800000,0x0000004579900000)]
  0x000001b4a89e2d60 JavaThread "ClassGraph-worker-9" daemon [_thread_blocked, id=27732, stack(0x0000004579900000,0x0000004579a00000)]
  0x000001b4a89e23c0 JavaThread "ClassGraph-worker-10" daemon [_thread_blocked, id=51280, stack(0x0000004579a00000,0x0000004579b00000)]
  0x000001b4a89e3700 JavaThread "ClassGraph-worker-11" daemon [_thread_blocked, id=4196, stack(0x0000004579b00000,0x0000004579c00000)]
  0x000001b4a89e1a20 JavaThread "ClassGraph-worker-12" daemon [_thread_blocked, id=38268, stack(0x0000004579c00000,0x0000004579d00000)]
  0x000001b4a89e40a0 JavaThread "ClassGraph-worker-13" daemon [_thread_blocked, id=54240, stack(0x0000004579d00000,0x0000004579e00000)]

Other Threads:
=>0x000001b4a5ed7c10 VMThread "VM Thread" [stack: 0x0000004577600000,0x0000004577700000] [id=43572]
  0x000001b498d1cb10 WatcherThread [stack: 0x0000004578000000,0x0000004578100000] [id=50100]
  0x000001b498cfe4f0 GCTaskThread "GC Thread#0" [stack: 0x0000004577100000,0x0000004577200000] [id=24940]
  0x000001b4a73c57c0 GCTaskThread "GC Thread#1" [stack: 0x0000004578500000,0x0000004578600000] [id=49124]
  0x000001b4a73c5a70 GCTaskThread "GC Thread#2" [stack: 0x0000004578600000,0x0000004578700000] [id=22952]
  0x000001b4a7134c80 GCTaskThread "GC Thread#3" [stack: 0x0000004578700000,0x0000004578800000] [id=5260]
  0x000001b4a73fc340 GCTaskThread "GC Thread#4" [stack: 0x0000004578800000,0x0000004578900000] [id=53624]
  0x000001b4a73fc5f0 GCTaskThread "GC Thread#5" [stack: 0x0000004578900000,0x0000004578a00000] [id=50264]
  0x000001b4a688c7e0 GCTaskThread "GC Thread#6" [stack: 0x0000004578400000,0x0000004578500000] [id=14284]
  0x000001b4a688ca90 GCTaskThread "GC Thread#7" [stack: 0x0000004578a00000,0x0000004578b00000] [id=54056]
  0x000001b498d0ed00 ConcurrentGCThread "G1 Main Marker" [stack: 0x0000004577200000,0x0000004577300000] [id=9448]
  0x000001b498d10790 ConcurrentGCThread "G1 Conc#0" [stack: 0x0000004577300000,0x0000004577400000] [id=26628]
  0x000001b4a8305320 ConcurrentGCThread "G1 Conc#1" [stack: 0x0000004578c00000,0x0000004578d00000] [id=55316]
  0x000001b4a5d430e0 ConcurrentGCThread "G1 Refine#0" [stack: 0x0000004577400000,0x0000004577500000] [id=55044]
  0x000001b4a5d438b0 ConcurrentGCThread "G1 Service" [stack: 0x0000004577500000,0x0000004577600000] [id=49424]

Threads with active compile tasks:
C1 CompilerThread0    10803 3008       1       nonapi.io.github.classgraph.fastzipfilereader.FastZipEntry::<init> (319 bytes)

VM state: at safepoint (normal execution)

VM Mutex/Monitor currently owned by a thread:  ([mutex/lock_event])
[0x000001b496b29cd0] Threads_lock - owner thread: 0x000001b4a5ed7c10
[0x000001b498ca0640] Heap_lock - owner thread: 0x000001b4a89e3700

Heap address: 0x0000000083200000, size: 1998 MB, Compressed Oops mode: 32-bit

CDS archive(s) not mapped
Compressed class space mapped at: 0x0000000100000000-0x0000000140000000, reserved size: 1073741824
Narrow klass base: 0x0000000000000000, Narrow klass shift: 3, Narrow klass range: 0x140000000

GC Precious Log:
 CPUs: 8 total, 8 available
 Memory: 7987M
 Large Page Support: Disabled
 NUMA Support: Disabled
 Compressed Oops: Enabled (32-bit)
 Heap Region Size: 1M
 Heap Min Capacity: 8M
 Heap Initial Capacity: 126M
 Heap Max Capacity: 1998M
 Pre-touch: Disabled
 Parallel Workers: 8
 Concurrent Workers: 2
 Concurrent Refinement Workers: 8
 Periodic GC: Disabled

Heap:
 garbage-first heap   total 45056K, used 18027K [0x0000000083200000, 0x0000000100000000)
  region size 1024K, 3 young (3072K), 3 survivors (3072K)
 Metaspace       used 33280K, committed 33536K, reserved 1081344K
  class space    used 4227K, committed 4352K, reserved 1048576K

Heap Regions: E=young(eden), S=young(survivor), O=old, HS=humongous(starts), HC=humongous(continues), CS=collection set, F=free, OA=open archive, CA=closed archive, TAMS=top-at-mark-start (previous, next)
|   0|0x0000000083200000, 0x0000000083300000, 0x0000000083300000|100%| O|  |TAMS 0x0000000083300000, 0x0000000083200000| Untracked 
|   1|0x0000000083300000, 0x0000000083400000, 0x0000000083400000|100%| O|  |TAMS 0x0000000083400000, 0x0000000083300000| Untracked 
|   2|0x0000000083400000, 0x0000000083500000, 0x0000000083500000|100%| O|  |TAMS 0x0000000083500000, 0x0000000083400000| Untracked 
|   3|0x0000000083500000, 0x0000000083600000, 0x0000000083600000|100%| O|  |TAMS 0x0000000083600000, 0x0000000083500000| Untracked 
|   4|0x0000000083600000, 0x0000000083700000, 0x0000000083700000|100%| O|  |TAMS 0x0000000083700000, 0x0000000083600000| Untracked 
|   5|0x0000000083700000, 0x0000000083800000, 0x0000000083800000|100%| O|  |TAMS 0x0000000083800000, 0x0000000083700000| Untracked 
|   6|0x0000000083800000, 0x0000000083900000, 0x0000000083900000|100%| O|  |TAMS 0x0000000083900000, 0x0000000083800000| Untracked 
|   7|0x0000000083900000, 0x00000000839f9400, 0x0000000083a00000| 97%| O|  |TAMS 0x00000000839f9400, 0x0000000083900000| Untracked 
|   8|0x0000000083a00000, 0x0000000083b00000, 0x0000000083b00000|100%| O|  |TAMS 0x0000000083a00000, 0x0000000083a00000| Untracked 
|   9|0x0000000083b00000, 0x0000000083c00000, 0x0000000083c00000|100%| O|  |TAMS 0x0000000083b00000, 0x0000000083b00000| Untracked 
|  10|0x0000000083c00000, 0x0000000083d00000, 0x0000000083d00000|100%| O|  |TAMS 0x0000000083c00000, 0x0000000083c00000| Untracked 
|  11|0x0000000083d00000, 0x0000000083e00000, 0x0000000083e00000|100%| O|  |TAMS 0x0000000083d00000, 0x0000000083d00000| Untracked 
|  12|0x0000000083e00000, 0x0000000083f00000, 0x0000000083f00000|100%| O|  |TAMS 0x0000000083e00000, 0x0000000083e00000| Untracked 
|  13|0x0000000083f00000, 0x0000000084000000, 0x0000000084000000|100%| O|  |TAMS 0x0000000083f00000, 0x0000000083f00000| Untracked 
|  14|0x0000000084000000, 0x00000000840a1800, 0x0000000084100000| 63%| O|  |TAMS 0x0000000084000000, 0x0000000084000000| Untracked 
|  15|0x0000000084100000, 0x0000000084100000, 0x0000000084200000|  0%| F|  |TAMS 0x0000000084100000, 0x0000000084100000| Untracked 
|  16|0x0000000084200000, 0x0000000084200000, 0x0000000084300000|  0%| F|  |TAMS 0x0000000084200000, 0x0000000084200000| Untracked 
|  17|0x0000000084300000, 0x0000000084300000, 0x0000000084400000|  0%| F|  |TAMS 0x0000000084300000, 0x0000000084300000| Untracked 
|  18|0x0000000084400000, 0x0000000084400000, 0x0000000084500000|  0%| F|  |TAMS 0x0000000084400000, 0x0000000084400000| Untracked 
|  19|0x0000000084500000, 0x0000000084500000, 0x0000000084600000|  0%| F|  |TAMS 0x0000000084500000, 0x0000000084500000| Untracked 
|  20|0x0000000084600000, 0x0000000084600000, 0x0000000084700000|  0%| F|  |TAMS 0x0000000084600000, 0x0000000084600000| Untracked 
|  21|0x0000000084700000, 0x0000000084700000, 0x0000000084800000|  0%| F|  |TAMS 0x0000000084700000, 0x0000000084700000| Untracked 
|  22|0x0000000084800000, 0x0000000084800000, 0x0000000084900000|  0%| F|  |TAMS 0x0000000084800000, 0x0000000084800000| Untracked 
|  23|0x0000000084900000, 0x0000000084900000, 0x0000000084a00000|  0%| F|  |TAMS 0x0000000084900000, 0x0000000084900000| Untracked 
|  24|0x0000000084a00000, 0x0000000084b00000, 0x0000000084b00000|100%| S|CS|TAMS 0x0000000084a00000, 0x0000000084a00000| Complete 
|  25|0x0000000084b00000, 0x0000000084c00000, 0x0000000084c00000|100%| S|CS|TAMS 0x0000000084b00000, 0x0000000084b00000| Complete 
|  26|0x0000000084c00000, 0x0000000084d00000, 0x0000000084d00000|100%| S|CS|TAMS 0x0000000084c00000, 0x0000000084c00000| Complete 
|  27|0x0000000084d00000, 0x0000000084d00000, 0x0000000084e00000|  0%| F|  |TAMS 0x0000000084d00000, 0x0000000084d00000| Untracked 
|  28|0x0000000084e00000, 0x0000000084e00000, 0x0000000084f00000|  0%| F|  |TAMS 0x0000000084e00000, 0x0000000084e00000| Untracked 
|  29|0x0000000084f00000, 0x0000000084f00000, 0x0000000085000000|  0%| F|  |TAMS 0x0000000084f00000, 0x0000000084f00000| Untracked 
|  30|0x0000000085000000, 0x0000000085000000, 0x0000000085100000|  0%| F|  |TAMS 0x0000000085000000, 0x0000000085000000| Untracked 
|  31|0x0000000085100000, 0x0000000085100000, 0x0000000085200000|  0%| F|  |TAMS 0x0000000085100000, 0x0000000085100000| Untracked 
|  32|0x0000000085200000, 0x0000000085200000, 0x0000000085300000|  0%| F|  |TAMS 0x0000000085200000, 0x0000000085200000| Untracked 
|  33|0x0000000085300000, 0x0000000085300000, 0x0000000085400000|  0%| F|  |TAMS 0x0000000085300000, 0x0000000085300000| Untracked 
|  34|0x0000000085400000, 0x0000000085400000, 0x0000000085500000|  0%| F|  |TAMS 0x0000000085400000, 0x0000000085400000| Untracked 
|  35|0x0000000085500000, 0x0000000085500000, 0x0000000085600000|  0%| F|  |TAMS 0x0000000085500000, 0x0000000085500000| Untracked 
|  36|0x0000000085600000, 0x0000000085600000, 0x0000000085700000|  0%| F|  |TAMS 0x0000000085600000, 0x0000000085600000| Untracked 
|  37|0x0000000085700000, 0x0000000085700000, 0x0000000085800000|  0%| F|  |TAMS 0x0000000085700000, 0x0000000085700000| Untracked 
|  38|0x0000000085800000, 0x0000000085800000, 0x0000000085900000|  0%| F|  |TAMS 0x0000000085800000, 0x0000000085800000| Untracked 
| 101|0x0000000089700000, 0x0000000089700000, 0x0000000089800000|  0%| F|  |TAMS 0x0000000089700000, 0x0000000089700000| Untracked 
| 102|0x0000000089800000, 0x0000000089800000, 0x0000000089900000|  0%| F|  |TAMS 0x0000000089800000, 0x0000000089800000| Untracked 
| 104|0x0000000089a00000, 0x0000000089a00000, 0x0000000089b00000|  0%| F|  |TAMS 0x0000000089a00000, 0x0000000089a00000| Untracked 
| 105|0x0000000089b00000, 0x0000000089b00000, 0x0000000089c00000|  0%| F|  |TAMS 0x0000000089b00000, 0x0000000089b00000| Untracked 
| 125|0x000000008af00000, 0x000000008af00000, 0x000000008b000000|  0%| F|  |TAMS 0x000000008af00000, 0x000000008af00000| Untracked 

Card table byte_map: [0x000001b49ee20000,0x000001b49f210000] _byte_map_base: 0x000001b49ea07000

Marking Bits (Prev, Next): (CMBitMap*) 0x000001b498cfea50, (CMBitMap*) 0x000001b498cfea10
 Prev Bits: [0x000001b4a1540000, 0x000001b4a3478000)
 Next Bits: [0x000001b49f600000, 0x000001b4a1538000)

Polling page: 0x000001b496c00000

Metaspace:

Usage:
  Non-class:     28.37 MB used.
      Class:      4.13 MB used.
       Both:     32.50 MB used.

Virtual space:
  Non-class space:       32.00 MB reserved,      28.50 MB ( 89%) committed,  4 nodes.
      Class space:        1.00 GB reserved,       4.25 MB ( <1%) committed,  1 nodes.
             Both:        1.03 GB reserved,      32.75 MB (  3%) committed. 

Chunk freelists:
   Non-Class:  2.88 MB
       Class:  3.78 MB
        Both:  6.66 MB

MaxMetaspaceSize: unlimited
CompressedClassSpaceSize: 1.00 GB
Initial GC threshold: 21.00 MB
Current GC threshold: 35.25 MB
CDS: off
MetaspaceReclaimPolicy: balanced
 - commit_granule_bytes: 65536.
 - commit_granule_words: 8192.
 - virtual_space_node_default_size: 1048576.
 - enlarge_chunks_in_place: 1.
 - new_chunks_are_fully_committed: 0.
 - uncommit_free_chunks: 1.
 - use_allocation_guard: 0.
 - handle_deallocations: 1.


Internal statistics:

num_allocs_failed_limit: 3.
num_arena_births: 320.
num_arena_deaths: 0.
num_vsnodes_births: 5.
num_vsnodes_deaths: 0.
num_space_committed: 524.
num_space_uncommitted: 0.
num_chunks_returned_to_freelist: 3.
num_chunks_taken_from_freelist: 1249.
num_chunk_merges: 3.
num_chunk_splits: 852.
num_chunks_enlarged: 654.
num_purges: 0.
num_inconsistent_stats: 0.

CodeCache: size=49152Kb used=7491Kb max_used=7491Kb free=41660Kb
 bounds [0x000001b49b920000, 0x000001b49c080000, 0x000001b49e920000]
 total_blobs=3529 nmethods=3010 adapters=442
 compilation: enabled
              stopped_count=0, restarted_count=0
 full_count=0

Compilation events (20 events):
Event: 8.760 Thread 0x000001b4a682e010 3002       1       nonapi.io.github.classgraph.fileslice.reader.RandomAccessArrayReader::readString (9 bytes)
Event: 8.760 Thread 0x000001b4a682e010 nmethod 3002 0x000001b49c06cd90 code [0x000001b49c06cf20, 0x000001b49c06d008]
Event: 8.760 Thread 0x000001b4a72adc20 3003       1       java.nio.channels.spi.AbstractInterruptibleChannel::blockedOn (10 bytes)
Event: 8.760 Thread 0x000001b4a6a4f1c0 3004       1       java.lang.System$2::blockedOn (5 bytes)
Event: 8.760 Thread 0x000001b4a682e010 3005       1       sun.nio.ch.FileChannelImpl::beginBlocking (12 bytes)
Event: 8.761 Thread 0x000001b4a682e010 nmethod 3005 0x000001b49c06d110 code [0x000001b49c06d2a0, 0x000001b49c06d388]
Event: 8.761 Thread 0x000001b4a6a4f1c0 nmethod 3004 0x000001b49c06d410 code [0x000001b49c06d5a0, 0x000001b49c06d7b8]
Event: 8.761 Thread 0x000001b4a682e010 3008       1       nonapi.io.github.classgraph.fastzipfilereader.FastZipEntry::<init> (319 bytes)
Event: 8.761 Thread 0x000001b4a6a4f1c0 3006   !   1       java.lang.Thread::blockedOn (27 bytes)
Event: 8.761 Thread 0x000001b4a72adc20 nmethod 3003 0x000001b49c06d890 code [0x000001b49c06da20, 0x000001b49c06dc58]
Event: 8.761 Thread 0x000001b4a72adc20 3009   !   1       sun.nio.ch.NativeThreadSet::remove (50 bytes)
Event: 8.761 Thread 0x000001b4a6a4f1c0 nmethod 3006 0x000001b49c06dd90 code [0x000001b49c06df20, 0x000001b49c06e118]
Event: 8.761 Thread 0x000001b4a6a4f1c0 3010       1       sun.nio.ch.FileChannelImpl::endBlocking (13 bytes)
Event: 8.761 Thread 0x000001b4a6a4f1c0 nmethod 3010 0x000001b49c06e210 code [0x000001b49c06e3a0, 0x000001b49c06e488]
Event: 8.761 Thread 0x000001b4a6a4f1c0 3007       1       sun.nio.ch.FileChannelImpl::ensureOpen (16 bytes)
Event: 8.761 Thread 0x000001b4a72adc20 nmethod 3009 0x000001b49c06e510 code [0x000001b49c06e6c0, 0x000001b49c06e8c8]
Event: 8.761 Thread 0x000001b4a6a4f1c0 nmethod 3007 0x000001b49c06ea10 code [0x000001b49c06eba0, 0x000001b49c06ece8]
Event: 8.761 Thread 0x000001b4a72adc20 3011   !   1       sun.nio.ch.NativeThreadSet::add (155 bytes)
Event: 8.762 Thread 0x000001b4a865ee90 nmethod 2998 0x000001b49c06ed90 code [0x000001b49c06f080, 0x000001b49c06ff08]
Event: 8.762 Thread 0x000001b4a72adc20 nmethod 3011 0x000001b49c070590 code [0x000001b49c070740, 0x000001b49c070b88]

GC Heap History (13 events):
Event: 1.344 GC heap before
{Heap before GC invocations=0 (full 0):
 garbage-first heap   total 129024K, used 22528K [0x0000000083200000, 0x0000000100000000)
  region size 1024K, 23 young (23552K), 0 survivors (0K)
 Metaspace       used 10203K, committed 10432K, reserved 1064960K
  class space    used 1168K, committed 1280K, reserved 1048576K
}
Event: 1.351 GC heap after
{Heap after GC invocations=1 (full 0):
 garbage-first heap   total 129024K, used 8001K [0x0000000083200000, 0x0000000100000000)
  region size 1024K, 3 young (3072K), 3 survivors (3072K)
 Metaspace       used 10203K, committed 10432K, reserved 1064960K
  class space    used 1168K, committed 1280K, reserved 1048576K
}
Event: 5.529 GC heap before
{Heap before GC invocations=1 (full 0):
 garbage-first heap   total 129024K, used 29505K [0x0000000083200000, 0x0000000100000000)
  region size 1024K, 25 young (25600K), 3 survivors (3072K)
 Metaspace       used 16676K, committed 16960K, reserved 1064960K
  class space    used 2049K, committed 2176K, reserved 1048576K
}
Event: 5.541 GC heap after
{Heap after GC invocations=2 (full 0):
 garbage-first heap   total 129024K, used 10660K [0x0000000083200000, 0x0000000100000000)
  region size 1024K, 3 young (3072K), 3 survivors (3072K)
 Metaspace       used 16676K, committed 16960K, reserved 1064960K
  class space    used 2049K, committed 2176K, reserved 1048576K
}
Event: 6.053 GC heap before
{Heap before GC invocations=2 (full 0):
 garbage-first heap   total 129024K, used 30116K [0x0000000083200000, 0x0000000100000000)
  region size 1024K, 23 young (23552K), 3 survivors (3072K)
 Metaspace       used 21276K, committed 21504K, reserved 1073152K
  class space    used 2596K, committed 2688K, reserved 1048576K
}
Event: 6.057 GC heap after
{Heap after GC invocations=3 (full 0):
 garbage-first heap   total 129024K, used 11453K [0x0000000083200000, 0x0000000100000000)
  region size 1024K, 4 young (4096K), 4 survivors (4096K)
 Metaspace       used 21276K, committed 21504K, reserved 1073152K
  class space    used 2596K, committed 2688K, reserved 1048576K
}
Event: 6.557 GC heap before
{Heap before GC invocations=4 (full 0):
 garbage-first heap   total 45056K, used 32957K [0x0000000083200000, 0x0000000100000000)
  region size 1024K, 26 young (26624K), 4 survivors (4096K)
 Metaspace       used 24633K, committed 24896K, reserved 1073152K
  class space    used 3032K, committed 3136K, reserved 1048576K
}
Event: 6.562 GC heap after
{Heap after GC invocations=5 (full 0):
 garbage-first heap   total 45056K, used 12831K [0x0000000083200000, 0x0000000100000000)
  region size 1024K, 5 young (5120K), 5 survivors (5120K)
 Metaspace       used 24633K, committed 24896K, reserved 1073152K
  class space    used 3032K, committed 3136K, reserved 1048576K
}
Event: 7.485 GC heap before
{Heap before GC invocations=5 (full 0):
 garbage-first heap   total 45056K, used 29215K [0x0000000083200000, 0x0000000100000000)
  region size 1024K, 22 young (22528K), 5 survivors (5120K)
 Metaspace       used 27902K, committed 28160K, reserved 1081344K
  class space    used 3505K, committed 3648K, reserved 1048576K
}
Event: 7.509 GC heap after
{Heap after GC invocations=6 (full 0):
 garbage-first heap   total 45056K, used 14481K [0x0000000083200000, 0x0000000100000000)
  region size 1024K, 3 young (3072K), 3 survivors (3072K)
 Metaspace       used 27902K, committed 28160K, reserved 1081344K
  class space    used 3505K, committed 3648K, reserved 1048576K
}
Event: 8.251 GC heap before
{Heap before GC invocations=6 (full 0):
 garbage-first heap   total 45056K, used 29841K [0x0000000083200000, 0x0000000100000000)
  region size 1024K, 19 young (19456K), 3 survivors (3072K)
 Metaspace       used 30387K, committed 30656K, reserved 1081344K
  class space    used 3851K, committed 3968K, reserved 1048576K
}
Event: 8.264 GC heap after
{Heap after GC invocations=7 (full 0):
 garbage-first heap   total 45056K, used 15857K [0x0000000083200000, 0x0000000100000000)
  region size 1024K, 2 young (2048K), 2 survivors (2048K)
 Metaspace       used 30387K, committed 30656K, reserved 1081344K
  class space    used 3851K, committed 3968K, reserved 1048576K
}
Event: 8.762 GC heap before
{Heap before GC invocations=7 (full 0):
 garbage-first heap   total 45056K, used 31217K [0x0000000083200000, 0x0000000100000000)
  region size 1024K, 18 young (18432K), 2 survivors (2048K)
 Metaspace       used 33280K, committed 33536K, reserved 1081344K
  class space    used 4227K, committed 4352K, reserved 1048576K
}

Deoptimization events (6 events):
Event: 6.007 Thread 0x000001b498ca3010 DEOPT PACKING pc=0x000001b49bde4299 sp=0x00000045770fd590
Event: 6.007 Thread 0x000001b498ca3010 DEOPT UNPACKING pc=0x000001b49b976763 sp=0x00000045770fca70 mode 3
Event: 8.529 Thread 0x000001b498ca3010 DEOPT PACKING pc=0x000001b49bfe8b19 sp=0x00000045770fc970
Event: 8.529 Thread 0x000001b498ca3010 DEOPT UNPACKING pc=0x000001b49b976763 sp=0x00000045770fbe50 mode 3
Event: 8.623 Thread 0x000001b4a8978010 DEOPT PACKING pc=0x000001b49c03a72b sp=0x0000004578efe6c0
Event: 8.623 Thread 0x000001b4a8978010 DEOPT UNPACKING pc=0x000001b49b976763 sp=0x0000004578efdc08 mode 3

Classes unloaded (0 events):
No events

Classes redefined (0 events):
No events

Internal exceptions (20 events):
Event: 8.719 Thread 0x000001b498ca3010 Exception <a 'java/lang/NoSuchMethodError'{0x00000000851e7c58}: 'java.lang.Object java.lang.invoke.DirectMethodHandle$Holder.newInvokeSpecial(java.lang.Object, java.lang.Object, int, java.lang.Object, java.lang.Object)'> (0x00000000851e7c58) 
thrown [s\src\hotspot\share\interpreter\linkResolver.cpp, line 759]
Event: 8.732 Thread 0x000001b4a8a1efe0 Exception <a 'sun/nio/fs/WindowsException'{0x0000000085196758}> (0x0000000085196758) 
thrown [s\src\hotspot\share\prims\jni.cpp, line 516]
Event: 8.732 Thread 0x000001b4a8a1efe0 Exception <a 'sun/nio/fs/WindowsException'{0x0000000085196b38}> (0x0000000085196b38) 
thrown [s\src\hotspot\share\prims\jni.cpp, line 516]
Event: 8.732 Thread 0x000001b4a8a1efe0 Exception <a 'sun/nio/fs/WindowsException'{0x0000000085197528}> (0x0000000085197528) 
thrown [s\src\hotspot\share\prims\jni.cpp, line 516]
Event: 8.732 Thread 0x000001b4a8a1efe0 Exception <a 'sun/nio/fs/WindowsException'{0x00000000851978d0}> (0x00000000851978d0) 
thrown [s\src\hotspot\share\prims\jni.cpp, line 516]
Event: 8.733 Thread 0x000001b498ca3010 Exception <a 'java/lang/NoSuchMethodError'{0x00000000851f9c28}: 'java.lang.Object java.lang.invoke.DirectMethodHandle$Holder.invokeSpecial(java.lang.Object, java.lang.Object, int, java.lang.Object, int, java.lang.Object)'> (0x00000000851f9c28) 
thrown [s\src\hotspot\share\interpreter\linkResolver.cpp, line 759]
Event: 8.734 Thread 0x000001b498ca3010 Exception <a 'java/lang/NoSuchMethodError'{0x00000000850dcbf0}: 'java.lang.Object java.lang.invoke.DirectMethodHandle$Holder.newInvokeSpecial(java.lang.Object, java.lang.Object, int, java.lang.Object, int)'> (0x00000000850dcbf0) 
thrown [s\src\hotspot\share\interpreter\linkResolver.cpp, line 759]
Event: 8.734 Thread 0x000001b498ca3010 Exception <a 'java/lang/NoSuchMethodError'{0x00000000850e0cf0}: 'java.lang.Object java.lang.invoke.DirectMethodHandle$Holder.invokeSpecial(java.lang.Object, java.lang.Object, java.lang.Object, int, java.lang.Object, int)'> (0x00000000850e0cf0) 
thrown [s\src\hotspot\share\interpreter\linkResolver.cpp, line 759]
Event: 8.737 Thread 0x000001b4a8a1efe0 Exception <a 'sun/nio/fs/WindowsException'{0x00000000851982d0}> (0x00000000851982d0) 
thrown [s\src\hotspot\share\prims\jni.cpp, line 516]
Event: 8.738 Thread 0x000001b4a8a1efe0 Exception <a 'sun/nio/fs/WindowsException'{0x0000000085198690}> (0x0000000085198690) 
thrown [s\src\hotspot\share\prims\jni.cpp, line 516]
Event: 8.738 Thread 0x000001b4a8a1efe0 Exception <a 'sun/nio/fs/WindowsException'{0x0000000085199090}> (0x0000000085199090) 
thrown [s\src\hotspot\share\prims\jni.cpp, line 516]
Event: 8.738 Thread 0x000001b4a8a1efe0 Exception <a 'sun/nio/fs/WindowsException'{0x0000000085199440}> (0x0000000085199440) 
thrown [s\src\hotspot\share\prims\jni.cpp, line 516]
Event: 8.738 Thread 0x000001b4a8a1efe0 Exception <a 'sun/nio/fs/WindowsException'{0x0000000085199e40}> (0x0000000085199e40) 
thrown [s\src\hotspot\share\prims\jni.cpp, line 516]
Event: 8.738 Thread 0x000001b4a8a1efe0 Exception <a 'sun/nio/fs/WindowsException'{0x000000008519a200}> (0x000000008519a200) 
thrown [s\src\hotspot\share\prims\jni.cpp, line 516]
Event: 8.738 Thread 0x000001b4a8a1efe0 Exception <a 'sun/nio/fs/WindowsException'{0x000000008519ac28}> (0x000000008519ac28) 
thrown [s\src\hotspot\share\prims\jni.cpp, line 516]
Event: 8.738 Thread 0x000001b4a8a1efe0 Exception <a 'sun/nio/fs/WindowsException'{0x0000000084f00118}> (0x0000000084f00118) 
thrown [s\src\hotspot\share\prims\jni.cpp, line 516]
Event: 8.738 Thread 0x000001b4a8a1efe0 Exception <a 'sun/nio/fs/WindowsException'{0x0000000084f00b78}> (0x0000000084f00b78) 
thrown [s\src\hotspot\share\prims\jni.cpp, line 516]
Event: 8.738 Thread 0x000001b4a8a1efe0 Exception <a 'sun/nio/fs/WindowsException'{0x0000000084f00f68}> (0x0000000084f00f68) 
thrown [s\src\hotspot\share\prims\jni.cpp, line 516]
Event: 8.738 Thread 0x000001b4a8a1efe0 Exception <a 'sun/nio/fs/WindowsException'{0x0000000084f01990}> (0x0000000084f01990) 
thrown [s\src\hotspot\share\prims\jni.cpp, line 516]
Event: 8.738 Thread 0x000001b4a8a1efe0 Exception <a 'sun/nio/fs/WindowsException'{0x0000000084f01d80}> (0x0000000084f01d80) 
thrown [s\src\hotspot\share\prims\jni.cpp, line 516]

VM Operations (20 events):
Event: 6.152 Executing VM operation: HandshakeAllThreads done
Event: 6.187 Executing VM operation: HandshakeAllThreads
Event: 6.187 Executing VM operation: HandshakeAllThreads done
Event: 6.557 Executing VM operation: G1CollectForAllocation
Event: 6.562 Executing VM operation: G1CollectForAllocation done
Event: 6.619 Executing VM operation: HandshakeAllThreads
Event: 6.619 Executing VM operation: HandshakeAllThreads done
Event: 6.796 Executing VM operation: HandshakeAllThreads
Event: 6.796 Executing VM operation: HandshakeAllThreads done
Event: 7.190 Executing VM operation: HandshakeAllThreads
Event: 7.190 Executing VM operation: HandshakeAllThreads done
Event: 7.485 Executing VM operation: G1CollectForAllocation
Event: 7.510 Executing VM operation: G1CollectForAllocation done
Event: 7.661 Executing VM operation: HandshakeAllThreads
Event: 7.661 Executing VM operation: HandshakeAllThreads done
Event: 8.251 Executing VM operation: G1CollectForAllocation
Event: 8.264 Executing VM operation: G1CollectForAllocation done
Event: 8.394 Executing VM operation: HandshakeAllThreads
Event: 8.394 Executing VM operation: HandshakeAllThreads done
Event: 8.762 Executing VM operation: G1CollectForAllocation

Events (20 events):
Event: 8.702 loading class sun/nio/fs/WindowsFileSystemProvider$1
Event: 8.703 loading class sun/nio/fs/WindowsFileSystemProvider$1 done
Event: 8.704 loading class sun/nio/fs/WindowsException
Event: 8.704 loading class sun/nio/fs/WindowsException done
Event: 8.709 loading class sun/nio/fs/WindowsUriSupport
Event: 8.709 loading class sun/nio/fs/WindowsPath$1
Event: 8.709 loading class sun/nio/fs/WindowsPath$1 done
Event: 8.709 loading class sun/nio/fs/WindowsUriSupport done
Event: 8.755 loading class java/nio/BufferUnderflowException
Event: 8.755 loading class java/nio/BufferUnderflowException done
Event: 8.755 loading class java/nio/channels/spi/AbstractInterruptibleChannel$1
Event: 8.755 loading class sun/nio/ch/Interruptible
Event: 8.755 loading class sun/nio/ch/Interruptible done
Event: 8.755 loading class java/nio/channels/spi/AbstractInterruptibleChannel$1 done
Event: 8.757 loading class jdk/internal/math/FDBigInteger
Event: 8.757 loading class java/nio/ReadOnlyBufferException
Event: 8.757 loading class java/nio/ReadOnlyBufferException done
Event: 8.758 loading class jdk/internal/math/FDBigInteger done
Event: 8.761 loading class java/util/zip/DataFormatException
Event: 8.762 loading class java/util/zip/DataFormatException done


Dynamic libraries:
0x00007ff7bd2f0000 - 0x00007ff7bd2fe000 	c:\Users\datea\.vscode\extensions\redhat.java-1.11.0-win32-x64\jre\17.0.4.1-win32-x86_64\bin\java.exe
0x00007fff837d0000 - 0x00007fff839e9000 	C:\WINDOWS\SYSTEM32\ntdll.dll
0x00007fff815a0000 - 0x00007fff81662000 	C:\WINDOWS\System32\KERNEL32.DLL
0x00007fff80c30000 - 0x00007fff80fcf000 	C:\WINDOWS\System32\KERNELBASE.dll
0x00007fff7da30000 - 0x00007fff7dac6000 	C:\WINDOWS\SYSTEM32\apphelp.dll
0x00007fff81140000 - 0x00007fff8125b000 	C:\WINDOWS\System32\ucrtbase.dll
0x00007fff718d0000 - 0x00007fff718e9000 	c:\Users\datea\.vscode\extensions\redhat.java-1.11.0-win32-x64\jre\17.0.4.1-win32-x86_64\bin\VCRUNTIME140.dll
0x00007fff729d0000 - 0x00007fff729e8000 	c:\Users\datea\.vscode\extensions\redhat.java-1.11.0-win32-x64\jre\17.0.4.1-win32-x86_64\bin\jli.dll
0x00007fff83210000 - 0x00007fff833bc000 	C:\WINDOWS\System32\USER32.dll
0x00007fff610a0000 - 0x00007fff61331000 	C:\WINDOWS\WinSxS\amd64_microsoft.windows.common-controls_6595b64144ccf1df_6.0.25217.1010_none_7b5ae231f1b4915b\COMCTL32.dll
0x00007fff83580000 - 0x00007fff83627000 	C:\WINDOWS\System32\msvcrt.dll
0x00007fff83120000 - 0x00007fff83149000 	C:\WINDOWS\System32\GDI32.dll
0x00007fff81500000 - 0x00007fff81526000 	C:\WINDOWS\System32\win32u.dll
0x00007fff813e0000 - 0x00007fff814f6000 	C:\WINDOWS\System32\gdi32full.dll
0x00007fff810a0000 - 0x00007fff8113a000 	C:\WINDOWS\System32\msvcp_win.dll
0x00007fff817d0000 - 0x00007fff81801000 	C:\WINDOWS\System32\IMM32.DLL
0x00007fff7cc90000 - 0x00007fff7cc9c000 	c:\Users\datea\.vscode\extensions\redhat.java-1.11.0-win32-x64\jre\17.0.4.1-win32-x86_64\bin\vcruntime140_1.dll
0x00007fff43f20000 - 0x00007fff43fb1000 	c:\Users\datea\.vscode\extensions\redhat.java-1.11.0-win32-x64\jre\17.0.4.1-win32-x86_64\bin\msvcp140.dll
0x00007ffef5e90000 - 0x00007ffef6ad6000 	c:\Users\datea\.vscode\extensions\redhat.java-1.11.0-win32-x64\jre\17.0.4.1-win32-x86_64\bin\server\jvm.dll
0x00007fff81d70000 - 0x00007fff81e1e000 	C:\WINDOWS\System32\ADVAPI32.dll
0x00007fff81810000 - 0x00007fff818b6000 	C:\WINDOWS\System32\sechost.dll
0x00007fff82b10000 - 0x00007fff82c37000 	C:\WINDOWS\System32\RPCRT4.dll
0x00007fff833d0000 - 0x00007fff833d8000 	C:\WINDOWS\System32\PSAPI.DLL
0x00007fff79e70000 - 0x00007fff79e7a000 	C:\WINDOWS\SYSTEM32\VERSION.dll
0x00007fff69f50000 - 0x00007fff69f59000 	C:\WINDOWS\SYSTEM32\WSOCK32.dll
0x00007fff79e30000 - 0x00007fff79e65000 	C:\WINDOWS\SYSTEM32\WINMM.dll
0x00007fff822a0000 - 0x00007fff8230f000 	C:\WINDOWS\System32\WS2_32.dll
0x00007fff7fb60000 - 0x00007fff7fb78000 	C:\WINDOWS\SYSTEM32\kernel.appcore.dll
0x00007fff7bcd0000 - 0x00007fff7bcda000 	c:\Users\datea\.vscode\extensions\redhat.java-1.11.0-win32-x64\jre\17.0.4.1-win32-x86_64\bin\jimage.dll
0x00007fff7e470000 - 0x00007fff7e6a3000 	C:\WINDOWS\SYSTEM32\DBGHELP.DLL
0x00007fff81f10000 - 0x00007fff82293000 	C:\WINDOWS\System32\combase.dll
0x00007fff81940000 - 0x00007fff81a18000 	C:\WINDOWS\System32\OLEAUT32.dll
0x00007fff6d4c0000 - 0x00007fff6d4f2000 	C:\WINDOWS\SYSTEM32\dbgcore.DLL
0x00007fff80bb0000 - 0x00007fff80c29000 	C:\WINDOWS\System32\bcryptPrimitives.dll
0x00007fff6c720000 - 0x00007fff6c745000 	c:\Users\datea\.vscode\extensions\redhat.java-1.11.0-win32-x64\jre\17.0.4.1-win32-x86_64\bin\java.dll
0x00007fff71750000 - 0x00007fff71768000 	c:\Users\datea\.vscode\extensions\redhat.java-1.11.0-win32-x64\jre\17.0.4.1-win32-x86_64\bin\zip.dll
0x00007fff82330000 - 0x00007fff82aff000 	C:\WINDOWS\System32\SHELL32.dll
0x00007fff7eab0000 - 0x00007fff7f345000 	C:\WINDOWS\SYSTEM32\windows.storage.dll
0x00007fff7e910000 - 0x00007fff7eaa3000 	C:\WINDOWS\SYSTEM32\wintypes.dll
0x00007fff81e20000 - 0x00007fff81f0b000 	C:\WINDOWS\System32\SHCORE.dll
0x00007fff81670000 - 0x00007fff816cd000 	C:\WINDOWS\System32\shlwapi.dll
0x00007fff80ae0000 - 0x00007fff80b01000 	C:\WINDOWS\SYSTEM32\profapi.dll
0x00007fff70630000 - 0x00007fff70649000 	C:\Users\datea\.vscode\extensions\redhat.java-1.11.0-win32-x64\jre\17.0.4.1-win32-x86_64\bin\net.dll
0x00007fff79a30000 - 0x00007fff79b5b000 	C:\WINDOWS\SYSTEM32\WINHTTP.dll
0x00007fff80010000 - 0x00007fff80079000 	C:\WINDOWS\system32\mswsock.dll
0x00007fff6c830000 - 0x00007fff6c845000 	C:\Users\datea\.vscode\extensions\redhat.java-1.11.0-win32-x64\jre\17.0.4.1-win32-x86_64\bin\nio.dll
0x00007fff728b0000 - 0x00007fff728c0000 	c:\Users\datea\.vscode\extensions\redhat.java-1.11.0-win32-x64\jre\17.0.4.1-win32-x86_64\bin\verify.dll
0x00007fff7d550000 - 0x00007fff7d559000 	C:\Users\datea\.vscode\extensions\redhat.java-1.11.0-win32-x64\jre\17.0.4.1-win32-x86_64\bin\management.dll
0x00007fff7d410000 - 0x00007fff7d41b000 	C:\Users\datea\.vscode\extensions\redhat.java-1.11.0-win32-x64\jre\17.0.4.1-win32-x86_64\bin\management_ext.dll
0x00007fff30650000 - 0x00007fff30667000 	C:\WINDOWS\system32\napinsp.dll
0x00007fff2e660000 - 0x00007fff2e67a000 	C:\WINDOWS\system32\pnrpnsp.dll
0x00007fff6baa0000 - 0x00007fff6bac1000 	C:\WINDOWS\system32\nlansp_c.dll
0x00007fff7f630000 - 0x00007fff7f72f000 	C:\WINDOWS\SYSTEM32\DNSAPI.dll
0x00007fff7f5c0000 - 0x00007fff7f5ee000 	C:\WINDOWS\SYSTEM32\IPHLPAPI.DLL
0x00007fff82320000 - 0x00007fff82329000 	C:\WINDOWS\System32\NSI.dll
0x00007fff2dfd0000 - 0x00007fff2dfe1000 	C:\WINDOWS\System32\winrnr.dll
0x00007fff50740000 - 0x00007fff50755000 	C:\WINDOWS\system32\wshbth.dll
0x00007fff787d0000 - 0x00007fff787da000 	C:\Windows\System32\rasadhlp.dll
0x00007fff79060000 - 0x00007fff790e4000 	C:\WINDOWS\System32\fwpuclnt.dll
0x00007fff80290000 - 0x00007fff802ab000 	C:\WINDOWS\SYSTEM32\CRYPTSP.dll
0x00007fff7faa0000 - 0x00007fff7fad4000 	C:\WINDOWS\system32\rsaenh.dll
0x00007fff80130000 - 0x00007fff80158000 	C:\WINDOWS\SYSTEM32\USERENV.dll
0x00007fff80450000 - 0x00007fff80478000 	C:\WINDOWS\SYSTEM32\bcrypt.dll
0x00007fff802b0000 - 0x00007fff802bc000 	C:\WINDOWS\SYSTEM32\CRYPTBASE.dll
0x00007fff79870000 - 0x00007fff79889000 	C:\WINDOWS\SYSTEM32\dhcpcsvc6.DLL
0x00007fff79840000 - 0x00007fff7985f000 	C:\WINDOWS\SYSTEM32\dhcpcsvc.DLL

dbghelp: loaded successfully - version: 4.0.5 - missing functions: none
symbol engine: initialized successfully - sym options: 0x614 - pdb path: .;c:\Users\datea\.vscode\extensions\redhat.java-1.11.0-win32-x64\jre\17.0.4.1-win32-x86_64\bin;C:\WINDOWS\SYSTEM32;C:\WINDOWS\WinSxS\amd64_microsoft.windows.common-controls_6595b64144ccf1df_6.0.25217.1010_none_7b5ae231f1b4915b;c:\Users\datea\.vscode\extensions\redhat.java-1.11.0-win32-x64\jre\17.0.4.1-win32-x86_64\bin\server

VM Arguments:
jvm_args: -Dsts.lsp.client=vscode -Dsts.log.file=/dev/null -XX:TieredStopAtLevel=1 -Xlog:jni+resolve=off -Dspring.config.location=file:c:\Users\datea\.vscode\extensions\pivotal.vscode-spring-boot-1.39.0\language-server\BOOT-INF\classes\application.properties 
java_command: org.springframework.ide.vscode.boot.app.BootLanguageServerBootApp
java_class_path (initial): c:\Users\datea\.vscode\extensions\pivotal.vscode-spring-boot-1.39.0\language-server\BOOT-INF\classes;c:\Users\datea\.vscode\extensions\pivotal.vscode-spring-boot-1.39.0\language-server\BOOT-INF\lib\annotations-23.0.0.jar;c:\Users\datea\.vscode\extensions\pivotal.vscode-spring-boot-1.39.0\language-server\BOOT-INF\lib\antlr-runtime-3.5.2.jar;c:\Users\datea\.vscode\extensions\pivotal.vscode-spring-boot-1.39.0\language-server\BOOT-INF\lib\antlr4-4.9.3.jar;c:\Users\datea\.vscode\extensions\pivotal.vscode-spring-boot-1.39.0\language-server\BOOT-INF\lib\antlr4-runtime-4.9.3.jar;c:\Users\datea\.vscode\extensions\pivotal.vscode-spring-boot-1.39.0\language-server\BOOT-INF\lib\asm-9.3.jar;c:\Users\datea\.vscode\extensions\pivotal.vscode-spring-boot-1.39.0\language-server\BOOT-INF\lib\asm-analysis-9.3.jar;c:\Users\datea\.vscode\extensions\pivotal.vscode-spring-boot-1.39.0\language-server\BOOT-INF\lib\asm-tree-9.3.jar;c:\Users\datea\.vscode\extensions\pivotal.vscode-spring-boot-1.39.0\language-server\BOOT-INF\lib\asm-util-9.3.jar;c:\Users\datea\.vscode\extensions\pivotal.vscode-spring-boot-1.39.0\language-server\BOOT-INF\lib\byte-buddy-1.12.13.jar;c:\Users\datea\.vscode\extensions\pivotal.vscode-spring-boot-1.39.0\language-server\BOOT-INF\lib\caffeine-2.9.3.jar;c:\Users\datea\.vscode\extensions\pivotal.vscode-spring-boot-1.39.0\language-server\BOOT-INF\lib\checker-qual-3.12.0.jar;c:\Users\datea\.vscode\extensions\pivotal.vscode-spring-boot-1.39.0\language-server\BOOT-INF\lib\classgraph-4.8.149.jar;c:\Users\datea\.vscode\extensions\pivotal.vscode-spring-boot-1.39.0\language-server\BOOT-INF\lib\commons-codec-1.15.jar;c:\Users\datea\.vscode\extensions\pivotal.vscode-spring-boot-1.39.0\language-server\BOOT-INF\lib\commons-compress-1.21.jar;c:\Users\datea\.vscode\extensions\pivotal.vscode-spring-boot-1.39.0\language-server\BOOT-INF\lib\commons-exec-1.3.jar;c:\Users\datea\.vscode\extensions\pivotal.vscode-spring-boot-1.39.0\language-server\BOOT-INF\lib\com
Launcher Type: SUN_STANDARD

[Global flags]
     intx CICompilerCount                          = 4                                         {product} {ergonomic}
     uint ConcGCThreads                            = 2                                         {product} {ergonomic}
     uint G1ConcRefinementThreads                  = 8                                         {product} {ergonomic}
   size_t G1HeapRegionSize                         = 1048576                                   {product} {ergonomic}
    uintx GCDrainStackTargetSize                   = 64                                        {product} {ergonomic}
   size_t InitialHeapSize                          = 132120576                                 {product} {ergonomic}
   size_t MarkStackSize                            = 4194304                                   {product} {ergonomic}
   size_t MaxHeapSize                              = 2095054848                                {product} {ergonomic}
   size_t MaxNewSize                               = 1256194048                                {product} {ergonomic}
   size_t MinHeapDeltaBytes                        = 1048576                                   {product} {ergonomic}
   size_t MinHeapSize                              = 8388608                                   {product} {ergonomic}
    uintx NonProfiledCodeHeapSize                  = 0                                      {pd product} {ergonomic}
     bool ProfileInterpreter                       = false                                  {pd product} {command line}
    uintx ProfiledCodeHeapSize                     = 0                                      {pd product} {ergonomic}
   size_t SoftMaxHeapSize                          = 2095054848                             {manageable} {ergonomic}
     intx TieredStopAtLevel                        = 1                                         {product} {command line}
     bool UseCompressedClassPointers               = true                           {product lp64_product} {ergonomic}
     bool UseCompressedOops                        = true                           {product lp64_product} {ergonomic}
     bool UseG1GC                                  = true                                      {product} {ergonomic}
     bool UseLargePagesIndividualAllocation        = false                                  {pd product} {ergonomic}

Logging:
Log output configuration:
 #0: stdout all=warning,jni+resolve=off uptime,level,tags
 #1: stderr all=off uptime,level,tags

Environment Variables:
PATH=C:\Program Files\Java\jdk-15.0.2\bin;C:\Program Files\Common Files\Oracle\Java\javapath;C:\WINDOWS\system32;C:\WINDOWS;C:\WINDOWS\System32\Wbem;C:\WINDOWS\System32\WindowsPowerShell\v1.0\;C:\WINDOWS\System32\OpenSSH\;C:\Program Files\Azure Data Studio\bin;C:\Program Files\Microsoft SQL Server\Client SDK\ODBC\170\Tools\Binn\;C:\Program Files (x86)\Microsoft SQL Server\150\Tools\Binn\;C:\Program Files\Microsoft SQL Server\150\Tools\Binn\;C:\Program Files\Microsoft SQL Server\150\DTS\Binn\;C:\Program Files (x86)\Microsoft SQL Server\150\DTS\Binn\;C:\Program Files (x86)\GitExtensions\;F:\xampp\php;C:\ProgramData\ComposerSetup\bin;C:\xampp\php;C:\Program Files\Git\cmd;C:\Users\datea\AppData\Local\Microsoft\WindowsApps;C:\Users\datea\AppData\Local\Programs\Microsoft VS Code\bin;;C:\Program Files\Azure Data Studio\bin;C:\Users\datea\AppData\Roaming\Composer\vendor\bin
USERNAME=datea
OS=Windows_NT
PROCESSOR_IDENTIFIER=Intel64 Family 6 Model 126 Stepping 5, GenuineIntel
TMP=C:\Users\datea\AppData\Local\Temp
TEMP=C:\Users\datea\AppData\Local\Temp



---------------  S Y S T E M  ---------------

OS:
 Windows 11 , 64 bit Build 25217 (10.0.25217.1000)
OS uptime: 1 days 20:28 hours
Hyper-V role detected

CPU: total 8 (initial active 8) (4 cores per cpu, 2 threads per core) family 6 model 126 stepping 5 microcode 0xa6, cx8, cmov, fxsr, ht, mmx, 3dnowpref, sse, sse2, sse3, ssse3, sse4.1, sse4.2, popcnt, lzcnt, tsc, tscinvbit, avx, avx2, aes, erms, clmul, bmi1, bmi2, adx, avx512f, avx512dq, avx512cd, avx512bw, avx512vl, sha, fma, vzeroupper, avx512_vpopcntdq, avx512_vpclmulqdq, avx512_vaes, avx512_vnni, clflush, clflushopt, avx512_vbmi2, avx512_vbmi, hv

Memory: 4k page, system-wide physical 7987M (757M free)
TotalPageFile size 12083M (AvailPageFile size 27M)
current process WorkingSet (physical memory assigned to process): 130M, peak: 131M
current process commit charge ("private bytes"): 167M, peak: 229M

vm_info: OpenJDK 64-Bit Server VM (17.0.4.1+1) for windows-amd64 JRE (17.0.4.1+1), built on Aug 17 2022 07:42:43 by "temurin" with MS VC++ 16.7 (VS2019)

END.
