#
# There is insufficient memory for the Java Runtime Environment to continue.
# Native memory allocation (malloc) failed to allocate 1048576 bytes for AllocateHeap
# Possible reasons:
#   The system is out of physical RAM or swap space
#   The process is running with CompressedOops enabled, and the Java Heap may be blocking the growth of the native heap
# Possible solutions:
#   Reduce memory load on the system
#   Increase physical memory or swap space
#   Check if swap backing store is full
#   Decrease Java heap size (-Xmx/-Xms)
#   Decrease number of Java threads
#   Decrease Java thread stack sizes (-Xss)
#   Set larger code cache with -XX:ReservedCodeCacheSize=
#   JVM is running with Unscaled Compressed Oops mode in which the Java heap is
#     placed in the first 4GB address space. The Java Heap base address is the
#     maximum limit for the native heap growth. Please use -XX:HeapBaseMinAddress
#     to set the Java Heap base and to place the Java Heap above 4GB virtual address.
# This output file may be truncated or incomplete.
#
#  Out of Memory Error (allocation.cpp:44), pid=57400, tid=53216
#
# JRE version: OpenJDK Runtime Environment Temurin-17.0.5+8 (17.0.5+8) (build 17.0.5+8)
# Java VM: OpenJDK 64-Bit Server VM Temurin-17.0.5+8 (17.0.5+8, mixed mode, emulated-client, sharing, tiered, compressed oops, compressed class ptrs, g1 gc, windows-amd64)
# No core dump will be written. Minidumps are not enabled by default on client versions of Windows
#

---------------  S U M M A R Y ------------

Command Line: -Dsts.lsp.client=vscode -Dsts.log.file=/dev/null -XX:TieredStopAtLevel=1 -Xlog:jni+resolve=off -Dspring.config.location=file:c:\Users\datea\.vscode\extensions\pivotal.vscode-spring-boot-1.40.0\language-server\BOOT-INF\classes\application.properties org.springframework.ide.vscode.boot.app.BootLanguageServerBootApp

Host: Intel(R) Core(TM) i5-1035G1 CPU @ 1.00GHz, 8 cores, 7G,  Windows 11 , 64 bit Build 25236 (10.0.25236.1000)
Time: Sat Nov  5 21:37:54 2022 SE Asia Standard Time elapsed time: 1057.109904 seconds (0d 0h 17m 37s)

---------------  T H R E A D  ---------------

Current thread (0x000002f27f96e510):  VMThread "VM Thread" [stack: 0x000000f62c300000,0x000000f62c400000] [id=53216]

Stack: [0x000000f62c300000,0x000000f62c400000]
Native frames: (J=compiled Java code, j=interpreted, Vv=VM code, C=native code)
V  [jvm.dll+0x676b3a]
V  [jvm.dll+0x831444]
V  [jvm.dll+0x832bee]
V  [jvm.dll+0x833253]
V  [jvm.dll+0x244ce5]
V  [jvm.dll+0xa631f]
V  [jvm.dll+0x2f4f03]
V  [jvm.dll+0x2f0c10]
V  [jvm.dll+0x2d92f7]
V  [jvm.dll+0x31c3b7]
V  [jvm.dll+0x8376fb]
V  [jvm.dll+0x838434]
V  [jvm.dll+0x83894c]
V  [jvm.dll+0x838d24]
V  [jvm.dll+0x838df0]
V  [jvm.dll+0x7e17ea]
V  [jvm.dll+0x6759e5]
C  [ucrtbase.dll+0x247cb]
C  [KERNEL32.DLL+0x1335d]
C  [ntdll.dll+0x67f38]

VM_Operation (0x000000f62dcfef20): G1CollectFull, mode: safepoint, requested by thread 0x000002f20b65cd00


---------------  P R O C E S S  ---------------

Threads class SMR info:
_java_thread_list=0x000002f20bc11c30, length=27, elements={
0x000002f27f971fa0, 0x000002f27f976b80, 0x000002f27f990700, 0x000002f27f9910b0,
0x000002f27f991a60, 0x000002f27f992410, 0x000002f27f992e70, 0x000002f27f993860,
0x000002f2099a5410, 0x000002f2099a8fb0, 0x000002f20b519040, 0x000002f20b65cd00,
0x000002f20b6ddc40, 0x000002f276710c80, 0x000002f20b355050, 0x000002f20b35b3e0,
0x000002f20b7fb840, 0x000002f20b7fbd10, 0x000002f20b85c1a0, 0x000002f20b8c7560,
0x000002f20b8c83d0, 0x000002f20b8cbd90, 0x000002f20b8c88a0, 0x000002f20b8caa50,
0x000002f20b8cb3f0, 0x000002f20b8cb8c0, 0x000002f20b8c9710
}

Java Threads: ( => current thread )
  0x000002f27f971fa0 JavaThread "Reference Handler" daemon [_thread_blocked, id=55752, stack(0x000000f62c400000,0x000000f62c500000)]
  0x000002f27f976b80 JavaThread "Finalizer" daemon [_thread_blocked, id=29864, stack(0x000000f62c500000,0x000000f62c600000)]
  0x000002f27f990700 JavaThread "Signal Dispatcher" daemon [_thread_blocked, id=56540, stack(0x000000f62c700000,0x000000f62c800000)]
  0x000002f27f9910b0 JavaThread "Attach Listener" daemon [_thread_blocked, id=56360, stack(0x000000f62c800000,0x000000f62c900000)]
  0x000002f27f991a60 JavaThread "Service Thread" daemon [_thread_blocked, id=51860, stack(0x000000f62c900000,0x000000f62ca00000)]
  0x000002f27f992410 JavaThread "Monitor Deflation Thread" daemon [_thread_blocked, id=54692, stack(0x000000f62ca00000,0x000000f62cb00000)]
  0x000002f27f992e70 JavaThread "C1 CompilerThread0" daemon [_thread_blocked, id=29248, stack(0x000000f62cb00000,0x000000f62cc00000)]
  0x000002f27f993860 JavaThread "Sweeper thread" daemon [_thread_blocked, id=50604, stack(0x000000f62cc00000,0x000000f62cd00000)]
  0x000002f2099a5410 JavaThread "Notification Thread" daemon [_thread_blocked, id=57500, stack(0x000000f62d000000,0x000000f62d100000)]
  0x000002f2099a8fb0 JavaThread "Common-Cleaner" daemon [_thread_blocked, id=55136, stack(0x000000f62d200000,0x000000f62d300000)]
  0x000002f20b519040 JavaThread "boundedElastic-evictor-1" daemon [_thread_blocked, id=56644, stack(0x000000f62d800000,0x000000f62d900000)]
  0x000002f20b65cd00 JavaThread "pool-9-thread-1" [_thread_blocked, id=52532, stack(0x000000f62dc00000,0x000000f62dd00000)]
  0x000002f20b6ddc40 JavaThread "LanguageServerApp-lifecycle" [_thread_blocked, id=52124, stack(0x000000f62dd00000,0x000000f62de00000)]
  0x000002f276710c80 JavaThread "DestroyJavaVM" [_thread_blocked, id=58056, stack(0x000000f62bd00000,0x000000f62be00000)]
  0x000002f20b355050 JavaThread "pool-10-thread-1" [_thread_in_native, id=51048, stack(0x000000f62de00000,0x000000f62df00000)]
  0x000002f20b35b3e0 JavaThread "Simple-Language-Server main thread" daemon [_thread_blocked, id=48048, stack(0x000000f62df00000,0x000000f62e000000)]
  0x000002f20b7fb840 JavaThread "pool-7-thread-1" [_thread_blocked, id=46544, stack(0x000000f62e100000,0x000000f62e200000)]
  0x000002f20b7fbd10 JavaThread "parallel-1" daemon [_thread_blocked, id=42700, stack(0x000000f62e200000,0x000000f62e300000)]
  0x000002f20b85c1a0 JavaThread "Reconciler-1" daemon [_thread_blocked, id=55824, stack(0x000000f62e300000,0x000000f62e400000)]
  0x000002f20b8c7560 JavaThread "parallel-2" daemon [_thread_blocked, id=50196, stack(0x000000f62f200000,0x000000f62f300000)]
  0x000002f20b8c83d0 JavaThread "pool-5-thread-1" [_thread_blocked, id=29780, stack(0x000000f62f300000,0x000000f62f400000)]
  0x000002f20b8cbd90 JavaThread "parallel-3" daemon [_thread_blocked, id=55704, stack(0x000000f62f400000,0x000000f62f500000)]
  0x000002f20b8c88a0 JavaThread "parallel-4" daemon [_thread_blocked, id=49788, stack(0x000000f62f800000,0x000000f62f900000)]
  0x000002f20b8caa50 JavaThread "parallel-5" daemon [_thread_blocked, id=54416, stack(0x000000f62f900000,0x000000f62fa00000)]
  0x000002f20b8cb3f0 JavaThread "parallel-6" daemon [_thread_blocked, id=44200, stack(0x000000f62fb00000,0x000000f62fc00000)]
  0x000002f20b8cb8c0 JavaThread "parallel-7" daemon [_thread_blocked, id=39228, stack(0x000000f62fc00000,0x000000f62fd00000)]
  0x000002f20b8c9710 JavaThread "parallel-8" daemon [_thread_blocked, id=57052, stack(0x000000f62e500000,0x000000f62e600000)]

Other Threads:
=>0x000002f27f96e510 VMThread "VM Thread" [stack: 0x000000f62c300000,0x000000f62c400000] [id=53216]
  0x000002f2099a5b30 WatcherThread [stack: 0x000000f62d100000,0x000000f62d200000] [id=49520]
  0x000002f27676ced0 GCTaskThread "GC Thread#0" [stack: 0x000000f62be00000,0x000000f62bf00000] [id=44964]
  0x000002f20a253470 GCTaskThread "GC Thread#1" [stack: 0x000000f62d300000,0x000000f62d400000] [id=20096]
  0x000002f20a253720 GCTaskThread "GC Thread#2" [stack: 0x000000f62d400000,0x000000f62d500000] [id=55920]
  0x000002f20a28fe70 GCTaskThread "GC Thread#3" [stack: 0x000000f62d500000,0x000000f62d600000] [id=49452]
  0x000002f20a290930 GCTaskThread "GC Thread#4" [stack: 0x000000f62d600000,0x000000f62d700000] [id=35904]
  0x000002f20a290be0 GCTaskThread "GC Thread#5" [stack: 0x000000f62d700000,0x000000f62d800000] [id=40652]
  0x000002f20b07fe70 GCTaskThread "GC Thread#6" [stack: 0x000000f62d900000,0x000000f62da00000] [id=12996]
  0x000002f20b079fc0 GCTaskThread "GC Thread#7" [stack: 0x000000f62da00000,0x000000f62db00000] [id=31764]
  0x000002f27677d7d0 ConcurrentGCThread "G1 Main Marker" [stack: 0x000000f62bf00000,0x000000f62c000000] [id=46684]
  0x000002f27677f350 ConcurrentGCThread "G1 Conc#0" [stack: 0x000000f62c000000,0x000000f62c100000] [id=54108]
  0x000002f20b553160 ConcurrentGCThread "G1 Conc#1" [stack: 0x000000f62db00000,0x000000f62dc00000] [id=30076]
  0x000002f2767be770 ConcurrentGCThread "G1 Refine#0" [stack: 0x000000f62c100000,0x000000f62c200000] [id=43876]
  0x000002f20b8020f0 ConcurrentGCThread "G1 Refine#1" [stack: 0x000000f62f500000,0x000000f62f600000] [id=41000]
  0x000002f20b8023d0 ConcurrentGCThread "G1 Refine#2" [stack: 0x000000f62f600000,0x000000f62f700000] [id=47624]
  0x000002f20b801850 ConcurrentGCThread "G1 Refine#3" [stack: 0x000000f62fd00000,0x000000f62fe00000] [id=19500]
  0x000002f20b8009f0 ConcurrentGCThread "G1 Refine#4" [stack: 0x000000f62cf00000,0x000000f62d000000] [id=53136]
  0x000002f20b800cd0 ConcurrentGCThread "G1 Refine#5" [stack: 0x000000f62fe00000,0x000000f62ff00000] [id=53168]
  0x000002f20b801570 ConcurrentGCThread "G1 Refine#6" [stack: 0x000000f62e400000,0x000000f62e500000] [id=50148]
  0x000002f27f828360 ConcurrentGCThread "G1 Service" [stack: 0x000000f62c200000,0x000000f62c300000] [id=51288]

Threads with active compile tasks:

VM state: at safepoint (normal execution)

VM Mutex/Monitor currently owned by a thread:  ([mutex/lock_event])
[0x000002f2744c3de0] Threads_lock - owner thread: 0x000002f27f96e510
[0x000002f27670de10] Heap_lock - owner thread: 0x000002f20b65cd00

Heap address: 0x0000000083200000, size: 1998 MB, Compressed Oops mode: 32-bit

CDS archive(s) mapped at: [0x0000000800000000-0x0000000800bc0000-0x0000000800bc0000), size 12320768, SharedBaseAddress: 0x0000000800000000, ArchiveRelocationMode: 0.
Compressed class space mapped at: 0x0000000800c00000-0x0000000840c00000, reserved size: 1073741824
Narrow klass base: 0x0000000800000000, Narrow klass shift: 0, Narrow klass range: 0x100000000

GC Precious Log:
 CPUs: 8 total, 8 available
 Memory: 7987M
 Large Page Support: Disabled
 NUMA Support: Disabled
 Compressed Oops: Enabled (32-bit)
 Heap Region Size: 1M
 Heap Min Capacity: 8M
 Heap Initial Capacity: 126M
 Heap Max Capacity: 1998M
 Pre-touch: Disabled
 Parallel Workers: 8
 Concurrent Workers: 2
 Concurrent Refinement Workers: 8
 Periodic GC: Disabled

Heap:
 garbage-first heap   total 119808K, used 35439K [0x0000000083200000, 0x0000000100000000)
  region size 1024K, 1 young (1024K), 0 survivors (0K)
 Metaspace       used 46263K, committed 46656K, reserved 1097728K
  class space    used 6290K, committed 6464K, reserved 1048576K

Heap Regions: E=young(eden), S=young(survivor), O=old, HS=humongous(starts), HC=humongous(continues), CS=collection set, F=free, OA=open archive, CA=closed archive, TAMS=top-at-mark-start (previous, next)
|   0|0x0000000083200000, 0x0000000083300000, 0x0000000083300000|100%| O|  |TAMS 0x0000000083300000, 0x0000000083200000| Untracked 
|   1|0x0000000083300000, 0x0000000083400000, 0x0000000083400000|100%| O|  |TAMS 0x0000000083400000, 0x0000000083300000| Untracked 
|   2|0x0000000083400000, 0x00000000834ffff0, 0x0000000083500000| 99%| O|  |TAMS 0x00000000834ffff0, 0x0000000083400000| Untracked 
|   3|0x0000000083500000, 0x00000000835ffff0, 0x0000000083600000| 99%| O|  |TAMS 0x00000000835ffff0, 0x0000000083500000| Untracked 
|   4|0x0000000083600000, 0x00000000836ffff8, 0x0000000083700000| 99%| O|  |TAMS 0x00000000836ffff8, 0x0000000083600000| Untracked 
|   5|0x0000000083700000, 0x00000000837fffa8, 0x0000000083800000| 99%| O|  |TAMS 0x00000000837fffa8, 0x0000000083700000| Untracked 
|   6|0x0000000083800000, 0x00000000838ffff8, 0x0000000083900000| 99%| O|  |TAMS 0x00000000838ffff8, 0x0000000083800000| Untracked 
|   7|0x0000000083900000, 0x0000000083a00000, 0x0000000083a00000|100%| O|  |TAMS 0x0000000083a00000, 0x0000000083900000| Untracked 
|   8|0x0000000083a00000, 0x0000000083b00000, 0x0000000083b00000|100%|HS|  |TAMS 0x0000000083b00000, 0x0000000083a00000| Untracked 
|   9|0x0000000083b00000, 0x0000000083c00000, 0x0000000083c00000|100%| O|  |TAMS 0x0000000083c00000, 0x0000000083b00000| Untracked 
|  10|0x0000000083c00000, 0x0000000083cfffc8, 0x0000000083d00000| 99%| O|  |TAMS 0x0000000083cfffc8, 0x0000000083c00000| Untracked 
|  11|0x0000000083d00000, 0x0000000083dffff8, 0x0000000083e00000| 99%| O|  |TAMS 0x0000000083dffff8, 0x0000000083d00000| Untracked 
|  12|0x0000000083e00000, 0x0000000083effff0, 0x0000000083f00000| 99%| O|  |TAMS 0x0000000083effff0, 0x0000000083e00000| Untracked 
|  13|0x0000000083f00000, 0x0000000083ffff98, 0x0000000084000000| 99%| O|  |TAMS 0x0000000083ffff98, 0x0000000083f00000| Untracked 
|  14|0x0000000084000000, 0x00000000840ffff0, 0x0000000084100000| 99%| O|  |TAMS 0x00000000840ffff0, 0x0000000084000000| Untracked 
|  15|0x0000000084100000, 0x0000000084200000, 0x0000000084200000|100%| O|  |TAMS 0x0000000084200000, 0x0000000084100000| Untracked 
|  16|0x0000000084200000, 0x00000000842ffff8, 0x0000000084300000| 99%| O|  |TAMS 0x00000000842ffff8, 0x0000000084200000| Untracked 
|  17|0x0000000084300000, 0x0000000084400000, 0x0000000084400000|100%| O|  |TAMS 0x0000000084400000, 0x0000000084300000| Untracked 
|  18|0x0000000084400000, 0x00000000844ffff8, 0x0000000084500000| 99%| O|  |TAMS 0x00000000844ffff8, 0x0000000084400000| Untracked 
|  19|0x0000000084500000, 0x00000000845fffb8, 0x0000000084600000| 99%| O|  |TAMS 0x00000000845fffb8, 0x0000000084500000| Untracked 
|  20|0x0000000084600000, 0x00000000846ffc60, 0x0000000084700000| 99%| O|  |TAMS 0x00000000846ffc60, 0x0000000084600000| Untracked 
|  21|0x0000000084700000, 0x00000000847fffd8, 0x0000000084800000| 99%| O|  |TAMS 0x00000000847fffd8, 0x0000000084700000| Untracked 
|  22|0x0000000084800000, 0x00000000848fffd8, 0x0000000084900000| 99%| O|  |TAMS 0x00000000848fffd8, 0x0000000084800000| Untracked 
|  23|0x0000000084900000, 0x0000000084a00000, 0x0000000084a00000|100%| O|  |TAMS 0x0000000084a00000, 0x0000000084900000| Untracked 
|  24|0x0000000084a00000, 0x0000000084afffc8, 0x0000000084b00000| 99%| O|  |TAMS 0x0000000084afffc8, 0x0000000084a00000| Untracked 
|  25|0x0000000084b00000, 0x0000000084c00000, 0x0000000084c00000|100%| O|  |TAMS 0x0000000084c00000, 0x0000000084b00000| Untracked 
|  26|0x0000000084c00000, 0x0000000084cdbb38, 0x0000000084d00000| 85%| O|  |TAMS 0x0000000084c00000, 0x0000000084c00000| Untracked 
|  27|0x0000000084d00000, 0x0000000084dfff98, 0x0000000084e00000| 99%| O|  |TAMS 0x0000000084dfff98, 0x0000000084d00000| Untracked 
|  28|0x0000000084e00000, 0x0000000084ec0f68, 0x0000000084f00000| 75%| O|  |TAMS 0x0000000084e00000, 0x0000000084e00000| Untracked 
|  29|0x0000000084f00000, 0x0000000084f00000, 0x0000000085000000|  0%| F|  |TAMS 0x0000000084f00000, 0x0000000084f00000| Untracked 
|  30|0x0000000085000000, 0x0000000085000000, 0x0000000085100000|  0%| F|  |TAMS 0x0000000085000000, 0x0000000085000000| Untracked 
|  31|0x0000000085100000, 0x0000000085200000, 0x0000000085200000|100%| O|  |TAMS 0x0000000085200000, 0x0000000085100000| Untracked 
|  32|0x0000000085200000, 0x0000000085200000, 0x0000000085300000|  0%| F|  |TAMS 0x0000000085200000, 0x0000000085200000| Untracked 
|  33|0x0000000085300000, 0x00000000853fffe8, 0x0000000085400000| 99%| O|  |TAMS 0x00000000853fffe8, 0x0000000085300000| Untracked 
|  34|0x0000000085400000, 0x0000000085400000, 0x0000000085500000|  0%| F|  |TAMS 0x0000000085400000, 0x0000000085400000| Untracked 
|  35|0x0000000085500000, 0x00000000855fff88, 0x0000000085600000| 99%| O|  |TAMS 0x00000000855fff88, 0x0000000085500000| Untracked 
|  36|0x0000000085600000, 0x0000000085600000, 0x0000000085700000|  0%| F|  |TAMS 0x0000000085600000, 0x0000000085600000| Untracked 
|  37|0x0000000085700000, 0x0000000085700000, 0x0000000085800000|  0%| F|  |TAMS 0x0000000085700000, 0x0000000085700000| Untracked 
|  38|0x0000000085800000, 0x0000000085800000, 0x0000000085900000|  0%| F|  |TAMS 0x0000000085800000, 0x0000000085800000| Untracked 
|  39|0x0000000085900000, 0x0000000085900000, 0x0000000085a00000|  0%| F|  |TAMS 0x0000000085900000, 0x0000000085900000| Untracked 
|  40|0x0000000085a00000, 0x0000000085aff9c8, 0x0000000085b00000| 99%| O|  |TAMS 0x0000000085aff9c8, 0x0000000085a00000| Untracked 
|  41|0x0000000085b00000, 0x0000000085bfffe8, 0x0000000085c00000| 99%| O|  |TAMS 0x0000000085bfffe8, 0x0000000085b00000| Untracked 
|  42|0x0000000085c00000, 0x0000000085c00000, 0x0000000085d00000|  0%| F|  |TAMS 0x0000000085c00000, 0x0000000085c00000| Untracked 
|  43|0x0000000085d00000, 0x0000000085d00000, 0x0000000085e00000|  0%| F|  |TAMS 0x0000000085d00000, 0x0000000085d00000| Untracked 
|  44|0x0000000085e00000, 0x0000000085e00000, 0x0000000085f00000|  0%| F|  |TAMS 0x0000000085e00000, 0x0000000085e00000| Untracked 
|  45|0x0000000085f00000, 0x0000000085f00000, 0x0000000086000000|  0%| F|  |TAMS 0x0000000085f00000, 0x0000000085f00000| Untracked 
|  46|0x0000000086000000, 0x0000000086000000, 0x0000000086100000|  0%| F|  |TAMS 0x0000000086000000, 0x0000000086000000| Untracked 
|  47|0x0000000086100000, 0x0000000086100000, 0x0000000086200000|  0%| F|  |TAMS 0x0000000086100000, 0x0000000086100000| Untracked 
|  48|0x0000000086200000, 0x0000000086200000, 0x0000000086300000|  0%| F|  |TAMS 0x0000000086200000, 0x0000000086200000| Untracked 
|  49|0x0000000086300000, 0x0000000086300000, 0x0000000086400000|  0%| F|  |TAMS 0x0000000086300000, 0x0000000086300000| Untracked 
|  50|0x0000000086400000, 0x0000000086400000, 0x0000000086500000|  0%| F|  |TAMS 0x0000000086400000, 0x0000000086400000| Untracked 
|  51|0x0000000086500000, 0x0000000086500000, 0x0000000086600000|  0%| F|  |TAMS 0x0000000086500000, 0x0000000086500000| Untracked 
|  52|0x0000000086600000, 0x0000000086600000, 0x0000000086700000|  0%| F|  |TAMS 0x0000000086600000, 0x0000000086600000| Untracked 
|  53|0x0000000086700000, 0x0000000086700000, 0x0000000086800000|  0%| F|  |TAMS 0x0000000086700000, 0x0000000086700000| Untracked 
|  54|0x0000000086800000, 0x0000000086800000, 0x0000000086900000|  0%| F|  |TAMS 0x0000000086800000, 0x0000000086800000| Untracked 
|  55|0x0000000086900000, 0x0000000086900000, 0x0000000086a00000|  0%| F|  |TAMS 0x0000000086900000, 0x0000000086900000| Untracked 
|  56|0x0000000086a00000, 0x0000000086a00000, 0x0000000086b00000|  0%| F|  |TAMS 0x0000000086a00000, 0x0000000086a00000| Untracked 
|  57|0x0000000086b00000, 0x0000000086b00000, 0x0000000086c00000|  0%| F|  |TAMS 0x0000000086b00000, 0x0000000086b00000| Untracked 
|  58|0x0000000086c00000, 0x0000000086c00000, 0x0000000086d00000|  0%| F|  |TAMS 0x0000000086c00000, 0x0000000086c00000| Untracked 
|  59|0x0000000086d00000, 0x0000000086d00000, 0x0000000086e00000|  0%| F|  |TAMS 0x0000000086d00000, 0x0000000086d00000| Untracked 
|  60|0x0000000086e00000, 0x0000000086e00000, 0x0000000086f00000|  0%| F|  |TAMS 0x0000000086e00000, 0x0000000086e00000| Untracked 
|  61|0x0000000086f00000, 0x0000000086ffffd8, 0x0000000087000000| 99%| O|  |TAMS 0x0000000086ffffd8, 0x0000000086f00000| Untracked 
|  62|0x0000000087000000, 0x0000000087000000, 0x0000000087100000|  0%| F|  |TAMS 0x0000000087000000, 0x0000000087000000| Untracked 
|  63|0x0000000087100000, 0x0000000087100000, 0x0000000087200000|  0%| F|  |TAMS 0x0000000087100000, 0x0000000087100000| Untracked 
|  64|0x0000000087200000, 0x0000000087200000, 0x0000000087300000|  0%| F|  |TAMS 0x0000000087200000, 0x0000000087200000| Untracked 
|  65|0x0000000087300000, 0x0000000087300000, 0x0000000087400000|  0%| F|  |TAMS 0x0000000087300000, 0x0000000087300000| Untracked 
|  66|0x0000000087400000, 0x0000000087400000, 0x0000000087500000|  0%| F|  |TAMS 0x0000000087400000, 0x0000000087400000| Untracked 
|  67|0x0000000087500000, 0x0000000087500000, 0x0000000087600000|  0%| F|  |TAMS 0x0000000087500000, 0x0000000087500000| Untracked 
|  68|0x0000000087600000, 0x0000000087600000, 0x0000000087700000|  0%| F|  |TAMS 0x0000000087600000, 0x0000000087600000| Untracked 
|  69|0x0000000087700000, 0x0000000087700000, 0x0000000087800000|  0%| F|  |TAMS 0x0000000087700000, 0x0000000087700000| Untracked 
|  70|0x0000000087800000, 0x0000000087800000, 0x0000000087900000|  0%| F|  |TAMS 0x0000000087800000, 0x0000000087800000| Untracked 
|  71|0x0000000087900000, 0x0000000087900000, 0x0000000087a00000|  0%| F|  |TAMS 0x0000000087900000, 0x0000000087900000| Untracked 
|  72|0x0000000087a00000, 0x0000000087a00000, 0x0000000087b00000|  0%| F|  |TAMS 0x0000000087a00000, 0x0000000087a00000| Untracked 
|  73|0x0000000087b00000, 0x0000000087b00000, 0x0000000087c00000|  0%| F|  |TAMS 0x0000000087b00000, 0x0000000087b00000| Untracked 
|  74|0x0000000087c00000, 0x0000000087c00000, 0x0000000087d00000|  0%| F|  |TAMS 0x0000000087c00000, 0x0000000087c00000| Untracked 
|  75|0x0000000087d00000, 0x0000000087d00000, 0x0000000087e00000|  0%| F|  |TAMS 0x0000000087d00000, 0x0000000087d00000| Untracked 
|  76|0x0000000087e00000, 0x0000000087e00000, 0x0000000087f00000|  0%| F|  |TAMS 0x0000000087e00000, 0x0000000087e00000| Untracked 
|  77|0x0000000087f00000, 0x0000000087f00000, 0x0000000088000000|  0%| F|  |TAMS 0x0000000087f00000, 0x0000000087f00000| Untracked 
|  78|0x0000000088000000, 0x0000000088000000, 0x0000000088100000|  0%| F|  |TAMS 0x0000000088000000, 0x0000000088000000| Untracked 
|  79|0x0000000088100000, 0x0000000088100000, 0x0000000088200000|  0%| F|  |TAMS 0x0000000088100000, 0x0000000088100000| Untracked 
|  80|0x0000000088200000, 0x0000000088200000, 0x0000000088300000|  0%| F|  |TAMS 0x0000000088200000, 0x0000000088200000| Untracked 
|  81|0x0000000088300000, 0x0000000088300000, 0x0000000088400000|  0%| F|  |TAMS 0x0000000088300000, 0x0000000088300000| Untracked 
|  82|0x0000000088400000, 0x0000000088400000, 0x0000000088500000|  0%| F|  |TAMS 0x0000000088400000, 0x0000000088400000| Untracked 
|  83|0x0000000088500000, 0x0000000088500000, 0x0000000088600000|  0%| F|  |TAMS 0x0000000088500000, 0x0000000088500000| Untracked 
|  84|0x0000000088600000, 0x0000000088600000, 0x0000000088700000|  0%| F|  |TAMS 0x0000000088600000, 0x0000000088600000| Untracked 
|  85|0x0000000088700000, 0x0000000088700000, 0x0000000088800000|  0%| F|  |TAMS 0x0000000088700000, 0x0000000088700000| Untracked 
|  86|0x0000000088800000, 0x0000000088800000, 0x0000000088900000|  0%| F|  |TAMS 0x0000000088800000, 0x0000000088800000| Untracked 
|  87|0x0000000088900000, 0x0000000088900000, 0x0000000088a00000|  0%| F|  |TAMS 0x0000000088900000, 0x0000000088900000| Untracked 
|  88|0x0000000088a00000, 0x0000000088a00000, 0x0000000088b00000|  0%| F|  |TAMS 0x0000000088a00000, 0x0000000088a00000| Untracked 
|  89|0x0000000088b00000, 0x0000000088b00000, 0x0000000088c00000|  0%| F|  |TAMS 0x0000000088b00000, 0x0000000088b00000| Untracked 
|  90|0x0000000088c00000, 0x0000000088c00000, 0x0000000088d00000|  0%| F|  |TAMS 0x0000000088c00000, 0x0000000088c00000| Untracked 
|  91|0x0000000088d00000, 0x0000000088d00000, 0x0000000088e00000|  0%| F|  |TAMS 0x0000000088d00000, 0x0000000088d00000| Untracked 
|  92|0x0000000088e00000, 0x0000000088e00000, 0x0000000088f00000|  0%| F|  |TAMS 0x0000000088e00000, 0x0000000088e00000| Untracked 
|  93|0x0000000088f00000, 0x0000000088f00000, 0x0000000089000000|  0%| F|  |TAMS 0x0000000088f00000, 0x0000000088f00000| Untracked 
|  94|0x0000000089000000, 0x0000000089000000, 0x0000000089100000|  0%| F|  |TAMS 0x0000000089000000, 0x0000000089000000| Untracked 
|  95|0x0000000089100000, 0x0000000089100000, 0x0000000089200000|  0%| F|  |TAMS 0x0000000089100000, 0x0000000089100000| Untracked 
|  96|0x0000000089200000, 0x0000000089200000, 0x0000000089300000|  0%| F|  |TAMS 0x0000000089200000, 0x0000000089200000| Untracked 
|  97|0x0000000089300000, 0x0000000089300000, 0x0000000089400000|  0%| F|  |TAMS 0x0000000089300000, 0x0000000089300000| Untracked 
|  98|0x0000000089400000, 0x0000000089400000, 0x0000000089500000|  0%| F|  |TAMS 0x0000000089400000, 0x0000000089400000| Untracked 
|  99|0x0000000089500000, 0x0000000089500000, 0x0000000089600000|  0%| F|  |TAMS 0x0000000089500000, 0x0000000089500000| Untracked 
| 100|0x0000000089600000, 0x0000000089600000, 0x0000000089700000|  0%| F|  |TAMS 0x0000000089600000, 0x0000000089600000| Untracked 
| 101|0x0000000089700000, 0x0000000089700000, 0x0000000089800000|  0%| F|  |TAMS 0x0000000089700000, 0x0000000089700000| Untracked 
| 102|0x0000000089800000, 0x0000000089800000, 0x0000000089900000|  0%| F|  |TAMS 0x0000000089800000, 0x0000000089800000| Untracked 
| 103|0x0000000089900000, 0x0000000089900000, 0x0000000089a00000|  0%| F|  |TAMS 0x0000000089900000, 0x0000000089900000| Untracked 
| 104|0x0000000089a00000, 0x0000000089a00000, 0x0000000089b00000|  0%| F|  |TAMS 0x0000000089a00000, 0x0000000089a00000| Untracked 
| 105|0x0000000089b00000, 0x0000000089b00000, 0x0000000089c00000|  0%| F|  |TAMS 0x0000000089b00000, 0x0000000089b00000| Untracked 
| 106|0x0000000089c00000, 0x0000000089c00000, 0x0000000089d00000|  0%| F|  |TAMS 0x0000000089c00000, 0x0000000089c00000| Untracked 
| 107|0x0000000089d00000, 0x0000000089d00000, 0x0000000089e00000|  0%| F|  |TAMS 0x0000000089d00000, 0x0000000089d00000| Untracked 
| 108|0x0000000089e00000, 0x0000000089e00000, 0x0000000089f00000|  0%| F|  |TAMS 0x0000000089e00000, 0x0000000089e00000| Untracked 
| 109|0x0000000089f00000, 0x0000000089f00000, 0x000000008a000000|  0%| F|  |TAMS 0x0000000089f00000, 0x0000000089f00000| Untracked 
| 110|0x000000008a000000, 0x000000008a000000, 0x000000008a100000|  0%| F|  |TAMS 0x000000008a000000, 0x000000008a000000| Untracked 
| 111|0x000000008a100000, 0x000000008a100000, 0x000000008a200000|  0%| F|  |TAMS 0x000000008a100000, 0x000000008a100000| Untracked 
| 112|0x000000008a200000, 0x000000008a200000, 0x000000008a300000|  0%| F|  |TAMS 0x000000008a200000, 0x000000008a200000| Untracked 
| 113|0x000000008a300000, 0x000000008a300000, 0x000000008a400000|  0%| F|  |TAMS 0x000000008a300000, 0x000000008a300000| Untracked 
| 114|0x000000008a400000, 0x000000008a400000, 0x000000008a500000|  0%| F|  |TAMS 0x000000008a400000, 0x000000008a400000| Untracked 
| 115|0x000000008a500000, 0x000000008a500000, 0x000000008a600000|  0%| F|  |TAMS 0x000000008a500000, 0x000000008a500000| Untracked 
| 116|0x000000008a600000, 0x000000008a612120, 0x000000008a700000|  7%| E|  |TAMS 0x000000008a600000, 0x000000008a600000| Complete 

Card table byte_map: [0x000002f27e6e0000,0x000002f27ead0000] _byte_map_base: 0x000002f27e2c7000

Marking Bits (Prev, Next): (CMBitMap*) 0x000002f27676d520, (CMBitMap*) 0x000002f27676d4e0
 Prev Bits: [0x000002f204f40000, 0x000002f206e78000)
 Next Bits: [0x000002f203000000, 0x000002f204f38000)

Polling page: 0x000002f2746a0000

Metaspace:

Usage:
  Non-class:     39.04 MB used.
      Class:      6.14 MB used.
       Both:     45.18 MB used.

Virtual space:
  Non-class space:       48.00 MB reserved,      39.25 MB ( 82%) committed,  6 nodes.
      Class space:        1.00 GB reserved,       6.31 MB ( <1%) committed,  1 nodes.
             Both:        1.05 GB reserved,      45.56 MB (  4%) committed. 

Chunk freelists:
   Non-Class:  3.98 MB
       Class:  1.52 MB
        Both:  5.50 MB

MaxMetaspaceSize: unlimited
CompressedClassSpaceSize: 1.00 GB
Initial GC threshold: 21.00 MB
Current GC threshold: 75.94 MB
CDS: on
MetaspaceReclaimPolicy: balanced
 - commit_granule_bytes: 65536.
 - commit_granule_words: 8192.
 - virtual_space_node_default_size: 1048576.
 - enlarge_chunks_in_place: 1.
 - new_chunks_are_fully_committed: 0.
 - uncommit_free_chunks: 1.
 - use_allocation_guard: 0.
 - handle_deallocations: 1.


Internal statistics:

num_allocs_failed_limit: 3.
num_arena_births: 508.
num_arena_deaths: 160.
num_vsnodes_births: 7.
num_vsnodes_deaths: 0.
num_space_committed: 729.
num_space_uncommitted: 0.
num_chunks_returned_to_freelist: 187.
num_chunks_taken_from_freelist: 2266.
num_chunk_merges: 57.
num_chunk_splits: 1566.
num_chunks_enlarged: 1243.
num_purges: 8.
num_inconsistent_stats: 0.

CodeCache: size=49152Kb used=12719Kb max_used=13948Kb free=36432Kb
 bounds [0x000002f200000000, 0x000002f200da0000, 0x000002f203000000]
 total_blobs=7290 nmethods=6681 adapters=536
 compilation: enabled
              stopped_count=0, restarted_count=0
 full_count=0

Compilation events (20 events):
Event: 632.502 Thread 0x000002f27f992e70 6672       1       java.util.concurrent.ThreadPoolExecutor$Worker::tryAcquire (20 bytes)
Event: 632.503 Thread 0x000002f27f992e70 nmethod 6672 0x000002f20012fd90 code [0x000002f20012ff20, 0x000002f200130098]
Event: 662.791 Thread 0x000002f27f992e70 6673       1       java.util.Collections$SetFromMap::isEmpty (10 bytes)
Event: 662.791 Thread 0x000002f27f992e70 nmethod 6673 0x000002f20012fa90 code [0x000002f20012fc20, 0x000002f20012fd08]
Event: 765.604 Thread 0x000002f27f992e70 6675   !   1       java.util.concurrent.ThreadPoolExecutor::getTask (177 bytes)
Event: 765.605 Thread 0x000002f27f992e70 nmethod 6675 0x000002f20012ed90 code [0x000002f20012ef80, 0x000002f20012f438]
Event: 825.599 Thread 0x000002f27f992e70 6676       1       java.util.concurrent.ThreadPoolExecutor$Worker::lock (6 bytes)
Event: 825.600 Thread 0x000002f27f992e70 nmethod 6676 0x000002f20012e990 code [0x000002f20012eb20, 0x000002f20012ece8]
Event: 825.600 Thread 0x000002f27f992e70 6677       1       java.util.concurrent.locks.AbstractQueuedSynchronizer::acquire (20 bytes)
Event: 825.600 Thread 0x000002f27f992e70 nmethod 6677 0x000002f20012e590 code [0x000002f20012e740, 0x000002f20012e898]
Event: 825.600 Thread 0x000002f27f992e70 6678       1       java.util.concurrent.ThreadPoolExecutor::beforeExecute (1 bytes)
Event: 825.600 Thread 0x000002f27f992e70 nmethod 6678 0x000002f20012e290 code [0x000002f20012e420, 0x000002f20012e4d8]
Event: 827.274 Thread 0x000002f27f992e70 6679       1       java.util.concurrent.ThreadPoolExecutor::afterExecute (1 bytes)
Event: 827.274 Thread 0x000002f27f992e70 nmethod 6679 0x000002f20012df90 code [0x000002f20012e120, 0x000002f20012e1d8]
Event: 960.836 Thread 0x000002f27f992e70 6680       1       org.springframework.ide.vscode.commons.languageserver.util.ParentProcessWatcher::isWindows (30 bytes)
Event: 960.837 Thread 0x000002f27f992e70 nmethod 6680 0x000002f20012d990 code [0x000002f20012db80, 0x000002f20012ddd8]
Event: 961.053 Thread 0x000002f27f992e70 6681   !   1       com.google.common.io.Closeables::close (37 bytes)
Event: 961.094 Thread 0x000002f27f992e70 nmethod 6681 0x000002f20012d210 code [0x000002f20012d400, 0x000002f20012d738]
Event: 981.707 Thread 0x000002f27f992e70 6682       1       java.lang.System::checkKey (34 bytes)
Event: 981.749 Thread 0x000002f27f992e70 nmethod 6682 0x000002f20012cd10 code [0x000002f20012cec0, 0x000002f20012d0d8]

GC Heap History (20 events):
Event: 950.797 GC heap before
{Heap before GC invocations=111 (full 84):
 garbage-first heap   total 119808K, used 35439K [0x0000000083200000, 0x0000000100000000)
  region size 1024K, 1 young (1024K), 0 survivors (0K)
 Metaspace       used 46263K, committed 46656K, reserved 1097728K
  class space    used 6290K, committed 6464K, reserved 1048576K
}
Event: 950.835 GC heap after
{Heap after GC invocations=112 (full 85):
 garbage-first heap   total 119808K, used 35439K [0x0000000083200000, 0x0000000100000000)
  region size 1024K, 0 young (0K), 0 survivors (0K)
 Metaspace       used 46263K, committed 46656K, reserved 1097728K
  class space    used 6290K, committed 6464K, reserved 1048576K
}
Event: 961.053 GC heap before
{Heap before GC invocations=112 (full 85):
 garbage-first heap   total 119808K, used 35439K [0x0000000083200000, 0x0000000100000000)
  region size 1024K, 1 young (1024K), 0 survivors (0K)
 Metaspace       used 46263K, committed 46656K, reserved 1097728K
  class space    used 6290K, committed 6464K, reserved 1048576K
}
Event: 961.093 GC heap after
{Heap after GC invocations=113 (full 86):
 garbage-first heap   total 119808K, used 35439K [0x0000000083200000, 0x0000000100000000)
  region size 1024K, 0 young (0K), 0 survivors (0K)
 Metaspace       used 46263K, committed 46656K, reserved 1097728K
  class space    used 6290K, committed 6464K, reserved 1048576K
}
Event: 971.322 GC heap before
{Heap before GC invocations=113 (full 86):
 garbage-first heap   total 119808K, used 35439K [0x0000000083200000, 0x0000000100000000)
  region size 1024K, 1 young (1024K), 0 survivors (0K)
 Metaspace       used 46263K, committed 46656K, reserved 1097728K
  class space    used 6290K, committed 6464K, reserved 1048576K
}
Event: 971.362 GC heap after
{Heap after GC invocations=114 (full 87):
 garbage-first heap   total 119808K, used 35439K [0x0000000083200000, 0x0000000100000000)
  region size 1024K, 0 young (0K), 0 survivors (0K)
 Metaspace       used 46263K, committed 46656K, reserved 1097728K
  class space    used 6290K, committed 6464K, reserved 1048576K
}
Event: 981.707 GC heap before
{Heap before GC invocations=114 (full 87):
 garbage-first heap   total 119808K, used 35439K [0x0000000083200000, 0x0000000100000000)
  region size 1024K, 1 young (1024K), 0 survivors (0K)
 Metaspace       used 46263K, committed 46656K, reserved 1097728K
  class space    used 6290K, committed 6464K, reserved 1048576K
}
Event: 981.749 GC heap after
{Heap after GC invocations=115 (full 88):
 garbage-first heap   total 119808K, used 35439K [0x0000000083200000, 0x0000000100000000)
  region size 1024K, 0 young (0K), 0 survivors (0K)
 Metaspace       used 46263K, committed 46656K, reserved 1097728K
  class space    used 6290K, committed 6464K, reserved 1048576K
}
Event: 991.996 GC heap before
{Heap before GC invocations=115 (full 88):
 garbage-first heap   total 119808K, used 35439K [0x0000000083200000, 0x0000000100000000)
  region size 1024K, 1 young (1024K), 0 survivors (0K)
 Metaspace       used 46263K, committed 46656K, reserved 1097728K
  class space    used 6290K, committed 6464K, reserved 1048576K
}
Event: 992.026 GC heap after
{Heap after GC invocations=116 (full 89):
 garbage-first heap   total 119808K, used 35439K [0x0000000083200000, 0x0000000100000000)
  region size 1024K, 0 young (0K), 0 survivors (0K)
 Metaspace       used 46263K, committed 46656K, reserved 1097728K
  class space    used 6290K, committed 6464K, reserved 1048576K
}
Event: 1002.257 GC heap before
{Heap before GC invocations=116 (full 89):
 garbage-first heap   total 119808K, used 35439K [0x0000000083200000, 0x0000000100000000)
  region size 1024K, 1 young (1024K), 0 survivors (0K)
 Metaspace       used 46263K, committed 46656K, reserved 1097728K
  class space    used 6290K, committed 6464K, reserved 1048576K
}
Event: 1002.288 GC heap after
{Heap after GC invocations=117 (full 90):
 garbage-first heap   total 119808K, used 35439K [0x0000000083200000, 0x0000000100000000)
  region size 1024K, 0 young (0K), 0 survivors (0K)
 Metaspace       used 46263K, committed 46656K, reserved 1097728K
  class space    used 6290K, committed 6464K, reserved 1048576K
}
Event: 1013.279 GC heap before
{Heap before GC invocations=117 (full 90):
 garbage-first heap   total 119808K, used 35439K [0x0000000083200000, 0x0000000100000000)
  region size 1024K, 1 young (1024K), 0 survivors (0K)
 Metaspace       used 46263K, committed 46656K, reserved 1097728K
  class space    used 6290K, committed 6464K, reserved 1048576K
}
Event: 1013.360 GC heap after
{Heap after GC invocations=118 (full 91):
 garbage-first heap   total 119808K, used 35439K [0x0000000083200000, 0x0000000100000000)
  region size 1024K, 0 young (0K), 0 survivors (0K)
 Metaspace       used 46263K, committed 46656K, reserved 1097728K
  class space    used 6290K, committed 6464K, reserved 1048576K
}
Event: 1023.878 GC heap before
{Heap before GC invocations=118 (full 91):
 garbage-first heap   total 119808K, used 35439K [0x0000000083200000, 0x0000000100000000)
  region size 1024K, 1 young (1024K), 0 survivors (0K)
 Metaspace       used 46263K, committed 46656K, reserved 1097728K
  class space    used 6290K, committed 6464K, reserved 1048576K
}
Event: 1023.957 GC heap after
{Heap after GC invocations=119 (full 92):
 garbage-first heap   total 119808K, used 35439K [0x0000000083200000, 0x0000000100000000)
  region size 1024K, 0 young (0K), 0 survivors (0K)
 Metaspace       used 46263K, committed 46656K, reserved 1097728K
  class space    used 6290K, committed 6464K, reserved 1048576K
}
Event: 1034.519 GC heap before
{Heap before GC invocations=119 (full 92):
 garbage-first heap   total 119808K, used 35439K [0x0000000083200000, 0x0000000100000000)
  region size 1024K, 1 young (1024K), 0 survivors (0K)
 Metaspace       used 46263K, committed 46656K, reserved 1097728K
  class space    used 6290K, committed 6464K, reserved 1048576K
}
Event: 1034.598 GC heap after
{Heap after GC invocations=120 (full 93):
 garbage-first heap   total 119808K, used 35439K [0x0000000083200000, 0x0000000100000000)
  region size 1024K, 0 young (0K), 0 survivors (0K)
 Metaspace       used 46263K, committed 46656K, reserved 1097728K
  class space    used 6290K, committed 6464K, reserved 1048576K
}
Event: 1044.969 GC heap before
{Heap before GC invocations=120 (full 93):
 garbage-first heap   total 119808K, used 35439K [0x0000000083200000, 0x0000000100000000)
  region size 1024K, 1 young (1024K), 0 survivors (0K)
 Metaspace       used 46263K, committed 46656K, reserved 1097728K
  class space    used 6290K, committed 6464K, reserved 1048576K
}
Event: 1045.023 GC heap after
{Heap after GC invocations=121 (full 94):
 garbage-first heap   total 119808K, used 35439K [0x0000000083200000, 0x0000000100000000)
  region size 1024K, 0 young (0K), 0 survivors (0K)
 Metaspace       used 46263K, committed 46656K, reserved 1097728K
  class space    used 6290K, committed 6464K, reserved 1048576K
}

Dll operation events (9 events):
Event: 0.107 Loaded shared library C:\Program Files\Eclipse Adoptium\jdk-17.0.5.8-hotspot\bin\java.dll
Event: 1.934 Loaded shared library C:\Program Files\Eclipse Adoptium\jdk-17.0.5.8-hotspot\bin\jsvml.dll
Event: 2.370 Loaded shared library C:\Program Files\Eclipse Adoptium\jdk-17.0.5.8-hotspot\bin\net.dll
Event: 2.374 Loaded shared library C:\Program Files\Eclipse Adoptium\jdk-17.0.5.8-hotspot\bin\nio.dll
Event: 2.389 Loaded shared library C:\Program Files\Eclipse Adoptium\jdk-17.0.5.8-hotspot\bin\zip.dll
Event: 2.924 Loaded shared library C:\Program Files\Eclipse Adoptium\jdk-17.0.5.8-hotspot\bin\verify.dll
Event: 2.942 Loaded shared library C:\Program Files\Eclipse Adoptium\jdk-17.0.5.8-hotspot\bin\jimage.dll
Event: 4.238 Loaded shared library C:\Program Files\Eclipse Adoptium\jdk-17.0.5.8-hotspot\bin\management.dll
Event: 4.246 Loaded shared library C:\Program Files\Eclipse Adoptium\jdk-17.0.5.8-hotspot\bin\management_ext.dll

Deoptimization events (20 events):
Event: 7.426 Thread 0x000002f20b355050 DEOPT PACKING pc=0x000002f20055c681 sp=0x000000f62defdb70
Event: 7.426 Thread 0x000002f20b355050 DEOPT UNPACKING pc=0x000002f2000566e3 sp=0x000000f62defd000 mode 3
Event: 8.329 Thread 0x000002f20b85cb40 DEOPT PACKING pc=0x000002f20055b217 sp=0x000000f62e5ff0a0
Event: 8.329 Thread 0x000002f20b85cb40 DEOPT UNPACKING pc=0x000002f2000566e3 sp=0x000000f62e5fe4f8 mode 3
Event: 16.562 Thread 0x000002f20b7fb370 DEOPT PACKING pc=0x000002f2005725a2 sp=0x000000f62e0fd690
Event: 16.562 Thread 0x000002f20b7fb370 DEOPT UNPACKING pc=0x000002f2000566e3 sp=0x000000f62e0fcb98 mode 3
Event: 17.610 Thread 0x000002f20b7fb370 DEOPT PACKING pc=0x000002f200d10404 sp=0x000000f62e0fdeb0
Event: 17.610 Thread 0x000002f20b7fb370 DEOPT UNPACKING pc=0x000002f2000566e3 sp=0x000000f62e0fd3a8 mode 0
Event: 17.610 Thread 0x000002f20b7fb370 DEOPT PACKING pc=0x000002f200ce9924 sp=0x000000f62e0fdf80
Event: 17.610 Thread 0x000002f20b7fb370 DEOPT UNPACKING pc=0x000002f2000566e3 sp=0x000000f62e0fd458 mode 0
Event: 17.610 Thread 0x000002f20b7fb370 DEOPT PACKING pc=0x000002f200ce65ac sp=0x000000f62e0fe030
Event: 17.610 Thread 0x000002f20b7fb370 DEOPT UNPACKING pc=0x000002f2000566e3 sp=0x000000f62e0fd5b0 mode 0
Event: 17.612 Thread 0x000002f20b7fb370 DEOPT PACKING pc=0x000002f200d3f1d4 sp=0x000000f62e0fe330
Event: 17.613 Thread 0x000002f20b7fb370 DEOPT UNPACKING pc=0x000002f2000566e3 sp=0x000000f62e0fd7c0 mode 0
Event: 18.056 Thread 0x000002f20b7fb370 DEOPT PACKING pc=0x000002f200d90a55 sp=0x000000f62e0fee10
Event: 18.056 Thread 0x000002f20b7fb370 DEOPT UNPACKING pc=0x000002f2000566e3 sp=0x000000f62e0fe2b8 mode 3
Event: 627.519 Thread 0x000002f20b355050 DEOPT PACKING pc=0x000002f20069fb54 sp=0x000000f62deff070
Event: 627.519 Thread 0x000002f20b355050 DEOPT UNPACKING pc=0x000002f2000566e3 sp=0x000000f62defe518 mode 0
Event: 627.735 Thread 0x000002f20b8c6220 DEOPT PACKING pc=0x000002f200164736 sp=0x000000f62bcfde50
Event: 627.735 Thread 0x000002f20b8c6220 DEOPT UNPACKING pc=0x000002f2000566e3 sp=0x000000f62bcfd348 mode 3

Classes unloaded (20 events):
Event: 129.065 Thread 0x000002f27f96e510 Unloading class 0x0000000801028000 'java/lang/invoke/LambdaForm$MH+0x0000000801028000'
Event: 129.065 Thread 0x000002f27f96e510 Unloading class 0x0000000801023c00 'java/lang/invoke/LambdaForm$MH+0x0000000801023c00'
Event: 129.065 Thread 0x000002f27f96e510 Unloading class 0x0000000801023800 'java/lang/invoke/LambdaForm$MH+0x0000000801023800'
Event: 129.065 Thread 0x000002f27f96e510 Unloading class 0x0000000801023400 'java/lang/invoke/LambdaForm$MH+0x0000000801023400'
Event: 129.065 Thread 0x000002f27f96e510 Unloading class 0x0000000801023000 'java/lang/invoke/LambdaForm$MH+0x0000000801023000'
Event: 129.065 Thread 0x000002f27f96e510 Unloading class 0x0000000800ea5000 'java/lang/invoke/LambdaForm$MH+0x0000000800ea5000'
Event: 714.338 Thread 0x000002f27f96e510 Unloading class 0x0000000801238c00 'java/lang/invoke/LambdaForm$MH+0x0000000801238c00'
Event: 714.338 Thread 0x000002f27f96e510 Unloading class 0x0000000801238800 'java/lang/invoke/LambdaForm$MH+0x0000000801238800'
Event: 714.338 Thread 0x000002f27f96e510 Unloading class 0x0000000801238400 'java/lang/invoke/LambdaForm$MH+0x0000000801238400'
Event: 714.338 Thread 0x000002f27f96e510 Unloading class 0x0000000801238000 'java/lang/invoke/LambdaForm$MH+0x0000000801238000'
Event: 714.338 Thread 0x000002f27f96e510 Unloading class 0x0000000801235c00 'java/lang/invoke/LambdaForm$MH+0x0000000801235c00'
Event: 714.338 Thread 0x000002f27f96e510 Unloading class 0x0000000801235800 'java/lang/invoke/LambdaForm$MH+0x0000000801235800'
Event: 714.338 Thread 0x000002f27f96e510 Unloading class 0x0000000801235400 'java/lang/invoke/LambdaForm$MH+0x0000000801235400'
Event: 714.338 Thread 0x000002f27f96e510 Unloading class 0x0000000800c14000 'java/lang/invoke/LambdaForm$MH+0x0000000800c14000'
Event: 714.338 Thread 0x000002f27f96e510 Unloading class 0x0000000800eb6400 'java/lang/invoke/LambdaForm$MH+0x0000000800eb6400'
Event: 714.338 Thread 0x000002f27f96e510 Unloading class 0x0000000800edc800 'java/lang/invoke/LambdaForm$MH+0x0000000800edc800'
Event: 714.338 Thread 0x000002f27f96e510 Unloading class 0x0000000800fb8000 'java/lang/invoke/LambdaForm$MH+0x0000000800fb8000'
Event: 714.338 Thread 0x000002f27f96e510 Unloading class 0x0000000800fdc000 'java/lang/invoke/LambdaForm$MH+0x0000000800fdc000'
Event: 714.338 Thread 0x000002f27f96e510 Unloading class 0x0000000801021400 'java/lang/invoke/LambdaForm$MH+0x0000000801021400'
Event: 714.338 Thread 0x000002f27f96e510 Unloading class 0x0000000801022400 'java/lang/invoke/LambdaForm$MH+0x0000000801022400'

Classes redefined (0 events):
No events

Internal exceptions (20 events):
Event: 16.131 Thread 0x000002f20b8cc260 Exception <a 'sun/nio/fs/WindowsException'{0x00000000b0807ca8}> (0x00000000b0807ca8) 
thrown [s\src\hotspot\share\prims\jni.cpp, line 516]
Event: 16.131 Thread 0x000002f20b8cc260 Exception <a 'sun/nio/fs/WindowsException'{0x00000000b0808068}> (0x00000000b0808068) 
thrown [s\src\hotspot\share\prims\jni.cpp, line 516]
Event: 16.131 Thread 0x000002f20b8cc260 Exception <a 'sun/nio/fs/WindowsException'{0x00000000b0808a68}> (0x00000000b0808a68) 
thrown [s\src\hotspot\share\prims\jni.cpp, line 516]
Event: 16.131 Thread 0x000002f20b8cc260 Exception <a 'sun/nio/fs/WindowsException'{0x00000000b0808e18}> (0x00000000b0808e18) 
thrown [s\src\hotspot\share\prims\jni.cpp, line 516]
Event: 16.132 Thread 0x000002f20b8cc260 Exception <a 'sun/nio/fs/WindowsException'{0x00000000b0809818}> (0x00000000b0809818) 
thrown [s\src\hotspot\share\prims\jni.cpp, line 516]
Event: 16.132 Thread 0x000002f20b8cc260 Exception <a 'sun/nio/fs/WindowsException'{0x00000000b0809bd8}> (0x00000000b0809bd8) 
thrown [s\src\hotspot\share\prims\jni.cpp, line 516]
Event: 16.132 Thread 0x000002f20b8cc260 Exception <a 'sun/nio/fs/WindowsException'{0x00000000b080a600}> (0x00000000b080a600) 
thrown [s\src\hotspot\share\prims\jni.cpp, line 516]
Event: 16.132 Thread 0x000002f20b8cc260 Exception <a 'sun/nio/fs/WindowsException'{0x00000000b080a9e0}> (0x00000000b080a9e0) 
thrown [s\src\hotspot\share\prims\jni.cpp, line 516]
Event: 16.132 Thread 0x000002f20b8cc260 Exception <a 'sun/nio/fs/WindowsException'{0x00000000b080b418}> (0x00000000b080b418) 
thrown [s\src\hotspot\share\prims\jni.cpp, line 516]
Event: 16.132 Thread 0x000002f20b8cc260 Exception <a 'sun/nio/fs/WindowsException'{0x00000000b080b808}> (0x00000000b080b808) 
thrown [s\src\hotspot\share\prims\jni.cpp, line 516]
Event: 16.132 Thread 0x000002f20b8cc260 Exception <a 'sun/nio/fs/WindowsException'{0x00000000b080c230}> (0x00000000b080c230) 
thrown [s\src\hotspot\share\prims\jni.cpp, line 516]
Event: 16.132 Thread 0x000002f20b8cc260 Exception <a 'sun/nio/fs/WindowsException'{0x00000000b080c620}> (0x00000000b080c620) 
thrown [s\src\hotspot\share\prims\jni.cpp, line 516]
Event: 56.685 Thread 0x000002f20b65cd00 Exception <a 'java/lang/NoSuchMethodError'{0x00000000a4bbda28}: 'void java.lang.invoke.DirectMethodHandle$Holder.invokeStatic(java.lang.Object, long)'> (0x00000000a4bbda28) 
thrown [s\src\hotspot\share\interpreter\linkResolver.cpp, line 759]
Event: 56.685 Thread 0x000002f20b65cd00 Exception <a 'java/lang/NoSuchMethodError'{0x00000000a4bc2dd0}: 'java.lang.Object java.lang.invoke.DirectMethodHandle$Holder.newInvokeSpecial(java.lang.Object, long)'> (0x00000000a4bc2dd0) 
thrown [s\src\hotspot\share\interpreter\linkResolver.cpp, line 759]
Event: 56.687 Thread 0x000002f20b65cd00 Exception <a 'java/lang/NoSuchMethodError'{0x00000000a4bc9948}: 'java.lang.Object java.lang.invoke.DirectMethodHandle$Holder.invokeStatic(java.lang.Object, java.lang.Object, long, java.lang.Object)'> (0x00000000a4bc9948) 
thrown [s\src\hotspot\share\interpreter\linkResolver.cpp, line 759]
Event: 56.688 Thread 0x000002f20b65cd00 Exception <a 'java/lang/NoSuchMethodError'{0x00000000a4bcd3e0}: 'java.lang.Object java.lang.invoke.DirectMethodHandle$Holder.invokeStaticInit(java.lang.Object, java.lang.Object, long, java.lang.Object)'> (0x00000000a4bcd3e0) 
thrown [s\src\hotspot\share\interpreter\linkResolver.cpp, line 759]
Event: 56.688 Thread 0x000002f20b65cd00 Exception <a 'java/lang/NoSuchMethodError'{0x00000000a4bd3710}: 'java.lang.Object java.lang.invoke.DirectMethodHandle$Holder.newInvokeSpecial(java.lang.Object, java.lang.Object, long)'> (0x00000000a4bd3710) 
thrown [s\src\hotspot\share\interpreter\linkResolver.cpp, line 759]
Event: 627.579 Thread 0x000002f20b8c5d50 Exception <a 'java/lang/NoSuchMethodError'{0x000000008a5d4410}: 'java.lang.Object java.lang.invoke.DirectMethodHandle$Holder.newInvokeSpecial(java.lang.Object, java.lang.Object, java.lang.Object, java.lang.Object, java.lang.Object, java.lang.Object, java.lang.Object)'> (0x000000008a5d4410) 
thrown [s\src\hotspot\share\interpreter\linkResolver.cpp, line 759]
Event: 627.580 Thread 0x000002f20b8c5d50 Exception <a 'java/lang/NoSuchMethodError'{0x000000008a5d8d20}: 'java.lang.Object java.lang.invoke.Invokers$Holder.linkToTargetMethod(java.lang.Object, java.lang.Object, java.lang.Object, java.lang.Object, java.lang.Object, java.lang.Object, java.lang.Object)'> (0x000000008a5d8d20) 
thrown [s\src\hotspot\share\interpreter\linkResolver.cpp, line 759]
Event: 627.735 Thread 0x000002f20b8c6220 Implicit null exception at 0x000002f20016450d to 0x000002f200164731

VM Operations (20 events):
Event: 950.835 Executing VM operation: G1CollectFull done
Event: 961.053 Executing VM operation: G1CollectFull
Event: 961.093 Executing VM operation: G1CollectFull done
Event: 971.322 Executing VM operation: G1CollectFull
Event: 971.362 Executing VM operation: G1CollectFull done
Event: 981.707 Executing VM operation: G1CollectFull
Event: 981.749 Executing VM operation: G1CollectFull done
Event: 991.996 Executing VM operation: G1CollectFull
Event: 992.027 Executing VM operation: G1CollectFull done
Event: 1002.256 Executing VM operation: G1CollectFull
Event: 1002.288 Executing VM operation: G1CollectFull done
Event: 1013.279 Executing VM operation: G1CollectFull
Event: 1013.360 Executing VM operation: G1CollectFull done
Event: 1023.878 Executing VM operation: G1CollectFull
Event: 1023.957 Executing VM operation: G1CollectFull done
Event: 1034.519 Executing VM operation: G1CollectFull
Event: 1034.598 Executing VM operation: G1CollectFull done
Event: 1044.969 Executing VM operation: G1CollectFull
Event: 1045.023 Executing VM operation: G1CollectFull done
Event: 1056.092 Executing VM operation: G1CollectFull

Events (20 events):
Event: 627.690 loading class sun/nio/cs/ThreadLocalCoders$Cache
Event: 627.690 loading class sun/nio/cs/ThreadLocalCoders$Cache done
Event: 627.690 loading class sun/nio/cs/ThreadLocalCoders$1 done
Event: 627.690 loading class sun/nio/cs/ThreadLocalCoders$2
Event: 627.690 loading class sun/nio/cs/ThreadLocalCoders$2 done
Event: 627.770 loading class java/util/Hashtable$ValueCollection
Event: 627.770 loading class java/util/Hashtable$ValueCollection done
Event: 627.782 loading class java/util/stream/SliceOps
Event: 627.782 loading class java/util/stream/SliceOps done
Event: 627.782 loading class java/util/stream/SliceOps$1
Event: 627.782 loading class java/util/stream/SliceOps$1 done
Event: 627.786 loading class java/util/stream/SliceOps$1$1
Event: 627.786 loading class java/util/stream/SliceOps$1$1 done
Event: 627.845 Thread 0x000002f20b4c1080 Thread added: 0x000002f20b4c1080
Event: 627.845 Thread 0x000002f27f960c10 Thread added: 0x000002f27f960c10
Event: 632.502 Thread 0x000002f27f960c10 Thread exited: 0x000002f27f960c10
Event: 632.502 Thread 0x000002f20b4c1080 Thread exited: 0x000002f20b4c1080
Event: 687.595 Thread 0x000002f20b8c5d50 Thread exited: 0x000002f20b8c5d50
Event: 687.861 Thread 0x000002f20b8cc260 Thread exited: 0x000002f20b8cc260
Event: 687.861 Thread 0x000002f20b8c6220 Thread exited: 0x000002f20b8c6220


Dynamic libraries:
0x00007ff64bb80000 - 0x00007ff64bb8e000 	C:\Program Files\Eclipse Adoptium\jdk-17.0.5.8-hotspot\bin\java.exe
0x00007ff9dd9d0000 - 0x00007ff9ddbea000 	C:\WINDOWS\SYSTEM32\ntdll.dll
0x00007ff9dd3f0000 - 0x00007ff9dd4b3000 	C:\WINDOWS\System32\KERNEL32.DLL
0x00007ff9dadb0000 - 0x00007ff9db14c000 	C:\WINDOWS\System32\KERNELBASE.dll
0x00007ff9d7d90000 - 0x00007ff9d7e26000 	C:\WINDOWS\SYSTEM32\apphelp.dll
0x00007ff9db270000 - 0x00007ff9db38b000 	C:\WINDOWS\System32\ucrtbase.dll
0x00007ff9d1fe0000 - 0x00007ff9d1ff7000 	C:\Program Files\Eclipse Adoptium\jdk-17.0.5.8-hotspot\bin\jli.dll
0x00007ff9dd680000 - 0x00007ff9dd82a000 	C:\WINDOWS\System32\USER32.dll
0x00007ff9db520000 - 0x00007ff9db546000 	C:\WINDOWS\System32\win32u.dll
0x00007ff9dcfd0000 - 0x00007ff9dcff9000 	C:\WINDOWS\System32\GDI32.dll
0x00007ff9db150000 - 0x00007ff9db266000 	C:\WINDOWS\System32\gdi32full.dll
0x00007ff9db410000 - 0x00007ff9db4aa000 	C:\WINDOWS\System32\msvcp_win.dll
0x00007ff9d3d70000 - 0x00007ff9d3d89000 	C:\Program Files\Eclipse Adoptium\jdk-17.0.5.8-hotspot\bin\VCRUNTIME140.dll
0x00007ff9bf7d0000 - 0x00007ff9bfa61000 	C:\WINDOWS\WinSxS\amd64_microsoft.windows.common-controls_6595b64144ccf1df_6.0.25236.1000_none_7a88bdfad9396379\COMCTL32.dll
0x00007ff9dd150000 - 0x00007ff9dd1f7000 	C:\WINDOWS\System32\msvcrt.dll
0x00007ff9dd950000 - 0x00007ff9dd980000 	C:\WINDOWS\System32\IMM32.DLL
0x00007ff9d7ec0000 - 0x00007ff9d7ecc000 	C:\Program Files\Eclipse Adoptium\jdk-17.0.5.8-hotspot\bin\vcruntime140_1.dll
0x00007ff9acb00000 - 0x00007ff9acb91000 	C:\Program Files\Eclipse Adoptium\jdk-17.0.5.8-hotspot\bin\msvcp140.dll
0x00007ff995eb0000 - 0x00007ff996af4000 	C:\Program Files\Eclipse Adoptium\jdk-17.0.5.8-hotspot\bin\server\jvm.dll
0x00007ff9dd200000 - 0x00007ff9dd2ae000 	C:\WINDOWS\System32\ADVAPI32.dll
0x00007ff9dd2b0000 - 0x00007ff9dd356000 	C:\WINDOWS\System32\sechost.dll
0x00007ff9db790000 - 0x00007ff9db8b7000 	C:\WINDOWS\System32\RPCRT4.dll
0x00007ff9d5aa0000 - 0x00007ff9d5aa9000 	C:\WINDOWS\SYSTEM32\WSOCK32.dll
0x00007ff9dd8d0000 - 0x00007ff9dd93f000 	C:\WINDOWS\System32\WS2_32.dll
0x00007ff9cd1f0000 - 0x00007ff9cd225000 	C:\WINDOWS\SYSTEM32\WINMM.dll
0x00007ff9ce990000 - 0x00007ff9ce99a000 	C:\WINDOWS\SYSTEM32\VERSION.dll
0x00007ff9d9d30000 - 0x00007ff9d9d48000 	C:\WINDOWS\SYSTEM32\kernel.appcore.dll
0x00007ff9d3d60000 - 0x00007ff9d3d6a000 	C:\Program Files\Eclipse Adoptium\jdk-17.0.5.8-hotspot\bin\jimage.dll
0x00007ff9d8640000 - 0x00007ff9d8873000 	C:\WINDOWS\SYSTEM32\DBGHELP.DLL
0x00007ff9dc540000 - 0x00007ff9dc8c2000 	C:\WINDOWS\System32\combase.dll
0x00007ff9dc8d0000 - 0x00007ff9dc9a8000 	C:\WINDOWS\System32\OLEAUT32.dll
0x00007ff9c9f80000 - 0x00007ff9c9fb2000 	C:\WINDOWS\SYSTEM32\dbgcore.DLL
0x00007ff9db390000 - 0x00007ff9db409000 	C:\WINDOWS\System32\bcryptPrimitives.dll
0x00007ff9d1cd0000 - 0x00007ff9d1cf5000 	C:\Program Files\Eclipse Adoptium\jdk-17.0.5.8-hotspot\bin\java.dll
0x00007ff99e930000 - 0x00007ff99ea06000 	C:\Program Files\Eclipse Adoptium\jdk-17.0.5.8-hotspot\bin\jsvml.dll
0x00007ff9db9c0000 - 0x00007ff9dc1ac000 	C:\WINDOWS\System32\SHELL32.dll
0x00007ff9d8cc0000 - 0x00007ff9d9558000 	C:\WINDOWS\SYSTEM32\windows.storage.dll
0x00007ff9d8b30000 - 0x00007ff9d8cbd000 	C:\WINDOWS\SYSTEM32\wintypes.dll
0x00007ff9dc440000 - 0x00007ff9dc52b000 	C:\WINDOWS\System32\SHCORE.dll
0x00007ff9dc1b0000 - 0x00007ff9dc20e000 	C:\WINDOWS\System32\shlwapi.dll
0x00007ff9dacd0000 - 0x00007ff9dacf1000 	C:\WINDOWS\SYSTEM32\profapi.dll
0x00007ff9cf980000 - 0x00007ff9cf999000 	C:\Program Files\Eclipse Adoptium\jdk-17.0.5.8-hotspot\bin\net.dll
0x00007ff9ce740000 - 0x00007ff9ce86e000 	C:\WINDOWS\SYSTEM32\WINHTTP.dll
0x00007ff9da200000 - 0x00007ff9da269000 	C:\WINDOWS\system32\mswsock.dll
0x00007ff9cf960000 - 0x00007ff9cf975000 	C:\Program Files\Eclipse Adoptium\jdk-17.0.5.8-hotspot\bin\nio.dll
0x00007ff9d0f10000 - 0x00007ff9d0f28000 	C:\Program Files\Eclipse Adoptium\jdk-17.0.5.8-hotspot\bin\zip.dll
0x00007ff9cf900000 - 0x00007ff9cf910000 	C:\Program Files\Eclipse Adoptium\jdk-17.0.5.8-hotspot\bin\verify.dll
0x00007ff9cf4f0000 - 0x00007ff9cf4f9000 	C:\Program Files\Eclipse Adoptium\jdk-17.0.5.8-hotspot\bin\management.dll
0x00007ff9cf440000 - 0x00007ff9cf44b000 	C:\Program Files\Eclipse Adoptium\jdk-17.0.5.8-hotspot\bin\management_ext.dll
0x00007ff9dd0d0000 - 0x00007ff9dd0d8000 	C:\WINDOWS\System32\PSAPI.DLL
0x00007ff9cef80000 - 0x00007ff9cef97000 	C:\WINDOWS\system32\napinsp.dll
0x00007ff9ccab0000 - 0x00007ff9ccaca000 	C:\WINDOWS\system32\pnrpnsp.dll
0x00007ff98c150000 - 0x00007ff98c171000 	C:\WINDOWS\system32\nlansp_c.dll
0x00007ff9d97e0000 - 0x00007ff9d98dd000 	C:\WINDOWS\SYSTEM32\DNSAPI.dll
0x00007ff9d97b0000 - 0x00007ff9d97de000 	C:\WINDOWS\SYSTEM32\IPHLPAPI.DLL
0x00007ff9dd000000 - 0x00007ff9dd009000 	C:\WINDOWS\System32\NSI.dll
0x00007ff9ba170000 - 0x00007ff9ba181000 	C:\WINDOWS\System32\winrnr.dll
0x00007ff9c0da0000 - 0x00007ff9c0db5000 	C:\WINDOWS\system32\wshbth.dll
0x00007ff9cc7b0000 - 0x00007ff9cc7ba000 	C:\Windows\System32\rasadhlp.dll
0x00007ff9ccb60000 - 0x00007ff9ccbe4000 	C:\WINDOWS\System32\fwpuclnt.dll
0x00007ff9da480000 - 0x00007ff9da49b000 	C:\WINDOWS\SYSTEM32\CRYPTSP.dll
0x00007ff9d9c90000 - 0x00007ff9d9cc4000 	C:\WINDOWS\system32\rsaenh.dll
0x00007ff9da300000 - 0x00007ff9da328000 	C:\WINDOWS\SYSTEM32\USERENV.dll
0x00007ff9da640000 - 0x00007ff9da668000 	C:\WINDOWS\SYSTEM32\bcrypt.dll
0x00007ff9da4a0000 - 0x00007ff9da4ac000 	C:\WINDOWS\SYSTEM32\CRYPTBASE.dll
0x00007ff9cd430000 - 0x00007ff9cd449000 	C:\WINDOWS\SYSTEM32\dhcpcsvc6.DLL
0x00007ff9cd1c0000 - 0x00007ff9cd1df000 	C:\WINDOWS\SYSTEM32\dhcpcsvc.DLL

dbghelp: loaded successfully - version: 4.0.5 - missing functions: none
symbol engine: initialized successfully - sym options: 0x614 - pdb path: .;C:\Program Files\Eclipse Adoptium\jdk-17.0.5.8-hotspot\bin;C:\WINDOWS\SYSTEM32;C:\WINDOWS\WinSxS\amd64_microsoft.windows.common-controls_6595b64144ccf1df_6.0.25236.1000_none_7a88bdfad9396379;C:\Program Files\Eclipse Adoptium\jdk-17.0.5.8-hotspot\bin\server

VM Arguments:
jvm_args: -Dsts.lsp.client=vscode -Dsts.log.file=/dev/null -XX:TieredStopAtLevel=1 -Xlog:jni+resolve=off -Dspring.config.location=file:c:\Users\datea\.vscode\extensions\pivotal.vscode-spring-boot-1.40.0\language-server\BOOT-INF\classes\application.properties 
java_command: org.springframework.ide.vscode.boot.app.BootLanguageServerBootApp
java_class_path (initial): c:\Users\datea\.vscode\extensions\pivotal.vscode-spring-boot-1.40.0\language-server\BOOT-INF\classes;c:\Users\datea\.vscode\extensions\pivotal.vscode-spring-boot-1.40.0\language-server\BOOT-INF\lib\annotations-23.0.0.jar;c:\Users\datea\.vscode\extensions\pivotal.vscode-spring-boot-1.40.0\language-server\BOOT-INF\lib\ant-1.10.12.jar;c:\Users\datea\.vscode\extensions\pivotal.vscode-spring-boot-1.40.0\language-server\BOOT-INF\lib\ant-launcher-1.10.12.jar;c:\Users\datea\.vscode\extensions\pivotal.vscode-spring-boot-1.40.0\language-server\BOOT-INF\lib\antlr-runtime-3.5.2.jar;c:\Users\datea\.vscode\extensions\pivotal.vscode-spring-boot-1.40.0\language-server\BOOT-INF\lib\antlr4-4.9.3.jar;c:\Users\datea\.vscode\extensions\pivotal.vscode-spring-boot-1.40.0\language-server\BOOT-INF\lib\antlr4-runtime-4.9.3.jar;c:\Users\datea\.vscode\extensions\pivotal.vscode-spring-boot-1.40.0\language-server\BOOT-INF\lib\asm-9.3.jar;c:\Users\datea\.vscode\extensions\pivotal.vscode-spring-boot-1.40.0\language-server\BOOT-INF\lib\asm-analysis-9.3.jar;c:\Users\datea\.vscode\extensions\pivotal.vscode-spring-boot-1.40.0\language-server\BOOT-INF\lib\asm-tree-9.3.jar;c:\Users\datea\.vscode\extensions\pivotal.vscode-spring-boot-1.40.0\language-server\BOOT-INF\lib\asm-util-9.3.jar;c:\Users\datea\.vscode\extensions\pivotal.vscode-spring-boot-1.40.0\language-server\BOOT-INF\lib\byte-buddy-1.12.13.jar;c:\Users\datea\.vscode\extensions\pivotal.vscode-spring-boot-1.40.0\language-server\BOOT-INF\lib\caffeine-2.9.3.jar;c:\Users\datea\.vscode\extensions\pivotal.vscode-spring-boot-1.40.0\language-server\BOOT-INF\lib\checker-qual-3.12.0.jar;c:\Users\datea\.vscode\extensions\pivotal.vscode-spring-boot-1.40.0\language-server\BOOT-INF\lib\classgraph-4.8.149.jar;c:\Users\datea\.vscode\extensions\pivotal.vscode-spring-boot-1.40.0\language-server\BOOT-INF\lib\commons-codec-1.15.jar;c:\Users\datea\.vscode\extensions\pivotal.vscode-spring-boot-1.40.0\language-server\BOOT-INF\lib\commons-c
Launcher Type: SUN_STANDARD

[Global flags]
     intx CICompilerCount                          = 4                                         {product} {ergonomic}
     uint ConcGCThreads                            = 2                                         {product} {ergonomic}
     uint G1ConcRefinementThreads                  = 8                                         {product} {ergonomic}
   size_t G1HeapRegionSize                         = 1048576                                   {product} {ergonomic}
    uintx GCDrainStackTargetSize                   = 64                                        {product} {ergonomic}
   size_t InitialHeapSize                          = 132120576                                 {product} {ergonomic}
   size_t MarkStackSize                            = 4194304                                   {product} {ergonomic}
   size_t MaxHeapSize                              = 2095054848                                {product} {ergonomic}
   size_t MaxNewSize                               = 1256194048                                {product} {ergonomic}
   size_t MinHeapDeltaBytes                        = 1048576                                   {product} {ergonomic}
   size_t MinHeapSize                              = 8388608                                   {product} {ergonomic}
    uintx NonProfiledCodeHeapSize                  = 0                                      {pd product} {ergonomic}
     bool ProfileInterpreter                       = false                                  {pd product} {command line}
    uintx ProfiledCodeHeapSize                     = 0                                      {pd product} {ergonomic}
   size_t SoftMaxHeapSize                          = 2095054848                             {manageable} {ergonomic}
     intx TieredStopAtLevel                        = 1                                         {product} {command line}
     bool UseCompressedClassPointers               = true                           {product lp64_product} {ergonomic}
     bool UseCompressedOops                        = true                           {product lp64_product} {ergonomic}
     bool UseG1GC                                  = true                                      {product} {ergonomic}
     bool UseLargePagesIndividualAllocation        = false                                  {pd product} {ergonomic}

Logging:
Log output configuration:
 #0: stdout all=warning,jni+resolve=off uptime,level,tags
 #1: stderr all=off uptime,level,tags

Environment Variables:
PATH=C:\Program Files\Eclipse Adoptium\jdk-17.0.5.8-hotspot\bin;C:\Program Files\Java\jdk-15.0.2\bin;C:\Program Files\Common Files\Oracle\Java\javapath;C:\WINDOWS\system32;C:\WINDOWS;C:\WINDOWS\System32\Wbem;C:\WINDOWS\System32\WindowsPowerShell\v1.0\;C:\WINDOWS\System32\OpenSSH\;C:\Program Files\Azure Data Studio\bin;C:\Program Files\Microsoft SQL Server\Client SDK\ODBC\170\Tools\Binn\;C:\Program Files (x86)\Microsoft SQL Server\150\Tools\Binn\;C:\Program Files\Microsoft SQL Server\150\Tools\Binn\;C:\Program Files\Microsoft SQL Server\150\DTS\Binn\;C:\Program Files (x86)\Microsoft SQL Server\150\DTS\Binn\;C:\Program Files (x86)\GitExtensions\;F:\xampp\php;C:\ProgramData\ComposerSetup\bin;C:\xampp\php;C:\Program Files\Git\cmd;C:\Program Files\nodejs\;C:\Users\datea\AppData\Local\Microsoft\WindowsApps;C:\Users\datea\AppData\Local\Programs\Microsoft VS Code\bin;;C:\Program Files\Azure Data Studio\bin;C:\Users\datea\AppData\Roaming\Composer\vendor\bin;C:\Users\datea\AppData\Roaming\npm
USERNAME=datea
OS=Windows_NT
PROCESSOR_IDENTIFIER=Intel64 Family 6 Model 126 Stepping 5, GenuineIntel
TMP=C:\Users\datea\AppData\Local\Temp
TEMP=C:\Users\datea\AppData\Local\Temp



---------------  S Y S T E M  ---------------

OS:
 Windows 11 , 64 bit Build 25236 (10.0.25236.1000)
OS uptime: 1 days 1:55 hours
Hyper-V role detected

CPU: total 8 (initial active 8) (4 cores per cpu, 2 threads per core) family 6 model 126 stepping 5 microcode 0xa6, cx8, cmov, fxsr, ht, mmx, 3dnowpref, sse, sse2, sse3, ssse3, sse4.1, sse4.2, popcnt, lzcnt, tsc, tscinvbit, avx, avx2, aes, erms, clmul, bmi1, bmi2, adx, avx512f, avx512dq, avx512cd, avx512bw, avx512vl, sha, fma, vzeroupper, avx512_vpopcntdq, avx512_vpclmulqdq, avx512_vaes, avx512_vnni, clflush, clflushopt, avx512_vbmi2, avx512_vbmi, hv

Memory: 4k page, system-wide physical 7987M (424M free)
TotalPageFile size 12083M (AvailPageFile size 4M)
current process WorkingSet (physical memory assigned to process): 182M, peak: 1005M
current process commit charge ("private bytes"): 285M, peak: 967M

vm_info: OpenJDK 64-Bit Server VM (17.0.5+8) for windows-amd64 JRE (17.0.5+8), built on Oct 19 2022 04:48:13 by "temurin" with MS VC++ 16.7 (VS2019)

END.
