#
# There is insufficient memory for the Java Runtime Environment to continue.
# Native memory allocation (mmap) failed to map 18874368 bytes for G1 virtual space
# Possible reasons:
#   The system is out of physical RAM or swap space
#   The process is running with CompressedOops enabled, and the Java Heap may be blocking the growth of the native heap
# Possible solutions:
#   Reduce memory load on the system
#   Increase physical memory or swap space
#   Check if swap backing store is full
#   Decrease Java heap size (-Xmx/-Xms)
#   Decrease number of Java threads
#   Decrease Java thread stack sizes (-Xss)
#   Set larger code cache with -XX:ReservedCodeCacheSize=
#   JVM is running with Unscaled Compressed Oops mode in which the Java heap is
#     placed in the first 4GB address space. The Java Heap base address is the
#     maximum limit for the native heap growth. Please use -XX:HeapBaseMinAddress
#     to set the Java Heap base and to place the Java Heap above 4GB virtual address.
# This output file may be truncated or incomplete.
#
#  Out of Memory Error (os_windows.cpp:3541), pid=93560, tid=84056
#
# JRE version: OpenJDK Runtime Environment Temurin-17.0.4.1+1 (17.0.4.1+1) (build 17.0.4.1+1)
# Java VM: OpenJDK 64-Bit Server VM Temurin-17.0.4.1+1 (17.0.4.1+1, mixed mode, emulated-client, tiered, compressed oops, compressed class ptrs, g1 gc, windows-amd64)
# No core dump will be written. Minidumps are not enabled by default on client versions of Windows
#

---------------  S U M M A R Y ------------

Command Line: -Dsts.lsp.client=vscode -Dsts.log.file=/dev/null -XX:TieredStopAtLevel=1 -Xlog:jni+resolve=off -Dspring.config.location=file:c:\Users\datea\.vscode\extensions\pivotal.vscode-spring-boot-1.40.0\language-server\BOOT-INF\classes\application.properties org.springframework.ide.vscode.boot.app.BootLanguageServerBootApp

Host: Intel(R) Core(TM) i5-1035G1 CPU @ 1.00GHz, 8 cores, 7G,  Windows 11 , 64 bit Build 25227 (10.0.25227.1000)
Time: Thu Oct 27 16:19:48 2022 SE Asia Standard Time elapsed time: 8.521402 seconds (0d 0h 0m 8s)

---------------  T H R E A D  ---------------

Current thread (0x00000266b64f4380):  VMThread "VM Thread" [stack: 0x0000006ef0c00000,0x0000006ef0d00000] [id=84056]

Stack: [0x0000006ef0c00000,0x0000006ef0d00000]
Native frames: (J=compiled Java code, j=interpreted, Vv=VM code, C=native code)
V  [jvm.dll+0x67731a]
V  [jvm.dll+0x832284]
V  [jvm.dll+0x833a2e]
V  [jvm.dll+0x834093]
V  [jvm.dll+0x245775]
V  [jvm.dll+0x674209]
V  [jvm.dll+0x668a92]
V  [jvm.dll+0x30471b]
V  [jvm.dll+0x30bc66]
V  [jvm.dll+0x35ba9e]
V  [jvm.dll+0x35bccf]
V  [jvm.dll+0x2db5b8]
V  [jvm.dll+0x2d986c]
V  [jvm.dll+0x2d8e3c]
V  [jvm.dll+0x31d0c1]
V  [jvm.dll+0x83853b]
V  [jvm.dll+0x839274]
V  [jvm.dll+0x83978c]
V  [jvm.dll+0x839b64]
V  [jvm.dll+0x839c30]
V  [jvm.dll+0x7e240a]
V  [jvm.dll+0x6761a5]
C  [ucrtbase.dll+0x4b82b]
C  [KERNEL32.DLL+0x1484d]
C  [ntdll.dll+0x67558]

VM_Operation (0x0000006ef31fe650): G1TryInitiateConcMark, mode: safepoint, requested by thread 0x00000266b8da9a20


---------------  P R O C E S S  ---------------

Threads class SMR info:
_java_thread_list=0x00000266b8eb8ee0, length=43, elements={
0x00000266b70012d0, 0x00000266b7003da0, 0x00000266b6514920, 0x00000266b65171f0,
0x00000266b6517ab0, 0x00000266b7032400, 0x00000266b7034d80, 0x00000266b7035680,
0x00000266b706eb20, 0x00000266b7150fc0, 0x00000266b7248ef0, 0x00000266b7249c60,
0x00000266b8aa23c0, 0x00000266b8d27940, 0x00000266b8b2a8e0, 0x00000266a7292da0,
0x00000266b893d250, 0x00000266b8d797b0, 0x00000266b8d80790, 0x00000266b8d80c60,
0x00000266b8d92fa0, 0x00000266b8da8210, 0x00000266b8da73a0, 0x00000266b8da86e0,
0x00000266b8da8bb0, 0x00000266b8da9550, 0x00000266b8da7870, 0x00000266b8da6a00,
0x00000266b8da9a20, 0x00000266b8da6ed0, 0x00000266b8da7d40, 0x00000266b8da9080,
0x00000266b8da6060, 0x00000266b8da6530, 0x00000266b8e850f0, 0x00000266b8e808c0,
0x00000266b8e7fa50, 0x00000266b8e83db0, 0x00000266b8e838e0, 0x00000266b8e80d90,
0x00000266b8e84750, 0x00000266b8e81730, 0x00000266b8e7f0b0
}

Java Threads: ( => current thread )
  0x00000266b70012d0 JavaThread "Reference Handler" daemon [_thread_blocked, id=89252, stack(0x0000006ef0d00000,0x0000006ef0e00000)]
  0x00000266b7003da0 JavaThread "Finalizer" daemon [_thread_blocked, id=95192, stack(0x0000006ef0e00000,0x0000006ef0f00000)]
  0x00000266b6514920 JavaThread "Signal Dispatcher" daemon [_thread_blocked, id=63992, stack(0x0000006ef0f00000,0x0000006ef1000000)]
  0x00000266b65171f0 JavaThread "Attach Listener" daemon [_thread_blocked, id=89120, stack(0x0000006ef1000000,0x0000006ef1100000)]
  0x00000266b6517ab0 JavaThread "Service Thread" daemon [_thread_blocked, id=93240, stack(0x0000006ef1100000,0x0000006ef1200000)]
  0x00000266b7032400 JavaThread "Monitor Deflation Thread" daemon [_thread_blocked, id=93744, stack(0x0000006ef1200000,0x0000006ef1300000)]
  0x00000266b7034d80 JavaThread "C1 CompilerThread0" daemon [_thread_blocked, id=72676, stack(0x0000006ef1300000,0x0000006ef1400000)]
  0x00000266b7035680 JavaThread "Sweeper thread" daemon [_thread_blocked, id=89860, stack(0x0000006ef1400000,0x0000006ef1500000)]
  0x00000266b706eb20 JavaThread "C1 CompilerThread1" daemon [_thread_blocked, id=82496, stack(0x0000006ef1500000,0x0000006ef1600000)]
  0x00000266b7150fc0 JavaThread "C1 CompilerThread2" daemon [_thread_blocked, id=94116, stack(0x0000006ef1600000,0x0000006ef1700000)]
  0x00000266b7248ef0 JavaThread "Notification Thread" daemon [_thread_blocked, id=80404, stack(0x0000006ef1700000,0x0000006ef1800000)]
  0x00000266b7249c60 JavaThread "Common-Cleaner" daemon [_thread_blocked, id=95228, stack(0x0000006ef1900000,0x0000006ef1a00000)]
  0x00000266b8aa23c0 JavaThread "boundedElastic-evictor-1" daemon [_thread_blocked, id=82760, stack(0x0000006ef1f00000,0x0000006ef2000000)]
  0x00000266b8d27940 JavaThread "pool-9-thread-1" [_thread_blocked, id=91316, stack(0x0000006ef2300000,0x0000006ef2400000)]
  0x00000266b8b2a8e0 JavaThread "LanguageServerApp-lifecycle" [_thread_blocked, id=89124, stack(0x0000006ef2400000,0x0000006ef2500000)]
  0x00000266a7292da0 JavaThread "DestroyJavaVM" [_thread_blocked, id=91428, stack(0x0000006ef0600000,0x0000006ef0700000)]
  0x00000266b893d250 JavaThread "pool-10-thread-1" [_thread_in_native, id=90648, stack(0x0000006ef2500000,0x0000006ef2600000)]
  0x00000266b8d797b0 JavaThread "Simple-Language-Server main thread" daemon [_thread_blocked, id=84632, stack(0x0000006ef2600000,0x0000006ef2700000)]
  0x00000266b8d80790 JavaThread "ForkJoinPool.commonPool-worker-1" daemon [_thread_blocked, id=88848, stack(0x0000006ef2700000,0x0000006ef2800000)]
  0x00000266b8d80c60 JavaThread "pool-7-thread-1" [_thread_blocked, id=94512, stack(0x0000006ef2800000,0x0000006ef2900000)]
  0x00000266b8d92fa0 JavaThread "parallel-1" daemon [_thread_blocked, id=91584, stack(0x0000006ef2900000,0x0000006ef2a00000)]
  0x00000266b8da8210 JavaThread "parallel-2" daemon [_thread_blocked, id=94972, stack(0x0000006ef2a00000,0x0000006ef2b00000)]
  0x00000266b8da73a0 JavaThread "parallel-3" daemon [_thread_blocked, id=94020, stack(0x0000006ef2b00000,0x0000006ef2c00000)]
  0x00000266b8da86e0 JavaThread "parallel-4" daemon [_thread_blocked, id=91380, stack(0x0000006ef2c00000,0x0000006ef2d00000)]
  0x00000266b8da8bb0 JavaThread "pool-4-thread-1" [_thread_blocked, id=87336, stack(0x0000006ef2d00000,0x0000006ef2e00000)]
  0x00000266b8da9550 JavaThread "ForkJoinPool.commonPool-worker-2" daemon [_thread_blocked, id=92656, stack(0x0000006ef2e00000,0x0000006ef2f00000)]
  0x00000266b8da7870 JavaThread "pool-4-thread-2" [_thread_blocked, id=84856, stack(0x0000006ef2f00000,0x0000006ef3000000)]
  0x00000266b8da6a00 JavaThread "Reconciler-1" daemon [_thread_blocked, id=84132, stack(0x0000006ef3000000,0x0000006ef3100000)]
  0x00000266b8da9a20 JavaThread "ClassGraph-worker-0" daemon [_thread_blocked, id=92452, stack(0x0000006ef3100000,0x0000006ef3200000)]
  0x00000266b8da6ed0 JavaThread "ClassGraph-worker-1" daemon [_thread_blocked, id=91664, stack(0x0000006ef3200000,0x0000006ef3300000)]
  0x00000266b8da7d40 JavaThread "ClassGraph-worker-2" daemon [_thread_blocked, id=74628, stack(0x0000006ef3300000,0x0000006ef3400000)]
  0x00000266b8da9080 JavaThread "ClassGraph-worker-3" daemon [_thread_blocked, id=88444, stack(0x0000006ef3400000,0x0000006ef3500000)]
  0x00000266b8da6060 JavaThread "ClassGraph-worker-4" daemon [_thread_blocked, id=84040, stack(0x0000006ef3500000,0x0000006ef3600000)]
  0x00000266b8da6530 JavaThread "ClassGraph-worker-5" daemon [_thread_blocked, id=41128, stack(0x0000006ef3600000,0x0000006ef3700000)]
  0x00000266b8e850f0 JavaThread "ClassGraph-worker-6" daemon [_thread_blocked, id=85612, stack(0x0000006ef3700000,0x0000006ef3800000)]
  0x00000266b8e808c0 JavaThread "ClassGraph-worker-7" daemon [_thread_blocked, id=93372, stack(0x0000006ef3800000,0x0000006ef3900000)]
  0x00000266b8e7fa50 JavaThread "ClassGraph-worker-8" daemon [_thread_blocked, id=88744, stack(0x0000006ef3900000,0x0000006ef3a00000)]
  0x00000266b8e83db0 JavaThread "ClassGraph-worker-9" daemon [_thread_blocked, id=92380, stack(0x0000006ef3a00000,0x0000006ef3b00000)]
  0x00000266b8e838e0 JavaThread "ClassGraph-worker-10" daemon [_thread_blocked, id=72536, stack(0x0000006ef3b00000,0x0000006ef3c00000)]
  0x00000266b8e80d90 JavaThread "ClassGraph-worker-11" daemon [_thread_blocked, id=62596, stack(0x0000006ef3c00000,0x0000006ef3d00000)]
  0x00000266b8e84750 JavaThread "ClassGraph-worker-12" daemon [_thread_blocked, id=59976, stack(0x0000006ef3d00000,0x0000006ef3e00000)]
  0x00000266b8e81730 JavaThread "ClassGraph-worker-13" daemon [_thread_blocked, id=51628, stack(0x0000006ef3e00000,0x0000006ef3f00000)]
  0x00000266b8e7f0b0 JavaThread "parallel-5" daemon [_thread_blocked, id=60412, stack(0x0000006ef3f00000,0x0000006ef4000000)]

Other Threads:
=>0x00000266b64f4380 VMThread "VM Thread" [stack: 0x0000006ef0c00000,0x0000006ef0d00000] [id=84056]
  0x00000266b72499d0 WatcherThread [stack: 0x0000006ef1800000,0x0000006ef1900000] [id=91564]
  0x00000266a72edf40 GCTaskThread "GC Thread#0" [stack: 0x0000006ef0700000,0x0000006ef0800000] [id=93476]
  0x00000266b7b9cb80 GCTaskThread "GC Thread#1" [stack: 0x0000006ef1a00000,0x0000006ef1b00000] [id=94620]
  0x00000266b7b9ce30 GCTaskThread "GC Thread#2" [stack: 0x0000006ef1b00000,0x0000006ef1c00000] [id=92912]
  0x00000266b7bfe9a0 GCTaskThread "GC Thread#3" [stack: 0x0000006ef1c00000,0x0000006ef1d00000] [id=87704]
  0x00000266b7bfec50 GCTaskThread "GC Thread#4" [stack: 0x0000006ef1d00000,0x0000006ef1e00000] [id=85412]
  0x00000266b8402d30 GCTaskThread "GC Thread#5" [stack: 0x0000006ef1e00000,0x0000006ef1f00000] [id=91256]
  0x00000266b8601430 GCTaskThread "GC Thread#6" [stack: 0x0000006ef2000000,0x0000006ef2100000] [id=88276]
  0x00000266b85f6010 GCTaskThread "GC Thread#7" [stack: 0x0000006ef2100000,0x0000006ef2200000] [id=94072]
  0x00000266a72fe750 ConcurrentGCThread "G1 Main Marker" [stack: 0x0000006ef0800000,0x0000006ef0900000] [id=91176]
  0x00000266a7300340 ConcurrentGCThread "G1 Conc#0" [stack: 0x0000006ef0900000,0x0000006ef0a00000] [id=90976]
  0x00000266b8760060 ConcurrentGCThread "G1 Conc#1" [stack: 0x0000006ef2200000,0x0000006ef2300000] [id=94496]
  0x00000266b63634e0 ConcurrentGCThread "G1 Refine#0" [stack: 0x0000006ef0a00000,0x0000006ef0b00000] [id=93760]
  0x00000266bb01adb0 ConcurrentGCThread "G1 Refine#1" [stack: 0x0000006ef4000000,0x0000006ef4100000] [id=94328]
  0x00000266b6363e10 ConcurrentGCThread "G1 Service" [stack: 0x0000006ef0b00000,0x0000006ef0c00000] [id=94012]

Threads with active compile tasks:

VM state: at safepoint (normal execution)

VM Mutex/Monitor currently owned by a thread:  ([mutex/lock_event])
[0x00000266a7134f30] Threads_lock - owner thread: 0x00000266b64f4380
[0x00000266a7291300] Heap_lock - owner thread: 0x00000266b8da9a20

Heap address: 0x0000000083200000, size: 1998 MB, Compressed Oops mode: 32-bit

CDS archive(s) not mapped
Compressed class space mapped at: 0x0000000100000000-0x0000000140000000, reserved size: 1073741824
Narrow klass base: 0x0000000000000000, Narrow klass shift: 3, Narrow klass range: 0x140000000

GC Precious Log:
 CPUs: 8 total, 8 available
 Memory: 7987M
 Large Page Support: Disabled
 NUMA Support: Disabled
 Compressed Oops: Enabled (32-bit)
 Heap Region Size: 1M
 Heap Min Capacity: 8M
 Heap Initial Capacity: 126M
 Heap Max Capacity: 1998M
 Pre-touch: Disabled
 Parallel Workers: 8
 Concurrent Workers: 2
 Concurrent Refinement Workers: 8
 Periodic GC: Disabled

Heap:
 garbage-first heap   total 94208K, used 61176K [0x0000000083200000, 0x0000000100000000)
  region size 1024K, 3 young (3072K), 3 survivors (3072K)
 Metaspace       used 38293K, committed 38656K, reserved 1089536K
  class space    used 4832K, committed 4992K, reserved 1048576K

Heap Regions: E=young(eden), S=young(survivor), O=old, HS=humongous(starts), HC=humongous(continues), CS=collection set, F=free, OA=open archive, CA=closed archive, TAMS=top-at-mark-start (previous, next)
|   0|0x0000000083200000, 0x0000000083300000, 0x0000000083300000|100%| O|  |TAMS 0x0000000083300000, 0x0000000083300000| Untracked 
|   1|0x0000000083300000, 0x0000000083400000, 0x0000000083400000|100%| O|  |TAMS 0x0000000083400000, 0x0000000083400000| Untracked 
|   2|0x0000000083400000, 0x0000000083500000, 0x0000000083500000|100%| O|  |TAMS 0x0000000083500000, 0x0000000083500000| Untracked 
|   3|0x0000000083500000, 0x0000000083600000, 0x0000000083600000|100%| O|  |TAMS 0x0000000083600000, 0x0000000083600000| Untracked 
|   4|0x0000000083600000, 0x0000000083700000, 0x0000000083700000|100%| O|  |TAMS 0x0000000083700000, 0x0000000083700000| Untracked 
|   5|0x0000000083700000, 0x0000000083800000, 0x0000000083800000|100%| O|  |TAMS 0x0000000083800000, 0x0000000083800000| Untracked 
|   6|0x0000000083800000, 0x0000000083900000, 0x0000000083900000|100%| O|  |TAMS 0x0000000083900000, 0x0000000083900000| Untracked 
|   7|0x0000000083900000, 0x0000000083a00000, 0x0000000083a00000|100%| O|  |TAMS 0x0000000083a00000, 0x0000000083a00000| Untracked 
|   8|0x0000000083a00000, 0x0000000083b00000, 0x0000000083b00000|100%| O|  |TAMS 0x0000000083a00000, 0x0000000083b00000| Untracked 
|   9|0x0000000083b00000, 0x0000000083c00000, 0x0000000083c00000|100%| O|  |TAMS 0x0000000083c00000, 0x0000000083c00000| Untracked 
|  10|0x0000000083c00000, 0x0000000083d00000, 0x0000000083d00000|100%| O|  |TAMS 0x0000000083d00000, 0x0000000083d00000| Untracked 
|  11|0x0000000083d00000, 0x0000000083e00000, 0x0000000083e00000|100%| O|  |TAMS 0x0000000083e00000, 0x0000000083e00000| Untracked 
|  12|0x0000000083e00000, 0x0000000083f00000, 0x0000000083f00000|100%| O|  |TAMS 0x0000000083f00000, 0x0000000083f00000| Untracked 
|  13|0x0000000083f00000, 0x0000000084000000, 0x0000000084000000|100%| O|  |TAMS 0x0000000084000000, 0x0000000084000000| Untracked 
|  14|0x0000000084000000, 0x0000000084100000, 0x0000000084100000|100%| O|  |TAMS 0x0000000084100000, 0x0000000084100000| Untracked 
|  15|0x0000000084100000, 0x0000000084200000, 0x0000000084200000|100%| O|  |TAMS 0x0000000084200000, 0x0000000084200000| Untracked 
|  16|0x0000000084200000, 0x0000000084300000, 0x0000000084300000|100%| O|  |TAMS 0x0000000084300000, 0x0000000084300000| Untracked 
|  17|0x0000000084300000, 0x0000000084400000, 0x0000000084400000|100%| O|  |TAMS 0x0000000084400000, 0x0000000084400000| Untracked 
|  18|0x0000000084400000, 0x0000000084500000, 0x0000000084500000|100%| O|  |TAMS 0x0000000084500000, 0x0000000084500000| Untracked 
|  19|0x0000000084500000, 0x0000000084600000, 0x0000000084600000|100%| O|  |TAMS 0x0000000084600000, 0x0000000084600000| Untracked 
|  20|0x0000000084600000, 0x0000000084700000, 0x0000000084700000|100%| O|  |TAMS 0x0000000084700000, 0x0000000084700000| Untracked 
|  21|0x0000000084700000, 0x0000000084800000, 0x0000000084800000|100%| O|  |TAMS 0x0000000084800000, 0x0000000084800000| Untracked 
|  22|0x0000000084800000, 0x0000000084900000, 0x0000000084900000|100%| O|  |TAMS 0x0000000084900000, 0x0000000084900000| Untracked 
|  23|0x0000000084900000, 0x0000000084a00000, 0x0000000084a00000|100%| O|  |TAMS 0x0000000084a00000, 0x0000000084a00000| Untracked 
|  24|0x0000000084a00000, 0x0000000084b00000, 0x0000000084b00000|100%| O|  |TAMS 0x0000000084b00000, 0x0000000084b00000| Untracked 
|  25|0x0000000084b00000, 0x0000000084c00000, 0x0000000084c00000|100%| O|  |TAMS 0x0000000084c00000, 0x0000000084c00000| Untracked 
|  26|0x0000000084c00000, 0x0000000084d00000, 0x0000000084d00000|100%| O|  |TAMS 0x0000000084d00000, 0x0000000084d00000| Untracked 
|  27|0x0000000084d00000, 0x0000000084e00000, 0x0000000084e00000|100%| O|  |TAMS 0x0000000084e00000, 0x0000000084e00000| Untracked 
|  28|0x0000000084e00000, 0x0000000084f00000, 0x0000000084f00000|100%| O|  |TAMS 0x0000000084f00000, 0x0000000084f00000| Untracked 
|  29|0x0000000084f00000, 0x0000000085000000, 0x0000000085000000|100%| O|  |TAMS 0x0000000085000000, 0x0000000085000000| Untracked 
|  30|0x0000000085000000, 0x0000000085100000, 0x0000000085100000|100%| O|  |TAMS 0x0000000085100000, 0x0000000085100000| Untracked 
|  31|0x0000000085100000, 0x0000000085200000, 0x0000000085200000|100%| O|  |TAMS 0x0000000085200000, 0x0000000085200000| Untracked 
|  32|0x0000000085200000, 0x0000000085300000, 0x0000000085300000|100%| O|  |TAMS 0x0000000085300000, 0x0000000085300000| Untracked 
|  33|0x0000000085300000, 0x0000000085400000, 0x0000000085400000|100%| O|  |TAMS 0x0000000085400000, 0x0000000085400000| Untracked 
|  34|0x0000000085400000, 0x0000000085500000, 0x0000000085500000|100%| O|  |TAMS 0x0000000085500000, 0x0000000085500000| Untracked 
|  35|0x0000000085500000, 0x0000000085600000, 0x0000000085600000|100%| O|  |TAMS 0x0000000085600000, 0x0000000085600000| Untracked 
|  36|0x0000000085600000, 0x0000000085700000, 0x0000000085700000|100%| O|  |TAMS 0x0000000085700000, 0x0000000085700000| Untracked 
|  37|0x0000000085700000, 0x0000000085800000, 0x0000000085800000|100%| O|  |TAMS 0x0000000085800000, 0x0000000085800000| Untracked 
|  38|0x0000000085800000, 0x0000000085900000, 0x0000000085900000|100%| O|  |TAMS 0x0000000085900000, 0x0000000085900000| Untracked 
|  39|0x0000000085900000, 0x0000000085a00000, 0x0000000085a00000|100%| O|  |TAMS 0x0000000085a00000, 0x0000000085a00000| Untracked 
|  40|0x0000000085a00000, 0x0000000085b00000, 0x0000000085b00000|100%| O|  |TAMS 0x0000000085b00000, 0x0000000085b00000| Untracked 
|  41|0x0000000085b00000, 0x0000000085c00000, 0x0000000085c00000|100%| O|  |TAMS 0x0000000085c00000, 0x0000000085c00000| Untracked 
|  42|0x0000000085c00000, 0x0000000085d00000, 0x0000000085d00000|100%| O|  |TAMS 0x0000000085c00000, 0x0000000085c00000| Untracked 
|  43|0x0000000085d00000, 0x0000000085e00000, 0x0000000085e00000|100%| O|  |TAMS 0x0000000085d00000, 0x0000000085e00000| Untracked 
|  44|0x0000000085e00000, 0x0000000085f00000, 0x0000000085f00000|100%|HS|  |TAMS 0x0000000085e00000, 0x0000000085f00000| Complete 
|  45|0x0000000085f00000, 0x0000000086000000, 0x0000000086000000|100%| O|  |TAMS 0x0000000085f00000, 0x0000000086000000| Untracked 
|  46|0x0000000086000000, 0x0000000086100000, 0x0000000086100000|100%| O|  |TAMS 0x0000000086000000, 0x0000000086100000| Untracked 
|  47|0x0000000086100000, 0x0000000086200000, 0x0000000086200000|100%| O|  |TAMS 0x0000000086100000, 0x0000000086200000| Untracked 
|  48|0x0000000086200000, 0x0000000086300000, 0x0000000086300000|100%| O|  |TAMS 0x0000000086200000, 0x0000000086300000| Untracked 
|  49|0x0000000086300000, 0x0000000086400000, 0x0000000086400000|100%| O|  |TAMS 0x0000000086300000, 0x0000000086400000| Untracked 
|  50|0x0000000086400000, 0x0000000086500000, 0x0000000086500000|100%| O|  |TAMS 0x0000000086400000, 0x0000000086500000| Untracked 
|  51|0x0000000086500000, 0x0000000086600000, 0x0000000086600000|100%| O|  |TAMS 0x0000000086500000, 0x0000000086600000| Untracked 
|  52|0x0000000086600000, 0x0000000086700000, 0x0000000086700000|100%| O|  |TAMS 0x0000000086600000, 0x0000000086700000| Untracked 
|  53|0x0000000086700000, 0x0000000086800000, 0x0000000086800000|100%| O|  |TAMS 0x0000000086700000, 0x0000000086800000| Untracked 
|  54|0x0000000086800000, 0x0000000086900000, 0x0000000086900000|100%| O|  |TAMS 0x0000000086800000, 0x0000000086899800| Untracked 
|  55|0x0000000086900000, 0x0000000086a00000, 0x0000000086a00000|100%| O|  |TAMS 0x0000000086900000, 0x0000000086900000| Untracked 
|  56|0x0000000086a00000, 0x0000000086abe200, 0x0000000086b00000| 74%| O|  |TAMS 0x0000000086a00000, 0x0000000086a00000| Untracked 
|  57|0x0000000086b00000, 0x0000000086b00000, 0x0000000086c00000|  0%| F|  |TAMS 0x0000000086b00000, 0x0000000086b00000| Untracked 
|  58|0x0000000086c00000, 0x0000000086c00000, 0x0000000086d00000|  0%| F|  |TAMS 0x0000000086c00000, 0x0000000086c00000| Untracked 
|  59|0x0000000086d00000, 0x0000000086d00000, 0x0000000086e00000|  0%| F|  |TAMS 0x0000000086d00000, 0x0000000086d00000| Untracked 
|  60|0x0000000086e00000, 0x0000000086e00000, 0x0000000086f00000|  0%| F|  |TAMS 0x0000000086e00000, 0x0000000086e00000| Untracked 
|  61|0x0000000086f00000, 0x0000000086f00000, 0x0000000087000000|  0%| F|  |TAMS 0x0000000086f00000, 0x0000000086f00000| Untracked 
|  62|0x0000000087000000, 0x0000000087000000, 0x0000000087100000|  0%| F|  |TAMS 0x0000000087000000, 0x0000000087000000| Untracked 
|  63|0x0000000087100000, 0x0000000087100000, 0x0000000087200000|  0%| F|  |TAMS 0x0000000087100000, 0x0000000087100000| Untracked 
|  64|0x0000000087200000, 0x0000000087200000, 0x0000000087300000|  0%| F|  |TAMS 0x0000000087200000, 0x0000000087200000| Untracked 
|  65|0x0000000087300000, 0x0000000087300000, 0x0000000087400000|  0%| F|  |TAMS 0x0000000087300000, 0x0000000087300000| Untracked 
|  66|0x0000000087400000, 0x0000000087400000, 0x0000000087500000|  0%| F|  |TAMS 0x0000000087400000, 0x0000000087400000| Untracked 
|  67|0x0000000087500000, 0x0000000087500000, 0x0000000087600000|  0%| F|  |TAMS 0x0000000087500000, 0x0000000087500000| Untracked 
|  68|0x0000000087600000, 0x0000000087600000, 0x0000000087700000|  0%| F|  |TAMS 0x0000000087600000, 0x0000000087600000| Untracked 
|  69|0x0000000087700000, 0x0000000087700000, 0x0000000087800000|  0%| F|  |TAMS 0x0000000087700000, 0x0000000087700000| Untracked 
|  70|0x0000000087800000, 0x0000000087800000, 0x0000000087900000|  0%| F|  |TAMS 0x0000000087800000, 0x0000000087800000| Untracked 
|  71|0x0000000087900000, 0x0000000087900000, 0x0000000087a00000|  0%| F|  |TAMS 0x0000000087900000, 0x0000000087900000| Untracked 
|  72|0x0000000087a00000, 0x0000000087a00000, 0x0000000087b00000|  0%| F|  |TAMS 0x0000000087a00000, 0x0000000087a00000| Untracked 
|  73|0x0000000087b00000, 0x0000000087b00000, 0x0000000087c00000|  0%| F|  |TAMS 0x0000000087b00000, 0x0000000087b00000| Untracked 
|  74|0x0000000087c00000, 0x0000000087c00000, 0x0000000087d00000|  0%| F|  |TAMS 0x0000000087c00000, 0x0000000087c00000| Untracked 
|  75|0x0000000087d00000, 0x0000000087d00000, 0x0000000087e00000|  0%| F|  |TAMS 0x0000000087d00000, 0x0000000087d00000| Untracked 
|  76|0x0000000087e00000, 0x0000000087e00000, 0x0000000087f00000|  0%| F|  |TAMS 0x0000000087e00000, 0x0000000087e00000| Untracked 
|  77|0x0000000087f00000, 0x0000000088000000, 0x0000000088000000|100%| S|CS|TAMS 0x0000000087f00000, 0x0000000087f00000| Complete 
|  78|0x0000000088000000, 0x0000000088100000, 0x0000000088100000|100%| S|CS|TAMS 0x0000000088000000, 0x0000000088000000| Complete 
|  79|0x0000000088100000, 0x0000000088200000, 0x0000000088200000|100%| S|CS|TAMS 0x0000000088100000, 0x0000000088100000| Complete 
|  80|0x0000000088200000, 0x0000000088200000, 0x0000000088300000|  0%| F|  |TAMS 0x0000000088200000, 0x0000000088200000| Untracked 
|  81|0x0000000088300000, 0x0000000088300000, 0x0000000088400000|  0%| F|  |TAMS 0x0000000088300000, 0x0000000088300000| Untracked 
|  82|0x0000000088400000, 0x0000000088400000, 0x0000000088500000|  0%| F|  |TAMS 0x0000000088400000, 0x0000000088400000| Untracked 
|  83|0x0000000088500000, 0x0000000088500000, 0x0000000088600000|  0%| F|  |TAMS 0x0000000088500000, 0x0000000088500000| Untracked 
|  84|0x0000000088600000, 0x0000000088600000, 0x0000000088700000|  0%| F|  |TAMS 0x0000000088600000, 0x0000000088600000| Untracked 
|  85|0x0000000088700000, 0x0000000088700000, 0x0000000088800000|  0%| F|  |TAMS 0x0000000088700000, 0x0000000088700000| Untracked 
| 104|0x0000000089a00000, 0x0000000089a00000, 0x0000000089b00000|  0%| F|  |TAMS 0x0000000089a00000, 0x0000000089a00000| Untracked 
| 105|0x0000000089b00000, 0x0000000089b00000, 0x0000000089c00000|  0%| F|  |TAMS 0x0000000089b00000, 0x0000000089b00000| Untracked 
| 106|0x0000000089c00000, 0x0000000089c00000, 0x0000000089d00000|  0%| F|  |TAMS 0x0000000089c00000, 0x0000000089c00000| Untracked 
| 107|0x0000000089d00000, 0x0000000089d00000, 0x0000000089e00000|  0%| F|  |TAMS 0x0000000089d00000, 0x0000000089d00000| Untracked 
| 124|0x000000008ae00000, 0x000000008ae00000, 0x000000008af00000|  0%| F|  |TAMS 0x000000008ae00000, 0x000000008ae00000| Untracked 
| 125|0x000000008af00000, 0x000000008af00000, 0x000000008b000000|  0%| F|  |TAMS 0x000000008af00000, 0x000000008af00000| Untracked 

Card table byte_map: [0x00000266af3b0000,0x00000266af7a0000] _byte_map_base: 0x00000266aef97000

Marking Bits (Prev, Next): (CMBitMap*) 0x00000266a72ee460, (CMBitMap*) 0x00000266a72ee4a0
 Prev Bits: [0x00000266afb90000, 0x00000266b1ac8000)
 Next Bits: [0x00000266b1ad0000, 0x00000266b3a08000)

Polling page: 0x00000266a7350000

Metaspace:

Usage:
  Non-class:     32.68 MB used.
      Class:      4.72 MB used.
       Both:     37.40 MB used.

Virtual space:
  Non-class space:       40.00 MB reserved,      32.88 MB ( 82%) committed,  5 nodes.
      Class space:        1.00 GB reserved,       4.88 MB ( <1%) committed,  1 nodes.
             Both:        1.04 GB reserved,      37.75 MB (  4%) committed. 

Chunk freelists:
   Non-Class:  3.12 MB
       Class:  3.19 MB
        Both:  6.31 MB

MaxMetaspaceSize: unlimited
CompressedClassSpaceSize: 1.00 GB
Initial GC threshold: 21.00 MB
Current GC threshold: 62.00 MB
CDS: off
MetaspaceReclaimPolicy: balanced
 - commit_granule_bytes: 65536.
 - commit_granule_words: 8192.
 - virtual_space_node_default_size: 1048576.
 - enlarge_chunks_in_place: 1.
 - new_chunks_are_fully_committed: 0.
 - uncommit_free_chunks: 1.
 - use_allocation_guard: 0.
 - handle_deallocations: 1.


Internal statistics:

num_allocs_failed_limit: 8.
num_arena_births: 344.
num_arena_deaths: 0.
num_vsnodes_births: 6.
num_vsnodes_deaths: 0.
num_space_committed: 604.
num_space_uncommitted: 0.
num_chunks_returned_to_freelist: 8.
num_chunks_taken_from_freelist: 1461.
num_chunk_merges: 5.
num_chunk_splits: 1010.
num_chunks_enlarged: 787.
num_purges: 0.
num_inconsistent_stats: 0.

CodeCache: size=49152Kb used=8324Kb max_used=8324Kb free=40827Kb
 bounds [0x00000266ab6e0000, 0x00000266abf10000, 0x00000266ae6e0000]
 total_blobs=4193 nmethods=3666 adapters=452
 compilation: enabled
              stopped_count=0, restarted_count=0
 full_count=0

Compilation events (20 events):
Event: 5.471 Thread 0x00000266b7034d80 3657       1       java.nio.file.Files::provider (10 bytes)
Event: 5.471 Thread 0x00000266b7034d80 nmethod 3657 0x00000266abefcc10 code [0x00000266abefcdc0, 0x00000266abefceb8]
Event: 5.483 Thread 0x00000266b7034d80 3658       1       java.nio.file.Path::toFile (36 bytes)
Event: 5.483 Thread 0x00000266b7034d80 nmethod 3658 0x00000266abefcf90 code [0x00000266abefd160, 0x00000266abefd3f8]
Event: 5.510 Thread 0x00000266b706eb20 3659       1       io.github.classgraph.ClasspathElementDir$1::getPath (45 bytes)
Event: 5.511 Thread 0x00000266b706eb20 nmethod 3659 0x00000266abefd590 code [0x00000266abefd760, 0x00000266abefd948]
Event: 5.521 Thread 0x00000266b7150fc0 3660       1       io.github.classgraph.ClasspathElement::maskClassfiles (191 bytes)
Event: 5.523 Thread 0x00000266b7150fc0 nmethod 3660 0x00000266abefdb10 code [0x00000266abefde60, 0x00000266abefeca8]
Event: 5.530 Thread 0x00000266b7150fc0 3661       1       java.util.HashMap::putAll (7 bytes)
Event: 5.530 Thread 0x00000266b7150fc0 nmethod 3661 0x00000266abeff610 code [0x00000266abeff7a0, 0x00000266abeff888]
Event: 5.531 Thread 0x00000266b7150fc0 3662       1       java.util.concurrent.ConcurrentHashMap::entrySet (25 bytes)
Event: 5.531 Thread 0x00000266b706eb20 3663       1       java.util.concurrent.ConcurrentHashMap$EntrySetView::iterator (34 bytes)
Event: 5.531 Thread 0x00000266b7034d80 3664       1       java.util.concurrent.ConcurrentHashMap$EntryIterator::<init> (12 bytes)
Event: 5.531 Thread 0x00000266b7150fc0 nmethod 3662 0x00000266abeff910 code [0x00000266abeffaa0, 0x00000266abeffc98]
Event: 5.531 Thread 0x00000266b7034d80 nmethod 3664 0x00000266abeffd10 code [0x00000266abeffec0, 0x00000266abf00018]
Event: 5.531 Thread 0x00000266b706eb20 nmethod 3663 0x00000266abf00110 code [0x00000266abf002c0, 0x00000266abf004d8]
Event: 5.532 Thread 0x00000266b706eb20 3665       1       nonapi.io.github.classgraph.utils.JarUtils::classfilePathToClassName (56 bytes)
Event: 5.532 Thread 0x00000266b7034d80 3666       1       io.github.classgraph.Scanner$ClassfileScanWorkUnit::<init> (20 bytes)
Event: 5.532 Thread 0x00000266b7034d80 nmethod 3666 0x00000266abf00610 code [0x00000266abf007a0, 0x00000266abf00918]
Event: 5.533 Thread 0x00000266b706eb20 nmethod 3665 0x00000266abf00990 code [0x00000266abf00ba0, 0x00000266abf00fe8]

GC Heap History (20 events):
Event: 4.365 GC heap after
{Heap after GC invocations=8 (full 0):
 garbage-first heap   total 61440K, used 20633K [0x0000000083200000, 0x0000000100000000)
  region size 1024K, 4 young (4096K), 4 survivors (4096K)
 Metaspace       used 35341K, committed 35648K, reserved 1081344K
  class space    used 4578K, committed 4736K, reserved 1048576K
}
Event: 4.484 GC heap before
{Heap before GC invocations=8 (full 0):
 garbage-first heap   total 61440K, used 43161K [0x0000000083200000, 0x0000000100000000)
  region size 1024K, 27 young (27648K), 4 survivors (4096K)
 Metaspace       used 35769K, committed 36096K, reserved 1081344K
  class space    used 4627K, committed 4800K, reserved 1048576K
}
Event: 4.493 GC heap after
{Heap after GC invocations=9 (full 0):
 garbage-first heap   total 61440K, used 24850K [0x0000000083200000, 0x0000000100000000)
  region size 1024K, 4 young (4096K), 4 survivors (4096K)
 Metaspace       used 35769K, committed 36096K, reserved 1081344K
  class space    used 4627K, committed 4800K, reserved 1048576K
}
Event: 4.557 GC heap before
{Heap before GC invocations=9 (full 0):
 garbage-first heap   total 61440K, used 37138K [0x0000000083200000, 0x0000000100000000)
  region size 1024K, 18 young (18432K), 4 survivors (4096K)
 Metaspace       used 35849K, committed 36160K, reserved 1081344K
  class space    used 4634K, committed 4800K, reserved 1048576K
}
Event: 4.562 GC heap after
{Heap after GC invocations=10 (full 0):
 garbage-first heap   total 61440K, used 28115K [0x0000000083200000, 0x0000000100000000)
  region size 1024K, 3 young (3072K), 3 survivors (3072K)
 Metaspace       used 35849K, committed 36160K, reserved 1081344K
  class space    used 4634K, committed 4800K, reserved 1048576K
}
Event: 4.692 GC heap before
{Heap before GC invocations=11 (full 0):
 garbage-first heap   total 61440K, used 44499K [0x0000000083200000, 0x0000000100000000)
  region size 1024K, 20 young (20480K), 3 survivors (3072K)
 Metaspace       used 36275K, committed 36608K, reserved 1081344K
  class space    used 4672K, committed 4800K, reserved 1048576K
}
Event: 4.701 GC heap after
{Heap after GC invocations=12 (full 0):
 garbage-first heap   total 61440K, used 30940K [0x0000000083200000, 0x0000000100000000)
  region size 1024K, 3 young (3072K), 3 survivors (3072K)
 Metaspace       used 36275K, committed 36608K, reserved 1081344K
  class space    used 4672K, committed 4800K, reserved 1048576K
}
Event: 4.789 GC heap before
{Heap before GC invocations=12 (full 0):
 garbage-first heap   total 61440K, used 46300K [0x0000000083200000, 0x0000000100000000)
  region size 1024K, 18 young (18432K), 3 survivors (3072K)
 Metaspace       used 36616K, committed 36992K, reserved 1081344K
  class space    used 4712K, committed 4864K, reserved 1048576K
}
Event: 4.794 GC heap after
{Heap after GC invocations=13 (full 0):
 garbage-first heap   total 94208K, used 33820K [0x0000000083200000, 0x0000000100000000)
  region size 1024K, 3 young (3072K), 3 survivors (3072K)
 Metaspace       used 36616K, committed 36992K, reserved 1081344K
  class space    used 4712K, committed 4864K, reserved 1048576K
}
Event: 5.013 GC heap before
{Heap before GC invocations=14 (full 0):
 garbage-first heap   total 94208K, used 66588K [0x0000000083200000, 0x0000000100000000)
  region size 1024K, 35 young (35840K), 3 survivors (3072K)
 Metaspace       used 37080K, committed 37440K, reserved 1081344K
  class space    used 4746K, committed 4928K, reserved 1048576K
}
Event: 5.027 GC heap after
{Heap after GC invocations=15 (full 0):
 garbage-first heap   total 94208K, used 42191K [0x0000000083200000, 0x0000000100000000)
  region size 1024K, 5 young (5120K), 5 survivors (5120K)
 Metaspace       used 37080K, committed 37440K, reserved 1081344K
  class space    used 4746K, committed 4928K, reserved 1048576K
}
Event: 5.040 GC heap before
{Heap before GC invocations=15 (full 0):
 garbage-first heap   total 94208K, used 43215K [0x0000000083200000, 0x0000000100000000)
  region size 1024K, 6 young (6144K), 5 survivors (5120K)
 Metaspace       used 37125K, committed 37504K, reserved 1081344K
  class space    used 4747K, committed 4928K, reserved 1048576K
}
Event: 5.045 GC heap after
{Heap after GC invocations=16 (full 0):
 garbage-first heap   total 94208K, used 43370K [0x0000000083200000, 0x0000000100000000)
  region size 1024K, 1 young (1024K), 1 survivors (1024K)
 Metaspace       used 37125K, committed 37504K, reserved 1081344K
  class space    used 4747K, committed 4928K, reserved 1048576K
}
Event: 5.165 GC heap before
{Heap before GC invocations=16 (full 0):
 garbage-first heap   total 94208K, used 67946K [0x0000000083200000, 0x0000000100000000)
  region size 1024K, 26 young (26624K), 1 survivors (1024K)
 Metaspace       used 37742K, committed 38080K, reserved 1089536K
  class space    used 4772K, committed 4928K, reserved 1048576K
}
Event: 5.172 GC heap after
{Heap after GC invocations=17 (full 0):
 garbage-first heap   total 94208K, used 48258K [0x0000000083200000, 0x0000000100000000)
  region size 1024K, 4 young (4096K), 4 survivors (4096K)
 Metaspace       used 37742K, committed 38080K, reserved 1089536K
  class space    used 4772K, committed 4928K, reserved 1048576K
}
Event: 6.465 GC heap before
{Heap before GC invocations=18 (full 0):
 garbage-first heap   total 94208K, used 69762K [0x0000000083200000, 0x0000000100000000)
  region size 1024K, 25 young (25600K), 4 survivors (4096K)
 Metaspace       used 38293K, committed 38656K, reserved 1089536K
  class space    used 4832K, committed 4992K, reserved 1048576K
}
Event: 6.474 GC heap after
{Heap after GC invocations=19 (full 0):
 garbage-first heap   total 94208K, used 55084K [0x0000000083200000, 0x0000000100000000)
  region size 1024K, 4 young (4096K), 4 survivors (4096K)
 Metaspace       used 38293K, committed 38656K, reserved 1089536K
  class space    used 4832K, committed 4992K, reserved 1048576K
}
Event: 6.478 GC heap before
{Heap before GC invocations=19 (full 0):
 garbage-first heap   total 94208K, used 56108K [0x0000000083200000, 0x0000000100000000)
  region size 1024K, 5 young (5120K), 4 survivors (4096K)
 Metaspace       used 38293K, committed 38656K, reserved 1089536K
  class space    used 4832K, committed 4992K, reserved 1048576K
}
Event: 6.482 GC heap after
{Heap after GC invocations=20 (full 0):
 garbage-first heap   total 94208K, used 55910K [0x0000000083200000, 0x0000000100000000)
  region size 1024K, 1 young (1024K), 1 survivors (1024K)
 Metaspace       used 38293K, committed 38656K, reserved 1089536K
  class space    used 4832K, committed 4992K, reserved 1048576K
}
Event: 6.501 GC heap before
{Heap before GC invocations=20 (full 0):
 garbage-first heap   total 94208K, used 66150K [0x0000000083200000, 0x0000000100000000)
  region size 1024K, 12 young (12288K), 1 survivors (1024K)
 Metaspace       used 38293K, committed 38656K, reserved 1089536K
  class space    used 4832K, committed 4992K, reserved 1048576K
}

Deoptimization events (10 events):
Event: 1.980 Thread 0x00000266a7292da0 DEOPT PACKING pc=0x00000266abbacb19 sp=0x0000006ef06fd050
Event: 1.980 Thread 0x00000266a7292da0 DEOPT UNPACKING pc=0x00000266ab736763 sp=0x0000006ef06fc530 mode 3
Event: 4.047 Thread 0x00000266b8d797b0 DEOPT PACKING pc=0x00000266abdd7135 sp=0x0000006ef26fde80
Event: 4.047 Thread 0x00000266b8d797b0 DEOPT UNPACKING pc=0x00000266ab736763 sp=0x0000006ef26fd398 mode 3
Event: 4.245 Thread 0x00000266b8d80790 DEOPT PACKING pc=0x00000266abdfac2b sp=0x0000006ef27fe820
Event: 4.245 Thread 0x00000266b8d80790 DEOPT UNPACKING pc=0x00000266ab736763 sp=0x0000006ef27fdd68 mode 3
Event: 4.476 Thread 0x00000266b8da9080 DEOPT PACKING pc=0x00000266abbaad01 sp=0x0000006ef34ff100
Event: 4.477 Thread 0x00000266b8da9080 DEOPT UNPACKING pc=0x00000266ab736763 sp=0x0000006ef34fe590 mode 3
Event: 4.527 Thread 0x00000266b8da9a20 DEOPT PACKING pc=0x00000266abba8217 sp=0x0000006ef31feed0
Event: 4.527 Thread 0x00000266b8da9a20 DEOPT UNPACKING pc=0x00000266ab736763 sp=0x0000006ef31fe328 mode 3

Classes unloaded (0 events):
No events

Classes redefined (0 events):
No events

Internal exceptions (20 events):
Event: 4.305 Thread 0x00000266b8da6ed0 Exception <a 'sun/nio/fs/WindowsException'{0x0000000085b410e0}> (0x0000000085b410e0) 
thrown [s\src\hotspot\share\prims\jni.cpp, line 516]
Event: 4.306 Thread 0x00000266b8da6ed0 Exception <a 'sun/nio/fs/WindowsException'{0x0000000085b41b08}> (0x0000000085b41b08) 
thrown [s\src\hotspot\share\prims\jni.cpp, line 516]
Event: 4.307 Thread 0x00000266b8da6ed0 Exception <a 'sun/nio/fs/WindowsException'{0x0000000085b41ee8}> (0x0000000085b41ee8) 
thrown [s\src\hotspot\share\prims\jni.cpp, line 516]
Event: 4.307 Thread 0x00000266b8da6ed0 Exception <a 'sun/nio/fs/WindowsException'{0x0000000085b428d8}> (0x0000000085b428d8) 
thrown [s\src\hotspot\share\prims\jni.cpp, line 516]
Event: 4.307 Thread 0x00000266b8da6ed0 Exception <a 'sun/nio/fs/WindowsException'{0x0000000085b42c80}> (0x0000000085b42c80) 
thrown [s\src\hotspot\share\prims\jni.cpp, line 516]
Event: 4.307 Thread 0x00000266b8da6ed0 Exception <a 'sun/nio/fs/WindowsException'{0x0000000085b43680}> (0x0000000085b43680) 
thrown [s\src\hotspot\share\prims\jni.cpp, line 516]
Event: 4.308 Thread 0x00000266b8da6ed0 Exception <a 'sun/nio/fs/WindowsException'{0x0000000085b43a40}> (0x0000000085b43a40) 
thrown [s\src\hotspot\share\prims\jni.cpp, line 516]
Event: 4.308 Thread 0x00000266b8da6ed0 Exception <a 'sun/nio/fs/WindowsException'{0x0000000085b44440}> (0x0000000085b44440) 
thrown [s\src\hotspot\share\prims\jni.cpp, line 516]
Event: 4.308 Thread 0x00000266b8da6ed0 Exception <a 'sun/nio/fs/WindowsException'{0x0000000085b447f0}> (0x0000000085b447f0) 
thrown [s\src\hotspot\share\prims\jni.cpp, line 516]
Event: 4.308 Thread 0x00000266b8da6ed0 Exception <a 'sun/nio/fs/WindowsException'{0x0000000085b451f0}> (0x0000000085b451f0) 
thrown [s\src\hotspot\share\prims\jni.cpp, line 516]
Event: 4.308 Thread 0x00000266b8da6ed0 Exception <a 'sun/nio/fs/WindowsException'{0x0000000085b455b0}> (0x0000000085b455b0) 
thrown [s\src\hotspot\share\prims\jni.cpp, line 516]
Event: 4.308 Thread 0x00000266b8da6ed0 Exception <a 'sun/nio/fs/WindowsException'{0x0000000085b45fd8}> (0x0000000085b45fd8) 
thrown [s\src\hotspot\share\prims\jni.cpp, line 516]
Event: 4.308 Thread 0x00000266b8da6ed0 Exception <a 'sun/nio/fs/WindowsException'{0x0000000085b463b8}> (0x0000000085b463b8) 
thrown [s\src\hotspot\share\prims\jni.cpp, line 516]
Event: 4.309 Thread 0x00000266b8da6ed0 Exception <a 'sun/nio/fs/WindowsException'{0x0000000085b46df0}> (0x0000000085b46df0) 
thrown [s\src\hotspot\share\prims\jni.cpp, line 516]
Event: 4.309 Thread 0x00000266b8da6ed0 Exception <a 'sun/nio/fs/WindowsException'{0x0000000085b471e0}> (0x0000000085b471e0) 
thrown [s\src\hotspot\share\prims\jni.cpp, line 516]
Event: 4.309 Thread 0x00000266b8da6ed0 Exception <a 'sun/nio/fs/WindowsException'{0x0000000085b47c08}> (0x0000000085b47c08) 
thrown [s\src\hotspot\share\prims\jni.cpp, line 516]
Event: 4.309 Thread 0x00000266b8da6ed0 Exception <a 'sun/nio/fs/WindowsException'{0x0000000085b47ff8}> (0x0000000085b47ff8) 
thrown [s\src\hotspot\share\prims\jni.cpp, line 516]
Event: 4.313 Thread 0x00000266b8d797b0 Exception <a 'java/lang/NoSuchMethodError'{0x000000008591b830}: 'int java.lang.invoke.DirectMethodHandle$Holder.invokeStatic(java.lang.Object)'> (0x000000008591b830) 
thrown [s\src\hotspot\share\interpreter\linkResolver.cpp, line 759]
Event: 4.314 Thread 0x00000266b8d797b0 Exception <a 'java/lang/NoSuchMethodError'{0x0000000085924038}: 'int java.lang.invoke.DirectMethodHandle$Holder.invokeStaticInit(java.lang.Object)'> (0x0000000085924038) 
thrown [s\src\hotspot\share\interpreter\linkResolver.cpp, line 759]
Event: 5.448 Thread 0x00000266b8d797b0 Exception <a 'java/lang/NoSuchMethodError'{0x00000000882c4678}: 'java.lang.Object java.lang.invoke.Invokers$Holder.invoke_MT(java.lang.Object, java.lang.Object, java.lang.Object)'> (0x00000000882c4678) 
thrown [s\src\hotspot\share\interpreter\linkResolver.cpp, line 759]

VM Operations (20 events):
Event: 4.863 Executing VM operation: G1Concurrent done
Event: 5.013 Executing VM operation: G1CollectForAllocation
Event: 5.029 Executing VM operation: G1CollectForAllocation done
Event: 5.039 Executing VM operation: G1CollectForAllocation
Event: 5.046 Executing VM operation: G1CollectForAllocation done
Event: 5.164 Executing VM operation: G1CollectForAllocation
Event: 5.172 Executing VM operation: G1CollectForAllocation done
Event: 5.234 Executing VM operation: G1Concurrent
Event: 5.244 Executing VM operation: G1Concurrent done
Event: 5.272 Executing VM operation: G1Concurrent
Event: 5.291 Executing VM operation: G1Concurrent done
Event: 5.417 Executing VM operation: HandshakeAllThreads
Event: 5.417 Executing VM operation: HandshakeAllThreads done
Event: 5.421 Executing VM operation: HandshakeAllThreads
Event: 5.421 Executing VM operation: HandshakeAllThreads done
Event: 5.542 Executing VM operation: G1CollectForAllocation
Event: 6.474 Executing VM operation: G1CollectForAllocation done
Event: 6.478 Executing VM operation: G1CollectForAllocation
Event: 6.482 Executing VM operation: G1CollectForAllocation done
Event: 6.501 Executing VM operation: G1TryInitiateConcMark

Events (20 events):
Event: 5.404 loading class java/net/URLClassLoader$1
Event: 5.405 loading class java/net/URLClassLoader$1 done
Event: 5.411 loading class java/nio/file/ClosedFileSystemException
Event: 5.412 loading class java/nio/file/ClosedFileSystemException done
Event: 5.412 loading class java/nio/file/ReadOnlyFileSystemException
Event: 5.413 loading class java/nio/file/ReadOnlyFileSystemException done
Event: 5.416 loading class java/nio/file/NotDirectoryException
Event: 5.416 loading class java/nio/file/NotDirectoryException done
Event: 5.422 loading class java/nio/file/AccessDeniedException
Event: 5.422 loading class java/nio/file/AccessDeniedException done
Event: 5.426 loading class java/nio/file/DirectoryNotEmptyException
Event: 5.426 loading class java/nio/file/DirectoryNotEmptyException done
Event: 5.426 loading class java/nio/file/FileAlreadyExistsException
Event: 5.426 loading class java/nio/file/FileAlreadyExistsException done
Event: 5.443 loading class sun/nio/fs/WindowsChannelFactory$2
Event: 5.444 loading class sun/nio/fs/WindowsChannelFactory$2 done
Event: 5.446 loading class java/nio/channels/FileChannel$MapMode
Event: 5.446 loading class java/nio/channels/FileChannel$MapMode done
Event: 5.446 loading class jdk/internal/misc/ExtendedMapMode
Event: 5.446 loading class jdk/internal/misc/ExtendedMapMode done


Dynamic libraries:
0x00007ff7132d0000 - 0x00007ff7132de000 	c:\Users\datea\.vscode\extensions\redhat.java-1.11.0-win32-x64\jre\17.0.4.1-win32-x86_64\bin\java.exe
0x00007ffadbe90000 - 0x00007ffadc0a9000 	C:\WINDOWS\SYSTEM32\ntdll.dll
0x00007ffada3d0000 - 0x00007ffada492000 	C:\WINDOWS\System32\KERNEL32.DLL
0x00007ffad9840000 - 0x00007ffad9bdc000 	C:\WINDOWS\System32\KERNELBASE.dll
0x00007ffad6120000 - 0x00007ffad61b6000 	C:\WINDOWS\SYSTEM32\apphelp.dll
0x00007ffad9720000 - 0x00007ffad983b000 	C:\WINDOWS\System32\ucrtbase.dll
0x00007ffad23e0000 - 0x00007ffad23f9000 	c:\Users\datea\.vscode\extensions\redhat.java-1.11.0-win32-x64\jre\17.0.4.1-win32-x86_64\bin\VCRUNTIME140.dll
0x00007ffad1d90000 - 0x00007ffad1da8000 	c:\Users\datea\.vscode\extensions\redhat.java-1.11.0-win32-x64\jre\17.0.4.1-win32-x86_64\bin\jli.dll
0x00007ffadbca0000 - 0x00007ffadbe4c000 	C:\WINDOWS\System32\USER32.dll
0x00007ffad96f0000 - 0x00007ffad9716000 	C:\WINDOWS\System32\win32u.dll
0x00007ffad9ee0000 - 0x00007ffad9f09000 	C:\WINDOWS\System32\GDI32.dll
0x00007ffad95d0000 - 0x00007ffad96e6000 	C:\WINDOWS\System32\gdi32full.dll
0x00007ffabdec0000 - 0x00007ffabe151000 	C:\WINDOWS\WinSxS\amd64_microsoft.windows.common-controls_6595b64144ccf1df_6.0.25227.1000_none_7b35d90bf2068bf3\COMCTL32.dll
0x00007ffad9400000 - 0x00007ffad949a000 	C:\WINDOWS\System32\msvcp_win.dll
0x00007ffad9cc0000 - 0x00007ffad9d67000 	C:\WINDOWS\System32\msvcrt.dll
0x00007ffada100000 - 0x00007ffada131000 	C:\WINDOWS\System32\IMM32.DLL
0x00007ffad4680000 - 0x00007ffad468c000 	c:\Users\datea\.vscode\extensions\redhat.java-1.11.0-win32-x64\jre\17.0.4.1-win32-x86_64\bin\vcruntime140_1.dll
0x00007ffaad320000 - 0x00007ffaad3b1000 	c:\Users\datea\.vscode\extensions\redhat.java-1.11.0-win32-x64\jre\17.0.4.1-win32-x86_64\bin\msvcp140.dll
0x00007ffa8c110000 - 0x00007ffa8cd56000 	c:\Users\datea\.vscode\extensions\redhat.java-1.11.0-win32-x64\jre\17.0.4.1-win32-x86_64\bin\server\jvm.dll
0x00007ffadae30000 - 0x00007ffadaede000 	C:\WINDOWS\System32\ADVAPI32.dll
0x00007ffada140000 - 0x00007ffada1e6000 	C:\WINDOWS\System32\sechost.dll
0x00007ffadbb70000 - 0x00007ffadbc97000 	C:\WINDOWS\System32\RPCRT4.dll
0x00007ffada650000 - 0x00007ffada658000 	C:\WINDOWS\System32\PSAPI.DLL
0x00007ffad21e0000 - 0x00007ffad21ea000 	C:\WINDOWS\SYSTEM32\VERSION.dll
0x00007ffad2210000 - 0x00007ffad2245000 	C:\WINDOWS\SYSTEM32\WINMM.dll
0x00007ffac1060000 - 0x00007ffac1069000 	C:\WINDOWS\SYSTEM32\WSOCK32.dll
0x00007ffadaee0000 - 0x00007ffadaf4f000 	C:\WINDOWS\System32\WS2_32.dll
0x00007ffad81f0000 - 0x00007ffad8208000 	C:\WINDOWS\SYSTEM32\kernel.appcore.dll
0x00007ffad4520000 - 0x00007ffad452a000 	c:\Users\datea\.vscode\extensions\redhat.java-1.11.0-win32-x64\jre\17.0.4.1-win32-x86_64\bin\jimage.dll
0x00007ffad6b10000 - 0x00007ffad6d43000 	C:\WINDOWS\SYSTEM32\DBGHELP.DLL
0x00007ffadaf60000 - 0x00007ffadb2e2000 	C:\WINDOWS\System32\combase.dll
0x00007ffada2f0000 - 0x00007ffada3c8000 	C:\WINDOWS\System32\OLEAUT32.dll
0x00007ffac4400000 - 0x00007ffac4432000 	C:\WINDOWS\SYSTEM32\dbgcore.DLL
0x00007ffad9be0000 - 0x00007ffad9c59000 	C:\WINDOWS\System32\bcryptPrimitives.dll
0x00007ffad0080000 - 0x00007ffad00a5000 	c:\Users\datea\.vscode\extensions\redhat.java-1.11.0-win32-x64\jre\17.0.4.1-win32-x86_64\bin\java.dll
0x00007ffad1d70000 - 0x00007ffad1d88000 	c:\Users\datea\.vscode\extensions\redhat.java-1.11.0-win32-x64\jre\17.0.4.1-win32-x86_64\bin\zip.dll
0x00007ffadb380000 - 0x00007ffadbb50000 	C:\WINDOWS\System32\SHELL32.dll
0x00007ffad7180000 - 0x00007ffad7a1a000 	C:\WINDOWS\SYSTEM32\windows.storage.dll
0x00007ffad6fe0000 - 0x00007ffad7173000 	C:\WINDOWS\SYSTEM32\wintypes.dll
0x00007ffada560000 - 0x00007ffada64b000 	C:\WINDOWS\System32\SHCORE.dll
0x00007ffada8d0000 - 0x00007ffada92d000 	C:\WINDOWS\System32\shlwapi.dll
0x00007ffad91a0000 - 0x00007ffad91c1000 	C:\WINDOWS\SYSTEM32\profapi.dll
0x00007ffad0b50000 - 0x00007ffad0b69000 	C:\Users\datea\.vscode\extensions\redhat.java-1.11.0-win32-x64\jre\17.0.4.1-win32-x86_64\bin\net.dll
0x00007ffad2060000 - 0x00007ffad218b000 	C:\WINDOWS\SYSTEM32\WINHTTP.dll
0x00007ffad86d0000 - 0x00007ffad8739000 	C:\WINDOWS\system32\mswsock.dll
0x00007ffad09f0000 - 0x00007ffad0a05000 	C:\Users\datea\.vscode\extensions\redhat.java-1.11.0-win32-x64\jre\17.0.4.1-win32-x86_64\bin\nio.dll
0x00007ffad0060000 - 0x00007ffad0070000 	c:\Users\datea\.vscode\extensions\redhat.java-1.11.0-win32-x64\jre\17.0.4.1-win32-x86_64\bin\verify.dll
0x00007ffad3450000 - 0x00007ffad3459000 	C:\Users\datea\.vscode\extensions\redhat.java-1.11.0-win32-x64\jre\17.0.4.1-win32-x86_64\bin\management.dll
0x00007ffad3430000 - 0x00007ffad343b000 	C:\Users\datea\.vscode\extensions\redhat.java-1.11.0-win32-x64\jre\17.0.4.1-win32-x86_64\bin\management_ext.dll
0x00007ffad4600000 - 0x00007ffad4617000 	C:\WINDOWS\system32\napinsp.dll
0x00007ffad4500000 - 0x00007ffad451a000 	C:\WINDOWS\system32\pnrpnsp.dll
0x00007ffa781d0000 - 0x00007ffa781f1000 	C:\WINDOWS\system32\nlansp_c.dll
0x00007ffad7d50000 - 0x00007ffad7e4f000 	C:\WINDOWS\SYSTEM32\DNSAPI.dll
0x00007ffad7cc0000 - 0x00007ffad7cee000 	C:\WINDOWS\SYSTEM32\IPHLPAPI.DLL
0x00007ffada9a0000 - 0x00007ffada9a9000 	C:\WINDOWS\System32\NSI.dll
0x00007ffad3be0000 - 0x00007ffad3bf1000 	C:\WINDOWS\System32\winrnr.dll
0x00007ffaa04d0000 - 0x00007ffaa04e5000 	C:\WINDOWS\system32\wshbth.dll
0x00007ffad0570000 - 0x00007ffad057a000 	C:\Windows\System32\rasadhlp.dll
0x00007ffad1330000 - 0x00007ffad13b4000 	C:\WINDOWS\System32\fwpuclnt.dll
0x00007ffad8950000 - 0x00007ffad896b000 	C:\WINDOWS\SYSTEM32\CRYPTSP.dll
0x00007ffad8150000 - 0x00007ffad8184000 	C:\WINDOWS\system32\rsaenh.dll
0x00007ffad87d0000 - 0x00007ffad87f8000 	C:\WINDOWS\SYSTEM32\USERENV.dll
0x00007ffad8b10000 - 0x00007ffad8b38000 	C:\WINDOWS\SYSTEM32\bcrypt.dll
0x00007ffad8970000 - 0x00007ffad897c000 	C:\WINDOWS\SYSTEM32\CRYPTBASE.dll
0x00007ffad2040000 - 0x00007ffad2059000 	C:\WINDOWS\SYSTEM32\dhcpcsvc6.DLL
0x00007ffad1f40000 - 0x00007ffad1f5f000 	C:\WINDOWS\SYSTEM32\dhcpcsvc.DLL

dbghelp: loaded successfully - version: 4.0.5 - missing functions: none
symbol engine: initialized successfully - sym options: 0x614 - pdb path: .;c:\Users\datea\.vscode\extensions\redhat.java-1.11.0-win32-x64\jre\17.0.4.1-win32-x86_64\bin;C:\WINDOWS\SYSTEM32;C:\WINDOWS\WinSxS\amd64_microsoft.windows.common-controls_6595b64144ccf1df_6.0.25227.1000_none_7b35d90bf2068bf3;c:\Users\datea\.vscode\extensions\redhat.java-1.11.0-win32-x64\jre\17.0.4.1-win32-x86_64\bin\server

VM Arguments:
jvm_args: -Dsts.lsp.client=vscode -Dsts.log.file=/dev/null -XX:TieredStopAtLevel=1 -Xlog:jni+resolve=off -Dspring.config.location=file:c:\Users\datea\.vscode\extensions\pivotal.vscode-spring-boot-1.40.0\language-server\BOOT-INF\classes\application.properties 
java_command: org.springframework.ide.vscode.boot.app.BootLanguageServerBootApp
java_class_path (initial): c:\Users\datea\.vscode\extensions\pivotal.vscode-spring-boot-1.40.0\language-server\BOOT-INF\classes;c:\Users\datea\.vscode\extensions\pivotal.vscode-spring-boot-1.40.0\language-server\BOOT-INF\lib\annotations-23.0.0.jar;c:\Users\datea\.vscode\extensions\pivotal.vscode-spring-boot-1.40.0\language-server\BOOT-INF\lib\ant-1.10.12.jar;c:\Users\datea\.vscode\extensions\pivotal.vscode-spring-boot-1.40.0\language-server\BOOT-INF\lib\ant-launcher-1.10.12.jar;c:\Users\datea\.vscode\extensions\pivotal.vscode-spring-boot-1.40.0\language-server\BOOT-INF\lib\antlr-runtime-3.5.2.jar;c:\Users\datea\.vscode\extensions\pivotal.vscode-spring-boot-1.40.0\language-server\BOOT-INF\lib\antlr4-4.9.3.jar;c:\Users\datea\.vscode\extensions\pivotal.vscode-spring-boot-1.40.0\language-server\BOOT-INF\lib\antlr4-runtime-4.9.3.jar;c:\Users\datea\.vscode\extensions\pivotal.vscode-spring-boot-1.40.0\language-server\BOOT-INF\lib\asm-9.3.jar;c:\Users\datea\.vscode\extensions\pivotal.vscode-spring-boot-1.40.0\language-server\BOOT-INF\lib\asm-analysis-9.3.jar;c:\Users\datea\.vscode\extensions\pivotal.vscode-spring-boot-1.40.0\language-server\BOOT-INF\lib\asm-tree-9.3.jar;c:\Users\datea\.vscode\extensions\pivotal.vscode-spring-boot-1.40.0\language-server\BOOT-INF\lib\asm-util-9.3.jar;c:\Users\datea\.vscode\extensions\pivotal.vscode-spring-boot-1.40.0\language-server\BOOT-INF\lib\byte-buddy-1.12.13.jar;c:\Users\datea\.vscode\extensions\pivotal.vscode-spring-boot-1.40.0\language-server\BOOT-INF\lib\caffeine-2.9.3.jar;c:\Users\datea\.vscode\extensions\pivotal.vscode-spring-boot-1.40.0\language-server\BOOT-INF\lib\checker-qual-3.12.0.jar;c:\Users\datea\.vscode\extensions\pivotal.vscode-spring-boot-1.40.0\language-server\BOOT-INF\lib\classgraph-4.8.149.jar;c:\Users\datea\.vscode\extensions\pivotal.vscode-spring-boot-1.40.0\language-server\BOOT-INF\lib\commons-codec-1.15.jar;c:\Users\datea\.vscode\extensions\pivotal.vscode-spring-boot-1.40.0\language-server\BOOT-INF\lib\commons-c
Launcher Type: SUN_STANDARD

[Global flags]
     intx CICompilerCount                          = 4                                         {product} {ergonomic}
     uint ConcGCThreads                            = 2                                         {product} {ergonomic}
     uint G1ConcRefinementThreads                  = 8                                         {product} {ergonomic}
   size_t G1HeapRegionSize                         = 1048576                                   {product} {ergonomic}
    uintx GCDrainStackTargetSize                   = 64                                        {product} {ergonomic}
   size_t InitialHeapSize                          = 132120576                                 {product} {ergonomic}
   size_t MarkStackSize                            = 4194304                                   {product} {ergonomic}
   size_t MaxHeapSize                              = 2095054848                                {product} {ergonomic}
   size_t MaxNewSize                               = 1256194048                                {product} {ergonomic}
   size_t MinHeapDeltaBytes                        = 1048576                                   {product} {ergonomic}
   size_t MinHeapSize                              = 8388608                                   {product} {ergonomic}
    uintx NonProfiledCodeHeapSize                  = 0                                      {pd product} {ergonomic}
     bool ProfileInterpreter                       = false                                  {pd product} {command line}
    uintx ProfiledCodeHeapSize                     = 0                                      {pd product} {ergonomic}
   size_t SoftMaxHeapSize                          = 2095054848                             {manageable} {ergonomic}
     intx TieredStopAtLevel                        = 1                                         {product} {command line}
     bool UseCompressedClassPointers               = true                           {product lp64_product} {ergonomic}
     bool UseCompressedOops                        = true                           {product lp64_product} {ergonomic}
     bool UseG1GC                                  = true                                      {product} {ergonomic}
     bool UseLargePagesIndividualAllocation        = false                                  {pd product} {ergonomic}

Logging:
Log output configuration:
 #0: stdout all=warning,jni+resolve=off uptime,level,tags
 #1: stderr all=off uptime,level,tags

Environment Variables:
PATH=C:\Program Files\Java\jdk-15.0.2\bin;C:\Program Files\Common Files\Oracle\Java\javapath;C:\WINDOWS\system32;C:\WINDOWS;C:\WINDOWS\System32\Wbem;C:\WINDOWS\System32\WindowsPowerShell\v1.0\;C:\WINDOWS\System32\OpenSSH\;C:\Program Files\Azure Data Studio\bin;C:\Program Files\Microsoft SQL Server\Client SDK\ODBC\170\Tools\Binn\;C:\Program Files (x86)\Microsoft SQL Server\150\Tools\Binn\;C:\Program Files\Microsoft SQL Server\150\Tools\Binn\;C:\Program Files\Microsoft SQL Server\150\DTS\Binn\;C:\Program Files (x86)\Microsoft SQL Server\150\DTS\Binn\;C:\Program Files (x86)\GitExtensions\;F:\xampp\php;C:\ProgramData\ComposerSetup\bin;C:\xampp\php;C:\Program Files\Git\cmd;C:\Users\datea\AppData\Local\Microsoft\WindowsApps;C:\Users\datea\AppData\Local\Programs\Microsoft VS Code\bin;;C:\Program Files\Azure Data Studio\bin;C:\Users\datea\AppData\Roaming\Composer\vendor\bin
USERNAME=datea
OS=Windows_NT
PROCESSOR_IDENTIFIER=Intel64 Family 6 Model 126 Stepping 5, GenuineIntel
TMP=C:\Users\datea\AppData\Local\Temp
TEMP=C:\Users\datea\AppData\Local\Temp



---------------  S Y S T E M  ---------------

OS:
 Windows 11 , 64 bit Build 25227 (10.0.25227.1000)
OS uptime: 1 days 3:18 hours
Hyper-V role detected

CPU: total 8 (initial active 8) (4 cores per cpu, 2 threads per core) family 6 model 126 stepping 5 microcode 0xa6, cx8, cmov, fxsr, ht, mmx, 3dnowpref, sse, sse2, sse3, ssse3, sse4.1, sse4.2, popcnt, lzcnt, tsc, tscinvbit, avx, avx2, aes, erms, clmul, bmi1, bmi2, adx, avx512f, avx512dq, avx512cd, avx512bw, avx512vl, sha, fma, vzeroupper, avx512_vpopcntdq, avx512_vpclmulqdq, avx512_vaes, avx512_vnni, clflush, clflushopt, avx512_vbmi2, avx512_vbmi, hv

Memory: 4k page, system-wide physical 7987M (243M free)
TotalPageFile size 12083M (AvailPageFile size 4M)
current process WorkingSet (physical memory assigned to process): 192M, peak: 196M
current process commit charge ("private bytes"): 230M, peak: 248M

vm_info: OpenJDK 64-Bit Server VM (17.0.4.1+1) for windows-amd64 JRE (17.0.4.1+1), built on Aug 17 2022 07:42:43 by "temurin" with MS VC++ 16.7 (VS2019)

END.
