#
# There is insufficient memory for the Java Runtime Environment to continue.
# Native memory allocation (malloc) failed to allocate 2097152 bytes for AllocateHeap
# Possible reasons:
#   The system is out of physical RAM or swap space
#   The process is running with CompressedOops enabled, and the Java Heap may be blocking the growth of the native heap
# Possible solutions:
#   Reduce memory load on the system
#   Increase physical memory or swap space
#   Check if swap backing store is full
#   Decrease Java heap size (-Xmx/-Xms)
#   Decrease number of Java threads
#   Decrease Java thread stack sizes (-Xss)
#   Set larger code cache with -XX:ReservedCodeCacheSize=
#   JVM is running with Unscaled Compressed Oops mode in which the Java heap is
#     placed in the first 4GB address space. The Java Heap base address is the
#     maximum limit for the native heap growth. Please use -XX:HeapBaseMinAddress
#     to set the Java Heap base and to place the Java Heap above 4GB virtual address.
# This output file may be truncated or incomplete.
#
#  Out of Memory Error (allocation.cpp:44), pid=87440, tid=93916
#
# JRE version: OpenJDK Runtime Environment Temurin-17.0.4.1+1 (17.0.4.1+1) (build 17.0.4.1+1)
# Java VM: OpenJDK 64-Bit Server VM Temurin-17.0.4.1+1 (17.0.4.1+1, mixed mode, emulated-client, tiered, compressed oops, compressed class ptrs, g1 gc, windows-amd64)
# No core dump will be written. Minidumps are not enabled by default on client versions of Windows
#

---------------  S U M M A R Y ------------

Command Line: -Dsts.lsp.client=vscode -Dsts.log.file=/dev/null -XX:TieredStopAtLevel=1 -Xlog:jni+resolve=off -Dspring.config.location=file:c:\Users\datea\.vscode\extensions\pivotal.vscode-spring-boot-1.40.0\language-server\BOOT-INF\classes\application.properties org.springframework.ide.vscode.boot.app.BootLanguageServerBootApp

Host: Intel(R) Core(TM) i5-1035G1 CPU @ 1.00GHz, 8 cores, 7G,  Windows 11 , 64 bit Build 25227 (10.0.25227.1000)
Time: Thu Oct 27 16:19:06 2022 SE Asia Standard Time elapsed time: 2554.562191 seconds (0d 0h 42m 34s)

---------------  T H R E A D  ---------------

Current thread (0x000001db6ef43250):  VMThread "VM Thread" [stack: 0x0000000d96b00000,0x0000000d96c00000] [id=93916]

Stack: [0x0000000d96b00000,0x0000000d96c00000]
Native frames: (J=compiled Java code, j=interpreted, Vv=VM code, C=native code)
V  [jvm.dll+0x67731a]
V  [jvm.dll+0x832284]
V  [jvm.dll+0x833a2e]
V  [jvm.dll+0x834093]
V  [jvm.dll+0x245775]
V  [jvm.dll+0xa6393]
V  [jvm.dll+0x2f59c1]
V  [jvm.dll+0x2f1640]
V  [jvm.dll+0x2d9d27]
V  [jvm.dll+0x31ce37]
V  [jvm.dll+0x83853b]
V  [jvm.dll+0x839274]
V  [jvm.dll+0x83978c]
V  [jvm.dll+0x839b64]
V  [jvm.dll+0x839c30]
V  [jvm.dll+0x7e240a]
V  [jvm.dll+0x6761a5]
C  [ucrtbase.dll+0x4b82b]
C  [KERNEL32.DLL+0x1484d]
C  [ntdll.dll+0x67558]

VM_Operation (0x0000000d984ff180): G1CollectFull, mode: safepoint, requested by thread 0x000001db70214df0


---------------  P R O C E S S  ---------------

Threads class SMR info:
_java_thread_list=0x000001db73502890, length=29, elements={
0x000001db6ef60250, 0x000001db6ef62d20, 0x000001db6f920fe0, 0x000001db6f9218a0,
0x000001db6f922160, 0x000001db6f922a20, 0x000001db6f9253a0, 0x000001db6f932790,
0x000001db6fb56b10, 0x000001db6fb5dee0, 0x000001db7171d910, 0x000001db70214df0,
0x000001db714f2060, 0x000001db61c83700, 0x000001db70215810, 0x000001db71895030,
0x000001db718aac70, 0x000001db6fa389b0, 0x000001db6fa39820, 0x000001db6fa39350,
0x000001db71a9d6b0, 0x000001db71a9db80, 0x000001db71aa1ee0, 0x000001db71aa23b0,
0x000001db71aa36f0, 0x000001db71aa0200, 0x000001db71a9e9f0, 0x000001db71a9eec0,
0x000001db71a9f860
}

Java Threads: ( => current thread )
  0x000001db6ef60250 JavaThread "Reference Handler" daemon [_thread_blocked, id=88004, stack(0x0000000d96c00000,0x0000000d96d00000)]
  0x000001db6ef62d20 JavaThread "Finalizer" daemon [_thread_blocked, id=91948, stack(0x0000000d96d00000,0x0000000d96e00000)]
  0x000001db6f920fe0 JavaThread "Signal Dispatcher" daemon [_thread_blocked, id=85900, stack(0x0000000d96f00000,0x0000000d97000000)]
  0x000001db6f9218a0 JavaThread "Attach Listener" daemon [_thread_blocked, id=87348, stack(0x0000000d97000000,0x0000000d97100000)]
  0x000001db6f922160 JavaThread "Service Thread" daemon [_thread_blocked, id=94024, stack(0x0000000d97100000,0x0000000d97200000)]
  0x000001db6f922a20 JavaThread "Monitor Deflation Thread" daemon [_thread_blocked, id=93476, stack(0x0000000d97200000,0x0000000d97300000)]
  0x000001db6f9253a0 JavaThread "C1 CompilerThread0" daemon [_thread_blocked, id=93028, stack(0x0000000d97300000,0x0000000d97400000)]
  0x000001db6f932790 JavaThread "Sweeper thread" daemon [_thread_blocked, id=91992, stack(0x0000000d97400000,0x0000000d97500000)]
  0x000001db6fb56b10 JavaThread "Notification Thread" daemon [_thread_blocked, id=92104, stack(0x0000000d97600000,0x0000000d97700000)]
  0x000001db6fb5dee0 JavaThread "Common-Cleaner" daemon [_thread_blocked, id=85108, stack(0x0000000d97800000,0x0000000d97900000)]
  0x000001db7171d910 JavaThread "boundedElastic-evictor-1" daemon [_thread_blocked, id=84308, stack(0x0000000d98000000,0x0000000d98100000)]
  0x000001db70214df0 JavaThread "pool-9-thread-1" [_thread_blocked, id=89756, stack(0x0000000d98400000,0x0000000d98500000)]
  0x000001db714f2060 JavaThread "LanguageServerApp-lifecycle" [_thread_blocked, id=54196, stack(0x0000000d98500000,0x0000000d98600000)]
  0x000001db61c83700 JavaThread "DestroyJavaVM" [_thread_blocked, id=89548, stack(0x0000000d96500000,0x0000000d96600000)]
  0x000001db70215810 JavaThread "pool-10-thread-1" [_thread_in_native, id=93092, stack(0x0000000d98600000,0x0000000d98700000)]
  0x000001db71895030 JavaThread "Simple-Language-Server main thread" daemon [_thread_blocked, id=90544, stack(0x0000000d98700000,0x0000000d98800000)]
  0x000001db718aac70 JavaThread "pool-7-thread-1" [_thread_blocked, id=81420, stack(0x0000000d98900000,0x0000000d98a00000)]
  0x000001db6fa389b0 JavaThread "parallel-1" daemon [_thread_blocked, id=87664, stack(0x0000000d98a00000,0x0000000d98b00000)]
  0x000001db6fa39820 JavaThread "parallel-2" daemon [_thread_blocked, id=92560, stack(0x0000000d98b00000,0x0000000d98c00000)]
  0x000001db6fa39350 JavaThread "Reconciler-1" daemon [_thread_blocked, id=91292, stack(0x0000000d98e00000,0x0000000d98f00000)]
  0x000001db71a9d6b0 JavaThread "parallel-3" daemon [_thread_blocked, id=89352, stack(0x0000000d99f00000,0x0000000d9a000000)]
  0x000001db71a9db80 JavaThread "parallel-4" daemon [_thread_blocked, id=91492, stack(0x0000000d9a000000,0x0000000d9a100000)]
  0x000001db71aa1ee0 JavaThread "parallel-5" daemon [_thread_blocked, id=92860, stack(0x0000000d9a200000,0x0000000d9a300000)]
  0x000001db71aa23b0 JavaThread "parallel-6" daemon [_thread_blocked, id=59840, stack(0x0000000d9a300000,0x0000000d9a400000)]
  0x000001db71aa36f0 JavaThread "parallel-7" daemon [_thread_blocked, id=88808, stack(0x0000000d97900000,0x0000000d97a00000)]
  0x000001db71aa0200 JavaThread "pool-5-thread-1" [_thread_blocked, id=87752, stack(0x0000000d9a500000,0x0000000d9a600000)]
  0x000001db71a9e9f0 JavaThread "parallel-8" daemon [_thread_blocked, id=61916, stack(0x0000000d9a600000,0x0000000d9a700000)]
  0x000001db71a9eec0 JavaThread "ForkJoinPool.commonPool-worker-8" daemon [_thread_blocked, id=93928, stack(0x0000000d96300000,0x0000000d96400000)]
  0x000001db71a9f860 JavaThread "pool-4-thread-20" [_thread_blocked, id=90756, stack(0x0000000d96e00000,0x0000000d96f00000)]

Other Threads:
=>0x000001db6ef43250 VMThread "VM Thread" [stack: 0x0000000d96b00000,0x0000000d96c00000] [id=93916]
  0x000001db6fb56fe0 WatcherThread [stack: 0x0000000d97700000,0x0000000d97800000] [id=93440]
  0x000001db61cded40 GCTaskThread "GC Thread#0" [stack: 0x0000000d96600000,0x0000000d96700000] [id=92328]
  0x000001db70478b20 GCTaskThread "GC Thread#1" [stack: 0x0000000d97b00000,0x0000000d97c00000] [id=81872]
  0x000001db70478dd0 GCTaskThread "GC Thread#2" [stack: 0x0000000d97c00000,0x0000000d97d00000] [id=87104]
  0x000001db704cf630 GCTaskThread "GC Thread#3" [stack: 0x0000000d97d00000,0x0000000d97e00000] [id=90148]
  0x000001db704cf8e0 GCTaskThread "GC Thread#4" [stack: 0x0000000d97e00000,0x0000000d97f00000] [id=93368]
  0x000001db704cfb90 GCTaskThread "GC Thread#5" [stack: 0x0000000d97f00000,0x0000000d98000000] [id=90068]
  0x000001db711f93c0 GCTaskThread "GC Thread#6" [stack: 0x0000000d98100000,0x0000000d98200000] [id=93540]
  0x000001db711f9670 GCTaskThread "GC Thread#7" [stack: 0x0000000d98200000,0x0000000d98300000] [id=83720]
  0x000001db61cef550 ConcurrentGCThread "G1 Main Marker" [stack: 0x0000000d96700000,0x0000000d96800000] [id=93164]
  0x000001db61cf0fe0 ConcurrentGCThread "G1 Conc#0" [stack: 0x0000000d96800000,0x0000000d96900000] [id=92092]
  0x000001db70217350 ConcurrentGCThread "G1 Conc#1" [stack: 0x0000000d98300000,0x0000000d98400000] [id=88732]
  0x000001db61d3ebe0 ConcurrentGCThread "G1 Refine#0" [stack: 0x0000000d96900000,0x0000000d96a00000] [id=86224]
  0x000001db71574dc0 ConcurrentGCThread "G1 Refine#1" [stack: 0x0000000d9a100000,0x0000000d9a200000] [id=94108]
  0x000001db736c1330 ConcurrentGCThread "G1 Refine#2" [stack: 0x0000000d97500000,0x0000000d97600000] [id=86756]
  0x000001db736c0d70 ConcurrentGCThread "G1 Refine#3" [stack: 0x0000000d9a800000,0x0000000d9a900000] [id=81992]
  0x000001db736c1050 ConcurrentGCThread "G1 Refine#4" [stack: 0x0000000d9aa00000,0x0000000d9ab00000] [id=93888]
  0x000001db71d43970 ConcurrentGCThread "G1 Refine#5" [stack: 0x0000000d9ab00000,0x0000000d9ac00000] [id=89588]
  0x000001db71d43c50 ConcurrentGCThread "G1 Refine#6" [stack: 0x0000000d9ac00000,0x0000000d9ad00000] [id=83828]
  0x000001db6eda8a40 ConcurrentGCThread "G1 Service" [stack: 0x0000000d96a00000,0x0000000d96b00000] [id=83280]

Threads with active compile tasks:

VM state: at safepoint (normal execution)

VM Mutex/Monitor currently owned by a thread:  ([mutex/lock_event])
[0x000001db5f9833a0] Threads_lock - owner thread: 0x000001db6ef43250
[0x000001db61c80550] Heap_lock - owner thread: 0x000001db70214df0

Heap address: 0x0000000083200000, size: 1998 MB, Compressed Oops mode: 32-bit

CDS archive(s) not mapped
Compressed class space mapped at: 0x0000000100000000-0x0000000140000000, reserved size: 1073741824
Narrow klass base: 0x0000000000000000, Narrow klass shift: 3, Narrow klass range: 0x140000000

GC Precious Log:
 CPUs: 8 total, 8 available
 Memory: 7987M
 Large Page Support: Disabled
 NUMA Support: Disabled
 Compressed Oops: Enabled (32-bit)
 Heap Region Size: 1M
 Heap Min Capacity: 8M
 Heap Initial Capacity: 126M
 Heap Max Capacity: 1998M
 Pre-touch: Disabled
 Parallel Workers: 8
 Concurrent Workers: 2
 Concurrent Refinement Workers: 8
 Periodic GC: Disabled

Heap:
 garbage-first heap   total 122880K, used 41023K [0x0000000083200000, 0x0000000100000000)
  region size 1024K, 1 young (1024K), 0 survivors (0K)
 Metaspace       used 55246K, committed 55680K, reserved 1097728K
  class space    used 7341K, committed 7552K, reserved 1048576K

Heap Regions: E=young(eden), S=young(survivor), O=old, HS=humongous(starts), HC=humongous(continues), CS=collection set, F=free, OA=open archive, CA=closed archive, TAMS=top-at-mark-start (previous, next)
|   0|0x0000000083200000, 0x0000000083300000, 0x0000000083300000|100%| O|  |TAMS 0x0000000083300000, 0x0000000083200000| Untracked 
|   1|0x0000000083300000, 0x00000000833ffff0, 0x0000000083400000| 99%| O|  |TAMS 0x00000000833ffff0, 0x0000000083300000| Untracked 
|   2|0x0000000083400000, 0x0000000083500000, 0x0000000083500000|100%| O|  |TAMS 0x0000000083500000, 0x0000000083400000| Untracked 
|   3|0x0000000083500000, 0x0000000083600000, 0x0000000083600000|100%| O|  |TAMS 0x0000000083600000, 0x0000000083500000| Untracked 
|   4|0x0000000083600000, 0x00000000836ffff0, 0x0000000083700000| 99%| O|  |TAMS 0x00000000836ffff0, 0x0000000083600000| Untracked 
|   5|0x0000000083700000, 0x00000000837ffff8, 0x0000000083800000| 99%| O|  |TAMS 0x00000000837ffff8, 0x0000000083700000| Untracked 
|   6|0x0000000083800000, 0x0000000083900000, 0x0000000083900000|100%| O|  |TAMS 0x0000000083900000, 0x0000000083800000| Untracked 
|   7|0x0000000083900000, 0x0000000083a00000, 0x0000000083a00000|100%| O|  |TAMS 0x0000000083a00000, 0x0000000083900000| Untracked 
|   8|0x0000000083a00000, 0x0000000083afffb8, 0x0000000083b00000| 99%| O|  |TAMS 0x0000000083afffb8, 0x0000000083a00000| Untracked 
|   9|0x0000000083b00000, 0x0000000083c00000, 0x0000000083c00000|100%| O|  |TAMS 0x0000000083c00000, 0x0000000083b00000| Untracked 
|  10|0x0000000083c00000, 0x0000000083cfffc8, 0x0000000083d00000| 99%| O|  |TAMS 0x0000000083cfffc8, 0x0000000083c00000| Untracked 
|  11|0x0000000083d00000, 0x0000000083dffff0, 0x0000000083e00000| 99%| O|  |TAMS 0x0000000083dffff0, 0x0000000083d00000| Untracked 
|  12|0x0000000083e00000, 0x0000000083f00000, 0x0000000083f00000|100%| O|  |TAMS 0x0000000083f00000, 0x0000000083e00000| Untracked 
|  13|0x0000000083f00000, 0x0000000083ffffb0, 0x0000000084000000| 99%| O|  |TAMS 0x0000000083f00000, 0x0000000083f00000| Untracked 
|  14|0x0000000084000000, 0x00000000840ffff8, 0x0000000084100000| 99%| O|  |TAMS 0x00000000840ffff8, 0x0000000084000000| Untracked 
|  15|0x0000000084100000, 0x00000000841fffe0, 0x0000000084200000| 99%| O|  |TAMS 0x00000000841fffe0, 0x0000000084100000| Untracked 
|  16|0x0000000084200000, 0x00000000842fffd8, 0x0000000084300000| 99%| O|  |TAMS 0x00000000842fffd8, 0x0000000084200000| Untracked 
|  17|0x0000000084300000, 0x0000000084400000, 0x0000000084400000|100%| O|  |TAMS 0x0000000084400000, 0x0000000084300000| Untracked 
|  18|0x0000000084400000, 0x00000000844fffe0, 0x0000000084500000| 99%| O|  |TAMS 0x00000000844fffe0, 0x0000000084400000| Untracked 
|  19|0x0000000084500000, 0x00000000845ffff8, 0x0000000084600000| 99%| O|  |TAMS 0x00000000845ffff8, 0x0000000084500000| Untracked 
|  20|0x0000000084600000, 0x00000000846f9b90, 0x0000000084700000| 97%| O|  |TAMS 0x00000000846f9b90, 0x0000000084600000| Untracked 
|  21|0x0000000084700000, 0x00000000847fffe8, 0x0000000084800000| 99%| O|  |TAMS 0x00000000847fffe8, 0x0000000084700000| Untracked 
|  22|0x0000000084800000, 0x00000000848fffd8, 0x0000000084900000| 99%| O|  |TAMS 0x00000000848fffd8, 0x0000000084800000| Untracked 
|  23|0x0000000084900000, 0x0000000084a00000, 0x0000000084a00000|100%| O|  |TAMS 0x0000000084a00000, 0x0000000084900000| Untracked 
|  24|0x0000000084a00000, 0x0000000084afffe8, 0x0000000084b00000| 99%| O|  |TAMS 0x0000000084afffe8, 0x0000000084a00000| Untracked 
|  25|0x0000000084b00000, 0x0000000084bfff68, 0x0000000084c00000| 99%| O|  |TAMS 0x0000000084b00000, 0x0000000084b00000| Untracked 
|  26|0x0000000084c00000, 0x0000000084cfffd8, 0x0000000084d00000| 99%| O|  |TAMS 0x0000000084c00000, 0x0000000084c00000| Untracked 
|  27|0x0000000084d00000, 0x0000000084dffff0, 0x0000000084e00000| 99%| O|  |TAMS 0x0000000084d00000, 0x0000000084d00000| Untracked 
|  28|0x0000000084e00000, 0x0000000084e94020, 0x0000000084f00000| 57%| O|  |TAMS 0x0000000084e00000, 0x0000000084e00000| Untracked 
|  29|0x0000000084f00000, 0x0000000084ffb0d8, 0x0000000085000000| 98%| O|  |TAMS 0x0000000084ffb0d8, 0x0000000084f00000| Untracked 
|  30|0x0000000085000000, 0x00000000850fffb8, 0x0000000085100000| 99%| O|  |TAMS 0x00000000850fffb8, 0x0000000085000000| Untracked 
|  31|0x0000000085100000, 0x0000000085129650, 0x0000000085200000| 16%| O|  |TAMS 0x0000000085100000, 0x0000000085100000| Untracked 
|  32|0x0000000085200000, 0x00000000852fffe0, 0x0000000085300000| 99%| O|  |TAMS 0x00000000852fffe0, 0x0000000085200000| Untracked 
|  33|0x0000000085300000, 0x0000000085300000, 0x0000000085400000|  0%| F|  |TAMS 0x0000000085300000, 0x0000000085300000| Untracked 
|  34|0x0000000085400000, 0x0000000085400000, 0x0000000085500000|  0%| F|  |TAMS 0x0000000085400000, 0x0000000085400000| Untracked 
|  35|0x0000000085500000, 0x0000000085500000, 0x0000000085600000|  0%| F|  |TAMS 0x0000000085500000, 0x0000000085500000| Untracked 
|  36|0x0000000085600000, 0x0000000085700000, 0x0000000085700000|100%| O|  |TAMS 0x0000000085700000, 0x0000000085600000| Untracked 
|  37|0x0000000085700000, 0x0000000085800000, 0x0000000085800000|100%| O|  |TAMS 0x0000000085800000, 0x0000000085700000| Untracked 
|  38|0x0000000085800000, 0x00000000858c9648, 0x0000000085900000| 78%| O|  |TAMS 0x0000000085800000, 0x0000000085800000| Untracked 
|  39|0x0000000085900000, 0x0000000085900000, 0x0000000085a00000|  0%| F|  |TAMS 0x0000000085900000, 0x0000000085900000| Untracked 
|  40|0x0000000085a00000, 0x0000000085a00000, 0x0000000085b00000|  0%| F|  |TAMS 0x0000000085a00000, 0x0000000085a00000| Untracked 
|  41|0x0000000085b00000, 0x0000000085bffff0, 0x0000000085c00000| 99%| O|  |TAMS 0x0000000085bffff0, 0x0000000085b00000| Untracked 
|  42|0x0000000085c00000, 0x0000000085c00000, 0x0000000085d00000|  0%| F|  |TAMS 0x0000000085c00000, 0x0000000085c00000| Untracked 
|  43|0x0000000085d00000, 0x0000000085d00000, 0x0000000085e00000|  0%| F|  |TAMS 0x0000000085d00000, 0x0000000085d00000| Untracked 
|  44|0x0000000085e00000, 0x0000000085e00000, 0x0000000085f00000|  0%| F|  |TAMS 0x0000000085e00000, 0x0000000085e00000| Untracked 
|  45|0x0000000085f00000, 0x0000000085f00000, 0x0000000086000000|  0%| F|  |TAMS 0x0000000085f00000, 0x0000000085f00000| Untracked 
|  46|0x0000000086000000, 0x000000008604bc30, 0x0000000086100000| 29%| O|  |TAMS 0x0000000086000000, 0x0000000086000000| Untracked 
|  47|0x0000000086100000, 0x0000000086148ad0, 0x0000000086200000| 28%| O|  |TAMS 0x0000000086100000, 0x0000000086100000| Untracked 
|  48|0x0000000086200000, 0x0000000086200000, 0x0000000086300000|  0%| F|  |TAMS 0x0000000086200000, 0x0000000086200000| Untracked 
|  49|0x0000000086300000, 0x0000000086300000, 0x0000000086400000|  0%| F|  |TAMS 0x0000000086300000, 0x0000000086300000| Untracked 
|  50|0x0000000086400000, 0x0000000086400000, 0x0000000086500000|  0%| F|  |TAMS 0x0000000086400000, 0x0000000086400000| Untracked 
|  51|0x0000000086500000, 0x0000000086500000, 0x0000000086600000|  0%| F|  |TAMS 0x0000000086500000, 0x0000000086500000| Untracked 
|  52|0x0000000086600000, 0x0000000086600000, 0x0000000086700000|  0%| F|  |TAMS 0x0000000086600000, 0x0000000086600000| Untracked 
|  53|0x0000000086700000, 0x0000000086700000, 0x0000000086800000|  0%| F|  |TAMS 0x0000000086700000, 0x0000000086700000| Untracked 
|  54|0x0000000086800000, 0x0000000086800000, 0x0000000086900000|  0%| F|  |TAMS 0x0000000086800000, 0x0000000086800000| Untracked 
|  55|0x0000000086900000, 0x0000000086900000, 0x0000000086a00000|  0%| F|  |TAMS 0x0000000086900000, 0x0000000086900000| Untracked 
|  56|0x0000000086a00000, 0x0000000086a00000, 0x0000000086b00000|  0%| F|  |TAMS 0x0000000086a00000, 0x0000000086a00000| Untracked 
|  57|0x0000000086b00000, 0x0000000086b00000, 0x0000000086c00000|  0%| F|  |TAMS 0x0000000086b00000, 0x0000000086b00000| Untracked 
|  58|0x0000000086c00000, 0x0000000086c00000, 0x0000000086d00000|  0%| F|  |TAMS 0x0000000086c00000, 0x0000000086c00000| Untracked 
|  59|0x0000000086d00000, 0x0000000086d00000, 0x0000000086e00000|  0%| F|  |TAMS 0x0000000086d00000, 0x0000000086d00000| Untracked 
|  60|0x0000000086e00000, 0x0000000086e00000, 0x0000000086f00000|  0%| F|  |TAMS 0x0000000086e00000, 0x0000000086e00000| Untracked 
|  61|0x0000000086f00000, 0x0000000086f00000, 0x0000000087000000|  0%| F|  |TAMS 0x0000000086f00000, 0x0000000086f00000| Untracked 
|  62|0x0000000087000000, 0x0000000087000000, 0x0000000087100000|  0%| F|  |TAMS 0x0000000087000000, 0x0000000087000000| Untracked 
|  63|0x0000000087100000, 0x0000000087100000, 0x0000000087200000|  0%| F|  |TAMS 0x0000000087100000, 0x0000000087100000| Untracked 
|  64|0x0000000087200000, 0x0000000087200000, 0x0000000087300000|  0%| F|  |TAMS 0x0000000087200000, 0x0000000087200000| Untracked 
|  65|0x0000000087300000, 0x0000000087300000, 0x0000000087400000|  0%| F|  |TAMS 0x0000000087300000, 0x0000000087300000| Untracked 
|  66|0x0000000087400000, 0x0000000087400000, 0x0000000087500000|  0%| F|  |TAMS 0x0000000087400000, 0x0000000087400000| Untracked 
|  67|0x0000000087500000, 0x0000000087500000, 0x0000000087600000|  0%| F|  |TAMS 0x0000000087500000, 0x0000000087500000| Untracked 
|  68|0x0000000087600000, 0x0000000087600000, 0x0000000087700000|  0%| F|  |TAMS 0x0000000087600000, 0x0000000087600000| Untracked 
|  69|0x0000000087700000, 0x0000000087700000, 0x0000000087800000|  0%| F|  |TAMS 0x0000000087700000, 0x0000000087700000| Untracked 
|  70|0x0000000087800000, 0x0000000087800000, 0x0000000087900000|  0%| F|  |TAMS 0x0000000087800000, 0x0000000087800000| Untracked 
|  71|0x0000000087900000, 0x0000000087900000, 0x0000000087a00000|  0%| F|  |TAMS 0x0000000087900000, 0x0000000087900000| Untracked 
|  72|0x0000000087a00000, 0x0000000087a00000, 0x0000000087b00000|  0%| F|  |TAMS 0x0000000087a00000, 0x0000000087a00000| Untracked 
|  73|0x0000000087b00000, 0x0000000087b00000, 0x0000000087c00000|  0%| F|  |TAMS 0x0000000087b00000, 0x0000000087b00000| Untracked 
|  74|0x0000000087c00000, 0x0000000087c00000, 0x0000000087d00000|  0%| F|  |TAMS 0x0000000087c00000, 0x0000000087c00000| Untracked 
|  75|0x0000000087d00000, 0x0000000087d00000, 0x0000000087e00000|  0%| F|  |TAMS 0x0000000087d00000, 0x0000000087d00000| Untracked 
|  76|0x0000000087e00000, 0x0000000087e00000, 0x0000000087f00000|  0%| F|  |TAMS 0x0000000087e00000, 0x0000000087e00000| Untracked 
|  77|0x0000000087f00000, 0x0000000087f00000, 0x0000000088000000|  0%| F|  |TAMS 0x0000000087f00000, 0x0000000087f00000| Untracked 
|  78|0x0000000088000000, 0x0000000088000000, 0x0000000088100000|  0%| F|  |TAMS 0x0000000088000000, 0x0000000088000000| Untracked 
|  79|0x0000000088100000, 0x0000000088100000, 0x0000000088200000|  0%| F|  |TAMS 0x0000000088100000, 0x0000000088100000| Untracked 
|  80|0x0000000088200000, 0x0000000088200000, 0x0000000088300000|  0%| F|  |TAMS 0x0000000088200000, 0x0000000088200000| Untracked 
|  81|0x0000000088300000, 0x0000000088300000, 0x0000000088400000|  0%| F|  |TAMS 0x0000000088300000, 0x0000000088300000| Untracked 
|  82|0x0000000088400000, 0x0000000088400000, 0x0000000088500000|  0%| F|  |TAMS 0x0000000088400000, 0x0000000088400000| Untracked 
|  83|0x0000000088500000, 0x0000000088500000, 0x0000000088600000|  0%| F|  |TAMS 0x0000000088500000, 0x0000000088500000| Untracked 
|  84|0x0000000088600000, 0x0000000088600000, 0x0000000088700000|  0%| F|  |TAMS 0x0000000088600000, 0x0000000088600000| Untracked 
|  85|0x0000000088700000, 0x0000000088700000, 0x0000000088800000|  0%| F|  |TAMS 0x0000000088700000, 0x0000000088700000| Untracked 
|  86|0x0000000088800000, 0x0000000088800000, 0x0000000088900000|  0%| F|  |TAMS 0x0000000088800000, 0x0000000088800000| Untracked 
|  87|0x0000000088900000, 0x0000000088900000, 0x0000000088a00000|  0%| F|  |TAMS 0x0000000088900000, 0x0000000088900000| Untracked 
|  88|0x0000000088a00000, 0x0000000088a00000, 0x0000000088b00000|  0%| F|  |TAMS 0x0000000088a00000, 0x0000000088a00000| Untracked 
|  89|0x0000000088b00000, 0x0000000088b00000, 0x0000000088c00000|  0%| F|  |TAMS 0x0000000088b00000, 0x0000000088b00000| Untracked 
|  90|0x0000000088c00000, 0x0000000088c00000, 0x0000000088d00000|  0%| F|  |TAMS 0x0000000088c00000, 0x0000000088c00000| Untracked 
|  91|0x0000000088d00000, 0x0000000088d00000, 0x0000000088e00000|  0%| F|  |TAMS 0x0000000088d00000, 0x0000000088d00000| Untracked 
|  92|0x0000000088e00000, 0x0000000088e00000, 0x0000000088f00000|  0%| F|  |TAMS 0x0000000088e00000, 0x0000000088e00000| Untracked 
|  93|0x0000000088f00000, 0x0000000088f00000, 0x0000000089000000|  0%| F|  |TAMS 0x0000000088f00000, 0x0000000088f00000| Untracked 
|  94|0x0000000089000000, 0x0000000089000000, 0x0000000089100000|  0%| F|  |TAMS 0x0000000089000000, 0x0000000089000000| Untracked 
|  95|0x0000000089100000, 0x0000000089100000, 0x0000000089200000|  0%| F|  |TAMS 0x0000000089100000, 0x0000000089100000| Untracked 
|  96|0x0000000089200000, 0x0000000089200000, 0x0000000089300000|  0%| F|  |TAMS 0x0000000089200000, 0x0000000089200000| Untracked 
|  97|0x0000000089300000, 0x0000000089300000, 0x0000000089400000|  0%| F|  |TAMS 0x0000000089300000, 0x0000000089300000| Untracked 
|  98|0x0000000089400000, 0x0000000089400000, 0x0000000089500000|  0%| F|  |TAMS 0x0000000089400000, 0x0000000089400000| Untracked 
|  99|0x0000000089500000, 0x0000000089500000, 0x0000000089600000|  0%| F|  |TAMS 0x0000000089500000, 0x0000000089500000| Untracked 
| 100|0x0000000089600000, 0x0000000089600000, 0x0000000089700000|  0%| F|  |TAMS 0x0000000089600000, 0x0000000089600000| Untracked 
| 101|0x0000000089700000, 0x0000000089700000, 0x0000000089800000|  0%| F|  |TAMS 0x0000000089700000, 0x0000000089700000| Untracked 
| 102|0x0000000089800000, 0x0000000089800000, 0x0000000089900000|  0%| F|  |TAMS 0x0000000089800000, 0x0000000089800000| Untracked 
| 103|0x0000000089900000, 0x0000000089900000, 0x0000000089a00000|  0%| F|  |TAMS 0x0000000089900000, 0x0000000089900000| Untracked 
| 104|0x0000000089a00000, 0x0000000089a00000, 0x0000000089b00000|  0%| F|  |TAMS 0x0000000089a00000, 0x0000000089a00000| Untracked 
| 105|0x0000000089b00000, 0x0000000089b00000, 0x0000000089c00000|  0%| F|  |TAMS 0x0000000089b00000, 0x0000000089b00000| Untracked 
| 106|0x0000000089c00000, 0x0000000089c00000, 0x0000000089d00000|  0%| F|  |TAMS 0x0000000089c00000, 0x0000000089c00000| Untracked 
| 107|0x0000000089d00000, 0x0000000089d00000, 0x0000000089e00000|  0%| F|  |TAMS 0x0000000089d00000, 0x0000000089d00000| Untracked 
| 108|0x0000000089e00000, 0x0000000089e00000, 0x0000000089f00000|  0%| F|  |TAMS 0x0000000089e00000, 0x0000000089e00000| Untracked 
| 109|0x0000000089f00000, 0x0000000089f00000, 0x000000008a000000|  0%| F|  |TAMS 0x0000000089f00000, 0x0000000089f00000| Untracked 
| 110|0x000000008a000000, 0x000000008a000000, 0x000000008a100000|  0%| F|  |TAMS 0x000000008a000000, 0x000000008a000000| Untracked 
| 111|0x000000008a100000, 0x000000008a100000, 0x000000008a200000|  0%| F|  |TAMS 0x000000008a100000, 0x000000008a100000| Untracked 
| 112|0x000000008a200000, 0x000000008a200000, 0x000000008a300000|  0%| F|  |TAMS 0x000000008a200000, 0x000000008a200000| Untracked 
| 113|0x000000008a300000, 0x000000008a300000, 0x000000008a400000|  0%| F|  |TAMS 0x000000008a300000, 0x000000008a300000| Untracked 
| 114|0x000000008a400000, 0x000000008a500000, 0x000000008a500000|100%|HS|  |TAMS 0x000000008a500000, 0x000000008a400000| Untracked 
| 115|0x000000008a500000, 0x000000008a500000, 0x000000008a600000|  0%| F|  |TAMS 0x000000008a500000, 0x000000008a500000| Untracked 
| 116|0x000000008a600000, 0x000000008a6058a8, 0x000000008a700000|  2%| E|  |TAMS 0x000000008a600000, 0x000000008a600000| Complete 
| 163|0x000000008d500000, 0x000000008d600000, 0x000000008d600000|100%| O|  |TAMS 0x000000008d600000, 0x000000008d500000| Untracked 
| 164|0x000000008d600000, 0x000000008d700000, 0x000000008d700000|100%| O|  |TAMS 0x000000008d700000, 0x000000008d600000| Untracked 
| 167|0x000000008d900000, 0x000000008da00000, 0x000000008da00000|100%| O|  |TAMS 0x000000008da00000, 0x000000008d900000| Untracked 

Card table byte_map: [0x000001db67e00000,0x000001db681f0000] _byte_map_base: 0x000001db679e7000

Marking Bits (Prev, Next): (CMBitMap*) 0x000001db61cdf2a0, (CMBitMap*) 0x000001db61cdf260
 Prev Bits: [0x000001db6a520000, 0x000001db6c458000)
 Next Bits: [0x000001db685e0000, 0x000001db6a518000)

Polling page: 0x000001db5fc10000

Metaspace:

Usage:
  Non-class:     46.78 MB used.
      Class:      7.17 MB used.
       Both:     53.95 MB used.

Virtual space:
  Non-class space:       48.00 MB reserved,      47.00 MB ( 98%) committed,  6 nodes.
      Class space:        1.00 GB reserved,       7.38 MB ( <1%) committed,  1 nodes.
             Both:        1.05 GB reserved,      54.38 MB (  5%) committed. 

Chunk freelists:
   Non-Class:  942.00 KB
       Class:  495.00 KB
        Both:  1.40 MB

MaxMetaspaceSize: unlimited
CompressedClassSpaceSize: 1.00 GB
Initial GC threshold: 21.00 MB
Current GC threshold: 90.62 MB
CDS: off
MetaspaceReclaimPolicy: balanced
 - commit_granule_bytes: 65536.
 - commit_granule_words: 8192.
 - virtual_space_node_default_size: 1048576.
 - enlarge_chunks_in_place: 1.
 - new_chunks_are_fully_committed: 0.
 - uncommit_free_chunks: 1.
 - use_allocation_guard: 0.
 - handle_deallocations: 1.


Internal statistics:

num_allocs_failed_limit: 3.
num_arena_births: 654.
num_arena_deaths: 202.
num_vsnodes_births: 7.
num_vsnodes_deaths: 0.
num_space_committed: 870.
num_space_uncommitted: 0.
num_chunks_returned_to_freelist: 242.
num_chunks_taken_from_freelist: 2536.
num_chunk_merges: 67.
num_chunk_splits: 1691.
num_chunks_enlarged: 1303.
num_purges: 12.
num_inconsistent_stats: 0.

CodeCache: size=49152Kb used=23462Kb max_used=24085Kb free=25689Kb
 bounds [0x000001db64900000, 0x000001db660b0000, 0x000001db67900000]
 total_blobs=12339 nmethods=11723 adapters=541
 compilation: enabled
              stopped_count=0, restarted_count=0
 full_count=0

Compilation events (20 events):
Event: 2481.647 Thread 0x000001db6f9253a0 11873       1       org.eclipse.jdt.internal.compiler.parser.Parser::consumeCatchType (95 bytes)
Event: 2481.648 Thread 0x000001db6f9253a0 nmethod 11873 0x000001db65fb7d10 code [0x000001db65fb7f00, 0x000001db65fb83b8]
Event: 2481.648 Thread 0x000001db6f9253a0 11874       1       org.eclipse.jdt.internal.compiler.parser.Parser::consumeCatchFormalParameter (279 bytes)
Event: 2481.648 Thread 0x000001db6f9253a0 nmethod 11874 0x000001db65fb6f10 code [0x000001db65fb7120, 0x000001db65fb78b8]
Event: 2487.581 Thread 0x000001db6f9253a0 11875       1       org.eclipse.jdt.internal.compiler.parser.RecoveryScannerData::removeUnused (248 bytes)
Event: 2487.581 Thread 0x000001db6f9253a0 nmethod 11875 0x000001db65fb6310 code [0x000001db65fb6500, 0x000001db65fb6b38]
Event: 2487.855 Thread 0x000001db6f9253a0 11876       1       org.eclipse.jdt.core.dom.ASTSyntaxErrorPropagator::visit (6 bytes)
Event: 2487.855 Thread 0x000001db6f9253a0 nmethod 11876 0x000001db65fb6010 code [0x000001db65fb61a0, 0x000001db65fb6288]
Event: 2488.962 Thread 0x000001db6f9253a0 11877       1       org.eclipse.jdt.core.dom.ASTVisitor::visit (2 bytes)
Event: 2488.962 Thread 0x000001db6f9253a0 nmethod 11877 0x000001db65fb5d10 code [0x000001db65fb5ea0, 0x000001db65fb5f78]
Event: 2497.949 Thread 0x000001db6f9253a0 11878       1       org.eclipse.jdt.internal.compiler.parser.RecoveredBlock::add (8 bytes)
Event: 2497.950 Thread 0x000001db6f9253a0 nmethod 11878 0x000001db65fb5a10 code [0x000001db65fb5ba0, 0x000001db65fb5c88]
Event: 2497.950 Thread 0x000001db6f9253a0 11879       1       org.eclipse.jdt.internal.compiler.parser.RecoveredBlock::add (75 bytes)
Event: 2497.950 Thread 0x000001db6f9253a0 nmethod 11879 0x000001db65fb5290 code [0x000001db65fb5460, 0x000001db65fb5898]
Event: 2497.950 Thread 0x000001db6f9253a0 11880       1       org.eclipse.jdt.internal.compiler.parser.RecoveredBlock::isEndKnown (30 bytes)
Event: 2497.951 Thread 0x000001db6f9253a0 nmethod 11880 0x000001db65fb4e10 code [0x000001db65fb4fc0, 0x000001db65fb5178]
Event: 2497.951 Thread 0x000001db6f9253a0 11881       1       org.eclipse.jdt.internal.compiler.parser.RecoveredStatement::updatedStatement (22 bytes)
Event: 2497.951 Thread 0x000001db6f9253a0 nmethod 11881 0x000001db65fb4a90 code [0x000001db65fb4c20, 0x000001db65fb4d28]
Event: 2498.206 Thread 0x000001db6f9253a0 11882       1       org.eclipse.jdt.internal.compiler.parser.RecoveredMethod::updateParseTree (14 bytes)
Event: 2498.206 Thread 0x000001db6f9253a0 nmethod 11882 0x000001db65fb4610 code [0x000001db65fb47c0, 0x000001db65fb49c8]

GC Heap History (20 events):
Event: 2461.872 GC heap before
{Heap before GC invocations=298 (full 51):
 garbage-first heap   total 122880K, used 100339K [0x0000000083200000, 0x0000000100000000)
  region size 1024K, 54 young (55296K), 4 survivors (4096K)
 Metaspace       used 55246K, committed 55680K, reserved 1097728K
  class space    used 7341K, committed 7552K, reserved 1048576K
}
Event: 2461.875 GC heap after
{Heap after GC invocations=299 (full 51):
 garbage-first heap   total 122880K, used 48371K [0x0000000083200000, 0x0000000100000000)
  region size 1024K, 3 young (3072K), 3 survivors (3072K)
 Metaspace       used 55246K, committed 55680K, reserved 1097728K
  class space    used 7341K, committed 7552K, reserved 1048576K
}
Event: 2463.263 GC heap before
{Heap before GC invocations=299 (full 51):
 garbage-first heap   total 122880K, used 101619K [0x0000000083200000, 0x0000000100000000)
  region size 1024K, 55 young (56320K), 3 survivors (3072K)
 Metaspace       used 55246K, committed 55680K, reserved 1097728K
  class space    used 7341K, committed 7552K, reserved 1048576K
}
Event: 2463.266 GC heap after
{Heap after GC invocations=300 (full 51):
 garbage-first heap   total 122880K, used 50782K [0x0000000083200000, 0x0000000100000000)
  region size 1024K, 5 young (5120K), 5 survivors (5120K)
 Metaspace       used 55246K, committed 55680K, reserved 1097728K
  class space    used 7341K, committed 7552K, reserved 1048576K
}
Event: 2467.707 GC heap before
{Heap before GC invocations=300 (full 51):
 garbage-first heap   total 122880K, used 100958K [0x0000000083200000, 0x0000000100000000)
  region size 1024K, 54 young (55296K), 5 survivors (5120K)
 Metaspace       used 55246K, committed 55680K, reserved 1097728K
  class space    used 7341K, committed 7552K, reserved 1048576K
}
Event: 2467.712 GC heap after
{Heap after GC invocations=301 (full 51):
 garbage-first heap   total 122880K, used 50455K [0x0000000083200000, 0x0000000100000000)
  region size 1024K, 4 young (4096K), 4 survivors (4096K)
 Metaspace       used 55246K, committed 55680K, reserved 1097728K
  class space    used 7341K, committed 7552K, reserved 1048576K
}
Event: 2471.354 GC heap before
{Heap before GC invocations=301 (full 51):
 garbage-first heap   total 122880K, used 99607K [0x0000000083200000, 0x0000000100000000)
  region size 1024K, 52 young (53248K), 4 survivors (4096K)
 Metaspace       used 55246K, committed 55680K, reserved 1097728K
  class space    used 7341K, committed 7552K, reserved 1048576K
}
Event: 2471.357 GC heap after
{Heap after GC invocations=302 (full 51):
 garbage-first heap   total 122880K, used 49313K [0x0000000083200000, 0x0000000100000000)
  region size 1024K, 2 young (2048K), 2 survivors (2048K)
 Metaspace       used 55246K, committed 55680K, reserved 1097728K
  class space    used 7341K, committed 7552K, reserved 1048576K
}
Event: 2472.289 GC heap before
{Heap before GC invocations=302 (full 51):
 garbage-first heap   total 122880K, used 100513K [0x0000000083200000, 0x0000000100000000)
  region size 1024K, 52 young (53248K), 2 survivors (2048K)
 Metaspace       used 55246K, committed 55680K, reserved 1097728K
  class space    used 7341K, committed 7552K, reserved 1048576K
}
Event: 2472.292 GC heap after
{Heap after GC invocations=303 (full 51):
 garbage-first heap   total 122880K, used 49207K [0x0000000083200000, 0x0000000100000000)
  region size 1024K, 2 young (2048K), 2 survivors (2048K)
 Metaspace       used 55246K, committed 55680K, reserved 1097728K
  class space    used 7341K, committed 7552K, reserved 1048576K
}
Event: 2480.943 GC heap before
{Heap before GC invocations=303 (full 51):
 garbage-first heap   total 122880K, used 101431K [0x0000000083200000, 0x0000000100000000)
  region size 1024K, 53 young (54272K), 2 survivors (2048K)
 Metaspace       used 55246K, committed 55680K, reserved 1097728K
  class space    used 7341K, committed 7552K, reserved 1048576K
}
Event: 2480.944 GC heap after
{Heap after GC invocations=304 (full 51):
 garbage-first heap   total 122880K, used 49078K [0x0000000083200000, 0x0000000100000000)
  region size 1024K, 2 young (2048K), 2 survivors (2048K)
 Metaspace       used 55246K, committed 55680K, reserved 1097728K
  class space    used 7341K, committed 7552K, reserved 1048576K
}
Event: 2487.564 GC heap before
{Heap before GC invocations=304 (full 51):
 garbage-first heap   total 122880K, used 101302K [0x0000000083200000, 0x0000000100000000)
  region size 1024K, 53 young (54272K), 2 survivors (2048K)
 Metaspace       used 55246K, committed 55680K, reserved 1097728K
  class space    used 7341K, committed 7552K, reserved 1048576K
}
Event: 2487.566 GC heap after
{Heap after GC invocations=305 (full 51):
 garbage-first heap   total 122880K, used 48224K [0x0000000083200000, 0x0000000100000000)
  region size 1024K, 1 young (1024K), 1 survivors (1024K)
 Metaspace       used 55246K, committed 55680K, reserved 1097728K
  class space    used 7341K, committed 7552K, reserved 1048576K
}
Event: 2488.843 GC heap before
{Heap before GC invocations=305 (full 51):
 garbage-first heap   total 122880K, used 102496K [0x0000000083200000, 0x0000000100000000)
  region size 1024K, 54 young (55296K), 1 survivors (1024K)
 Metaspace       used 55246K, committed 55680K, reserved 1097728K
  class space    used 7341K, committed 7552K, reserved 1048576K
}
Event: 2488.845 GC heap after
{Heap after GC invocations=306 (full 51):
 garbage-first heap   total 122880K, used 48917K [0x0000000083200000, 0x0000000100000000)
  region size 1024K, 2 young (2048K), 2 survivors (2048K)
 Metaspace       used 55246K, committed 55680K, reserved 1097728K
  class space    used 7341K, committed 7552K, reserved 1048576K
}
Event: 2498.941 GC heap before
{Heap before GC invocations=306 (full 51):
 garbage-first heap   total 122880K, used 102165K [0x0000000083200000, 0x0000000100000000)
  region size 1024K, 54 young (55296K), 2 survivors (2048K)
 Metaspace       used 55246K, committed 55680K, reserved 1097728K
  class space    used 7341K, committed 7552K, reserved 1048576K
}
Event: 2498.943 GC heap after
{Heap after GC invocations=307 (full 51):
 garbage-first heap   total 122880K, used 50454K [0x0000000083200000, 0x0000000100000000)
  region size 1024K, 4 young (4096K), 4 survivors (4096K)
 Metaspace       used 55246K, committed 55680K, reserved 1097728K
  class space    used 7341K, committed 7552K, reserved 1048576K
}
Event: 2538.109 GC heap before
{Heap before GC invocations=307 (full 51):
 garbage-first heap   total 122880K, used 66838K [0x0000000083200000, 0x0000000100000000)
  region size 1024K, 21 young (21504K), 4 survivors (4096K)
 Metaspace       used 55246K, committed 55680K, reserved 1097728K
  class space    used 7341K, committed 7552K, reserved 1048576K
}
Event: 2538.161 GC heap after
{Heap after GC invocations=308 (full 52):
 garbage-first heap   total 122880K, used 41023K [0x0000000083200000, 0x0000000100000000)
  region size 1024K, 0 young (0K), 0 survivors (0K)
 Metaspace       used 55246K, committed 55680K, reserved 1097728K
  class space    used 7341K, committed 7552K, reserved 1048576K
}

Deoptimization events (20 events):
Event: 1211.793 Thread 0x000001db71aa3bc0 DEOPT PACKING pc=0x000001db65ee0c8f sp=0x0000000d988fcd60
Event: 1211.794 Thread 0x000001db71aa3bc0 DEOPT UNPACKING pc=0x000001db64956763 sp=0x0000000d988fc268 mode 3
Event: 1252.541 Thread 0x000001db6fa384e0 DEOPT PACKING pc=0x000001db65d82d1d sp=0x0000000d964fe0c0
Event: 1252.541 Thread 0x000001db6fa384e0 DEOPT UNPACKING pc=0x000001db64956763 sp=0x0000000d964fd5f0 mode 3
Event: 1571.596 Thread 0x000001db71a9d1e0 DEOPT PACKING pc=0x000001db65aa4e6c sp=0x0000000d963fd870
Event: 1571.596 Thread 0x000001db71a9d1e0 DEOPT UNPACKING pc=0x000001db64956763 sp=0x0000000d963fcd80 mode 0
Event: 1571.596 Thread 0x000001db71a9d1e0 DEOPT PACKING pc=0x000001db65aa4e6c sp=0x0000000d963fda10
Event: 1571.596 Thread 0x000001db71a9d1e0 DEOPT UNPACKING pc=0x000001db64956763 sp=0x0000000d963fcf20 mode 0
Event: 1571.596 Thread 0x000001db71a9d1e0 DEOPT PACKING pc=0x000001db65aa4e6c sp=0x0000000d963fdbb0
Event: 1571.596 Thread 0x000001db71a9d1e0 DEOPT UNPACKING pc=0x000001db64956763 sp=0x0000000d963fd0a8 mode 0
Event: 1608.566 Thread 0x000001db71a9d1e0 DEOPT PACKING pc=0x000001db65ea500a sp=0x0000000d963fe0e0
Event: 1608.566 Thread 0x000001db71a9d1e0 DEOPT UNPACKING pc=0x000001db64956763 sp=0x0000000d963fd550 mode 3
Event: 1610.616 Thread 0x000001db71a9d1e0 DEOPT PACKING pc=0x000001db65e972f8 sp=0x0000000d963fd000
Event: 1610.616 Thread 0x000001db71a9d1e0 DEOPT UNPACKING pc=0x000001db64956763 sp=0x0000000d963fc580 mode 3
Event: 1766.626 Thread 0x000001db71a9c840 DEOPT PACKING pc=0x000001db65e02ac7 sp=0x0000000d96efdc90
Event: 1766.626 Thread 0x000001db71a9c840 DEOPT UNPACKING pc=0x000001db64956763 sp=0x0000000d96efd6c8 mode 3
Event: 2113.426 Thread 0x000001db71a9eec0 DEOPT PACKING pc=0x000001db65e73366 sp=0x0000000d963fe1c0
Event: 2113.426 Thread 0x000001db71a9eec0 DEOPT UNPACKING pc=0x000001db64956763 sp=0x0000000d963fd698 mode 3
Event: 2113.426 Thread 0x000001db71a9eec0 DEOPT PACKING pc=0x000001db66040a95 sp=0x0000000d963fe170
Event: 2113.426 Thread 0x000001db71a9eec0 DEOPT UNPACKING pc=0x000001db64956763 sp=0x0000000d963fd5f8 mode 3

Classes unloaded (20 events):
Event: 846.773 Thread 0x000001db6ef43250 Unloading class 0x00000001006cc000 'jdk/internal/reflect/GeneratedMethodAccessor50'
Event: 846.773 Thread 0x000001db6ef43250 Unloading class 0x000000010074c400 'jdk/internal/reflect/GeneratedConstructorAccessor54'
Event: 846.773 Thread 0x000001db6ef43250 Unloading class 0x0000000100750800 'jdk/internal/reflect/GeneratedMethodAccessor49'
Event: 846.773 Thread 0x000001db6ef43250 Unloading class 0x0000000100761400 'jdk/internal/reflect/GeneratedMethodAccessor48'
Event: 846.773 Thread 0x000001db6ef43250 Unloading class 0x0000000100762800 'jdk/internal/reflect/GeneratedMethodAccessor47'
Event: 1434.318 Thread 0x000001db6ef43250 Unloading class 0x0000000100762800 'jdk/internal/reflect/GeneratedMethodAccessor57'
Event: 1434.318 Thread 0x000001db6ef43250 Unloading class 0x0000000100761400 'jdk/internal/reflect/GeneratedConstructorAccessor63'
Event: 1434.318 Thread 0x000001db6ef43250 Unloading class 0x0000000100750800 'jdk/internal/reflect/GeneratedMethodAccessor56'
Event: 1434.318 Thread 0x000001db6ef43250 Unloading class 0x000000010074c400 'jdk/internal/reflect/GeneratedConstructorAccessor62'
Event: 1434.318 Thread 0x000001db6ef43250 Unloading class 0x00000001006cc000 'jdk/internal/reflect/GeneratedMethodAccessor55'
Event: 1434.318 Thread 0x000001db6ef43250 Unloading class 0x000000010065d800 'jdk/internal/reflect/GeneratedMethodAccessor54'
Event: 1434.318 Thread 0x000001db6ef43250 Unloading class 0x00000001004fa400 'jdk/internal/reflect/GeneratedMethodAccessor53'
Event: 1434.318 Thread 0x000001db6ef43250 Unloading class 0x00000001004f9400 'jdk/internal/reflect/GeneratedConstructorAccessor61'
Event: 1434.318 Thread 0x000001db6ef43250 Unloading class 0x00000001004a4000 'jdk/internal/reflect/GeneratedConstructorAccessor60'
Event: 2450.339 Thread 0x000001db6ef43250 Unloading class 0x0000000100785400 'java/lang/invoke/LambdaForm$MH+0x0000000100785400'
Event: 2450.339 Thread 0x000001db6ef43250 Unloading class 0x0000000100785000 'java/lang/invoke/LambdaForm$MH+0x0000000100785000'
Event: 2450.339 Thread 0x000001db6ef43250 Unloading class 0x0000000100784c00 'java/lang/invoke/LambdaForm$MH+0x0000000100784c00'
Event: 2450.339 Thread 0x000001db6ef43250 Unloading class 0x0000000100784800 'java/lang/invoke/LambdaForm$MH+0x0000000100784800'
Event: 2450.339 Thread 0x000001db6ef43250 Unloading class 0x0000000100784400 'java/lang/invoke/LambdaForm$MH+0x0000000100784400'
Event: 2450.339 Thread 0x000001db6ef43250 Unloading class 0x0000000100784000 'java/lang/invoke/LambdaForm$MH+0x0000000100784000'

Classes redefined (0 events):
No events

Internal exceptions (20 events):
Event: 1174.443 Thread 0x000001db6fa384e0 Implicit null exception at 0x000001db6543b966 to 0x000001db6543d1a6
Event: 1179.922 Thread 0x000001db6fa3a1c0 Implicit null exception at 0x000001db65e5d05b to 0x000001db65e5d796
Event: 1180.507 Thread 0x000001db6fa384e0 Implicit null exception at 0x000001db65cc24d5 to 0x000001db65cc2da6
Event: 1211.793 Thread 0x000001db71aa3bc0 Implicit null exception at 0x000001db65ee09ff to 0x000001db65ee0c8a
Event: 1252.541 Thread 0x000001db6fa384e0 Implicit null exception at 0x000001db65d82951 to 0x000001db65d82d18
Event: 1571.567 Thread 0x000001db71a9d1e0 Exception <a 'java/lang/NoSuchMethodError'{0x000000008977c430}: 'java.lang.Object java.lang.invoke.DirectMethodHandle$Holder.newInvokeSpecial(java.lang.Object, java.lang.Object, java.lang.Object, int)'> (0x000000008977c430) 
thrown [s\src\hotspot\share\interpreter\linkResolver.cpp, line 759]
Event: 1571.568 Thread 0x000001db71a9d1e0 Exception <a 'java/lang/NoSuchMethodError'{0x0000000089780718}: 'java.lang.Object java.lang.invoke.DirectMethodHandle$Holder.invokeSpecial(java.lang.Object, java.lang.Object, java.lang.Object, java.lang.Object, int)'> (0x0000000089780718) 
thrown [s\src\hotspot\share\interpreter\linkResolver.cpp, line 759]
Event: 1571.569 Thread 0x000001db71a9d1e0 Exception <a 'java/lang/NoSuchMethodError'{0x0000000089784328}: 'java.lang.Object java.lang.invoke.Invokers$Holder.linkToTargetMethod(java.lang.Object, java.lang.Object, int, java.lang.Object)'> (0x0000000089784328) 
thrown [s\src\hotspot\share\interpreter\linkResolver.cpp, line 759]
Event: 1571.886 Thread 0x000001db71aa3bc0 Exception <a 'java/lang/ArrayIndexOutOfBoundsException'{0x0000000087e08d20}> (0x0000000087e08d20) 
thrown [s\src\hotspot\share\runtime\sharedRuntime.cpp, line 628]
Event: 1608.566 Thread 0x000001db71a9d1e0 Implicit null exception at 0x000001db65ea4e90 to 0x000001db65ea5005
Event: 1610.616 Thread 0x000001db71a9d1e0 Implicit null exception at 0x000001db65e96b56 to 0x000001db65e972f3
Event: 1621.779 Thread 0x000001db71aa3bc0 Exception <a 'java/lang/ArrayIndexOutOfBoundsException'{0x0000000087f01830}> (0x0000000087f01830) 
thrown [s\src\hotspot\share\runtime\sharedRuntime.cpp, line 628]
Event: 1622.461 Thread 0x000001db71aa0200 Exception <a 'java/lang/ArrayIndexOutOfBoundsException'{0x0000000086e25c68}> (0x0000000086e25c68) 
thrown [s\src\hotspot\share\runtime\sharedRuntime.cpp, line 628]
Event: 1623.262 Thread 0x000001db71aa3bc0 Exception <a 'java/lang/ArrayIndexOutOfBoundsException'{0x00000000885e02a8}> (0x00000000885e02a8) 
thrown [s\src\hotspot\share\runtime\sharedRuntime.cpp, line 628]
Event: 1623.897 Thread 0x000001db71aa3bc0 Exception <a 'java/lang/ArrayIndexOutOfBoundsException'{0x0000000086f5ad10}> (0x0000000086f5ad10) 
thrown [s\src\hotspot\share\runtime\sharedRuntime.cpp, line 628]
Event: 1624.660 Thread 0x000001db71aa0200 Exception <a 'java/lang/ArrayIndexOutOfBoundsException'{0x0000000089580600}> (0x0000000089580600) 
thrown [s\src\hotspot\share\runtime\sharedRuntime.cpp, line 628]
Event: 1907.562 Thread 0x000001db71aa2880 Exception <a 'java/lang/ArrayIndexOutOfBoundsException'{0x000000008945d908}> (0x000000008945d908) 
thrown [s\src\hotspot\share\runtime\sharedRuntime.cpp, line 628]
Event: 2113.426 Thread 0x000001db71a9eec0 Implicit null exception at 0x000001db65e73025 to 0x000001db65e73361
Event: 2113.426 Thread 0x000001db71a9eec0 Implicit null exception at 0x000001db660409e6 to 0x000001db66040a90
Event: 2243.036 Thread 0x000001db71aa3bc0 Exception <a 'java/lang/ArrayIndexOutOfBoundsException'{0x0000000087a8c708}> (0x0000000087a8c708) 
thrown [s\src\hotspot\share\runtime\sharedRuntime.cpp, line 628]

VM Operations (20 events):
Event: 2463.266 Executing VM operation: G1CollectForAllocation done
Event: 2467.707 Executing VM operation: G1CollectForAllocation
Event: 2467.712 Executing VM operation: G1CollectForAllocation done
Event: 2471.354 Executing VM operation: G1CollectForAllocation
Event: 2471.357 Executing VM operation: G1CollectForAllocation done
Event: 2472.289 Executing VM operation: G1CollectForAllocation
Event: 2472.292 Executing VM operation: G1CollectForAllocation done
Event: 2480.942 Executing VM operation: G1CollectForAllocation
Event: 2480.944 Executing VM operation: G1CollectForAllocation done
Event: 2487.564 Executing VM operation: G1CollectForAllocation
Event: 2487.566 Executing VM operation: G1CollectForAllocation done
Event: 2488.569 Executing VM operation: Cleanup
Event: 2488.569 Executing VM operation: Cleanup done
Event: 2488.843 Executing VM operation: G1CollectForAllocation
Event: 2488.845 Executing VM operation: G1CollectForAllocation done
Event: 2498.941 Executing VM operation: G1CollectForAllocation
Event: 2498.944 Executing VM operation: G1CollectForAllocation done
Event: 2538.108 Executing VM operation: G1CollectFull
Event: 2538.162 Executing VM operation: G1CollectFull done
Event: 2553.536 Executing VM operation: G1CollectFull

Events (20 events):
Event: 2058.091 Thread 0x000001db71a9f860 Thread added: 0x000001db71a9f860
Event: 2058.093 Thread 0x000001db71aa0ba0 Thread added: 0x000001db71aa0ba0
Event: 2084.937 Thread 0x000001db71aa2d50 Thread added: 0x000001db71aa2d50
Event: 2099.858 Thread 0x000001db71aa2d50 Thread exited: 0x000001db71aa2d50
Event: 2118.107 Thread 0x000001db71aa0ba0 Thread exited: 0x000001db71aa0ba0
Event: 2173.627 Thread 0x000001db71aa2880 Thread exited: 0x000001db71aa2880
Event: 2193.093 Thread 0x000001db71aa3bc0 Thread added: 0x000001db71aa3bc0
Event: 2193.094 Thread 0x000001db71a9d1e0 Thread added: 0x000001db71a9d1e0
Event: 2253.201 Thread 0x000001db71a9d1e0 Thread exited: 0x000001db71a9d1e0
Event: 2265.947 Thread 0x000001db71aa2880 Thread added: 0x000001db71aa2880
Event: 2289.857 Thread 0x000001db71aa2880 Thread exited: 0x000001db71aa2880
Event: 2292.664 Thread 0x000001db71aa06d0 Thread added: 0x000001db71aa06d0
Event: 2319.846 Thread 0x000001db71aa06d0 Thread exited: 0x000001db71aa06d0
Event: 2327.207 Thread 0x000001db71aa06d0 Thread added: 0x000001db71aa06d0
Event: 2369.847 Thread 0x000001db71aa06d0 Thread exited: 0x000001db71aa06d0
Event: 2383.785 Thread 0x000001db71aa2880 Thread added: 0x000001db71aa2880
Event: 2419.843 Thread 0x000001db71aa2880 Thread exited: 0x000001db71aa2880
Event: 2427.241 Thread 0x000001db71a9cd10 Thread added: 0x000001db71a9cd10
Event: 2504.398 Thread 0x000001db71aa3bc0 Thread exited: 0x000001db71aa3bc0
Event: 2509.856 Thread 0x000001db71a9cd10 Thread exited: 0x000001db71a9cd10


Dynamic libraries:
0x00007ff7132d0000 - 0x00007ff7132de000 	c:\Users\datea\.vscode\extensions\redhat.java-1.11.0-win32-x64\jre\17.0.4.1-win32-x86_64\bin\java.exe
0x00007ffadbe90000 - 0x00007ffadc0a9000 	C:\WINDOWS\SYSTEM32\ntdll.dll
0x00007ffada3d0000 - 0x00007ffada492000 	C:\WINDOWS\System32\KERNEL32.DLL
0x00007ffad9840000 - 0x00007ffad9bdc000 	C:\WINDOWS\System32\KERNELBASE.dll
0x00007ffad6120000 - 0x00007ffad61b6000 	C:\WINDOWS\SYSTEM32\apphelp.dll
0x00007ffad9720000 - 0x00007ffad983b000 	C:\WINDOWS\System32\ucrtbase.dll
0x00007ffad1d90000 - 0x00007ffad1da8000 	c:\Users\datea\.vscode\extensions\redhat.java-1.11.0-win32-x64\jre\17.0.4.1-win32-x86_64\bin\jli.dll
0x00007ffadbca0000 - 0x00007ffadbe4c000 	C:\WINDOWS\System32\USER32.dll
0x00007ffad96f0000 - 0x00007ffad9716000 	C:\WINDOWS\System32\win32u.dll
0x00007ffad9ee0000 - 0x00007ffad9f09000 	C:\WINDOWS\System32\GDI32.dll
0x00007ffad95d0000 - 0x00007ffad96e6000 	C:\WINDOWS\System32\gdi32full.dll
0x00007ffad23e0000 - 0x00007ffad23f9000 	c:\Users\datea\.vscode\extensions\redhat.java-1.11.0-win32-x64\jre\17.0.4.1-win32-x86_64\bin\VCRUNTIME140.dll
0x00007ffad9400000 - 0x00007ffad949a000 	C:\WINDOWS\System32\msvcp_win.dll
0x00007ffabdec0000 - 0x00007ffabe151000 	C:\WINDOWS\WinSxS\amd64_microsoft.windows.common-controls_6595b64144ccf1df_6.0.25227.1000_none_7b35d90bf2068bf3\COMCTL32.dll
0x00007ffad9cc0000 - 0x00007ffad9d67000 	C:\WINDOWS\System32\msvcrt.dll
0x00007ffada100000 - 0x00007ffada131000 	C:\WINDOWS\System32\IMM32.DLL
0x00007ffad4680000 - 0x00007ffad468c000 	c:\Users\datea\.vscode\extensions\redhat.java-1.11.0-win32-x64\jre\17.0.4.1-win32-x86_64\bin\vcruntime140_1.dll
0x00007ffaad320000 - 0x00007ffaad3b1000 	c:\Users\datea\.vscode\extensions\redhat.java-1.11.0-win32-x64\jre\17.0.4.1-win32-x86_64\bin\msvcp140.dll
0x00007ffa8c110000 - 0x00007ffa8cd56000 	c:\Users\datea\.vscode\extensions\redhat.java-1.11.0-win32-x64\jre\17.0.4.1-win32-x86_64\bin\server\jvm.dll
0x00007ffadae30000 - 0x00007ffadaede000 	C:\WINDOWS\System32\ADVAPI32.dll
0x00007ffada140000 - 0x00007ffada1e6000 	C:\WINDOWS\System32\sechost.dll
0x00007ffadbb70000 - 0x00007ffadbc97000 	C:\WINDOWS\System32\RPCRT4.dll
0x00007ffada650000 - 0x00007ffada658000 	C:\WINDOWS\System32\PSAPI.DLL
0x00007ffac1060000 - 0x00007ffac1069000 	C:\WINDOWS\SYSTEM32\WSOCK32.dll
0x00007ffadaee0000 - 0x00007ffadaf4f000 	C:\WINDOWS\System32\WS2_32.dll
0x00007ffad2210000 - 0x00007ffad2245000 	C:\WINDOWS\SYSTEM32\WINMM.dll
0x00007ffad21e0000 - 0x00007ffad21ea000 	C:\WINDOWS\SYSTEM32\VERSION.dll
0x00007ffad81f0000 - 0x00007ffad8208000 	C:\WINDOWS\SYSTEM32\kernel.appcore.dll
0x00007ffad4520000 - 0x00007ffad452a000 	c:\Users\datea\.vscode\extensions\redhat.java-1.11.0-win32-x64\jre\17.0.4.1-win32-x86_64\bin\jimage.dll
0x00007ffad6b10000 - 0x00007ffad6d43000 	C:\WINDOWS\SYSTEM32\DBGHELP.DLL
0x00007ffadaf60000 - 0x00007ffadb2e2000 	C:\WINDOWS\System32\combase.dll
0x00007ffada2f0000 - 0x00007ffada3c8000 	C:\WINDOWS\System32\OLEAUT32.dll
0x00007ffac4400000 - 0x00007ffac4432000 	C:\WINDOWS\SYSTEM32\dbgcore.DLL
0x00007ffad9be0000 - 0x00007ffad9c59000 	C:\WINDOWS\System32\bcryptPrimitives.dll
0x00007ffad0080000 - 0x00007ffad00a5000 	c:\Users\datea\.vscode\extensions\redhat.java-1.11.0-win32-x64\jre\17.0.4.1-win32-x86_64\bin\java.dll
0x00007ffad1d70000 - 0x00007ffad1d88000 	c:\Users\datea\.vscode\extensions\redhat.java-1.11.0-win32-x64\jre\17.0.4.1-win32-x86_64\bin\zip.dll
0x00007ffadb380000 - 0x00007ffadbb50000 	C:\WINDOWS\System32\SHELL32.dll
0x00007ffad7180000 - 0x00007ffad7a1a000 	C:\WINDOWS\SYSTEM32\windows.storage.dll
0x00007ffad6fe0000 - 0x00007ffad7173000 	C:\WINDOWS\SYSTEM32\wintypes.dll
0x00007ffada560000 - 0x00007ffada64b000 	C:\WINDOWS\System32\SHCORE.dll
0x00007ffada8d0000 - 0x00007ffada92d000 	C:\WINDOWS\System32\shlwapi.dll
0x00007ffad91a0000 - 0x00007ffad91c1000 	C:\WINDOWS\SYSTEM32\profapi.dll
0x00007ffad0b50000 - 0x00007ffad0b69000 	C:\Users\datea\.vscode\extensions\redhat.java-1.11.0-win32-x64\jre\17.0.4.1-win32-x86_64\bin\net.dll
0x00007ffad2060000 - 0x00007ffad218b000 	C:\WINDOWS\SYSTEM32\WINHTTP.dll
0x00007ffad86d0000 - 0x00007ffad8739000 	C:\WINDOWS\system32\mswsock.dll
0x00007ffad09f0000 - 0x00007ffad0a05000 	C:\Users\datea\.vscode\extensions\redhat.java-1.11.0-win32-x64\jre\17.0.4.1-win32-x86_64\bin\nio.dll
0x00007ffad0060000 - 0x00007ffad0070000 	c:\Users\datea\.vscode\extensions\redhat.java-1.11.0-win32-x64\jre\17.0.4.1-win32-x86_64\bin\verify.dll
0x00007ffad29e0000 - 0x00007ffad29e9000 	C:\Users\datea\.vscode\extensions\redhat.java-1.11.0-win32-x64\jre\17.0.4.1-win32-x86_64\bin\management.dll
0x00007ffad1dd0000 - 0x00007ffad1ddb000 	C:\Users\datea\.vscode\extensions\redhat.java-1.11.0-win32-x64\jre\17.0.4.1-win32-x86_64\bin\management_ext.dll
0x00007ffad4600000 - 0x00007ffad4617000 	C:\WINDOWS\system32\napinsp.dll
0x00007ffad4500000 - 0x00007ffad451a000 	C:\WINDOWS\system32\pnrpnsp.dll
0x00007ffa781d0000 - 0x00007ffa781f1000 	C:\WINDOWS\system32\nlansp_c.dll
0x00007ffad7d50000 - 0x00007ffad7e4f000 	C:\WINDOWS\SYSTEM32\DNSAPI.dll
0x00007ffad7cc0000 - 0x00007ffad7cee000 	C:\WINDOWS\SYSTEM32\IPHLPAPI.DLL
0x00007ffada9a0000 - 0x00007ffada9a9000 	C:\WINDOWS\System32\NSI.dll
0x00007ffad3be0000 - 0x00007ffad3bf1000 	C:\WINDOWS\System32\winrnr.dll
0x00007ffaa04d0000 - 0x00007ffaa04e5000 	C:\WINDOWS\system32\wshbth.dll
0x00007ffad0570000 - 0x00007ffad057a000 	C:\Windows\System32\rasadhlp.dll
0x00007ffad1330000 - 0x00007ffad13b4000 	C:\WINDOWS\System32\fwpuclnt.dll
0x00007ffad8950000 - 0x00007ffad896b000 	C:\WINDOWS\SYSTEM32\CRYPTSP.dll
0x00007ffad8150000 - 0x00007ffad8184000 	C:\WINDOWS\system32\rsaenh.dll
0x00007ffad87d0000 - 0x00007ffad87f8000 	C:\WINDOWS\SYSTEM32\USERENV.dll
0x00007ffad8b10000 - 0x00007ffad8b38000 	C:\WINDOWS\SYSTEM32\bcrypt.dll
0x00007ffad8970000 - 0x00007ffad897c000 	C:\WINDOWS\SYSTEM32\CRYPTBASE.dll
0x00007ffad2040000 - 0x00007ffad2059000 	C:\WINDOWS\SYSTEM32\dhcpcsvc6.DLL
0x00007ffad1f40000 - 0x00007ffad1f5f000 	C:\WINDOWS\SYSTEM32\dhcpcsvc.DLL

dbghelp: loaded successfully - version: 4.0.5 - missing functions: none
symbol engine: initialized successfully - sym options: 0x614 - pdb path: .;c:\Users\datea\.vscode\extensions\redhat.java-1.11.0-win32-x64\jre\17.0.4.1-win32-x86_64\bin;C:\WINDOWS\SYSTEM32;C:\WINDOWS\WinSxS\amd64_microsoft.windows.common-controls_6595b64144ccf1df_6.0.25227.1000_none_7b35d90bf2068bf3;c:\Users\datea\.vscode\extensions\redhat.java-1.11.0-win32-x64\jre\17.0.4.1-win32-x86_64\bin\server

VM Arguments:
jvm_args: -Dsts.lsp.client=vscode -Dsts.log.file=/dev/null -XX:TieredStopAtLevel=1 -Xlog:jni+resolve=off -Dspring.config.location=file:c:\Users\datea\.vscode\extensions\pivotal.vscode-spring-boot-1.40.0\language-server\BOOT-INF\classes\application.properties 
java_command: org.springframework.ide.vscode.boot.app.BootLanguageServerBootApp
java_class_path (initial): c:\Users\datea\.vscode\extensions\pivotal.vscode-spring-boot-1.40.0\language-server\BOOT-INF\classes;c:\Users\datea\.vscode\extensions\pivotal.vscode-spring-boot-1.40.0\language-server\BOOT-INF\lib\annotations-23.0.0.jar;c:\Users\datea\.vscode\extensions\pivotal.vscode-spring-boot-1.40.0\language-server\BOOT-INF\lib\ant-1.10.12.jar;c:\Users\datea\.vscode\extensions\pivotal.vscode-spring-boot-1.40.0\language-server\BOOT-INF\lib\ant-launcher-1.10.12.jar;c:\Users\datea\.vscode\extensions\pivotal.vscode-spring-boot-1.40.0\language-server\BOOT-INF\lib\antlr-runtime-3.5.2.jar;c:\Users\datea\.vscode\extensions\pivotal.vscode-spring-boot-1.40.0\language-server\BOOT-INF\lib\antlr4-4.9.3.jar;c:\Users\datea\.vscode\extensions\pivotal.vscode-spring-boot-1.40.0\language-server\BOOT-INF\lib\antlr4-runtime-4.9.3.jar;c:\Users\datea\.vscode\extensions\pivotal.vscode-spring-boot-1.40.0\language-server\BOOT-INF\lib\asm-9.3.jar;c:\Users\datea\.vscode\extensions\pivotal.vscode-spring-boot-1.40.0\language-server\BOOT-INF\lib\asm-analysis-9.3.jar;c:\Users\datea\.vscode\extensions\pivotal.vscode-spring-boot-1.40.0\language-server\BOOT-INF\lib\asm-tree-9.3.jar;c:\Users\datea\.vscode\extensions\pivotal.vscode-spring-boot-1.40.0\language-server\BOOT-INF\lib\asm-util-9.3.jar;c:\Users\datea\.vscode\extensions\pivotal.vscode-spring-boot-1.40.0\language-server\BOOT-INF\lib\byte-buddy-1.12.13.jar;c:\Users\datea\.vscode\extensions\pivotal.vscode-spring-boot-1.40.0\language-server\BOOT-INF\lib\caffeine-2.9.3.jar;c:\Users\datea\.vscode\extensions\pivotal.vscode-spring-boot-1.40.0\language-server\BOOT-INF\lib\checker-qual-3.12.0.jar;c:\Users\datea\.vscode\extensions\pivotal.vscode-spring-boot-1.40.0\language-server\BOOT-INF\lib\classgraph-4.8.149.jar;c:\Users\datea\.vscode\extensions\pivotal.vscode-spring-boot-1.40.0\language-server\BOOT-INF\lib\commons-codec-1.15.jar;c:\Users\datea\.vscode\extensions\pivotal.vscode-spring-boot-1.40.0\language-server\BOOT-INF\lib\commons-c
Launcher Type: SUN_STANDARD

[Global flags]
     intx CICompilerCount                          = 4                                         {product} {ergonomic}
     uint ConcGCThreads                            = 2                                         {product} {ergonomic}
     uint G1ConcRefinementThreads                  = 8                                         {product} {ergonomic}
   size_t G1HeapRegionSize                         = 1048576                                   {product} {ergonomic}
    uintx GCDrainStackTargetSize                   = 64                                        {product} {ergonomic}
   size_t InitialHeapSize                          = 132120576                                 {product} {ergonomic}
   size_t MarkStackSize                            = 4194304                                   {product} {ergonomic}
   size_t MaxHeapSize                              = 2095054848                                {product} {ergonomic}
   size_t MaxNewSize                               = 1256194048                                {product} {ergonomic}
   size_t MinHeapDeltaBytes                        = 1048576                                   {product} {ergonomic}
   size_t MinHeapSize                              = 8388608                                   {product} {ergonomic}
    uintx NonProfiledCodeHeapSize                  = 0                                      {pd product} {ergonomic}
     bool ProfileInterpreter                       = false                                  {pd product} {command line}
    uintx ProfiledCodeHeapSize                     = 0                                      {pd product} {ergonomic}
   size_t SoftMaxHeapSize                          = 2095054848                             {manageable} {ergonomic}
     intx TieredStopAtLevel                        = 1                                         {product} {command line}
     bool UseCompressedClassPointers               = true                           {product lp64_product} {ergonomic}
     bool UseCompressedOops                        = true                           {product lp64_product} {ergonomic}
     bool UseG1GC                                  = true                                      {product} {ergonomic}
     bool UseLargePagesIndividualAllocation        = false                                  {pd product} {ergonomic}

Logging:
Log output configuration:
 #0: stdout all=warning,jni+resolve=off uptime,level,tags
 #1: stderr all=off uptime,level,tags

Environment Variables:
PATH=C:\Program Files\Java\jdk-15.0.2\bin;C:\Program Files\Common Files\Oracle\Java\javapath;C:\WINDOWS\system32;C:\WINDOWS;C:\WINDOWS\System32\Wbem;C:\WINDOWS\System32\WindowsPowerShell\v1.0\;C:\WINDOWS\System32\OpenSSH\;C:\Program Files\Azure Data Studio\bin;C:\Program Files\Microsoft SQL Server\Client SDK\ODBC\170\Tools\Binn\;C:\Program Files (x86)\Microsoft SQL Server\150\Tools\Binn\;C:\Program Files\Microsoft SQL Server\150\Tools\Binn\;C:\Program Files\Microsoft SQL Server\150\DTS\Binn\;C:\Program Files (x86)\Microsoft SQL Server\150\DTS\Binn\;C:\Program Files (x86)\GitExtensions\;F:\xampp\php;C:\ProgramData\ComposerSetup\bin;C:\xampp\php;C:\Program Files\Git\cmd;C:\Users\datea\AppData\Local\Microsoft\WindowsApps;C:\Users\datea\AppData\Local\Programs\Microsoft VS Code\bin;;C:\Program Files\Azure Data Studio\bin;C:\Users\datea\AppData\Roaming\Composer\vendor\bin
USERNAME=datea
OS=Windows_NT
PROCESSOR_IDENTIFIER=Intel64 Family 6 Model 126 Stepping 5, GenuineIntel
TMP=C:\Users\datea\AppData\Local\Temp
TEMP=C:\Users\datea\AppData\Local\Temp



---------------  S Y S T E M  ---------------

OS:
 Windows 11 , 64 bit Build 25227 (10.0.25227.1000)
OS uptime: 1 days 3:17 hours
Hyper-V role detected

CPU: total 8 (initial active 8) (4 cores per cpu, 2 threads per core) family 6 model 126 stepping 5 microcode 0xa6, cx8, cmov, fxsr, ht, mmx, 3dnowpref, sse, sse2, sse3, ssse3, sse4.1, sse4.2, popcnt, lzcnt, tsc, tscinvbit, avx, avx2, aes, erms, clmul, bmi1, bmi2, adx, avx512f, avx512dq, avx512cd, avx512bw, avx512vl, sha, fma, vzeroupper, avx512_vpopcntdq, avx512_vpclmulqdq, avx512_vaes, avx512_vnni, clflush, clflushopt, avx512_vbmi2, avx512_vbmi, hv

Memory: 4k page, system-wide physical 7987M (256M free)
TotalPageFile size 12083M (AvailPageFile size 11M)
current process WorkingSet (physical memory assigned to process): 240M, peak: 808M
current process commit charge ("private bytes"): 302M, peak: 913M

vm_info: OpenJDK 64-Bit Server VM (17.0.4.1+1) for windows-amd64 JRE (17.0.4.1+1), built on Aug 17 2022 07:42:43 by "temurin" with MS VC++ 16.7 (VS2019)

END.
