#
# There is insufficient memory for the Java Runtime Environment to continue.
# Native memory allocation (mmap) failed to map 517996544 bytes for G1 virtual space
# Possible reasons:
#   The system is out of physical RAM or swap space
#   The process is running with CompressedOops enabled, and the Java Heap may be blocking the growth of the native heap
# Possible solutions:
#   Reduce memory load on the system
#   Increase physical memory or swap space
#   Check if swap backing store is full
#   Decrease Java heap size (-Xmx/-Xms)
#   Decrease number of Java threads
#   Decrease Java thread stack sizes (-Xss)
#   Set larger code cache with -XX:ReservedCodeCacheSize=
#   JVM is running with Unscaled Compressed Oops mode in which the Java heap is
#     placed in the first 4GB address space. The Java Heap base address is the
#     maximum limit for the native heap growth. Please use -XX:HeapBaseMinAddress
#     to set the Java Heap base and to place the Java Heap above 4GB virtual address.
# This output file may be truncated or incomplete.
#
#  Out of Memory Error (os_windows.cpp:3541), pid=10880, tid=8056
#
# JRE version: OpenJDK Runtime Environment Temurin-17.0.4.1+1 (17.0.4.1+1) (build 17.0.4.1+1)
# Java VM: OpenJDK 64-Bit Server VM Temurin-17.0.4.1+1 (17.0.4.1+1, mixed mode, emulated-client, tiered, compressed oops, compressed class ptrs, g1 gc, windows-amd64)
# No core dump will be written. Minidumps are not enabled by default on client versions of Windows
#

---------------  S U M M A R Y ------------

Command Line: -Dsts.lsp.client=vscode -Dsts.log.file=/dev/null -XX:TieredStopAtLevel=1 -Xlog:jni+resolve=off -Dspring.config.location=file:c:\Users\datea\.vscode\extensions\pivotal.vscode-spring-boot-1.39.0\language-server\BOOT-INF\classes\application.properties org.springframework.ide.vscode.boot.app.BootLanguageServerBootApp

Host: Intel(R) Core(TM) i5-1035G1 CPU @ 1.00GHz, 8 cores, 7G,  Windows 11 , 64 bit Build 25227 (10.0.25227.1000)
Time: Wed Oct 26 10:25:35 2022 SE Asia Standard Time elapsed time: 5.855153 seconds (0d 0h 0m 5s)

---------------  T H R E A D  ---------------

Current thread (0x000001e6df9533d0):  VMThread "VM Thread" [stack: 0x000000bf57800000,0x000000bf57900000] [id=8056]

Stack: [0x000000bf57800000,0x000000bf57900000]
Native frames: (J=compiled Java code, j=interpreted, Vv=VM code, C=native code)
V  [jvm.dll+0x67731a]
V  [jvm.dll+0x832284]
V  [jvm.dll+0x833a2e]
V  [jvm.dll+0x834093]
V  [jvm.dll+0x245775]
V  [jvm.dll+0x674209]
V  [jvm.dll+0x668a92]
V  [jvm.dll+0x30471b]
V  [jvm.dll+0x30bc66]
V  [jvm.dll+0x35ba9e]
V  [jvm.dll+0x35bccf]
V  [jvm.dll+0x2db5b8]
V  [jvm.dll+0x2d986c]
V  [jvm.dll+0x2d8e3c]
V  [jvm.dll+0x31cd9b]
V  [jvm.dll+0x83853b]
V  [jvm.dll+0x839274]
V  [jvm.dll+0x83978c]
V  [jvm.dll+0x839b64]
V  [jvm.dll+0x839c30]
V  [jvm.dll+0x7e240a]
V  [jvm.dll+0x6761a5]
C  [ucrtbase.dll+0x4b82b]
C  [KERNEL32.DLL+0x1484d]
C  [ntdll.dll+0x67558]

VM_Operation (0x000000bf59efe1d0): G1CollectForAllocation, mode: safepoint, requested by thread 0x000001e6e2220790


---------------  P R O C E S S  ---------------

Threads class SMR info:
_java_thread_list=0x000001e6e2218c50, length=42, elements={
0x000001e6e04012d0, 0x000001e6e0404540, 0x000001e6e0432530, 0x000001e6e0432ff0,
0x000001e6e0435dd0, 0x000001e6e0436690, 0x000001e6df976e40, 0x000001e6df979750,
0x000001e6e0627fb0, 0x000001e6e0636550, 0x000001e6e06400b0, 0x000001e6e0650df0,
0x000001e6e0e92290, 0x000001e6e1e7e8b0, 0x000001e6e21783f0, 0x000001e6e21da020,
0x000001e6e22003f0, 0x000001e6e22008c0, 0x000001e6e2210d60, 0x000001e6e2215f50,
0x000001e6e221a580, 0x000001e6e221f450, 0x000001e6e2221ad0, 0x000001e6e2220c60,
0x000001e6e2221600, 0x000001e6e2221130, 0x000001e6e2222470, 0x000001e6e221eab0,
0x000001e6e2220790, 0x000001e6e2221fa0, 0x000001e6e221fdf0, 0x000001e6e221ef80,
0x000001e6e221f920, 0x000001e6e22202c0, 0x000001e6e4267410, 0x000001e6e4267db0,
0x000001e6e426cf80, 0x000001e6e42678e0, 0x000001e6e4268c20, 0x000001e6e42690f0,
0x000001e6e4268750, 0x000001e6e426bc40
}

Java Threads: ( => current thread )
  0x000001e6e04012d0 JavaThread "Reference Handler" daemon [_thread_blocked, id=70440, stack(0x000000bf57900000,0x000000bf57a00000)]
  0x000001e6e0404540 JavaThread "Finalizer" daemon [_thread_blocked, id=70624, stack(0x000000bf57a00000,0x000000bf57b00000)]
  0x000001e6e0432530 JavaThread "Signal Dispatcher" daemon [_thread_blocked, id=54344, stack(0x000000bf57b00000,0x000000bf57c00000)]
  0x000001e6e0432ff0 JavaThread "Attach Listener" daemon [_thread_blocked, id=51720, stack(0x000000bf57c00000,0x000000bf57d00000)]
  0x000001e6e0435dd0 JavaThread "Service Thread" daemon [_thread_blocked, id=11116, stack(0x000000bf57d00000,0x000000bf57e00000)]
  0x000001e6e0436690 JavaThread "Monitor Deflation Thread" daemon [_thread_blocked, id=60176, stack(0x000000bf57e00000,0x000000bf57f00000)]
  0x000001e6df976e40 JavaThread "C1 CompilerThread0" daemon [_thread_blocked, id=6068, stack(0x000000bf57f00000,0x000000bf58000000)]
  0x000001e6df979750 JavaThread "Sweeper thread" daemon [_thread_blocked, id=53684, stack(0x000000bf58000000,0x000000bf58100000)]
  0x000001e6e0627fb0 JavaThread "C1 CompilerThread1" daemon [_thread_blocked, id=70592, stack(0x000000bf58100000,0x000000bf58200000)]
  0x000001e6e0636550 JavaThread "C1 CompilerThread2" daemon [_thread_blocked, id=11576, stack(0x000000bf58200000,0x000000bf58300000)]
  0x000001e6e06400b0 JavaThread "Notification Thread" daemon [_thread_blocked, id=59796, stack(0x000000bf58300000,0x000000bf58400000)]
  0x000001e6e0650df0 JavaThread "Common-Cleaner" daemon [_thread_blocked, id=55824, stack(0x000000bf58500000,0x000000bf58600000)]
  0x000001e6e0e92290 JavaThread "C1 CompilerThread3" daemon [_thread_blocked, id=66044, stack(0x000000bf58600000,0x000000bf58700000)]
  0x000001e6e1e7e8b0 JavaThread "boundedElastic-evictor-1" daemon [_thread_blocked, id=44276, stack(0x000000bf58c00000,0x000000bf58d00000)]
  0x000001e6e21783f0 JavaThread "ForkJoinPool.commonPool-worker-1" daemon [_thread_blocked, id=6516, stack(0x000000bf59000000,0x000000bf59100000)]
  0x000001e6e21da020 JavaThread "ClassGraph-worker-0" daemon [_thread_blocked, id=57412, stack(0x000000bf59100000,0x000000bf59200000)]
  0x000001e6e22003f0 JavaThread "ClassGraph-worker-1" daemon [_thread_blocked, id=49916, stack(0x000000bf59200000,0x000000bf59300000)]
  0x000001e6e22008c0 JavaThread "ClassGraph-worker-2" daemon [_thread_blocked, id=46512, stack(0x000000bf59300000,0x000000bf59400000)]
  0x000001e6e2210d60 JavaThread "ClassGraph-worker-3" daemon [_thread_blocked, id=64492, stack(0x000000bf59400000,0x000000bf59500000)]
  0x000001e6e2215f50 JavaThread "ClassGraph-worker-4" daemon [_thread_blocked, id=52256, stack(0x000000bf59500000,0x000000bf59600000)]
  0x000001e6e221a580 JavaThread "ClassGraph-worker-5" daemon [_thread_blocked, id=51592, stack(0x000000bf59600000,0x000000bf59700000)]
  0x000001e6e221f450 JavaThread "ClassGraph-worker-6" daemon [_thread_blocked, id=51628, stack(0x000000bf59700000,0x000000bf59800000)]
  0x000001e6e2221ad0 JavaThread "ClassGraph-worker-7" daemon [_thread_blocked, id=15984, stack(0x000000bf59800000,0x000000bf59900000)]
  0x000001e6e2220c60 JavaThread "ClassGraph-worker-8" daemon [_thread_blocked, id=42908, stack(0x000000bf59900000,0x000000bf59a00000)]
  0x000001e6e2221600 JavaThread "ClassGraph-worker-9" daemon [_thread_blocked, id=14832, stack(0x000000bf59a00000,0x000000bf59b00000)]
  0x000001e6e2221130 JavaThread "ClassGraph-worker-10" daemon [_thread_blocked, id=63584, stack(0x000000bf59b00000,0x000000bf59c00000)]
  0x000001e6e2222470 JavaThread "ClassGraph-worker-11" daemon [_thread_blocked, id=70412, stack(0x000000bf59c00000,0x000000bf59d00000)]
  0x000001e6e221eab0 JavaThread "ClassGraph-worker-12" daemon [_thread_blocked, id=62520, stack(0x000000bf59d00000,0x000000bf59e00000)]
  0x000001e6e2220790 JavaThread "ClassGraph-worker-13" daemon [_thread_blocked, id=16220, stack(0x000000bf59e00000,0x000000bf59f00000)]
  0x000001e6e2221fa0 JavaThread "pool-9-thread-1" [_thread_blocked, id=55796, stack(0x000000bf59f00000,0x000000bf5a000000)]
  0x000001e6e221fdf0 JavaThread "LanguageServerApp-lifecycle" [_thread_blocked, id=14792, stack(0x000000bf5a000000,0x000000bf5a100000)]
  0x000001e6e221ef80 JavaThread "DestroyJavaVM" [_thread_blocked, id=8252, stack(0x000000bf57200000,0x000000bf57300000)]
  0x000001e6e221f920 JavaThread "pool-10-thread-1" [_thread_blocked, id=68700, stack(0x000000bf5a100000,0x000000bf5a200000)]
  0x000001e6e22202c0 JavaThread "Simple-Language-Server main thread" daemon [_thread_blocked, id=2336, stack(0x000000bf5a500000,0x000000bf5a600000)]
  0x000001e6e4267410 JavaThread "pool-7-thread-1" [_thread_blocked, id=68928, stack(0x000000bf5a600000,0x000000bf5a700000)]
  0x000001e6e4267db0 JavaThread "parallel-1" daemon [_thread_blocked, id=11688, stack(0x000000bf5a700000,0x000000bf5a800000)]
  0x000001e6e426cf80 JavaThread "parallel-2" daemon [_thread_blocked, id=68032, stack(0x000000bf5a800000,0x000000bf5a900000)]
  0x000001e6e42678e0 JavaThread "pool-4-thread-1" [_thread_blocked, id=65808, stack(0x000000bf5a900000,0x000000bf5aa00000)]
  0x000001e6e4268c20 JavaThread "ForkJoinPool.commonPool-worker-2" daemon [_thread_blocked, id=70116, stack(0x000000bf5aa00000,0x000000bf5ab00000)]
  0x000001e6e42690f0 JavaThread "pool-4-thread-2" [_thread_blocked, id=69304, stack(0x000000bf5ab00000,0x000000bf5ac00000)]
  0x000001e6e4268750 JavaThread "Reconciler-1" daemon [_thread_blocked, id=41684, stack(0x000000bf5ac00000,0x000000bf5ad00000)]
  0x000001e6e426bc40 JavaThread "parallel-3" daemon [_thread_blocked, id=52588, stack(0x000000bf5ad00000,0x000000bf5ae00000)]

Other Threads:
=>0x000001e6df9533d0 VMThread "VM Thread" [stack: 0x000000bf57800000,0x000000bf57900000] [id=8056]
  0x000001e6e0640990 WatcherThread [stack: 0x000000bf58400000,0x000000bf58500000] [id=13304]
  0x000001e6d26de270 GCTaskThread "GC Thread#0" [stack: 0x000000bf57300000,0x000000bf57400000] [id=8696]
  0x000001e6e0f920f0 GCTaskThread "GC Thread#1" [stack: 0x000000bf58700000,0x000000bf58800000] [id=44264]
  0x000001e6e0f923a0 GCTaskThread "GC Thread#2" [stack: 0x000000bf58800000,0x000000bf58900000] [id=42244]
  0x000001e6e0fd6730 GCTaskThread "GC Thread#3" [stack: 0x000000bf58900000,0x000000bf58a00000] [id=11592]
  0x000001e6e0fd6df0 GCTaskThread "GC Thread#4" [stack: 0x000000bf58a00000,0x000000bf58b00000] [id=65792]
  0x000001e6e0fd70a0 GCTaskThread "GC Thread#5" [stack: 0x000000bf58b00000,0x000000bf58c00000] [id=51484]
  0x000001e6e1a211c0 GCTaskThread "GC Thread#6" [stack: 0x000000bf58d00000,0x000000bf58e00000] [id=62872]
  0x000001e6e1a23490 GCTaskThread "GC Thread#7" [stack: 0x000000bf58e00000,0x000000bf58f00000] [id=54924]
  0x000001e6d26eea80 ConcurrentGCThread "G1 Main Marker" [stack: 0x000000bf57400000,0x000000bf57500000] [id=40188]
  0x000001e6d26f0510 ConcurrentGCThread "G1 Conc#0" [stack: 0x000000bf57500000,0x000000bf57600000] [id=58004]
  0x000001e6e1a98470 ConcurrentGCThread "G1 Conc#1" [stack: 0x000000bf58f00000,0x000000bf59000000] [id=69376]
  0x000001e6d273e150 ConcurrentGCThread "G1 Refine#0" [stack: 0x000000bf57600000,0x000000bf57700000] [id=68592]
  0x000001e6e420d2a0 ConcurrentGCThread "G1 Refine#1" [stack: 0x000000bf5a200000,0x000000bf5a300000] [id=66032]
  0x000001e6e42294c0 ConcurrentGCThread "G1 Refine#2" [stack: 0x000000bf5a300000,0x000000bf5a400000] [id=8740]
  0x000001e6e42258f0 ConcurrentGCThread "G1 Refine#3" [stack: 0x000000bf5a400000,0x000000bf5a500000] [id=50516]
  0x000001e6d273ea80 ConcurrentGCThread "G1 Service" [stack: 0x000000bf57700000,0x000000bf57800000] [id=54928]

Threads with active compile tasks:

VM state: at safepoint (normal execution)

VM Mutex/Monitor currently owned by a thread:  ([mutex/lock_event])
[0x000001e6d04123d0] Threads_lock - owner thread: 0x000001e6df9533d0
[0x000001e6d267fa30] Heap_lock - owner thread: 0x000001e6e2220790

Heap address: 0x0000000083200000, size: 1998 MB, Compressed Oops mode: 32-bit

CDS archive(s) not mapped
Compressed class space mapped at: 0x0000000100000000-0x0000000140000000, reserved size: 1073741824
Narrow klass base: 0x0000000000000000, Narrow klass shift: 3, Narrow klass range: 0x140000000

GC Precious Log:
 CPUs: 8 total, 8 available
 Memory: 7987M
 Large Page Support: Disabled
 NUMA Support: Disabled
 Compressed Oops: Enabled (32-bit)
 Heap Region Size: 1M
 Heap Min Capacity: 8M
 Heap Initial Capacity: 126M
 Heap Max Capacity: 1998M
 Pre-touch: Disabled
 Parallel Workers: 8
 Concurrent Workers: 2
 Concurrent Refinement Workers: 8
 Periodic GC: Disabled

Heap:
 garbage-first heap   total 256000K, used 82863K [0x0000000083200000, 0x0000000100000000)
  region size 1024K, 10 young (10240K), 10 survivors (10240K)
 Metaspace       used 36620K, committed 36928K, reserved 1081344K
  class space    used 4762K, committed 4928K, reserved 1048576K

Heap Regions: E=young(eden), S=young(survivor), O=old, HS=humongous(starts), HC=humongous(continues), CS=collection set, F=free, OA=open archive, CA=closed archive, TAMS=top-at-mark-start (previous, next)
|   0|0x0000000083200000, 0x0000000083300000, 0x0000000083300000|100%| O|  |TAMS 0x0000000083300000, 0x0000000083200000| Untracked 
|   1|0x0000000083300000, 0x0000000083400000, 0x0000000083400000|100%| O|  |TAMS 0x0000000083400000, 0x0000000083300000| Untracked 
|   2|0x0000000083400000, 0x0000000083500000, 0x0000000083500000|100%| O|  |TAMS 0x0000000083500000, 0x0000000083400000| Untracked 
|   3|0x0000000083500000, 0x0000000083600000, 0x0000000083600000|100%| O|  |TAMS 0x0000000083600000, 0x0000000083500000| Untracked 
|   4|0x0000000083600000, 0x0000000083700000, 0x0000000083700000|100%| O|  |TAMS 0x0000000083700000, 0x0000000083600000| Untracked 
|   5|0x0000000083700000, 0x0000000083800000, 0x0000000083800000|100%| O|  |TAMS 0x0000000083800000, 0x0000000083700000| Untracked 
|   6|0x0000000083800000, 0x0000000083900000, 0x0000000083900000|100%| O|  |TAMS 0x0000000083900000, 0x0000000083800000| Untracked 
|   7|0x0000000083900000, 0x0000000083a00000, 0x0000000083a00000|100%| O|  |TAMS 0x0000000083a00000, 0x0000000083900000| Untracked 
|   8|0x0000000083a00000, 0x0000000083a00000, 0x0000000083b00000|  0%| F|  |TAMS 0x0000000083a00000, 0x0000000083a00000| Untracked 
|   9|0x0000000083b00000, 0x0000000083c00000, 0x0000000083c00000|100%| O|  |TAMS 0x0000000083c00000, 0x0000000083b00000| Untracked 
|  10|0x0000000083c00000, 0x0000000083d00000, 0x0000000083d00000|100%| O|  |TAMS 0x0000000083d00000, 0x0000000083c00000| Untracked 
|  11|0x0000000083d00000, 0x0000000083e00000, 0x0000000083e00000|100%| O|  |TAMS 0x0000000083e00000, 0x0000000083d00000| Untracked 
|  12|0x0000000083e00000, 0x0000000083f00000, 0x0000000083f00000|100%| O|  |TAMS 0x0000000083f00000, 0x0000000083e00000| Untracked 
|  13|0x0000000083f00000, 0x0000000084000000, 0x0000000084000000|100%| O|  |TAMS 0x0000000084000000, 0x0000000083f00000| Untracked 
|  14|0x0000000084000000, 0x0000000084100000, 0x0000000084100000|100%| O|  |TAMS 0x0000000084100000, 0x0000000084000000| Untracked 
|  15|0x0000000084100000, 0x0000000084200000, 0x0000000084200000|100%| O|  |TAMS 0x0000000084200000, 0x0000000084100000| Untracked 
|  16|0x0000000084200000, 0x0000000084300000, 0x0000000084300000|100%| O|  |TAMS 0x0000000084300000, 0x0000000084200000| Untracked 
|  17|0x0000000084300000, 0x0000000084400000, 0x0000000084400000|100%| O|  |TAMS 0x0000000084400000, 0x0000000084300000| Untracked 
|  18|0x0000000084400000, 0x0000000084500000, 0x0000000084500000|100%| O|  |TAMS 0x0000000084500000, 0x0000000084400000| Untracked 
|  19|0x0000000084500000, 0x0000000084600000, 0x0000000084600000|100%| O|  |TAMS 0x0000000084600000, 0x0000000084500000| Untracked 
|  20|0x0000000084600000, 0x0000000084700000, 0x0000000084700000|100%| O|  |TAMS 0x0000000084700000, 0x0000000084600000| Untracked 
|  21|0x0000000084700000, 0x0000000084800000, 0x0000000084800000|100%| O|  |TAMS 0x0000000084800000, 0x0000000084700000| Untracked 
|  22|0x0000000084800000, 0x0000000084900000, 0x0000000084900000|100%| O|  |TAMS 0x0000000084900000, 0x0000000084800000| Untracked 
|  23|0x0000000084900000, 0x0000000084a00000, 0x0000000084a00000|100%| O|  |TAMS 0x0000000084a00000, 0x0000000084900000| Untracked 
|  24|0x0000000084a00000, 0x0000000084b00000, 0x0000000084b00000|100%| O|  |TAMS 0x0000000084b00000, 0x0000000084a00000| Untracked 
|  25|0x0000000084b00000, 0x0000000084c00000, 0x0000000084c00000|100%| O|  |TAMS 0x0000000084c00000, 0x0000000084b00000| Untracked 
|  26|0x0000000084c00000, 0x0000000084d00000, 0x0000000084d00000|100%| O|  |TAMS 0x0000000084d00000, 0x0000000084c00000| Untracked 
|  27|0x0000000084d00000, 0x0000000084e00000, 0x0000000084e00000|100%| O|  |TAMS 0x0000000084e00000, 0x0000000084d00000| Untracked 
|  28|0x0000000084e00000, 0x0000000084f00000, 0x0000000084f00000|100%| O|  |TAMS 0x0000000084f00000, 0x0000000084e00000| Untracked 
|  29|0x0000000084f00000, 0x0000000085000000, 0x0000000085000000|100%| O|  |TAMS 0x0000000085000000, 0x0000000084f00000| Untracked 
|  30|0x0000000085000000, 0x0000000085100000, 0x0000000085100000|100%| O|  |TAMS 0x0000000085100000, 0x0000000085000000| Untracked 
|  31|0x0000000085100000, 0x0000000085200000, 0x0000000085200000|100%| O|  |TAMS 0x0000000085200000, 0x0000000085100000| Untracked 
|  32|0x0000000085200000, 0x0000000085300000, 0x0000000085300000|100%| O|  |TAMS 0x0000000085300000, 0x0000000085200000| Untracked 
|  33|0x0000000085300000, 0x0000000085400000, 0x0000000085400000|100%| O|  |TAMS 0x0000000085400000, 0x0000000085300000| Untracked 
|  34|0x0000000085400000, 0x0000000085500000, 0x0000000085500000|100%| O|  |TAMS 0x0000000085500000, 0x0000000085400000| Untracked 
|  35|0x0000000085500000, 0x0000000085600000, 0x0000000085600000|100%| O|  |TAMS 0x0000000085600000, 0x0000000085500000| Untracked 
|  36|0x0000000085600000, 0x0000000085700000, 0x0000000085700000|100%| O|  |TAMS 0x0000000085700000, 0x0000000085600000| Untracked 
|  37|0x0000000085700000, 0x0000000085800000, 0x0000000085800000|100%| O|  |TAMS 0x0000000085800000, 0x0000000085700000| Untracked 
|  38|0x0000000085800000, 0x0000000085900000, 0x0000000085900000|100%| O|  |TAMS 0x0000000085900000, 0x0000000085800000| Untracked 
|  39|0x0000000085900000, 0x0000000085a00000, 0x0000000085a00000|100%| O|  |TAMS 0x0000000085900000, 0x0000000085900000| Untracked 
|  40|0x0000000085a00000, 0x0000000085b00000, 0x0000000085b00000|100%|HS|  |TAMS 0x0000000085b00000, 0x0000000085a00000| Complete 
|  41|0x0000000085b00000, 0x0000000085c00000, 0x0000000085c00000|100%| O|  |TAMS 0x0000000085c00000, 0x0000000085b00000| Untracked 
|  42|0x0000000085c00000, 0x0000000085d00000, 0x0000000085d00000|100%| O|  |TAMS 0x0000000085d00000, 0x0000000085c00000| Untracked 
|  43|0x0000000085d00000, 0x0000000085e00000, 0x0000000085e00000|100%| O|  |TAMS 0x0000000085e00000, 0x0000000085d00000| Untracked 
|  44|0x0000000085e00000, 0x0000000085f00000, 0x0000000085f00000|100%| O|  |TAMS 0x0000000085f00000, 0x0000000085e00000| Untracked 
|  45|0x0000000085f00000, 0x0000000086000000, 0x0000000086000000|100%| O|  |TAMS 0x0000000086000000, 0x0000000085f00000| Untracked 
|  46|0x0000000086000000, 0x0000000086100000, 0x0000000086100000|100%| O|  |TAMS 0x0000000086100000, 0x0000000086000000| Untracked 
|  47|0x0000000086100000, 0x0000000086200000, 0x0000000086200000|100%| O|  |TAMS 0x0000000086200000, 0x0000000086100000| Untracked 
|  48|0x0000000086200000, 0x0000000086300000, 0x0000000086300000|100%| O|  |TAMS 0x0000000086300000, 0x0000000086200000| Untracked 
|  49|0x0000000086300000, 0x0000000086400000, 0x0000000086400000|100%| O|  |TAMS 0x0000000086400000, 0x0000000086300000| Untracked 
|  50|0x0000000086400000, 0x0000000086500000, 0x0000000086500000|100%| O|  |TAMS 0x0000000086500000, 0x0000000086400000| Untracked 
|  51|0x0000000086500000, 0x0000000086600000, 0x0000000086600000|100%| O|  |TAMS 0x0000000086600000, 0x0000000086500000| Untracked 
|  52|0x0000000086600000, 0x0000000086700000, 0x0000000086700000|100%| O|  |TAMS 0x0000000086700000, 0x0000000086600000| Untracked 
|  53|0x0000000086700000, 0x0000000086800000, 0x0000000086800000|100%| O|  |TAMS 0x0000000086800000, 0x0000000086700000| Untracked 
|  54|0x0000000086800000, 0x0000000086900000, 0x0000000086900000|100%| O|  |TAMS 0x0000000086900000, 0x0000000086800000| Untracked 
|  55|0x0000000086900000, 0x0000000086a00000, 0x0000000086a00000|100%| O|  |TAMS 0x00000000869f2800, 0x0000000086900000| Untracked 
|  56|0x0000000086a00000, 0x0000000086b00000, 0x0000000086b00000|100%| O|  |TAMS 0x0000000086a00000, 0x0000000086a00000| Untracked 
|  57|0x0000000086b00000, 0x0000000086c00000, 0x0000000086c00000|100%| O|  |TAMS 0x0000000086b00000, 0x0000000086b00000| Untracked 
|  58|0x0000000086c00000, 0x0000000086d00000, 0x0000000086d00000|100%| O|  |TAMS 0x0000000086c00000, 0x0000000086c00000| Untracked 
|  59|0x0000000086d00000, 0x0000000086e00000, 0x0000000086e00000|100%| O|  |TAMS 0x0000000086d00000, 0x0000000086d00000| Untracked 
|  60|0x0000000086e00000, 0x0000000086f00000, 0x0000000086f00000|100%| O|  |TAMS 0x0000000086e00000, 0x0000000086e00000| Untracked 
|  61|0x0000000086f00000, 0x0000000087000000, 0x0000000087000000|100%| O|  |TAMS 0x0000000086f00000, 0x0000000086f00000| Untracked 
|  62|0x0000000087000000, 0x0000000087100000, 0x0000000087100000|100%| O|  |TAMS 0x0000000087000000, 0x0000000087000000| Untracked 
|  63|0x0000000087100000, 0x0000000087200000, 0x0000000087200000|100%| O|  |TAMS 0x0000000087100000, 0x0000000087100000| Untracked 
|  64|0x0000000087200000, 0x0000000087300000, 0x0000000087300000|100%| O|  |TAMS 0x0000000087200000, 0x0000000087200000| Untracked 
|  65|0x0000000087300000, 0x0000000087400000, 0x0000000087400000|100%| O|  |TAMS 0x0000000087300000, 0x0000000087300000| Untracked 
|  66|0x0000000087400000, 0x0000000087500000, 0x0000000087500000|100%| O|  |TAMS 0x0000000087400000, 0x0000000087400000| Untracked 
|  67|0x0000000087500000, 0x0000000087600000, 0x0000000087600000|100%| O|  |TAMS 0x0000000087500000, 0x0000000087500000| Untracked 
|  68|0x0000000087600000, 0x0000000087700000, 0x0000000087700000|100%| O|  |TAMS 0x0000000087600000, 0x0000000087600000| Untracked 
|  69|0x0000000087700000, 0x0000000087800000, 0x0000000087800000|100%| O|  |TAMS 0x0000000087700000, 0x0000000087700000| Untracked 
|  70|0x0000000087800000, 0x0000000087900000, 0x0000000087900000|100%| O|  |TAMS 0x0000000087800000, 0x0000000087800000| Untracked 
|  71|0x0000000087900000, 0x0000000087a00000, 0x0000000087a00000|100%| O|  |TAMS 0x0000000087900000, 0x0000000087900000| Untracked 
|  72|0x0000000087a00000, 0x0000000087a72e00, 0x0000000087b00000| 44%| O|  |TAMS 0x0000000087a00000, 0x0000000087a00000| Untracked 
|  73|0x0000000087b00000, 0x0000000087b00000, 0x0000000087c00000|  0%| F|  |TAMS 0x0000000087b00000, 0x0000000087b00000| Untracked 
|  74|0x0000000087c00000, 0x0000000087c00000, 0x0000000087d00000|  0%| F|  |TAMS 0x0000000087c00000, 0x0000000087c00000| Untracked 
|  75|0x0000000087d00000, 0x0000000087d00000, 0x0000000087e00000|  0%| F|  |TAMS 0x0000000087d00000, 0x0000000087d00000| Untracked 
|  76|0x0000000087e00000, 0x0000000087e00000, 0x0000000087f00000|  0%| F|  |TAMS 0x0000000087e00000, 0x0000000087e00000| Untracked 
|  77|0x0000000087f00000, 0x0000000087f00000, 0x0000000088000000|  0%| F|  |TAMS 0x0000000087f00000, 0x0000000087f00000| Untracked 
|  78|0x0000000088000000, 0x0000000088000000, 0x0000000088100000|  0%| F|  |TAMS 0x0000000088000000, 0x0000000088000000| Untracked 
|  79|0x0000000088100000, 0x0000000088100000, 0x0000000088200000|  0%| F|  |TAMS 0x0000000088100000, 0x0000000088100000| Untracked 
|  80|0x0000000088200000, 0x0000000088200000, 0x0000000088300000|  0%| F|  |TAMS 0x0000000088200000, 0x0000000088200000| Untracked 
|  81|0x0000000088300000, 0x0000000088300000, 0x0000000088400000|  0%| F|  |TAMS 0x0000000088300000, 0x0000000088300000| Untracked 
|  82|0x0000000088400000, 0x0000000088400000, 0x0000000088500000|  0%| F|  |TAMS 0x0000000088400000, 0x0000000088400000| Untracked 
|  83|0x0000000088500000, 0x0000000088500000, 0x0000000088600000|  0%| F|  |TAMS 0x0000000088500000, 0x0000000088500000| Untracked 
|  84|0x0000000088600000, 0x0000000088600000, 0x0000000088700000|  0%| F|  |TAMS 0x0000000088600000, 0x0000000088600000| Untracked 
|  85|0x0000000088700000, 0x0000000088700000, 0x0000000088800000|  0%| F|  |TAMS 0x0000000088700000, 0x0000000088700000| Untracked 
|  86|0x0000000088800000, 0x0000000088800000, 0x0000000088900000|  0%| F|  |TAMS 0x0000000088800000, 0x0000000088800000| Untracked 
|  87|0x0000000088900000, 0x0000000088900000, 0x0000000088a00000|  0%| F|  |TAMS 0x0000000088900000, 0x0000000088900000| Untracked 
|  88|0x0000000088a00000, 0x0000000088a00000, 0x0000000088b00000|  0%| F|  |TAMS 0x0000000088a00000, 0x0000000088a00000| Untracked 
|  89|0x0000000088b00000, 0x0000000088b00000, 0x0000000088c00000|  0%| F|  |TAMS 0x0000000088b00000, 0x0000000088b00000| Untracked 
|  90|0x0000000088c00000, 0x0000000088c00000, 0x0000000088d00000|  0%| F|  |TAMS 0x0000000088c00000, 0x0000000088c00000| Untracked 
|  91|0x0000000088d00000, 0x0000000088d00000, 0x0000000088e00000|  0%| F|  |TAMS 0x0000000088d00000, 0x0000000088d00000| Untracked 
|  92|0x0000000088e00000, 0x0000000088e00000, 0x0000000088f00000|  0%| F|  |TAMS 0x0000000088e00000, 0x0000000088e00000| Untracked 
|  93|0x0000000088f00000, 0x0000000088f00000, 0x0000000089000000|  0%| F|  |TAMS 0x0000000088f00000, 0x0000000088f00000| Untracked 
|  94|0x0000000089000000, 0x0000000089000000, 0x0000000089100000|  0%| F|  |TAMS 0x0000000089000000, 0x0000000089000000| Untracked 
|  95|0x0000000089100000, 0x0000000089100000, 0x0000000089200000|  0%| F|  |TAMS 0x0000000089100000, 0x0000000089100000| Untracked 
|  96|0x0000000089200000, 0x0000000089200000, 0x0000000089300000|  0%| F|  |TAMS 0x0000000089200000, 0x0000000089200000| Untracked 
|  97|0x0000000089300000, 0x0000000089300000, 0x0000000089400000|  0%| F|  |TAMS 0x0000000089300000, 0x0000000089300000| Untracked 
|  98|0x0000000089400000, 0x0000000089400000, 0x0000000089500000|  0%| F|  |TAMS 0x0000000089400000, 0x0000000089400000| Untracked 
|  99|0x0000000089500000, 0x0000000089500000, 0x0000000089600000|  0%| F|  |TAMS 0x0000000089500000, 0x0000000089500000| Untracked 
| 100|0x0000000089600000, 0x0000000089600000, 0x0000000089700000|  0%| F|  |TAMS 0x0000000089600000, 0x0000000089600000| Untracked 
| 101|0x0000000089700000, 0x0000000089700000, 0x0000000089800000|  0%| F|  |TAMS 0x0000000089700000, 0x0000000089700000| Untracked 
| 102|0x0000000089800000, 0x0000000089800000, 0x0000000089900000|  0%| F|  |TAMS 0x0000000089800000, 0x0000000089800000| Untracked 
| 103|0x0000000089900000, 0x0000000089900000, 0x0000000089a00000|  0%| F|  |TAMS 0x0000000089900000, 0x0000000089900000| Untracked 
| 104|0x0000000089a00000, 0x0000000089a00000, 0x0000000089b00000|  0%| F|  |TAMS 0x0000000089a00000, 0x0000000089a00000| Untracked 
| 105|0x0000000089b00000, 0x0000000089b00000, 0x0000000089c00000|  0%| F|  |TAMS 0x0000000089b00000, 0x0000000089b00000| Untracked 
| 106|0x0000000089c00000, 0x0000000089c00000, 0x0000000089d00000|  0%| F|  |TAMS 0x0000000089c00000, 0x0000000089c00000| Untracked 
| 107|0x0000000089d00000, 0x0000000089d00000, 0x0000000089e00000|  0%| F|  |TAMS 0x0000000089d00000, 0x0000000089d00000| Untracked 
| 108|0x0000000089e00000, 0x0000000089e00000, 0x0000000089f00000|  0%| F|  |TAMS 0x0000000089e00000, 0x0000000089e00000| Untracked 
| 109|0x0000000089f00000, 0x0000000089f00000, 0x000000008a000000|  0%| F|  |TAMS 0x0000000089f00000, 0x0000000089f00000| Untracked 
| 110|0x000000008a000000, 0x000000008a000000, 0x000000008a100000|  0%| F|  |TAMS 0x000000008a000000, 0x000000008a000000| Untracked 
| 111|0x000000008a100000, 0x000000008a100000, 0x000000008a200000|  0%| F|  |TAMS 0x000000008a100000, 0x000000008a100000| Untracked 
| 112|0x000000008a200000, 0x000000008a200000, 0x000000008a300000|  0%| F|  |TAMS 0x000000008a200000, 0x000000008a200000| Untracked 
| 113|0x000000008a300000, 0x000000008a300000, 0x000000008a400000|  0%| F|  |TAMS 0x000000008a300000, 0x000000008a300000| Untracked 
| 114|0x000000008a400000, 0x000000008a400000, 0x000000008a500000|  0%| F|  |TAMS 0x000000008a400000, 0x000000008a400000| Untracked 
| 115|0x000000008a500000, 0x000000008a500000, 0x000000008a600000|  0%| F|  |TAMS 0x000000008a500000, 0x000000008a500000| Untracked 
| 116|0x000000008a600000, 0x000000008a600000, 0x000000008a700000|  0%| F|  |TAMS 0x000000008a600000, 0x000000008a600000| Untracked 
| 117|0x000000008a700000, 0x000000008a700000, 0x000000008a800000|  0%| F|  |TAMS 0x000000008a700000, 0x000000008a700000| Untracked 
| 118|0x000000008a800000, 0x000000008a800000, 0x000000008a900000|  0%| F|  |TAMS 0x000000008a800000, 0x000000008a800000| Untracked 
| 119|0x000000008a900000, 0x000000008a900000, 0x000000008aa00000|  0%| F|  |TAMS 0x000000008a900000, 0x000000008a900000| Untracked 
| 120|0x000000008aa00000, 0x000000008aa00000, 0x000000008ab00000|  0%| F|  |TAMS 0x000000008aa00000, 0x000000008aa00000| Untracked 
| 121|0x000000008ab00000, 0x000000008ab00000, 0x000000008ac00000|  0%| F|  |TAMS 0x000000008ab00000, 0x000000008ab00000| Untracked 
| 122|0x000000008ac00000, 0x000000008ac00000, 0x000000008ad00000|  0%| F|  |TAMS 0x000000008ac00000, 0x000000008ac00000| Untracked 
| 123|0x000000008ad00000, 0x000000008ad78eb0, 0x000000008ae00000| 47%| S|CS|TAMS 0x000000008ad00000, 0x000000008ad00000| Complete 
| 124|0x000000008ae00000, 0x000000008af00000, 0x000000008af00000|100%| S|CS|TAMS 0x000000008ae00000, 0x000000008ae00000| Complete 
| 125|0x000000008af00000, 0x000000008b000000, 0x000000008b000000|100%| S|CS|TAMS 0x000000008af00000, 0x000000008af00000| Complete 
| 126|0x000000008b000000, 0x000000008b100000, 0x000000008b100000|100%| S|CS|TAMS 0x000000008b000000, 0x000000008b000000| Complete 
| 127|0x000000008b100000, 0x000000008b200000, 0x000000008b200000|100%| S|CS|TAMS 0x000000008b100000, 0x000000008b100000| Complete 
| 128|0x000000008b200000, 0x000000008b300000, 0x000000008b300000|100%| S|CS|TAMS 0x000000008b200000, 0x000000008b200000| Complete 
| 129|0x000000008b300000, 0x000000008b400000, 0x000000008b400000|100%| S|CS|TAMS 0x000000008b300000, 0x000000008b300000| Complete 
| 130|0x000000008b400000, 0x000000008b500000, 0x000000008b500000|100%| S|CS|TAMS 0x000000008b400000, 0x000000008b400000| Complete 
| 131|0x000000008b500000, 0x000000008b600000, 0x000000008b600000|100%| S|CS|TAMS 0x000000008b500000, 0x000000008b500000| Complete 
| 132|0x000000008b600000, 0x000000008b700000, 0x000000008b700000|100%| S|CS|TAMS 0x000000008b600000, 0x000000008b600000| Complete 
| 133|0x000000008b700000, 0x000000008b700000, 0x000000008b800000|  0%| F|  |TAMS 0x000000008b700000, 0x000000008b700000| Untracked 
| 134|0x000000008b800000, 0x000000008b800000, 0x000000008b900000|  0%| F|  |TAMS 0x000000008b800000, 0x000000008b800000| Untracked 
| 135|0x000000008b900000, 0x000000008b900000, 0x000000008ba00000|  0%| F|  |TAMS 0x000000008b900000, 0x000000008b900000| Untracked 
| 136|0x000000008ba00000, 0x000000008ba00000, 0x000000008bb00000|  0%| F|  |TAMS 0x000000008ba00000, 0x000000008ba00000| Untracked 
| 137|0x000000008bb00000, 0x000000008bb00000, 0x000000008bc00000|  0%| F|  |TAMS 0x000000008bb00000, 0x000000008bb00000| Untracked 
| 138|0x000000008bc00000, 0x000000008bc00000, 0x000000008bd00000|  0%| F|  |TAMS 0x000000008bc00000, 0x000000008bc00000| Untracked 
| 139|0x000000008bd00000, 0x000000008bd00000, 0x000000008be00000|  0%| F|  |TAMS 0x000000008bd00000, 0x000000008bd00000| Untracked 
| 140|0x000000008be00000, 0x000000008be00000, 0x000000008bf00000|  0%| F|  |TAMS 0x000000008be00000, 0x000000008be00000| Untracked 
| 141|0x000000008bf00000, 0x000000008bf00000, 0x000000008c000000|  0%| F|  |TAMS 0x000000008bf00000, 0x000000008bf00000| Untracked 
| 142|0x000000008c000000, 0x000000008c000000, 0x000000008c100000|  0%| F|  |TAMS 0x000000008c000000, 0x000000008c000000| Untracked 
| 143|0x000000008c100000, 0x000000008c100000, 0x000000008c200000|  0%| F|  |TAMS 0x000000008c100000, 0x000000008c100000| Untracked 
| 144|0x000000008c200000, 0x000000008c200000, 0x000000008c300000|  0%| F|  |TAMS 0x000000008c200000, 0x000000008c200000| Untracked 
| 145|0x000000008c300000, 0x000000008c300000, 0x000000008c400000|  0%| F|  |TAMS 0x000000008c300000, 0x000000008c300000| Untracked 
| 146|0x000000008c400000, 0x000000008c400000, 0x000000008c500000|  0%| F|  |TAMS 0x000000008c400000, 0x000000008c400000| Untracked 
| 147|0x000000008c500000, 0x000000008c500000, 0x000000008c600000|  0%| F|  |TAMS 0x000000008c500000, 0x000000008c500000| Untracked 
| 148|0x000000008c600000, 0x000000008c600000, 0x000000008c700000|  0%| F|  |TAMS 0x000000008c600000, 0x000000008c600000| Untracked 
| 149|0x000000008c700000, 0x000000008c700000, 0x000000008c800000|  0%| F|  |TAMS 0x000000008c700000, 0x000000008c700000| Untracked 
| 150|0x000000008c800000, 0x000000008c800000, 0x000000008c900000|  0%| F|  |TAMS 0x000000008c800000, 0x000000008c800000| Untracked 
| 151|0x000000008c900000, 0x000000008c900000, 0x000000008ca00000|  0%| F|  |TAMS 0x000000008c900000, 0x000000008c900000| Untracked 
| 152|0x000000008ca00000, 0x000000008ca00000, 0x000000008cb00000|  0%| F|  |TAMS 0x000000008ca00000, 0x000000008ca00000| Untracked 
| 153|0x000000008cb00000, 0x000000008cb00000, 0x000000008cc00000|  0%| F|  |TAMS 0x000000008cb00000, 0x000000008cb00000| Untracked 
| 154|0x000000008cc00000, 0x000000008cc00000, 0x000000008cd00000|  0%| F|  |TAMS 0x000000008cc00000, 0x000000008cc00000| Untracked 
| 155|0x000000008cd00000, 0x000000008cd00000, 0x000000008ce00000|  0%| F|  |TAMS 0x000000008cd00000, 0x000000008cd00000| Untracked 
| 156|0x000000008ce00000, 0x000000008ce00000, 0x000000008cf00000|  0%| F|  |TAMS 0x000000008ce00000, 0x000000008ce00000| Untracked 
| 157|0x000000008cf00000, 0x000000008cf00000, 0x000000008d000000|  0%| F|  |TAMS 0x000000008cf00000, 0x000000008cf00000| Untracked 
| 158|0x000000008d000000, 0x000000008d000000, 0x000000008d100000|  0%| F|  |TAMS 0x000000008d000000, 0x000000008d000000| Untracked 
| 159|0x000000008d100000, 0x000000008d100000, 0x000000008d200000|  0%| F|  |TAMS 0x000000008d100000, 0x000000008d100000| Untracked 
| 160|0x000000008d200000, 0x000000008d200000, 0x000000008d300000|  0%| F|  |TAMS 0x000000008d200000, 0x000000008d200000| Untracked 
| 161|0x000000008d300000, 0x000000008d300000, 0x000000008d400000|  0%| F|  |TAMS 0x000000008d300000, 0x000000008d300000| Untracked 
| 162|0x000000008d400000, 0x000000008d400000, 0x000000008d500000|  0%| F|  |TAMS 0x000000008d400000, 0x000000008d400000| Untracked 
| 163|0x000000008d500000, 0x000000008d500000, 0x000000008d600000|  0%| F|  |TAMS 0x000000008d500000, 0x000000008d500000| Untracked 
| 164|0x000000008d600000, 0x000000008d600000, 0x000000008d700000|  0%| F|  |TAMS 0x000000008d600000, 0x000000008d600000| Untracked 
| 165|0x000000008d700000, 0x000000008d700000, 0x000000008d800000|  0%| F|  |TAMS 0x000000008d700000, 0x000000008d700000| Untracked 
| 166|0x000000008d800000, 0x000000008d800000, 0x000000008d900000|  0%| F|  |TAMS 0x000000008d800000, 0x000000008d800000| Untracked 
| 167|0x000000008d900000, 0x000000008d900000, 0x000000008da00000|  0%| F|  |TAMS 0x000000008d900000, 0x000000008d900000| Untracked 
| 168|0x000000008da00000, 0x000000008da00000, 0x000000008db00000|  0%| F|  |TAMS 0x000000008da00000, 0x000000008da00000| Untracked 
| 169|0x000000008db00000, 0x000000008db00000, 0x000000008dc00000|  0%| F|  |TAMS 0x000000008db00000, 0x000000008db00000| Untracked 
| 170|0x000000008dc00000, 0x000000008dc00000, 0x000000008dd00000|  0%| F|  |TAMS 0x000000008dc00000, 0x000000008dc00000| Untracked 
| 171|0x000000008dd00000, 0x000000008dd00000, 0x000000008de00000|  0%| F|  |TAMS 0x000000008dd00000, 0x000000008dd00000| Untracked 
| 172|0x000000008de00000, 0x000000008de00000, 0x000000008df00000|  0%| F|  |TAMS 0x000000008de00000, 0x000000008de00000| Untracked 
| 173|0x000000008df00000, 0x000000008df00000, 0x000000008e000000|  0%| F|  |TAMS 0x000000008df00000, 0x000000008df00000| Untracked 
| 174|0x000000008e000000, 0x000000008e000000, 0x000000008e100000|  0%| F|  |TAMS 0x000000008e000000, 0x000000008e000000| Untracked 
| 175|0x000000008e100000, 0x000000008e100000, 0x000000008e200000|  0%| F|  |TAMS 0x000000008e100000, 0x000000008e100000| Untracked 
| 176|0x000000008e200000, 0x000000008e200000, 0x000000008e300000|  0%| F|  |TAMS 0x000000008e200000, 0x000000008e200000| Untracked 
| 177|0x000000008e300000, 0x000000008e300000, 0x000000008e400000|  0%| F|  |TAMS 0x000000008e300000, 0x000000008e300000| Untracked 
| 178|0x000000008e400000, 0x000000008e400000, 0x000000008e500000|  0%| F|  |TAMS 0x000000008e400000, 0x000000008e400000| Untracked 
| 179|0x000000008e500000, 0x000000008e500000, 0x000000008e600000|  0%| F|  |TAMS 0x000000008e500000, 0x000000008e500000| Untracked 
| 180|0x000000008e600000, 0x000000008e600000, 0x000000008e700000|  0%| F|  |TAMS 0x000000008e600000, 0x000000008e600000| Untracked 
| 181|0x000000008e700000, 0x000000008e700000, 0x000000008e800000|  0%| F|  |TAMS 0x000000008e700000, 0x000000008e700000| Untracked 
| 182|0x000000008e800000, 0x000000008e800000, 0x000000008e900000|  0%| F|  |TAMS 0x000000008e800000, 0x000000008e800000| Untracked 
| 183|0x000000008e900000, 0x000000008e900000, 0x000000008ea00000|  0%| F|  |TAMS 0x000000008e900000, 0x000000008e900000| Untracked 
| 184|0x000000008ea00000, 0x000000008ea00000, 0x000000008eb00000|  0%| F|  |TAMS 0x000000008ea00000, 0x000000008ea00000| Untracked 
| 185|0x000000008eb00000, 0x000000008eb00000, 0x000000008ec00000|  0%| F|  |TAMS 0x000000008eb00000, 0x000000008eb00000| Untracked 
| 186|0x000000008ec00000, 0x000000008ec00000, 0x000000008ed00000|  0%| F|  |TAMS 0x000000008ec00000, 0x000000008ec00000| Untracked 
| 187|0x000000008ed00000, 0x000000008ed00000, 0x000000008ee00000|  0%| F|  |TAMS 0x000000008ed00000, 0x000000008ed00000| Untracked 
| 188|0x000000008ee00000, 0x000000008ee00000, 0x000000008ef00000|  0%| F|  |TAMS 0x000000008ee00000, 0x000000008ee00000| Untracked 
| 189|0x000000008ef00000, 0x000000008ef00000, 0x000000008f000000|  0%| F|  |TAMS 0x000000008ef00000, 0x000000008ef00000| Untracked 
| 190|0x000000008f000000, 0x000000008f000000, 0x000000008f100000|  0%| F|  |TAMS 0x000000008f000000, 0x000000008f000000| Untracked 
| 191|0x000000008f100000, 0x000000008f100000, 0x000000008f200000|  0%| F|  |TAMS 0x000000008f100000, 0x000000008f100000| Untracked 
| 192|0x000000008f200000, 0x000000008f200000, 0x000000008f300000|  0%| F|  |TAMS 0x000000008f200000, 0x000000008f200000| Untracked 
| 193|0x000000008f300000, 0x000000008f300000, 0x000000008f400000|  0%| F|  |TAMS 0x000000008f300000, 0x000000008f300000| Untracked 
| 194|0x000000008f400000, 0x000000008f400000, 0x000000008f500000|  0%| F|  |TAMS 0x000000008f400000, 0x000000008f400000| Untracked 
| 195|0x000000008f500000, 0x000000008f500000, 0x000000008f600000|  0%| F|  |TAMS 0x000000008f500000, 0x000000008f500000| Untracked 
| 196|0x000000008f600000, 0x000000008f600000, 0x000000008f700000|  0%| F|  |TAMS 0x000000008f600000, 0x000000008f600000| Untracked 
| 197|0x000000008f700000, 0x000000008f700000, 0x000000008f800000|  0%| F|  |TAMS 0x000000008f700000, 0x000000008f700000| Untracked 
| 198|0x000000008f800000, 0x000000008f800000, 0x000000008f900000|  0%| F|  |TAMS 0x000000008f800000, 0x000000008f800000| Untracked 
| 199|0x000000008f900000, 0x000000008f900000, 0x000000008fa00000|  0%| F|  |TAMS 0x000000008f900000, 0x000000008f900000| Untracked 
| 200|0x000000008fa00000, 0x000000008fa00000, 0x000000008fb00000|  0%| F|  |TAMS 0x000000008fa00000, 0x000000008fa00000| Untracked 
| 201|0x000000008fb00000, 0x000000008fb00000, 0x000000008fc00000|  0%| F|  |TAMS 0x000000008fb00000, 0x000000008fb00000| Untracked 
| 202|0x000000008fc00000, 0x000000008fc00000, 0x000000008fd00000|  0%| F|  |TAMS 0x000000008fc00000, 0x000000008fc00000| Untracked 
| 203|0x000000008fd00000, 0x000000008fd00000, 0x000000008fe00000|  0%| F|  |TAMS 0x000000008fd00000, 0x000000008fd00000| Untracked 
| 204|0x000000008fe00000, 0x000000008fe00000, 0x000000008ff00000|  0%| F|  |TAMS 0x000000008fe00000, 0x000000008fe00000| Untracked 
| 205|0x000000008ff00000, 0x000000008ff00000, 0x0000000090000000|  0%| F|  |TAMS 0x000000008ff00000, 0x000000008ff00000| Untracked 
| 206|0x0000000090000000, 0x0000000090000000, 0x0000000090100000|  0%| F|  |TAMS 0x0000000090000000, 0x0000000090000000| Untracked 
| 207|0x0000000090100000, 0x0000000090100000, 0x0000000090200000|  0%| F|  |TAMS 0x0000000090100000, 0x0000000090100000| Untracked 
| 208|0x0000000090200000, 0x0000000090200000, 0x0000000090300000|  0%| F|  |TAMS 0x0000000090200000, 0x0000000090200000| Untracked 
| 209|0x0000000090300000, 0x0000000090300000, 0x0000000090400000|  0%| F|  |TAMS 0x0000000090300000, 0x0000000090300000| Untracked 
| 210|0x0000000090400000, 0x0000000090400000, 0x0000000090500000|  0%| F|  |TAMS 0x0000000090400000, 0x0000000090400000| Untracked 
| 211|0x0000000090500000, 0x0000000090500000, 0x0000000090600000|  0%| F|  |TAMS 0x0000000090500000, 0x0000000090500000| Untracked 
| 212|0x0000000090600000, 0x0000000090600000, 0x0000000090700000|  0%| F|  |TAMS 0x0000000090600000, 0x0000000090600000| Untracked 
| 213|0x0000000090700000, 0x0000000090700000, 0x0000000090800000|  0%| F|  |TAMS 0x0000000090700000, 0x0000000090700000| Untracked 
| 214|0x0000000090800000, 0x0000000090800000, 0x0000000090900000|  0%| F|  |TAMS 0x0000000090800000, 0x0000000090800000| Untracked 
| 215|0x0000000090900000, 0x0000000090900000, 0x0000000090a00000|  0%| F|  |TAMS 0x0000000090900000, 0x0000000090900000| Untracked 
| 216|0x0000000090a00000, 0x0000000090a00000, 0x0000000090b00000|  0%| F|  |TAMS 0x0000000090a00000, 0x0000000090a00000| Untracked 
| 217|0x0000000090b00000, 0x0000000090b00000, 0x0000000090c00000|  0%| F|  |TAMS 0x0000000090b00000, 0x0000000090b00000| Untracked 
| 218|0x0000000090c00000, 0x0000000090c00000, 0x0000000090d00000|  0%| F|  |TAMS 0x0000000090c00000, 0x0000000090c00000| Untracked 
| 219|0x0000000090d00000, 0x0000000090d00000, 0x0000000090e00000|  0%| F|  |TAMS 0x0000000090d00000, 0x0000000090d00000| Untracked 
| 220|0x0000000090e00000, 0x0000000090e00000, 0x0000000090f00000|  0%| F|  |TAMS 0x0000000090e00000, 0x0000000090e00000| Untracked 
| 221|0x0000000090f00000, 0x0000000090f00000, 0x0000000091000000|  0%| F|  |TAMS 0x0000000090f00000, 0x0000000090f00000| Untracked 
| 222|0x0000000091000000, 0x0000000091000000, 0x0000000091100000|  0%| F|  |TAMS 0x0000000091000000, 0x0000000091000000| Untracked 
| 223|0x0000000091100000, 0x0000000091100000, 0x0000000091200000|  0%| F|  |TAMS 0x0000000091100000, 0x0000000091100000| Untracked 
| 224|0x0000000091200000, 0x0000000091200000, 0x0000000091300000|  0%| F|  |TAMS 0x0000000091200000, 0x0000000091200000| Untracked 
| 225|0x0000000091300000, 0x0000000091300000, 0x0000000091400000|  0%| F|  |TAMS 0x0000000091300000, 0x0000000091300000| Untracked 
| 226|0x0000000091400000, 0x0000000091400000, 0x0000000091500000|  0%| F|  |TAMS 0x0000000091400000, 0x0000000091400000| Untracked 
| 227|0x0000000091500000, 0x0000000091500000, 0x0000000091600000|  0%| F|  |TAMS 0x0000000091500000, 0x0000000091500000| Untracked 
| 228|0x0000000091600000, 0x0000000091600000, 0x0000000091700000|  0%| F|  |TAMS 0x0000000091600000, 0x0000000091600000| Untracked 
| 229|0x0000000091700000, 0x0000000091700000, 0x0000000091800000|  0%| F|  |TAMS 0x0000000091700000, 0x0000000091700000| Untracked 
| 230|0x0000000091800000, 0x0000000091800000, 0x0000000091900000|  0%| F|  |TAMS 0x0000000091800000, 0x0000000091800000| Untracked 
| 231|0x0000000091900000, 0x0000000091900000, 0x0000000091a00000|  0%| F|  |TAMS 0x0000000091900000, 0x0000000091900000| Untracked 
| 232|0x0000000091a00000, 0x0000000091a00000, 0x0000000091b00000|  0%| F|  |TAMS 0x0000000091a00000, 0x0000000091a00000| Untracked 
| 233|0x0000000091b00000, 0x0000000091b00000, 0x0000000091c00000|  0%| F|  |TAMS 0x0000000091b00000, 0x0000000091b00000| Untracked 
| 234|0x0000000091c00000, 0x0000000091c00000, 0x0000000091d00000|  0%| F|  |TAMS 0x0000000091c00000, 0x0000000091c00000| Untracked 
| 235|0x0000000091d00000, 0x0000000091d00000, 0x0000000091e00000|  0%| F|  |TAMS 0x0000000091d00000, 0x0000000091d00000| Untracked 
| 236|0x0000000091e00000, 0x0000000091e00000, 0x0000000091f00000|  0%| F|  |TAMS 0x0000000091e00000, 0x0000000091e00000| Untracked 
| 237|0x0000000091f00000, 0x0000000091f00000, 0x0000000092000000|  0%| F|  |TAMS 0x0000000091f00000, 0x0000000091f00000| Untracked 
| 238|0x0000000092000000, 0x0000000092000000, 0x0000000092100000|  0%| F|  |TAMS 0x0000000092000000, 0x0000000092000000| Untracked 
| 239|0x0000000092100000, 0x0000000092100000, 0x0000000092200000|  0%| F|  |TAMS 0x0000000092100000, 0x0000000092100000| Untracked 
| 240|0x0000000092200000, 0x0000000092200000, 0x0000000092300000|  0%| F|  |TAMS 0x0000000092200000, 0x0000000092200000| Untracked 
| 241|0x0000000092300000, 0x0000000092300000, 0x0000000092400000|  0%| F|  |TAMS 0x0000000092300000, 0x0000000092300000| Untracked 
| 242|0x0000000092400000, 0x0000000092400000, 0x0000000092500000|  0%| F|  |TAMS 0x0000000092400000, 0x0000000092400000| Untracked 
| 243|0x0000000092500000, 0x0000000092500000, 0x0000000092600000|  0%| F|  |TAMS 0x0000000092500000, 0x0000000092500000| Untracked 
| 244|0x0000000092600000, 0x0000000092600000, 0x0000000092700000|  0%| F|  |TAMS 0x0000000092600000, 0x0000000092600000| Untracked 
| 245|0x0000000092700000, 0x0000000092700000, 0x0000000092800000|  0%| F|  |TAMS 0x0000000092700000, 0x0000000092700000| Untracked 
| 246|0x0000000092800000, 0x0000000092800000, 0x0000000092900000|  0%| F|  |TAMS 0x0000000092800000, 0x0000000092800000| Untracked 
| 247|0x0000000092900000, 0x0000000092900000, 0x0000000092a00000|  0%| F|  |TAMS 0x0000000092900000, 0x0000000092900000| Untracked 
| 248|0x0000000092a00000, 0x0000000092a00000, 0x0000000092b00000|  0%| F|  |TAMS 0x0000000092a00000, 0x0000000092a00000| Untracked 
| 249|0x0000000092b00000, 0x0000000092b00000, 0x0000000092c00000|  0%| F|  |TAMS 0x0000000092b00000, 0x0000000092b00000| Untracked 

Card table byte_map: [0x000001e6d8800000,0x000001e6d8bf0000] _byte_map_base: 0x000001e6d83e7000

Marking Bits (Prev, Next): (CMBitMap*) 0x000001e6d26de7d0, (CMBitMap*) 0x000001e6d26de790
 Prev Bits: [0x000001e6daf20000, 0x000001e6dce58000)
 Next Bits: [0x000001e6d8fe0000, 0x000001e6daf18000)

Polling page: 0x000001e6d0670000

Metaspace:

Usage:
  Non-class:     31.11 MB used.
      Class:      4.65 MB used.
       Both:     35.76 MB used.

Virtual space:
  Non-class space:       32.00 MB reserved,      31.25 MB ( 98%) committed,  4 nodes.
      Class space:        1.00 GB reserved,       4.81 MB ( <1%) committed,  1 nodes.
             Both:        1.03 GB reserved,      36.06 MB (  3%) committed. 

Chunk freelists:
   Non-Class:  320.00 KB
       Class:  3.03 MB
        Both:  3.34 MB

MaxMetaspaceSize: unlimited
CompressedClassSpaceSize: 1.00 GB
Initial GC threshold: 21.00 MB
Current GC threshold: 59.19 MB
CDS: off
MetaspaceReclaimPolicy: balanced
 - commit_granule_bytes: 65536.
 - commit_granule_words: 8192.
 - virtual_space_node_default_size: 1048576.
 - enlarge_chunks_in_place: 1.
 - new_chunks_are_fully_committed: 0.
 - uncommit_free_chunks: 1.
 - use_allocation_guard: 0.
 - handle_deallocations: 1.


Internal statistics:

num_allocs_failed_limit: 3.
num_arena_births: 342.
num_arena_deaths: 0.
num_vsnodes_births: 5.
num_vsnodes_deaths: 0.
num_space_committed: 577.
num_space_uncommitted: 0.
num_chunks_returned_to_freelist: 3.
num_chunks_taken_from_freelist: 1394.
num_chunk_merges: 3.
num_chunk_splits: 956.
num_chunks_enlarged: 743.
num_purges: 0.
num_inconsistent_stats: 0.

CodeCache: size=49152Kb used=9135Kb max_used=9135Kb free=40016Kb
 bounds [0x000001e6d5300000, 0x000001e6d5bf0000, 0x000001e6d8300000]
 total_blobs=4269 nmethods=3743 adapters=450
 compilation: enabled
              stopped_count=0, restarted_count=0
 full_count=0

Compilation events (20 events):
Event: 3.807 Thread 0x000001e6e0e92290 nmethod 3734 0x000001e6d5be4b10 code [0x000001e6d5be4ca0, 0x000001e6d5be4d58]
Event: 3.808 Thread 0x000001e6e0627fb0 nmethod 3733 0x000001e6d5be4e10 code [0x000001e6d5be51c0, 0x000001e6d5be61b8]
Event: 3.808 Thread 0x000001e6e0636550 3735       1       sun.security.util.SignatureFileVerifier::updateSigners (132 bytes)
Event: 3.809 Thread 0x000001e6e0636550 nmethod 3735 0x000001e6d5be6910 code [0x000001e6d5be6b40, 0x000001e6d5be70b8]
Event: 3.810 Thread 0x000001e6e0e92290 3736       1       sun.security.jca.ProviderConfig::equals (55 bytes)
Event: 3.811 Thread 0x000001e6e0e92290 nmethod 3736 0x000001e6d5be7410 code [0x000001e6d5be75c0, 0x000001e6d5be77f8]
Event: 3.811 Thread 0x000001e6df976e40 3737       1       java.util.ArrayList::<init> (61 bytes)
Event: 3.811 Thread 0x000001e6e0e92290 3738   !   1       sun.security.x509.AVA::toRFC2253CanonicalString (390 bytes)
Event: 3.811 Thread 0x000001e6df976e40 nmethod 3737 0x000001e6d5be7910 code [0x000001e6d5be7b00, 0x000001e6d5be8058]
Event: 3.812 Thread 0x000001e6e0636550 3739       1       java.util.concurrent.locks.ReentrantLock$NonfairSync::tryAcquire (27 bytes)
Event: 3.812 Thread 0x000001e6e0636550 nmethod 3739 0x000001e6d5be8210 code [0x000001e6d5be83a0, 0x000001e6d5be8518]
Event: 3.812 Thread 0x000001e6e0636550 3740       1       sun.security.util.ObjectIdentifier::toString (287 bytes)
Event: 3.812 Thread 0x000001e6e0627fb0 3741       1       sun.security.rsa.RSAPublicKeyImpl::getModulus (5 bytes)
Event: 3.813 Thread 0x000001e6e0627fb0 nmethod 3741 0x000001e6d5be8590 code [0x000001e6d5be8720, 0x000001e6d5be87f8]
Event: 3.813 Thread 0x000001e6e0636550 nmethod 3740 0x000001e6d5be8890 code [0x000001e6d5be8b40, 0x000001e6d5be9388]
Event: 3.813 Thread 0x000001e6e0e92290 nmethod 3738 0x000001e6d5be9990 code [0x000001e6d5be9d60, 0x000001e6d5beac28]
Event: 3.815 Thread 0x000001e6e0627fb0 3742       1       java.util.regex.Pattern$NotBehind::match (137 bytes)
Event: 3.815 Thread 0x000001e6e0627fb0 nmethod 3742 0x000001e6d5beb710 code [0x000001e6d5beb8c0, 0x000001e6d5bebaf8]
Event: 3.816 Thread 0x000001e6df976e40 3743       1       sun.security.util.JarConstraintsParameters::getKeys (5 bytes)
Event: 3.816 Thread 0x000001e6df976e40 nmethod 3743 0x000001e6d5bebc10 code [0x000001e6d5bebda0, 0x000001e6d5bebe78]

GC Heap History (20 events):
Event: 3.219 GC heap after
{Heap after GC invocations=12 (full 0):
 garbage-first heap   total 114688K, used 34272K [0x0000000083200000, 0x0000000100000000)
  region size 1024K, 3 young (3072K), 3 survivors (3072K)
 Metaspace       used 33965K, committed 34240K, reserved 1081344K
  class space    used 4331K, committed 4480K, reserved 1048576K
}
Event: 3.360 GC heap before
{Heap before GC invocations=13 (full 0):
 garbage-first heap   total 114688K, used 82400K [0x0000000083200000, 0x0000000100000000)
  region size 1024K, 50 young (51200K), 3 survivors (3072K)
 Metaspace       used 34615K, committed 34944K, reserved 1081344K
  class space    used 4431K, committed 4608K, reserved 1048576K
}
Event: 3.368 GC heap after
{Heap after GC invocations=14 (full 0):
 garbage-first heap   total 114688K, used 45983K [0x0000000083200000, 0x0000000100000000)
  region size 1024K, 7 young (7168K), 7 survivors (7168K)
 Metaspace       used 34615K, committed 34944K, reserved 1081344K
  class space    used 4431K, committed 4608K, reserved 1048576K
}
Event: 3.535 GC heap before
{Heap before GC invocations=14 (full 0):
 garbage-first heap   total 114688K, used 79775K [0x0000000083200000, 0x0000000100000000)
  region size 1024K, 39 young (39936K), 7 survivors (7168K)
 Metaspace       used 35710K, committed 36032K, reserved 1081344K
  class space    used 4639K, committed 4800K, reserved 1048576K
}
Event: 3.550 GC heap after
{Heap after GC invocations=15 (full 0):
 garbage-first heap   total 114688K, used 61454K [0x0000000083200000, 0x0000000100000000)
  region size 1024K, 5 young (5120K), 5 survivors (5120K)
 Metaspace       used 35710K, committed 36032K, reserved 1081344K
  class space    used 4639K, committed 4800K, reserved 1048576K
}
Event: 3.585 GC heap before
{Heap before GC invocations=15 (full 0):
 garbage-first heap   total 114688K, used 81934K [0x0000000083200000, 0x0000000100000000)
  region size 1024K, 26 young (26624K), 5 survivors (5120K)
 Metaspace       used 35869K, committed 36160K, reserved 1081344K
  class space    used 4665K, committed 4800K, reserved 1048576K
}
Event: 3.592 GC heap after
{Heap after GC invocations=16 (full 0):
 garbage-first heap   total 114688K, used 65550K [0x0000000083200000, 0x0000000100000000)
  region size 1024K, 3 young (3072K), 3 survivors (3072K)
 Metaspace       used 35869K, committed 36160K, reserved 1081344K
  class space    used 4665K, committed 4800K, reserved 1048576K
}
Event: 3.606 GC heap before
{Heap before GC invocations=16 (full 0):
 garbage-first heap   total 114688K, used 83982K [0x0000000083200000, 0x0000000100000000)
  region size 1024K, 22 young (22528K), 3 survivors (3072K)
 Metaspace       used 35896K, committed 36224K, reserved 1081344K
  class space    used 4669K, committed 4800K, reserved 1048576K
}
Event: 3.612 GC heap after
{Heap after GC invocations=17 (full 0):
 garbage-first heap   total 114688K, used 66849K [0x0000000083200000, 0x0000000100000000)
  region size 1024K, 2 young (2048K), 2 survivors (2048K)
 Metaspace       used 35896K, committed 36224K, reserved 1081344K
  class space    used 4669K, committed 4800K, reserved 1048576K
}
Event: 3.621 GC heap before
{Heap before GC invocations=17 (full 0):
 garbage-first heap   total 114688K, used 86305K [0x0000000083200000, 0x0000000100000000)
  region size 1024K, 22 young (22528K), 2 survivors (2048K)
 Metaspace       used 35907K, committed 36224K, reserved 1081344K
  class space    used 4675K, committed 4800K, reserved 1048576K
}
Event: 3.623 GC heap after
{Heap after GC invocations=18 (full 0):
 garbage-first heap   total 256000K, used 67477K [0x0000000083200000, 0x0000000100000000)
  region size 1024K, 2 young (2048K), 2 survivors (2048K)
 Metaspace       used 35907K, committed 36224K, reserved 1081344K
  class space    used 4675K, committed 4800K, reserved 1048576K
}
Event: 3.668 GC heap before
{Heap before GC invocations=18 (full 0):
 garbage-first heap   total 256000K, used 140181K [0x0000000083200000, 0x0000000100000000)
  region size 1024K, 75 young (76800K), 2 survivors (2048K)
 Metaspace       used 35998K, committed 36352K, reserved 1081344K
  class space    used 4684K, committed 4864K, reserved 1048576K
}
Event: 3.671 GC heap after
{Heap after GC invocations=19 (full 0):
 garbage-first heap   total 256000K, used 69513K [0x0000000083200000, 0x0000000100000000)
  region size 1024K, 5 young (5120K), 5 survivors (5120K)
 Metaspace       used 35998K, committed 36352K, reserved 1081344K
  class space    used 4684K, committed 4864K, reserved 1048576K
}
Event: 3.710 GC heap before
{Heap before GC invocations=20 (full 0):
 garbage-first heap   total 256000K, used 174985K [0x0000000083200000, 0x0000000100000000)
  region size 1024K, 109 young (111616K), 5 survivors (5120K)
 Metaspace       used 36170K, committed 36480K, reserved 1081344K
  class space    used 4712K, committed 4864K, reserved 1048576K
}
Event: 3.716 GC heap after
{Heap after GC invocations=21 (full 0):
 garbage-first heap   total 256000K, used 73527K [0x0000000083200000, 0x0000000100000000)
  region size 1024K, 9 young (9216K), 9 survivors (9216K)
 Metaspace       used 36170K, committed 36480K, reserved 1081344K
  class space    used 4712K, committed 4864K, reserved 1048576K
}
Event: 3.718 GC heap before
{Heap before GC invocations=21 (full 0):
 garbage-first heap   total 256000K, used 75575K [0x0000000083200000, 0x0000000100000000)
  region size 1024K, 12 young (12288K), 9 survivors (9216K)
 Metaspace       used 36172K, committed 36480K, reserved 1081344K
  class space    used 4713K, committed 4864K, reserved 1048576K
}
Event: 3.722 GC heap after
{Heap after GC invocations=22 (full 0):
 garbage-first heap   total 256000K, used 74556K [0x0000000083200000, 0x0000000100000000)
  region size 1024K, 2 young (2048K), 2 survivors (2048K)
 Metaspace       used 36172K, committed 36480K, reserved 1081344K
  class space    used 4713K, committed 4864K, reserved 1048576K
}
Event: 3.762 GC heap before
{Heap before GC invocations=22 (full 0):
 garbage-first heap   total 256000K, used 186172K [0x0000000083200000, 0x0000000100000000)
  region size 1024K, 112 young (114688K), 2 survivors (2048K)
 Metaspace       used 36338K, committed 36608K, reserved 1081344K
  class space    used 4741K, committed 4864K, reserved 1048576K
}
Event: 3.766 GC heap after
{Heap after GC invocations=23 (full 0):
 garbage-first heap   total 256000K, used 77980K [0x0000000083200000, 0x0000000100000000)
  region size 1024K, 5 young (5120K), 5 survivors (5120K)
 Metaspace       used 36338K, committed 36608K, reserved 1081344K
  class space    used 4741K, committed 4864K, reserved 1048576K
}
Event: 3.817 GC heap before
{Heap before GC invocations=23 (full 0):
 garbage-first heap   total 256000K, used 191644K [0x0000000083200000, 0x0000000100000000)
  region size 1024K, 117 young (119808K), 5 survivors (5120K)
 Metaspace       used 36620K, committed 36928K, reserved 1081344K
  class space    used 4762K, committed 4928K, reserved 1048576K
}

Deoptimization events (20 events):
Event: 3.696 Thread 0x000001e6e2222470 DEOPT PACKING pc=0x000001e6d5bce564 sp=0x000000bf59cfe780
Event: 3.696 Thread 0x000001e6e2222470 DEOPT UNPACKING pc=0x000001e6d5356763 sp=0x000000bf59cfdd08 mode 0
Event: 3.696 Thread 0x000001e6e22008c0 DEOPT PACKING pc=0x000001e6d5bce564 sp=0x000000bf593fee60
Event: 3.696 Thread 0x000001e6e22008c0 DEOPT UNPACKING pc=0x000001e6d5356763 sp=0x000000bf593fe3e8 mode 0
Event: 3.696 Thread 0x000001e6e221a580 DEOPT PACKING pc=0x000001e6d5bce564 sp=0x000000bf596feb90
Event: 3.696 Thread 0x000001e6e221a580 DEOPT UNPACKING pc=0x000001e6d5356763 sp=0x000000bf596fe118 mode 0
Event: 3.696 Thread 0x000001e6e2215f50 DEOPT PACKING pc=0x000001e6d5bce564 sp=0x000000bf595fecc0
Event: 3.696 Thread 0x000001e6e2215f50 DEOPT UNPACKING pc=0x000001e6d5356763 sp=0x000000bf595fe248 mode 0
Event: 3.696 Thread 0x000001e6e2221130 DEOPT PACKING pc=0x000001e6d5bce564 sp=0x000000bf59bfebf0
Event: 3.696 Thread 0x000001e6e2221130 DEOPT UNPACKING pc=0x000001e6d5356763 sp=0x000000bf59bfe178 mode 0
Event: 3.696 Thread 0x000001e6e2221600 DEOPT PACKING pc=0x000001e6d5bce564 sp=0x000000bf59afe980
Event: 3.696 Thread 0x000001e6e2221600 DEOPT UNPACKING pc=0x000001e6d5356763 sp=0x000000bf59afdf08 mode 0
Event: 3.697 Thread 0x000001e6e21da020 DEOPT PACKING pc=0x000001e6d5bce564 sp=0x000000bf591fe740
Event: 3.697 Thread 0x000001e6e21da020 DEOPT UNPACKING pc=0x000001e6d5356763 sp=0x000000bf591fdcc8 mode 0
Event: 3.697 Thread 0x000001e6e22003f0 DEOPT PACKING pc=0x000001e6d5bce564 sp=0x000000bf592fe9d0
Event: 3.697 Thread 0x000001e6e22003f0 DEOPT UNPACKING pc=0x000001e6d5356763 sp=0x000000bf592fdf58 mode 0
Event: 3.697 Thread 0x000001e6e221f450 DEOPT PACKING pc=0x000001e6d5bce564 sp=0x000000bf597fec40
Event: 3.697 Thread 0x000001e6e221f450 DEOPT UNPACKING pc=0x000001e6d5356763 sp=0x000000bf597fe1c8 mode 0
Event: 3.697 Thread 0x000001e6e2220790 DEOPT PACKING pc=0x000001e6d5bce564 sp=0x000000bf59efed00
Event: 3.697 Thread 0x000001e6e2220790 DEOPT UNPACKING pc=0x000001e6d5356763 sp=0x000000bf59efe288 mode 0

Classes unloaded (0 events):
No events

Classes redefined (0 events):
No events

Internal exceptions (20 events):
Event: 2.989 Thread 0x000001e6e22003f0 Exception <a 'sun/nio/fs/WindowsException'{0x0000000089ba12d8}> (0x0000000089ba12d8) 
thrown [s\src\hotspot\share\prims\jni.cpp, line 516]
Event: 2.989 Thread 0x000001e6e22003f0 Exception <a 'sun/nio/fs/WindowsException'{0x0000000089ba1698}> (0x0000000089ba1698) 
thrown [s\src\hotspot\share\prims\jni.cpp, line 516]
Event: 2.989 Thread 0x000001e6e22003f0 Exception <a 'sun/nio/fs/WindowsException'{0x0000000089ba2098}> (0x0000000089ba2098) 
thrown [s\src\hotspot\share\prims\jni.cpp, line 516]
Event: 2.989 Thread 0x000001e6e22003f0 Exception <a 'sun/nio/fs/WindowsException'{0x0000000089ba2448}> (0x0000000089ba2448) 
thrown [s\src\hotspot\share\prims\jni.cpp, line 516]
Event: 2.989 Thread 0x000001e6e22003f0 Exception <a 'sun/nio/fs/WindowsException'{0x0000000089acbde0}> (0x0000000089acbde0) 
thrown [s\src\hotspot\share\prims\jni.cpp, line 516]
Event: 2.989 Thread 0x000001e6e22003f0 Exception <a 'sun/nio/fs/WindowsException'{0x0000000089acc1a0}> (0x0000000089acc1a0) 
thrown [s\src\hotspot\share\prims\jni.cpp, line 516]
Event: 2.989 Thread 0x000001e6e22003f0 Exception <a 'sun/nio/fs/WindowsException'{0x0000000089accbc8}> (0x0000000089accbc8) 
thrown [s\src\hotspot\share\prims\jni.cpp, line 516]
Event: 2.990 Thread 0x000001e6e22003f0 Exception <a 'sun/nio/fs/WindowsException'{0x0000000089accfa8}> (0x0000000089accfa8) 
thrown [s\src\hotspot\share\prims\jni.cpp, line 516]
Event: 2.990 Thread 0x000001e6e22003f0 Exception <a 'sun/nio/fs/WindowsException'{0x0000000089acd9e0}> (0x0000000089acd9e0) 
thrown [s\src\hotspot\share\prims\jni.cpp, line 516]
Event: 2.990 Thread 0x000001e6e22003f0 Exception <a 'sun/nio/fs/WindowsException'{0x0000000089acddd0}> (0x0000000089acddd0) 
thrown [s\src\hotspot\share\prims\jni.cpp, line 516]
Event: 2.990 Thread 0x000001e6e22003f0 Exception <a 'sun/nio/fs/WindowsException'{0x0000000089ace7f8}> (0x0000000089ace7f8) 
thrown [s\src\hotspot\share\prims\jni.cpp, line 516]
Event: 2.990 Thread 0x000001e6e22003f0 Exception <a 'sun/nio/fs/WindowsException'{0x0000000089acebe8}> (0x0000000089acebe8) 
thrown [s\src\hotspot\share\prims\jni.cpp, line 516]
Event: 3.076 Thread 0x000001e6d2682520 Exception <a 'java/lang/NoSuchMethodError'{0x00000000865ea0b8}: 'java.lang.Object java.lang.invoke.DirectMethodHandle$Holder.newInvokeSpecial(java.lang.Object, java.lang.Object, int, java.lang.Object, java.lang.Object)'> (0x00000000865ea0b8) 
thrown [s\src\hotspot\share\interpreter\linkResolver.cpp, line 759]
Event: 3.077 Thread 0x000001e6d2682520 Exception <a 'java/lang/NoSuchMethodError'{0x00000000865fc088}: 'java.lang.Object java.lang.invoke.DirectMethodHandle$Holder.invokeSpecial(java.lang.Object, java.lang.Object, int, java.lang.Object, int, java.lang.Object)'> (0x00000000865fc088) 
thrown [s\src\hotspot\share\interpreter\linkResolver.cpp, line 759]
Event: 3.078 Thread 0x000001e6d2682520 Exception <a 'java/lang/NoSuchMethodError'{0x0000000086071900}: 'java.lang.Object java.lang.invoke.DirectMethodHandle$Holder.newInvokeSpecial(java.lang.Object, java.lang.Object, int, java.lang.Object, int)'> (0x0000000086071900) 
thrown [s\src\hotspot\share\interpreter\linkResolver.cpp, line 759]
Event: 3.078 Thread 0x000001e6d2682520 Exception <a 'java/lang/NoSuchMethodError'{0x0000000086075a00}: 'java.lang.Object java.lang.invoke.DirectMethodHandle$Holder.invokeSpecial(java.lang.Object, java.lang.Object, java.lang.Object, int, java.lang.Object, int)'> (0x0000000086075a00) 
thrown [s\src\hotspot\share\interpreter\linkResolver.cpp, line 759]
Event: 3.401 Thread 0x000001e6e221f920 Exception <a 'java/lang/NoSuchMethodError'{0x0000000089f6e038}: 'java.lang.Object java.lang.invoke.DirectMethodHandle$Holder.invokeStatic(java.lang.Object, java.lang.Object, java.lang.Object, int, java.lang.Object, java.lang.Object)'> (0x0000000089f6e038) 
thrown [s\src\hotspot\share\interpreter\linkResolver.cpp, line 759]
Event: 3.401 Thread 0x000001e6e22202c0 Exception <a 'java/lang/NoSuchMethodError'{0x0000000089f54888}: 'java.lang.Object java.lang.invoke.DirectMethodHandle$Holder.invokeStatic(java.lang.Object, int, java.lang.Object)'> (0x0000000089f54888) 
thrown [s\src\hotspot\share\interpreter\linkResolver.cpp, line 759]
Event: 3.687 Thread 0x000001e6e22202c0 Exception <a 'java/lang/NoSuchMethodError'{0x000000008f1cb140}: 'int java.lang.invoke.DirectMethodHandle$Holder.invokeStatic(java.lang.Object)'> (0x000000008f1cb140) 
thrown [s\src\hotspot\share\interpreter\linkResolver.cpp, line 759]
Event: 3.687 Thread 0x000001e6e22202c0 Exception <a 'java/lang/NoSuchMethodError'{0x000000008ef6acf8}: 'int java.lang.invoke.DirectMethodHandle$Holder.invokeStaticInit(java.lang.Object)'> (0x000000008ef6acf8) 
thrown [s\src\hotspot\share\interpreter\linkResolver.cpp, line 759]

VM Operations (20 events):
Event: 3.662 Executing VM operation: G1Concurrent done
Event: 3.666 Executing VM operation: G1CollectForAllocation
Event: 3.667 Executing VM operation: G1CollectForAllocation done
Event: 3.667 Executing VM operation: G1CollectForAllocation
Event: 3.671 Executing VM operation: G1CollectForAllocation done
Event: 3.691 Executing VM operation: G1Concurrent
Event: 3.692 Executing VM operation: G1Concurrent done
Event: 3.696 Executing VM operation: HandshakeAllThreads
Event: 3.697 Executing VM operation: HandshakeAllThreads done
Event: 3.709 Executing VM operation: G1CollectForAllocation
Event: 3.710 Executing VM operation: G1CollectForAllocation done
Event: 3.710 Executing VM operation: G1CollectForAllocation
Event: 3.716 Executing VM operation: G1CollectForAllocation done
Event: 3.718 Executing VM operation: G1CollectForAllocation
Event: 3.723 Executing VM operation: G1CollectForAllocation done
Event: 3.762 Executing VM operation: G1CollectForAllocation
Event: 3.766 Executing VM operation: G1CollectForAllocation done
Event: 3.816 Executing VM operation: G1CollectForAllocation
Event: 3.817 Executing VM operation: G1CollectForAllocation done
Event: 3.817 Executing VM operation: G1CollectForAllocation

Events (20 events):
Event: 3.450 loading class java/util/concurrent/ConcurrentHashMap$ValueSpliterator done
Event: 3.459 loading class java/util/concurrent/CompletableFuture$UniApply
Event: 3.459 loading class java/util/concurrent/CompletableFuture$UniApply done
Event: 3.460 Thread 0x000001e6e42678e0 Thread added: 0x000001e6e42678e0
Event: 3.460 loading class java/util/concurrent/CompletableFuture$UniExceptionally
Event: 3.460 loading class java/util/concurrent/CompletableFuture$UniExceptionally done
Event: 3.460 loading class java/util/concurrent/CompletableFuture$Signaller
Event: 3.461 loading class java/util/concurrent/CompletableFuture$Signaller done
Event: 3.468 loading class java/util/concurrent/CompletableFuture$UniCompose
Event: 3.468 loading class java/util/concurrent/CompletableFuture$UniCompose done
Event: 3.468 Thread 0x000001e6e4268c20 Thread added: 0x000001e6e4268c20
Event: 3.471 Thread 0x000001e6e42690f0 Thread added: 0x000001e6e42690f0
Event: 3.471 loading class java/util/concurrent/CompletableFuture$UniRelay
Event: 3.471 loading class java/util/concurrent/CompletableFuture$UniRelay done
Event: 3.555 Thread 0x000001e6e4268750 Thread added: 0x000001e6e4268750
Event: 3.706 Thread 0x000001e6e426bc40 Thread added: 0x000001e6e426bc40
Event: 3.739 loading class jdk/internal/vm/annotation/ForceInline
Event: 3.739 loading class jdk/internal/vm/annotation/ForceInline done
Event: 3.767 loading class java/util/stream/Nodes$SpinedNodeBuilder
Event: 3.767 loading class java/util/stream/Nodes$SpinedNodeBuilder done


Dynamic libraries:
0x00007ff71c4d0000 - 0x00007ff71c4de000 	c:\Users\datea\.vscode\extensions\redhat.java-1.11.0-win32-x64\jre\17.0.4.1-win32-x86_64\bin\java.exe
0x00007ffe46e50000 - 0x00007ffe47069000 	C:\WINDOWS\SYSTEM32\ntdll.dll
0x00007ffe45bb0000 - 0x00007ffe45c72000 	C:\WINDOWS\System32\KERNEL32.DLL
0x00007ffe44480000 - 0x00007ffe4481c000 	C:\WINDOWS\System32\KERNELBASE.dll
0x00007ffe410c0000 - 0x00007ffe41156000 	C:\WINDOWS\SYSTEM32\apphelp.dll
0x00007ffe448a0000 - 0x00007ffe449bb000 	C:\WINDOWS\System32\ucrtbase.dll
0x00007ffe3c110000 - 0x00007ffe3c128000 	c:\Users\datea\.vscode\extensions\redhat.java-1.11.0-win32-x64\jre\17.0.4.1-win32-x86_64\bin\jli.dll
0x00007ffe3c130000 - 0x00007ffe3c149000 	c:\Users\datea\.vscode\extensions\redhat.java-1.11.0-win32-x64\jre\17.0.4.1-win32-x86_64\bin\VCRUNTIME140.dll
0x00007ffe45c90000 - 0x00007ffe45e3c000 	C:\WINDOWS\System32\USER32.dll
0x00007ffe44b80000 - 0x00007ffe44ba6000 	C:\WINDOWS\System32\win32u.dll
0x00007ffe21b70000 - 0x00007ffe21e01000 	C:\WINDOWS\WinSxS\amd64_microsoft.windows.common-controls_6595b64144ccf1df_6.0.25227.1000_none_7b35d90bf2068bf3\COMCTL32.dll
0x00007ffe44ea0000 - 0x00007ffe44ec9000 	C:\WINDOWS\System32\GDI32.dll
0x00007ffe44a60000 - 0x00007ffe44b76000 	C:\WINDOWS\System32\gdi32full.dll
0x00007ffe45e90000 - 0x00007ffe45f37000 	C:\WINDOWS\System32\msvcrt.dll
0x00007ffe449c0000 - 0x00007ffe44a5a000 	C:\WINDOWS\System32\msvcp_win.dll
0x00007ffe45260000 - 0x00007ffe45291000 	C:\WINDOWS\System32\IMM32.DLL
0x00007ffe3d9a0000 - 0x00007ffe3d9ac000 	c:\Users\datea\.vscode\extensions\redhat.java-1.11.0-win32-x64\jre\17.0.4.1-win32-x86_64\bin\vcruntime140_1.dll
0x00007ffe34c70000 - 0x00007ffe34d01000 	c:\Users\datea\.vscode\extensions\redhat.java-1.11.0-win32-x64\jre\17.0.4.1-win32-x86_64\bin\msvcp140.dll
0x00007ffdfbac0000 - 0x00007ffdfc706000 	c:\Users\datea\.vscode\extensions\redhat.java-1.11.0-win32-x64\jre\17.0.4.1-win32-x86_64\bin\server\jvm.dll
0x00007ffe44d10000 - 0x00007ffe44dbe000 	C:\WINDOWS\System32\ADVAPI32.dll
0x00007ffe45f40000 - 0x00007ffe45fe6000 	C:\WINDOWS\System32\sechost.dll
0x00007ffe452a0000 - 0x00007ffe453c7000 	C:\WINDOWS\System32\RPCRT4.dll
0x00007ffe461f0000 - 0x00007ffe461f8000 	C:\WINDOWS\System32\PSAPI.DLL
0x00007ffe2df70000 - 0x00007ffe2df79000 	C:\WINDOWS\SYSTEM32\WSOCK32.dll
0x00007ffe3ccf0000 - 0x00007ffe3ccfa000 	C:\WINDOWS\SYSTEM32\VERSION.dll
0x00007ffe46110000 - 0x00007ffe4617f000 	C:\WINDOWS\System32\WS2_32.dll
0x00007ffe3d390000 - 0x00007ffe3d3c5000 	C:\WINDOWS\SYSTEM32\WINMM.dll
0x00007ffe431c0000 - 0x00007ffe431d8000 	C:\WINDOWS\SYSTEM32\kernel.appcore.dll
0x00007ffe3d450000 - 0x00007ffe3d45a000 	c:\Users\datea\.vscode\extensions\redhat.java-1.11.0-win32-x64\jre\17.0.4.1-win32-x86_64\bin\jimage.dll
0x00007ffe41c70000 - 0x00007ffe41ea3000 	C:\WINDOWS\SYSTEM32\DBGHELP.DLL
0x00007ffe44ed0000 - 0x00007ffe45252000 	C:\WINDOWS\System32\combase.dll
0x00007ffe44dc0000 - 0x00007ffe44e98000 	C:\WINDOWS\System32\OLEAUT32.dll
0x00007ffe2e5e0000 - 0x00007ffe2e612000 	C:\WINDOWS\SYSTEM32\dbgcore.DLL
0x00007ffe44820000 - 0x00007ffe44899000 	C:\WINDOWS\System32\bcryptPrimitives.dll
0x00007ffe3b9c0000 - 0x00007ffe3b9e5000 	c:\Users\datea\.vscode\extensions\redhat.java-1.11.0-win32-x64\jre\17.0.4.1-win32-x86_64\bin\java.dll
0x00007ffe3b8e0000 - 0x00007ffe3b8f8000 	c:\Users\datea\.vscode\extensions\redhat.java-1.11.0-win32-x64\jre\17.0.4.1-win32-x86_64\bin\zip.dll
0x00007ffe453d0000 - 0x00007ffe45ba0000 	C:\WINDOWS\System32\SHELL32.dll
0x00007ffe42140000 - 0x00007ffe429da000 	C:\WINDOWS\SYSTEM32\windows.storage.dll
0x00007ffe41fa0000 - 0x00007ffe42133000 	C:\WINDOWS\SYSTEM32\wintypes.dll
0x00007ffe463a0000 - 0x00007ffe4648b000 	C:\WINDOWS\System32\SHCORE.dll
0x00007ffe46200000 - 0x00007ffe4625d000 	C:\WINDOWS\System32\shlwapi.dll
0x00007ffe44160000 - 0x00007ffe44181000 	C:\WINDOWS\SYSTEM32\profapi.dll
0x00007ffe389c0000 - 0x00007ffe389d9000 	C:\Users\datea\.vscode\extensions\redhat.java-1.11.0-win32-x64\jre\17.0.4.1-win32-x86_64\bin\net.dll
0x00007ffe3cf20000 - 0x00007ffe3d04b000 	C:\WINDOWS\SYSTEM32\WINHTTP.dll
0x00007ffe43690000 - 0x00007ffe436f9000 	C:\WINDOWS\system32\mswsock.dll
0x00007ffe3b8c0000 - 0x00007ffe3b8d5000 	C:\Users\datea\.vscode\extensions\redhat.java-1.11.0-win32-x64\jre\17.0.4.1-win32-x86_64\bin\nio.dll
0x00007ffe3a6f0000 - 0x00007ffe3a700000 	c:\Users\datea\.vscode\extensions\redhat.java-1.11.0-win32-x64\jre\17.0.4.1-win32-x86_64\bin\verify.dll
0x00007ffe3b9b0000 - 0x00007ffe3b9b9000 	C:\Users\datea\.vscode\extensions\redhat.java-1.11.0-win32-x64\jre\17.0.4.1-win32-x86_64\bin\management.dll
0x00007ffe3b890000 - 0x00007ffe3b89b000 	C:\Users\datea\.vscode\extensions\redhat.java-1.11.0-win32-x64\jre\17.0.4.1-win32-x86_64\bin\management_ext.dll
0x00007ffe3f450000 - 0x00007ffe3f467000 	C:\WINDOWS\system32\napinsp.dll
0x00007ffe3f430000 - 0x00007ffe3f44a000 	C:\WINDOWS\system32\pnrpnsp.dll
0x00007ffe008f0000 - 0x00007ffe00911000 	C:\WINDOWS\system32\nlansp_c.dll
0x00007ffe42d20000 - 0x00007ffe42e1f000 	C:\WINDOWS\SYSTEM32\DNSAPI.dll
0x00007ffe42c90000 - 0x00007ffe42cbe000 	C:\WINDOWS\SYSTEM32\IPHLPAPI.DLL
0x00007ffe466d0000 - 0x00007ffe466d9000 	C:\WINDOWS\System32\NSI.dll
0x00007ffe3f3e0000 - 0x00007ffe3f3f1000 	C:\WINDOWS\System32\winrnr.dll
0x00007ffe0dcd0000 - 0x00007ffe0dce5000 	C:\WINDOWS\system32\wshbth.dll
0x00007ffe34840000 - 0x00007ffe3484a000 	C:\Windows\System32\rasadhlp.dll
0x00007ffe3c310000 - 0x00007ffe3c394000 	C:\WINDOWS\System32\fwpuclnt.dll
0x00007ffe43910000 - 0x00007ffe4392b000 	C:\WINDOWS\SYSTEM32\CRYPTSP.dll
0x00007ffe43120000 - 0x00007ffe43154000 	C:\WINDOWS\system32\rsaenh.dll
0x00007ffe43790000 - 0x00007ffe437b8000 	C:\WINDOWS\SYSTEM32\USERENV.dll
0x00007ffe43ad0000 - 0x00007ffe43af8000 	C:\WINDOWS\SYSTEM32\bcrypt.dll
0x00007ffe43930000 - 0x00007ffe4393c000 	C:\WINDOWS\SYSTEM32\CRYPTBASE.dll
0x00007ffe3d280000 - 0x00007ffe3d299000 	C:\WINDOWS\SYSTEM32\dhcpcsvc6.DLL
0x00007ffe3ccc0000 - 0x00007ffe3ccdf000 	C:\WINDOWS\SYSTEM32\dhcpcsvc.DLL

dbghelp: loaded successfully - version: 4.0.5 - missing functions: none
symbol engine: initialized successfully - sym options: 0x614 - pdb path: .;c:\Users\datea\.vscode\extensions\redhat.java-1.11.0-win32-x64\jre\17.0.4.1-win32-x86_64\bin;C:\WINDOWS\SYSTEM32;C:\WINDOWS\WinSxS\amd64_microsoft.windows.common-controls_6595b64144ccf1df_6.0.25227.1000_none_7b35d90bf2068bf3;c:\Users\datea\.vscode\extensions\redhat.java-1.11.0-win32-x64\jre\17.0.4.1-win32-x86_64\bin\server

VM Arguments:
jvm_args: -Dsts.lsp.client=vscode -Dsts.log.file=/dev/null -XX:TieredStopAtLevel=1 -Xlog:jni+resolve=off -Dspring.config.location=file:c:\Users\datea\.vscode\extensions\pivotal.vscode-spring-boot-1.39.0\language-server\BOOT-INF\classes\application.properties 
java_command: org.springframework.ide.vscode.boot.app.BootLanguageServerBootApp
java_class_path (initial): c:\Users\datea\.vscode\extensions\pivotal.vscode-spring-boot-1.39.0\language-server\BOOT-INF\classes;c:\Users\datea\.vscode\extensions\pivotal.vscode-spring-boot-1.39.0\language-server\BOOT-INF\lib\annotations-23.0.0.jar;c:\Users\datea\.vscode\extensions\pivotal.vscode-spring-boot-1.39.0\language-server\BOOT-INF\lib\antlr-runtime-3.5.2.jar;c:\Users\datea\.vscode\extensions\pivotal.vscode-spring-boot-1.39.0\language-server\BOOT-INF\lib\antlr4-4.9.3.jar;c:\Users\datea\.vscode\extensions\pivotal.vscode-spring-boot-1.39.0\language-server\BOOT-INF\lib\antlr4-runtime-4.9.3.jar;c:\Users\datea\.vscode\extensions\pivotal.vscode-spring-boot-1.39.0\language-server\BOOT-INF\lib\asm-9.3.jar;c:\Users\datea\.vscode\extensions\pivotal.vscode-spring-boot-1.39.0\language-server\BOOT-INF\lib\asm-analysis-9.3.jar;c:\Users\datea\.vscode\extensions\pivotal.vscode-spring-boot-1.39.0\language-server\BOOT-INF\lib\asm-tree-9.3.jar;c:\Users\datea\.vscode\extensions\pivotal.vscode-spring-boot-1.39.0\language-server\BOOT-INF\lib\asm-util-9.3.jar;c:\Users\datea\.vscode\extensions\pivotal.vscode-spring-boot-1.39.0\language-server\BOOT-INF\lib\byte-buddy-1.12.13.jar;c:\Users\datea\.vscode\extensions\pivotal.vscode-spring-boot-1.39.0\language-server\BOOT-INF\lib\caffeine-2.9.3.jar;c:\Users\datea\.vscode\extensions\pivotal.vscode-spring-boot-1.39.0\language-server\BOOT-INF\lib\checker-qual-3.12.0.jar;c:\Users\datea\.vscode\extensions\pivotal.vscode-spring-boot-1.39.0\language-server\BOOT-INF\lib\classgraph-4.8.149.jar;c:\Users\datea\.vscode\extensions\pivotal.vscode-spring-boot-1.39.0\language-server\BOOT-INF\lib\commons-codec-1.15.jar;c:\Users\datea\.vscode\extensions\pivotal.vscode-spring-boot-1.39.0\language-server\BOOT-INF\lib\commons-compress-1.21.jar;c:\Users\datea\.vscode\extensions\pivotal.vscode-spring-boot-1.39.0\language-server\BOOT-INF\lib\commons-exec-1.3.jar;c:\Users\datea\.vscode\extensions\pivotal.vscode-spring-boot-1.39.0\language-server\BOOT-INF\lib\com
Launcher Type: SUN_STANDARD

[Global flags]
     intx CICompilerCount                          = 4                                         {product} {ergonomic}
     uint ConcGCThreads                            = 2                                         {product} {ergonomic}
     uint G1ConcRefinementThreads                  = 8                                         {product} {ergonomic}
   size_t G1HeapRegionSize                         = 1048576                                   {product} {ergonomic}
    uintx GCDrainStackTargetSize                   = 64                                        {product} {ergonomic}
   size_t InitialHeapSize                          = 132120576                                 {product} {ergonomic}
   size_t MarkStackSize                            = 4194304                                   {product} {ergonomic}
   size_t MaxHeapSize                              = 2095054848                                {product} {ergonomic}
   size_t MaxNewSize                               = 1256194048                                {product} {ergonomic}
   size_t MinHeapDeltaBytes                        = 1048576                                   {product} {ergonomic}
   size_t MinHeapSize                              = 8388608                                   {product} {ergonomic}
    uintx NonProfiledCodeHeapSize                  = 0                                      {pd product} {ergonomic}
     bool ProfileInterpreter                       = false                                  {pd product} {command line}
    uintx ProfiledCodeHeapSize                     = 0                                      {pd product} {ergonomic}
   size_t SoftMaxHeapSize                          = 2095054848                             {manageable} {ergonomic}
     intx TieredStopAtLevel                        = 1                                         {product} {command line}
     bool UseCompressedClassPointers               = true                           {product lp64_product} {ergonomic}
     bool UseCompressedOops                        = true                           {product lp64_product} {ergonomic}
     bool UseG1GC                                  = true                                      {product} {ergonomic}
     bool UseLargePagesIndividualAllocation        = false                                  {pd product} {ergonomic}

Logging:
Log output configuration:
 #0: stdout all=warning,jni+resolve=off uptime,level,tags
 #1: stderr all=off uptime,level,tags

Environment Variables:
PATH=C:\Program Files\Java\jdk-15.0.2\bin;C:\Program Files\Common Files\Oracle\Java\javapath;C:\WINDOWS\system32;C:\WINDOWS;C:\WINDOWS\System32\Wbem;C:\WINDOWS\System32\WindowsPowerShell\v1.0\;C:\WINDOWS\System32\OpenSSH\;C:\Program Files\Azure Data Studio\bin;C:\Program Files\Microsoft SQL Server\Client SDK\ODBC\170\Tools\Binn\;C:\Program Files (x86)\Microsoft SQL Server\150\Tools\Binn\;C:\Program Files\Microsoft SQL Server\150\Tools\Binn\;C:\Program Files\Microsoft SQL Server\150\DTS\Binn\;C:\Program Files (x86)\Microsoft SQL Server\150\DTS\Binn\;C:\Program Files (x86)\GitExtensions\;F:\xampp\php;C:\ProgramData\ComposerSetup\bin;C:\xampp\php;C:\Program Files\Git\cmd;C:\Users\datea\AppData\Local\Microsoft\WindowsApps;C:\Users\datea\AppData\Local\Programs\Microsoft VS Code\bin;;C:\Program Files\Azure Data Studio\bin;C:\Users\datea\AppData\Roaming\Composer\vendor\bin
USERNAME=datea
OS=Windows_NT
PROCESSOR_IDENTIFIER=Intel64 Family 6 Model 126 Stepping 5, GenuineIntel
TMP=C:\Users\datea\AppData\Local\Temp
TEMP=C:\Users\datea\AppData\Local\Temp



---------------  S Y S T E M  ---------------

OS:
 Windows 11 , 64 bit Build 25227 (10.0.25227.1000)
OS uptime: 1 days 2:03 hours
Hyper-V role detected

CPU: total 8 (initial active 8) (4 cores per cpu, 2 threads per core) family 6 model 126 stepping 5 microcode 0xa6, cx8, cmov, fxsr, ht, mmx, 3dnowpref, sse, sse2, sse3, ssse3, sse4.1, sse4.2, popcnt, lzcnt, tsc, tscinvbit, avx, avx2, aes, erms, clmul, bmi1, bmi2, adx, avx512f, avx512dq, avx512cd, avx512bw, avx512vl, sha, fma, vzeroupper, avx512_vpopcntdq, avx512_vpclmulqdq, avx512_vaes, avx512_vnni, clflush, clflushopt, avx512_vbmi2, avx512_vbmi, hv

Memory: 4k page, system-wide physical 7987M (488M free)
TotalPageFile size 12083M (AvailPageFile size 178M)
current process WorkingSet (physical memory assigned to process): 343M, peak: 350M
current process commit charge ("private bytes"): 392M, peak: 890M

vm_info: OpenJDK 64-Bit Server VM (17.0.4.1+1) for windows-amd64 JRE (17.0.4.1+1), built on Aug 17 2022 07:42:43 by "temurin" with MS VC++ 16.7 (VS2019)

END.
