#
# There is insufficient memory for the Java Runtime Environment to continue.
# Native memory allocation (mmap) failed to map 340787200 bytes for G1 virtual space
# Possible reasons:
#   The system is out of physical RAM or swap space
#   The process is running with CompressedOops enabled, and the Java Heap may be blocking the growth of the native heap
# Possible solutions:
#   Reduce memory load on the system
#   Increase physical memory or swap space
#   Check if swap backing store is full
#   Decrease Java heap size (-Xmx/-Xms)
#   Decrease number of Java threads
#   Decrease Java thread stack sizes (-Xss)
#   Set larger code cache with -XX:ReservedCodeCacheSize=
#   JVM is running with Unscaled Compressed Oops mode in which the Java heap is
#     placed in the first 4GB address space. The Java Heap base address is the
#     maximum limit for the native heap growth. Please use -XX:HeapBaseMinAddress
#     to set the Java Heap base and to place the Java Heap above 4GB virtual address.
# This output file may be truncated or incomplete.
#
#  Out of Memory Error (os_windows.cpp:3541), pid=84424, tid=66064
#
# JRE version: OpenJDK Runtime Environment Temurin-17.0.4.1+1 (17.0.4.1+1) (build 17.0.4.1+1)
# Java VM: OpenJDK 64-Bit Server VM Temurin-17.0.4.1+1 (17.0.4.1+1, mixed mode, emulated-client, tiered, compressed oops, compressed class ptrs, g1 gc, windows-amd64)
# No core dump will be written. Minidumps are not enabled by default on client versions of Windows
#

---------------  S U M M A R Y ------------

Command Line: -Dsts.lsp.client=vscode -Dsts.log.file=/dev/null -XX:TieredStopAtLevel=1 -Xlog:jni+resolve=off -Dspring.config.location=file:c:\Users\datea\.vscode\extensions\pivotal.vscode-spring-boot-1.39.0\language-server\BOOT-INF\classes\application.properties org.springframework.ide.vscode.boot.app.BootLanguageServerBootApp

Host: Intel(R) Core(TM) i5-1035G1 CPU @ 1.00GHz, 8 cores, 7G,  Windows 11 , 64 bit Build 25217 (10.0.25217.1000)
Time: Tue Oct 18 17:59:47 2022 SE Asia Standard Time elapsed time: 6.103288 seconds (0d 0h 0m 6s)

---------------  T H R E A D  ---------------

Current thread (0x0000026d58888e20):  VMThread "VM Thread" [stack: 0x000000e808100000,0x000000e808200000] [id=66064]

Stack: [0x000000e808100000,0x000000e808200000]
Native frames: (J=compiled Java code, j=interpreted, Vv=VM code, C=native code)
V  [jvm.dll+0x67731a]
V  [jvm.dll+0x832284]
V  [jvm.dll+0x833a2e]
V  [jvm.dll+0x834093]
V  [jvm.dll+0x245775]
V  [jvm.dll+0x674209]
V  [jvm.dll+0x668a92]
V  [jvm.dll+0x30471b]
V  [jvm.dll+0x30bc66]
V  [jvm.dll+0x35ba9e]
V  [jvm.dll+0x35bccf]
V  [jvm.dll+0x2db5b8]
V  [jvm.dll+0x2d986c]
V  [jvm.dll+0x2d8e3c]
V  [jvm.dll+0x31cd9b]
V  [jvm.dll+0x83853b]
V  [jvm.dll+0x839274]
V  [jvm.dll+0x83978c]
V  [jvm.dll+0x839b64]
V  [jvm.dll+0x839c30]
V  [jvm.dll+0x7e240a]
V  [jvm.dll+0x6761a5]
C  [ucrtbase.dll+0x4b7eb]
C  [KERNEL32.DLL+0x1484d]
C  [ntdll.dll+0x67558]

VM_Operation (0x000000e809bfe250): G1CollectForAllocation, mode: safepoint, requested by thread 0x0000026d5b1784f0


---------------  P R O C E S S  ---------------

Threads class SMR info:
_java_thread_list=0x0000026d5a9e8460, length=38, elements={
0x0000026d594012d0, 0x0000026d59401d90, 0x0000026d5941efd0, 0x0000026d5941f890,
0x0000026d59420150, 0x0000026d59420a10, 0x0000026d594232e0, 0x0000026d59425bf0,
0x0000026d596221f0, 0x0000026d59642b70, 0x0000026d5964c790, 0x0000026d59ef38b0,
0x0000026d59ef1050, 0x0000026d5aec7800, 0x0000026d5b111bb0, 0x0000026d5b1bf2d0,
0x0000026d5b1784f0, 0x0000026d5b1789c0, 0x0000026d5b178e90, 0x0000026d5b179360,
0x0000026d5b20dfe0, 0x0000026d5b225010, 0x0000026d5b228080, 0x0000026d5b228ef0,
0x0000026d5b228550, 0x0000026d5b225a00, 0x0000026d5b225ed0, 0x0000026d5b227210,
0x0000026d5b228a20, 0x0000026d5b225530, 0x0000026d5b227bb0, 0x0000026d5b2263a0,
0x0000026d5b226870, 0x0000026d5b226d40, 0x0000026d5b2276e0, 0x0000026d5b6fb0b0,
0x0000026d5b6fea70, 0x0000026d5b6fe5a0
}

Java Threads: ( => current thread )
  0x0000026d594012d0 JavaThread "Reference Handler" daemon [_thread_blocked, id=84500, stack(0x000000e808200000,0x000000e808300000)]
  0x0000026d59401d90 JavaThread "Finalizer" daemon [_thread_blocked, id=5760, stack(0x000000e808300000,0x000000e808400000)]
  0x0000026d5941efd0 JavaThread "Signal Dispatcher" daemon [_thread_blocked, id=84704, stack(0x000000e808400000,0x000000e808500000)]
  0x0000026d5941f890 JavaThread "Attach Listener" daemon [_thread_blocked, id=57844, stack(0x000000e808500000,0x000000e808600000)]
  0x0000026d59420150 JavaThread "Service Thread" daemon [_thread_blocked, id=84492, stack(0x000000e808600000,0x000000e808700000)]
  0x0000026d59420a10 JavaThread "Monitor Deflation Thread" daemon [_thread_blocked, id=84692, stack(0x000000e808700000,0x000000e808800000)]
  0x0000026d594232e0 JavaThread "C1 CompilerThread0" daemon [_thread_blocked, id=79568, stack(0x000000e808800000,0x000000e808900000)]
  0x0000026d59425bf0 JavaThread "Sweeper thread" daemon [_thread_blocked, id=81100, stack(0x000000e808900000,0x000000e808a00000)]
  0x0000026d596221f0 JavaThread "C1 CompilerThread1" daemon [_thread_blocked, id=81288, stack(0x000000e808a00000,0x000000e808b00000)]
  0x0000026d59642b70 JavaThread "Notification Thread" daemon [_thread_blocked, id=81120, stack(0x000000e808b00000,0x000000e808c00000)]
  0x0000026d5964c790 JavaThread "Common-Cleaner" daemon [_thread_blocked, id=74320, stack(0x000000e808d00000,0x000000e808e00000)]
  0x0000026d59ef38b0 JavaThread "C1 CompilerThread2" daemon [_thread_blocked, id=80160, stack(0x000000e808e00000,0x000000e808f00000)]
  0x0000026d59ef1050 JavaThread "C1 CompilerThread3" daemon [_thread_blocked, id=83920, stack(0x000000e808f00000,0x000000e809000000)]
  0x0000026d5aec7800 JavaThread "boundedElastic-evictor-1" daemon [_thread_blocked, id=9000, stack(0x000000e809500000,0x000000e809600000)]
  0x0000026d5b111bb0 JavaThread "ForkJoinPool.commonPool-worker-1" daemon [_thread_blocked, id=75908, stack(0x000000e809900000,0x000000e809a00000)]
  0x0000026d5b1bf2d0 JavaThread "ClassGraph-worker-0" daemon [_thread_blocked, id=59556, stack(0x000000e809a00000,0x000000e809b00000)]
  0x0000026d5b1784f0 JavaThread "ClassGraph-worker-1" daemon [_thread_blocked, id=78648, stack(0x000000e809b00000,0x000000e809c00000)]
  0x0000026d5b1789c0 JavaThread "ClassGraph-worker-2" daemon [_thread_blocked, id=83480, stack(0x000000e809c00000,0x000000e809d00000)]
  0x0000026d5b178e90 JavaThread "ClassGraph-worker-3" daemon [_thread_blocked, id=80924, stack(0x000000e809d00000,0x000000e809e00000)]
  0x0000026d5b179360 JavaThread "ClassGraph-worker-4" daemon [_thread_blocked, id=84008, stack(0x000000e809e00000,0x000000e809f00000)]
  0x0000026d5b20dfe0 JavaThread "ClassGraph-worker-5" daemon [_thread_blocked, id=84612, stack(0x000000e809f00000,0x000000e80a000000)]
  0x0000026d5b225010 JavaThread "ClassGraph-worker-6" daemon [_thread_blocked, id=82992, stack(0x000000e80a000000,0x000000e80a100000)]
  0x0000026d5b228080 JavaThread "ClassGraph-worker-7" daemon [_thread_blocked, id=76056, stack(0x000000e80a100000,0x000000e80a200000)]
  0x0000026d5b228ef0 JavaThread "ClassGraph-worker-8" daemon [_thread_blocked, id=68400, stack(0x000000e80a200000,0x000000e80a300000)]
  0x0000026d5b228550 JavaThread "ClassGraph-worker-9" daemon [_thread_blocked, id=79344, stack(0x000000e80a300000,0x000000e80a400000)]
  0x0000026d5b225a00 JavaThread "ClassGraph-worker-10" daemon [_thread_blocked, id=79616, stack(0x000000e80a400000,0x000000e80a500000)]
  0x0000026d5b225ed0 JavaThread "ClassGraph-worker-11" daemon [_thread_blocked, id=59444, stack(0x000000e80a500000,0x000000e80a600000)]
  0x0000026d5b227210 JavaThread "ClassGraph-worker-12" daemon [_thread_blocked, id=82512, stack(0x000000e80a600000,0x000000e80a700000)]
  0x0000026d5b228a20 JavaThread "ClassGraph-worker-13" daemon [_thread_blocked, id=82976, stack(0x000000e80a700000,0x000000e80a800000)]
  0x0000026d5b225530 JavaThread "pool-9-thread-1" [_thread_blocked, id=76036, stack(0x000000e80a800000,0x000000e80a900000)]
  0x0000026d5b227bb0 JavaThread "LanguageServerApp-lifecycle" [_thread_blocked, id=78960, stack(0x000000e80a900000,0x000000e80aa00000)]
  0x0000026d5b2263a0 JavaThread "DestroyJavaVM" [_thread_blocked, id=83516, stack(0x000000e807b00000,0x000000e807c00000)]
  0x0000026d5b226870 JavaThread "pool-10-thread-1" [_thread_in_native, id=76288, stack(0x000000e80aa00000,0x000000e80ab00000)]
  0x0000026d5b226d40 JavaThread "Simple-Language-Server main thread" daemon [_thread_blocked, id=58028, stack(0x000000e80ab00000,0x000000e80ac00000)]
  0x0000026d5b2276e0 JavaThread "pool-7-thread-1" [_thread_blocked, id=83956, stack(0x000000e80ac00000,0x000000e80ad00000)]
  0x0000026d5b6fb0b0 JavaThread "parallel-1" daemon [_thread_blocked, id=82448, stack(0x000000e80ad00000,0x000000e80ae00000)]
  0x0000026d5b6fea70 JavaThread "Reconciler-1" daemon [_thread_blocked, id=82780, stack(0x000000e80ae00000,0x000000e80af00000)]
  0x0000026d5b6fe5a0 JavaThread "parallel-2" daemon [_thread_blocked, id=75792, stack(0x000000e80af00000,0x000000e80b000000)]

Other Threads:
=>0x0000026d58888e20 VMThread "VM Thread" [stack: 0x000000e808100000,0x000000e808200000] [id=66064]
  0x0000026d59643040 WatcherThread [stack: 0x000000e808c00000,0x000000e808d00000] [id=79744]
  0x0000026d4b6206f0 GCTaskThread "GC Thread#0" [stack: 0x000000e807c00000,0x000000e807d00000] [id=82868]
  0x0000026d59fafd10 GCTaskThread "GC Thread#1" [stack: 0x000000e809000000,0x000000e809100000] [id=47548]
  0x0000026d59fc23a0 GCTaskThread "GC Thread#2" [stack: 0x000000e809100000,0x000000e809200000] [id=65784]
  0x0000026d59fc2c90 GCTaskThread "GC Thread#3" [stack: 0x000000e809200000,0x000000e809300000] [id=76580]
  0x0000026d59ffad30 GCTaskThread "GC Thread#4" [stack: 0x000000e809300000,0x000000e809400000] [id=83796]
  0x0000026d59ffafe0 GCTaskThread "GC Thread#5" [stack: 0x000000e809400000,0x000000e809500000] [id=74740]
  0x0000026d5a9da9c0 GCTaskThread "GC Thread#6" [stack: 0x000000e809600000,0x000000e809700000] [id=84952]
  0x0000026d5a9dac70 GCTaskThread "GC Thread#7" [stack: 0x000000e809700000,0x000000e809800000] [id=76468]
  0x0000026d4b631060 ConcurrentGCThread "G1 Main Marker" [stack: 0x000000e807d00000,0x000000e807e00000] [id=84584]
  0x0000026d4b632990 ConcurrentGCThread "G1 Conc#0" [stack: 0x000000e807e00000,0x000000e807f00000] [id=83964]
  0x0000026d5abee320 ConcurrentGCThread "G1 Conc#1" [stack: 0x000000e809800000,0x000000e809900000] [id=60192]
  0x0000026d586f34e0 ConcurrentGCThread "G1 Refine#0" [stack: 0x000000e807f00000,0x000000e808000000] [id=78724]
  0x0000026d586f4cc0 ConcurrentGCThread "G1 Service" [stack: 0x000000e808000000,0x000000e808100000] [id=72544]

Threads with active compile tasks:

VM state: at safepoint (normal execution)

VM Mutex/Monitor currently owned by a thread:  ([mutex/lock_event])
[0x0000026d49394c70] Threads_lock - owner thread: 0x0000026d58888e20
[0x0000026d4b5c2950] Heap_lock - owner thread: 0x0000026d5b1784f0

Heap address: 0x0000000083200000, size: 1998 MB, Compressed Oops mode: 32-bit

CDS archive(s) not mapped
Compressed class space mapped at: 0x0000000100000000-0x0000000140000000, reserved size: 1073741824
Narrow klass base: 0x0000000000000000, Narrow klass shift: 3, Narrow klass range: 0x140000000

GC Precious Log:
 CPUs: 8 total, 8 available
 Memory: 7987M
 Large Page Support: Disabled
 NUMA Support: Disabled
 Compressed Oops: Enabled (32-bit)
 Heap Region Size: 1M
 Heap Min Capacity: 8M
 Heap Initial Capacity: 126M
 Heap Max Capacity: 1998M
 Pre-touch: Disabled
 Parallel Workers: 8
 Concurrent Workers: 2
 Concurrent Refinement Workers: 8
 Periodic GC: Disabled

Heap:
 garbage-first heap   total 274432K, used 87252K [0x0000000083200000, 0x0000000100000000)
  region size 1024K, 13 young (13312K), 13 survivors (13312K)
 Metaspace       used 37009K, committed 37312K, reserved 1089536K
  class space    used 4779K, committed 4928K, reserved 1048576K

Heap Regions: E=young(eden), S=young(survivor), O=old, HS=humongous(starts), HC=humongous(continues), CS=collection set, F=free, OA=open archive, CA=closed archive, TAMS=top-at-mark-start (previous, next)
|   0|0x0000000083200000, 0x0000000083300000, 0x0000000083300000|100%| O|  |TAMS 0x0000000083300000, 0x0000000083200000| Untracked 
|   1|0x0000000083300000, 0x0000000083400000, 0x0000000083400000|100%| O|  |TAMS 0x0000000083400000, 0x0000000083300000| Untracked 
|   2|0x0000000083400000, 0x0000000083500000, 0x0000000083500000|100%| O|  |TAMS 0x0000000083500000, 0x0000000083400000| Untracked 
|   3|0x0000000083500000, 0x0000000083600000, 0x0000000083600000|100%| O|  |TAMS 0x0000000083600000, 0x0000000083500000| Untracked 
|   4|0x0000000083600000, 0x0000000083700000, 0x0000000083700000|100%| O|  |TAMS 0x0000000083700000, 0x0000000083600000| Untracked 
|   5|0x0000000083700000, 0x0000000083800000, 0x0000000083800000|100%| O|  |TAMS 0x0000000083800000, 0x0000000083700000| Untracked 
|   6|0x0000000083800000, 0x0000000083900000, 0x0000000083900000|100%| O|  |TAMS 0x0000000083900000, 0x0000000083800000| Untracked 
|   7|0x0000000083900000, 0x0000000083a00000, 0x0000000083a00000|100%| O|  |TAMS 0x0000000083a00000, 0x0000000083900000| Untracked 
|   8|0x0000000083a00000, 0x0000000083b00000, 0x0000000083b00000|100%| O|  |TAMS 0x0000000083b00000, 0x0000000083a00000| Untracked 
|   9|0x0000000083b00000, 0x0000000083c00000, 0x0000000083c00000|100%| O|  |TAMS 0x0000000083c00000, 0x0000000083b00000| Untracked 
|  10|0x0000000083c00000, 0x0000000083d00000, 0x0000000083d00000|100%| O|  |TAMS 0x0000000083d00000, 0x0000000083c00000| Untracked 
|  11|0x0000000083d00000, 0x0000000083e00000, 0x0000000083e00000|100%| O|  |TAMS 0x0000000083e00000, 0x0000000083d00000| Untracked 
|  12|0x0000000083e00000, 0x0000000083f00000, 0x0000000083f00000|100%| O|  |TAMS 0x0000000083f00000, 0x0000000083e00000| Untracked 
|  13|0x0000000083f00000, 0x0000000084000000, 0x0000000084000000|100%| O|  |TAMS 0x0000000084000000, 0x0000000083f00000| Untracked 
|  14|0x0000000084000000, 0x0000000084100000, 0x0000000084100000|100%| O|  |TAMS 0x0000000084100000, 0x0000000084000000| Untracked 
|  15|0x0000000084100000, 0x0000000084200000, 0x0000000084200000|100%| O|  |TAMS 0x0000000084200000, 0x0000000084100000| Untracked 
|  16|0x0000000084200000, 0x0000000084300000, 0x0000000084300000|100%| O|  |TAMS 0x0000000084300000, 0x0000000084200000| Untracked 
|  17|0x0000000084300000, 0x0000000084400000, 0x0000000084400000|100%| O|  |TAMS 0x0000000084400000, 0x0000000084300000| Untracked 
|  18|0x0000000084400000, 0x0000000084500000, 0x0000000084500000|100%| O|  |TAMS 0x0000000084500000, 0x0000000084400000| Untracked 
|  19|0x0000000084500000, 0x0000000084600000, 0x0000000084600000|100%| O|  |TAMS 0x0000000084600000, 0x0000000084500000| Untracked 
|  20|0x0000000084600000, 0x0000000084700000, 0x0000000084700000|100%| O|  |TAMS 0x0000000084700000, 0x0000000084600000| Untracked 
|  21|0x0000000084700000, 0x0000000084800000, 0x0000000084800000|100%| O|  |TAMS 0x0000000084800000, 0x0000000084700000| Untracked 
|  22|0x0000000084800000, 0x0000000084900000, 0x0000000084900000|100%| O|  |TAMS 0x0000000084900000, 0x0000000084800000| Untracked 
|  23|0x0000000084900000, 0x0000000084a00000, 0x0000000084a00000|100%| O|  |TAMS 0x0000000084a00000, 0x0000000084900000| Untracked 
|  24|0x0000000084a00000, 0x0000000084b00000, 0x0000000084b00000|100%| O|  |TAMS 0x0000000084b00000, 0x0000000084a00000| Untracked 
|  25|0x0000000084b00000, 0x0000000084c00000, 0x0000000084c00000|100%| O|  |TAMS 0x0000000084c00000, 0x0000000084b00000| Untracked 
|  26|0x0000000084c00000, 0x0000000084d00000, 0x0000000084d00000|100%| O|  |TAMS 0x0000000084d00000, 0x0000000084c00000| Untracked 
|  27|0x0000000084d00000, 0x0000000084e00000, 0x0000000084e00000|100%| O|  |TAMS 0x0000000084e00000, 0x0000000084d00000| Untracked 
|  28|0x0000000084e00000, 0x0000000084f00000, 0x0000000084f00000|100%| O|  |TAMS 0x0000000084f00000, 0x0000000084e00000| Untracked 
|  29|0x0000000084f00000, 0x0000000085000000, 0x0000000085000000|100%| O|  |TAMS 0x0000000085000000, 0x0000000084f00000| Untracked 
|  30|0x0000000085000000, 0x0000000085100000, 0x0000000085100000|100%| O|  |TAMS 0x0000000085100000, 0x0000000085000000| Untracked 
|  31|0x0000000085100000, 0x0000000085200000, 0x0000000085200000|100%| O|  |TAMS 0x0000000085200000, 0x0000000085100000| Untracked 
|  32|0x0000000085200000, 0x0000000085300000, 0x0000000085300000|100%| O|  |TAMS 0x0000000085300000, 0x0000000085200000| Untracked 
|  33|0x0000000085300000, 0x0000000085400000, 0x0000000085400000|100%| O|  |TAMS 0x0000000085400000, 0x0000000085300000| Untracked 
|  34|0x0000000085400000, 0x0000000085500000, 0x0000000085500000|100%| O|  |TAMS 0x0000000085500000, 0x0000000085400000| Untracked 
|  35|0x0000000085500000, 0x0000000085600000, 0x0000000085600000|100%| O|  |TAMS 0x0000000085600000, 0x0000000085500000| Untracked 
|  36|0x0000000085600000, 0x0000000085700000, 0x0000000085700000|100%| O|  |TAMS 0x0000000085700000, 0x0000000085600000| Untracked 
|  37|0x0000000085700000, 0x0000000085800000, 0x0000000085800000|100%| O|  |TAMS 0x0000000085800000, 0x0000000085700000| Untracked 
|  38|0x0000000085800000, 0x0000000085900000, 0x0000000085900000|100%| O|  |TAMS 0x0000000085900000, 0x0000000085800000| Untracked 
|  39|0x0000000085900000, 0x0000000085a00000, 0x0000000085a00000|100%| O|  |TAMS 0x0000000085a00000, 0x0000000085900000| Untracked 
|  40|0x0000000085a00000, 0x0000000085b00000, 0x0000000085b00000|100%| O|  |TAMS 0x0000000085a00000, 0x0000000085a00000| Untracked 
|  41|0x0000000085b00000, 0x0000000085c00000, 0x0000000085c00000|100%|HS|  |TAMS 0x0000000085c00000, 0x0000000085b00000| Complete 
|  42|0x0000000085c00000, 0x0000000085d00000, 0x0000000085d00000|100%| O|  |TAMS 0x0000000085d00000, 0x0000000085c00000| Untracked 
|  43|0x0000000085d00000, 0x0000000085e00000, 0x0000000085e00000|100%| O|  |TAMS 0x0000000085e00000, 0x0000000085d00000| Untracked 
|  44|0x0000000085e00000, 0x0000000085f00000, 0x0000000085f00000|100%| O|  |TAMS 0x0000000085f00000, 0x0000000085e00000| Untracked 
|  45|0x0000000085f00000, 0x0000000086000000, 0x0000000086000000|100%| O|  |TAMS 0x0000000086000000, 0x0000000085f00000| Untracked 
|  46|0x0000000086000000, 0x0000000086100000, 0x0000000086100000|100%| O|  |TAMS 0x0000000086100000, 0x0000000086000000| Untracked 
|  47|0x0000000086100000, 0x0000000086200000, 0x0000000086200000|100%| O|  |TAMS 0x0000000086200000, 0x0000000086100000| Untracked 
|  48|0x0000000086200000, 0x0000000086300000, 0x0000000086300000|100%| O|  |TAMS 0x0000000086300000, 0x0000000086200000| Untracked 
|  49|0x0000000086300000, 0x0000000086400000, 0x0000000086400000|100%| O|  |TAMS 0x0000000086400000, 0x0000000086300000| Untracked 
|  50|0x0000000086400000, 0x0000000086500000, 0x0000000086500000|100%| O|  |TAMS 0x0000000086500000, 0x0000000086400000| Untracked 
|  51|0x0000000086500000, 0x0000000086600000, 0x0000000086600000|100%| O|  |TAMS 0x0000000086600000, 0x0000000086500000| Untracked 
|  52|0x0000000086600000, 0x0000000086700000, 0x0000000086700000|100%| O|  |TAMS 0x0000000086700000, 0x0000000086600000| Untracked 
|  53|0x0000000086700000, 0x0000000086800000, 0x0000000086800000|100%| O|  |TAMS 0x0000000086800000, 0x0000000086700000| Untracked 
|  54|0x0000000086800000, 0x0000000086900000, 0x0000000086900000|100%| O|  |TAMS 0x0000000086900000, 0x0000000086800000| Untracked 
|  55|0x0000000086900000, 0x0000000086a00000, 0x0000000086a00000|100%| O|  |TAMS 0x00000000869a9600, 0x0000000086900000| Untracked 
|  56|0x0000000086a00000, 0x0000000086b00000, 0x0000000086b00000|100%| O|  |TAMS 0x0000000086a00000, 0x0000000086a00000| Untracked 
|  57|0x0000000086b00000, 0x0000000086c00000, 0x0000000086c00000|100%| O|  |TAMS 0x0000000086b00000, 0x0000000086b00000| Untracked 
|  58|0x0000000086c00000, 0x0000000086d00000, 0x0000000086d00000|100%| O|  |TAMS 0x0000000086c00000, 0x0000000086c00000| Untracked 
|  59|0x0000000086d00000, 0x0000000086e00000, 0x0000000086e00000|100%| O|  |TAMS 0x0000000086d00000, 0x0000000086d00000| Untracked 
|  60|0x0000000086e00000, 0x0000000086f00000, 0x0000000086f00000|100%| O|  |TAMS 0x0000000086e00000, 0x0000000086e00000| Untracked 
|  61|0x0000000086f00000, 0x0000000087000000, 0x0000000087000000|100%| O|  |TAMS 0x0000000086f00000, 0x0000000086f00000| Untracked 
|  62|0x0000000087000000, 0x0000000087100000, 0x0000000087100000|100%| O|  |TAMS 0x0000000087000000, 0x0000000087000000| Untracked 
|  63|0x0000000087100000, 0x0000000087200000, 0x0000000087200000|100%| O|  |TAMS 0x0000000087100000, 0x0000000087100000| Untracked 
|  64|0x0000000087200000, 0x0000000087300000, 0x0000000087300000|100%| O|  |TAMS 0x0000000087200000, 0x0000000087200000| Untracked 
|  65|0x0000000087300000, 0x0000000087400000, 0x0000000087400000|100%| O|  |TAMS 0x0000000087300000, 0x0000000087300000| Untracked 
|  66|0x0000000087400000, 0x0000000087500000, 0x0000000087500000|100%| O|  |TAMS 0x0000000087400000, 0x0000000087400000| Untracked 
|  67|0x0000000087500000, 0x0000000087600000, 0x0000000087600000|100%| O|  |TAMS 0x0000000087500000, 0x0000000087500000| Untracked 
|  68|0x0000000087600000, 0x0000000087700000, 0x0000000087700000|100%| O|  |TAMS 0x0000000087600000, 0x0000000087600000| Untracked 
|  69|0x0000000087700000, 0x0000000087800000, 0x0000000087800000|100%| O|  |TAMS 0x0000000087700000, 0x0000000087700000| Untracked 
|  70|0x0000000087800000, 0x0000000087900000, 0x0000000087900000|100%| O|  |TAMS 0x0000000087800000, 0x0000000087800000| Untracked 
|  71|0x0000000087900000, 0x0000000087a00000, 0x0000000087a00000|100%| O|  |TAMS 0x0000000087900000, 0x0000000087900000| Untracked 
|  72|0x0000000087a00000, 0x0000000087a87800, 0x0000000087b00000| 52%| O|  |TAMS 0x0000000087a00000, 0x0000000087a00000| Untracked 
|  73|0x0000000087b00000, 0x0000000087b00000, 0x0000000087c00000|  0%| F|  |TAMS 0x0000000087b00000, 0x0000000087b00000| Untracked 
|  74|0x0000000087c00000, 0x0000000087c00000, 0x0000000087d00000|  0%| F|  |TAMS 0x0000000087c00000, 0x0000000087c00000| Untracked 
|  75|0x0000000087d00000, 0x0000000087d00000, 0x0000000087e00000|  0%| F|  |TAMS 0x0000000087d00000, 0x0000000087d00000| Untracked 
|  76|0x0000000087e00000, 0x0000000087e00000, 0x0000000087f00000|  0%| F|  |TAMS 0x0000000087e00000, 0x0000000087e00000| Untracked 
|  77|0x0000000087f00000, 0x0000000087f00000, 0x0000000088000000|  0%| F|  |TAMS 0x0000000087f00000, 0x0000000087f00000| Untracked 
|  78|0x0000000088000000, 0x0000000088000000, 0x0000000088100000|  0%| F|  |TAMS 0x0000000088000000, 0x0000000088000000| Untracked 
|  79|0x0000000088100000, 0x0000000088100000, 0x0000000088200000|  0%| F|  |TAMS 0x0000000088100000, 0x0000000088100000| Untracked 
|  80|0x0000000088200000, 0x0000000088200000, 0x0000000088300000|  0%| F|  |TAMS 0x0000000088200000, 0x0000000088200000| Untracked 
|  81|0x0000000088300000, 0x0000000088300000, 0x0000000088400000|  0%| F|  |TAMS 0x0000000088300000, 0x0000000088300000| Untracked 
|  82|0x0000000088400000, 0x0000000088400000, 0x0000000088500000|  0%| F|  |TAMS 0x0000000088400000, 0x0000000088400000| Untracked 
|  83|0x0000000088500000, 0x0000000088500000, 0x0000000088600000|  0%| F|  |TAMS 0x0000000088500000, 0x0000000088500000| Untracked 
|  84|0x0000000088600000, 0x0000000088600000, 0x0000000088700000|  0%| F|  |TAMS 0x0000000088600000, 0x0000000088600000| Untracked 
|  85|0x0000000088700000, 0x0000000088700000, 0x0000000088800000|  0%| F|  |TAMS 0x0000000088700000, 0x0000000088700000| Untracked 
|  86|0x0000000088800000, 0x0000000088800000, 0x0000000088900000|  0%| F|  |TAMS 0x0000000088800000, 0x0000000088800000| Untracked 
|  87|0x0000000088900000, 0x0000000088900000, 0x0000000088a00000|  0%| F|  |TAMS 0x0000000088900000, 0x0000000088900000| Untracked 
|  88|0x0000000088a00000, 0x0000000088a00000, 0x0000000088b00000|  0%| F|  |TAMS 0x0000000088a00000, 0x0000000088a00000| Untracked 
|  89|0x0000000088b00000, 0x0000000088b00000, 0x0000000088c00000|  0%| F|  |TAMS 0x0000000088b00000, 0x0000000088b00000| Untracked 
|  90|0x0000000088c00000, 0x0000000088c00000, 0x0000000088d00000|  0%| F|  |TAMS 0x0000000088c00000, 0x0000000088c00000| Untracked 
|  91|0x0000000088d00000, 0x0000000088d00000, 0x0000000088e00000|  0%| F|  |TAMS 0x0000000088d00000, 0x0000000088d00000| Untracked 
|  92|0x0000000088e00000, 0x0000000088e00000, 0x0000000088f00000|  0%| F|  |TAMS 0x0000000088e00000, 0x0000000088e00000| Untracked 
|  93|0x0000000088f00000, 0x0000000088f00000, 0x0000000089000000|  0%| F|  |TAMS 0x0000000088f00000, 0x0000000088f00000| Untracked 
|  94|0x0000000089000000, 0x0000000089000000, 0x0000000089100000|  0%| F|  |TAMS 0x0000000089000000, 0x0000000089000000| Untracked 
|  95|0x0000000089100000, 0x0000000089100000, 0x0000000089200000|  0%| F|  |TAMS 0x0000000089100000, 0x0000000089100000| Untracked 
|  96|0x0000000089200000, 0x0000000089200000, 0x0000000089300000|  0%| F|  |TAMS 0x0000000089200000, 0x0000000089200000| Untracked 
|  97|0x0000000089300000, 0x0000000089300000, 0x0000000089400000|  0%| F|  |TAMS 0x0000000089300000, 0x0000000089300000| Untracked 
|  98|0x0000000089400000, 0x0000000089400000, 0x0000000089500000|  0%| F|  |TAMS 0x0000000089400000, 0x0000000089400000| Untracked 
|  99|0x0000000089500000, 0x0000000089500000, 0x0000000089600000|  0%| F|  |TAMS 0x0000000089500000, 0x0000000089500000| Untracked 
| 100|0x0000000089600000, 0x0000000089600000, 0x0000000089700000|  0%| F|  |TAMS 0x0000000089600000, 0x0000000089600000| Untracked 
| 101|0x0000000089700000, 0x0000000089700000, 0x0000000089800000|  0%| F|  |TAMS 0x0000000089700000, 0x0000000089700000| Untracked 
| 102|0x0000000089800000, 0x0000000089800000, 0x0000000089900000|  0%| F|  |TAMS 0x0000000089800000, 0x0000000089800000| Untracked 
| 103|0x0000000089900000, 0x0000000089900000, 0x0000000089a00000|  0%| F|  |TAMS 0x0000000089900000, 0x0000000089900000| Untracked 
| 104|0x0000000089a00000, 0x0000000089a00000, 0x0000000089b00000|  0%| F|  |TAMS 0x0000000089a00000, 0x0000000089a00000| Untracked 
| 105|0x0000000089b00000, 0x0000000089b00000, 0x0000000089c00000|  0%| F|  |TAMS 0x0000000089b00000, 0x0000000089b00000| Untracked 
| 106|0x0000000089c00000, 0x0000000089c00000, 0x0000000089d00000|  0%| F|  |TAMS 0x0000000089c00000, 0x0000000089c00000| Untracked 
| 107|0x0000000089d00000, 0x0000000089d00000, 0x0000000089e00000|  0%| F|  |TAMS 0x0000000089d00000, 0x0000000089d00000| Untracked 
| 108|0x0000000089e00000, 0x0000000089e00000, 0x0000000089f00000|  0%| F|  |TAMS 0x0000000089e00000, 0x0000000089e00000| Untracked 
| 109|0x0000000089f00000, 0x0000000089f00000, 0x000000008a000000|  0%| F|  |TAMS 0x0000000089f00000, 0x0000000089f00000| Untracked 
| 110|0x000000008a000000, 0x000000008a000000, 0x000000008a100000|  0%| F|  |TAMS 0x000000008a000000, 0x000000008a000000| Untracked 
| 111|0x000000008a100000, 0x000000008a100000, 0x000000008a200000|  0%| F|  |TAMS 0x000000008a100000, 0x000000008a100000| Untracked 
| 112|0x000000008a200000, 0x000000008a200000, 0x000000008a300000|  0%| F|  |TAMS 0x000000008a200000, 0x000000008a200000| Untracked 
| 113|0x000000008a300000, 0x000000008a3ad9b0, 0x000000008a400000| 67%| S|CS|TAMS 0x000000008a300000, 0x000000008a300000| Complete 
| 114|0x000000008a400000, 0x000000008a500000, 0x000000008a500000|100%| S|CS|TAMS 0x000000008a400000, 0x000000008a400000| Complete 
| 115|0x000000008a500000, 0x000000008a600000, 0x000000008a600000|100%| S|CS|TAMS 0x000000008a500000, 0x000000008a500000| Complete 
| 116|0x000000008a600000, 0x000000008a700000, 0x000000008a700000|100%| S|CS|TAMS 0x000000008a600000, 0x000000008a600000| Complete 
| 117|0x000000008a700000, 0x000000008a800000, 0x000000008a800000|100%| S|CS|TAMS 0x000000008a700000, 0x000000008a700000| Complete 
| 118|0x000000008a800000, 0x000000008a900000, 0x000000008a900000|100%| S|CS|TAMS 0x000000008a800000, 0x000000008a800000| Complete 
| 119|0x000000008a900000, 0x000000008aa00000, 0x000000008aa00000|100%| S|CS|TAMS 0x000000008a900000, 0x000000008a900000| Complete 
| 120|0x000000008aa00000, 0x000000008ab00000, 0x000000008ab00000|100%| S|CS|TAMS 0x000000008aa00000, 0x000000008aa00000| Complete 
| 121|0x000000008ab00000, 0x000000008ac00000, 0x000000008ac00000|100%| S|CS|TAMS 0x000000008ab00000, 0x000000008ab00000| Complete 
| 122|0x000000008ac00000, 0x000000008ac00000, 0x000000008ad00000|  0%| F|  |TAMS 0x000000008ac00000, 0x000000008ac00000| Untracked 
| 123|0x000000008ad00000, 0x000000008ad00000, 0x000000008ae00000|  0%| F|  |TAMS 0x000000008ad00000, 0x000000008ad00000| Untracked 
| 124|0x000000008ae00000, 0x000000008ae00000, 0x000000008af00000|  0%| F|  |TAMS 0x000000008ae00000, 0x000000008ae00000| Untracked 
| 125|0x000000008af00000, 0x000000008af00000, 0x000000008b000000|  0%| F|  |TAMS 0x000000008af00000, 0x000000008af00000| Untracked 
| 126|0x000000008b000000, 0x000000008b000000, 0x000000008b100000|  0%| F|  |TAMS 0x000000008b000000, 0x000000008b000000| Untracked 
| 127|0x000000008b100000, 0x000000008b100000, 0x000000008b200000|  0%| F|  |TAMS 0x000000008b100000, 0x000000008b100000| Untracked 
| 128|0x000000008b200000, 0x000000008b300000, 0x000000008b300000|100%| S|CS|TAMS 0x000000008b200000, 0x000000008b200000| Complete 
| 129|0x000000008b300000, 0x000000008b400000, 0x000000008b400000|100%| S|CS|TAMS 0x000000008b300000, 0x000000008b300000| Complete 
| 130|0x000000008b400000, 0x000000008b500000, 0x000000008b500000|100%| S|CS|TAMS 0x000000008b400000, 0x000000008b400000| Complete 
| 131|0x000000008b500000, 0x000000008b600000, 0x000000008b600000|100%| S|CS|TAMS 0x000000008b500000, 0x000000008b500000| Complete 
| 132|0x000000008b600000, 0x000000008b600000, 0x000000008b700000|  0%| F|  |TAMS 0x000000008b600000, 0x000000008b600000| Untracked 
| 133|0x000000008b700000, 0x000000008b700000, 0x000000008b800000|  0%| F|  |TAMS 0x000000008b700000, 0x000000008b700000| Untracked 
| 134|0x000000008b800000, 0x000000008b800000, 0x000000008b900000|  0%| F|  |TAMS 0x000000008b800000, 0x000000008b800000| Untracked 
| 135|0x000000008b900000, 0x000000008b900000, 0x000000008ba00000|  0%| F|  |TAMS 0x000000008b900000, 0x000000008b900000| Untracked 
| 136|0x000000008ba00000, 0x000000008ba00000, 0x000000008bb00000|  0%| F|  |TAMS 0x000000008ba00000, 0x000000008ba00000| Untracked 
| 137|0x000000008bb00000, 0x000000008bb00000, 0x000000008bc00000|  0%| F|  |TAMS 0x000000008bb00000, 0x000000008bb00000| Untracked 
| 138|0x000000008bc00000, 0x000000008bc00000, 0x000000008bd00000|  0%| F|  |TAMS 0x000000008bc00000, 0x000000008bc00000| Untracked 
| 139|0x000000008bd00000, 0x000000008bd00000, 0x000000008be00000|  0%| F|  |TAMS 0x000000008bd00000, 0x000000008bd00000| Untracked 
| 140|0x000000008be00000, 0x000000008be00000, 0x000000008bf00000|  0%| F|  |TAMS 0x000000008be00000, 0x000000008be00000| Untracked 
| 141|0x000000008bf00000, 0x000000008bf00000, 0x000000008c000000|  0%| F|  |TAMS 0x000000008bf00000, 0x000000008bf00000| Untracked 
| 142|0x000000008c000000, 0x000000008c000000, 0x000000008c100000|  0%| F|  |TAMS 0x000000008c000000, 0x000000008c000000| Untracked 
| 143|0x000000008c100000, 0x000000008c100000, 0x000000008c200000|  0%| F|  |TAMS 0x000000008c100000, 0x000000008c100000| Untracked 
| 144|0x000000008c200000, 0x000000008c200000, 0x000000008c300000|  0%| F|  |TAMS 0x000000008c200000, 0x000000008c200000| Untracked 
| 145|0x000000008c300000, 0x000000008c300000, 0x000000008c400000|  0%| F|  |TAMS 0x000000008c300000, 0x000000008c300000| Untracked 
| 146|0x000000008c400000, 0x000000008c400000, 0x000000008c500000|  0%| F|  |TAMS 0x000000008c400000, 0x000000008c400000| Untracked 
| 147|0x000000008c500000, 0x000000008c500000, 0x000000008c600000|  0%| F|  |TAMS 0x000000008c500000, 0x000000008c500000| Untracked 
| 148|0x000000008c600000, 0x000000008c600000, 0x000000008c700000|  0%| F|  |TAMS 0x000000008c600000, 0x000000008c600000| Untracked 
| 149|0x000000008c700000, 0x000000008c700000, 0x000000008c800000|  0%| F|  |TAMS 0x000000008c700000, 0x000000008c700000| Untracked 
| 150|0x000000008c800000, 0x000000008c800000, 0x000000008c900000|  0%| F|  |TAMS 0x000000008c800000, 0x000000008c800000| Untracked 
| 151|0x000000008c900000, 0x000000008c900000, 0x000000008ca00000|  0%| F|  |TAMS 0x000000008c900000, 0x000000008c900000| Untracked 
| 152|0x000000008ca00000, 0x000000008ca00000, 0x000000008cb00000|  0%| F|  |TAMS 0x000000008ca00000, 0x000000008ca00000| Untracked 
| 153|0x000000008cb00000, 0x000000008cb00000, 0x000000008cc00000|  0%| F|  |TAMS 0x000000008cb00000, 0x000000008cb00000| Untracked 
| 154|0x000000008cc00000, 0x000000008cc00000, 0x000000008cd00000|  0%| F|  |TAMS 0x000000008cc00000, 0x000000008cc00000| Untracked 
| 155|0x000000008cd00000, 0x000000008cd00000, 0x000000008ce00000|  0%| F|  |TAMS 0x000000008cd00000, 0x000000008cd00000| Untracked 
| 156|0x000000008ce00000, 0x000000008ce00000, 0x000000008cf00000|  0%| F|  |TAMS 0x000000008ce00000, 0x000000008ce00000| Untracked 
| 157|0x000000008cf00000, 0x000000008cf00000, 0x000000008d000000|  0%| F|  |TAMS 0x000000008cf00000, 0x000000008cf00000| Untracked 
| 158|0x000000008d000000, 0x000000008d000000, 0x000000008d100000|  0%| F|  |TAMS 0x000000008d000000, 0x000000008d000000| Untracked 
| 159|0x000000008d100000, 0x000000008d100000, 0x000000008d200000|  0%| F|  |TAMS 0x000000008d100000, 0x000000008d100000| Untracked 
| 160|0x000000008d200000, 0x000000008d200000, 0x000000008d300000|  0%| F|  |TAMS 0x000000008d200000, 0x000000008d200000| Untracked 
| 161|0x000000008d300000, 0x000000008d300000, 0x000000008d400000|  0%| F|  |TAMS 0x000000008d300000, 0x000000008d300000| Untracked 
| 162|0x000000008d400000, 0x000000008d400000, 0x000000008d500000|  0%| F|  |TAMS 0x000000008d400000, 0x000000008d400000| Untracked 
| 163|0x000000008d500000, 0x000000008d500000, 0x000000008d600000|  0%| F|  |TAMS 0x000000008d500000, 0x000000008d500000| Untracked 
| 164|0x000000008d600000, 0x000000008d600000, 0x000000008d700000|  0%| F|  |TAMS 0x000000008d600000, 0x000000008d600000| Untracked 
| 165|0x000000008d700000, 0x000000008d700000, 0x000000008d800000|  0%| F|  |TAMS 0x000000008d700000, 0x000000008d700000| Untracked 
| 166|0x000000008d800000, 0x000000008d800000, 0x000000008d900000|  0%| F|  |TAMS 0x000000008d800000, 0x000000008d800000| Untracked 
| 167|0x000000008d900000, 0x000000008d900000, 0x000000008da00000|  0%| F|  |TAMS 0x000000008d900000, 0x000000008d900000| Untracked 
| 168|0x000000008da00000, 0x000000008da00000, 0x000000008db00000|  0%| F|  |TAMS 0x000000008da00000, 0x000000008da00000| Untracked 
| 169|0x000000008db00000, 0x000000008db00000, 0x000000008dc00000|  0%| F|  |TAMS 0x000000008db00000, 0x000000008db00000| Untracked 
| 170|0x000000008dc00000, 0x000000008dc00000, 0x000000008dd00000|  0%| F|  |TAMS 0x000000008dc00000, 0x000000008dc00000| Untracked 
| 171|0x000000008dd00000, 0x000000008dd00000, 0x000000008de00000|  0%| F|  |TAMS 0x000000008dd00000, 0x000000008dd00000| Untracked 
| 172|0x000000008de00000, 0x000000008de00000, 0x000000008df00000|  0%| F|  |TAMS 0x000000008de00000, 0x000000008de00000| Untracked 
| 173|0x000000008df00000, 0x000000008df00000, 0x000000008e000000|  0%| F|  |TAMS 0x000000008df00000, 0x000000008df00000| Untracked 
| 174|0x000000008e000000, 0x000000008e000000, 0x000000008e100000|  0%| F|  |TAMS 0x000000008e000000, 0x000000008e000000| Untracked 
| 175|0x000000008e100000, 0x000000008e100000, 0x000000008e200000|  0%| F|  |TAMS 0x000000008e100000, 0x000000008e100000| Untracked 
| 176|0x000000008e200000, 0x000000008e200000, 0x000000008e300000|  0%| F|  |TAMS 0x000000008e200000, 0x000000008e200000| Untracked 
| 177|0x000000008e300000, 0x000000008e300000, 0x000000008e400000|  0%| F|  |TAMS 0x000000008e300000, 0x000000008e300000| Untracked 
| 178|0x000000008e400000, 0x000000008e400000, 0x000000008e500000|  0%| F|  |TAMS 0x000000008e400000, 0x000000008e400000| Untracked 
| 179|0x000000008e500000, 0x000000008e500000, 0x000000008e600000|  0%| F|  |TAMS 0x000000008e500000, 0x000000008e500000| Untracked 
| 180|0x000000008e600000, 0x000000008e600000, 0x000000008e700000|  0%| F|  |TAMS 0x000000008e600000, 0x000000008e600000| Untracked 
| 181|0x000000008e700000, 0x000000008e700000, 0x000000008e800000|  0%| F|  |TAMS 0x000000008e700000, 0x000000008e700000| Untracked 
| 182|0x000000008e800000, 0x000000008e800000, 0x000000008e900000|  0%| F|  |TAMS 0x000000008e800000, 0x000000008e800000| Untracked 
| 183|0x000000008e900000, 0x000000008e900000, 0x000000008ea00000|  0%| F|  |TAMS 0x000000008e900000, 0x000000008e900000| Untracked 
| 184|0x000000008ea00000, 0x000000008ea00000, 0x000000008eb00000|  0%| F|  |TAMS 0x000000008ea00000, 0x000000008ea00000| Untracked 
| 185|0x000000008eb00000, 0x000000008eb00000, 0x000000008ec00000|  0%| F|  |TAMS 0x000000008eb00000, 0x000000008eb00000| Untracked 
| 186|0x000000008ec00000, 0x000000008ec00000, 0x000000008ed00000|  0%| F|  |TAMS 0x000000008ec00000, 0x000000008ec00000| Untracked 
| 187|0x000000008ed00000, 0x000000008ed00000, 0x000000008ee00000|  0%| F|  |TAMS 0x000000008ed00000, 0x000000008ed00000| Untracked 
| 188|0x000000008ee00000, 0x000000008ee00000, 0x000000008ef00000|  0%| F|  |TAMS 0x000000008ee00000, 0x000000008ee00000| Untracked 
| 189|0x000000008ef00000, 0x000000008ef00000, 0x000000008f000000|  0%| F|  |TAMS 0x000000008ef00000, 0x000000008ef00000| Untracked 
| 190|0x000000008f000000, 0x000000008f000000, 0x000000008f100000|  0%| F|  |TAMS 0x000000008f000000, 0x000000008f000000| Untracked 
| 191|0x000000008f100000, 0x000000008f100000, 0x000000008f200000|  0%| F|  |TAMS 0x000000008f100000, 0x000000008f100000| Untracked 
| 192|0x000000008f200000, 0x000000008f200000, 0x000000008f300000|  0%| F|  |TAMS 0x000000008f200000, 0x000000008f200000| Untracked 
| 193|0x000000008f300000, 0x000000008f300000, 0x000000008f400000|  0%| F|  |TAMS 0x000000008f300000, 0x000000008f300000| Untracked 
| 194|0x000000008f400000, 0x000000008f400000, 0x000000008f500000|  0%| F|  |TAMS 0x000000008f400000, 0x000000008f400000| Untracked 
| 195|0x000000008f500000, 0x000000008f500000, 0x000000008f600000|  0%| F|  |TAMS 0x000000008f500000, 0x000000008f500000| Untracked 
| 196|0x000000008f600000, 0x000000008f600000, 0x000000008f700000|  0%| F|  |TAMS 0x000000008f600000, 0x000000008f600000| Untracked 
| 197|0x000000008f700000, 0x000000008f700000, 0x000000008f800000|  0%| F|  |TAMS 0x000000008f700000, 0x000000008f700000| Untracked 
| 198|0x000000008f800000, 0x000000008f800000, 0x000000008f900000|  0%| F|  |TAMS 0x000000008f800000, 0x000000008f800000| Untracked 
| 199|0x000000008f900000, 0x000000008f900000, 0x000000008fa00000|  0%| F|  |TAMS 0x000000008f900000, 0x000000008f900000| Untracked 
| 200|0x000000008fa00000, 0x000000008fa00000, 0x000000008fb00000|  0%| F|  |TAMS 0x000000008fa00000, 0x000000008fa00000| Untracked 
| 201|0x000000008fb00000, 0x000000008fb00000, 0x000000008fc00000|  0%| F|  |TAMS 0x000000008fb00000, 0x000000008fb00000| Untracked 
| 202|0x000000008fc00000, 0x000000008fc00000, 0x000000008fd00000|  0%| F|  |TAMS 0x000000008fc00000, 0x000000008fc00000| Untracked 
| 203|0x000000008fd00000, 0x000000008fd00000, 0x000000008fe00000|  0%| F|  |TAMS 0x000000008fd00000, 0x000000008fd00000| Untracked 
| 204|0x000000008fe00000, 0x000000008fe00000, 0x000000008ff00000|  0%| F|  |TAMS 0x000000008fe00000, 0x000000008fe00000| Untracked 
| 205|0x000000008ff00000, 0x000000008ff00000, 0x0000000090000000|  0%| F|  |TAMS 0x000000008ff00000, 0x000000008ff00000| Untracked 
| 206|0x0000000090000000, 0x0000000090000000, 0x0000000090100000|  0%| F|  |TAMS 0x0000000090000000, 0x0000000090000000| Untracked 
| 207|0x0000000090100000, 0x0000000090100000, 0x0000000090200000|  0%| F|  |TAMS 0x0000000090100000, 0x0000000090100000| Untracked 
| 208|0x0000000090200000, 0x0000000090200000, 0x0000000090300000|  0%| F|  |TAMS 0x0000000090200000, 0x0000000090200000| Untracked 
| 209|0x0000000090300000, 0x0000000090300000, 0x0000000090400000|  0%| F|  |TAMS 0x0000000090300000, 0x0000000090300000| Untracked 
| 210|0x0000000090400000, 0x0000000090400000, 0x0000000090500000|  0%| F|  |TAMS 0x0000000090400000, 0x0000000090400000| Untracked 
| 211|0x0000000090500000, 0x0000000090500000, 0x0000000090600000|  0%| F|  |TAMS 0x0000000090500000, 0x0000000090500000| Untracked 
| 212|0x0000000090600000, 0x0000000090600000, 0x0000000090700000|  0%| F|  |TAMS 0x0000000090600000, 0x0000000090600000| Untracked 
| 213|0x0000000090700000, 0x0000000090700000, 0x0000000090800000|  0%| F|  |TAMS 0x0000000090700000, 0x0000000090700000| Untracked 
| 214|0x0000000090800000, 0x0000000090800000, 0x0000000090900000|  0%| F|  |TAMS 0x0000000090800000, 0x0000000090800000| Untracked 
| 215|0x0000000090900000, 0x0000000090900000, 0x0000000090a00000|  0%| F|  |TAMS 0x0000000090900000, 0x0000000090900000| Untracked 
| 216|0x0000000090a00000, 0x0000000090a00000, 0x0000000090b00000|  0%| F|  |TAMS 0x0000000090a00000, 0x0000000090a00000| Untracked 
| 217|0x0000000090b00000, 0x0000000090b00000, 0x0000000090c00000|  0%| F|  |TAMS 0x0000000090b00000, 0x0000000090b00000| Untracked 
| 218|0x0000000090c00000, 0x0000000090c00000, 0x0000000090d00000|  0%| F|  |TAMS 0x0000000090c00000, 0x0000000090c00000| Untracked 
| 219|0x0000000090d00000, 0x0000000090d00000, 0x0000000090e00000|  0%| F|  |TAMS 0x0000000090d00000, 0x0000000090d00000| Untracked 
| 220|0x0000000090e00000, 0x0000000090e00000, 0x0000000090f00000|  0%| F|  |TAMS 0x0000000090e00000, 0x0000000090e00000| Untracked 
| 221|0x0000000090f00000, 0x0000000090f00000, 0x0000000091000000|  0%| F|  |TAMS 0x0000000090f00000, 0x0000000090f00000| Untracked 
| 222|0x0000000091000000, 0x0000000091000000, 0x0000000091100000|  0%| F|  |TAMS 0x0000000091000000, 0x0000000091000000| Untracked 
| 223|0x0000000091100000, 0x0000000091100000, 0x0000000091200000|  0%| F|  |TAMS 0x0000000091100000, 0x0000000091100000| Untracked 
| 224|0x0000000091200000, 0x0000000091200000, 0x0000000091300000|  0%| F|  |TAMS 0x0000000091200000, 0x0000000091200000| Untracked 
| 225|0x0000000091300000, 0x0000000091300000, 0x0000000091400000|  0%| F|  |TAMS 0x0000000091300000, 0x0000000091300000| Untracked 
| 226|0x0000000091400000, 0x0000000091400000, 0x0000000091500000|  0%| F|  |TAMS 0x0000000091400000, 0x0000000091400000| Untracked 
| 227|0x0000000091500000, 0x0000000091500000, 0x0000000091600000|  0%| F|  |TAMS 0x0000000091500000, 0x0000000091500000| Untracked 
| 228|0x0000000091600000, 0x0000000091600000, 0x0000000091700000|  0%| F|  |TAMS 0x0000000091600000, 0x0000000091600000| Untracked 
| 229|0x0000000091700000, 0x0000000091700000, 0x0000000091800000|  0%| F|  |TAMS 0x0000000091700000, 0x0000000091700000| Untracked 
| 230|0x0000000091800000, 0x0000000091800000, 0x0000000091900000|  0%| F|  |TAMS 0x0000000091800000, 0x0000000091800000| Untracked 
| 231|0x0000000091900000, 0x0000000091900000, 0x0000000091a00000|  0%| F|  |TAMS 0x0000000091900000, 0x0000000091900000| Untracked 
| 232|0x0000000091a00000, 0x0000000091a00000, 0x0000000091b00000|  0%| F|  |TAMS 0x0000000091a00000, 0x0000000091a00000| Untracked 
| 233|0x0000000091b00000, 0x0000000091b00000, 0x0000000091c00000|  0%| F|  |TAMS 0x0000000091b00000, 0x0000000091b00000| Untracked 
| 234|0x0000000091c00000, 0x0000000091c00000, 0x0000000091d00000|  0%| F|  |TAMS 0x0000000091c00000, 0x0000000091c00000| Untracked 
| 235|0x0000000091d00000, 0x0000000091d00000, 0x0000000091e00000|  0%| F|  |TAMS 0x0000000091d00000, 0x0000000091d00000| Untracked 
| 236|0x0000000091e00000, 0x0000000091e00000, 0x0000000091f00000|  0%| F|  |TAMS 0x0000000091e00000, 0x0000000091e00000| Untracked 
| 237|0x0000000091f00000, 0x0000000091f00000, 0x0000000092000000|  0%| F|  |TAMS 0x0000000091f00000, 0x0000000091f00000| Untracked 
| 238|0x0000000092000000, 0x0000000092000000, 0x0000000092100000|  0%| F|  |TAMS 0x0000000092000000, 0x0000000092000000| Untracked 
| 239|0x0000000092100000, 0x0000000092100000, 0x0000000092200000|  0%| F|  |TAMS 0x0000000092100000, 0x0000000092100000| Untracked 
| 240|0x0000000092200000, 0x0000000092200000, 0x0000000092300000|  0%| F|  |TAMS 0x0000000092200000, 0x0000000092200000| Untracked 
| 241|0x0000000092300000, 0x0000000092300000, 0x0000000092400000|  0%| F|  |TAMS 0x0000000092300000, 0x0000000092300000| Untracked 
| 242|0x0000000092400000, 0x0000000092400000, 0x0000000092500000|  0%| F|  |TAMS 0x0000000092400000, 0x0000000092400000| Untracked 
| 243|0x0000000092500000, 0x0000000092500000, 0x0000000092600000|  0%| F|  |TAMS 0x0000000092500000, 0x0000000092500000| Untracked 
| 244|0x0000000092600000, 0x0000000092600000, 0x0000000092700000|  0%| F|  |TAMS 0x0000000092600000, 0x0000000092600000| Untracked 
| 245|0x0000000092700000, 0x0000000092700000, 0x0000000092800000|  0%| F|  |TAMS 0x0000000092700000, 0x0000000092700000| Untracked 
| 246|0x0000000092800000, 0x0000000092800000, 0x0000000092900000|  0%| F|  |TAMS 0x0000000092800000, 0x0000000092800000| Untracked 
| 247|0x0000000092900000, 0x0000000092900000, 0x0000000092a00000|  0%| F|  |TAMS 0x0000000092900000, 0x0000000092900000| Untracked 
| 248|0x0000000092a00000, 0x0000000092a00000, 0x0000000092b00000|  0%| F|  |TAMS 0x0000000092a00000, 0x0000000092a00000| Untracked 
| 249|0x0000000092b00000, 0x0000000092b00000, 0x0000000092c00000|  0%| F|  |TAMS 0x0000000092b00000, 0x0000000092b00000| Untracked 
| 250|0x0000000092c00000, 0x0000000092c00000, 0x0000000092d00000|  0%| F|  |TAMS 0x0000000092c00000, 0x0000000092c00000| Untracked 
| 251|0x0000000092d00000, 0x0000000092d00000, 0x0000000092e00000|  0%| F|  |TAMS 0x0000000092d00000, 0x0000000092d00000| Untracked 
| 252|0x0000000092e00000, 0x0000000092e00000, 0x0000000092f00000|  0%| F|  |TAMS 0x0000000092e00000, 0x0000000092e00000| Untracked 
| 253|0x0000000092f00000, 0x0000000092f00000, 0x0000000093000000|  0%| F|  |TAMS 0x0000000092f00000, 0x0000000092f00000| Untracked 
| 254|0x0000000093000000, 0x0000000093000000, 0x0000000093100000|  0%| F|  |TAMS 0x0000000093000000, 0x0000000093000000| Untracked 
| 255|0x0000000093100000, 0x0000000093100000, 0x0000000093200000|  0%| F|  |TAMS 0x0000000093100000, 0x0000000093100000| Untracked 
| 256|0x0000000093200000, 0x0000000093200000, 0x0000000093300000|  0%| F|  |TAMS 0x0000000093200000, 0x0000000093200000| Untracked 
| 257|0x0000000093300000, 0x0000000093300000, 0x0000000093400000|  0%| F|  |TAMS 0x0000000093300000, 0x0000000093300000| Untracked 
| 258|0x0000000093400000, 0x0000000093400000, 0x0000000093500000|  0%| F|  |TAMS 0x0000000093400000, 0x0000000093400000| Untracked 
| 259|0x0000000093500000, 0x0000000093500000, 0x0000000093600000|  0%| F|  |TAMS 0x0000000093500000, 0x0000000093500000| Untracked 
| 260|0x0000000093600000, 0x0000000093600000, 0x0000000093700000|  0%| F|  |TAMS 0x0000000093600000, 0x0000000093600000| Untracked 
| 261|0x0000000093700000, 0x0000000093700000, 0x0000000093800000|  0%| F|  |TAMS 0x0000000093700000, 0x0000000093700000| Untracked 
| 262|0x0000000093800000, 0x0000000093800000, 0x0000000093900000|  0%| F|  |TAMS 0x0000000093800000, 0x0000000093800000| Untracked 
| 263|0x0000000093900000, 0x0000000093900000, 0x0000000093a00000|  0%| F|  |TAMS 0x0000000093900000, 0x0000000093900000| Untracked 
| 264|0x0000000093a00000, 0x0000000093a00000, 0x0000000093b00000|  0%| F|  |TAMS 0x0000000093a00000, 0x0000000093a00000| Untracked 
| 265|0x0000000093b00000, 0x0000000093b00000, 0x0000000093c00000|  0%| F|  |TAMS 0x0000000093b00000, 0x0000000093b00000| Untracked 
| 266|0x0000000093c00000, 0x0000000093c00000, 0x0000000093d00000|  0%| F|  |TAMS 0x0000000093c00000, 0x0000000093c00000| Untracked 
| 267|0x0000000093d00000, 0x0000000093d00000, 0x0000000093e00000|  0%| F|  |TAMS 0x0000000093d00000, 0x0000000093d00000| Untracked 

Card table byte_map: [0x0000026d51740000,0x0000026d51b30000] _byte_map_base: 0x0000026d51327000

Marking Bits (Prev, Next): (CMBitMap*) 0x0000026d4b620c50, (CMBitMap*) 0x0000026d4b620c10
 Prev Bits: [0x0000026d53e60000, 0x0000026d55d98000)
 Next Bits: [0x0000026d51f20000, 0x0000026d53e58000)

Polling page: 0x0000026d4ad80000

Metaspace:

Usage:
  Non-class:     31.47 MB used.
      Class:      4.67 MB used.
       Both:     36.14 MB used.

Virtual space:
  Non-class space:       40.00 MB reserved,      31.62 MB ( 79%) committed,  5 nodes.
      Class space:        1.00 GB reserved,       4.81 MB ( <1%) committed,  1 nodes.
             Both:        1.04 GB reserved,      36.44 MB (  3%) committed. 

Chunk freelists:
   Non-Class:  3.95 MB
       Class:  3.02 MB
        Both:  6.97 MB

MaxMetaspaceSize: unlimited
CompressedClassSpaceSize: 1.00 GB
Initial GC threshold: 21.00 MB
Current GC threshold: 60.44 MB
CDS: off
MetaspaceReclaimPolicy: balanced
 - commit_granule_bytes: 65536.
 - commit_granule_words: 8192.
 - virtual_space_node_default_size: 1048576.
 - enlarge_chunks_in_place: 1.
 - new_chunks_are_fully_committed: 0.
 - uncommit_free_chunks: 1.
 - use_allocation_guard: 0.
 - handle_deallocations: 1.


Internal statistics:

num_allocs_failed_limit: 6.
num_arena_births: 342.
num_arena_deaths: 0.
num_vsnodes_births: 6.
num_vsnodes_deaths: 0.
num_space_committed: 583.
num_space_uncommitted: 0.
num_chunks_returned_to_freelist: 6.
num_chunks_taken_from_freelist: 1409.
num_chunk_merges: 6.
num_chunk_splits: 970.
num_chunks_enlarged: 754.
num_purges: 0.
num_inconsistent_stats: 0.

CodeCache: size=49152Kb used=9158Kb max_used=9158Kb free=39993Kb
 bounds [0x0000026d4e240000, 0x0000026d4eb40000, 0x0000026d51240000]
 total_blobs=4283 nmethods=3755 adapters=452
 compilation: enabled
              stopped_count=0, restarted_count=0
 full_count=0

Compilation events (20 events):
Event: 3.942 Thread 0x0000026d59ef1050 3748       1       sun.security.util.AlgorithmDecomposer::hasLoop (37 bytes)
Event: 3.942 Thread 0x0000026d59ef38b0 3749       1       java.lang.StringLatin1::compareToCI (108 bytes)
Event: 3.945 Thread 0x0000026d59ef1050 nmethod 3748 0x0000026d4eb2db10 code [0x0000026d4eb2dce0, 0x0000026d4eb2de58]
Event: 3.946 Thread 0x0000026d596221f0 nmethod 3747 0x0000026d4eb2df10 code [0x0000026d4eb2e100, 0x0000026d4eb2e3c8]
Event: 3.946 Thread 0x0000026d59ef1050 3750       1       sun.security.util.SignatureFileVerifier::updateSigners (132 bytes)
Event: 3.946 Thread 0x0000026d59ef38b0 nmethod 3749 0x0000026d4eb2e510 code [0x0000026d4eb2e700, 0x0000026d4eb2ea18]
Event: 3.965 Thread 0x0000026d594232e0 nmethod 3746 0x0000026d4eb2ec90 code [0x0000026d4eb2ee80, 0x0000026d4eb2f568]
Event: 3.967 Thread 0x0000026d59ef1050 nmethod 3750 0x0000026d4eb2f910 code [0x0000026d4eb2fb40, 0x0000026d4eb300b8]
Event: 3.978 Thread 0x0000026d594232e0 3751       1       sun.security.util.DerValue::toDerInputStream (54 bytes)
Event: 3.978 Thread 0x0000026d59ef1050 3752       1       sun.security.util.DerInputStream::getSet (11 bytes)
Event: 3.978 Thread 0x0000026d594232e0 nmethod 3751 0x0000026d4eb30410 code [0x0000026d4eb30600, 0x0000026d4eb309b8]
Event: 3.978 Thread 0x0000026d59ef1050 nmethod 3752 0x0000026d4eb30b90 code [0x0000026d4eb30d40, 0x0000026d4eb30e58]
Event: 3.980 Thread 0x0000026d594232e0 3753       1       sun.util.calendar.CalendarDate::setNormalized (6 bytes)
Event: 3.980 Thread 0x0000026d594232e0 nmethod 3753 0x0000026d4eb30f10 code [0x0000026d4eb310a0, 0x0000026d4eb31178]
Event: 3.981 Thread 0x0000026d594232e0 3754       1       java.math.BigInteger::bitLengthForInt (8 bytes)
Event: 3.981 Thread 0x0000026d594232e0 nmethod 3754 0x0000026d4eb31210 code [0x0000026d4eb313a0, 0x0000026d4eb31468]
Event: 3.991 Thread 0x0000026d59ef1050 3755       1       java.util.concurrent.ConcurrentHashMap::resizeStamp (9 bytes)
Event: 4.018 Thread 0x0000026d594232e0 3756       1       java.util.concurrent.locks.ReentrantLock$NonfairSync::tryAcquire (27 bytes)
Event: 4.018 Thread 0x0000026d59ef1050 nmethod 3755 0x0000026d4eb31510 code [0x0000026d4eb316a0, 0x0000026d4eb31768]
Event: 4.019 Thread 0x0000026d594232e0 nmethod 3756 0x0000026d4eb31810 code [0x0000026d4eb319a0, 0x0000026d4eb31b18]

GC Heap History (20 events):
Event: 3.277 GC heap after
{Heap after GC invocations=11 (full 0):
 garbage-first heap   total 75776K, used 32506K [0x0000000083200000, 0x0000000100000000)
  region size 1024K, 4 young (4096K), 4 survivors (4096K)
 Metaspace       used 34253K, committed 34560K, reserved 1081344K
  class space    used 4371K, committed 4544K, reserved 1048576K
}
Event: 3.330 GC heap before
{Heap before GC invocations=11 (full 0):
 garbage-first heap   total 75776K, used 56058K [0x0000000083200000, 0x0000000100000000)
  region size 1024K, 27 young (27648K), 4 survivors (4096K)
 Metaspace       used 34466K, committed 34816K, reserved 1081344K
  class space    used 4400K, committed 4608K, reserved 1048576K
}
Event: 3.338 GC heap after
{Heap after GC invocations=12 (full 0):
 garbage-first heap   total 113664K, used 38383K [0x0000000083200000, 0x0000000100000000)
  region size 1024K, 4 young (4096K), 4 survivors (4096K)
 Metaspace       used 34466K, committed 34816K, reserved 1081344K
  class space    used 4400K, committed 4608K, reserved 1048576K
}
Event: 3.586 GC heap before
{Heap before GC invocations=12 (full 0):
 garbage-first heap   total 113664K, used 73199K [0x0000000083200000, 0x0000000100000000)
  region size 1024K, 39 young (39936K), 4 survivors (4096K)
 Metaspace       used 35870K, committed 36160K, reserved 1081344K
  class space    used 4655K, committed 4800K, reserved 1048576K
}
Event: 3.595 GC heap after
{Heap after GC invocations=13 (full 0):
 garbage-first heap   total 113664K, used 46211K [0x0000000083200000, 0x0000000100000000)
  region size 1024K, 6 young (6144K), 6 survivors (6144K)
 Metaspace       used 35870K, committed 36160K, reserved 1081344K
  class space    used 4655K, committed 4800K, reserved 1048576K
}
Event: 3.727 GC heap before
{Heap before GC invocations=14 (full 0):
 garbage-first heap   total 113664K, used 82051K [0x0000000083200000, 0x0000000100000000)
  region size 1024K, 40 young (40960K), 6 survivors (6144K)
 Metaspace       used 36706K, committed 37056K, reserved 1081344K
  class space    used 4746K, committed 4928K, reserved 1048576K
}
Event: 3.759 GC heap after
{Heap after GC invocations=15 (full 0):
 garbage-first heap   total 113664K, used 62117K [0x0000000083200000, 0x0000000100000000)
  region size 1024K, 5 young (5120K), 5 survivors (5120K)
 Metaspace       used 36706K, committed 37056K, reserved 1081344K
  class space    used 4746K, committed 4928K, reserved 1048576K
}
Event: 3.773 GC heap before
{Heap before GC invocations=15 (full 0):
 garbage-first heap   total 113664K, used 82597K [0x0000000083200000, 0x0000000100000000)
  region size 1024K, 26 young (26624K), 5 survivors (5120K)
 Metaspace       used 36715K, committed 37056K, reserved 1081344K
  class space    used 4747K, committed 4928K, reserved 1048576K
}
Event: 3.777 GC heap after
{Heap after GC invocations=16 (full 0):
 garbage-first heap   total 113664K, used 64758K [0x0000000083200000, 0x0000000100000000)
  region size 1024K, 2 young (2048K), 2 survivors (2048K)
 Metaspace       used 36715K, committed 37056K, reserved 1081344K
  class space    used 4747K, committed 4928K, reserved 1048576K
}
Event: 3.794 GC heap before
{Heap before GC invocations=16 (full 0):
 garbage-first heap   total 113664K, used 85238K [0x0000000083200000, 0x0000000100000000)
  region size 1024K, 23 young (23552K), 2 survivors (2048K)
 Metaspace       used 36721K, committed 37056K, reserved 1081344K
  class space    used 4749K, committed 4928K, reserved 1048576K
}
Event: 3.796 GC heap after
{Heap after GC invocations=17 (full 0):
 garbage-first heap   total 113664K, used 65447K [0x0000000083200000, 0x0000000100000000)
  region size 1024K, 3 young (3072K), 3 survivors (3072K)
 Metaspace       used 36721K, committed 37056K, reserved 1081344K
  class space    used 4749K, committed 4928K, reserved 1048576K
}
Event: 3.813 GC heap before
{Heap before GC invocations=17 (full 0):
 garbage-first heap   total 113664K, used 86951K [0x0000000083200000, 0x0000000100000000)
  region size 1024K, 25 young (25600K), 3 survivors (3072K)
 Metaspace       used 36732K, committed 37056K, reserved 1081344K
  class space    used 4750K, committed 4928K, reserved 1048576K
}
Event: 3.817 GC heap after
{Heap after GC invocations=18 (full 0):
 garbage-first heap   total 274432K, used 66324K [0x0000000083200000, 0x0000000100000000)
  region size 1024K, 3 young (3072K), 3 survivors (3072K)
 Metaspace       used 36732K, committed 37056K, reserved 1081344K
  class space    used 4750K, committed 4928K, reserved 1048576K
}
Event: 3.909 GC heap before
{Heap before GC invocations=18 (full 0):
 garbage-first heap   total 274432K, used 172820K [0x0000000083200000, 0x0000000100000000)
  region size 1024K, 109 young (111616K), 3 survivors (3072K)
 Metaspace       used 36776K, committed 37120K, reserved 1081344K
  class space    used 4763K, committed 4928K, reserved 1048576K
}
Event: 3.915 GC heap after
{Heap after GC invocations=19 (full 0):
 garbage-first heap   total 274432K, used 69468K [0x0000000083200000, 0x0000000100000000)
  region size 1024K, 7 young (7168K), 7 survivors (7168K)
 Metaspace       used 36776K, committed 37120K, reserved 1081344K
  class space    used 4763K, committed 4928K, reserved 1048576K
}
Event: 3.967 GC heap before
{Heap before GC invocations=20 (full 0):
 garbage-first heap   total 274432K, used 210780K [0x0000000083200000, 0x0000000100000000)
  region size 1024K, 146 young (149504K), 7 survivors (7168K)
 Metaspace       used 36957K, committed 37248K, reserved 1081344K
  class space    used 4772K, committed 4928K, reserved 1048576K
}
Event: 3.976 GC heap after
{Heap after GC invocations=21 (full 0):
 garbage-first heap   total 274432K, used 74592K [0x0000000083200000, 0x0000000100000000)
  region size 1024K, 12 young (12288K), 12 survivors (12288K)
 Metaspace       used 36957K, committed 37248K, reserved 1081344K
  class space    used 4772K, committed 4928K, reserved 1048576K
}
Event: 4.019 GC heap before
{Heap before GC invocations=21 (full 0):
 garbage-first heap   total 274432K, used 216928K [0x0000000083200000, 0x0000000100000000)
  region size 1024K, 152 young (155648K), 12 survivors (12288K)
 Metaspace       used 37003K, committed 37312K, reserved 1089536K
  class space    used 4776K, committed 4928K, reserved 1048576K
}
Event: 4.029 GC heap after
{Heap after GC invocations=22 (full 0):
 garbage-first heap   total 274432K, used 81300K [0x0000000083200000, 0x0000000100000000)
  region size 1024K, 16 young (16384K), 16 survivors (16384K)
 Metaspace       used 37003K, committed 37312K, reserved 1089536K
  class space    used 4776K, committed 4928K, reserved 1048576K
}
Event: 4.072 GC heap before
{Heap before GC invocations=22 (full 0):
 garbage-first heap   total 274432K, used 219540K [0x0000000083200000, 0x0000000100000000)
  region size 1024K, 152 young (155648K), 16 survivors (16384K)
 Metaspace       used 37009K, committed 37312K, reserved 1089536K
  class space    used 4779K, committed 4928K, reserved 1048576K
}

Deoptimization events (12 events):
Event: 1.578 Thread 0x0000026d4b5c50e0 DEOPT PACKING pc=0x0000026d4e792099 sp=0x000000e807bfd250
Event: 1.578 Thread 0x0000026d4b5c50e0 DEOPT UNPACKING pc=0x0000026d4e296763 sp=0x000000e807bfc730 mode 3
Event: 2.873 Thread 0x0000026d4b5c50e0 DEOPT PACKING pc=0x0000026d4e902199 sp=0x000000e807bfc630
Event: 2.873 Thread 0x0000026d4b5c50e0 DEOPT UNPACKING pc=0x0000026d4e296763 sp=0x000000e807bfbb10 mode 3
Event: 2.948 Thread 0x0000026d5b111bb0 DEOPT PACKING pc=0x0000026d4e955d2b sp=0x000000e8099fe550
Event: 2.948 Thread 0x0000026d5b111bb0 DEOPT UNPACKING pc=0x0000026d4e296763 sp=0x000000e8099fda98 mode 3
Event: 3.130 Thread 0x0000026d5b228080 DEOPT PACKING pc=0x0000026d4e790101 sp=0x000000e80a1fea90
Event: 3.130 Thread 0x0000026d5b228080 DEOPT UNPACKING pc=0x0000026d4e296763 sp=0x000000e80a1fdf20 mode 3
Event: 3.456 Thread 0x0000026d5b226d40 DEOPT PACKING pc=0x0000026d4eac64b5 sp=0x000000e80abfd370
Event: 3.456 Thread 0x0000026d5b226d40 DEOPT UNPACKING pc=0x0000026d4e296763 sp=0x000000e80abfc888 mode 3
Event: 3.582 Thread 0x0000026d5b228550 DEOPT PACKING pc=0x0000026d4e78ca97 sp=0x000000e80a3fed20
Event: 3.582 Thread 0x0000026d5b228550 DEOPT UNPACKING pc=0x0000026d4e296763 sp=0x000000e80a3fe178 mode 3

Classes unloaded (0 events):
No events

Classes redefined (0 events):
No events

Internal exceptions (20 events):
Event: 2.982 Thread 0x0000026d5b1784f0 Exception <a 'sun/nio/fs/WindowsException'{0x00000000873841a8}> (0x00000000873841a8) 
thrown [s\src\hotspot\share\prims\jni.cpp, line 516]
Event: 2.982 Thread 0x0000026d5b1784f0 Exception <a 'sun/nio/fs/WindowsException'{0x0000000087384568}> (0x0000000087384568) 
thrown [s\src\hotspot\share\prims\jni.cpp, line 516]
Event: 2.982 Thread 0x0000026d5b1784f0 Exception <a 'sun/nio/fs/WindowsException'{0x0000000087384f68}> (0x0000000087384f68) 
thrown [s\src\hotspot\share\prims\jni.cpp, line 516]
Event: 2.982 Thread 0x0000026d5b1784f0 Exception <a 'sun/nio/fs/WindowsException'{0x0000000087385318}> (0x0000000087385318) 
thrown [s\src\hotspot\share\prims\jni.cpp, line 516]
Event: 2.983 Thread 0x0000026d5b1784f0 Exception <a 'sun/nio/fs/WindowsException'{0x0000000087385d18}> (0x0000000087385d18) 
thrown [s\src\hotspot\share\prims\jni.cpp, line 516]
Event: 2.983 Thread 0x0000026d5b1784f0 Exception <a 'sun/nio/fs/WindowsException'{0x00000000873860d8}> (0x00000000873860d8) 
thrown [s\src\hotspot\share\prims\jni.cpp, line 516]
Event: 2.983 Thread 0x0000026d5b1784f0 Exception <a 'sun/nio/fs/WindowsException'{0x0000000087386b00}> (0x0000000087386b00) 
thrown [s\src\hotspot\share\prims\jni.cpp, line 516]
Event: 2.983 Thread 0x0000026d5b1784f0 Exception <a 'sun/nio/fs/WindowsException'{0x0000000087386ee0}> (0x0000000087386ee0) 
thrown [s\src\hotspot\share\prims\jni.cpp, line 516]
Event: 2.983 Thread 0x0000026d5b1784f0 Exception <a 'sun/nio/fs/WindowsException'{0x0000000087387918}> (0x0000000087387918) 
thrown [s\src\hotspot\share\prims\jni.cpp, line 516]
Event: 2.983 Thread 0x0000026d5b1784f0 Exception <a 'sun/nio/fs/WindowsException'{0x0000000087387d08}> (0x0000000087387d08) 
thrown [s\src\hotspot\share\prims\jni.cpp, line 516]
Event: 2.984 Thread 0x0000026d5b1784f0 Exception <a 'sun/nio/fs/WindowsException'{0x0000000087388730}> (0x0000000087388730) 
thrown [s\src\hotspot\share\prims\jni.cpp, line 516]
Event: 2.984 Thread 0x0000026d5b1784f0 Exception <a 'sun/nio/fs/WindowsException'{0x0000000087388b20}> (0x0000000087388b20) 
thrown [s\src\hotspot\share\prims\jni.cpp, line 516]
Event: 3.055 Thread 0x0000026d4b5c50e0 Exception <a 'java/lang/NoSuchMethodError'{0x00000000863b3ed8}: 'java.lang.Object java.lang.invoke.DirectMethodHandle$Holder.newInvokeSpecial(java.lang.Object, java.lang.Object, int, java.lang.Object, java.lang.Object)'> (0x00000000863b3ed8) 
thrown [s\src\hotspot\share\interpreter\linkResolver.cpp, line 759]
Event: 3.058 Thread 0x0000026d4b5c50e0 Exception <a 'java/lang/NoSuchMethodError'{0x00000000863c5ea8}: 'java.lang.Object java.lang.invoke.DirectMethodHandle$Holder.invokeSpecial(java.lang.Object, java.lang.Object, int, java.lang.Object, int, java.lang.Object)'> (0x00000000863c5ea8) 
thrown [s\src\hotspot\share\interpreter\linkResolver.cpp, line 759]
Event: 3.059 Thread 0x0000026d4b5c50e0 Exception <a 'java/lang/NoSuchMethodError'{0x00000000863cdca8}: 'java.lang.Object java.lang.invoke.DirectMethodHandle$Holder.newInvokeSpecial(java.lang.Object, java.lang.Object, int, java.lang.Object, int)'> (0x00000000863cdca8) 
thrown [s\src\hotspot\share\interpreter\linkResolver.cpp, line 759]
Event: 3.059 Thread 0x0000026d4b5c50e0 Exception <a 'java/lang/NoSuchMethodError'{0x00000000863d1da8}: 'java.lang.Object java.lang.invoke.DirectMethodHandle$Holder.invokeSpecial(java.lang.Object, java.lang.Object, java.lang.Object, int, java.lang.Object, int)'> (0x00000000863d1da8) 
thrown [s\src\hotspot\share\interpreter\linkResolver.cpp, line 759]
Event: 3.452 Thread 0x0000026d5b226870 Exception <a 'java/lang/NoSuchMethodError'{0x00000000888ff0f0}: 'java.lang.Object java.lang.invoke.DirectMethodHandle$Holder.invokeStatic(java.lang.Object, java.lang.Object, java.lang.Object, int, java.lang.Object, java.lang.Object)'> (0x00000000888ff0f0) 
thrown [s\src\hotspot\share\interpreter\linkResolver.cpp, line 759]
Event: 3.452 Thread 0x0000026d5b226d40 Exception <a 'java/lang/NoSuchMethodError'{0x0000000088738a70}: 'java.lang.Object java.lang.invoke.DirectMethodHandle$Holder.invokeStatic(java.lang.Object, int, java.lang.Object)'> (0x0000000088738a70) 
thrown [s\src\hotspot\share\interpreter\linkResolver.cpp, line 759]
Event: 3.599 Thread 0x0000026d5b226d40 Exception <a 'java/lang/NoSuchMethodError'{0x000000008af59ae8}: 'int java.lang.invoke.DirectMethodHandle$Holder.invokeStatic(java.lang.Object)'> (0x000000008af59ae8) 
thrown [s\src\hotspot\share\interpreter\linkResolver.cpp, line 759]
Event: 3.599 Thread 0x0000026d5b226d40 Exception <a 'java/lang/NoSuchMethodError'{0x000000008af5d190}: 'int java.lang.invoke.DirectMethodHandle$Holder.invokeStaticInit(java.lang.Object)'> (0x000000008af5d190) 
thrown [s\src\hotspot\share\interpreter\linkResolver.cpp, line 759]

VM Operations (20 events):
Event: 3.857 Executing VM operation: HandshakeAllThreads done
Event: 3.857 Executing VM operation: G1Concurrent
Event: 3.875 Executing VM operation: G1Concurrent done
Event: 3.908 Executing VM operation: G1CollectForAllocation
Event: 3.909 Executing VM operation: G1CollectForAllocation done
Event: 3.909 Executing VM operation: G1CollectForAllocation
Event: 3.915 Executing VM operation: G1CollectForAllocation done
Event: 3.918 Executing VM operation: G1Concurrent
Event: 3.919 Executing VM operation: G1Concurrent done
Event: 3.965 Executing VM operation: G1CollectForAllocation
Event: 3.967 Executing VM operation: G1CollectForAllocation done
Event: 3.967 Executing VM operation: G1CollectForAllocation
Event: 3.976 Executing VM operation: G1CollectForAllocation done
Event: 4.018 Executing VM operation: G1CollectForAllocation
Event: 4.019 Executing VM operation: G1CollectForAllocation done
Event: 4.019 Executing VM operation: G1CollectForAllocation
Event: 4.029 Executing VM operation: G1CollectForAllocation done
Event: 4.071 Executing VM operation: G1CollectForAllocation
Event: 4.071 Executing VM operation: G1CollectForAllocation done
Event: 4.072 Executing VM operation: G1CollectForAllocation

Events (20 events):
Event: 3.478 loading class java/util/concurrent/atomic/AtomicLongFieldUpdater$CASUpdater$1
Event: 3.478 loading class java/util/concurrent/atomic/AtomicLongFieldUpdater$CASUpdater$1 done
Event: 3.479 Thread 0x0000026d5b2276e0 Thread added: 0x0000026d5b2276e0
Event: 3.484 Thread 0x0000026d5b6fb0b0 Thread added: 0x0000026d5b6fb0b0
Event: 3.488 loading class java/util/concurrent/ConcurrentHashMap$ValueSpliterator
Event: 3.488 loading class java/util/concurrent/ConcurrentHashMap$ValueSpliterator done
Event: 3.595 Thread 0x0000026d5b6fea70 Thread added: 0x0000026d5b6fea70
Event: 3.607 Thread 0x0000026d5b6fe5a0 Thread added: 0x0000026d5b6fe5a0
Event: 3.620 loading class java/util/concurrent/CompletableFuture$UniExceptionally
Event: 3.620 loading class java/util/concurrent/CompletableFuture$UniExceptionally done
Event: 3.620 loading class java/util/concurrent/CompletableFuture$UniApply
Event: 3.620 loading class java/util/concurrent/CompletableFuture$UniApply done
Event: 3.624 loading class jdk/internal/vm/annotation/ForceInline
Event: 3.624 loading class jdk/internal/vm/annotation/ForceInline done
Event: 3.650 loading class java/util/stream/Nodes$SpinedNodeBuilder
Event: 3.650 loading class java/util/stream/Nodes$SpinedNodeBuilder done
Event: 3.988 loading class java/util/zip/GZIPOutputStream
Event: 3.988 loading class java/util/zip/DeflaterOutputStream
Event: 3.988 loading class java/util/zip/DeflaterOutputStream done
Event: 3.988 loading class java/util/zip/GZIPOutputStream done


Dynamic libraries:
0x00007ff62bef0000 - 0x00007ff62befe000 	c:\Users\datea\.vscode\extensions\redhat.java-1.11.0-win32-x64\jre\17.0.4.1-win32-x86_64\bin\java.exe
0x00007ffdd22d0000 - 0x00007ffdd24e9000 	C:\WINDOWS\SYSTEM32\ntdll.dll
0x00007ffdd0fd0000 - 0x00007ffdd1092000 	C:\WINDOWS\System32\KERNEL32.DLL
0x00007ffdcf9f0000 - 0x00007ffdcfd8f000 	C:\WINDOWS\System32\KERNELBASE.dll
0x00007ffdcc550000 - 0x00007ffdcc5e6000 	C:\WINDOWS\SYSTEM32\apphelp.dll
0x00007ffdcf750000 - 0x00007ffdcf86b000 	C:\WINDOWS\System32\ucrtbase.dll
0x00007ffdcb160000 - 0x00007ffdcb179000 	c:\Users\datea\.vscode\extensions\redhat.java-1.11.0-win32-x64\jre\17.0.4.1-win32-x86_64\bin\VCRUNTIME140.dll
0x00007ffdc8cc0000 - 0x00007ffdc8cd8000 	c:\Users\datea\.vscode\extensions\redhat.java-1.11.0-win32-x64\jre\17.0.4.1-win32-x86_64\bin\jli.dll
0x00007ffdd20d0000 - 0x00007ffdd227c000 	C:\WINDOWS\System32\USER32.dll
0x00007ffdafbb0000 - 0x00007ffdafe41000 	C:\WINDOWS\WinSxS\amd64_microsoft.windows.common-controls_6595b64144ccf1df_6.0.25217.1010_none_7b5ae231f1b4915b\COMCTL32.dll
0x00007ffdd0000000 - 0x00007ffdd0026000 	C:\WINDOWS\System32\win32u.dll
0x00007ffdd0f20000 - 0x00007ffdd0fc7000 	C:\WINDOWS\System32\msvcrt.dll
0x00007ffdd0a50000 - 0x00007ffdd0a79000 	C:\WINDOWS\System32\GDI32.dll
0x00007ffdcfe60000 - 0x00007ffdcff76000 	C:\WINDOWS\System32\gdi32full.dll
0x00007ffdcf6b0000 - 0x00007ffdcf74a000 	C:\WINDOWS\System32\msvcp_win.dll
0x00007ffdd13c0000 - 0x00007ffdd13f1000 	C:\WINDOWS\System32\IMM32.DLL
0x00007ffdcc540000 - 0x00007ffdcc54c000 	c:\Users\datea\.vscode\extensions\redhat.java-1.11.0-win32-x64\jre\17.0.4.1-win32-x86_64\bin\vcruntime140_1.dll
0x00007ffdb2960000 - 0x00007ffdb29f1000 	c:\Users\datea\.vscode\extensions\redhat.java-1.11.0-win32-x64\jre\17.0.4.1-win32-x86_64\bin\msvcp140.dll
0x00007ffd878c0000 - 0x00007ffd88506000 	c:\Users\datea\.vscode\extensions\redhat.java-1.11.0-win32-x64\jre\17.0.4.1-win32-x86_64\bin\server\jvm.dll
0x00007ffdd0c70000 - 0x00007ffdd0d1e000 	C:\WINDOWS\System32\ADVAPI32.dll
0x00007ffdd0a80000 - 0x00007ffdd0b26000 	C:\WINDOWS\System32\sechost.dll
0x00007ffdd1290000 - 0x00007ffdd13b7000 	C:\WINDOWS\System32\RPCRT4.dll
0x00007ffdd1560000 - 0x00007ffdd1568000 	C:\WINDOWS\System32\PSAPI.DLL
0x00007ffdb1830000 - 0x00007ffdb1839000 	C:\WINDOWS\SYSTEM32\WSOCK32.dll
0x00007ffdd0ea0000 - 0x00007ffdd0f0f000 	C:\WINDOWS\System32\WS2_32.dll
0x00007ffdc86c0000 - 0x00007ffdc86f5000 	C:\WINDOWS\SYSTEM32\WINMM.dll
0x00007ffdc8920000 - 0x00007ffdc892a000 	C:\WINDOWS\SYSTEM32\VERSION.dll
0x00007ffdce640000 - 0x00007ffdce658000 	C:\WINDOWS\SYSTEM32\kernel.appcore.dll
0x00007ffdcc3b0000 - 0x00007ffdcc3ba000 	c:\Users\datea\.vscode\extensions\redhat.java-1.11.0-win32-x64\jre\17.0.4.1-win32-x86_64\bin\jimage.dll
0x00007ffdccf20000 - 0x00007ffdcd153000 	C:\WINDOWS\SYSTEM32\DBGHELP.DLL
0x00007ffdd0240000 - 0x00007ffdd05c3000 	C:\WINDOWS\System32\combase.dll
0x00007ffdd1600000 - 0x00007ffdd16d8000 	C:\WINDOWS\System32\OLEAUT32.dll
0x00007ffdbc110000 - 0x00007ffdbc142000 	C:\WINDOWS\SYSTEM32\dbgcore.DLL
0x00007ffdcff80000 - 0x00007ffdcfff9000 	C:\WINDOWS\System32\bcryptPrimitives.dll
0x00007ffdc87f0000 - 0x00007ffdc8815000 	c:\Users\datea\.vscode\extensions\redhat.java-1.11.0-win32-x64\jre\17.0.4.1-win32-x86_64\bin\java.dll
0x00007ffdc6c10000 - 0x00007ffdc6c28000 	c:\Users\datea\.vscode\extensions\redhat.java-1.11.0-win32-x64\jre\17.0.4.1-win32-x86_64\bin\zip.dll
0x00007ffdd16e0000 - 0x00007ffdd1eaf000 	C:\WINDOWS\System32\SHELL32.dll
0x00007ffdcd440000 - 0x00007ffdcdcd5000 	C:\WINDOWS\SYSTEM32\windows.storage.dll
0x00007ffdcd2a0000 - 0x00007ffdcd433000 	C:\WINDOWS\SYSTEM32\wintypes.dll
0x00007ffdd1400000 - 0x00007ffdd14eb000 	C:\WINDOWS\System32\SHCORE.dll
0x00007ffdd0de0000 - 0x00007ffdd0e3d000 	C:\WINDOWS\System32\shlwapi.dll
0x00007ffdcf5e0000 - 0x00007ffdcf601000 	C:\WINDOWS\SYSTEM32\profapi.dll
0x00007ffdc8770000 - 0x00007ffdc8789000 	C:\Users\datea\.vscode\extensions\redhat.java-1.11.0-win32-x64\jre\17.0.4.1-win32-x86_64\bin\net.dll
0x00007ffdc8590000 - 0x00007ffdc86bb000 	C:\WINDOWS\SYSTEM32\WINHTTP.dll
0x00007ffdceb10000 - 0x00007ffdceb79000 	C:\WINDOWS\system32\mswsock.dll
0x00007ffdc6bc0000 - 0x00007ffdc6bd5000 	C:\Users\datea\.vscode\extensions\redhat.java-1.11.0-win32-x64\jre\17.0.4.1-win32-x86_64\bin\nio.dll
0x00007ffdc6820000 - 0x00007ffdc6830000 	c:\Users\datea\.vscode\extensions\redhat.java-1.11.0-win32-x64\jre\17.0.4.1-win32-x86_64\bin\verify.dll
0x00007ffdcc3d0000 - 0x00007ffdcc3d9000 	C:\Users\datea\.vscode\extensions\redhat.java-1.11.0-win32-x64\jre\17.0.4.1-win32-x86_64\bin\management.dll
0x00007ffdcc3c0000 - 0x00007ffdcc3cb000 	C:\Users\datea\.vscode\extensions\redhat.java-1.11.0-win32-x64\jre\17.0.4.1-win32-x86_64\bin\management_ext.dll
0x00007ffd41b40000 - 0x00007ffd41b57000 	C:\WINDOWS\system32\napinsp.dll
0x00007ffd40ba0000 - 0x00007ffd40bba000 	C:\WINDOWS\system32\pnrpnsp.dll
0x00007ffd7e200000 - 0x00007ffd7e221000 	C:\WINDOWS\system32\nlansp_c.dll
0x00007ffdce120000 - 0x00007ffdce21f000 	C:\WINDOWS\SYSTEM32\DNSAPI.dll
0x00007ffdce0b0000 - 0x00007ffdce0de000 	C:\WINDOWS\SYSTEM32\IPHLPAPI.DLL
0x00007ffdd2280000 - 0x00007ffdd2289000 	C:\WINDOWS\System32\NSI.dll
0x00007ffd3e490000 - 0x00007ffd3e4a1000 	C:\WINDOWS\System32\winrnr.dll
0x00007ffd9f0d0000 - 0x00007ffd9f0e5000 	C:\WINDOWS\system32\wshbth.dll
0x00007ffdc0fb0000 - 0x00007ffdc0fba000 	C:\Windows\System32\rasadhlp.dll
0x00007ffdc7340000 - 0x00007ffdc73c4000 	C:\WINDOWS\System32\fwpuclnt.dll
0x00007ffdced90000 - 0x00007ffdcedab000 	C:\WINDOWS\SYSTEM32\CRYPTSP.dll
0x00007ffdce590000 - 0x00007ffdce5c4000 	C:\WINDOWS\system32\rsaenh.dll
0x00007ffdcec10000 - 0x00007ffdcec38000 	C:\WINDOWS\SYSTEM32\USERENV.dll
0x00007ffdcef50000 - 0x00007ffdcef78000 	C:\WINDOWS\SYSTEM32\bcrypt.dll
0x00007ffdcedb0000 - 0x00007ffdcedbc000 	C:\WINDOWS\SYSTEM32\CRYPTBASE.dll
0x00007ffdc8240000 - 0x00007ffdc8259000 	C:\WINDOWS\SYSTEM32\dhcpcsvc6.DLL
0x00007ffdc8210000 - 0x00007ffdc822f000 	C:\WINDOWS\SYSTEM32\dhcpcsvc.DLL

dbghelp: loaded successfully - version: 4.0.5 - missing functions: none
symbol engine: initialized successfully - sym options: 0x614 - pdb path: .;c:\Users\datea\.vscode\extensions\redhat.java-1.11.0-win32-x64\jre\17.0.4.1-win32-x86_64\bin;C:\WINDOWS\SYSTEM32;C:\WINDOWS\WinSxS\amd64_microsoft.windows.common-controls_6595b64144ccf1df_6.0.25217.1010_none_7b5ae231f1b4915b;c:\Users\datea\.vscode\extensions\redhat.java-1.11.0-win32-x64\jre\17.0.4.1-win32-x86_64\bin\server

VM Arguments:
jvm_args: -Dsts.lsp.client=vscode -Dsts.log.file=/dev/null -XX:TieredStopAtLevel=1 -Xlog:jni+resolve=off -Dspring.config.location=file:c:\Users\datea\.vscode\extensions\pivotal.vscode-spring-boot-1.39.0\language-server\BOOT-INF\classes\application.properties 
java_command: org.springframework.ide.vscode.boot.app.BootLanguageServerBootApp
java_class_path (initial): c:\Users\datea\.vscode\extensions\pivotal.vscode-spring-boot-1.39.0\language-server\BOOT-INF\classes;c:\Users\datea\.vscode\extensions\pivotal.vscode-spring-boot-1.39.0\language-server\BOOT-INF\lib\annotations-23.0.0.jar;c:\Users\datea\.vscode\extensions\pivotal.vscode-spring-boot-1.39.0\language-server\BOOT-INF\lib\antlr-runtime-3.5.2.jar;c:\Users\datea\.vscode\extensions\pivotal.vscode-spring-boot-1.39.0\language-server\BOOT-INF\lib\antlr4-4.9.3.jar;c:\Users\datea\.vscode\extensions\pivotal.vscode-spring-boot-1.39.0\language-server\BOOT-INF\lib\antlr4-runtime-4.9.3.jar;c:\Users\datea\.vscode\extensions\pivotal.vscode-spring-boot-1.39.0\language-server\BOOT-INF\lib\asm-9.3.jar;c:\Users\datea\.vscode\extensions\pivotal.vscode-spring-boot-1.39.0\language-server\BOOT-INF\lib\asm-analysis-9.3.jar;c:\Users\datea\.vscode\extensions\pivotal.vscode-spring-boot-1.39.0\language-server\BOOT-INF\lib\asm-tree-9.3.jar;c:\Users\datea\.vscode\extensions\pivotal.vscode-spring-boot-1.39.0\language-server\BOOT-INF\lib\asm-util-9.3.jar;c:\Users\datea\.vscode\extensions\pivotal.vscode-spring-boot-1.39.0\language-server\BOOT-INF\lib\byte-buddy-1.12.13.jar;c:\Users\datea\.vscode\extensions\pivotal.vscode-spring-boot-1.39.0\language-server\BOOT-INF\lib\caffeine-2.9.3.jar;c:\Users\datea\.vscode\extensions\pivotal.vscode-spring-boot-1.39.0\language-server\BOOT-INF\lib\checker-qual-3.12.0.jar;c:\Users\datea\.vscode\extensions\pivotal.vscode-spring-boot-1.39.0\language-server\BOOT-INF\lib\classgraph-4.8.149.jar;c:\Users\datea\.vscode\extensions\pivotal.vscode-spring-boot-1.39.0\language-server\BOOT-INF\lib\commons-codec-1.15.jar;c:\Users\datea\.vscode\extensions\pivotal.vscode-spring-boot-1.39.0\language-server\BOOT-INF\lib\commons-compress-1.21.jar;c:\Users\datea\.vscode\extensions\pivotal.vscode-spring-boot-1.39.0\language-server\BOOT-INF\lib\commons-exec-1.3.jar;c:\Users\datea\.vscode\extensions\pivotal.vscode-spring-boot-1.39.0\language-server\BOOT-INF\lib\com
Launcher Type: SUN_STANDARD

[Global flags]
     intx CICompilerCount                          = 4                                         {product} {ergonomic}
     uint ConcGCThreads                            = 2                                         {product} {ergonomic}
     uint G1ConcRefinementThreads                  = 8                                         {product} {ergonomic}
   size_t G1HeapRegionSize                         = 1048576                                   {product} {ergonomic}
    uintx GCDrainStackTargetSize                   = 64                                        {product} {ergonomic}
   size_t InitialHeapSize                          = 132120576                                 {product} {ergonomic}
   size_t MarkStackSize                            = 4194304                                   {product} {ergonomic}
   size_t MaxHeapSize                              = 2095054848                                {product} {ergonomic}
   size_t MaxNewSize                               = 1256194048                                {product} {ergonomic}
   size_t MinHeapDeltaBytes                        = 1048576                                   {product} {ergonomic}
   size_t MinHeapSize                              = 8388608                                   {product} {ergonomic}
    uintx NonProfiledCodeHeapSize                  = 0                                      {pd product} {ergonomic}
     bool ProfileInterpreter                       = false                                  {pd product} {command line}
    uintx ProfiledCodeHeapSize                     = 0                                      {pd product} {ergonomic}
   size_t SoftMaxHeapSize                          = 2095054848                             {manageable} {ergonomic}
     intx TieredStopAtLevel                        = 1                                         {product} {command line}
     bool UseCompressedClassPointers               = true                           {product lp64_product} {ergonomic}
     bool UseCompressedOops                        = true                           {product lp64_product} {ergonomic}
     bool UseG1GC                                  = true                                      {product} {ergonomic}
     bool UseLargePagesIndividualAllocation        = false                                  {pd product} {ergonomic}

Logging:
Log output configuration:
 #0: stdout all=warning,jni+resolve=off uptime,level,tags
 #1: stderr all=off uptime,level,tags

Environment Variables:
PATH=C:\Program Files\Java\jdk-15.0.2\bin;C:\Program Files\Common Files\Oracle\Java\javapath;C:\WINDOWS\system32;C:\WINDOWS;C:\WINDOWS\System32\Wbem;C:\WINDOWS\System32\WindowsPowerShell\v1.0\;C:\WINDOWS\System32\OpenSSH\;C:\Program Files\Azure Data Studio\bin;C:\Program Files\Microsoft SQL Server\Client SDK\ODBC\170\Tools\Binn\;C:\Program Files (x86)\Microsoft SQL Server\150\Tools\Binn\;C:\Program Files\Microsoft SQL Server\150\Tools\Binn\;C:\Program Files\Microsoft SQL Server\150\DTS\Binn\;C:\Program Files (x86)\Microsoft SQL Server\150\DTS\Binn\;C:\Program Files (x86)\GitExtensions\;F:\xampp\php;C:\ProgramData\ComposerSetup\bin;C:\xampp\php;C:\Program Files\Git\cmd;C:\Users\datea\AppData\Local\Microsoft\WindowsApps;C:\Users\datea\AppData\Local\Programs\Microsoft VS Code\bin;;C:\Program Files\Azure Data Studio\bin;C:\Users\datea\AppData\Roaming\Composer\vendor\bin
USERNAME=datea
OS=Windows_NT
PROCESSOR_IDENTIFIER=Intel64 Family 6 Model 126 Stepping 5, GenuineIntel
TMP=C:\Users\datea\AppData\Local\Temp
TEMP=C:\Users\datea\AppData\Local\Temp



---------------  S Y S T E M  ---------------

OS:
 Windows 11 , 64 bit Build 25217 (10.0.25217.1000)
OS uptime: 1 days 7:03 hours
Hyper-V role detected

CPU: total 8 (initial active 8) (4 cores per cpu, 2 threads per core) family 6 model 126 stepping 5 microcode 0xa6, cx8, cmov, fxsr, ht, mmx, 3dnowpref, sse, sse2, sse3, ssse3, sse4.1, sse4.2, popcnt, lzcnt, tsc, tscinvbit, avx, avx2, aes, erms, clmul, bmi1, bmi2, adx, avx512f, avx512dq, avx512cd, avx512bw, avx512vl, sha, fma, vzeroupper, avx512_vpopcntdq, avx512_vpclmulqdq, avx512_vaes, avx512_vnni, clflush, clflushopt, avx512_vbmi2, avx512_vbmi, hv

Memory: 4k page, system-wide physical 7987M (583M free)
TotalPageFile size 12083M (AvailPageFile size 142M)
current process WorkingSet (physical memory assigned to process): 382M, peak: 388M
current process commit charge ("private bytes"): 411M, peak: 740M

vm_info: OpenJDK 64-Bit Server VM (17.0.4.1+1) for windows-amd64 JRE (17.0.4.1+1), built on Aug 17 2022 07:42:43 by "temurin" with MS VC++ 16.7 (VS2019)

END.
