#
# There is insufficient memory for the Java Runtime Environment to continue.
# Native memory allocation (mmap) failed to map 19922944 bytes for G1 virtual space
# Possible reasons:
#   The system is out of physical RAM or swap space
#   The process is running with CompressedOops enabled, and the Java Heap may be blocking the growth of the native heap
# Possible solutions:
#   Reduce memory load on the system
#   Increase physical memory or swap space
#   Check if swap backing store is full
#   Decrease Java heap size (-Xmx/-Xms)
#   Decrease number of Java threads
#   Decrease Java thread stack sizes (-Xss)
#   Set larger code cache with -XX:ReservedCodeCacheSize=
#   JVM is running with Unscaled Compressed Oops mode in which the Java heap is
#     placed in the first 4GB address space. The Java Heap base address is the
#     maximum limit for the native heap growth. Please use -XX:HeapBaseMinAddress
#     to set the Java Heap base and to place the Java Heap above 4GB virtual address.
# This output file may be truncated or incomplete.
#
#  Out of Memory Error (os_windows.cpp:3548), pid=55480, tid=56504
#
# JRE version: OpenJDK Runtime Environment Temurin-17.0.5+8 (17.0.5+8) (build 17.0.5+8)
# Java VM: OpenJDK 64-Bit Server VM Temurin-17.0.5+8 (17.0.5+8, mixed mode, emulated-client, sharing, tiered, compressed oops, compressed class ptrs, g1 gc, windows-amd64)
# No core dump will be written. Minidumps are not enabled by default on client versions of Windows
#

---------------  S U M M A R Y ------------

Command Line: -Dsts.lsp.client=vscode -Dsts.log.file=/dev/null -XX:TieredStopAtLevel=1 -Xlog:jni+resolve=off -Dspring.config.location=file:c:\Users\datea\.vscode\extensions\pivotal.vscode-spring-boot-1.40.0\language-server\BOOT-INF\classes\application.properties org.springframework.ide.vscode.boot.app.BootLanguageServerBootApp

Host: Intel(R) Core(TM) i5-1035G1 CPU @ 1.00GHz, 8 cores, 7G,  Windows 11 , 64 bit Build 25236 (10.0.25236.1000)
Time: Sat Nov  5 18:16:09 2022 SE Asia Standard Time elapsed time: 20.012940 seconds (0d 0h 0m 20s)

---------------  T H R E A D  ---------------

Current thread (0x0000013f7083ee60):  VMThread "VM Thread" [stack: 0x000000276ec00000,0x000000276ed00000] [id=56504]

Stack: [0x000000276ec00000,0x000000276ed00000]
Native frames: (J=compiled Java code, j=interpreted, Vv=VM code, C=native code)
V  [jvm.dll+0x676b3a]
V  [jvm.dll+0x831444]
V  [jvm.dll+0x832bee]
V  [jvm.dll+0x833253]
V  [jvm.dll+0x244ce5]
V  [jvm.dll+0x673a49]
V  [jvm.dll+0x66811a]
V  [jvm.dll+0x303ceb]
V  [jvm.dll+0x30b1e6]
V  [jvm.dll+0x35adbe]
V  [jvm.dll+0x35afef]
V  [jvm.dll+0x2dab88]
V  [jvm.dll+0x2d8e3c]
V  [jvm.dll+0x2d840c]
V  [jvm.dll+0x31c31b]
V  [jvm.dll+0x8376fb]
V  [jvm.dll+0x838434]
V  [jvm.dll+0x83894c]
V  [jvm.dll+0x838d24]
V  [jvm.dll+0x838df0]
V  [jvm.dll+0x7e17ea]
V  [jvm.dll+0x6759e5]
C  [ucrtbase.dll+0x247cb]
C  [KERNEL32.DLL+0x1335d]
C  [ntdll.dll+0x67f38]

VM_Operation (0x00000027710fe5b0): G1CollectForAllocation, mode: safepoint, requested by thread 0x0000013f72e299f0


---------------  P R O C E S S  ---------------

Threads class SMR info:
_java_thread_list=0x0000013f72ed19b0, length=42, elements={
0x0000013f70843920, 0x0000013f708444d0, 0x0000013f70860ce0, 0x0000013f70861690,
0x0000013f70864050, 0x0000013f70864a00, 0x0000013f708653b0, 0x0000013f70865da0,
0x0000013f7159b900, 0x0000013f715a0220, 0x0000013f729136a0, 0x0000013f72a921c0,
0x0000013f72b282d0, 0x0000013f72d83a50, 0x0000013f72dee7c0, 0x0000013f5e7f1e90,
0x0000013f72a0e250, 0x0000013f72a2c5b0, 0x0000013f72a2de90, 0x0000013f72c96cd0,
0x0000013f72ca8550, 0x0000013f72e277f0, 0x0000013f72e2a390, 0x0000013f72e29520,
0x0000013f72e2b200, 0x0000013f72e29ec0, 0x0000013f72e2b6d0, 0x0000013f72e299f0,
0x0000013f72e27d10, 0x0000013f72e2a860, 0x0000013f72e286b0, 0x0000013f72e281e0,
0x0000013f72e2ad30, 0x0000013f72e28b80, 0x0000013f72e29050, 0x0000013f730f3220,
0x0000013f730f4560, 0x0000013f730f5d70, 0x0000013f730f4090, 0x0000013f730f6710,
0x0000013f730f1a10, 0x0000013f730f1070
}

Java Threads: ( => current thread )
  0x0000013f70843920 JavaThread "Reference Handler" daemon [_thread_blocked, id=48616, stack(0x000000276ed00000,0x000000276ee00000)]
  0x0000013f708444d0 JavaThread "Finalizer" daemon [_thread_blocked, id=56216, stack(0x000000276ee00000,0x000000276ef00000)]
  0x0000013f70860ce0 JavaThread "Signal Dispatcher" daemon [_thread_blocked, id=56192, stack(0x000000276ef00000,0x000000276f000000)]
  0x0000013f70861690 JavaThread "Attach Listener" daemon [_thread_blocked, id=56740, stack(0x000000276f000000,0x000000276f100000)]
  0x0000013f70864050 JavaThread "Service Thread" daemon [_thread_blocked, id=56724, stack(0x000000276f100000,0x000000276f200000)]
  0x0000013f70864a00 JavaThread "Monitor Deflation Thread" daemon [_thread_blocked, id=53860, stack(0x000000276f200000,0x000000276f300000)]
  0x0000013f708653b0 JavaThread "C1 CompilerThread0" daemon [_thread_blocked, id=55860, stack(0x000000276f300000,0x000000276f400000)]
  0x0000013f70865da0 JavaThread "Sweeper thread" daemon [_thread_blocked, id=52396, stack(0x000000276f400000,0x000000276f500000)]
  0x0000013f7159b900 JavaThread "Notification Thread" daemon [_thread_blocked, id=55592, stack(0x000000276f800000,0x000000276f900000)]
  0x0000013f715a0220 JavaThread "Common-Cleaner" daemon [_thread_blocked, id=55748, stack(0x000000276fa00000,0x000000276fb00000)]
  0x0000013f729136a0 JavaThread "C1 CompilerThread1" daemon [_thread_blocked, id=55508, stack(0x000000276f500000,0x000000276f600000)]
  0x0000013f72a921c0 JavaThread "C1 CompilerThread2" daemon [_thread_blocked, id=42100, stack(0x0000002770000000,0x0000002770100000)]
  0x0000013f72b282d0 JavaThread "boundedElastic-evictor-1" daemon [_thread_blocked, id=55988, stack(0x0000002770100000,0x0000002770200000)]
  0x0000013f72d83a50 JavaThread "pool-9-thread-1" [_thread_blocked, id=56804, stack(0x0000002770300000,0x0000002770400000)]
  0x0000013f72dee7c0 JavaThread "LanguageServerApp-lifecycle" [_thread_blocked, id=57084, stack(0x0000002770400000,0x0000002770500000)]
  0x0000013f5e7f1e90 JavaThread "DestroyJavaVM" [_thread_blocked, id=56112, stack(0x000000276e600000,0x000000276e700000)]
  0x0000013f72a0e250 JavaThread "pool-10-thread-1" [_thread_in_native, id=56988, stack(0x0000002770500000,0x0000002770600000)]
  0x0000013f72a2c5b0 JavaThread "Simple-Language-Server main thread" daemon [_thread_blocked, id=45232, stack(0x0000002770600000,0x0000002770700000)]
  0x0000013f72a2de90 JavaThread "ForkJoinPool.commonPool-worker-1" daemon [_thread_blocked, id=55320, stack(0x0000002770700000,0x0000002770800000)]
  0x0000013f72c96cd0 JavaThread "pool-7-thread-1" [_thread_blocked, id=55840, stack(0x0000002770800000,0x0000002770900000)]
  0x0000013f72ca8550 JavaThread "parallel-1" daemon [_thread_blocked, id=55676, stack(0x0000002770900000,0x0000002770a00000)]
  0x0000013f72e277f0 JavaThread "parallel-2" daemon [_thread_blocked, id=55980, stack(0x0000002770a00000,0x0000002770b00000)]
  0x0000013f72e2a390 JavaThread "parallel-3" daemon [_thread_blocked, id=55608, stack(0x0000002770b00000,0x0000002770c00000)]
  0x0000013f72e29520 JavaThread "pool-4-thread-1" [_thread_blocked, id=54836, stack(0x0000002770c00000,0x0000002770d00000)]
  0x0000013f72e2b200 JavaThread "ForkJoinPool.commonPool-worker-2" daemon [_thread_blocked, id=55092, stack(0x0000002770d00000,0x0000002770e00000)]
  0x0000013f72e29ec0 JavaThread "pool-4-thread-2" [_thread_blocked, id=49440, stack(0x0000002770e00000,0x0000002770f00000)]
  0x0000013f72e2b6d0 JavaThread "Reconciler-1" daemon [_thread_blocked, id=51568, stack(0x0000002770f00000,0x0000002771000000)]
  0x0000013f72e299f0 JavaThread "ClassGraph-worker-0" daemon [_thread_blocked, id=56640, stack(0x0000002771000000,0x0000002771100000)]
  0x0000013f72e27d10 JavaThread "ClassGraph-worker-1" daemon [_thread_blocked, id=55468, stack(0x0000002771100000,0x0000002771200000)]
  0x0000013f72e2a860 JavaThread "ClassGraph-worker-2" daemon [_thread_blocked, id=46452, stack(0x0000002771200000,0x0000002771300000)]
  0x0000013f72e286b0 JavaThread "ClassGraph-worker-3" daemon [_thread_blocked, id=52380, stack(0x0000002771300000,0x0000002771400000)]
  0x0000013f72e281e0 JavaThread "ClassGraph-worker-4" daemon [_thread_blocked, id=49452, stack(0x0000002771400000,0x0000002771500000)]
  0x0000013f72e2ad30 JavaThread "ClassGraph-worker-5" daemon [_thread_blocked, id=49248, stack(0x0000002771500000,0x0000002771600000)]
  0x0000013f72e28b80 JavaThread "ClassGraph-worker-6" daemon [_thread_blocked, id=53068, stack(0x0000002771600000,0x0000002771700000)]
  0x0000013f72e29050 JavaThread "ClassGraph-worker-7" daemon [_thread_blocked, id=51020, stack(0x0000002771700000,0x0000002771800000)]
  0x0000013f730f3220 JavaThread "ClassGraph-worker-8" daemon [_thread_blocked, id=52460, stack(0x0000002771800000,0x0000002771900000)]
  0x0000013f730f4560 JavaThread "ClassGraph-worker-9" daemon [_thread_blocked, id=52532, stack(0x0000002771900000,0x0000002771a00000)]
  0x0000013f730f5d70 JavaThread "ClassGraph-worker-10" daemon [_thread_blocked, id=41948, stack(0x0000002771a00000,0x0000002771b00000)]
  0x0000013f730f4090 JavaThread "ClassGraph-worker-11" daemon [_thread_blocked, id=52160, stack(0x0000002771b00000,0x0000002771c00000)]
  0x0000013f730f6710 JavaThread "ClassGraph-worker-12" daemon [_thread_blocked, id=52796, stack(0x0000002771c00000,0x0000002771d00000)]
  0x0000013f730f1a10 JavaThread "ClassGraph-worker-13" daemon [_thread_blocked, id=50700, stack(0x0000002771d00000,0x0000002771e00000)]
  0x0000013f730f1070 JavaThread "parallel-4" daemon [_thread_blocked, id=16064, stack(0x0000002771e00000,0x0000002771f00000)]

Other Threads:
=>0x0000013f7083ee60 VMThread "VM Thread" [stack: 0x000000276ec00000,0x000000276ed00000] [id=56504]
  0x0000013f7159bdd0 WatcherThread [stack: 0x000000276f900000,0x000000276fa00000] [id=44984]
  0x0000013f5e84baa0 GCTaskThread "GC Thread#0" [stack: 0x000000276e700000,0x000000276e800000] [id=54576]
  0x0000013f71e518a0 GCTaskThread "GC Thread#1" [stack: 0x000000276fb00000,0x000000276fc00000] [id=47692]
  0x0000013f71e57790 GCTaskThread "GC Thread#2" [stack: 0x000000276fc00000,0x000000276fd00000] [id=55212]
  0x0000013f71e85f10 GCTaskThread "GC Thread#3" [stack: 0x000000276fd00000,0x000000276fe00000] [id=40172]
  0x0000013f71e861c0 GCTaskThread "GC Thread#4" [stack: 0x000000276fe00000,0x000000276ff00000] [id=53692]
  0x0000013f71ebd8c0 GCTaskThread "GC Thread#5" [stack: 0x000000276ff00000,0x0000002770000000] [id=45824]
  0x0000013f71cd74d0 GCTaskThread "GC Thread#6" [stack: 0x000000276f600000,0x000000276f700000] [id=55780]
  0x0000013f71bb5fe0 GCTaskThread "GC Thread#7" [stack: 0x000000276f700000,0x000000276f800000] [id=55516]
  0x0000013f5e85c240 ConcurrentGCThread "G1 Main Marker" [stack: 0x000000276e800000,0x000000276e900000] [id=56168]
  0x0000013f5e85e2a0 ConcurrentGCThread "G1 Conc#0" [stack: 0x000000276e900000,0x000000276ea00000] [id=57200]
  0x0000013f72ae3b90 ConcurrentGCThread "G1 Conc#1" [stack: 0x0000002770200000,0x0000002770300000] [id=55848]
  0x0000013f5e89eb30 ConcurrentGCThread "G1 Refine#0" [stack: 0x000000276ea00000,0x000000276eb00000] [id=56932]
  0x0000013f706fc610 ConcurrentGCThread "G1 Service" [stack: 0x000000276eb00000,0x000000276ec00000] [id=56344]

Threads with active compile tasks:

VM state: at safepoint (normal execution)

VM Mutex/Monitor currently owned by a thread:  ([mutex/lock_event])
[0x0000013f5e7ecda0] Threads_lock - owner thread: 0x0000013f7083ee60
[0x0000013f5e7eb690] Heap_lock - owner thread: 0x0000013f72e299f0

Heap address: 0x0000000083200000, size: 1998 MB, Compressed Oops mode: 32-bit

CDS archive(s) mapped at: [0x0000000800000000-0x0000000800bc0000-0x0000000800bc0000), size 12320768, SharedBaseAddress: 0x0000000800000000, ArchiveRelocationMode: 0.
Compressed class space mapped at: 0x0000000800c00000-0x0000000840c00000, reserved size: 1073741824
Narrow klass base: 0x0000000800000000, Narrow klass shift: 0, Narrow klass range: 0x100000000

GC Precious Log:
 CPUs: 8 total, 8 available
 Memory: 7987M
 Large Page Support: Disabled
 NUMA Support: Disabled
 Compressed Oops: Enabled (32-bit)
 Heap Region Size: 1M
 Heap Min Capacity: 8M
 Heap Initial Capacity: 126M
 Heap Max Capacity: 1998M
 Pre-touch: Disabled
 Parallel Workers: 8
 Concurrent Workers: 2
 Concurrent Refinement Workers: 8
 Periodic GC: Disabled

Heap:
 garbage-first heap   total 109568K, used 57415K [0x0000000083200000, 0x0000000100000000)
  region size 1024K, 1 young (1024K), 1 survivors (1024K)
 Metaspace       used 31091K, committed 31488K, reserved 1081344K
  class space    used 4050K, committed 4224K, reserved 1048576K

Heap Regions: E=young(eden), S=young(survivor), O=old, HS=humongous(starts), HC=humongous(continues), CS=collection set, F=free, OA=open archive, CA=closed archive, TAMS=top-at-mark-start (previous, next)
|   0|0x0000000083200000, 0x0000000083300000, 0x0000000083300000|100%| O|  |TAMS 0x0000000083300000, 0x0000000083200000| Untracked 
|   1|0x0000000083300000, 0x0000000083400000, 0x0000000083400000|100%| O|  |TAMS 0x0000000083400000, 0x0000000083300000| Untracked 
|   2|0x0000000083400000, 0x0000000083500000, 0x0000000083500000|100%| O|  |TAMS 0x0000000083500000, 0x0000000083400000| Untracked 
|   3|0x0000000083500000, 0x0000000083600000, 0x0000000083600000|100%| O|  |TAMS 0x0000000083600000, 0x0000000083500000| Untracked 
|   4|0x0000000083600000, 0x0000000083700000, 0x0000000083700000|100%| O|  |TAMS 0x0000000083700000, 0x0000000083600000| Untracked 
|   5|0x0000000083700000, 0x0000000083800000, 0x0000000083800000|100%| O|  |TAMS 0x0000000083800000, 0x0000000083700000| Untracked 
|   6|0x0000000083800000, 0x0000000083900000, 0x0000000083900000|100%| O|  |TAMS 0x0000000083900000, 0x0000000083800000| Untracked 
|   7|0x0000000083900000, 0x0000000083a00000, 0x0000000083a00000|100%| O|  |TAMS 0x0000000083a00000, 0x0000000083900000| Untracked 
|   8|0x0000000083a00000, 0x0000000083a00000, 0x0000000083b00000|  0%| F|  |TAMS 0x0000000083a00000, 0x0000000083a00000| Untracked 
|   9|0x0000000083b00000, 0x0000000083c00000, 0x0000000083c00000|100%| O|  |TAMS 0x0000000083c00000, 0x0000000083b00000| Untracked 
|  10|0x0000000083c00000, 0x0000000083d00000, 0x0000000083d00000|100%| O|  |TAMS 0x0000000083d00000, 0x0000000083c00000| Untracked 
|  11|0x0000000083d00000, 0x0000000083e00000, 0x0000000083e00000|100%| O|  |TAMS 0x0000000083e00000, 0x0000000083d00000| Untracked 
|  12|0x0000000083e00000, 0x0000000083f00000, 0x0000000083f00000|100%| O|  |TAMS 0x0000000083f00000, 0x0000000083e00000| Untracked 
|  13|0x0000000083f00000, 0x0000000084000000, 0x0000000084000000|100%| O|  |TAMS 0x0000000084000000, 0x0000000083f00000| Untracked 
|  14|0x0000000084000000, 0x0000000084100000, 0x0000000084100000|100%| O|  |TAMS 0x0000000084100000, 0x0000000084000000| Untracked 
|  15|0x0000000084100000, 0x0000000084200000, 0x0000000084200000|100%| O|  |TAMS 0x0000000084200000, 0x0000000084100000| Untracked 
|  16|0x0000000084200000, 0x0000000084300000, 0x0000000084300000|100%| O|  |TAMS 0x0000000084300000, 0x0000000084200000| Untracked 
|  17|0x0000000084300000, 0x0000000084400000, 0x0000000084400000|100%| O|  |TAMS 0x0000000084400000, 0x0000000084300000| Untracked 
|  18|0x0000000084400000, 0x0000000084500000, 0x0000000084500000|100%| O|  |TAMS 0x0000000084500000, 0x0000000084400000| Untracked 
|  19|0x0000000084500000, 0x0000000084600000, 0x0000000084600000|100%| O|  |TAMS 0x0000000084600000, 0x0000000084500000| Untracked 
|  20|0x0000000084600000, 0x0000000084700000, 0x0000000084700000|100%| O|  |TAMS 0x0000000084700000, 0x0000000084600000| Untracked 
|  21|0x0000000084700000, 0x0000000084800000, 0x0000000084800000|100%| O|  |TAMS 0x0000000084800000, 0x0000000084700000| Untracked 
|  22|0x0000000084800000, 0x0000000084900000, 0x0000000084900000|100%| O|  |TAMS 0x0000000084900000, 0x0000000084800000| Untracked 
|  23|0x0000000084900000, 0x0000000084a00000, 0x0000000084a00000|100%| O|  |TAMS 0x0000000084a00000, 0x0000000084900000| Untracked 
|  24|0x0000000084a00000, 0x0000000084b00000, 0x0000000084b00000|100%| O|  |TAMS 0x0000000084b00000, 0x0000000084a00000| Untracked 
|  25|0x0000000084b00000, 0x0000000084c00000, 0x0000000084c00000|100%| O|  |TAMS 0x0000000084c00000, 0x0000000084b00000| Untracked 
|  26|0x0000000084c00000, 0x0000000084d00000, 0x0000000084d00000|100%| O|  |TAMS 0x0000000084d00000, 0x0000000084c00000| Untracked 
|  27|0x0000000084d00000, 0x0000000084e00000, 0x0000000084e00000|100%| O|  |TAMS 0x0000000084e00000, 0x0000000084d00000| Untracked 
|  28|0x0000000084e00000, 0x0000000084f00000, 0x0000000084f00000|100%| O|  |TAMS 0x0000000084f00000, 0x0000000084e00000| Untracked 
|  29|0x0000000084f00000, 0x0000000085000000, 0x0000000085000000|100%| O|  |TAMS 0x0000000085000000, 0x0000000084f00000| Untracked 
|  30|0x0000000085000000, 0x0000000085100000, 0x0000000085100000|100%| O|  |TAMS 0x0000000085100000, 0x0000000085000000| Untracked 
|  31|0x0000000085100000, 0x0000000085200000, 0x0000000085200000|100%| O|  |TAMS 0x0000000085200000, 0x0000000085100000| Untracked 
|  32|0x0000000085200000, 0x0000000085300000, 0x0000000085300000|100%| O|  |TAMS 0x0000000085300000, 0x0000000085200000| Untracked 
|  33|0x0000000085300000, 0x0000000085400000, 0x0000000085400000|100%| O|  |TAMS 0x0000000085400000, 0x0000000085300000| Untracked 
|  34|0x0000000085400000, 0x0000000085500000, 0x0000000085500000|100%| O|  |TAMS 0x0000000085500000, 0x0000000085400000| Untracked 
|  35|0x0000000085500000, 0x0000000085600000, 0x0000000085600000|100%| O|  |TAMS 0x0000000085600000, 0x0000000085500000| Untracked 
|  36|0x0000000085600000, 0x0000000085700000, 0x0000000085700000|100%| O|  |TAMS 0x0000000085700000, 0x0000000085600000| Untracked 
|  37|0x0000000085700000, 0x0000000085800000, 0x0000000085800000|100%| O|  |TAMS 0x0000000085800000, 0x0000000085700000| Untracked 
|  38|0x0000000085800000, 0x0000000085900000, 0x0000000085900000|100%| O|  |TAMS 0x0000000085900000, 0x0000000085800000| Untracked 
|  39|0x0000000085900000, 0x0000000085a00000, 0x0000000085a00000|100%| O|  |TAMS 0x0000000085a00000, 0x0000000085900000| Untracked 
|  40|0x0000000085a00000, 0x0000000085b00000, 0x0000000085b00000|100%| O|  |TAMS 0x0000000085a58c00, 0x0000000085a00000| Untracked 
|  41|0x0000000085b00000, 0x0000000085c00000, 0x0000000085c00000|100%| O|  |TAMS 0x0000000085b00000, 0x0000000085b00000| Untracked 
|  42|0x0000000085c00000, 0x0000000085d00000, 0x0000000085d00000|100%| O|  |TAMS 0x0000000085c00000, 0x0000000085c00000| Untracked 
|  43|0x0000000085d00000, 0x0000000085e00000, 0x0000000085e00000|100%| O|  |TAMS 0x0000000085d00000, 0x0000000085d00000| Untracked 
|  44|0x0000000085e00000, 0x0000000085f00000, 0x0000000085f00000|100%| O|  |TAMS 0x0000000085e00000, 0x0000000085e00000| Untracked 
|  45|0x0000000085f00000, 0x0000000086000000, 0x0000000086000000|100%| O|  |TAMS 0x0000000085f00000, 0x0000000085f00000| Untracked 
|  46|0x0000000086000000, 0x0000000086100000, 0x0000000086100000|100%| O|  |TAMS 0x0000000086000000, 0x0000000086000000| Untracked 
|  47|0x0000000086100000, 0x0000000086200000, 0x0000000086200000|100%| O|  |TAMS 0x0000000086100000, 0x0000000086100000| Untracked 
|  48|0x0000000086200000, 0x0000000086300000, 0x0000000086300000|100%|HS|  |TAMS 0x0000000086200000, 0x0000000086200000| Complete 
|  49|0x0000000086300000, 0x0000000086400000, 0x0000000086400000|100%| O|  |TAMS 0x0000000086300000, 0x0000000086300000| Untracked 
|  50|0x0000000086400000, 0x0000000086500000, 0x0000000086500000|100%| O|  |TAMS 0x0000000086400000, 0x0000000086400000| Untracked 
|  51|0x0000000086500000, 0x0000000086600000, 0x0000000086600000|100%| O|  |TAMS 0x0000000086500000, 0x0000000086500000| Untracked 
|  52|0x0000000086600000, 0x0000000086700000, 0x0000000086700000|100%| O|  |TAMS 0x0000000086600000, 0x0000000086600000| Untracked 
|  53|0x0000000086700000, 0x0000000086800000, 0x0000000086800000|100%| O|  |TAMS 0x0000000086700000, 0x0000000086700000| Untracked 
|  54|0x0000000086800000, 0x0000000086900000, 0x0000000086900000|100%| O|  |TAMS 0x0000000086800000, 0x0000000086800000| Untracked 
|  55|0x0000000086900000, 0x0000000086a00000, 0x0000000086a00000|100%| O|  |TAMS 0x0000000086900000, 0x0000000086900000| Untracked 
|  56|0x0000000086a00000, 0x0000000086a68000, 0x0000000086b00000| 40%| O|  |TAMS 0x0000000086a00000, 0x0000000086a00000| Untracked 
|  57|0x0000000086b00000, 0x0000000086b00000, 0x0000000086c00000|  0%| F|  |TAMS 0x0000000086b00000, 0x0000000086b00000| Untracked 
|  58|0x0000000086c00000, 0x0000000086c00000, 0x0000000086d00000|  0%| F|  |TAMS 0x0000000086c00000, 0x0000000086c00000| Untracked 
|  59|0x0000000086d00000, 0x0000000086d00000, 0x0000000086e00000|  0%| F|  |TAMS 0x0000000086d00000, 0x0000000086d00000| Untracked 
|  60|0x0000000086e00000, 0x0000000086e00000, 0x0000000086f00000|  0%| F|  |TAMS 0x0000000086e00000, 0x0000000086e00000| Untracked 
|  61|0x0000000086f00000, 0x0000000086f00000, 0x0000000087000000|  0%| F|  |TAMS 0x0000000086f00000, 0x0000000086f00000| Untracked 
|  62|0x0000000087000000, 0x0000000087000000, 0x0000000087100000|  0%| F|  |TAMS 0x0000000087000000, 0x0000000087000000| Untracked 
|  63|0x0000000087100000, 0x0000000087100000, 0x0000000087200000|  0%| F|  |TAMS 0x0000000087100000, 0x0000000087100000| Untracked 
|  64|0x0000000087200000, 0x0000000087200000, 0x0000000087300000|  0%| F|  |TAMS 0x0000000087200000, 0x0000000087200000| Untracked 
|  65|0x0000000087300000, 0x0000000087300000, 0x0000000087400000|  0%| F|  |TAMS 0x0000000087300000, 0x0000000087300000| Untracked 
|  66|0x0000000087400000, 0x0000000087400000, 0x0000000087500000|  0%| F|  |TAMS 0x0000000087400000, 0x0000000087400000| Untracked 
|  67|0x0000000087500000, 0x0000000087500000, 0x0000000087600000|  0%| F|  |TAMS 0x0000000087500000, 0x0000000087500000| Untracked 
|  68|0x0000000087600000, 0x0000000087600000, 0x0000000087700000|  0%| F|  |TAMS 0x0000000087600000, 0x0000000087600000| Untracked 
|  69|0x0000000087700000, 0x0000000087700000, 0x0000000087800000|  0%| F|  |TAMS 0x0000000087700000, 0x0000000087700000| Untracked 
|  70|0x0000000087800000, 0x0000000087800000, 0x0000000087900000|  0%| F|  |TAMS 0x0000000087800000, 0x0000000087800000| Untracked 
|  71|0x0000000087900000, 0x0000000087900000, 0x0000000087a00000|  0%| F|  |TAMS 0x0000000087900000, 0x0000000087900000| Untracked 
|  72|0x0000000087a00000, 0x0000000087a00000, 0x0000000087b00000|  0%| F|  |TAMS 0x0000000087a00000, 0x0000000087a00000| Untracked 
|  73|0x0000000087b00000, 0x0000000087b00000, 0x0000000087c00000|  0%| F|  |TAMS 0x0000000087b00000, 0x0000000087b00000| Untracked 
|  74|0x0000000087c00000, 0x0000000087c00000, 0x0000000087d00000|  0%| F|  |TAMS 0x0000000087c00000, 0x0000000087c00000| Untracked 
|  75|0x0000000087d00000, 0x0000000087d00000, 0x0000000087e00000|  0%| F|  |TAMS 0x0000000087d00000, 0x0000000087d00000| Untracked 
|  76|0x0000000087e00000, 0x0000000087e00000, 0x0000000087f00000|  0%| F|  |TAMS 0x0000000087e00000, 0x0000000087e00000| Untracked 
|  77|0x0000000087f00000, 0x0000000087f00000, 0x0000000088000000|  0%| F|  |TAMS 0x0000000087f00000, 0x0000000087f00000| Untracked 
|  78|0x0000000088000000, 0x0000000088000000, 0x0000000088100000|  0%| F|  |TAMS 0x0000000088000000, 0x0000000088000000| Untracked 
|  79|0x0000000088100000, 0x0000000088100000, 0x0000000088200000|  0%| F|  |TAMS 0x0000000088100000, 0x0000000088100000| Untracked 
|  80|0x0000000088200000, 0x0000000088200000, 0x0000000088300000|  0%| F|  |TAMS 0x0000000088200000, 0x0000000088200000| Untracked 
|  81|0x0000000088300000, 0x0000000088300000, 0x0000000088400000|  0%| F|  |TAMS 0x0000000088300000, 0x0000000088300000| Untracked 
|  82|0x0000000088400000, 0x0000000088400000, 0x0000000088500000|  0%| F|  |TAMS 0x0000000088400000, 0x0000000088400000| Untracked 
|  83|0x0000000088500000, 0x0000000088500000, 0x0000000088600000|  0%| F|  |TAMS 0x0000000088500000, 0x0000000088500000| Untracked 
|  84|0x0000000088600000, 0x0000000088600000, 0x0000000088700000|  0%| F|  |TAMS 0x0000000088600000, 0x0000000088600000| Untracked 
|  85|0x0000000088700000, 0x0000000088700000, 0x0000000088800000|  0%| F|  |TAMS 0x0000000088700000, 0x0000000088700000| Untracked 
|  86|0x0000000088800000, 0x0000000088800000, 0x0000000088900000|  0%| F|  |TAMS 0x0000000088800000, 0x0000000088800000| Untracked 
|  87|0x0000000088900000, 0x0000000088900000, 0x0000000088a00000|  0%| F|  |TAMS 0x0000000088900000, 0x0000000088900000| Untracked 
|  88|0x0000000088a00000, 0x0000000088a00000, 0x0000000088b00000|  0%| F|  |TAMS 0x0000000088a00000, 0x0000000088a00000| Untracked 
|  89|0x0000000088b00000, 0x0000000088b00000, 0x0000000088c00000|  0%| F|  |TAMS 0x0000000088b00000, 0x0000000088b00000| Untracked 
|  90|0x0000000088c00000, 0x0000000088c00000, 0x0000000088d00000|  0%| F|  |TAMS 0x0000000088c00000, 0x0000000088c00000| Untracked 
|  91|0x0000000088d00000, 0x0000000088d00000, 0x0000000088e00000|  0%| F|  |TAMS 0x0000000088d00000, 0x0000000088d00000| Untracked 
|  92|0x0000000088e00000, 0x0000000088e00000, 0x0000000088f00000|  0%| F|  |TAMS 0x0000000088e00000, 0x0000000088e00000| Untracked 
|  93|0x0000000088f00000, 0x0000000088f00000, 0x0000000089000000|  0%| F|  |TAMS 0x0000000088f00000, 0x0000000088f00000| Untracked 
|  94|0x0000000089000000, 0x0000000089000000, 0x0000000089100000|  0%| F|  |TAMS 0x0000000089000000, 0x0000000089000000| Untracked 
|  95|0x0000000089100000, 0x0000000089100000, 0x0000000089200000|  0%| F|  |TAMS 0x0000000089100000, 0x0000000089100000| Untracked 
|  96|0x0000000089200000, 0x0000000089200000, 0x0000000089300000|  0%| F|  |TAMS 0x0000000089200000, 0x0000000089200000| Untracked 
|  97|0x0000000089300000, 0x0000000089300000, 0x0000000089400000|  0%| F|  |TAMS 0x0000000089300000, 0x0000000089300000| Untracked 
|  98|0x0000000089400000, 0x0000000089400000, 0x0000000089500000|  0%| F|  |TAMS 0x0000000089400000, 0x0000000089400000| Untracked 
|  99|0x0000000089500000, 0x0000000089500000, 0x0000000089600000|  0%| F|  |TAMS 0x0000000089500000, 0x0000000089500000| Untracked 
| 100|0x0000000089600000, 0x0000000089600000, 0x0000000089700000|  0%| F|  |TAMS 0x0000000089600000, 0x0000000089600000| Untracked 
| 101|0x0000000089700000, 0x0000000089700000, 0x0000000089800000|  0%| F|  |TAMS 0x0000000089700000, 0x0000000089700000| Untracked 
| 102|0x0000000089800000, 0x0000000089800000, 0x0000000089900000|  0%| F|  |TAMS 0x0000000089800000, 0x0000000089800000| Untracked 
| 103|0x0000000089900000, 0x0000000089900000, 0x0000000089a00000|  0%| F|  |TAMS 0x0000000089900000, 0x0000000089900000| Untracked 
| 104|0x0000000089a00000, 0x0000000089a00000, 0x0000000089b00000|  0%| F|  |TAMS 0x0000000089a00000, 0x0000000089a00000| Untracked 
| 105|0x0000000089b00000, 0x0000000089ba9f20, 0x0000000089c00000| 66%| S|CS|TAMS 0x0000000089b00000, 0x0000000089b00000| Complete 
| 125|0x000000008af00000, 0x000000008af00000, 0x000000008b000000|  0%| F|  |TAMS 0x000000008af00000, 0x000000008af00000| Untracked 

Card table byte_map: [0x0000013f697c0000,0x0000013f69bb0000] _byte_map_base: 0x0000013f693a7000

Marking Bits (Prev, Next): (CMBitMap*) 0x0000013f5e84bf50, (CMBitMap*) 0x0000013f5e84bf90
 Prev Bits: [0x0000013f69fa0000, 0x0000013f6bed8000)
 Next Bits: [0x0000013f6bee0000, 0x0000013f6de18000)

Polling page: 0x0000013f5c760000

Metaspace:

Usage:
  Non-class:     26.41 MB used.
      Class:      3.96 MB used.
       Both:     30.36 MB used.

Virtual space:
  Non-class space:       32.00 MB reserved,      26.62 MB ( 83%) committed,  4 nodes.
      Class space:        1.00 GB reserved,       4.12 MB ( <1%) committed,  1 nodes.
             Both:        1.03 GB reserved,      30.75 MB (  3%) committed. 

Chunk freelists:
   Non-Class:  800.00 KB
       Class:  3.88 MB
        Both:  4.66 MB

MaxMetaspaceSize: unlimited
CompressedClassSpaceSize: 1.00 GB
Initial GC threshold: 21.00 MB
Current GC threshold: 50.25 MB
CDS: on
MetaspaceReclaimPolicy: balanced
 - commit_granule_bytes: 65536.
 - commit_granule_words: 8192.
 - virtual_space_node_default_size: 1048576.
 - enlarge_chunks_in_place: 1.
 - new_chunks_are_fully_committed: 0.
 - uncommit_free_chunks: 1.
 - use_allocation_guard: 0.
 - handle_deallocations: 1.


Internal statistics:

num_allocs_failed_limit: 3.
num_arena_births: 344.
num_arena_deaths: 0.
num_vsnodes_births: 5.
num_vsnodes_deaths: 0.
num_space_committed: 492.
num_space_uncommitted: 0.
num_chunks_returned_to_freelist: 3.
num_chunks_taken_from_freelist: 1469.
num_chunk_merges: 0.
num_chunk_splits: 1014.
num_chunks_enlarged: 785.
num_purges: 0.
num_inconsistent_stats: 0.

CodeCache: size=49152Kb used=8671Kb max_used=8671Kb free=40480Kb
 bounds [0x0000013f662c0000, 0x0000013f66b40000, 0x0000013f692c0000]
 total_blobs=4372 nmethods=3845 adapters=452
 compilation: enabled
              stopped_count=0, restarted_count=0
 full_count=0

Compilation events (20 events):
Event: 17.974 Thread 0x0000013f729136a0 3835       1       java.util.stream.StreamSpliterators$WrappingSpliterator::<init> (8 bytes)
Event: 17.974 Thread 0x0000013f729136a0 nmethod 3835 0x0000013f66b32d10 code [0x0000013f66b32ea0, 0x0000013f66b33038]
Event: 17.974 Thread 0x0000013f729136a0 3836       1       java.util.stream.StreamSpliterators$AbstractWrappingSpliterator::<init> (25 bytes)
Event: 17.974 Thread 0x0000013f708653b0 nmethod 3834 0x0000013f66b33090 code [0x0000013f66b33220, 0x0000013f66b333f8]
Event: 17.974 Thread 0x0000013f708653b0 3837       1       java.util.stream.AbstractPipeline$$Lambda$118/0x0000000800c7ef18::get (8 bytes)
Event: 17.974 Thread 0x0000013f729136a0 nmethod 3836 0x0000013f66b33490 code [0x0000013f66b33620, 0x0000013f66b337b8]
Event: 17.974 Thread 0x0000013f708653b0 nmethod 3837 0x0000013f66b33810 code [0x0000013f66b339a0, 0x0000013f66b33a88]
Event: 17.974 Thread 0x0000013f729136a0 3838       1       java.util.stream.AbstractPipeline::lambda$spliterator$0 (6 bytes)
Event: 17.974 Thread 0x0000013f708653b0 3839       1       java.util.stream.StreamSpliterators$WrappingSpliterator::initPartialTraversalState (46 bytes)
Event: 17.974 Thread 0x0000013f729136a0 nmethod 3838 0x0000013f66b33b10 code [0x0000013f66b33ca0, 0x0000013f66b33d88]
Event: 17.974 Thread 0x0000013f729136a0 3842       1       jdk.internal.jrtfs.JrtFileAttributes::fileKey (9 bytes)
Event: 17.974 Thread 0x0000013f729136a0 nmethod 3842 0x0000013f66b33e10 code [0x0000013f66b33fa0, 0x0000013f66b34088]
Event: 17.974 Thread 0x0000013f729136a0 3843       1       org.eclipse.jdt.internal.compiler.util.JRTUtil$AbstractFileVisitor::preVisitDirectory (4 bytes)
Event: 17.974 Thread 0x0000013f729136a0 nmethod 3843 0x0000013f66b34110 code [0x0000013f66b342a0, 0x0000013f66b34378]
Event: 17.974 Thread 0x0000013f729136a0 3844  s    1       jdk.internal.jrtfs.JrtDirectoryStream::close (6 bytes)
Event: 17.975 Thread 0x0000013f729136a0 nmethod 3844 0x0000013f66b34410 code [0x0000013f66b345a0, 0x0000013f66b34718]
Event: 17.975 Thread 0x0000013f729136a0 3845       1       org.eclipse.jdt.internal.compiler.util.JRTUtil$AbstractFileVisitor::postVisitDirectory (4 bytes)
Event: 17.975 Thread 0x0000013f729136a0 nmethod 3845 0x0000013f66b34790 code [0x0000013f66b34920, 0x0000013f66b349f8]
Event: 17.975 Thread 0x0000013f708653b0 nmethod 3839 0x0000013f66b34a90 code [0x0000013f66b34c60, 0x0000013f66b35148]
Event: 17.980 Thread 0x0000013f72a921c0 nmethod 3825 0x0000013f66b35390 code [0x0000013f66b35760, 0x0000013f66b36ea8]

GC Heap History (20 events):
Event: 15.880 GC heap after
{Heap after GC invocations=4 (full 0):
 garbage-first heap   total 129024K, used 16142K [0x0000000083200000, 0x0000000100000000)
  region size 1024K, 8 young (8192K), 8 survivors (8192K)
 Metaspace       used 21236K, committed 21504K, reserved 1073152K
  class space    used 2790K, committed 2944K, reserved 1048576K
}
Event: 17.214 GC heap before
{Heap before GC invocations=5 (full 0):
 garbage-first heap   total 61440K, used 44814K [0x0000000083200000, 0x0000000100000000)
  region size 1024K, 36 young (36864K), 8 survivors (8192K)
 Metaspace       used 26622K, committed 26944K, reserved 1073152K
  class space    used 3557K, committed 3712K, reserved 1048576K
}
Event: 17.223 GC heap after
{Heap after GC invocations=6 (full 0):
 garbage-first heap   total 61440K, used 18200K [0x0000000083200000, 0x0000000100000000)
  region size 1024K, 4 young (4096K), 4 survivors (4096K)
 Metaspace       used 26622K, committed 26944K, reserved 1073152K
  class space    used 3557K, committed 3712K, reserved 1048576K
}
Event: 17.403 GC heap before
{Heap before GC invocations=6 (full 0):
 garbage-first heap   total 61440K, used 39704K [0x0000000083200000, 0x0000000100000000)
  region size 1024K, 26 young (26624K), 4 survivors (4096K)
 Metaspace       used 27869K, committed 28160K, reserved 1081344K
  class space    used 3766K, committed 3904K, reserved 1048576K
}
Event: 17.409 GC heap after
{Heap after GC invocations=7 (full 0):
 garbage-first heap   total 61440K, used 22670K [0x0000000083200000, 0x0000000100000000)
  region size 1024K, 4 young (4096K), 4 survivors (4096K)
 Metaspace       used 27869K, committed 28160K, reserved 1081344K
  class space    used 3766K, committed 3904K, reserved 1048576K
}
Event: 17.499 GC heap before
{Heap before GC invocations=7 (full 0):
 garbage-first heap   total 61440K, used 42126K [0x0000000083200000, 0x0000000100000000)
  region size 1024K, 23 young (23552K), 4 survivors (4096K)
 Metaspace       used 28153K, committed 28480K, reserved 1081344K
  class space    used 3814K, committed 3968K, reserved 1048576K
}
Event: 17.503 GC heap after
{Heap after GC invocations=8 (full 0):
 garbage-first heap   total 61440K, used 26161K [0x0000000083200000, 0x0000000100000000)
  region size 1024K, 3 young (3072K), 3 survivors (3072K)
 Metaspace       used 28153K, committed 28480K, reserved 1081344K
  class space    used 3814K, committed 3968K, reserved 1048576K
}
Event: 17.565 GC heap before
{Heap before GC invocations=8 (full 0):
 garbage-first heap   total 61440K, used 42545K [0x0000000083200000, 0x0000000100000000)
  region size 1024K, 20 young (20480K), 3 survivors (3072K)
 Metaspace       used 28678K, committed 28992K, reserved 1081344K
  class space    used 3851K, committed 4032K, reserved 1048576K
}
Event: 17.569 GC heap after
{Heap after GC invocations=9 (full 0):
 garbage-first heap   total 61440K, used 29112K [0x0000000083200000, 0x0000000100000000)
  region size 1024K, 3 young (3072K), 3 survivors (3072K)
 Metaspace       used 28678K, committed 28992K, reserved 1081344K
  class space    used 3851K, committed 4032K, reserved 1048576K
}
Event: 17.602 GC heap before
{Heap before GC invocations=9 (full 0):
 garbage-first heap   total 61440K, used 44472K [0x0000000083200000, 0x0000000100000000)
  region size 1024K, 18 young (18432K), 3 survivors (3072K)
 Metaspace       used 28824K, committed 29120K, reserved 1081344K
  class space    used 3861K, committed 4032K, reserved 1048576K
}
Event: 17.605 GC heap after
{Heap after GC invocations=10 (full 0):
 garbage-first heap   total 88064K, used 32194K [0x0000000083200000, 0x0000000100000000)
  region size 1024K, 3 young (3072K), 3 survivors (3072K)
 Metaspace       used 28824K, committed 29120K, reserved 1081344K
  class space    used 3861K, committed 4032K, reserved 1048576K
}
Event: 17.675 GC heap before
{Heap before GC invocations=10 (full 0):
 garbage-first heap   total 88064K, used 62914K [0x0000000083200000, 0x0000000100000000)
  region size 1024K, 33 young (33792K), 3 survivors (3072K)
 Metaspace       used 29295K, committed 29632K, reserved 1081344K
  class space    used 3910K, committed 4032K, reserved 1048576K
}
Event: 17.681 GC heap after
{Heap after GC invocations=11 (full 0):
 garbage-first heap   total 88064K, used 38428K [0x0000000083200000, 0x0000000100000000)
  region size 1024K, 5 young (5120K), 5 survivors (5120K)
 Metaspace       used 29295K, committed 29632K, reserved 1081344K
  class space    used 3910K, committed 4032K, reserved 1048576K
}
Event: 17.722 GC heap before
{Heap before GC invocations=11 (full 0):
 garbage-first heap   total 88064K, used 64028K [0x0000000083200000, 0x0000000100000000)
  region size 1024K, 30 young (30720K), 5 survivors (5120K)
 Metaspace       used 29549K, committed 29888K, reserved 1081344K
  class space    used 3931K, committed 4096K, reserved 1048576K
}
Event: 17.727 GC heap after
{Heap after GC invocations=12 (full 0):
 garbage-first heap   total 88064K, used 44632K [0x0000000083200000, 0x0000000100000000)
  region size 1024K, 4 young (4096K), 4 survivors (4096K)
 Metaspace       used 29549K, committed 29888K, reserved 1081344K
  class space    used 3931K, committed 4096K, reserved 1048576K
}
Event: 17.832 GC heap before
{Heap before GC invocations=12 (full 0):
 garbage-first heap   total 88064K, used 64088K [0x0000000083200000, 0x0000000100000000)
  region size 1024K, 24 young (24576K), 4 survivors (4096K)
 Metaspace       used 30445K, committed 30720K, reserved 1081344K
  class space    used 3977K, committed 4096K, reserved 1048576K
}
Event: 17.838 GC heap after
{Heap after GC invocations=13 (full 0):
 garbage-first heap   total 88064K, used 51013K [0x0000000083200000, 0x0000000100000000)
  region size 1024K, 3 young (3072K), 3 survivors (3072K)
 Metaspace       used 30445K, committed 30720K, reserved 1081344K
  class space    used 3977K, committed 4096K, reserved 1048576K
}
Event: 17.975 GC heap before
{Heap before GC invocations=14 (full 0):
 garbage-first heap   total 92160K, used 67397K [0x0000000083200000, 0x0000000100000000)
  region size 1024K, 19 young (19456K), 3 survivors (3072K)
 Metaspace       used 31091K, committed 31488K, reserved 1081344K
  class space    used 4050K, committed 4224K, reserved 1048576K
}
Event: 17.980 GC heap after
{Heap after GC invocations=15 (full 0):
 garbage-first heap   total 92160K, used 56565K [0x0000000083200000, 0x0000000100000000)
  region size 1024K, 3 young (3072K), 3 survivors (3072K)
 Metaspace       used 31091K, committed 31488K, reserved 1081344K
  class space    used 4050K, committed 4224K, reserved 1048576K
}
Event: 17.983 GC heap before
{Heap before GC invocations=15 (full 0):
 garbage-first heap   total 92160K, used 57589K [0x0000000083200000, 0x0000000100000000)
  region size 1024K, 4 young (4096K), 3 survivors (3072K)
 Metaspace       used 31091K, committed 31488K, reserved 1081344K
  class space    used 4050K, committed 4224K, reserved 1048576K
}

Dll operation events (9 events):
Event: 0.028 Loaded shared library C:\Program Files\Eclipse Adoptium\jdk-17.0.5.8-hotspot\bin\java.dll
Event: 0.057 Loaded shared library C:\Program Files\Eclipse Adoptium\jdk-17.0.5.8-hotspot\bin\jsvml.dll
Event: 0.762 Loaded shared library C:\Program Files\Eclipse Adoptium\jdk-17.0.5.8-hotspot\bin\net.dll
Event: 0.770 Loaded shared library C:\Program Files\Eclipse Adoptium\jdk-17.0.5.8-hotspot\bin\nio.dll
Event: 0.781 Loaded shared library C:\Program Files\Eclipse Adoptium\jdk-17.0.5.8-hotspot\bin\zip.dll
Event: 1.375 Loaded shared library C:\Program Files\Eclipse Adoptium\jdk-17.0.5.8-hotspot\bin\verify.dll
Event: 1.394 Loaded shared library C:\Program Files\Eclipse Adoptium\jdk-17.0.5.8-hotspot\bin\jimage.dll
Event: 5.890 Loaded shared library C:\Program Files\Eclipse Adoptium\jdk-17.0.5.8-hotspot\bin\management.dll
Event: 5.898 Loaded shared library C:\Program Files\Eclipse Adoptium\jdk-17.0.5.8-hotspot\bin\management_ext.dll

Deoptimization events (10 events):
Event: 8.302 Thread 0x0000013f5e7f1e90 DEOPT PACKING pc=0x0000013f66553819 sp=0x000000276e6fd6f0
Event: 8.302 Thread 0x0000013f5e7f1e90 DEOPT UNPACKING pc=0x0000013f663166e3 sp=0x000000276e6fcbd0 mode 3
Event: 16.502 Thread 0x0000013f5e7f1e90 DEOPT PACKING pc=0x0000013f6686f799 sp=0x000000276e6fcad0
Event: 16.502 Thread 0x0000013f5e7f1e90 DEOPT UNPACKING pc=0x0000013f663166e3 sp=0x000000276e6fbfb0 mode 3
Event: 17.145 Thread 0x0000013f72a2c5b0 DEOPT PACKING pc=0x0000013f669c36b5 sp=0x00000027706fd1b0
Event: 17.145 Thread 0x0000013f72a2c5b0 DEOPT UNPACKING pc=0x0000013f663166e3 sp=0x00000027706fc6c8 mode 3
Event: 17.308 Thread 0x0000013f72a2de90 DEOPT PACKING pc=0x0000013f669e587b sp=0x00000027707fe4c0
Event: 17.308 Thread 0x0000013f72a2de90 DEOPT UNPACKING pc=0x0000013f663166e3 sp=0x00000027707fda08 mode 3
Event: 17.525 Thread 0x0000013f72e29050 DEOPT PACKING pc=0x0000013f66555301 sp=0x00000027717feac0
Event: 17.525 Thread 0x0000013f72e29050 DEOPT UNPACKING pc=0x0000013f663166e3 sp=0x00000027717fdf50 mode 3

Classes unloaded (0 events):
No events

Classes redefined (0 events):
No events

Internal exceptions (20 events):
Event: 17.347 Thread 0x0000013f72e27d10 Exception <a 'sun/nio/fs/WindowsException'{0x000000008958f4c0}> (0x000000008958f4c0) 
thrown [s\src\hotspot\share\prims\jni.cpp, line 516]
Event: 17.348 Thread 0x0000013f72e27d10 Exception <a 'sun/nio/fs/WindowsException'{0x000000008958fee8}> (0x000000008958fee8) 
thrown [s\src\hotspot\share\prims\jni.cpp, line 516]
Event: 17.348 Thread 0x0000013f72e27d10 Exception <a 'sun/nio/fs/WindowsException'{0x00000000895902c8}> (0x00000000895902c8) 
thrown [s\src\hotspot\share\prims\jni.cpp, line 516]
Event: 17.348 Thread 0x0000013f72e27d10 Exception <a 'sun/nio/fs/WindowsException'{0x0000000089590cb8}> (0x0000000089590cb8) 
thrown [s\src\hotspot\share\prims\jni.cpp, line 516]
Event: 17.348 Thread 0x0000013f72e27d10 Exception <a 'sun/nio/fs/WindowsException'{0x0000000089591060}> (0x0000000089591060) 
thrown [s\src\hotspot\share\prims\jni.cpp, line 516]
Event: 17.349 Thread 0x0000013f72e27d10 Exception <a 'sun/nio/fs/WindowsException'{0x0000000089591a60}> (0x0000000089591a60) 
thrown [s\src\hotspot\share\prims\jni.cpp, line 516]
Event: 17.349 Thread 0x0000013f72e27d10 Exception <a 'sun/nio/fs/WindowsException'{0x0000000089591e20}> (0x0000000089591e20) 
thrown [s\src\hotspot\share\prims\jni.cpp, line 516]
Event: 17.349 Thread 0x0000013f72e27d10 Exception <a 'sun/nio/fs/WindowsException'{0x0000000089592820}> (0x0000000089592820) 
thrown [s\src\hotspot\share\prims\jni.cpp, line 516]
Event: 17.349 Thread 0x0000013f72e27d10 Exception <a 'sun/nio/fs/WindowsException'{0x0000000089592bd0}> (0x0000000089592bd0) 
thrown [s\src\hotspot\share\prims\jni.cpp, line 516]
Event: 17.349 Thread 0x0000013f72e27d10 Exception <a 'sun/nio/fs/WindowsException'{0x00000000895935d0}> (0x00000000895935d0) 
thrown [s\src\hotspot\share\prims\jni.cpp, line 516]
Event: 17.349 Thread 0x0000013f72e27d10 Exception <a 'sun/nio/fs/WindowsException'{0x0000000089593990}> (0x0000000089593990) 
thrown [s\src\hotspot\share\prims\jni.cpp, line 516]
Event: 17.349 Thread 0x0000013f72e27d10 Exception <a 'sun/nio/fs/WindowsException'{0x00000000895943b8}> (0x00000000895943b8) 
thrown [s\src\hotspot\share\prims\jni.cpp, line 516]
Event: 17.349 Thread 0x0000013f72e27d10 Exception <a 'sun/nio/fs/WindowsException'{0x0000000089594798}> (0x0000000089594798) 
thrown [s\src\hotspot\share\prims\jni.cpp, line 516]
Event: 17.349 Thread 0x0000013f72e27d10 Exception <a 'sun/nio/fs/WindowsException'{0x00000000895951d0}> (0x00000000895951d0) 
thrown [s\src\hotspot\share\prims\jni.cpp, line 516]
Event: 17.350 Thread 0x0000013f72e27d10 Exception <a 'sun/nio/fs/WindowsException'{0x00000000895955c0}> (0x00000000895955c0) 
thrown [s\src\hotspot\share\prims\jni.cpp, line 516]
Event: 17.350 Thread 0x0000013f72e27d10 Exception <a 'sun/nio/fs/WindowsException'{0x0000000089595fe8}> (0x0000000089595fe8) 
thrown [s\src\hotspot\share\prims\jni.cpp, line 516]
Event: 17.350 Thread 0x0000013f72e27d10 Exception <a 'sun/nio/fs/WindowsException'{0x00000000895963d8}> (0x00000000895963d8) 
thrown [s\src\hotspot\share\prims\jni.cpp, line 516]
Event: 17.392 Thread 0x0000013f72a2c5b0 Exception <a 'java/lang/NoSuchMethodError'{0x0000000085ea1808}: 'int java.lang.invoke.DirectMethodHandle$Holder.invokeStatic(java.lang.Object)'> (0x0000000085ea1808) 
thrown [s\src\hotspot\share\interpreter\linkResolver.cpp, line 759]
Event: 17.392 Thread 0x0000013f72a2c5b0 Exception <a 'java/lang/NoSuchMethodError'{0x0000000085ea4eb0}: 'int java.lang.invoke.DirectMethodHandle$Holder.invokeStaticInit(java.lang.Object)'> (0x0000000085ea4eb0) 
thrown [s\src\hotspot\share\interpreter\linkResolver.cpp, line 759]
Event: 17.920 Thread 0x0000013f72a2c5b0 Exception <a 'java/lang/NoSuchMethodError'{0x00000000898be968}: 'java.lang.Object java.lang.invoke.Invokers$Holder.invoke_MT(java.lang.Object, java.lang.Object, java.lang.Object)'> (0x00000000898be968) 
thrown [s\src\hotspot\share\interpreter\linkResolver.cpp, line 759]

VM Operations (20 events):
Event: 17.664 Executing VM operation: HandshakeAllThreads done
Event: 17.675 Executing VM operation: G1CollectForAllocation
Event: 17.682 Executing VM operation: G1CollectForAllocation done
Event: 17.721 Executing VM operation: G1CollectForAllocation
Event: 17.727 Executing VM operation: G1CollectForAllocation done
Event: 17.832 Executing VM operation: G1CollectForAllocation
Event: 17.838 Executing VM operation: G1CollectForAllocation done
Event: 17.872 Executing VM operation: G1Concurrent
Event: 17.877 Executing VM operation: G1Concurrent done
Event: 17.894 Executing VM operation: G1Concurrent
Event: 17.895 Executing VM operation: G1Concurrent done
Event: 17.904 Executing VM operation: HandshakeAllThreads
Event: 17.904 Executing VM operation: HandshakeAllThreads done
Event: 17.907 Executing VM operation: HandshakeAllThreads
Event: 17.907 Executing VM operation: HandshakeAllThreads done
Event: 17.953 Executing VM operation: HandshakeAllThreads
Event: 17.953 Executing VM operation: HandshakeAllThreads done
Event: 17.975 Executing VM operation: G1CollectForAllocation
Event: 17.980 Executing VM operation: G1CollectForAllocation done
Event: 17.983 Executing VM operation: G1CollectForAllocation

Events (20 events):
Event: 17.924 loading class java/nio/file/ClosedDirectoryStreamException
Event: 17.924 loading class java/nio/file/ClosedDirectoryStreamException done
Event: 17.924 loading class jdk/internal/jrtfs/JrtFileSystem
Event: 17.925 loading class jdk/internal/jrtfs/JrtFileSystem done
Event: 17.925 loading class jdk/internal/jrtfs/JrtPath
Event: 17.925 loading class jdk/internal/jrtfs/JrtPath done
Event: 17.928 loading class java/nio/file/FileVisitOption
Event: 17.928 loading class java/nio/file/FileVisitOption done
Event: 17.928 loading class java/nio/file/FileTreeWalker
Event: 17.928 loading class java/nio/file/FileTreeWalker done
Event: 17.954 loading class java/nio/file/FileTreeWalker$DirectoryNode
Event: 17.954 loading class java/nio/file/FileTreeWalker$DirectoryNode done
Event: 17.954 loading class java/nio/file/FileTreeWalker$Event
Event: 17.954 loading class java/nio/file/FileTreeWalker$Event done
Event: 17.954 loading class java/nio/file/FileTreeWalker$EventType
Event: 17.954 loading class java/nio/file/FileTreeWalker$EventType done
Event: 17.954 loading class java/nio/file/Files$3
Event: 17.954 loading class java/nio/file/Files$3 done
Event: 17.954 loading class java/nio/file/FileVisitResult
Event: 17.954 loading class java/nio/file/FileVisitResult done


Dynamic libraries:
0x00007ff6409f0000 - 0x00007ff6409fe000 	C:\Program Files\Eclipse Adoptium\jdk-17.0.5.8-hotspot\bin\java.exe
0x00007ff9dd9d0000 - 0x00007ff9ddbea000 	C:\WINDOWS\SYSTEM32\ntdll.dll
0x00007ff9dd3f0000 - 0x00007ff9dd4b3000 	C:\WINDOWS\System32\KERNEL32.DLL
0x00007ff9dadb0000 - 0x00007ff9db14c000 	C:\WINDOWS\System32\KERNELBASE.dll
0x00007ff9d7d90000 - 0x00007ff9d7e26000 	C:\WINDOWS\SYSTEM32\apphelp.dll
0x00007ff9db270000 - 0x00007ff9db38b000 	C:\WINDOWS\System32\ucrtbase.dll
0x00007ff9cbf50000 - 0x00007ff9cbf67000 	C:\Program Files\Eclipse Adoptium\jdk-17.0.5.8-hotspot\bin\jli.dll
0x00007ff9dd680000 - 0x00007ff9dd82a000 	C:\WINDOWS\System32\USER32.dll
0x00007ff9db520000 - 0x00007ff9db546000 	C:\WINDOWS\System32\win32u.dll
0x00007ff9dcfd0000 - 0x00007ff9dcff9000 	C:\WINDOWS\System32\GDI32.dll
0x00007ff9bf7d0000 - 0x00007ff9bfa61000 	C:\WINDOWS\WinSxS\amd64_microsoft.windows.common-controls_6595b64144ccf1df_6.0.25236.1000_none_7a88bdfad9396379\COMCTL32.dll
0x00007ff9db150000 - 0x00007ff9db266000 	C:\WINDOWS\System32\gdi32full.dll
0x00007ff9dd150000 - 0x00007ff9dd1f7000 	C:\WINDOWS\System32\msvcrt.dll
0x00007ff9db410000 - 0x00007ff9db4aa000 	C:\WINDOWS\System32\msvcp_win.dll
0x00007ff9ba870000 - 0x00007ff9ba889000 	C:\Program Files\Eclipse Adoptium\jdk-17.0.5.8-hotspot\bin\VCRUNTIME140.dll
0x00007ff9dd950000 - 0x00007ff9dd980000 	C:\WINDOWS\System32\IMM32.DLL
0x00007ff9d5ac0000 - 0x00007ff9d5acc000 	C:\Program Files\Eclipse Adoptium\jdk-17.0.5.8-hotspot\bin\vcruntime140_1.dll
0x00007ff99c820000 - 0x00007ff99c8b1000 	C:\Program Files\Eclipse Adoptium\jdk-17.0.5.8-hotspot\bin\msvcp140.dll
0x00007ff996200000 - 0x00007ff996e44000 	C:\Program Files\Eclipse Adoptium\jdk-17.0.5.8-hotspot\bin\server\jvm.dll
0x00007ff9dd200000 - 0x00007ff9dd2ae000 	C:\WINDOWS\System32\ADVAPI32.dll
0x00007ff9dd2b0000 - 0x00007ff9dd356000 	C:\WINDOWS\System32\sechost.dll
0x00007ff9db790000 - 0x00007ff9db8b7000 	C:\WINDOWS\System32\RPCRT4.dll
0x00007ff9cd1f0000 - 0x00007ff9cd225000 	C:\WINDOWS\SYSTEM32\WINMM.dll
0x00007ff9d1fd0000 - 0x00007ff9d1fd9000 	C:\WINDOWS\SYSTEM32\WSOCK32.dll
0x00007ff9dd8d0000 - 0x00007ff9dd93f000 	C:\WINDOWS\System32\WS2_32.dll
0x00007ff9ce990000 - 0x00007ff9ce99a000 	C:\WINDOWS\SYSTEM32\VERSION.dll
0x00007ff9d9d30000 - 0x00007ff9d9d48000 	C:\WINDOWS\SYSTEM32\kernel.appcore.dll
0x00007ff9d1cd0000 - 0x00007ff9d1cda000 	C:\Program Files\Eclipse Adoptium\jdk-17.0.5.8-hotspot\bin\jimage.dll
0x00007ff9d8640000 - 0x00007ff9d8873000 	C:\WINDOWS\SYSTEM32\DBGHELP.DLL
0x00007ff9dc540000 - 0x00007ff9dc8c2000 	C:\WINDOWS\System32\combase.dll
0x00007ff9dc8d0000 - 0x00007ff9dc9a8000 	C:\WINDOWS\System32\OLEAUT32.dll
0x00007ff9c9f80000 - 0x00007ff9c9fb2000 	C:\WINDOWS\SYSTEM32\dbgcore.DLL
0x00007ff9db390000 - 0x00007ff9db409000 	C:\WINDOWS\System32\bcryptPrimitives.dll
0x00007ff9b9d30000 - 0x00007ff9b9d55000 	C:\Program Files\Eclipse Adoptium\jdk-17.0.5.8-hotspot\bin\java.dll
0x00007ff997680000 - 0x00007ff997756000 	C:\Program Files\Eclipse Adoptium\jdk-17.0.5.8-hotspot\bin\jsvml.dll
0x00007ff9db9c0000 - 0x00007ff9dc1ac000 	C:\WINDOWS\System32\SHELL32.dll
0x00007ff9d8cc0000 - 0x00007ff9d9558000 	C:\WINDOWS\SYSTEM32\windows.storage.dll
0x00007ff9d8b30000 - 0x00007ff9d8cbd000 	C:\WINDOWS\SYSTEM32\wintypes.dll
0x00007ff9dc440000 - 0x00007ff9dc52b000 	C:\WINDOWS\System32\SHCORE.dll
0x00007ff9dc1b0000 - 0x00007ff9dc20e000 	C:\WINDOWS\System32\shlwapi.dll
0x00007ff9dacd0000 - 0x00007ff9dacf1000 	C:\WINDOWS\SYSTEM32\profapi.dll
0x00007ff9ba3f0000 - 0x00007ff9ba409000 	C:\Program Files\Eclipse Adoptium\jdk-17.0.5.8-hotspot\bin\net.dll
0x00007ff9ce740000 - 0x00007ff9ce86e000 	C:\WINDOWS\SYSTEM32\WINHTTP.dll
0x00007ff9da200000 - 0x00007ff9da269000 	C:\WINDOWS\system32\mswsock.dll
0x00007ff9b99b0000 - 0x00007ff9b99c5000 	C:\Program Files\Eclipse Adoptium\jdk-17.0.5.8-hotspot\bin\nio.dll
0x00007ff9ba610000 - 0x00007ff9ba628000 	C:\Program Files\Eclipse Adoptium\jdk-17.0.5.8-hotspot\bin\zip.dll
0x00007ff9cf140000 - 0x00007ff9cf150000 	C:\Program Files\Eclipse Adoptium\jdk-17.0.5.8-hotspot\bin\verify.dll
0x00007ff9d3d80000 - 0x00007ff9d3d89000 	C:\Program Files\Eclipse Adoptium\jdk-17.0.5.8-hotspot\bin\management.dll
0x00007ff9d3d70000 - 0x00007ff9d3d7b000 	C:\Program Files\Eclipse Adoptium\jdk-17.0.5.8-hotspot\bin\management_ext.dll
0x00007ff9dd0d0000 - 0x00007ff9dd0d8000 	C:\WINDOWS\System32\PSAPI.DLL
0x00007ff9cef80000 - 0x00007ff9cef97000 	C:\WINDOWS\system32\napinsp.dll
0x00007ff9ccab0000 - 0x00007ff9ccaca000 	C:\WINDOWS\system32\pnrpnsp.dll
0x00007ff98c150000 - 0x00007ff98c171000 	C:\WINDOWS\system32\nlansp_c.dll
0x00007ff9d97e0000 - 0x00007ff9d98dd000 	C:\WINDOWS\SYSTEM32\DNSAPI.dll
0x00007ff9d97b0000 - 0x00007ff9d97de000 	C:\WINDOWS\SYSTEM32\IPHLPAPI.DLL
0x00007ff9dd000000 - 0x00007ff9dd009000 	C:\WINDOWS\System32\NSI.dll
0x00007ff9ba170000 - 0x00007ff9ba181000 	C:\WINDOWS\System32\winrnr.dll
0x00007ff9c0da0000 - 0x00007ff9c0db5000 	C:\WINDOWS\system32\wshbth.dll
0x00007ff9cc7b0000 - 0x00007ff9cc7ba000 	C:\Windows\System32\rasadhlp.dll
0x00007ff9ccb60000 - 0x00007ff9ccbe4000 	C:\WINDOWS\System32\fwpuclnt.dll
0x00007ff9da480000 - 0x00007ff9da49b000 	C:\WINDOWS\SYSTEM32\CRYPTSP.dll
0x00007ff9d9c90000 - 0x00007ff9d9cc4000 	C:\WINDOWS\system32\rsaenh.dll
0x00007ff9da300000 - 0x00007ff9da328000 	C:\WINDOWS\SYSTEM32\USERENV.dll
0x00007ff9da640000 - 0x00007ff9da668000 	C:\WINDOWS\SYSTEM32\bcrypt.dll
0x00007ff9da4a0000 - 0x00007ff9da4ac000 	C:\WINDOWS\SYSTEM32\CRYPTBASE.dll
0x00007ff9cd430000 - 0x00007ff9cd449000 	C:\WINDOWS\SYSTEM32\dhcpcsvc6.DLL
0x00007ff9cd1c0000 - 0x00007ff9cd1df000 	C:\WINDOWS\SYSTEM32\dhcpcsvc.DLL

dbghelp: loaded successfully - version: 4.0.5 - missing functions: none
symbol engine: initialized successfully - sym options: 0x614 - pdb path: .;C:\Program Files\Eclipse Adoptium\jdk-17.0.5.8-hotspot\bin;C:\WINDOWS\SYSTEM32;C:\WINDOWS\WinSxS\amd64_microsoft.windows.common-controls_6595b64144ccf1df_6.0.25236.1000_none_7a88bdfad9396379;C:\Program Files\Eclipse Adoptium\jdk-17.0.5.8-hotspot\bin\server

VM Arguments:
jvm_args: -Dsts.lsp.client=vscode -Dsts.log.file=/dev/null -XX:TieredStopAtLevel=1 -Xlog:jni+resolve=off -Dspring.config.location=file:c:\Users\datea\.vscode\extensions\pivotal.vscode-spring-boot-1.40.0\language-server\BOOT-INF\classes\application.properties 
java_command: org.springframework.ide.vscode.boot.app.BootLanguageServerBootApp
java_class_path (initial): c:\Users\datea\.vscode\extensions\pivotal.vscode-spring-boot-1.40.0\language-server\BOOT-INF\classes;c:\Users\datea\.vscode\extensions\pivotal.vscode-spring-boot-1.40.0\language-server\BOOT-INF\lib\annotations-23.0.0.jar;c:\Users\datea\.vscode\extensions\pivotal.vscode-spring-boot-1.40.0\language-server\BOOT-INF\lib\ant-1.10.12.jar;c:\Users\datea\.vscode\extensions\pivotal.vscode-spring-boot-1.40.0\language-server\BOOT-INF\lib\ant-launcher-1.10.12.jar;c:\Users\datea\.vscode\extensions\pivotal.vscode-spring-boot-1.40.0\language-server\BOOT-INF\lib\antlr-runtime-3.5.2.jar;c:\Users\datea\.vscode\extensions\pivotal.vscode-spring-boot-1.40.0\language-server\BOOT-INF\lib\antlr4-4.9.3.jar;c:\Users\datea\.vscode\extensions\pivotal.vscode-spring-boot-1.40.0\language-server\BOOT-INF\lib\antlr4-runtime-4.9.3.jar;c:\Users\datea\.vscode\extensions\pivotal.vscode-spring-boot-1.40.0\language-server\BOOT-INF\lib\asm-9.3.jar;c:\Users\datea\.vscode\extensions\pivotal.vscode-spring-boot-1.40.0\language-server\BOOT-INF\lib\asm-analysis-9.3.jar;c:\Users\datea\.vscode\extensions\pivotal.vscode-spring-boot-1.40.0\language-server\BOOT-INF\lib\asm-tree-9.3.jar;c:\Users\datea\.vscode\extensions\pivotal.vscode-spring-boot-1.40.0\language-server\BOOT-INF\lib\asm-util-9.3.jar;c:\Users\datea\.vscode\extensions\pivotal.vscode-spring-boot-1.40.0\language-server\BOOT-INF\lib\byte-buddy-1.12.13.jar;c:\Users\datea\.vscode\extensions\pivotal.vscode-spring-boot-1.40.0\language-server\BOOT-INF\lib\caffeine-2.9.3.jar;c:\Users\datea\.vscode\extensions\pivotal.vscode-spring-boot-1.40.0\language-server\BOOT-INF\lib\checker-qual-3.12.0.jar;c:\Users\datea\.vscode\extensions\pivotal.vscode-spring-boot-1.40.0\language-server\BOOT-INF\lib\classgraph-4.8.149.jar;c:\Users\datea\.vscode\extensions\pivotal.vscode-spring-boot-1.40.0\language-server\BOOT-INF\lib\commons-codec-1.15.jar;c:\Users\datea\.vscode\extensions\pivotal.vscode-spring-boot-1.40.0\language-server\BOOT-INF\lib\commons-c
Launcher Type: SUN_STANDARD

[Global flags]
     intx CICompilerCount                          = 4                                         {product} {ergonomic}
     uint ConcGCThreads                            = 2                                         {product} {ergonomic}
     uint G1ConcRefinementThreads                  = 8                                         {product} {ergonomic}
   size_t G1HeapRegionSize                         = 1048576                                   {product} {ergonomic}
    uintx GCDrainStackTargetSize                   = 64                                        {product} {ergonomic}
   size_t InitialHeapSize                          = 132120576                                 {product} {ergonomic}
   size_t MarkStackSize                            = 4194304                                   {product} {ergonomic}
   size_t MaxHeapSize                              = 2095054848                                {product} {ergonomic}
   size_t MaxNewSize                               = 1256194048                                {product} {ergonomic}
   size_t MinHeapDeltaBytes                        = 1048576                                   {product} {ergonomic}
   size_t MinHeapSize                              = 8388608                                   {product} {ergonomic}
    uintx NonProfiledCodeHeapSize                  = 0                                      {pd product} {ergonomic}
     bool ProfileInterpreter                       = false                                  {pd product} {command line}
    uintx ProfiledCodeHeapSize                     = 0                                      {pd product} {ergonomic}
   size_t SoftMaxHeapSize                          = 2095054848                             {manageable} {ergonomic}
     intx TieredStopAtLevel                        = 1                                         {product} {command line}
     bool UseCompressedClassPointers               = true                           {product lp64_product} {ergonomic}
     bool UseCompressedOops                        = true                           {product lp64_product} {ergonomic}
     bool UseG1GC                                  = true                                      {product} {ergonomic}
     bool UseLargePagesIndividualAllocation        = false                                  {pd product} {ergonomic}

Logging:
Log output configuration:
 #0: stdout all=warning,jni+resolve=off uptime,level,tags
 #1: stderr all=off uptime,level,tags

Environment Variables:
PATH=C:\Program Files\Eclipse Adoptium\jdk-17.0.5.8-hotspot\bin;C:\Program Files\Java\jdk-15.0.2\bin;C:\Program Files\Common Files\Oracle\Java\javapath;C:\WINDOWS\system32;C:\WINDOWS;C:\WINDOWS\System32\Wbem;C:\WINDOWS\System32\WindowsPowerShell\v1.0\;C:\WINDOWS\System32\OpenSSH\;C:\Program Files\Azure Data Studio\bin;C:\Program Files\Microsoft SQL Server\Client SDK\ODBC\170\Tools\Binn\;C:\Program Files (x86)\Microsoft SQL Server\150\Tools\Binn\;C:\Program Files\Microsoft SQL Server\150\Tools\Binn\;C:\Program Files\Microsoft SQL Server\150\DTS\Binn\;C:\Program Files (x86)\Microsoft SQL Server\150\DTS\Binn\;C:\Program Files (x86)\GitExtensions\;F:\xampp\php;C:\ProgramData\ComposerSetup\bin;C:\xampp\php;C:\Program Files\Git\cmd;C:\Program Files\nodejs\;C:\Users\datea\AppData\Local\Microsoft\WindowsApps;C:\Users\datea\AppData\Local\Programs\Microsoft VS Code\bin;;C:\Program Files\Azure Data Studio\bin;C:\Users\datea\AppData\Roaming\Composer\vendor\bin;C:\Users\datea\AppData\Roaming\npm
USERNAME=datea
OS=Windows_NT
PROCESSOR_IDENTIFIER=Intel64 Family 6 Model 126 Stepping 5, GenuineIntel
TMP=C:\Users\datea\AppData\Local\Temp
TEMP=C:\Users\datea\AppData\Local\Temp



---------------  S Y S T E M  ---------------

OS:
 Windows 11 , 64 bit Build 25236 (10.0.25236.1000)
OS uptime: 0 days 22:33 hours
Hyper-V role detected

CPU: total 8 (initial active 8) (4 cores per cpu, 2 threads per core) family 6 model 126 stepping 5 microcode 0xa6, cx8, cmov, fxsr, ht, mmx, 3dnowpref, sse, sse2, sse3, ssse3, sse4.1, sse4.2, popcnt, lzcnt, tsc, tscinvbit, avx, avx2, aes, erms, clmul, bmi1, bmi2, adx, avx512f, avx512dq, avx512cd, avx512bw, avx512vl, sha, fma, vzeroupper, avx512_vpopcntdq, avx512_vpclmulqdq, avx512_vaes, avx512_vnni, clflush, clflushopt, avx512_vbmi2, avx512_vbmi, hv

Memory: 4k page, system-wide physical 7987M (456M free)
TotalPageFile size 12083M (AvailPageFile size 36M)
current process WorkingSet (physical memory assigned to process): 194M, peak: 194M
current process commit charge ("private bytes"): 252M, peak: 271M

vm_info: OpenJDK 64-Bit Server VM (17.0.5+8) for windows-amd64 JRE (17.0.5+8), built on Oct 19 2022 04:48:13 by "temurin" with MS VC++ 16.7 (VS2019)

END.
