#
# There is insufficient memory for the Java Runtime Environment to continue.
# Native memory allocation (malloc) failed to allocate 1444336 bytes for Chunk::new
# Possible reasons:
#   The system is out of physical RAM or swap space
#   The process is running with CompressedOops enabled, and the Java Heap may be blocking the growth of the native heap
# Possible solutions:
#   Reduce memory load on the system
#   Increase physical memory or swap space
#   Check if swap backing store is full
#   Decrease Java heap size (-Xmx/-Xms)
#   Decrease number of Java threads
#   Decrease Java thread stack sizes (-Xss)
#   Set larger code cache with -XX:ReservedCodeCacheSize=
#   JVM is running with Unscaled Compressed Oops mode in which the Java heap is
#     placed in the first 4GB address space. The Java Heap base address is the
#     maximum limit for the native heap growth. Please use -XX:HeapBaseMinAddress
#     to set the Java Heap base and to place the Java Heap above 4GB virtual address.
# This output file may be truncated or incomplete.
#
#  Out of Memory Error (./open/src/hotspot/share/memory/arena.cpp:195), pid=27824, tid=22616
#
# JRE version: Java(TM) SE Runtime Environment (15.0.2+7) (build 15.0.2+7-27)
# Java VM: Java HotSpot(TM) 64-Bit Server VM (15.0.2+7-27, mixed mode, sharing, tiered, compressed oops, g1 gc, windows-amd64)
# No core dump will be written. Minidumps are not enabled by default on client versions of Windows
#

---------------  S U M M A R Y ------------

Command Line: -agentlib:jdwp=transport=dt_socket,server=n,suspend=y,address=localhost:50163 -XX:+ShowCodeDetailsInExceptionMessages com.watch.shopwatchonline.ShopwatchonlineApplication

Host: Intel(R) Core(TM) i5-1035G1 CPU @ 1.00GHz, 8 cores, 7G,  Windows 10 , 64 bit Build 25217 (10.0.25217.1000)
Time: Fri Oct 14 00:04:52 2022 SE Asia Standard Time elapsed time: 24.970687 seconds (0d 0h 0m 24s)

---------------  T H R E A D  ---------------

Current thread (0x000001fad66f06d0):  JavaThread "C2 CompilerThread1" daemon [_thread_in_native, id=22616, stack(0x00000039c6900000,0x00000039c6a00000)]


Current CompileTask:
C2:  24970 7868       4       java.lang.invoke.MethodType::makeImpl (108 bytes)

Stack: [0x00000039c6900000,0x00000039c6a00000]
Native frames: (J=compiled Java code, j=interpreted, Vv=VM code, C=native code)
V  [jvm.dll+0x62ae9a]
V  [jvm.dll+0x7817a9]
V  [jvm.dll+0x782f03]
V  [jvm.dll+0x783563]
V  [jvm.dll+0x216325]
V  [jvm.dll+0x97f3a]
V  [jvm.dll+0x9861c]
V  [jvm.dll+0x32e2a8]
V  [jvm.dll+0x2f768a]
V  [jvm.dll+0x2f6a4a]
V  [jvm.dll+0x1ea705]
V  [jvm.dll+0x1e996e]
V  [jvm.dll+0x178567]
V  [jvm.dll+0x1f9225]
V  [jvm.dll+0x1f72cc]
V  [jvm.dll+0x74495d]
V  [jvm.dll+0x73d75a]
V  [jvm.dll+0x629c56]
C  [ucrtbase.dll+0x4b7eb]
C  [KERNEL32.DLL+0x1484d]
C  [ntdll.dll+0x67558]


---------------  P R O C E S S  ---------------

Threads class SMR info:
_java_thread_list=0x000001fae121db80, length=35, elements={
0x000001fad3306e30, 0x000001fad3307a00, 0x000001fad33244b0, 0x000001fad3326f70,
0x000001fad3327a20, 0x000001fad3328ec0, 0x000001fad332b120, 0x000001fad332bb20,
0x000001fad3d77b90, 0x000001fad3d988f0, 0x000001fad3d99600, 0x000001fad3da7a50,
0x000001fad3db2420, 0x000001fad8087fc0, 0x000001fad8088490, 0x000001fad8087620,
0x000001fad8088960, 0x000001fad8087af0, 0x000001fad6dc6ab0, 0x000001fad6dc4dd0,
0x000001fad6dc52a0, 0x000001fad6dc6110, 0x000001fad6dc3a90, 0x000001fae12346c0,
0x000001fae1234b90, 0x000001fae1235060, 0x000001fae1237210, 0x000001fae12363a0,
0x000001fae1235530, 0x000001fae12376e0, 0x000001fae1236d40, 0x000001fae1235a00,
0x000001fae1238080, 0x000001fad66f06d0, 0x000001fad66f52c0
}

Java Threads: ( => current thread )
  0x000001fad3306e30 JavaThread "Reference Handler" daemon [_thread_blocked, id=35404, stack(0x00000039c5b00000,0x00000039c5c00000)]
  0x000001fad3307a00 JavaThread "Finalizer" daemon [_thread_blocked, id=33820, stack(0x00000039c5c00000,0x00000039c5d00000)]
  0x000001fad33244b0 JavaThread "Signal Dispatcher" daemon [_thread_blocked, id=29204, stack(0x00000039c5d00000,0x00000039c5e00000)]
  0x000001fad3326f70 JavaThread "Attach Listener" daemon [_thread_blocked, id=26940, stack(0x00000039c5e00000,0x00000039c5f00000)]
  0x000001fad3327a20 JavaThread "Service Thread" daemon [_thread_blocked, id=33344, stack(0x00000039c5f00000,0x00000039c6000000)]
  0x000001fad3328ec0 JavaThread "C2 CompilerThread0" daemon [_thread_in_native, id=33300, stack(0x00000039c6000000,0x00000039c6100000)]
  0x000001fad332b120 JavaThread "C1 CompilerThread0" daemon [_thread_in_native, id=36068, stack(0x00000039c6100000,0x00000039c6200000)]
  0x000001fad332bb20 JavaThread "Sweeper thread" daemon [_thread_blocked, id=36848, stack(0x00000039c6200000,0x00000039c6300000)]
  0x000001fad3d77b90 JavaThread "JDWP Transport Listener: dt_socket" daemon [_thread_blocked, id=36728, stack(0x00000039c6300000,0x00000039c6400000)]
  0x000001fad3d988f0 JavaThread "JDWP Event Helper Thread" daemon [_thread_blocked, id=31896, stack(0x00000039c6400000,0x00000039c6500000)]
  0x000001fad3d99600 JavaThread "JDWP Command Reader" daemon [_thread_in_native, id=36512, stack(0x00000039c6500000,0x00000039c6600000)]
  0x000001fad3da7a50 JavaThread "Notification Thread" daemon [_thread_blocked, id=12736, stack(0x00000039c6600000,0x00000039c6700000)]
  0x000001fad3db2420 JavaThread "Common-Cleaner" daemon [_thread_blocked, id=30852, stack(0x00000039c6800000,0x00000039c6900000)]
  0x000001fad8087fc0 JavaThread "Catalina-utility-1" [_thread_blocked, id=23304, stack(0x00000039c7500000,0x00000039c7600000)]
  0x000001fad8088490 JavaThread "Catalina-utility-2" [_thread_blocked, id=31504, stack(0x00000039c7600000,0x00000039c7700000)]
  0x000001fad8087620 JavaThread "container-0" [_thread_blocked, id=27876, stack(0x00000039c7700000,0x00000039c7800000)]
  0x000001fad8088960 JavaThread "mssql-jdbc-shared-timer-core-0" daemon [_thread_blocked, id=23880, stack(0x00000039c7900000,0x00000039c7a00000)]
  0x000001fad8087af0 JavaThread "HikariPool-1 housekeeper" daemon [_thread_blocked, id=35892, stack(0x00000039c7a00000,0x00000039c7b00000)]
  0x000001fad6dc6ab0 JavaThread "File Watcher" daemon [_thread_blocked, id=34448, stack(0x00000039c7c00000,0x00000039c7d00000)]
  0x000001fad6dc4dd0 JavaThread "Live Reload Server" daemon [_thread_in_native, id=36804, stack(0x00000039c7e00000,0x00000039c7f00000)]
  0x000001fad6dc52a0 JavaThread "http-nio-8080-exec-1" daemon [_thread_in_native, id=29292, stack(0x00000039c7d00000,0x00000039c7e00000)]
  0x000001fad6dc6110 JavaThread "http-nio-8080-exec-2" daemon [_thread_blocked, id=31900, stack(0x00000039c7f00000,0x00000039c8000000)]
  0x000001fad6dc3a90 JavaThread "http-nio-8080-exec-3" daemon [_thread_in_native, id=36548, stack(0x00000039c8000000,0x00000039c8100000)]
  0x000001fae12346c0 JavaThread "http-nio-8080-exec-4" daemon [_thread_in_native, id=1992, stack(0x00000039c8100000,0x00000039c8200000)]
  0x000001fae1234b90 JavaThread "http-nio-8080-exec-5" daemon [_thread_blocked, id=27396, stack(0x00000039c8200000,0x00000039c8300000)]
  0x000001fae1235060 JavaThread "http-nio-8080-exec-6" daemon [_thread_blocked, id=16780, stack(0x00000039c8300000,0x00000039c8400000)]
  0x000001fae1237210 JavaThread "http-nio-8080-exec-7" daemon [_thread_in_native, id=29876, stack(0x00000039c8400000,0x00000039c8500000)]
  0x000001fae12363a0 JavaThread "http-nio-8080-exec-8" daemon [_thread_blocked, id=36432, stack(0x00000039c8500000,0x00000039c8600000)]
  0x000001fae1235530 JavaThread "http-nio-8080-exec-9" daemon [_thread_blocked, id=36140, stack(0x00000039c8600000,0x00000039c8700000)]
  0x000001fae12376e0 JavaThread "http-nio-8080-exec-10" daemon [_thread_in_native, id=30736, stack(0x00000039c8700000,0x00000039c8800000)]
  0x000001fae1236d40 JavaThread "http-nio-8080-Poller" daemon [_thread_in_native, id=36424, stack(0x00000039c8800000,0x00000039c8900000)]
  0x000001fae1235a00 JavaThread "http-nio-8080-Acceptor" daemon [_thread_in_native, id=30608, stack(0x00000039c8900000,0x00000039c8a00000)]
  0x000001fae1238080 JavaThread "DestroyJavaVM" [_thread_blocked, id=24948, stack(0x00000039c5400000,0x00000039c5500000)]
=>0x000001fad66f06d0 JavaThread "C2 CompilerThread1" daemon [_thread_in_native, id=22616, stack(0x00000039c6900000,0x00000039c6a00000)]
  0x000001fad66f52c0 JavaThread "C2 CompilerThread2" daemon [_thread_in_native, id=34212, stack(0x00000039c6a00000,0x00000039c6b00000)]

Other Threads:
  0x000001fad3304e10 VMThread "VM Thread" [stack: 0x00000039c5a00000,0x00000039c5b00000] [id=28780]
  0x000001fad3dab7e0 WatcherThread [stack: 0x00000039c6700000,0x00000039c6800000] [id=32712]
  0x000001fab497c6a0 GCTaskThread "GC Thread#0" [stack: 0x00000039c5500000,0x00000039c5600000] [id=12300]
  0x000001fad45a0f70 GCTaskThread "GC Thread#1" [stack: 0x00000039c6b00000,0x00000039c6c00000] [id=35884]
  0x000001fad45a1f60 GCTaskThread "GC Thread#2" [stack: 0x00000039c6c00000,0x00000039c6d00000] [id=36016]
  0x000001fad45a28f0 GCTaskThread "GC Thread#3" [stack: 0x00000039c7000000,0x00000039c7100000] [id=34388]
  0x000001fad45a02b0 GCTaskThread "GC Thread#4" [stack: 0x00000039c7100000,0x00000039c7200000] [id=26916]
  0x000001fad45a0910 GCTaskThread "GC Thread#5" [stack: 0x00000039c7200000,0x00000039c7300000] [id=35396]
  0x000001fad45a2c20 GCTaskThread "GC Thread#6" [stack: 0x00000039c7300000,0x00000039c7400000] [id=35544]
  0x000001fad45a0c40 GCTaskThread "GC Thread#7" [stack: 0x00000039c7400000,0x00000039c7500000] [id=34704]
  0x000001fab498d330 ConcurrentGCThread "G1 Main Marker" [stack: 0x00000039c5600000,0x00000039c5700000] [id=28616]
  0x000001fab498fd00 ConcurrentGCThread "G1 Conc#0" [stack: 0x00000039c5700000,0x00000039c5800000] [id=36732]
  0x000001fad45a2f50 ConcurrentGCThread "G1 Conc#1" [stack: 0x00000039c6f00000,0x00000039c7000000] [id=29760]
  0x000001fad31820b0 ConcurrentGCThread "G1 Refine#0" [stack: 0x00000039c5800000,0x00000039c5900000] [id=35212]
  0x000001fad31829f0 ConcurrentGCThread "G1 Young RemSet Sampling" [stack: 0x00000039c5900000,0x00000039c5a00000] [id=36784]

Threads with active compile tasks:
C2 CompilerThread0    25003 7787       4       jdk.internal.org.objectweb.asm.Frame::execute (2305 bytes)
C1 CompilerThread0    25003 8047   !   3       org.apache.coyote.AbstractProcessor::action (1081 bytes)
C2 CompilerThread1    25003 7868       4       java.lang.invoke.MethodType::makeImpl (108 bytes)
C2 CompilerThread2    25003 7905   !   4       java.lang.reflect.Field::declaredAnnotations (82 bytes)

VM state: not at safepoint (normal execution)

VM Mutex/Monitor currently owned by a thread: None

Heap address: 0x0000000083200000, size: 1998 MB, Compressed Oops mode: 32-bit
CDS archive(s) mapped at: [0x0000000800000000-0x0000000800b50000-0x0000000800b50000), size 11862016, SharedBaseAddress: 0x0000000800000000, ArchiveRelocationMode: 0.
Compressed class space mapped at: 0x0000000800b50000-0x0000000840b50000, size: 1073741824
Narrow klass base: 0x0000000800000000, Narrow klass shift: 3, Narrow klass range: 0x100000000

GC Precious Log:
 CPUs: 8 total, 8 available
 Memory: 7987M
 Large Page Support: Disabled
 NUMA Support: Disabled
 Compressed Oops: Enabled (32-bit)
 Heap Region Size: 1M
 Heap Min Capacity: 8M
 Heap Initial Capacity: 126M
 Heap Max Capacity: 1998M
 Pre-touch: Disabled
 Parallel Workers: 8
 Concurrent Workers: 2
 Concurrent Refinement Workers: 8
 Periodic GC: Disabled

Heap:
 garbage-first heap   total 91136K, used 65711K [0x0000000083200000, 0x0000000100000000)
  region size 1024K, 36 young (36864K), 6 survivors (6144K)
 Metaspace       used 76677K, capacity 77537K, committed 77828K, reserved 1118208K
  class space    used 9469K, capacity 9799K, committed 9836K, reserved 1048576K

Heap Regions: E=young(eden), S=young(survivor), O=old, HS=humongous(starts), HC=humongous(continues), CS=collection set, F=free, OA=open archive, CA=closed archive, TAMS=top-at-mark-start (previous, next)
|   0|0x0000000083200000, 0x0000000083300000, 0x0000000083300000|100%|HS|  |TAMS 0x0000000083300000, 0x0000000083200000| Complete 
|   1|0x0000000083300000, 0x0000000083400000, 0x0000000083400000|100%| O|  |TAMS 0x0000000083400000, 0x0000000083300000| Untracked 
|   2|0x0000000083400000, 0x0000000083500000, 0x0000000083500000|100%| O|  |TAMS 0x0000000083500000, 0x0000000083400000| Untracked 
|   3|0x0000000083500000, 0x0000000083600000, 0x0000000083600000|100%| O|  |TAMS 0x0000000083600000, 0x0000000083500000| Untracked 
|   4|0x0000000083600000, 0x0000000083700000, 0x0000000083700000|100%| O|  |TAMS 0x0000000083700000, 0x0000000083600000| Untracked 
|   5|0x0000000083700000, 0x0000000083800000, 0x0000000083800000|100%| O|  |TAMS 0x0000000083800000, 0x0000000083700000| Untracked 
|   6|0x0000000083800000, 0x0000000083900000, 0x0000000083900000|100%| O|  |TAMS 0x0000000083900000, 0x0000000083800000| Untracked 
|   7|0x0000000083900000, 0x000000008396b800, 0x0000000083a00000| 41%| O|  |TAMS 0x000000008396b800, 0x0000000083900000| Untracked 
|   8|0x0000000083a00000, 0x0000000083b00000, 0x0000000083b00000|100%| O|  |TAMS 0x0000000083b00000, 0x0000000083a00000| Untracked 
|   9|0x0000000083b00000, 0x0000000083c00000, 0x0000000083c00000|100%| O|  |TAMS 0x0000000083c00000, 0x0000000083b00000| Untracked 
|  10|0x0000000083c00000, 0x0000000083d00000, 0x0000000083d00000|100%| O|  |TAMS 0x0000000083d00000, 0x0000000083c00000| Untracked 
|  11|0x0000000083d00000, 0x0000000083e00000, 0x0000000083e00000|100%| O|  |TAMS 0x0000000083e00000, 0x0000000083d00000| Untracked 
|  12|0x0000000083e00000, 0x0000000083f00000, 0x0000000083f00000|100%| O|  |TAMS 0x0000000083f00000, 0x0000000083e00000| Untracked 
|  13|0x0000000083f00000, 0x0000000084000000, 0x0000000084000000|100%| O|  |TAMS 0x0000000084000000, 0x0000000083f00000| Untracked 
|  14|0x0000000084000000, 0x0000000084100000, 0x0000000084100000|100%| O|  |TAMS 0x0000000084100000, 0x0000000084000000| Untracked 
|  15|0x0000000084100000, 0x0000000084200000, 0x0000000084200000|100%| O|  |TAMS 0x0000000084200000, 0x0000000084100000| Untracked 
|  16|0x0000000084200000, 0x0000000084300000, 0x0000000084300000|100%| O|  |TAMS 0x0000000084300000, 0x0000000084200000| Untracked 
|  17|0x0000000084300000, 0x00000000843e7a00, 0x0000000084400000| 90%| O|  |TAMS 0x00000000843e7a00, 0x0000000084300000| Untracked 
|  18|0x0000000084400000, 0x0000000084500000, 0x0000000084500000|100%| O|  |TAMS 0x0000000084500000, 0x0000000084400000| Untracked 
|  19|0x0000000084500000, 0x0000000084600000, 0x0000000084600000|100%| O|  |TAMS 0x0000000084600000, 0x0000000084500000| Untracked 
|  20|0x0000000084600000, 0x0000000084700000, 0x0000000084700000|100%| O|  |TAMS 0x0000000084700000, 0x0000000084600000| Untracked 
|  21|0x0000000084700000, 0x0000000084800000, 0x0000000084800000|100%| O|  |TAMS 0x0000000084800000, 0x0000000084700000| Untracked 
|  22|0x0000000084800000, 0x0000000084900000, 0x0000000084900000|100%| O|  |TAMS 0x00000000848a0600, 0x0000000084800000| Untracked 
|  23|0x0000000084900000, 0x0000000084a00000, 0x0000000084a00000|100%| O|  |TAMS 0x0000000084900000, 0x0000000084900000| Untracked 
|  24|0x0000000084a00000, 0x0000000084b00000, 0x0000000084b00000|100%| O|  |TAMS 0x0000000084a00000, 0x0000000084a00000| Untracked 
|  25|0x0000000084b00000, 0x0000000084c00000, 0x0000000084c00000|100%| O|  |TAMS 0x0000000084b00000, 0x0000000084b00000| Untracked 
|  26|0x0000000084c00000, 0x0000000084d00000, 0x0000000084d00000|100%| O|  |TAMS 0x0000000084c00000, 0x0000000084c00000| Untracked 
|  27|0x0000000084d00000, 0x0000000084e00000, 0x0000000084e00000|100%| O|  |TAMS 0x0000000084d00000, 0x0000000084d00000| Untracked 
|  28|0x0000000084e00000, 0x0000000084f00000, 0x0000000084f00000|100%| O|  |TAMS 0x0000000084e00000, 0x0000000084e00000| Untracked 
|  29|0x0000000084f00000, 0x0000000085000000, 0x0000000085000000|100%| O|  |TAMS 0x0000000084f00000, 0x0000000084f00000| Untracked 
|  30|0x0000000085000000, 0x0000000085000000, 0x0000000085100000|  0%| F|  |TAMS 0x0000000085000000, 0x0000000085000000| Untracked 
|  31|0x0000000085100000, 0x0000000085100000, 0x0000000085200000|  0%| F|  |TAMS 0x0000000085100000, 0x0000000085100000| Untracked 
|  32|0x0000000085200000, 0x0000000085200000, 0x0000000085300000|  0%| F|  |TAMS 0x0000000085200000, 0x0000000085200000| Untracked 
|  33|0x0000000085300000, 0x00000000853d8a00, 0x0000000085400000| 84%| O|  |TAMS 0x0000000085300000, 0x0000000085300000| Untracked 
|  34|0x0000000085400000, 0x0000000085400000, 0x0000000085500000|  0%| F|  |TAMS 0x0000000085400000, 0x0000000085400000| Untracked 
|  35|0x0000000085500000, 0x0000000085500000, 0x0000000085600000|  0%| F|  |TAMS 0x0000000085500000, 0x0000000085500000| Untracked 
|  36|0x0000000085600000, 0x0000000085600000, 0x0000000085700000|  0%| F|  |TAMS 0x0000000085600000, 0x0000000085600000| Untracked 
|  37|0x0000000085700000, 0x0000000085700000, 0x0000000085800000|  0%| F|  |TAMS 0x0000000085700000, 0x0000000085700000| Untracked 
|  38|0x0000000085800000, 0x0000000085800000, 0x0000000085900000|  0%| F|  |TAMS 0x0000000085800000, 0x0000000085800000| Untracked 
|  39|0x0000000085900000, 0x0000000085900000, 0x0000000085a00000|  0%| F|  |TAMS 0x0000000085900000, 0x0000000085900000| Untracked 
|  40|0x0000000085a00000, 0x0000000085a00000, 0x0000000085b00000|  0%| F|  |TAMS 0x0000000085a00000, 0x0000000085a00000| Untracked 
|  41|0x0000000085b00000, 0x0000000085c00000, 0x0000000085c00000|100%| S|CS|TAMS 0x0000000085b00000, 0x0000000085b00000| Complete 
|  42|0x0000000085c00000, 0x0000000085d00000, 0x0000000085d00000|100%| S|CS|TAMS 0x0000000085c00000, 0x0000000085c00000| Complete 
|  43|0x0000000085d00000, 0x0000000085d00000, 0x0000000085e00000|  0%| F|  |TAMS 0x0000000085d00000, 0x0000000085d00000| Untracked 
|  44|0x0000000085e00000, 0x0000000085e00000, 0x0000000085f00000|  0%| F|  |TAMS 0x0000000085e00000, 0x0000000085e00000| Untracked 
|  45|0x0000000085f00000, 0x0000000085f00000, 0x0000000086000000|  0%| F|  |TAMS 0x0000000085f00000, 0x0000000085f00000| Untracked 
|  46|0x0000000086000000, 0x0000000086100000, 0x0000000086100000|100%| S|CS|TAMS 0x0000000086000000, 0x0000000086000000| Complete 
|  47|0x0000000086100000, 0x0000000086200000, 0x0000000086200000|100%| S|CS|TAMS 0x0000000086100000, 0x0000000086100000| Complete 
|  48|0x0000000086200000, 0x0000000086300000, 0x0000000086300000|100%| S|CS|TAMS 0x0000000086200000, 0x0000000086200000| Complete 
|  49|0x0000000086300000, 0x0000000086400000, 0x0000000086400000|100%| S|CS|TAMS 0x0000000086300000, 0x0000000086300000| Complete 
|  50|0x0000000086400000, 0x0000000086400000, 0x0000000086500000|  0%| F|  |TAMS 0x0000000086400000, 0x0000000086400000| Untracked 
|  51|0x0000000086500000, 0x0000000086500000, 0x0000000086600000|  0%| F|  |TAMS 0x0000000086500000, 0x0000000086500000| Untracked 
|  52|0x0000000086600000, 0x0000000086600000, 0x0000000086700000|  0%| F|  |TAMS 0x0000000086600000, 0x0000000086600000| Untracked 
|  53|0x0000000086700000, 0x0000000086700000, 0x0000000086800000|  0%| F|  |TAMS 0x0000000086700000, 0x0000000086700000| Untracked 
|  54|0x0000000086800000, 0x0000000086800000, 0x0000000086900000|  0%| F|  |TAMS 0x0000000086800000, 0x0000000086800000| Untracked 
|  55|0x0000000086900000, 0x0000000086900000, 0x0000000086a00000|  0%| F|  |TAMS 0x0000000086900000, 0x0000000086900000| Untracked 
|  56|0x0000000086a00000, 0x0000000086a00000, 0x0000000086b00000|  0%| F|  |TAMS 0x0000000086a00000, 0x0000000086a00000| Untracked 
|  57|0x0000000086b00000, 0x0000000086b00000, 0x0000000086c00000|  0%| F|  |TAMS 0x0000000086b00000, 0x0000000086b00000| Untracked 
|  58|0x0000000086c00000, 0x0000000086c00000, 0x0000000086d00000|  0%| F|  |TAMS 0x0000000086c00000, 0x0000000086c00000| Untracked 
|  59|0x0000000086d00000, 0x0000000086db5688, 0x0000000086e00000| 70%| E|  |TAMS 0x0000000086d00000, 0x0000000086d00000| Complete 
|  60|0x0000000086e00000, 0x0000000086f00000, 0x0000000086f00000|100%| E|CS|TAMS 0x0000000086e00000, 0x0000000086e00000| Complete 
|  61|0x0000000086f00000, 0x0000000087000000, 0x0000000087000000|100%| E|CS|TAMS 0x0000000086f00000, 0x0000000086f00000| Complete 
|  62|0x0000000087000000, 0x0000000087100000, 0x0000000087100000|100%| E|CS|TAMS 0x0000000087000000, 0x0000000087000000| Complete 
|  63|0x0000000087100000, 0x0000000087200000, 0x0000000087200000|100%| E|CS|TAMS 0x0000000087100000, 0x0000000087100000| Complete 
|  64|0x0000000087200000, 0x0000000087300000, 0x0000000087300000|100%| E|  |TAMS 0x0000000087200000, 0x0000000087200000| Complete 
|  65|0x0000000087300000, 0x0000000087400000, 0x0000000087400000|100%| E|CS|TAMS 0x0000000087300000, 0x0000000087300000| Complete 
|  66|0x0000000087400000, 0x0000000087500000, 0x0000000087500000|100%| E|CS|TAMS 0x0000000087400000, 0x0000000087400000| Complete 
|  67|0x0000000087500000, 0x0000000087600000, 0x0000000087600000|100%| E|CS|TAMS 0x0000000087500000, 0x0000000087500000| Complete 
|  68|0x0000000087600000, 0x0000000087700000, 0x0000000087700000|100%| E|CS|TAMS 0x0000000087600000, 0x0000000087600000| Complete 
|  69|0x0000000087700000, 0x0000000087800000, 0x0000000087800000|100%| E|CS|TAMS 0x0000000087700000, 0x0000000087700000| Complete 
|  70|0x0000000087800000, 0x0000000087900000, 0x0000000087900000|100%| E|CS|TAMS 0x0000000087800000, 0x0000000087800000| Complete 
|  71|0x0000000087900000, 0x0000000087a00000, 0x0000000087a00000|100%| E|CS|TAMS 0x0000000087900000, 0x0000000087900000| Complete 
|  72|0x0000000087a00000, 0x0000000087b00000, 0x0000000087b00000|100%| E|CS|TAMS 0x0000000087a00000, 0x0000000087a00000| Complete 
|  73|0x0000000087b00000, 0x0000000087c00000, 0x0000000087c00000|100%| E|CS|TAMS 0x0000000087b00000, 0x0000000087b00000| Complete 
|  74|0x0000000087c00000, 0x0000000087d00000, 0x0000000087d00000|100%| E|CS|TAMS 0x0000000087c00000, 0x0000000087c00000| Complete 
|  75|0x0000000087d00000, 0x0000000087e00000, 0x0000000087e00000|100%| E|CS|TAMS 0x0000000087d00000, 0x0000000087d00000| Complete 
|  76|0x0000000087e00000, 0x0000000087f00000, 0x0000000087f00000|100%| E|CS|TAMS 0x0000000087e00000, 0x0000000087e00000| Complete 
|  77|0x0000000087f00000, 0x0000000088000000, 0x0000000088000000|100%| E|CS|TAMS 0x0000000087f00000, 0x0000000087f00000| Complete 
|  78|0x0000000088000000, 0x0000000088100000, 0x0000000088100000|100%| E|CS|TAMS 0x0000000088000000, 0x0000000088000000| Complete 
|  79|0x0000000088100000, 0x0000000088200000, 0x0000000088200000|100%| E|CS|TAMS 0x0000000088100000, 0x0000000088100000| Complete 
|  80|0x0000000088200000, 0x0000000088300000, 0x0000000088300000|100%| E|CS|TAMS 0x0000000088200000, 0x0000000088200000| Complete 
|  81|0x0000000088300000, 0x0000000088400000, 0x0000000088400000|100%| E|CS|TAMS 0x0000000088300000, 0x0000000088300000| Complete 
|  82|0x0000000088400000, 0x0000000088500000, 0x0000000088500000|100%| E|CS|TAMS 0x0000000088400000, 0x0000000088400000| Complete 
|  83|0x0000000088500000, 0x0000000088600000, 0x0000000088600000|100%| E|CS|TAMS 0x0000000088500000, 0x0000000088500000| Complete 
|  84|0x0000000088600000, 0x0000000088700000, 0x0000000088700000|100%| E|CS|TAMS 0x0000000088600000, 0x0000000088600000| Complete 
|  85|0x0000000088700000, 0x0000000088800000, 0x0000000088800000|100%| E|CS|TAMS 0x0000000088700000, 0x0000000088700000| Complete 
|  86|0x0000000088800000, 0x0000000088900000, 0x0000000088900000|100%| E|CS|TAMS 0x0000000088800000, 0x0000000088800000| Complete 
|  87|0x0000000088900000, 0x0000000088a00000, 0x0000000088a00000|100%| E|CS|TAMS 0x0000000088900000, 0x0000000088900000| Complete 
| 125|0x000000008af00000, 0x000000008b000000, 0x000000008b000000|100%| E|CS|TAMS 0x000000008af00000, 0x000000008af00000| Complete 

Card table byte_map: [0x000001facc270000,0x000001facc660000] _byte_map_base: 0x000001facbe57000

Marking Bits (Prev, Next): (CMBitMap*) 0x000001fab497cf50, (CMBitMap*) 0x000001fab497cf10
 Prev Bits: [0x000001face990000, 0x000001fad08c8000)
 Next Bits: [0x000001facca50000, 0x000001face988000)

Polling page: 0x000001fab2890000

Metaspace:

Usage:
  Non-class:     66.15 MB capacity,    65.63 MB (>99%) used,   412.37 KB ( <1%) free+waste,   115.75 KB ( <1%) overhead. 
      Class:      9.57 MB capacity,     9.25 MB ( 97%) used,   285.40 KB (  3%) free+waste,    45.00 KB ( <1%) overhead. 
       Both:     75.72 MB capacity,    74.88 MB ( 99%) used,   697.77 KB ( <1%) free+waste,   160.75 KB ( <1%) overhead. 

Virtual space:
  Non-class space:       68.00 MB reserved,      66.40 MB ( 98%) committed 
      Class space:        1.00 GB reserved,       9.61 MB ( <1%) committed 
             Both:        1.07 GB reserved,      76.00 MB (  7%) committed 

Chunk freelists:
   Non-Class:  57.00 KB
       Class:  24.00 KB
        Both:  81.00 KB

MaxMetaspaceSize: 17179869184.00 GB
CompressedClassSpaceSize: 1.00 GB

CodeHeap 'non-profiled nmethods': size=120000Kb used=5436Kb max_used=5436Kb free=114564Kb
 bounds [0x000001fac4620000, 0x000001fac4b70000, 0x000001facbb50000]
CodeHeap 'profiled nmethods': size=120000Kb used=14562Kb max_used=14562Kb free=105438Kb
 bounds [0x000001fabd0f0000, 0x000001fabdf30000, 0x000001fac4620000]
CodeHeap 'non-nmethods': size=5760Kb used=2523Kb max_used=2581Kb free=3236Kb
 bounds [0x000001fabcb50000, 0x000001fabcde0000, 0x000001fabd0f0000]
 total_blobs=8155 nmethods=7229 adapters=838
 compilation: enabled
              stopped_count=0, restarted_count=0
 full_count=0

Compilation events (20 events):
Event: 23.932 Thread 0x000001fad332b120 nmethod 8008 0x000001fabdf0a610 code [0x000001fabdf0a7e0, 0x000001fabdf0aa98]
Event: 23.933 Thread 0x000001fad332b120 8009       3       java.nio.charset.CharsetEncoder::encode (136 bytes)
Event: 23.934 Thread 0x000001fad332b120 nmethod 8009 0x000001fabdf0ac10 code [0x000001fabdf0aea0, 0x000001fabdf0bc58]
Event: 23.934 Thread 0x000001fad332b120 8010       3       org.apache.tomcat.util.net.SocketWrapperBase::transfer (46 bytes)
Event: 23.935 Thread 0x000001fad332b120 nmethod 8010 0x000001fabdf0c110 code [0x000001fabdf0c300, 0x000001fabdf0c8e8]
Event: 23.935 Thread 0x000001fad332b120 8011       3       org.apache.catalina.connector.OutputBuffer::transfer (41 bytes)
Event: 23.936 Thread 0x000001fad332b120 nmethod 8011 0x000001fabdf0ca90 code [0x000001fabdf0ccc0, 0x000001fabdf0d598]
Event: 23.936 Thread 0x000001fad332b120 8012       3       java.nio.ByteBuffer::mark (5 bytes)
Event: 23.936 Thread 0x000001fad332b120 nmethod 8012 0x000001fabdf0d890 code [0x000001fabdf0da40, 0x000001fabdf0dc08]
Event: 23.955 Thread 0x000001fad332b120 8013       3       java.nio.HeapByteBuffer::slice (49 bytes)
Event: 23.956 Thread 0x000001fad332b120 nmethod 8013 0x000001fabdf0dc90 code [0x000001fabdf0de40, 0x000001fabdf0e0c8]
Event: 23.960 Thread 0x000001fad332b120 8014       3       java.nio.MappedByteBuffer::flip (7 bytes)
Event: 23.960 Thread 0x000001fad332b120 nmethod 8014 0x000001fabdf0e210 code [0x000001fabdf0e3c0, 0x000001fabdf0e598]
Event: 23.961 Thread 0x000001fad332b120 8015       3       sun.nio.ch.IOStatus::normalize (10 bytes)
Event: 23.961 Thread 0x000001fad332b120 nmethod 8015 0x000001fabdf0e690 code [0x000001fabdf0e820, 0x000001fabdf0e958]
Event: 23.961 Thread 0x000001fad332b120 8016       3       java.nio.MappedByteBuffer::flip (5 bytes)
Event: 23.962 Thread 0x000001fad332b120 nmethod 8016 0x000001fabdf0ea10 code [0x000001fabdf0ebc0, 0x000001fabdf0edf8]
Event: 23.962 Thread 0x000001fad332b120 8017       1       org.springframework.orm.jpa.EntityManagerFactoryAccessor::getEntityManagerFactory (5 bytes)
Event: 23.962 Thread 0x000001fad332b120 nmethod 8017 0x000001fac4b6be90 code [0x000001fac4b6c020, 0x000001fac4b6c0d8]
Event: 23.964 Thread 0x000001fad332b120 8018       3       org.apache.tomcat.util.http.parser.HttpParser$DomainParseState::next (234 bytes)

GC Heap History (20 events):
Event: 3.548 GC heap before
{Heap before GC invocations=8 (full 0):
 garbage-first heap   total 69632K, used 51602K [0x0000000083200000, 0x0000000100000000)
  region size 1024K, 39 young (39936K), 5 survivors (5120K)
 Metaspace       used 32397K, capacity 32778K, committed 33072K, reserved 1079296K
  class space    used 3994K, capacity 4157K, committed 4224K, reserved 1048576K
}
Event: 3.553 GC heap after
{Heap after GC invocations=9 (full 0):
 garbage-first heap   total 69632K, used 19207K [0x0000000083200000, 0x0000000100000000)
  region size 1024K, 2 young (2048K), 2 survivors (2048K)
 Metaspace       used 32397K, capacity 32778K, committed 33072K, reserved 1079296K
  class space    used 3994K, capacity 4157K, committed 4224K, reserved 1048576K
}
Event: 3.814 GC heap before
{Heap before GC invocations=9 (full 0):
 garbage-first heap   total 69632K, used 51975K [0x0000000083200000, 0x0000000100000000)
  region size 1024K, 35 young (35840K), 2 survivors (2048K)
 Metaspace       used 34359K, capacity 34730K, committed 34992K, reserved 1079296K
  class space    used 4170K, capacity 4317K, committed 4352K, reserved 1048576K
}
Event: 3.816 GC heap after
{Heap after GC invocations=10 (full 0):
 garbage-first heap   total 83968K, used 19788K [0x0000000083200000, 0x0000000100000000)
  region size 1024K, 2 young (2048K), 2 survivors (2048K)
 Metaspace       used 34359K, capacity 34730K, committed 34992K, reserved 1079296K
  class space    used 4170K, capacity 4317K, committed 4352K, reserved 1048576K
}
Event: 4.155 GC heap before
{Heap before GC invocations=10 (full 0):
 garbage-first heap   total 83968K, used 61772K [0x0000000083200000, 0x0000000100000000)
  region size 1024K, 45 young (46080K), 2 survivors (2048K)
 Metaspace       used 35454K, capacity 35863K, committed 35888K, reserved 1081344K
  class space    used 4310K, capacity 4480K, committed 4480K, reserved 1048576K
}
Event: 4.159 GC heap after
{Heap after GC invocations=11 (full 0):
 garbage-first heap   total 83968K, used 20529K [0x0000000083200000, 0x0000000100000000)
  region size 1024K, 3 young (3072K), 3 survivors (3072K)
 Metaspace       used 35454K, capacity 35863K, committed 35888K, reserved 1081344K
  class space    used 4310K, capacity 4480K, committed 4480K, reserved 1048576K
}
Event: 5.173 GC heap before
{Heap before GC invocations=12 (full 0):
 garbage-first heap   total 75776K, used 62513K [0x0000000083200000, 0x0000000100000000)
  region size 1024K, 44 young (45056K), 3 survivors (3072K)
 Metaspace       used 47375K, capacity 47855K, committed 48028K, reserved 1091584K
  class space    used 5867K, capacity 6022K, committed 6124K, reserved 1048576K
}
Event: 5.179 GC heap after
{Heap after GC invocations=13 (full 0):
 garbage-first heap   total 75776K, used 22712K [0x0000000083200000, 0x0000000100000000)
  region size 1024K, 5 young (5120K), 5 survivors (5120K)
 Metaspace       used 47375K, capacity 47855K, committed 48028K, reserved 1091584K
  class space    used 5867K, capacity 6022K, committed 6124K, reserved 1048576K
}
Event: 5.785 GC heap before
{Heap before GC invocations=13 (full 0):
 garbage-first heap   total 75776K, used 60600K [0x0000000083200000, 0x0000000100000000)
  region size 1024K, 42 young (43008K), 5 survivors (5120K)
 Metaspace       used 52269K, capacity 52848K, committed 53020K, reserved 1095680K
  class space    used 6533K, capacity 6700K, committed 6764K, reserved 1048576K
}
Event: 5.791 GC heap after
{Heap after GC invocations=14 (full 0):
 garbage-first heap   total 75776K, used 24322K [0x0000000083200000, 0x0000000100000000)
  region size 1024K, 5 young (5120K), 5 survivors (5120K)
 Metaspace       used 52269K, capacity 52848K, committed 53020K, reserved 1095680K
  class space    used 6533K, capacity 6700K, committed 6764K, reserved 1048576K
}
Event: 7.297 GC heap before
{Heap before GC invocations=14 (full 0):
 garbage-first heap   total 75776K, used 60162K [0x0000000083200000, 0x0000000100000000)
  region size 1024K, 40 young (40960K), 5 survivors (5120K)
 Metaspace       used 58957K, capacity 59524K, committed 59804K, reserved 1101824K
  class space    used 7434K, capacity 7615K, committed 7660K, reserved 1048576K
}
Event: 7.304 GC heap after
{Heap after GC invocations=15 (full 0):
 garbage-first heap   total 75776K, used 26286K [0x0000000083200000, 0x0000000100000000)
  region size 1024K, 4 young (4096K), 4 survivors (4096K)
 Metaspace       used 58957K, capacity 59524K, committed 59804K, reserved 1101824K
  class space    used 7434K, capacity 7615K, committed 7660K, reserved 1048576K
}
Event: 7.481 GC heap before
{Heap before GC invocations=15 (full 0):
 garbage-first heap   total 75776K, used 38574K [0x0000000083200000, 0x0000000100000000)
  region size 1024K, 17 young (17408K), 4 survivors (4096K)
 Metaspace       used 59734K, capacity 60272K, committed 60420K, reserved 1101824K
  class space    used 7535K, capacity 7715K, committed 7788K, reserved 1048576K
}
Event: 7.486 GC heap after
{Heap after GC invocations=16 (full 0):
 garbage-first heap   total 75776K, used 27048K [0x0000000083200000, 0x0000000100000000)
  region size 1024K, 3 young (3072K), 3 survivors (3072K)
 Metaspace       used 59734K, capacity 60272K, committed 60420K, reserved 1101824K
  class space    used 7535K, capacity 7715K, committed 7788K, reserved 1048576K
}
Event: 8.650 GC heap before
{Heap before GC invocations=17 (full 0):
 garbage-first heap   total 75776K, used 59816K [0x0000000083200000, 0x0000000100000000)
  region size 1024K, 36 young (36864K), 3 survivors (3072K)
 Metaspace       used 65023K, capacity 65586K, committed 65668K, reserved 1105920K
  class space    used 8170K, capacity 8384K, committed 8428K, reserved 1048576K
}
Event: 8.661 GC heap after
{Heap after GC invocations=18 (full 0):
 garbage-first heap   total 75776K, used 30891K [0x0000000083200000, 0x0000000100000000)
  region size 1024K, 5 young (5120K), 5 survivors (5120K)
 Metaspace       used 65023K, capacity 65586K, committed 65668K, reserved 1105920K
  class space    used 8170K, capacity 8384K, committed 8428K, reserved 1048576K
}
Event: 18.620 GC heap before
{Heap before GC invocations=18 (full 0):
 garbage-first heap   total 75776K, used 59563K [0x0000000083200000, 0x0000000100000000)
  region size 1024K, 33 young (33792K), 5 survivors (5120K)
 Metaspace       used 66303K, capacity 66844K, committed 67076K, reserved 1107968K
  class space    used 8328K, capacity 8523K, committed 8556K, reserved 1048576K
}
Event: 18.632 GC heap after
{Heap after GC invocations=19 (full 0):
 garbage-first heap   total 91136K, used 32087K [0x0000000083200000, 0x0000000100000000)
  region size 1024K, 3 young (3072K), 3 survivors (3072K)
 Metaspace       used 66303K, capacity 66844K, committed 67076K, reserved 1107968K
  class space    used 8328K, capacity 8523K, committed 8556K, reserved 1048576K
}
Event: 21.423 GC heap before
{Heap before GC invocations=19 (full 0):
 garbage-first heap   total 91136K, used 74071K [0x0000000083200000, 0x0000000100000000)
  region size 1024K, 42 young (43008K), 3 survivors (3072K)
 Metaspace       used 73251K, capacity 73979K, committed 74116K, reserved 1114112K
  class space    used 9112K, capacity 9396K, committed 9452K, reserved 1048576K
}
Event: 21.434 GC heap after
{Heap after GC invocations=20 (full 0):
 garbage-first heap   total 91136K, used 37039K [0x0000000083200000, 0x0000000100000000)
  region size 1024K, 6 young (6144K), 6 survivors (6144K)
 Metaspace       used 73251K, capacity 73979K, committed 74116K, reserved 1114112K
  class space    used 9112K, capacity 9396K, committed 9452K, reserved 1048576K
}

Deoptimization events (20 events):
Event: 23.692 Thread 0x000001fae12363a0 DEOPT PACKING pc=0x000001fabd381234 sp=0x00000039c85fc4c0
Event: 23.692 Thread 0x000001fae12363a0 DEOPT UNPACKING pc=0x000001fabcb9f6cf sp=0x00000039c85fba28 mode 1
Event: 23.692 Thread 0x000001fae12363a0 DEOPT PACKING pc=0x000001fabd37fb94 sp=0x00000039c85fc610
Event: 23.692 Thread 0x000001fae12363a0 DEOPT UNPACKING pc=0x000001fabcb9f6cf sp=0x00000039c85fbab8 mode 1
Event: 23.692 Thread 0x000001fae12363a0 DEOPT PACKING pc=0x000001fabd51d7dc sp=0x00000039c85fc660
Event: 23.692 Thread 0x000001fae1235060 Uncommon trap: trap_request=0xffffff45 fr.pc=0x000001fac49c8fb8 relative=0x0000000000000fd8
Event: 23.692 Thread 0x000001fae1235060 Uncommon trap: reason=unstable_if action=reinterpret pc=0x000001fac49c8fb8 method=java.lang.reflect.Executable.declaredAnnotations()Ljava/util/Map; @ 19 c2
Event: 23.692 Thread 0x000001fae1235060 DEOPT PACKING pc=0x000001fac49c8fb8 sp=0x00000039c83fc330
Event: 23.692 Thread 0x000001fae12363a0 DEOPT UNPACKING pc=0x000001fabcb9f6cf sp=0x00000039c85fbb60 mode 1
Event: 23.692 Thread 0x000001fae1235060 DEOPT UNPACKING pc=0x000001fabcb5852f sp=0x00000039c83fc2e8 mode 2
Event: 23.692 Thread 0x000001fae12363a0 DEOPT PACKING pc=0x000001fabd52181c sp=0x00000039c85fc730
Event: 23.692 Thread 0x000001fae12363a0 DEOPT UNPACKING pc=0x000001fabcb9f6cf sp=0x00000039c85fbca0 mode 1
Event: 23.693 Thread 0x000001fae1235060 Uncommon trap: trap_request=0xffffff45 fr.pc=0x000001fac49d07ac relative=0x000000000000026c
Event: 23.693 Thread 0x000001fae1235060 Uncommon trap: reason=unstable_if action=reinterpret pc=0x000001fac49d07ac method=java.lang.Class.annotationData()Ljava/lang/Class$AnnotationData; @ 36 c2
Event: 23.693 Thread 0x000001fae1235060 DEOPT PACKING pc=0x000001fac49d07ac sp=0x00000039c83fc270
Event: 23.693 Thread 0x000001fae1235060 DEOPT UNPACKING pc=0x000001fabcb5852f sp=0x00000039c83fc260 mode 2
Event: 23.693 Thread 0x000001fae12363a0 Uncommon trap: trap_request=0xffffff45 fr.pc=0x000001fac48dccac relative=0x000000000000036c
Event: 23.693 Thread 0x000001fae12363a0 Uncommon trap: reason=unstable_if action=reinterpret pc=0x000001fac48dccac method=java.util.HashMap.getNode(Ljava/lang/Object;)Ljava/util/HashMap$Node; @ 66 c2
Event: 23.693 Thread 0x000001fae12363a0 DEOPT PACKING pc=0x000001fac48dccac sp=0x00000039c85fcc70
Event: 23.693 Thread 0x000001fae12363a0 DEOPT UNPACKING pc=0x000001fabcb5852f sp=0x00000039c85fcbb0 mode 2

Classes unloaded (0 events):
No events

Classes redefined (0 events):
No events

Internal exceptions (20 events):
Event: 21.975 Thread 0x000001fad6dc52a0 Exception <a 'java/lang/ClassNotFoundException'{0x0000000087d4e090}: org/thymeleaf/engine/HTMLAttributeDefinitionCustomizer> (0x0000000087d4e090) 
thrown [./open/src/hotspot/share/classfile/systemDictionary.cpp, line 295]
Event: 21.999 Thread 0x000001fad6dc52a0 Exception <a 'java/lang/ClassNotFoundException'{0x0000000087d8de40}: org/thymeleaf/engine/ElementModelStructureHandlerBeanInfo> (0x0000000087d8de40) 
thrown [./open/src/hotspot/share/classfile/systemDictionary.cpp, line 295]
Event: 22.002 Thread 0x000001fad6dc52a0 Exception <a 'java/lang/ClassNotFoundException'{0x0000000087d949b0}: org/thymeleaf/engine/ElementModelStructureHandlerCustomizer> (0x0000000087d949b0) 
thrown [./open/src/hotspot/share/classfile/systemDictionary.cpp, line 295]
Event: 22.014 Thread 0x000001fad6dc52a0 Exception <a 'java/lang/ClassNotFoundException'{0x0000000087c82b50}: java/util/Collections$UnmodifiableRandomAccessListBeanInfo> (0x0000000087c82b50) 
thrown [./open/src/hotspot/share/classfile/systemDictionary.cpp, line 295]
Event: 22.015 Thread 0x000001fad6dc52a0 Exception <a 'java/lang/ClassNotFoundException'{0x0000000087c87d68}: java/util/Collections$UnmodifiableListBeanInfo> (0x0000000087c87d68) 
thrown [./open/src/hotspot/share/classfile/systemDictionary.cpp, line 295]
Event: 22.017 Thread 0x000001fad6dc52a0 Exception <a 'java/lang/ClassNotFoundException'{0x0000000087c8cf68}: java/util/Collections$UnmodifiableListCustomizer> (0x0000000087c8cf68) 
thrown [./open/src/hotspot/share/classfile/systemDictionary.cpp, line 295]
Event: 22.022 Thread 0x000001fad6dc52a0 Exception <a 'java/lang/ClassNotFoundException'{0x0000000087cac140}: java/util/Collections$UnmodifiableRandomAccessListCustomizer> (0x0000000087cac140) 
thrown [./open/src/hotspot/share/classfile/systemDictionary.cpp, line 295]
Event: 22.390 Thread 0x000001fad6dc52a0 Exception <a 'java/lang/ClassNotFoundException'{0x0000000087ad15e8}: org/thymeleaf/model/AttributeValueQuotesBeanInfo> (0x0000000087ad15e8) 
thrown [./open/src/hotspot/share/classfile/systemDictionary.cpp, line 295]
Event: 22.394 Thread 0x000001fad6dc52a0 Exception <a 'java/lang/ClassNotFoundException'{0x0000000087ad8930}: org/thymeleaf/model/AttributeValueQuotesCustomizer> (0x0000000087ad8930) 
thrown [./open/src/hotspot/share/classfile/systemDictionary.cpp, line 295]
Event: 22.417 Thread 0x000001fad6dc52a0 Exception <a 'java/lang/ClassNotFoundException'{0x0000000087afafa0}: org/thymeleaf/engine/ElementTagStructureHandlerBeanInfo> (0x0000000087afafa0) 
thrown [./open/src/hotspot/share/classfile/systemDictionary.cpp, line 295]
Event: 22.424 Thread 0x000001fad6dc52a0 Exception <a 'java/lang/ClassNotFoundException'{0x0000000087902fd0}: org/thymeleaf/engine/ElementTagStructureHandlerCustomizer> (0x0000000087902fd0) 
thrown [./open/src/hotspot/share/classfile/systemDictionary.cpp, line 295]
Event: 22.578 Thread 0x000001fad6dc52a0 Implicit null exception at 0x000001fac4759c41 to 0x000001fac4759d02
Event: 22.809 Thread 0x000001fae1234b90 Exception <a 'java/lang/NoSuchMethodError'{0x0000000087521888}: 'java.lang.Object java.lang.invoke.DirectMethodHandle$Holder.invokeStatic(java.lang.Object, int, int)'> (0x0000000087521888) 
thrown [./open/src/hotspot/share/interpreter/linkResolver.cpp, line 782]
Event: 22.810 Thread 0x000001fae12346c0 Exception <a 'java/lang/NoSuchMethodError'{0x0000000087509770}: 'java.lang.Object java.lang.invoke.DirectMethodHandle$Holder.invokeStatic(java.lang.Object, int, int)'> (0x0000000087509770) 
thrown [./open/src/hotspot/share/interpreter/linkResolver.cpp, line 782]
Event: 22.811 Thread 0x000001fad6dc6110 Exception <a 'java/lang/NoSuchMethodError'{0x000000008766f2f0}: 'java.lang.Object java.lang.invoke.DirectMethodHandle$Holder.invokeStatic(java.lang.Object, int, int)'> (0x000000008766f2f0) 
thrown [./open/src/hotspot/share/interpreter/linkResolver.cpp, line 782]
Event: 23.441 Thread 0x000001fad6dc6110 Exception <a 'sun/nio/fs/WindowsException'{0x00000000873f80b8}> (0x00000000873f80b8) 
thrown [./open/src/hotspot/share/prims/jni.cpp, line 578]
Event: 23.443 Thread 0x000001fad6dc6110 Exception <a 'java/lang/reflect/InvocationTargetException'{0x00000000873fa5b8}> (0x00000000873fa5b8) 
thrown [./open/src/hotspot/share/runtime/reflection.cpp, line 1157]
Event: 23.457 Thread 0x000001fad6dc6110 Exception <a 'java/lang/NoClassDefFoundError'{0x000000008726b8d0}: sun/reflect/Reflection> (0x000000008726b8d0) 
thrown [./open/src/hotspot/share/classfile/systemDictionary.cpp, line 284]
Event: 23.529 Thread 0x000001fae1235060 Exception <a 'sun/nio/fs/WindowsException'{0x0000000087139728}> (0x0000000087139728) 
thrown [./open/src/hotspot/share/prims/jni.cpp, line 578]
Event: 23.530 Thread 0x000001fae1235060 Exception <a 'java/lang/reflect/InvocationTargetException'{0x000000008713af00}> (0x000000008713af00) 
thrown [./open/src/hotspot/share/runtime/reflection.cpp, line 1157]

Events (20 events):
Event: 23.457 loading class sun/reflect/Reflection
Event: 23.457 loading class sun/reflect/Reflection done
Event: 23.613 loading class java/lang/Throwable$WrappedPrintWriter
Event: 23.613 loading class java/lang/Throwable$PrintStreamOrWriter
Event: 23.613 loading class java/lang/Throwable$PrintStreamOrWriter done
Event: 23.613 loading class java/lang/Throwable$WrappedPrintWriter done
Event: 23.639 loading class java/util/concurrent/atomic/AtomicReferenceArray
Event: 23.640 loading class java/util/concurrent/atomic/AtomicReferenceArray done
Event: 23.662 Thread 0x000001fad66f2020 Thread exited: 0x000001fad66f2020
Event: 23.679 Executing VM operation: HandshakeAllThreads
Event: 23.679 Executing VM operation: HandshakeAllThreads done
Event: 23.708 loading class org/w3c/dom/Document
Event: 23.708 loading class org/w3c/dom/Document done
Event: 23.743 loading class java/net/UrlDeserializedState
Event: 23.743 loading class java/net/UrlDeserializedState done
Event: 23.745 Thread 0x000001fad66f06d0 Thread added: 0x000001fad66f06d0
Event: 23.776 Executing VM operation: ICBufferFull
Event: 23.875 Executing VM operation: ICBufferFull done
Event: 23.875 Executing VM operation: HandshakeAllThreads
Event: 23.875 Executing VM operation: HandshakeAllThreads done


Dynamic libraries:
0x00007ff7f8480000 - 0x00007ff7f848f000 	C:\Program Files\Java\jdk-15.0.2\bin\java.exe
0x00007ffe8adf0000 - 0x00007ffe8b009000 	C:\WINDOWS\SYSTEM32\ntdll.dll
0x00007ffe89b60000 - 0x00007ffe89c22000 	C:\WINDOWS\System32\KERNEL32.DLL
0x00007ffe881d0000 - 0x00007ffe8856f000 	C:\WINDOWS\System32\KERNELBASE.dll
0x00007ffe88580000 - 0x00007ffe8869b000 	C:\WINDOWS\System32\ucrtbase.dll
0x00007ffe82870000 - 0x00007ffe82888000 	C:\Program Files\Java\jdk-15.0.2\bin\jli.dll
0x00007ffe799a0000 - 0x00007ffe799b9000 	C:\Program Files\Java\jdk-15.0.2\bin\VCRUNTIME140.dll
0x00007ffe89a90000 - 0x00007ffe89b3e000 	C:\WINDOWS\System32\ADVAPI32.dll
0x00007ffe899e0000 - 0x00007ffe89a87000 	C:\WINDOWS\System32\msvcrt.dll
0x00007ffe8a130000 - 0x00007ffe8a1d6000 	C:\WINDOWS\System32\sechost.dll
0x00007ffe8a1f0000 - 0x00007ffe8a317000 	C:\WINDOWS\System32\RPCRT4.dll
0x00007ffe8ac00000 - 0x00007ffe8adac000 	C:\WINDOWS\System32\USER32.dll
0x00007ffe88720000 - 0x00007ffe88746000 	C:\WINDOWS\System32\win32u.dll
0x00007ffe67560000 - 0x00007ffe677f1000 	C:\WINDOWS\WinSxS\amd64_microsoft.windows.common-controls_6595b64144ccf1df_6.0.25217.1010_none_7b5ae231f1b4915b\COMCTL32.dll
0x00007ffe89f60000 - 0x00007ffe89f89000 	C:\WINDOWS\System32\GDI32.dll
0x00007ffe88750000 - 0x00007ffe88866000 	C:\WINDOWS\System32\gdi32full.dll
0x00007ffe88930000 - 0x00007ffe889ca000 	C:\WINDOWS\System32\msvcp_win.dll
0x00007ffe81bd0000 - 0x00007ffe81bda000 	C:\WINDOWS\SYSTEM32\VERSION.dll
0x00007ffe89520000 - 0x00007ffe89551000 	C:\WINDOWS\System32\IMM32.DLL
0x00007ffe7ab30000 - 0x00007ffe7ab3c000 	C:\Program Files\Java\jdk-15.0.2\bin\vcruntime140_1.dll
0x00007ffe5c770000 - 0x00007ffe5c801000 	C:\Program Files\Java\jdk-15.0.2\bin\msvcp140.dll
0x00007ffdeab70000 - 0x00007ffdeb6ce000 	C:\Program Files\Java\jdk-15.0.2\bin\server\jvm.dll
0x00007ffe8a1e0000 - 0x00007ffe8a1e8000 	C:\WINDOWS\System32\PSAPI.DLL
0x00007ffe6bf80000 - 0x00007ffe6bf89000 	C:\WINDOWS\SYSTEM32\WSOCK32.dll
0x00007ffe818a0000 - 0x00007ffe818d5000 	C:\WINDOWS\SYSTEM32\WINMM.dll
0x00007ffe894a0000 - 0x00007ffe8950f000 	C:\WINDOWS\System32\WS2_32.dll
0x00007ffe87160000 - 0x00007ffe87178000 	C:\WINDOWS\SYSTEM32\kernel.appcore.dll
0x00007ffe79e50000 - 0x00007ffe79e5a000 	C:\Program Files\Java\jdk-15.0.2\bin\jimage.dll
0x00007ffe85a40000 - 0x00007ffe85c73000 	C:\WINDOWS\SYSTEM32\DBGHELP.DLL
0x00007ffe89650000 - 0x00007ffe899d3000 	C:\WINDOWS\System32\combase.dll
0x00007ffe89560000 - 0x00007ffe89638000 	C:\WINDOWS\System32\OLEAUT32.dll
0x00007ffe79e10000 - 0x00007ffe79e42000 	C:\WINDOWS\SYSTEM32\dbgcore.DLL
0x00007ffe886a0000 - 0x00007ffe88719000 	C:\WINDOWS\System32\bcryptPrimitives.dll
0x00007ffe5c730000 - 0x00007ffe5c769000 	C:\Program Files\Java\jdk-15.0.2\bin\jdwp.dll
0x00007ffe5c700000 - 0x00007ffe5c725000 	C:\Program Files\Java\jdk-15.0.2\bin\java.dll
0x00007ffe8a420000 - 0x00007ffe8abef000 	C:\WINDOWS\System32\SHELL32.dll
0x00007ffe860d0000 - 0x00007ffe86965000 	C:\WINDOWS\SYSTEM32\windows.storage.dll
0x00007ffe85f30000 - 0x00007ffe860c3000 	C:\WINDOWS\SYSTEM32\wintypes.dll
0x00007ffe89c40000 - 0x00007ffe89d2b000 	C:\WINDOWS\System32\SHCORE.dll
0x00007ffe89d30000 - 0x00007ffe89d8d000 	C:\WINDOWS\System32\shlwapi.dll
0x00007ffe88100000 - 0x00007ffe88121000 	C:\WINDOWS\SYSTEM32\profapi.dll
0x00007ffe76fb0000 - 0x00007ffe76fbb000 	C:\Program Files\Java\jdk-15.0.2\bin\dt_socket.dll
0x00007ffe86be0000 - 0x00007ffe86c0e000 	C:\WINDOWS\SYSTEM32\IPHLPAPI.DLL
0x00007ffe87630000 - 0x00007ffe87699000 	C:\WINDOWS\system32\mswsock.dll
0x00007ffe86c50000 - 0x00007ffe86d4f000 	C:\WINDOWS\SYSTEM32\DNSAPI.dll
0x00007ffe89d90000 - 0x00007ffe89d99000 	C:\WINDOWS\System32\NSI.dll
0x00007ffe7e9f0000 - 0x00007ffe7e9fa000 	C:\Windows\System32\rasadhlp.dll
0x00007ffe80820000 - 0x00007ffe808a4000 	C:\WINDOWS\System32\fwpuclnt.dll
0x00007ffe732b0000 - 0x00007ffe732c9000 	C:\Program Files\Java\jdk-15.0.2\bin\net.dll
0x00007ffe81770000 - 0x00007ffe8189b000 	C:\WINDOWS\SYSTEM32\WINHTTP.dll
0x00007ffe5ee00000 - 0x00007ffe5ee12000 	C:\Program Files\Java\jdk-15.0.2\bin\nio.dll
0x00007ffe5c6e0000 - 0x00007ffe5c6f8000 	C:\Program Files\Java\jdk-15.0.2\bin\zip.dll
0x00007ffe5c680000 - 0x00007ffe5c690000 	C:\Program Files\Java\jdk-15.0.2\bin\verify.dll
0x00007ffe76860000 - 0x00007ffe76869000 	C:\Program Files\Java\jdk-15.0.2\bin\management.dll
0x00007ffe735f0000 - 0x00007ffe735fb000 	C:\Program Files\Java\jdk-15.0.2\bin\management_ext.dll
0x00007ffe610e0000 - 0x00007ffe610f7000 	C:\WINDOWS\system32\napinsp.dll
0x00007ffe5f080000 - 0x00007ffe5f09a000 	C:\WINDOWS\system32\pnrpnsp.dll
0x00007ffe32e70000 - 0x00007ffe32e91000 	C:\WINDOWS\system32\nlansp_c.dll
0x00007ffe5e1d0000 - 0x00007ffe5e1e1000 	C:\WINDOWS\System32\winrnr.dll
0x00007ffe4f670000 - 0x00007ffe4f685000 	C:\WINDOWS\system32\wshbth.dll
0x00007ffe878b0000 - 0x00007ffe878cb000 	C:\WINDOWS\SYSTEM32\CRYPTSP.dll
0x00007ffe870c0000 - 0x00007ffe870f4000 	C:\WINDOWS\system32\rsaenh.dll
0x00007ffe87750000 - 0x00007ffe87778000 	C:\WINDOWS\SYSTEM32\USERENV.dll
0x00007ffe87a70000 - 0x00007ffe87a98000 	C:\WINDOWS\SYSTEM32\bcrypt.dll
0x00007ffe878d0000 - 0x00007ffe878dc000 	C:\WINDOWS\SYSTEM32\CRYPTBASE.dll
0x00007ffe815b0000 - 0x00007ffe815c9000 	C:\WINDOWS\SYSTEM32\dhcpcsvc6.DLL
0x00007ffe81550000 - 0x00007ffe8156f000 	C:\WINDOWS\SYSTEM32\dhcpcsvc.DLL
0x00007ffe72de0000 - 0x00007ffe72ded000 	C:\Program Files\Java\jdk-15.0.2\bin\sunmscapi.dll
0x00007ffe889d0000 - 0x00007ffe88b3f000 	C:\WINDOWS\System32\CRYPT32.dll
0x00007ffe87a30000 - 0x00007ffe87a5f000 	C:\WINDOWS\SYSTEM32\ncrypt.dll
0x00007ffe879f0000 - 0x00007ffe87a27000 	C:\WINDOWS\SYSTEM32\NTASN1.dll

dbghelp: loaded successfully - version: 4.0.5 - missing functions: none
symbol engine: initialized successfully - sym options: 0x614 - pdb path: .;C:\Program Files\Java\jdk-15.0.2\bin;C:\WINDOWS\SYSTEM32;C:\WINDOWS\WinSxS\amd64_microsoft.windows.common-controls_6595b64144ccf1df_6.0.25217.1010_none_7b5ae231f1b4915b;C:\Program Files\Java\jdk-15.0.2\bin\server

VM Arguments:
jvm_args: -agentlib:jdwp=transport=dt_socket,server=n,suspend=y,address=localhost:50163 -XX:+ShowCodeDetailsInExceptionMessages 
java_command: com.watch.shopwatchonline.ShopwatchonlineApplication
java_class_path (initial): F:\shopwatchonline\target\classes;C:\Users\datea\.m2\repository\org\springframework\boot\spring-boot-starter-validation\2.6.12\spring-boot-starter-validation-2.6.12.jar;C:\Users\datea\.m2\repository\org\springframework\boot\spring-boot-starter\2.6.12\spring-boot-starter-2.6.12.jar;C:\Users\datea\.m2\repository\org\springframework\boot\spring-boot-starter-logging\2.6.12\spring-boot-starter-logging-2.6.12.jar;C:\Users\datea\.m2\repository\ch\qos\logback\logback-classic\1.2.11\logback-classic-1.2.11.jar;C:\Users\datea\.m2\repository\ch\qos\logback\logback-core\1.2.11\logback-core-1.2.11.jar;C:\Users\datea\.m2\repository\org\apache\logging\log4j\log4j-to-slf4j\2.17.2\log4j-to-slf4j-2.17.2.jar;C:\Users\datea\.m2\repository\org\apache\logging\log4j\log4j-api\2.17.2\log4j-api-2.17.2.jar;C:\Users\datea\.m2\repository\org\slf4j\jul-to-slf4j\1.7.36\jul-to-slf4j-1.7.36.jar;C:\Users\datea\.m2\repository\jakarta\annotation\jakarta.annotation-api\1.3.5\jakarta.annotation-api-1.3.5.jar;C:\Users\datea\.m2\repository\org\yaml\snakeyaml\1.29\snakeyaml-1.29.jar;C:\Users\datea\.m2\repository\org\apache\tomcat\embed\tomcat-embed-el\9.0.65\tomcat-embed-el-9.0.65.jar;C:\Users\datea\.m2\repository\org\hibernate\validator\hibernate-validator\6.2.5.Final\hibernate-validator-6.2.5.Final.jar;C:\Users\datea\.m2\repository\jakarta\validation\jakarta.validation-api\2.0.2\jakarta.validation-api-2.0.2.jar;C:\Users\datea\.m2\repository\org\jboss\logging\jboss-logging\3.4.3.Final\jboss-logging-3.4.3.Final.jar;C:\Users\datea\.m2\repository\com\fasterxml\classmate\1.5.1\classmate-1.5.1.jar;C:\Users\datea\.m2\repository\com\github\javafaker\javafaker\1.0.2\javafaker-1.0.2.jar;C:\Users\datea\.m2\repository\org\apache\commons\commons-lang3\3.12.0\commons-lang3-3.12.0.jar;C:\Users\datea\.m2\repository\org\yaml\snakeyaml\1.23\snakeyaml-1.23-android.jar;C:\Users\datea\.m2\repository\com\github\mifmif\generex\1.0.2\generex-1.0.2.jar;C:\Users\datea\.m2\repository\dk\brics\automaton
Launcher Type: SUN_STANDARD

[Global flags]
     intx CICompilerCount                          = 4                                         {product} {ergonomic}
     uint ConcGCThreads                            = 2                                         {product} {ergonomic}
     uint G1ConcRefinementThreads                  = 8                                         {product} {ergonomic}
   size_t G1HeapRegionSize                         = 1048576                                   {product} {ergonomic}
    uintx GCDrainStackTargetSize                   = 64                                        {product} {ergonomic}
   size_t InitialHeapSize                          = 132120576                                 {product} {ergonomic}
   size_t MarkStackSize                            = 4194304                                   {product} {ergonomic}
   size_t MaxHeapSize                              = 2095054848                                {product} {ergonomic}
   size_t MaxNewSize                               = 1256194048                                {product} {ergonomic}
   size_t MinHeapDeltaBytes                        = 1048576                                   {product} {ergonomic}
   size_t MinHeapSize                              = 8388608                                   {product} {ergonomic}
    uintx NonNMethodCodeHeapSize                   = 5839372                                {pd product} {ergonomic}
    uintx NonProfiledCodeHeapSize                  = 122909434                              {pd product} {ergonomic}
    uintx ProfiledCodeHeapSize                     = 122909434                              {pd product} {ergonomic}
    uintx ReservedCodeCacheSize                    = 251658240                              {pd product} {ergonomic}
     bool SegmentedCodeCache                       = true                                      {product} {ergonomic}
     bool ShowCodeDetailsInExceptionMessages       = true                                   {manageable} {command line}
   size_t SoftMaxHeapSize                          = 2095054848                             {manageable} {ergonomic}
     bool UseCompressedClassPointers               = true                                 {lp64_product} {ergonomic}
     bool UseCompressedOops                        = true                                 {lp64_product} {ergonomic}
     bool UseG1GC                                  = true                                      {product} {ergonomic}
     bool UseLargePagesIndividualAllocation        = false                                  {pd product} {ergonomic}

Logging:
Log output configuration:
 #0: stdout all=warning uptime,level,tags
 #1: stderr all=off uptime,level,tags

Environment Variables:
PATH=C:\Program Files\Java\jdk-15.0.2\bin;C:\Program Files\Common Files\Oracle\Java\javapath;C:\WINDOWS\system32;C:\WINDOWS;C:\WINDOWS\System32\Wbem;C:\WINDOWS\System32\WindowsPowerShell\v1.0\;C:\WINDOWS\System32\OpenSSH\;C:\Program Files\Azure Data Studio\bin;C:\Program Files\Microsoft SQL Server\Client SDK\ODBC\170\Tools\Binn\;C:\Program Files (x86)\Microsoft SQL Server\150\Tools\Binn\;C:\Program Files\Microsoft SQL Server\150\Tools\Binn\;C:\Program Files\Microsoft SQL Server\150\DTS\Binn\;C:\Program Files (x86)\Microsoft SQL Server\150\DTS\Binn\;C:\Program Files (x86)\GitExtensions\;F:\xampp\php;C:\ProgramData\ComposerSetup\bin;C:\xampp\php;C:\Program Files\Git\cmd;C:\Users\datea\AppData\Local\Microsoft\WindowsApps;C:\Users\datea\AppData\Local\Programs\Microsoft VS Code\bin;;C:\Program Files\Azure Data Studio\bin;C:\Users\datea\AppData\Roaming\Composer\vendor\bin
USERNAME=datea
LANG=en_US.UTF-8
OS=Windows_NT
PROCESSOR_IDENTIFIER=Intel64 Family 6 Model 126 Stepping 5, GenuineIntel



---------------  S Y S T E M  ---------------

OS:
 Windows 10 , 64 bit Build 25217 (10.0.25217.1000)
OS uptime: 0 days 5:53 hours
HyperV virtualization detected

CPU: total 8 (initial active 8) (4 cores per cpu, 2 threads per core) family 6 model 126 stepping 5 microcode 0xa6, cmov, cx8, fxsr, mmx, sse, sse2, sse3, ssse3, sse4.1, sse4.2, popcnt, vzeroupper, avx, avx2, aes, clmul, erms, 3dnowpref, lzcnt, ht, tsc, tscinvbit, bmi1, bmi2, adx, avx512f, avx512dq, avx512cd, avx512bw, avx512vl, avx512_vpopcntdq, avx512_vpclmulqdq, avx512_vbmi, avx512_vbmi2, avx512_vaes, avx512_vnni, sha, fma, clflush, clflushopt

Memory: 4k page, system-wide physical 7987M (744M free)
TotalPageFile size 12083M (AvailPageFile size 190M)
current process WorkingSet (physical memory assigned to process): 323M, peak: 430M
current process commit charge ("private bytes"): 361M, peak: 468M

vm_info: Java HotSpot(TM) 64-Bit Server VM (15.0.2+7-27) for windows-amd64 JRE (15.0.2+7-27), built on Dec  7 2020 20:07:01 by "mach5one" with unknown MS VC++:1925

END.
