#
# There is insufficient memory for the Java Runtime Environment to continue.
# Native memory allocation (mmap) failed to map 53477376 bytes for G1 virtual space
# Possible reasons:
#   The system is out of physical RAM or swap space
#   The process is running with CompressedOops enabled, and the Java Heap may be blocking the growth of the native heap
# Possible solutions:
#   Reduce memory load on the system
#   Increase physical memory or swap space
#   Check if swap backing store is full
#   Decrease Java heap size (-Xmx/-Xms)
#   Decrease number of Java threads
#   Decrease Java thread stack sizes (-Xss)
#   Set larger code cache with -XX:ReservedCodeCacheSize=
#   JVM is running with Unscaled Compressed Oops mode in which the Java heap is
#     placed in the first 4GB address space. The Java Heap base address is the
#     maximum limit for the native heap growth. Please use -XX:HeapBaseMinAddress
#     to set the Java Heap base and to place the Java Heap above 4GB virtual address.
# This output file may be truncated or incomplete.
#
#  Out of Memory Error (os_windows.cpp:3548), pid=43808, tid=48584
#
# JRE version: OpenJDK Runtime Environment Temurin-17.0.5+8 (17.0.5+8) (build 17.0.5+8)
# Java VM: OpenJDK 64-Bit Server VM Temurin-17.0.5+8 (17.0.5+8, mixed mode, emulated-client, sharing, tiered, compressed oops, compressed class ptrs, g1 gc, windows-amd64)
# No core dump will be written. Minidumps are not enabled by default on client versions of Windows
#

---------------  S U M M A R Y ------------

Command Line: -Dsts.lsp.client=vscode -Dsts.log.file=/dev/null -XX:TieredStopAtLevel=1 -Xlog:jni+resolve=off -Dspring.config.location=file:c:\Users\datea\.vscode\extensions\pivotal.vscode-spring-boot-1.40.0\language-server\BOOT-INF\classes\application.properties org.springframework.ide.vscode.boot.app.BootLanguageServerBootApp

Host: Intel(R) Core(TM) i5-1035G1 CPU @ 1.00GHz, 8 cores, 7G,  Windows 11 , 64 bit Build 25231 (10.0.25231.1000)
Time: Sun Oct 30 17:36:02 2022 SE Asia Standard Time elapsed time: 9.217446 seconds (0d 0h 0m 9s)

---------------  T H R E A D  ---------------

Current thread (0x000001f51baef650):  VMThread "VM Thread" [stack: 0x0000000942900000,0x0000000942a00000] [id=48584]

Stack: [0x0000000942900000,0x0000000942a00000]
Native frames: (J=compiled Java code, j=interpreted, Vv=VM code, C=native code)
V  [jvm.dll+0x676b3a]
V  [jvm.dll+0x831444]
V  [jvm.dll+0x832bee]
V  [jvm.dll+0x833253]
V  [jvm.dll+0x244ce5]
V  [jvm.dll+0x673a49]
V  [jvm.dll+0x66811a]
V  [jvm.dll+0x303ceb]
V  [jvm.dll+0x30b1e6]
V  [jvm.dll+0x35adbe]
V  [jvm.dll+0x35afef]
V  [jvm.dll+0x2dab88]
V  [jvm.dll+0x2d8e3c]
V  [jvm.dll+0x2d840c]
V  [jvm.dll+0x31c31b]
V  [jvm.dll+0x8376fb]
V  [jvm.dll+0x838434]
V  [jvm.dll+0x83894c]
V  [jvm.dll+0x838d24]
V  [jvm.dll+0x838df0]
V  [jvm.dll+0x7e17ea]
V  [jvm.dll+0x6759e5]
C  [ucrtbase.dll+0x4b7eb]
C  [KERNEL32.DLL+0x1335d]
C  [ntdll.dll+0x67558]

VM_Operation (0x00000009444fbdb0): G1CollectForAllocation, mode: safepoint, requested by thread 0x000001f51cc590c0


---------------  P R O C E S S  ---------------

Threads class SMR info:
_java_thread_list=0x000001f51e145870, length=35, elements={
0x000001f51baf6120, 0x000001f51baf8ce0, 0x000001f51bb134c0, 0x000001f51bb13e70,
0x000001f51bb14820, 0x000001f51bb151d0, 0x000001f51bb15b80, 0x000001f51bb19a70,
0x000001f51bae1440, 0x000001f51c656c70, 0x000001f51c657180, 0x000001f51c6a0aa0,
0x000001f51c6a2150, 0x000001f51e0a6c90, 0x000001f51e318af0, 0x000001f51cde2020,
0x000001f5078ee4e0, 0x000001f51df4a7f0, 0x000001f51cc590c0, 0x000001f51cc5a5b0,
0x000001f51cdb1830, 0x000001f51cdb2b70, 0x000001f51cdb1360, 0x000001f51cdb21d0,
0x000001f51cdb1d00, 0x000001f51cdb26a0, 0x000001f51e433930, 0x000001f51e435ae0,
0x000001f51e433e00, 0x000001f51e432f90, 0x000001f51e4342d0, 0x000001f51e4372f0,
0x000001f51e4347a0, 0x000001f51e434c70, 0x000001f51e4312b0
}

Java Threads: ( => current thread )
  0x000001f51baf6120 JavaThread "Reference Handler" daemon [_thread_blocked, id=49392, stack(0x0000000942a00000,0x0000000942b00000)]
  0x000001f51baf8ce0 JavaThread "Finalizer" daemon [_thread_blocked, id=51088, stack(0x0000000942b00000,0x0000000942c00000)]
  0x000001f51bb134c0 JavaThread "Signal Dispatcher" daemon [_thread_blocked, id=51924, stack(0x0000000942c00000,0x0000000942d00000)]
  0x000001f51bb13e70 JavaThread "Attach Listener" daemon [_thread_blocked, id=45952, stack(0x0000000942d00000,0x0000000942e00000)]
  0x000001f51bb14820 JavaThread "Service Thread" daemon [_thread_blocked, id=48440, stack(0x0000000942e00000,0x0000000942f00000)]
  0x000001f51bb151d0 JavaThread "Monitor Deflation Thread" daemon [_thread_blocked, id=50952, stack(0x0000000942f00000,0x0000000943000000)]
  0x000001f51bb15b80 JavaThread "C1 CompilerThread0" daemon [_thread_blocked, id=16652, stack(0x0000000943000000,0x0000000943100000)]
  0x000001f51bb19a70 JavaThread "Sweeper thread" daemon [_thread_blocked, id=45992, stack(0x0000000943100000,0x0000000943200000)]
  0x000001f51bae1440 JavaThread "C1 CompilerThread1" daemon [_thread_blocked, id=50184, stack(0x0000000943200000,0x0000000943300000)]
  0x000001f51c656c70 JavaThread "C1 CompilerThread2" daemon [_thread_blocked, id=51700, stack(0x0000000943300000,0x0000000943400000)]
  0x000001f51c657180 JavaThread "C1 CompilerThread3" daemon [_thread_blocked, id=50976, stack(0x0000000943400000,0x0000000943500000)]
  0x000001f51c6a0aa0 JavaThread "Notification Thread" daemon [_thread_blocked, id=50688, stack(0x0000000943500000,0x0000000943600000)]
  0x000001f51c6a2150 JavaThread "Common-Cleaner" daemon [_thread_blocked, id=51392, stack(0x0000000943700000,0x0000000943800000)]
  0x000001f51e0a6c90 JavaThread "boundedElastic-evictor-1" daemon [_thread_blocked, id=50892, stack(0x0000000943d00000,0x0000000943e00000)]
  0x000001f51e318af0 JavaThread "pool-9-thread-1" [_thread_blocked, id=1640, stack(0x0000000944100000,0x0000000944200000)]
  0x000001f51cde2020 JavaThread "LanguageServerApp-lifecycle" [_thread_blocked, id=43128, stack(0x0000000944200000,0x0000000944300000)]
  0x000001f5078ee4e0 JavaThread "DestroyJavaVM" [_thread_blocked, id=41332, stack(0x0000000942300000,0x0000000942400000)]
  0x000001f51df4a7f0 JavaThread "pool-10-thread-1" [_thread_in_native, id=46436, stack(0x0000000944300000,0x0000000944400000)]
  0x000001f51cc590c0 JavaThread "Simple-Language-Server main thread" daemon [_thread_blocked, id=39768, stack(0x0000000944400000,0x0000000944500000)]
  0x000001f51cc5a5b0 JavaThread "ForkJoinPool.commonPool-worker-1" daemon [_thread_blocked, id=51676, stack(0x0000000944500000,0x0000000944600000)]
  0x000001f51cdb1830 JavaThread "ClassGraph-worker-0" daemon [_thread_blocked, id=51028, stack(0x0000000944600000,0x0000000944700000)]
  0x000001f51cdb2b70 JavaThread "ClassGraph-worker-1" daemon [_thread_blocked, id=42108, stack(0x0000000944700000,0x0000000944800000)]
  0x000001f51cdb1360 JavaThread "ClassGraph-worker-2" daemon [_thread_blocked, id=38504, stack(0x0000000944800000,0x0000000944900000)]
  0x000001f51cdb21d0 JavaThread "ClassGraph-worker-3" daemon [_thread_blocked, id=51912, stack(0x0000000944900000,0x0000000944a00000)]
  0x000001f51cdb1d00 JavaThread "ClassGraph-worker-4" daemon [_thread_blocked, id=52048, stack(0x0000000944a00000,0x0000000944b00000)]
  0x000001f51cdb26a0 JavaThread "ClassGraph-worker-5" daemon [_thread_blocked, id=43272, stack(0x0000000944b00000,0x0000000944c00000)]
  0x000001f51e433930 JavaThread "ClassGraph-worker-6" daemon [_thread_blocked, id=50416, stack(0x0000000944c00000,0x0000000944d00000)]
  0x000001f51e435ae0 JavaThread "ClassGraph-worker-7" daemon [_thread_blocked, id=51288, stack(0x0000000944d00000,0x0000000944e00000)]
  0x000001f51e433e00 JavaThread "ClassGraph-worker-8" daemon [_thread_blocked, id=50376, stack(0x0000000944e00000,0x0000000944f00000)]
  0x000001f51e432f90 JavaThread "ClassGraph-worker-9" daemon [_thread_blocked, id=52124, stack(0x0000000944f00000,0x0000000945000000)]
  0x000001f51e4342d0 JavaThread "ClassGraph-worker-10" daemon [_thread_blocked, id=44140, stack(0x0000000945000000,0x0000000945100000)]
  0x000001f51e4372f0 JavaThread "ClassGraph-worker-11" daemon [_thread_blocked, id=48904, stack(0x0000000945100000,0x0000000945200000)]
  0x000001f51e4347a0 JavaThread "ClassGraph-worker-12" daemon [_thread_blocked, id=49176, stack(0x0000000945200000,0x0000000945300000)]
  0x000001f51e434c70 JavaThread "ClassGraph-worker-13" daemon [_thread_blocked, id=21500, stack(0x0000000945300000,0x0000000945400000)]
  0x000001f51e4312b0 JavaThread "parallel-1" daemon [_thread_blocked, id=26856, stack(0x0000000945400000,0x0000000945500000)]

Other Threads:
=>0x000001f51baef650 VMThread "VM Thread" [stack: 0x0000000942900000,0x0000000942a00000] [id=48584]
  0x000001f509a84e20 WatcherThread [stack: 0x0000000943600000,0x0000000943700000] [id=49592]
  0x000001f509a6b130 GCTaskThread "GC Thread#0" [stack: 0x0000000942400000,0x0000000942500000] [id=36956]
  0x000001f51cf3fb50 GCTaskThread "GC Thread#1" [stack: 0x0000000943800000,0x0000000943900000] [id=37332]
  0x000001f51cf353f0 GCTaskThread "GC Thread#2" [stack: 0x0000000943900000,0x0000000943a00000] [id=51344]
  0x000001f51cf78410 GCTaskThread "GC Thread#3" [stack: 0x0000000943a00000,0x0000000943b00000] [id=49648]
  0x000001f51cf90fc0 GCTaskThread "GC Thread#4" [stack: 0x0000000943b00000,0x0000000943c00000] [id=52156]
  0x000001f51cf91270 GCTaskThread "GC Thread#5" [stack: 0x0000000943c00000,0x0000000943d00000] [id=42052]
  0x000001f51dc8b6c0 GCTaskThread "GC Thread#6" [stack: 0x0000000943e00000,0x0000000943f00000] [id=42688]
  0x000001f51dcbffb0 GCTaskThread "GC Thread#7" [stack: 0x0000000943f00000,0x0000000944000000] [id=52164]
  0x000001f509a7c040 ConcurrentGCThread "G1 Main Marker" [stack: 0x0000000942500000,0x0000000942600000] [id=49168]
  0x000001f509a7e360 ConcurrentGCThread "G1 Conc#0" [stack: 0x0000000942600000,0x0000000942700000] [id=45720]
  0x000001f51dcb5ee0 ConcurrentGCThread "G1 Conc#1" [stack: 0x0000000944000000,0x0000000944100000] [id=44768]
  0x000001f509abea40 ConcurrentGCThread "G1 Refine#0" [stack: 0x0000000942700000,0x0000000942800000] [id=49692]
  0x000001f51b9a8a50 ConcurrentGCThread "G1 Service" [stack: 0x0000000942800000,0x0000000942900000] [id=44196]

Threads with active compile tasks:

VM state: at safepoint (normal execution)

VM Mutex/Monitor currently owned by a thread:  ([mutex/lock_event])
[0x000001f507831850] Threads_lock - owner thread: 0x000001f51baef650
[0x000001f5078ec710] Heap_lock - owner thread: 0x000001f51cc590c0

Heap address: 0x0000000083200000, size: 1998 MB, Compressed Oops mode: 32-bit

CDS archive(s) mapped at: [0x0000000800000000-0x0000000800bc0000-0x0000000800bc0000), size 12320768, SharedBaseAddress: 0x0000000800000000, ArchiveRelocationMode: 0.
Compressed class space mapped at: 0x0000000800c00000-0x0000000840c00000, reserved size: 1073741824
Narrow klass base: 0x0000000800000000, Narrow klass shift: 0, Narrow klass range: 0x100000000

GC Precious Log:
 CPUs: 8 total, 8 available
 Memory: 7987M
 Large Page Support: Disabled
 NUMA Support: Disabled
 Compressed Oops: Enabled (32-bit)
 Heap Region Size: 1M
 Heap Min Capacity: 8M
 Heap Initial Capacity: 126M
 Heap Max Capacity: 1998M
 Pre-touch: Disabled
 Parallel Workers: 8
 Concurrent Workers: 2
 Concurrent Refinement Workers: 8
 Periodic GC: Disabled

Heap:
 garbage-first heap   total 129024K, used 49073K [0x0000000083200000, 0x0000000100000000)
  region size 1024K, 3 young (3072K), 3 survivors (3072K)
 Metaspace       used 30133K, committed 30464K, reserved 1081344K
  class space    used 3928K, committed 4096K, reserved 1048576K

Heap Regions: E=young(eden), S=young(survivor), O=old, HS=humongous(starts), HC=humongous(continues), CS=collection set, F=free, OA=open archive, CA=closed archive, TAMS=top-at-mark-start (previous, next)
|   0|0x0000000083200000, 0x0000000083300000, 0x0000000083300000|100%| O|  |TAMS 0x0000000083300000, 0x0000000083200000| Untracked 
|   1|0x0000000083300000, 0x0000000083400000, 0x0000000083400000|100%| O|  |TAMS 0x0000000083400000, 0x0000000083300000| Updating 
|   2|0x0000000083400000, 0x0000000083500000, 0x0000000083500000|100%| O|  |TAMS 0x0000000083500000, 0x0000000083400000| Updating 
|   3|0x0000000083500000, 0x0000000083600000, 0x0000000083600000|100%| O|  |TAMS 0x0000000083600000, 0x0000000083500000| Untracked 
|   4|0x0000000083600000, 0x0000000083700000, 0x0000000083700000|100%| O|  |TAMS 0x0000000083700000, 0x0000000083600000| Untracked 
|   5|0x0000000083700000, 0x0000000083800000, 0x0000000083800000|100%| O|  |TAMS 0x0000000083800000, 0x0000000083700000| Untracked 
|   6|0x0000000083800000, 0x0000000083900000, 0x0000000083900000|100%| O|  |TAMS 0x0000000083900000, 0x0000000083800000| Untracked 
|   7|0x0000000083900000, 0x00000000839ec400, 0x0000000083a00000| 92%| O|  |TAMS 0x00000000839ec400, 0x0000000083900000| Updating 
|   8|0x0000000083a00000, 0x0000000083b00000, 0x0000000083b00000|100%| O|  |TAMS 0x0000000083b00000, 0x0000000083a00000| Untracked 
|   9|0x0000000083b00000, 0x0000000083c00000, 0x0000000083c00000|100%| O|  |TAMS 0x0000000083c00000, 0x0000000083b00000| Untracked 
|  10|0x0000000083c00000, 0x0000000083d00000, 0x0000000083d00000|100%| O|  |TAMS 0x0000000083d00000, 0x0000000083c00000| Untracked 
|  11|0x0000000083d00000, 0x0000000083e00000, 0x0000000083e00000|100%| O|  |TAMS 0x0000000083e00000, 0x0000000083d00000| Untracked 
|  12|0x0000000083e00000, 0x0000000083f00000, 0x0000000083f00000|100%| O|  |TAMS 0x0000000083f00000, 0x0000000083e00000| Untracked 
|  13|0x0000000083f00000, 0x0000000084000000, 0x0000000084000000|100%| O|  |TAMS 0x0000000084000000, 0x0000000083f00000| Untracked 
|  14|0x0000000084000000, 0x0000000084100000, 0x0000000084100000|100%| O|  |TAMS 0x0000000084100000, 0x0000000084000000| Untracked 
|  15|0x0000000084100000, 0x0000000084200000, 0x0000000084200000|100%| O|  |TAMS 0x0000000084200000, 0x0000000084100000| Untracked 
|  16|0x0000000084200000, 0x0000000084300000, 0x0000000084300000|100%| O|  |TAMS 0x0000000084300000, 0x0000000084200000| Updating 
|  17|0x0000000084300000, 0x0000000084400000, 0x0000000084400000|100%| O|  |TAMS 0x0000000084400000, 0x0000000084300000| Updating 
|  18|0x0000000084400000, 0x0000000084500000, 0x0000000084500000|100%| O|  |TAMS 0x0000000084500000, 0x0000000084400000| Untracked 
|  19|0x0000000084500000, 0x0000000084600000, 0x0000000084600000|100%| O|  |TAMS 0x0000000084600000, 0x0000000084500000| Untracked 
|  20|0x0000000084600000, 0x0000000084700000, 0x0000000084700000|100%| O|  |TAMS 0x0000000084700000, 0x0000000084600000| Untracked 
|  21|0x0000000084700000, 0x0000000084800000, 0x0000000084800000|100%| O|  |TAMS 0x0000000084800000, 0x0000000084700000| Updating 
|  22|0x0000000084800000, 0x0000000084900000, 0x0000000084900000|100%| O|  |TAMS 0x0000000084900000, 0x0000000084800000| Untracked 
|  23|0x0000000084900000, 0x0000000084a00000, 0x0000000084a00000|100%| O|  |TAMS 0x0000000084a00000, 0x0000000084900000| Untracked 
|  24|0x0000000084a00000, 0x0000000084b00000, 0x0000000084b00000|100%| O|  |TAMS 0x0000000084b00000, 0x0000000084a00000| Updating 
|  25|0x0000000084b00000, 0x0000000084c00000, 0x0000000084c00000|100%| O|  |TAMS 0x0000000084c00000, 0x0000000084b00000| Untracked 
|  26|0x0000000084c00000, 0x0000000084d00000, 0x0000000084d00000|100%| O|  |TAMS 0x0000000084d00000, 0x0000000084c00000| Untracked 
|  27|0x0000000084d00000, 0x0000000084e00000, 0x0000000084e00000|100%| O|  |TAMS 0x0000000084e00000, 0x0000000084d00000| Updating 
|  28|0x0000000084e00000, 0x0000000084f00000, 0x0000000084f00000|100%| O|  |TAMS 0x0000000084f00000, 0x0000000084e00000| Untracked 
|  29|0x0000000084f00000, 0x0000000085000000, 0x0000000085000000|100%| O|  |TAMS 0x0000000085000000, 0x0000000084f00000| Updating 
|  30|0x0000000085000000, 0x0000000085100000, 0x0000000085100000|100%| O|  |TAMS 0x0000000085100000, 0x0000000085000000| Untracked 
|  31|0x0000000085100000, 0x0000000085200000, 0x0000000085200000|100%| O|  |TAMS 0x0000000085200000, 0x0000000085100000| Untracked 
|  32|0x0000000085200000, 0x0000000085300000, 0x0000000085300000|100%| O|  |TAMS 0x0000000085300000, 0x0000000085200000| Untracked 
|  33|0x0000000085300000, 0x0000000085400000, 0x0000000085400000|100%| O|  |TAMS 0x0000000085400000, 0x0000000085300000| Untracked 
|  34|0x0000000085400000, 0x0000000085500000, 0x0000000085500000|100%| O|  |TAMS 0x0000000085500000, 0x0000000085400000| Untracked 
|  35|0x0000000085500000, 0x0000000085600000, 0x0000000085600000|100%| O|  |TAMS 0x0000000085600000, 0x0000000085500000| Untracked 
|  36|0x0000000085600000, 0x0000000085700000, 0x0000000085700000|100%| O|  |TAMS 0x000000008568e800, 0x0000000085600000| Updating 
|  37|0x0000000085700000, 0x0000000085800000, 0x0000000085800000|100%| O|  |TAMS 0x0000000085700000, 0x0000000085700000| Untracked 
|  38|0x0000000085800000, 0x0000000085900000, 0x0000000085900000|100%| O|  |TAMS 0x0000000085800000, 0x0000000085800000| Untracked 
|  39|0x0000000085900000, 0x0000000085a00000, 0x0000000085a00000|100%| O|  |TAMS 0x0000000085900000, 0x0000000085900000| Untracked 
|  40|0x0000000085a00000, 0x0000000085b00000, 0x0000000085b00000|100%| O|  |TAMS 0x0000000085a00000, 0x0000000085a00000| Updating 
|  41|0x0000000085b00000, 0x0000000085c00000, 0x0000000085c00000|100%| O|  |TAMS 0x0000000085b00000, 0x0000000085b00000| Untracked 
|  42|0x0000000085c00000, 0x0000000085d00000, 0x0000000085d00000|100%| O|  |TAMS 0x0000000085c00000, 0x0000000085c00000| Untracked 
|  43|0x0000000085d00000, 0x0000000085e00000, 0x0000000085e00000|100%| O|  |TAMS 0x0000000085d00000, 0x0000000085d00000| Untracked 
|  44|0x0000000085e00000, 0x0000000085f00000, 0x0000000085f00000|100%| O|  |TAMS 0x0000000085e00000, 0x0000000085e00000| Untracked 
|  45|0x0000000085f00000, 0x0000000085f00000, 0x0000000086000000|  0%| F|  |TAMS 0x0000000085f00000, 0x0000000085f00000| Untracked 
|  46|0x0000000086000000, 0x0000000086000000, 0x0000000086100000|  0%| F|  |TAMS 0x0000000086000000, 0x0000000086000000| Untracked 
|  47|0x0000000086100000, 0x0000000086100000, 0x0000000086200000|  0%| F|  |TAMS 0x0000000086100000, 0x0000000086100000| Untracked 
|  48|0x0000000086200000, 0x0000000086200000, 0x0000000086300000|  0%| F|  |TAMS 0x0000000086200000, 0x0000000086200000| Untracked 
|  49|0x0000000086300000, 0x0000000086300000, 0x0000000086400000|  0%| F|  |TAMS 0x0000000086300000, 0x0000000086300000| Untracked 
|  50|0x0000000086400000, 0x0000000086400000, 0x0000000086500000|  0%| F|  |TAMS 0x0000000086400000, 0x0000000086400000| Untracked 
|  51|0x0000000086500000, 0x0000000086500000, 0x0000000086600000|  0%| F|  |TAMS 0x0000000086500000, 0x0000000086500000| Untracked 
|  52|0x0000000086600000, 0x0000000086600000, 0x0000000086700000|  0%| F|  |TAMS 0x0000000086600000, 0x0000000086600000| Untracked 
|  53|0x0000000086700000, 0x0000000086700000, 0x0000000086800000|  0%| F|  |TAMS 0x0000000086700000, 0x0000000086700000| Untracked 
|  54|0x0000000086800000, 0x0000000086800000, 0x0000000086900000|  0%| F|  |TAMS 0x0000000086800000, 0x0000000086800000| Untracked 
|  55|0x0000000086900000, 0x0000000086900000, 0x0000000086a00000|  0%| F|  |TAMS 0x0000000086900000, 0x0000000086900000| Untracked 
|  56|0x0000000086a00000, 0x0000000086a00000, 0x0000000086b00000|  0%| F|  |TAMS 0x0000000086a00000, 0x0000000086a00000| Untracked 
|  57|0x0000000086b00000, 0x0000000086b00000, 0x0000000086c00000|  0%| F|  |TAMS 0x0000000086b00000, 0x0000000086b00000| Untracked 
|  58|0x0000000086c00000, 0x0000000086c00000, 0x0000000086d00000|  0%| F|  |TAMS 0x0000000086c00000, 0x0000000086c00000| Untracked 
|  59|0x0000000086d00000, 0x0000000086d00000, 0x0000000086e00000|  0%| F|  |TAMS 0x0000000086d00000, 0x0000000086d00000| Untracked 
|  60|0x0000000086e00000, 0x0000000086e00000, 0x0000000086f00000|  0%| F|  |TAMS 0x0000000086e00000, 0x0000000086e00000| Untracked 
|  61|0x0000000086f00000, 0x0000000086f00000, 0x0000000087000000|  0%| F|  |TAMS 0x0000000086f00000, 0x0000000086f00000| Untracked 
|  62|0x0000000087000000, 0x0000000087000000, 0x0000000087100000|  0%| F|  |TAMS 0x0000000087000000, 0x0000000087000000| Untracked 
|  63|0x0000000087100000, 0x0000000087100000, 0x0000000087200000|  0%| F|  |TAMS 0x0000000087100000, 0x0000000087100000| Untracked 
|  64|0x0000000087200000, 0x0000000087200000, 0x0000000087300000|  0%| F|  |TAMS 0x0000000087200000, 0x0000000087200000| Untracked 
|  65|0x0000000087300000, 0x0000000087300000, 0x0000000087400000|  0%| F|  |TAMS 0x0000000087300000, 0x0000000087300000| Untracked 
|  66|0x0000000087400000, 0x0000000087400000, 0x0000000087500000|  0%| F|  |TAMS 0x0000000087400000, 0x0000000087400000| Untracked 
|  67|0x0000000087500000, 0x0000000087500000, 0x0000000087600000|  0%| F|  |TAMS 0x0000000087500000, 0x0000000087500000| Untracked 
|  68|0x0000000087600000, 0x0000000087600000, 0x0000000087700000|  0%| F|  |TAMS 0x0000000087600000, 0x0000000087600000| Untracked 
|  69|0x0000000087700000, 0x0000000087700000, 0x0000000087800000|  0%| F|  |TAMS 0x0000000087700000, 0x0000000087700000| Untracked 
|  70|0x0000000087800000, 0x0000000087800000, 0x0000000087900000|  0%| F|  |TAMS 0x0000000087800000, 0x0000000087800000| Untracked 
|  71|0x0000000087900000, 0x0000000087900000, 0x0000000087a00000|  0%| F|  |TAMS 0x0000000087900000, 0x0000000087900000| Untracked 
|  72|0x0000000087a00000, 0x0000000087a00000, 0x0000000087b00000|  0%| F|  |TAMS 0x0000000087a00000, 0x0000000087a00000| Untracked 
|  73|0x0000000087b00000, 0x0000000087b00000, 0x0000000087c00000|  0%| F|  |TAMS 0x0000000087b00000, 0x0000000087b00000| Untracked 
|  74|0x0000000087c00000, 0x0000000087c00000, 0x0000000087d00000|  0%| F|  |TAMS 0x0000000087c00000, 0x0000000087c00000| Untracked 
|  75|0x0000000087d00000, 0x0000000087d00000, 0x0000000087e00000|  0%| F|  |TAMS 0x0000000087d00000, 0x0000000087d00000| Untracked 
|  76|0x0000000087e00000, 0x0000000087e00000, 0x0000000087f00000|  0%| F|  |TAMS 0x0000000087e00000, 0x0000000087e00000| Untracked 
|  77|0x0000000087f00000, 0x0000000087f00000, 0x0000000088000000|  0%| F|  |TAMS 0x0000000087f00000, 0x0000000087f00000| Untracked 
|  78|0x0000000088000000, 0x0000000088000000, 0x0000000088100000|  0%| F|  |TAMS 0x0000000088000000, 0x0000000088000000| Untracked 
|  79|0x0000000088100000, 0x0000000088100000, 0x0000000088200000|  0%| F|  |TAMS 0x0000000088100000, 0x0000000088100000| Untracked 
|  80|0x0000000088200000, 0x0000000088200000, 0x0000000088300000|  0%| F|  |TAMS 0x0000000088200000, 0x0000000088200000| Untracked 
|  81|0x0000000088300000, 0x0000000088300000, 0x0000000088400000|  0%| F|  |TAMS 0x0000000088300000, 0x0000000088300000| Untracked 
|  82|0x0000000088400000, 0x0000000088500000, 0x0000000088500000|100%| S|CS|TAMS 0x0000000088400000, 0x0000000088400000| Complete 
|  83|0x0000000088500000, 0x0000000088600000, 0x0000000088600000|100%| S|CS|TAMS 0x0000000088500000, 0x0000000088500000| Complete 
|  84|0x0000000088600000, 0x0000000088700000, 0x0000000088700000|100%| S|CS|TAMS 0x0000000088600000, 0x0000000088600000| Complete 
|  85|0x0000000088700000, 0x0000000088700000, 0x0000000088800000|  0%| F|  |TAMS 0x0000000088700000, 0x0000000088700000| Untracked 
|  86|0x0000000088800000, 0x0000000088800000, 0x0000000088900000|  0%| F|  |TAMS 0x0000000088800000, 0x0000000088800000| Untracked 
|  87|0x0000000088900000, 0x0000000088900000, 0x0000000088a00000|  0%| F|  |TAMS 0x0000000088900000, 0x0000000088900000| Untracked 
|  88|0x0000000088a00000, 0x0000000088a00000, 0x0000000088b00000|  0%| F|  |TAMS 0x0000000088a00000, 0x0000000088a00000| Untracked 
|  89|0x0000000088b00000, 0x0000000088b00000, 0x0000000088c00000|  0%| F|  |TAMS 0x0000000088b00000, 0x0000000088b00000| Untracked 
|  90|0x0000000088c00000, 0x0000000088c00000, 0x0000000088d00000|  0%| F|  |TAMS 0x0000000088c00000, 0x0000000088c00000| Untracked 
|  91|0x0000000088d00000, 0x0000000088d00000, 0x0000000088e00000|  0%| F|  |TAMS 0x0000000088d00000, 0x0000000088d00000| Untracked 
|  92|0x0000000088e00000, 0x0000000088e00000, 0x0000000088f00000|  0%| F|  |TAMS 0x0000000088e00000, 0x0000000088e00000| Untracked 
|  93|0x0000000088f00000, 0x0000000088f00000, 0x0000000089000000|  0%| F|  |TAMS 0x0000000088f00000, 0x0000000088f00000| Untracked 
|  94|0x0000000089000000, 0x0000000089000000, 0x0000000089100000|  0%| F|  |TAMS 0x0000000089000000, 0x0000000089000000| Untracked 
|  95|0x0000000089100000, 0x0000000089100000, 0x0000000089200000|  0%| F|  |TAMS 0x0000000089100000, 0x0000000089100000| Untracked 
|  96|0x0000000089200000, 0x0000000089200000, 0x0000000089300000|  0%| F|  |TAMS 0x0000000089200000, 0x0000000089200000| Untracked 
|  97|0x0000000089300000, 0x0000000089300000, 0x0000000089400000|  0%| F|  |TAMS 0x0000000089300000, 0x0000000089300000| Untracked 
|  98|0x0000000089400000, 0x0000000089400000, 0x0000000089500000|  0%| F|  |TAMS 0x0000000089400000, 0x0000000089400000| Untracked 
|  99|0x0000000089500000, 0x0000000089500000, 0x0000000089600000|  0%| F|  |TAMS 0x0000000089500000, 0x0000000089500000| Untracked 
| 100|0x0000000089600000, 0x0000000089600000, 0x0000000089700000|  0%| F|  |TAMS 0x0000000089600000, 0x0000000089600000| Untracked 
| 101|0x0000000089700000, 0x0000000089700000, 0x0000000089800000|  0%| F|  |TAMS 0x0000000089700000, 0x0000000089700000| Untracked 
| 102|0x0000000089800000, 0x0000000089800000, 0x0000000089900000|  0%| F|  |TAMS 0x0000000089800000, 0x0000000089800000| Untracked 
| 103|0x0000000089900000, 0x0000000089900000, 0x0000000089a00000|  0%| F|  |TAMS 0x0000000089900000, 0x0000000089900000| Untracked 
| 104|0x0000000089a00000, 0x0000000089a00000, 0x0000000089b00000|  0%| F|  |TAMS 0x0000000089a00000, 0x0000000089a00000| Untracked 
| 105|0x0000000089b00000, 0x0000000089b00000, 0x0000000089c00000|  0%| F|  |TAMS 0x0000000089b00000, 0x0000000089b00000| Untracked 
| 106|0x0000000089c00000, 0x0000000089c00000, 0x0000000089d00000|  0%| F|  |TAMS 0x0000000089c00000, 0x0000000089c00000| Untracked 
| 107|0x0000000089d00000, 0x0000000089d00000, 0x0000000089e00000|  0%| F|  |TAMS 0x0000000089d00000, 0x0000000089d00000| Untracked 
| 108|0x0000000089e00000, 0x0000000089e00000, 0x0000000089f00000|  0%| F|  |TAMS 0x0000000089e00000, 0x0000000089e00000| Untracked 
| 109|0x0000000089f00000, 0x0000000089f00000, 0x000000008a000000|  0%| F|  |TAMS 0x0000000089f00000, 0x0000000089f00000| Untracked 
| 110|0x000000008a000000, 0x000000008a000000, 0x000000008a100000|  0%| F|  |TAMS 0x000000008a000000, 0x000000008a000000| Untracked 
| 111|0x000000008a100000, 0x000000008a100000, 0x000000008a200000|  0%| F|  |TAMS 0x000000008a100000, 0x000000008a100000| Untracked 
| 112|0x000000008a200000, 0x000000008a200000, 0x000000008a300000|  0%| F|  |TAMS 0x000000008a200000, 0x000000008a200000| Untracked 
| 113|0x000000008a300000, 0x000000008a300000, 0x000000008a400000|  0%| F|  |TAMS 0x000000008a300000, 0x000000008a300000| Untracked 
| 114|0x000000008a400000, 0x000000008a400000, 0x000000008a500000|  0%| F|  |TAMS 0x000000008a400000, 0x000000008a400000| Untracked 
| 115|0x000000008a500000, 0x000000008a500000, 0x000000008a600000|  0%| F|  |TAMS 0x000000008a500000, 0x000000008a500000| Untracked 
| 116|0x000000008a600000, 0x000000008a600000, 0x000000008a700000|  0%| F|  |TAMS 0x000000008a600000, 0x000000008a600000| Untracked 
| 117|0x000000008a700000, 0x000000008a700000, 0x000000008a800000|  0%| F|  |TAMS 0x000000008a700000, 0x000000008a700000| Untracked 
| 118|0x000000008a800000, 0x000000008a800000, 0x000000008a900000|  0%| F|  |TAMS 0x000000008a800000, 0x000000008a800000| Untracked 
| 119|0x000000008a900000, 0x000000008a900000, 0x000000008aa00000|  0%| F|  |TAMS 0x000000008a900000, 0x000000008a900000| Untracked 
| 120|0x000000008aa00000, 0x000000008aa00000, 0x000000008ab00000|  0%| F|  |TAMS 0x000000008aa00000, 0x000000008aa00000| Untracked 
| 121|0x000000008ab00000, 0x000000008ab00000, 0x000000008ac00000|  0%| F|  |TAMS 0x000000008ab00000, 0x000000008ab00000| Untracked 
| 122|0x000000008ac00000, 0x000000008ac00000, 0x000000008ad00000|  0%| F|  |TAMS 0x000000008ac00000, 0x000000008ac00000| Untracked 
| 123|0x000000008ad00000, 0x000000008ad00000, 0x000000008ae00000|  0%| F|  |TAMS 0x000000008ad00000, 0x000000008ad00000| Untracked 
| 124|0x000000008ae00000, 0x000000008ae00000, 0x000000008af00000|  0%| F|  |TAMS 0x000000008ae00000, 0x000000008ae00000| Untracked 
| 125|0x000000008af00000, 0x000000008af00000, 0x000000008b000000|  0%| F|  |TAMS 0x000000008af00000, 0x000000008af00000| Untracked 

Card table byte_map: [0x000001f5149f0000,0x000001f514de0000] _byte_map_base: 0x000001f5145d7000

Marking Bits (Prev, Next): (CMBitMap*) 0x000001f509a6b740, (CMBitMap*) 0x000001f509a6b780
 Prev Bits: [0x000001f5151d0000, 0x000001f517108000)
 Next Bits: [0x000001f517110000, 0x000001f519048000)

Polling page: 0x000001f507920000

Metaspace:

Usage:
  Non-class:     25.59 MB used.
      Class:      3.84 MB used.
       Both:     29.43 MB used.

Virtual space:
  Non-class space:       32.00 MB reserved,      25.75 MB ( 80%) committed,  4 nodes.
      Class space:        1.00 GB reserved,       4.00 MB ( <1%) committed,  1 nodes.
             Both:        1.03 GB reserved,      29.75 MB (  3%) committed. 

Chunk freelists:
   Non-Class:  1.95 MB
       Class:  3.98 MB
        Both:  5.94 MB

MaxMetaspaceSize: unlimited
CompressedClassSpaceSize: 1.00 GB
Initial GC threshold: 21.00 MB
Current GC threshold: 49.62 MB
CDS: on
MetaspaceReclaimPolicy: balanced
 - commit_granule_bytes: 65536.
 - commit_granule_words: 8192.
 - virtual_space_node_default_size: 1048576.
 - enlarge_chunks_in_place: 1.
 - new_chunks_are_fully_committed: 0.
 - uncommit_free_chunks: 1.
 - use_allocation_guard: 0.
 - handle_deallocations: 1.


Internal statistics:

num_allocs_failed_limit: 3.
num_arena_births: 338.
num_arena_deaths: 0.
num_vsnodes_births: 5.
num_vsnodes_deaths: 0.
num_space_committed: 476.
num_space_uncommitted: 0.
num_chunks_returned_to_freelist: 3.
num_chunks_taken_from_freelist: 1418.
num_chunk_merges: 0.
num_chunk_splits: 977.
num_chunks_enlarged: 759.
num_purges: 0.
num_inconsistent_stats: 0.

CodeCache: size=49152Kb used=8847Kb max_used=8847Kb free=40304Kb
 bounds [0x000001f5114e0000, 0x000001f511d90000, 0x000001f5144e0000]
 total_blobs=4135 nmethods=3610 adapters=449
 compilation: enabled
              stopped_count=0, restarted_count=0
 full_count=0

Compilation events (20 events):
Event: 7.165 Thread 0x000001f51bb15b80 3602       1       sun.nio.fs.WindowsPath::relativize (391 bytes)
Event: 7.165 Thread 0x000001f51c656c70 3601       1       sun.nio.fs.WindowsPath::relativize (6 bytes)
Event: 7.165 Thread 0x000001f51bae1440 3603       1       java.util.LinkedHashMap::<init> (16 bytes)
Event: 7.166 Thread 0x000001f51c656c70 nmethod 3601 0x000001f511d7e990 code [0x000001f511d7eb20, 0x000001f511d7ec08]
Event: 7.166 Thread 0x000001f51bae1440 nmethod 3603 0x000001f511d7ec90 code [0x000001f511d7ee20, 0x000001f511d7ef08]
Event: 7.166 Thread 0x000001f51c657180 3604       1       java.util.jar.Attributes::clone (9 bytes)
Event: 7.166 Thread 0x000001f51c656c70 3605       1       java.util.jar.Attributes::<init> (17 bytes)
Event: 7.166 Thread 0x000001f51c657180 nmethod 3604 0x000001f511d7ef90 code [0x000001f511d7f140, 0x000001f511d7f368]
Event: 7.167 Thread 0x000001f51c656c70 nmethod 3605 0x000001f511d7f490 code [0x000001f511d7f620, 0x000001f511d7f7e8]
Event: 7.167 Thread 0x000001f51c656c70 3606       1       sun.nio.fs.WindowsPath::subpath (133 bytes)
Event: 7.168 Thread 0x000001f51c657180 3607       1       java.io.File::lastModified (33 bytes)
Event: 7.168 Thread 0x000001f51c656c70 nmethod 3606 0x000001f511d7f890 code [0x000001f511d7fae0, 0x000001f511d803a8]
Event: 7.168 Thread 0x000001f51c657180 nmethod 3607 0x000001f511d80710 code [0x000001f511d808c0, 0x000001f511d80a68]
Event: 7.169 Thread 0x000001f51c656c70 3608       1       java.nio.file.Path::toFile (36 bytes)
Event: 7.169 Thread 0x000001f51bb15b80 nmethod 3602 0x000001f511d80b10 code [0x000001f511d80f40, 0x000001f511d82538]
Event: 7.170 Thread 0x000001f51c656c70 nmethod 3608 0x000001f511d83310 code [0x000001f511d834e0, 0x000001f511d837a8]
Event: 7.173 Thread 0x000001f51c657180 3609       1       sun.nio.fs.WindowsFileAttributes::size (5 bytes)
Event: 7.173 Thread 0x000001f51c656c70 3610       1       io.github.classgraph.ClasspathElementDir::access$000 (5 bytes)
Event: 7.173 Thread 0x000001f51c657180 nmethod 3609 0x000001f511d83990 code [0x000001f511d83b20, 0x000001f511d83bf8]
Event: 7.173 Thread 0x000001f51c656c70 nmethod 3610 0x000001f511d83c90 code [0x000001f511d83e20, 0x000001f511d83ed8]

GC Heap History (20 events):
Event: 2.669 GC heap after
{Heap after GC invocations=2 (full 0):
 garbage-first heap   total 129024K, used 10846K [0x0000000083200000, 0x0000000100000000)
  region size 1024K, 3 young (3072K), 3 survivors (3072K)
 Metaspace       used 9669K, committed 9856K, reserved 1064960K
  class space    used 1319K, committed 1408K, reserved 1048576K
}
Event: 4.711 GC heap before
{Heap before GC invocations=2 (full 0):
 garbage-first heap   total 129024K, used 75358K [0x0000000083200000, 0x0000000100000000)
  region size 1024K, 68 young (69632K), 3 survivors (3072K)
 Metaspace       used 21233K, committed 21504K, reserved 1073152K
  class space    used 2788K, committed 2944K, reserved 1048576K
}
Event: 4.724 GC heap after
{Heap after GC invocations=3 (full 0):
 garbage-first heap   total 129024K, used 15749K [0x0000000083200000, 0x0000000100000000)
  region size 1024K, 8 young (8192K), 8 survivors (8192K)
 Metaspace       used 21233K, committed 21504K, reserved 1073152K
  class space    used 2788K, committed 2944K, reserved 1048576K
}
Event: 6.116 GC heap before
{Heap before GC invocations=4 (full 0):
 garbage-first heap   total 58368K, used 41349K [0x0000000083200000, 0x0000000100000000)
  region size 1024K, 34 young (34816K), 8 survivors (8192K)
 Metaspace       used 26298K, committed 26624K, reserved 1073152K
  class space    used 3510K, committed 3648K, reserved 1048576K
}
Event: 6.127 GC heap after
{Heap after GC invocations=5 (full 0):
 garbage-first heap   total 58368K, used 17571K [0x0000000083200000, 0x0000000100000000)
  region size 1024K, 3 young (3072K), 3 survivors (3072K)
 Metaspace       used 26298K, committed 26624K, reserved 1073152K
  class space    used 3510K, committed 3648K, reserved 1048576K
}
Event: 6.390 GC heap before
{Heap before GC invocations=5 (full 0):
 garbage-first heap   total 58368K, used 37027K [0x0000000083200000, 0x0000000100000000)
  region size 1024K, 23 young (23552K), 3 survivors (3072K)
 Metaspace       used 27657K, committed 27968K, reserved 1073152K
  class space    used 3740K, committed 3904K, reserved 1048576K
}
Event: 6.398 GC heap after
{Heap after GC invocations=6 (full 0):
 garbage-first heap   total 58368K, used 21104K [0x0000000083200000, 0x0000000100000000)
  region size 1024K, 3 young (3072K), 3 survivors (3072K)
 Metaspace       used 27657K, committed 27968K, reserved 1073152K
  class space    used 3740K, committed 3904K, reserved 1048576K
}
Event: 6.529 GC heap before
{Heap before GC invocations=6 (full 0):
 garbage-first heap   total 58368K, used 38512K [0x0000000083200000, 0x0000000100000000)
  region size 1024K, 21 young (21504K), 3 survivors (3072K)
 Metaspace       used 28058K, committed 28416K, reserved 1081344K
  class space    used 3779K, committed 3968K, reserved 1048576K
}
Event: 6.534 GC heap after
{Heap after GC invocations=7 (full 0):
 garbage-first heap   total 58368K, used 24947K [0x0000000083200000, 0x0000000100000000)
  region size 1024K, 3 young (3072K), 3 survivors (3072K)
 Metaspace       used 28058K, committed 28416K, reserved 1081344K
  class space    used 3779K, committed 3968K, reserved 1048576K
}
Event: 6.655 GC heap before
{Heap before GC invocations=7 (full 0):
 garbage-first heap   total 58368K, used 40307K [0x0000000083200000, 0x0000000100000000)
  region size 1024K, 19 young (19456K), 3 survivors (3072K)
 Metaspace       used 28471K, committed 28800K, reserved 1081344K
  class space    used 3812K, committed 3968K, reserved 1048576K
}
Event: 6.663 GC heap after
{Heap after GC invocations=8 (full 0):
 garbage-first heap   total 58368K, used 27997K [0x0000000083200000, 0x0000000100000000)
  region size 1024K, 3 young (3072K), 3 survivors (3072K)
 Metaspace       used 28471K, committed 28800K, reserved 1081344K
  class space    used 3812K, committed 3968K, reserved 1048576K
}
Event: 6.764 GC heap before
{Heap before GC invocations=8 (full 0):
 garbage-first heap   total 58368K, used 41309K [0x0000000083200000, 0x0000000100000000)
  region size 1024K, 17 young (17408K), 3 survivors (3072K)
 Metaspace       used 28796K, committed 29056K, reserved 1081344K
  class space    used 3839K, committed 3968K, reserved 1048576K
}
Event: 6.769 GC heap after
{Heap after GC invocations=9 (full 0):
 garbage-first heap   total 76800K, used 30574K [0x0000000083200000, 0x0000000100000000)
  region size 1024K, 3 young (3072K), 3 survivors (3072K)
 Metaspace       used 28796K, committed 29056K, reserved 1081344K
  class space    used 3839K, committed 3968K, reserved 1048576K
}
Event: 6.912 GC heap before
{Heap before GC invocations=9 (full 0):
 garbage-first heap   total 76800K, used 53102K [0x0000000083200000, 0x0000000100000000)
  region size 1024K, 26 young (26624K), 3 survivors (3072K)
 Metaspace       used 29382K, committed 29760K, reserved 1081344K
  class space    used 3891K, committed 4032K, reserved 1048576K
}
Event: 6.918 GC heap after
{Heap after GC invocations=10 (full 0):
 garbage-first heap   total 76800K, used 34594K [0x0000000083200000, 0x0000000100000000)
  region size 1024K, 4 young (4096K), 4 survivors (4096K)
 Metaspace       used 29382K, committed 29760K, reserved 1081344K
  class space    used 3891K, committed 4032K, reserved 1048576K
}
Event: 6.988 GC heap before
{Heap before GC invocations=10 (full 0):
 garbage-first heap   total 76800K, used 56098K [0x0000000083200000, 0x0000000100000000)
  region size 1024K, 26 young (26624K), 4 survivors (4096K)
 Metaspace       used 29696K, committed 30016K, reserved 1081344K
  class space    used 3898K, committed 4032K, reserved 1048576K
}
Event: 6.998 GC heap after
{Heap after GC invocations=11 (full 0):
 garbage-first heap   total 76800K, used 41451K [0x0000000083200000, 0x0000000100000000)
  region size 1024K, 4 young (4096K), 4 survivors (4096K)
 Metaspace       used 29696K, committed 30016K, reserved 1081344K
  class space    used 3898K, committed 4032K, reserved 1048576K
}
Event: 7.072 GC heap before
{Heap before GC invocations=11 (full 0):
 garbage-first heap   total 76800K, used 57835K [0x0000000083200000, 0x0000000100000000)
  region size 1024K, 20 young (20480K), 4 survivors (4096K)
 Metaspace       used 30097K, committed 30464K, reserved 1081344K
  class space    used 3920K, committed 4096K, reserved 1048576K
}
Event: 7.080 GC heap after
{Heap after GC invocations=12 (full 0):
 garbage-first heap   total 76800K, used 44762K [0x0000000083200000, 0x0000000100000000)
  region size 1024K, 3 young (3072K), 3 survivors (3072K)
 Metaspace       used 30097K, committed 30464K, reserved 1081344K
  class space    used 3920K, committed 4096K, reserved 1048576K
}
Event: 7.177 GC heap before
{Heap before GC invocations=12 (full 0):
 garbage-first heap   total 92160K, used 58074K [0x0000000083200000, 0x0000000100000000)
  region size 1024K, 17 young (17408K), 3 survivors (3072K)
 Metaspace       used 30133K, committed 30464K, reserved 1081344K
  class space    used 3928K, committed 4096K, reserved 1048576K
}

Dll operation events (9 events):
Event: 0.019 Loaded shared library C:\Program Files\Eclipse Adoptium\jdk-17.0.5.8-hotspot\bin\java.dll
Event: 0.039 Loaded shared library C:\Program Files\Eclipse Adoptium\jdk-17.0.5.8-hotspot\bin\jsvml.dll
Event: 0.229 Loaded shared library C:\Program Files\Eclipse Adoptium\jdk-17.0.5.8-hotspot\bin\net.dll
Event: 0.234 Loaded shared library C:\Program Files\Eclipse Adoptium\jdk-17.0.5.8-hotspot\bin\nio.dll
Event: 0.242 Loaded shared library C:\Program Files\Eclipse Adoptium\jdk-17.0.5.8-hotspot\bin\zip.dll
Event: 0.621 Loaded shared library C:\Program Files\Eclipse Adoptium\jdk-17.0.5.8-hotspot\bin\verify.dll
Event: 0.634 Loaded shared library C:\Program Files\Eclipse Adoptium\jdk-17.0.5.8-hotspot\bin\jimage.dll
Event: 2.524 Loaded shared library C:\Program Files\Eclipse Adoptium\jdk-17.0.5.8-hotspot\bin\management.dll
Event: 2.528 Loaded shared library C:\Program Files\Eclipse Adoptium\jdk-17.0.5.8-hotspot\bin\management_ext.dll

Deoptimization events (10 events):
Event: 3.012 Thread 0x000001f5078ee4e0 DEOPT PACKING pc=0x000001f511a3f999 sp=0x00000009423fd3a0
Event: 3.012 Thread 0x000001f5078ee4e0 DEOPT UNPACKING pc=0x000001f5115366e3 sp=0x00000009423fc880 mode 3
Event: 6.065 Thread 0x000001f51cc5a5b0 DEOPT PACKING pc=0x000001f511c679b5 sp=0x00000009445fe4b0
Event: 6.065 Thread 0x000001f51cc5a5b0 DEOPT UNPACKING pc=0x000001f5115366e3 sp=0x00000009445fd9c8 mode 3
Event: 6.243 Thread 0x000001f51cc5a5b0 DEOPT PACKING pc=0x000001f511c7dcfb sp=0x00000009445fe380
Event: 6.243 Thread 0x000001f51cc5a5b0 DEOPT UNPACKING pc=0x000001f5115366e3 sp=0x00000009445fd8c8 mode 3
Event: 6.380 Thread 0x000001f51df4a7f0 DEOPT PACKING pc=0x000001f511a3d281 sp=0x00000009443fdc20
Event: 6.380 Thread 0x000001f51df4a7f0 DEOPT UNPACKING pc=0x000001f5115366e3 sp=0x00000009443fd0b0 mode 3
Event: 6.954 Thread 0x000001f51cdb1d00 DEOPT PACKING pc=0x000001f511a3b497 sp=0x0000000944afec60
Event: 6.954 Thread 0x000001f51cdb1d00 DEOPT UNPACKING pc=0x000001f5115366e3 sp=0x0000000944afe0b8 mode 3

Classes unloaded (0 events):
No events

Classes redefined (0 events):
No events

Internal exceptions (20 events):
Event: 6.319 Thread 0x000001f51cdb2b70 Exception <a 'sun/nio/fs/WindowsException'{0x000000008666c398}> (0x000000008666c398) 
thrown [s\src\hotspot\share\prims\jni.cpp, line 516]
Event: 6.319 Thread 0x000001f51cdb2b70 Exception <a 'sun/nio/fs/WindowsException'{0x000000008666c7a8}> (0x000000008666c7a8) 
thrown [s\src\hotspot\share\prims\jni.cpp, line 516]
Event: 6.319 Thread 0x000001f51cdb2b70 Exception <a 'sun/nio/fs/WindowsException'{0x000000008666d1d0}> (0x000000008666d1d0) 
thrown [s\src\hotspot\share\prims\jni.cpp, line 516]
Event: 6.320 Thread 0x000001f51cdb2b70 Exception <a 'sun/nio/fs/WindowsException'{0x000000008666d5b0}> (0x000000008666d5b0) 
thrown [s\src\hotspot\share\prims\jni.cpp, line 516]
Event: 6.320 Thread 0x000001f51cdb2b70 Exception <a 'sun/nio/fs/WindowsException'{0x000000008666dfa0}> (0x000000008666dfa0) 
thrown [s\src\hotspot\share\prims\jni.cpp, line 516]
Event: 6.320 Thread 0x000001f51cdb2b70 Exception <a 'sun/nio/fs/WindowsException'{0x000000008666e348}> (0x000000008666e348) 
thrown [s\src\hotspot\share\prims\jni.cpp, line 516]
Event: 6.320 Thread 0x000001f51cdb2b70 Exception <a 'sun/nio/fs/WindowsException'{0x000000008666ed48}> (0x000000008666ed48) 
thrown [s\src\hotspot\share\prims\jni.cpp, line 516]
Event: 6.323 Thread 0x000001f51cdb2b70 Exception <a 'sun/nio/fs/WindowsException'{0x000000008666f108}> (0x000000008666f108) 
thrown [s\src\hotspot\share\prims\jni.cpp, line 516]
Event: 6.323 Thread 0x000001f51cdb2b70 Exception <a 'sun/nio/fs/WindowsException'{0x000000008666fb08}> (0x000000008666fb08) 
thrown [s\src\hotspot\share\prims\jni.cpp, line 516]
Event: 6.323 Thread 0x000001f51cdb2b70 Exception <a 'sun/nio/fs/WindowsException'{0x0000000086565908}> (0x0000000086565908) 
thrown [s\src\hotspot\share\prims\jni.cpp, line 516]
Event: 6.324 Thread 0x000001f51cdb2b70 Exception <a 'sun/nio/fs/WindowsException'{0x0000000086566308}> (0x0000000086566308) 
thrown [s\src\hotspot\share\prims\jni.cpp, line 516]
Event: 6.324 Thread 0x000001f51cdb2b70 Exception <a 'sun/nio/fs/WindowsException'{0x00000000865666c8}> (0x00000000865666c8) 
thrown [s\src\hotspot\share\prims\jni.cpp, line 516]
Event: 6.324 Thread 0x000001f51cdb2b70 Exception <a 'sun/nio/fs/WindowsException'{0x00000000865670f0}> (0x00000000865670f0) 
thrown [s\src\hotspot\share\prims\jni.cpp, line 516]
Event: 6.324 Thread 0x000001f51cdb2b70 Exception <a 'sun/nio/fs/WindowsException'{0x00000000865674d0}> (0x00000000865674d0) 
thrown [s\src\hotspot\share\prims\jni.cpp, line 516]
Event: 6.325 Thread 0x000001f51cdb2b70 Exception <a 'sun/nio/fs/WindowsException'{0x0000000086567f08}> (0x0000000086567f08) 
thrown [s\src\hotspot\share\prims\jni.cpp, line 516]
Event: 6.325 Thread 0x000001f51cdb2b70 Exception <a 'sun/nio/fs/WindowsException'{0x00000000865682f8}> (0x00000000865682f8) 
thrown [s\src\hotspot\share\prims\jni.cpp, line 516]
Event: 6.325 Thread 0x000001f51cdb2b70 Exception <a 'sun/nio/fs/WindowsException'{0x0000000086568d20}> (0x0000000086568d20) 
thrown [s\src\hotspot\share\prims\jni.cpp, line 516]
Event: 6.325 Thread 0x000001f51cdb2b70 Exception <a 'sun/nio/fs/WindowsException'{0x0000000086569110}> (0x0000000086569110) 
thrown [s\src\hotspot\share\prims\jni.cpp, line 516]
Event: 6.342 Thread 0x000001f51cc590c0 Exception <a 'java/lang/NoSuchMethodError'{0x00000000861e0c88}: 'int java.lang.invoke.DirectMethodHandle$Holder.invokeStatic(java.lang.Object)'> (0x00000000861e0c88) 
thrown [s\src\hotspot\share\interpreter\linkResolver.cpp, line 759]
Event: 6.343 Thread 0x000001f51cc590c0 Exception <a 'java/lang/NoSuchMethodError'{0x00000000861e4330}: 'int java.lang.invoke.DirectMethodHandle$Holder.invokeStaticInit(java.lang.Object)'> (0x00000000861e4330) 
thrown [s\src\hotspot\share\interpreter\linkResolver.cpp, line 759]

VM Operations (20 events):
Event: 6.400 Executing VM operation: G1CollectForAllocation done
Event: 6.529 Executing VM operation: G1CollectForAllocation
Event: 6.536 Executing VM operation: G1CollectForAllocation done
Event: 6.621 Executing VM operation: HandshakeAllThreads
Event: 6.621 Executing VM operation: HandshakeAllThreads done
Event: 6.654 Executing VM operation: G1CollectForAllocation
Event: 6.663 Executing VM operation: G1CollectForAllocation done
Event: 6.763 Executing VM operation: G1CollectForAllocation
Event: 6.770 Executing VM operation: G1CollectForAllocation done
Event: 6.912 Executing VM operation: G1CollectForAllocation
Event: 6.918 Executing VM operation: G1CollectForAllocation done
Event: 6.927 Executing VM operation: HandshakeAllThreads
Event: 6.928 Executing VM operation: HandshakeAllThreads done
Event: 6.988 Executing VM operation: G1CollectForAllocation
Event: 6.998 Executing VM operation: G1CollectForAllocation done
Event: 7.072 Executing VM operation: G1CollectForAllocation
Event: 7.080 Executing VM operation: G1CollectForAllocation done
Event: 7.142 Executing VM operation: G1Concurrent
Event: 7.151 Executing VM operation: G1Concurrent done
Event: 7.176 Executing VM operation: G1CollectForAllocation

Events (20 events):
Event: 7.122 loading class java/util/ResourceBundle$ResourceBundleControlProviderHolder
Event: 7.122 loading class java/util/ResourceBundle$ResourceBundleControlProviderHolder done
Event: 7.123 loading class java/util/spi/ResourceBundleControlProvider
Event: 7.123 loading class java/util/spi/ResourceBundleControlProvider done
Event: 7.123 loading class java/util/ServiceLoader$ProviderSpliterator
Event: 7.123 loading class java/util/ServiceLoader$ProviderSpliterator done
Event: 7.124 loading class java/util/ImmutableCollections$Access
Event: 7.124 loading class java/util/ImmutableCollections$Access done
Event: 7.124 loading class java/util/ImmutableCollections$Access$1
Event: 7.124 loading class jdk/internal/access/JavaUtilCollectionAccess
Event: 7.124 loading class jdk/internal/access/JavaUtilCollectionAccess done
Event: 7.124 loading class java/util/ImmutableCollections$Access$1 done
Event: 7.127 loading class java/util/ResourceBundle$CacheKey
Event: 7.127 loading class java/util/ResourceBundle$CacheKey done
Event: 7.128 loading class java/util/ResourceBundle$KeyElementReference
Event: 7.128 loading class java/util/ResourceBundle$CacheKeyReference
Event: 7.128 loading class java/util/ResourceBundle$CacheKeyReference done
Event: 7.128 loading class java/util/ResourceBundle$KeyElementReference done
Event: 7.129 loading class java/util/ResourceBundle$Control$2
Event: 7.130 loading class java/util/ResourceBundle$Control$2 done


Dynamic libraries:
0x00007ff7c0150000 - 0x00007ff7c015e000 	C:\Program Files\Eclipse Adoptium\jdk-17.0.5.8-hotspot\bin\java.exe
0x00007ffbacf50000 - 0x00007ffbad16a000 	C:\WINDOWS\SYSTEM32\ntdll.dll
0x00007ffbab960000 - 0x00007ffbaba23000 	C:\WINDOWS\System32\KERNEL32.DLL
0x00007ffbaa7b0000 - 0x00007ffbaab4c000 	C:\WINDOWS\System32\KERNELBASE.dll
0x00007ffba7310000 - 0x00007ffba73a6000 	C:\WINDOWS\SYSTEM32\apphelp.dll
0x00007ffbaa690000 - 0x00007ffbaa7ab000 	C:\WINDOWS\System32\ucrtbase.dll
0x00007ffba3010000 - 0x00007ffba3027000 	C:\Program Files\Eclipse Adoptium\jdk-17.0.5.8-hotspot\bin\jli.dll
0x00007ffba4ef0000 - 0x00007ffba4f09000 	C:\Program Files\Eclipse Adoptium\jdk-17.0.5.8-hotspot\bin\VCRUNTIME140.dll
0x00007ffbabaa0000 - 0x00007ffbabc4a000 	C:\WINDOWS\System32\USER32.dll
0x00007ffb9e6e0000 - 0x00007ffb9e971000 	C:\WINDOWS\WinSxS\amd64_microsoft.windows.common-controls_6595b64144ccf1df_6.0.25231.1000_none_77db62f15ba2356c\COMCTL32.dll
0x00007ffbaace0000 - 0x00007ffbaad06000 	C:\WINDOWS\System32\win32u.dll
0x00007ffbab1c0000 - 0x00007ffbab267000 	C:\WINDOWS\System32\msvcrt.dll
0x00007ffbac430000 - 0x00007ffbac459000 	C:\WINDOWS\System32\GDI32.dll
0x00007ffbaab50000 - 0x00007ffbaac66000 	C:\WINDOWS\System32\gdi32full.dll
0x00007ffbaa4b0000 - 0x00007ffbaa54a000 	C:\WINDOWS\System32\msvcp_win.dll
0x00007ffbaad20000 - 0x00007ffbaad50000 	C:\WINDOWS\System32\IMM32.DLL
0x00007ffba76c0000 - 0x00007ffba76cc000 	C:\Program Files\Eclipse Adoptium\jdk-17.0.5.8-hotspot\bin\vcruntime140_1.dll
0x00007ffb69be0000 - 0x00007ffb69c71000 	C:\Program Files\Eclipse Adoptium\jdk-17.0.5.8-hotspot\bin\msvcp140.dll
0x00007ffb66390000 - 0x00007ffb66fd4000 	C:\Program Files\Eclipse Adoptium\jdk-17.0.5.8-hotspot\bin\server\jvm.dll
0x00007ffbacc50000 - 0x00007ffbaccfe000 	C:\WINDOWS\System32\ADVAPI32.dll
0x00007ffbab8b0000 - 0x00007ffbab956000 	C:\WINDOWS\System32\sechost.dll
0x00007ffbacd00000 - 0x00007ffbace27000 	C:\WINDOWS\System32\RPCRT4.dll
0x00007ffb8e240000 - 0x00007ffb8e249000 	C:\WINDOWS\SYSTEM32\WSOCK32.dll
0x00007ffb9b600000 - 0x00007ffb9b635000 	C:\WINDOWS\SYSTEM32\WINMM.dll
0x00007ffb9c000000 - 0x00007ffb9c00a000 	C:\WINDOWS\SYSTEM32\VERSION.dll
0x00007ffbabdf0000 - 0x00007ffbabe5f000 	C:\WINDOWS\System32\WS2_32.dll
0x00007ffba92b0000 - 0x00007ffba92c8000 	C:\WINDOWS\SYSTEM32\kernel.appcore.dll
0x00007ffba7670000 - 0x00007ffba767a000 	C:\Program Files\Eclipse Adoptium\jdk-17.0.5.8-hotspot\bin\jimage.dll
0x00007ffba7bb0000 - 0x00007ffba7de3000 	C:\WINDOWS\SYSTEM32\DBGHELP.DLL
0x00007ffbac0a0000 - 0x00007ffbac422000 	C:\WINDOWS\System32\combase.dll
0x00007ffbab0e0000 - 0x00007ffbab1b8000 	C:\WINDOWS\System32\OLEAUT32.dll
0x00007ffb97050000 - 0x00007ffb97082000 	C:\WINDOWS\SYSTEM32\dbgcore.DLL
0x00007ffbaa610000 - 0x00007ffbaa689000 	C:\WINDOWS\System32\bcryptPrimitives.dll
0x00007ffb890a0000 - 0x00007ffb890c5000 	C:\Program Files\Eclipse Adoptium\jdk-17.0.5.8-hotspot\bin\java.dll
0x00007ffb697a0000 - 0x00007ffb69876000 	C:\Program Files\Eclipse Adoptium\jdk-17.0.5.8-hotspot\bin\jsvml.dll
0x00007ffbac460000 - 0x00007ffbacc4c000 	C:\WINDOWS\System32\SHELL32.dll
0x00007ffba8240000 - 0x00007ffba8ada000 	C:\WINDOWS\SYSTEM32\windows.storage.dll
0x00007ffba80b0000 - 0x00007ffba823d000 	C:\WINDOWS\SYSTEM32\wintypes.dll
0x00007ffbaadc0000 - 0x00007ffbaaeab000 	C:\WINDOWS\System32\SHCORE.dll
0x00007ffbac030000 - 0x00007ffbac08e000 	C:\WINDOWS\System32\shlwapi.dll
0x00007ffbaa250000 - 0x00007ffbaa271000 	C:\WINDOWS\SYSTEM32\profapi.dll
0x00007ffb99ba0000 - 0x00007ffb99bb9000 	C:\Program Files\Eclipse Adoptium\jdk-17.0.5.8-hotspot\bin\net.dll
0x00007ffb9c740000 - 0x00007ffb9c86e000 	C:\WINDOWS\SYSTEM32\WINHTTP.dll
0x00007ffba9780000 - 0x00007ffba97e9000 	C:\WINDOWS\system32\mswsock.dll
0x00007ffb95560000 - 0x00007ffb95575000 	C:\Program Files\Eclipse Adoptium\jdk-17.0.5.8-hotspot\bin\nio.dll
0x00007ffb9eb00000 - 0x00007ffb9eb18000 	C:\Program Files\Eclipse Adoptium\jdk-17.0.5.8-hotspot\bin\zip.dll
0x00007ffba6480000 - 0x00007ffba6490000 	C:\Program Files\Eclipse Adoptium\jdk-17.0.5.8-hotspot\bin\verify.dll
0x00007ffba7460000 - 0x00007ffba7469000 	C:\Program Files\Eclipse Adoptium\jdk-17.0.5.8-hotspot\bin\management.dll
0x00007ffba7450000 - 0x00007ffba745b000 	C:\Program Files\Eclipse Adoptium\jdk-17.0.5.8-hotspot\bin\management_ext.dll
0x00007ffbaba90000 - 0x00007ffbaba98000 	C:\WINDOWS\System32\PSAPI.DLL
0x00007ffba7470000 - 0x00007ffba7487000 	C:\WINDOWS\system32\napinsp.dll
0x00007ffba3030000 - 0x00007ffba304a000 	C:\WINDOWS\system32\pnrpnsp.dll
0x00007ffb46f00000 - 0x00007ffb46f21000 	C:\WINDOWS\system32\nlansp_c.dll
0x00007ffba8dc0000 - 0x00007ffba8ebd000 	C:\WINDOWS\SYSTEM32\DNSAPI.dll
0x00007ffba8d50000 - 0x00007ffba8d7e000 	C:\WINDOWS\SYSTEM32\IPHLPAPI.DLL
0x00007ffbaadb0000 - 0x00007ffbaadb9000 	C:\WINDOWS\System32\NSI.dll
0x00007ffb9eac0000 - 0x00007ffb9ead1000 	C:\WINDOWS\System32\winrnr.dll
0x00007ffb7cb30000 - 0x00007ffb7cb45000 	C:\WINDOWS\system32\wshbth.dll
0x00007ffb9c730000 - 0x00007ffb9c73a000 	C:\Windows\System32\rasadhlp.dll
0x00007ffb9c980000 - 0x00007ffb9ca04000 	C:\WINDOWS\System32\fwpuclnt.dll
0x00007ffba9a00000 - 0x00007ffba9a1b000 	C:\WINDOWS\SYSTEM32\CRYPTSP.dll
0x00007ffba9210000 - 0x00007ffba9244000 	C:\WINDOWS\system32\rsaenh.dll
0x00007ffba98a0000 - 0x00007ffba98c8000 	C:\WINDOWS\SYSTEM32\USERENV.dll
0x00007ffba9bc0000 - 0x00007ffba9be8000 	C:\WINDOWS\SYSTEM32\bcrypt.dll
0x00007ffba9a20000 - 0x00007ffba9a2c000 	C:\WINDOWS\SYSTEM32\CRYPTBASE.dll
0x00007ffb9c8f0000 - 0x00007ffb9c909000 	C:\WINDOWS\SYSTEM32\dhcpcsvc6.DLL
0x00007ffb9c8c0000 - 0x00007ffb9c8df000 	C:\WINDOWS\SYSTEM32\dhcpcsvc.DLL

dbghelp: loaded successfully - version: 4.0.5 - missing functions: none
symbol engine: initialized successfully - sym options: 0x614 - pdb path: .;C:\Program Files\Eclipse Adoptium\jdk-17.0.5.8-hotspot\bin;C:\WINDOWS\SYSTEM32;C:\WINDOWS\WinSxS\amd64_microsoft.windows.common-controls_6595b64144ccf1df_6.0.25231.1000_none_77db62f15ba2356c;C:\Program Files\Eclipse Adoptium\jdk-17.0.5.8-hotspot\bin\server

VM Arguments:
jvm_args: -Dsts.lsp.client=vscode -Dsts.log.file=/dev/null -XX:TieredStopAtLevel=1 -Xlog:jni+resolve=off -Dspring.config.location=file:c:\Users\datea\.vscode\extensions\pivotal.vscode-spring-boot-1.40.0\language-server\BOOT-INF\classes\application.properties 
java_command: org.springframework.ide.vscode.boot.app.BootLanguageServerBootApp
java_class_path (initial): c:\Users\datea\.vscode\extensions\pivotal.vscode-spring-boot-1.40.0\language-server\BOOT-INF\classes;c:\Users\datea\.vscode\extensions\pivotal.vscode-spring-boot-1.40.0\language-server\BOOT-INF\lib\annotations-23.0.0.jar;c:\Users\datea\.vscode\extensions\pivotal.vscode-spring-boot-1.40.0\language-server\BOOT-INF\lib\ant-1.10.12.jar;c:\Users\datea\.vscode\extensions\pivotal.vscode-spring-boot-1.40.0\language-server\BOOT-INF\lib\ant-launcher-1.10.12.jar;c:\Users\datea\.vscode\extensions\pivotal.vscode-spring-boot-1.40.0\language-server\BOOT-INF\lib\antlr-runtime-3.5.2.jar;c:\Users\datea\.vscode\extensions\pivotal.vscode-spring-boot-1.40.0\language-server\BOOT-INF\lib\antlr4-4.9.3.jar;c:\Users\datea\.vscode\extensions\pivotal.vscode-spring-boot-1.40.0\language-server\BOOT-INF\lib\antlr4-runtime-4.9.3.jar;c:\Users\datea\.vscode\extensions\pivotal.vscode-spring-boot-1.40.0\language-server\BOOT-INF\lib\asm-9.3.jar;c:\Users\datea\.vscode\extensions\pivotal.vscode-spring-boot-1.40.0\language-server\BOOT-INF\lib\asm-analysis-9.3.jar;c:\Users\datea\.vscode\extensions\pivotal.vscode-spring-boot-1.40.0\language-server\BOOT-INF\lib\asm-tree-9.3.jar;c:\Users\datea\.vscode\extensions\pivotal.vscode-spring-boot-1.40.0\language-server\BOOT-INF\lib\asm-util-9.3.jar;c:\Users\datea\.vscode\extensions\pivotal.vscode-spring-boot-1.40.0\language-server\BOOT-INF\lib\byte-buddy-1.12.13.jar;c:\Users\datea\.vscode\extensions\pivotal.vscode-spring-boot-1.40.0\language-server\BOOT-INF\lib\caffeine-2.9.3.jar;c:\Users\datea\.vscode\extensions\pivotal.vscode-spring-boot-1.40.0\language-server\BOOT-INF\lib\checker-qual-3.12.0.jar;c:\Users\datea\.vscode\extensions\pivotal.vscode-spring-boot-1.40.0\language-server\BOOT-INF\lib\classgraph-4.8.149.jar;c:\Users\datea\.vscode\extensions\pivotal.vscode-spring-boot-1.40.0\language-server\BOOT-INF\lib\commons-codec-1.15.jar;c:\Users\datea\.vscode\extensions\pivotal.vscode-spring-boot-1.40.0\language-server\BOOT-INF\lib\commons-c
Launcher Type: SUN_STANDARD

[Global flags]
     intx CICompilerCount                          = 4                                         {product} {ergonomic}
     uint ConcGCThreads                            = 2                                         {product} {ergonomic}
     uint G1ConcRefinementThreads                  = 8                                         {product} {ergonomic}
   size_t G1HeapRegionSize                         = 1048576                                   {product} {ergonomic}
    uintx GCDrainStackTargetSize                   = 64                                        {product} {ergonomic}
   size_t InitialHeapSize                          = 132120576                                 {product} {ergonomic}
   size_t MarkStackSize                            = 4194304                                   {product} {ergonomic}
   size_t MaxHeapSize                              = 2095054848                                {product} {ergonomic}
   size_t MaxNewSize                               = 1256194048                                {product} {ergonomic}
   size_t MinHeapDeltaBytes                        = 1048576                                   {product} {ergonomic}
   size_t MinHeapSize                              = 8388608                                   {product} {ergonomic}
    uintx NonProfiledCodeHeapSize                  = 0                                      {pd product} {ergonomic}
     bool ProfileInterpreter                       = false                                  {pd product} {command line}
    uintx ProfiledCodeHeapSize                     = 0                                      {pd product} {ergonomic}
   size_t SoftMaxHeapSize                          = 2095054848                             {manageable} {ergonomic}
     intx TieredStopAtLevel                        = 1                                         {product} {command line}
     bool UseCompressedClassPointers               = true                           {product lp64_product} {ergonomic}
     bool UseCompressedOops                        = true                           {product lp64_product} {ergonomic}
     bool UseG1GC                                  = true                                      {product} {ergonomic}
     bool UseLargePagesIndividualAllocation        = false                                  {pd product} {ergonomic}

Logging:
Log output configuration:
 #0: stdout all=warning,jni+resolve=off uptime,level,tags
 #1: stderr all=off uptime,level,tags

Environment Variables:
PATH=C:\Program Files\Eclipse Adoptium\jdk-17.0.5.8-hotspot\bin;C:\Program Files\Java\jdk-15.0.2\bin;C:\Program Files\Common Files\Oracle\Java\javapath;C:\WINDOWS\system32;C:\WINDOWS;C:\WINDOWS\System32\Wbem;C:\WINDOWS\System32\WindowsPowerShell\v1.0\;C:\WINDOWS\System32\OpenSSH\;C:\Program Files\Azure Data Studio\bin;C:\Program Files\Microsoft SQL Server\Client SDK\ODBC\170\Tools\Binn\;C:\Program Files (x86)\Microsoft SQL Server\150\Tools\Binn\;C:\Program Files\Microsoft SQL Server\150\Tools\Binn\;C:\Program Files\Microsoft SQL Server\150\DTS\Binn\;C:\Program Files (x86)\Microsoft SQL Server\150\DTS\Binn\;C:\Program Files (x86)\GitExtensions\;F:\xampp\php;C:\ProgramData\ComposerSetup\bin;C:\xampp\php;C:\Program Files\Git\cmd;C:\Users\datea\AppData\Local\Microsoft\WindowsApps;C:\Users\datea\AppData\Local\Programs\Microsoft VS Code\bin;;C:\Program Files\Azure Data Studio\bin;C:\Users\datea\AppData\Roaming\Composer\vendor\bin
USERNAME=datea
OS=Windows_NT
PROCESSOR_IDENTIFIER=Intel64 Family 6 Model 126 Stepping 5, GenuineIntel
TMP=C:\Users\datea\AppData\Local\Temp
TEMP=C:\Users\datea\AppData\Local\Temp



---------------  S Y S T E M  ---------------

OS:
 Windows 11 , 64 bit Build 25231 (10.0.25231.1000)
OS uptime: 1 days 8:04 hours
Hyper-V role detected

CPU: total 8 (initial active 8) (4 cores per cpu, 2 threads per core) family 6 model 126 stepping 5 microcode 0xa6, cx8, cmov, fxsr, ht, mmx, 3dnowpref, sse, sse2, sse3, ssse3, sse4.1, sse4.2, popcnt, lzcnt, tsc, tscinvbit, avx, avx2, aes, erms, clmul, bmi1, bmi2, adx, avx512f, avx512dq, avx512cd, avx512bw, avx512vl, sha, fma, vzeroupper, avx512_vpopcntdq, avx512_vpclmulqdq, avx512_vaes, avx512_vnni, clflush, clflushopt, avx512_vbmi2, avx512_vbmi, hv

Memory: 4k page, system-wide physical 7987M (395M free)
TotalPageFile size 12083M (AvailPageFile size 6M)
current process WorkingSet (physical memory assigned to process): 182M, peak: 182M
current process commit charge ("private bytes"): 270M, peak: 321M

vm_info: OpenJDK 64-Bit Server VM (17.0.5+8) for windows-amd64 JRE (17.0.5+8), built on Oct 19 2022 04:48:13 by "temurin" with MS VC++ 16.7 (VS2019)

END.
