#
# There is insufficient memory for the Java Runtime Environment to continue.
# Native memory allocation (malloc) failed to allocate 1048576 bytes for AllocateHeap
# Possible reasons:
#   The system is out of physical RAM or swap space
#   The process is running with CompressedOops enabled, and the Java Heap may be blocking the growth of the native heap
# Possible solutions:
#   Reduce memory load on the system
#   Increase physical memory or swap space
#   Check if swap backing store is full
#   Decrease Java heap size (-Xmx/-Xms)
#   Decrease number of Java threads
#   Decrease Java thread stack sizes (-Xss)
#   Set larger code cache with -XX:ReservedCodeCacheSize=
#   JVM is running with Unscaled Compressed Oops mode in which the Java heap is
#     placed in the first 4GB address space. The Java Heap base address is the
#     maximum limit for the native heap growth. Please use -XX:HeapBaseMinAddress
#     to set the Java Heap base and to place the Java Heap above 4GB virtual address.
# This output file may be truncated or incomplete.
#
#  Out of Memory Error (allocation.cpp:44), pid=65812, tid=60420
#
# JRE version: OpenJDK Runtime Environment Temurin-17.0.5+8 (17.0.5+8) (build 17.0.5+8)
# Java VM: OpenJDK 64-Bit Server VM Temurin-17.0.5+8 (17.0.5+8, mixed mode, sharing, tiered, compressed oops, compressed class ptrs, g1 gc, windows-amd64)
# No core dump will be written. Minidumps are not enabled by default on client versions of Windows
#

---------------  S U M M A R Y ------------

Command Line: -XX:+ShowCodeDetailsInExceptionMessages com.watch.shopwatchonline.ShopwatchonlineApplication

Host: Intel(R) Core(TM) i5-1035G1 CPU @ 1.00GHz, 8 cores, 7G,  Windows 11 , 64 bit Build 25247 (10.0.25247.1000)
Time: Sun Nov 27 19:26:00 2022 SE Asia Standard Time elapsed time: 7619.937745 seconds (0d 2h 6m 59s)

---------------  T H R E A D  ---------------

Current thread (0x0000023ebe3a5a00):  VMThread "VM Thread" [stack: 0x0000005571200000,0x0000005571300000] [id=60420]

Stack: [0x0000005571200000,0x0000005571300000]
Native frames: (J=compiled Java code, j=interpreted, Vv=VM code, C=native code)
V  [jvm.dll+0x676b3a]
V  [jvm.dll+0x831444]
V  [jvm.dll+0x832bee]
V  [jvm.dll+0x833253]
V  [jvm.dll+0x244ce5]
V  [jvm.dll+0xa631f]
V  [jvm.dll+0x2f4f03]
V  [jvm.dll+0x2f0c10]
V  [jvm.dll+0x2d92f7]
V  [jvm.dll+0x31c3b7]
V  [jvm.dll+0x8376fb]
V  [jvm.dll+0x838434]
V  [jvm.dll+0x83894c]
V  [jvm.dll+0x838d24]
V  [jvm.dll+0x838df0]
V  [jvm.dll+0x7e17ea]
V  [jvm.dll+0x6759e5]
C  [ucrtbase.dll+0x1b07b]
C  [KERNEL32.DLL+0x1369d]
C  [ntdll.dll+0x2b9f8]

VM_Operation (0x00000055720ff490): G1CollectFull, mode: safepoint, requested by thread 0x0000023ec5b3dd90


---------------  P R O C E S S  ---------------

Threads class SMR info:
_java_thread_list=0x0000023ec479ef50, length=14, elements={
0x0000023ebe3ab4b0, 0x0000023ebe3ac060, 0x0000023ebe3c3bc0, 0x0000023ebe3c4770,
0x0000023ebe3c7130, 0x0000023ebe3c8af0, 0x0000023ebe3ca7a0, 0x0000023ebe3cb150,
0x0000023ebe3d2b80, 0x0000023ebf0e6f70, 0x0000023ebf10bc10, 0x0000023ec22396d0,
0x0000023ec5b3ca50, 0x0000023ec5b3dd90
}

Java Threads: ( => current thread )
  0x0000023ebe3ab4b0 JavaThread "Reference Handler" daemon [_thread_blocked, id=41396, stack(0x0000005571300000,0x0000005571400000)]
  0x0000023ebe3ac060 JavaThread "Finalizer" daemon [_thread_blocked, id=38108, stack(0x0000005571400000,0x0000005571500000)]
  0x0000023ebe3c3bc0 JavaThread "Signal Dispatcher" daemon [_thread_blocked, id=18560, stack(0x0000005571500000,0x0000005571600000)]
  0x0000023ebe3c4770 JavaThread "Attach Listener" daemon [_thread_blocked, id=10280, stack(0x0000005571600000,0x0000005571700000)]
  0x0000023ebe3c7130 JavaThread "Service Thread" daemon [_thread_blocked, id=21988, stack(0x0000005571700000,0x0000005571800000)]
  0x0000023ebe3c8af0 JavaThread "Monitor Deflation Thread" daemon [_thread_blocked, id=64968, stack(0x0000005571800000,0x0000005571900000)]
  0x0000023ebe3ca7a0 JavaThread "C2 CompilerThread0" daemon [_thread_blocked, id=19484, stack(0x0000005571900000,0x0000005571a00000)]
  0x0000023ebe3cb150 JavaThread "C1 CompilerThread0" daemon [_thread_blocked, id=10132, stack(0x0000005571a00000,0x0000005571b00000)]
  0x0000023ebe3d2b80 JavaThread "Sweeper thread" daemon [_thread_blocked, id=66996, stack(0x0000005571b00000,0x0000005571c00000)]
  0x0000023ebf0e6f70 JavaThread "Notification Thread" daemon [_thread_blocked, id=17996, stack(0x0000005571c00000,0x0000005571d00000)]
  0x0000023ebf10bc10 JavaThread "Common-Cleaner" daemon [_thread_blocked, id=1744, stack(0x0000005571e00000,0x0000005571f00000)]
  0x0000023ec22396d0 JavaThread "Live Reload Server" daemon [_thread_in_native, id=66716, stack(0x0000005573400000,0x0000005573500000)]
  0x0000023ec5b3ca50 JavaThread "DestroyJavaVM" [_thread_blocked, id=66240, stack(0x0000005570c00000,0x0000005570d00000)]
  0x0000023ec5b3dd90 JavaThread "Thread-31" [_thread_blocked, id=64884, stack(0x0000005572000000,0x0000005572100000)]

Other Threads:
=>0x0000023ebe3a5a00 VMThread "VM Thread" [stack: 0x0000005571200000,0x0000005571300000] [id=60420]
  0x0000023ea01a8440 WatcherThread [stack: 0x0000005571d00000,0x0000005571e00000] [id=64760]
  0x0000023ea018f7a0 GCTaskThread "GC Thread#0" [stack: 0x0000005570d00000,0x0000005570e00000] [id=62884]
  0x0000023ebfd3c360 GCTaskThread "GC Thread#1" [stack: 0x0000005572200000,0x0000005572300000] [id=66328]
  0x0000023ebfb58dd0 GCTaskThread "GC Thread#2" [stack: 0x0000005572300000,0x0000005572400000] [id=66472]
  0x0000023ebfb59080 GCTaskThread "GC Thread#3" [stack: 0x0000005572400000,0x0000005572500000] [id=18704]
  0x0000023ebfb6e820 GCTaskThread "GC Thread#4" [stack: 0x0000005572500000,0x0000005572600000] [id=10852]
  0x0000023ebfb6ead0 GCTaskThread "GC Thread#5" [stack: 0x0000005572600000,0x0000005572700000] [id=64804]
  0x0000023ebfb4aa10 GCTaskThread "GC Thread#6" [stack: 0x0000005572700000,0x0000005572800000] [id=65872]
  0x0000023ebfeb8d00 GCTaskThread "GC Thread#7" [stack: 0x0000005572900000,0x0000005572a00000] [id=66620]
  0x0000023ea01a1210 ConcurrentGCThread "G1 Main Marker" [stack: 0x0000005570e00000,0x0000005570f00000] [id=49900]
  0x0000023ea01a23c0 ConcurrentGCThread "G1 Conc#0" [stack: 0x0000005570f00000,0x0000005571000000] [id=8264]
  0x0000023ec1ed2020 ConcurrentGCThread "G1 Conc#1" [stack: 0x0000005572b00000,0x0000005572c00000] [id=55940]
  0x0000023ea01deb80 ConcurrentGCThread "G1 Refine#0" [stack: 0x0000005571000000,0x0000005571100000] [id=18688]
  0x0000023ebe25d610 ConcurrentGCThread "G1 Service" [stack: 0x0000005571100000,0x0000005571200000] [id=33896]

Threads with active compile tasks:
C2 CompilerThread0  7619973 22418       4       org.springframework.core.ResolvableType::as (86 bytes)

VM state: at safepoint (normal execution)

VM Mutex/Monitor currently owned by a thread:  ([mutex/lock_event])
[0x0000023ea0127890] Threads_lock - owner thread: 0x0000023ebe3a5a00
[0x0000023ea0127ad0] Heap_lock - owner thread: 0x0000023ec5b3dd90

Heap address: 0x0000000083200000, size: 1998 MB, Compressed Oops mode: 32-bit

CDS archive(s) mapped at: [0x0000000800000000-0x0000000800bc0000-0x0000000800bc0000), size 12320768, SharedBaseAddress: 0x0000000800000000, ArchiveRelocationMode: 0.
Compressed class space mapped at: 0x0000000800c00000-0x0000000840c00000, reserved size: 1073741824
Narrow klass base: 0x0000000800000000, Narrow klass shift: 0, Narrow klass range: 0x100000000

GC Precious Log:
 CPUs: 8 total, 8 available
 Memory: 7987M
 Large Page Support: Disabled
 NUMA Support: Disabled
 Compressed Oops: Enabled (32-bit)
 Heap Region Size: 1M
 Heap Min Capacity: 8M
 Heap Initial Capacity: 126M
 Heap Max Capacity: 1998M
 Pre-touch: Disabled
 Parallel Workers: 8
 Concurrent Workers: 2
 Concurrent Refinement Workers: 8
 Periodic GC: Disabled

Heap:
 garbage-first heap   total 130048K, used 56601K [0x0000000083200000, 0x0000000100000000)
  region size 1024K, 14 young (14336K), 1 survivors (1024K)
 Metaspace       used 91694K, committed 98560K, reserved 1146880K
  class space    used 10787K, committed 12288K, reserved 1048576K

Heap Regions: E=young(eden), S=young(survivor), O=old, HS=humongous(starts), HC=humongous(continues), CS=collection set, F=free, OA=open archive, CA=closed archive, TAMS=top-at-mark-start (previous, next)
|   0|0x0000000083200000, 0x0000000083300000, 0x0000000083300000|100%|HS|  |TAMS 0x0000000083300000, 0x0000000083200000| Complete 
|   1|0x0000000083300000, 0x00000000833ffff8, 0x0000000083400000| 99%| O|  |TAMS 0x00000000833ffff8, 0x0000000083300000| Untracked 
|   2|0x0000000083400000, 0x0000000083500000, 0x0000000083500000|100%| O|  |TAMS 0x0000000083500000, 0x0000000083400000| Untracked 
|   3|0x0000000083500000, 0x0000000083600000, 0x0000000083600000|100%| O|  |TAMS 0x0000000083600000, 0x0000000083500000| Untracked 
|   4|0x0000000083600000, 0x0000000083700000, 0x0000000083700000|100%| O|  |TAMS 0x0000000083700000, 0x0000000083600000| Untracked 
|   5|0x0000000083700000, 0x00000000837fe718, 0x0000000083800000| 99%| O|  |TAMS 0x00000000837fe718, 0x0000000083700000| Untracked 
|   6|0x0000000083800000, 0x00000000838fffd8, 0x0000000083900000| 99%| O|  |TAMS 0x00000000838fffd8, 0x0000000083800000| Untracked 
|   7|0x0000000083900000, 0x0000000083a00000, 0x0000000083a00000|100%| O|  |TAMS 0x0000000083a00000, 0x0000000083900000| Untracked 
|   8|0x0000000083a00000, 0x0000000083afff40, 0x0000000083b00000| 99%| O|  |TAMS 0x0000000083afff40, 0x0000000083a00000| Untracked 
|   9|0x0000000083b00000, 0x0000000083bfffd0, 0x0000000083c00000| 99%| O|  |TAMS 0x0000000083bfffd0, 0x0000000083b00000| Untracked 
|  10|0x0000000083c00000, 0x0000000083cfffa8, 0x0000000083d00000| 99%| O|  |TAMS 0x0000000083cfffa8, 0x0000000083c00000| Untracked 
|  11|0x0000000083d00000, 0x0000000083dfffb0, 0x0000000083e00000| 99%| O|  |TAMS 0x0000000083dfffb0, 0x0000000083d00000| Untracked 
|  12|0x0000000083e00000, 0x0000000083f00000, 0x0000000083f00000|100%| O|  |TAMS 0x0000000083f00000, 0x0000000083e00000| Untracked 
|  13|0x0000000083f00000, 0x0000000083ffffd8, 0x0000000084000000| 99%| O|  |TAMS 0x0000000083ffffd8, 0x0000000083f00000| Untracked 
|  14|0x0000000084000000, 0x00000000840ffff0, 0x0000000084100000| 99%| O|  |TAMS 0x00000000840ffff0, 0x0000000084000000| Untracked 
|  15|0x0000000084100000, 0x0000000084200000, 0x0000000084200000|100%| O|  |TAMS 0x0000000084200000, 0x0000000084100000| Complete 
|  16|0x0000000084200000, 0x00000000842ffff8, 0x0000000084300000| 99%| O|  |TAMS 0x00000000842ffff8, 0x0000000084200000| Untracked 
|  17|0x0000000084300000, 0x0000000084400000, 0x0000000084400000|100%| O|  |TAMS 0x0000000084400000, 0x0000000084300000| Untracked 
|  18|0x0000000084400000, 0x00000000844fffe8, 0x0000000084500000| 99%| O|  |TAMS 0x00000000844fffe8, 0x0000000084400000| Untracked 
|  19|0x0000000084500000, 0x00000000845ffff8, 0x0000000084600000| 99%| O|  |TAMS 0x00000000845ffff8, 0x0000000084500000| Untracked 
|  20|0x0000000084600000, 0x00000000846ffeb0, 0x0000000084700000| 99%| O|  |TAMS 0x00000000846ffeb0, 0x0000000084600000| Untracked 
|  21|0x0000000084700000, 0x0000000084800000, 0x0000000084800000|100%| O|  |TAMS 0x0000000084800000, 0x0000000084700000| Untracked 
|  22|0x0000000084800000, 0x00000000848fffd8, 0x0000000084900000| 99%| O|  |TAMS 0x00000000848fffd8, 0x0000000084800000| Untracked 
|  23|0x0000000084900000, 0x0000000084900000, 0x0000000084a00000|  0%| F|  |TAMS 0x0000000084900000, 0x0000000084900000| Untracked 
|  24|0x0000000084a00000, 0x0000000084affff0, 0x0000000084b00000| 99%| O|  |TAMS 0x0000000084affff0, 0x0000000084a00000| Untracked 
|  25|0x0000000084b00000, 0x0000000084c00000, 0x0000000084c00000|100%| O|  |TAMS 0x0000000084c00000, 0x0000000084b00000| Untracked 
|  26|0x0000000084c00000, 0x0000000084d00000, 0x0000000084d00000|100%| O|  |TAMS 0x0000000084d00000, 0x0000000084c00000| Untracked 
|  27|0x0000000084d00000, 0x0000000084dfffa0, 0x0000000084e00000| 99%| O|  |TAMS 0x0000000084dfffa0, 0x0000000084d00000| Untracked 
|  28|0x0000000084e00000, 0x0000000084effff0, 0x0000000084f00000| 99%| O|  |TAMS 0x0000000084effff0, 0x0000000084e00000| Untracked 
|  29|0x0000000084f00000, 0x0000000085000000, 0x0000000085000000|100%| O|  |TAMS 0x0000000085000000, 0x0000000084f00000| Untracked 
|  30|0x0000000085000000, 0x0000000085100000, 0x0000000085100000|100%| O|  |TAMS 0x0000000085100000, 0x0000000085000000| Untracked 
|  31|0x0000000085100000, 0x0000000085200000, 0x0000000085200000|100%| O|  |TAMS 0x0000000085200000, 0x0000000085100000| Untracked 
|  32|0x0000000085200000, 0x0000000085300000, 0x0000000085300000|100%| O|  |TAMS 0x0000000085300000, 0x0000000085200000| Untracked 
|  33|0x0000000085300000, 0x0000000085400000, 0x0000000085400000|100%| O|  |TAMS 0x0000000085400000, 0x0000000085300000| Untracked 
|  34|0x0000000085400000, 0x0000000085500000, 0x0000000085500000|100%| O|  |TAMS 0x0000000085500000, 0x0000000085400000| Untracked 
|  35|0x0000000085500000, 0x000000008553ca00, 0x0000000085600000| 23%| O|  |TAMS 0x000000008553ca00, 0x0000000085500000| Untracked 
|  36|0x0000000085600000, 0x0000000085600000, 0x0000000085700000|  0%| F|  |TAMS 0x0000000085600000, 0x0000000085600000| Untracked 
|  37|0x0000000085700000, 0x0000000085700000, 0x0000000085800000|  0%| F|  |TAMS 0x0000000085700000, 0x0000000085700000| Untracked 
|  38|0x0000000085800000, 0x0000000085900000, 0x0000000085900000|100%| O|  |TAMS 0x0000000085900000, 0x0000000085800000| Untracked 
|  39|0x0000000085900000, 0x0000000085900000, 0x0000000085a00000|  0%| F|  |TAMS 0x0000000085900000, 0x0000000085900000| Untracked 
|  40|0x0000000085a00000, 0x0000000085a00000, 0x0000000085b00000|  0%| F|  |TAMS 0x0000000085a00000, 0x0000000085a00000| Untracked 
|  41|0x0000000085b00000, 0x0000000085c00000, 0x0000000085c00000|100%| O|  |TAMS 0x0000000085c00000, 0x0000000085b00000| Untracked 
|  42|0x0000000085c00000, 0x0000000085d00000, 0x0000000085d00000|100%| O|  |TAMS 0x0000000085d00000, 0x0000000085c00000| Untracked 
|  43|0x0000000085d00000, 0x0000000085e00000, 0x0000000085e00000|100%| O|  |TAMS 0x0000000085e00000, 0x0000000085d00000| Untracked 
|  44|0x0000000085e00000, 0x0000000085e00000, 0x0000000085f00000|  0%| F|  |TAMS 0x0000000085e00000, 0x0000000085e00000| Untracked 
|  45|0x0000000085f00000, 0x0000000086000000, 0x0000000086000000|100%| O|  |TAMS 0x0000000086000000, 0x0000000085f00000| Untracked 
|  46|0x0000000086000000, 0x0000000086000000, 0x0000000086100000|  0%| F|  |TAMS 0x0000000086000000, 0x0000000086000000| Untracked 
|  47|0x0000000086100000, 0x0000000086100000, 0x0000000086200000|  0%| F|  |TAMS 0x0000000086100000, 0x0000000086100000| Untracked 
|  48|0x0000000086200000, 0x0000000086200000, 0x0000000086300000|  0%| F|  |TAMS 0x0000000086200000, 0x0000000086200000| Untracked 
|  49|0x0000000086300000, 0x0000000086300000, 0x0000000086400000|  0%| F|  |TAMS 0x0000000086300000, 0x0000000086300000| Untracked 
|  50|0x0000000086400000, 0x0000000086400000, 0x0000000086500000|  0%| F|  |TAMS 0x0000000086400000, 0x0000000086400000| Untracked 
|  51|0x0000000086500000, 0x0000000086500000, 0x0000000086600000|  0%| F|  |TAMS 0x0000000086500000, 0x0000000086500000| Untracked 
|  52|0x0000000086600000, 0x0000000086600000, 0x0000000086700000|  0%| F|  |TAMS 0x0000000086600000, 0x0000000086600000| Untracked 
|  53|0x0000000086700000, 0x0000000086800000, 0x0000000086800000|100%| O|  |TAMS 0x0000000086800000, 0x0000000086700000| Untracked 
|  54|0x0000000086800000, 0x000000008680b970, 0x0000000086900000|  4%| S|CS|TAMS 0x0000000086800000, 0x0000000086800000| Complete 
|  55|0x0000000086900000, 0x0000000086a00000, 0x0000000086a00000|100%| O|  |TAMS 0x0000000086a00000, 0x0000000086900000| Untracked 
|  56|0x0000000086a00000, 0x0000000086a00000, 0x0000000086b00000|  0%| F|  |TAMS 0x0000000086a00000, 0x0000000086a00000| Untracked 
|  57|0x0000000086b00000, 0x0000000086c00000, 0x0000000086c00000|100%| O|  |TAMS 0x0000000086c00000, 0x0000000086b00000| Untracked 
|  58|0x0000000086c00000, 0x0000000086d00000, 0x0000000086d00000|100%| O|  |TAMS 0x0000000086d00000, 0x0000000086c00000| Untracked 
|  59|0x0000000086d00000, 0x0000000086d00000, 0x0000000086e00000|  0%| F|  |TAMS 0x0000000086d00000, 0x0000000086d00000| Untracked 
|  60|0x0000000086e00000, 0x0000000086e00000, 0x0000000086f00000|  0%| F|  |TAMS 0x0000000086e00000, 0x0000000086e00000| Untracked 
|  61|0x0000000086f00000, 0x0000000086f00000, 0x0000000087000000|  0%| F|  |TAMS 0x0000000086f00000, 0x0000000086f00000| Untracked 
|  62|0x0000000087000000, 0x0000000087000000, 0x0000000087100000|  0%| F|  |TAMS 0x0000000087000000, 0x0000000087000000| Untracked 
|  63|0x0000000087100000, 0x0000000087100000, 0x0000000087200000|  0%| F|  |TAMS 0x0000000087100000, 0x0000000087100000| Untracked 
|  64|0x0000000087200000, 0x0000000087200000, 0x0000000087300000|  0%| F|  |TAMS 0x0000000087200000, 0x0000000087200000| Untracked 
|  65|0x0000000087300000, 0x0000000087300000, 0x0000000087400000|  0%| F|  |TAMS 0x0000000087300000, 0x0000000087300000| Untracked 
|  66|0x0000000087400000, 0x0000000087400000, 0x0000000087500000|  0%| F|  |TAMS 0x0000000087400000, 0x0000000087400000| Untracked 
|  67|0x0000000087500000, 0x0000000087500000, 0x0000000087600000|  0%| F|  |TAMS 0x0000000087500000, 0x0000000087500000| Untracked 
|  68|0x0000000087600000, 0x0000000087600000, 0x0000000087700000|  0%| F|  |TAMS 0x0000000087600000, 0x0000000087600000| Untracked 
|  69|0x0000000087700000, 0x0000000087700000, 0x0000000087800000|  0%| F|  |TAMS 0x0000000087700000, 0x0000000087700000| Untracked 
|  70|0x0000000087800000, 0x0000000087800000, 0x0000000087900000|  0%| F|  |TAMS 0x0000000087800000, 0x0000000087800000| Untracked 
|  71|0x0000000087900000, 0x0000000087900000, 0x0000000087a00000|  0%| F|  |TAMS 0x0000000087900000, 0x0000000087900000| Untracked 
|  72|0x0000000087a00000, 0x0000000087a00000, 0x0000000087b00000|  0%| F|  |TAMS 0x0000000087a00000, 0x0000000087a00000| Untracked 
|  73|0x0000000087b00000, 0x0000000087b00000, 0x0000000087c00000|  0%| F|  |TAMS 0x0000000087b00000, 0x0000000087b00000| Untracked 
|  74|0x0000000087c00000, 0x0000000087c00000, 0x0000000087d00000|  0%| F|  |TAMS 0x0000000087c00000, 0x0000000087c00000| Untracked 
|  75|0x0000000087d00000, 0x0000000087d00000, 0x0000000087e00000|  0%| F|  |TAMS 0x0000000087d00000, 0x0000000087d00000| Untracked 
|  76|0x0000000087e00000, 0x0000000087e00000, 0x0000000087f00000|  0%| F|  |TAMS 0x0000000087e00000, 0x0000000087e00000| Untracked 
|  77|0x0000000087f00000, 0x0000000087f00000, 0x0000000088000000|  0%| F|  |TAMS 0x0000000087f00000, 0x0000000087f00000| Untracked 
|  78|0x0000000088000000, 0x0000000088000000, 0x0000000088100000|  0%| F|  |TAMS 0x0000000088000000, 0x0000000088000000| Untracked 
|  79|0x0000000088100000, 0x0000000088100000, 0x0000000088200000|  0%| F|  |TAMS 0x0000000088100000, 0x0000000088100000| Untracked 
|  80|0x0000000088200000, 0x0000000088200000, 0x0000000088300000|  0%| F|  |TAMS 0x0000000088200000, 0x0000000088200000| Untracked 
|  81|0x0000000088300000, 0x0000000088300000, 0x0000000088400000|  0%| F|  |TAMS 0x0000000088300000, 0x0000000088300000| Untracked 
|  82|0x0000000088400000, 0x0000000088400000, 0x0000000088500000|  0%| F|  |TAMS 0x0000000088400000, 0x0000000088400000| Untracked 
|  83|0x0000000088500000, 0x0000000088500000, 0x0000000088600000|  0%| F|  |TAMS 0x0000000088500000, 0x0000000088500000| Untracked 
|  84|0x0000000088600000, 0x0000000088600000, 0x0000000088700000|  0%| F|  |TAMS 0x0000000088600000, 0x0000000088600000| Untracked 
|  85|0x0000000088700000, 0x0000000088700000, 0x0000000088800000|  0%| F|  |TAMS 0x0000000088700000, 0x0000000088700000| Untracked 
|  86|0x0000000088800000, 0x0000000088800000, 0x0000000088900000|  0%| F|  |TAMS 0x0000000088800000, 0x0000000088800000| Untracked 
|  87|0x0000000088900000, 0x0000000088900000, 0x0000000088a00000|  0%| F|  |TAMS 0x0000000088900000, 0x0000000088900000| Untracked 
|  88|0x0000000088a00000, 0x0000000088a00000, 0x0000000088b00000|  0%| F|  |TAMS 0x0000000088a00000, 0x0000000088a00000| Untracked 
|  89|0x0000000088b00000, 0x0000000088b00000, 0x0000000088c00000|  0%| F|  |TAMS 0x0000000088b00000, 0x0000000088b00000| Untracked 
|  90|0x0000000088c00000, 0x0000000088c00000, 0x0000000088d00000|  0%| F|  |TAMS 0x0000000088c00000, 0x0000000088c00000| Untracked 
|  91|0x0000000088d00000, 0x0000000088d00000, 0x0000000088e00000|  0%| F|  |TAMS 0x0000000088d00000, 0x0000000088d00000| Untracked 
|  92|0x0000000088e00000, 0x0000000088e00000, 0x0000000088f00000|  0%| F|  |TAMS 0x0000000088e00000, 0x0000000088e00000| Untracked 
|  93|0x0000000088f00000, 0x0000000088f00000, 0x0000000089000000|  0%| F|  |TAMS 0x0000000088f00000, 0x0000000088f00000| Untracked 
|  94|0x0000000089000000, 0x0000000089000000, 0x0000000089100000|  0%| F|  |TAMS 0x0000000089000000, 0x0000000089000000| Untracked 
|  95|0x0000000089100000, 0x0000000089100000, 0x0000000089200000|  0%| F|  |TAMS 0x0000000089100000, 0x0000000089100000| Untracked 
|  96|0x0000000089200000, 0x0000000089200000, 0x0000000089300000|  0%| F|  |TAMS 0x0000000089200000, 0x0000000089200000| Untracked 
|  97|0x0000000089300000, 0x0000000089300000, 0x0000000089400000|  0%| F|  |TAMS 0x0000000089300000, 0x0000000089300000| Untracked 
|  98|0x0000000089400000, 0x0000000089400000, 0x0000000089500000|  0%| F|  |TAMS 0x0000000089400000, 0x0000000089400000| Untracked 
|  99|0x0000000089500000, 0x0000000089500000, 0x0000000089600000|  0%| F|  |TAMS 0x0000000089500000, 0x0000000089500000| Untracked 
| 100|0x0000000089600000, 0x0000000089600000, 0x0000000089700000|  0%| F|  |TAMS 0x0000000089600000, 0x0000000089600000| Untracked 
| 101|0x0000000089700000, 0x0000000089700000, 0x0000000089800000|  0%| F|  |TAMS 0x0000000089700000, 0x0000000089700000| Untracked 
| 102|0x0000000089800000, 0x0000000089800000, 0x0000000089900000|  0%| F|  |TAMS 0x0000000089800000, 0x0000000089800000| Untracked 
| 103|0x0000000089900000, 0x0000000089900000, 0x0000000089a00000|  0%| F|  |TAMS 0x0000000089900000, 0x0000000089900000| Untracked 
| 104|0x0000000089a00000, 0x0000000089a00000, 0x0000000089b00000|  0%| F|  |TAMS 0x0000000089a00000, 0x0000000089a00000| Untracked 
| 105|0x0000000089b00000, 0x0000000089b00000, 0x0000000089c00000|  0%| F|  |TAMS 0x0000000089b00000, 0x0000000089b00000| Untracked 
| 106|0x0000000089c00000, 0x0000000089c00000, 0x0000000089d00000|  0%| F|  |TAMS 0x0000000089c00000, 0x0000000089c00000| Untracked 
| 107|0x0000000089d00000, 0x0000000089d00000, 0x0000000089e00000|  0%| F|  |TAMS 0x0000000089d00000, 0x0000000089d00000| Untracked 
| 108|0x0000000089e00000, 0x0000000089e00000, 0x0000000089f00000|  0%| F|  |TAMS 0x0000000089e00000, 0x0000000089e00000| Untracked 
| 109|0x0000000089f00000, 0x0000000089f00000, 0x000000008a000000|  0%| F|  |TAMS 0x0000000089f00000, 0x0000000089f00000| Untracked 
| 110|0x000000008a000000, 0x000000008a000000, 0x000000008a100000|  0%| F|  |TAMS 0x000000008a000000, 0x000000008a000000| Untracked 
| 111|0x000000008a100000, 0x000000008a100000, 0x000000008a200000|  0%| F|  |TAMS 0x000000008a100000, 0x000000008a100000| Untracked 
| 112|0x000000008a200000, 0x000000008a200000, 0x000000008a300000|  0%| F|  |TAMS 0x000000008a200000, 0x000000008a200000| Untracked 
| 113|0x000000008a300000, 0x000000008a300000, 0x000000008a400000|  0%| F|  |TAMS 0x000000008a300000, 0x000000008a300000| Untracked 
| 114|0x000000008a400000, 0x000000008a446260, 0x000000008a500000| 27%| E|  |TAMS 0x000000008a400000, 0x000000008a400000| Complete 
| 115|0x000000008a500000, 0x000000008a600000, 0x000000008a600000|100%| E|CS|TAMS 0x000000008a500000, 0x000000008a500000| Complete 
| 116|0x000000008a600000, 0x000000008a700000, 0x000000008a700000|100%| E|CS|TAMS 0x000000008a600000, 0x000000008a600000| Complete 
| 117|0x000000008a700000, 0x000000008a800000, 0x000000008a800000|100%| E|CS|TAMS 0x000000008a700000, 0x000000008a700000| Complete 
| 118|0x000000008a800000, 0x000000008a900000, 0x000000008a900000|100%| E|CS|TAMS 0x000000008a800000, 0x000000008a800000| Complete 
| 119|0x000000008a900000, 0x000000008aa00000, 0x000000008aa00000|100%| E|CS|TAMS 0x000000008a900000, 0x000000008a900000| Complete 
| 120|0x000000008aa00000, 0x000000008ab00000, 0x000000008ab00000|100%| E|CS|TAMS 0x000000008aa00000, 0x000000008aa00000| Complete 
| 121|0x000000008ab00000, 0x000000008ac00000, 0x000000008ac00000|100%| E|CS|TAMS 0x000000008ab00000, 0x000000008ab00000| Complete 
| 122|0x000000008ac00000, 0x000000008ad00000, 0x000000008ad00000|100%| E|CS|TAMS 0x000000008ac00000, 0x000000008ac00000| Complete 
| 123|0x000000008ad00000, 0x000000008ae00000, 0x000000008ae00000|100%| E|CS|TAMS 0x000000008ad00000, 0x000000008ad00000| Complete 
| 124|0x000000008ae00000, 0x000000008af00000, 0x000000008af00000|100%| E|CS|TAMS 0x000000008ae00000, 0x000000008ae00000| Complete 
| 125|0x000000008af00000, 0x000000008b000000, 0x000000008b000000|100%| E|CS|TAMS 0x000000008af00000, 0x000000008af00000| Complete 
| 126|0x000000008b000000, 0x000000008b100000, 0x000000008b100000|100%| E|CS|TAMS 0x000000008b000000, 0x000000008b000000| Complete 

Card table byte_map: [0x0000023eb7320000,0x0000023eb7710000] _byte_map_base: 0x0000023eb6f07000

Marking Bits (Prev, Next): (CMBitMap*) 0x0000023ea018fdf0, (CMBitMap*) 0x0000023ea018fdb0
 Prev Bits: [0x0000023eb9a40000, 0x0000023ebb978000)
 Next Bits: [0x0000023eb7b00000, 0x0000023eb9a38000)

Polling page: 0x0000023e9e0e0000

Metaspace:

Usage:
  Non-class:     79.01 MB used.
      Class:     10.53 MB used.
       Both:     89.55 MB used.

Virtual space:
  Non-class space:       96.00 MB reserved,      84.25 MB ( 88%) committed,  12 nodes.
      Class space:        1.00 GB reserved,      12.00 MB (  1%) committed,  1 nodes.
             Both:        1.09 GB reserved,      96.25 MB (  9%) committed. 

Chunk freelists:
   Non-Class:  12.34 MB
       Class:  1.11 MB
        Both:  13.45 MB

MaxMetaspaceSize: unlimited
CompressedClassSpaceSize: 1.00 GB
Initial GC threshold: 21.00 MB
Current GC threshold: 167.81 MB
CDS: on
MetaspaceReclaimPolicy: balanced
 - commit_granule_bytes: 65536.
 - commit_granule_words: 8192.
 - virtual_space_node_default_size: 1048576.
 - enlarge_chunks_in_place: 1.
 - new_chunks_are_fully_committed: 0.
 - uncommit_free_chunks: 1.
 - use_allocation_guard: 0.
 - handle_deallocations: 1.


Internal statistics:

num_allocs_failed_limit: 6.
num_arena_births: 1926.
num_arena_deaths: 660.
num_vsnodes_births: 13.
num_vsnodes_deaths: 0.
num_space_committed: 1612.
num_space_uncommitted: 72.
num_chunks_returned_to_freelist: 1386.
num_chunks_taken_from_freelist: 6422.
num_chunk_merges: 342.
num_chunk_splits: 3947.
num_chunks_enlarged: 2395.
num_purges: 30.
num_inconsistent_stats: 0.

CodeHeap 'non-profiled nmethods': size=120000Kb used=15425Kb max_used=15425Kb free=104574Kb
 bounds [0x0000023eaf6d0000, 0x0000023eb05f0000, 0x0000023eb6c00000]
CodeHeap 'profiled nmethods': size=120000Kb used=39105Kb max_used=39105Kb free=80894Kb
 bounds [0x0000023ea81a0000, 0x0000023eaa7e0000, 0x0000023eaf6d0000]
CodeHeap 'non-nmethods': size=5760Kb used=2459Kb max_used=2553Kb free=3300Kb
 bounds [0x0000023ea7c00000, 0x0000023ea7e90000, 0x0000023ea81a0000]
 total_blobs=19436 nmethods=18459 adapters=885
 compilation: enabled
              stopped_count=0, restarted_count=0
 full_count=0

Compilation events (20 events):
Event: 7618.746 Thread 0x0000023ebe3cb150 nmethod 22416 0x0000023eaa7ce710 code [0x0000023eaa7ce8c0, 0x0000023eaa7cea88]
Event: 7618.757 Thread 0x0000023ebe3cb150 22417       1       org.springframework.boot.devtools.filewatch.ChangedFile::getType (5 bytes)
Event: 7618.757 Thread 0x0000023ebe3cb150 nmethod 22417 0x0000023eb05e0090 code [0x0000023eb05e0220, 0x0000023eb05e02f8]
Event: 7618.782 Thread 0x0000023ebe3ca7a0 22418       4       org.springframework.core.ResolvableType::as (86 bytes)
Event: 7618.785 Thread 0x0000023ebe3cb150 22419   !   3       jdk.proxy1.$Proxy1::annotationType (29 bytes)
Event: 7618.790 Thread 0x0000023ebe3cb150 nmethod 22419 0x0000023eaa7ceb90 code [0x0000023eaa7ced60, 0x0000023eaa7cf158]
Event: 7618.829 Thread 0x0000023ebe3cb150 22421   !   3       java.lang.ThreadGroup::remove (94 bytes)
Event: 7618.830 Thread 0x0000023ebe3cb150 nmethod 22421 0x0000023eaa7cf310 code [0x0000023eaa7cf500, 0x0000023eaa7cfb48]
Event: 7618.831 Thread 0x0000023ebe3cb150 22422       1       java.lang.StackTraceElement::getMethodName (5 bytes)
Event: 7618.831 Thread 0x0000023ebe3cb150 nmethod 22422 0x0000023eb05e0390 code [0x0000023eb05e0520, 0x0000023eb05e05f8]
Event: 7618.839 Thread 0x0000023ebe3cb150 22423       3       org.apache.tomcat.util.collections.ManagedConcurrentWeakHashMap$Key::equals (61 bytes)
Event: 7618.841 Thread 0x0000023ebe3cb150 nmethod 22423 0x0000023eaa7cfe10 code [0x0000023eaa7d0000, 0x0000023eaa7d07b8]
Event: 7618.880 Thread 0x0000023ebe3cb150 22425       3       ch.qos.logback.core.spi.AppenderAttachableImpl::appendLoopOnAppenders (48 bytes)
Event: 7618.882 Thread 0x0000023ebe3cb150 nmethod 22425 0x0000023eaa7d0910 code [0x0000023eaa7d0b20, 0x0000023eaa7d13b8]
Event: 7618.882 Thread 0x0000023ebe3cb150 22426       3       ch.qos.logback.core.pattern.CompositeConverter::convert (43 bytes)
Event: 7618.884 Thread 0x0000023ebe3cb150 nmethod 22426 0x0000023eaa7d1710 code [0x0000023eaa7d1940, 0x0000023eaa7d20c8]
Event: 7618.904 Thread 0x0000023ebe3cb150 22427       3       java.util.ArrayList$ListItr::hasPrevious (13 bytes)
Event: 7618.904 Thread 0x0000023ebe3cb150 nmethod 22427 0x0000023eaa7d2390 code [0x0000023eaa7d2520, 0x0000023eaa7d2698]
Event: 7618.909 Thread 0x0000023ebe3cb150 22428       3       java.util.Formatter$Flags::contains (22 bytes)
Event: 7618.909 Thread 0x0000023ebe3cb150 nmethod 22428 0x0000023eaa7d2710 code [0x0000023eaa7d28a0, 0x0000023eaa7d2a38]

GC Heap History (20 events):
Event: 6234.704 GC heap before
{Heap before GC invocations=150 (full 7):
 garbage-first heap   total 130048K, used 114055K [0x0000000083200000, 0x0000000100000000)
  region size 1024K, 69 young (70656K), 1 survivors (1024K)
 Metaspace       used 91647K, committed 98560K, reserved 1146880K
  class space    used 10786K, committed 12288K, reserved 1048576K
}
Event: 6234.708 GC heap after
{Heap after GC invocations=151 (full 7):
 garbage-first heap   total 130048K, used 44444K [0x0000000083200000, 0x0000000100000000)
  region size 1024K, 1 young (1024K), 1 survivors (1024K)
 Metaspace       used 91647K, committed 98560K, reserved 1146880K
  class space    used 10786K, committed 12288K, reserved 1048576K
}
Event: 6440.354 GC heap before
{Heap before GC invocations=152 (full 7):
 garbage-first heap   total 130048K, used 114076K [0x0000000083200000, 0x0000000100000000)
  region size 1024K, 69 young (70656K), 1 survivors (1024K)
 Metaspace       used 91675K, committed 98560K, reserved 1146880K
  class space    used 10786K, committed 12288K, reserved 1048576K
}
Event: 6440.357 GC heap after
{Heap after GC invocations=153 (full 7):
 garbage-first heap   total 130048K, used 45059K [0x0000000083200000, 0x0000000100000000)
  region size 1024K, 1 young (1024K), 1 survivors (1024K)
 Metaspace       used 91675K, committed 98560K, reserved 1146880K
  class space    used 10786K, committed 12288K, reserved 1048576K
}
Event: 6456.279 GC heap before
{Heap before GC invocations=153 (full 7):
 garbage-first heap   total 130048K, used 50179K [0x0000000083200000, 0x0000000100000000)
  region size 1024K, 6 young (6144K), 1 survivors (1024K)
 Metaspace       used 91675K, committed 98560K, reserved 1146880K
  class space    used 10786K, committed 12288K, reserved 1048576K
}
Event: 6456.287 GC heap after
{Heap after GC invocations=154 (full 7):
 garbage-first heap   total 130048K, used 44786K [0x0000000083200000, 0x0000000100000000)
  region size 1024K, 1 young (1024K), 1 survivors (1024K)
 Metaspace       used 91675K, committed 98560K, reserved 1146880K
  class space    used 10786K, committed 12288K, reserved 1048576K
}
Event: 6673.833 GC heap before
{Heap before GC invocations=154 (full 7):
 garbage-first heap   total 130048K, used 113394K [0x0000000083200000, 0x0000000100000000)
  region size 1024K, 68 young (69632K), 1 survivors (1024K)
 Metaspace       used 91675K, committed 98560K, reserved 1146880K
  class space    used 10786K, committed 12288K, reserved 1048576K
}
Event: 6673.837 GC heap after
{Heap after GC invocations=155 (full 7):
 garbage-first heap   total 130048K, used 44813K [0x0000000083200000, 0x0000000100000000)
  region size 1024K, 1 young (1024K), 1 survivors (1024K)
 Metaspace       used 91675K, committed 98560K, reserved 1146880K
  class space    used 10786K, committed 12288K, reserved 1048576K
}
Event: 6894.907 GC heap before
{Heap before GC invocations=156 (full 7):
 garbage-first heap   total 130048K, used 114445K [0x0000000083200000, 0x0000000100000000)
  region size 1024K, 69 young (70656K), 1 survivors (1024K)
 Metaspace       used 91676K, committed 98560K, reserved 1146880K
  class space    used 10786K, committed 12288K, reserved 1048576K
}
Event: 6894.911 GC heap after
{Heap after GC invocations=157 (full 7):
 garbage-first heap   total 130048K, used 44817K [0x0000000083200000, 0x0000000100000000)
  region size 1024K, 1 young (1024K), 1 survivors (1024K)
 Metaspace       used 91676K, committed 98560K, reserved 1146880K
  class space    used 10786K, committed 12288K, reserved 1048576K
}
Event: 6911.418 GC heap before
{Heap before GC invocations=157 (full 7):
 garbage-first heap   total 130048K, used 49937K [0x0000000083200000, 0x0000000100000000)
  region size 1024K, 6 young (6144K), 1 survivors (1024K)
 Metaspace       used 91676K, committed 98560K, reserved 1146880K
  class space    used 10786K, committed 12288K, reserved 1048576K
}
Event: 6911.421 GC heap after
{Heap after GC invocations=158 (full 7):
 garbage-first heap   total 130048K, used 44618K [0x0000000083200000, 0x0000000100000000)
  region size 1024K, 1 young (1024K), 1 survivors (1024K)
 Metaspace       used 91676K, committed 98560K, reserved 1146880K
  class space    used 10786K, committed 12288K, reserved 1048576K
}
Event: 7131.715 GC heap before
{Heap before GC invocations=158 (full 7):
 garbage-first heap   total 130048K, used 114250K [0x0000000083200000, 0x0000000100000000)
  region size 1024K, 69 young (70656K), 1 survivors (1024K)
 Metaspace       used 91679K, committed 98560K, reserved 1146880K
  class space    used 10786K, committed 12288K, reserved 1048576K
}
Event: 7131.718 GC heap after
{Heap after GC invocations=159 (full 7):
 garbage-first heap   total 130048K, used 44652K [0x0000000083200000, 0x0000000100000000)
  region size 1024K, 1 young (1024K), 1 survivors (1024K)
 Metaspace       used 91679K, committed 98560K, reserved 1146880K
  class space    used 10786K, committed 12288K, reserved 1048576K
}
Event: 7352.502 GC heap before
{Heap before GC invocations=160 (full 7):
 garbage-first heap   total 130048K, used 114284K [0x0000000083200000, 0x0000000100000000)
  region size 1024K, 69 young (70656K), 1 survivors (1024K)
 Metaspace       used 91679K, committed 98560K, reserved 1146880K
  class space    used 10786K, committed 12288K, reserved 1048576K
}
Event: 7352.504 GC heap after
{Heap after GC invocations=161 (full 7):
 garbage-first heap   total 130048K, used 44682K [0x0000000083200000, 0x0000000100000000)
  region size 1024K, 1 young (1024K), 1 survivors (1024K)
 Metaspace       used 91679K, committed 98560K, reserved 1146880K
  class space    used 10786K, committed 12288K, reserved 1048576K
}
Event: 7369.010 GC heap before
{Heap before GC invocations=161 (full 7):
 garbage-first heap   total 130048K, used 49802K [0x0000000083200000, 0x0000000100000000)
  region size 1024K, 6 young (6144K), 1 survivors (1024K)
 Metaspace       used 91679K, committed 98560K, reserved 1146880K
  class space    used 10786K, committed 12288K, reserved 1048576K
}
Event: 7369.017 GC heap after
{Heap after GC invocations=162 (full 7):
 garbage-first heap   total 130048K, used 44281K [0x0000000083200000, 0x0000000100000000)
  region size 1024K, 1 young (1024K), 1 survivors (1024K)
 Metaspace       used 91679K, committed 98560K, reserved 1146880K
  class space    used 10786K, committed 12288K, reserved 1048576K
}
Event: 7589.987 GC heap before
{Heap before GC invocations=162 (full 7):
 garbage-first heap   total 130048K, used 113913K [0x0000000083200000, 0x0000000100000000)
  region size 1024K, 69 young (70656K), 1 survivors (1024K)
 Metaspace       used 91686K, committed 98560K, reserved 1146880K
  class space    used 10786K, committed 12288K, reserved 1048576K
}
Event: 7589.990 GC heap after
{Heap after GC invocations=163 (full 7):
 garbage-first heap   total 130048K, used 44313K [0x0000000083200000, 0x0000000100000000)
  region size 1024K, 1 young (1024K), 1 survivors (1024K)
 Metaspace       used 91686K, committed 98560K, reserved 1146880K
  class space    used 10786K, committed 12288K, reserved 1048576K
}

Dll operation events (10 events):
Event: 0.013 Loaded shared library C:\Program Files\Eclipse Adoptium\jdk-17.0.5.8-hotspot\bin\java.dll
Event: 0.025 Loaded shared library C:\Program Files\Eclipse Adoptium\jdk-17.0.5.8-hotspot\bin\jsvml.dll
Event: 0.133 Loaded shared library C:\Program Files\Eclipse Adoptium\jdk-17.0.5.8-hotspot\bin\net.dll
Event: 0.135 Loaded shared library C:\Program Files\Eclipse Adoptium\jdk-17.0.5.8-hotspot\bin\nio.dll
Event: 0.138 Loaded shared library C:\Program Files\Eclipse Adoptium\jdk-17.0.5.8-hotspot\bin\zip.dll
Event: 0.217 Loaded shared library C:\Program Files\Eclipse Adoptium\jdk-17.0.5.8-hotspot\bin\jimage.dll
Event: 0.248 Loaded shared library C:\Program Files\Eclipse Adoptium\jdk-17.0.5.8-hotspot\bin\verify.dll
Event: 0.621 Loaded shared library C:\Program Files\Eclipse Adoptium\jdk-17.0.5.8-hotspot\bin\management.dll
Event: 0.628 Loaded shared library C:\Program Files\Eclipse Adoptium\jdk-17.0.5.8-hotspot\bin\management_ext.dll
Event: 5.914 Loaded shared library C:\Program Files\Eclipse Adoptium\jdk-17.0.5.8-hotspot\bin\sunmscapi.dll

Deoptimization events (20 events):
Event: 7618.785 Thread 0x0000023ec5b3dd90 Uncommon trap: trap_request=0xfffffff4 fr.pc=0x0000023eafb1e274 relative=0x00000000000005b4
Event: 7618.785 Thread 0x0000023ec5b3dd90 Uncommon trap: reason=null_check action=make_not_entrant pc=0x0000023eafb1e274 method=java.lang.Class.reflectionData()Ljava/lang/Class$ReflectionData; @ 18 c2
Event: 7618.785 Thread 0x0000023ec5b3dd90 DEOPT PACKING pc=0x0000023eafb1e274 sp=0x00000055720febe0
Event: 7618.785 Thread 0x0000023ec5b3dd90 DEOPT UNPACKING pc=0x0000023ea7c55ba3 sp=0x00000055720fead0 mode 2
Event: 7618.841 Thread 0x0000023ec5b3dd90 Uncommon trap: trap_request=0xfffffff4 fr.pc=0x0000023eb0282b08 relative=0x0000000000001f08
Event: 7618.841 Thread 0x0000023ec5b3dd90 Uncommon trap: reason=null_check action=make_not_entrant pc=0x0000023eb0282b08 method=jdk.internal.loader.BuiltinClassLoader.findMiscResource(Ljava/lang/String;)Ljava/util/List; @ 13 c2
Event: 7618.841 Thread 0x0000023ec5b3dd90 DEOPT PACKING pc=0x0000023eb0282b08 sp=0x00000055720fdda0
Event: 7618.842 Thread 0x0000023ec5b3dd90 DEOPT UNPACKING pc=0x0000023ea7c55ba3 sp=0x00000055720fdd90 mode 2
Event: 7618.891 Thread 0x0000023ec5b3dd90 Uncommon trap: trap_request=0xffffff5c fr.pc=0x0000023eb05a54c4 relative=0x0000000000001284
Event: 7618.891 Thread 0x0000023ec5b3dd90 Uncommon trap: reason=speculate_null_check action=make_not_entrant pc=0x0000023eb05a54c4 method=java.util.concurrent.locks.AbstractQueuedSynchronizer.acquire(Ljava/util/concurrent/locks/AbstractQueuedSynchronizer$Node;IZZZJ)I @ 254 c2
Event: 7618.891 Thread 0x0000023ec5b3dd90 DEOPT PACKING pc=0x0000023eb05a54c4 sp=0x00000055720fe9e0
Event: 7618.891 Thread 0x0000023ec5b3dd90 DEOPT UNPACKING pc=0x0000023ea7c55ba3 sp=0x00000055720fe9c0 mode 2
Event: 7618.911 Thread 0x0000023ec5b3ec00 Uncommon trap: trap_request=0xffffff5c fr.pc=0x0000023eb05bb82c relative=0x000000000000048c
Event: 7618.911 Thread 0x0000023ec5b3ec00 Uncommon trap: reason=speculate_null_check action=make_not_entrant pc=0x0000023eb05bb82c method=java.util.concurrent.locks.AbstractQueuedSynchronizer.enqueue(Ljava/util/concurrent/locks/AbstractQueuedSynchronizer$Node;)V @ 15 c2
Event: 7618.911 Thread 0x0000023ec5b3ec00 DEOPT PACKING pc=0x0000023eb05bb82c sp=0x00000055709fed20
Event: 7618.911 Thread 0x0000023ec5b3ec00 DEOPT UNPACKING pc=0x0000023ea7c55ba3 sp=0x00000055709fec70 mode 2
Event: 7618.915 Thread 0x0000023ec5b3dd90 Uncommon trap: trap_request=0xfffffff4 fr.pc=0x0000023eaf808268 relative=0x00000000000000c8
Event: 7618.915 Thread 0x0000023ec5b3dd90 Uncommon trap: reason=null_check action=make_not_entrant pc=0x0000023eaf808268 method=org.springframework.util.ConcurrentReferenceHashMap$SoftEntryReference.get()Lorg/springframework/util/ConcurrentReferenceHashMap$Entry; @ 4 c2
Event: 7618.915 Thread 0x0000023ec5b3dd90 DEOPT PACKING pc=0x0000023eaf808268 sp=0x00000055720ff310
Event: 7618.915 Thread 0x0000023ec5b3dd90 DEOPT UNPACKING pc=0x0000023ea7c55ba3 sp=0x00000055720ff2b8 mode 2

Classes unloaded (20 events):
Event: 3125.515 Thread 0x0000023ebe3a5a00 Unloading class 0x0000000801424c00 'jdk/internal/reflect/GeneratedConstructorAccessor66'
Event: 3125.515 Thread 0x0000023ebe3a5a00 Unloading class 0x0000000801300c00 'jdk/internal/reflect/GeneratedConstructorAccessor53'
Event: 3125.515 Thread 0x0000023ebe3a5a00 Unloading class 0x0000000801300800 'jdk/internal/reflect/GeneratedConstructorAccessor52'
Event: 3125.515 Thread 0x0000023ebe3a5a00 Unloading class 0x0000000800edc400 'jdk/internal/reflect/GeneratedConstructorAccessor12'
Event: 3125.515 Thread 0x0000023ebe3a5a00 Unloading class 0x0000000800ed4800 'jdk/internal/reflect/GeneratedConstructorAccessor11'
Event: 3125.515 Thread 0x0000023ebe3a5a00 Unloading class 0x0000000800ed4400 'jdk/internal/reflect/GeneratedConstructorAccessor10'
Event: 3125.515 Thread 0x0000023ebe3a5a00 Unloading class 0x0000000800ed4000 'jdk/internal/reflect/GeneratedConstructorAccessor9'
Event: 3125.515 Thread 0x0000023ebe3a5a00 Unloading class 0x0000000800ec0400 'jdk/internal/reflect/GeneratedConstructorAccessor8'
Event: 3547.584 Thread 0x0000023ebe3a5a00 Unloading class 0x00000008017e6000 'jdk/internal/reflect/GeneratedMethodAccessor431'
Event: 3547.584 Thread 0x0000023ebe3a5a00 Unloading class 0x00000008017e5800 'jdk/internal/reflect/GeneratedMethodAccessor429'
Event: 3547.584 Thread 0x0000023ebe3a5a00 Unloading class 0x00000008017e5400 'jdk/internal/reflect/GeneratedMethodAccessor428'
Event: 3547.584 Thread 0x0000023ebe3a5a00 Unloading class 0x00000008017e5000 'jdk/internal/reflect/GeneratedMethodAccessor427'
Event: 3547.584 Thread 0x0000023ebe3a5a00 Unloading class 0x00000008017e4800 'jdk/internal/reflect/GeneratedMethodAccessor425'
Event: 3547.584 Thread 0x0000023ebe3a5a00 Unloading class 0x00000008017e4400 'jdk/internal/reflect/GeneratedMethodAccessor424'
Event: 3547.584 Thread 0x0000023ebe3a5a00 Unloading class 0x00000008017e4000 'jdk/internal/reflect/GeneratedMethodAccessor423'
Event: 3547.584 Thread 0x0000023ebe3a5a00 Unloading class 0x00000008017e3800 'jdk/internal/reflect/GeneratedMethodAccessor421'
Event: 3547.584 Thread 0x0000023ebe3a5a00 Unloading class 0x00000008017e3000 'jdk/internal/reflect/GeneratedMethodAccessor419'
Event: 3547.584 Thread 0x0000023ebe3a5a00 Unloading class 0x00000008017e2c00 'jdk/internal/reflect/GeneratedMethodAccessor418'
Event: 3547.584 Thread 0x0000023ebe3a5a00 Unloading class 0x00000008017e2800 'jdk/internal/reflect/GeneratedMethodAccessor417'
Event: 3547.584 Thread 0x0000023ebe3a5a00 Unloading class 0x000000080140cc00 'jdk/internal/reflect/GeneratedMethodAccessor63'

Classes redefined (0 events):
No events

Internal exceptions (20 events):
Event: 980.762 Thread 0x0000023ec5b42f60 Exception <a 'java/lang/ClassNotFoundException'{0x000000008a36a3a8}: java/lang/ObjectCustomizer> (0x000000008a36a3a8) 
thrown [s\src\hotspot\share\classfile\systemDictionary.cpp, line 256]
Event: 980.762 Thread 0x0000023ec5b42f60 Exception <a 'java/lang/ClassNotFoundException'{0x000000008a373100}: com/watch/shopwatchonline/Model/StaffCustomizer> (0x000000008a373100) 
thrown [s\src\hotspot\share\classfile\systemDictionary.cpp, line 256]
Event: 981.055 Thread 0x0000023ec5b42f60 Exception <a 'sun/nio/fs/WindowsException'{0x000000008a10d1d8}> (0x000000008a10d1d8) 
thrown [s\src\hotspot\share\prims\jni.cpp, line 516]
Event: 1121.656 Thread 0x0000023ec45cc630 Exception <a 'java/lang/ClassNotFoundException'{0x0000000089573030}: java/lang/ObjectCustomizer> (0x0000000089573030) 
thrown [s\src\hotspot\share\classfile\systemDictionary.cpp, line 256]
Event: 1121.658 Thread 0x0000023ec45cc630 Exception <a 'java/lang/ClassNotFoundException'{0x000000008957f0b8}: com/watch/shopwatchonline/Domain/OrderDtoCustomizer> (0x000000008957f0b8) 
thrown [s\src\hotspot\share\classfile\systemDictionary.cpp, line 256]
Event: 1121.660 Thread 0x0000023ec45cc630 Exception <a 'java/lang/ClassNotFoundException'{0x000000008959fd78}: java/lang/ObjectCustomizer> (0x000000008959fd78) 
thrown [s\src\hotspot\share\classfile\systemDictionary.cpp, line 256]
Event: 1121.662 Thread 0x0000023ec45cc630 Exception <a 'java/lang/ClassNotFoundException'{0x00000000895ab9a8}: com/watch/shopwatchonline/Model/OrderCustomizer> (0x00000000895ab9a8) 
thrown [s\src\hotspot\share\classfile\systemDictionary.cpp, line 256]
Event: 1194.691 Thread 0x0000023ec364c760 Exception <a 'java/lang/NoSuchMethodError'{0x0000000089e7dfa8}: 'java.lang.Object java.lang.invoke.DirectMethodHandle$Holder.newInvokeSpecial(java.lang.Object, long)'> (0x0000000089e7dfa8) 
thrown [s\src\hotspot\share\interpreter\linkResolver.cpp, line 759]
Event: 7605.823 Thread 0x0000023ec45ca480 Implicit null exception at 0x0000023eafd6feef to 0x0000023eafd72b78
Event: 7607.746 Thread 0x0000023ec45ca480 Implicit null exception at 0x0000023eafd6effd to 0x0000023eafd6f4f4
Event: 7618.779 Thread 0x0000023ec5b3dd90 Implicit null exception at 0x0000023eafd2ba43 to 0x0000023eafd314e8
Event: 7618.780 Thread 0x0000023ec5b3dd90 Implicit null exception at 0x0000023eb04734f3 to 0x0000023eb04749e4
Event: 7618.780 Thread 0x0000023ec5b3dd90 Implicit null exception at 0x0000023eaf8a9896 to 0x0000023eaf8a9e0c
Event: 7618.782 Thread 0x0000023ec5b3dd90 Implicit null exception at 0x0000023eaf8940ef to 0x0000023eaf894464
Event: 7618.782 Thread 0x0000023ec5b3dd90 Implicit null exception at 0x0000023eb00dfba2 to 0x0000023eb00e33e4
Event: 7618.783 Thread 0x0000023ec5b3dd90 Implicit null exception at 0x0000023eaf96935b to 0x0000023eaf96a028
Event: 7618.785 Thread 0x0000023ec5b3dd90 Implicit null exception at 0x0000023eafb1dd11 to 0x0000023eafb1e25c
Event: 7618.841 Thread 0x0000023ec5b3dd90 Implicit null exception at 0x0000023eb0280c4a to 0x0000023eb0282af4
Event: 7618.895 Thread 0x0000023ec45c9ae0 Exception <a 'java/lang/InterruptedException'{0x000000008a628220}: sleep interrupted> (0x000000008a628220) 
thrown [s\src\hotspot\share\prims\jvm.cpp, line 3070]
Event: 7618.915 Thread 0x0000023ec5b3dd90 Implicit null exception at 0x0000023eaf8081d9 to 0x0000023eaf80825c

VM Operations (20 events):
Event: 7131.718 Executing VM operation: G1CollectForAllocation done
Event: 7131.754 Executing VM operation: G1Concurrent
Event: 7131.792 Executing VM operation: G1Concurrent done
Event: 7131.813 Executing VM operation: G1Concurrent
Event: 7131.814 Executing VM operation: G1Concurrent done
Event: 7352.502 Executing VM operation: G1CollectForAllocation
Event: 7352.504 Executing VM operation: G1CollectForAllocation done
Event: 7369.010 Executing VM operation: G1CollectForAllocation
Event: 7369.017 Executing VM operation: G1CollectForAllocation done
Event: 7589.986 Executing VM operation: G1CollectForAllocation
Event: 7589.990 Executing VM operation: G1CollectForAllocation done
Event: 7590.021 Executing VM operation: G1Concurrent
Event: 7590.051 Executing VM operation: G1Concurrent done
Event: 7590.067 Executing VM operation: G1Concurrent
Event: 7590.068 Executing VM operation: G1Concurrent done
Event: 7618.874 Executing VM operation: ThreadDump
Event: 7618.875 Executing VM operation: ThreadDump done
Event: 7618.878 Executing VM operation: ThreadDump
Event: 7618.878 Executing VM operation: ThreadDump done
Event: 7618.915 Executing VM operation: G1CollectFull

Events (20 events):
Event: 7618.894 Thread 0x0000023ec364df70 Thread exited: 0x0000023ec364df70
Event: 7618.894 Thread 0x0000023ec364c290 Thread exited: 0x0000023ec364c290
Event: 7618.894 Thread 0x0000023ec364c760 Thread exited: 0x0000023ec364c760
Event: 7618.894 Thread 0x0000023ec45ccfd0 Thread exited: 0x0000023ec45ccfd0
Event: 7618.894 Thread 0x0000023ec45cde40 Thread exited: 0x0000023ec45cde40
Event: 7618.894 Thread 0x0000023ec45cae20 Thread exited: 0x0000023ec45cae20
Event: 7618.894 Thread 0x0000023ec45cc630 Thread exited: 0x0000023ec45cc630
Event: 7618.894 Thread 0x0000023ec45cd4a0 Thread exited: 0x0000023ec45cd4a0
Event: 7618.894 Thread 0x0000023ec45ccb00 Thread exited: 0x0000023ec45ccb00
Event: 7618.895 Thread 0x0000023ec45c9ae0 Thread exited: 0x0000023ec45c9ae0
Event: 7618.896 Thread 0x0000023ec45c87a0 Thread exited: 0x0000023ec45c87a0
Event: 7618.896 Thread 0x0000023ec45cc160 Thread exited: 0x0000023ec45cc160
Event: 7618.899 Thread 0x0000023ec45c9fb0 Thread exited: 0x0000023ec45c9fb0
Event: 7618.899 Thread 0x0000023ec364cc30 Thread exited: 0x0000023ec364cc30
Event: 7618.899 Thread 0x0000023ec5b43900 Thread exited: 0x0000023ec5b43900
Event: 7618.899 Thread 0x0000023ec364daa0 Thread exited: 0x0000023ec364daa0
Event: 7618.899 Thread 0x0000023ec5b42f60 Thread exited: 0x0000023ec5b42f60
Event: 7618.908 Thread 0x0000023ec5b3ec00 Thread added: 0x0000023ec5b3ec00
Event: 7618.908 Thread 0x0000023ec5b40410 Thread exited: 0x0000023ec5b40410
Event: 7618.911 Thread 0x0000023ec5b3ec00 Thread exited: 0x0000023ec5b3ec00


Dynamic libraries:
0x00007ff786170000 - 0x00007ff78617e000 	C:\Program Files\Eclipse Adoptium\jdk-17.0.5.8-hotspot\bin\java.exe
0x00007ffbe9590000 - 0x00007ffbe97a7000 	C:\WINDOWS\SYSTEM32\ntdll.dll
0x00007ffbe8cd0000 - 0x00007ffbe8d93000 	C:\WINDOWS\System32\KERNEL32.DLL
0x00007ffbe69e0000 - 0x00007ffbe6d7e000 	C:\WINDOWS\System32\KERNELBASE.dll
0x00007ffbe70d0000 - 0x00007ffbe71e7000 	C:\WINDOWS\System32\ucrtbase.dll
0x00007ffba3960000 - 0x00007ffba3979000 	C:\Program Files\Eclipse Adoptium\jdk-17.0.5.8-hotspot\bin\VCRUNTIME140.dll
0x00007ffba4250000 - 0x00007ffba4267000 	C:\Program Files\Eclipse Adoptium\jdk-17.0.5.8-hotspot\bin\jli.dll
0x00007ffbe7ba0000 - 0x00007ffbe7d4a000 	C:\WINDOWS\System32\USER32.dll
0x00007ffbe6f80000 - 0x00007ffbe6fa6000 	C:\WINDOWS\System32\win32u.dll
0x00007ffbe8db0000 - 0x00007ffbe8dd9000 	C:\WINDOWS\System32\GDI32.dll
0x00007ffbc7950000 - 0x00007ffbc7be1000 	C:\WINDOWS\WinSxS\amd64_microsoft.windows.common-controls_6595b64144ccf1df_6.0.25247.1000_none_7aedc753f2a8b3d1\COMCTL32.dll
0x00007ffbe6fb0000 - 0x00007ffbe70c7000 	C:\WINDOWS\System32\gdi32full.dll
0x00007ffbe7ad0000 - 0x00007ffbe7b77000 	C:\WINDOWS\System32\msvcrt.dll
0x00007ffbe71f0000 - 0x00007ffbe728a000 	C:\WINDOWS\System32\msvcp_win.dll
0x00007ffbe8550000 - 0x00007ffbe8580000 	C:\WINDOWS\System32\IMM32.DLL
0x00007ffbdb760000 - 0x00007ffbdb76c000 	C:\Program Files\Eclipse Adoptium\jdk-17.0.5.8-hotspot\bin\vcruntime140_1.dll
0x00007ffb849b0000 - 0x00007ffb84a41000 	C:\Program Files\Eclipse Adoptium\jdk-17.0.5.8-hotspot\bin\msvcp140.dll
0x00007ffb81c90000 - 0x00007ffb828d4000 	C:\Program Files\Eclipse Adoptium\jdk-17.0.5.8-hotspot\bin\server\jvm.dll
0x00007ffbe8f60000 - 0x00007ffbe900d000 	C:\WINDOWS\System32\ADVAPI32.dll
0x00007ffbe7690000 - 0x00007ffbe7736000 	C:\WINDOWS\System32\sechost.dll
0x00007ffbe9100000 - 0x00007ffbe9227000 	C:\WINDOWS\System32\RPCRT4.dll
0x00007ffbcf550000 - 0x00007ffbcf559000 	C:\WINDOWS\SYSTEM32\WSOCK32.dll
0x00007ffbdf920000 - 0x00007ffbdf955000 	C:\WINDOWS\SYSTEM32\WINMM.dll
0x00007ffbdf980000 - 0x00007ffbdf98a000 	C:\WINDOWS\SYSTEM32\VERSION.dll
0x00007ffbe8690000 - 0x00007ffbe86ff000 	C:\WINDOWS\System32\WS2_32.dll
0x00007ffbe58e0000 - 0x00007ffbe58f8000 	C:\WINDOWS\SYSTEM32\kernel.appcore.dll
0x00007ffbd91b0000 - 0x00007ffbd91ba000 	C:\Program Files\Eclipse Adoptium\jdk-17.0.5.8-hotspot\bin\jimage.dll
0x00007ffbe41f0000 - 0x00007ffbe4422000 	C:\WINDOWS\SYSTEM32\DBGHELP.DLL
0x00007ffbe7740000 - 0x00007ffbe7ac7000 	C:\WINDOWS\System32\combase.dll
0x00007ffbe75b0000 - 0x00007ffbe7688000 	C:\WINDOWS\System32\OLEAUT32.dll
0x00007ffbd2e40000 - 0x00007ffbd2e72000 	C:\WINDOWS\SYSTEM32\dbgcore.DLL
0x00007ffbe6d80000 - 0x00007ffbe6df9000 	C:\WINDOWS\System32\bcryptPrimitives.dll
0x00007ffb946c0000 - 0x00007ffb946e5000 	C:\Program Files\Eclipse Adoptium\jdk-17.0.5.8-hotspot\bin\java.dll
0x00007ffb848d0000 - 0x00007ffb849a6000 	C:\Program Files\Eclipse Adoptium\jdk-17.0.5.8-hotspot\bin\jsvml.dll
0x00007ffbe7d60000 - 0x00007ffbe854d000 	C:\WINDOWS\System32\SHELL32.dll
0x00007ffbe4870000 - 0x00007ffbe510a000 	C:\WINDOWS\SYSTEM32\windows.storage.dll
0x00007ffbe46e0000 - 0x00007ffbe486d000 	C:\WINDOWS\SYSTEM32\wintypes.dll
0x00007ffbe9460000 - 0x00007ffbe954b000 	C:\WINDOWS\System32\SHCORE.dll
0x00007ffbe8e30000 - 0x00007ffbe8e8e000 	C:\WINDOWS\System32\shlwapi.dll
0x00007ffbe6880000 - 0x00007ffbe68a1000 	C:\WINDOWS\SYSTEM32\profapi.dll
0x00007ffb93440000 - 0x00007ffb93459000 	C:\Program Files\Eclipse Adoptium\jdk-17.0.5.8-hotspot\bin\net.dll
0x00007ffbdf530000 - 0x00007ffbdf65e000 	C:\WINDOWS\SYSTEM32\WINHTTP.dll
0x00007ffbe5db0000 - 0x00007ffbe5e19000 	C:\WINDOWS\system32\mswsock.dll
0x00007ffb93420000 - 0x00007ffb93435000 	C:\Program Files\Eclipse Adoptium\jdk-17.0.5.8-hotspot\bin\nio.dll
0x00007ffb99570000 - 0x00007ffb99588000 	C:\Program Files\Eclipse Adoptium\jdk-17.0.5.8-hotspot\bin\zip.dll
0x00007ffb93400000 - 0x00007ffb93410000 	C:\Program Files\Eclipse Adoptium\jdk-17.0.5.8-hotspot\bin\verify.dll
0x00007ffbdda40000 - 0x00007ffbdda49000 	C:\Program Files\Eclipse Adoptium\jdk-17.0.5.8-hotspot\bin\management.dll
0x00007ffbd5cd0000 - 0x00007ffbd5cdb000 	C:\Program Files\Eclipse Adoptium\jdk-17.0.5.8-hotspot\bin\management_ext.dll
0x00007ffbe8da0000 - 0x00007ffbe8da8000 	C:\WINDOWS\System32\PSAPI.DLL
0x00007ffb7e350000 - 0x00007ffb7e367000 	C:\WINDOWS\system32\napinsp.dll
0x00007ffb7e330000 - 0x00007ffb7e34a000 	C:\WINDOWS\system32\pnrpnsp.dll
0x00007ffbb2520000 - 0x00007ffbb2541000 	C:\WINDOWS\system32\nlansp_c.dll
0x00007ffbe5450000 - 0x00007ffbe554d000 	C:\WINDOWS\SYSTEM32\DNSAPI.dll
0x00007ffbe53c0000 - 0x00007ffbe53ee000 	C:\WINDOWS\SYSTEM32\IPHLPAPI.DLL
0x00007ffbe7d50000 - 0x00007ffbe7d59000 	C:\WINDOWS\System32\NSI.dll
0x00007ffb7e310000 - 0x00007ffb7e321000 	C:\WINDOWS\System32\winrnr.dll
0x00007ffbb3fa0000 - 0x00007ffbb3fb5000 	C:\WINDOWS\system32\wshbth.dll
0x00007ffbd70f0000 - 0x00007ffbd70fa000 	C:\Windows\System32\rasadhlp.dll
0x00007ffbde6f0000 - 0x00007ffbde774000 	C:\WINDOWS\System32\fwpuclnt.dll
0x00007ffbe6030000 - 0x00007ffbe604b000 	C:\WINDOWS\SYSTEM32\CRYPTSP.dll
0x00007ffbe5840000 - 0x00007ffbe5874000 	C:\WINDOWS\system32\rsaenh.dll
0x00007ffbe5ed0000 - 0x00007ffbe5ef8000 	C:\WINDOWS\SYSTEM32\USERENV.dll
0x00007ffbe61f0000 - 0x00007ffbe6218000 	C:\WINDOWS\SYSTEM32\bcrypt.dll
0x00007ffbe6050000 - 0x00007ffbe605c000 	C:\WINDOWS\SYSTEM32\CRYPTBASE.dll
0x00007ffbdf510000 - 0x00007ffbdf529000 	C:\WINDOWS\SYSTEM32\dhcpcsvc6.DLL
0x00007ffbdf4e0000 - 0x00007ffbdf4ff000 	C:\WINDOWS\SYSTEM32\dhcpcsvc.DLL
0x00007ffbd7600000 - 0x00007ffbd760e000 	C:\Program Files\Eclipse Adoptium\jdk-17.0.5.8-hotspot\bin\sunmscapi.dll
0x00007ffbe6e00000 - 0x00007ffbe6f6f000 	C:\WINDOWS\System32\CRYPT32.dll
0x00007ffbe61b0000 - 0x00007ffbe61df000 	C:\WINDOWS\SYSTEM32\ncrypt.dll
0x00007ffbe6170000 - 0x00007ffbe61a7000 	C:\WINDOWS\SYSTEM32\NTASN1.dll
0x00007ffbe3ab0000 - 0x00007ffbe3ab8000 	C:\WINDOWS\system32\wshunix.dll

dbghelp: loaded successfully - version: 4.0.5 - missing functions: none
symbol engine: initialized successfully - sym options: 0x614 - pdb path: .;C:\Program Files\Eclipse Adoptium\jdk-17.0.5.8-hotspot\bin;C:\WINDOWS\SYSTEM32;C:\WINDOWS\WinSxS\amd64_microsoft.windows.common-controls_6595b64144ccf1df_6.0.25247.1000_none_7aedc753f2a8b3d1;C:\Program Files\Eclipse Adoptium\jdk-17.0.5.8-hotspot\bin\server

VM Arguments:
jvm_args: -XX:+ShowCodeDetailsInExceptionMessages 
java_command: com.watch.shopwatchonline.ShopwatchonlineApplication
java_class_path (initial): F:\java\shopwatchonline\target\classes;C:\Users\datea\.m2\repository\org\springframework\boot\spring-boot-starter-mail\2.6.12\spring-boot-starter-mail-2.6.12.jar;C:\Users\datea\.m2\repository\org\springframework\boot\spring-boot-starter\2.6.12\spring-boot-starter-2.6.12.jar;C:\Users\datea\.m2\repository\org\springframework\boot\spring-boot-starter-logging\2.6.12\spring-boot-starter-logging-2.6.12.jar;C:\Users\datea\.m2\repository\ch\qos\logback\logback-classic\1.2.11\logback-classic-1.2.11.jar;C:\Users\datea\.m2\repository\ch\qos\logback\logback-core\1.2.11\logback-core-1.2.11.jar;C:\Users\datea\.m2\repository\org\apache\logging\log4j\log4j-to-slf4j\2.17.2\log4j-to-slf4j-2.17.2.jar;C:\Users\datea\.m2\repository\org\apache\logging\log4j\log4j-api\2.17.2\log4j-api-2.17.2.jar;C:\Users\datea\.m2\repository\org\slf4j\jul-to-slf4j\1.7.36\jul-to-slf4j-1.7.36.jar;C:\Users\datea\.m2\repository\jakarta\annotation\jakarta.annotation-api\1.3.5\jakarta.annotation-api-1.3.5.jar;C:\Users\datea\.m2\repository\org\yaml\snakeyaml\1.29\snakeyaml-1.29.jar;C:\Users\datea\.m2\repository\org\springframework\spring-context-support\5.3.23\spring-context-support-5.3.23.jar;C:\Users\datea\.m2\repository\org\springframework\spring-beans\5.3.23\spring-beans-5.3.23.jar;C:\Users\datea\.m2\repository\org\springframework\spring-context\5.3.23\spring-context-5.3.23.jar;C:\Users\datea\.m2\repository\com\sun\mail\jakarta.mail\1.6.7\jakarta.mail-1.6.7.jar;C:\Users\datea\.m2\repository\com\sun\activation\jakarta.activation\1.2.2\jakarta.activation-1.2.2.jar;C:\Users\datea\.m2\repository\com\google\code\gson\gson\2.8.6\gson-2.8.6.jar;C:\Users\datea\.m2\repository\io\jsonwebtoken\jjwt\0.9.1\jjwt-0.9.1.jar;C:\Users\datea\.m2\repository\org\springframework\boot\spring-boot-configuration-processor\2.0.1.RELEASE\spring-boot-configuration-processor-2.0.1.RELEASE.jar;C:\Users\datea\.m2\repository\com\fasterxml\jackson\core\jackson-databind\2.13.4\jackson-databind-2.13.4.jar;C:\Users
Launcher Type: SUN_STANDARD

[Global flags]
     intx CICompilerCount                          = 4                                         {product} {ergonomic}
     uint ConcGCThreads                            = 2                                         {product} {ergonomic}
     uint G1ConcRefinementThreads                  = 8                                         {product} {ergonomic}
   size_t G1HeapRegionSize                         = 1048576                                   {product} {ergonomic}
    uintx GCDrainStackTargetSize                   = 64                                        {product} {ergonomic}
   size_t InitialHeapSize                          = 132120576                                 {product} {ergonomic}
   size_t MarkStackSize                            = 4194304                                   {product} {ergonomic}
   size_t MaxHeapSize                              = 2095054848                                {product} {ergonomic}
   size_t MaxNewSize                               = 1256194048                                {product} {ergonomic}
   size_t MinHeapDeltaBytes                        = 1048576                                   {product} {ergonomic}
   size_t MinHeapSize                              = 8388608                                   {product} {ergonomic}
    uintx NonNMethodCodeHeapSize                   = 5839372                                {pd product} {ergonomic}
    uintx NonProfiledCodeHeapSize                  = 122909434                              {pd product} {ergonomic}
    uintx ProfiledCodeHeapSize                     = 122909434                              {pd product} {ergonomic}
    uintx ReservedCodeCacheSize                    = 251658240                              {pd product} {ergonomic}
     bool SegmentedCodeCache                       = true                                      {product} {ergonomic}
     bool ShowCodeDetailsInExceptionMessages       = true                                   {manageable} {command line}
   size_t SoftMaxHeapSize                          = 2095054848                             {manageable} {ergonomic}
     bool UseCompressedClassPointers               = true                           {product lp64_product} {ergonomic}
     bool UseCompressedOops                        = true                           {product lp64_product} {ergonomic}
     bool UseG1GC                                  = true                                      {product} {ergonomic}
     bool UseLargePagesIndividualAllocation        = false                                  {pd product} {ergonomic}

Logging:
Log output configuration:
 #0: stdout all=warning uptime,level,tags
 #1: stderr all=off uptime,level,tags

Environment Variables:
PATH=C:\Program Files\Eclipse Adoptium\jdk-17.0.5.8-hotspot\bin;C:\Program Files\Java\jdk-15.0.2\bin;C:\Program Files\Common Files\Oracle\Java\javapath;C:\WINDOWS\system32;C:\WINDOWS;C:\WINDOWS\System32\Wbem;C:\WINDOWS\System32\WindowsPowerShell\v1.0\;C:\WINDOWS\System32\OpenSSH\;C:\Program Files\Azure Data Studio\bin;C:\Program Files\Microsoft SQL Server\Client SDK\ODBC\170\Tools\Binn\;C:\Program Files (x86)\Microsoft SQL Server\150\Tools\Binn\;C:\Program Files\Microsoft SQL Server\150\Tools\Binn\;C:\Program Files\Microsoft SQL Server\150\DTS\Binn\;C:\Program Files (x86)\Microsoft SQL Server\150\DTS\Binn\;C:\Program Files (x86)\GitExtensions\;F:\xampp\php;C:\ProgramData\ComposerSetup\bin;C:\xampp\php;C:\Program Files\Git\cmd;C:\Program Files\nodejs\;C:\Users\datea\AppData\Local\Microsoft\WindowsApps;C:\Users\datea\AppData\Local\Programs\Microsoft VS Code\bin;;C:\Program Files\Azure Data Studio\bin;C:\Users\datea\AppData\Roaming\Composer\vendor\bin;C:\Users\datea\AppData\Roaming\npm
USERNAME=datea
LANG=en_US.UTF-8
OS=Windows_NT
PROCESSOR_IDENTIFIER=Intel64 Family 6 Model 126 Stepping 5, GenuineIntel
TMP=C:\Users\datea\AppData\Local\Temp
TEMP=C:\Users\datea\AppData\Local\Temp



---------------  S Y S T E M  ---------------

OS:
 Windows 11 , 64 bit Build 25247 (10.0.25247.1000)
OS uptime: 1 days 2:14 hours
Hyper-V role detected

CPU: total 8 (initial active 8) (4 cores per cpu, 2 threads per core) family 6 model 126 stepping 5 microcode 0xa6, cx8, cmov, fxsr, ht, mmx, 3dnowpref, sse, sse2, sse3, ssse3, sse4.1, sse4.2, popcnt, lzcnt, tsc, tscinvbit, avx, avx2, aes, erms, clmul, bmi1, bmi2, adx, avx512f, avx512dq, avx512cd, avx512bw, avx512vl, sha, fma, vzeroupper, avx512_vpopcntdq, avx512_vpclmulqdq, avx512_vaes, avx512_vnni, clflush, clflushopt, avx512_vbmi2, avx512_vbmi, hv

Memory: 4k page, system-wide physical 7987M (366M free)
TotalPageFile size 12083M (AvailPageFile size 1M)
current process WorkingSet (physical memory assigned to process): 251M, peak: 429M
current process commit charge ("private bytes"): 459M, peak: 474M

vm_info: OpenJDK 64-Bit Server VM (17.0.5+8) for windows-amd64 JRE (17.0.5+8), built on Oct 19 2022 04:48:13 by "temurin" with MS VC++ 16.7 (VS2019)

END.
