#
# There is insufficient memory for the Java Runtime Environment to continue.
# Native memory allocation (mmap) failed to map 445644800 bytes for G1 virtual space
# Possible reasons:
#   The system is out of physical RAM or swap space
#   The process is running with CompressedOops enabled, and the Java Heap may be blocking the growth of the native heap
# Possible solutions:
#   Reduce memory load on the system
#   Increase physical memory or swap space
#   Check if swap backing store is full
#   Decrease Java heap size (-Xmx/-Xms)
#   Decrease number of Java threads
#   Decrease Java thread stack sizes (-Xss)
#   Set larger code cache with -XX:ReservedCodeCacheSize=
#   JVM is running with Unscaled Compressed Oops mode in which the Java heap is
#     placed in the first 4GB address space. The Java Heap base address is the
#     maximum limit for the native heap growth. Please use -XX:HeapBaseMinAddress
#     to set the Java Heap base and to place the Java Heap above 4GB virtual address.
# This output file may be truncated or incomplete.
#
#  Out of Memory Error (os_windows.cpp:3541), pid=14752, tid=13272
#
# JRE version: OpenJDK Runtime Environment Temurin-17.0.4.1+1 (17.0.4.1+1) (build 17.0.4.1+1)
# Java VM: OpenJDK 64-Bit Server VM Temurin-17.0.4.1+1 (17.0.4.1+1, mixed mode, emulated-client, tiered, compressed oops, compressed class ptrs, g1 gc, windows-amd64)
# No core dump will be written. Minidumps are not enabled by default on client versions of Windows
#

---------------  S U M M A R Y ------------

Command Line: -Dsts.lsp.client=vscode -Dsts.log.file=/dev/null -XX:TieredStopAtLevel=1 -Xlog:jni+resolve=off -Dspring.config.location=file:c:\Users\datea\.vscode\extensions\pivotal.vscode-spring-boot-1.39.0\language-server\BOOT-INF\classes\application.properties org.springframework.ide.vscode.boot.app.BootLanguageServerBootApp

Host: Intel(R) Core(TM) i5-1035G1 CPU @ 1.00GHz, 8 cores, 7G,  Windows 11 , 64 bit Build 25217 (10.0.25217.1000)
Time: Thu Oct 20 14:44:59 2022 SE Asia Standard Time elapsed time: 9.900921 seconds (0d 0h 0m 9s)

---------------  T H R E A D  ---------------

Current thread (0x000002c234c23b40):  VMThread "VM Thread" [stack: 0x000000ea0dc00000,0x000000ea0dd00000] [id=13272]

Stack: [0x000000ea0dc00000,0x000000ea0dd00000]
Native frames: (J=compiled Java code, j=interpreted, Vv=VM code, C=native code)
V  [jvm.dll+0x67731a]
V  [jvm.dll+0x832284]
V  [jvm.dll+0x833a2e]
V  [jvm.dll+0x834093]
V  [jvm.dll+0x245775]
V  [jvm.dll+0x674209]
V  [jvm.dll+0x668a92]
V  [jvm.dll+0x30471b]
V  [jvm.dll+0x30bc66]
V  [jvm.dll+0x35ba9e]
V  [jvm.dll+0x35bccf]
V  [jvm.dll+0x2db5b8]
V  [jvm.dll+0x2d986c]
V  [jvm.dll+0x2d8e3c]
V  [jvm.dll+0x31cd9b]
V  [jvm.dll+0x83853b]
V  [jvm.dll+0x839274]
V  [jvm.dll+0x83978c]
V  [jvm.dll+0x839b64]
V  [jvm.dll+0x839c30]
V  [jvm.dll+0x7e240a]
V  [jvm.dll+0x6761a5]
C  [ucrtbase.dll+0x4b7eb]
C  [KERNEL32.DLL+0x1484d]
C  [ntdll.dll+0x67558]

VM_Operation (0x000000ea0fbfe2f0): G1CollectForAllocation, mode: safepoint, requested by thread 0x000002c2375e2fa0


---------------  P R O C E S S  ---------------

Threads class SMR info:
_java_thread_list=0x000002c2393c4670, length=38, elements={
0x000002c2358012d0, 0x000002c235804540, 0x000002c234c4e620, 0x000002c234c44170,
0x000002c234c44a30, 0x000002c234c45a90, 0x000002c234c46350, 0x000002c235826bc0,
0x000002c235a1e710, 0x000002c235a422a0, 0x000002c235a48660, 0x000002c2362e4d50,
0x000002c2362cb4b0, 0x000002c237229d70, 0x000002c237307890, 0x000002c2375a51c0,
0x000002c23617f8f0, 0x000002c23617f050, 0x000002c2375b9730, 0x000002c2375b9c00,
0x000002c2375ba0d0, 0x000002c2375e2fa0, 0x000002c2375e2130, 0x000002c2375dff80,
0x000002c2375e0920, 0x000002c2375e3940, 0x000002c2375e1790, 0x000002c2375e2600,
0x000002c2375e0450, 0x000002c2375e2ad0, 0x000002c2375e3470, 0x000002c2375e1c60,
0x000002c2375e0df0, 0x000002c2375e12c0, 0x000002c2392425c0, 0x000002c239248600,
0x000002c2392442a0, 0x000002c239242f60
}

Java Threads: ( => current thread )
  0x000002c2358012d0 JavaThread "Reference Handler" daemon [_thread_blocked, id=43332, stack(0x000000ea0dd00000,0x000000ea0de00000)]
  0x000002c235804540 JavaThread "Finalizer" daemon [_thread_blocked, id=43668, stack(0x000000ea0de00000,0x000000ea0df00000)]
  0x000002c234c4e620 JavaThread "Signal Dispatcher" daemon [_thread_blocked, id=51464, stack(0x000000ea0df00000,0x000000ea0e000000)]
  0x000002c234c44170 JavaThread "Attach Listener" daemon [_thread_blocked, id=55292, stack(0x000000ea0e000000,0x000000ea0e100000)]
  0x000002c234c44a30 JavaThread "Service Thread" daemon [_thread_blocked, id=52040, stack(0x000000ea0e100000,0x000000ea0e200000)]
  0x000002c234c45a90 JavaThread "Monitor Deflation Thread" daemon [_thread_blocked, id=52436, stack(0x000000ea0e200000,0x000000ea0e300000)]
  0x000002c234c46350 JavaThread "C1 CompilerThread0" daemon [_thread_blocked, id=43372, stack(0x000000ea0e300000,0x000000ea0e400000)]
  0x000002c235826bc0 JavaThread "Sweeper thread" daemon [_thread_blocked, id=45312, stack(0x000000ea0e400000,0x000000ea0e500000)]
  0x000002c235a1e710 JavaThread "C1 CompilerThread1" daemon [_thread_blocked, id=54280, stack(0x000000ea0e500000,0x000000ea0e600000)]
  0x000002c235a422a0 JavaThread "Notification Thread" daemon [_thread_blocked, id=28228, stack(0x000000ea0e600000,0x000000ea0e700000)]
  0x000002c235a48660 JavaThread "Common-Cleaner" daemon [_thread_blocked, id=45184, stack(0x000000ea0e800000,0x000000ea0e900000)]
  0x000002c2362e4d50 JavaThread "C1 CompilerThread2" daemon [_thread_blocked, id=53616, stack(0x000000ea0e900000,0x000000ea0ea00000)]
  0x000002c2362cb4b0 JavaThread "C1 CompilerThread3" daemon [_thread_blocked, id=50948, stack(0x000000ea0ea00000,0x000000ea0eb00000)]
  0x000002c237229d70 JavaThread "boundedElastic-evictor-1" daemon [_thread_blocked, id=54980, stack(0x000000ea0f000000,0x000000ea0f100000)]
  0x000002c237307890 JavaThread "ForkJoinPool.commonPool-worker-1" daemon [_thread_blocked, id=21620, stack(0x000000ea0f400000,0x000000ea0f500000)]
  0x000002c2375a51c0 JavaThread "ClassGraph-worker-0" daemon [_thread_blocked, id=15280, stack(0x000000ea0f500000,0x000000ea0f600000)]
  0x000002c23617f8f0 JavaThread "ClassGraph-worker-1" daemon [_thread_blocked, id=19752, stack(0x000000ea0f600000,0x000000ea0f700000)]
  0x000002c23617f050 JavaThread "ClassGraph-worker-2" daemon [_thread_blocked, id=50504, stack(0x000000ea0f700000,0x000000ea0f800000)]
  0x000002c2375b9730 JavaThread "ClassGraph-worker-3" daemon [_thread_blocked, id=52048, stack(0x000000ea0f800000,0x000000ea0f900000)]
  0x000002c2375b9c00 JavaThread "ClassGraph-worker-4" daemon [_thread_blocked, id=11208, stack(0x000000ea0f900000,0x000000ea0fa00000)]
  0x000002c2375ba0d0 JavaThread "ClassGraph-worker-5" daemon [_thread_blocked, id=44240, stack(0x000000ea0fa00000,0x000000ea0fb00000)]
  0x000002c2375e2fa0 JavaThread "ClassGraph-worker-6" daemon [_thread_blocked, id=9572, stack(0x000000ea0fb00000,0x000000ea0fc00000)]
  0x000002c2375e2130 JavaThread "ClassGraph-worker-7" daemon [_thread_blocked, id=18776, stack(0x000000ea0fc00000,0x000000ea0fd00000)]
  0x000002c2375dff80 JavaThread "ClassGraph-worker-8" daemon [_thread_blocked, id=53040, stack(0x000000ea0fd00000,0x000000ea0fe00000)]
  0x000002c2375e0920 JavaThread "ClassGraph-worker-9" daemon [_thread_blocked, id=53116, stack(0x000000ea0fe00000,0x000000ea0ff00000)]
  0x000002c2375e3940 JavaThread "ClassGraph-worker-10" daemon [_thread_blocked, id=39236, stack(0x000000ea0ff00000,0x000000ea10000000)]
  0x000002c2375e1790 JavaThread "ClassGraph-worker-11" daemon [_thread_blocked, id=8836, stack(0x000000ea10000000,0x000000ea10100000)]
  0x000002c2375e2600 JavaThread "ClassGraph-worker-12" daemon [_thread_blocked, id=55092, stack(0x000000ea10100000,0x000000ea10200000)]
  0x000002c2375e0450 JavaThread "ClassGraph-worker-13" daemon [_thread_blocked, id=52272, stack(0x000000ea10200000,0x000000ea10300000)]
  0x000002c2375e2ad0 JavaThread "pool-9-thread-1" [_thread_blocked, id=56188, stack(0x000000ea10300000,0x000000ea10400000)]
  0x000002c2375e3470 JavaThread "LanguageServerApp-lifecycle" [_thread_blocked, id=56136, stack(0x000000ea10400000,0x000000ea10500000)]
  0x000002c2375e1c60 JavaThread "DestroyJavaVM" [_thread_blocked, id=15560, stack(0x000000ea0d600000,0x000000ea0d700000)]
  0x000002c2375e0df0 JavaThread "pool-10-thread-1" [_thread_in_native, id=15520, stack(0x000000ea10500000,0x000000ea10600000)]
  0x000002c2375e12c0 JavaThread "Simple-Language-Server main thread" daemon [_thread_blocked, id=18164, stack(0x000000ea10600000,0x000000ea10700000)]
  0x000002c2392425c0 JavaThread "pool-7-thread-1" [_thread_blocked, id=49828, stack(0x000000ea10700000,0x000000ea10800000)]
  0x000002c239248600 JavaThread "parallel-1" daemon [_thread_blocked, id=22248, stack(0x000000ea10800000,0x000000ea10900000)]
  0x000002c2392442a0 JavaThread "Reconciler-1" daemon [_thread_blocked, id=48368, stack(0x000000ea10900000,0x000000ea10a00000)]
  0x000002c239242f60 JavaThread "parallel-2" daemon [_thread_blocked, id=22432, stack(0x000000ea10c00000,0x000000ea10d00000)]

Other Threads:
=>0x000002c234c23b40 VMThread "VM Thread" [stack: 0x000000ea0dc00000,0x000000ea0dd00000] [id=13272]
  0x000002c235a42f80 WatcherThread [stack: 0x000000ea0e700000,0x000000ea0e800000] [id=53132]
  0x000002c225a1e6c0 GCTaskThread "GC Thread#0" [stack: 0x000000ea0d700000,0x000000ea0d800000] [id=36588]
  0x000002c2363e3460 GCTaskThread "GC Thread#1" [stack: 0x000000ea0eb00000,0x000000ea0ec00000] [id=14624]
  0x000002c2363e3710 GCTaskThread "GC Thread#2" [stack: 0x000000ea0ec00000,0x000000ea0ed00000] [id=2476]
  0x000002c2363febc0 GCTaskThread "GC Thread#3" [stack: 0x000000ea0ed00000,0x000000ea0ee00000] [id=16872]
  0x000002c236c0b010 GCTaskThread "GC Thread#4" [stack: 0x000000ea0ee00000,0x000000ea0ef00000] [id=17608]
  0x000002c236c0b2c0 GCTaskThread "GC Thread#5" [stack: 0x000000ea0ef00000,0x000000ea0f000000] [id=54292]
  0x000002c236e0b150 GCTaskThread "GC Thread#6" [stack: 0x000000ea0f100000,0x000000ea0f200000] [id=50580]
  0x000002c236e0bc10 GCTaskThread "GC Thread#7" [stack: 0x000000ea0f200000,0x000000ea0f300000] [id=7188]
  0x000002c225a2f030 ConcurrentGCThread "G1 Main Marker" [stack: 0x000000ea0d800000,0x000000ea0d900000] [id=8156]
  0x000002c225a30960 ConcurrentGCThread "G1 Conc#0" [stack: 0x000000ea0d900000,0x000000ea0da00000] [id=42716]
  0x000002c236f9a850 ConcurrentGCThread "G1 Conc#1" [stack: 0x000000ea0f300000,0x000000ea0f400000] [id=13384]
  0x000002c234a8a500 ConcurrentGCThread "G1 Refine#0" [stack: 0x000000ea0da00000,0x000000ea0db00000] [id=46172]
  0x000002c239234a20 ConcurrentGCThread "G1 Refine#1" [stack: 0x000000ea10a00000,0x000000ea10b00000] [id=42540]
  0x000002c23932f0e0 ConcurrentGCThread "G1 Refine#2" [stack: 0x000000ea10b00000,0x000000ea10c00000] [id=5016]
  0x000002c234a8af90 ConcurrentGCThread "G1 Service" [stack: 0x000000ea0db00000,0x000000ea0dc00000] [id=40932]

Threads with active compile tasks:

VM state: at safepoint (normal execution)

VM Mutex/Monitor currently owned by a thread:  ([mutex/lock_event])
[0x000002c2257d38c0] Threads_lock - owner thread: 0x000002c234c23b40
[0x000002c2259c1180] Heap_lock - owner thread: 0x000002c2375e2fa0

Heap address: 0x0000000083200000, size: 1998 MB, Compressed Oops mode: 32-bit

CDS archive(s) not mapped
Compressed class space mapped at: 0x0000000100000000-0x0000000140000000, reserved size: 1073741824
Narrow klass base: 0x0000000000000000, Narrow klass shift: 3, Narrow klass range: 0x140000000

GC Precious Log:
 CPUs: 8 total, 8 available
 Memory: 7987M
 Large Page Support: Disabled
 NUMA Support: Disabled
 Compressed Oops: Enabled (32-bit)
 Heap Region Size: 1M
 Heap Min Capacity: 8M
 Heap Initial Capacity: 126M
 Heap Max Capacity: 1998M
 Pre-touch: Disabled
 Parallel Workers: 8
 Concurrent Workers: 2
 Concurrent Refinement Workers: 8
 Periodic GC: Disabled

Heap:
 garbage-first heap   total 258048K, used 82296K [0x0000000083200000, 0x0000000100000000)
  region size 1024K, 10 young (10240K), 10 survivors (10240K)
 Metaspace       used 36799K, committed 37120K, reserved 1081344K
  class space    used 4757K, committed 4928K, reserved 1048576K

Heap Regions: E=young(eden), S=young(survivor), O=old, HS=humongous(starts), HC=humongous(continues), CS=collection set, F=free, OA=open archive, CA=closed archive, TAMS=top-at-mark-start (previous, next)
|   0|0x0000000083200000, 0x0000000083300000, 0x0000000083300000|100%| O|  |TAMS 0x0000000083300000, 0x0000000083200000| Untracked 
|   1|0x0000000083300000, 0x0000000083400000, 0x0000000083400000|100%| O|  |TAMS 0x0000000083400000, 0x0000000083300000| Untracked 
|   2|0x0000000083400000, 0x0000000083500000, 0x0000000083500000|100%| O|  |TAMS 0x0000000083500000, 0x0000000083400000| Untracked 
|   3|0x0000000083500000, 0x0000000083600000, 0x0000000083600000|100%| O|  |TAMS 0x0000000083600000, 0x0000000083500000| Untracked 
|   4|0x0000000083600000, 0x0000000083700000, 0x0000000083700000|100%| O|  |TAMS 0x0000000083700000, 0x0000000083600000| Untracked 
|   5|0x0000000083700000, 0x0000000083800000, 0x0000000083800000|100%| O|  |TAMS 0x0000000083800000, 0x0000000083700000| Untracked 
|   6|0x0000000083800000, 0x0000000083900000, 0x0000000083900000|100%| O|  |TAMS 0x0000000083900000, 0x0000000083800000| Untracked 
|   7|0x0000000083900000, 0x0000000083a00000, 0x0000000083a00000|100%| O|  |TAMS 0x0000000083a00000, 0x0000000083900000| Untracked 
|   8|0x0000000083a00000, 0x0000000083b00000, 0x0000000083b00000|100%| O|  |TAMS 0x0000000083b00000, 0x0000000083a00000| Untracked 
|   9|0x0000000083b00000, 0x0000000083c00000, 0x0000000083c00000|100%| O|  |TAMS 0x0000000083c00000, 0x0000000083b00000| Untracked 
|  10|0x0000000083c00000, 0x0000000083d00000, 0x0000000083d00000|100%| O|  |TAMS 0x0000000083d00000, 0x0000000083c00000| Untracked 
|  11|0x0000000083d00000, 0x0000000083e00000, 0x0000000083e00000|100%| O|  |TAMS 0x0000000083e00000, 0x0000000083d00000| Untracked 
|  12|0x0000000083e00000, 0x0000000083f00000, 0x0000000083f00000|100%| O|  |TAMS 0x0000000083e00000, 0x0000000083e00000| Untracked 
|  13|0x0000000083f00000, 0x0000000084000000, 0x0000000084000000|100%| O|  |TAMS 0x0000000084000000, 0x0000000083f00000| Untracked 
|  14|0x0000000084000000, 0x0000000084100000, 0x0000000084100000|100%| O|  |TAMS 0x0000000084100000, 0x0000000084000000| Untracked 
|  15|0x0000000084100000, 0x0000000084200000, 0x0000000084200000|100%| O|  |TAMS 0x0000000084200000, 0x0000000084100000| Untracked 
|  16|0x0000000084200000, 0x0000000084300000, 0x0000000084300000|100%| O|  |TAMS 0x0000000084300000, 0x0000000084200000| Untracked 
|  17|0x0000000084300000, 0x0000000084400000, 0x0000000084400000|100%| O|  |TAMS 0x0000000084400000, 0x0000000084300000| Untracked 
|  18|0x0000000084400000, 0x0000000084500000, 0x0000000084500000|100%| O|  |TAMS 0x0000000084500000, 0x0000000084400000| Untracked 
|  19|0x0000000084500000, 0x0000000084600000, 0x0000000084600000|100%| O|  |TAMS 0x0000000084600000, 0x0000000084500000| Untracked 
|  20|0x0000000084600000, 0x0000000084700000, 0x0000000084700000|100%| O|  |TAMS 0x0000000084700000, 0x0000000084600000| Untracked 
|  21|0x0000000084700000, 0x0000000084800000, 0x0000000084800000|100%| O|  |TAMS 0x0000000084800000, 0x0000000084700000| Untracked 
|  22|0x0000000084800000, 0x0000000084900000, 0x0000000084900000|100%| O|  |TAMS 0x0000000084900000, 0x0000000084800000| Untracked 
|  23|0x0000000084900000, 0x0000000084a00000, 0x0000000084a00000|100%| O|  |TAMS 0x0000000084a00000, 0x0000000084900000| Untracked 
|  24|0x0000000084a00000, 0x0000000084b00000, 0x0000000084b00000|100%| O|  |TAMS 0x0000000084b00000, 0x0000000084a00000| Untracked 
|  25|0x0000000084b00000, 0x0000000084c00000, 0x0000000084c00000|100%| O|  |TAMS 0x0000000084c00000, 0x0000000084b00000| Untracked 
|  26|0x0000000084c00000, 0x0000000084d00000, 0x0000000084d00000|100%| O|  |TAMS 0x0000000084d00000, 0x0000000084c00000| Untracked 
|  27|0x0000000084d00000, 0x0000000084e00000, 0x0000000084e00000|100%| O|  |TAMS 0x0000000084e00000, 0x0000000084d00000| Untracked 
|  28|0x0000000084e00000, 0x0000000084f00000, 0x0000000084f00000|100%| O|  |TAMS 0x0000000084f00000, 0x0000000084e00000| Untracked 
|  29|0x0000000084f00000, 0x0000000085000000, 0x0000000085000000|100%| O|  |TAMS 0x0000000085000000, 0x0000000084f00000| Untracked 
|  30|0x0000000085000000, 0x0000000085100000, 0x0000000085100000|100%| O|  |TAMS 0x0000000085100000, 0x0000000085000000| Untracked 
|  31|0x0000000085100000, 0x0000000085200000, 0x0000000085200000|100%| O|  |TAMS 0x0000000085200000, 0x0000000085100000| Untracked 
|  32|0x0000000085200000, 0x0000000085300000, 0x0000000085300000|100%| O|  |TAMS 0x0000000085300000, 0x0000000085200000| Untracked 
|  33|0x0000000085300000, 0x0000000085400000, 0x0000000085400000|100%| O|  |TAMS 0x0000000085400000, 0x0000000085300000| Untracked 
|  34|0x0000000085400000, 0x0000000085500000, 0x0000000085500000|100%| O|  |TAMS 0x0000000085500000, 0x0000000085400000| Untracked 
|  35|0x0000000085500000, 0x0000000085600000, 0x0000000085600000|100%| O|  |TAMS 0x0000000085600000, 0x0000000085500000| Untracked 
|  36|0x0000000085600000, 0x0000000085700000, 0x0000000085700000|100%| O|  |TAMS 0x0000000085700000, 0x0000000085600000| Untracked 
|  37|0x0000000085700000, 0x0000000085800000, 0x0000000085800000|100%| O|  |TAMS 0x0000000085800000, 0x0000000085700000| Untracked 
|  38|0x0000000085800000, 0x0000000085900000, 0x0000000085900000|100%| O|  |TAMS 0x0000000085900000, 0x0000000085800000| Untracked 
|  39|0x0000000085900000, 0x0000000085a00000, 0x0000000085a00000|100%| O|  |TAMS 0x0000000085a00000, 0x0000000085900000| Untracked 
|  40|0x0000000085a00000, 0x0000000085b00000, 0x0000000085b00000|100%| O|  |TAMS 0x0000000085b00000, 0x0000000085a00000| Untracked 
|  41|0x0000000085b00000, 0x0000000085c00000, 0x0000000085c00000|100%| O|  |TAMS 0x0000000085c00000, 0x0000000085b00000| Untracked 
|  42|0x0000000085c00000, 0x0000000085d00000, 0x0000000085d00000|100%| O|  |TAMS 0x0000000085d00000, 0x0000000085c00000| Untracked 
|  43|0x0000000085d00000, 0x0000000085e00000, 0x0000000085e00000|100%| O|  |TAMS 0x0000000085dcda00, 0x0000000085d00000| Untracked 
|  44|0x0000000085e00000, 0x0000000085f00000, 0x0000000085f00000|100%| O|  |TAMS 0x0000000085e00000, 0x0000000085e00000| Untracked 
|  45|0x0000000085f00000, 0x0000000086000000, 0x0000000086000000|100%| O|  |TAMS 0x0000000085f00000, 0x0000000085f00000| Untracked 
|  46|0x0000000086000000, 0x0000000086100000, 0x0000000086100000|100%| O|  |TAMS 0x0000000086000000, 0x0000000086000000| Untracked 
|  47|0x0000000086100000, 0x0000000086200000, 0x0000000086200000|100%| O|  |TAMS 0x0000000086100000, 0x0000000086100000| Untracked 
|  48|0x0000000086200000, 0x0000000086300000, 0x0000000086300000|100%| O|  |TAMS 0x0000000086200000, 0x0000000086200000| Untracked 
|  49|0x0000000086300000, 0x0000000086400000, 0x0000000086400000|100%| O|  |TAMS 0x0000000086300000, 0x0000000086300000| Untracked 
|  50|0x0000000086400000, 0x0000000086500000, 0x0000000086500000|100%| O|  |TAMS 0x0000000086400000, 0x0000000086400000| Untracked 
|  51|0x0000000086500000, 0x0000000086600000, 0x0000000086600000|100%| O|  |TAMS 0x0000000086500000, 0x0000000086500000| Untracked 
|  52|0x0000000086600000, 0x0000000086700000, 0x0000000086700000|100%| O|  |TAMS 0x0000000086600000, 0x0000000086600000| Untracked 
|  53|0x0000000086700000, 0x0000000086800000, 0x0000000086800000|100%| O|  |TAMS 0x0000000086700000, 0x0000000086700000| Untracked 
|  54|0x0000000086800000, 0x0000000086900000, 0x0000000086900000|100%|HS|  |TAMS 0x0000000086800000, 0x0000000086800000| Complete 
|  55|0x0000000086900000, 0x0000000086a00000, 0x0000000086a00000|100%| O|  |TAMS 0x0000000086900000, 0x0000000086900000| Untracked 
|  56|0x0000000086a00000, 0x0000000086b00000, 0x0000000086b00000|100%| O|  |TAMS 0x0000000086a00000, 0x0000000086a00000| Untracked 
|  57|0x0000000086b00000, 0x0000000086c00000, 0x0000000086c00000|100%| O|  |TAMS 0x0000000086b00000, 0x0000000086b00000| Untracked 
|  58|0x0000000086c00000, 0x0000000086d00000, 0x0000000086d00000|100%| O|  |TAMS 0x0000000086c00000, 0x0000000086c00000| Untracked 
|  59|0x0000000086d00000, 0x0000000086e00000, 0x0000000086e00000|100%| O|  |TAMS 0x0000000086d00000, 0x0000000086d00000| Untracked 
|  60|0x0000000086e00000, 0x0000000086e58400, 0x0000000086f00000| 34%| O|  |TAMS 0x0000000086e00000, 0x0000000086e00000| Untracked 
|  61|0x0000000086f00000, 0x0000000087000000, 0x0000000087000000|100%| O|  |TAMS 0x0000000086f00000, 0x0000000086f00000| Untracked 
|  62|0x0000000087000000, 0x0000000087100000, 0x0000000087100000|100%| O|  |TAMS 0x0000000087000000, 0x0000000087000000| Untracked 
|  63|0x0000000087100000, 0x0000000087200000, 0x0000000087200000|100%| O|  |TAMS 0x0000000087100000, 0x0000000087100000| Untracked 
|  64|0x0000000087200000, 0x0000000087300000, 0x0000000087300000|100%| O|  |TAMS 0x0000000087200000, 0x0000000087200000| Untracked 
|  65|0x0000000087300000, 0x0000000087400000, 0x0000000087400000|100%| O|  |TAMS 0x0000000087300000, 0x0000000087300000| Untracked 
|  66|0x0000000087400000, 0x0000000087500000, 0x0000000087500000|100%| O|  |TAMS 0x0000000087400000, 0x0000000087400000| Untracked 
|  67|0x0000000087500000, 0x0000000087600000, 0x0000000087600000|100%| O|  |TAMS 0x0000000087500000, 0x0000000087500000| Untracked 
|  68|0x0000000087600000, 0x0000000087700000, 0x0000000087700000|100%| O|  |TAMS 0x0000000087600000, 0x0000000087600000| Untracked 
|  69|0x0000000087700000, 0x0000000087800000, 0x0000000087800000|100%| O|  |TAMS 0x0000000087700000, 0x0000000087700000| Untracked 
|  70|0x0000000087800000, 0x0000000087900000, 0x0000000087900000|100%| O|  |TAMS 0x0000000087800000, 0x0000000087800000| Untracked 
|  71|0x0000000087900000, 0x0000000087910800, 0x0000000087a00000|  6%| O|  |TAMS 0x0000000087900000, 0x0000000087900000| Untracked 
|  72|0x0000000087a00000, 0x0000000087a00000, 0x0000000087b00000|  0%| F|  |TAMS 0x0000000087a00000, 0x0000000087a00000| Untracked 
|  73|0x0000000087b00000, 0x0000000087b00000, 0x0000000087c00000|  0%| F|  |TAMS 0x0000000087b00000, 0x0000000087b00000| Untracked 
|  74|0x0000000087c00000, 0x0000000087c00000, 0x0000000087d00000|  0%| F|  |TAMS 0x0000000087c00000, 0x0000000087c00000| Untracked 
|  75|0x0000000087d00000, 0x0000000087d00000, 0x0000000087e00000|  0%| F|  |TAMS 0x0000000087d00000, 0x0000000087d00000| Untracked 
|  76|0x0000000087e00000, 0x0000000087e00000, 0x0000000087f00000|  0%| F|  |TAMS 0x0000000087e00000, 0x0000000087e00000| Untracked 
|  77|0x0000000087f00000, 0x0000000087f00000, 0x0000000088000000|  0%| F|  |TAMS 0x0000000087f00000, 0x0000000087f00000| Untracked 
|  78|0x0000000088000000, 0x0000000088000000, 0x0000000088100000|  0%| F|  |TAMS 0x0000000088000000, 0x0000000088000000| Untracked 
|  79|0x0000000088100000, 0x0000000088100000, 0x0000000088200000|  0%| F|  |TAMS 0x0000000088100000, 0x0000000088100000| Untracked 
|  80|0x0000000088200000, 0x0000000088200000, 0x0000000088300000|  0%| F|  |TAMS 0x0000000088200000, 0x0000000088200000| Untracked 
|  81|0x0000000088300000, 0x0000000088300000, 0x0000000088400000|  0%| F|  |TAMS 0x0000000088300000, 0x0000000088300000| Untracked 
|  82|0x0000000088400000, 0x0000000088400000, 0x0000000088500000|  0%| F|  |TAMS 0x0000000088400000, 0x0000000088400000| Untracked 
|  83|0x0000000088500000, 0x0000000088500000, 0x0000000088600000|  0%| F|  |TAMS 0x0000000088500000, 0x0000000088500000| Untracked 
|  84|0x0000000088600000, 0x0000000088600000, 0x0000000088700000|  0%| F|  |TAMS 0x0000000088600000, 0x0000000088600000| Untracked 
|  85|0x0000000088700000, 0x0000000088700000, 0x0000000088800000|  0%| F|  |TAMS 0x0000000088700000, 0x0000000088700000| Untracked 
|  86|0x0000000088800000, 0x0000000088800000, 0x0000000088900000|  0%| F|  |TAMS 0x0000000088800000, 0x0000000088800000| Untracked 
|  87|0x0000000088900000, 0x0000000088900000, 0x0000000088a00000|  0%| F|  |TAMS 0x0000000088900000, 0x0000000088900000| Untracked 
|  88|0x0000000088a00000, 0x0000000088a00000, 0x0000000088b00000|  0%| F|  |TAMS 0x0000000088a00000, 0x0000000088a00000| Untracked 
|  89|0x0000000088b00000, 0x0000000088b00000, 0x0000000088c00000|  0%| F|  |TAMS 0x0000000088b00000, 0x0000000088b00000| Untracked 
|  90|0x0000000088c00000, 0x0000000088c00000, 0x0000000088d00000|  0%| F|  |TAMS 0x0000000088c00000, 0x0000000088c00000| Untracked 
|  91|0x0000000088d00000, 0x0000000088d00000, 0x0000000088e00000|  0%| F|  |TAMS 0x0000000088d00000, 0x0000000088d00000| Untracked 
|  92|0x0000000088e00000, 0x0000000088e00000, 0x0000000088f00000|  0%| F|  |TAMS 0x0000000088e00000, 0x0000000088e00000| Untracked 
|  93|0x0000000088f00000, 0x0000000088f00000, 0x0000000089000000|  0%| F|  |TAMS 0x0000000088f00000, 0x0000000088f00000| Untracked 
|  94|0x0000000089000000, 0x0000000089000000, 0x0000000089100000|  0%| F|  |TAMS 0x0000000089000000, 0x0000000089000000| Untracked 
|  95|0x0000000089100000, 0x0000000089100000, 0x0000000089200000|  0%| F|  |TAMS 0x0000000089100000, 0x0000000089100000| Untracked 
|  96|0x0000000089200000, 0x0000000089200000, 0x0000000089300000|  0%| F|  |TAMS 0x0000000089200000, 0x0000000089200000| Untracked 
|  97|0x0000000089300000, 0x0000000089300000, 0x0000000089400000|  0%| F|  |TAMS 0x0000000089300000, 0x0000000089300000| Untracked 
|  98|0x0000000089400000, 0x0000000089400000, 0x0000000089500000|  0%| F|  |TAMS 0x0000000089400000, 0x0000000089400000| Untracked 
|  99|0x0000000089500000, 0x0000000089500000, 0x0000000089600000|  0%| F|  |TAMS 0x0000000089500000, 0x0000000089500000| Untracked 
| 100|0x0000000089600000, 0x0000000089600000, 0x0000000089700000|  0%| F|  |TAMS 0x0000000089600000, 0x0000000089600000| Untracked 
| 101|0x0000000089700000, 0x0000000089700000, 0x0000000089800000|  0%| F|  |TAMS 0x0000000089700000, 0x0000000089700000| Untracked 
| 102|0x0000000089800000, 0x0000000089800000, 0x0000000089900000|  0%| F|  |TAMS 0x0000000089800000, 0x0000000089800000| Untracked 
| 103|0x0000000089900000, 0x0000000089900000, 0x0000000089a00000|  0%| F|  |TAMS 0x0000000089900000, 0x0000000089900000| Untracked 
| 104|0x0000000089a00000, 0x0000000089a00000, 0x0000000089b00000|  0%| F|  |TAMS 0x0000000089a00000, 0x0000000089a00000| Untracked 
| 105|0x0000000089b00000, 0x0000000089bf55c8, 0x0000000089c00000| 95%| S|CS|TAMS 0x0000000089b00000, 0x0000000089b00000| Complete 
| 106|0x0000000089c00000, 0x0000000089d00000, 0x0000000089d00000|100%| S|CS|TAMS 0x0000000089c00000, 0x0000000089c00000| Complete 
| 107|0x0000000089d00000, 0x0000000089e00000, 0x0000000089e00000|100%| S|CS|TAMS 0x0000000089d00000, 0x0000000089d00000| Complete 
| 108|0x0000000089e00000, 0x0000000089f00000, 0x0000000089f00000|100%| S|CS|TAMS 0x0000000089e00000, 0x0000000089e00000| Complete 
| 109|0x0000000089f00000, 0x000000008a000000, 0x000000008a000000|100%| S|CS|TAMS 0x0000000089f00000, 0x0000000089f00000| Complete 
| 110|0x000000008a000000, 0x000000008a000000, 0x000000008a100000|  0%| F|  |TAMS 0x000000008a000000, 0x000000008a000000| Untracked 
| 111|0x000000008a100000, 0x000000008a100000, 0x000000008a200000|  0%| F|  |TAMS 0x000000008a100000, 0x000000008a100000| Untracked 
| 112|0x000000008a200000, 0x000000008a200000, 0x000000008a300000|  0%| F|  |TAMS 0x000000008a200000, 0x000000008a200000| Untracked 
| 113|0x000000008a300000, 0x000000008a300000, 0x000000008a400000|  0%| F|  |TAMS 0x000000008a300000, 0x000000008a300000| Untracked 
| 114|0x000000008a400000, 0x000000008a400000, 0x000000008a500000|  0%| F|  |TAMS 0x000000008a400000, 0x000000008a400000| Untracked 
| 115|0x000000008a500000, 0x000000008a500000, 0x000000008a600000|  0%| F|  |TAMS 0x000000008a500000, 0x000000008a500000| Untracked 
| 116|0x000000008a600000, 0x000000008a600000, 0x000000008a700000|  0%| F|  |TAMS 0x000000008a600000, 0x000000008a600000| Untracked 
| 117|0x000000008a700000, 0x000000008a700000, 0x000000008a800000|  0%| F|  |TAMS 0x000000008a700000, 0x000000008a700000| Untracked 
| 118|0x000000008a800000, 0x000000008a900000, 0x000000008a900000|100%| S|CS|TAMS 0x000000008a800000, 0x000000008a800000| Complete 
| 119|0x000000008a900000, 0x000000008aa00000, 0x000000008aa00000|100%| S|CS|TAMS 0x000000008a900000, 0x000000008a900000| Complete 
| 120|0x000000008aa00000, 0x000000008ab00000, 0x000000008ab00000|100%| S|CS|TAMS 0x000000008aa00000, 0x000000008aa00000| Complete 
| 121|0x000000008ab00000, 0x000000008ac00000, 0x000000008ac00000|100%| S|CS|TAMS 0x000000008ab00000, 0x000000008ab00000| Complete 
| 122|0x000000008ac00000, 0x000000008ad00000, 0x000000008ad00000|100%| S|CS|TAMS 0x000000008ac00000, 0x000000008ac00000| Complete 
| 123|0x000000008ad00000, 0x000000008ad00000, 0x000000008ae00000|  0%| F|  |TAMS 0x000000008ad00000, 0x000000008ad00000| Untracked 
| 124|0x000000008ae00000, 0x000000008ae00000, 0x000000008af00000|  0%| F|  |TAMS 0x000000008ae00000, 0x000000008ae00000| Untracked 
| 125|0x000000008af00000, 0x000000008af00000, 0x000000008b000000|  0%| F|  |TAMS 0x000000008af00000, 0x000000008af00000| Untracked 
| 126|0x000000008b000000, 0x000000008b000000, 0x000000008b100000|  0%| F|  |TAMS 0x000000008b000000, 0x000000008b000000| Untracked 
| 127|0x000000008b100000, 0x000000008b100000, 0x000000008b200000|  0%| F|  |TAMS 0x000000008b100000, 0x000000008b100000| Untracked 
| 128|0x000000008b200000, 0x000000008b200000, 0x000000008b300000|  0%| F|  |TAMS 0x000000008b200000, 0x000000008b200000| Untracked 
| 129|0x000000008b300000, 0x000000008b300000, 0x000000008b400000|  0%| F|  |TAMS 0x000000008b300000, 0x000000008b300000| Untracked 
| 130|0x000000008b400000, 0x000000008b400000, 0x000000008b500000|  0%| F|  |TAMS 0x000000008b400000, 0x000000008b400000| Untracked 
| 131|0x000000008b500000, 0x000000008b500000, 0x000000008b600000|  0%| F|  |TAMS 0x000000008b500000, 0x000000008b500000| Untracked 
| 132|0x000000008b600000, 0x000000008b600000, 0x000000008b700000|  0%| F|  |TAMS 0x000000008b600000, 0x000000008b600000| Untracked 
| 133|0x000000008b700000, 0x000000008b700000, 0x000000008b800000|  0%| F|  |TAMS 0x000000008b700000, 0x000000008b700000| Untracked 
| 134|0x000000008b800000, 0x000000008b800000, 0x000000008b900000|  0%| F|  |TAMS 0x000000008b800000, 0x000000008b800000| Untracked 
| 135|0x000000008b900000, 0x000000008b900000, 0x000000008ba00000|  0%| F|  |TAMS 0x000000008b900000, 0x000000008b900000| Untracked 
| 136|0x000000008ba00000, 0x000000008ba00000, 0x000000008bb00000|  0%| F|  |TAMS 0x000000008ba00000, 0x000000008ba00000| Untracked 
| 137|0x000000008bb00000, 0x000000008bb00000, 0x000000008bc00000|  0%| F|  |TAMS 0x000000008bb00000, 0x000000008bb00000| Untracked 
| 138|0x000000008bc00000, 0x000000008bc00000, 0x000000008bd00000|  0%| F|  |TAMS 0x000000008bc00000, 0x000000008bc00000| Untracked 
| 139|0x000000008bd00000, 0x000000008bd00000, 0x000000008be00000|  0%| F|  |TAMS 0x000000008bd00000, 0x000000008bd00000| Untracked 
| 140|0x000000008be00000, 0x000000008be00000, 0x000000008bf00000|  0%| F|  |TAMS 0x000000008be00000, 0x000000008be00000| Untracked 
| 141|0x000000008bf00000, 0x000000008bf00000, 0x000000008c000000|  0%| F|  |TAMS 0x000000008bf00000, 0x000000008bf00000| Untracked 
| 142|0x000000008c000000, 0x000000008c000000, 0x000000008c100000|  0%| F|  |TAMS 0x000000008c000000, 0x000000008c000000| Untracked 
| 143|0x000000008c100000, 0x000000008c100000, 0x000000008c200000|  0%| F|  |TAMS 0x000000008c100000, 0x000000008c100000| Untracked 
| 144|0x000000008c200000, 0x000000008c200000, 0x000000008c300000|  0%| F|  |TAMS 0x000000008c200000, 0x000000008c200000| Untracked 
| 145|0x000000008c300000, 0x000000008c300000, 0x000000008c400000|  0%| F|  |TAMS 0x000000008c300000, 0x000000008c300000| Untracked 
| 146|0x000000008c400000, 0x000000008c400000, 0x000000008c500000|  0%| F|  |TAMS 0x000000008c400000, 0x000000008c400000| Untracked 
| 147|0x000000008c500000, 0x000000008c500000, 0x000000008c600000|  0%| F|  |TAMS 0x000000008c500000, 0x000000008c500000| Untracked 
| 148|0x000000008c600000, 0x000000008c600000, 0x000000008c700000|  0%| F|  |TAMS 0x000000008c600000, 0x000000008c600000| Untracked 
| 149|0x000000008c700000, 0x000000008c700000, 0x000000008c800000|  0%| F|  |TAMS 0x000000008c700000, 0x000000008c700000| Untracked 
| 150|0x000000008c800000, 0x000000008c800000, 0x000000008c900000|  0%| F|  |TAMS 0x000000008c800000, 0x000000008c800000| Untracked 
| 151|0x000000008c900000, 0x000000008c900000, 0x000000008ca00000|  0%| F|  |TAMS 0x000000008c900000, 0x000000008c900000| Untracked 
| 152|0x000000008ca00000, 0x000000008ca00000, 0x000000008cb00000|  0%| F|  |TAMS 0x000000008ca00000, 0x000000008ca00000| Untracked 
| 153|0x000000008cb00000, 0x000000008cb00000, 0x000000008cc00000|  0%| F|  |TAMS 0x000000008cb00000, 0x000000008cb00000| Untracked 
| 154|0x000000008cc00000, 0x000000008cc00000, 0x000000008cd00000|  0%| F|  |TAMS 0x000000008cc00000, 0x000000008cc00000| Untracked 
| 155|0x000000008cd00000, 0x000000008cd00000, 0x000000008ce00000|  0%| F|  |TAMS 0x000000008cd00000, 0x000000008cd00000| Untracked 
| 156|0x000000008ce00000, 0x000000008ce00000, 0x000000008cf00000|  0%| F|  |TAMS 0x000000008ce00000, 0x000000008ce00000| Untracked 
| 157|0x000000008cf00000, 0x000000008cf00000, 0x000000008d000000|  0%| F|  |TAMS 0x000000008cf00000, 0x000000008cf00000| Untracked 
| 158|0x000000008d000000, 0x000000008d000000, 0x000000008d100000|  0%| F|  |TAMS 0x000000008d000000, 0x000000008d000000| Untracked 
| 159|0x000000008d100000, 0x000000008d100000, 0x000000008d200000|  0%| F|  |TAMS 0x000000008d100000, 0x000000008d100000| Untracked 
| 160|0x000000008d200000, 0x000000008d200000, 0x000000008d300000|  0%| F|  |TAMS 0x000000008d200000, 0x000000008d200000| Untracked 
| 161|0x000000008d300000, 0x000000008d300000, 0x000000008d400000|  0%| F|  |TAMS 0x000000008d300000, 0x000000008d300000| Untracked 
| 162|0x000000008d400000, 0x000000008d400000, 0x000000008d500000|  0%| F|  |TAMS 0x000000008d400000, 0x000000008d400000| Untracked 
| 163|0x000000008d500000, 0x000000008d500000, 0x000000008d600000|  0%| F|  |TAMS 0x000000008d500000, 0x000000008d500000| Untracked 
| 164|0x000000008d600000, 0x000000008d600000, 0x000000008d700000|  0%| F|  |TAMS 0x000000008d600000, 0x000000008d600000| Untracked 
| 165|0x000000008d700000, 0x000000008d700000, 0x000000008d800000|  0%| F|  |TAMS 0x000000008d700000, 0x000000008d700000| Untracked 
| 166|0x000000008d800000, 0x000000008d800000, 0x000000008d900000|  0%| F|  |TAMS 0x000000008d800000, 0x000000008d800000| Untracked 
| 167|0x000000008d900000, 0x000000008d900000, 0x000000008da00000|  0%| F|  |TAMS 0x000000008d900000, 0x000000008d900000| Untracked 
| 168|0x000000008da00000, 0x000000008da00000, 0x000000008db00000|  0%| F|  |TAMS 0x000000008da00000, 0x000000008da00000| Untracked 
| 169|0x000000008db00000, 0x000000008db00000, 0x000000008dc00000|  0%| F|  |TAMS 0x000000008db00000, 0x000000008db00000| Untracked 
| 170|0x000000008dc00000, 0x000000008dc00000, 0x000000008dd00000|  0%| F|  |TAMS 0x000000008dc00000, 0x000000008dc00000| Untracked 
| 171|0x000000008dd00000, 0x000000008dd00000, 0x000000008de00000|  0%| F|  |TAMS 0x000000008dd00000, 0x000000008dd00000| Untracked 
| 172|0x000000008de00000, 0x000000008de00000, 0x000000008df00000|  0%| F|  |TAMS 0x000000008de00000, 0x000000008de00000| Untracked 
| 173|0x000000008df00000, 0x000000008df00000, 0x000000008e000000|  0%| F|  |TAMS 0x000000008df00000, 0x000000008df00000| Untracked 
| 174|0x000000008e000000, 0x000000008e000000, 0x000000008e100000|  0%| F|  |TAMS 0x000000008e000000, 0x000000008e000000| Untracked 
| 175|0x000000008e100000, 0x000000008e100000, 0x000000008e200000|  0%| F|  |TAMS 0x000000008e100000, 0x000000008e100000| Untracked 
| 176|0x000000008e200000, 0x000000008e200000, 0x000000008e300000|  0%| F|  |TAMS 0x000000008e200000, 0x000000008e200000| Untracked 
| 177|0x000000008e300000, 0x000000008e300000, 0x000000008e400000|  0%| F|  |TAMS 0x000000008e300000, 0x000000008e300000| Untracked 
| 178|0x000000008e400000, 0x000000008e400000, 0x000000008e500000|  0%| F|  |TAMS 0x000000008e400000, 0x000000008e400000| Untracked 
| 179|0x000000008e500000, 0x000000008e500000, 0x000000008e600000|  0%| F|  |TAMS 0x000000008e500000, 0x000000008e500000| Untracked 
| 180|0x000000008e600000, 0x000000008e600000, 0x000000008e700000|  0%| F|  |TAMS 0x000000008e600000, 0x000000008e600000| Untracked 
| 181|0x000000008e700000, 0x000000008e700000, 0x000000008e800000|  0%| F|  |TAMS 0x000000008e700000, 0x000000008e700000| Untracked 
| 182|0x000000008e800000, 0x000000008e800000, 0x000000008e900000|  0%| F|  |TAMS 0x000000008e800000, 0x000000008e800000| Untracked 
| 183|0x000000008e900000, 0x000000008e900000, 0x000000008ea00000|  0%| F|  |TAMS 0x000000008e900000, 0x000000008e900000| Untracked 
| 184|0x000000008ea00000, 0x000000008ea00000, 0x000000008eb00000|  0%| F|  |TAMS 0x000000008ea00000, 0x000000008ea00000| Untracked 
| 185|0x000000008eb00000, 0x000000008eb00000, 0x000000008ec00000|  0%| F|  |TAMS 0x000000008eb00000, 0x000000008eb00000| Untracked 
| 186|0x000000008ec00000, 0x000000008ec00000, 0x000000008ed00000|  0%| F|  |TAMS 0x000000008ec00000, 0x000000008ec00000| Untracked 
| 187|0x000000008ed00000, 0x000000008ed00000, 0x000000008ee00000|  0%| F|  |TAMS 0x000000008ed00000, 0x000000008ed00000| Untracked 
| 188|0x000000008ee00000, 0x000000008ee00000, 0x000000008ef00000|  0%| F|  |TAMS 0x000000008ee00000, 0x000000008ee00000| Untracked 
| 189|0x000000008ef00000, 0x000000008ef00000, 0x000000008f000000|  0%| F|  |TAMS 0x000000008ef00000, 0x000000008ef00000| Untracked 
| 190|0x000000008f000000, 0x000000008f000000, 0x000000008f100000|  0%| F|  |TAMS 0x000000008f000000, 0x000000008f000000| Untracked 
| 191|0x000000008f100000, 0x000000008f100000, 0x000000008f200000|  0%| F|  |TAMS 0x000000008f100000, 0x000000008f100000| Untracked 
| 192|0x000000008f200000, 0x000000008f200000, 0x000000008f300000|  0%| F|  |TAMS 0x000000008f200000, 0x000000008f200000| Untracked 
| 193|0x000000008f300000, 0x000000008f300000, 0x000000008f400000|  0%| F|  |TAMS 0x000000008f300000, 0x000000008f300000| Untracked 
| 194|0x000000008f400000, 0x000000008f400000, 0x000000008f500000|  0%| F|  |TAMS 0x000000008f400000, 0x000000008f400000| Untracked 
| 195|0x000000008f500000, 0x000000008f500000, 0x000000008f600000|  0%| F|  |TAMS 0x000000008f500000, 0x000000008f500000| Untracked 
| 196|0x000000008f600000, 0x000000008f600000, 0x000000008f700000|  0%| F|  |TAMS 0x000000008f600000, 0x000000008f600000| Untracked 
| 197|0x000000008f700000, 0x000000008f700000, 0x000000008f800000|  0%| F|  |TAMS 0x000000008f700000, 0x000000008f700000| Untracked 
| 198|0x000000008f800000, 0x000000008f800000, 0x000000008f900000|  0%| F|  |TAMS 0x000000008f800000, 0x000000008f800000| Untracked 
| 199|0x000000008f900000, 0x000000008f900000, 0x000000008fa00000|  0%| F|  |TAMS 0x000000008f900000, 0x000000008f900000| Untracked 
| 200|0x000000008fa00000, 0x000000008fa00000, 0x000000008fb00000|  0%| F|  |TAMS 0x000000008fa00000, 0x000000008fa00000| Untracked 
| 201|0x000000008fb00000, 0x000000008fb00000, 0x000000008fc00000|  0%| F|  |TAMS 0x000000008fb00000, 0x000000008fb00000| Untracked 
| 202|0x000000008fc00000, 0x000000008fc00000, 0x000000008fd00000|  0%| F|  |TAMS 0x000000008fc00000, 0x000000008fc00000| Untracked 
| 203|0x000000008fd00000, 0x000000008fd00000, 0x000000008fe00000|  0%| F|  |TAMS 0x000000008fd00000, 0x000000008fd00000| Untracked 
| 204|0x000000008fe00000, 0x000000008fe00000, 0x000000008ff00000|  0%| F|  |TAMS 0x000000008fe00000, 0x000000008fe00000| Untracked 
| 205|0x000000008ff00000, 0x000000008ff00000, 0x0000000090000000|  0%| F|  |TAMS 0x000000008ff00000, 0x000000008ff00000| Untracked 
| 206|0x0000000090000000, 0x0000000090000000, 0x0000000090100000|  0%| F|  |TAMS 0x0000000090000000, 0x0000000090000000| Untracked 
| 207|0x0000000090100000, 0x0000000090100000, 0x0000000090200000|  0%| F|  |TAMS 0x0000000090100000, 0x0000000090100000| Untracked 
| 208|0x0000000090200000, 0x0000000090200000, 0x0000000090300000|  0%| F|  |TAMS 0x0000000090200000, 0x0000000090200000| Untracked 
| 209|0x0000000090300000, 0x0000000090300000, 0x0000000090400000|  0%| F|  |TAMS 0x0000000090300000, 0x0000000090300000| Untracked 
| 210|0x0000000090400000, 0x0000000090400000, 0x0000000090500000|  0%| F|  |TAMS 0x0000000090400000, 0x0000000090400000| Untracked 
| 211|0x0000000090500000, 0x0000000090500000, 0x0000000090600000|  0%| F|  |TAMS 0x0000000090500000, 0x0000000090500000| Untracked 
| 212|0x0000000090600000, 0x0000000090600000, 0x0000000090700000|  0%| F|  |TAMS 0x0000000090600000, 0x0000000090600000| Untracked 
| 213|0x0000000090700000, 0x0000000090700000, 0x0000000090800000|  0%| F|  |TAMS 0x0000000090700000, 0x0000000090700000| Untracked 
| 214|0x0000000090800000, 0x0000000090800000, 0x0000000090900000|  0%| F|  |TAMS 0x0000000090800000, 0x0000000090800000| Untracked 
| 215|0x0000000090900000, 0x0000000090900000, 0x0000000090a00000|  0%| F|  |TAMS 0x0000000090900000, 0x0000000090900000| Untracked 
| 216|0x0000000090a00000, 0x0000000090a00000, 0x0000000090b00000|  0%| F|  |TAMS 0x0000000090a00000, 0x0000000090a00000| Untracked 
| 217|0x0000000090b00000, 0x0000000090b00000, 0x0000000090c00000|  0%| F|  |TAMS 0x0000000090b00000, 0x0000000090b00000| Untracked 
| 218|0x0000000090c00000, 0x0000000090c00000, 0x0000000090d00000|  0%| F|  |TAMS 0x0000000090c00000, 0x0000000090c00000| Untracked 
| 219|0x0000000090d00000, 0x0000000090d00000, 0x0000000090e00000|  0%| F|  |TAMS 0x0000000090d00000, 0x0000000090d00000| Untracked 
| 220|0x0000000090e00000, 0x0000000090e00000, 0x0000000090f00000|  0%| F|  |TAMS 0x0000000090e00000, 0x0000000090e00000| Untracked 
| 221|0x0000000090f00000, 0x0000000090f00000, 0x0000000091000000|  0%| F|  |TAMS 0x0000000090f00000, 0x0000000090f00000| Untracked 
| 222|0x0000000091000000, 0x0000000091000000, 0x0000000091100000|  0%| F|  |TAMS 0x0000000091000000, 0x0000000091000000| Untracked 
| 223|0x0000000091100000, 0x0000000091100000, 0x0000000091200000|  0%| F|  |TAMS 0x0000000091100000, 0x0000000091100000| Untracked 
| 224|0x0000000091200000, 0x0000000091200000, 0x0000000091300000|  0%| F|  |TAMS 0x0000000091200000, 0x0000000091200000| Untracked 
| 225|0x0000000091300000, 0x0000000091300000, 0x0000000091400000|  0%| F|  |TAMS 0x0000000091300000, 0x0000000091300000| Untracked 
| 226|0x0000000091400000, 0x0000000091400000, 0x0000000091500000|  0%| F|  |TAMS 0x0000000091400000, 0x0000000091400000| Untracked 
| 227|0x0000000091500000, 0x0000000091500000, 0x0000000091600000|  0%| F|  |TAMS 0x0000000091500000, 0x0000000091500000| Untracked 
| 228|0x0000000091600000, 0x0000000091600000, 0x0000000091700000|  0%| F|  |TAMS 0x0000000091600000, 0x0000000091600000| Untracked 
| 229|0x0000000091700000, 0x0000000091700000, 0x0000000091800000|  0%| F|  |TAMS 0x0000000091700000, 0x0000000091700000| Untracked 
| 230|0x0000000091800000, 0x0000000091800000, 0x0000000091900000|  0%| F|  |TAMS 0x0000000091800000, 0x0000000091800000| Untracked 
| 231|0x0000000091900000, 0x0000000091900000, 0x0000000091a00000|  0%| F|  |TAMS 0x0000000091900000, 0x0000000091900000| Untracked 
| 232|0x0000000091a00000, 0x0000000091a00000, 0x0000000091b00000|  0%| F|  |TAMS 0x0000000091a00000, 0x0000000091a00000| Untracked 
| 233|0x0000000091b00000, 0x0000000091b00000, 0x0000000091c00000|  0%| F|  |TAMS 0x0000000091b00000, 0x0000000091b00000| Untracked 
| 234|0x0000000091c00000, 0x0000000091c00000, 0x0000000091d00000|  0%| F|  |TAMS 0x0000000091c00000, 0x0000000091c00000| Untracked 
| 235|0x0000000091d00000, 0x0000000091d00000, 0x0000000091e00000|  0%| F|  |TAMS 0x0000000091d00000, 0x0000000091d00000| Untracked 
| 236|0x0000000091e00000, 0x0000000091e00000, 0x0000000091f00000|  0%| F|  |TAMS 0x0000000091e00000, 0x0000000091e00000| Untracked 
| 237|0x0000000091f00000, 0x0000000091f00000, 0x0000000092000000|  0%| F|  |TAMS 0x0000000091f00000, 0x0000000091f00000| Untracked 
| 238|0x0000000092000000, 0x0000000092000000, 0x0000000092100000|  0%| F|  |TAMS 0x0000000092000000, 0x0000000092000000| Untracked 
| 239|0x0000000092100000, 0x0000000092100000, 0x0000000092200000|  0%| F|  |TAMS 0x0000000092100000, 0x0000000092100000| Untracked 
| 240|0x0000000092200000, 0x0000000092200000, 0x0000000092300000|  0%| F|  |TAMS 0x0000000092200000, 0x0000000092200000| Untracked 
| 241|0x0000000092300000, 0x0000000092300000, 0x0000000092400000|  0%| F|  |TAMS 0x0000000092300000, 0x0000000092300000| Untracked 
| 242|0x0000000092400000, 0x0000000092400000, 0x0000000092500000|  0%| F|  |TAMS 0x0000000092400000, 0x0000000092400000| Untracked 
| 243|0x0000000092500000, 0x0000000092500000, 0x0000000092600000|  0%| F|  |TAMS 0x0000000092500000, 0x0000000092500000| Untracked 
| 244|0x0000000092600000, 0x0000000092600000, 0x0000000092700000|  0%| F|  |TAMS 0x0000000092600000, 0x0000000092600000| Untracked 
| 245|0x0000000092700000, 0x0000000092700000, 0x0000000092800000|  0%| F|  |TAMS 0x0000000092700000, 0x0000000092700000| Untracked 
| 246|0x0000000092800000, 0x0000000092800000, 0x0000000092900000|  0%| F|  |TAMS 0x0000000092800000, 0x0000000092800000| Untracked 
| 247|0x0000000092900000, 0x0000000092900000, 0x0000000092a00000|  0%| F|  |TAMS 0x0000000092900000, 0x0000000092900000| Untracked 
| 248|0x0000000092a00000, 0x0000000092a00000, 0x0000000092b00000|  0%| F|  |TAMS 0x0000000092a00000, 0x0000000092a00000| Untracked 
| 249|0x0000000092b00000, 0x0000000092b00000, 0x0000000092c00000|  0%| F|  |TAMS 0x0000000092b00000, 0x0000000092b00000| Untracked 
| 250|0x0000000092c00000, 0x0000000092c00000, 0x0000000092d00000|  0%| F|  |TAMS 0x0000000092c00000, 0x0000000092c00000| Untracked 
| 251|0x0000000092d00000, 0x0000000092d00000, 0x0000000092e00000|  0%| F|  |TAMS 0x0000000092d00000, 0x0000000092d00000| Untracked 

Card table byte_map: [0x000002c22dae0000,0x000002c22ded0000] _byte_map_base: 0x000002c22d6c7000

Marking Bits (Prev, Next): (CMBitMap*) 0x000002c225a1ec20, (CMBitMap*) 0x000002c225a1ebe0
 Prev Bits: [0x000002c230200000, 0x000002c232138000)
 Next Bits: [0x000002c22e2c0000, 0x000002c2301f8000)

Polling page: 0x000002c229df0000

Metaspace:

Usage:
  Non-class:     31.29 MB used.
      Class:      4.65 MB used.
       Both:     35.94 MB used.

Virtual space:
  Non-class space:       32.00 MB reserved,      31.44 MB ( 98%) committed,  4 nodes.
      Class space:        1.00 GB reserved,       4.81 MB ( <1%) committed,  1 nodes.
             Both:        1.03 GB reserved,      36.25 MB (  3%) committed. 

Chunk freelists:
   Non-Class:  128.00 KB
       Class:  3.03 MB
        Both:  3.16 MB

MaxMetaspaceSize: unlimited
CompressedClassSpaceSize: 1.00 GB
Initial GC threshold: 21.00 MB
Current GC threshold: 59.19 MB
CDS: off
MetaspaceReclaimPolicy: balanced
 - commit_granule_bytes: 65536.
 - commit_granule_words: 8192.
 - virtual_space_node_default_size: 1048576.
 - enlarge_chunks_in_place: 1.
 - new_chunks_are_fully_committed: 0.
 - uncommit_free_chunks: 1.
 - use_allocation_guard: 0.
 - handle_deallocations: 1.


Internal statistics:

num_allocs_failed_limit: 3.
num_arena_births: 342.
num_arena_deaths: 0.
num_vsnodes_births: 5.
num_vsnodes_deaths: 0.
num_space_committed: 580.
num_space_uncommitted: 0.
num_chunks_returned_to_freelist: 3.
num_chunks_taken_from_freelist: 1409.
num_chunk_merges: 3.
num_chunk_splits: 969.
num_chunks_enlarged: 748.
num_purges: 0.
num_inconsistent_stats: 0.

CodeCache: size=49152Kb used=9148Kb max_used=9148Kb free=40003Kb
 bounds [0x000002c229e10000, 0x000002c22a700000, 0x000002c22ce10000]
 total_blobs=4293 nmethods=3765 adapters=452
 compilation: enabled
              stopped_count=0, restarted_count=0
 full_count=0

Compilation events (20 events):
Event: 7.838 Thread 0x000002c234c46350 3756       1       sun.security.util.SignatureFileVerifier::updateSigners (132 bytes)
Event: 7.838 Thread 0x000002c234c46350 nmethod 3756 0x000002c22a6f9190 code [0x000002c22a6f93c0, 0x000002c22a6f9938]
Event: 7.839 Thread 0x000002c2362e4d50 3757       1       sun.security.jca.ProviderConfig::equals (55 bytes)
Event: 7.840 Thread 0x000002c2362e4d50 nmethod 3757 0x000002c22a6f9c90 code [0x000002c22a6f9e40, 0x000002c22a6fa078]
Event: 7.840 Thread 0x000002c2362e4d50 3758       1       java.util.ArrayList::<init> (61 bytes)
Event: 7.840 Thread 0x000002c2362cb4b0 3759       1       sun.util.calendar.CalendarDate::isNormalized (5 bytes)
Event: 7.840 Thread 0x000002c2362cb4b0 nmethod 3759 0x000002c22a6fa190 code [0x000002c22a6fa320, 0x000002c22a6fa3f8]
Event: 7.840 Thread 0x000002c2362cb4b0 3760   !   1       sun.security.x509.AVA::toRFC2253CanonicalString (390 bytes)
Event: 7.840 Thread 0x000002c2362e4d50 nmethod 3758 0x000002c22a6fa490 code [0x000002c22a6fa680, 0x000002c22a6fabd8]
Event: 7.841 Thread 0x000002c235a1e710 3761       1       sun.security.util.ObjectIdentifier::toString (287 bytes)
Event: 7.841 Thread 0x000002c234c46350 3762       1       sun.security.rsa.RSAPublicKeyImpl::getModulus (5 bytes)
Event: 7.841 Thread 0x000002c234c46350 nmethod 3762 0x000002c22a6fad90 code [0x000002c22a6faf20, 0x000002c22a6faff8]
Event: 7.842 Thread 0x000002c235a1e710 nmethod 3761 0x000002c22a6fb090 code [0x000002c22a6fb340, 0x000002c22a6fbb88]
Event: 7.842 Thread 0x000002c2362cb4b0 nmethod 3760 0x000002c22a6fc190 code [0x000002c22a6fc560, 0x000002c22a6fd428]
Event: 7.843 Thread 0x000002c235a1e710 3763       1       java.util.regex.Pattern$NotBehind::match (137 bytes)
Event: 7.844 Thread 0x000002c235a1e710 nmethod 3763 0x000002c22a6fdf10 code [0x000002c22a6fe0c0, 0x000002c22a6fe2f8]
Event: 7.844 Thread 0x000002c2362cb4b0 3764       1       sun.security.util.JarConstraintsParameters::getKeys (5 bytes)
Event: 7.844 Thread 0x000002c2362cb4b0 nmethod 3764 0x000002c22a6fe410 code [0x000002c22a6fe5a0, 0x000002c22a6fe678]
Event: 7.860 Thread 0x000002c2362e4d50 3765       1       java.util.concurrent.locks.ReentrantLock$NonfairSync::tryAcquire (27 bytes)
Event: 7.861 Thread 0x000002c2362e4d50 nmethod 3765 0x000002c22a6fe710 code [0x000002c22a6fe8a0, 0x000002c22a6fea18]

GC Heap History (20 events):
Event: 7.273 GC heap after
{Heap after GC invocations=12 (full 0):
 garbage-first heap   total 101376K, used 32650K [0x0000000083200000, 0x0000000100000000)
  region size 1024K, 2 young (2048K), 2 survivors (2048K)
 Metaspace       used 33945K, committed 34240K, reserved 1081344K
  class space    used 4329K, committed 4480K, reserved 1048576K
}
Event: 7.346 GC heap before
{Heap before GC invocations=13 (full 0):
 garbage-first heap   total 101376K, used 71562K [0x0000000083200000, 0x0000000100000000)
  region size 1024K, 40 young (40960K), 2 survivors (2048K)
 Metaspace       used 34303K, committed 34624K, reserved 1081344K
  class space    used 4385K, committed 4544K, reserved 1048576K
}
Event: 7.352 GC heap after
{Heap after GC invocations=14 (full 0):
 garbage-first heap   total 101376K, used 42202K [0x0000000083200000, 0x0000000100000000)
  region size 1024K, 5 young (5120K), 5 survivors (5120K)
 Metaspace       used 34303K, committed 34624K, reserved 1081344K
  class space    used 4385K, committed 4544K, reserved 1048576K
}
Event: 7.355 GC heap before
{Heap before GC invocations=14 (full 0):
 garbage-first heap   total 101376K, used 43226K [0x0000000083200000, 0x0000000100000000)
  region size 1024K, 6 young (6144K), 5 survivors (5120K)
 Metaspace       used 34313K, committed 34624K, reserved 1081344K
  class space    used 4387K, committed 4544K, reserved 1048576K
}
Event: 7.358 GC heap after
{Heap after GC invocations=15 (full 0):
 garbage-first heap   total 101376K, used 43504K [0x0000000083200000, 0x0000000100000000)
  region size 1024K, 1 young (1024K), 1 survivors (1024K)
 Metaspace       used 34313K, committed 34624K, reserved 1081344K
  class space    used 4387K, committed 4544K, reserved 1048576K
}
Event: 7.490 GC heap before
{Heap before GC invocations=15 (full 0):
 garbage-first heap   total 101376K, used 72176K [0x0000000083200000, 0x0000000100000000)
  region size 1024K, 29 young (29696K), 1 survivors (1024K)
 Metaspace       used 35402K, committed 35776K, reserved 1081344K
  class space    used 4568K, committed 4736K, reserved 1048576K
}
Event: 7.498 GC heap after
{Heap after GC invocations=16 (full 0):
 garbage-first heap   total 101376K, used 48950K [0x0000000083200000, 0x0000000100000000)
  region size 1024K, 4 young (4096K), 4 survivors (4096K)
 Metaspace       used 35402K, committed 35776K, reserved 1081344K
  class space    used 4568K, committed 4736K, reserved 1048576K
}
Event: 7.584 GC heap before
{Heap before GC invocations=16 (full 0):
 garbage-first heap   total 101376K, used 69430K [0x0000000083200000, 0x0000000100000000)
  region size 1024K, 24 young (24576K), 4 survivors (4096K)
 Metaspace       used 35656K, committed 36032K, reserved 1081344K
  class space    used 4629K, committed 4800K, reserved 1048576K
}
Event: 7.599 GC heap after
{Heap after GC invocations=17 (full 0):
 garbage-first heap   total 101376K, used 59104K [0x0000000083200000, 0x0000000100000000)
  region size 1024K, 4 young (4096K), 4 survivors (4096K)
 Metaspace       used 35656K, committed 36032K, reserved 1081344K
  class space    used 4629K, committed 4800K, reserved 1048576K
}
Event: 7.654 GC heap before
{Heap before GC invocations=17 (full 0):
 garbage-first heap   total 101376K, used 75488K [0x0000000083200000, 0x0000000100000000)
  region size 1024K, 20 young (20480K), 4 survivors (4096K)
 Metaspace       used 35945K, committed 36352K, reserved 1081344K
  class space    used 4672K, committed 4864K, reserved 1048576K
}
Event: 7.673 GC heap after
{Heap after GC invocations=18 (full 0):
 garbage-first heap   total 258048K, used 64865K [0x0000000083200000, 0x0000000100000000)
  region size 1024K, 3 young (3072K), 3 survivors (3072K)
 Metaspace       used 35945K, committed 36352K, reserved 1081344K
  class space    used 4672K, committed 4864K, reserved 1048576K
}
Event: 7.738 GC heap before
{Heap before GC invocations=19 (full 0):
 garbage-first heap   total 242688K, used 169313K [0x0000000083200000, 0x0000000100000000)
  region size 1024K, 107 young (109568K), 3 survivors (3072K)
 Metaspace       used 36110K, committed 36480K, reserved 1081344K
  class space    used 4699K, committed 4864K, reserved 1048576K
}
Event: 7.743 GC heap after
{Heap after GC invocations=20 (full 0):
 garbage-first heap   total 242688K, used 68393K [0x0000000083200000, 0x0000000100000000)
  region size 1024K, 8 young (8192K), 8 survivors (8192K)
 Metaspace       used 36110K, committed 36480K, reserved 1081344K
  class space    used 4699K, committed 4864K, reserved 1048576K
}
Event: 7.745 GC heap before
{Heap before GC invocations=20 (full 0):
 garbage-first heap   total 242688K, used 70441K [0x0000000083200000, 0x0000000100000000)
  region size 1024K, 11 young (11264K), 8 survivors (8192K)
 Metaspace       used 36114K, committed 36480K, reserved 1081344K
  class space    used 4700K, committed 4864K, reserved 1048576K
}
Event: 7.750 GC heap after
{Heap after GC invocations=21 (full 0):
 garbage-first heap   total 242688K, used 68490K [0x0000000083200000, 0x0000000100000000)
  region size 1024K, 2 young (2048K), 2 survivors (2048K)
 Metaspace       used 36114K, committed 36480K, reserved 1081344K
  class space    used 4700K, committed 4864K, reserved 1048576K
}
Event: 7.789 GC heap before
{Heap before GC invocations=21 (full 0):
 garbage-first heap   total 242688K, used 182154K [0x0000000083200000, 0x0000000100000000)
  region size 1024K, 114 young (116736K), 2 survivors (2048K)
 Metaspace       used 36291K, committed 36608K, reserved 1081344K
  class space    used 4731K, committed 4864K, reserved 1048576K
}
Event: 7.792 GC heap after
{Heap after GC invocations=22 (full 0):
 garbage-first heap   total 242688K, used 72362K [0x0000000083200000, 0x0000000100000000)
  region size 1024K, 5 young (5120K), 5 survivors (5120K)
 Metaspace       used 36291K, committed 36608K, reserved 1081344K
  class space    used 4731K, committed 4864K, reserved 1048576K
}
Event: 7.825 GC heap before
{Heap before GC invocations=22 (full 0):
 garbage-first heap   total 242688K, used 186026K [0x0000000083200000, 0x0000000100000000)
  region size 1024K, 117 young (119808K), 5 survivors (5120K)
 Metaspace       used 36554K, committed 36928K, reserved 1081344K
  class space    used 4748K, committed 4928K, reserved 1048576K
}
Event: 7.829 GC heap after
{Heap after GC invocations=23 (full 0):
 garbage-first heap   total 242688K, used 77195K [0x0000000083200000, 0x0000000100000000)
  region size 1024K, 10 young (10240K), 10 survivors (10240K)
 Metaspace       used 36554K, committed 36928K, reserved 1081344K
  class space    used 4748K, committed 4928K, reserved 1048576K
}
Event: 7.872 GC heap before
{Heap before GC invocations=23 (full 0):
 garbage-first heap   total 242688K, used 190859K [0x0000000083200000, 0x0000000100000000)
  region size 1024K, 122 young (124928K), 10 survivors (10240K)
 Metaspace       used 36799K, committed 37120K, reserved 1081344K
  class space    used 4757K, committed 4928K, reserved 1048576K
}

Deoptimization events (18 events):
Event: 4.415 Thread 0x000002c2259c3010 DEOPT PACKING pc=0x000002c22a369a19 sp=0x000000ea0d6fd650
Event: 4.415 Thread 0x000002c2259c3010 DEOPT UNPACKING pc=0x000002c229e66763 sp=0x000000ea0d6fcb30 mode 3
Event: 6.909 Thread 0x000002c2259c3010 DEOPT PACKING pc=0x000002c22a4dab19 sp=0x000000ea0d6fca30
Event: 6.909 Thread 0x000002c2259c3010 DEOPT UNPACKING pc=0x000002c229e66763 sp=0x000000ea0d6fbf10 mode 3
Event: 6.993 Thread 0x000002c237307890 DEOPT PACKING pc=0x000002c22a52c42b sp=0x000000ea0f4fea00
Event: 6.993 Thread 0x000002c237307890 DEOPT UNPACKING pc=0x000002c229e66763 sp=0x000000ea0f4fdf48 mode 3
Event: 7.137 Thread 0x000002c2375e3940 DEOPT PACKING pc=0x000002c22a367c81 sp=0x000000ea0ffff1a0
Event: 7.137 Thread 0x000002c2375e3940 DEOPT UNPACKING pc=0x000002c229e66763 sp=0x000000ea0fffe630 mode 3
Event: 7.157 Thread 0x000002c23617f050 DEOPT PACKING pc=0x000002c22a365f17 sp=0x000000ea0f7fec00
Event: 7.157 Thread 0x000002c23617f050 DEOPT UNPACKING pc=0x000002c229e66763 sp=0x000000ea0f7fe058 mode 3
Event: 7.436 Thread 0x000002c2375e12c0 DEOPT PACKING pc=0x000002c22a697f35 sp=0x000000ea106fd1a0
Event: 7.436 Thread 0x000002c2375e12c0 DEOPT UNPACKING pc=0x000002c229e66763 sp=0x000000ea106fc6c8 mode 3
Event: 7.715 Thread 0x000002c2375e2fa0 DEOPT PACKING pc=0x000002c22a6d59e4 sp=0x000000ea0fbfee20
Event: 7.715 Thread 0x000002c2375e2fa0 DEOPT UNPACKING pc=0x000002c229e66763 sp=0x000000ea0fbfe3a8 mode 0
Event: 7.716 Thread 0x000002c2375b9c00 DEOPT PACKING pc=0x000002c22a6d59e4 sp=0x000000ea0f9fe830
Event: 7.716 Thread 0x000002c2375b9c00 DEOPT UNPACKING pc=0x000002c229e66763 sp=0x000000ea0f9fddb8 mode 0
Event: 7.718 Thread 0x000002c2375e0920 DEOPT PACKING pc=0x000002c22a6d59e4 sp=0x000000ea0fefed30
Event: 7.718 Thread 0x000002c2375e0920 DEOPT UNPACKING pc=0x000002c229e66763 sp=0x000000ea0fefe2b8 mode 0

Classes unloaded (0 events):
No events

Classes redefined (0 events):
No events

Internal exceptions (20 events):
Event: 7.034 Thread 0x000002c23617f8f0 Exception <a 'sun/nio/fs/WindowsException'{0x00000000857e6650}> (0x00000000857e6650) 
thrown [s\src\hotspot\share\prims\jni.cpp, line 516]
Event: 7.034 Thread 0x000002c23617f8f0 Exception <a 'sun/nio/fs/WindowsException'{0x00000000857e6a10}> (0x00000000857e6a10) 
thrown [s\src\hotspot\share\prims\jni.cpp, line 516]
Event: 7.034 Thread 0x000002c23617f8f0 Exception <a 'sun/nio/fs/WindowsException'{0x00000000857e7410}> (0x00000000857e7410) 
thrown [s\src\hotspot\share\prims\jni.cpp, line 516]
Event: 7.034 Thread 0x000002c23617f8f0 Exception <a 'sun/nio/fs/WindowsException'{0x00000000857e77c0}> (0x00000000857e77c0) 
thrown [s\src\hotspot\share\prims\jni.cpp, line 516]
Event: 7.034 Thread 0x000002c23617f8f0 Exception <a 'sun/nio/fs/WindowsException'{0x00000000857e81c0}> (0x00000000857e81c0) 
thrown [s\src\hotspot\share\prims\jni.cpp, line 516]
Event: 7.035 Thread 0x000002c23617f8f0 Exception <a 'sun/nio/fs/WindowsException'{0x00000000857e8580}> (0x00000000857e8580) 
thrown [s\src\hotspot\share\prims\jni.cpp, line 516]
Event: 7.035 Thread 0x000002c23617f8f0 Exception <a 'sun/nio/fs/WindowsException'{0x00000000857e8fa8}> (0x00000000857e8fa8) 
thrown [s\src\hotspot\share\prims\jni.cpp, line 516]
Event: 7.035 Thread 0x000002c23617f8f0 Exception <a 'sun/nio/fs/WindowsException'{0x00000000857e9388}> (0x00000000857e9388) 
thrown [s\src\hotspot\share\prims\jni.cpp, line 516]
Event: 7.035 Thread 0x000002c23617f8f0 Exception <a 'sun/nio/fs/WindowsException'{0x00000000856c10f8}> (0x00000000856c10f8) 
thrown [s\src\hotspot\share\prims\jni.cpp, line 516]
Event: 7.036 Thread 0x000002c23617f8f0 Exception <a 'sun/nio/fs/WindowsException'{0x00000000856c14e8}> (0x00000000856c14e8) 
thrown [s\src\hotspot\share\prims\jni.cpp, line 516]
Event: 7.039 Thread 0x000002c23617f8f0 Exception <a 'sun/nio/fs/WindowsException'{0x00000000856c1f10}> (0x00000000856c1f10) 
thrown [s\src\hotspot\share\prims\jni.cpp, line 516]
Event: 7.039 Thread 0x000002c23617f8f0 Exception <a 'sun/nio/fs/WindowsException'{0x00000000856c2300}> (0x00000000856c2300) 
thrown [s\src\hotspot\share\prims\jni.cpp, line 516]
Event: 7.164 Thread 0x000002c2259c3010 Exception <a 'java/lang/NoSuchMethodError'{0x000000008602cb18}: 'java.lang.Object java.lang.invoke.DirectMethodHandle$Holder.newInvokeSpecial(java.lang.Object, java.lang.Object, int, java.lang.Object, java.lang.Object)'> (0x000000008602cb18) 
thrown [s\src\hotspot\share\interpreter\linkResolver.cpp, line 759]
Event: 7.168 Thread 0x000002c2259c3010 Exception <a 'java/lang/NoSuchMethodError'{0x000000008603eae8}: 'java.lang.Object java.lang.invoke.DirectMethodHandle$Holder.invokeSpecial(java.lang.Object, java.lang.Object, int, java.lang.Object, int, java.lang.Object)'> (0x000000008603eae8) 
thrown [s\src\hotspot\share\interpreter\linkResolver.cpp, line 759]
Event: 7.168 Thread 0x000002c2259c3010 Exception <a 'java/lang/NoSuchMethodError'{0x00000000860468e8}: 'java.lang.Object java.lang.invoke.DirectMethodHandle$Holder.newInvokeSpecial(java.lang.Object, java.lang.Object, int, java.lang.Object, int)'> (0x00000000860468e8) 
thrown [s\src\hotspot\share\interpreter\linkResolver.cpp, line 759]
Event: 7.169 Thread 0x000002c2259c3010 Exception <a 'java/lang/NoSuchMethodError'{0x000000008604a9e8}: 'java.lang.Object java.lang.invoke.DirectMethodHandle$Holder.invokeSpecial(java.lang.Object, java.lang.Object, java.lang.Object, int, java.lang.Object, int)'> (0x000000008604a9e8) 
thrown [s\src\hotspot\share\interpreter\linkResolver.cpp, line 759]
Event: 7.431 Thread 0x000002c2375e12c0 Exception <a 'java/lang/NoSuchMethodError'{0x0000000087e48670}: 'java.lang.Object java.lang.invoke.DirectMethodHandle$Holder.invokeStatic(java.lang.Object, int, java.lang.Object)'> (0x0000000087e48670) 
thrown [s\src\hotspot\share\interpreter\linkResolver.cpp, line 759]
Event: 7.434 Thread 0x000002c2375e0df0 Exception <a 'java/lang/NoSuchMethodError'{0x0000000087e8f850}: 'java.lang.Object java.lang.invoke.DirectMethodHandle$Holder.invokeStatic(java.lang.Object, java.lang.Object, java.lang.Object, int, java.lang.Object, java.lang.Object)'> (0x0000000087e8f850) 
thrown [s\src\hotspot\share\interpreter\linkResolver.cpp, line 759]
Event: 7.641 Thread 0x000002c2375e12c0 Exception <a 'java/lang/NoSuchMethodError'{0x0000000088e817b8}: 'int java.lang.invoke.DirectMethodHandle$Holder.invokeStatic(java.lang.Object)'> (0x0000000088e817b8) 
thrown [s\src\hotspot\share\interpreter\linkResolver.cpp, line 759]
Event: 7.641 Thread 0x000002c2375e12c0 Exception <a 'java/lang/NoSuchMethodError'{0x0000000088e84e60}: 'int java.lang.invoke.DirectMethodHandle$Holder.invokeStaticInit(java.lang.Object)'> (0x0000000088e84e60) 
thrown [s\src\hotspot\share\interpreter\linkResolver.cpp, line 759]

VM Operations (20 events):
Event: 7.718 Executing VM operation: HandshakeAllThreads done
Event: 7.737 Executing VM operation: G1CollectForAllocation
Event: 7.738 Executing VM operation: G1CollectForAllocation done
Event: 7.738 Executing VM operation: G1CollectForAllocation
Event: 7.743 Executing VM operation: G1CollectForAllocation done
Event: 7.745 Executing VM operation: G1CollectForAllocation
Event: 7.745 Executing VM operation: G1CollectForAllocation done
Event: 7.745 Executing VM operation: G1CollectForAllocation
Event: 7.750 Executing VM operation: G1CollectForAllocation done
Event: 7.788 Executing VM operation: G1CollectForAllocation
Event: 7.789 Executing VM operation: G1CollectForAllocation done
Event: 7.789 Executing VM operation: G1CollectForAllocation
Event: 7.792 Executing VM operation: G1CollectForAllocation done
Event: 7.824 Executing VM operation: G1CollectForAllocation
Event: 7.825 Executing VM operation: G1CollectForAllocation done
Event: 7.825 Executing VM operation: G1CollectForAllocation
Event: 7.829 Executing VM operation: G1CollectForAllocation done
Event: 7.865 Executing VM operation: G1CollectForAllocation
Event: 7.872 Executing VM operation: G1CollectForAllocation done
Event: 7.872 Executing VM operation: G1CollectForAllocation

Events (20 events):
Event: 7.452 Thread 0x000002c2392425c0 Thread added: 0x000002c2392425c0
Event: 7.456 loading class java/util/concurrent/atomic/AtomicLongFieldUpdater
Event: 7.456 loading class java/util/concurrent/atomic/AtomicLongFieldUpdater done
Event: 7.456 loading class java/util/concurrent/atomic/AtomicLongFieldUpdater$CASUpdater
Event: 7.456 loading class java/util/concurrent/atomic/AtomicLongFieldUpdater$CASUpdater done
Event: 7.456 loading class java/util/concurrent/atomic/AtomicLongFieldUpdater$CASUpdater$1
Event: 7.456 loading class java/util/concurrent/atomic/AtomicLongFieldUpdater$CASUpdater$1 done
Event: 7.456 Thread 0x000002c239248600 Thread added: 0x000002c239248600
Event: 7.461 loading class java/util/concurrent/ConcurrentHashMap$ValueSpliterator
Event: 7.461 loading class java/util/concurrent/ConcurrentHashMap$ValueSpliterator done
Event: 7.562 Thread 0x000002c2392442a0 Thread added: 0x000002c2392442a0
Event: 7.731 Thread 0x000002c239242f60 Thread added: 0x000002c239242f60
Event: 7.754 loading class java/util/concurrent/CompletableFuture$UniExceptionally
Event: 7.754 loading class java/util/concurrent/CompletableFuture$UniExceptionally done
Event: 7.754 loading class java/util/concurrent/CompletableFuture$UniApply
Event: 7.754 loading class java/util/concurrent/CompletableFuture$UniApply done
Event: 7.760 loading class jdk/internal/vm/annotation/ForceInline
Event: 7.760 loading class jdk/internal/vm/annotation/ForceInline done
Event: 7.786 loading class java/util/stream/Nodes$SpinedNodeBuilder
Event: 7.787 loading class java/util/stream/Nodes$SpinedNodeBuilder done


Dynamic libraries:
0x00007ff7bd2f0000 - 0x00007ff7bd2fe000 	c:\Users\datea\.vscode\extensions\redhat.java-1.11.0-win32-x64\jre\17.0.4.1-win32-x86_64\bin\java.exe
0x00007fff837d0000 - 0x00007fff839e9000 	C:\WINDOWS\SYSTEM32\ntdll.dll
0x00007fff815a0000 - 0x00007fff81662000 	C:\WINDOWS\System32\KERNEL32.DLL
0x00007fff80c30000 - 0x00007fff80fcf000 	C:\WINDOWS\System32\KERNELBASE.dll
0x00007fff7da30000 - 0x00007fff7dac6000 	C:\WINDOWS\SYSTEM32\apphelp.dll
0x00007fff81140000 - 0x00007fff8125b000 	C:\WINDOWS\System32\ucrtbase.dll
0x00007fff729d0000 - 0x00007fff729e8000 	c:\Users\datea\.vscode\extensions\redhat.java-1.11.0-win32-x64\jre\17.0.4.1-win32-x86_64\bin\jli.dll
0x00007fff718d0000 - 0x00007fff718e9000 	c:\Users\datea\.vscode\extensions\redhat.java-1.11.0-win32-x64\jre\17.0.4.1-win32-x86_64\bin\VCRUNTIME140.dll
0x00007fff83210000 - 0x00007fff833bc000 	C:\WINDOWS\System32\USER32.dll
0x00007fff610a0000 - 0x00007fff61331000 	C:\WINDOWS\WinSxS\amd64_microsoft.windows.common-controls_6595b64144ccf1df_6.0.25217.1010_none_7b5ae231f1b4915b\COMCTL32.dll
0x00007fff81500000 - 0x00007fff81526000 	C:\WINDOWS\System32\win32u.dll
0x00007fff83580000 - 0x00007fff83627000 	C:\WINDOWS\System32\msvcrt.dll
0x00007fff83120000 - 0x00007fff83149000 	C:\WINDOWS\System32\GDI32.dll
0x00007fff813e0000 - 0x00007fff814f6000 	C:\WINDOWS\System32\gdi32full.dll
0x00007fff810a0000 - 0x00007fff8113a000 	C:\WINDOWS\System32\msvcp_win.dll
0x00007fff817d0000 - 0x00007fff81801000 	C:\WINDOWS\System32\IMM32.DLL
0x00007fff7cc90000 - 0x00007fff7cc9c000 	c:\Users\datea\.vscode\extensions\redhat.java-1.11.0-win32-x64\jre\17.0.4.1-win32-x86_64\bin\vcruntime140_1.dll
0x00007fff43f20000 - 0x00007fff43fb1000 	c:\Users\datea\.vscode\extensions\redhat.java-1.11.0-win32-x64\jre\17.0.4.1-win32-x86_64\bin\msvcp140.dll
0x00007ffef5e90000 - 0x00007ffef6ad6000 	c:\Users\datea\.vscode\extensions\redhat.java-1.11.0-win32-x64\jre\17.0.4.1-win32-x86_64\bin\server\jvm.dll
0x00007fff81d70000 - 0x00007fff81e1e000 	C:\WINDOWS\System32\ADVAPI32.dll
0x00007fff81810000 - 0x00007fff818b6000 	C:\WINDOWS\System32\sechost.dll
0x00007fff82b10000 - 0x00007fff82c37000 	C:\WINDOWS\System32\RPCRT4.dll
0x00007fff833d0000 - 0x00007fff833d8000 	C:\WINDOWS\System32\PSAPI.DLL
0x00007fff79e30000 - 0x00007fff79e65000 	C:\WINDOWS\SYSTEM32\WINMM.dll
0x00007fff69f50000 - 0x00007fff69f59000 	C:\WINDOWS\SYSTEM32\WSOCK32.dll
0x00007fff822a0000 - 0x00007fff8230f000 	C:\WINDOWS\System32\WS2_32.dll
0x00007fff79e70000 - 0x00007fff79e7a000 	C:\WINDOWS\SYSTEM32\VERSION.dll
0x00007fff7fb60000 - 0x00007fff7fb78000 	C:\WINDOWS\SYSTEM32\kernel.appcore.dll
0x00007fff7bcd0000 - 0x00007fff7bcda000 	c:\Users\datea\.vscode\extensions\redhat.java-1.11.0-win32-x64\jre\17.0.4.1-win32-x86_64\bin\jimage.dll
0x00007fff7e470000 - 0x00007fff7e6a3000 	C:\WINDOWS\SYSTEM32\DBGHELP.DLL
0x00007fff81f10000 - 0x00007fff82293000 	C:\WINDOWS\System32\combase.dll
0x00007fff81940000 - 0x00007fff81a18000 	C:\WINDOWS\System32\OLEAUT32.dll
0x00007fff6d4c0000 - 0x00007fff6d4f2000 	C:\WINDOWS\SYSTEM32\dbgcore.DLL
0x00007fff80bb0000 - 0x00007fff80c29000 	C:\WINDOWS\System32\bcryptPrimitives.dll
0x00007fff6c720000 - 0x00007fff6c745000 	c:\Users\datea\.vscode\extensions\redhat.java-1.11.0-win32-x64\jre\17.0.4.1-win32-x86_64\bin\java.dll
0x00007fff71750000 - 0x00007fff71768000 	c:\Users\datea\.vscode\extensions\redhat.java-1.11.0-win32-x64\jre\17.0.4.1-win32-x86_64\bin\zip.dll
0x00007fff82330000 - 0x00007fff82aff000 	C:\WINDOWS\System32\SHELL32.dll
0x00007fff7eab0000 - 0x00007fff7f345000 	C:\WINDOWS\SYSTEM32\windows.storage.dll
0x00007fff7e910000 - 0x00007fff7eaa3000 	C:\WINDOWS\SYSTEM32\wintypes.dll
0x00007fff81e20000 - 0x00007fff81f0b000 	C:\WINDOWS\System32\SHCORE.dll
0x00007fff81670000 - 0x00007fff816cd000 	C:\WINDOWS\System32\shlwapi.dll
0x00007fff80ae0000 - 0x00007fff80b01000 	C:\WINDOWS\SYSTEM32\profapi.dll
0x00007fff70630000 - 0x00007fff70649000 	C:\Users\datea\.vscode\extensions\redhat.java-1.11.0-win32-x64\jre\17.0.4.1-win32-x86_64\bin\net.dll
0x00007fff79a30000 - 0x00007fff79b5b000 	C:\WINDOWS\SYSTEM32\WINHTTP.dll
0x00007fff80010000 - 0x00007fff80079000 	C:\WINDOWS\system32\mswsock.dll
0x00007fff6c830000 - 0x00007fff6c845000 	C:\Users\datea\.vscode\extensions\redhat.java-1.11.0-win32-x64\jre\17.0.4.1-win32-x86_64\bin\nio.dll
0x00007fff728b0000 - 0x00007fff728c0000 	c:\Users\datea\.vscode\extensions\redhat.java-1.11.0-win32-x64\jre\17.0.4.1-win32-x86_64\bin\verify.dll
0x00007fff7d550000 - 0x00007fff7d559000 	C:\Users\datea\.vscode\extensions\redhat.java-1.11.0-win32-x64\jre\17.0.4.1-win32-x86_64\bin\management.dll
0x00007fff7d410000 - 0x00007fff7d41b000 	C:\Users\datea\.vscode\extensions\redhat.java-1.11.0-win32-x64\jre\17.0.4.1-win32-x86_64\bin\management_ext.dll
0x00007fff30650000 - 0x00007fff30667000 	C:\WINDOWS\system32\napinsp.dll
0x00007fff2e660000 - 0x00007fff2e67a000 	C:\WINDOWS\system32\pnrpnsp.dll
0x00007fff6baa0000 - 0x00007fff6bac1000 	C:\WINDOWS\system32\nlansp_c.dll
0x00007fff7f630000 - 0x00007fff7f72f000 	C:\WINDOWS\SYSTEM32\DNSAPI.dll
0x00007fff7f5c0000 - 0x00007fff7f5ee000 	C:\WINDOWS\SYSTEM32\IPHLPAPI.DLL
0x00007fff82320000 - 0x00007fff82329000 	C:\WINDOWS\System32\NSI.dll
0x00007fff2dfd0000 - 0x00007fff2dfe1000 	C:\WINDOWS\System32\winrnr.dll
0x00007fff50740000 - 0x00007fff50755000 	C:\WINDOWS\system32\wshbth.dll
0x00007fff787d0000 - 0x00007fff787da000 	C:\Windows\System32\rasadhlp.dll
0x00007fff79060000 - 0x00007fff790e4000 	C:\WINDOWS\System32\fwpuclnt.dll
0x00007fff80290000 - 0x00007fff802ab000 	C:\WINDOWS\SYSTEM32\CRYPTSP.dll
0x00007fff7faa0000 - 0x00007fff7fad4000 	C:\WINDOWS\system32\rsaenh.dll
0x00007fff80130000 - 0x00007fff80158000 	C:\WINDOWS\SYSTEM32\USERENV.dll
0x00007fff80450000 - 0x00007fff80478000 	C:\WINDOWS\SYSTEM32\bcrypt.dll
0x00007fff802b0000 - 0x00007fff802bc000 	C:\WINDOWS\SYSTEM32\CRYPTBASE.dll
0x00007fff79870000 - 0x00007fff79889000 	C:\WINDOWS\SYSTEM32\dhcpcsvc6.DLL
0x00007fff79840000 - 0x00007fff7985f000 	C:\WINDOWS\SYSTEM32\dhcpcsvc.DLL

dbghelp: loaded successfully - version: 4.0.5 - missing functions: none
symbol engine: initialized successfully - sym options: 0x614 - pdb path: .;c:\Users\datea\.vscode\extensions\redhat.java-1.11.0-win32-x64\jre\17.0.4.1-win32-x86_64\bin;C:\WINDOWS\SYSTEM32;C:\WINDOWS\WinSxS\amd64_microsoft.windows.common-controls_6595b64144ccf1df_6.0.25217.1010_none_7b5ae231f1b4915b;c:\Users\datea\.vscode\extensions\redhat.java-1.11.0-win32-x64\jre\17.0.4.1-win32-x86_64\bin\server

VM Arguments:
jvm_args: -Dsts.lsp.client=vscode -Dsts.log.file=/dev/null -XX:TieredStopAtLevel=1 -Xlog:jni+resolve=off -Dspring.config.location=file:c:\Users\datea\.vscode\extensions\pivotal.vscode-spring-boot-1.39.0\language-server\BOOT-INF\classes\application.properties 
java_command: org.springframework.ide.vscode.boot.app.BootLanguageServerBootApp
java_class_path (initial): c:\Users\datea\.vscode\extensions\pivotal.vscode-spring-boot-1.39.0\language-server\BOOT-INF\classes;c:\Users\datea\.vscode\extensions\pivotal.vscode-spring-boot-1.39.0\language-server\BOOT-INF\lib\annotations-23.0.0.jar;c:\Users\datea\.vscode\extensions\pivotal.vscode-spring-boot-1.39.0\language-server\BOOT-INF\lib\antlr-runtime-3.5.2.jar;c:\Users\datea\.vscode\extensions\pivotal.vscode-spring-boot-1.39.0\language-server\BOOT-INF\lib\antlr4-4.9.3.jar;c:\Users\datea\.vscode\extensions\pivotal.vscode-spring-boot-1.39.0\language-server\BOOT-INF\lib\antlr4-runtime-4.9.3.jar;c:\Users\datea\.vscode\extensions\pivotal.vscode-spring-boot-1.39.0\language-server\BOOT-INF\lib\asm-9.3.jar;c:\Users\datea\.vscode\extensions\pivotal.vscode-spring-boot-1.39.0\language-server\BOOT-INF\lib\asm-analysis-9.3.jar;c:\Users\datea\.vscode\extensions\pivotal.vscode-spring-boot-1.39.0\language-server\BOOT-INF\lib\asm-tree-9.3.jar;c:\Users\datea\.vscode\extensions\pivotal.vscode-spring-boot-1.39.0\language-server\BOOT-INF\lib\asm-util-9.3.jar;c:\Users\datea\.vscode\extensions\pivotal.vscode-spring-boot-1.39.0\language-server\BOOT-INF\lib\byte-buddy-1.12.13.jar;c:\Users\datea\.vscode\extensions\pivotal.vscode-spring-boot-1.39.0\language-server\BOOT-INF\lib\caffeine-2.9.3.jar;c:\Users\datea\.vscode\extensions\pivotal.vscode-spring-boot-1.39.0\language-server\BOOT-INF\lib\checker-qual-3.12.0.jar;c:\Users\datea\.vscode\extensions\pivotal.vscode-spring-boot-1.39.0\language-server\BOOT-INF\lib\classgraph-4.8.149.jar;c:\Users\datea\.vscode\extensions\pivotal.vscode-spring-boot-1.39.0\language-server\BOOT-INF\lib\commons-codec-1.15.jar;c:\Users\datea\.vscode\extensions\pivotal.vscode-spring-boot-1.39.0\language-server\BOOT-INF\lib\commons-compress-1.21.jar;c:\Users\datea\.vscode\extensions\pivotal.vscode-spring-boot-1.39.0\language-server\BOOT-INF\lib\commons-exec-1.3.jar;c:\Users\datea\.vscode\extensions\pivotal.vscode-spring-boot-1.39.0\language-server\BOOT-INF\lib\com
Launcher Type: SUN_STANDARD

[Global flags]
     intx CICompilerCount                          = 4                                         {product} {ergonomic}
     uint ConcGCThreads                            = 2                                         {product} {ergonomic}
     uint G1ConcRefinementThreads                  = 8                                         {product} {ergonomic}
   size_t G1HeapRegionSize                         = 1048576                                   {product} {ergonomic}
    uintx GCDrainStackTargetSize                   = 64                                        {product} {ergonomic}
   size_t InitialHeapSize                          = 132120576                                 {product} {ergonomic}
   size_t MarkStackSize                            = 4194304                                   {product} {ergonomic}
   size_t MaxHeapSize                              = 2095054848                                {product} {ergonomic}
   size_t MaxNewSize                               = 1256194048                                {product} {ergonomic}
   size_t MinHeapDeltaBytes                        = 1048576                                   {product} {ergonomic}
   size_t MinHeapSize                              = 8388608                                   {product} {ergonomic}
    uintx NonProfiledCodeHeapSize                  = 0                                      {pd product} {ergonomic}
     bool ProfileInterpreter                       = false                                  {pd product} {command line}
    uintx ProfiledCodeHeapSize                     = 0                                      {pd product} {ergonomic}
   size_t SoftMaxHeapSize                          = 2095054848                             {manageable} {ergonomic}
     intx TieredStopAtLevel                        = 1                                         {product} {command line}
     bool UseCompressedClassPointers               = true                           {product lp64_product} {ergonomic}
     bool UseCompressedOops                        = true                           {product lp64_product} {ergonomic}
     bool UseG1GC                                  = true                                      {product} {ergonomic}
     bool UseLargePagesIndividualAllocation        = false                                  {pd product} {ergonomic}

Logging:
Log output configuration:
 #0: stdout all=warning,jni+resolve=off uptime,level,tags
 #1: stderr all=off uptime,level,tags

Environment Variables:
PATH=C:\Program Files\Java\jdk-15.0.2\bin;C:\Program Files\Common Files\Oracle\Java\javapath;C:\WINDOWS\system32;C:\WINDOWS;C:\WINDOWS\System32\Wbem;C:\WINDOWS\System32\WindowsPowerShell\v1.0\;C:\WINDOWS\System32\OpenSSH\;C:\Program Files\Azure Data Studio\bin;C:\Program Files\Microsoft SQL Server\Client SDK\ODBC\170\Tools\Binn\;C:\Program Files (x86)\Microsoft SQL Server\150\Tools\Binn\;C:\Program Files\Microsoft SQL Server\150\Tools\Binn\;C:\Program Files\Microsoft SQL Server\150\DTS\Binn\;C:\Program Files (x86)\Microsoft SQL Server\150\DTS\Binn\;C:\Program Files (x86)\GitExtensions\;F:\xampp\php;C:\ProgramData\ComposerSetup\bin;C:\xampp\php;C:\Program Files\Git\cmd;C:\Users\datea\AppData\Local\Microsoft\WindowsApps;C:\Users\datea\AppData\Local\Programs\Microsoft VS Code\bin;;C:\Program Files\Azure Data Studio\bin;C:\Users\datea\AppData\Roaming\Composer\vendor\bin
USERNAME=datea
OS=Windows_NT
PROCESSOR_IDENTIFIER=Intel64 Family 6 Model 126 Stepping 5, GenuineIntel
TMP=C:\Users\datea\AppData\Local\Temp
TEMP=C:\Users\datea\AppData\Local\Temp



---------------  S Y S T E M  ---------------

OS:
 Windows 11 , 64 bit Build 25217 (10.0.25217.1000)
OS uptime: 1 days 20:28 hours
Hyper-V role detected

CPU: total 8 (initial active 8) (4 cores per cpu, 2 threads per core) family 6 model 126 stepping 5 microcode 0xa6, cx8, cmov, fxsr, ht, mmx, 3dnowpref, sse, sse2, sse3, ssse3, sse4.1, sse4.2, popcnt, lzcnt, tsc, tscinvbit, avx, avx2, aes, erms, clmul, bmi1, bmi2, adx, avx512f, avx512dq, avx512cd, avx512bw, avx512vl, sha, fma, vzeroupper, avx512_vpopcntdq, avx512_vpclmulqdq, avx512_vaes, avx512_vnni, clflush, clflushopt, avx512_vbmi2, avx512_vbmi, hv

Memory: 4k page, system-wide physical 7987M (904M free)
TotalPageFile size 12083M (AvailPageFile size 379M)
current process WorkingSet (physical memory assigned to process): 340M, peak: 340M
current process commit charge ("private bytes"): 398M, peak: 823M

vm_info: OpenJDK 64-Bit Server VM (17.0.4.1+1) for windows-amd64 JRE (17.0.4.1+1), built on Aug 17 2022 07:42:43 by "temurin" with MS VC++ 16.7 (VS2019)

END.
