#
# There is insufficient memory for the Java Runtime Environment to continue.
# Native memory allocation (malloc) failed to allocate 2097152 bytes for AllocateHeap
# Possible reasons:
#   The system is out of physical RAM or swap space
#   The process is running with CompressedOops enabled, and the Java Heap may be blocking the growth of the native heap
# Possible solutions:
#   Reduce memory load on the system
#   Increase physical memory or swap space
#   Check if swap backing store is full
#   Decrease Java heap size (-Xmx/-Xms)
#   Decrease number of Java threads
#   Decrease Java thread stack sizes (-Xss)
#   Set larger code cache with -XX:ReservedCodeCacheSize=
#   JVM is running with Unscaled Compressed Oops mode in which the Java heap is
#     placed in the first 4GB address space. The Java Heap base address is the
#     maximum limit for the native heap growth. Please use -XX:HeapBaseMinAddress
#     to set the Java Heap base and to place the Java Heap above 4GB virtual address.
# This output file may be truncated or incomplete.
#
#  Out of Memory Error (allocation.cpp:44), pid=12000, tid=42440
#
# JRE version: OpenJDK Runtime Environment Temurin-17.0.5+8 (17.0.5+8) (build 17.0.5+8)
# Java VM: OpenJDK 64-Bit Server VM Temurin-17.0.5+8 (17.0.5+8, mixed mode, emulated-client, sharing, tiered, compressed oops, compressed class ptrs, g1 gc, windows-amd64)
# No core dump will be written. Minidumps are not enabled by default on client versions of Windows
#

---------------  S U M M A R Y ------------

Command Line: -Dsts.lsp.client=vscode -Dsts.log.file=/dev/null -XX:TieredStopAtLevel=1 -Xlog:jni+resolve=off -Dspring.config.location=file:c:\Users\datea\.vscode\extensions\pivotal.vscode-spring-boot-1.40.0\language-server\BOOT-INF\classes\application.properties org.springframework.ide.vscode.boot.app.BootLanguageServerBootApp

Host: Intel(R) Core(TM) i5-1035G1 CPU @ 1.00GHz, 8 cores, 7G,  Windows 11 , 64 bit Build 25236 (10.0.25236.1000)
Time: Sat Nov  5 19:57:28 2022 SE Asia Standard Time elapsed time: 229.945311 seconds (0d 0h 3m 49s)

---------------  T H R E A D  ---------------

Current thread (0x0000018342039590):  VMThread "VM Thread" [stack: 0x00000074e4500000,0x00000074e4600000] [id=42440]

Stack: [0x00000074e4500000,0x00000074e4600000]
Native frames: (J=compiled Java code, j=interpreted, Vv=VM code, C=native code)
V  [jvm.dll+0x676b3a]
V  [jvm.dll+0x831444]
V  [jvm.dll+0x832bee]
V  [jvm.dll+0x833253]
V  [jvm.dll+0x244ce5]
V  [jvm.dll+0xa631f]
V  [jvm.dll+0x2f4f91]
V  [jvm.dll+0x2f0c10]
V  [jvm.dll+0x2d92f7]
V  [jvm.dll+0x31c3b7]
V  [jvm.dll+0x8376fb]
V  [jvm.dll+0x838434]
V  [jvm.dll+0x83894c]
V  [jvm.dll+0x838d24]
V  [jvm.dll+0x838df0]
V  [jvm.dll+0x7e17ea]
V  [jvm.dll+0x6759e5]
C  [ucrtbase.dll+0x247cb]
C  [KERNEL32.DLL+0x1335d]
C  [ntdll.dll+0x67f38]

VM_Operation (0x00000074e5dfec00): G1CollectFull, mode: safepoint, requested by thread 0x00000183445ffab0


---------------  P R O C E S S  ---------------

Threads class SMR info:
_java_thread_list=0x000001834662a8a0, length=27, elements={
0x0000018342040c00, 0x00000183420437c0, 0x000001834205cd00, 0x000001834205e7d0,
0x00000183420614a0, 0x0000018342061d60, 0x0000018342062620, 0x0000018342063730,
0x0000018342da0120, 0x0000018342da1a50, 0x00000183443a0bd0, 0x00000183445ffab0,
0x0000018344619fe0, 0x000001832ffff050, 0x000001834462a710, 0x000001834468c2e0,
0x00000183446a7cc0, 0x00000183446ca850, 0x00000183446ea950, 0x000001834482ea20,
0x0000018344830700, 0x000001834482dbb0, 0x000001834482f890, 0x0000018344831570,
0x000001834482e080, 0x0000018344833bf0, 0x000001834482d210
}

Java Threads: ( => current thread )
  0x0000018342040c00 JavaThread "Reference Handler" daemon [_thread_blocked, id=29864, stack(0x00000074e4600000,0x00000074e4700000)]
  0x00000183420437c0 JavaThread "Finalizer" daemon [_thread_blocked, id=43460, stack(0x00000074e4700000,0x00000074e4800000)]
  0x000001834205cd00 JavaThread "Signal Dispatcher" daemon [_thread_blocked, id=45324, stack(0x00000074e4800000,0x00000074e4900000)]
  0x000001834205e7d0 JavaThread "Attach Listener" daemon [_thread_blocked, id=47812, stack(0x00000074e4900000,0x00000074e4a00000)]
  0x00000183420614a0 JavaThread "Service Thread" daemon [_thread_blocked, id=57040, stack(0x00000074e4a00000,0x00000074e4b00000)]
  0x0000018342061d60 JavaThread "Monitor Deflation Thread" daemon [_thread_blocked, id=52712, stack(0x00000074e4b00000,0x00000074e4c00000)]
  0x0000018342062620 JavaThread "C1 CompilerThread0" daemon [_thread_blocked, id=56104, stack(0x00000074e4c00000,0x00000074e4d00000)]
  0x0000018342063730 JavaThread "Sweeper thread" daemon [_thread_blocked, id=23956, stack(0x00000074e4d00000,0x00000074e4e00000)]
  0x0000018342da0120 JavaThread "Notification Thread" daemon [_thread_blocked, id=55848, stack(0x00000074e5000000,0x00000074e5100000)]
  0x0000018342da1a50 JavaThread "Common-Cleaner" daemon [_thread_blocked, id=57256, stack(0x00000074e5200000,0x00000074e5300000)]
  0x00000183443a0bd0 JavaThread "boundedElastic-evictor-1" daemon [_thread_blocked, id=54612, stack(0x00000074e5b00000,0x00000074e5c00000)]
  0x00000183445ffab0 JavaThread "pool-9-thread-1" [_thread_blocked, id=53892, stack(0x00000074e5d00000,0x00000074e5e00000)]
  0x0000018344619fe0 JavaThread "LanguageServerApp-lifecycle" [_thread_blocked, id=55184, stack(0x00000074e5e00000,0x00000074e5f00000)]
  0x000001832ffff050 JavaThread "DestroyJavaVM" [_thread_blocked, id=33012, stack(0x00000074e3f00000,0x00000074e4000000)]
  0x000001834462a710 JavaThread "pool-10-thread-1" [_thread_in_native, id=38764, stack(0x00000074e5f00000,0x00000074e6000000)]
  0x000001834468c2e0 JavaThread "Simple-Language-Server main thread" daemon [_thread_blocked, id=50484, stack(0x00000074e6000000,0x00000074e6100000)]
  0x00000183446a7cc0 JavaThread "pool-7-thread-1" [_thread_blocked, id=55484, stack(0x00000074e6200000,0x00000074e6300000)]
  0x00000183446ca850 JavaThread "parallel-1" daemon [_thread_blocked, id=46636, stack(0x00000074e6300000,0x00000074e6400000)]
  0x00000183446ea950 JavaThread "Reconciler-1" daemon [_thread_blocked, id=55716, stack(0x00000074e6400000,0x00000074e6500000)]
  0x000001834482ea20 JavaThread "parallel-2" daemon [_thread_blocked, id=49984, stack(0x00000074e4f00000,0x00000074e5000000)]
  0x0000018344830700 JavaThread "parallel-3" daemon [_thread_blocked, id=51744, stack(0x00000074e6500000,0x00000074e6600000)]
  0x000001834482dbb0 JavaThread "pool-5-thread-1" [_thread_blocked, id=47692, stack(0x00000074e6600000,0x00000074e6700000)]
  0x000001834482f890 JavaThread "parallel-4" daemon [_thread_blocked, id=44028, stack(0x00000074e6700000,0x00000074e6800000)]
  0x0000018344831570 JavaThread "parallel-5" daemon [_thread_blocked, id=772, stack(0x00000074e6900000,0x00000074e6a00000)]
  0x000001834482e080 JavaThread "parallel-6" daemon [_thread_blocked, id=56028, stack(0x00000074e6a00000,0x00000074e6b00000)]
  0x0000018344833bf0 JavaThread "parallel-7" daemon [_thread_blocked, id=54316, stack(0x00000074e3c00000,0x00000074e3d00000)]
  0x000001834482d210 JavaThread "parallel-8" daemon [_thread_blocked, id=54404, stack(0x00000074e6c00000,0x00000074e6d00000)]

Other Threads:
=>0x0000018342039590 VMThread "VM Thread" [stack: 0x00000074e4500000,0x00000074e4600000] [id=42440]
  0x0000018342da0e00 WatcherThread [stack: 0x00000074e5100000,0x00000074e5200000] [id=19500]
  0x000001833005b270 GCTaskThread "GC Thread#0" [stack: 0x00000074e4000000,0x00000074e4100000] [id=56708]
  0x0000018343604b90 GCTaskThread "GC Thread#1" [stack: 0x00000074e5300000,0x00000074e5400000] [id=54808]
  0x00000183435fe0a0 GCTaskThread "GC Thread#2" [stack: 0x00000074e5400000,0x00000074e5500000] [id=54824]
  0x000001834362fcb0 GCTaskThread "GC Thread#3" [stack: 0x00000074e5500000,0x00000074e5600000] [id=52972]
  0x000001834362ff60 GCTaskThread "GC Thread#4" [stack: 0x00000074e5600000,0x00000074e5700000] [id=55096]
  0x0000018343630620 GCTaskThread "GC Thread#5" [stack: 0x00000074e5700000,0x00000074e5800000] [id=55772]
  0x00000183437f9730 GCTaskThread "GC Thread#6" [stack: 0x00000074e5900000,0x00000074e5a00000] [id=48600]
  0x00000183437f99e0 GCTaskThread "GC Thread#7" [stack: 0x00000074e5a00000,0x00000074e5b00000] [id=56816]
  0x000001833006bb70 ConcurrentGCThread "G1 Main Marker" [stack: 0x00000074e4100000,0x00000074e4200000] [id=55840]
  0x000001833006d6f0 ConcurrentGCThread "G1 Conc#0" [stack: 0x00000074e4200000,0x00000074e4300000] [id=52800]
  0x0000018344322ff0 ConcurrentGCThread "G1 Conc#1" [stack: 0x00000074e5c00000,0x00000074e5d00000] [id=49264]
  0x0000018341ef64f0 ConcurrentGCThread "G1 Refine#0" [stack: 0x00000074e4300000,0x00000074e4400000] [id=52020]
  0x000001834361a030 ConcurrentGCThread "G1 Refine#1" [stack: 0x00000074e5800000,0x00000074e5900000] [id=15424]
  0x0000018344aabdc0 ConcurrentGCThread "G1 Refine#2" [stack: 0x00000074e7700000,0x00000074e7800000] [id=53216]
  0x0000018344979b60 ConcurrentGCThread "G1 Refine#3" [stack: 0x00000074e4e00000,0x00000074e4f00000] [id=31948]
  0x0000018344aa53d0 ConcurrentGCThread "G1 Refine#4" [stack: 0x00000074e7800000,0x00000074e7900000] [id=52952]
  0x00000183441c0a50 ConcurrentGCThread "G1 Refine#5" [stack: 0x00000074e7900000,0x00000074e7a00000] [id=43016]
  0x0000018343337110 ConcurrentGCThread "G1 Refine#6" [stack: 0x00000074e6d00000,0x00000074e6e00000] [id=57140]
  0x0000018341ef6f10 ConcurrentGCThread "G1 Service" [stack: 0x00000074e4400000,0x00000074e4500000] [id=56948]

Threads with active compile tasks:

VM state: at safepoint (normal execution)

VM Mutex/Monitor currently owned by a thread:  ([mutex/lock_event])
[0x000001832dde2670] Threads_lock - owner thread: 0x0000018342039590
[0x000001832fffbdf0] Heap_lock - owner thread: 0x00000183445ffab0

Heap address: 0x0000000083200000, size: 1998 MB, Compressed Oops mode: 32-bit

CDS archive(s) mapped at: [0x0000000800000000-0x0000000800bc0000-0x0000000800bc0000), size 12320768, SharedBaseAddress: 0x0000000800000000, ArchiveRelocationMode: 0.
Compressed class space mapped at: 0x0000000800c00000-0x0000000840c00000, reserved size: 1073741824
Narrow klass base: 0x0000000800000000, Narrow klass shift: 0, Narrow klass range: 0x100000000

GC Precious Log:
 CPUs: 8 total, 8 available
 Memory: 7987M
 Large Page Support: Disabled
 NUMA Support: Disabled
 Compressed Oops: Enabled (32-bit)
 Heap Region Size: 1M
 Heap Min Capacity: 8M
 Heap Initial Capacity: 126M
 Heap Max Capacity: 1998M
 Pre-touch: Disabled
 Parallel Workers: 8
 Concurrent Workers: 2
 Concurrent Refinement Workers: 8
 Periodic GC: Disabled

Heap:
 garbage-first heap   total 122880K, used 35925K [0x0000000083200000, 0x0000000100000000)
  region size 1024K, 1 young (1024K), 0 survivors (0K)
 Metaspace       used 46559K, committed 47168K, reserved 1089536K
  class space    used 6316K, committed 6592K, reserved 1048576K

Heap Regions: E=young(eden), S=young(survivor), O=old, HS=humongous(starts), HC=humongous(continues), CS=collection set, F=free, OA=open archive, CA=closed archive, TAMS=top-at-mark-start (previous, next)
|   0|0x0000000083200000, 0x00000000832ffff0, 0x0000000083300000| 99%| O|  |TAMS 0x00000000832ffff0, 0x0000000083200000| Untracked 
|   1|0x0000000083300000, 0x0000000083400000, 0x0000000083400000|100%| O|  |TAMS 0x0000000083400000, 0x0000000083300000| Untracked 
|   2|0x0000000083400000, 0x0000000083500000, 0x0000000083500000|100%| O|  |TAMS 0x0000000083500000, 0x0000000083400000| Untracked 
|   3|0x0000000083500000, 0x0000000083600000, 0x0000000083600000|100%| O|  |TAMS 0x0000000083600000, 0x0000000083500000| Untracked 
|   4|0x0000000083600000, 0x00000000836fff40, 0x0000000083700000| 99%| O|  |TAMS 0x00000000836fff40, 0x0000000083600000| Untracked 
|   5|0x0000000083700000, 0x0000000083800000, 0x0000000083800000|100%| O|  |TAMS 0x0000000083800000, 0x0000000083700000| Untracked 
|   6|0x0000000083800000, 0x00000000838fffc8, 0x0000000083900000| 99%| O|  |TAMS 0x00000000838fffc8, 0x0000000083800000| Untracked 
|   7|0x0000000083900000, 0x00000000839ffff8, 0x0000000083a00000| 99%| O|  |TAMS 0x00000000839ffff8, 0x0000000083900000| Untracked 
|   8|0x0000000083a00000, 0x0000000083affff8, 0x0000000083b00000| 99%| O|  |TAMS 0x0000000083affff8, 0x0000000083a00000| Untracked 
|   9|0x0000000083b00000, 0x0000000083bfe790, 0x0000000083c00000| 99%| O|  |TAMS 0x0000000083bfe790, 0x0000000083b00000| Untracked 
|  10|0x0000000083c00000, 0x0000000083cfffe0, 0x0000000083d00000| 99%| O|  |TAMS 0x0000000083cfffe0, 0x0000000083c00000| Untracked 
|  11|0x0000000083d00000, 0x0000000083dffff0, 0x0000000083e00000| 99%| O|  |TAMS 0x0000000083dffff0, 0x0000000083d00000| Untracked 
|  12|0x0000000083e00000, 0x0000000083efffc0, 0x0000000083f00000| 99%| O|  |TAMS 0x0000000083efffc0, 0x0000000083e00000| Untracked 
|  13|0x0000000083f00000, 0x0000000084000000, 0x0000000084000000|100%| O|  |TAMS 0x0000000084000000, 0x0000000083f00000| Untracked 
|  14|0x0000000084000000, 0x00000000840fffe0, 0x0000000084100000| 99%| O|  |TAMS 0x00000000840fffe0, 0x0000000084000000| Untracked 
|  15|0x0000000084100000, 0x00000000841fffe8, 0x0000000084200000| 99%| O|  |TAMS 0x00000000841fffe8, 0x0000000084100000| Untracked 
|  16|0x0000000084200000, 0x00000000842fffe8, 0x0000000084300000| 99%| O|  |TAMS 0x00000000842fffe8, 0x0000000084200000| Untracked 
|  17|0x0000000084300000, 0x00000000843fffc8, 0x0000000084400000| 99%| O|  |TAMS 0x00000000843fffc8, 0x0000000084300000| Untracked 
|  18|0x0000000084400000, 0x0000000084500000, 0x0000000084500000|100%| O|  |TAMS 0x0000000084500000, 0x0000000084400000| Untracked 
|  19|0x0000000084500000, 0x00000000845fffd8, 0x0000000084600000| 99%| O|  |TAMS 0x00000000845fffd8, 0x0000000084500000| Untracked 
|  20|0x0000000084600000, 0x00000000846fffe0, 0x0000000084700000| 99%| O|  |TAMS 0x00000000846fffe0, 0x0000000084600000| Untracked 
|  21|0x0000000084700000, 0x00000000847f3d20, 0x0000000084800000| 95%| O|  |TAMS 0x00000000847f3d20, 0x0000000084700000| Untracked 
|  22|0x0000000084800000, 0x00000000848fffe0, 0x0000000084900000| 99%| O|  |TAMS 0x00000000848fffe0, 0x0000000084800000| Untracked 
|  23|0x0000000084900000, 0x00000000849ff088, 0x0000000084a00000| 99%| O|  |TAMS 0x00000000849ff088, 0x0000000084900000| Untracked 
|  24|0x0000000084a00000, 0x0000000084affff8, 0x0000000084b00000| 99%| O|  |TAMS 0x0000000084affff8, 0x0000000084a00000| Untracked 
|  25|0x0000000084b00000, 0x0000000084bffff8, 0x0000000084c00000| 99%| O|  |TAMS 0x0000000084bffff8, 0x0000000084b00000| Untracked 
|  26|0x0000000084c00000, 0x0000000084cfffe8, 0x0000000084d00000| 99%| O|  |TAMS 0x0000000084cfffe8, 0x0000000084c00000| Untracked 
|  27|0x0000000084d00000, 0x0000000084dfff98, 0x0000000084e00000| 99%| O|  |TAMS 0x0000000084dfff98, 0x0000000084d00000| Untracked 
|  28|0x0000000084e00000, 0x0000000084efffe0, 0x0000000084f00000| 99%| O|  |TAMS 0x0000000084efffe0, 0x0000000084e00000| Untracked 
|  29|0x0000000084f00000, 0x0000000084fffff0, 0x0000000085000000| 99%| O|  |TAMS 0x0000000084fffff0, 0x0000000084f00000| Untracked 
|  30|0x0000000085000000, 0x000000008502faa0, 0x0000000085100000| 18%| O|  |TAMS 0x0000000085000000, 0x0000000085000000| Untracked 
|  31|0x0000000085100000, 0x0000000085100000, 0x0000000085200000|  0%| F|  |TAMS 0x0000000085100000, 0x0000000085100000| Untracked 
|  32|0x0000000085200000, 0x0000000085200000, 0x0000000085300000|  0%| F|  |TAMS 0x0000000085200000, 0x0000000085200000| Untracked 
|  33|0x0000000085300000, 0x0000000085300000, 0x0000000085400000|  0%| F|  |TAMS 0x0000000085300000, 0x0000000085300000| Untracked 
|  34|0x0000000085400000, 0x00000000854fd418, 0x0000000085500000| 98%| O|  |TAMS 0x00000000854fd418, 0x0000000085400000| Untracked 
|  35|0x0000000085500000, 0x00000000855fdcc8, 0x0000000085600000| 99%| O|  |TAMS 0x00000000855fdcc8, 0x0000000085500000| Untracked 
|  36|0x0000000085600000, 0x0000000085600000, 0x0000000085700000|  0%| F|  |TAMS 0x0000000085600000, 0x0000000085600000| Untracked 
|  37|0x0000000085700000, 0x0000000085700000, 0x0000000085800000|  0%| F|  |TAMS 0x0000000085700000, 0x0000000085700000| Untracked 
|  38|0x0000000085800000, 0x0000000085800000, 0x0000000085900000|  0%| F|  |TAMS 0x0000000085800000, 0x0000000085800000| Untracked 
|  39|0x0000000085900000, 0x0000000085900000, 0x0000000085a00000|  0%| F|  |TAMS 0x0000000085900000, 0x0000000085900000| Untracked 
|  40|0x0000000085a00000, 0x0000000085a00000, 0x0000000085b00000|  0%| F|  |TAMS 0x0000000085a00000, 0x0000000085a00000| Untracked 
|  41|0x0000000085b00000, 0x0000000085bf9a58, 0x0000000085c00000| 97%| O|  |TAMS 0x0000000085bf9a58, 0x0000000085b00000| Untracked 
|  42|0x0000000085c00000, 0x0000000085c00000, 0x0000000085d00000|  0%| F|  |TAMS 0x0000000085c00000, 0x0000000085c00000| Untracked 
|  43|0x0000000085d00000, 0x0000000085d00000, 0x0000000085e00000|  0%| F|  |TAMS 0x0000000085d00000, 0x0000000085d00000| Untracked 
|  44|0x0000000085e00000, 0x0000000085e00000, 0x0000000085f00000|  0%| F|  |TAMS 0x0000000085e00000, 0x0000000085e00000| Untracked 
|  45|0x0000000085f00000, 0x0000000085f00000, 0x0000000086000000|  0%| F|  |TAMS 0x0000000085f00000, 0x0000000085f00000| Untracked 
|  46|0x0000000086000000, 0x00000000860fffe8, 0x0000000086100000| 99%| O|  |TAMS 0x00000000860fffe8, 0x0000000086000000| Untracked 
|  47|0x0000000086100000, 0x0000000086100000, 0x0000000086200000|  0%| F|  |TAMS 0x0000000086100000, 0x0000000086100000| Untracked 
|  48|0x0000000086200000, 0x0000000086200000, 0x0000000086300000|  0%| F|  |TAMS 0x0000000086200000, 0x0000000086200000| Untracked 
|  49|0x0000000086300000, 0x0000000086300000, 0x0000000086400000|  0%| F|  |TAMS 0x0000000086300000, 0x0000000086300000| Untracked 
|  50|0x0000000086400000, 0x0000000086400000, 0x0000000086500000|  0%| F|  |TAMS 0x0000000086400000, 0x0000000086400000| Untracked 
|  51|0x0000000086500000, 0x0000000086500000, 0x0000000086600000|  0%| F|  |TAMS 0x0000000086500000, 0x0000000086500000| Untracked 
|  52|0x0000000086600000, 0x0000000086600000, 0x0000000086700000|  0%| F|  |TAMS 0x0000000086600000, 0x0000000086600000| Untracked 
|  53|0x0000000086700000, 0x0000000086700000, 0x0000000086800000|  0%| F|  |TAMS 0x0000000086700000, 0x0000000086700000| Untracked 
|  54|0x0000000086800000, 0x0000000086800000, 0x0000000086900000|  0%| F|  |TAMS 0x0000000086800000, 0x0000000086800000| Untracked 
|  55|0x0000000086900000, 0x0000000086900000, 0x0000000086a00000|  0%| F|  |TAMS 0x0000000086900000, 0x0000000086900000| Untracked 
|  56|0x0000000086a00000, 0x0000000086a00000, 0x0000000086b00000|  0%| F|  |TAMS 0x0000000086a00000, 0x0000000086a00000| Untracked 
|  57|0x0000000086b00000, 0x0000000086b00000, 0x0000000086c00000|  0%| F|  |TAMS 0x0000000086b00000, 0x0000000086b00000| Untracked 
|  58|0x0000000086c00000, 0x0000000086c00000, 0x0000000086d00000|  0%| F|  |TAMS 0x0000000086c00000, 0x0000000086c00000| Untracked 
|  59|0x0000000086d00000, 0x0000000086d00000, 0x0000000086e00000|  0%| F|  |TAMS 0x0000000086d00000, 0x0000000086d00000| Untracked 
|  60|0x0000000086e00000, 0x0000000086e00000, 0x0000000086f00000|  0%| F|  |TAMS 0x0000000086e00000, 0x0000000086e00000| Untracked 
|  61|0x0000000086f00000, 0x0000000086f00000, 0x0000000087000000|  0%| F|  |TAMS 0x0000000086f00000, 0x0000000086f00000| Untracked 
|  62|0x0000000087000000, 0x0000000087000000, 0x0000000087100000|  0%| F|  |TAMS 0x0000000087000000, 0x0000000087000000| Untracked 
|  63|0x0000000087100000, 0x0000000087100000, 0x0000000087200000|  0%| F|  |TAMS 0x0000000087100000, 0x0000000087100000| Untracked 
|  64|0x0000000087200000, 0x0000000087200000, 0x0000000087300000|  0%| F|  |TAMS 0x0000000087200000, 0x0000000087200000| Untracked 
|  65|0x0000000087300000, 0x0000000087300000, 0x0000000087400000|  0%| F|  |TAMS 0x0000000087300000, 0x0000000087300000| Untracked 
|  66|0x0000000087400000, 0x0000000087400000, 0x0000000087500000|  0%| F|  |TAMS 0x0000000087400000, 0x0000000087400000| Untracked 
|  67|0x0000000087500000, 0x0000000087500000, 0x0000000087600000|  0%| F|  |TAMS 0x0000000087500000, 0x0000000087500000| Untracked 
|  68|0x0000000087600000, 0x0000000087600000, 0x0000000087700000|  0%| F|  |TAMS 0x0000000087600000, 0x0000000087600000| Untracked 
|  69|0x0000000087700000, 0x0000000087700000, 0x0000000087800000|  0%| F|  |TAMS 0x0000000087700000, 0x0000000087700000| Untracked 
|  70|0x0000000087800000, 0x0000000087800000, 0x0000000087900000|  0%| F|  |TAMS 0x0000000087800000, 0x0000000087800000| Untracked 
|  71|0x0000000087900000, 0x0000000087900000, 0x0000000087a00000|  0%| F|  |TAMS 0x0000000087900000, 0x0000000087900000| Untracked 
|  72|0x0000000087a00000, 0x0000000087a00000, 0x0000000087b00000|  0%| F|  |TAMS 0x0000000087a00000, 0x0000000087a00000| Untracked 
|  73|0x0000000087b00000, 0x0000000087b00000, 0x0000000087c00000|  0%| F|  |TAMS 0x0000000087b00000, 0x0000000087b00000| Untracked 
|  74|0x0000000087c00000, 0x0000000087c00000, 0x0000000087d00000|  0%| F|  |TAMS 0x0000000087c00000, 0x0000000087c00000| Untracked 
|  75|0x0000000087d00000, 0x0000000087d00000, 0x0000000087e00000|  0%| F|  |TAMS 0x0000000087d00000, 0x0000000087d00000| Untracked 
|  76|0x0000000087e00000, 0x0000000087e00000, 0x0000000087f00000|  0%| F|  |TAMS 0x0000000087e00000, 0x0000000087e00000| Untracked 
|  77|0x0000000087f00000, 0x0000000087f00000, 0x0000000088000000|  0%| F|  |TAMS 0x0000000087f00000, 0x0000000087f00000| Untracked 
|  78|0x0000000088000000, 0x0000000088000000, 0x0000000088100000|  0%| F|  |TAMS 0x0000000088000000, 0x0000000088000000| Untracked 
|  79|0x0000000088100000, 0x0000000088100000, 0x0000000088200000|  0%| F|  |TAMS 0x0000000088100000, 0x0000000088100000| Untracked 
|  80|0x0000000088200000, 0x0000000088200000, 0x0000000088300000|  0%| F|  |TAMS 0x0000000088200000, 0x0000000088200000| Untracked 
|  81|0x0000000088300000, 0x0000000088300000, 0x0000000088400000|  0%| F|  |TAMS 0x0000000088300000, 0x0000000088300000| Untracked 
|  82|0x0000000088400000, 0x0000000088400000, 0x0000000088500000|  0%| F|  |TAMS 0x0000000088400000, 0x0000000088400000| Untracked 
|  83|0x0000000088500000, 0x0000000088500000, 0x0000000088600000|  0%| F|  |TAMS 0x0000000088500000, 0x0000000088500000| Untracked 
|  84|0x0000000088600000, 0x0000000088600000, 0x0000000088700000|  0%| F|  |TAMS 0x0000000088600000, 0x0000000088600000| Untracked 
|  85|0x0000000088700000, 0x0000000088700000, 0x0000000088800000|  0%| F|  |TAMS 0x0000000088700000, 0x0000000088700000| Untracked 
|  86|0x0000000088800000, 0x0000000088800000, 0x0000000088900000|  0%| F|  |TAMS 0x0000000088800000, 0x0000000088800000| Untracked 
|  87|0x0000000088900000, 0x0000000088900000, 0x0000000088a00000|  0%| F|  |TAMS 0x0000000088900000, 0x0000000088900000| Untracked 
|  88|0x0000000088a00000, 0x0000000088a00000, 0x0000000088b00000|  0%| F|  |TAMS 0x0000000088a00000, 0x0000000088a00000| Untracked 
|  89|0x0000000088b00000, 0x0000000088b00000, 0x0000000088c00000|  0%| F|  |TAMS 0x0000000088b00000, 0x0000000088b00000| Untracked 
|  90|0x0000000088c00000, 0x0000000088c00000, 0x0000000088d00000|  0%| F|  |TAMS 0x0000000088c00000, 0x0000000088c00000| Untracked 
|  91|0x0000000088d00000, 0x0000000088d00000, 0x0000000088e00000|  0%| F|  |TAMS 0x0000000088d00000, 0x0000000088d00000| Untracked 
|  92|0x0000000088e00000, 0x0000000088e00000, 0x0000000088f00000|  0%| F|  |TAMS 0x0000000088e00000, 0x0000000088e00000| Untracked 
|  93|0x0000000088f00000, 0x0000000088f00000, 0x0000000089000000|  0%| F|  |TAMS 0x0000000088f00000, 0x0000000088f00000| Untracked 
|  94|0x0000000089000000, 0x0000000089000000, 0x0000000089100000|  0%| F|  |TAMS 0x0000000089000000, 0x0000000089000000| Untracked 
|  95|0x0000000089100000, 0x0000000089100000, 0x0000000089200000|  0%| F|  |TAMS 0x0000000089100000, 0x0000000089100000| Untracked 
|  96|0x0000000089200000, 0x0000000089200000, 0x0000000089300000|  0%| F|  |TAMS 0x0000000089200000, 0x0000000089200000| Untracked 
|  97|0x0000000089300000, 0x0000000089300000, 0x0000000089400000|  0%| F|  |TAMS 0x0000000089300000, 0x0000000089300000| Untracked 
|  98|0x0000000089400000, 0x0000000089400000, 0x0000000089500000|  0%| F|  |TAMS 0x0000000089400000, 0x0000000089400000| Untracked 
|  99|0x0000000089500000, 0x0000000089500000, 0x0000000089600000|  0%| F|  |TAMS 0x0000000089500000, 0x0000000089500000| Untracked 
| 100|0x0000000089600000, 0x0000000089600000, 0x0000000089700000|  0%| F|  |TAMS 0x0000000089600000, 0x0000000089600000| Untracked 
| 101|0x0000000089700000, 0x0000000089700000, 0x0000000089800000|  0%| F|  |TAMS 0x0000000089700000, 0x0000000089700000| Untracked 
| 102|0x0000000089800000, 0x0000000089800000, 0x0000000089900000|  0%| F|  |TAMS 0x0000000089800000, 0x0000000089800000| Untracked 
| 103|0x0000000089900000, 0x0000000089900000, 0x0000000089a00000|  0%| F|  |TAMS 0x0000000089900000, 0x0000000089900000| Untracked 
| 104|0x0000000089a00000, 0x0000000089a00000, 0x0000000089b00000|  0%| F|  |TAMS 0x0000000089a00000, 0x0000000089a00000| Untracked 
| 105|0x0000000089b00000, 0x0000000089b00000, 0x0000000089c00000|  0%| F|  |TAMS 0x0000000089b00000, 0x0000000089b00000| Untracked 
| 106|0x0000000089c00000, 0x0000000089c00000, 0x0000000089d00000|  0%| F|  |TAMS 0x0000000089c00000, 0x0000000089c00000| Untracked 
| 107|0x0000000089d00000, 0x0000000089d00000, 0x0000000089e00000|  0%| F|  |TAMS 0x0000000089d00000, 0x0000000089d00000| Untracked 
| 108|0x0000000089e00000, 0x0000000089e00000, 0x0000000089f00000|  0%| F|  |TAMS 0x0000000089e00000, 0x0000000089e00000| Untracked 
| 109|0x0000000089f00000, 0x0000000089f00000, 0x000000008a000000|  0%| F|  |TAMS 0x0000000089f00000, 0x0000000089f00000| Untracked 
| 110|0x000000008a000000, 0x000000008a000000, 0x000000008a100000|  0%| F|  |TAMS 0x000000008a000000, 0x000000008a000000| Untracked 
| 111|0x000000008a100000, 0x000000008a100000, 0x000000008a200000|  0%| F|  |TAMS 0x000000008a100000, 0x000000008a100000| Untracked 
| 112|0x000000008a200000, 0x000000008a200000, 0x000000008a300000|  0%| F|  |TAMS 0x000000008a200000, 0x000000008a200000| Untracked 
| 113|0x000000008a300000, 0x000000008a300000, 0x000000008a400000|  0%| F|  |TAMS 0x000000008a300000, 0x000000008a300000| Untracked 
| 114|0x000000008a400000, 0x000000008a400000, 0x000000008a500000|  0%| F|  |TAMS 0x000000008a400000, 0x000000008a400000| Untracked 
| 115|0x000000008a500000, 0x000000008a500000, 0x000000008a600000|  0%| F|  |TAMS 0x000000008a500000, 0x000000008a500000| Untracked 
| 116|0x000000008a600000, 0x000000008a600000, 0x000000008a700000|  0%| F|  |TAMS 0x000000008a600000, 0x000000008a600000| Untracked 
| 117|0x000000008a700000, 0x000000008a700000, 0x000000008a800000|  0%| F|  |TAMS 0x000000008a700000, 0x000000008a700000| Untracked 
| 118|0x000000008a800000, 0x000000008a83d428, 0x000000008a900000| 23%| E|  |TAMS 0x000000008a800000, 0x000000008a800000| Complete 
| 175|0x000000008e100000, 0x000000008e200000, 0x000000008e200000|100%|HS|  |TAMS 0x000000008e200000, 0x000000008e100000| Untracked 

Card table byte_map: [0x000001833afd0000,0x000001833b3c0000] _byte_map_base: 0x000001833abb7000

Marking Bits (Prev, Next): (CMBitMap*) 0x000001833005b8c0, (CMBitMap*) 0x000001833005b880
 Prev Bits: [0x000001833d6f0000, 0x000001833f628000)
 Next Bits: [0x000001833b7b0000, 0x000001833d6e8000)

Polling page: 0x000001832df30000

Metaspace:

Usage:
  Non-class:     39.30 MB used.
      Class:      6.17 MB used.
       Both:     45.47 MB used.

Virtual space:
  Non-class space:       40.00 MB reserved,      39.62 MB (>99%) committed,  5 nodes.
      Class space:        1.00 GB reserved,       6.44 MB ( <1%) committed,  1 nodes.
             Both:        1.04 GB reserved,      46.06 MB (  4%) committed. 

Chunk freelists:
   Non-Class:  420.00 KB
       Class:  1.62 MB
        Both:  2.03 MB

MaxMetaspaceSize: unlimited
CompressedClassSpaceSize: 1.00 GB
Initial GC threshold: 21.00 MB
Current GC threshold: 76.81 MB
CDS: on
MetaspaceReclaimPolicy: balanced
 - commit_granule_bytes: 65536.
 - commit_granule_words: 8192.
 - virtual_space_node_default_size: 1048576.
 - enlarge_chunks_in_place: 1.
 - new_chunks_are_fully_committed: 0.
 - uncommit_free_chunks: 1.
 - use_allocation_guard: 0.
 - handle_deallocations: 1.


Internal statistics:

num_allocs_failed_limit: 6.
num_arena_births: 470.
num_arena_deaths: 130.
num_vsnodes_births: 6.
num_vsnodes_deaths: 0.
num_space_committed: 737.
num_space_uncommitted: 0.
num_chunks_returned_to_freelist: 163.
num_chunks_taken_from_freelist: 2200.
num_chunk_merges: 51.
num_chunk_splits: 1572.
num_chunks_enlarged: 1226.
num_purges: 12.
num_inconsistent_stats: 0.

CodeCache: size=49152Kb used=14899Kb max_used=16558Kb free=34253Kb
 bounds [0x0000018337ad0000, 0x0000018338b00000, 0x000001833aad0000]
 total_blobs=8358 nmethods=7748 adapters=536
 compilation: enabled
              stopped_count=0, restarted_count=0
 full_count=0

Compilation events (20 events):
Event: 31.965 Thread 0x0000018343346930 7737       1       java.lang.invoke.VarHandleInts$FieldInstanceReadWrite::compareAndSet (32 bytes)
Event: 31.965 Thread 0x0000018344f071d0 nmethod 7734 0x000001833843d710 code [0x000001833843d8c0, 0x000001833843dac8]
Event: 31.965 Thread 0x0000018343346930 nmethod 7737 0x000001833843d110 code [0x000001833843d2c0, 0x000001833843d588]
Event: 31.966 Thread 0x0000018342062620 nmethod 7736 0x000001833843ba10 code [0x000001833843bca0, 0x000001833843c7a8]
Event: 62.231 Thread 0x0000018342062620 7740       1       java.lang.invoke.MemberName::getFactory (4 bytes)
Event: 62.231 Thread 0x0000018342062620 nmethod 7740 0x000001833843b410 code [0x000001833843b5a0, 0x000001833843b658]
Event: 62.674 Thread 0x0000018342062620 7744       1       java.util.concurrent.locks.AbstractQueuedSynchronizer$Node::<init> (5 bytes)
Event: 62.674 Thread 0x0000018342062620 nmethod 7744 0x000001833843a810 code [0x000001833843a9a0, 0x000001833843aa58]
Event: 62.674 Thread 0x0000018342062620 7745       1       java.util.Collections$SetFromMap::isEmpty (10 bytes)
Event: 62.674 Thread 0x0000018342062620 nmethod 7745 0x000001833843a510 code [0x000001833843a6a0, 0x000001833843a788]
Event: 72.677 Thread 0x0000018342062620 7746       1       java.lang.invoke.LambdaForm$MH/0x0000000800c16400::invoke (27 bytes)
Event: 72.678 Thread 0x0000018342062620 nmethod 7746 0x000001833843a110 code [0x000001833843a2c0, 0x000001833843a438]
Event: 185.750 Thread 0x0000018342062620 7747       1       java.util.concurrent.locks.AbstractQueuedSynchronizer$Node::clearStatus (12 bytes)
Event: 185.751 Thread 0x0000018342062620 nmethod 7747 0x0000018338439e10 code [0x0000018338439fa0, 0x000001833843a078]
Event: 185.751 Thread 0x0000018342062620 7748       1       jdk.internal.misc.Unsafe::putIntOpaque (9 bytes)
Event: 185.751 Thread 0x0000018342062620 nmethod 7748 0x0000018338439b10 code [0x0000018338439ca0, 0x0000018338439d78]
Event: 200.167 Thread 0x0000018342062620 7749       1       java.util.concurrent.locks.LockSupport::setBlocker (12 bytes)
Event: 200.167 Thread 0x0000018342062620 nmethod 7749 0x0000018338439810 code [0x00000183384399a0, 0x0000018338439a98]
Event: 217.034 Thread 0x0000018342062620 7750       1       java.util.concurrent.ThreadPoolExecutor::isShutdown (12 bytes)
Event: 217.034 Thread 0x0000018342062620 nmethod 7750 0x0000018338439510 code [0x00000183384396a0, 0x0000018338439798]

GC Heap History (20 events):
Event: 124.289 GC heap before
{Heap before GC invocations=36 (full 6):
 garbage-first heap   total 137216K, used 39455K [0x0000000083200000, 0x0000000100000000)
  region size 1024K, 1 young (1024K), 0 survivors (0K)
 Metaspace       used 46679K, committed 47168K, reserved 1089536K
  class space    used 6343K, committed 6592K, reserved 1048576K
}
Event: 124.327 GC heap after
{Heap after GC invocations=37 (full 7):
 garbage-first heap   total 137216K, used 38725K [0x0000000083200000, 0x0000000100000000)
  region size 1024K, 0 young (0K), 0 survivors (0K)
 Metaspace       used 46676K, committed 47168K, reserved 1089536K
  class space    used 6342K, committed 6592K, reserved 1048576K
}
Event: 134.568 GC heap before
{Heap before GC invocations=37 (full 7):
 garbage-first heap   total 137216K, used 38725K [0x0000000083200000, 0x0000000100000000)
  region size 1024K, 1 young (1024K), 0 survivors (0K)
 Metaspace       used 46676K, committed 47168K, reserved 1089536K
  class space    used 6342K, committed 6592K, reserved 1048576K
}
Event: 134.621 GC heap after
{Heap after GC invocations=38 (full 8):
 garbage-first heap   total 130048K, used 37159K [0x0000000083200000, 0x0000000100000000)
  region size 1024K, 0 young (0K), 0 survivors (0K)
 Metaspace       used 46612K, committed 47168K, reserved 1089536K
  class space    used 6329K, committed 6592K, reserved 1048576K
}
Event: 144.845 GC heap before
{Heap before GC invocations=38 (full 8):
 garbage-first heap   total 130048K, used 37159K [0x0000000083200000, 0x0000000100000000)
  region size 1024K, 1 young (1024K), 0 survivors (0K)
 Metaspace       used 46612K, committed 47168K, reserved 1089536K
  class space    used 6329K, committed 6592K, reserved 1048576K
}
Event: 144.887 GC heap after
{Heap after GC invocations=39 (full 9):
 garbage-first heap   total 126976K, used 35925K [0x0000000083200000, 0x0000000100000000)
  region size 1024K, 0 young (0K), 0 survivors (0K)
 Metaspace       used 46561K, committed 47168K, reserved 1089536K
  class space    used 6316K, committed 6592K, reserved 1048576K
}
Event: 155.102 GC heap before
{Heap before GC invocations=39 (full 9):
 garbage-first heap   total 126976K, used 35925K [0x0000000083200000, 0x0000000100000000)
  region size 1024K, 1 young (1024K), 0 survivors (0K)
 Metaspace       used 46561K, committed 47168K, reserved 1089536K
  class space    used 6316K, committed 6592K, reserved 1048576K
}
Event: 155.132 GC heap after
{Heap after GC invocations=40 (full 10):
 garbage-first heap   total 126976K, used 35925K [0x0000000083200000, 0x0000000100000000)
  region size 1024K, 0 young (0K), 0 survivors (0K)
 Metaspace       used 46561K, committed 47168K, reserved 1089536K
  class space    used 6316K, committed 6592K, reserved 1048576K
}
Event: 165.394 GC heap before
{Heap before GC invocations=40 (full 10):
 garbage-first heap   total 126976K, used 35925K [0x0000000083200000, 0x0000000100000000)
  region size 1024K, 1 young (1024K), 0 survivors (0K)
 Metaspace       used 46561K, committed 47168K, reserved 1089536K
  class space    used 6316K, committed 6592K, reserved 1048576K
}
Event: 165.443 GC heap after
{Heap after GC invocations=41 (full 11):
 garbage-first heap   total 126976K, used 35925K [0x0000000083200000, 0x0000000100000000)
  region size 1024K, 0 young (0K), 0 survivors (0K)
 Metaspace       used 46559K, committed 47168K, reserved 1089536K
  class space    used 6316K, committed 6592K, reserved 1048576K
}
Event: 175.698 GC heap before
{Heap before GC invocations=41 (full 11):
 garbage-first heap   total 126976K, used 35925K [0x0000000083200000, 0x0000000100000000)
  region size 1024K, 1 young (1024K), 0 survivors (0K)
 Metaspace       used 46559K, committed 47168K, reserved 1089536K
  class space    used 6316K, committed 6592K, reserved 1048576K
}
Event: 175.736 GC heap after
{Heap after GC invocations=42 (full 12):
 garbage-first heap   total 126976K, used 35925K [0x0000000083200000, 0x0000000100000000)
  region size 1024K, 0 young (0K), 0 survivors (0K)
 Metaspace       used 46559K, committed 47168K, reserved 1089536K
  class space    used 6316K, committed 6592K, reserved 1048576K
}
Event: 186.037 GC heap before
{Heap before GC invocations=42 (full 12):
 garbage-first heap   total 126976K, used 35925K [0x0000000083200000, 0x0000000100000000)
  region size 1024K, 1 young (1024K), 0 survivors (0K)
 Metaspace       used 46559K, committed 47168K, reserved 1089536K
  class space    used 6316K, committed 6592K, reserved 1048576K
}
Event: 186.076 GC heap after
{Heap after GC invocations=43 (full 13):
 garbage-first heap   total 126976K, used 35925K [0x0000000083200000, 0x0000000100000000)
  region size 1024K, 0 young (0K), 0 survivors (0K)
 Metaspace       used 46559K, committed 47168K, reserved 1089536K
  class space    used 6316K, committed 6592K, reserved 1048576K
}
Event: 196.348 GC heap before
{Heap before GC invocations=43 (full 13):
 garbage-first heap   total 126976K, used 35925K [0x0000000083200000, 0x0000000100000000)
  region size 1024K, 1 young (1024K), 0 survivors (0K)
 Metaspace       used 46559K, committed 47168K, reserved 1089536K
  class space    used 6316K, committed 6592K, reserved 1048576K
}
Event: 196.384 GC heap after
{Heap after GC invocations=44 (full 14):
 garbage-first heap   total 126976K, used 35925K [0x0000000083200000, 0x0000000100000000)
  region size 1024K, 0 young (0K), 0 survivors (0K)
 Metaspace       used 46559K, committed 47168K, reserved 1089536K
  class space    used 6316K, committed 6592K, reserved 1048576K
}
Event: 206.975 GC heap before
{Heap before GC invocations=44 (full 14):
 garbage-first heap   total 126976K, used 35925K [0x0000000083200000, 0x0000000100000000)
  region size 1024K, 1 young (1024K), 0 survivors (0K)
 Metaspace       used 46559K, committed 47168K, reserved 1089536K
  class space    used 6316K, committed 6592K, reserved 1048576K
}
Event: 207.024 GC heap after
{Heap after GC invocations=45 (full 15):
 garbage-first heap   total 122880K, used 35925K [0x0000000083200000, 0x0000000100000000)
  region size 1024K, 0 young (0K), 0 survivors (0K)
 Metaspace       used 46559K, committed 47168K, reserved 1089536K
  class space    used 6316K, committed 6592K, reserved 1048576K
}
Event: 217.989 GC heap before
{Heap before GC invocations=45 (full 15):
 garbage-first heap   total 122880K, used 35925K [0x0000000083200000, 0x0000000100000000)
  region size 1024K, 1 young (1024K), 0 survivors (0K)
 Metaspace       used 46559K, committed 47168K, reserved 1089536K
  class space    used 6316K, committed 6592K, reserved 1048576K
}
Event: 218.072 GC heap after
{Heap after GC invocations=46 (full 16):
 garbage-first heap   total 122880K, used 35925K [0x0000000083200000, 0x0000000100000000)
  region size 1024K, 0 young (0K), 0 survivors (0K)
 Metaspace       used 46559K, committed 47168K, reserved 1089536K
  class space    used 6316K, committed 6592K, reserved 1048576K
}

Dll operation events (9 events):
Event: 0.024 Loaded shared library C:\Program Files\Eclipse Adoptium\jdk-17.0.5.8-hotspot\bin\java.dll
Event: 0.059 Loaded shared library C:\Program Files\Eclipse Adoptium\jdk-17.0.5.8-hotspot\bin\jsvml.dll
Event: 0.494 Loaded shared library C:\Program Files\Eclipse Adoptium\jdk-17.0.5.8-hotspot\bin\net.dll
Event: 0.498 Loaded shared library C:\Program Files\Eclipse Adoptium\jdk-17.0.5.8-hotspot\bin\nio.dll
Event: 0.509 Loaded shared library C:\Program Files\Eclipse Adoptium\jdk-17.0.5.8-hotspot\bin\zip.dll
Event: 1.197 Loaded shared library C:\Program Files\Eclipse Adoptium\jdk-17.0.5.8-hotspot\bin\verify.dll
Event: 1.224 Loaded shared library C:\Program Files\Eclipse Adoptium\jdk-17.0.5.8-hotspot\bin\jimage.dll
Event: 5.072 Loaded shared library C:\Program Files\Eclipse Adoptium\jdk-17.0.5.8-hotspot\bin\management.dll
Event: 5.097 Loaded shared library C:\Program Files\Eclipse Adoptium\jdk-17.0.5.8-hotspot\bin\management_ext.dll

Deoptimization events (20 events):
Event: 29.797 Thread 0x000001834468d7d0 DEOPT PACKING pc=0x00000183387ecf54 sp=0x00000074e61fe3a0
Event: 29.797 Thread 0x000001834468d7d0 DEOPT UNPACKING pc=0x0000018337b266e3 sp=0x00000074e61fd830 mode 0
Event: 29.930 Thread 0x000001834468d7d0 DEOPT PACKING pc=0x000001833845b9b4 sp=0x00000074e61febd0
Event: 29.930 Thread 0x000001834468d7d0 DEOPT UNPACKING pc=0x0000018337b266e3 sp=0x00000074e61fe0b8 mode 0
Event: 30.088 Thread 0x000001834482dbb0 DEOPT PACKING pc=0x00000183388be944 sp=0x00000074e66fe8a0
Event: 30.088 Thread 0x000001834482dbb0 DEOPT UNPACKING pc=0x0000018337b266e3 sp=0x00000074e66fdd90 mode 3
Event: 30.316 Thread 0x000001834468d7d0 DEOPT PACKING pc=0x0000018338954fd5 sp=0x00000074e61fee00
Event: 30.316 Thread 0x000001834468d7d0 DEOPT UNPACKING pc=0x0000018337b266e3 sp=0x00000074e61fe2a8 mode 3
Event: 30.848 Thread 0x000001834482dbb0 DEOPT PACKING pc=0x0000018338a5e8ef sp=0x00000074e66fdb90
Event: 30.848 Thread 0x000001834482dbb0 DEOPT UNPACKING pc=0x0000018337b266e3 sp=0x00000074e66fd088 mode 3
Event: 30.948 Thread 0x000001834482dbb0 DEOPT PACKING pc=0x00000183388b7eee sp=0x00000074e66fcaa0
Event: 30.948 Thread 0x000001834482dbb0 DEOPT UNPACKING pc=0x0000018337b266e3 sp=0x00000074e66fbf58 mode 3
Event: 30.948 Thread 0x000001834482dbb0 DEOPT PACKING pc=0x00000183388b6cec sp=0x00000074e66fc9b0
Event: 30.948 Thread 0x000001834482dbb0 DEOPT UNPACKING pc=0x0000018337b266e3 sp=0x00000074e66fbe90 mode 3
Event: 31.190 Thread 0x000001834482dbb0 DEOPT PACKING pc=0x00000183385d754c sp=0x00000074e66feb20
Event: 31.191 Thread 0x000001834482dbb0 DEOPT UNPACKING pc=0x0000018337b266e3 sp=0x00000074e66fe018 mode 0
Event: 31.191 Thread 0x000001834482dbb0 DEOPT PACKING pc=0x00000183385d754c sp=0x00000074e66fece0
Event: 31.191 Thread 0x000001834482dbb0 DEOPT UNPACKING pc=0x0000018337b266e3 sp=0x00000074e66fe1d8 mode 0
Event: 31.214 Thread 0x000001834482dbb0 DEOPT PACKING pc=0x00000183385d754c sp=0x00000074e66ff030
Event: 31.214 Thread 0x000001834482dbb0 DEOPT UNPACKING pc=0x0000018337b266e3 sp=0x00000074e66fe528 mode 0

Classes unloaded (20 events):
Event: 144.858 Thread 0x0000018342039590 Unloading class 0x0000000801153400 'java/lang/invoke/LambdaForm$MH+0x0000000801153400'
Event: 144.858 Thread 0x0000018342039590 Unloading class 0x0000000801153000 'java/lang/invoke/LambdaForm$MH+0x0000000801153000'
Event: 144.858 Thread 0x0000018342039590 Unloading class 0x0000000801152c00 'java/lang/invoke/LambdaForm$MH+0x0000000801152c00'
Event: 144.858 Thread 0x0000018342039590 Unloading class 0x0000000801152800 'java/lang/invoke/LambdaForm$MH+0x0000000801152800'
Event: 144.858 Thread 0x0000018342039590 Unloading class 0x0000000801152400 'java/lang/invoke/LambdaForm$MH+0x0000000801152400'
Event: 144.858 Thread 0x0000018342039590 Unloading class 0x0000000801151800 'java/lang/invoke/LambdaForm$MH+0x0000000801151800'
Event: 144.858 Thread 0x0000018342039590 Unloading class 0x0000000801151000 'java/lang/invoke/LambdaForm$MH+0x0000000801151000'
Event: 144.858 Thread 0x0000018342039590 Unloading class 0x0000000801150c00 'java/lang/invoke/LambdaForm$MH+0x0000000801150c00'
Event: 144.858 Thread 0x0000018342039590 Unloading class 0x0000000801150800 'java/lang/invoke/LambdaForm$MH+0x0000000801150800'
Event: 144.858 Thread 0x0000018342039590 Unloading class 0x0000000801150000 'java/lang/invoke/LambdaForm$MH+0x0000000801150000'
Event: 144.858 Thread 0x0000018342039590 Unloading class 0x000000080114c800 'java/lang/invoke/LambdaForm$MH+0x000000080114c800'
Event: 144.858 Thread 0x0000018342039590 Unloading class 0x0000000800edc800 'java/lang/invoke/LambdaForm$MH+0x0000000800edc800'
Event: 144.858 Thread 0x0000018342039590 Unloading class 0x0000000800edc400 'java/lang/invoke/LambdaForm$MH+0x0000000800edc400'
Event: 144.858 Thread 0x0000018342039590 Unloading class 0x0000000800edc000 'java/lang/invoke/LambdaForm$MH+0x0000000800edc000'
Event: 144.858 Thread 0x0000018342039590 Unloading class 0x0000000800eb4400 'java/lang/invoke/LambdaForm$MH+0x0000000800eb4400'
Event: 144.858 Thread 0x0000018342039590 Unloading class 0x0000000800ea5c00 'java/lang/invoke/LambdaForm$MH+0x0000000800ea5c00'
Event: 144.858 Thread 0x0000018342039590 Unloading class 0x0000000800ea5800 'java/lang/invoke/LambdaForm$MH+0x0000000800ea5800'
Event: 144.858 Thread 0x0000018342039590 Unloading class 0x0000000800ea5400 'java/lang/invoke/LambdaForm$MH+0x0000000800ea5400'
Event: 144.858 Thread 0x0000018342039590 Unloading class 0x0000000800ea5000 'java/lang/invoke/LambdaForm$MH+0x0000000800ea5000'
Event: 165.416 Thread 0x0000018342039590 Unloading class 0x0000000801250400 'java/lang/invoke/LambdaForm$DMH+0x0000000801250400'

Classes redefined (0 events):
No events

Internal exceptions (20 events):
Event: 30.848 Thread 0x000001834482dbb0 Implicit null exception at 0x0000018338a5dcf4 to 0x0000018338a5e8ea
Event: 30.948 Thread 0x000001834482dbb0 Implicit null exception at 0x00000183388b78ab to 0x00000183388b7ee9
Event: 30.948 Thread 0x000001834482dbb0 Implicit null exception at 0x00000183388b67a1 to 0x00000183388b6ce7
Event: 31.226 Thread 0x000001834482dbb0 Exception <a 'sun/nio/fs/WindowsException'{0x00000000b5eee9d0}> (0x00000000b5eee9d0) 
thrown [s\src\hotspot\share\prims\jni.cpp, line 516]
Event: 31.226 Thread 0x000001834482dbb0 Exception <a 'sun/nio/fs/WindowsException'{0x00000000b5eef2f0}> (0x00000000b5eef2f0) 
thrown [s\src\hotspot\share\prims\jni.cpp, line 516]
Event: 31.226 Thread 0x000001834482dbb0 Exception <a 'sun/nio/fs/WindowsException'{0x00000000b5eefd28}> (0x00000000b5eefd28) 
thrown [s\src\hotspot\share\prims\jni.cpp, line 516]
Event: 31.226 Thread 0x000001834482dbb0 Exception <a 'sun/nio/fs/WindowsException'{0x00000000b5ef0648}> (0x00000000b5ef0648) 
thrown [s\src\hotspot\share\prims\jni.cpp, line 516]
Event: 31.227 Thread 0x000001834482dbb0 Exception <a 'sun/nio/fs/WindowsException'{0x00000000b5ef0f68}> (0x00000000b5ef0f68) 
thrown [s\src\hotspot\share\prims\jni.cpp, line 516]
Event: 31.227 Thread 0x000001834482dbb0 Exception <a 'sun/nio/fs/WindowsException'{0x00000000b5ef1a08}> (0x00000000b5ef1a08) 
thrown [s\src\hotspot\share\prims\jni.cpp, line 516]
Event: 31.232 Thread 0x000001834482dbb0 Exception <a 'sun/nio/fs/WindowsException'{0x00000000b5d14d68}> (0x00000000b5d14d68) 
thrown [s\src\hotspot\share\prims\jni.cpp, line 516]
Event: 31.232 Thread 0x000001834482dbb0 Exception <a 'sun/nio/fs/WindowsException'{0x00000000b5d15688}> (0x00000000b5d15688) 
thrown [s\src\hotspot\share\prims\jni.cpp, line 516]
Event: 31.232 Thread 0x000001834482dbb0 Exception <a 'sun/nio/fs/WindowsException'{0x00000000b5d160c0}> (0x00000000b5d160c0) 
thrown [s\src\hotspot\share\prims\jni.cpp, line 516]
Event: 31.232 Thread 0x000001834482dbb0 Exception <a 'sun/nio/fs/WindowsException'{0x00000000b5d169e0}> (0x00000000b5d169e0) 
thrown [s\src\hotspot\share\prims\jni.cpp, line 516]
Event: 31.232 Thread 0x000001834482dbb0 Exception <a 'sun/nio/fs/WindowsException'{0x00000000b5d17300}> (0x00000000b5d17300) 
thrown [s\src\hotspot\share\prims\jni.cpp, line 516]
Event: 31.232 Thread 0x000001834482dbb0 Exception <a 'sun/nio/fs/WindowsException'{0x00000000b5d17da0}> (0x00000000b5d17da0) 
thrown [s\src\hotspot\share\prims\jni.cpp, line 516]
Event: 62.231 Thread 0x00000183445ffab0 Exception <a 'java/lang/NoSuchMethodError'{0x00000000b5b82d18}: 'void java.lang.invoke.DirectMethodHandle$Holder.invokeStatic(java.lang.Object, long)'> (0x00000000b5b82d18) 
thrown [s\src\hotspot\share\interpreter\linkResolver.cpp, line 759]
Event: 62.231 Thread 0x00000183445ffab0 Exception <a 'java/lang/NoSuchMethodError'{0x00000000b5b880c0}: 'java.lang.Object java.lang.invoke.DirectMethodHandle$Holder.newInvokeSpecial(java.lang.Object, long)'> (0x00000000b5b880c0) 
thrown [s\src\hotspot\share\interpreter\linkResolver.cpp, line 759]
Event: 62.281 Thread 0x00000183445ffab0 Exception <a 'java/lang/NoSuchMethodError'{0x00000000b6d03740}: 'java.lang.Object java.lang.invoke.DirectMethodHandle$Holder.invokeStatic(java.lang.Object, java.lang.Object, long, java.lang.Object)'> (0x00000000b6d03740) 
thrown [s\src\hotspot\share\interpreter\linkResolver.cpp, line 759]
Event: 62.282 Thread 0x00000183445ffab0 Exception <a 'java/lang/NoSuchMethodError'{0x00000000b6d071d8}: 'java.lang.Object java.lang.invoke.DirectMethodHandle$Holder.invokeStaticInit(java.lang.Object, java.lang.Object, long, java.lang.Object)'> (0x00000000b6d071d8) 
thrown [s\src\hotspot\share\interpreter\linkResolver.cpp, line 759]
Event: 62.282 Thread 0x00000183445ffab0 Exception <a 'java/lang/NoSuchMethodError'{0x00000000b6d0d508}: 'java.lang.Object java.lang.invoke.DirectMethodHandle$Holder.newInvokeSpecial(java.lang.Object, java.lang.Object, long)'> (0x00000000b6d0d508) 
thrown [s\src\hotspot\share\interpreter\linkResolver.cpp, line 759]

VM Operations (20 events):
Event: 124.328 Executing VM operation: G1CollectFull done
Event: 134.567 Executing VM operation: G1CollectFull
Event: 134.622 Executing VM operation: G1CollectFull done
Event: 144.845 Executing VM operation: G1CollectFull
Event: 144.888 Executing VM operation: G1CollectFull done
Event: 155.101 Executing VM operation: G1CollectFull
Event: 155.132 Executing VM operation: G1CollectFull done
Event: 165.393 Executing VM operation: G1CollectFull
Event: 165.443 Executing VM operation: G1CollectFull done
Event: 175.698 Executing VM operation: G1CollectFull
Event: 175.737 Executing VM operation: G1CollectFull done
Event: 186.037 Executing VM operation: G1CollectFull
Event: 186.077 Executing VM operation: G1CollectFull done
Event: 196.348 Executing VM operation: G1CollectFull
Event: 196.384 Executing VM operation: G1CollectFull done
Event: 206.975 Executing VM operation: G1CollectFull
Event: 207.024 Executing VM operation: G1CollectFull done
Event: 217.989 Executing VM operation: G1CollectFull
Event: 218.072 Executing VM operation: G1CollectFull done
Event: 228.937 Executing VM operation: G1CollectFull

Events (20 events):
Event: 62.220 loading class java/lang/ProcessImpl
Event: 62.221 loading class java/lang/Process
Event: 62.221 loading class java/lang/Process done
Event: 62.221 loading class java/lang/ProcessImpl done
Event: 62.278 loading class java/lang/ProcessHandleImpl
Event: 62.278 loading class java/lang/ProcessHandle
Event: 62.278 loading class java/lang/ProcessHandle done
Event: 62.278 loading class java/lang/ProcessHandleImpl done
Event: 62.283 loading class java/lang/ProcessImpl$2
Event: 62.283 loading class java/lang/ProcessImpl$2 done
Event: 62.283 loading class java/lang/Process$PipeInputStream
Event: 62.283 loading class java/lang/Process$PipeInputStream done
Event: 62.284 loading class jdk/internal/event/ProcessStartEvent
Event: 62.286 loading class jdk/internal/event/ProcessStartEvent done
Event: 73.594 Thread 0x00000183448340c0 Thread exited: 0x00000183448340c0
Event: 73.594 Thread 0x0000018344831a40 Thread exited: 0x0000018344831a40
Event: 89.905 Thread 0x000001834482f3c0 Thread exited: 0x000001834482f3c0
Event: 90.388 Thread 0x000001834468d7d0 Thread exited: 0x000001834468d7d0
Event: 150.395 Thread 0x000001834482d6e0 Thread exited: 0x000001834482d6e0
Event: 210.405 Thread 0x000001834482eef0 Thread exited: 0x000001834482eef0


Dynamic libraries:
0x00007ff64bb80000 - 0x00007ff64bb8e000 	C:\Program Files\Eclipse Adoptium\jdk-17.0.5.8-hotspot\bin\java.exe
0x00007ff9dd9d0000 - 0x00007ff9ddbea000 	C:\WINDOWS\SYSTEM32\ntdll.dll
0x00007ff9dd3f0000 - 0x00007ff9dd4b3000 	C:\WINDOWS\System32\KERNEL32.DLL
0x00007ff9dadb0000 - 0x00007ff9db14c000 	C:\WINDOWS\System32\KERNELBASE.dll
0x00007ff9d7d90000 - 0x00007ff9d7e26000 	C:\WINDOWS\SYSTEM32\apphelp.dll
0x00007ff9db270000 - 0x00007ff9db38b000 	C:\WINDOWS\System32\ucrtbase.dll
0x00007ff9cf900000 - 0x00007ff9cf917000 	C:\Program Files\Eclipse Adoptium\jdk-17.0.5.8-hotspot\bin\jli.dll
0x00007ff9d0f10000 - 0x00007ff9d0f29000 	C:\Program Files\Eclipse Adoptium\jdk-17.0.5.8-hotspot\bin\VCRUNTIME140.dll
0x00007ff9dd680000 - 0x00007ff9dd82a000 	C:\WINDOWS\System32\USER32.dll
0x00007ff9db520000 - 0x00007ff9db546000 	C:\WINDOWS\System32\win32u.dll
0x00007ff9bf7d0000 - 0x00007ff9bfa61000 	C:\WINDOWS\WinSxS\amd64_microsoft.windows.common-controls_6595b64144ccf1df_6.0.25236.1000_none_7a88bdfad9396379\COMCTL32.dll
0x00007ff9dcfd0000 - 0x00007ff9dcff9000 	C:\WINDOWS\System32\GDI32.dll
0x00007ff9dd150000 - 0x00007ff9dd1f7000 	C:\WINDOWS\System32\msvcrt.dll
0x00007ff9db150000 - 0x00007ff9db266000 	C:\WINDOWS\System32\gdi32full.dll
0x00007ff9db410000 - 0x00007ff9db4aa000 	C:\WINDOWS\System32\msvcp_win.dll
0x00007ff9dd950000 - 0x00007ff9dd980000 	C:\WINDOWS\System32\IMM32.DLL
0x00007ff9d7ec0000 - 0x00007ff9d7ecc000 	C:\Program Files\Eclipse Adoptium\jdk-17.0.5.8-hotspot\bin\vcruntime140_1.dll
0x00007ff9acb00000 - 0x00007ff9acb91000 	C:\Program Files\Eclipse Adoptium\jdk-17.0.5.8-hotspot\bin\msvcp140.dll
0x00007ff9983f0000 - 0x00007ff999034000 	C:\Program Files\Eclipse Adoptium\jdk-17.0.5.8-hotspot\bin\server\jvm.dll
0x00007ff9dd200000 - 0x00007ff9dd2ae000 	C:\WINDOWS\System32\ADVAPI32.dll
0x00007ff9dd2b0000 - 0x00007ff9dd356000 	C:\WINDOWS\System32\sechost.dll
0x00007ff9db790000 - 0x00007ff9db8b7000 	C:\WINDOWS\System32\RPCRT4.dll
0x00007ff9d5ac0000 - 0x00007ff9d5ac9000 	C:\WINDOWS\SYSTEM32\WSOCK32.dll
0x00007ff9dd8d0000 - 0x00007ff9dd93f000 	C:\WINDOWS\System32\WS2_32.dll
0x00007ff9cd1f0000 - 0x00007ff9cd225000 	C:\WINDOWS\SYSTEM32\WINMM.dll
0x00007ff9ce990000 - 0x00007ff9ce99a000 	C:\WINDOWS\SYSTEM32\VERSION.dll
0x00007ff9d9d30000 - 0x00007ff9d9d48000 	C:\WINDOWS\SYSTEM32\kernel.appcore.dll
0x00007ff9d5aa0000 - 0x00007ff9d5aaa000 	C:\Program Files\Eclipse Adoptium\jdk-17.0.5.8-hotspot\bin\jimage.dll
0x00007ff9d8640000 - 0x00007ff9d8873000 	C:\WINDOWS\SYSTEM32\DBGHELP.DLL
0x00007ff9dc540000 - 0x00007ff9dc8c2000 	C:\WINDOWS\System32\combase.dll
0x00007ff9dc8d0000 - 0x00007ff9dc9a8000 	C:\WINDOWS\System32\OLEAUT32.dll
0x00007ff9c9f80000 - 0x00007ff9c9fb2000 	C:\WINDOWS\SYSTEM32\dbgcore.DLL
0x00007ff9db390000 - 0x00007ff9db409000 	C:\WINDOWS\System32\bcryptPrimitives.dll
0x00007ff9c8270000 - 0x00007ff9c8295000 	C:\Program Files\Eclipse Adoptium\jdk-17.0.5.8-hotspot\bin\java.dll
0x00007ff99eaf0000 - 0x00007ff99ebc6000 	C:\Program Files\Eclipse Adoptium\jdk-17.0.5.8-hotspot\bin\jsvml.dll
0x00007ff9db9c0000 - 0x00007ff9dc1ac000 	C:\WINDOWS\System32\SHELL32.dll
0x00007ff9d8cc0000 - 0x00007ff9d9558000 	C:\WINDOWS\SYSTEM32\windows.storage.dll
0x00007ff9d8b30000 - 0x00007ff9d8cbd000 	C:\WINDOWS\SYSTEM32\wintypes.dll
0x00007ff9dc440000 - 0x00007ff9dc52b000 	C:\WINDOWS\System32\SHCORE.dll
0x00007ff9dc1b0000 - 0x00007ff9dc20e000 	C:\WINDOWS\System32\shlwapi.dll
0x00007ff9dacd0000 - 0x00007ff9dacf1000 	C:\WINDOWS\SYSTEM32\profapi.dll
0x00007ff9d1ce0000 - 0x00007ff9d1cf9000 	C:\Program Files\Eclipse Adoptium\jdk-17.0.5.8-hotspot\bin\net.dll
0x00007ff9ce740000 - 0x00007ff9ce86e000 	C:\WINDOWS\SYSTEM32\WINHTTP.dll
0x00007ff9da200000 - 0x00007ff9da269000 	C:\WINDOWS\system32\mswsock.dll
0x00007ff9cf140000 - 0x00007ff9cf155000 	C:\Program Files\Eclipse Adoptium\jdk-17.0.5.8-hotspot\bin\nio.dll
0x00007ff9d1fe0000 - 0x00007ff9d1ff8000 	C:\Program Files\Eclipse Adoptium\jdk-17.0.5.8-hotspot\bin\zip.dll
0x00007ff9cbf50000 - 0x00007ff9cbf60000 	C:\Program Files\Eclipse Adoptium\jdk-17.0.5.8-hotspot\bin\verify.dll
0x00007ff9d1fd0000 - 0x00007ff9d1fd9000 	C:\Program Files\Eclipse Adoptium\jdk-17.0.5.8-hotspot\bin\management.dll
0x00007ff9d1cd0000 - 0x00007ff9d1cdb000 	C:\Program Files\Eclipse Adoptium\jdk-17.0.5.8-hotspot\bin\management_ext.dll
0x00007ff9dd0d0000 - 0x00007ff9dd0d8000 	C:\WINDOWS\System32\PSAPI.DLL
0x00007ff9cef80000 - 0x00007ff9cef97000 	C:\WINDOWS\system32\napinsp.dll
0x00007ff9ccab0000 - 0x00007ff9ccaca000 	C:\WINDOWS\system32\pnrpnsp.dll
0x00007ff98c150000 - 0x00007ff98c171000 	C:\WINDOWS\system32\nlansp_c.dll
0x00007ff9d97e0000 - 0x00007ff9d98dd000 	C:\WINDOWS\SYSTEM32\DNSAPI.dll
0x00007ff9d97b0000 - 0x00007ff9d97de000 	C:\WINDOWS\SYSTEM32\IPHLPAPI.DLL
0x00007ff9dd000000 - 0x00007ff9dd009000 	C:\WINDOWS\System32\NSI.dll
0x00007ff9ba170000 - 0x00007ff9ba181000 	C:\WINDOWS\System32\winrnr.dll
0x00007ff9c0da0000 - 0x00007ff9c0db5000 	C:\WINDOWS\system32\wshbth.dll
0x00007ff9cc7b0000 - 0x00007ff9cc7ba000 	C:\Windows\System32\rasadhlp.dll
0x00007ff9ccb60000 - 0x00007ff9ccbe4000 	C:\WINDOWS\System32\fwpuclnt.dll
0x00007ff9da480000 - 0x00007ff9da49b000 	C:\WINDOWS\SYSTEM32\CRYPTSP.dll
0x00007ff9d9c90000 - 0x00007ff9d9cc4000 	C:\WINDOWS\system32\rsaenh.dll
0x00007ff9da300000 - 0x00007ff9da328000 	C:\WINDOWS\SYSTEM32\USERENV.dll
0x00007ff9da640000 - 0x00007ff9da668000 	C:\WINDOWS\SYSTEM32\bcrypt.dll
0x00007ff9da4a0000 - 0x00007ff9da4ac000 	C:\WINDOWS\SYSTEM32\CRYPTBASE.dll
0x00007ff9cd430000 - 0x00007ff9cd449000 	C:\WINDOWS\SYSTEM32\dhcpcsvc6.DLL
0x00007ff9cd1c0000 - 0x00007ff9cd1df000 	C:\WINDOWS\SYSTEM32\dhcpcsvc.DLL

dbghelp: loaded successfully - version: 4.0.5 - missing functions: none
symbol engine: initialized successfully - sym options: 0x614 - pdb path: .;C:\Program Files\Eclipse Adoptium\jdk-17.0.5.8-hotspot\bin;C:\WINDOWS\SYSTEM32;C:\WINDOWS\WinSxS\amd64_microsoft.windows.common-controls_6595b64144ccf1df_6.0.25236.1000_none_7a88bdfad9396379;C:\Program Files\Eclipse Adoptium\jdk-17.0.5.8-hotspot\bin\server

VM Arguments:
jvm_args: -Dsts.lsp.client=vscode -Dsts.log.file=/dev/null -XX:TieredStopAtLevel=1 -Xlog:jni+resolve=off -Dspring.config.location=file:c:\Users\datea\.vscode\extensions\pivotal.vscode-spring-boot-1.40.0\language-server\BOOT-INF\classes\application.properties 
java_command: org.springframework.ide.vscode.boot.app.BootLanguageServerBootApp
java_class_path (initial): c:\Users\datea\.vscode\extensions\pivotal.vscode-spring-boot-1.40.0\language-server\BOOT-INF\classes;c:\Users\datea\.vscode\extensions\pivotal.vscode-spring-boot-1.40.0\language-server\BOOT-INF\lib\annotations-23.0.0.jar;c:\Users\datea\.vscode\extensions\pivotal.vscode-spring-boot-1.40.0\language-server\BOOT-INF\lib\ant-1.10.12.jar;c:\Users\datea\.vscode\extensions\pivotal.vscode-spring-boot-1.40.0\language-server\BOOT-INF\lib\ant-launcher-1.10.12.jar;c:\Users\datea\.vscode\extensions\pivotal.vscode-spring-boot-1.40.0\language-server\BOOT-INF\lib\antlr-runtime-3.5.2.jar;c:\Users\datea\.vscode\extensions\pivotal.vscode-spring-boot-1.40.0\language-server\BOOT-INF\lib\antlr4-4.9.3.jar;c:\Users\datea\.vscode\extensions\pivotal.vscode-spring-boot-1.40.0\language-server\BOOT-INF\lib\antlr4-runtime-4.9.3.jar;c:\Users\datea\.vscode\extensions\pivotal.vscode-spring-boot-1.40.0\language-server\BOOT-INF\lib\asm-9.3.jar;c:\Users\datea\.vscode\extensions\pivotal.vscode-spring-boot-1.40.0\language-server\BOOT-INF\lib\asm-analysis-9.3.jar;c:\Users\datea\.vscode\extensions\pivotal.vscode-spring-boot-1.40.0\language-server\BOOT-INF\lib\asm-tree-9.3.jar;c:\Users\datea\.vscode\extensions\pivotal.vscode-spring-boot-1.40.0\language-server\BOOT-INF\lib\asm-util-9.3.jar;c:\Users\datea\.vscode\extensions\pivotal.vscode-spring-boot-1.40.0\language-server\BOOT-INF\lib\byte-buddy-1.12.13.jar;c:\Users\datea\.vscode\extensions\pivotal.vscode-spring-boot-1.40.0\language-server\BOOT-INF\lib\caffeine-2.9.3.jar;c:\Users\datea\.vscode\extensions\pivotal.vscode-spring-boot-1.40.0\language-server\BOOT-INF\lib\checker-qual-3.12.0.jar;c:\Users\datea\.vscode\extensions\pivotal.vscode-spring-boot-1.40.0\language-server\BOOT-INF\lib\classgraph-4.8.149.jar;c:\Users\datea\.vscode\extensions\pivotal.vscode-spring-boot-1.40.0\language-server\BOOT-INF\lib\commons-codec-1.15.jar;c:\Users\datea\.vscode\extensions\pivotal.vscode-spring-boot-1.40.0\language-server\BOOT-INF\lib\commons-c
Launcher Type: SUN_STANDARD

[Global flags]
     intx CICompilerCount                          = 4                                         {product} {ergonomic}
     uint ConcGCThreads                            = 2                                         {product} {ergonomic}
     uint G1ConcRefinementThreads                  = 8                                         {product} {ergonomic}
   size_t G1HeapRegionSize                         = 1048576                                   {product} {ergonomic}
    uintx GCDrainStackTargetSize                   = 64                                        {product} {ergonomic}
   size_t InitialHeapSize                          = 132120576                                 {product} {ergonomic}
   size_t MarkStackSize                            = 4194304                                   {product} {ergonomic}
   size_t MaxHeapSize                              = 2095054848                                {product} {ergonomic}
   size_t MaxNewSize                               = 1256194048                                {product} {ergonomic}
   size_t MinHeapDeltaBytes                        = 1048576                                   {product} {ergonomic}
   size_t MinHeapSize                              = 8388608                                   {product} {ergonomic}
    uintx NonProfiledCodeHeapSize                  = 0                                      {pd product} {ergonomic}
     bool ProfileInterpreter                       = false                                  {pd product} {command line}
    uintx ProfiledCodeHeapSize                     = 0                                      {pd product} {ergonomic}
   size_t SoftMaxHeapSize                          = 2095054848                             {manageable} {ergonomic}
     intx TieredStopAtLevel                        = 1                                         {product} {command line}
     bool UseCompressedClassPointers               = true                           {product lp64_product} {ergonomic}
     bool UseCompressedOops                        = true                           {product lp64_product} {ergonomic}
     bool UseG1GC                                  = true                                      {product} {ergonomic}
     bool UseLargePagesIndividualAllocation        = false                                  {pd product} {ergonomic}

Logging:
Log output configuration:
 #0: stdout all=warning,jni+resolve=off uptime,level,tags
 #1: stderr all=off uptime,level,tags

Environment Variables:
PATH=C:\Program Files\Eclipse Adoptium\jdk-17.0.5.8-hotspot\bin;C:\Program Files\Java\jdk-15.0.2\bin;C:\Program Files\Common Files\Oracle\Java\javapath;C:\WINDOWS\system32;C:\WINDOWS;C:\WINDOWS\System32\Wbem;C:\WINDOWS\System32\WindowsPowerShell\v1.0\;C:\WINDOWS\System32\OpenSSH\;C:\Program Files\Azure Data Studio\bin;C:\Program Files\Microsoft SQL Server\Client SDK\ODBC\170\Tools\Binn\;C:\Program Files (x86)\Microsoft SQL Server\150\Tools\Binn\;C:\Program Files\Microsoft SQL Server\150\Tools\Binn\;C:\Program Files\Microsoft SQL Server\150\DTS\Binn\;C:\Program Files (x86)\Microsoft SQL Server\150\DTS\Binn\;C:\Program Files (x86)\GitExtensions\;F:\xampp\php;C:\ProgramData\ComposerSetup\bin;C:\xampp\php;C:\Program Files\Git\cmd;C:\Program Files\nodejs\;C:\Users\datea\AppData\Local\Microsoft\WindowsApps;C:\Users\datea\AppData\Local\Programs\Microsoft VS Code\bin;;C:\Program Files\Azure Data Studio\bin;C:\Users\datea\AppData\Roaming\Composer\vendor\bin;C:\Users\datea\AppData\Roaming\npm
USERNAME=datea
OS=Windows_NT
PROCESSOR_IDENTIFIER=Intel64 Family 6 Model 126 Stepping 5, GenuineIntel
TMP=C:\Users\datea\AppData\Local\Temp
TEMP=C:\Users\datea\AppData\Local\Temp



---------------  S Y S T E M  ---------------

OS:
 Windows 11 , 64 bit Build 25236 (10.0.25236.1000)
OS uptime: 1 days 0:14 hours
Hyper-V role detected

CPU: total 8 (initial active 8) (4 cores per cpu, 2 threads per core) family 6 model 126 stepping 5 microcode 0xa6, cx8, cmov, fxsr, ht, mmx, 3dnowpref, sse, sse2, sse3, ssse3, sse4.1, sse4.2, popcnt, lzcnt, tsc, tscinvbit, avx, avx2, aes, erms, clmul, bmi1, bmi2, adx, avx512f, avx512dq, avx512cd, avx512bw, avx512vl, sha, fma, vzeroupper, avx512_vpopcntdq, avx512_vpclmulqdq, avx512_vaes, avx512_vnni, clflush, clflushopt, avx512_vbmi2, avx512_vbmi, hv

Memory: 4k page, system-wide physical 7987M (435M free)
TotalPageFile size 12083M (AvailPageFile size 22M)
current process WorkingSet (physical memory assigned to process): 250M, peak: 977M
current process commit charge ("private bytes"): 296M, peak: 1038M

vm_info: OpenJDK 64-Bit Server VM (17.0.5+8) for windows-amd64 JRE (17.0.5+8), built on Oct 19 2022 04:48:13 by "temurin" with MS VC++ 16.7 (VS2019)

END.
