#
# There is insufficient memory for the Java Runtime Environment to continue.
# Native memory allocation (mmap) failed to map 408944640 bytes for G1 virtual space
# Possible reasons:
#   The system is out of physical RAM or swap space
#   The process is running with CompressedOops enabled, and the Java Heap may be blocking the growth of the native heap
# Possible solutions:
#   Reduce memory load on the system
#   Increase physical memory or swap space
#   Check if swap backing store is full
#   Decrease Java heap size (-Xmx/-Xms)
#   Decrease number of Java threads
#   Decrease Java thread stack sizes (-Xss)
#   Set larger code cache with -XX:ReservedCodeCacheSize=
#   JVM is running with Unscaled Compressed Oops mode in which the Java heap is
#     placed in the first 4GB address space. The Java Heap base address is the
#     maximum limit for the native heap growth. Please use -XX:HeapBaseMinAddress
#     to set the Java Heap base and to place the Java Heap above 4GB virtual address.
# This output file may be truncated or incomplete.
#
#  Out of Memory Error (os_windows.cpp:3541), pid=83328, tid=54188
#
# JRE version: OpenJDK Runtime Environment Temurin-17.0.4.1+1 (17.0.4.1+1) (build 17.0.4.1+1)
# Java VM: OpenJDK 64-Bit Server VM Temurin-17.0.4.1+1 (17.0.4.1+1, mixed mode, emulated-client, tiered, compressed oops, compressed class ptrs, g1 gc, windows-amd64)
# No core dump will be written. Minidumps are not enabled by default on client versions of Windows
#

---------------  S U M M A R Y ------------

Command Line: -Dsts.lsp.client=vscode -Dsts.log.file=/dev/null -XX:TieredStopAtLevel=1 -Xlog:jni+resolve=off -Dspring.config.location=file:c:\Users\datea\.vscode\extensions\pivotal.vscode-spring-boot-1.39.0\language-server\BOOT-INF\classes\application.properties org.springframework.ide.vscode.boot.app.BootLanguageServerBootApp

Host: Intel(R) Core(TM) i5-1035G1 CPU @ 1.00GHz, 8 cores, 7G,  Windows 11 , 64 bit Build 25217 (10.0.25217.1000)
Time: Tue Oct 18 17:59:33 2022 SE Asia Standard Time elapsed time: 9.696081 seconds (0d 0h 0m 9s)

---------------  T H R E A D  ---------------

Current thread (0x000001bdf2eda670):  VMThread "VM Thread" [stack: 0x000000a17d600000,0x000000a17d700000] [id=54188]

Stack: [0x000000a17d600000,0x000000a17d700000]
Native frames: (J=compiled Java code, j=interpreted, Vv=VM code, C=native code)
V  [jvm.dll+0x67731a]
V  [jvm.dll+0x832284]
V  [jvm.dll+0x833a2e]
V  [jvm.dll+0x834093]
V  [jvm.dll+0x245775]
V  [jvm.dll+0x674209]
V  [jvm.dll+0x668a92]
V  [jvm.dll+0x30471b]
V  [jvm.dll+0x30bc66]
V  [jvm.dll+0x35ba9e]
V  [jvm.dll+0x35bccf]
V  [jvm.dll+0x2db5b8]
V  [jvm.dll+0x2d986c]
V  [jvm.dll+0x2d8e3c]
V  [jvm.dll+0x32c88c]
V  [jvm.dll+0x83853b]
V  [jvm.dll+0x839274]
V  [jvm.dll+0x83978c]
V  [jvm.dll+0x839b64]
V  [jvm.dll+0x839c30]
V  [jvm.dll+0x7e240a]
V  [jvm.dll+0x6761a5]
C  [ucrtbase.dll+0x4b7eb]
C  [KERNEL32.DLL+0x1484d]
C  [ntdll.dll+0x67558]

VM_Operation (0x000000a1002f7d30): CollectForMetadataAllocation, mode: safepoint, requested by thread 0x000001bdf761aa10


---------------  P R O C E S S  ---------------

Threads class SMR info:
_java_thread_list=0x000001bdf51b4190, length=36, elements={
0x000001bdf38012d0, 0x000001bdf3801d90, 0x000001bdf3832550, 0x000001bdf3832e10,
0x000001bdf3833ae0, 0x000001bdf2efb0a0, 0x000001bdf3838d10, 0x000001bdf2efd580,
0x000001bdf3a2ad20, 0x000001bdf3a40af0, 0x000001bdf3a52010, 0x000001bdf429f410,
0x000001bdf5732060, 0x000001bdf58382d0, 0x000001bdf5a24c40, 0x000001bdf5a39ff0,
0x000001bdf59c9f50, 0x000001bdf5a3be80, 0x000001bdf5a53830, 0x000001bdf5a54510,
0x000001bdf5a57570, 0x000001bdf5a56700, 0x000001bdf5a57a40, 0x000001bdf5a56230,
0x000001bdf5a56bd0, 0x000001bdf5a57f10, 0x000001bdf5a570a0, 0x000001bdf5a55890,
0x000001bdf5a583e0, 0x000001bdf5a553c0, 0x000001bdf5a588b0, 0x000001bdf5a58d80,
0x000001bdf5a55d60, 0x000001bdf761a070, 0x000001bdf761a540, 0x000001bdf761aa10
}

Java Threads: ( => current thread )
  0x000001bdf38012d0 JavaThread "Reference Handler" daemon [_thread_blocked, id=83532, stack(0x000000a17d700000,0x000000a17d800000)]
  0x000001bdf3801d90 JavaThread "Finalizer" daemon [_thread_blocked, id=78880, stack(0x000000a17d800000,0x000000a17d900000)]
  0x000001bdf3832550 JavaThread "Signal Dispatcher" daemon [_thread_blocked, id=75816, stack(0x000000a17d900000,0x000000a17da00000)]
  0x000001bdf3832e10 JavaThread "Attach Listener" daemon [_thread_blocked, id=83468, stack(0x000000a17da00000,0x000000a17db00000)]
  0x000001bdf3833ae0 JavaThread "Service Thread" daemon [_thread_blocked, id=84904, stack(0x000000a17db00000,0x000000a17dc00000)]
  0x000001bdf2efb0a0 JavaThread "Monitor Deflation Thread" daemon [_thread_blocked, id=68516, stack(0x000000a17dc00000,0x000000a17dd00000)]
  0x000001bdf3838d10 JavaThread "C1 CompilerThread0" daemon [_thread_blocked, id=83004, stack(0x000000a17dd00000,0x000000a17de00000)]
  0x000001bdf2efd580 JavaThread "Sweeper thread" daemon [_thread_blocked, id=83704, stack(0x000000a17de00000,0x000000a17df00000)]
  0x000001bdf3a2ad20 JavaThread "C1 CompilerThread1" daemon [_thread_blocked, id=83160, stack(0x000000a17df00000,0x000000a17e000000)]
  0x000001bdf3a40af0 JavaThread "Notification Thread" daemon [_thread_blocked, id=81576, stack(0x000000a17e000000,0x000000a17e100000)]
  0x000001bdf3a52010 JavaThread "Common-Cleaner" daemon [_thread_blocked, id=67936, stack(0x000000a17e200000,0x000000a17e300000)]
  0x000001bdf429f410 JavaThread "C1 CompilerThread2" daemon [_thread_blocked, id=77384, stack(0x000000a17e300000,0x000000a17e400000)]
  0x000001bdf5732060 JavaThread "boundedElastic-evictor-1" daemon [_thread_blocked, id=72568, stack(0x000000a17ea00000,0x000000a17eb00000)]
  0x000001bdf58382d0 JavaThread "ForkJoinPool.commonPool-worker-1" daemon [_thread_blocked, id=78584, stack(0x000000a17ee00000,0x000000a17ef00000)]
  0x000001bdf5a24c40 JavaThread "ClassGraph-worker-0" daemon [_thread_blocked, id=74232, stack(0x000000a17ef00000,0x000000a17f000000)]
  0x000001bdf5a39ff0 JavaThread "ClassGraph-worker-1" daemon [_thread_blocked, id=79012, stack(0x000000a17f000000,0x000000a17f100000)]
  0x000001bdf59c9f50 JavaThread "ClassGraph-worker-2" daemon [_thread_blocked, id=83156, stack(0x000000a17f100000,0x000000a17f200000)]
  0x000001bdf5a3be80 JavaThread "ClassGraph-worker-3" daemon [_thread_blocked, id=72956, stack(0x000000a17f200000,0x000000a17f300000)]
  0x000001bdf5a53830 JavaThread "ClassGraph-worker-4" daemon [_thread_blocked, id=77624, stack(0x000000a17f300000,0x000000a17f400000)]
  0x000001bdf5a54510 JavaThread "ClassGraph-worker-5" daemon [_thread_blocked, id=81068, stack(0x000000a17f400000,0x000000a17f500000)]
  0x000001bdf5a57570 JavaThread "ClassGraph-worker-6" daemon [_thread_blocked, id=81992, stack(0x000000a17f500000,0x000000a17f600000)]
  0x000001bdf5a56700 JavaThread "ClassGraph-worker-7" daemon [_thread_blocked, id=84836, stack(0x000000a17f600000,0x000000a17f700000)]
  0x000001bdf5a57a40 JavaThread "ClassGraph-worker-8" daemon [_thread_blocked, id=59040, stack(0x000000a17f700000,0x000000a17f800000)]
  0x000001bdf5a56230 JavaThread "ClassGraph-worker-9" daemon [_thread_blocked, id=83996, stack(0x000000a17f800000,0x000000a17f900000)]
  0x000001bdf5a56bd0 JavaThread "ClassGraph-worker-10" daemon [_thread_blocked, id=83020, stack(0x000000a17f900000,0x000000a17fa00000)]
  0x000001bdf5a57f10 JavaThread "ClassGraph-worker-11" daemon [_thread_blocked, id=30628, stack(0x000000a17fa00000,0x000000a17fb00000)]
  0x000001bdf5a570a0 JavaThread "ClassGraph-worker-12" daemon [_thread_blocked, id=82360, stack(0x000000a17fb00000,0x000000a17fc00000)]
  0x000001bdf5a55890 JavaThread "ClassGraph-worker-13" daemon [_thread_blocked, id=43340, stack(0x000000a17fc00000,0x000000a17fd00000)]
  0x000001bdf5a583e0 JavaThread "pool-9-thread-1" [_thread_blocked, id=84032, stack(0x000000a17fd00000,0x000000a17fe00000)]
  0x000001bdf5a553c0 JavaThread "LanguageServerApp-lifecycle" [_thread_blocked, id=83344, stack(0x000000a17fe00000,0x000000a17ff00000)]
  0x000001bdf5a588b0 JavaThread "DestroyJavaVM" [_thread_blocked, id=12800, stack(0x000000a17d000000,0x000000a17d100000)]
  0x000001bdf5a58d80 JavaThread "pool-10-thread-1" [_thread_in_native, id=84936, stack(0x000000a17e400000,0x000000a17e500000)]
  0x000001bdf5a55d60 JavaThread "Simple-Language-Server main thread" daemon [_thread_blocked, id=80624, stack(0x000000a17ff00000,0x000000a180000000)]
  0x000001bdf761a070 JavaThread "pool-7-thread-1" [_thread_blocked, id=78824, stack(0x000000a100000000,0x000000a100100000)]
  0x000001bdf761a540 JavaThread "parallel-1" daemon [_thread_blocked, id=13400, stack(0x000000a100100000,0x000000a100200000)]
  0x000001bdf761aa10 JavaThread "Reconciler-1" daemon [_thread_blocked, id=82776, stack(0x000000a100200000,0x000000a100300000)]

Other Threads:
=>0x000001bdf2eda670 VMThread "VM Thread" [stack: 0x000000a17d600000,0x000000a17d700000] [id=54188]
  0x000001bde3c83420 WatcherThread [stack: 0x000000a17e100000,0x000000a17e200000] [id=84564]
  0x000001bde3c4e6c0 GCTaskThread "GC Thread#0" [stack: 0x000000a17d100000,0x000000a17d200000] [id=78884]
  0x000001bdf439e4e0 GCTaskThread "GC Thread#1" [stack: 0x000000a17e500000,0x000000a17e600000] [id=74072]
  0x000001bdf439e790 GCTaskThread "GC Thread#2" [stack: 0x000000a17e600000,0x000000a17e700000] [id=79224]
  0x000001bdf43ae2c0 GCTaskThread "GC Thread#3" [stack: 0x000000a17e700000,0x000000a17e800000] [id=53124]
  0x000001bdf43ae570 GCTaskThread "GC Thread#4" [stack: 0x000000a17e800000,0x000000a17e900000] [id=78428]
  0x000001bdf43ae820 GCTaskThread "GC Thread#5" [stack: 0x000000a17e900000,0x000000a17ea00000] [id=80692]
  0x000001bdf51cd350 GCTaskThread "GC Thread#6" [stack: 0x000000a17eb00000,0x000000a17ec00000] [id=82996]
  0x000001bdf51cd600 GCTaskThread "GC Thread#7" [stack: 0x000000a17ec00000,0x000000a17ed00000] [id=79692]
  0x000001bde3c5eed0 ConcurrentGCThread "G1 Main Marker" [stack: 0x000000a17d200000,0x000000a17d300000] [id=81592]
  0x000001bde3c60960 ConcurrentGCThread "G1 Conc#0" [stack: 0x000000a17d300000,0x000000a17d400000] [id=54676]
  0x000001bdf5393c20 ConcurrentGCThread "G1 Conc#1" [stack: 0x000000a17ed00000,0x000000a17ee00000] [id=74356]
  0x000001bdf2d434e0 ConcurrentGCThread "G1 Refine#0" [stack: 0x000000a17d400000,0x000000a17d500000] [id=80964]
  0x000001bdf53ebfd0 ConcurrentGCThread "G1 Refine#1" [stack: 0x000000a100300000,0x000000a100400000] [id=84896]
  0x000001bdf53ed6d0 ConcurrentGCThread "G1 Refine#2" [stack: 0x000000a100400000,0x000000a100500000] [id=84532]
  0x000001bdf53ed3f0 ConcurrentGCThread "G1 Refine#3" [stack: 0x000000a100500000,0x000000a100600000] [id=81176]
  0x000001bdf53ec590 ConcurrentGCThread "G1 Refine#4" [stack: 0x000000a100600000,0x000000a100700000] [id=77712]
  0x000001bdf2d43cb0 ConcurrentGCThread "G1 Service" [stack: 0x000000a17d500000,0x000000a17d600000] [id=82476]

Threads with active compile tasks:

VM state: at safepoint (normal execution)

VM Mutex/Monitor currently owned by a thread:  ([mutex/lock_event])
[0x000001bde3ae4160] Threads_lock - owner thread: 0x000001bdf2eda670
[0x000001bde3bf02e0] Heap_lock - owner thread: 0x000001bdf761aa10

Heap address: 0x0000000083200000, size: 1998 MB, Compressed Oops mode: 32-bit

CDS archive(s) not mapped
Compressed class space mapped at: 0x0000000100000000-0x0000000140000000, reserved size: 1073741824
Narrow klass base: 0x0000000000000000, Narrow klass shift: 3, Narrow klass range: 0x140000000

GC Precious Log:
 CPUs: 8 total, 8 available
 Memory: 7987M
 Large Page Support: Disabled
 NUMA Support: Disabled
 Compressed Oops: Enabled (32-bit)
 Heap Region Size: 1M
 Heap Min Capacity: 8M
 Heap Initial Capacity: 126M
 Heap Max Capacity: 1998M
 Pre-touch: Disabled
 Parallel Workers: 8
 Concurrent Workers: 2
 Concurrent Refinement Workers: 8
 Periodic GC: Disabled

Heap:
 garbage-first heap   total 208896K, used 54318K [0x0000000083200000, 0x0000000100000000)
  region size 1024K, 3 young (3072K), 3 survivors (3072K)
 Metaspace       used 35871K, committed 36160K, reserved 1081344K
  class space    used 4656K, committed 4800K, reserved 1048576K

Heap Regions: E=young(eden), S=young(survivor), O=old, HS=humongous(starts), HC=humongous(continues), CS=collection set, F=free, OA=open archive, CA=closed archive, TAMS=top-at-mark-start (previous, next)
|   0|0x0000000083200000, 0x0000000083300000, 0x0000000083300000|100%| O|  |TAMS 0x0000000083300000, 0x0000000083300000| Untracked 
|   1|0x0000000083300000, 0x0000000083400000, 0x0000000083400000|100%| O|  |TAMS 0x0000000083400000, 0x0000000083400000| Untracked 
|   2|0x0000000083400000, 0x0000000083500000, 0x0000000083500000|100%| O|  |TAMS 0x0000000083500000, 0x0000000083500000| Untracked 
|   3|0x0000000083500000, 0x0000000083600000, 0x0000000083600000|100%| O|  |TAMS 0x0000000083600000, 0x0000000083600000| Untracked 
|   4|0x0000000083600000, 0x0000000083700000, 0x0000000083700000|100%| O|  |TAMS 0x0000000083700000, 0x0000000083700000| Untracked 
|   5|0x0000000083700000, 0x0000000083800000, 0x0000000083800000|100%| O|  |TAMS 0x0000000083800000, 0x0000000083800000| Untracked 
|   6|0x0000000083800000, 0x0000000083900000, 0x0000000083900000|100%| O|  |TAMS 0x0000000083900000, 0x0000000083900000| Untracked 
|   7|0x0000000083900000, 0x0000000083a00000, 0x0000000083a00000|100%| O|  |TAMS 0x0000000083900000, 0x0000000083a00000| Untracked 
|   8|0x0000000083a00000, 0x0000000083b00000, 0x0000000083b00000|100%| O|  |TAMS 0x0000000083a00000, 0x0000000083b00000| Untracked 
|   9|0x0000000083b00000, 0x0000000083c00000, 0x0000000083c00000|100%| O|  |TAMS 0x0000000083b00000, 0x0000000083c00000| Untracked 
|  10|0x0000000083c00000, 0x0000000083d00000, 0x0000000083d00000|100%| O|  |TAMS 0x0000000083c00000, 0x0000000083d00000| Untracked 
|  11|0x0000000083d00000, 0x0000000083e00000, 0x0000000083e00000|100%| O|  |TAMS 0x0000000083d00000, 0x0000000083e00000| Untracked 
|  12|0x0000000083e00000, 0x0000000083f00000, 0x0000000083f00000|100%| O|  |TAMS 0x0000000083e00000, 0x0000000083f00000| Untracked 
|  13|0x0000000083f00000, 0x0000000084000000, 0x0000000084000000|100%| O|  |TAMS 0x0000000083f00000, 0x0000000084000000| Untracked 
|  14|0x0000000084000000, 0x0000000084100000, 0x0000000084100000|100%| O|  |TAMS 0x0000000084000000, 0x0000000084100000| Untracked 
|  15|0x0000000084100000, 0x0000000084200000, 0x0000000084200000|100%| O|  |TAMS 0x0000000084100000, 0x0000000084200000| Untracked 
|  16|0x0000000084200000, 0x0000000084300000, 0x0000000084300000|100%| O|  |TAMS 0x0000000084200000, 0x0000000084300000| Untracked 
|  17|0x0000000084300000, 0x0000000084400000, 0x0000000084400000|100%| O|  |TAMS 0x0000000084300000, 0x0000000084400000| Untracked 
|  18|0x0000000084400000, 0x0000000084500000, 0x0000000084500000|100%| O|  |TAMS 0x0000000084400000, 0x0000000084500000| Untracked 
|  19|0x0000000084500000, 0x0000000084600000, 0x0000000084600000|100%| O|  |TAMS 0x0000000084500000, 0x0000000084600000| Untracked 
|  20|0x0000000084600000, 0x0000000084700000, 0x0000000084700000|100%| O|  |TAMS 0x0000000084600000, 0x0000000084700000| Untracked 
|  21|0x0000000084700000, 0x0000000084800000, 0x0000000084800000|100%| O|  |TAMS 0x0000000084700000, 0x0000000084800000| Untracked 
|  22|0x0000000084800000, 0x0000000084900000, 0x0000000084900000|100%| O|  |TAMS 0x0000000084800000, 0x0000000084900000| Untracked 
|  23|0x0000000084900000, 0x0000000084a00000, 0x0000000084a00000|100%| O|  |TAMS 0x0000000084900000, 0x0000000084a00000| Untracked 
|  24|0x0000000084a00000, 0x0000000084b00000, 0x0000000084b00000|100%| O|  |TAMS 0x0000000084a00000, 0x0000000084b00000| Untracked 
|  25|0x0000000084b00000, 0x0000000084c00000, 0x0000000084c00000|100%| O|  |TAMS 0x0000000084b00000, 0x0000000084c00000| Untracked 
|  26|0x0000000084c00000, 0x0000000084d00000, 0x0000000084d00000|100%|HS|  |TAMS 0x0000000084c00000, 0x0000000084d00000| Complete 
|  27|0x0000000084d00000, 0x0000000084e00000, 0x0000000084e00000|100%| O|  |TAMS 0x0000000084d00000, 0x0000000084e00000| Untracked 
|  28|0x0000000084e00000, 0x0000000084f00000, 0x0000000084f00000|100%| O|  |TAMS 0x0000000084e00000, 0x0000000084f00000| Untracked 
|  29|0x0000000084f00000, 0x0000000085000000, 0x0000000085000000|100%| O|  |TAMS 0x0000000084f00000, 0x0000000085000000| Untracked 
|  30|0x0000000085000000, 0x0000000085100000, 0x0000000085100000|100%| O|  |TAMS 0x0000000085000000, 0x0000000085100000| Untracked 
|  31|0x0000000085100000, 0x0000000085200000, 0x0000000085200000|100%| O|  |TAMS 0x0000000085100000, 0x0000000085200000| Untracked 
|  32|0x0000000085200000, 0x0000000085300000, 0x0000000085300000|100%| O|  |TAMS 0x0000000085200000, 0x0000000085300000| Untracked 
|  33|0x0000000085300000, 0x0000000085400000, 0x0000000085400000|100%| O|  |TAMS 0x0000000085300000, 0x0000000085400000| Untracked 
|  34|0x0000000085400000, 0x0000000085500000, 0x0000000085500000|100%| O|  |TAMS 0x0000000085400000, 0x0000000085500000| Untracked 
|  35|0x0000000085500000, 0x0000000085600000, 0x0000000085600000|100%| O|  |TAMS 0x0000000085500000, 0x0000000085600000| Untracked 
|  36|0x0000000085600000, 0x0000000085700000, 0x0000000085700000|100%| O|  |TAMS 0x0000000085600000, 0x0000000085700000| Untracked 
|  37|0x0000000085700000, 0x0000000085800000, 0x0000000085800000|100%| O|  |TAMS 0x0000000085700000, 0x0000000085713e00| Untracked 
|  38|0x0000000085800000, 0x0000000085900000, 0x0000000085900000|100%| O|  |TAMS 0x0000000085800000, 0x0000000085800000| Untracked 
|  39|0x0000000085900000, 0x0000000085a00000, 0x0000000085a00000|100%| O|  |TAMS 0x0000000085900000, 0x0000000085900000| Untracked 
|  40|0x0000000085a00000, 0x0000000085b00000, 0x0000000085b00000|100%| O|  |TAMS 0x0000000085a00000, 0x0000000085a00000| Untracked 
|  41|0x0000000085b00000, 0x0000000085c00000, 0x0000000085c00000|100%| O|  |TAMS 0x0000000085b00000, 0x0000000085b00000| Untracked 
|  42|0x0000000085c00000, 0x0000000085d00000, 0x0000000085d00000|100%| O|  |TAMS 0x0000000085c00000, 0x0000000085c00000| Untracked 
|  43|0x0000000085d00000, 0x0000000085e00000, 0x0000000085e00000|100%| O|  |TAMS 0x0000000085d00000, 0x0000000085d00000| Untracked 
|  44|0x0000000085e00000, 0x0000000085f00000, 0x0000000085f00000|100%| O|  |TAMS 0x0000000085e00000, 0x0000000085e00000| Untracked 
|  45|0x0000000085f00000, 0x0000000086000000, 0x0000000086000000|100%| O|  |TAMS 0x0000000085f00000, 0x0000000085f00000| Untracked 
|  46|0x0000000086000000, 0x0000000086100000, 0x0000000086100000|100%| O|  |TAMS 0x0000000086000000, 0x0000000086000000| Untracked 
|  47|0x0000000086100000, 0x0000000086200000, 0x0000000086200000|100%| O|  |TAMS 0x0000000086100000, 0x0000000086100000| Untracked 
|  48|0x0000000086200000, 0x0000000086300000, 0x0000000086300000|100%| O|  |TAMS 0x0000000086200000, 0x0000000086200000| Untracked 
|  49|0x0000000086300000, 0x0000000086400000, 0x0000000086400000|100%| O|  |TAMS 0x0000000086300000, 0x0000000086300000| Untracked 
|  50|0x0000000086400000, 0x00000000864d0a00, 0x0000000086500000| 81%| O|  |TAMS 0x0000000086400000, 0x0000000086400000| Untracked 
|  51|0x0000000086500000, 0x0000000086500000, 0x0000000086600000|  0%| F|  |TAMS 0x0000000086500000, 0x0000000086500000| Untracked 
|  52|0x0000000086600000, 0x0000000086600000, 0x0000000086700000|  0%| F|  |TAMS 0x0000000086600000, 0x0000000086600000| Untracked 
|  53|0x0000000086700000, 0x0000000086700000, 0x0000000086800000|  0%| F|  |TAMS 0x0000000086700000, 0x0000000086700000| Untracked 
|  54|0x0000000086800000, 0x0000000086800000, 0x0000000086900000|  0%| F|  |TAMS 0x0000000086800000, 0x0000000086800000| Untracked 
|  55|0x0000000086900000, 0x0000000086900000, 0x0000000086a00000|  0%| F|  |TAMS 0x0000000086900000, 0x0000000086900000| Untracked 
|  56|0x0000000086a00000, 0x0000000086a00000, 0x0000000086b00000|  0%| F|  |TAMS 0x0000000086a00000, 0x0000000086a00000| Untracked 
|  57|0x0000000086b00000, 0x0000000086b00000, 0x0000000086c00000|  0%| F|  |TAMS 0x0000000086b00000, 0x0000000086b00000| Untracked 
|  58|0x0000000086c00000, 0x0000000086c00000, 0x0000000086d00000|  0%| F|  |TAMS 0x0000000086c00000, 0x0000000086c00000| Untracked 
|  59|0x0000000086d00000, 0x0000000086d00000, 0x0000000086e00000|  0%| F|  |TAMS 0x0000000086d00000, 0x0000000086d00000| Untracked 
|  60|0x0000000086e00000, 0x0000000086e00000, 0x0000000086f00000|  0%| F|  |TAMS 0x0000000086e00000, 0x0000000086e00000| Untracked 
|  61|0x0000000086f00000, 0x0000000086f00000, 0x0000000087000000|  0%| F|  |TAMS 0x0000000086f00000, 0x0000000086f00000| Untracked 
|  62|0x0000000087000000, 0x0000000087000000, 0x0000000087100000|  0%| F|  |TAMS 0x0000000087000000, 0x0000000087000000| Untracked 
|  63|0x0000000087100000, 0x0000000087100000, 0x0000000087200000|  0%| F|  |TAMS 0x0000000087100000, 0x0000000087100000| Untracked 
|  64|0x0000000087200000, 0x0000000087200000, 0x0000000087300000|  0%| F|  |TAMS 0x0000000087200000, 0x0000000087200000| Untracked 
|  65|0x0000000087300000, 0x0000000087300000, 0x0000000087400000|  0%| F|  |TAMS 0x0000000087300000, 0x0000000087300000| Untracked 
|  66|0x0000000087400000, 0x0000000087400000, 0x0000000087500000|  0%| F|  |TAMS 0x0000000087400000, 0x0000000087400000| Untracked 
|  67|0x0000000087500000, 0x0000000087500000, 0x0000000087600000|  0%| F|  |TAMS 0x0000000087500000, 0x0000000087500000| Untracked 
|  68|0x0000000087600000, 0x0000000087600000, 0x0000000087700000|  0%| F|  |TAMS 0x0000000087600000, 0x0000000087600000| Untracked 
|  69|0x0000000087700000, 0x0000000087700000, 0x0000000087800000|  0%| F|  |TAMS 0x0000000087700000, 0x0000000087700000| Untracked 
|  70|0x0000000087800000, 0x0000000087800000, 0x0000000087900000|  0%| F|  |TAMS 0x0000000087800000, 0x0000000087800000| Untracked 
|  71|0x0000000087900000, 0x0000000087900000, 0x0000000087a00000|  0%| F|  |TAMS 0x0000000087900000, 0x0000000087900000| Untracked 
|  72|0x0000000087a00000, 0x0000000087a00000, 0x0000000087b00000|  0%| F|  |TAMS 0x0000000087a00000, 0x0000000087a00000| Untracked 
|  73|0x0000000087b00000, 0x0000000087b00000, 0x0000000087c00000|  0%| F|  |TAMS 0x0000000087b00000, 0x0000000087b00000| Untracked 
|  74|0x0000000087c00000, 0x0000000087c00000, 0x0000000087d00000|  0%| F|  |TAMS 0x0000000087c00000, 0x0000000087c00000| Untracked 
|  75|0x0000000087d00000, 0x0000000087d00000, 0x0000000087e00000|  0%| F|  |TAMS 0x0000000087d00000, 0x0000000087d00000| Untracked 
|  76|0x0000000087e00000, 0x0000000087e00000, 0x0000000087f00000|  0%| F|  |TAMS 0x0000000087e00000, 0x0000000087e00000| Untracked 
|  77|0x0000000087f00000, 0x0000000087f00000, 0x0000000088000000|  0%| F|  |TAMS 0x0000000087f00000, 0x0000000087f00000| Untracked 
|  78|0x0000000088000000, 0x0000000088000000, 0x0000000088100000|  0%| F|  |TAMS 0x0000000088000000, 0x0000000088000000| Untracked 
|  79|0x0000000088100000, 0x0000000088100000, 0x0000000088200000|  0%| F|  |TAMS 0x0000000088100000, 0x0000000088100000| Untracked 
|  80|0x0000000088200000, 0x0000000088200000, 0x0000000088300000|  0%| F|  |TAMS 0x0000000088200000, 0x0000000088200000| Untracked 
|  81|0x0000000088300000, 0x0000000088300000, 0x0000000088400000|  0%| F|  |TAMS 0x0000000088300000, 0x0000000088300000| Untracked 
|  82|0x0000000088400000, 0x0000000088400000, 0x0000000088500000|  0%| F|  |TAMS 0x0000000088400000, 0x0000000088400000| Untracked 
|  83|0x0000000088500000, 0x0000000088500000, 0x0000000088600000|  0%| F|  |TAMS 0x0000000088500000, 0x0000000088500000| Untracked 
|  84|0x0000000088600000, 0x0000000088600000, 0x0000000088700000|  0%| F|  |TAMS 0x0000000088600000, 0x0000000088600000| Untracked 
|  85|0x0000000088700000, 0x0000000088700000, 0x0000000088800000|  0%| F|  |TAMS 0x0000000088700000, 0x0000000088700000| Untracked 
|  86|0x0000000088800000, 0x0000000088800000, 0x0000000088900000|  0%| F|  |TAMS 0x0000000088800000, 0x0000000088800000| Untracked 
|  87|0x0000000088900000, 0x0000000088900000, 0x0000000088a00000|  0%| F|  |TAMS 0x0000000088900000, 0x0000000088900000| Untracked 
|  88|0x0000000088a00000, 0x0000000088a00000, 0x0000000088b00000|  0%| F|  |TAMS 0x0000000088a00000, 0x0000000088a00000| Untracked 
|  89|0x0000000088b00000, 0x0000000088b00000, 0x0000000088c00000|  0%| F|  |TAMS 0x0000000088b00000, 0x0000000088b00000| Untracked 
|  90|0x0000000088c00000, 0x0000000088c00000, 0x0000000088d00000|  0%| F|  |TAMS 0x0000000088c00000, 0x0000000088c00000| Untracked 
|  91|0x0000000088d00000, 0x0000000088d00000, 0x0000000088e00000|  0%| F|  |TAMS 0x0000000088d00000, 0x0000000088d00000| Untracked 
|  92|0x0000000088e00000, 0x0000000088e00000, 0x0000000088f00000|  0%| F|  |TAMS 0x0000000088e00000, 0x0000000088e00000| Untracked 
|  93|0x0000000088f00000, 0x0000000088f00000, 0x0000000089000000|  0%| F|  |TAMS 0x0000000088f00000, 0x0000000088f00000| Untracked 
|  94|0x0000000089000000, 0x0000000089000000, 0x0000000089100000|  0%| F|  |TAMS 0x0000000089000000, 0x0000000089000000| Untracked 
|  95|0x0000000089100000, 0x0000000089100000, 0x0000000089200000|  0%| F|  |TAMS 0x0000000089100000, 0x0000000089100000| Untracked 
|  96|0x0000000089200000, 0x0000000089200000, 0x0000000089300000|  0%| F|  |TAMS 0x0000000089200000, 0x0000000089200000| Untracked 
|  97|0x0000000089300000, 0x0000000089300000, 0x0000000089400000|  0%| F|  |TAMS 0x0000000089300000, 0x0000000089300000| Untracked 
|  98|0x0000000089400000, 0x0000000089400000, 0x0000000089500000|  0%| F|  |TAMS 0x0000000089400000, 0x0000000089400000| Untracked 
|  99|0x0000000089500000, 0x0000000089500000, 0x0000000089600000|  0%| F|  |TAMS 0x0000000089500000, 0x0000000089500000| Untracked 
| 100|0x0000000089600000, 0x0000000089600000, 0x0000000089700000|  0%| F|  |TAMS 0x0000000089600000, 0x0000000089600000| Untracked 
| 101|0x0000000089700000, 0x0000000089700000, 0x0000000089800000|  0%| F|  |TAMS 0x0000000089700000, 0x0000000089700000| Untracked 
| 102|0x0000000089800000, 0x0000000089800000, 0x0000000089900000|  0%| F|  |TAMS 0x0000000089800000, 0x0000000089800000| Untracked 
| 103|0x0000000089900000, 0x0000000089900000, 0x0000000089a00000|  0%| F|  |TAMS 0x0000000089900000, 0x0000000089900000| Untracked 
| 104|0x0000000089a00000, 0x0000000089a00000, 0x0000000089b00000|  0%| F|  |TAMS 0x0000000089a00000, 0x0000000089a00000| Untracked 
| 105|0x0000000089b00000, 0x0000000089b00000, 0x0000000089c00000|  0%| F|  |TAMS 0x0000000089b00000, 0x0000000089b00000| Untracked 
| 106|0x0000000089c00000, 0x0000000089c00000, 0x0000000089d00000|  0%| F|  |TAMS 0x0000000089c00000, 0x0000000089c00000| Untracked 
| 107|0x0000000089d00000, 0x0000000089d00000, 0x0000000089e00000|  0%| F|  |TAMS 0x0000000089d00000, 0x0000000089d00000| Untracked 
| 108|0x0000000089e00000, 0x0000000089e00000, 0x0000000089f00000|  0%| F|  |TAMS 0x0000000089e00000, 0x0000000089e00000| Untracked 
| 109|0x0000000089f00000, 0x0000000089f00000, 0x000000008a000000|  0%| F|  |TAMS 0x0000000089f00000, 0x0000000089f00000| Untracked 
| 110|0x000000008a000000, 0x000000008a000000, 0x000000008a100000|  0%| F|  |TAMS 0x000000008a000000, 0x000000008a000000| Untracked 
| 111|0x000000008a100000, 0x000000008a100000, 0x000000008a200000|  0%| F|  |TAMS 0x000000008a100000, 0x000000008a100000| Untracked 
| 112|0x000000008a200000, 0x000000008a200000, 0x000000008a300000|  0%| F|  |TAMS 0x000000008a200000, 0x000000008a200000| Untracked 
| 113|0x000000008a300000, 0x000000008a300000, 0x000000008a400000|  0%| F|  |TAMS 0x000000008a300000, 0x000000008a300000| Untracked 
| 114|0x000000008a400000, 0x000000008a400000, 0x000000008a500000|  0%| F|  |TAMS 0x000000008a400000, 0x000000008a400000| Untracked 
| 115|0x000000008a500000, 0x000000008a500000, 0x000000008a600000|  0%| F|  |TAMS 0x000000008a500000, 0x000000008a500000| Untracked 
| 116|0x000000008a600000, 0x000000008a600000, 0x000000008a700000|  0%| F|  |TAMS 0x000000008a600000, 0x000000008a600000| Untracked 
| 117|0x000000008a700000, 0x000000008a700000, 0x000000008a800000|  0%| F|  |TAMS 0x000000008a700000, 0x000000008a700000| Untracked 
| 118|0x000000008a800000, 0x000000008a800000, 0x000000008a900000|  0%| F|  |TAMS 0x000000008a800000, 0x000000008a800000| Untracked 
| 119|0x000000008a900000, 0x000000008a900000, 0x000000008aa00000|  0%| F|  |TAMS 0x000000008a900000, 0x000000008a900000| Untracked 
| 120|0x000000008aa00000, 0x000000008aa00000, 0x000000008ab00000|  0%| F|  |TAMS 0x000000008aa00000, 0x000000008aa00000| Untracked 
| 121|0x000000008ab00000, 0x000000008ab00000, 0x000000008ac00000|  0%| F|  |TAMS 0x000000008ab00000, 0x000000008ab00000| Untracked 
| 122|0x000000008ac00000, 0x000000008ac00000, 0x000000008ad00000|  0%| F|  |TAMS 0x000000008ac00000, 0x000000008ac00000| Untracked 
| 123|0x000000008ad00000, 0x000000008ad00000, 0x000000008ae00000|  0%| F|  |TAMS 0x000000008ad00000, 0x000000008ad00000| Untracked 
| 124|0x000000008ae00000, 0x000000008ae00000, 0x000000008af00000|  0%| F|  |TAMS 0x000000008ae00000, 0x000000008ae00000| Untracked 
| 125|0x000000008af00000, 0x000000008af00000, 0x000000008b000000|  0%| F|  |TAMS 0x000000008af00000, 0x000000008af00000| Untracked 
| 126|0x000000008b000000, 0x000000008b000000, 0x000000008b100000|  0%| F|  |TAMS 0x000000008b000000, 0x000000008b000000| Untracked 
| 127|0x000000008b100000, 0x000000008b100000, 0x000000008b200000|  0%| F|  |TAMS 0x000000008b100000, 0x000000008b100000| Untracked 
| 128|0x000000008b200000, 0x000000008b200000, 0x000000008b300000|  0%| F|  |TAMS 0x000000008b200000, 0x000000008b200000| Untracked 
| 129|0x000000008b300000, 0x000000008b300000, 0x000000008b400000|  0%| F|  |TAMS 0x000000008b300000, 0x000000008b300000| Untracked 
| 130|0x000000008b400000, 0x000000008b400000, 0x000000008b500000|  0%| F|  |TAMS 0x000000008b400000, 0x000000008b400000| Untracked 
| 131|0x000000008b500000, 0x000000008b500000, 0x000000008b600000|  0%| F|  |TAMS 0x000000008b500000, 0x000000008b500000| Untracked 
| 132|0x000000008b600000, 0x000000008b600000, 0x000000008b700000|  0%| F|  |TAMS 0x000000008b600000, 0x000000008b600000| Untracked 
| 133|0x000000008b700000, 0x000000008b700000, 0x000000008b800000|  0%| F|  |TAMS 0x000000008b700000, 0x000000008b700000| Untracked 
| 134|0x000000008b800000, 0x000000008b800000, 0x000000008b900000|  0%| F|  |TAMS 0x000000008b800000, 0x000000008b800000| Untracked 
| 135|0x000000008b900000, 0x000000008b900000, 0x000000008ba00000|  0%| F|  |TAMS 0x000000008b900000, 0x000000008b900000| Untracked 
| 136|0x000000008ba00000, 0x000000008ba00000, 0x000000008bb00000|  0%| F|  |TAMS 0x000000008ba00000, 0x000000008ba00000| Untracked 
| 137|0x000000008bb00000, 0x000000008bb00000, 0x000000008bc00000|  0%| F|  |TAMS 0x000000008bb00000, 0x000000008bb00000| Untracked 
| 138|0x000000008bc00000, 0x000000008bc00000, 0x000000008bd00000|  0%| F|  |TAMS 0x000000008bc00000, 0x000000008bc00000| Untracked 
| 139|0x000000008bd00000, 0x000000008bd00000, 0x000000008be00000|  0%| F|  |TAMS 0x000000008bd00000, 0x000000008bd00000| Untracked 
| 140|0x000000008be00000, 0x000000008be00000, 0x000000008bf00000|  0%| F|  |TAMS 0x000000008be00000, 0x000000008be00000| Untracked 
| 141|0x000000008bf00000, 0x000000008bf00000, 0x000000008c000000|  0%| F|  |TAMS 0x000000008bf00000, 0x000000008bf00000| Untracked 
| 142|0x000000008c000000, 0x000000008c000000, 0x000000008c100000|  0%| F|  |TAMS 0x000000008c000000, 0x000000008c000000| Untracked 
| 143|0x000000008c100000, 0x000000008c100000, 0x000000008c200000|  0%| F|  |TAMS 0x000000008c100000, 0x000000008c100000| Untracked 
| 144|0x000000008c200000, 0x000000008c200000, 0x000000008c300000|  0%| F|  |TAMS 0x000000008c200000, 0x000000008c200000| Untracked 
| 145|0x000000008c300000, 0x000000008c300000, 0x000000008c400000|  0%| F|  |TAMS 0x000000008c300000, 0x000000008c300000| Untracked 
| 146|0x000000008c400000, 0x000000008c400000, 0x000000008c500000|  0%| F|  |TAMS 0x000000008c400000, 0x000000008c400000| Untracked 
| 147|0x000000008c500000, 0x000000008c500000, 0x000000008c600000|  0%| F|  |TAMS 0x000000008c500000, 0x000000008c500000| Untracked 
| 148|0x000000008c600000, 0x000000008c600000, 0x000000008c700000|  0%| F|  |TAMS 0x000000008c600000, 0x000000008c600000| Untracked 
| 149|0x000000008c700000, 0x000000008c700000, 0x000000008c800000|  0%| F|  |TAMS 0x000000008c700000, 0x000000008c700000| Untracked 
| 150|0x000000008c800000, 0x000000008c800000, 0x000000008c900000|  0%| F|  |TAMS 0x000000008c800000, 0x000000008c800000| Untracked 
| 151|0x000000008c900000, 0x000000008c900000, 0x000000008ca00000|  0%| F|  |TAMS 0x000000008c900000, 0x000000008c900000| Untracked 
| 152|0x000000008ca00000, 0x000000008ca00000, 0x000000008cb00000|  0%| F|  |TAMS 0x000000008ca00000, 0x000000008ca00000| Untracked 
| 153|0x000000008cb00000, 0x000000008cb00000, 0x000000008cc00000|  0%| F|  |TAMS 0x000000008cb00000, 0x000000008cb00000| Untracked 
| 154|0x000000008cc00000, 0x000000008cc00000, 0x000000008cd00000|  0%| F|  |TAMS 0x000000008cc00000, 0x000000008cc00000| Untracked 
| 155|0x000000008cd00000, 0x000000008cd00000, 0x000000008ce00000|  0%| F|  |TAMS 0x000000008cd00000, 0x000000008cd00000| Untracked 
| 156|0x000000008ce00000, 0x000000008ce00000, 0x000000008cf00000|  0%| F|  |TAMS 0x000000008ce00000, 0x000000008ce00000| Untracked 
| 157|0x000000008cf00000, 0x000000008cf00000, 0x000000008d000000|  0%| F|  |TAMS 0x000000008cf00000, 0x000000008cf00000| Untracked 
| 158|0x000000008d000000, 0x000000008d000000, 0x000000008d100000|  0%| F|  |TAMS 0x000000008d000000, 0x000000008d000000| Untracked 
| 159|0x000000008d100000, 0x000000008d100000, 0x000000008d200000|  0%| F|  |TAMS 0x000000008d100000, 0x000000008d100000| Untracked 
| 160|0x000000008d200000, 0x000000008d200000, 0x000000008d300000|  0%| F|  |TAMS 0x000000008d200000, 0x000000008d200000| Untracked 
| 161|0x000000008d300000, 0x000000008d300000, 0x000000008d400000|  0%| F|  |TAMS 0x000000008d300000, 0x000000008d300000| Untracked 
| 162|0x000000008d400000, 0x000000008d400000, 0x000000008d500000|  0%| F|  |TAMS 0x000000008d400000, 0x000000008d400000| Untracked 
| 163|0x000000008d500000, 0x000000008d500000, 0x000000008d600000|  0%| F|  |TAMS 0x000000008d500000, 0x000000008d500000| Untracked 
| 164|0x000000008d600000, 0x000000008d600000, 0x000000008d700000|  0%| F|  |TAMS 0x000000008d600000, 0x000000008d600000| Untracked 
| 165|0x000000008d700000, 0x000000008d700000, 0x000000008d800000|  0%| F|  |TAMS 0x000000008d700000, 0x000000008d700000| Untracked 
| 166|0x000000008d800000, 0x000000008d800000, 0x000000008d900000|  0%| F|  |TAMS 0x000000008d800000, 0x000000008d800000| Untracked 
| 167|0x000000008d900000, 0x000000008d900000, 0x000000008da00000|  0%| F|  |TAMS 0x000000008d900000, 0x000000008d900000| Untracked 
| 168|0x000000008da00000, 0x000000008da00000, 0x000000008db00000|  0%| F|  |TAMS 0x000000008da00000, 0x000000008da00000| Untracked 
| 169|0x000000008db00000, 0x000000008db00000, 0x000000008dc00000|  0%| F|  |TAMS 0x000000008db00000, 0x000000008db00000| Untracked 
| 170|0x000000008dc00000, 0x000000008dc00000, 0x000000008dd00000|  0%| F|  |TAMS 0x000000008dc00000, 0x000000008dc00000| Untracked 
| 171|0x000000008dd00000, 0x000000008dd00000, 0x000000008de00000|  0%| F|  |TAMS 0x000000008dd00000, 0x000000008dd00000| Untracked 
| 172|0x000000008de00000, 0x000000008de00000, 0x000000008df00000|  0%| F|  |TAMS 0x000000008de00000, 0x000000008de00000| Untracked 
| 173|0x000000008df00000, 0x000000008df00000, 0x000000008e000000|  0%| F|  |TAMS 0x000000008df00000, 0x000000008df00000| Untracked 
| 174|0x000000008e000000, 0x000000008e000000, 0x000000008e100000|  0%| F|  |TAMS 0x000000008e000000, 0x000000008e000000| Untracked 
| 175|0x000000008e100000, 0x000000008e100000, 0x000000008e200000|  0%| F|  |TAMS 0x000000008e100000, 0x000000008e100000| Untracked 
| 176|0x000000008e200000, 0x000000008e200000, 0x000000008e300000|  0%| F|  |TAMS 0x000000008e200000, 0x000000008e200000| Untracked 
| 177|0x000000008e300000, 0x000000008e300000, 0x000000008e400000|  0%| F|  |TAMS 0x000000008e300000, 0x000000008e300000| Untracked 
| 178|0x000000008e400000, 0x000000008e400000, 0x000000008e500000|  0%| F|  |TAMS 0x000000008e400000, 0x000000008e400000| Untracked 
| 179|0x000000008e500000, 0x000000008e500000, 0x000000008e600000|  0%| F|  |TAMS 0x000000008e500000, 0x000000008e500000| Untracked 
| 180|0x000000008e600000, 0x000000008e600000, 0x000000008e700000|  0%| F|  |TAMS 0x000000008e600000, 0x000000008e600000| Untracked 
| 181|0x000000008e700000, 0x000000008e700000, 0x000000008e800000|  0%| F|  |TAMS 0x000000008e700000, 0x000000008e700000| Untracked 
| 182|0x000000008e800000, 0x000000008e800000, 0x000000008e900000|  0%| F|  |TAMS 0x000000008e800000, 0x000000008e800000| Untracked 
| 183|0x000000008e900000, 0x000000008e900000, 0x000000008ea00000|  0%| F|  |TAMS 0x000000008e900000, 0x000000008e900000| Untracked 
| 184|0x000000008ea00000, 0x000000008ea00000, 0x000000008eb00000|  0%| F|  |TAMS 0x000000008ea00000, 0x000000008ea00000| Untracked 
| 185|0x000000008eb00000, 0x000000008eb00000, 0x000000008ec00000|  0%| F|  |TAMS 0x000000008eb00000, 0x000000008eb00000| Untracked 
| 186|0x000000008ec00000, 0x000000008ec00000, 0x000000008ed00000|  0%| F|  |TAMS 0x000000008ec00000, 0x000000008ec00000| Untracked 
| 187|0x000000008ed00000, 0x000000008ed00000, 0x000000008ee00000|  0%| F|  |TAMS 0x000000008ed00000, 0x000000008ed00000| Untracked 
| 188|0x000000008ee00000, 0x000000008ee00000, 0x000000008ef00000|  0%| F|  |TAMS 0x000000008ee00000, 0x000000008ee00000| Untracked 
| 189|0x000000008ef00000, 0x000000008ef00000, 0x000000008f000000|  0%| F|  |TAMS 0x000000008ef00000, 0x000000008ef00000| Untracked 
| 190|0x000000008f000000, 0x000000008f000000, 0x000000008f100000|  0%| F|  |TAMS 0x000000008f000000, 0x000000008f000000| Untracked 
| 191|0x000000008f100000, 0x000000008f100000, 0x000000008f200000|  0%| F|  |TAMS 0x000000008f100000, 0x000000008f100000| Untracked 
| 192|0x000000008f200000, 0x000000008f200000, 0x000000008f300000|  0%| F|  |TAMS 0x000000008f200000, 0x000000008f200000| Untracked 
| 193|0x000000008f300000, 0x000000008f300000, 0x000000008f400000|  0%| F|  |TAMS 0x000000008f300000, 0x000000008f300000| Untracked 
| 194|0x000000008f400000, 0x000000008f400000, 0x000000008f500000|  0%| F|  |TAMS 0x000000008f400000, 0x000000008f400000| Untracked 
| 195|0x000000008f500000, 0x000000008f500000, 0x000000008f600000|  0%| F|  |TAMS 0x000000008f500000, 0x000000008f500000| Untracked 
| 196|0x000000008f600000, 0x000000008f600000, 0x000000008f700000|  0%| F|  |TAMS 0x000000008f600000, 0x000000008f600000| Untracked 
| 197|0x000000008f700000, 0x000000008f73b058, 0x000000008f800000| 23%| S|CS|TAMS 0x000000008f700000, 0x000000008f700000| Complete 
| 198|0x000000008f800000, 0x000000008f900000, 0x000000008f900000|100%| S|CS|TAMS 0x000000008f800000, 0x000000008f800000| Complete 
| 199|0x000000008f900000, 0x000000008fa00000, 0x000000008fa00000|100%| S|CS|TAMS 0x000000008f900000, 0x000000008f900000| Complete 
| 200|0x000000008fa00000, 0x000000008fa00000, 0x000000008fb00000|  0%| F|  |TAMS 0x000000008fa00000, 0x000000008fa00000| Untracked 
| 201|0x000000008fb00000, 0x000000008fb00000, 0x000000008fc00000|  0%| F|  |TAMS 0x000000008fb00000, 0x000000008fb00000| Untracked 
| 202|0x000000008fc00000, 0x000000008fc00000, 0x000000008fd00000|  0%| F|  |TAMS 0x000000008fc00000, 0x000000008fc00000| Untracked 
| 203|0x000000008fd00000, 0x000000008fd00000, 0x000000008fe00000|  0%| F|  |TAMS 0x000000008fd00000, 0x000000008fd00000| Untracked 

Card table byte_map: [0x000001bdebd80000,0x000001bdec170000] _byte_map_base: 0x000001bdeb967000

Marking Bits (Prev, Next): (CMBitMap*) 0x000001bde3c4ec20, (CMBitMap*) 0x000001bde3c4ebe0
 Prev Bits: [0x000001bdee4a0000, 0x000001bdf03d8000)
 Next Bits: [0x000001bdec560000, 0x000001bdee498000)

Polling page: 0x000001bde3cb0000

Metaspace:

Usage:
  Non-class:     30.48 MB used.
      Class:      4.55 MB used.
       Both:     35.03 MB used.

Virtual space:
  Non-class space:       32.00 MB reserved,      30.62 MB ( 96%) committed,  4 nodes.
      Class space:        1.00 GB reserved,       4.69 MB ( <1%) committed,  1 nodes.
             Both:        1.03 GB reserved,      35.31 MB (  3%) committed. 

Chunk freelists:
   Non-Class:  960.00 KB
       Class:  3.27 MB
        Both:  4.20 MB

MaxMetaspaceSize: unlimited
CompressedClassSpaceSize: 1.00 GB
Initial GC threshold: 21.00 MB
Current GC threshold: 35.31 MB
CDS: off
MetaspaceReclaimPolicy: balanced
 - commit_granule_bytes: 65536.
 - commit_granule_words: 8192.
 - virtual_space_node_default_size: 1048576.
 - enlarge_chunks_in_place: 1.
 - new_chunks_are_fully_committed: 0.
 - uncommit_free_chunks: 1.
 - use_allocation_guard: 0.
 - handle_deallocations: 1.


Internal statistics:

num_allocs_failed_limit: 6.
num_arena_births: 336.
num_arena_deaths: 0.
num_vsnodes_births: 5.
num_vsnodes_deaths: 0.
num_space_committed: 565.
num_space_uncommitted: 0.
num_chunks_returned_to_freelist: 6.
num_chunks_taken_from_freelist: 1358.
num_chunk_merges: 6.
num_chunk_splits: 935.
num_chunks_enlarged: 723.
num_purges: 0.
num_inconsistent_stats: 0.

CodeCache: size=49152Kb used=8208Kb max_used=8208Kb free=40943Kb
 bounds [0x000001bde8080000, 0x000001bde8890000, 0x000001bdeb080000]
 total_blobs=4135 nmethods=3612 adapters=448
 compilation: enabled
              stopped_count=0, restarted_count=0
 full_count=0

Compilation events (20 events):
Event: 7.435 Thread 0x000001bdf429f410 3607       1       java.lang.invoke.LambdaForm$DMH/0x00000001001ac400::invokeStatic (31 bytes)
Event: 7.436 Thread 0x000001bdf429f410 nmethod 3607 0x000001bde887fd10 code [0x000001bde887fec0, 0x000001bde887ffb8]
Event: 7.439 Thread 0x000001bdf3838d10 3609       1       java.lang.invoke.LambdaFormEditor::bindArgumentL (59 bytes)
Event: 7.439 Thread 0x000001bdf3a2ad20 3608       1       java.lang.invoke.BoundMethodHandle::bindArgumentL (11 bytes)
Event: 7.439 Thread 0x000001bdf3838d10 nmethod 3609 0x000001bde8880090 code [0x000001bde8880240, 0x000001bde88803a8]
Event: 7.439 Thread 0x000001bdf3a2ad20 nmethod 3608 0x000001bde8880490 code [0x000001bde8880640, 0x000001bde8880838]
Event: 7.564 Thread 0x000001bdf3838d10 3610       1       io.github.classgraph.ClasspathElement::maskClassfiles (191 bytes)
Event: 7.567 Thread 0x000001bdf3838d10 nmethod 3610 0x000001bde8880990 code [0x000001bde8880ce0, 0x000001bde8881b28]
Event: 7.590 Thread 0x000001bdf3838d10 3611       1       java.util.HashMap::putAll (7 bytes)
Event: 7.591 Thread 0x000001bdf3838d10 nmethod 3611 0x000001bde8882490 code [0x000001bde8882620, 0x000001bde8882708]
Event: 7.593 Thread 0x000001bdf429f410 3613       1       java.util.concurrent.ConcurrentHashMap$EntrySetView::iterator (34 bytes)
Event: 7.593 Thread 0x000001bdf3a2ad20 3612       1       java.util.concurrent.ConcurrentHashMap::entrySet (25 bytes)
Event: 7.593 Thread 0x000001bdf3838d10 3614       1       java.util.concurrent.ConcurrentHashMap$EntryIterator::<init> (12 bytes)
Event: 7.593 Thread 0x000001bdf3838d10 nmethod 3614 0x000001bde8882790 code [0x000001bde8882940, 0x000001bde8882a98]
Event: 7.593 Thread 0x000001bdf3a2ad20 nmethod 3612 0x000001bde8882b90 code [0x000001bde8882d20, 0x000001bde8882f18]
Event: 7.593 Thread 0x000001bdf429f410 nmethod 3613 0x000001bde8882f90 code [0x000001bde8883140, 0x000001bde8883358]
Event: 7.594 Thread 0x000001bdf3838d10 3616       1       io.github.classgraph.Scanner$ClassfileScanWorkUnit::<init> (20 bytes)
Event: 7.594 Thread 0x000001bdf3a2ad20 3615       1       nonapi.io.github.classgraph.utils.JarUtils::classfilePathToClassName (56 bytes)
Event: 7.595 Thread 0x000001bdf3838d10 nmethod 3616 0x000001bde8883490 code [0x000001bde8883620, 0x000001bde8883798]
Event: 7.595 Thread 0x000001bdf3a2ad20 nmethod 3615 0x000001bde8883810 code [0x000001bde8883a20, 0x000001bde8883e68]

GC Heap History (20 events):
Event: 5.026 GC heap after
{Heap after GC invocations=8 (full 0):
 garbage-first heap   total 48128K, used 16274K [0x0000000083200000, 0x0000000100000000)
  region size 1024K, 2 young (2048K), 2 survivors (2048K)
 Metaspace       used 31973K, committed 32256K, reserved 1081344K
  class space    used 4042K, committed 4160K, reserved 1048576K
}
Event: 5.235 GC heap before
{Heap before GC invocations=8 (full 0):
 garbage-first heap   total 48128K, used 32658K [0x0000000083200000, 0x0000000100000000)
  region size 1024K, 19 young (19456K), 2 survivors (2048K)
 Metaspace       used 33199K, committed 33536K, reserved 1081344K
  class space    used 4212K, committed 4352K, reserved 1048576K
}
Event: 5.243 GC heap after
{Heap after GC invocations=9 (full 0):
 garbage-first heap   total 48128K, used 19691K [0x0000000083200000, 0x0000000100000000)
  region size 1024K, 3 young (3072K), 3 survivors (3072K)
 Metaspace       used 33199K, committed 33536K, reserved 1081344K
  class space    used 4212K, committed 4352K, reserved 1048576K
}
Event: 5.334 GC heap before
{Heap before GC invocations=9 (full 0):
 garbage-first heap   total 48128K, used 34027K [0x0000000083200000, 0x0000000100000000)
  region size 1024K, 18 young (18432K), 3 survivors (3072K)
 Metaspace       used 33309K, committed 33600K, reserved 1081344K
  class space    used 4233K, committed 4352K, reserved 1048576K
}
Event: 6.339 GC heap after
{Heap after GC invocations=10 (full 0):
 garbage-first heap   total 69632K, used 22649K [0x0000000083200000, 0x0000000100000000)
  region size 1024K, 3 young (3072K), 3 survivors (3072K)
 Metaspace       used 33309K, committed 33600K, reserved 1081344K
  class space    used 4233K, committed 4352K, reserved 1048576K
}
Event: 6.342 GC heap before
{Heap before GC invocations=10 (full 0):
 garbage-first heap   total 69632K, used 22649K [0x0000000083200000, 0x0000000100000000)
  region size 1024K, 4 young (4096K), 3 survivors (3072K)
 Metaspace       used 33311K, committed 33600K, reserved 1081344K
  class space    used 4233K, committed 4352K, reserved 1048576K
}
Event: 6.343 GC heap after
{Heap after GC invocations=11 (full 0):
 garbage-first heap   total 69632K, used 23185K [0x0000000083200000, 0x0000000100000000)
  region size 1024K, 1 young (1024K), 1 survivors (1024K)
 Metaspace       used 33311K, committed 33600K, reserved 1081344K
  class space    used 4233K, committed 4352K, reserved 1048576K
}
Event: 6.353 GC heap before
{Heap before GC invocations=11 (full 0):
 garbage-first heap   total 69632K, used 25233K [0x0000000083200000, 0x0000000100000000)
  region size 1024K, 3 young (3072K), 1 survivors (1024K)
 Metaspace       used 33336K, committed 33600K, reserved 1081344K
  class space    used 4237K, committed 4352K, reserved 1048576K
}
Event: 6.355 GC heap after
{Heap after GC invocations=12 (full 0):
 garbage-first heap   total 69632K, used 23338K [0x0000000083200000, 0x0000000100000000)
  region size 1024K, 1 young (1024K), 1 survivors (1024K)
 Metaspace       used 33336K, committed 33600K, reserved 1081344K
  class space    used 4237K, committed 4352K, reserved 1048576K
}
Event: 6.360 GC heap before
{Heap before GC invocations=12 (full 0):
 garbage-first heap   total 69632K, used 25386K [0x0000000083200000, 0x0000000100000000)
  region size 1024K, 3 young (3072K), 1 survivors (1024K)
 Metaspace       used 33344K, committed 33600K, reserved 1081344K
  class space    used 4238K, committed 4352K, reserved 1048576K
}
Event: 6.362 GC heap after
{Heap after GC invocations=13 (full 0):
 garbage-first heap   total 69632K, used 24012K [0x0000000083200000, 0x0000000100000000)
  region size 1024K, 1 young (1024K), 1 survivors (1024K)
 Metaspace       used 33344K, committed 33600K, reserved 1081344K
  class space    used 4238K, committed 4352K, reserved 1048576K
}
Event: 6.368 GC heap before
{Heap before GC invocations=13 (full 0):
 garbage-first heap   total 69632K, used 26060K [0x0000000083200000, 0x0000000100000000)
  region size 1024K, 3 young (3072K), 1 survivors (1024K)
 Metaspace       used 33355K, committed 33600K, reserved 1081344K
  class space    used 4240K, committed 4352K, reserved 1048576K
}
Event: 6.633 GC heap after
{Heap after GC invocations=14 (full 0):
 garbage-first heap   total 208896K, used 24164K [0x0000000083200000, 0x0000000100000000)
  region size 1024K, 1 young (1024K), 1 survivors (1024K)
 Metaspace       used 33355K, committed 33600K, reserved 1081344K
  class space    used 4240K, committed 4352K, reserved 1048576K
}
Event: 6.715 GC heap before
{Heap before GC invocations=14 (full 0):
 garbage-first heap   total 208896K, used 33380K [0x0000000083200000, 0x0000000100000000)
  region size 1024K, 10 young (10240K), 1 survivors (1024K)
 Metaspace       used 33547K, committed 33920K, reserved 1081344K
  class space    used 4270K, committed 4480K, reserved 1048576K
}
Event: 6.718 GC heap after
{Heap after GC invocations=15 (full 0):
 garbage-first heap   total 208896K, used 26005K [0x0000000083200000, 0x0000000100000000)
  region size 1024K, 2 young (2048K), 2 survivors (2048K)
 Metaspace       used 33547K, committed 33920K, reserved 1081344K
  class space    used 4270K, committed 4480K, reserved 1048576K
}
Event: 6.785 GC heap before
{Heap before GC invocations=15 (full 0):
 garbage-first heap   total 208896K, used 34197K [0x0000000083200000, 0x0000000100000000)
  region size 1024K, 10 young (10240K), 2 survivors (2048K)
 Metaspace       used 33743K, committed 34048K, reserved 1081344K
  class space    used 4299K, committed 4480K, reserved 1048576K
}
Event: 6.789 GC heap after
{Heap after GC invocations=16 (full 0):
 garbage-first heap   total 208896K, used 27657K [0x0000000083200000, 0x0000000100000000)
  region size 1024K, 2 young (2048K), 2 survivors (2048K)
 Metaspace       used 33743K, committed 34048K, reserved 1081344K
  class space    used 4299K, committed 4480K, reserved 1048576K
}
Event: 7.623 GC heap before
{Heap before GC invocations=16 (full 0):
 garbage-first heap   total 208896K, used 129033K [0x0000000083200000, 0x0000000100000000)
  region size 1024K, 101 young (103424K), 2 survivors (2048K)
 Metaspace       used 35795K, committed 36096K, reserved 1081344K
  class space    used 4648K, committed 4800K, reserved 1048576K
}
Event: 7.643 GC heap after
{Heap after GC invocations=17 (full 0):
 garbage-first heap   total 208896K, used 51279K [0x0000000083200000, 0x0000000100000000)
  region size 1024K, 13 young (13312K), 13 survivors (13312K)
 Metaspace       used 35795K, committed 36096K, reserved 1081344K
  class space    used 4648K, committed 4800K, reserved 1048576K
}
Event: 7.660 GC heap before
{Heap before GC invocations=17 (full 0):
 garbage-first heap   total 208896K, used 54351K [0x0000000083200000, 0x0000000100000000)
  region size 1024K, 17 young (17408K), 13 survivors (13312K)
 Metaspace       used 35871K, committed 36160K, reserved 1081344K
  class space    used 4656K, committed 4800K, reserved 1048576K
}

Deoptimization events (12 events):
Event: 2.068 Thread 0x000001bde3bf3010 DEOPT PACKING pc=0x000001bde85d3599 sp=0x000000a17d0fd7b0
Event: 2.068 Thread 0x000001bde3bf3010 DEOPT UNPACKING pc=0x000001bde80d6763 sp=0x000000a17d0fcc90 mode 3
Event: 5.000 Thread 0x000001bde3bf3010 DEOPT PACKING pc=0x000001bde8747a99 sp=0x000000a17d0fcb90
Event: 5.000 Thread 0x000001bde3bf3010 DEOPT UNPACKING pc=0x000001bde80d6763 sp=0x000000a17d0fc070 mode 3
Event: 5.116 Thread 0x000001bdf58382d0 DEOPT PACKING pc=0x000001bde8799eab sp=0x000000a17eefe980
Event: 5.116 Thread 0x000001bdf58382d0 DEOPT UNPACKING pc=0x000001bde80d6763 sp=0x000000a17eefdec8 mode 3
Event: 6.707 Thread 0x000001bdf5a56700 DEOPT PACKING pc=0x000001bde85d1181 sp=0x000000a17f6fec00
Event: 6.707 Thread 0x000001bdf5a56700 DEOPT UNPACKING pc=0x000001bde80d6763 sp=0x000000a17f6fe090 mode 3
Event: 7.376 Thread 0x000001bdf5a55d60 DEOPT PACKING pc=0x000001bde8878435 sp=0x000000a17fffd7a0
Event: 7.376 Thread 0x000001bdf5a55d60 DEOPT UNPACKING pc=0x000001bde80d6763 sp=0x000000a17fffccb8 mode 3
Event: 7.511 Thread 0x000001bdf5a56230 DEOPT PACKING pc=0x000001bde85cc297 sp=0x000000a17f8fec40
Event: 7.511 Thread 0x000001bdf5a56230 DEOPT UNPACKING pc=0x000001bde80d6763 sp=0x000000a17f8fe098 mode 3

Classes unloaded (0 events):
No events

Classes redefined (0 events):
No events

Internal exceptions (20 events):
Event: 5.171 Thread 0x000001bdf5a39ff0 Exception <a 'sun/nio/fs/WindowsException'{0x00000000899db6a8}> (0x00000000899db6a8) 
thrown [s\src\hotspot\share\prims\jni.cpp, line 516]
Event: 5.171 Thread 0x000001bdf5a39ff0 Exception <a 'sun/nio/fs/WindowsException'{0x00000000899dba50}> (0x00000000899dba50) 
thrown [s\src\hotspot\share\prims\jni.cpp, line 516]
Event: 5.171 Thread 0x000001bdf5a39ff0 Exception <a 'sun/nio/fs/WindowsException'{0x00000000899dc450}> (0x00000000899dc450) 
thrown [s\src\hotspot\share\prims\jni.cpp, line 516]
Event: 5.172 Thread 0x000001bdf5a39ff0 Exception <a 'sun/nio/fs/WindowsException'{0x00000000899dc810}> (0x00000000899dc810) 
thrown [s\src\hotspot\share\prims\jni.cpp, line 516]
Event: 5.172 Thread 0x000001bdf5a39ff0 Exception <a 'sun/nio/fs/WindowsException'{0x00000000899dd210}> (0x00000000899dd210) 
thrown [s\src\hotspot\share\prims\jni.cpp, line 516]
Event: 5.172 Thread 0x000001bdf5a39ff0 Exception <a 'sun/nio/fs/WindowsException'{0x00000000899dd5c0}> (0x00000000899dd5c0) 
thrown [s\src\hotspot\share\prims\jni.cpp, line 516]
Event: 5.172 Thread 0x000001bdf5a39ff0 Exception <a 'sun/nio/fs/WindowsException'{0x00000000899ddfc0}> (0x00000000899ddfc0) 
thrown [s\src\hotspot\share\prims\jni.cpp, line 516]
Event: 5.172 Thread 0x000001bdf5a39ff0 Exception <a 'sun/nio/fs/WindowsException'{0x00000000899de380}> (0x00000000899de380) 
thrown [s\src\hotspot\share\prims\jni.cpp, line 516]
Event: 5.172 Thread 0x000001bdf5a39ff0 Exception <a 'sun/nio/fs/WindowsException'{0x00000000899deda8}> (0x00000000899deda8) 
thrown [s\src\hotspot\share\prims\jni.cpp, line 516]
Event: 5.173 Thread 0x000001bdf5a39ff0 Exception <a 'sun/nio/fs/WindowsException'{0x00000000899df188}> (0x00000000899df188) 
thrown [s\src\hotspot\share\prims\jni.cpp, line 516]
Event: 5.173 Thread 0x000001bdf5a39ff0 Exception <a 'sun/nio/fs/WindowsException'{0x00000000899dfbc0}> (0x00000000899dfbc0) 
thrown [s\src\hotspot\share\prims\jni.cpp, line 516]
Event: 5.173 Thread 0x000001bdf5a39ff0 Exception <a 'sun/nio/fs/WindowsException'{0x00000000899dffb0}> (0x00000000899dffb0) 
thrown [s\src\hotspot\share\prims\jni.cpp, line 516]
Event: 5.173 Thread 0x000001bdf5a39ff0 Exception <a 'sun/nio/fs/WindowsException'{0x000000008592ddd0}> (0x000000008592ddd0) 
thrown [s\src\hotspot\share\prims\jni.cpp, line 516]
Event: 5.174 Thread 0x000001bdf5a39ff0 Exception <a 'sun/nio/fs/WindowsException'{0x000000008592e1c0}> (0x000000008592e1c0) 
thrown [s\src\hotspot\share\prims\jni.cpp, line 516]
Event: 5.247 Thread 0x000001bde3bf3010 Exception <a 'java/lang/NoSuchMethodError'{0x000000008af11840}: 'java.lang.Object java.lang.invoke.DirectMethodHandle$Holder.newInvokeSpecial(java.lang.Object, java.lang.Object, int, java.lang.Object, java.lang.Object)'> (0x000000008af11840) 
thrown [s\src\hotspot\share\interpreter\linkResolver.cpp, line 759]
Event: 5.256 Thread 0x000001bde3bf3010 Exception <a 'java/lang/NoSuchMethodError'{0x000000008af23810}: 'java.lang.Object java.lang.invoke.DirectMethodHandle$Holder.invokeSpecial(java.lang.Object, java.lang.Object, int, java.lang.Object, int, java.lang.Object)'> (0x000000008af23810) 
thrown [s\src\hotspot\share\interpreter\linkResolver.cpp, line 759]
Event: 5.258 Thread 0x000001bde3bf3010 Exception <a 'java/lang/NoSuchMethodError'{0x000000008af2b610}: 'java.lang.Object java.lang.invoke.DirectMethodHandle$Holder.newInvokeSpecial(java.lang.Object, java.lang.Object, int, java.lang.Object, int)'> (0x000000008af2b610) 
thrown [s\src\hotspot\share\interpreter\linkResolver.cpp, line 759]
Event: 5.258 Thread 0x000001bde3bf3010 Exception <a 'java/lang/NoSuchMethodError'{0x000000008af2f710}: 'java.lang.Object java.lang.invoke.DirectMethodHandle$Holder.invokeSpecial(java.lang.Object, java.lang.Object, java.lang.Object, int, java.lang.Object, int)'> (0x000000008af2f710) 
thrown [s\src\hotspot\share\interpreter\linkResolver.cpp, line 759]
Event: 7.370 Thread 0x000001bdf5a55d60 Exception <a 'java/lang/NoSuchMethodError'{0x000000008a94ae48}: 'java.lang.Object java.lang.invoke.DirectMethodHandle$Holder.invokeStatic(java.lang.Object, int, java.lang.Object)'> (0x000000008a94ae48) 
thrown [s\src\hotspot\share\interpreter\linkResolver.cpp, line 759]
Event: 7.373 Thread 0x000001bdf5a58d80 Exception <a 'java/lang/NoSuchMethodError'{0x000000008a96bbb8}: 'java.lang.Object java.lang.invoke.DirectMethodHandle$Holder.invokeStatic(java.lang.Object, java.lang.Object, java.lang.Object, int, java.lang.Object, java.lang.Object)'> (0x000000008a96bbb8) 
thrown [s\src\hotspot\share\interpreter\linkResolver.cpp, line 759]

VM Operations (20 events):
Event: 6.353 Executing VM operation: G1CollectForAllocation done
Event: 6.353 Executing VM operation: G1CollectForAllocation
Event: 6.355 Executing VM operation: G1CollectForAllocation done
Event: 6.360 Executing VM operation: G1CollectForAllocation
Event: 6.362 Executing VM operation: G1CollectForAllocation done
Event: 6.367 Executing VM operation: G1CollectForAllocation
Event: 6.640 Executing VM operation: G1CollectForAllocation done
Event: 6.715 Executing VM operation: G1CollectForAllocation
Event: 6.718 Executing VM operation: G1CollectForAllocation done
Event: 6.723 Executing VM operation: HandshakeAllThreads
Event: 6.723 Executing VM operation: HandshakeAllThreads done
Event: 6.784 Executing VM operation: G1CollectForAllocation
Event: 6.789 Executing VM operation: G1CollectForAllocation done
Event: 7.049 Executing VM operation: HandshakeAllThreads
Event: 7.052 Executing VM operation: HandshakeAllThreads done
Event: 7.442 Executing VM operation: HandshakeAllThreads
Event: 7.442 Executing VM operation: HandshakeAllThreads done
Event: 7.623 Executing VM operation: G1CollectForAllocation
Event: 7.643 Executing VM operation: G1CollectForAllocation done
Event: 7.660 Executing VM operation: CollectForMetadataAllocation

Events (20 events):
Event: 7.362 Thread 0x000001bdf5a55d60 Thread added: 0x000001bdf5a55d60
Event: 7.364 loading class java/util/concurrent/CompletableFuture$UniHandle
Event: 7.364 loading class java/util/concurrent/CompletableFuture$UniHandle done
Event: 7.370 loading class jdk/internal/reflect/UnsafeIntegerFieldAccessorImpl
Event: 7.370 loading class jdk/internal/reflect/UnsafeIntegerFieldAccessorImpl done
Event: 7.405 loading class java/util/concurrent/locks/ReadWriteLock
Event: 7.405 loading class java/util/concurrent/locks/ReadWriteLock done
Event: 7.413 loading class java/util/ServiceConfigurationError
Event: 7.413 loading class java/util/ServiceConfigurationError done
Event: 7.413 loading class java/util/concurrent/atomic/AtomicLongFieldUpdater
Event: 7.413 loading class java/util/concurrent/atomic/AtomicLongFieldUpdater done
Event: 7.413 loading class java/util/concurrent/atomic/AtomicLongFieldUpdater$CASUpdater
Event: 7.414 loading class java/util/concurrent/atomic/AtomicLongFieldUpdater$CASUpdater done
Event: 7.414 loading class java/util/concurrent/atomic/AtomicLongFieldUpdater$CASUpdater$1
Event: 7.414 loading class java/util/concurrent/atomic/AtomicLongFieldUpdater$CASUpdater$1 done
Event: 7.417 Thread 0x000001bdf761a070 Thread added: 0x000001bdf761a070
Event: 7.426 Thread 0x000001bdf761a540 Thread added: 0x000001bdf761a540
Event: 7.435 loading class java/util/concurrent/ConcurrentHashMap$ValueSpliterator
Event: 7.435 loading class java/util/concurrent/ConcurrentHashMap$ValueSpliterator done
Event: 7.539 Thread 0x000001bdf761aa10 Thread added: 0x000001bdf761aa10


Dynamic libraries:
0x00007ff62bef0000 - 0x00007ff62befe000 	c:\Users\datea\.vscode\extensions\redhat.java-1.11.0-win32-x64\jre\17.0.4.1-win32-x86_64\bin\java.exe
0x00007ffdd22d0000 - 0x00007ffdd24e9000 	C:\WINDOWS\SYSTEM32\ntdll.dll
0x00007ffdd0fd0000 - 0x00007ffdd1092000 	C:\WINDOWS\System32\KERNEL32.DLL
0x00007ffdcf9f0000 - 0x00007ffdcfd8f000 	C:\WINDOWS\System32\KERNELBASE.dll
0x00007ffdcc550000 - 0x00007ffdcc5e6000 	C:\WINDOWS\SYSTEM32\apphelp.dll
0x00007ffdcf750000 - 0x00007ffdcf86b000 	C:\WINDOWS\System32\ucrtbase.dll
0x00007ffdcb160000 - 0x00007ffdcb179000 	c:\Users\datea\.vscode\extensions\redhat.java-1.11.0-win32-x64\jre\17.0.4.1-win32-x86_64\bin\VCRUNTIME140.dll
0x00007ffdc8cc0000 - 0x00007ffdc8cd8000 	c:\Users\datea\.vscode\extensions\redhat.java-1.11.0-win32-x64\jre\17.0.4.1-win32-x86_64\bin\jli.dll
0x00007ffdd20d0000 - 0x00007ffdd227c000 	C:\WINDOWS\System32\USER32.dll
0x00007ffdd0000000 - 0x00007ffdd0026000 	C:\WINDOWS\System32\win32u.dll
0x00007ffdafbb0000 - 0x00007ffdafe41000 	C:\WINDOWS\WinSxS\amd64_microsoft.windows.common-controls_6595b64144ccf1df_6.0.25217.1010_none_7b5ae231f1b4915b\COMCTL32.dll
0x00007ffdd0a50000 - 0x00007ffdd0a79000 	C:\WINDOWS\System32\GDI32.dll
0x00007ffdd0f20000 - 0x00007ffdd0fc7000 	C:\WINDOWS\System32\msvcrt.dll
0x00007ffdcfe60000 - 0x00007ffdcff76000 	C:\WINDOWS\System32\gdi32full.dll
0x00007ffdcf6b0000 - 0x00007ffdcf74a000 	C:\WINDOWS\System32\msvcp_win.dll
0x00007ffdd13c0000 - 0x00007ffdd13f1000 	C:\WINDOWS\System32\IMM32.DLL
0x00007ffdcc540000 - 0x00007ffdcc54c000 	c:\Users\datea\.vscode\extensions\redhat.java-1.11.0-win32-x64\jre\17.0.4.1-win32-x86_64\bin\vcruntime140_1.dll
0x00007ffdb2960000 - 0x00007ffdb29f1000 	c:\Users\datea\.vscode\extensions\redhat.java-1.11.0-win32-x64\jre\17.0.4.1-win32-x86_64\bin\msvcp140.dll
0x00007ffd878c0000 - 0x00007ffd88506000 	c:\Users\datea\.vscode\extensions\redhat.java-1.11.0-win32-x64\jre\17.0.4.1-win32-x86_64\bin\server\jvm.dll
0x00007ffdd0c70000 - 0x00007ffdd0d1e000 	C:\WINDOWS\System32\ADVAPI32.dll
0x00007ffdd0a80000 - 0x00007ffdd0b26000 	C:\WINDOWS\System32\sechost.dll
0x00007ffdd1290000 - 0x00007ffdd13b7000 	C:\WINDOWS\System32\RPCRT4.dll
0x00007ffdd1560000 - 0x00007ffdd1568000 	C:\WINDOWS\System32\PSAPI.DLL
0x00007ffdb1830000 - 0x00007ffdb1839000 	C:\WINDOWS\SYSTEM32\WSOCK32.dll
0x00007ffdd0ea0000 - 0x00007ffdd0f0f000 	C:\WINDOWS\System32\WS2_32.dll
0x00007ffdc86c0000 - 0x00007ffdc86f5000 	C:\WINDOWS\SYSTEM32\WINMM.dll
0x00007ffdc8920000 - 0x00007ffdc892a000 	C:\WINDOWS\SYSTEM32\VERSION.dll
0x00007ffdce640000 - 0x00007ffdce658000 	C:\WINDOWS\SYSTEM32\kernel.appcore.dll
0x00007ffdcc3b0000 - 0x00007ffdcc3ba000 	c:\Users\datea\.vscode\extensions\redhat.java-1.11.0-win32-x64\jre\17.0.4.1-win32-x86_64\bin\jimage.dll
0x00007ffdccf20000 - 0x00007ffdcd153000 	C:\WINDOWS\SYSTEM32\DBGHELP.DLL
0x00007ffdd0240000 - 0x00007ffdd05c3000 	C:\WINDOWS\System32\combase.dll
0x00007ffdd1600000 - 0x00007ffdd16d8000 	C:\WINDOWS\System32\OLEAUT32.dll
0x00007ffdbc110000 - 0x00007ffdbc142000 	C:\WINDOWS\SYSTEM32\dbgcore.DLL
0x00007ffdcff80000 - 0x00007ffdcfff9000 	C:\WINDOWS\System32\bcryptPrimitives.dll
0x00007ffdc87f0000 - 0x00007ffdc8815000 	c:\Users\datea\.vscode\extensions\redhat.java-1.11.0-win32-x64\jre\17.0.4.1-win32-x86_64\bin\java.dll
0x00007ffdc6c10000 - 0x00007ffdc6c28000 	c:\Users\datea\.vscode\extensions\redhat.java-1.11.0-win32-x64\jre\17.0.4.1-win32-x86_64\bin\zip.dll
0x00007ffdd16e0000 - 0x00007ffdd1eaf000 	C:\WINDOWS\System32\SHELL32.dll
0x00007ffdcd440000 - 0x00007ffdcdcd5000 	C:\WINDOWS\SYSTEM32\windows.storage.dll
0x00007ffdcd2a0000 - 0x00007ffdcd433000 	C:\WINDOWS\SYSTEM32\wintypes.dll
0x00007ffdd1400000 - 0x00007ffdd14eb000 	C:\WINDOWS\System32\SHCORE.dll
0x00007ffdd0de0000 - 0x00007ffdd0e3d000 	C:\WINDOWS\System32\shlwapi.dll
0x00007ffdcf5e0000 - 0x00007ffdcf601000 	C:\WINDOWS\SYSTEM32\profapi.dll
0x00007ffdc8770000 - 0x00007ffdc8789000 	C:\Users\datea\.vscode\extensions\redhat.java-1.11.0-win32-x64\jre\17.0.4.1-win32-x86_64\bin\net.dll
0x00007ffdc8590000 - 0x00007ffdc86bb000 	C:\WINDOWS\SYSTEM32\WINHTTP.dll
0x00007ffdceb10000 - 0x00007ffdceb79000 	C:\WINDOWS\system32\mswsock.dll
0x00007ffdc6bc0000 - 0x00007ffdc6bd5000 	C:\Users\datea\.vscode\extensions\redhat.java-1.11.0-win32-x64\jre\17.0.4.1-win32-x86_64\bin\nio.dll
0x00007ffdc6820000 - 0x00007ffdc6830000 	c:\Users\datea\.vscode\extensions\redhat.java-1.11.0-win32-x64\jre\17.0.4.1-win32-x86_64\bin\verify.dll
0x00007ffdcc3d0000 - 0x00007ffdcc3d9000 	C:\Users\datea\.vscode\extensions\redhat.java-1.11.0-win32-x64\jre\17.0.4.1-win32-x86_64\bin\management.dll
0x00007ffdcc3c0000 - 0x00007ffdcc3cb000 	C:\Users\datea\.vscode\extensions\redhat.java-1.11.0-win32-x64\jre\17.0.4.1-win32-x86_64\bin\management_ext.dll
0x00007ffd41b40000 - 0x00007ffd41b57000 	C:\WINDOWS\system32\napinsp.dll
0x00007ffd40ba0000 - 0x00007ffd40bba000 	C:\WINDOWS\system32\pnrpnsp.dll
0x00007ffd7e200000 - 0x00007ffd7e221000 	C:\WINDOWS\system32\nlansp_c.dll
0x00007ffdce120000 - 0x00007ffdce21f000 	C:\WINDOWS\SYSTEM32\DNSAPI.dll
0x00007ffdce0b0000 - 0x00007ffdce0de000 	C:\WINDOWS\SYSTEM32\IPHLPAPI.DLL
0x00007ffdd2280000 - 0x00007ffdd2289000 	C:\WINDOWS\System32\NSI.dll
0x00007ffd3e490000 - 0x00007ffd3e4a1000 	C:\WINDOWS\System32\winrnr.dll
0x00007ffd9f0d0000 - 0x00007ffd9f0e5000 	C:\WINDOWS\system32\wshbth.dll
0x00007ffdc0fb0000 - 0x00007ffdc0fba000 	C:\Windows\System32\rasadhlp.dll
0x00007ffdc7340000 - 0x00007ffdc73c4000 	C:\WINDOWS\System32\fwpuclnt.dll
0x00007ffdced90000 - 0x00007ffdcedab000 	C:\WINDOWS\SYSTEM32\CRYPTSP.dll
0x00007ffdce590000 - 0x00007ffdce5c4000 	C:\WINDOWS\system32\rsaenh.dll
0x00007ffdcec10000 - 0x00007ffdcec38000 	C:\WINDOWS\SYSTEM32\USERENV.dll
0x00007ffdcef50000 - 0x00007ffdcef78000 	C:\WINDOWS\SYSTEM32\bcrypt.dll
0x00007ffdcedb0000 - 0x00007ffdcedbc000 	C:\WINDOWS\SYSTEM32\CRYPTBASE.dll
0x00007ffdc8240000 - 0x00007ffdc8259000 	C:\WINDOWS\SYSTEM32\dhcpcsvc6.DLL
0x00007ffdc8210000 - 0x00007ffdc822f000 	C:\WINDOWS\SYSTEM32\dhcpcsvc.DLL

dbghelp: loaded successfully - version: 4.0.5 - missing functions: none
symbol engine: initialized successfully - sym options: 0x614 - pdb path: .;c:\Users\datea\.vscode\extensions\redhat.java-1.11.0-win32-x64\jre\17.0.4.1-win32-x86_64\bin;C:\WINDOWS\SYSTEM32;C:\WINDOWS\WinSxS\amd64_microsoft.windows.common-controls_6595b64144ccf1df_6.0.25217.1010_none_7b5ae231f1b4915b;c:\Users\datea\.vscode\extensions\redhat.java-1.11.0-win32-x64\jre\17.0.4.1-win32-x86_64\bin\server

VM Arguments:
jvm_args: -Dsts.lsp.client=vscode -Dsts.log.file=/dev/null -XX:TieredStopAtLevel=1 -Xlog:jni+resolve=off -Dspring.config.location=file:c:\Users\datea\.vscode\extensions\pivotal.vscode-spring-boot-1.39.0\language-server\BOOT-INF\classes\application.properties 
java_command: org.springframework.ide.vscode.boot.app.BootLanguageServerBootApp
java_class_path (initial): c:\Users\datea\.vscode\extensions\pivotal.vscode-spring-boot-1.39.0\language-server\BOOT-INF\classes;c:\Users\datea\.vscode\extensions\pivotal.vscode-spring-boot-1.39.0\language-server\BOOT-INF\lib\annotations-23.0.0.jar;c:\Users\datea\.vscode\extensions\pivotal.vscode-spring-boot-1.39.0\language-server\BOOT-INF\lib\antlr-runtime-3.5.2.jar;c:\Users\datea\.vscode\extensions\pivotal.vscode-spring-boot-1.39.0\language-server\BOOT-INF\lib\antlr4-4.9.3.jar;c:\Users\datea\.vscode\extensions\pivotal.vscode-spring-boot-1.39.0\language-server\BOOT-INF\lib\antlr4-runtime-4.9.3.jar;c:\Users\datea\.vscode\extensions\pivotal.vscode-spring-boot-1.39.0\language-server\BOOT-INF\lib\asm-9.3.jar;c:\Users\datea\.vscode\extensions\pivotal.vscode-spring-boot-1.39.0\language-server\BOOT-INF\lib\asm-analysis-9.3.jar;c:\Users\datea\.vscode\extensions\pivotal.vscode-spring-boot-1.39.0\language-server\BOOT-INF\lib\asm-tree-9.3.jar;c:\Users\datea\.vscode\extensions\pivotal.vscode-spring-boot-1.39.0\language-server\BOOT-INF\lib\asm-util-9.3.jar;c:\Users\datea\.vscode\extensions\pivotal.vscode-spring-boot-1.39.0\language-server\BOOT-INF\lib\byte-buddy-1.12.13.jar;c:\Users\datea\.vscode\extensions\pivotal.vscode-spring-boot-1.39.0\language-server\BOOT-INF\lib\caffeine-2.9.3.jar;c:\Users\datea\.vscode\extensions\pivotal.vscode-spring-boot-1.39.0\language-server\BOOT-INF\lib\checker-qual-3.12.0.jar;c:\Users\datea\.vscode\extensions\pivotal.vscode-spring-boot-1.39.0\language-server\BOOT-INF\lib\classgraph-4.8.149.jar;c:\Users\datea\.vscode\extensions\pivotal.vscode-spring-boot-1.39.0\language-server\BOOT-INF\lib\commons-codec-1.15.jar;c:\Users\datea\.vscode\extensions\pivotal.vscode-spring-boot-1.39.0\language-server\BOOT-INF\lib\commons-compress-1.21.jar;c:\Users\datea\.vscode\extensions\pivotal.vscode-spring-boot-1.39.0\language-server\BOOT-INF\lib\commons-exec-1.3.jar;c:\Users\datea\.vscode\extensions\pivotal.vscode-spring-boot-1.39.0\language-server\BOOT-INF\lib\com
Launcher Type: SUN_STANDARD

[Global flags]
     intx CICompilerCount                          = 4                                         {product} {ergonomic}
     uint ConcGCThreads                            = 2                                         {product} {ergonomic}
     uint G1ConcRefinementThreads                  = 8                                         {product} {ergonomic}
   size_t G1HeapRegionSize                         = 1048576                                   {product} {ergonomic}
    uintx GCDrainStackTargetSize                   = 64                                        {product} {ergonomic}
   size_t InitialHeapSize                          = 132120576                                 {product} {ergonomic}
   size_t MarkStackSize                            = 4194304                                   {product} {ergonomic}
   size_t MaxHeapSize                              = 2095054848                                {product} {ergonomic}
   size_t MaxNewSize                               = 1256194048                                {product} {ergonomic}
   size_t MinHeapDeltaBytes                        = 1048576                                   {product} {ergonomic}
   size_t MinHeapSize                              = 8388608                                   {product} {ergonomic}
    uintx NonProfiledCodeHeapSize                  = 0                                      {pd product} {ergonomic}
     bool ProfileInterpreter                       = false                                  {pd product} {command line}
    uintx ProfiledCodeHeapSize                     = 0                                      {pd product} {ergonomic}
   size_t SoftMaxHeapSize                          = 2095054848                             {manageable} {ergonomic}
     intx TieredStopAtLevel                        = 1                                         {product} {command line}
     bool UseCompressedClassPointers               = true                           {product lp64_product} {ergonomic}
     bool UseCompressedOops                        = true                           {product lp64_product} {ergonomic}
     bool UseG1GC                                  = true                                      {product} {ergonomic}
     bool UseLargePagesIndividualAllocation        = false                                  {pd product} {ergonomic}

Logging:
Log output configuration:
 #0: stdout all=warning,jni+resolve=off uptime,level,tags
 #1: stderr all=off uptime,level,tags

Environment Variables:
PATH=C:\Program Files\Java\jdk-15.0.2\bin;C:\Program Files\Common Files\Oracle\Java\javapath;C:\WINDOWS\system32;C:\WINDOWS;C:\WINDOWS\System32\Wbem;C:\WINDOWS\System32\WindowsPowerShell\v1.0\;C:\WINDOWS\System32\OpenSSH\;C:\Program Files\Azure Data Studio\bin;C:\Program Files\Microsoft SQL Server\Client SDK\ODBC\170\Tools\Binn\;C:\Program Files (x86)\Microsoft SQL Server\150\Tools\Binn\;C:\Program Files\Microsoft SQL Server\150\Tools\Binn\;C:\Program Files\Microsoft SQL Server\150\DTS\Binn\;C:\Program Files (x86)\Microsoft SQL Server\150\DTS\Binn\;C:\Program Files (x86)\GitExtensions\;F:\xampp\php;C:\ProgramData\ComposerSetup\bin;C:\xampp\php;C:\Program Files\Git\cmd;C:\Users\datea\AppData\Local\Microsoft\WindowsApps;C:\Users\datea\AppData\Local\Programs\Microsoft VS Code\bin;;C:\Program Files\Azure Data Studio\bin;C:\Users\datea\AppData\Roaming\Composer\vendor\bin
USERNAME=datea
OS=Windows_NT
PROCESSOR_IDENTIFIER=Intel64 Family 6 Model 126 Stepping 5, GenuineIntel
TMP=C:\Users\datea\AppData\Local\Temp
TEMP=C:\Users\datea\AppData\Local\Temp



---------------  S Y S T E M  ---------------

OS:
 Windows 11 , 64 bit Build 25217 (10.0.25217.1000)
OS uptime: 1 days 7:03 hours
Hyper-V role detected

CPU: total 8 (initial active 8) (4 cores per cpu, 2 threads per core) family 6 model 126 stepping 5 microcode 0xa6, cx8, cmov, fxsr, ht, mmx, 3dnowpref, sse, sse2, sse3, ssse3, sse4.1, sse4.2, popcnt, lzcnt, tsc, tscinvbit, avx, avx2, aes, erms, clmul, bmi1, bmi2, adx, avx512f, avx512dq, avx512cd, avx512bw, avx512vl, sha, fma, vzeroupper, avx512_vpopcntdq, avx512_vpclmulqdq, avx512_vaes, avx512_vnni, clflush, clflushopt, avx512_vbmi2, avx512_vbmi, hv

Memory: 4k page, system-wide physical 7987M (689M free)
TotalPageFile size 12083M (AvailPageFile size 155M)
current process WorkingSet (physical memory assigned to process): 263M, peak: 263M
current process commit charge ("private bytes"): 344M, peak: 734M

vm_info: OpenJDK 64-Bit Server VM (17.0.4.1+1) for windows-amd64 JRE (17.0.4.1+1), built on Aug 17 2022 07:42:43 by "temurin" with MS VC++ 16.7 (VS2019)

END.
