#
# There is insufficient memory for the Java Runtime Environment to continue.
# Native memory allocation (mmap) failed to map 35651584 bytes for G1 virtual space
# Possible reasons:
#   The system is out of physical RAM or swap space
#   The process is running with CompressedOops enabled, and the Java Heap may be blocking the growth of the native heap
# Possible solutions:
#   Reduce memory load on the system
#   Increase physical memory or swap space
#   Check if swap backing store is full
#   Decrease Java heap size (-Xmx/-Xms)
#   Decrease number of Java threads
#   Decrease Java thread stack sizes (-Xss)
#   Set larger code cache with -XX:ReservedCodeCacheSize=
#   JVM is running with Unscaled Compressed Oops mode in which the Java heap is
#     placed in the first 4GB address space. The Java Heap base address is the
#     maximum limit for the native heap growth. Please use -XX:HeapBaseMinAddress
#     to set the Java Heap base and to place the Java Heap above 4GB virtual address.
# This output file may be truncated or incomplete.
#
#  Out of Memory Error (os_windows.cpp:3548), pid=66152, tid=15968
#
# JRE version: OpenJDK Runtime Environment Temurin-17.0.5+8 (17.0.5+8) (build 17.0.5+8)
# Java VM: OpenJDK 64-Bit Server VM Temurin-17.0.5+8 (17.0.5+8, mixed mode, emulated-client, sharing, tiered, compressed oops, compressed class ptrs, g1 gc, windows-amd64)
# No core dump will be written. Minidumps are not enabled by default on client versions of Windows
#

---------------  S U M M A R Y ------------

Command Line: -Dsts.lsp.client=vscode -Dsts.log.file=/dev/null -XX:TieredStopAtLevel=1 -Xlog:jni+resolve=off -Dspring.config.location=file:c:\Users\datea\.vscode\extensions\pivotal.vscode-spring-boot-1.40.0\language-server\BOOT-INF\classes\application.properties org.springframework.ide.vscode.boot.app.BootLanguageServerBootApp

Host: Intel(R) Core(TM) i5-1035G1 CPU @ 1.00GHz, 8 cores, 7G,  Windows 11 , 64 bit Build 25231 (10.0.25231.1000)
Time: Thu Nov  3 15:59:57 2022 SE Asia Standard Time elapsed time: 6.139583 seconds (0d 0h 0m 6s)

---------------  T H R E A D  ---------------

Current thread (0x000002380eb1c9a0):  VMThread "VM Thread" [stack: 0x000000f47f500000,0x000000f47f600000] [id=15968]

Stack: [0x000000f47f500000,0x000000f47f600000]
Native frames: (J=compiled Java code, j=interpreted, Vv=VM code, C=native code)
V  [jvm.dll+0x676b3a]
V  [jvm.dll+0x831444]
V  [jvm.dll+0x832bee]
V  [jvm.dll+0x833253]
V  [jvm.dll+0x244ce5]
V  [jvm.dll+0x673a49]
V  [jvm.dll+0x66811a]
V  [jvm.dll+0x303ceb]
V  [jvm.dll+0x30b1e6]
V  [jvm.dll+0x35adbe]
V  [jvm.dll+0x35afef]
V  [jvm.dll+0x2dab88]
V  [jvm.dll+0x2d8e3c]
V  [jvm.dll+0x2d840c]
V  [jvm.dll+0x31c31b]
V  [jvm.dll+0x8376fb]
V  [jvm.dll+0x838434]
V  [jvm.dll+0x83894c]
V  [jvm.dll+0x838d24]
V  [jvm.dll+0x838df0]
V  [jvm.dll+0x7e17ea]
V  [jvm.dll+0x6759e5]
C  [ucrtbase.dll+0x4b7eb]
C  [KERNEL32.DLL+0x1335d]
C  [ntdll.dll+0x67558]

VM_Operation (0x000000f401efd560): G1CollectForAllocation, mode: safepoint, requested by thread 0x0000023810abb180


---------------  P R O C E S S  ---------------

Threads class SMR info:
_java_thread_list=0x0000023810a9a440, length=38, elements={
0x000002380eb22bf0, 0x000002380eb24f50, 0x000002380eb39ff0, 0x000002380eb3cab0,
0x000002380eb3dc00, 0x000002380eb41d70, 0x000002380eb43c00, 0x000002380eb45510,
0x000002380eb0e3a0, 0x000002380f678220, 0x000002380f67a740, 0x000002380f6bf9f0,
0x000002380f6c6b30, 0x0000023810762c70, 0x00000238109658b0, 0x00000238109e54a0,
0x000002387a9ff8d0, 0x0000023810a45030, 0x00000238105f74b0, 0x0000023810a85060,
0x0000023810a93790, 0x0000023810a9c0f0, 0x0000023810abd330, 0x0000023810abbff0,
0x0000023810abdcd0, 0x0000023810abc4c0, 0x0000023810abd800, 0x0000023810abb650,
0x0000023810abbb20, 0x0000023810abce60, 0x0000023810abe1a0, 0x0000023810abe670,
0x0000023810abb180, 0x0000023810abeb40, 0x0000023810abc990, 0x0000023810b82b30,
0x0000023810b851b0, 0x0000023810b817f0
}

Java Threads: ( => current thread )
  0x000002380eb22bf0 JavaThread "Reference Handler" daemon [_thread_blocked, id=42240, stack(0x000000f47f600000,0x000000f47f700000)]
  0x000002380eb24f50 JavaThread "Finalizer" daemon [_thread_blocked, id=64684, stack(0x000000f47f700000,0x000000f47f800000)]
  0x000002380eb39ff0 JavaThread "Signal Dispatcher" daemon [_thread_blocked, id=46612, stack(0x000000f47f800000,0x000000f47f900000)]
  0x000002380eb3cab0 JavaThread "Attach Listener" daemon [_thread_blocked, id=62016, stack(0x000000f47f900000,0x000000f47fa00000)]
  0x000002380eb3dc00 JavaThread "Service Thread" daemon [_thread_blocked, id=2320, stack(0x000000f47fa00000,0x000000f47fb00000)]
  0x000002380eb41d70 JavaThread "Monitor Deflation Thread" daemon [_thread_blocked, id=62068, stack(0x000000f47fb00000,0x000000f47fc00000)]
  0x000002380eb43c00 JavaThread "C1 CompilerThread0" daemon [_thread_blocked, id=62584, stack(0x000000f47fc00000,0x000000f47fd00000)]
  0x000002380eb45510 JavaThread "Sweeper thread" daemon [_thread_blocked, id=61708, stack(0x000000f47fd00000,0x000000f47fe00000)]
  0x000002380eb0e3a0 JavaThread "C1 CompilerThread1" daemon [_thread_blocked, id=67648, stack(0x000000f47fe00000,0x000000f47ff00000)]
  0x000002380f678220 JavaThread "C1 CompilerThread2" daemon [_thread_blocked, id=50320, stack(0x000000f47ff00000,0x000000f480000000)]
  0x000002380f67a740 JavaThread "C1 CompilerThread3" daemon [_thread_blocked, id=63052, stack(0x000000f400000000,0x000000f400100000)]
  0x000002380f6bf9f0 JavaThread "Notification Thread" daemon [_thread_blocked, id=65312, stack(0x000000f400100000,0x000000f400200000)]
  0x000002380f6c6b30 JavaThread "Common-Cleaner" daemon [_thread_blocked, id=63740, stack(0x000000f400300000,0x000000f400400000)]
  0x0000023810762c70 JavaThread "boundedElastic-evictor-1" daemon [_thread_blocked, id=47636, stack(0x000000f400900000,0x000000f400a00000)]
  0x00000238109658b0 JavaThread "pool-9-thread-1" [_thread_blocked, id=65848, stack(0x000000f400d00000,0x000000f400e00000)]
  0x00000238109e54a0 JavaThread "LanguageServerApp-lifecycle" [_thread_blocked, id=64016, stack(0x000000f400e00000,0x000000f400f00000)]
  0x000002387a9ff8d0 JavaThread "DestroyJavaVM" [_thread_blocked, id=63304, stack(0x000000f47ef00000,0x000000f47f000000)]
  0x0000023810a45030 JavaThread "pool-10-thread-1" [_thread_in_native, id=63608, stack(0x000000f400f00000,0x000000f401000000)]
  0x00000238105f74b0 JavaThread "Simple-Language-Server main thread" daemon [_thread_blocked, id=65532, stack(0x000000f401000000,0x000000f401100000)]
  0x0000023810a85060 JavaThread "ForkJoinPool.commonPool-worker-1" daemon [_thread_blocked, id=1132, stack(0x000000f401100000,0x000000f401200000)]
  0x0000023810a93790 JavaThread "pool-7-thread-1" [_thread_blocked, id=12224, stack(0x000000f401200000,0x000000f401300000)]
  0x0000023810a9c0f0 JavaThread "parallel-1" daemon [_thread_blocked, id=44296, stack(0x000000f401300000,0x000000f401400000)]
  0x0000023810abd330 JavaThread "ClassGraph-worker-0" daemon [_thread_blocked, id=66584, stack(0x000000f401400000,0x000000f401500000)]
  0x0000023810abbff0 JavaThread "ClassGraph-worker-1" daemon [_thread_blocked, id=15032, stack(0x000000f401500000,0x000000f401600000)]
  0x0000023810abdcd0 JavaThread "ClassGraph-worker-2" daemon [_thread_blocked, id=66164, stack(0x000000f401600000,0x000000f401700000)]
  0x0000023810abc4c0 JavaThread "ClassGraph-worker-3" daemon [_thread_blocked, id=22836, stack(0x000000f401700000,0x000000f401800000)]
  0x0000023810abd800 JavaThread "ClassGraph-worker-4" daemon [_thread_blocked, id=55884, stack(0x000000f401800000,0x000000f401900000)]
  0x0000023810abb650 JavaThread "ClassGraph-worker-5" daemon [_thread_blocked, id=17764, stack(0x000000f401900000,0x000000f401a00000)]
  0x0000023810abbb20 JavaThread "ClassGraph-worker-6" daemon [_thread_blocked, id=49316, stack(0x000000f401a00000,0x000000f401b00000)]
  0x0000023810abce60 JavaThread "ClassGraph-worker-7" daemon [_thread_blocked, id=62312, stack(0x000000f401b00000,0x000000f401c00000)]
  0x0000023810abe1a0 JavaThread "ClassGraph-worker-8" daemon [_thread_blocked, id=60760, stack(0x000000f401c00000,0x000000f401d00000)]
  0x0000023810abe670 JavaThread "ClassGraph-worker-9" daemon [_thread_blocked, id=61652, stack(0x000000f401d00000,0x000000f401e00000)]
  0x0000023810abb180 JavaThread "ClassGraph-worker-10" daemon [_thread_blocked, id=25096, stack(0x000000f401e00000,0x000000f401f00000)]
  0x0000023810abeb40 JavaThread "ClassGraph-worker-11" daemon [_thread_blocked, id=2568, stack(0x000000f401f00000,0x000000f402000000)]
  0x0000023810abc990 JavaThread "ClassGraph-worker-12" daemon [_thread_blocked, id=68448, stack(0x000000f402000000,0x000000f402100000)]
  0x0000023810b82b30 JavaThread "ClassGraph-worker-13" daemon [_thread_blocked, id=2540, stack(0x000000f402100000,0x000000f402200000)]
  0x0000023810b851b0 JavaThread "Reconciler-1" daemon [_thread_blocked, id=39328, stack(0x000000f402200000,0x000000f402300000)]
  0x0000023810b817f0 JavaThread "parallel-2" daemon [_thread_blocked, id=68552, stack(0x000000f402300000,0x000000f402400000)]

Other Threads:
=>0x000002380eb1c9a0 VMThread "VM Thread" [stack: 0x000000f47f500000,0x000000f47f600000] [id=15968]
  0x000002380f6c06d0 WatcherThread [stack: 0x000000f400200000,0x000000f400300000] [id=64532]
  0x000002387aa5c410 GCTaskThread "GC Thread#0" [stack: 0x000000f47f000000,0x000000f47f100000] [id=65656]
  0x000002380ffaa610 GCTaskThread "GC Thread#1" [stack: 0x000000f400400000,0x000000f400500000] [id=18064]
  0x000002380ffaa8c0 GCTaskThread "GC Thread#2" [stack: 0x000000f400500000,0x000000f400600000] [id=4800]
  0x00000238100004a0 GCTaskThread "GC Thread#3" [stack: 0x000000f400600000,0x000000f400700000] [id=48068]
  0x0000023810000b60 GCTaskThread "GC Thread#4" [stack: 0x000000f400700000,0x000000f400800000] [id=67436]
  0x0000023810000e10 GCTaskThread "GC Thread#5" [stack: 0x000000f400800000,0x000000f400900000] [id=62344]
  0x000002381033c310 GCTaskThread "GC Thread#6" [stack: 0x000000f400a00000,0x000000f400b00000] [id=48168]
  0x000002381033c5c0 GCTaskThread "GC Thread#7" [stack: 0x000000f400b00000,0x000000f400c00000] [id=41068]
  0x000002387aa6cd10 ConcurrentGCThread "G1 Main Marker" [stack: 0x000000f47f100000,0x000000f47f200000] [id=17396]
  0x000002387aa6d880 ConcurrentGCThread "G1 Conc#0" [stack: 0x000000f47f200000,0x000000f47f300000] [id=67644]
  0x000002381086f2f0 ConcurrentGCThread "G1 Conc#1" [stack: 0x000000f400c00000,0x000000f400d00000] [id=15792]
  0x000002387aaad7a0 ConcurrentGCThread "G1 Refine#0" [stack: 0x000000f47f300000,0x000000f47f400000] [id=62324]
  0x000002387aaae060 ConcurrentGCThread "G1 Service" [stack: 0x000000f47f400000,0x000000f47f500000] [id=66976]

Threads with active compile tasks:

VM state: at safepoint (normal execution)

VM Mutex/Monitor currently owned by a thread:  ([mutex/lock_event])
[0x000002387a804960] Threads_lock - owner thread: 0x000002380eb1c9a0
[0x000002387a9fe230] Heap_lock - owner thread: 0x0000023810abb180

Heap address: 0x0000000083200000, size: 1998 MB, Compressed Oops mode: 32-bit

CDS archive(s) mapped at: [0x0000000800000000-0x0000000800bc0000-0x0000000800bc0000), size 12320768, SharedBaseAddress: 0x0000000800000000, ArchiveRelocationMode: 0.
Compressed class space mapped at: 0x0000000800c00000-0x0000000840c00000, reserved size: 1073741824
Narrow klass base: 0x0000000800000000, Narrow klass shift: 0, Narrow klass range: 0x100000000

GC Precious Log:
 CPUs: 8 total, 8 available
 Memory: 7987M
 Large Page Support: Disabled
 NUMA Support: Disabled
 Compressed Oops: Enabled (32-bit)
 Heap Region Size: 1M
 Heap Min Capacity: 8M
 Heap Initial Capacity: 126M
 Heap Max Capacity: 1998M
 Pre-touch: Disabled
 Parallel Workers: 8
 Concurrent Workers: 2
 Concurrent Refinement Workers: 8
 Periodic GC: Disabled

Heap:
 garbage-first heap   total 61440K, used 32997K [0x0000000083200000, 0x0000000100000000)
  region size 1024K, 3 young (3072K), 3 survivors (3072K)
 Metaspace       used 28009K, committed 28352K, reserved 1081344K
  class space    used 3788K, committed 3968K, reserved 1048576K

Heap Regions: E=young(eden), S=young(survivor), O=old, HS=humongous(starts), HC=humongous(continues), CS=collection set, F=free, OA=open archive, CA=closed archive, TAMS=top-at-mark-start (previous, next)
|   0|0x0000000083200000, 0x0000000083300000, 0x0000000083300000|100%| O|  |TAMS 0x0000000083300000, 0x0000000083200000| Untracked 
|   1|0x0000000083300000, 0x0000000083400000, 0x0000000083400000|100%| O|  |TAMS 0x0000000083400000, 0x0000000083300000| Untracked 
|   2|0x0000000083400000, 0x0000000083500000, 0x0000000083500000|100%| O|  |TAMS 0x0000000083500000, 0x0000000083400000| Untracked 
|   3|0x0000000083500000, 0x0000000083600000, 0x0000000083600000|100%| O|  |TAMS 0x0000000083600000, 0x0000000083500000| Untracked 
|   4|0x0000000083600000, 0x0000000083700000, 0x0000000083700000|100%| O|  |TAMS 0x0000000083700000, 0x0000000083600000| Untracked 
|   5|0x0000000083700000, 0x0000000083800000, 0x0000000083800000|100%| O|  |TAMS 0x0000000083800000, 0x0000000083700000| Untracked 
|   6|0x0000000083800000, 0x0000000083900000, 0x0000000083900000|100%| O|  |TAMS 0x0000000083900000, 0x0000000083800000| Untracked 
|   7|0x0000000083900000, 0x0000000083a00000, 0x0000000083a00000|100%| O|  |TAMS 0x0000000083a00000, 0x0000000083900000| Untracked 
|   8|0x0000000083a00000, 0x0000000083aa2200, 0x0000000083b00000| 63%| O|  |TAMS 0x0000000083aa2200, 0x0000000083a00000| Untracked 
|   9|0x0000000083b00000, 0x0000000083c00000, 0x0000000083c00000|100%| O|  |TAMS 0x0000000083b00000, 0x0000000083b00000| Untracked 
|  10|0x0000000083c00000, 0x0000000083d00000, 0x0000000083d00000|100%| O|  |TAMS 0x0000000083c00000, 0x0000000083c00000| Untracked 
|  11|0x0000000083d00000, 0x0000000083e00000, 0x0000000083e00000|100%| O|  |TAMS 0x0000000083d00000, 0x0000000083d00000| Untracked 
|  12|0x0000000083e00000, 0x0000000083f00000, 0x0000000083f00000|100%| O|  |TAMS 0x0000000083e00000, 0x0000000083e00000| Untracked 
|  13|0x0000000083f00000, 0x0000000084000000, 0x0000000084000000|100%| O|  |TAMS 0x0000000083f00000, 0x0000000083f00000| Untracked 
|  14|0x0000000084000000, 0x0000000084100000, 0x0000000084100000|100%| O|  |TAMS 0x0000000084000000, 0x0000000084000000| Untracked 
|  15|0x0000000084100000, 0x0000000084200000, 0x0000000084200000|100%| O|  |TAMS 0x0000000084100000, 0x0000000084100000| Untracked 
|  16|0x0000000084200000, 0x0000000084300000, 0x0000000084300000|100%| O|  |TAMS 0x0000000084200000, 0x0000000084200000| Untracked 
|  17|0x0000000084300000, 0x0000000084400000, 0x0000000084400000|100%| O|  |TAMS 0x0000000084300000, 0x0000000084300000| Untracked 
|  18|0x0000000084400000, 0x0000000084500000, 0x0000000084500000|100%| O|  |TAMS 0x0000000084400000, 0x0000000084400000| Untracked 
|  19|0x0000000084500000, 0x0000000084600000, 0x0000000084600000|100%| O|  |TAMS 0x0000000084500000, 0x0000000084500000| Untracked 
|  20|0x0000000084600000, 0x0000000084700000, 0x0000000084700000|100%| O|  |TAMS 0x0000000084600000, 0x0000000084600000| Untracked 
|  21|0x0000000084700000, 0x0000000084800000, 0x0000000084800000|100%| O|  |TAMS 0x0000000084700000, 0x0000000084700000| Untracked 
|  22|0x0000000084800000, 0x0000000084900000, 0x0000000084900000|100%| O|  |TAMS 0x0000000084800000, 0x0000000084800000| Untracked 
|  23|0x0000000084900000, 0x0000000084a00000, 0x0000000084a00000|100%| O|  |TAMS 0x0000000084900000, 0x0000000084900000| Untracked 
|  24|0x0000000084a00000, 0x0000000084b00000, 0x0000000084b00000|100%| O|  |TAMS 0x0000000084a00000, 0x0000000084a00000| Untracked 
|  25|0x0000000084b00000, 0x0000000084c00000, 0x0000000084c00000|100%| O|  |TAMS 0x0000000084b00000, 0x0000000084b00000| Untracked 
|  26|0x0000000084c00000, 0x0000000084d00000, 0x0000000084d00000|100%| O|  |TAMS 0x0000000084c00000, 0x0000000084c00000| Untracked 
|  27|0x0000000084d00000, 0x0000000084e00000, 0x0000000084e00000|100%| O|  |TAMS 0x0000000084d00000, 0x0000000084d00000| Untracked 
|  28|0x0000000084e00000, 0x0000000084f00000, 0x0000000084f00000|100%| O|  |TAMS 0x0000000084e00000, 0x0000000084e00000| Untracked 
|  29|0x0000000084f00000, 0x0000000084fe6000, 0x0000000085000000| 89%| O|  |TAMS 0x0000000084f00000, 0x0000000084f00000| Untracked 
|  30|0x0000000085000000, 0x0000000085000000, 0x0000000085100000|  0%| F|  |TAMS 0x0000000085000000, 0x0000000085000000| Untracked 
|  31|0x0000000085100000, 0x0000000085100000, 0x0000000085200000|  0%| F|  |TAMS 0x0000000085100000, 0x0000000085100000| Untracked 
|  32|0x0000000085200000, 0x0000000085200000, 0x0000000085300000|  0%| F|  |TAMS 0x0000000085200000, 0x0000000085200000| Untracked 
|  33|0x0000000085300000, 0x0000000085300000, 0x0000000085400000|  0%| F|  |TAMS 0x0000000085300000, 0x0000000085300000| Untracked 
|  34|0x0000000085400000, 0x0000000085400000, 0x0000000085500000|  0%| F|  |TAMS 0x0000000085400000, 0x0000000085400000| Untracked 
|  35|0x0000000085500000, 0x0000000085500000, 0x0000000085600000|  0%| F|  |TAMS 0x0000000085500000, 0x0000000085500000| Untracked 
|  36|0x0000000085600000, 0x0000000085600000, 0x0000000085700000|  0%| F|  |TAMS 0x0000000085600000, 0x0000000085600000| Untracked 
|  37|0x0000000085700000, 0x0000000085700000, 0x0000000085800000|  0%| F|  |TAMS 0x0000000085700000, 0x0000000085700000| Untracked 
|  38|0x0000000085800000, 0x0000000085800000, 0x0000000085900000|  0%| F|  |TAMS 0x0000000085800000, 0x0000000085800000| Untracked 
|  39|0x0000000085900000, 0x00000000859b1300, 0x0000000085a00000| 69%| S|CS|TAMS 0x0000000085900000, 0x0000000085900000| Complete 
|  40|0x0000000085a00000, 0x0000000085a00000, 0x0000000085b00000|  0%| F|  |TAMS 0x0000000085a00000, 0x0000000085a00000| Untracked 
|  41|0x0000000085b00000, 0x0000000085b00000, 0x0000000085c00000|  0%| F|  |TAMS 0x0000000085b00000, 0x0000000085b00000| Untracked 
|  42|0x0000000085c00000, 0x0000000085c00000, 0x0000000085d00000|  0%| F|  |TAMS 0x0000000085c00000, 0x0000000085c00000| Untracked 
|  43|0x0000000085d00000, 0x0000000085e00000, 0x0000000085e00000|100%| S|CS|TAMS 0x0000000085d00000, 0x0000000085d00000| Complete 
|  44|0x0000000085e00000, 0x0000000085f00000, 0x0000000085f00000|100%| S|CS|TAMS 0x0000000085e00000, 0x0000000085e00000| Complete 
|  45|0x0000000085f00000, 0x0000000085f00000, 0x0000000086000000|  0%| F|  |TAMS 0x0000000085f00000, 0x0000000085f00000| Untracked 
|  46|0x0000000086000000, 0x0000000086000000, 0x0000000086100000|  0%| F|  |TAMS 0x0000000086000000, 0x0000000086000000| Untracked 
|  47|0x0000000086100000, 0x0000000086100000, 0x0000000086200000|  0%| F|  |TAMS 0x0000000086100000, 0x0000000086100000| Untracked 
|  48|0x0000000086200000, 0x0000000086200000, 0x0000000086300000|  0%| F|  |TAMS 0x0000000086200000, 0x0000000086200000| Untracked 
|  49|0x0000000086300000, 0x0000000086300000, 0x0000000086400000|  0%| F|  |TAMS 0x0000000086300000, 0x0000000086300000| Untracked 
|  50|0x0000000086400000, 0x0000000086400000, 0x0000000086500000|  0%| F|  |TAMS 0x0000000086400000, 0x0000000086400000| Untracked 
| 100|0x0000000089600000, 0x0000000089600000, 0x0000000089700000|  0%| F|  |TAMS 0x0000000089600000, 0x0000000089600000| Untracked 
| 101|0x0000000089700000, 0x0000000089700000, 0x0000000089800000|  0%| F|  |TAMS 0x0000000089700000, 0x0000000089700000| Untracked 
| 102|0x0000000089800000, 0x0000000089800000, 0x0000000089900000|  0%| F|  |TAMS 0x0000000089800000, 0x0000000089800000| Untracked 
| 103|0x0000000089900000, 0x0000000089900000, 0x0000000089a00000|  0%| F|  |TAMS 0x0000000089900000, 0x0000000089900000| Untracked 
| 104|0x0000000089a00000, 0x0000000089a00000, 0x0000000089b00000|  0%| F|  |TAMS 0x0000000089a00000, 0x0000000089a00000| Untracked 
| 105|0x0000000089b00000, 0x0000000089b00000, 0x0000000089c00000|  0%| F|  |TAMS 0x0000000089b00000, 0x0000000089b00000| Untracked 
| 106|0x0000000089c00000, 0x0000000089c00000, 0x0000000089d00000|  0%| F|  |TAMS 0x0000000089c00000, 0x0000000089c00000| Untracked 
| 107|0x0000000089d00000, 0x0000000089d00000, 0x0000000089e00000|  0%| F|  |TAMS 0x0000000089d00000, 0x0000000089d00000| Untracked 
| 125|0x000000008af00000, 0x000000008af00000, 0x000000008b000000|  0%| F|  |TAMS 0x000000008af00000, 0x000000008af00000| Untracked 

Card table byte_map: [0x0000023807a20000,0x0000023807e10000] _byte_map_base: 0x0000023807607000

Marking Bits (Prev, Next): (CMBitMap*) 0x000002387aa5ca60, (CMBitMap*) 0x000002387aa5ca20
 Prev Bits: [0x000002380a140000, 0x000002380c078000)
 Next Bits: [0x0000023808200000, 0x000002380a138000)

Polling page: 0x000002387aab0000

Metaspace:

Usage:
  Non-class:     23.65 MB used.
      Class:      3.70 MB used.
       Both:     27.35 MB used.

Virtual space:
  Non-class space:       32.00 MB reserved,      23.81 MB ( 74%) committed,  4 nodes.
      Class space:        1.00 GB reserved,       3.88 MB ( <1%) committed,  1 nodes.
             Both:        1.03 GB reserved,      27.69 MB (  3%) committed. 

Chunk freelists:
   Non-Class:  3.82 MB
       Class:  109.00 KB
        Both:  3.93 MB

MaxMetaspaceSize: unlimited
CompressedClassSpaceSize: 1.00 GB
Initial GC threshold: 21.00 MB
Current GC threshold: 35.25 MB
CDS: on
MetaspaceReclaimPolicy: balanced
 - commit_granule_bytes: 65536.
 - commit_granule_words: 8192.
 - virtual_space_node_default_size: 1048576.
 - enlarge_chunks_in_place: 1.
 - new_chunks_are_fully_committed: 0.
 - uncommit_free_chunks: 1.
 - use_allocation_guard: 0.
 - handle_deallocations: 1.


Internal statistics:

num_allocs_failed_limit: 3.
num_arena_births: 340.
num_arena_deaths: 0.
num_vsnodes_births: 5.
num_vsnodes_deaths: 0.
num_space_committed: 443.
num_space_uncommitted: 0.
num_chunks_returned_to_freelist: 3.
num_chunks_taken_from_freelist: 1351.
num_chunk_merges: 0.
num_chunk_splits: 918.
num_chunks_enlarged: 706.
num_purges: 0.
num_inconsistent_stats: 0.

CodeCache: size=49152Kb used=8637Kb max_used=8637Kb free=40514Kb
 bounds [0x000002387c2c0000, 0x000002387cb30000, 0x000002387f2c0000]
 total_blobs=4038 nmethods=3519 adapters=443
 compilation: enabled
              stopped_count=0, restarted_count=0
 full_count=0

Compilation events (20 events):
Event: 4.085 Thread 0x000002380eb43c00 nmethod 3507 0x000002387cb28d90 code [0x000002387cb28fa0, 0x000002387cb294e8]
Event: 4.085 Thread 0x000002380eb43c00 3512       1       jdk.internal.jimage.ImageReader$SharedImageReader$$Lambda$538/0x0000000800e641c8::<init> (15 bytes)
Event: 4.085 Thread 0x000002380eb43c00 nmethod 3512 0x000002387cb29710 code [0x000002387cb298a0, 0x000002387cb299f8]
Event: 4.085 Thread 0x000002380eb43c00 3513       1       java.nio.HeapByteBuffer::asIntBuffer (67 bytes)
Event: 4.085 Thread 0x000002380f678220 nmethod 3505 0x000002387cb29a90 code [0x000002387cb29d00, 0x000002387cb2a748]
Event: 4.085 Thread 0x000002380f678220 3514       1       java.nio.ByteBufferAsIntBufferL::<init> (50 bytes)
Event: 4.085 Thread 0x000002380f67a740 nmethod 3511 0x000002387cb2aa90 code [0x000002387cb2ac60, 0x000002387cb2aea8]
Event: 4.085 Thread 0x000002380eb43c00 nmethod 3513 0x000002387cb2b090 code [0x000002387cb2b240, 0x000002387cb2b498]
Event: 4.085 Thread 0x000002380f678220 nmethod 3514 0x000002387cb2b590 code [0x000002387cb2b720, 0x000002387cb2b8c8]
Event: 4.086 Thread 0x000002380eb0e3a0 nmethod 3510 0x000002387cb2b990 code [0x000002387cb2bba0, 0x000002387cb2c188]
Event: 4.099 Thread 0x000002380f678220 3515       1       java.util.concurrent.ConcurrentLinkedQueue::updateHead (26 bytes)
Event: 4.100 Thread 0x000002380f678220 nmethod 3515 0x000002387cb2c710 code [0x000002387cb2c960, 0x000002387cb2d168]
Event: 4.108 Thread 0x000002380eb0e3a0 3516       1       java.util.ComparableTimSort::gallopRight (327 bytes)
Event: 4.108 Thread 0x000002380eb0e3a0 nmethod 3516 0x000002387cb2d510 code [0x000002387cb2d6e0, 0x000002387cb2daf8]
Event: 4.119 Thread 0x000002380eb0e3a0 3517       1       java.util.ComparableTimSort::gallopLeft (327 bytes)
Event: 4.119 Thread 0x000002380eb0e3a0 nmethod 3517 0x000002387cb2de10 code [0x000002387cb2dfe0, 0x000002387cb2e3b8]
Event: 4.120 Thread 0x000002380eb0e3a0 3518       1       nonapi.io.github.classgraph.scanspec.ScanSpec::dirAcceptMatchStatus (156 bytes)
Event: 4.120 Thread 0x000002380eb43c00 3519       1       nonapi.io.github.classgraph.scanspec.AcceptReject$AcceptRejectPrefix::isRejected (51 bytes)
Event: 4.120 Thread 0x000002380eb43c00 nmethod 3519 0x000002387cb2e690 code [0x000002387cb2e860, 0x000002387cb2ea78]
Event: 4.120 Thread 0x000002380eb0e3a0 nmethod 3518 0x000002387cb2ec10 code [0x000002387cb2ee60, 0x000002387cb2f4e8]

GC Heap History (17 events):
Event: 1.003 GC heap before
{Heap before GC invocations=0 (full 0):
 garbage-first heap   total 129024K, used 22528K [0x0000000083200000, 0x0000000100000000)
  region size 1024K, 23 young (23552K), 0 survivors (0K)
 Metaspace       used 3778K, committed 3904K, reserved 1056768K
  class space    used 490K, committed 576K, reserved 1048576K
}
Event: 1.008 GC heap after
{Heap after GC invocations=1 (full 0):
 garbage-first heap   total 129024K, used 8712K [0x0000000083200000, 0x0000000100000000)
  region size 1024K, 3 young (3072K), 3 survivors (3072K)
 Metaspace       used 3778K, committed 3904K, reserved 1056768K
  class space    used 490K, committed 576K, reserved 1048576K
}
Event: 1.561 GC heap before
{Heap before GC invocations=1 (full 0):
 garbage-first heap   total 129024K, used 31240K [0x0000000083200000, 0x0000000100000000)
  region size 1024K, 26 young (26624K), 3 survivors (3072K)
 Metaspace       used 9499K, committed 9792K, reserved 1064960K
  class space    used 1297K, committed 1408K, reserved 1048576K
}
Event: 1.565 GC heap after
{Heap after GC invocations=2 (full 0):
 garbage-first heap   total 129024K, used 11413K [0x0000000083200000, 0x0000000100000000)
  region size 1024K, 3 young (3072K), 3 survivors (3072K)
 Metaspace       used 9499K, committed 9792K, reserved 1064960K
  class space    used 1297K, committed 1408K, reserved 1048576K
}
Event: 2.465 GC heap before
{Heap before GC invocations=2 (full 0):
 garbage-first heap   total 129024K, used 60565K [0x0000000083200000, 0x0000000100000000)
  region size 1024K, 51 young (52224K), 3 survivors (3072K)
 Metaspace       used 18965K, committed 19200K, reserved 1073152K
  class space    used 2453K, committed 2560K, reserved 1048576K
}
Event: 2.471 GC heap after
{Heap after GC invocations=3 (full 0):
 garbage-first heap   total 129024K, used 13960K [0x0000000083200000, 0x0000000100000000)
  region size 1024K, 5 young (5120K), 5 survivors (5120K)
 Metaspace       used 18965K, committed 19200K, reserved 1073152K
  class space    used 2453K, committed 2560K, reserved 1048576K
}
Event: 2.772 GC heap before
{Heap before GC invocations=3 (full 0):
 garbage-first heap   total 129024K, used 30344K [0x0000000083200000, 0x0000000100000000)
  region size 1024K, 23 young (23552K), 5 survivors (5120K)
 Metaspace       used 21235K, committed 21504K, reserved 1073152K
  class space    used 2791K, committed 2944K, reserved 1048576K
}
Event: 2.779 GC heap after
{Heap after GC invocations=4 (full 0):
 garbage-first heap   total 129024K, used 16574K [0x0000000083200000, 0x0000000100000000)
  region size 1024K, 8 young (8192K), 8 survivors (8192K)
 Metaspace       used 21235K, committed 21504K, reserved 1073152K
  class space    used 2791K, committed 2944K, reserved 1048576K
}
Event: 3.800 GC heap before
{Heap before GC invocations=5 (full 0):
 garbage-first heap   total 61440K, used 45246K [0x0000000083200000, 0x0000000100000000)
  region size 1024K, 36 young (36864K), 8 survivors (8192K)
 Metaspace       used 26745K, committed 27072K, reserved 1073152K
  class space    used 3574K, committed 3712K, reserved 1048576K
}
Event: 3.807 GC heap after
{Heap after GC invocations=6 (full 0):
 garbage-first heap   total 61440K, used 18517K [0x0000000083200000, 0x0000000100000000)
  region size 1024K, 5 young (5120K), 5 survivors (5120K)
 Metaspace       used 26745K, committed 27072K, reserved 1073152K
  class space    used 3574K, committed 3712K, reserved 1048576K
}
Event: 3.946 GC heap before
{Heap before GC invocations=6 (full 0):
 garbage-first heap   total 61440K, used 41045K [0x0000000083200000, 0x0000000100000000)
  region size 1024K, 28 young (28672K), 5 survivors (5120K)
 Metaspace       used 27789K, committed 28096K, reserved 1081344K
  class space    used 3749K, committed 3904K, reserved 1048576K
}
Event: 3.951 GC heap after
{Heap after GC invocations=7 (full 0):
 garbage-first heap   total 61440K, used 22086K [0x0000000083200000, 0x0000000100000000)
  region size 1024K, 4 young (4096K), 4 survivors (4096K)
 Metaspace       used 27789K, committed 28096K, reserved 1081344K
  class space    used 3749K, committed 3904K, reserved 1048576K
}
Event: 4.027 GC heap before
{Heap before GC invocations=7 (full 0):
 garbage-first heap   total 61440K, used 42566K [0x0000000083200000, 0x0000000100000000)
  region size 1024K, 25 young (25600K), 4 survivors (4096K)
 Metaspace       used 27882K, committed 28224K, reserved 1081344K
  class space    used 3769K, committed 3904K, reserved 1048576K
}
Event: 4.030 GC heap after
{Heap after GC invocations=8 (full 0):
 garbage-first heap   total 61440K, used 26682K [0x0000000083200000, 0x0000000100000000)
  region size 1024K, 4 young (4096K), 4 survivors (4096K)
 Metaspace       used 27882K, committed 28224K, reserved 1081344K
  class space    used 3769K, committed 3904K, reserved 1048576K
}
Event: 4.090 GC heap before
{Heap before GC invocations=8 (full 0):
 garbage-first heap   total 61440K, used 44090K [0x0000000083200000, 0x0000000100000000)
  region size 1024K, 21 young (21504K), 4 survivors (4096K)
 Metaspace       used 28009K, committed 28352K, reserved 1081344K
  class space    used 3788K, committed 3968K, reserved 1048576K
}
Event: 4.095 GC heap after
{Heap after GC invocations=9 (full 0):
 garbage-first heap   total 61440K, used 30029K [0x0000000083200000, 0x0000000100000000)
  region size 1024K, 3 young (3072K), 3 survivors (3072K)
 Metaspace       used 28009K, committed 28352K, reserved 1081344K
  class space    used 3788K, committed 3968K, reserved 1048576K
}
Event: 4.122 GC heap before
{Heap before GC invocations=9 (full 0):
 garbage-first heap   total 61440K, used 45389K [0x0000000083200000, 0x0000000100000000)
  region size 1024K, 18 young (18432K), 3 survivors (3072K)
 Metaspace       used 28009K, committed 28352K, reserved 1081344K
  class space    used 3788K, committed 3968K, reserved 1048576K
}

Dll operation events (9 events):
Event: 0.040 Loaded shared library C:\Program Files\Eclipse Adoptium\jdk-17.0.5.8-hotspot\bin\java.dll
Event: 0.065 Loaded shared library C:\Program Files\Eclipse Adoptium\jdk-17.0.5.8-hotspot\bin\jsvml.dll
Event: 0.230 Loaded shared library C:\Program Files\Eclipse Adoptium\jdk-17.0.5.8-hotspot\bin\net.dll
Event: 0.232 Loaded shared library C:\Program Files\Eclipse Adoptium\jdk-17.0.5.8-hotspot\bin\nio.dll
Event: 0.237 Loaded shared library C:\Program Files\Eclipse Adoptium\jdk-17.0.5.8-hotspot\bin\zip.dll
Event: 0.527 Loaded shared library C:\Program Files\Eclipse Adoptium\jdk-17.0.5.8-hotspot\bin\verify.dll
Event: 0.534 Loaded shared library C:\Program Files\Eclipse Adoptium\jdk-17.0.5.8-hotspot\bin\jimage.dll
Event: 1.503 Loaded shared library C:\Program Files\Eclipse Adoptium\jdk-17.0.5.8-hotspot\bin\management.dll
Event: 1.507 Loaded shared library C:\Program Files\Eclipse Adoptium\jdk-17.0.5.8-hotspot\bin\management_ext.dll

Deoptimization events (8 events):
Event: 1.716 Thread 0x000002387a9ff8d0 DEOPT PACKING pc=0x000002387c826519 sp=0x000000f47effd550
Event: 1.716 Thread 0x000002387a9ff8d0 DEOPT UNPACKING pc=0x000002387c3166e3 sp=0x000000f47effca30 mode 3
Event: 3.751 Thread 0x00000238105f74b0 DEOPT PACKING pc=0x000002387ca500b5 sp=0x000000f4010fd910
Event: 3.751 Thread 0x00000238105f74b0 DEOPT UNPACKING pc=0x000002387c3166e3 sp=0x000000f4010fce38 mode 3
Event: 3.853 Thread 0x0000023810a85060 DEOPT PACKING pc=0x000002387ca6b87b sp=0x000000f4011fe640
Event: 3.853 Thread 0x0000023810a85060 DEOPT UNPACKING pc=0x000002387c3166e3 sp=0x000000f4011fdb88 mode 3
Event: 4.038 Thread 0x0000023810abc990 DEOPT PACKING pc=0x000002387c823a81 sp=0x000000f4020feac0
Event: 4.038 Thread 0x0000023810abc990 DEOPT UNPACKING pc=0x000002387c3166e3 sp=0x000000f4020fdf50 mode 3

Classes unloaded (0 events):
No events

Classes redefined (0 events):
No events

Internal exceptions (20 events):
Event: 3.882 Thread 0x0000023810abbff0 Exception <a 'sun/nio/fs/WindowsException'{0x000000008993a078}> (0x000000008993a078) 
thrown [s\src\hotspot\share\prims\jni.cpp, line 516]
Event: 3.882 Thread 0x0000023810abbff0 Exception <a 'sun/nio/fs/WindowsException'{0x000000008993a488}> (0x000000008993a488) 
thrown [s\src\hotspot\share\prims\jni.cpp, line 516]
Event: 3.882 Thread 0x0000023810abbff0 Exception <a 'sun/nio/fs/WindowsException'{0x000000008993aeb0}> (0x000000008993aeb0) 
thrown [s\src\hotspot\share\prims\jni.cpp, line 516]
Event: 3.882 Thread 0x0000023810abbff0 Exception <a 'sun/nio/fs/WindowsException'{0x000000008993b290}> (0x000000008993b290) 
thrown [s\src\hotspot\share\prims\jni.cpp, line 516]
Event: 3.882 Thread 0x0000023810abbff0 Exception <a 'sun/nio/fs/WindowsException'{0x000000008993bc80}> (0x000000008993bc80) 
thrown [s\src\hotspot\share\prims\jni.cpp, line 516]
Event: 3.882 Thread 0x0000023810abbff0 Exception <a 'sun/nio/fs/WindowsException'{0x000000008993c028}> (0x000000008993c028) 
thrown [s\src\hotspot\share\prims\jni.cpp, line 516]
Event: 3.882 Thread 0x0000023810abbff0 Exception <a 'sun/nio/fs/WindowsException'{0x000000008993ca28}> (0x000000008993ca28) 
thrown [s\src\hotspot\share\prims\jni.cpp, line 516]
Event: 3.882 Thread 0x0000023810abbff0 Exception <a 'sun/nio/fs/WindowsException'{0x000000008993cde8}> (0x000000008993cde8) 
thrown [s\src\hotspot\share\prims\jni.cpp, line 516]
Event: 3.882 Thread 0x0000023810abbff0 Exception <a 'sun/nio/fs/WindowsException'{0x000000008993d7e8}> (0x000000008993d7e8) 
thrown [s\src\hotspot\share\prims\jni.cpp, line 516]
Event: 3.882 Thread 0x0000023810abbff0 Exception <a 'sun/nio/fs/WindowsException'{0x000000008985bd50}> (0x000000008985bd50) 
thrown [s\src\hotspot\share\prims\jni.cpp, line 516]
Event: 3.882 Thread 0x0000023810abbff0 Exception <a 'sun/nio/fs/WindowsException'{0x000000008985c750}> (0x000000008985c750) 
thrown [s\src\hotspot\share\prims\jni.cpp, line 516]
Event: 3.882 Thread 0x0000023810abbff0 Exception <a 'sun/nio/fs/WindowsException'{0x000000008985cb10}> (0x000000008985cb10) 
thrown [s\src\hotspot\share\prims\jni.cpp, line 516]
Event: 3.883 Thread 0x0000023810abbff0 Exception <a 'sun/nio/fs/WindowsException'{0x000000008985d538}> (0x000000008985d538) 
thrown [s\src\hotspot\share\prims\jni.cpp, line 516]
Event: 3.883 Thread 0x0000023810abbff0 Exception <a 'sun/nio/fs/WindowsException'{0x000000008985d918}> (0x000000008985d918) 
thrown [s\src\hotspot\share\prims\jni.cpp, line 516]
Event: 3.883 Thread 0x0000023810abbff0 Exception <a 'sun/nio/fs/WindowsException'{0x000000008985e350}> (0x000000008985e350) 
thrown [s\src\hotspot\share\prims\jni.cpp, line 516]
Event: 3.883 Thread 0x0000023810abbff0 Exception <a 'sun/nio/fs/WindowsException'{0x000000008985e740}> (0x000000008985e740) 
thrown [s\src\hotspot\share\prims\jni.cpp, line 516]
Event: 3.883 Thread 0x0000023810abbff0 Exception <a 'sun/nio/fs/WindowsException'{0x000000008985f168}> (0x000000008985f168) 
thrown [s\src\hotspot\share\prims\jni.cpp, line 516]
Event: 3.883 Thread 0x0000023810abbff0 Exception <a 'sun/nio/fs/WindowsException'{0x000000008985f558}> (0x000000008985f558) 
thrown [s\src\hotspot\share\prims\jni.cpp, line 516]
Event: 3.951 Thread 0x00000238105f74b0 Exception <a 'java/lang/NoSuchMethodError'{0x000000008af105c0}: 'int java.lang.invoke.DirectMethodHandle$Holder.invokeStatic(java.lang.Object)'> (0x000000008af105c0) 
thrown [s\src\hotspot\share\interpreter\linkResolver.cpp, line 759]
Event: 3.951 Thread 0x00000238105f74b0 Exception <a 'java/lang/NoSuchMethodError'{0x000000008af13ce8}: 'int java.lang.invoke.DirectMethodHandle$Holder.invokeStaticInit(java.lang.Object)'> (0x000000008af13ce8) 
thrown [s\src\hotspot\share\interpreter\linkResolver.cpp, line 759]

VM Operations (20 events):
Event: 2.779 Executing VM operation: CollectForMetadataAllocation done
Event: 2.784 Executing VM operation: G1Concurrent
Event: 2.786 Executing VM operation: G1Concurrent done
Event: 2.788 Executing VM operation: G1Concurrent
Event: 2.790 Executing VM operation: G1Concurrent done
Event: 3.797 Executing VM operation: HandshakeAllThreads
Event: 3.797 Executing VM operation: HandshakeAllThreads done
Event: 3.797 Executing VM operation: Cleanup
Event: 3.797 Executing VM operation: Cleanup done
Event: 3.800 Executing VM operation: G1CollectForAllocation
Event: 3.807 Executing VM operation: G1CollectForAllocation done
Event: 3.946 Executing VM operation: G1CollectForAllocation
Event: 3.951 Executing VM operation: G1CollectForAllocation done
Event: 4.027 Executing VM operation: G1CollectForAllocation
Event: 4.030 Executing VM operation: G1CollectForAllocation done
Event: 4.046 Executing VM operation: HandshakeAllThreads
Event: 4.047 Executing VM operation: HandshakeAllThreads done
Event: 4.090 Executing VM operation: G1CollectForAllocation
Event: 4.095 Executing VM operation: G1CollectForAllocation done
Event: 4.122 Executing VM operation: G1CollectForAllocation

Events (20 events):
Event: 4.044 loading class jdk/internal/jimage/ImageReader$Directory
Event: 4.044 loading class jdk/internal/jimage/ImageReader$Node
Event: 4.044 loading class jdk/internal/jimage/ImageReader$Node done
Event: 4.044 loading class jdk/internal/jimage/ImageReader$Directory done
Event: 4.044 loading class jdk/internal/jimage/ImageReader$SharedImageReader$LocationVisitor
Event: 4.045 loading class jdk/internal/jimage/ImageReader$SharedImageReader$LocationVisitor done
Event: 4.045 loading class jdk/internal/jimage/ImageBufferCache
Event: 4.045 loading class jdk/internal/jimage/ImageBufferCache done
Event: 4.045 loading class jdk/internal/jimage/ImageBufferCache$1
Event: 4.045 loading class jdk/internal/jimage/ImageBufferCache$1 done
Event: 4.045 loading class jdk/internal/jimage/ImageBufferCache$2
Event: 4.046 loading class jdk/internal/jimage/ImageBufferCache$2 done
Event: 4.046 loading class java/nio/ByteBufferAsIntBufferL
Event: 4.046 loading class java/nio/ByteBufferAsIntBufferL done
Event: 4.047 loading class jdk/internal/jimage/ImageReader$Resource
Event: 4.047 loading class jdk/internal/jimage/ImageReader$Resource done
Event: 4.047 loading class java/util/stream/LongStream
Event: 4.047 loading class java/util/stream/LongStream done
Event: 4.047 loading class java/util/stream/DoubleStream
Event: 4.048 loading class java/util/stream/DoubleStream done


Dynamic libraries:
0x00007ff606460000 - 0x00007ff60646e000 	C:\Program Files\Eclipse Adoptium\jdk-17.0.5.8-hotspot\bin\java.exe
0x00007ffe0f930000 - 0x00007ffe0fb4a000 	C:\WINDOWS\SYSTEM32\ntdll.dll
0x00007ffe0e600000 - 0x00007ffe0e6c3000 	C:\WINDOWS\System32\KERNEL32.DLL
0x00007ffe0cde0000 - 0x00007ffe0d17c000 	C:\WINDOWS\System32\KERNELBASE.dll
0x00007ffe09bb0000 - 0x00007ffe09c46000 	C:\WINDOWS\SYSTEM32\apphelp.dll
0x00007ffe0d2b0000 - 0x00007ffe0d3cb000 	C:\WINDOWS\System32\ucrtbase.dll
0x00007ffe08760000 - 0x00007ffe08777000 	C:\Program Files\Eclipse Adoptium\jdk-17.0.5.8-hotspot\bin\jli.dll
0x00007ffe081a0000 - 0x00007ffe081b9000 	C:\Program Files\Eclipse Adoptium\jdk-17.0.5.8-hotspot\bin\VCRUNTIME140.dll
0x00007ffe0df60000 - 0x00007ffe0e10a000 	C:\WINDOWS\System32\USER32.dll
0x00007ffdec840000 - 0x00007ffdecad1000 	C:\WINDOWS\WinSxS\amd64_microsoft.windows.common-controls_6595b64144ccf1df_6.0.25231.1000_none_77db62f15ba2356c\COMCTL32.dll
0x00007ffe0cdb0000 - 0x00007ffe0cdd6000 	C:\WINDOWS\System32\win32u.dll
0x00007ffe0e8a0000 - 0x00007ffe0e947000 	C:\WINDOWS\System32\msvcrt.dll
0x00007ffe0de90000 - 0x00007ffe0deb9000 	C:\WINDOWS\System32\GDI32.dll
0x00007ffe0d3d0000 - 0x00007ffe0d4e6000 	C:\WINDOWS\System32\gdi32full.dll
0x00007ffe0cd10000 - 0x00007ffe0cdaa000 	C:\WINDOWS\System32\msvcp_win.dll
0x00007ffe0dec0000 - 0x00007ffe0def0000 	C:\WINDOWS\System32\IMM32.DLL
0x00007ffe09a70000 - 0x00007ffe09a7c000 	C:\Program Files\Eclipse Adoptium\jdk-17.0.5.8-hotspot\bin\vcruntime140_1.dll
0x00007ffddfff0000 - 0x00007ffde0081000 	C:\Program Files\Eclipse Adoptium\jdk-17.0.5.8-hotspot\bin\msvcp140.dll
0x00007ffdbf5e0000 - 0x00007ffdc0224000 	C:\Program Files\Eclipse Adoptium\jdk-17.0.5.8-hotspot\bin\server\jvm.dll
0x00007ffe0e740000 - 0x00007ffe0e7ee000 	C:\WINDOWS\System32\ADVAPI32.dll
0x00007ffe0f840000 - 0x00007ffe0f8e6000 	C:\WINDOWS\System32\sechost.dll
0x00007ffe0ea10000 - 0x00007ffe0eb37000 	C:\WINDOWS\System32\RPCRT4.dll
0x00007ffe05f90000 - 0x00007ffe05f9a000 	C:\WINDOWS\SYSTEM32\VERSION.dll
0x00007ffe05ae0000 - 0x00007ffe05b15000 	C:\WINDOWS\SYSTEM32\WINMM.dll
0x00007ffdf73c0000 - 0x00007ffdf73c9000 	C:\WINDOWS\SYSTEM32\WSOCK32.dll
0x00007ffe0efd0000 - 0x00007ffe0f03f000 	C:\WINDOWS\System32\WS2_32.dll
0x00007ffe0bc90000 - 0x00007ffe0bca8000 	C:\WINDOWS\SYSTEM32\kernel.appcore.dll
0x00007ffe09a10000 - 0x00007ffe09a1a000 	C:\Program Files\Eclipse Adoptium\jdk-17.0.5.8-hotspot\bin\jimage.dll
0x00007ffe0a5a0000 - 0x00007ffe0a7d3000 	C:\WINDOWS\SYSTEM32\DBGHELP.DLL
0x00007ffe0eb40000 - 0x00007ffe0eec2000 	C:\WINDOWS\System32\combase.dll
0x00007ffe0dc70000 - 0x00007ffe0dd48000 	C:\WINDOWS\System32\OLEAUT32.dll
0x00007ffdf95c0000 - 0x00007ffdf95f2000 	C:\WINDOWS\SYSTEM32\dbgcore.DLL
0x00007ffe0d670000 - 0x00007ffe0d6e9000 	C:\WINDOWS\System32\bcryptPrimitives.dll
0x00007ffe06330000 - 0x00007ffe06355000 	C:\Program Files\Eclipse Adoptium\jdk-17.0.5.8-hotspot\bin\java.dll
0x00007ffdce580000 - 0x00007ffdce656000 	C:\Program Files\Eclipse Adoptium\jdk-17.0.5.8-hotspot\bin\jsvml.dll
0x00007ffe0f050000 - 0x00007ffe0f83c000 	C:\WINDOWS\System32\SHELL32.dll
0x00007ffe0ac20000 - 0x00007ffe0b4ba000 	C:\WINDOWS\SYSTEM32\windows.storage.dll
0x00007ffe0aa90000 - 0x00007ffe0ac1d000 	C:\WINDOWS\SYSTEM32\wintypes.dll
0x00007ffe0eee0000 - 0x00007ffe0efcb000 	C:\WINDOWS\System32\SHCORE.dll
0x00007ffe0e160000 - 0x00007ffe0e1be000 	C:\WINDOWS\System32\shlwapi.dll
0x00007ffe0cc30000 - 0x00007ffe0cc51000 	C:\WINDOWS\SYSTEM32\profapi.dll
0x00007ffe08160000 - 0x00007ffe08179000 	C:\Program Files\Eclipse Adoptium\jdk-17.0.5.8-hotspot\bin\net.dll
0x00007ffe05260000 - 0x00007ffe0538e000 	C:\WINDOWS\SYSTEM32\WINHTTP.dll
0x00007ffe0c160000 - 0x00007ffe0c1c9000 	C:\WINDOWS\system32\mswsock.dll
0x00007ffe07e10000 - 0x00007ffe07e25000 	C:\Program Files\Eclipse Adoptium\jdk-17.0.5.8-hotspot\bin\nio.dll
0x00007ffe08180000 - 0x00007ffe08198000 	C:\Program Files\Eclipse Adoptium\jdk-17.0.5.8-hotspot\bin\zip.dll
0x00007ffe06700000 - 0x00007ffe06710000 	C:\Program Files\Eclipse Adoptium\jdk-17.0.5.8-hotspot\bin\verify.dll
0x00007ffe08150000 - 0x00007ffe08159000 	C:\Program Files\Eclipse Adoptium\jdk-17.0.5.8-hotspot\bin\management.dll
0x00007ffe07790000 - 0x00007ffe0779b000 	C:\Program Files\Eclipse Adoptium\jdk-17.0.5.8-hotspot\bin\management_ext.dll
0x00007ffe0e1c0000 - 0x00007ffe0e1c8000 	C:\WINDOWS\System32\PSAPI.DLL
0x00007ffddeac0000 - 0x00007ffddead7000 	C:\WINDOWS\system32\napinsp.dll
0x00007ffddabd0000 - 0x00007ffddabea000 	C:\WINDOWS\system32\pnrpnsp.dll
0x00007ffdf81f0000 - 0x00007ffdf8211000 	C:\WINDOWS\system32\nlansp_c.dll
0x00007ffe0b800000 - 0x00007ffe0b8fd000 	C:\WINDOWS\SYSTEM32\DNSAPI.dll
0x00007ffe0b770000 - 0x00007ffe0b79e000 	C:\WINDOWS\SYSTEM32\IPHLPAPI.DLL
0x00007ffe0e9d0000 - 0x00007ffe0e9d9000 	C:\WINDOWS\System32\NSI.dll
0x00007ffdd6380000 - 0x00007ffdd6391000 	C:\WINDOWS\System32\winrnr.dll
0x00007ffddcb00000 - 0x00007ffddcb15000 	C:\WINDOWS\system32\wshbth.dll
0x00007ffdfde30000 - 0x00007ffdfde3a000 	C:\Windows\System32\rasadhlp.dll
0x00007ffe04070000 - 0x00007ffe040f4000 	C:\WINDOWS\System32\fwpuclnt.dll
0x00007ffe0c3e0000 - 0x00007ffe0c3fb000 	C:\WINDOWS\SYSTEM32\CRYPTSP.dll
0x00007ffe0bbf0000 - 0x00007ffe0bc24000 	C:\WINDOWS\system32\rsaenh.dll
0x00007ffe0c280000 - 0x00007ffe0c2a8000 	C:\WINDOWS\SYSTEM32\USERENV.dll
0x00007ffe0c5a0000 - 0x00007ffe0c5c8000 	C:\WINDOWS\SYSTEM32\bcrypt.dll
0x00007ffe0c400000 - 0x00007ffe0c40c000 	C:\WINDOWS\SYSTEM32\CRYPTBASE.dll
0x00007ffe05b30000 - 0x00007ffe05b49000 	C:\WINDOWS\SYSTEM32\dhcpcsvc6.DLL
0x00007ffe05130000 - 0x00007ffe0514f000 	C:\WINDOWS\SYSTEM32\dhcpcsvc.DLL

dbghelp: loaded successfully - version: 4.0.5 - missing functions: none
symbol engine: initialized successfully - sym options: 0x614 - pdb path: .;C:\Program Files\Eclipse Adoptium\jdk-17.0.5.8-hotspot\bin;C:\WINDOWS\SYSTEM32;C:\WINDOWS\WinSxS\amd64_microsoft.windows.common-controls_6595b64144ccf1df_6.0.25231.1000_none_77db62f15ba2356c;C:\Program Files\Eclipse Adoptium\jdk-17.0.5.8-hotspot\bin\server

VM Arguments:
jvm_args: -Dsts.lsp.client=vscode -Dsts.log.file=/dev/null -XX:TieredStopAtLevel=1 -Xlog:jni+resolve=off -Dspring.config.location=file:c:\Users\datea\.vscode\extensions\pivotal.vscode-spring-boot-1.40.0\language-server\BOOT-INF\classes\application.properties 
java_command: org.springframework.ide.vscode.boot.app.BootLanguageServerBootApp
java_class_path (initial): c:\Users\datea\.vscode\extensions\pivotal.vscode-spring-boot-1.40.0\language-server\BOOT-INF\classes;c:\Users\datea\.vscode\extensions\pivotal.vscode-spring-boot-1.40.0\language-server\BOOT-INF\lib\annotations-23.0.0.jar;c:\Users\datea\.vscode\extensions\pivotal.vscode-spring-boot-1.40.0\language-server\BOOT-INF\lib\ant-1.10.12.jar;c:\Users\datea\.vscode\extensions\pivotal.vscode-spring-boot-1.40.0\language-server\BOOT-INF\lib\ant-launcher-1.10.12.jar;c:\Users\datea\.vscode\extensions\pivotal.vscode-spring-boot-1.40.0\language-server\BOOT-INF\lib\antlr-runtime-3.5.2.jar;c:\Users\datea\.vscode\extensions\pivotal.vscode-spring-boot-1.40.0\language-server\BOOT-INF\lib\antlr4-4.9.3.jar;c:\Users\datea\.vscode\extensions\pivotal.vscode-spring-boot-1.40.0\language-server\BOOT-INF\lib\antlr4-runtime-4.9.3.jar;c:\Users\datea\.vscode\extensions\pivotal.vscode-spring-boot-1.40.0\language-server\BOOT-INF\lib\asm-9.3.jar;c:\Users\datea\.vscode\extensions\pivotal.vscode-spring-boot-1.40.0\language-server\BOOT-INF\lib\asm-analysis-9.3.jar;c:\Users\datea\.vscode\extensions\pivotal.vscode-spring-boot-1.40.0\language-server\BOOT-INF\lib\asm-tree-9.3.jar;c:\Users\datea\.vscode\extensions\pivotal.vscode-spring-boot-1.40.0\language-server\BOOT-INF\lib\asm-util-9.3.jar;c:\Users\datea\.vscode\extensions\pivotal.vscode-spring-boot-1.40.0\language-server\BOOT-INF\lib\byte-buddy-1.12.13.jar;c:\Users\datea\.vscode\extensions\pivotal.vscode-spring-boot-1.40.0\language-server\BOOT-INF\lib\caffeine-2.9.3.jar;c:\Users\datea\.vscode\extensions\pivotal.vscode-spring-boot-1.40.0\language-server\BOOT-INF\lib\checker-qual-3.12.0.jar;c:\Users\datea\.vscode\extensions\pivotal.vscode-spring-boot-1.40.0\language-server\BOOT-INF\lib\classgraph-4.8.149.jar;c:\Users\datea\.vscode\extensions\pivotal.vscode-spring-boot-1.40.0\language-server\BOOT-INF\lib\commons-codec-1.15.jar;c:\Users\datea\.vscode\extensions\pivotal.vscode-spring-boot-1.40.0\language-server\BOOT-INF\lib\commons-c
Launcher Type: SUN_STANDARD

[Global flags]
     intx CICompilerCount                          = 4                                         {product} {ergonomic}
     uint ConcGCThreads                            = 2                                         {product} {ergonomic}
     uint G1ConcRefinementThreads                  = 8                                         {product} {ergonomic}
   size_t G1HeapRegionSize                         = 1048576                                   {product} {ergonomic}
    uintx GCDrainStackTargetSize                   = 64                                        {product} {ergonomic}
   size_t InitialHeapSize                          = 132120576                                 {product} {ergonomic}
   size_t MarkStackSize                            = 4194304                                   {product} {ergonomic}
   size_t MaxHeapSize                              = 2095054848                                {product} {ergonomic}
   size_t MaxNewSize                               = 1256194048                                {product} {ergonomic}
   size_t MinHeapDeltaBytes                        = 1048576                                   {product} {ergonomic}
   size_t MinHeapSize                              = 8388608                                   {product} {ergonomic}
    uintx NonProfiledCodeHeapSize                  = 0                                      {pd product} {ergonomic}
     bool ProfileInterpreter                       = false                                  {pd product} {command line}
    uintx ProfiledCodeHeapSize                     = 0                                      {pd product} {ergonomic}
   size_t SoftMaxHeapSize                          = 2095054848                             {manageable} {ergonomic}
     intx TieredStopAtLevel                        = 1                                         {product} {command line}
     bool UseCompressedClassPointers               = true                           {product lp64_product} {ergonomic}
     bool UseCompressedOops                        = true                           {product lp64_product} {ergonomic}
     bool UseG1GC                                  = true                                      {product} {ergonomic}
     bool UseLargePagesIndividualAllocation        = false                                  {pd product} {ergonomic}

Logging:
Log output configuration:
 #0: stdout all=warning,jni+resolve=off uptime,level,tags
 #1: stderr all=off uptime,level,tags

Environment Variables:
PATH=C:\Program Files\Eclipse Adoptium\jdk-17.0.5.8-hotspot\bin;C:\Program Files\Java\jdk-15.0.2\bin;C:\Program Files\Common Files\Oracle\Java\javapath;C:\WINDOWS\system32;C:\WINDOWS;C:\WINDOWS\System32\Wbem;C:\WINDOWS\System32\WindowsPowerShell\v1.0\;C:\WINDOWS\System32\OpenSSH\;C:\Program Files\Azure Data Studio\bin;C:\Program Files\Microsoft SQL Server\Client SDK\ODBC\170\Tools\Binn\;C:\Program Files (x86)\Microsoft SQL Server\150\Tools\Binn\;C:\Program Files\Microsoft SQL Server\150\Tools\Binn\;C:\Program Files\Microsoft SQL Server\150\DTS\Binn\;C:\Program Files (x86)\Microsoft SQL Server\150\DTS\Binn\;C:\Program Files (x86)\GitExtensions\;F:\xampp\php;C:\ProgramData\ComposerSetup\bin;C:\xampp\php;C:\Program Files\Git\cmd;C:\Program Files\nodejs\;C:\Users\datea\AppData\Local\Microsoft\WindowsApps;C:\Users\datea\AppData\Local\Programs\Microsoft VS Code\bin;;C:\Program Files\Azure Data Studio\bin;C:\Users\datea\AppData\Roaming\Composer\vendor\bin;C:\Users\datea\AppData\Roaming\npm
USERNAME=datea
OS=Windows_NT
PROCESSOR_IDENTIFIER=Intel64 Family 6 Model 126 Stepping 5, GenuineIntel
TMP=C:\Users\datea\AppData\Local\Temp
TEMP=C:\Users\datea\AppData\Local\Temp



---------------  S Y S T E M  ---------------

OS:
 Windows 11 , 64 bit Build 25231 (10.0.25231.1000)
OS uptime: 1 days 23:09 hours
Hyper-V role detected

CPU: total 8 (initial active 8) (4 cores per cpu, 2 threads per core) family 6 model 126 stepping 5 microcode 0xa6, cx8, cmov, fxsr, ht, mmx, 3dnowpref, sse, sse2, sse3, ssse3, sse4.1, sse4.2, popcnt, lzcnt, tsc, tscinvbit, avx, avx2, aes, erms, clmul, bmi1, bmi2, adx, avx512f, avx512dq, avx512cd, avx512bw, avx512vl, sha, fma, vzeroupper, avx512_vpopcntdq, avx512_vpclmulqdq, avx512_vaes, avx512_vnni, clflush, clflushopt, avx512_vbmi2, avx512_vbmi, hv

Memory: 4k page, system-wide physical 7987M (384M free)
TotalPageFile size 12083M (AvailPageFile size 31M)
current process WorkingSet (physical memory assigned to process): 150M, peak: 155M
current process commit charge ("private bytes"): 196M, peak: 246M

vm_info: OpenJDK 64-Bit Server VM (17.0.5+8) for windows-amd64 JRE (17.0.5+8), built on Oct 19 2022 04:48:13 by "temurin" with MS VC++ 16.7 (VS2019)

END.
