#
# There is insufficient memory for the Java Runtime Environment to continue.
# Native memory allocation (mmap) failed to map 24117248 bytes for G1 virtual space
# Possible reasons:
#   The system is out of physical RAM or swap space
#   The process is running with CompressedOops enabled, and the Java Heap may be blocking the growth of the native heap
# Possible solutions:
#   Reduce memory load on the system
#   Increase physical memory or swap space
#   Check if swap backing store is full
#   Decrease Java heap size (-Xmx/-Xms)
#   Decrease number of Java threads
#   Decrease Java thread stack sizes (-Xss)
#   Set larger code cache with -XX:ReservedCodeCacheSize=
#   JVM is running with Unscaled Compressed Oops mode in which the Java heap is
#     placed in the first 4GB address space. The Java Heap base address is the
#     maximum limit for the native heap growth. Please use -XX:HeapBaseMinAddress
#     to set the Java Heap base and to place the Java Heap above 4GB virtual address.
# This output file may be truncated or incomplete.
#
#  Out of Memory Error (os_windows.cpp:3548), pid=51092, tid=51432
#
# JRE version: OpenJDK Runtime Environment Temurin-17.0.5+8 (17.0.5+8) (build 17.0.5+8)
# Java VM: OpenJDK 64-Bit Server VM Temurin-17.0.5+8 (17.0.5+8, mixed mode, emulated-client, sharing, tiered, compressed oops, compressed class ptrs, g1 gc, windows-amd64)
# No core dump will be written. Minidumps are not enabled by default on client versions of Windows
#

---------------  S U M M A R Y ------------

Command Line: -Dsts.lsp.client=vscode -Dsts.log.file=/dev/null -XX:TieredStopAtLevel=1 -Xlog:jni+resolve=off -Dspring.config.location=file:c:\Users\datea\.vscode\extensions\pivotal.vscode-spring-boot-1.40.0\language-server\BOOT-INF\classes\application.properties org.springframework.ide.vscode.boot.app.BootLanguageServerBootApp

Host: Intel(R) Core(TM) i5-1035G1 CPU @ 1.00GHz, 8 cores, 7G,  Windows 11 , 64 bit Build 25231 (10.0.25231.1000)
Time: Sun Oct 30 17:35:36 2022 SE Asia Standard Time elapsed time: 8.528768 seconds (0d 0h 0m 8s)

---------------  T H R E A D  ---------------

Current thread (0x00000189b69563a0):  VMThread "VM Thread" [stack: 0x00000034ff000000,0x00000034ff100000] [id=51432]

Stack: [0x00000034ff000000,0x00000034ff100000]
Native frames: (J=compiled Java code, j=interpreted, Vv=VM code, C=native code)
V  [jvm.dll+0x676b3a]
V  [jvm.dll+0x831444]
V  [jvm.dll+0x832bee]
V  [jvm.dll+0x833253]
V  [jvm.dll+0x244ce5]
V  [jvm.dll+0x673a49]
V  [jvm.dll+0x66811a]
V  [jvm.dll+0x303ceb]
V  [jvm.dll+0x30b1e6]
V  [jvm.dll+0x35adbe]
V  [jvm.dll+0x35afef]
V  [jvm.dll+0x2dab88]
V  [jvm.dll+0x2d8e3c]
V  [jvm.dll+0x2d840c]
V  [jvm.dll+0x31c31b]
V  [jvm.dll+0x8376fb]
V  [jvm.dll+0x838434]
V  [jvm.dll+0x83894c]
V  [jvm.dll+0x838d24]
V  [jvm.dll+0x838df0]
V  [jvm.dll+0x7e17ea]
V  [jvm.dll+0x6759e5]
C  [ucrtbase.dll+0x4b7eb]
C  [KERNEL32.DLL+0x1335d]
C  [ntdll.dll+0x67558]

VM_Operation (0x0000003480efdc00): G1CollectForAllocation, mode: safepoint, requested by thread 0x00000189b975c110


---------------  P R O C E S S  ---------------

Threads class SMR info:
_java_thread_list=0x00000189b972a0f0, length=35, elements={
0x00000189b695be40, 0x00000189b695ea10, 0x00000189b69771e0, 0x00000189b6977b90,
0x00000189b6978540, 0x00000189b6979500, 0x00000189b697bec0, 0x00000189b6989dd0,
0x00000189b69486e0, 0x00000189b7a7b050, 0x00000189b7a7b970, 0x00000189b7ac0370,
0x00000189b7acab00, 0x00000189b91e9490, 0x00000189b9747430, 0x00000189b975c910,
0x00000189a4ec12a0, 0x00000189b7f29420, 0x00000189b8170ae0, 0x00000189b8174600,
0x00000189b79f7b60, 0x00000189b975c110, 0x00000189b9619dc0, 0x00000189b962c530,
0x00000189b962d870, 0x00000189b962ced0, 0x00000189b962c060, 0x00000189b962d3a0,
0x00000189b962ca00, 0x00000189b98754f0, 0x00000189b9874680, 0x00000189b98724d0,
0x00000189b98729a0, 0x00000189b9874b50, 0x00000189b986f980
}

Java Threads: ( => current thread )
  0x00000189b695be40 JavaThread "Reference Handler" daemon [_thread_blocked, id=50408, stack(0x00000034ff100000,0x00000034ff200000)]
  0x00000189b695ea10 JavaThread "Finalizer" daemon [_thread_blocked, id=51904, stack(0x00000034ff200000,0x00000034ff300000)]
  0x00000189b69771e0 JavaThread "Signal Dispatcher" daemon [_thread_blocked, id=52036, stack(0x00000034ff300000,0x00000034ff400000)]
  0x00000189b6977b90 JavaThread "Attach Listener" daemon [_thread_blocked, id=48820, stack(0x00000034ff400000,0x00000034ff500000)]
  0x00000189b6978540 JavaThread "Service Thread" daemon [_thread_blocked, id=51680, stack(0x00000034ff500000,0x00000034ff600000)]
  0x00000189b6979500 JavaThread "Monitor Deflation Thread" daemon [_thread_blocked, id=51392, stack(0x00000034ff600000,0x00000034ff700000)]
  0x00000189b697bec0 JavaThread "C1 CompilerThread0" daemon [_thread_blocked, id=50340, stack(0x00000034ff700000,0x00000034ff800000)]
  0x00000189b6989dd0 JavaThread "Sweeper thread" daemon [_thread_blocked, id=51024, stack(0x00000034ff800000,0x00000034ff900000)]
  0x00000189b69486e0 JavaThread "C1 CompilerThread1" daemon [_thread_blocked, id=50892, stack(0x00000034ff900000,0x00000034ffa00000)]
  0x00000189b7a7b050 JavaThread "C1 CompilerThread2" daemon [_thread_blocked, id=51056, stack(0x00000034ffa00000,0x00000034ffb00000)]
  0x00000189b7a7b970 JavaThread "C1 CompilerThread3" daemon [_thread_blocked, id=50216, stack(0x00000034ffb00000,0x00000034ffc00000)]
  0x00000189b7ac0370 JavaThread "Notification Thread" daemon [_thread_blocked, id=49532, stack(0x00000034ffc00000,0x00000034ffd00000)]
  0x00000189b7acab00 JavaThread "Common-Cleaner" daemon [_thread_blocked, id=49040, stack(0x00000034ffe00000,0x00000034fff00000)]
  0x00000189b91e9490 JavaThread "boundedElastic-evictor-1" daemon [_thread_blocked, id=43192, stack(0x0000003480400000,0x0000003480500000)]
  0x00000189b9747430 JavaThread "pool-9-thread-1" [_thread_blocked, id=28928, stack(0x0000003480800000,0x0000003480900000)]
  0x00000189b975c910 JavaThread "LanguageServerApp-lifecycle" [_thread_blocked, id=45952, stack(0x0000003480900000,0x0000003480a00000)]
  0x00000189a4ec12a0 JavaThread "DestroyJavaVM" [_thread_blocked, id=50012, stack(0x00000034fea00000,0x00000034feb00000)]
  0x00000189b7f29420 JavaThread "pool-10-thread-1" [_thread_in_native, id=45720, stack(0x0000003480a00000,0x0000003480b00000)]
  0x00000189b8170ae0 JavaThread "Simple-Language-Server main thread" daemon [_thread_blocked, id=36956, stack(0x0000003480b00000,0x0000003480c00000)]
  0x00000189b8174600 JavaThread "ForkJoinPool.commonPool-worker-1" daemon [_thread_blocked, id=45992, stack(0x0000003480c00000,0x0000003480d00000)]
  0x00000189b79f7b60 JavaThread "ClassGraph-worker-0" daemon [_thread_blocked, id=45760, stack(0x0000003480d00000,0x0000003480e00000)]
  0x00000189b975c110 JavaThread "ClassGraph-worker-1" daemon [_thread_blocked, id=43496, stack(0x0000003480e00000,0x0000003480f00000)]
  0x00000189b9619dc0 JavaThread "ClassGraph-worker-2" daemon [_thread_blocked, id=33788, stack(0x0000003480f00000,0x0000003481000000)]
  0x00000189b962c530 JavaThread "ClassGraph-worker-3" daemon [_thread_blocked, id=45228, stack(0x0000003481000000,0x0000003481100000)]
  0x00000189b962d870 JavaThread "ClassGraph-worker-4" daemon [_thread_blocked, id=37140, stack(0x0000003481100000,0x0000003481200000)]
  0x00000189b962ced0 JavaThread "ClassGraph-worker-5" daemon [_thread_blocked, id=38732, stack(0x0000003481200000,0x0000003481300000)]
  0x00000189b962c060 JavaThread "ClassGraph-worker-6" daemon [_thread_blocked, id=45372, stack(0x0000003481300000,0x0000003481400000)]
  0x00000189b962d3a0 JavaThread "ClassGraph-worker-7" daemon [_thread_blocked, id=36804, stack(0x0000003481400000,0x0000003481500000)]
  0x00000189b962ca00 JavaThread "ClassGraph-worker-8" daemon [_thread_blocked, id=30632, stack(0x0000003481500000,0x0000003481600000)]
  0x00000189b98754f0 JavaThread "ClassGraph-worker-9" daemon [_thread_blocked, id=46872, stack(0x0000003481600000,0x0000003481700000)]
  0x00000189b9874680 JavaThread "ClassGraph-worker-10" daemon [_thread_blocked, id=38892, stack(0x0000003481700000,0x0000003481800000)]
  0x00000189b98724d0 JavaThread "ClassGraph-worker-11" daemon [_thread_blocked, id=21672, stack(0x0000003481800000,0x0000003481900000)]
  0x00000189b98729a0 JavaThread "ClassGraph-worker-12" daemon [_thread_blocked, id=51248, stack(0x0000003481900000,0x0000003481a00000)]
  0x00000189b9874b50 JavaThread "ClassGraph-worker-13" daemon [_thread_blocked, id=51332, stack(0x0000003481a00000,0x0000003481b00000)]
  0x00000189b986f980 JavaThread "parallel-1" daemon [_thread_blocked, id=50440, stack(0x0000003481b00000,0x0000003481c00000)]

Other Threads:
=>0x00000189b69563a0 VMThread "VM Thread" [stack: 0x00000034ff000000,0x00000034ff100000] [id=51432]
  0x00000189b7ac0840 WatcherThread [stack: 0x00000034ffd00000,0x00000034ffe00000] [id=50816]
  0x00000189a4f1d280 GCTaskThread "GC Thread#0" [stack: 0x00000034feb00000,0x00000034fec00000] [id=49852]
  0x00000189b8369490 GCTaskThread "GC Thread#1" [stack: 0x00000034fff00000,0x0000003500000000] [id=49376]
  0x00000189b8298b30 GCTaskThread "GC Thread#2" [stack: 0x0000003480000000,0x0000003480100000] [id=25980]
  0x00000189b82f03b0 GCTaskThread "GC Thread#3" [stack: 0x0000003480100000,0x0000003480200000] [id=38760]
  0x00000189b82f0660 GCTaskThread "GC Thread#4" [stack: 0x0000003480200000,0x0000003480300000] [id=43160]
  0x00000189b8354690 GCTaskThread "GC Thread#5" [stack: 0x0000003480300000,0x0000003480400000] [id=39256]
  0x00000189b909bc80 GCTaskThread "GC Thread#6" [stack: 0x0000003480500000,0x0000003480600000] [id=13088]
  0x00000189b909bf30 GCTaskThread "GC Thread#7" [stack: 0x0000003480600000,0x0000003480700000] [id=46512]
  0x00000189a4f2dce0 ConcurrentGCThread "G1 Main Marker" [stack: 0x00000034fec00000,0x00000034fed00000] [id=48112]
  0x00000189a4f2f700 ConcurrentGCThread "G1 Conc#0" [stack: 0x00000034fed00000,0x00000034fee00000] [id=48748]
  0x00000189b94f8760 ConcurrentGCThread "G1 Conc#1" [stack: 0x0000003480700000,0x0000003480800000] [id=45084]
  0x00000189b6815fe0 ConcurrentGCThread "G1 Refine#0" [stack: 0x00000034fee00000,0x00000034fef00000] [id=47128]
  0x00000189b68168a0 ConcurrentGCThread "G1 Service" [stack: 0x00000034fef00000,0x00000034ff000000] [id=51844]

Threads with active compile tasks:

VM state: at safepoint (normal execution)

VM Mutex/Monitor currently owned by a thread:  ([mutex/lock_event])
[0x00000189a2ba2a90] Threads_lock - owner thread: 0x00000189b69563a0
[0x00000189a4ebda10] Heap_lock - owner thread: 0x00000189b975c110

Heap address: 0x0000000083200000, size: 1998 MB, Compressed Oops mode: 32-bit

CDS archive(s) mapped at: [0x0000000800000000-0x0000000800bc0000-0x0000000800bc0000), size 12320768, SharedBaseAddress: 0x0000000800000000, ArchiveRelocationMode: 0.
Compressed class space mapped at: 0x0000000800c00000-0x0000000840c00000, reserved size: 1073741824
Narrow klass base: 0x0000000800000000, Narrow klass shift: 0, Narrow klass range: 0x100000000

GC Precious Log:
 CPUs: 8 total, 8 available
 Memory: 7987M
 Large Page Support: Disabled
 NUMA Support: Disabled
 Compressed Oops: Enabled (32-bit)
 Heap Region Size: 1M
 Heap Min Capacity: 8M
 Heap Initial Capacity: 126M
 Heap Max Capacity: 1998M
 Pre-touch: Disabled
 Parallel Workers: 8
 Concurrent Workers: 2
 Concurrent Refinement Workers: 8
 Periodic GC: Disabled

Heap:
 garbage-first heap   total 61440K, used 31849K [0x0000000083200000, 0x0000000100000000)
  region size 1024K, 3 young (3072K), 3 survivors (3072K)
 Metaspace       used 28512K, committed 28800K, reserved 1081344K
  class space    used 3814K, committed 3968K, reserved 1048576K

Heap Regions: E=young(eden), S=young(survivor), O=old, HS=humongous(starts), HC=humongous(continues), CS=collection set, F=free, OA=open archive, CA=closed archive, TAMS=top-at-mark-start (previous, next)
|   0|0x0000000083200000, 0x0000000083300000, 0x0000000083300000|100%| O|  |TAMS 0x0000000083300000, 0x0000000083200000| Untracked 
|   1|0x0000000083300000, 0x0000000083400000, 0x0000000083400000|100%| O|  |TAMS 0x0000000083400000, 0x0000000083300000| Untracked 
|   2|0x0000000083400000, 0x0000000083500000, 0x0000000083500000|100%| O|  |TAMS 0x0000000083500000, 0x0000000083400000| Untracked 
|   3|0x0000000083500000, 0x0000000083600000, 0x0000000083600000|100%| O|  |TAMS 0x0000000083600000, 0x0000000083500000| Untracked 
|   4|0x0000000083600000, 0x0000000083700000, 0x0000000083700000|100%| O|  |TAMS 0x0000000083700000, 0x0000000083600000| Untracked 
|   5|0x0000000083700000, 0x0000000083800000, 0x0000000083800000|100%| O|  |TAMS 0x0000000083800000, 0x0000000083700000| Untracked 
|   6|0x0000000083800000, 0x0000000083900000, 0x0000000083900000|100%| O|  |TAMS 0x0000000083900000, 0x0000000083800000| Untracked 
|   7|0x0000000083900000, 0x0000000083a00000, 0x0000000083a00000|100%| O|  |TAMS 0x0000000083a00000, 0x0000000083900000| Untracked 
|   8|0x0000000083a00000, 0x0000000083a2a000, 0x0000000083b00000| 16%| O|  |TAMS 0x0000000083a2a000, 0x0000000083a00000| Untracked 
|   9|0x0000000083b00000, 0x0000000083c00000, 0x0000000083c00000|100%| O|  |TAMS 0x0000000083b00000, 0x0000000083b00000| Untracked 
|  10|0x0000000083c00000, 0x0000000083d00000, 0x0000000083d00000|100%| O|  |TAMS 0x0000000083c00000, 0x0000000083c00000| Untracked 
|  11|0x0000000083d00000, 0x0000000083e00000, 0x0000000083e00000|100%| O|  |TAMS 0x0000000083d00000, 0x0000000083d00000| Untracked 
|  12|0x0000000083e00000, 0x0000000083f00000, 0x0000000083f00000|100%| O|  |TAMS 0x0000000083e00000, 0x0000000083e00000| Untracked 
|  13|0x0000000083f00000, 0x0000000084000000, 0x0000000084000000|100%| O|  |TAMS 0x0000000083f00000, 0x0000000083f00000| Untracked 
|  14|0x0000000084000000, 0x0000000084100000, 0x0000000084100000|100%| O|  |TAMS 0x0000000084000000, 0x0000000084000000| Untracked 
|  15|0x0000000084100000, 0x0000000084200000, 0x0000000084200000|100%| O|  |TAMS 0x0000000084100000, 0x0000000084100000| Untracked 
|  16|0x0000000084200000, 0x0000000084300000, 0x0000000084300000|100%| O|  |TAMS 0x0000000084200000, 0x0000000084200000| Untracked 
|  17|0x0000000084300000, 0x0000000084400000, 0x0000000084400000|100%| O|  |TAMS 0x0000000084300000, 0x0000000084300000| Untracked 
|  18|0x0000000084400000, 0x0000000084500000, 0x0000000084500000|100%| O|  |TAMS 0x0000000084400000, 0x0000000084400000| Untracked 
|  19|0x0000000084500000, 0x0000000084600000, 0x0000000084600000|100%| O|  |TAMS 0x0000000084500000, 0x0000000084500000| Untracked 
|  20|0x0000000084600000, 0x0000000084700000, 0x0000000084700000|100%| O|  |TAMS 0x0000000084600000, 0x0000000084600000| Untracked 
|  21|0x0000000084700000, 0x0000000084800000, 0x0000000084800000|100%| O|  |TAMS 0x0000000084700000, 0x0000000084700000| Untracked 
|  22|0x0000000084800000, 0x0000000084900000, 0x0000000084900000|100%| O|  |TAMS 0x0000000084800000, 0x0000000084800000| Untracked 
|  23|0x0000000084900000, 0x0000000084a00000, 0x0000000084a00000|100%| O|  |TAMS 0x0000000084900000, 0x0000000084900000| Untracked 
|  24|0x0000000084a00000, 0x0000000084b00000, 0x0000000084b00000|100%| O|  |TAMS 0x0000000084a00000, 0x0000000084a00000| Untracked 
|  25|0x0000000084b00000, 0x0000000084c00000, 0x0000000084c00000|100%| O|  |TAMS 0x0000000084b00000, 0x0000000084b00000| Untracked 
|  26|0x0000000084c00000, 0x0000000084d00000, 0x0000000084d00000|100%| O|  |TAMS 0x0000000084c00000, 0x0000000084c00000| Untracked 
|  27|0x0000000084d00000, 0x0000000084e00000, 0x0000000084e00000|100%| O|  |TAMS 0x0000000084d00000, 0x0000000084d00000| Untracked 
|  28|0x0000000084e00000, 0x0000000084f00000, 0x0000000084f00000|100%| O|  |TAMS 0x0000000084e00000, 0x0000000084e00000| Untracked 
|  29|0x0000000084f00000, 0x0000000084f4c600, 0x0000000085000000| 29%| O|  |TAMS 0x0000000084f00000, 0x0000000084f00000| Untracked 
|  30|0x0000000085000000, 0x0000000085000000, 0x0000000085100000|  0%| F|  |TAMS 0x0000000085000000, 0x0000000085000000| Untracked 
|  31|0x0000000085100000, 0x0000000085100000, 0x0000000085200000|  0%| F|  |TAMS 0x0000000085100000, 0x0000000085100000| Untracked 
|  32|0x0000000085200000, 0x0000000085200000, 0x0000000085300000|  0%| F|  |TAMS 0x0000000085200000, 0x0000000085200000| Untracked 
|  33|0x0000000085300000, 0x0000000085300000, 0x0000000085400000|  0%| F|  |TAMS 0x0000000085300000, 0x0000000085300000| Untracked 
|  34|0x0000000085400000, 0x0000000085400000, 0x0000000085500000|  0%| F|  |TAMS 0x0000000085400000, 0x0000000085400000| Untracked 
|  35|0x0000000085500000, 0x0000000085500000, 0x0000000085600000|  0%| F|  |TAMS 0x0000000085500000, 0x0000000085500000| Untracked 
|  36|0x0000000085600000, 0x0000000085600000, 0x0000000085700000|  0%| F|  |TAMS 0x0000000085600000, 0x0000000085600000| Untracked 
|  37|0x0000000085700000, 0x0000000085700000, 0x0000000085800000|  0%| F|  |TAMS 0x0000000085700000, 0x0000000085700000| Untracked 
|  38|0x0000000085800000, 0x0000000085800000, 0x0000000085900000|  0%| F|  |TAMS 0x0000000085800000, 0x0000000085800000| Untracked 
|  39|0x0000000085900000, 0x0000000085900000, 0x0000000085a00000|  0%| F|  |TAMS 0x0000000085900000, 0x0000000085900000| Untracked 
|  40|0x0000000085a00000, 0x0000000085aa3e90, 0x0000000085b00000| 64%| S|CS|TAMS 0x0000000085a00000, 0x0000000085a00000| Complete 
|  41|0x0000000085b00000, 0x0000000085b00000, 0x0000000085c00000|  0%| F|  |TAMS 0x0000000085b00000, 0x0000000085b00000| Untracked 
|  42|0x0000000085c00000, 0x0000000085c00000, 0x0000000085d00000|  0%| F|  |TAMS 0x0000000085c00000, 0x0000000085c00000| Untracked 
|  43|0x0000000085d00000, 0x0000000085e00000, 0x0000000085e00000|100%| S|CS|TAMS 0x0000000085d00000, 0x0000000085d00000| Complete 
|  44|0x0000000085e00000, 0x0000000085f00000, 0x0000000085f00000|100%| S|CS|TAMS 0x0000000085e00000, 0x0000000085e00000| Complete 
|  45|0x0000000085f00000, 0x0000000085f00000, 0x0000000086000000|  0%| F|  |TAMS 0x0000000085f00000, 0x0000000085f00000| Untracked 
|  46|0x0000000086000000, 0x0000000086000000, 0x0000000086100000|  0%| F|  |TAMS 0x0000000086000000, 0x0000000086000000| Untracked 
|  47|0x0000000086100000, 0x0000000086100000, 0x0000000086200000|  0%| F|  |TAMS 0x0000000086100000, 0x0000000086100000| Untracked 
|  48|0x0000000086200000, 0x0000000086200000, 0x0000000086300000|  0%| F|  |TAMS 0x0000000086200000, 0x0000000086200000| Untracked 
|  49|0x0000000086300000, 0x0000000086300000, 0x0000000086400000|  0%| F|  |TAMS 0x0000000086300000, 0x0000000086300000| Untracked 
|  50|0x0000000086400000, 0x0000000086400000, 0x0000000086500000|  0%| F|  |TAMS 0x0000000086400000, 0x0000000086400000| Untracked 
|  51|0x0000000086500000, 0x0000000086500000, 0x0000000086600000|  0%| F|  |TAMS 0x0000000086500000, 0x0000000086500000| Untracked 
|  52|0x0000000086600000, 0x0000000086600000, 0x0000000086700000|  0%| F|  |TAMS 0x0000000086600000, 0x0000000086600000| Untracked 
|  53|0x0000000086700000, 0x0000000086700000, 0x0000000086800000|  0%| F|  |TAMS 0x0000000086700000, 0x0000000086700000| Untracked 
|  54|0x0000000086800000, 0x0000000086800000, 0x0000000086900000|  0%| F|  |TAMS 0x0000000086800000, 0x0000000086800000| Untracked 
|  55|0x0000000086900000, 0x0000000086900000, 0x0000000086a00000|  0%| F|  |TAMS 0x0000000086900000, 0x0000000086900000| Untracked 
|  56|0x0000000086a00000, 0x0000000086a00000, 0x0000000086b00000|  0%| F|  |TAMS 0x0000000086a00000, 0x0000000086a00000| Untracked 
|  57|0x0000000086b00000, 0x0000000086b00000, 0x0000000086c00000|  0%| F|  |TAMS 0x0000000086b00000, 0x0000000086b00000| Untracked 
|  58|0x0000000086c00000, 0x0000000086c00000, 0x0000000086d00000|  0%| F|  |TAMS 0x0000000086c00000, 0x0000000086c00000| Untracked 
| 125|0x000000008af00000, 0x000000008af00000, 0x000000008b000000|  0%| F|  |TAMS 0x000000008af00000, 0x000000008af00000| Untracked 

Card table byte_map: [0x00000189afe90000,0x00000189b0280000] _byte_map_base: 0x00000189afa77000

Marking Bits (Prev, Next): (CMBitMap*) 0x00000189a4f1d8d0, (CMBitMap*) 0x00000189a4f1d890
 Prev Bits: [0x00000189b25b0000, 0x00000189b44e8000)
 Next Bits: [0x00000189b0670000, 0x00000189b25a8000)

Polling page: 0x00000189a2e40000

Metaspace:

Usage:
  Non-class:     24.12 MB used.
      Class:      3.73 MB used.
       Both:     27.84 MB used.

Virtual space:
  Non-class space:       32.00 MB reserved,      24.25 MB ( 76%) committed,  4 nodes.
      Class space:        1.00 GB reserved,       3.88 MB ( <1%) committed,  1 nodes.
             Both:        1.03 GB reserved,      28.12 MB (  3%) committed. 

Chunk freelists:
   Non-Class:  3.38 MB
       Class:  80.00 KB
        Both:  3.45 MB

MaxMetaspaceSize: unlimited
CompressedClassSpaceSize: 1.00 GB
Initial GC threshold: 21.00 MB
Current GC threshold: 35.25 MB
CDS: on
MetaspaceReclaimPolicy: balanced
 - commit_granule_bytes: 65536.
 - commit_granule_words: 8192.
 - virtual_space_node_default_size: 1048576.
 - enlarge_chunks_in_place: 1.
 - new_chunks_are_fully_committed: 0.
 - uncommit_free_chunks: 1.
 - use_allocation_guard: 0.
 - handle_deallocations: 1.


Internal statistics:

num_allocs_failed_limit: 3.
num_arena_births: 338.
num_arena_deaths: 0.
num_vsnodes_births: 5.
num_vsnodes_deaths: 0.
num_space_committed: 450.
num_space_uncommitted: 0.
num_chunks_returned_to_freelist: 3.
num_chunks_taken_from_freelist: 1378.
num_chunk_merges: 0.
num_chunk_splits: 935.
num_chunks_enlarged: 718.
num_purges: 0.
num_inconsistent_stats: 0.

CodeCache: size=49152Kb used=8638Kb max_used=8638Kb free=40513Kb
 bounds [0x00000189ac990000, 0x00000189ad200000, 0x00000189af990000]
 total_blobs=4031 nmethods=3511 adapters=444
 compilation: enabled
              stopped_count=0, restarted_count=0
 full_count=0

Compilation events (20 events):
Event: 6.476 Thread 0x00000189b7a7b050 nmethod 3503 0x00000189ad1fa710 code [0x00000189ad1fa8a0, 0x00000189ad1fa968]
Event: 6.476 Thread 0x00000189b7a7b970 nmethod 3502 0x00000189ad1faa10 code [0x00000189ad1fabe0, 0x00000189ad1fade8]
Event: 6.476 Thread 0x00000189b7a7b050 3504       1       jdk.internal.jimage.ImageLocation::verify (107 bytes)
Event: 6.476 Thread 0x00000189b7a7b970 3505       1       jdk.internal.jimage.ImageReader$SharedImageReader::handleModulesSubTree (56 bytes)
Event: 6.476 Thread 0x00000189b697bec0 nmethod 3499 0x00000189ad1faf90 code [0x00000189ad1fb200, 0x00000189ad1fbc48]
Event: 6.476 Thread 0x00000189b697bec0 3506       1       jdk.internal.jimage.ImageReader$SharedImageReader$$Lambda$538/0x0000000800e64d70::<init> (15 bytes)
Event: 6.477 Thread 0x00000189b69486e0 nmethod 3501 0x00000189ad1fbf90 code [0x00000189ad1fc1a0, 0x00000189ad1fc6e8]
Event: 6.477 Thread 0x00000189b7a7b970 nmethod 3505 0x00000189ad1fc910 code [0x00000189ad1fcae0, 0x00000189ad1fcd28]
Event: 6.477 Thread 0x00000189b697bec0 nmethod 3506 0x00000189ad1fcf10 code [0x00000189ad1fd0a0, 0x00000189ad1fd1f8]
Event: 6.477 Thread 0x00000189b69486e0 3507       1       java.nio.HeapByteBuffer::asIntBuffer (67 bytes)
Event: 6.477 Thread 0x00000189b7a7b970 3508       1       java.nio.ByteBufferAsIntBufferL::<init> (50 bytes)
Event: 6.478 Thread 0x00000189b69486e0 nmethod 3507 0x00000189ad1fd290 code [0x00000189ad1fd440, 0x00000189ad1fd698]
Event: 6.478 Thread 0x00000189b7a7b970 nmethod 3508 0x00000189ad1fd790 code [0x00000189ad1fd920, 0x00000189ad1fdac8]
Event: 6.478 Thread 0x00000189b7a7b050 nmethod 3504 0x00000189ad1fdb90 code [0x00000189ad1fdda0, 0x00000189ad1fe388]
Event: 6.478 Thread 0x00000189b69486e0 3509       1       java.util.concurrent.ConcurrentHashMap::<init> (9 bytes)
Event: 6.478 Thread 0x00000189b69486e0 nmethod 3509 0x00000189ad1fe910 code [0x00000189ad1feac0, 0x00000189ad1feba8]
Event: 6.503 Thread 0x00000189b7a7b970 3510       1       sun.util.calendar.CalendarDate::setNormalized (6 bytes)
Event: 6.503 Thread 0x00000189b7a7b970 nmethod 3510 0x00000189ad1fec10 code [0x00000189ad1feda0, 0x00000189ad1fee78]
Event: 6.504 Thread 0x00000189b697bec0 3511       1       jdk.internal.icu.impl.NormalizerImpl::decompose (257 bytes)
Event: 6.506 Thread 0x00000189b697bec0 nmethod 3511 0x00000189ad1fef10 code [0x00000189ad1ff100, 0x00000189ad1ff7e8]

GC Heap History (15 events):
Event: 1.581 GC heap before
{Heap before GC invocations=0 (full 0):
 garbage-first heap   total 129024K, used 22528K [0x0000000083200000, 0x0000000100000000)
  region size 1024K, 23 young (23552K), 0 survivors (0K)
 Metaspace       used 3658K, committed 3840K, reserved 1056768K
  class space    used 479K, committed 576K, reserved 1048576K
}
Event: 1.590 GC heap after
{Heap after GC invocations=1 (full 0):
 garbage-first heap   total 129024K, used 8299K [0x0000000083200000, 0x0000000100000000)
  region size 1024K, 3 young (3072K), 3 survivors (3072K)
 Metaspace       used 3658K, committed 3840K, reserved 1056768K
  class space    used 479K, committed 576K, reserved 1048576K
}
Event: 2.678 GC heap before
{Heap before GC invocations=1 (full 0):
 garbage-first heap   total 129024K, used 31851K [0x0000000083200000, 0x0000000100000000)
  region size 1024K, 27 young (27648K), 3 survivors (3072K)
 Metaspace       used 9733K, committed 9920K, reserved 1064960K
  class space    used 1331K, committed 1408K, reserved 1048576K
}
Event: 2.686 GC heap after
{Heap after GC invocations=2 (full 0):
 garbage-first heap   total 129024K, used 11187K [0x0000000083200000, 0x0000000100000000)
  region size 1024K, 3 young (3072K), 3 survivors (3072K)
 Metaspace       used 9733K, committed 9920K, reserved 1064960K
  class space    used 1331K, committed 1408K, reserved 1048576K
}
Event: 4.593 GC heap before
{Heap before GC invocations=2 (full 0):
 garbage-first heap   total 129024K, used 74675K [0x0000000083200000, 0x0000000100000000)
  region size 1024K, 67 young (68608K), 3 survivors (3072K)
 Metaspace       used 21236K, committed 21504K, reserved 1073152K
  class space    used 2792K, committed 2944K, reserved 1048576K
}
Event: 4.604 GC heap after
{Heap after GC invocations=3 (full 0):
 garbage-first heap   total 129024K, used 15990K [0x0000000083200000, 0x0000000100000000)
  region size 1024K, 8 young (8192K), 8 survivors (8192K)
 Metaspace       used 21236K, committed 21504K, reserved 1073152K
  class space    used 2792K, committed 2944K, reserved 1048576K
}
Event: 5.946 GC heap before
{Heap before GC invocations=4 (full 0):
 garbage-first heap   total 61440K, used 44662K [0x0000000083200000, 0x0000000100000000)
  region size 1024K, 36 young (36864K), 8 survivors (8192K)
 Metaspace       used 26695K, committed 27072K, reserved 1073152K
  class space    used 3574K, committed 3776K, reserved 1048576K
}
Event: 5.957 GC heap after
{Heap after GC invocations=5 (full 0):
 garbage-first heap   total 61440K, used 17820K [0x0000000083200000, 0x0000000100000000)
  region size 1024K, 3 young (3072K), 3 survivors (3072K)
 Metaspace       used 26695K, committed 27072K, reserved 1073152K
  class space    used 3574K, committed 3776K, reserved 1048576K
}
Event: 6.189 GC heap before
{Heap before GC invocations=5 (full 0):
 garbage-first heap   total 61440K, used 38300K [0x0000000083200000, 0x0000000100000000)
  region size 1024K, 24 young (24576K), 3 survivors (3072K)
 Metaspace       used 27593K, committed 27968K, reserved 1073152K
  class space    used 3725K, committed 3904K, reserved 1048576K
}
Event: 6.198 GC heap after
{Heap after GC invocations=6 (full 0):
 garbage-first heap   total 61440K, used 22264K [0x0000000083200000, 0x0000000100000000)
  region size 1024K, 3 young (3072K), 3 survivors (3072K)
 Metaspace       used 27593K, committed 27968K, reserved 1073152K
  class space    used 3725K, committed 3904K, reserved 1048576K
}
Event: 6.318 GC heap before
{Heap before GC invocations=6 (full 0):
 garbage-first heap   total 61440K, used 40696K [0x0000000083200000, 0x0000000100000000)
  region size 1024K, 22 young (22528K), 3 survivors (3072K)
 Metaspace       used 27860K, committed 28160K, reserved 1081344K
  class space    used 3767K, committed 3904K, reserved 1048576K
}
Event: 6.325 GC heap after
{Heap after GC invocations=7 (full 0):
 garbage-first heap   total 61440K, used 25642K [0x0000000083200000, 0x0000000100000000)
  region size 1024K, 3 young (3072K), 3 survivors (3072K)
 Metaspace       used 27860K, committed 28160K, reserved 1081344K
  class space    used 3767K, committed 3904K, reserved 1048576K
}
Event: 6.440 GC heap before
{Heap before GC invocations=7 (full 0):
 garbage-first heap   total 61440K, used 43050K [0x0000000083200000, 0x0000000100000000)
  region size 1024K, 20 young (20480K), 3 survivors (3072K)
 Metaspace       used 28269K, committed 28608K, reserved 1081344K
  class space    used 3797K, committed 3968K, reserved 1048576K
}
Event: 6.447 GC heap after
{Heap after GC invocations=8 (full 0):
 garbage-first heap   total 61440K, used 28920K [0x0000000083200000, 0x0000000100000000)
  region size 1024K, 3 young (3072K), 3 survivors (3072K)
 Metaspace       used 28269K, committed 28608K, reserved 1081344K
  class space    used 3797K, committed 3968K, reserved 1048576K
}
Event: 6.508 GC heap before
{Heap before GC invocations=8 (full 0):
 garbage-first heap   total 61440K, used 44280K [0x0000000083200000, 0x0000000100000000)
  region size 1024K, 18 young (18432K), 3 survivors (3072K)
 Metaspace       used 28512K, committed 28800K, reserved 1081344K
  class space    used 3814K, committed 3968K, reserved 1048576K
}

Dll operation events (9 events):
Event: 0.024 Loaded shared library C:\Program Files\Eclipse Adoptium\jdk-17.0.5.8-hotspot\bin\java.dll
Event: 0.044 Loaded shared library C:\Program Files\Eclipse Adoptium\jdk-17.0.5.8-hotspot\bin\jsvml.dll
Event: 0.294 Loaded shared library C:\Program Files\Eclipse Adoptium\jdk-17.0.5.8-hotspot\bin\net.dll
Event: 0.298 Loaded shared library C:\Program Files\Eclipse Adoptium\jdk-17.0.5.8-hotspot\bin\nio.dll
Event: 0.310 Loaded shared library C:\Program Files\Eclipse Adoptium\jdk-17.0.5.8-hotspot\bin\zip.dll
Event: 0.764 Loaded shared library C:\Program Files\Eclipse Adoptium\jdk-17.0.5.8-hotspot\bin\verify.dll
Event: 0.778 Loaded shared library C:\Program Files\Eclipse Adoptium\jdk-17.0.5.8-hotspot\bin\jimage.dll
Event: 2.520 Loaded shared library C:\Program Files\Eclipse Adoptium\jdk-17.0.5.8-hotspot\bin\management.dll
Event: 2.526 Loaded shared library C:\Program Files\Eclipse Adoptium\jdk-17.0.5.8-hotspot\bin\management_ext.dll

Deoptimization events (10 events):
Event: 3.000 Thread 0x00000189a4ec12a0 DEOPT PACKING pc=0x00000189acef1919 sp=0x00000034feafd350
Event: 3.000 Thread 0x00000189a4ec12a0 DEOPT UNPACKING pc=0x00000189ac9e66e3 sp=0x00000034feafc830 mode 3
Event: 5.161 Thread 0x00000189a4ec12a0 DEOPT PACKING pc=0x00000189ad059b99 sp=0x00000034feafc730
Event: 5.161 Thread 0x00000189a4ec12a0 DEOPT UNPACKING pc=0x00000189ac9e66e3 sp=0x00000034feafbc10 mode 3
Event: 5.860 Thread 0x00000189b8170ae0 DEOPT PACKING pc=0x00000189ad1197b5 sp=0x0000003480bfdc70
Event: 5.860 Thread 0x00000189b8170ae0 DEOPT UNPACKING pc=0x00000189ac9e66e3 sp=0x0000003480bfd198 mode 3
Event: 6.009 Thread 0x00000189b8174600 DEOPT PACKING pc=0x00000189ad13027b sp=0x0000003480cfe4e0
Event: 6.009 Thread 0x00000189b8174600 DEOPT UNPACKING pc=0x00000189ac9e66e3 sp=0x0000003480cfda28 mode 3
Event: 6.356 Thread 0x00000189b9874680 DEOPT PACKING pc=0x00000189aceefd01 sp=0x00000034817ff010
Event: 6.356 Thread 0x00000189b9874680 DEOPT UNPACKING pc=0x00000189ac9e66e3 sp=0x00000034817fe4a0 mode 3

Classes unloaded (0 events):
No events

Classes redefined (0 events):
No events

Internal exceptions (20 events):
Event: 6.073 Thread 0x00000189b975c110 Exception <a 'sun/nio/fs/WindowsException'{0x0000000086919408}> (0x0000000086919408) 
thrown [s\src\hotspot\share\prims\jni.cpp, line 516]
Event: 6.073 Thread 0x00000189b975c110 Exception <a 'sun/nio/fs/WindowsException'{0x0000000086919818}> (0x0000000086919818) 
thrown [s\src\hotspot\share\prims\jni.cpp, line 516]
Event: 6.073 Thread 0x00000189b975c110 Exception <a 'sun/nio/fs/WindowsException'{0x000000008691a240}> (0x000000008691a240) 
thrown [s\src\hotspot\share\prims\jni.cpp, line 516]
Event: 6.074 Thread 0x00000189b975c110 Exception <a 'sun/nio/fs/WindowsException'{0x000000008691a620}> (0x000000008691a620) 
thrown [s\src\hotspot\share\prims\jni.cpp, line 516]
Event: 6.074 Thread 0x00000189b975c110 Exception <a 'sun/nio/fs/WindowsException'{0x000000008691b010}> (0x000000008691b010) 
thrown [s\src\hotspot\share\prims\jni.cpp, line 516]
Event: 6.074 Thread 0x00000189b975c110 Exception <a 'sun/nio/fs/WindowsException'{0x000000008691b3b8}> (0x000000008691b3b8) 
thrown [s\src\hotspot\share\prims\jni.cpp, line 516]
Event: 6.075 Thread 0x00000189b975c110 Exception <a 'sun/nio/fs/WindowsException'{0x000000008691bdb8}> (0x000000008691bdb8) 
thrown [s\src\hotspot\share\prims\jni.cpp, line 516]
Event: 6.075 Thread 0x00000189b975c110 Exception <a 'sun/nio/fs/WindowsException'{0x000000008691c178}> (0x000000008691c178) 
thrown [s\src\hotspot\share\prims\jni.cpp, line 516]
Event: 6.075 Thread 0x00000189b975c110 Exception <a 'sun/nio/fs/WindowsException'{0x000000008691cb78}> (0x000000008691cb78) 
thrown [s\src\hotspot\share\prims\jni.cpp, line 516]
Event: 6.075 Thread 0x00000189b975c110 Exception <a 'sun/nio/fs/WindowsException'{0x000000008691cf28}> (0x000000008691cf28) 
thrown [s\src\hotspot\share\prims\jni.cpp, line 516]
Event: 6.075 Thread 0x00000189b975c110 Exception <a 'sun/nio/fs/WindowsException'{0x0000000086857ea0}> (0x0000000086857ea0) 
thrown [s\src\hotspot\share\prims\jni.cpp, line 516]
Event: 6.076 Thread 0x00000189b975c110 Exception <a 'sun/nio/fs/WindowsException'{0x0000000086858260}> (0x0000000086858260) 
thrown [s\src\hotspot\share\prims\jni.cpp, line 516]
Event: 6.076 Thread 0x00000189b975c110 Exception <a 'sun/nio/fs/WindowsException'{0x0000000086858c88}> (0x0000000086858c88) 
thrown [s\src\hotspot\share\prims\jni.cpp, line 516]
Event: 6.076 Thread 0x00000189b975c110 Exception <a 'sun/nio/fs/WindowsException'{0x0000000086859068}> (0x0000000086859068) 
thrown [s\src\hotspot\share\prims\jni.cpp, line 516]
Event: 6.076 Thread 0x00000189b975c110 Exception <a 'sun/nio/fs/WindowsException'{0x0000000086859aa0}> (0x0000000086859aa0) 
thrown [s\src\hotspot\share\prims\jni.cpp, line 516]
Event: 6.076 Thread 0x00000189b975c110 Exception <a 'sun/nio/fs/WindowsException'{0x0000000086859e90}> (0x0000000086859e90) 
thrown [s\src\hotspot\share\prims\jni.cpp, line 516]
Event: 6.077 Thread 0x00000189b975c110 Exception <a 'sun/nio/fs/WindowsException'{0x000000008685a8b8}> (0x000000008685a8b8) 
thrown [s\src\hotspot\share\prims\jni.cpp, line 516]
Event: 6.077 Thread 0x00000189b975c110 Exception <a 'sun/nio/fs/WindowsException'{0x000000008685aca8}> (0x000000008685aca8) 
thrown [s\src\hotspot\share\prims\jni.cpp, line 516]
Event: 6.145 Thread 0x00000189b8170ae0 Exception <a 'java/lang/NoSuchMethodError'{0x0000000085efe348}: 'int java.lang.invoke.DirectMethodHandle$Holder.invokeStatic(java.lang.Object)'> (0x0000000085efe348) 
thrown [s\src\hotspot\share\interpreter\linkResolver.cpp, line 759]
Event: 6.146 Thread 0x00000189b8170ae0 Exception <a 'java/lang/NoSuchMethodError'{0x0000000085d20e90}: 'int java.lang.invoke.DirectMethodHandle$Holder.invokeStaticInit(java.lang.Object)'> (0x0000000085d20e90) 
thrown [s\src\hotspot\share\interpreter\linkResolver.cpp, line 759]

VM Operations (20 events):
Event: 4.604 Executing VM operation: CollectForMetadataAllocation done
Event: 4.611 Executing VM operation: G1Concurrent
Event: 4.613 Executing VM operation: G1Concurrent done
Event: 4.615 Executing VM operation: G1Concurrent
Event: 4.620 Executing VM operation: G1Concurrent done
Event: 5.621 Executing VM operation: Cleanup
Event: 5.621 Executing VM operation: Cleanup done
Event: 5.859 Executing VM operation: HandshakeAllThreads
Event: 5.860 Executing VM operation: HandshakeAllThreads done
Event: 5.945 Executing VM operation: G1CollectForAllocation
Event: 5.957 Executing VM operation: G1CollectForAllocation done
Event: 6.175 Executing VM operation: G1CollectForAllocation
Event: 6.200 Executing VM operation: G1CollectForAllocation done
Event: 6.317 Executing VM operation: G1CollectForAllocation
Event: 6.328 Executing VM operation: G1CollectForAllocation done
Event: 6.378 Executing VM operation: HandshakeAllThreads
Event: 6.378 Executing VM operation: HandshakeAllThreads done
Event: 6.439 Executing VM operation: G1CollectForAllocation
Event: 6.447 Executing VM operation: G1CollectForAllocation done
Event: 6.507 Executing VM operation: G1CollectForAllocation

Events (20 events):
Event: 6.373 loading class jdk/internal/jimage/ImageReader$Directory
Event: 6.374 loading class jdk/internal/jimage/ImageReader$Node
Event: 6.374 loading class jdk/internal/jimage/ImageReader$Node done
Event: 6.374 loading class jdk/internal/jimage/ImageReader$Directory done
Event: 6.375 loading class jdk/internal/jimage/ImageReader$SharedImageReader$LocationVisitor
Event: 6.375 loading class jdk/internal/jimage/ImageReader$SharedImageReader$LocationVisitor done
Event: 6.375 loading class jdk/internal/jimage/ImageBufferCache
Event: 6.376 loading class jdk/internal/jimage/ImageBufferCache done
Event: 6.376 loading class jdk/internal/jimage/ImageBufferCache$1
Event: 6.376 loading class jdk/internal/jimage/ImageBufferCache$1 done
Event: 6.376 loading class jdk/internal/jimage/ImageBufferCache$2
Event: 6.376 loading class jdk/internal/jimage/ImageBufferCache$2 done
Event: 6.376 loading class java/nio/ByteBufferAsIntBufferL
Event: 6.377 loading class java/nio/ByteBufferAsIntBufferL done
Event: 6.378 loading class jdk/internal/jimage/ImageReader$Resource
Event: 6.378 loading class jdk/internal/jimage/ImageReader$Resource done
Event: 6.379 loading class java/util/stream/LongStream
Event: 6.379 loading class java/util/stream/LongStream done
Event: 6.379 loading class java/util/stream/DoubleStream
Event: 6.380 loading class java/util/stream/DoubleStream done


Dynamic libraries:
0x00007ff7c0150000 - 0x00007ff7c015e000 	C:\Program Files\Eclipse Adoptium\jdk-17.0.5.8-hotspot\bin\java.exe
0x00007ffbacf50000 - 0x00007ffbad16a000 	C:\WINDOWS\SYSTEM32\ntdll.dll
0x00007ffbab960000 - 0x00007ffbaba23000 	C:\WINDOWS\System32\KERNEL32.DLL
0x00007ffbaa7b0000 - 0x00007ffbaab4c000 	C:\WINDOWS\System32\KERNELBASE.dll
0x00007ffba7310000 - 0x00007ffba73a6000 	C:\WINDOWS\SYSTEM32\apphelp.dll
0x00007ffbaa690000 - 0x00007ffbaa7ab000 	C:\WINDOWS\System32\ucrtbase.dll
0x00007ffba4ef0000 - 0x00007ffba4f09000 	C:\Program Files\Eclipse Adoptium\jdk-17.0.5.8-hotspot\bin\VCRUNTIME140.dll
0x00007ffba3010000 - 0x00007ffba3027000 	C:\Program Files\Eclipse Adoptium\jdk-17.0.5.8-hotspot\bin\jli.dll
0x00007ffbabaa0000 - 0x00007ffbabc4a000 	C:\WINDOWS\System32\USER32.dll
0x00007ffbaace0000 - 0x00007ffbaad06000 	C:\WINDOWS\System32\win32u.dll
0x00007ffb9e6e0000 - 0x00007ffb9e971000 	C:\WINDOWS\WinSxS\amd64_microsoft.windows.common-controls_6595b64144ccf1df_6.0.25231.1000_none_77db62f15ba2356c\COMCTL32.dll
0x00007ffbac430000 - 0x00007ffbac459000 	C:\WINDOWS\System32\GDI32.dll
0x00007ffbab1c0000 - 0x00007ffbab267000 	C:\WINDOWS\System32\msvcrt.dll
0x00007ffbaab50000 - 0x00007ffbaac66000 	C:\WINDOWS\System32\gdi32full.dll
0x00007ffbaa4b0000 - 0x00007ffbaa54a000 	C:\WINDOWS\System32\msvcp_win.dll
0x00007ffbaad20000 - 0x00007ffbaad50000 	C:\WINDOWS\System32\IMM32.DLL
0x00007ffba76c0000 - 0x00007ffba76cc000 	C:\Program Files\Eclipse Adoptium\jdk-17.0.5.8-hotspot\bin\vcruntime140_1.dll
0x00007ffb69be0000 - 0x00007ffb69c71000 	C:\Program Files\Eclipse Adoptium\jdk-17.0.5.8-hotspot\bin\msvcp140.dll
0x00007ffb66390000 - 0x00007ffb66fd4000 	C:\Program Files\Eclipse Adoptium\jdk-17.0.5.8-hotspot\bin\server\jvm.dll
0x00007ffbacc50000 - 0x00007ffbaccfe000 	C:\WINDOWS\System32\ADVAPI32.dll
0x00007ffbab8b0000 - 0x00007ffbab956000 	C:\WINDOWS\System32\sechost.dll
0x00007ffbacd00000 - 0x00007ffbace27000 	C:\WINDOWS\System32\RPCRT4.dll
0x00007ffb8e240000 - 0x00007ffb8e249000 	C:\WINDOWS\SYSTEM32\WSOCK32.dll
0x00007ffb9b600000 - 0x00007ffb9b635000 	C:\WINDOWS\SYSTEM32\WINMM.dll
0x00007ffb9c000000 - 0x00007ffb9c00a000 	C:\WINDOWS\SYSTEM32\VERSION.dll
0x00007ffbabdf0000 - 0x00007ffbabe5f000 	C:\WINDOWS\System32\WS2_32.dll
0x00007ffba92b0000 - 0x00007ffba92c8000 	C:\WINDOWS\SYSTEM32\kernel.appcore.dll
0x00007ffba7670000 - 0x00007ffba767a000 	C:\Program Files\Eclipse Adoptium\jdk-17.0.5.8-hotspot\bin\jimage.dll
0x00007ffba7bb0000 - 0x00007ffba7de3000 	C:\WINDOWS\SYSTEM32\DBGHELP.DLL
0x00007ffbac0a0000 - 0x00007ffbac422000 	C:\WINDOWS\System32\combase.dll
0x00007ffbab0e0000 - 0x00007ffbab1b8000 	C:\WINDOWS\System32\OLEAUT32.dll
0x00007ffb97050000 - 0x00007ffb97082000 	C:\WINDOWS\SYSTEM32\dbgcore.DLL
0x00007ffbaa610000 - 0x00007ffbaa689000 	C:\WINDOWS\System32\bcryptPrimitives.dll
0x00007ffb890a0000 - 0x00007ffb890c5000 	C:\Program Files\Eclipse Adoptium\jdk-17.0.5.8-hotspot\bin\java.dll
0x00007ffb697a0000 - 0x00007ffb69876000 	C:\Program Files\Eclipse Adoptium\jdk-17.0.5.8-hotspot\bin\jsvml.dll
0x00007ffbac460000 - 0x00007ffbacc4c000 	C:\WINDOWS\System32\SHELL32.dll
0x00007ffba8240000 - 0x00007ffba8ada000 	C:\WINDOWS\SYSTEM32\windows.storage.dll
0x00007ffba80b0000 - 0x00007ffba823d000 	C:\WINDOWS\SYSTEM32\wintypes.dll
0x00007ffbaadc0000 - 0x00007ffbaaeab000 	C:\WINDOWS\System32\SHCORE.dll
0x00007ffbac030000 - 0x00007ffbac08e000 	C:\WINDOWS\System32\shlwapi.dll
0x00007ffbaa250000 - 0x00007ffbaa271000 	C:\WINDOWS\SYSTEM32\profapi.dll
0x00007ffb99ba0000 - 0x00007ffb99bb9000 	C:\Program Files\Eclipse Adoptium\jdk-17.0.5.8-hotspot\bin\net.dll
0x00007ffb9c740000 - 0x00007ffb9c86e000 	C:\WINDOWS\SYSTEM32\WINHTTP.dll
0x00007ffba9780000 - 0x00007ffba97e9000 	C:\WINDOWS\system32\mswsock.dll
0x00007ffb95560000 - 0x00007ffb95575000 	C:\Program Files\Eclipse Adoptium\jdk-17.0.5.8-hotspot\bin\nio.dll
0x00007ffb9eb00000 - 0x00007ffb9eb18000 	C:\Program Files\Eclipse Adoptium\jdk-17.0.5.8-hotspot\bin\zip.dll
0x00007ffba6480000 - 0x00007ffba6490000 	C:\Program Files\Eclipse Adoptium\jdk-17.0.5.8-hotspot\bin\verify.dll
0x00007ffba7460000 - 0x00007ffba7469000 	C:\Program Files\Eclipse Adoptium\jdk-17.0.5.8-hotspot\bin\management.dll
0x00007ffba7450000 - 0x00007ffba745b000 	C:\Program Files\Eclipse Adoptium\jdk-17.0.5.8-hotspot\bin\management_ext.dll
0x00007ffbaba90000 - 0x00007ffbaba98000 	C:\WINDOWS\System32\PSAPI.DLL
0x00007ffba7470000 - 0x00007ffba7487000 	C:\WINDOWS\system32\napinsp.dll
0x00007ffba3030000 - 0x00007ffba304a000 	C:\WINDOWS\system32\pnrpnsp.dll
0x00007ffb46f00000 - 0x00007ffb46f21000 	C:\WINDOWS\system32\nlansp_c.dll
0x00007ffba8dc0000 - 0x00007ffba8ebd000 	C:\WINDOWS\SYSTEM32\DNSAPI.dll
0x00007ffba8d50000 - 0x00007ffba8d7e000 	C:\WINDOWS\SYSTEM32\IPHLPAPI.DLL
0x00007ffbaadb0000 - 0x00007ffbaadb9000 	C:\WINDOWS\System32\NSI.dll
0x00007ffb9eac0000 - 0x00007ffb9ead1000 	C:\WINDOWS\System32\winrnr.dll
0x00007ffb7cb30000 - 0x00007ffb7cb45000 	C:\WINDOWS\system32\wshbth.dll
0x00007ffb9c730000 - 0x00007ffb9c73a000 	C:\Windows\System32\rasadhlp.dll
0x00007ffb9c980000 - 0x00007ffb9ca04000 	C:\WINDOWS\System32\fwpuclnt.dll
0x00007ffba9a00000 - 0x00007ffba9a1b000 	C:\WINDOWS\SYSTEM32\CRYPTSP.dll
0x00007ffba9210000 - 0x00007ffba9244000 	C:\WINDOWS\system32\rsaenh.dll
0x00007ffba98a0000 - 0x00007ffba98c8000 	C:\WINDOWS\SYSTEM32\USERENV.dll
0x00007ffba9bc0000 - 0x00007ffba9be8000 	C:\WINDOWS\SYSTEM32\bcrypt.dll
0x00007ffba9a20000 - 0x00007ffba9a2c000 	C:\WINDOWS\SYSTEM32\CRYPTBASE.dll
0x00007ffb9c8f0000 - 0x00007ffb9c909000 	C:\WINDOWS\SYSTEM32\dhcpcsvc6.DLL
0x00007ffb9c8c0000 - 0x00007ffb9c8df000 	C:\WINDOWS\SYSTEM32\dhcpcsvc.DLL

dbghelp: loaded successfully - version: 4.0.5 - missing functions: none
symbol engine: initialized successfully - sym options: 0x614 - pdb path: .;C:\Program Files\Eclipse Adoptium\jdk-17.0.5.8-hotspot\bin;C:\WINDOWS\SYSTEM32;C:\WINDOWS\WinSxS\amd64_microsoft.windows.common-controls_6595b64144ccf1df_6.0.25231.1000_none_77db62f15ba2356c;C:\Program Files\Eclipse Adoptium\jdk-17.0.5.8-hotspot\bin\server

VM Arguments:
jvm_args: -Dsts.lsp.client=vscode -Dsts.log.file=/dev/null -XX:TieredStopAtLevel=1 -Xlog:jni+resolve=off -Dspring.config.location=file:c:\Users\datea\.vscode\extensions\pivotal.vscode-spring-boot-1.40.0\language-server\BOOT-INF\classes\application.properties 
java_command: org.springframework.ide.vscode.boot.app.BootLanguageServerBootApp
java_class_path (initial): c:\Users\datea\.vscode\extensions\pivotal.vscode-spring-boot-1.40.0\language-server\BOOT-INF\classes;c:\Users\datea\.vscode\extensions\pivotal.vscode-spring-boot-1.40.0\language-server\BOOT-INF\lib\annotations-23.0.0.jar;c:\Users\datea\.vscode\extensions\pivotal.vscode-spring-boot-1.40.0\language-server\BOOT-INF\lib\ant-1.10.12.jar;c:\Users\datea\.vscode\extensions\pivotal.vscode-spring-boot-1.40.0\language-server\BOOT-INF\lib\ant-launcher-1.10.12.jar;c:\Users\datea\.vscode\extensions\pivotal.vscode-spring-boot-1.40.0\language-server\BOOT-INF\lib\antlr-runtime-3.5.2.jar;c:\Users\datea\.vscode\extensions\pivotal.vscode-spring-boot-1.40.0\language-server\BOOT-INF\lib\antlr4-4.9.3.jar;c:\Users\datea\.vscode\extensions\pivotal.vscode-spring-boot-1.40.0\language-server\BOOT-INF\lib\antlr4-runtime-4.9.3.jar;c:\Users\datea\.vscode\extensions\pivotal.vscode-spring-boot-1.40.0\language-server\BOOT-INF\lib\asm-9.3.jar;c:\Users\datea\.vscode\extensions\pivotal.vscode-spring-boot-1.40.0\language-server\BOOT-INF\lib\asm-analysis-9.3.jar;c:\Users\datea\.vscode\extensions\pivotal.vscode-spring-boot-1.40.0\language-server\BOOT-INF\lib\asm-tree-9.3.jar;c:\Users\datea\.vscode\extensions\pivotal.vscode-spring-boot-1.40.0\language-server\BOOT-INF\lib\asm-util-9.3.jar;c:\Users\datea\.vscode\extensions\pivotal.vscode-spring-boot-1.40.0\language-server\BOOT-INF\lib\byte-buddy-1.12.13.jar;c:\Users\datea\.vscode\extensions\pivotal.vscode-spring-boot-1.40.0\language-server\BOOT-INF\lib\caffeine-2.9.3.jar;c:\Users\datea\.vscode\extensions\pivotal.vscode-spring-boot-1.40.0\language-server\BOOT-INF\lib\checker-qual-3.12.0.jar;c:\Users\datea\.vscode\extensions\pivotal.vscode-spring-boot-1.40.0\language-server\BOOT-INF\lib\classgraph-4.8.149.jar;c:\Users\datea\.vscode\extensions\pivotal.vscode-spring-boot-1.40.0\language-server\BOOT-INF\lib\commons-codec-1.15.jar;c:\Users\datea\.vscode\extensions\pivotal.vscode-spring-boot-1.40.0\language-server\BOOT-INF\lib\commons-c
Launcher Type: SUN_STANDARD

[Global flags]
     intx CICompilerCount                          = 4                                         {product} {ergonomic}
     uint ConcGCThreads                            = 2                                         {product} {ergonomic}
     uint G1ConcRefinementThreads                  = 8                                         {product} {ergonomic}
   size_t G1HeapRegionSize                         = 1048576                                   {product} {ergonomic}
    uintx GCDrainStackTargetSize                   = 64                                        {product} {ergonomic}
   size_t InitialHeapSize                          = 132120576                                 {product} {ergonomic}
   size_t MarkStackSize                            = 4194304                                   {product} {ergonomic}
   size_t MaxHeapSize                              = 2095054848                                {product} {ergonomic}
   size_t MaxNewSize                               = 1256194048                                {product} {ergonomic}
   size_t MinHeapDeltaBytes                        = 1048576                                   {product} {ergonomic}
   size_t MinHeapSize                              = 8388608                                   {product} {ergonomic}
    uintx NonProfiledCodeHeapSize                  = 0                                      {pd product} {ergonomic}
     bool ProfileInterpreter                       = false                                  {pd product} {command line}
    uintx ProfiledCodeHeapSize                     = 0                                      {pd product} {ergonomic}
   size_t SoftMaxHeapSize                          = 2095054848                             {manageable} {ergonomic}
     intx TieredStopAtLevel                        = 1                                         {product} {command line}
     bool UseCompressedClassPointers               = true                           {product lp64_product} {ergonomic}
     bool UseCompressedOops                        = true                           {product lp64_product} {ergonomic}
     bool UseG1GC                                  = true                                      {product} {ergonomic}
     bool UseLargePagesIndividualAllocation        = false                                  {pd product} {ergonomic}

Logging:
Log output configuration:
 #0: stdout all=warning,jni+resolve=off uptime,level,tags
 #1: stderr all=off uptime,level,tags

Environment Variables:
PATH=C:\Program Files\Eclipse Adoptium\jdk-17.0.5.8-hotspot\bin;C:\Program Files\Java\jdk-15.0.2\bin;C:\Program Files\Common Files\Oracle\Java\javapath;C:\WINDOWS\system32;C:\WINDOWS;C:\WINDOWS\System32\Wbem;C:\WINDOWS\System32\WindowsPowerShell\v1.0\;C:\WINDOWS\System32\OpenSSH\;C:\Program Files\Azure Data Studio\bin;C:\Program Files\Microsoft SQL Server\Client SDK\ODBC\170\Tools\Binn\;C:\Program Files (x86)\Microsoft SQL Server\150\Tools\Binn\;C:\Program Files\Microsoft SQL Server\150\Tools\Binn\;C:\Program Files\Microsoft SQL Server\150\DTS\Binn\;C:\Program Files (x86)\Microsoft SQL Server\150\DTS\Binn\;C:\Program Files (x86)\GitExtensions\;F:\xampp\php;C:\ProgramData\ComposerSetup\bin;C:\xampp\php;C:\Program Files\Git\cmd;C:\Users\datea\AppData\Local\Microsoft\WindowsApps;C:\Users\datea\AppData\Local\Programs\Microsoft VS Code\bin;;C:\Program Files\Azure Data Studio\bin;C:\Users\datea\AppData\Roaming\Composer\vendor\bin
USERNAME=datea
OS=Windows_NT
PROCESSOR_IDENTIFIER=Intel64 Family 6 Model 126 Stepping 5, GenuineIntel
TMP=C:\Users\datea\AppData\Local\Temp
TEMP=C:\Users\datea\AppData\Local\Temp



---------------  S Y S T E M  ---------------

OS:
 Windows 11 , 64 bit Build 25231 (10.0.25231.1000)
OS uptime: 1 days 8:04 hours
Hyper-V role detected

CPU: total 8 (initial active 8) (4 cores per cpu, 2 threads per core) family 6 model 126 stepping 5 microcode 0xa6, cx8, cmov, fxsr, ht, mmx, 3dnowpref, sse, sse2, sse3, ssse3, sse4.1, sse4.2, popcnt, lzcnt, tsc, tscinvbit, avx, avx2, aes, erms, clmul, bmi1, bmi2, adx, avx512f, avx512dq, avx512cd, avx512bw, avx512vl, sha, fma, vzeroupper, avx512_vpopcntdq, avx512_vpclmulqdq, avx512_vaes, avx512_vnni, clflush, clflushopt, avx512_vbmi2, avx512_vbmi, hv

Memory: 4k page, system-wide physical 7987M (426M free)
TotalPageFile size 12083M (AvailPageFile size 6M)
current process WorkingSet (physical memory assigned to process): 157M, peak: 158M
current process commit charge ("private bytes"): 198M, peak: 246M

vm_info: OpenJDK 64-Bit Server VM (17.0.5+8) for windows-amd64 JRE (17.0.5+8), built on Oct 19 2022 04:48:13 by "temurin" with MS VC++ 16.7 (VS2019)

END.
