#
# There is insufficient memory for the Java Runtime Environment to continue.
# Native memory allocation (malloc) failed to allocate 1048576 bytes for AllocateHeap
# Possible reasons:
#   The system is out of physical RAM or swap space
#   The process is running with CompressedOops enabled, and the Java Heap may be blocking the growth of the native heap
# Possible solutions:
#   Reduce memory load on the system
#   Increase physical memory or swap space
#   Check if swap backing store is full
#   Decrease Java heap size (-Xmx/-Xms)
#   Decrease number of Java threads
#   Decrease Java thread stack sizes (-Xss)
#   Set larger code cache with -XX:ReservedCodeCacheSize=
#   JVM is running with Unscaled Compressed Oops mode in which the Java heap is
#     placed in the first 4GB address space. The Java Heap base address is the
#     maximum limit for the native heap growth. Please use -XX:HeapBaseMinAddress
#     to set the Java Heap base and to place the Java Heap above 4GB virtual address.
# This output file may be truncated or incomplete.
#
#  Out of Memory Error (allocation.cpp:44), pid=56044, tid=57332
#
# JRE version: OpenJDK Runtime Environment Temurin-17.0.4.1+1 (17.0.4.1+1) (build 17.0.4.1+1)
# Java VM: OpenJDK 64-Bit Server VM Temurin-17.0.4.1+1 (17.0.4.1+1, mixed mode, emulated-client, tiered, compressed oops, compressed class ptrs, g1 gc, windows-amd64)
# No core dump will be written. Minidumps are not enabled by default on client versions of Windows
#

---------------  S U M M A R Y ------------

Command Line: -Dsts.lsp.client=vscode -Dsts.log.file=/dev/null -XX:TieredStopAtLevel=1 -Xlog:jni+resolve=off -Dspring.config.location=file:c:\Users\datea\.vscode\extensions\pivotal.vscode-spring-boot-1.39.0\language-server\BOOT-INF\classes\application.properties org.springframework.ide.vscode.boot.app.BootLanguageServerBootApp

Host: Intel(R) Core(TM) i5-1035G1 CPU @ 1.00GHz, 8 cores, 7G,  Windows 11 , 64 bit Build 25217 (10.0.25217.1000)
Time: Wed Oct 12 22:23:27 2022 SE Asia Standard Time elapsed time: 6098.611870 seconds (0d 1h 41m 38s)

---------------  T H R E A D  ---------------

Current thread (0x000001d0bbb76480):  VMThread "VM Thread" [stack: 0x0000005add300000,0x0000005add400000] [id=57332]

Stack: [0x0000005add300000,0x0000005add400000]
Native frames: (J=compiled Java code, j=interpreted, Vv=VM code, C=native code)
V  [jvm.dll+0x67731a]
V  [jvm.dll+0x832284]
V  [jvm.dll+0x833a2e]
V  [jvm.dll+0x834093]
V  [jvm.dll+0x245775]
V  [jvm.dll+0xa6393]
V  [jvm.dll+0x2f5933]
V  [jvm.dll+0x2f1640]
V  [jvm.dll+0x2d9d27]
V  [jvm.dll+0x31ce37]
V  [jvm.dll+0x83853b]
V  [jvm.dll+0x839274]
V  [jvm.dll+0x83978c]
V  [jvm.dll+0x839b64]
V  [jvm.dll+0x839c30]
V  [jvm.dll+0x7e240a]
V  [jvm.dll+0x6761a5]
C  [ucrtbase.dll+0x4b7eb]
C  [KERNEL32.DLL+0x1484d]
C  [ntdll.dll+0x67558]

VM_Operation (0x0000005adfafee40): G1CollectFull, mode: safepoint, requested by thread 0x000001d0be59f150


---------------  P R O C E S S  ---------------

Threads class SMR info:
_java_thread_list=0x000001d0be6134c0, length=27, elements={
0x000001d0bc4012d0, 0x000001d0bc401d90, 0x000001d0bbb97920, 0x000001d0bbb981e0,
0x000001d0bbb98aa0, 0x000001d0bbb99360, 0x000001d0bc432020, 0x000001d0bc432d20,
0x000001d0bc64c620, 0x000001d0bc654f40, 0x000001d0be283a60, 0x000001d0be59f150,
0x000001d0be59ec80, 0x000001d0be59f620, 0x000001d0be5a0490, 0x000001d0be5a0960,
0x000001d0c01376f0, 0x000001d0c0133d30, 0x000001d0c01346d0, 0x000001d0c01329f0,
0x000001d0c0132520, 0x000001d0c0137220, 0x000001d0c0130d10, 0x000001d0c0132ec0,
0x000001d0c01363b0, 0x000001d0c01316b0, 0x000001d0c0134ba0
}

Java Threads: ( => current thread )
  0x000001d0bc4012d0 JavaThread "Reference Handler" daemon [_thread_blocked, id=23516, stack(0x0000005add400000,0x0000005add500000)]
  0x000001d0bc401d90 JavaThread "Finalizer" daemon [_thread_blocked, id=63628, stack(0x0000005add500000,0x0000005add600000)]
  0x000001d0bbb97920 JavaThread "Signal Dispatcher" daemon [_thread_blocked, id=63432, stack(0x0000005add600000,0x0000005add700000)]
  0x000001d0bbb981e0 JavaThread "Attach Listener" daemon [_thread_blocked, id=26108, stack(0x0000005add700000,0x0000005add800000)]
  0x000001d0bbb98aa0 JavaThread "Service Thread" daemon [_thread_blocked, id=38008, stack(0x0000005add800000,0x0000005add900000)]
  0x000001d0bbb99360 JavaThread "Monitor Deflation Thread" daemon [_thread_blocked, id=59932, stack(0x0000005add900000,0x0000005adda00000)]
  0x000001d0bc432020 JavaThread "C1 CompilerThread0" daemon [_thread_blocked, id=56324, stack(0x0000005adda00000,0x0000005addb00000)]
  0x000001d0bc432d20 JavaThread "Sweeper thread" daemon [_thread_blocked, id=61216, stack(0x0000005addb00000,0x0000005addc00000)]
  0x000001d0bc64c620 JavaThread "Notification Thread" daemon [_thread_blocked, id=62212, stack(0x0000005addd00000,0x0000005adde00000)]
  0x000001d0bc654f40 JavaThread "Common-Cleaner" daemon [_thread_blocked, id=46988, stack(0x0000005addf00000,0x0000005ade000000)]
  0x000001d0be283a60 JavaThread "boundedElastic-evictor-1" daemon [_thread_blocked, id=50256, stack(0x0000005ade700000,0x0000005ade800000)]
  0x000001d0be59f150 JavaThread "pool-9-thread-1" [_thread_blocked, id=62708, stack(0x0000005adfa00000,0x0000005adfb00000)]
  0x000001d0be59ec80 JavaThread "LanguageServerApp-lifecycle" [_thread_blocked, id=62820, stack(0x0000005adfb00000,0x0000005adfc00000)]
  0x000001d0be59f620 JavaThread "DestroyJavaVM" [_thread_blocked, id=57988, stack(0x0000005adcd00000,0x0000005adce00000)]
  0x000001d0be5a0490 JavaThread "pool-10-thread-1" [_thread_in_native, id=56904, stack(0x0000005adfc00000,0x0000005adfd00000)]
  0x000001d0be5a0960 JavaThread "Simple-Language-Server main thread" daemon [_thread_blocked, id=60160, stack(0x0000005adfd00000,0x0000005adfe00000)]
  0x000001d0c01376f0 JavaThread "pool-7-thread-1" [_thread_blocked, id=44804, stack(0x0000005ae0100000,0x0000005ae0200000)]
  0x000001d0c0133d30 JavaThread "parallel-1" daemon [_thread_blocked, id=60676, stack(0x0000005ae0200000,0x0000005ae0300000)]
  0x000001d0c01346d0 JavaThread "parallel-2" daemon [_thread_blocked, id=58360, stack(0x0000005ae0300000,0x0000005ae0400000)]
  0x000001d0c01329f0 JavaThread "Reconciler-1" daemon [_thread_blocked, id=61364, stack(0x0000005ae0400000,0x0000005ae0500000)]
  0x000001d0c0132520 JavaThread "parallel-3" daemon [_thread_blocked, id=46572, stack(0x0000005ae0500000,0x0000005ae0600000)]
  0x000001d0c0137220 JavaThread "parallel-4" daemon [_thread_blocked, id=62188, stack(0x0000005ae0c00000,0x0000005ae0d00000)]
  0x000001d0c0130d10 JavaThread "parallel-5" daemon [_thread_blocked, id=63420, stack(0x0000005ae0d00000,0x0000005ae0e00000)]
  0x000001d0c0132ec0 JavaThread "pool-5-thread-1" [_thread_blocked, id=11624, stack(0x0000005ae0e00000,0x0000005ae0f00000)]
  0x000001d0c01363b0 JavaThread "parallel-6" daemon [_thread_blocked, id=54688, stack(0x0000005ae0f00000,0x0000005ae1000000)]
  0x000001d0c01316b0 JavaThread "parallel-7" daemon [_thread_blocked, id=54284, stack(0x0000005ae1000000,0x0000005ae1100000)]
  0x000001d0c0134ba0 JavaThread "parallel-8" daemon [_thread_blocked, id=62056, stack(0x0000005addc00000,0x0000005addd00000)]

Other Threads:
=>0x000001d0bbb76480 VMThread "VM Thread" [stack: 0x0000005add300000,0x0000005add400000] [id=57332]
  0x000001d0bc64caf0 WatcherThread [stack: 0x0000005adde00000,0x0000005addf00000] [id=64324]
  0x000001d0ae910e00 GCTaskThread "GC Thread#0" [stack: 0x0000005adce00000,0x0000005adcf00000] [id=46072]
  0x000001d0bd0773d0 GCTaskThread "GC Thread#1" [stack: 0x0000005ade200000,0x0000005ade300000] [id=52864]
  0x000001d0bd077680 GCTaskThread "GC Thread#2" [stack: 0x0000005ade300000,0x0000005ade400000] [id=52092]
  0x000001d0bd0ccde0 GCTaskThread "GC Thread#3" [stack: 0x0000005ade400000,0x0000005ade500000] [id=38488]
  0x000001d0bd0cd090 GCTaskThread "GC Thread#4" [stack: 0x0000005ade500000,0x0000005ade600000] [id=60988]
  0x000001d0bd0cd340 GCTaskThread "GC Thread#5" [stack: 0x0000005ade600000,0x0000005ade700000] [id=56060]
  0x000001d0bde14370 GCTaskThread "GC Thread#6" [stack: 0x0000005ade800000,0x0000005ade900000] [id=59808]
  0x000001d0bde14a30 GCTaskThread "GC Thread#7" [stack: 0x0000005ade900000,0x0000005adea00000] [id=63108]
  0x000001d0ae921770 ConcurrentGCThread "G1 Main Marker" [stack: 0x0000005adcf00000,0x0000005add000000] [id=64388]
  0x000001d0ae923840 ConcurrentGCThread "G1 Conc#0" [stack: 0x0000005add000000,0x0000005add100000] [id=62084]
  0x000001d0bdf6d870 ConcurrentGCThread "G1 Conc#1" [stack: 0x0000005adea00000,0x0000005adeb00000] [id=50272]
  0x000001d0bb9e34e0 ConcurrentGCThread "G1 Refine#0" [stack: 0x0000005add100000,0x0000005add200000] [id=39064]
  0x000001d0c014e480 ConcurrentGCThread "G1 Refine#1" [stack: 0x0000005adfe00000,0x0000005adff00000] [id=58080]
  0x000001d0bceb4790 ConcurrentGCThread "G1 Refine#2" [stack: 0x0000005adff00000,0x0000005ae0000000] [id=61868]
  0x000001d0bcd8b7b0 ConcurrentGCThread "G1 Refine#3" [stack: 0x0000005ae0000000,0x0000005ae0100000] [id=39144]
  0x000001d0bc5ad730 ConcurrentGCThread "G1 Refine#4" [stack: 0x0000005ae1300000,0x0000005ae1400000] [id=59488]
  0x000001d0bc5ad170 ConcurrentGCThread "G1 Refine#5" [stack: 0x0000005ae1400000,0x0000005ae1500000] [id=44344]
  0x000001d0bc5ac310 ConcurrentGCThread "G1 Refine#6" [stack: 0x0000005ae1500000,0x0000005ae1600000] [id=64452]
  0x000001d0be7a3420 ConcurrentGCThread "G1 Refine#7" [stack: 0x0000005aded00000,0x0000005adee00000] [id=55788]
  0x000001d0bb9e4cc0 ConcurrentGCThread "G1 Service" [stack: 0x0000005add200000,0x0000005add300000] [id=53920]

Threads with active compile tasks:

VM state: at safepoint (normal execution)

VM Mutex/Monitor currently owned by a thread:  ([mutex/lock_event])
[0x000001d0ac6a48a0] Threads_lock - owner thread: 0x000001d0bbb76480
[0x000001d0ae8b3ca0] Heap_lock - owner thread: 0x000001d0be59f150

Heap address: 0x0000000083200000, size: 1998 MB, Compressed Oops mode: 32-bit

CDS archive(s) not mapped
Compressed class space mapped at: 0x0000000100000000-0x0000000140000000, reserved size: 1073741824
Narrow klass base: 0x0000000000000000, Narrow klass shift: 3, Narrow klass range: 0x140000000

GC Precious Log:
 CPUs: 8 total, 8 available
 Memory: 7987M
 Large Page Support: Disabled
 NUMA Support: Disabled
 Compressed Oops: Enabled (32-bit)
 Heap Region Size: 1M
 Heap Min Capacity: 8M
 Heap Initial Capacity: 126M
 Heap Max Capacity: 1998M
 Pre-touch: Disabled
 Parallel Workers: 8
 Concurrent Workers: 2
 Concurrent Refinement Workers: 8
 Periodic GC: Disabled

Heap:
 garbage-first heap   total 122880K, used 38389K [0x0000000083200000, 0x0000000100000000)
  region size 1024K, 1 young (1024K), 0 survivors (0K)
 Metaspace       used 54113K, committed 54528K, reserved 1097728K
  class space    used 7161K, committed 7360K, reserved 1048576K

Heap Regions: E=young(eden), S=young(survivor), O=old, HS=humongous(starts), HC=humongous(continues), CS=collection set, F=free, OA=open archive, CA=closed archive, TAMS=top-at-mark-start (previous, next)
|   0|0x0000000083200000, 0x0000000083300000, 0x0000000083300000|100%| O|  |TAMS 0x0000000083300000, 0x0000000083200000| Untracked 
|   1|0x0000000083300000, 0x00000000833fffc0, 0x0000000083400000| 99%| O|  |TAMS 0x00000000833fffc0, 0x0000000083300000| Untracked 
|   2|0x0000000083400000, 0x0000000083500000, 0x0000000083500000|100%| O|  |TAMS 0x0000000083500000, 0x0000000083400000| Untracked 
|   3|0x0000000083500000, 0x00000000835ffff0, 0x0000000083600000| 99%| O|  |TAMS 0x00000000835ffff0, 0x0000000083500000| Untracked 
|   4|0x0000000083600000, 0x00000000836fffd0, 0x0000000083700000| 99%| O|  |TAMS 0x00000000836fffd0, 0x0000000083600000| Untracked 
|   5|0x0000000083700000, 0x0000000083800000, 0x0000000083800000|100%| O|  |TAMS 0x0000000083800000, 0x0000000083700000| Untracked 
|   6|0x0000000083800000, 0x0000000083900000, 0x0000000083900000|100%| O|  |TAMS 0x0000000083900000, 0x0000000083800000| Untracked 
|   7|0x0000000083900000, 0x00000000839ffff8, 0x0000000083a00000| 99%| O|  |TAMS 0x00000000839ffff8, 0x0000000083900000| Untracked 
|   8|0x0000000083a00000, 0x0000000083affd10, 0x0000000083b00000| 99%| O|  |TAMS 0x0000000083affd10, 0x0000000083a00000| Untracked 
|   9|0x0000000083b00000, 0x0000000083bffaf0, 0x0000000083c00000| 99%| O|  |TAMS 0x0000000083bffaf0, 0x0000000083b00000| Untracked 
|  10|0x0000000083c00000, 0x0000000083cfffb8, 0x0000000083d00000| 99%| O|  |TAMS 0x0000000083cfffb8, 0x0000000083c00000| Untracked 
|  11|0x0000000083d00000, 0x0000000083dff988, 0x0000000083e00000| 99%| O|  |TAMS 0x0000000083dff988, 0x0000000083d00000| Untracked 
|  12|0x0000000083e00000, 0x0000000083efffd8, 0x0000000083f00000| 99%| O|  |TAMS 0x0000000083efffd8, 0x0000000083e00000| Untracked 
|  13|0x0000000083f00000, 0x0000000083fffff0, 0x0000000084000000| 99%| O|  |TAMS 0x0000000083fffff0, 0x0000000083f00000| Untracked 
|  14|0x0000000084000000, 0x00000000840ff5d8, 0x0000000084100000| 99%| O|  |TAMS 0x00000000840ff5d8, 0x0000000084000000| Untracked 
|  15|0x0000000084100000, 0x00000000841ffff0, 0x0000000084200000| 99%| O|  |TAMS 0x00000000841ffff0, 0x0000000084100000| Untracked 
|  16|0x0000000084200000, 0x0000000084300000, 0x0000000084300000|100%| O|  |TAMS 0x0000000084300000, 0x0000000084200000| Untracked 
|  17|0x0000000084300000, 0x00000000843fffd8, 0x0000000084400000| 99%| O|  |TAMS 0x00000000843fffd8, 0x0000000084300000| Untracked 
|  18|0x0000000084400000, 0x0000000084500000, 0x0000000084500000|100%| O|  |TAMS 0x0000000084500000, 0x0000000084400000| Untracked 
|  19|0x0000000084500000, 0x0000000084600000, 0x0000000084600000|100%| O|  |TAMS 0x0000000084600000, 0x0000000084500000| Untracked 
|  20|0x0000000084600000, 0x00000000846fffe8, 0x0000000084700000| 99%| O|  |TAMS 0x00000000846fffe8, 0x0000000084600000| Untracked 
|  21|0x0000000084700000, 0x0000000084800000, 0x0000000084800000|100%| O|  |TAMS 0x0000000084800000, 0x0000000084700000| Untracked 
|  22|0x0000000084800000, 0x00000000848fffa0, 0x0000000084900000| 99%| O|  |TAMS 0x00000000848fffa0, 0x0000000084800000| Untracked 
|  23|0x0000000084900000, 0x00000000849ffff8, 0x0000000084a00000| 99%| O|  |TAMS 0x00000000849ffff8, 0x0000000084900000| Untracked 
|  24|0x0000000084a00000, 0x0000000084afd1e0, 0x0000000084b00000| 98%| O|  |TAMS 0x0000000084afd1e0, 0x0000000084a00000| Untracked 
|  25|0x0000000084b00000, 0x0000000084bfee48, 0x0000000084c00000| 99%| O|  |TAMS 0x0000000084bfee48, 0x0000000084b00000| Untracked 
|  26|0x0000000084c00000, 0x0000000084cfd738, 0x0000000084d00000| 99%| O|  |TAMS 0x0000000084cfd738, 0x0000000084c00000| Untracked 
|  27|0x0000000084d00000, 0x0000000084dfffe8, 0x0000000084e00000| 99%| O|  |TAMS 0x0000000084dfffe8, 0x0000000084d00000| Untracked 
|  28|0x0000000084e00000, 0x0000000084f00000, 0x0000000084f00000|100%| O|  |TAMS 0x0000000084f00000, 0x0000000084e00000| Untracked 
|  29|0x0000000084f00000, 0x0000000084fffff8, 0x0000000085000000| 99%| O|  |TAMS 0x0000000084fffff8, 0x0000000084f00000| Untracked 
|  30|0x0000000085000000, 0x000000008507bb38, 0x0000000085100000| 48%| O|  |TAMS 0x0000000085000000, 0x0000000085000000| Untracked 
|  31|0x0000000085100000, 0x00000000851fffe0, 0x0000000085200000| 99%| O|  |TAMS 0x00000000851fffe0, 0x0000000085100000| Untracked 
|  32|0x0000000085200000, 0x0000000085210570, 0x0000000085300000|  6%| O|  |TAMS 0x0000000085200000, 0x0000000085200000| Untracked 
|  33|0x0000000085300000, 0x0000000085300000, 0x0000000085400000|  0%| F|  |TAMS 0x0000000085300000, 0x0000000085300000| Untracked 
|  34|0x0000000085400000, 0x0000000085400000, 0x0000000085500000|  0%| F|  |TAMS 0x0000000085400000, 0x0000000085400000| Untracked 
|  35|0x0000000085500000, 0x00000000855ffff0, 0x0000000085600000| 99%| O|  |TAMS 0x00000000855ffff0, 0x0000000085500000| Untracked 
|  36|0x0000000085600000, 0x0000000085600000, 0x0000000085700000|  0%| F|  |TAMS 0x0000000085600000, 0x0000000085600000| Untracked 
|  37|0x0000000085700000, 0x00000000857ffff0, 0x0000000085800000| 99%| O|  |TAMS 0x00000000857ffff0, 0x0000000085700000| Untracked 
|  38|0x0000000085800000, 0x0000000085800000, 0x0000000085900000|  0%| F|  |TAMS 0x0000000085800000, 0x0000000085800000| Untracked 
|  39|0x0000000085900000, 0x00000000859f9878, 0x0000000085a00000| 97%| O|  |TAMS 0x00000000859f9878, 0x0000000085900000| Untracked 
|  40|0x0000000085a00000, 0x0000000085a00000, 0x0000000085b00000|  0%| F|  |TAMS 0x0000000085a00000, 0x0000000085a00000| Untracked 
|  41|0x0000000085b00000, 0x0000000085b00000, 0x0000000085c00000|  0%| F|  |TAMS 0x0000000085b00000, 0x0000000085b00000| Untracked 
|  42|0x0000000085c00000, 0x0000000085c00000, 0x0000000085d00000|  0%| F|  |TAMS 0x0000000085c00000, 0x0000000085c00000| Untracked 
|  43|0x0000000085d00000, 0x0000000085d00000, 0x0000000085e00000|  0%| F|  |TAMS 0x0000000085d00000, 0x0000000085d00000| Untracked 
|  44|0x0000000085e00000, 0x0000000085e00000, 0x0000000085f00000|  0%| F|  |TAMS 0x0000000085e00000, 0x0000000085e00000| Untracked 
|  45|0x0000000085f00000, 0x0000000085f00000, 0x0000000086000000|  0%| F|  |TAMS 0x0000000085f00000, 0x0000000085f00000| Untracked 
|  46|0x0000000086000000, 0x0000000086000000, 0x0000000086100000|  0%| F|  |TAMS 0x0000000086000000, 0x0000000086000000| Untracked 
|  47|0x0000000086100000, 0x0000000086100000, 0x0000000086200000|  0%| F|  |TAMS 0x0000000086100000, 0x0000000086100000| Untracked 
|  48|0x0000000086200000, 0x0000000086200000, 0x0000000086300000|  0%| F|  |TAMS 0x0000000086200000, 0x0000000086200000| Untracked 
|  49|0x0000000086300000, 0x0000000086400000, 0x0000000086400000|100%|HS|  |TAMS 0x0000000086400000, 0x0000000086300000| Untracked 
|  50|0x0000000086400000, 0x0000000086400000, 0x0000000086500000|  0%| F|  |TAMS 0x0000000086400000, 0x0000000086400000| Untracked 
|  51|0x0000000086500000, 0x0000000086500000, 0x0000000086600000|  0%| F|  |TAMS 0x0000000086500000, 0x0000000086500000| Untracked 
|  52|0x0000000086600000, 0x0000000086600000, 0x0000000086700000|  0%| F|  |TAMS 0x0000000086600000, 0x0000000086600000| Untracked 
|  53|0x0000000086700000, 0x0000000086700000, 0x0000000086800000|  0%| F|  |TAMS 0x0000000086700000, 0x0000000086700000| Untracked 
|  54|0x0000000086800000, 0x0000000086800000, 0x0000000086900000|  0%| F|  |TAMS 0x0000000086800000, 0x0000000086800000| Untracked 
|  55|0x0000000086900000, 0x0000000086900000, 0x0000000086a00000|  0%| F|  |TAMS 0x0000000086900000, 0x0000000086900000| Untracked 
|  56|0x0000000086a00000, 0x0000000086a00000, 0x0000000086b00000|  0%| F|  |TAMS 0x0000000086a00000, 0x0000000086a00000| Untracked 
|  57|0x0000000086b00000, 0x0000000086b00000, 0x0000000086c00000|  0%| F|  |TAMS 0x0000000086b00000, 0x0000000086b00000| Untracked 
|  58|0x0000000086c00000, 0x0000000086c00000, 0x0000000086d00000|  0%| F|  |TAMS 0x0000000086c00000, 0x0000000086c00000| Untracked 
|  59|0x0000000086d00000, 0x0000000086d00000, 0x0000000086e00000|  0%| F|  |TAMS 0x0000000086d00000, 0x0000000086d00000| Untracked 
|  60|0x0000000086e00000, 0x0000000086e00000, 0x0000000086f00000|  0%| F|  |TAMS 0x0000000086e00000, 0x0000000086e00000| Untracked 
|  61|0x0000000086f00000, 0x0000000086f00000, 0x0000000087000000|  0%| F|  |TAMS 0x0000000086f00000, 0x0000000086f00000| Untracked 
|  62|0x0000000087000000, 0x0000000087000000, 0x0000000087100000|  0%| F|  |TAMS 0x0000000087000000, 0x0000000087000000| Untracked 
|  63|0x0000000087100000, 0x0000000087100000, 0x0000000087200000|  0%| F|  |TAMS 0x0000000087100000, 0x0000000087100000| Untracked 
|  64|0x0000000087200000, 0x0000000087200000, 0x0000000087300000|  0%| F|  |TAMS 0x0000000087200000, 0x0000000087200000| Untracked 
|  65|0x0000000087300000, 0x0000000087300000, 0x0000000087400000|  0%| F|  |TAMS 0x0000000087300000, 0x0000000087300000| Untracked 
|  66|0x0000000087400000, 0x0000000087500000, 0x0000000087500000|100%| O|  |TAMS 0x0000000087500000, 0x0000000087400000| Untracked 
|  67|0x0000000087500000, 0x0000000087500000, 0x0000000087600000|  0%| F|  |TAMS 0x0000000087500000, 0x0000000087500000| Untracked 
|  68|0x0000000087600000, 0x0000000087600000, 0x0000000087700000|  0%| F|  |TAMS 0x0000000087600000, 0x0000000087600000| Untracked 
|  69|0x0000000087700000, 0x0000000087700000, 0x0000000087800000|  0%| F|  |TAMS 0x0000000087700000, 0x0000000087700000| Untracked 
|  70|0x0000000087800000, 0x0000000087800000, 0x0000000087900000|  0%| F|  |TAMS 0x0000000087800000, 0x0000000087800000| Untracked 
|  71|0x0000000087900000, 0x0000000087900000, 0x0000000087a00000|  0%| F|  |TAMS 0x0000000087900000, 0x0000000087900000| Untracked 
|  72|0x0000000087a00000, 0x0000000087a00000, 0x0000000087b00000|  0%| F|  |TAMS 0x0000000087a00000, 0x0000000087a00000| Untracked 
|  73|0x0000000087b00000, 0x0000000087b00000, 0x0000000087c00000|  0%| F|  |TAMS 0x0000000087b00000, 0x0000000087b00000| Untracked 
|  74|0x0000000087c00000, 0x0000000087c00000, 0x0000000087d00000|  0%| F|  |TAMS 0x0000000087c00000, 0x0000000087c00000| Untracked 
|  75|0x0000000087d00000, 0x0000000087d00000, 0x0000000087e00000|  0%| F|  |TAMS 0x0000000087d00000, 0x0000000087d00000| Untracked 
|  76|0x0000000087e00000, 0x0000000087e00000, 0x0000000087f00000|  0%| F|  |TAMS 0x0000000087e00000, 0x0000000087e00000| Untracked 
|  77|0x0000000087f00000, 0x0000000087f00000, 0x0000000088000000|  0%| F|  |TAMS 0x0000000087f00000, 0x0000000087f00000| Untracked 
|  78|0x0000000088000000, 0x0000000088000000, 0x0000000088100000|  0%| F|  |TAMS 0x0000000088000000, 0x0000000088000000| Untracked 
|  79|0x0000000088100000, 0x0000000088100000, 0x0000000088200000|  0%| F|  |TAMS 0x0000000088100000, 0x0000000088100000| Untracked 
|  80|0x0000000088200000, 0x0000000088200000, 0x0000000088300000|  0%| F|  |TAMS 0x0000000088200000, 0x0000000088200000| Untracked 
|  81|0x0000000088300000, 0x0000000088300000, 0x0000000088400000|  0%| F|  |TAMS 0x0000000088300000, 0x0000000088300000| Untracked 
|  82|0x0000000088400000, 0x0000000088400000, 0x0000000088500000|  0%| F|  |TAMS 0x0000000088400000, 0x0000000088400000| Untracked 
|  83|0x0000000088500000, 0x0000000088500000, 0x0000000088600000|  0%| F|  |TAMS 0x0000000088500000, 0x0000000088500000| Untracked 
|  84|0x0000000088600000, 0x0000000088600000, 0x0000000088700000|  0%| F|  |TAMS 0x0000000088600000, 0x0000000088600000| Untracked 
|  85|0x0000000088700000, 0x0000000088700000, 0x0000000088800000|  0%| F|  |TAMS 0x0000000088700000, 0x0000000088700000| Untracked 
|  86|0x0000000088800000, 0x0000000088800000, 0x0000000088900000|  0%| F|  |TAMS 0x0000000088800000, 0x0000000088800000| Untracked 
|  87|0x0000000088900000, 0x0000000088900000, 0x0000000088a00000|  0%| F|  |TAMS 0x0000000088900000, 0x0000000088900000| Untracked 
|  88|0x0000000088a00000, 0x0000000088a00000, 0x0000000088b00000|  0%| F|  |TAMS 0x0000000088a00000, 0x0000000088a00000| Untracked 
|  89|0x0000000088b00000, 0x0000000088b00000, 0x0000000088c00000|  0%| F|  |TAMS 0x0000000088b00000, 0x0000000088b00000| Untracked 
|  90|0x0000000088c00000, 0x0000000088c00000, 0x0000000088d00000|  0%| F|  |TAMS 0x0000000088c00000, 0x0000000088c00000| Untracked 
|  91|0x0000000088d00000, 0x0000000088d00000, 0x0000000088e00000|  0%| F|  |TAMS 0x0000000088d00000, 0x0000000088d00000| Untracked 
|  92|0x0000000088e00000, 0x0000000088e00000, 0x0000000088f00000|  0%| F|  |TAMS 0x0000000088e00000, 0x0000000088e00000| Untracked 
|  93|0x0000000088f00000, 0x0000000088f00000, 0x0000000089000000|  0%| F|  |TAMS 0x0000000088f00000, 0x0000000088f00000| Untracked 
|  94|0x0000000089000000, 0x0000000089000000, 0x0000000089100000|  0%| F|  |TAMS 0x0000000089000000, 0x0000000089000000| Untracked 
|  95|0x0000000089100000, 0x0000000089100000, 0x0000000089200000|  0%| F|  |TAMS 0x0000000089100000, 0x0000000089100000| Untracked 
|  96|0x0000000089200000, 0x0000000089200000, 0x0000000089300000|  0%| F|  |TAMS 0x0000000089200000, 0x0000000089200000| Untracked 
|  97|0x0000000089300000, 0x0000000089300000, 0x0000000089400000|  0%| F|  |TAMS 0x0000000089300000, 0x0000000089300000| Untracked 
|  98|0x0000000089400000, 0x0000000089400000, 0x0000000089500000|  0%| F|  |TAMS 0x0000000089400000, 0x0000000089400000| Untracked 
|  99|0x0000000089500000, 0x0000000089500000, 0x0000000089600000|  0%| F|  |TAMS 0x0000000089500000, 0x0000000089500000| Untracked 
| 100|0x0000000089600000, 0x0000000089600000, 0x0000000089700000|  0%| F|  |TAMS 0x0000000089600000, 0x0000000089600000| Untracked 
| 101|0x0000000089700000, 0x0000000089700000, 0x0000000089800000|  0%| F|  |TAMS 0x0000000089700000, 0x0000000089700000| Untracked 
| 102|0x0000000089800000, 0x0000000089800000, 0x0000000089900000|  0%| F|  |TAMS 0x0000000089800000, 0x0000000089800000| Untracked 
| 103|0x0000000089900000, 0x0000000089900000, 0x0000000089a00000|  0%| F|  |TAMS 0x0000000089900000, 0x0000000089900000| Untracked 
| 104|0x0000000089a00000, 0x0000000089a00000, 0x0000000089b00000|  0%| F|  |TAMS 0x0000000089a00000, 0x0000000089a00000| Untracked 
| 105|0x0000000089b00000, 0x0000000089b00000, 0x0000000089c00000|  0%| F|  |TAMS 0x0000000089b00000, 0x0000000089b00000| Untracked 
| 106|0x0000000089c00000, 0x0000000089c00000, 0x0000000089d00000|  0%| F|  |TAMS 0x0000000089c00000, 0x0000000089c00000| Untracked 
| 107|0x0000000089d00000, 0x0000000089d00000, 0x0000000089e00000|  0%| F|  |TAMS 0x0000000089d00000, 0x0000000089d00000| Untracked 
| 108|0x0000000089e00000, 0x0000000089e00000, 0x0000000089f00000|  0%| F|  |TAMS 0x0000000089e00000, 0x0000000089e00000| Untracked 
| 109|0x0000000089f00000, 0x0000000089f00000, 0x000000008a000000|  0%| F|  |TAMS 0x0000000089f00000, 0x0000000089f00000| Untracked 
| 110|0x000000008a000000, 0x000000008a000000, 0x000000008a100000|  0%| F|  |TAMS 0x000000008a000000, 0x000000008a000000| Untracked 
| 111|0x000000008a100000, 0x000000008a100000, 0x000000008a200000|  0%| F|  |TAMS 0x000000008a100000, 0x000000008a100000| Untracked 
| 112|0x000000008a200000, 0x000000008a200000, 0x000000008a300000|  0%| F|  |TAMS 0x000000008a200000, 0x000000008a200000| Untracked 
| 113|0x000000008a300000, 0x000000008a300000, 0x000000008a400000|  0%| F|  |TAMS 0x000000008a300000, 0x000000008a300000| Untracked 
| 114|0x000000008a400000, 0x000000008a400000, 0x000000008a500000|  0%| F|  |TAMS 0x000000008a400000, 0x000000008a400000| Untracked 
| 115|0x000000008a500000, 0x000000008a500000, 0x000000008a600000|  0%| F|  |TAMS 0x000000008a500000, 0x000000008a500000| Untracked 
| 116|0x000000008a600000, 0x000000008a600000, 0x000000008a700000|  0%| F|  |TAMS 0x000000008a600000, 0x000000008a600000| Untracked 
| 117|0x000000008a700000, 0x000000008a700000, 0x000000008a800000|  0%| F|  |TAMS 0x000000008a700000, 0x000000008a700000| Untracked 
| 118|0x000000008a800000, 0x000000008a8058a8, 0x000000008a900000|  2%| E|  |TAMS 0x000000008a800000, 0x000000008a800000| Complete 
| 130|0x000000008b400000, 0x000000008b500000, 0x000000008b500000|100%| O|  |TAMS 0x000000008b500000, 0x000000008b400000| Untracked 

Card table byte_map: [0x000001d0b4a30000,0x000001d0b4e20000] _byte_map_base: 0x000001d0b4617000

Marking Bits (Prev, Next): (CMBitMap*) 0x000001d0ae911320, (CMBitMap*) 0x000001d0ae911360
 Prev Bits: [0x000001d0b5210000, 0x000001d0b7148000)
 Next Bits: [0x000001d0b7150000, 0x000001d0b9088000)

Polling page: 0x000001d0ae070000

Metaspace:

Usage:
  Non-class:     45.85 MB used.
      Class:      6.99 MB used.
       Both:     52.85 MB used.

Virtual space:
  Non-class space:       48.00 MB reserved,      46.06 MB ( 96%) committed,  6 nodes.
      Class space:        1.00 GB reserved,       7.19 MB ( <1%) committed,  1 nodes.
             Both:        1.05 GB reserved,      53.25 MB (  5%) committed. 

Chunk freelists:
   Non-Class:  2.01 MB
       Class:  818.00 KB
        Both:  2.81 MB

MaxMetaspaceSize: unlimited
CompressedClassSpaceSize: 1.00 GB
Initial GC threshold: 21.00 MB
Current GC threshold: 88.56 MB
CDS: off
MetaspaceReclaimPolicy: balanced
 - commit_granule_bytes: 65536.
 - commit_granule_words: 8192.
 - virtual_space_node_default_size: 1048576.
 - enlarge_chunks_in_place: 1.
 - new_chunks_are_fully_committed: 0.
 - uncommit_free_chunks: 1.
 - use_allocation_guard: 0.
 - handle_deallocations: 1.


Internal statistics:

num_allocs_failed_limit: 6.
num_arena_births: 642.
num_arena_deaths: 220.
num_vsnodes_births: 7.
num_vsnodes_deaths: 0.
num_space_committed: 852.
num_space_uncommitted: 0.
num_chunks_returned_to_freelist: 290.
num_chunks_taken_from_freelist: 2431.
num_chunk_merges: 76.
num_chunk_splits: 1623.
num_chunks_enlarged: 1247.
num_purges: 22.
num_inconsistent_stats: 0.

CodeCache: size=49152Kb used=22191Kb max_used=23687Kb free=26960Kb
 bounds [0x000001d0b1530000, 0x000001d0b2c70000, 0x000001d0b4530000]
 total_blobs=11810 nmethods=11195 adapters=540
 compilation: enabled
              stopped_count=0, restarted_count=0
 full_count=0

Compilation events (20 events):
Event: 5831.561 Thread 0x000001d0bc432020 11360       1       org.eclipse.jdt.internal.compiler.ast.QualifiedNameReference::resolveType (889 bytes)
Event: 5831.564 Thread 0x000001d0bc432020 nmethod 11360 0x000001d0b2b00310 code [0x000001d0b2b007c0, 0x000001d0b2b02278]
Event: 5831.564 Thread 0x000001d0bc432020 11362       1       org.eclipse.jdt.internal.compiler.lookup.MethodScope::findField (162 bytes)
Event: 5831.565 Thread 0x000001d0bc432020 nmethod 11362 0x000001d0b2aff190 code [0x000001d0b2aff420, 0x000001d0b2afff78]
Event: 5923.631 Thread 0x000001d0bc432020 11364       1       java.io.BufferedWriter::ensureOpen (18 bytes)
Event: 5923.632 Thread 0x000001d0bc432020 nmethod 11364 0x000001d0b2afee10 code [0x000001d0b2afefa0, 0x000001d0b2aff108]
Event: 5923.632 Thread 0x000001d0bc432020 11365       1       java.io.BufferedWriter::min (9 bytes)
Event: 5923.632 Thread 0x000001d0bc432020 nmethod 11365 0x000001d0b2afeb10 code [0x000001d0b2afeca0, 0x000001d0b2afed98]
Event: 5923.632 Thread 0x000001d0bc432020 11366   !   1       java.io.BufferedWriter::write (117 bytes)
Event: 5923.633 Thread 0x000001d0bc432020 nmethod 11366 0x000001d0b2afe310 code [0x000001d0b2afe4e0, 0x000001d0b2afe828]
Event: 5923.633 Thread 0x000001d0bc432020 11368 %     1       sun.nio.cs.ISO_8859_1$Encoder::implEncodeISOArray @ 3 (47 bytes)
Event: 5923.633 Thread 0x000001d0bc432020 nmethod 11368% 0x000001d0b2afde90 code [0x000001d0b2afe020, 0x000001d0b2afe1f8]
Event: 5923.633 Thread 0x000001d0bc432020 11367       1       java.util.HexFormat::<init> (50 bytes)
Event: 5923.634 Thread 0x000001d0bc432020 nmethod 11367 0x000001d0b2afd710 code [0x000001d0b2afd8e0, 0x000001d0b2afdd08]
Event: 5928.702 Thread 0x000001d0bc432020 11369       1       sun.nio.cs.ISO_8859_1$Encoder::implEncodeISOArray (47 bytes)
Event: 5928.702 Thread 0x000001d0bc432020 nmethod 11369 0x000001d0b2afd310 code [0x000001d0b2afd4a0, 0x000001d0b2afd5d8]
Event: 6057.989 Thread 0x000001d0bc432020 11370       1       java.lang.System::lineSeparator (4 bytes)
Event: 6057.989 Thread 0x000001d0bc432020 nmethod 11370 0x000001d0b2afd010 code [0x000001d0b2afd1a0, 0x000001d0b2afd258]
Event: 6057.989 Thread 0x000001d0bc432020 11371       1       java.io.BufferedWriter::newLine (8 bytes)
Event: 6057.989 Thread 0x000001d0bc432020 nmethod 11371 0x000001d0b2afcc90 code [0x000001d0b2afce20, 0x000001d0b2afcf28]

GC Heap History (20 events):
Event: 5993.427 GC heap before
{Heap before GC invocations=494 (full 311):
 garbage-first heap   total 122880K, used 38389K [0x0000000083200000, 0x0000000100000000)
  region size 1024K, 1 young (1024K), 0 survivors (0K)
 Metaspace       used 54113K, committed 54528K, reserved 1097728K
  class space    used 7161K, committed 7360K, reserved 1048576K
}
Event: 5993.478 GC heap after
{Heap after GC invocations=495 (full 312):
 garbage-first heap   total 122880K, used 38389K [0x0000000083200000, 0x0000000100000000)
  region size 1024K, 0 young (0K), 0 survivors (0K)
 Metaspace       used 54113K, committed 54528K, reserved 1097728K
  class space    used 7161K, committed 7360K, reserved 1048576K
}
Event: 6003.716 GC heap before
{Heap before GC invocations=495 (full 312):
 garbage-first heap   total 122880K, used 38389K [0x0000000083200000, 0x0000000100000000)
  region size 1024K, 1 young (1024K), 0 survivors (0K)
 Metaspace       used 54113K, committed 54528K, reserved 1097728K
  class space    used 7161K, committed 7360K, reserved 1048576K
}
Event: 6003.764 GC heap after
{Heap after GC invocations=496 (full 313):
 garbage-first heap   total 122880K, used 38389K [0x0000000083200000, 0x0000000100000000)
  region size 1024K, 0 young (0K), 0 survivors (0K)
 Metaspace       used 54113K, committed 54528K, reserved 1097728K
  class space    used 7161K, committed 7360K, reserved 1048576K
}
Event: 6013.977 GC heap before
{Heap before GC invocations=496 (full 313):
 garbage-first heap   total 122880K, used 38389K [0x0000000083200000, 0x0000000100000000)
  region size 1024K, 1 young (1024K), 0 survivors (0K)
 Metaspace       used 54113K, committed 54528K, reserved 1097728K
  class space    used 7161K, committed 7360K, reserved 1048576K
}
Event: 6014.027 GC heap after
{Heap after GC invocations=497 (full 314):
 garbage-first heap   total 122880K, used 38325K [0x0000000083200000, 0x0000000100000000)
  region size 1024K, 0 young (0K), 0 survivors (0K)
 Metaspace       used 54113K, committed 54528K, reserved 1097728K
  class space    used 7161K, committed 7360K, reserved 1048576K
}
Event: 6024.278 GC heap before
{Heap before GC invocations=497 (full 314):
 garbage-first heap   total 122880K, used 38325K [0x0000000083200000, 0x0000000100000000)
  region size 1024K, 1 young (1024K), 0 survivors (0K)
 Metaspace       used 54113K, committed 54528K, reserved 1097728K
  class space    used 7161K, committed 7360K, reserved 1048576K
}
Event: 6024.340 GC heap after
{Heap after GC invocations=498 (full 315):
 garbage-first heap   total 122880K, used 38325K [0x0000000083200000, 0x0000000100000000)
  region size 1024K, 0 young (0K), 0 survivors (0K)
 Metaspace       used 54113K, committed 54528K, reserved 1097728K
  class space    used 7161K, committed 7360K, reserved 1048576K
}
Event: 6034.601 GC heap before
{Heap before GC invocations=498 (full 315):
 garbage-first heap   total 122880K, used 38325K [0x0000000083200000, 0x0000000100000000)
  region size 1024K, 1 young (1024K), 0 survivors (0K)
 Metaspace       used 54113K, committed 54528K, reserved 1097728K
  class space    used 7161K, committed 7360K, reserved 1048576K
}
Event: 6034.673 GC heap after
{Heap after GC invocations=499 (full 316):
 garbage-first heap   total 122880K, used 38325K [0x0000000083200000, 0x0000000100000000)
  region size 1024K, 0 young (0K), 0 survivors (0K)
 Metaspace       used 54113K, committed 54528K, reserved 1097728K
  class space    used 7161K, committed 7360K, reserved 1048576K
}
Event: 6044.919 GC heap before
{Heap before GC invocations=499 (full 316):
 garbage-first heap   total 122880K, used 38325K [0x0000000083200000, 0x0000000100000000)
  region size 1024K, 1 young (1024K), 0 survivors (0K)
 Metaspace       used 54113K, committed 54528K, reserved 1097728K
  class space    used 7161K, committed 7360K, reserved 1048576K
}
Event: 6044.978 GC heap after
{Heap after GC invocations=500 (full 317):
 garbage-first heap   total 122880K, used 38325K [0x0000000083200000, 0x0000000100000000)
  region size 1024K, 0 young (0K), 0 survivors (0K)
 Metaspace       used 54113K, committed 54528K, reserved 1097728K
  class space    used 7161K, committed 7360K, reserved 1048576K
}
Event: 6055.478 GC heap before
{Heap before GC invocations=500 (full 317):
 garbage-first heap   total 122880K, used 38325K [0x0000000083200000, 0x0000000100000000)
  region size 1024K, 1 young (1024K), 0 survivors (0K)
 Metaspace       used 54113K, committed 54528K, reserved 1097728K
  class space    used 7161K, committed 7360K, reserved 1048576K
}
Event: 6055.548 GC heap after
{Heap after GC invocations=501 (full 318):
 garbage-first heap   total 122880K, used 38325K [0x0000000083200000, 0x0000000100000000)
  region size 1024K, 0 young (0K), 0 survivors (0K)
 Metaspace       used 54113K, committed 54528K, reserved 1097728K
  class space    used 7161K, committed 7360K, reserved 1048576K
}
Event: 6065.832 GC heap before
{Heap before GC invocations=501 (full 318):
 garbage-first heap   total 122880K, used 39349K [0x0000000083200000, 0x0000000100000000)
  region size 1024K, 2 young (2048K), 0 survivors (0K)
 Metaspace       used 54113K, committed 54528K, reserved 1097728K
  class space    used 7161K, committed 7360K, reserved 1048576K
}
Event: 6065.883 GC heap after
{Heap after GC invocations=502 (full 319):
 garbage-first heap   total 122880K, used 38389K [0x0000000083200000, 0x0000000100000000)
  region size 1024K, 0 young (0K), 0 survivors (0K)
 Metaspace       used 54113K, committed 54528K, reserved 1097728K
  class space    used 7161K, committed 7360K, reserved 1048576K
}
Event: 6076.137 GC heap before
{Heap before GC invocations=502 (full 319):
 garbage-first heap   total 122880K, used 38389K [0x0000000083200000, 0x0000000100000000)
  region size 1024K, 1 young (1024K), 0 survivors (0K)
 Metaspace       used 54113K, committed 54528K, reserved 1097728K
  class space    used 7161K, committed 7360K, reserved 1048576K
}
Event: 6076.190 GC heap after
{Heap after GC invocations=503 (full 320):
 garbage-first heap   total 122880K, used 38389K [0x0000000083200000, 0x0000000100000000)
  region size 1024K, 0 young (0K), 0 survivors (0K)
 Metaspace       used 54113K, committed 54528K, reserved 1097728K
  class space    used 7161K, committed 7360K, reserved 1048576K
}
Event: 6086.469 GC heap before
{Heap before GC invocations=503 (full 320):
 garbage-first heap   total 122880K, used 38389K [0x0000000083200000, 0x0000000100000000)
  region size 1024K, 1 young (1024K), 0 survivors (0K)
 Metaspace       used 54113K, committed 54528K, reserved 1097728K
  class space    used 7161K, committed 7360K, reserved 1048576K
}
Event: 6086.524 GC heap after
{Heap after GC invocations=504 (full 321):
 garbage-first heap   total 122880K, used 38389K [0x0000000083200000, 0x0000000100000000)
  region size 1024K, 0 young (0K), 0 survivors (0K)
 Metaspace       used 54113K, committed 54528K, reserved 1097728K
  class space    used 7161K, committed 7360K, reserved 1048576K
}

Deoptimization events (20 events):
Event: 1753.779 Thread 0x000001d0c0132ec0 DEOPT PACKING pc=0x000001d0b286db9d sp=0x0000005ae0efdec0
Event: 1753.779 Thread 0x000001d0c0132ec0 DEOPT UNPACKING pc=0x000001d0b1586763 sp=0x0000005ae0efd3f0 mode 3
Event: 1816.294 Thread 0x000001d0be59d940 DEOPT PACKING pc=0x000001d0b263643b sp=0x0000005adcafe6a0
Event: 1816.294 Thread 0x000001d0be59d940 DEOPT UNPACKING pc=0x000001d0b1586763 sp=0x0000005adcafdb78 mode 3
Event: 1858.285 Thread 0x000001d0be59d940 DEOPT PACKING pc=0x000001d0b2794c8f sp=0x0000005adcafe2d0
Event: 1858.285 Thread 0x000001d0be59d940 DEOPT UNPACKING pc=0x000001d0b1586763 sp=0x0000005adcafd820 mode 3
Event: 1898.515 Thread 0x000001d0be59ffc0 DEOPT PACKING pc=0x000001d0b2a1d70f sp=0x0000005adccfd6f0
Event: 1898.515 Thread 0x000001d0be59ffc0 DEOPT UNPACKING pc=0x000001d0b1586763 sp=0x0000005adccfcbf8 mode 3
Event: 1906.799 Thread 0x000001d0be59d940 DEOPT PACKING pc=0x000001d0b2781dab sp=0x0000005adcafe450
Event: 1906.799 Thread 0x000001d0be59d940 DEOPT UNPACKING pc=0x000001d0b1586763 sp=0x0000005adcafd950 mode 3
Event: 2016.276 Thread 0x000001d0be59faf0 DEOPT PACKING pc=0x000001d0b2a1b251 sp=0x0000005adcbfdd70
Event: 2016.276 Thread 0x000001d0be59faf0 DEOPT UNPACKING pc=0x000001d0b1586763 sp=0x0000005adcbfd258 mode 3
Event: 3613.700 Thread 0x000001d0be59faf0 DEOPT PACKING pc=0x000001d0b28c198f sp=0x0000005adcafd6d0
Event: 3613.700 Thread 0x000001d0be59faf0 DEOPT UNPACKING pc=0x000001d0b1586763 sp=0x0000005adcafcca0 mode 3
Event: 3621.432 Thread 0x000001d0be59faf0 DEOPT PACKING pc=0x000001d0b20fd8ab sp=0x0000005adcafe690
Event: 3621.432 Thread 0x000001d0be59faf0 DEOPT UNPACKING pc=0x000001d0b1586763 sp=0x0000005adcafdc20 mode 3
Event: 3695.914 Thread 0x000001d0be59ffc0 DEOPT PACKING pc=0x000001d0b1878236 sp=0x0000005adcbfd3a0
Event: 3695.914 Thread 0x000001d0be59ffc0 DEOPT UNPACKING pc=0x000001d0b1586763 sp=0x0000005adcbfc8c0 mode 3
Event: 5046.562 Thread 0x000001d0be5a0e30 DEOPT PACKING pc=0x000001d0b29514f8 sp=0x0000005adcbfcba0
Event: 5046.564 Thread 0x000001d0be5a0e30 DEOPT UNPACKING pc=0x000001d0b1586763 sp=0x0000005adcbfc120 mode 3

Classes unloaded (20 events):
Event: 4017.446 Thread 0x000001d0bbb76480 Unloading class 0x0000000100203000 'jdk/internal/reflect/GeneratedConstructorAccessor63'
Event: 4017.446 Thread 0x000001d0bbb76480 Unloading class 0x000000010020a400 'jdk/internal/reflect/GeneratedMethodAccessor60'
Event: 4017.446 Thread 0x000001d0bbb76480 Unloading class 0x0000000100384800 'jdk/internal/reflect/GeneratedMethodAccessor59'
Event: 4017.446 Thread 0x000001d0bbb76480 Unloading class 0x0000000100410000 'jdk/internal/reflect/GeneratedMethodAccessor58'
Event: 4179.777 Thread 0x000001d0bbb76480 Unloading class 0x00000001004e4000 'jdk/internal/reflect/GeneratedMethodAccessor68'
Event: 4179.777 Thread 0x000001d0bbb76480 Unloading class 0x0000000100410000 'jdk/internal/reflect/GeneratedConstructorAccessor69'
Event: 4179.777 Thread 0x000001d0bbb76480 Unloading class 0x0000000100384800 'jdk/internal/reflect/GeneratedMethodAccessor67'
Event: 4179.777 Thread 0x000001d0bbb76480 Unloading class 0x000000010020a400 'jdk/internal/reflect/GeneratedConstructorAccessor68'
Event: 4179.777 Thread 0x000001d0bbb76480 Unloading class 0x0000000100203000 'jdk/internal/reflect/GeneratedMethodAccessor66'
Event: 4179.777 Thread 0x000001d0bbb76480 Unloading class 0x0000000100201800 'jdk/internal/reflect/GeneratedMethodAccessor65'
Event: 4179.777 Thread 0x000001d0bbb76480 Unloading class 0x00000001000d2800 'jdk/internal/reflect/GeneratedMethodAccessor64'
Event: 4190.039 Thread 0x000001d0bbb76480 Unloading class 0x00000001000d2000 'jdk/internal/reflect/GeneratedConstructorAccessor67'
Event: 5656.738 Thread 0x000001d0bbb76480 Unloading class 0x00000001000d2800 'jdk/internal/reflect/GeneratedMethodAccessor73'
Event: 5656.738 Thread 0x000001d0bbb76480 Unloading class 0x0000000100201800 'jdk/internal/reflect/GeneratedConstructorAccessor72'
Event: 5656.738 Thread 0x000001d0bbb76480 Unloading class 0x0000000100203000 'jdk/internal/reflect/GeneratedMethodAccessor72'
Event: 5656.738 Thread 0x000001d0bbb76480 Unloading class 0x000000010020a400 'jdk/internal/reflect/GeneratedConstructorAccessor71'
Event: 5656.738 Thread 0x000001d0bbb76480 Unloading class 0x0000000100384800 'jdk/internal/reflect/GeneratedMethodAccessor71'
Event: 5656.738 Thread 0x000001d0bbb76480 Unloading class 0x0000000100410000 'jdk/internal/reflect/GeneratedMethodAccessor70'
Event: 5656.738 Thread 0x000001d0bbb76480 Unloading class 0x00000001004e4000 'jdk/internal/reflect/GeneratedMethodAccessor69'
Event: 5667.011 Thread 0x000001d0bbb76480 Unloading class 0x00000001000d2000 'jdk/internal/reflect/GeneratedConstructorAccessor70'

Classes redefined (0 events):
No events

Internal exceptions (20 events):
Event: 5512.631 Thread 0x000001d0c0132ec0 Exception <a 'java/lang/ArrayIndexOutOfBoundsException'{0x0000000089b9e0c8}> (0x0000000089b9e0c8) 
thrown [s\src\hotspot\share\runtime\sharedRuntime.cpp, line 628]
Event: 5516.428 Thread 0x000001d0be5a1300 Exception <a 'java/lang/ArrayIndexOutOfBoundsException'{0x000000008805cff8}> (0x000000008805cff8) 
thrown [s\src\hotspot\share\runtime\sharedRuntime.cpp, line 628]
Event: 5517.087 Thread 0x000001d0c0132ec0 Exception <a 'java/lang/ArrayIndexOutOfBoundsException'{0x000000008a6b9ee8}> (0x000000008a6b9ee8) 
thrown [s\src\hotspot\share\runtime\sharedRuntime.cpp, line 628]
Event: 5518.008 Thread 0x000001d0be59faf0 Exception <a 'java/lang/ArrayIndexOutOfBoundsException'{0x0000000088b48d60}> (0x0000000088b48d60) 
thrown [s\src\hotspot\share\runtime\sharedRuntime.cpp, line 628]
Event: 5519.147 Thread 0x000001d0be5a1300 Exception <a 'java/lang/ArrayIndexOutOfBoundsException'{0x00000000875ffd88}> (0x00000000875ffd88) 
thrown [s\src\hotspot\share\runtime\sharedRuntime.cpp, line 628]
Event: 5519.722 Thread 0x000001d0c0132ec0 Exception <a 'java/lang/ArrayIndexOutOfBoundsException'{0x000000008993e5d8}> (0x000000008993e5d8) 
thrown [s\src\hotspot\share\runtime\sharedRuntime.cpp, line 628]
Event: 5523.149 Thread 0x000001d0be59faf0 Exception <a 'java/lang/ArrayIndexOutOfBoundsException'{0x0000000087fd44d0}> (0x0000000087fd44d0) 
thrown [s\src\hotspot\share\runtime\sharedRuntime.cpp, line 628]
Event: 5524.099 Thread 0x000001d0be5a1300 Exception <a 'java/lang/ArrayIndexOutOfBoundsException'{0x000000008a1e2a68}> (0x000000008a1e2a68) 
thrown [s\src\hotspot\share\runtime\sharedRuntime.cpp, line 628]
Event: 5524.860 Thread 0x000001d0be59faf0 Exception <a 'java/lang/ArrayIndexOutOfBoundsException'{0x0000000088941850}> (0x0000000088941850) 
thrown [s\src\hotspot\share\runtime\sharedRuntime.cpp, line 628]
Event: 5528.666 Thread 0x000001d0be59faf0 Exception <a 'java/lang/ArrayIndexOutOfBoundsException'{0x0000000087230bd8}> (0x0000000087230bd8) 
thrown [s\src\hotspot\share\runtime\sharedRuntime.cpp, line 628]
Event: 5529.443 Thread 0x000001d0c0132ec0 Exception <a 'java/lang/ArrayIndexOutOfBoundsException'{0x00000000898a0dc0}> (0x00000000898a0dc0) 
thrown [s\src\hotspot\share\runtime\sharedRuntime.cpp, line 628]
Event: 5547.278 Thread 0x000001d0be59faf0 Exception <a 'java/lang/ArrayIndexOutOfBoundsException'{0x0000000087b834e8}> (0x0000000087b834e8) 
thrown [s\src\hotspot\share\runtime\sharedRuntime.cpp, line 628]
Event: 5548.017 Thread 0x000001d0c0132ec0 Exception <a 'java/lang/ArrayIndexOutOfBoundsException'{0x000000008a2ce798}> (0x000000008a2ce798) 
thrown [s\src\hotspot\share\runtime\sharedRuntime.cpp, line 628]
Event: 5559.259 Thread 0x000001d0be5a1300 Exception <a 'java/lang/ArrayIndexOutOfBoundsException'{0x0000000088540958}> (0x0000000088540958) 
thrown [s\src\hotspot\share\runtime\sharedRuntime.cpp, line 628]
Event: 5560.116 Thread 0x000001d0be5a1300 Exception <a 'java/lang/ArrayIndexOutOfBoundsException'{0x0000000089a0e8a0}> (0x0000000089a0e8a0) 
thrown [s\src\hotspot\share\runtime\sharedRuntime.cpp, line 628]
Event: 5560.517 Thread 0x000001d0be59faf0 Exception <a 'java/lang/ArrayIndexOutOfBoundsException'{0x00000000884f3978}> (0x00000000884f3978) 
thrown [s\src\hotspot\share\runtime\sharedRuntime.cpp, line 628]
Event: 5561.259 Thread 0x000001d0c0132ec0 Exception <a 'java/lang/ArrayIndexOutOfBoundsException'{0x000000008a8a6478}> (0x000000008a8a6478) 
thrown [s\src\hotspot\share\runtime\sharedRuntime.cpp, line 628]
Event: 5568.907 Thread 0x000001d0be59faf0 Exception <a 'java/lang/ArrayIndexOutOfBoundsException'{0x0000000087fabc30}> (0x0000000087fabc30) 
thrown [s\src\hotspot\share\runtime\sharedRuntime.cpp, line 628]
Event: 5569.291 Thread 0x000001d0be5a1300 Exception <a 'java/lang/ArrayIndexOutOfBoundsException'{0x0000000089ceb258}> (0x0000000089ceb258) 
thrown [s\src\hotspot\share\runtime\sharedRuntime.cpp, line 628]
Event: 5570.029 Thread 0x000001d0c0132ec0 Exception <a 'java/lang/ArrayIndexOutOfBoundsException'{0x0000000088af1128}> (0x0000000088af1128) 
thrown [s\src\hotspot\share\runtime\sharedRuntime.cpp, line 628]

VM Operations (20 events):
Event: 5993.479 Executing VM operation: G1CollectFull done
Event: 6003.716 Executing VM operation: G1CollectFull
Event: 6003.764 Executing VM operation: G1CollectFull done
Event: 6013.977 Executing VM operation: G1CollectFull
Event: 6014.027 Executing VM operation: G1CollectFull done
Event: 6024.278 Executing VM operation: G1CollectFull
Event: 6024.340 Executing VM operation: G1CollectFull done
Event: 6034.601 Executing VM operation: G1CollectFull
Event: 6034.674 Executing VM operation: G1CollectFull done
Event: 6044.919 Executing VM operation: G1CollectFull
Event: 6044.978 Executing VM operation: G1CollectFull done
Event: 6055.478 Executing VM operation: G1CollectFull
Event: 6055.548 Executing VM operation: G1CollectFull done
Event: 6065.832 Executing VM operation: G1CollectFull
Event: 6065.883 Executing VM operation: G1CollectFull done
Event: 6076.136 Executing VM operation: G1CollectFull
Event: 6076.190 Executing VM operation: G1CollectFull done
Event: 6086.469 Executing VM operation: G1CollectFull
Event: 6086.524 Executing VM operation: G1CollectFull done
Event: 6097.591 Executing VM operation: G1CollectFull

Events (20 events):
Event: 5518.630 Thread 0x000001d0c01ff080 Thread added: 0x000001d0c01ff080
Event: 5518.630 Thread 0x000001d0bc4a88f0 Thread added: 0x000001d0bc4a88f0
Event: 5519.719 Thread 0x000001d0bc4a88f0 Thread exited: 0x000001d0bc4a88f0
Event: 5522.745 Thread 0x000001d0c01ff080 Thread exited: 0x000001d0c01ff080
Event: 5522.745 Thread 0x000001d0bc5e8400 Thread exited: 0x000001d0bc5e8400
Event: 5524.572 Thread 0x000001d0be59e2e0 Thread added: 0x000001d0be59e2e0
Event: 5559.799 Thread 0x000001d0bc5e8400 Thread added: 0x000001d0bc5e8400
Event: 5566.245 Thread 0x000001d0bc5e8400 Thread exited: 0x000001d0bc5e8400
Event: 5629.156 Thread 0x000001d0be59faf0 Thread exited: 0x000001d0be59faf0
Event: 5672.086 Thread 0x000001d0be5a0e30 Thread exited: 0x000001d0be5a0e30
Event: 5672.626 Thread 0x000001d0be5a1300 Thread exited: 0x000001d0be5a1300
Event: 5723.619 Thread 0x000001d0be59faf0 Thread added: 0x000001d0be59faf0
Event: 5736.550 Thread 0x000001d0be59ffc0 Thread added: 0x000001d0be59ffc0
Event: 5796.556 Thread 0x000001d0be59faf0 Thread exited: 0x000001d0be59faf0
Event: 5796.588 Thread 0x000001d0be59e2e0 Thread exited: 0x000001d0be59e2e0
Event: 5796.588 Thread 0x000001d0be59ffc0 Thread exited: 0x000001d0be59ffc0
Event: 5803.781 Thread 0x000001d0be59e2e0 Thread added: 0x000001d0be59e2e0
Event: 5803.994 Thread 0x000001d0be5a1300 Thread added: 0x000001d0be5a1300
Event: 5891.557 Thread 0x000001d0be5a1300 Thread exited: 0x000001d0be5a1300
Event: 5891.572 Thread 0x000001d0be59e2e0 Thread exited: 0x000001d0be59e2e0


Dynamic libraries:
0x00007ff7f3d00000 - 0x00007ff7f3d0e000 	c:\Users\datea\.vscode\extensions\redhat.java-1.11.0-win32-x64\jre\17.0.4.1-win32-x86_64\bin\java.exe
0x00007ff8b61f0000 - 0x00007ff8b6409000 	C:\WINDOWS\SYSTEM32\ntdll.dll
0x00007ff8b5280000 - 0x00007ff8b5342000 	C:\WINDOWS\System32\KERNEL32.DLL
0x00007ff8b3a10000 - 0x00007ff8b3daf000 	C:\WINDOWS\System32\KERNELBASE.dll
0x00007ff8b0430000 - 0x00007ff8b04c6000 	C:\WINDOWS\SYSTEM32\apphelp.dll
0x00007ff8b3700000 - 0x00007ff8b381b000 	C:\WINDOWS\System32\ucrtbase.dll
0x00007ff8a3170000 - 0x00007ff8a3189000 	c:\Users\datea\.vscode\extensions\redhat.java-1.11.0-win32-x64\jre\17.0.4.1-win32-x86_64\bin\VCRUNTIME140.dll
0x00007ff8a3370000 - 0x00007ff8a3388000 	c:\Users\datea\.vscode\extensions\redhat.java-1.11.0-win32-x64\jre\17.0.4.1-win32-x86_64\bin\jli.dll
0x00007ff8b4ee0000 - 0x00007ff8b508c000 	C:\WINDOWS\System32\USER32.dll
0x00007ff898920000 - 0x00007ff898bb1000 	C:\WINDOWS\WinSxS\amd64_microsoft.windows.common-controls_6595b64144ccf1df_6.0.25217.1000_none_7b59e1e7f1b57804\COMCTL32.dll
0x00007ff8b4b40000 - 0x00007ff8b4be7000 	C:\WINDOWS\System32\msvcrt.dll
0x00007ff8b38c0000 - 0x00007ff8b38e6000 	C:\WINDOWS\System32\win32u.dll
0x00007ff8b6040000 - 0x00007ff8b6069000 	C:\WINDOWS\System32\GDI32.dll
0x00007ff8b38f0000 - 0x00007ff8b3a06000 	C:\WINDOWS\System32\gdi32full.dll
0x00007ff8b3820000 - 0x00007ff8b38ba000 	C:\WINDOWS\System32\msvcp_win.dll
0x00007ff8b5090000 - 0x00007ff8b50c1000 	C:\WINDOWS\System32\IMM32.DLL
0x00007ff8b0320000 - 0x00007ff8b032c000 	c:\Users\datea\.vscode\extensions\redhat.java-1.11.0-win32-x64\jre\17.0.4.1-win32-x86_64\bin\vcruntime140_1.dll
0x00007ff8484f0000 - 0x00007ff848581000 	c:\Users\datea\.vscode\extensions\redhat.java-1.11.0-win32-x64\jre\17.0.4.1-win32-x86_64\bin\msvcp140.dll
0x00007ff81ab00000 - 0x00007ff81b746000 	c:\Users\datea\.vscode\extensions\redhat.java-1.11.0-win32-x64\jre\17.0.4.1-win32-x86_64\bin\server\jvm.dll
0x00007ff8b4e10000 - 0x00007ff8b4ebe000 	C:\WINDOWS\System32\ADVAPI32.dll
0x00007ff8b50d0000 - 0x00007ff8b5176000 	C:\WINDOWS\System32\sechost.dll
0x00007ff8b6080000 - 0x00007ff8b61a7000 	C:\WINDOWS\System32\RPCRT4.dll
0x00007ff8b5800000 - 0x00007ff8b5808000 	C:\WINDOWS\System32\PSAPI.DLL
0x00007ff89a6c0000 - 0x00007ff89a6c9000 	C:\WINDOWS\SYSTEM32\WSOCK32.dll
0x00007ff8b4020000 - 0x00007ff8b408f000 	C:\WINDOWS\System32\WS2_32.dll
0x00007ff8ac610000 - 0x00007ff8ac645000 	C:\WINDOWS\SYSTEM32\WINMM.dll
0x00007ff8ac600000 - 0x00007ff8ac60a000 	C:\WINDOWS\SYSTEM32\VERSION.dll
0x00007ff8b2560000 - 0x00007ff8b2578000 	C:\WINDOWS\SYSTEM32\kernel.appcore.dll
0x00007ff8ac8c0000 - 0x00007ff8ac8ca000 	c:\Users\datea\.vscode\extensions\redhat.java-1.11.0-win32-x64\jre\17.0.4.1-win32-x86_64\bin\jimage.dll
0x00007ff8b0e90000 - 0x00007ff8b10c3000 	C:\WINDOWS\SYSTEM32\DBGHELP.DLL
0x00007ff8b4520000 - 0x00007ff8b48a3000 	C:\WINDOWS\System32\combase.dll
0x00007ff8b48b0000 - 0x00007ff8b4988000 	C:\WINDOWS\System32\OLEAUT32.dll
0x00007ff8a1880000 - 0x00007ff8a18b2000 	C:\WINDOWS\SYSTEM32\dbgcore.DLL
0x00007ff8b3f40000 - 0x00007ff8b3fb9000 	C:\WINDOWS\System32\bcryptPrimitives.dll
0x00007ff8a00a0000 - 0x00007ff8a00c5000 	c:\Users\datea\.vscode\extensions\redhat.java-1.11.0-win32-x64\jre\17.0.4.1-win32-x86_64\bin\java.dll
0x00007ff89a7a0000 - 0x00007ff89a7b8000 	c:\Users\datea\.vscode\extensions\redhat.java-1.11.0-win32-x64\jre\17.0.4.1-win32-x86_64\bin\zip.dll
0x00007ff8b5860000 - 0x00007ff8b602f000 	C:\WINDOWS\System32\SHELL32.dll
0x00007ff8b14d0000 - 0x00007ff8b1d65000 	C:\WINDOWS\SYSTEM32\windows.storage.dll
0x00007ff8b1330000 - 0x00007ff8b14c3000 	C:\WINDOWS\SYSTEM32\wintypes.dll
0x00007ff8b4260000 - 0x00007ff8b434b000 	C:\WINDOWS\System32\SHCORE.dll
0x00007ff8b3fc0000 - 0x00007ff8b401d000 	C:\WINDOWS\System32\shlwapi.dll
0x00007ff8b3500000 - 0x00007ff8b3521000 	C:\WINDOWS\SYSTEM32\profapi.dll
0x00007ff8a0050000 - 0x00007ff8a0069000 	C:\Users\datea\.vscode\extensions\redhat.java-1.11.0-win32-x64\jre\17.0.4.1-win32-x86_64\bin\net.dll
0x00007ff8ac450000 - 0x00007ff8ac57b000 	C:\WINDOWS\SYSTEM32\WINHTTP.dll
0x00007ff8b2a30000 - 0x00007ff8b2a99000 	C:\WINDOWS\system32\mswsock.dll
0x00007ff89ed20000 - 0x00007ff89ed35000 	C:\Users\datea\.vscode\extensions\redhat.java-1.11.0-win32-x64\jre\17.0.4.1-win32-x86_64\bin\nio.dll
0x00007ff89e340000 - 0x00007ff89e350000 	c:\Users\datea\.vscode\extensions\redhat.java-1.11.0-win32-x64\jre\17.0.4.1-win32-x86_64\bin\verify.dll
0x00007ff8b0360000 - 0x00007ff8b0369000 	C:\Users\datea\.vscode\extensions\redhat.java-1.11.0-win32-x64\jre\17.0.4.1-win32-x86_64\bin\management.dll
0x00007ff8a3fe0000 - 0x00007ff8a3feb000 	C:\Users\datea\.vscode\extensions\redhat.java-1.11.0-win32-x64\jre\17.0.4.1-win32-x86_64\bin\management_ext.dll
0x00007ff8af8b0000 - 0x00007ff8af8c7000 	C:\WINDOWS\system32\napinsp.dll
0x00007ff8af890000 - 0x00007ff8af8aa000 	C:\WINDOWS\system32\pnrpnsp.dll
0x00007ff852710000 - 0x00007ff852731000 	C:\WINDOWS\system32\nlansp_c.dll
0x00007ff8b2040000 - 0x00007ff8b213f000 	C:\WINDOWS\SYSTEM32\DNSAPI.dll
0x00007ff8b1fd0000 - 0x00007ff8b1ffe000 	C:\WINDOWS\SYSTEM32\IPHLPAPI.DLL
0x00007ff8b4990000 - 0x00007ff8b4999000 	C:\WINDOWS\System32\NSI.dll
0x00007ff8af870000 - 0x00007ff8af881000 	C:\WINDOWS\System32\winrnr.dll
0x00007ff87af50000 - 0x00007ff87af65000 	C:\WINDOWS\system32\wshbth.dll
0x00007ff8aba30000 - 0x00007ff8aba3a000 	C:\Windows\System32\rasadhlp.dll
0x00007ff8aba90000 - 0x00007ff8abb14000 	C:\WINDOWS\System32\fwpuclnt.dll
0x00007ff8b2cb0000 - 0x00007ff8b2ccb000 	C:\WINDOWS\SYSTEM32\CRYPTSP.dll
0x00007ff8b24b0000 - 0x00007ff8b24e4000 	C:\WINDOWS\system32\rsaenh.dll
0x00007ff8b2b50000 - 0x00007ff8b2b78000 	C:\WINDOWS\SYSTEM32\USERENV.dll
0x00007ff8b2e70000 - 0x00007ff8b2e98000 	C:\WINDOWS\SYSTEM32\bcrypt.dll
0x00007ff8b2cd0000 - 0x00007ff8b2cdc000 	C:\WINDOWS\SYSTEM32\CRYPTBASE.dll
0x00007ff8ac180000 - 0x00007ff8ac199000 	C:\WINDOWS\SYSTEM32\dhcpcsvc6.DLL
0x00007ff8ac150000 - 0x00007ff8ac16f000 	C:\WINDOWS\SYSTEM32\dhcpcsvc.DLL

dbghelp: loaded successfully - version: 4.0.5 - missing functions: none
symbol engine: initialized successfully - sym options: 0x614 - pdb path: .;c:\Users\datea\.vscode\extensions\redhat.java-1.11.0-win32-x64\jre\17.0.4.1-win32-x86_64\bin;C:\WINDOWS\SYSTEM32;C:\WINDOWS\WinSxS\amd64_microsoft.windows.common-controls_6595b64144ccf1df_6.0.25217.1000_none_7b59e1e7f1b57804;c:\Users\datea\.vscode\extensions\redhat.java-1.11.0-win32-x64\jre\17.0.4.1-win32-x86_64\bin\server

VM Arguments:
jvm_args: -Dsts.lsp.client=vscode -Dsts.log.file=/dev/null -XX:TieredStopAtLevel=1 -Xlog:jni+resolve=off -Dspring.config.location=file:c:\Users\datea\.vscode\extensions\pivotal.vscode-spring-boot-1.39.0\language-server\BOOT-INF\classes\application.properties 
java_command: org.springframework.ide.vscode.boot.app.BootLanguageServerBootApp
java_class_path (initial): c:\Users\datea\.vscode\extensions\pivotal.vscode-spring-boot-1.39.0\language-server\BOOT-INF\classes;c:\Users\datea\.vscode\extensions\pivotal.vscode-spring-boot-1.39.0\language-server\BOOT-INF\lib\annotations-23.0.0.jar;c:\Users\datea\.vscode\extensions\pivotal.vscode-spring-boot-1.39.0\language-server\BOOT-INF\lib\antlr-runtime-3.5.2.jar;c:\Users\datea\.vscode\extensions\pivotal.vscode-spring-boot-1.39.0\language-server\BOOT-INF\lib\antlr4-4.9.3.jar;c:\Users\datea\.vscode\extensions\pivotal.vscode-spring-boot-1.39.0\language-server\BOOT-INF\lib\antlr4-runtime-4.9.3.jar;c:\Users\datea\.vscode\extensions\pivotal.vscode-spring-boot-1.39.0\language-server\BOOT-INF\lib\asm-9.3.jar;c:\Users\datea\.vscode\extensions\pivotal.vscode-spring-boot-1.39.0\language-server\BOOT-INF\lib\asm-analysis-9.3.jar;c:\Users\datea\.vscode\extensions\pivotal.vscode-spring-boot-1.39.0\language-server\BOOT-INF\lib\asm-tree-9.3.jar;c:\Users\datea\.vscode\extensions\pivotal.vscode-spring-boot-1.39.0\language-server\BOOT-INF\lib\asm-util-9.3.jar;c:\Users\datea\.vscode\extensions\pivotal.vscode-spring-boot-1.39.0\language-server\BOOT-INF\lib\byte-buddy-1.12.13.jar;c:\Users\datea\.vscode\extensions\pivotal.vscode-spring-boot-1.39.0\language-server\BOOT-INF\lib\caffeine-2.9.3.jar;c:\Users\datea\.vscode\extensions\pivotal.vscode-spring-boot-1.39.0\language-server\BOOT-INF\lib\checker-qual-3.12.0.jar;c:\Users\datea\.vscode\extensions\pivotal.vscode-spring-boot-1.39.0\language-server\BOOT-INF\lib\classgraph-4.8.149.jar;c:\Users\datea\.vscode\extensions\pivotal.vscode-spring-boot-1.39.0\language-server\BOOT-INF\lib\commons-codec-1.15.jar;c:\Users\datea\.vscode\extensions\pivotal.vscode-spring-boot-1.39.0\language-server\BOOT-INF\lib\commons-compress-1.21.jar;c:\Users\datea\.vscode\extensions\pivotal.vscode-spring-boot-1.39.0\language-server\BOOT-INF\lib\commons-exec-1.3.jar;c:\Users\datea\.vscode\extensions\pivotal.vscode-spring-boot-1.39.0\language-server\BOOT-INF\lib\com
Launcher Type: SUN_STANDARD

[Global flags]
     intx CICompilerCount                          = 4                                         {product} {ergonomic}
     uint ConcGCThreads                            = 2                                         {product} {ergonomic}
     uint G1ConcRefinementThreads                  = 8                                         {product} {ergonomic}
   size_t G1HeapRegionSize                         = 1048576                                   {product} {ergonomic}
    uintx GCDrainStackTargetSize                   = 64                                        {product} {ergonomic}
   size_t InitialHeapSize                          = 132120576                                 {product} {ergonomic}
   size_t MarkStackSize                            = 4194304                                   {product} {ergonomic}
   size_t MaxHeapSize                              = 2095054848                                {product} {ergonomic}
   size_t MaxNewSize                               = 1256194048                                {product} {ergonomic}
   size_t MinHeapDeltaBytes                        = 1048576                                   {product} {ergonomic}
   size_t MinHeapSize                              = 8388608                                   {product} {ergonomic}
    uintx NonProfiledCodeHeapSize                  = 0                                      {pd product} {ergonomic}
     bool ProfileInterpreter                       = false                                  {pd product} {command line}
    uintx ProfiledCodeHeapSize                     = 0                                      {pd product} {ergonomic}
   size_t SoftMaxHeapSize                          = 2095054848                             {manageable} {ergonomic}
     intx TieredStopAtLevel                        = 1                                         {product} {command line}
     bool UseCompressedClassPointers               = true                           {product lp64_product} {ergonomic}
     bool UseCompressedOops                        = true                           {product lp64_product} {ergonomic}
     bool UseG1GC                                  = true                                      {product} {ergonomic}
     bool UseLargePagesIndividualAllocation        = false                                  {pd product} {ergonomic}

Logging:
Log output configuration:
 #0: stdout all=warning,jni+resolve=off uptime,level,tags
 #1: stderr all=off uptime,level,tags

Environment Variables:
PATH=C:\Program Files\Java\jdk-15.0.2\bin;C:\Program Files\Common Files\Oracle\Java\javapath;C:\WINDOWS\system32;C:\WINDOWS;C:\WINDOWS\System32\Wbem;C:\WINDOWS\System32\WindowsPowerShell\v1.0\;C:\WINDOWS\System32\OpenSSH\;C:\Program Files\Azure Data Studio\bin;C:\Program Files\Microsoft SQL Server\Client SDK\ODBC\170\Tools\Binn\;C:\Program Files (x86)\Microsoft SQL Server\150\Tools\Binn\;C:\Program Files\Microsoft SQL Server\150\Tools\Binn\;C:\Program Files\Microsoft SQL Server\150\DTS\Binn\;C:\Program Files (x86)\Microsoft SQL Server\150\DTS\Binn\;C:\Program Files (x86)\GitExtensions\;F:\xampp\php;C:\ProgramData\ComposerSetup\bin;C:\xampp\php;C:\Program Files\Git\cmd;C:\Users\datea\AppData\Local\Microsoft\WindowsApps;C:\Users\datea\AppData\Local\Programs\Microsoft VS Code\bin;;C:\Program Files\Azure Data Studio\bin;C:\Users\datea\AppData\Roaming\Composer\vendor\bin
USERNAME=datea
OS=Windows_NT
PROCESSOR_IDENTIFIER=Intel64 Family 6 Model 126 Stepping 5, GenuineIntel
TMP=C:\Users\datea\AppData\Local\Temp
TEMP=C:\Users\datea\AppData\Local\Temp



---------------  S Y S T E M  ---------------

OS:
 Windows 11 , 64 bit Build 25217 (10.0.25217.1000)
OS uptime: 0 days 23:23 hours
Hyper-V role detected

CPU: total 8 (initial active 8) (4 cores per cpu, 2 threads per core) family 6 model 126 stepping 5 microcode 0xa6, cx8, cmov, fxsr, ht, mmx, 3dnowpref, sse, sse2, sse3, ssse3, sse4.1, sse4.2, popcnt, lzcnt, tsc, tscinvbit, avx, avx2, aes, erms, clmul, bmi1, bmi2, adx, avx512f, avx512dq, avx512cd, avx512bw, avx512vl, sha, fma, vzeroupper, avx512_vpopcntdq, avx512_vpclmulqdq, avx512_vaes, avx512_vnni, clflush, clflushopt, avx512_vbmi2, avx512_vbmi, hv

Memory: 4k page, system-wide physical 7987M (424M free)
TotalPageFile size 12083M (AvailPageFile size 75M)
current process WorkingSet (physical memory assigned to process): 136M, peak: 910M
current process commit charge ("private bytes"): 301M, peak: 978M

vm_info: OpenJDK 64-Bit Server VM (17.0.4.1+1) for windows-amd64 JRE (17.0.4.1+1), built on Aug 17 2022 07:42:43 by "temurin" with MS VC++ 16.7 (VS2019)

END.
