#
# There is insufficient memory for the Java Runtime Environment to continue.
# Native memory allocation (mmap) failed to map 311427072 bytes for G1 virtual space
# Possible reasons:
#   The system is out of physical RAM or swap space
#   The process is running with CompressedOops enabled, and the Java Heap may be blocking the growth of the native heap
# Possible solutions:
#   Reduce memory load on the system
#   Increase physical memory or swap space
#   Check if swap backing store is full
#   Decrease Java heap size (-Xmx/-Xms)
#   Decrease number of Java threads
#   Decrease Java thread stack sizes (-Xss)
#   Set larger code cache with -XX:ReservedCodeCacheSize=
#   JVM is running with Unscaled Compressed Oops mode in which the Java heap is
#     placed in the first 4GB address space. The Java Heap base address is the
#     maximum limit for the native heap growth. Please use -XX:HeapBaseMinAddress
#     to set the Java Heap base and to place the Java Heap above 4GB virtual address.
# This output file may be truncated or incomplete.
#
#  Out of Memory Error (os_windows.cpp:3541), pid=57332, tid=60328
#
# JRE version: OpenJDK Runtime Environment Temurin-17.0.4.1+1 (17.0.4.1+1) (build 17.0.4.1+1)
# Java VM: OpenJDK 64-Bit Server VM Temurin-17.0.4.1+1 (17.0.4.1+1, mixed mode, emulated-client, tiered, compressed oops, compressed class ptrs, g1 gc, windows-amd64)
# No core dump will be written. Minidumps are not enabled by default on client versions of Windows
#

---------------  S U M M A R Y ------------

Command Line: -Dsts.lsp.client=vscode -Dsts.log.file=/dev/null -XX:TieredStopAtLevel=1 -Xlog:jni+resolve=off -Dspring.config.location=file:c:\Users\datea\.vscode\extensions\pivotal.vscode-spring-boot-1.40.0\language-server\BOOT-INF\classes\application.properties org.springframework.ide.vscode.boot.app.BootLanguageServerBootApp

Host: Intel(R) Core(TM) i5-1035G1 CPU @ 1.00GHz, 8 cores, 7G,  Windows 11 , 64 bit Build 25227 (10.0.25227.1000)
Time: Wed Oct 26 21:21:45 2022 SE Asia Standard Time elapsed time: 6.630679 seconds (0d 0h 0m 6s)

---------------  T H R E A D  ---------------

Current thread (0x000001beb04853b0):  VMThread "VM Thread" [stack: 0x000000189ad00000,0x000000189ae00000] [id=60328]

Stack: [0x000000189ad00000,0x000000189ae00000]
Native frames: (J=compiled Java code, j=interpreted, Vv=VM code, C=native code)
V  [jvm.dll+0x67731a]
V  [jvm.dll+0x832284]
V  [jvm.dll+0x833a2e]
V  [jvm.dll+0x834093]
V  [jvm.dll+0x245775]
V  [jvm.dll+0x674209]
V  [jvm.dll+0x668a92]
V  [jvm.dll+0x30471b]
V  [jvm.dll+0x30bc66]
V  [jvm.dll+0x35ba9e]
V  [jvm.dll+0x35bccf]
V  [jvm.dll+0x2db5b8]
V  [jvm.dll+0x2d986c]
V  [jvm.dll+0x2d8e3c]
V  [jvm.dll+0x31cd9b]
V  [jvm.dll+0x83853b]
V  [jvm.dll+0x839274]
V  [jvm.dll+0x83978c]
V  [jvm.dll+0x839b64]
V  [jvm.dll+0x839c30]
V  [jvm.dll+0x7e240a]
V  [jvm.dll+0x6761a5]
C  [ucrtbase.dll+0x4b82b]
C  [KERNEL32.DLL+0x1484d]
C  [ntdll.dll+0x67558]

VM_Operation (0x000000189d8fe2e0): G1CollectForAllocation, mode: safepoint, requested by thread 0x000001beb2e4d3e0


---------------  P R O C E S S  ---------------

Threads class SMR info:
_java_thread_list=0x000001beb2ea7940, length=43, elements={
0x000001beb10012d0, 0x000001beb1001d90, 0x000001beb04a3910, 0x000001beb04a41d0,
0x000001beb04a4a90, 0x000001beb04a5350, 0x000001beb103c030, 0x000001beb103fe30,
0x000001beb108ee10, 0x000001beb1125900, 0x000001beb1241530, 0x000001beb1254010,
0x000001beb1b01580, 0x000001beb2a7b020, 0x000001beb2cee040, 0x000001beb2c6b440,
0x000001bea31c3bb0, 0x000001beb2bb8750, 0x000001beb2dd16c0, 0x000001beb2df5010,
0x000001beb2e2d3c0, 0x000001beb2e2d890, 0x000001beb2e4f0c0, 0x000001beb2e4dd80,
0x000001beb2e4d8b0, 0x000001beb2e4ff30, 0x000001beb2e4f590, 0x000001beb2e4e250,
0x000001beb2e4fa60, 0x000001beb2e50400, 0x000001beb2e4e720, 0x000001beb2e4ebf0,
0x000001beb2e508d0, 0x000001beb2e4cf10, 0x000001beb2e4d3e0, 0x000001beb2f6ee30,
0x000001beb2f73190, 0x000001beb2f6c2e0, 0x000001beb2f73660, 0x000001beb2f714b0,
0x000001beb2f6f300, 0x000001beb2f6e490, 0x000001beb2f6cc80
}

Java Threads: ( => current thread )
  0x000001beb10012d0 JavaThread "Reference Handler" daemon [_thread_blocked, id=60480, stack(0x000000189ae00000,0x000000189af00000)]
  0x000001beb1001d90 JavaThread "Finalizer" daemon [_thread_blocked, id=48528, stack(0x000000189af00000,0x000000189b000000)]
  0x000001beb04a3910 JavaThread "Signal Dispatcher" daemon [_thread_blocked, id=59732, stack(0x000000189b000000,0x000000189b100000)]
  0x000001beb04a41d0 JavaThread "Attach Listener" daemon [_thread_blocked, id=59264, stack(0x000000189b100000,0x000000189b200000)]
  0x000001beb04a4a90 JavaThread "Service Thread" daemon [_thread_blocked, id=61112, stack(0x000000189b200000,0x000000189b300000)]
  0x000001beb04a5350 JavaThread "Monitor Deflation Thread" daemon [_thread_blocked, id=60428, stack(0x000000189b300000,0x000000189b400000)]
  0x000001beb103c030 JavaThread "C1 CompilerThread0" daemon [_thread_blocked, id=61276, stack(0x000000189b400000,0x000000189b500000)]
  0x000001beb103fe30 JavaThread "Sweeper thread" daemon [_thread_blocked, id=59284, stack(0x000000189b500000,0x000000189b600000)]
  0x000001beb108ee10 JavaThread "C1 CompilerThread1" daemon [_thread_blocked, id=59972, stack(0x000000189b600000,0x000000189b700000)]
  0x000001beb1125900 JavaThread "C1 CompilerThread2" daemon [_thread_blocked, id=59268, stack(0x000000189b700000,0x000000189b800000)]
  0x000001beb1241530 JavaThread "Notification Thread" daemon [_thread_blocked, id=55368, stack(0x000000189b800000,0x000000189b900000)]
  0x000001beb1254010 JavaThread "Common-Cleaner" daemon [_thread_blocked, id=56576, stack(0x000000189ba00000,0x000000189bb00000)]
  0x000001beb1b01580 JavaThread "C1 CompilerThread3" daemon [_thread_blocked, id=55560, stack(0x000000189bb00000,0x000000189bc00000)]
  0x000001beb2a7b020 JavaThread "boundedElastic-evictor-1" daemon [_thread_blocked, id=56444, stack(0x000000189c300000,0x000000189c400000)]
  0x000001beb2cee040 JavaThread "pool-9-thread-1" [_thread_blocked, id=51940, stack(0x000000189c500000,0x000000189c600000)]
  0x000001beb2c6b440 JavaThread "LanguageServerApp-lifecycle" [_thread_blocked, id=21276, stack(0x000000189c600000,0x000000189c700000)]
  0x000001bea31c3bb0 JavaThread "DestroyJavaVM" [_thread_blocked, id=59772, stack(0x000000189a700000,0x000000189a800000)]
  0x000001beb2bb8750 JavaThread "pool-10-thread-1" [_thread_in_native, id=58604, stack(0x000000189c700000,0x000000189c800000)]
  0x000001beb2dd16c0 JavaThread "Simple-Language-Server main thread" daemon [_thread_blocked, id=48760, stack(0x000000189c800000,0x000000189c900000)]
  0x000001beb2df5010 JavaThread "ForkJoinPool.commonPool-worker-1" daemon [_thread_blocked, id=51896, stack(0x000000189c900000,0x000000189ca00000)]
  0x000001beb2e2d3c0 JavaThread "pool-7-thread-1" [_thread_blocked, id=48844, stack(0x000000189ca00000,0x000000189cb00000)]
  0x000001beb2e2d890 JavaThread "parallel-1" daemon [_thread_blocked, id=55196, stack(0x000000189cb00000,0x000000189cc00000)]
  0x000001beb2e4f0c0 JavaThread "parallel-2" daemon [_thread_blocked, id=54720, stack(0x000000189cc00000,0x000000189cd00000)]
  0x000001beb2e4dd80 JavaThread "parallel-3" daemon [_thread_blocked, id=49412, stack(0x000000189cd00000,0x000000189ce00000)]
  0x000001beb2e4d8b0 JavaThread "pool-4-thread-1" [_thread_blocked, id=47608, stack(0x000000189ce00000,0x000000189cf00000)]
  0x000001beb2e4ff30 JavaThread "ForkJoinPool.commonPool-worker-2" daemon [_thread_blocked, id=50908, stack(0x000000189cf00000,0x000000189d000000)]
  0x000001beb2e4f590 JavaThread "pool-4-thread-2" [_thread_blocked, id=57056, stack(0x000000189d000000,0x000000189d100000)]
  0x000001beb2e4e250 JavaThread "ClassGraph-worker-0" daemon [_thread_blocked, id=53220, stack(0x000000189d100000,0x000000189d200000)]
  0x000001beb2e4fa60 JavaThread "ClassGraph-worker-1" daemon [_thread_blocked, id=58072, stack(0x000000189d200000,0x000000189d300000)]
  0x000001beb2e50400 JavaThread "ClassGraph-worker-2" daemon [_thread_blocked, id=57424, stack(0x000000189d300000,0x000000189d400000)]
  0x000001beb2e4e720 JavaThread "ClassGraph-worker-3" daemon [_thread_blocked, id=58444, stack(0x000000189d400000,0x000000189d500000)]
  0x000001beb2e4ebf0 JavaThread "ClassGraph-worker-4" daemon [_thread_blocked, id=44188, stack(0x000000189d500000,0x000000189d600000)]
  0x000001beb2e508d0 JavaThread "ClassGraph-worker-5" daemon [_thread_blocked, id=57964, stack(0x000000189d600000,0x000000189d700000)]
  0x000001beb2e4cf10 JavaThread "ClassGraph-worker-6" daemon [_thread_blocked, id=60728, stack(0x000000189d700000,0x000000189d800000)]
  0x000001beb2e4d3e0 JavaThread "ClassGraph-worker-7" daemon [_thread_blocked, id=59244, stack(0x000000189d800000,0x000000189d900000)]
  0x000001beb2f6ee30 JavaThread "ClassGraph-worker-8" daemon [_thread_blocked, id=61268, stack(0x000000189d900000,0x000000189da00000)]
  0x000001beb2f73190 JavaThread "ClassGraph-worker-9" daemon [_thread_blocked, id=54736, stack(0x000000189da00000,0x000000189db00000)]
  0x000001beb2f6c2e0 JavaThread "ClassGraph-worker-10" daemon [_thread_blocked, id=60864, stack(0x000000189db00000,0x000000189dc00000)]
  0x000001beb2f73660 JavaThread "ClassGraph-worker-11" daemon [_thread_blocked, id=59552, stack(0x000000189dc00000,0x000000189dd00000)]
  0x000001beb2f714b0 JavaThread "ClassGraph-worker-12" daemon [_thread_blocked, id=61092, stack(0x000000189dd00000,0x000000189de00000)]
  0x000001beb2f6f300 JavaThread "ClassGraph-worker-13" daemon [_thread_blocked, id=57836, stack(0x000000189de00000,0x000000189df00000)]
  0x000001beb2f6e490 JavaThread "Reconciler-1" daemon [_thread_blocked, id=56564, stack(0x000000189df00000,0x000000189e000000)]
  0x000001beb2f6cc80 JavaThread "parallel-4" daemon [_thread_blocked, id=48764, stack(0x000000189e000000,0x000000189e100000)]

Other Threads:
=>0x000001beb04853b0 VMThread "VM Thread" [stack: 0x000000189ad00000,0x000000189ae00000] [id=60328]
  0x000001beb1241a00 WatcherThread [stack: 0x000000189b900000,0x000000189ba00000] [id=26576]
  0x000001bea321f0c0 GCTaskThread "GC Thread#0" [stack: 0x000000189a800000,0x000000189a900000] [id=45104]
  0x000001beb1bfec70 GCTaskThread "GC Thread#1" [stack: 0x000000189bc00000,0x000000189bd00000] [id=44712]
  0x000001beb24084b0 GCTaskThread "GC Thread#2" [stack: 0x000000189bd00000,0x000000189be00000] [id=12416]
  0x000001beb245bd10 GCTaskThread "GC Thread#3" [stack: 0x000000189be00000,0x000000189bf00000] [id=55324]
  0x000001beb245c3e0 GCTaskThread "GC Thread#4" [stack: 0x000000189bf00000,0x000000189c000000] [id=61032]
  0x000001beb245c690 GCTaskThread "GC Thread#5" [stack: 0x000000189c000000,0x000000189c100000] [id=57976]
  0x000001beb2621140 GCTaskThread "GC Thread#6" [stack: 0x000000189c100000,0x000000189c200000] [id=47120]
  0x000001beb2628160 GCTaskThread "GC Thread#7" [stack: 0x000000189c200000,0x000000189c300000] [id=54204]
  0x000001bea322fa30 ConcurrentGCThread "G1 Main Marker" [stack: 0x000000189a900000,0x000000189aa00000] [id=58980]
  0x000001bea3232210 ConcurrentGCThread "G1 Conc#0" [stack: 0x000000189aa00000,0x000000189ab00000] [id=50252]
  0x000001beb27c1440 ConcurrentGCThread "G1 Conc#1" [stack: 0x000000189c400000,0x000000189c500000] [id=56532]
  0x000001beb02f30e0 ConcurrentGCThread "G1 Refine#0" [stack: 0x000000189ab00000,0x000000189ac00000] [id=50860]
  0x000001beb02f38b0 ConcurrentGCThread "G1 Service" [stack: 0x000000189ac00000,0x000000189ad00000] [id=50628]

Threads with active compile tasks:

VM state: at safepoint (normal execution)

VM Mutex/Monitor currently owned by a thread:  ([mutex/lock_event])
[0x000001bea0fc39a0] Threads_lock - owner thread: 0x000001beb04853b0
[0x000001bea31c0bb0] Heap_lock - owner thread: 0x000001beb2e4d3e0

Heap address: 0x0000000083200000, size: 1998 MB, Compressed Oops mode: 32-bit

CDS archive(s) not mapped
Compressed class space mapped at: 0x0000000100000000-0x0000000140000000, reserved size: 1073741824
Narrow klass base: 0x0000000000000000, Narrow klass shift: 3, Narrow klass range: 0x140000000

GC Precious Log:
 CPUs: 8 total, 8 available
 Memory: 7987M
 Large Page Support: Disabled
 NUMA Support: Disabled
 Compressed Oops: Enabled (32-bit)
 Heap Region Size: 1M
 Heap Min Capacity: 8M
 Heap Initial Capacity: 126M
 Heap Max Capacity: 1998M
 Pre-touch: Disabled
 Parallel Workers: 8
 Concurrent Workers: 2
 Concurrent Refinement Workers: 8
 Periodic GC: Disabled

Heap:
 garbage-first heap   total 155648K, used 72031K [0x0000000083200000, 0x0000000100000000)
  region size 1024K, 4 young (4096K), 4 survivors (4096K)
 Metaspace       used 38565K, committed 38912K, reserved 1089536K
  class space    used 4871K, committed 5056K, reserved 1048576K

Heap Regions: E=young(eden), S=young(survivor), O=old, HS=humongous(starts), HC=humongous(continues), CS=collection set, F=free, OA=open archive, CA=closed archive, TAMS=top-at-mark-start (previous, next)
|   0|0x0000000083200000, 0x0000000083300000, 0x0000000083300000|100%| O|  |TAMS 0x0000000083300000, 0x0000000083200000| Untracked 
|   1|0x0000000083300000, 0x0000000083400000, 0x0000000083400000|100%| O|  |TAMS 0x0000000083400000, 0x0000000083300000| Untracked 
|   2|0x0000000083400000, 0x0000000083500000, 0x0000000083500000|100%| O|  |TAMS 0x0000000083500000, 0x0000000083400000| Untracked 
|   3|0x0000000083500000, 0x0000000083600000, 0x0000000083600000|100%| O|  |TAMS 0x0000000083600000, 0x0000000083500000| Untracked 
|   4|0x0000000083600000, 0x0000000083700000, 0x0000000083700000|100%| O|  |TAMS 0x0000000083700000, 0x0000000083600000| Untracked 
|   5|0x0000000083700000, 0x0000000083800000, 0x0000000083800000|100%| O|  |TAMS 0x0000000083800000, 0x0000000083700000| Untracked 
|   6|0x0000000083800000, 0x0000000083900000, 0x0000000083900000|100%| O|  |TAMS 0x0000000083900000, 0x0000000083800000| Untracked 
|   7|0x0000000083900000, 0x0000000083a00000, 0x0000000083a00000|100%| O|  |TAMS 0x0000000083a00000, 0x0000000083900000| Untracked 
|   8|0x0000000083a00000, 0x0000000083b00000, 0x0000000083b00000|100%| O|  |TAMS 0x0000000083b00000, 0x0000000083a00000| Untracked 
|   9|0x0000000083b00000, 0x0000000083c00000, 0x0000000083c00000|100%| O|  |TAMS 0x0000000083c00000, 0x0000000083b00000| Untracked 
|  10|0x0000000083c00000, 0x0000000083d00000, 0x0000000083d00000|100%| O|  |TAMS 0x0000000083d00000, 0x0000000083c00000| Untracked 
|  11|0x0000000083d00000, 0x0000000083e00000, 0x0000000083e00000|100%| O|  |TAMS 0x0000000083e00000, 0x0000000083d00000| Untracked 
|  12|0x0000000083e00000, 0x0000000083f00000, 0x0000000083f00000|100%| O|  |TAMS 0x0000000083f00000, 0x0000000083e00000| Untracked 
|  13|0x0000000083f00000, 0x0000000084000000, 0x0000000084000000|100%| O|  |TAMS 0x0000000084000000, 0x0000000083f00000| Untracked 
|  14|0x0000000084000000, 0x0000000084100000, 0x0000000084100000|100%| O|  |TAMS 0x0000000084100000, 0x0000000084000000| Untracked 
|  15|0x0000000084100000, 0x0000000084200000, 0x0000000084200000|100%| O|  |TAMS 0x0000000084200000, 0x0000000084100000| Untracked 
|  16|0x0000000084200000, 0x0000000084300000, 0x0000000084300000|100%| O|  |TAMS 0x0000000084300000, 0x0000000084200000| Untracked 
|  17|0x0000000084300000, 0x0000000084400000, 0x0000000084400000|100%| O|  |TAMS 0x0000000084400000, 0x0000000084300000| Untracked 
|  18|0x0000000084400000, 0x0000000084500000, 0x0000000084500000|100%| O|  |TAMS 0x0000000084500000, 0x0000000084400000| Untracked 
|  19|0x0000000084500000, 0x0000000084600000, 0x0000000084600000|100%| O|  |TAMS 0x0000000084600000, 0x0000000084500000| Untracked 
|  20|0x0000000084600000, 0x0000000084700000, 0x0000000084700000|100%| O|  |TAMS 0x0000000084700000, 0x0000000084600000| Untracked 
|  21|0x0000000084700000, 0x0000000084800000, 0x0000000084800000|100%| O|  |TAMS 0x0000000084800000, 0x0000000084700000| Untracked 
|  22|0x0000000084800000, 0x0000000084900000, 0x0000000084900000|100%| O|  |TAMS 0x0000000084900000, 0x0000000084800000| Untracked 
|  23|0x0000000084900000, 0x0000000084a00000, 0x0000000084a00000|100%| O|  |TAMS 0x0000000084a00000, 0x0000000084900000| Untracked 
|  24|0x0000000084a00000, 0x0000000084b00000, 0x0000000084b00000|100%| O|  |TAMS 0x0000000084b00000, 0x0000000084a00000| Untracked 
|  25|0x0000000084b00000, 0x0000000084c00000, 0x0000000084c00000|100%| O|  |TAMS 0x0000000084c00000, 0x0000000084b00000| Untracked 
|  26|0x0000000084c00000, 0x0000000084d00000, 0x0000000084d00000|100%| O|  |TAMS 0x0000000084d00000, 0x0000000084c00000| Untracked 
|  27|0x0000000084d00000, 0x0000000084e00000, 0x0000000084e00000|100%| O|  |TAMS 0x0000000084e00000, 0x0000000084d00000| Untracked 
|  28|0x0000000084e00000, 0x0000000084f00000, 0x0000000084f00000|100%| O|  |TAMS 0x0000000084f00000, 0x0000000084e00000| Untracked 
|  29|0x0000000084f00000, 0x0000000085000000, 0x0000000085000000|100%| O|  |TAMS 0x0000000085000000, 0x0000000084f00000| Untracked 
|  30|0x0000000085000000, 0x0000000085100000, 0x0000000085100000|100%| O|  |TAMS 0x0000000085100000, 0x0000000085000000| Untracked 
|  31|0x0000000085100000, 0x0000000085200000, 0x0000000085200000|100%| O|  |TAMS 0x0000000085100000, 0x0000000085100000| Untracked 
|  32|0x0000000085200000, 0x0000000085300000, 0x0000000085300000|100%| O|  |TAMS 0x0000000085300000, 0x0000000085200000| Untracked 
|  33|0x0000000085300000, 0x0000000085400000, 0x0000000085400000|100%| O|  |TAMS 0x0000000085400000, 0x0000000085300000| Untracked 
|  34|0x0000000085400000, 0x0000000085500000, 0x0000000085500000|100%| O|  |TAMS 0x0000000085500000, 0x0000000085400000| Untracked 
|  35|0x0000000085500000, 0x0000000085600000, 0x0000000085600000|100%| O|  |TAMS 0x0000000085600000, 0x0000000085500000| Untracked 
|  36|0x0000000085600000, 0x0000000085700000, 0x0000000085700000|100%| O|  |TAMS 0x0000000085700000, 0x0000000085600000| Untracked 
|  37|0x0000000085700000, 0x0000000085800000, 0x0000000085800000|100%| O|  |TAMS 0x0000000085800000, 0x0000000085700000| Untracked 
|  38|0x0000000085800000, 0x0000000085900000, 0x0000000085900000|100%| O|  |TAMS 0x00000000858b8600, 0x0000000085800000| Untracked 
|  39|0x0000000085900000, 0x0000000085a00000, 0x0000000085a00000|100%| O|  |TAMS 0x0000000085900000, 0x0000000085900000| Untracked 
|  40|0x0000000085a00000, 0x0000000085b00000, 0x0000000085b00000|100%| O|  |TAMS 0x0000000085a00000, 0x0000000085a00000| Untracked 
|  41|0x0000000085b00000, 0x0000000085c00000, 0x0000000085c00000|100%| O|  |TAMS 0x0000000085b00000, 0x0000000085b00000| Untracked 
|  42|0x0000000085c00000, 0x0000000085d00000, 0x0000000085d00000|100%| O|  |TAMS 0x0000000085c00000, 0x0000000085c00000| Untracked 
|  43|0x0000000085d00000, 0x0000000085e00000, 0x0000000085e00000|100%| O|  |TAMS 0x0000000085d00000, 0x0000000085d00000| Untracked 
|  44|0x0000000085e00000, 0x0000000085f00000, 0x0000000085f00000|100%|HS|  |TAMS 0x0000000085e00000, 0x0000000085e00000| Complete 
|  45|0x0000000085f00000, 0x0000000086000000, 0x0000000086000000|100%|HS|  |TAMS 0x0000000085f00000, 0x0000000085f00000| Complete 
|  46|0x0000000086000000, 0x0000000086100000, 0x0000000086100000|100%| O|  |TAMS 0x0000000086000000, 0x0000000086000000| Untracked 
|  47|0x0000000086100000, 0x0000000086200000, 0x0000000086200000|100%| O|  |TAMS 0x0000000086100000, 0x0000000086100000| Untracked 
|  48|0x0000000086200000, 0x0000000086300000, 0x0000000086300000|100%| O|  |TAMS 0x0000000086200000, 0x0000000086200000| Untracked 
|  49|0x0000000086300000, 0x0000000086400000, 0x0000000086400000|100%| O|  |TAMS 0x0000000086300000, 0x0000000086300000| Untracked 
|  50|0x0000000086400000, 0x0000000086500000, 0x0000000086500000|100%| O|  |TAMS 0x0000000086400000, 0x0000000086400000| Untracked 
|  51|0x0000000086500000, 0x0000000086600000, 0x0000000086600000|100%| O|  |TAMS 0x0000000086500000, 0x0000000086500000| Untracked 
|  52|0x0000000086600000, 0x0000000086700000, 0x0000000086700000|100%| O|  |TAMS 0x0000000086600000, 0x0000000086600000| Untracked 
|  53|0x0000000086700000, 0x0000000086800000, 0x0000000086800000|100%| O|  |TAMS 0x0000000086700000, 0x0000000086700000| Untracked 
|  54|0x0000000086800000, 0x0000000086900000, 0x0000000086900000|100%| O|  |TAMS 0x0000000086800000, 0x0000000086800000| Untracked 
|  55|0x0000000086900000, 0x0000000086a00000, 0x0000000086a00000|100%| O|  |TAMS 0x0000000086900000, 0x0000000086900000| Untracked 
|  56|0x0000000086a00000, 0x0000000086b00000, 0x0000000086b00000|100%| O|  |TAMS 0x0000000086a00000, 0x0000000086a00000| Untracked 
|  57|0x0000000086b00000, 0x0000000086c00000, 0x0000000086c00000|100%| O|  |TAMS 0x0000000086b00000, 0x0000000086b00000| Untracked 
|  58|0x0000000086c00000, 0x0000000086d00000, 0x0000000086d00000|100%| O|  |TAMS 0x0000000086c00000, 0x0000000086c00000| Untracked 
|  59|0x0000000086d00000, 0x0000000086e00000, 0x0000000086e00000|100%| O|  |TAMS 0x0000000086d00000, 0x0000000086d00000| Untracked 
|  60|0x0000000086e00000, 0x0000000086f00000, 0x0000000086f00000|100%| O|  |TAMS 0x0000000086e00000, 0x0000000086e00000| Untracked 
|  61|0x0000000086f00000, 0x0000000087000000, 0x0000000087000000|100%| O|  |TAMS 0x0000000086f00000, 0x0000000086f00000| Untracked 
|  62|0x0000000087000000, 0x0000000087100000, 0x0000000087100000|100%| O|  |TAMS 0x0000000087000000, 0x0000000087000000| Untracked 
|  63|0x0000000087100000, 0x0000000087200000, 0x0000000087200000|100%| O|  |TAMS 0x0000000087100000, 0x0000000087100000| Untracked 
|  64|0x0000000087200000, 0x0000000087300000, 0x0000000087300000|100%| O|  |TAMS 0x0000000087200000, 0x0000000087200000| Untracked 
|  65|0x0000000087300000, 0x0000000087400000, 0x0000000087400000|100%| O|  |TAMS 0x0000000087300000, 0x0000000087300000| Untracked 
|  66|0x0000000087400000, 0x00000000874ae600, 0x0000000087500000| 68%| O|  |TAMS 0x0000000087400000, 0x0000000087400000| Untracked 
|  67|0x0000000087500000, 0x0000000087500000, 0x0000000087600000|  0%| F|  |TAMS 0x0000000087500000, 0x0000000087500000| Untracked 
|  68|0x0000000087600000, 0x0000000087600000, 0x0000000087700000|  0%| F|  |TAMS 0x0000000087600000, 0x0000000087600000| Untracked 
|  69|0x0000000087700000, 0x0000000087700000, 0x0000000087800000|  0%| F|  |TAMS 0x0000000087700000, 0x0000000087700000| Untracked 
|  70|0x0000000087800000, 0x0000000087800000, 0x0000000087900000|  0%| F|  |TAMS 0x0000000087800000, 0x0000000087800000| Untracked 
|  71|0x0000000087900000, 0x0000000087900000, 0x0000000087a00000|  0%| F|  |TAMS 0x0000000087900000, 0x0000000087900000| Untracked 
|  72|0x0000000087a00000, 0x0000000087a00000, 0x0000000087b00000|  0%| F|  |TAMS 0x0000000087a00000, 0x0000000087a00000| Untracked 
|  73|0x0000000087b00000, 0x0000000087b00000, 0x0000000087c00000|  0%| F|  |TAMS 0x0000000087b00000, 0x0000000087b00000| Untracked 
|  74|0x0000000087c00000, 0x0000000087c00000, 0x0000000087d00000|  0%| F|  |TAMS 0x0000000087c00000, 0x0000000087c00000| Untracked 
|  75|0x0000000087d00000, 0x0000000087d00000, 0x0000000087e00000|  0%| F|  |TAMS 0x0000000087d00000, 0x0000000087d00000| Untracked 
|  76|0x0000000087e00000, 0x0000000087e00000, 0x0000000087f00000|  0%| F|  |TAMS 0x0000000087e00000, 0x0000000087e00000| Untracked 
|  77|0x0000000087f00000, 0x0000000087f00000, 0x0000000088000000|  0%| F|  |TAMS 0x0000000087f00000, 0x0000000087f00000| Untracked 
|  78|0x0000000088000000, 0x0000000088000000, 0x0000000088100000|  0%| F|  |TAMS 0x0000000088000000, 0x0000000088000000| Untracked 
|  79|0x0000000088100000, 0x0000000088100000, 0x0000000088200000|  0%| F|  |TAMS 0x0000000088100000, 0x0000000088100000| Untracked 
|  80|0x0000000088200000, 0x0000000088200000, 0x0000000088300000|  0%| F|  |TAMS 0x0000000088200000, 0x0000000088200000| Untracked 
|  81|0x0000000088300000, 0x0000000088300000, 0x0000000088400000|  0%| F|  |TAMS 0x0000000088300000, 0x0000000088300000| Untracked 
|  82|0x0000000088400000, 0x0000000088400000, 0x0000000088500000|  0%| F|  |TAMS 0x0000000088400000, 0x0000000088400000| Untracked 
|  83|0x0000000088500000, 0x0000000088500000, 0x0000000088600000|  0%| F|  |TAMS 0x0000000088500000, 0x0000000088500000| Untracked 
|  84|0x0000000088600000, 0x0000000088600000, 0x0000000088700000|  0%| F|  |TAMS 0x0000000088600000, 0x0000000088600000| Untracked 
|  85|0x0000000088700000, 0x0000000088700000, 0x0000000088800000|  0%| F|  |TAMS 0x0000000088700000, 0x0000000088700000| Untracked 
|  86|0x0000000088800000, 0x0000000088800000, 0x0000000088900000|  0%| F|  |TAMS 0x0000000088800000, 0x0000000088800000| Untracked 
|  87|0x0000000088900000, 0x0000000088900000, 0x0000000088a00000|  0%| F|  |TAMS 0x0000000088900000, 0x0000000088900000| Untracked 
|  88|0x0000000088a00000, 0x0000000088a00000, 0x0000000088b00000|  0%| F|  |TAMS 0x0000000088a00000, 0x0000000088a00000| Untracked 
|  89|0x0000000088b00000, 0x0000000088b00000, 0x0000000088c00000|  0%| F|  |TAMS 0x0000000088b00000, 0x0000000088b00000| Untracked 
|  90|0x0000000088c00000, 0x0000000088c00000, 0x0000000088d00000|  0%| F|  |TAMS 0x0000000088c00000, 0x0000000088c00000| Untracked 
|  91|0x0000000088d00000, 0x0000000088d00000, 0x0000000088e00000|  0%| F|  |TAMS 0x0000000088d00000, 0x0000000088d00000| Untracked 
|  92|0x0000000088e00000, 0x0000000088e00000, 0x0000000088f00000|  0%| F|  |TAMS 0x0000000088e00000, 0x0000000088e00000| Untracked 
|  93|0x0000000088f00000, 0x0000000088f00000, 0x0000000089000000|  0%| F|  |TAMS 0x0000000088f00000, 0x0000000088f00000| Untracked 
|  94|0x0000000089000000, 0x0000000089000000, 0x0000000089100000|  0%| F|  |TAMS 0x0000000089000000, 0x0000000089000000| Untracked 
|  95|0x0000000089100000, 0x0000000089100000, 0x0000000089200000|  0%| F|  |TAMS 0x0000000089100000, 0x0000000089100000| Untracked 
|  96|0x0000000089200000, 0x0000000089200000, 0x0000000089300000|  0%| F|  |TAMS 0x0000000089200000, 0x0000000089200000| Untracked 
|  97|0x0000000089300000, 0x0000000089300000, 0x0000000089400000|  0%| F|  |TAMS 0x0000000089300000, 0x0000000089300000| Untracked 
|  98|0x0000000089400000, 0x0000000089400000, 0x0000000089500000|  0%| F|  |TAMS 0x0000000089400000, 0x0000000089400000| Untracked 
|  99|0x0000000089500000, 0x0000000089500000, 0x0000000089600000|  0%| F|  |TAMS 0x0000000089500000, 0x0000000089500000| Untracked 
| 100|0x0000000089600000, 0x0000000089600000, 0x0000000089700000|  0%| F|  |TAMS 0x0000000089600000, 0x0000000089600000| Untracked 
| 101|0x0000000089700000, 0x00000000897a96a0, 0x0000000089800000| 66%| S|CS|TAMS 0x0000000089700000, 0x0000000089700000| Complete 
| 102|0x0000000089800000, 0x0000000089900000, 0x0000000089900000|100%| S|CS|TAMS 0x0000000089800000, 0x0000000089800000| Complete 
| 103|0x0000000089900000, 0x0000000089a00000, 0x0000000089a00000|100%| S|CS|TAMS 0x0000000089900000, 0x0000000089900000| Complete 
| 104|0x0000000089a00000, 0x0000000089b00000, 0x0000000089b00000|100%| S|CS|TAMS 0x0000000089a00000, 0x0000000089a00000| Complete 
| 105|0x0000000089b00000, 0x0000000089b00000, 0x0000000089c00000|  0%| F|  |TAMS 0x0000000089b00000, 0x0000000089b00000| Untracked 
| 106|0x0000000089c00000, 0x0000000089c00000, 0x0000000089d00000|  0%| F|  |TAMS 0x0000000089c00000, 0x0000000089c00000| Untracked 
| 107|0x0000000089d00000, 0x0000000089d00000, 0x0000000089e00000|  0%| F|  |TAMS 0x0000000089d00000, 0x0000000089d00000| Untracked 
| 108|0x0000000089e00000, 0x0000000089e00000, 0x0000000089f00000|  0%| F|  |TAMS 0x0000000089e00000, 0x0000000089e00000| Untracked 
| 109|0x0000000089f00000, 0x0000000089f00000, 0x000000008a000000|  0%| F|  |TAMS 0x0000000089f00000, 0x0000000089f00000| Untracked 
| 110|0x000000008a000000, 0x000000008a000000, 0x000000008a100000|  0%| F|  |TAMS 0x000000008a000000, 0x000000008a000000| Untracked 
| 111|0x000000008a100000, 0x000000008a100000, 0x000000008a200000|  0%| F|  |TAMS 0x000000008a100000, 0x000000008a100000| Untracked 
| 112|0x000000008a200000, 0x000000008a200000, 0x000000008a300000|  0%| F|  |TAMS 0x000000008a200000, 0x000000008a200000| Untracked 
| 113|0x000000008a300000, 0x000000008a300000, 0x000000008a400000|  0%| F|  |TAMS 0x000000008a300000, 0x000000008a300000| Untracked 
| 114|0x000000008a400000, 0x000000008a400000, 0x000000008a500000|  0%| F|  |TAMS 0x000000008a400000, 0x000000008a400000| Untracked 
| 115|0x000000008a500000, 0x000000008a500000, 0x000000008a600000|  0%| F|  |TAMS 0x000000008a500000, 0x000000008a500000| Untracked 
| 116|0x000000008a600000, 0x000000008a600000, 0x000000008a700000|  0%| F|  |TAMS 0x000000008a600000, 0x000000008a600000| Untracked 
| 117|0x000000008a700000, 0x000000008a700000, 0x000000008a800000|  0%| F|  |TAMS 0x000000008a700000, 0x000000008a700000| Untracked 
| 118|0x000000008a800000, 0x000000008a800000, 0x000000008a900000|  0%| F|  |TAMS 0x000000008a800000, 0x000000008a800000| Untracked 
| 119|0x000000008a900000, 0x000000008a900000, 0x000000008aa00000|  0%| F|  |TAMS 0x000000008a900000, 0x000000008a900000| Untracked 
| 120|0x000000008aa00000, 0x000000008aa00000, 0x000000008ab00000|  0%| F|  |TAMS 0x000000008aa00000, 0x000000008aa00000| Untracked 
| 121|0x000000008ab00000, 0x000000008ab00000, 0x000000008ac00000|  0%| F|  |TAMS 0x000000008ab00000, 0x000000008ab00000| Untracked 
| 122|0x000000008ac00000, 0x000000008ac00000, 0x000000008ad00000|  0%| F|  |TAMS 0x000000008ac00000, 0x000000008ac00000| Untracked 
| 123|0x000000008ad00000, 0x000000008ad00000, 0x000000008ae00000|  0%| F|  |TAMS 0x000000008ad00000, 0x000000008ad00000| Untracked 
| 124|0x000000008ae00000, 0x000000008ae00000, 0x000000008af00000|  0%| F|  |TAMS 0x000000008ae00000, 0x000000008ae00000| Untracked 
| 125|0x000000008af00000, 0x000000008af00000, 0x000000008b000000|  0%| F|  |TAMS 0x000000008af00000, 0x000000008af00000| Untracked 
| 126|0x000000008b000000, 0x000000008b000000, 0x000000008b100000|  0%| F|  |TAMS 0x000000008b000000, 0x000000008b000000| Untracked 
| 127|0x000000008b100000, 0x000000008b100000, 0x000000008b200000|  0%| F|  |TAMS 0x000000008b100000, 0x000000008b100000| Untracked 
| 128|0x000000008b200000, 0x000000008b200000, 0x000000008b300000|  0%| F|  |TAMS 0x000000008b200000, 0x000000008b200000| Untracked 
| 129|0x000000008b300000, 0x000000008b300000, 0x000000008b400000|  0%| F|  |TAMS 0x000000008b300000, 0x000000008b300000| Untracked 
| 130|0x000000008b400000, 0x000000008b400000, 0x000000008b500000|  0%| F|  |TAMS 0x000000008b400000, 0x000000008b400000| Untracked 
| 131|0x000000008b500000, 0x000000008b500000, 0x000000008b600000|  0%| F|  |TAMS 0x000000008b500000, 0x000000008b500000| Untracked 
| 132|0x000000008b600000, 0x000000008b600000, 0x000000008b700000|  0%| F|  |TAMS 0x000000008b600000, 0x000000008b600000| Untracked 
| 133|0x000000008b700000, 0x000000008b700000, 0x000000008b800000|  0%| F|  |TAMS 0x000000008b700000, 0x000000008b700000| Untracked 
| 134|0x000000008b800000, 0x000000008b800000, 0x000000008b900000|  0%| F|  |TAMS 0x000000008b800000, 0x000000008b800000| Untracked 
| 135|0x000000008b900000, 0x000000008b900000, 0x000000008ba00000|  0%| F|  |TAMS 0x000000008b900000, 0x000000008b900000| Untracked 
| 136|0x000000008ba00000, 0x000000008ba00000, 0x000000008bb00000|  0%| F|  |TAMS 0x000000008ba00000, 0x000000008ba00000| Untracked 
| 137|0x000000008bb00000, 0x000000008bb00000, 0x000000008bc00000|  0%| F|  |TAMS 0x000000008bb00000, 0x000000008bb00000| Untracked 
| 138|0x000000008bc00000, 0x000000008bc00000, 0x000000008bd00000|  0%| F|  |TAMS 0x000000008bc00000, 0x000000008bc00000| Untracked 
| 139|0x000000008bd00000, 0x000000008bd00000, 0x000000008be00000|  0%| F|  |TAMS 0x000000008bd00000, 0x000000008bd00000| Untracked 
| 140|0x000000008be00000, 0x000000008be00000, 0x000000008bf00000|  0%| F|  |TAMS 0x000000008be00000, 0x000000008be00000| Untracked 
| 141|0x000000008bf00000, 0x000000008bf00000, 0x000000008c000000|  0%| F|  |TAMS 0x000000008bf00000, 0x000000008bf00000| Untracked 
| 142|0x000000008c000000, 0x000000008c000000, 0x000000008c100000|  0%| F|  |TAMS 0x000000008c000000, 0x000000008c000000| Untracked 
| 143|0x000000008c100000, 0x000000008c100000, 0x000000008c200000|  0%| F|  |TAMS 0x000000008c100000, 0x000000008c100000| Untracked 
| 144|0x000000008c200000, 0x000000008c200000, 0x000000008c300000|  0%| F|  |TAMS 0x000000008c200000, 0x000000008c200000| Untracked 
| 145|0x000000008c300000, 0x000000008c300000, 0x000000008c400000|  0%| F|  |TAMS 0x000000008c300000, 0x000000008c300000| Untracked 
| 146|0x000000008c400000, 0x000000008c400000, 0x000000008c500000|  0%| F|  |TAMS 0x000000008c400000, 0x000000008c400000| Untracked 
| 147|0x000000008c500000, 0x000000008c500000, 0x000000008c600000|  0%| F|  |TAMS 0x000000008c500000, 0x000000008c500000| Untracked 
| 148|0x000000008c600000, 0x000000008c600000, 0x000000008c700000|  0%| F|  |TAMS 0x000000008c600000, 0x000000008c600000| Untracked 
| 149|0x000000008c700000, 0x000000008c700000, 0x000000008c800000|  0%| F|  |TAMS 0x000000008c700000, 0x000000008c700000| Untracked 
| 150|0x000000008c800000, 0x000000008c800000, 0x000000008c900000|  0%| F|  |TAMS 0x000000008c800000, 0x000000008c800000| Untracked 
| 151|0x000000008c900000, 0x000000008c900000, 0x000000008ca00000|  0%| F|  |TAMS 0x000000008c900000, 0x000000008c900000| Untracked 

Card table byte_map: [0x000001bea9340000,0x000001bea9730000] _byte_map_base: 0x000001bea8f27000

Marking Bits (Prev, Next): (CMBitMap*) 0x000001bea321f620, (CMBitMap*) 0x000001bea321f5e0
 Prev Bits: [0x000001beaba60000, 0x000001bead998000)
 Next Bits: [0x000001bea9b20000, 0x000001beaba58000)

Polling page: 0x000001bea2980000

Metaspace:

Usage:
  Non-class:     32.90 MB used.
      Class:      4.76 MB used.
       Both:     37.66 MB used.

Virtual space:
  Non-class space:       40.00 MB reserved,      33.06 MB ( 83%) committed,  5 nodes.
      Class space:        1.00 GB reserved,       4.94 MB ( <1%) committed,  1 nodes.
             Both:        1.04 GB reserved,      38.00 MB (  4%) committed. 

Chunk freelists:
   Non-Class:  2.95 MB
       Class:  3.03 MB
        Both:  5.99 MB

MaxMetaspaceSize: unlimited
CompressedClassSpaceSize: 1.00 GB
Initial GC threshold: 21.00 MB
Current GC threshold: 61.38 MB
CDS: off
MetaspaceReclaimPolicy: balanced
 - commit_granule_bytes: 65536.
 - commit_granule_words: 8192.
 - virtual_space_node_default_size: 1048576.
 - enlarge_chunks_in_place: 1.
 - new_chunks_are_fully_committed: 0.
 - uncommit_free_chunks: 1.
 - use_allocation_guard: 0.
 - handle_deallocations: 1.


Internal statistics:

num_allocs_failed_limit: 6.
num_arena_births: 346.
num_arena_deaths: 0.
num_vsnodes_births: 6.
num_vsnodes_deaths: 0.
num_space_committed: 608.
num_space_uncommitted: 0.
num_chunks_returned_to_freelist: 6.
num_chunks_taken_from_freelist: 1469.
num_chunk_merges: 6.
num_chunk_splits: 1017.
num_chunks_enlarged: 794.
num_purges: 0.
num_inconsistent_stats: 0.

CodeCache: size=49152Kb used=9335Kb max_used=9335Kb free=39816Kb
 bounds [0x000001bea5e40000, 0x000001bea6760000, 0x000001bea8e40000]
 total_blobs=4387 nmethods=3857 adapters=454
 compilation: enabled
              stopped_count=0, restarted_count=0
 full_count=0

Compilation events (20 events):
Event: 4.590 Thread 0x000001beb1125900 3848       1       jdk.internal.jrtfs.JrtPath::normalize (97 bytes)
Event: 4.590 Thread 0x000001beb1b01580 3849       1       jdk.internal.jrtfs.JrtDirectoryStream::access$000 (5 bytes)
Event: 4.590 Thread 0x000001beb1b01580 nmethod 3849 0x000001bea675ac10 code [0x000001bea675ada0, 0x000001bea675ae58]
Event: 4.590 Thread 0x000001beb108ee10 3850       1       jdk.internal.jrtfs.JrtDirectoryStream::access$100 (5 bytes)
Event: 4.590 Thread 0x000001beb108ee10 nmethod 3850 0x000001bea675af10 code [0x000001bea675b0a0, 0x000001bea675b158]
Event: 4.590 Thread 0x000001beb108ee10 3851       1       jdk.internal.jrtfs.JrtPath::isAbsolute (29 bytes)
Event: 4.591 Thread 0x000001beb108ee10 nmethod 3851 0x000001bea675b210 code [0x000001bea675b3c0, 0x000001bea675b5d8]
Event: 4.591 Thread 0x000001beb1125900 nmethod 3848 0x000001bea675b790 code [0x000001bea675b980, 0x000001bea675bd68]
Event: 4.591 Thread 0x000001beb1125900 3852       1       jdk.internal.jrtfs.JrtPath::<init> (31 bytes)
Event: 4.591 Thread 0x000001beb1125900 nmethod 3852 0x000001bea675c010 code [0x000001bea675c1c0, 0x000001bea675c3e8]
Event: 4.596 Thread 0x000001beb1125900 3853       1       jdk.internal.jrtfs.JrtPath::toString (5 bytes)
Event: 4.596 Thread 0x000001beb1125900 nmethod 3853 0x000001bea675c490 code [0x000001bea675c620, 0x000001bea675c6f8]
Event: 4.607 Thread 0x000001beb1b01580 3854       1       jdk.internal.jrtfs.JrtFileSystem::isOpen (5 bytes)
Event: 4.608 Thread 0x000001beb1b01580 nmethod 3854 0x000001bea675c790 code [0x000001bea675c920, 0x000001bea675c9f8]
Event: 4.613 Thread 0x000001beb1125900 3855       1       java.util.stream.StreamSpliterators$WrappingSpliterator::tryAdvance (36 bytes)
Event: 4.613 Thread 0x000001beb103c030 3856       1       java.util.stream.StreamSpliterators$AbstractWrappingSpliterator::doAdvance (106 bytes)
Event: 4.613 Thread 0x000001beb1b01580 3857       1       java.util.stream.StreamSpliterators$AbstractWrappingSpliterator::fillBuffer (64 bytes)
Event: 4.614 Thread 0x000001beb1b01580 nmethod 3857 0x000001bea675ca90 code [0x000001bea675cc60, 0x000001bea675cea8]
Event: 4.614 Thread 0x000001beb103c030 nmethod 3856 0x000001bea675d010 code [0x000001bea675d220, 0x000001bea675d608]
Event: 4.614 Thread 0x000001beb1125900 nmethod 3855 0x000001bea675d810 code [0x000001bea675d9e0, 0x000001bea675dbf8]

GC Heap History (20 events):
Event: 3.961 GC heap after
{Heap after GC invocations=11 (full 0):
 garbage-first heap   total 77824K, used 22444K [0x0000000083200000, 0x0000000100000000)
  region size 1024K, 2 young (2048K), 2 survivors (2048K)
 Metaspace       used 35159K, committed 35520K, reserved 1081344K
  class space    used 4548K, committed 4736K, reserved 1048576K
}
Event: 4.066 GC heap before
{Heap before GC invocations=11 (full 0):
 garbage-first heap   total 77824K, used 49068K [0x0000000083200000, 0x0000000100000000)
  region size 1024K, 30 young (30720K), 2 survivors (2048K)
 Metaspace       used 35618K, committed 35968K, reserved 1081344K
  class space    used 4625K, committed 4800K, reserved 1048576K
}
Event: 4.070 GC heap after
{Heap after GC invocations=12 (full 0):
 garbage-first heap   total 77824K, used 27765K [0x0000000083200000, 0x0000000100000000)
  region size 1024K, 5 young (5120K), 5 survivors (5120K)
 Metaspace       used 35618K, committed 35968K, reserved 1081344K
  class space    used 4625K, committed 4800K, reserved 1048576K
}
Event: 4.128 GC heap before
{Heap before GC invocations=13 (full 0):
 garbage-first heap   total 77824K, used 53365K [0x0000000083200000, 0x0000000100000000)
  region size 1024K, 31 young (31744K), 5 survivors (5120K)
 Metaspace       used 35940K, committed 36288K, reserved 1081344K
  class space    used 4649K, committed 4800K, reserved 1048576K
}
Event: 4.134 GC heap after
{Heap after GC invocations=14 (full 0):
 garbage-first heap   total 77824K, used 32122K [0x0000000083200000, 0x0000000100000000)
  region size 1024K, 4 young (4096K), 4 survivors (4096K)
 Metaspace       used 35940K, committed 36288K, reserved 1081344K
  class space    used 4649K, committed 4800K, reserved 1048576K
}
Event: 4.179 GC heap before
{Heap before GC invocations=14 (full 0):
 garbage-first heap   total 77824K, used 55674K [0x0000000083200000, 0x0000000100000000)
  region size 1024K, 28 young (28672K), 4 survivors (4096K)
 Metaspace       used 36187K, committed 36544K, reserved 1081344K
  class space    used 4666K, committed 4800K, reserved 1048576K
}
Event: 4.184 GC heap after
{Heap after GC invocations=15 (full 0):
 garbage-first heap   total 77824K, used 37097K [0x0000000083200000, 0x0000000100000000)
  region size 1024K, 4 young (4096K), 4 survivors (4096K)
 Metaspace       used 36187K, committed 36544K, reserved 1081344K
  class space    used 4666K, committed 4800K, reserved 1048576K
}
Event: 4.220 GC heap before
{Heap before GC invocations=15 (full 0):
 garbage-first heap   total 77824K, used 58601K [0x0000000083200000, 0x0000000100000000)
  region size 1024K, 25 young (25600K), 4 survivors (4096K)
 Metaspace       used 36314K, committed 36608K, reserved 1081344K
  class space    used 4676K, committed 4800K, reserved 1048576K
}
Event: 4.225 GC heap after
{Heap after GC invocations=16 (full 0):
 garbage-first heap   total 77824K, used 43745K [0x0000000083200000, 0x0000000100000000)
  region size 1024K, 4 young (4096K), 4 survivors (4096K)
 Metaspace       used 36314K, committed 36608K, reserved 1081344K
  class space    used 4676K, committed 4800K, reserved 1048576K
}
Event: 4.315 GC heap before
{Heap before GC invocations=16 (full 0):
 garbage-first heap   total 77824K, used 58081K [0x0000000083200000, 0x0000000100000000)
  region size 1024K, 19 young (19456K), 4 survivors (4096K)
 Metaspace       used 37007K, committed 37312K, reserved 1081344K
  class space    used 4740K, committed 4864K, reserved 1048576K
}
Event: 4.320 GC heap after
{Heap after GC invocations=17 (full 0):
 garbage-first heap   total 155648K, used 47385K [0x0000000083200000, 0x0000000100000000)
  region size 1024K, 3 young (3072K), 3 survivors (3072K)
 Metaspace       used 37007K, committed 37312K, reserved 1081344K
  class space    used 4740K, committed 4864K, reserved 1048576K
}
Event: 4.522 GC heap before
{Heap before GC invocations=18 (full 0):
 garbage-first heap   total 155648K, used 107801K [0x0000000083200000, 0x0000000100000000)
  region size 1024K, 61 young (62464K), 3 survivors (3072K)
 Metaspace       used 38515K, committed 38912K, reserved 1089536K
  class space    used 4860K, committed 5056K, reserved 1048576K
}
Event: 4.548 GC heap after
{Heap after GC invocations=19 (full 0):
 garbage-first heap   total 155648K, used 66675K [0x0000000083200000, 0x0000000100000000)
  region size 1024K, 8 young (8192K), 8 survivors (8192K)
 Metaspace       used 38515K, committed 38912K, reserved 1089536K
  class space    used 4860K, committed 5056K, reserved 1048576K
}
Event: 4.550 GC heap before
{Heap before GC invocations=19 (full 0):
 garbage-first heap   total 155648K, used 67699K [0x0000000083200000, 0x0000000100000000)
  region size 1024K, 9 young (9216K), 8 survivors (8192K)
 Metaspace       used 38515K, committed 38912K, reserved 1089536K
  class space    used 4860K, committed 5056K, reserved 1048576K
}
Event: 4.555 GC heap after
{Heap after GC invocations=20 (full 0):
 garbage-first heap   total 155648K, used 67381K [0x0000000083200000, 0x0000000100000000)
  region size 1024K, 1 young (1024K), 1 survivors (1024K)
 Metaspace       used 38515K, committed 38912K, reserved 1089536K
  class space    used 4860K, committed 5056K, reserved 1048576K
}
Event: 4.584 GC heap before
{Heap before GC invocations=20 (full 0):
 garbage-first heap   total 155648K, used 103221K [0x0000000083200000, 0x0000000100000000)
  region size 1024K, 37 young (37888K), 1 survivors (1024K)
 Metaspace       used 38535K, committed 38912K, reserved 1089536K
  class space    used 4861K, committed 5056K, reserved 1048576K
}
Event: 4.585 GC heap after
{Heap after GC invocations=21 (full 0):
 garbage-first heap   total 155648K, used 68437K [0x0000000083200000, 0x0000000100000000)
  region size 1024K, 2 young (2048K), 2 survivors (2048K)
 Metaspace       used 38535K, committed 38912K, reserved 1089536K
  class space    used 4861K, committed 5056K, reserved 1048576K
}
Event: 4.596 GC heap before
{Heap before GC invocations=21 (full 0):
 garbage-first heap   total 155648K, used 107349K [0x0000000083200000, 0x0000000100000000)
  region size 1024K, 41 young (41984K), 2 survivors (2048K)
 Metaspace       used 38550K, committed 38912K, reserved 1089536K
  class space    used 4865K, committed 5056K, reserved 1048576K
}
Event: 4.598 GC heap after
{Heap after GC invocations=22 (full 0):
 garbage-first heap   total 155648K, used 69953K [0x0000000083200000, 0x0000000100000000)
  region size 1024K, 4 young (4096K), 4 survivors (4096K)
 Metaspace       used 38550K, committed 38912K, reserved 1089536K
  class space    used 4865K, committed 5056K, reserved 1048576K
}
Event: 4.614 GC heap before
{Heap before GC invocations=22 (full 0):
 garbage-first heap   total 155648K, used 112961K [0x0000000083200000, 0x0000000100000000)
  region size 1024K, 47 young (48128K), 4 survivors (4096K)
 Metaspace       used 38565K, committed 38912K, reserved 1089536K
  class space    used 4871K, committed 5056K, reserved 1048576K
}

Deoptimization events (12 events):
Event: 1.957 Thread 0x000001bea31c3bb0 DEOPT PACKING pc=0x000001bea63a2519 sp=0x000000189a7fd590
Event: 1.957 Thread 0x000001bea31c3bb0 DEOPT UNPACKING pc=0x000001bea5e96763 sp=0x000000189a7fca70 mode 3
Event: 3.316 Thread 0x000001bea31c3bb0 DEOPT PACKING pc=0x000001bea6516319 sp=0x000000189a7fc970
Event: 3.316 Thread 0x000001bea31c3bb0 DEOPT UNPACKING pc=0x000001bea5e96763 sp=0x000000189a7fbe50 mode 3
Event: 3.771 Thread 0x000001beb2dd16c0 DEOPT PACKING pc=0x000001bea65cffb5 sp=0x000000189c8fd900
Event: 3.771 Thread 0x000001beb2dd16c0 DEOPT UNPACKING pc=0x000001bea5e96763 sp=0x000000189c8fce18 mode 3
Event: 3.851 Thread 0x000001beb2df5010 DEOPT PACKING pc=0x000001bea65ee9ab sp=0x000000189c9fe9f0
Event: 3.851 Thread 0x000001beb2df5010 DEOPT UNPACKING pc=0x000001bea5e96763 sp=0x000000189c9fdf38 mode 3
Event: 4.027 Thread 0x000001beb2bb8750 DEOPT PACKING pc=0x000001bea63a1681 sp=0x000000189c7fd700
Event: 4.027 Thread 0x000001beb2bb8750 DEOPT UNPACKING pc=0x000001bea5e96763 sp=0x000000189c7fcb90 mode 3
Event: 4.030 Thread 0x000001beb2e4fa60 DEOPT PACKING pc=0x000001bea639c897 sp=0x000000189d2ff160
Event: 4.030 Thread 0x000001beb2e4fa60 DEOPT UNPACKING pc=0x000001bea5e96763 sp=0x000000189d2fe5b8 mode 3

Classes unloaded (0 events):
No events

Classes redefined (0 events):
No events

Internal exceptions (20 events):
Event: 3.887 Thread 0x000001beb2e4fa60 Exception <a 'sun/nio/fs/WindowsException'{0x0000000085598380}> (0x0000000085598380) 
thrown [s\src\hotspot\share\prims\jni.cpp, line 516]
Event: 3.887 Thread 0x000001beb2e4fa60 Exception <a 'sun/nio/fs/WindowsException'{0x0000000085598da8}> (0x0000000085598da8) 
thrown [s\src\hotspot\share\prims\jni.cpp, line 516]
Event: 3.887 Thread 0x000001beb2e4fa60 Exception <a 'sun/nio/fs/WindowsException'{0x0000000085599188}> (0x0000000085599188) 
thrown [s\src\hotspot\share\prims\jni.cpp, line 516]
Event: 3.887 Thread 0x000001beb2e4fa60 Exception <a 'sun/nio/fs/WindowsException'{0x0000000085599b78}> (0x0000000085599b78) 
thrown [s\src\hotspot\share\prims\jni.cpp, line 516]
Event: 3.887 Thread 0x000001beb2e4fa60 Exception <a 'sun/nio/fs/WindowsException'{0x0000000085599f20}> (0x0000000085599f20) 
thrown [s\src\hotspot\share\prims\jni.cpp, line 516]
Event: 3.887 Thread 0x000001beb2e4fa60 Exception <a 'sun/nio/fs/WindowsException'{0x000000008559a920}> (0x000000008559a920) 
thrown [s\src\hotspot\share\prims\jni.cpp, line 516]
Event: 3.887 Thread 0x000001beb2e4fa60 Exception <a 'sun/nio/fs/WindowsException'{0x000000008559ace0}> (0x000000008559ace0) 
thrown [s\src\hotspot\share\prims\jni.cpp, line 516]
Event: 3.887 Thread 0x000001beb2e4fa60 Exception <a 'sun/nio/fs/WindowsException'{0x000000008559b6e0}> (0x000000008559b6e0) 
thrown [s\src\hotspot\share\prims\jni.cpp, line 516]
Event: 3.887 Thread 0x000001beb2e4fa60 Exception <a 'sun/nio/fs/WindowsException'{0x000000008559ba90}> (0x000000008559ba90) 
thrown [s\src\hotspot\share\prims\jni.cpp, line 516]
Event: 3.887 Thread 0x000001beb2e4fa60 Exception <a 'sun/nio/fs/WindowsException'{0x000000008559c490}> (0x000000008559c490) 
thrown [s\src\hotspot\share\prims\jni.cpp, line 516]
Event: 3.887 Thread 0x000001beb2e4fa60 Exception <a 'sun/nio/fs/WindowsException'{0x000000008559c850}> (0x000000008559c850) 
thrown [s\src\hotspot\share\prims\jni.cpp, line 516]
Event: 3.887 Thread 0x000001beb2e4fa60 Exception <a 'sun/nio/fs/WindowsException'{0x000000008559d278}> (0x000000008559d278) 
thrown [s\src\hotspot\share\prims\jni.cpp, line 516]
Event: 3.888 Thread 0x000001beb2e4fa60 Exception <a 'sun/nio/fs/WindowsException'{0x000000008559d658}> (0x000000008559d658) 
thrown [s\src\hotspot\share\prims\jni.cpp, line 516]
Event: 3.888 Thread 0x000001beb2e4fa60 Exception <a 'sun/nio/fs/WindowsException'{0x000000008559e090}> (0x000000008559e090) 
thrown [s\src\hotspot\share\prims\jni.cpp, line 516]
Event: 3.888 Thread 0x000001beb2e4fa60 Exception <a 'sun/nio/fs/WindowsException'{0x000000008559e480}> (0x000000008559e480) 
thrown [s\src\hotspot\share\prims\jni.cpp, line 516]
Event: 3.888 Thread 0x000001beb2e4fa60 Exception <a 'sun/nio/fs/WindowsException'{0x000000008559eea8}> (0x000000008559eea8) 
thrown [s\src\hotspot\share\prims\jni.cpp, line 516]
Event: 3.888 Thread 0x000001beb2e4fa60 Exception <a 'sun/nio/fs/WindowsException'{0x000000008559f298}> (0x000000008559f298) 
thrown [s\src\hotspot\share\prims\jni.cpp, line 516]
Event: 3.982 Thread 0x000001beb2dd16c0 Exception <a 'java/lang/NoSuchMethodError'{0x0000000087506070}: 'int java.lang.invoke.DirectMethodHandle$Holder.invokeStatic(java.lang.Object)'> (0x0000000087506070) 
thrown [s\src\hotspot\share\interpreter\linkResolver.cpp, line 759]
Event: 3.982 Thread 0x000001beb2dd16c0 Exception <a 'java/lang/NoSuchMethodError'{0x0000000087509718}: 'int java.lang.invoke.DirectMethodHandle$Holder.invokeStaticInit(java.lang.Object)'> (0x0000000087509718) 
thrown [s\src\hotspot\share\interpreter\linkResolver.cpp, line 759]
Event: 4.471 Thread 0x000001beb2dd16c0 Exception <a 'java/lang/NoSuchMethodError'{0x000000008a66e8c0}: 'java.lang.Object java.lang.invoke.Invokers$Holder.invoke_MT(java.lang.Object, java.lang.Object, java.lang.Object)'> (0x000000008a66e8c0) 
thrown [s\src\hotspot\share\interpreter\linkResolver.cpp, line 759]

VM Operations (20 events):
Event: 4.463 Executing VM operation: HandshakeAllThreads done
Event: 4.522 Executing VM operation: G1CollectForAllocation
Event: 4.550 Executing VM operation: G1CollectForAllocation done
Event: 4.550 Executing VM operation: G1CollectForAllocation
Event: 4.555 Executing VM operation: G1CollectForAllocation done
Event: 4.581 Executing VM operation: G1CollectForAllocation
Event: 4.585 Executing VM operation: G1CollectForAllocation done
Event: 4.585 Executing VM operation: HandshakeAllThreads
Event: 4.586 Executing VM operation: HandshakeAllThreads done
Event: 4.596 Executing VM operation: G1CollectForAllocation
Event: 4.596 Executing VM operation: G1CollectForAllocation done
Event: 4.596 Executing VM operation: G1CollectForAllocation
Event: 4.598 Executing VM operation: G1CollectForAllocation done
Event: 4.601 Executing VM operation: HandshakeAllThreads
Event: 4.601 Executing VM operation: HandshakeAllThreads done
Event: 4.609 Executing VM operation: HandshakeAllThreads
Event: 4.609 Executing VM operation: HandshakeAllThreads done
Event: 4.612 Executing VM operation: G1CollectForAllocation
Event: 4.614 Executing VM operation: G1CollectForAllocation done
Event: 4.614 Executing VM operation: G1CollectForAllocation

Events (20 events):
Event: 4.473 loading class java/nio/file/ClosedDirectoryStreamException
Event: 4.473 loading class java/nio/file/ClosedDirectoryStreamException done
Event: 4.473 loading class jdk/internal/jrtfs/JrtFileSystem
Event: 4.474 loading class jdk/internal/jrtfs/JrtFileSystem done
Event: 4.474 loading class jdk/internal/jrtfs/JrtPath
Event: 4.474 loading class jdk/internal/jrtfs/JrtPath done
Event: 4.475 loading class java/nio/file/FileVisitOption
Event: 4.475 loading class java/nio/file/FileVisitOption done
Event: 4.475 loading class java/nio/file/FileTreeWalker
Event: 4.475 loading class java/nio/file/FileTreeWalker done
Event: 4.587 loading class java/nio/file/FileTreeWalker$DirectoryNode
Event: 4.587 loading class java/nio/file/FileTreeWalker$DirectoryNode done
Event: 4.587 loading class java/nio/file/FileTreeWalker$Event
Event: 4.587 loading class java/nio/file/FileTreeWalker$Event done
Event: 4.587 loading class java/nio/file/FileTreeWalker$EventType
Event: 4.588 loading class java/nio/file/FileTreeWalker$EventType done
Event: 4.588 loading class java/nio/file/Files$3
Event: 4.588 loading class java/nio/file/Files$3 done
Event: 4.588 loading class java/nio/file/FileVisitResult
Event: 4.588 loading class java/nio/file/FileVisitResult done


Dynamic libraries:
0x00007ff7fcf00000 - 0x00007ff7fcf0e000 	c:\Users\datea\.vscode\extensions\redhat.java-1.11.0-win32-x64\jre\17.0.4.1-win32-x86_64\bin\java.exe
0x00007ffadbe90000 - 0x00007ffadc0a9000 	C:\WINDOWS\SYSTEM32\ntdll.dll
0x00007ffada3d0000 - 0x00007ffada492000 	C:\WINDOWS\System32\KERNEL32.DLL
0x00007ffad9840000 - 0x00007ffad9bdc000 	C:\WINDOWS\System32\KERNELBASE.dll
0x00007ffad6120000 - 0x00007ffad61b6000 	C:\WINDOWS\SYSTEM32\apphelp.dll
0x00007ffad9720000 - 0x00007ffad983b000 	C:\WINDOWS\System32\ucrtbase.dll
0x00007ffac9e10000 - 0x00007ffac9e28000 	c:\Users\datea\.vscode\extensions\redhat.java-1.11.0-win32-x64\jre\17.0.4.1-win32-x86_64\bin\jli.dll
0x00007ffad23e0000 - 0x00007ffad23f9000 	c:\Users\datea\.vscode\extensions\redhat.java-1.11.0-win32-x64\jre\17.0.4.1-win32-x86_64\bin\VCRUNTIME140.dll
0x00007ffadbca0000 - 0x00007ffadbe4c000 	C:\WINDOWS\System32\USER32.dll
0x00007ffad96f0000 - 0x00007ffad9716000 	C:\WINDOWS\System32\win32u.dll
0x00007ffad9ee0000 - 0x00007ffad9f09000 	C:\WINDOWS\System32\GDI32.dll
0x00007ffad95d0000 - 0x00007ffad96e6000 	C:\WINDOWS\System32\gdi32full.dll
0x00007ffad9400000 - 0x00007ffad949a000 	C:\WINDOWS\System32\msvcp_win.dll
0x00007ffabdec0000 - 0x00007ffabe151000 	C:\WINDOWS\WinSxS\amd64_microsoft.windows.common-controls_6595b64144ccf1df_6.0.25227.1000_none_7b35d90bf2068bf3\COMCTL32.dll
0x00007ffad9cc0000 - 0x00007ffad9d67000 	C:\WINDOWS\System32\msvcrt.dll
0x00007ffada100000 - 0x00007ffada131000 	C:\WINDOWS\System32\IMM32.DLL
0x00007ffad4660000 - 0x00007ffad466c000 	c:\Users\datea\.vscode\extensions\redhat.java-1.11.0-win32-x64\jre\17.0.4.1-win32-x86_64\bin\vcruntime140_1.dll
0x00007ffab6be0000 - 0x00007ffab6c71000 	c:\Users\datea\.vscode\extensions\redhat.java-1.11.0-win32-x64\jre\17.0.4.1-win32-x86_64\bin\msvcp140.dll
0x00007ffa90de0000 - 0x00007ffa91a26000 	c:\Users\datea\.vscode\extensions\redhat.java-1.11.0-win32-x64\jre\17.0.4.1-win32-x86_64\bin\server\jvm.dll
0x00007ffadae30000 - 0x00007ffadaede000 	C:\WINDOWS\System32\ADVAPI32.dll
0x00007ffada140000 - 0x00007ffada1e6000 	C:\WINDOWS\System32\sechost.dll
0x00007ffadbb70000 - 0x00007ffadbc97000 	C:\WINDOWS\System32\RPCRT4.dll
0x00007ffada650000 - 0x00007ffada658000 	C:\WINDOWS\System32\PSAPI.DLL
0x00007ffad2210000 - 0x00007ffad2245000 	C:\WINDOWS\SYSTEM32\WINMM.dll
0x00007ffad21e0000 - 0x00007ffad21ea000 	C:\WINDOWS\SYSTEM32\VERSION.dll
0x00007ffac1060000 - 0x00007ffac1069000 	C:\WINDOWS\SYSTEM32\WSOCK32.dll
0x00007ffadaee0000 - 0x00007ffadaf4f000 	C:\WINDOWS\System32\WS2_32.dll
0x00007ffad81f0000 - 0x00007ffad8208000 	C:\WINDOWS\SYSTEM32\kernel.appcore.dll
0x00007ffad44f0000 - 0x00007ffad44fa000 	c:\Users\datea\.vscode\extensions\redhat.java-1.11.0-win32-x64\jre\17.0.4.1-win32-x86_64\bin\jimage.dll
0x00007ffad6b10000 - 0x00007ffad6d43000 	C:\WINDOWS\SYSTEM32\DBGHELP.DLL
0x00007ffadaf60000 - 0x00007ffadb2e2000 	C:\WINDOWS\System32\combase.dll
0x00007ffada2f0000 - 0x00007ffada3c8000 	C:\WINDOWS\System32\OLEAUT32.dll
0x00007ffac4400000 - 0x00007ffac4432000 	C:\WINDOWS\SYSTEM32\dbgcore.DLL
0x00007ffad9be0000 - 0x00007ffad9c59000 	C:\WINDOWS\System32\bcryptPrimitives.dll
0x00007ffac9c50000 - 0x00007ffac9c75000 	c:\Users\datea\.vscode\extensions\redhat.java-1.11.0-win32-x64\jre\17.0.4.1-win32-x86_64\bin\java.dll
0x00007ffac9c30000 - 0x00007ffac9c48000 	c:\Users\datea\.vscode\extensions\redhat.java-1.11.0-win32-x64\jre\17.0.4.1-win32-x86_64\bin\zip.dll
0x00007ffadb380000 - 0x00007ffadbb50000 	C:\WINDOWS\System32\SHELL32.dll
0x00007ffad7180000 - 0x00007ffad7a1a000 	C:\WINDOWS\SYSTEM32\windows.storage.dll
0x00007ffad6fe0000 - 0x00007ffad7173000 	C:\WINDOWS\SYSTEM32\wintypes.dll
0x00007ffada560000 - 0x00007ffada64b000 	C:\WINDOWS\System32\SHCORE.dll
0x00007ffada8d0000 - 0x00007ffada92d000 	C:\WINDOWS\System32\shlwapi.dll
0x00007ffad91a0000 - 0x00007ffad91c1000 	C:\WINDOWS\SYSTEM32\profapi.dll
0x00007ffac9c10000 - 0x00007ffac9c29000 	C:\Users\datea\.vscode\extensions\redhat.java-1.11.0-win32-x64\jre\17.0.4.1-win32-x86_64\bin\net.dll
0x00007ffad2060000 - 0x00007ffad218b000 	C:\WINDOWS\SYSTEM32\WINHTTP.dll
0x00007ffad86d0000 - 0x00007ffad8739000 	C:\WINDOWS\system32\mswsock.dll
0x00007ffac9ac0000 - 0x00007ffac9ad5000 	C:\Users\datea\.vscode\extensions\redhat.java-1.11.0-win32-x64\jre\17.0.4.1-win32-x86_64\bin\nio.dll
0x00007ffac9880000 - 0x00007ffac9890000 	c:\Users\datea\.vscode\extensions\redhat.java-1.11.0-win32-x64\jre\17.0.4.1-win32-x86_64\bin\verify.dll
0x00007ffad3650000 - 0x00007ffad3659000 	C:\Users\datea\.vscode\extensions\redhat.java-1.11.0-win32-x64\jre\17.0.4.1-win32-x86_64\bin\management.dll
0x00007ffad35e0000 - 0x00007ffad35eb000 	C:\Users\datea\.vscode\extensions\redhat.java-1.11.0-win32-x64\jre\17.0.4.1-win32-x86_64\bin\management_ext.dll
0x00007ffad4600000 - 0x00007ffad4617000 	C:\WINDOWS\system32\napinsp.dll
0x00007ffad4500000 - 0x00007ffad451a000 	C:\WINDOWS\system32\pnrpnsp.dll
0x00007ffa781d0000 - 0x00007ffa781f1000 	C:\WINDOWS\system32\nlansp_c.dll
0x00007ffad7d50000 - 0x00007ffad7e4f000 	C:\WINDOWS\SYSTEM32\DNSAPI.dll
0x00007ffad7cc0000 - 0x00007ffad7cee000 	C:\WINDOWS\SYSTEM32\IPHLPAPI.DLL
0x00007ffada9a0000 - 0x00007ffada9a9000 	C:\WINDOWS\System32\NSI.dll
0x00007ffad3be0000 - 0x00007ffad3bf1000 	C:\WINDOWS\System32\winrnr.dll
0x00007ffaa04d0000 - 0x00007ffaa04e5000 	C:\WINDOWS\system32\wshbth.dll
0x00007ffad0570000 - 0x00007ffad057a000 	C:\Windows\System32\rasadhlp.dll
0x00007ffad1330000 - 0x00007ffad13b4000 	C:\WINDOWS\System32\fwpuclnt.dll
0x00007ffad8950000 - 0x00007ffad896b000 	C:\WINDOWS\SYSTEM32\CRYPTSP.dll
0x00007ffad8150000 - 0x00007ffad8184000 	C:\WINDOWS\system32\rsaenh.dll
0x00007ffad87d0000 - 0x00007ffad87f8000 	C:\WINDOWS\SYSTEM32\USERENV.dll
0x00007ffad8b10000 - 0x00007ffad8b38000 	C:\WINDOWS\SYSTEM32\bcrypt.dll
0x00007ffad8970000 - 0x00007ffad897c000 	C:\WINDOWS\SYSTEM32\CRYPTBASE.dll
0x00007ffad2040000 - 0x00007ffad2059000 	C:\WINDOWS\SYSTEM32\dhcpcsvc6.DLL
0x00007ffad1f40000 - 0x00007ffad1f5f000 	C:\WINDOWS\SYSTEM32\dhcpcsvc.DLL

dbghelp: loaded successfully - version: 4.0.5 - missing functions: none
symbol engine: initialized successfully - sym options: 0x614 - pdb path: .;c:\Users\datea\.vscode\extensions\redhat.java-1.11.0-win32-x64\jre\17.0.4.1-win32-x86_64\bin;C:\WINDOWS\SYSTEM32;C:\WINDOWS\WinSxS\amd64_microsoft.windows.common-controls_6595b64144ccf1df_6.0.25227.1000_none_7b35d90bf2068bf3;c:\Users\datea\.vscode\extensions\redhat.java-1.11.0-win32-x64\jre\17.0.4.1-win32-x86_64\bin\server

VM Arguments:
jvm_args: -Dsts.lsp.client=vscode -Dsts.log.file=/dev/null -XX:TieredStopAtLevel=1 -Xlog:jni+resolve=off -Dspring.config.location=file:c:\Users\datea\.vscode\extensions\pivotal.vscode-spring-boot-1.40.0\language-server\BOOT-INF\classes\application.properties 
java_command: org.springframework.ide.vscode.boot.app.BootLanguageServerBootApp
java_class_path (initial): c:\Users\datea\.vscode\extensions\pivotal.vscode-spring-boot-1.40.0\language-server\BOOT-INF\classes;c:\Users\datea\.vscode\extensions\pivotal.vscode-spring-boot-1.40.0\language-server\BOOT-INF\lib\annotations-23.0.0.jar;c:\Users\datea\.vscode\extensions\pivotal.vscode-spring-boot-1.40.0\language-server\BOOT-INF\lib\ant-1.10.12.jar;c:\Users\datea\.vscode\extensions\pivotal.vscode-spring-boot-1.40.0\language-server\BOOT-INF\lib\ant-launcher-1.10.12.jar;c:\Users\datea\.vscode\extensions\pivotal.vscode-spring-boot-1.40.0\language-server\BOOT-INF\lib\antlr-runtime-3.5.2.jar;c:\Users\datea\.vscode\extensions\pivotal.vscode-spring-boot-1.40.0\language-server\BOOT-INF\lib\antlr4-4.9.3.jar;c:\Users\datea\.vscode\extensions\pivotal.vscode-spring-boot-1.40.0\language-server\BOOT-INF\lib\antlr4-runtime-4.9.3.jar;c:\Users\datea\.vscode\extensions\pivotal.vscode-spring-boot-1.40.0\language-server\BOOT-INF\lib\asm-9.3.jar;c:\Users\datea\.vscode\extensions\pivotal.vscode-spring-boot-1.40.0\language-server\BOOT-INF\lib\asm-analysis-9.3.jar;c:\Users\datea\.vscode\extensions\pivotal.vscode-spring-boot-1.40.0\language-server\BOOT-INF\lib\asm-tree-9.3.jar;c:\Users\datea\.vscode\extensions\pivotal.vscode-spring-boot-1.40.0\language-server\BOOT-INF\lib\asm-util-9.3.jar;c:\Users\datea\.vscode\extensions\pivotal.vscode-spring-boot-1.40.0\language-server\BOOT-INF\lib\byte-buddy-1.12.13.jar;c:\Users\datea\.vscode\extensions\pivotal.vscode-spring-boot-1.40.0\language-server\BOOT-INF\lib\caffeine-2.9.3.jar;c:\Users\datea\.vscode\extensions\pivotal.vscode-spring-boot-1.40.0\language-server\BOOT-INF\lib\checker-qual-3.12.0.jar;c:\Users\datea\.vscode\extensions\pivotal.vscode-spring-boot-1.40.0\language-server\BOOT-INF\lib\classgraph-4.8.149.jar;c:\Users\datea\.vscode\extensions\pivotal.vscode-spring-boot-1.40.0\language-server\BOOT-INF\lib\commons-codec-1.15.jar;c:\Users\datea\.vscode\extensions\pivotal.vscode-spring-boot-1.40.0\language-server\BOOT-INF\lib\commons-c
Launcher Type: SUN_STANDARD

[Global flags]
     intx CICompilerCount                          = 4                                         {product} {ergonomic}
     uint ConcGCThreads                            = 2                                         {product} {ergonomic}
     uint G1ConcRefinementThreads                  = 8                                         {product} {ergonomic}
   size_t G1HeapRegionSize                         = 1048576                                   {product} {ergonomic}
    uintx GCDrainStackTargetSize                   = 64                                        {product} {ergonomic}
   size_t InitialHeapSize                          = 132120576                                 {product} {ergonomic}
   size_t MarkStackSize                            = 4194304                                   {product} {ergonomic}
   size_t MaxHeapSize                              = 2095054848                                {product} {ergonomic}
   size_t MaxNewSize                               = 1256194048                                {product} {ergonomic}
   size_t MinHeapDeltaBytes                        = 1048576                                   {product} {ergonomic}
   size_t MinHeapSize                              = 8388608                                   {product} {ergonomic}
    uintx NonProfiledCodeHeapSize                  = 0                                      {pd product} {ergonomic}
     bool ProfileInterpreter                       = false                                  {pd product} {command line}
    uintx ProfiledCodeHeapSize                     = 0                                      {pd product} {ergonomic}
   size_t SoftMaxHeapSize                          = 2095054848                             {manageable} {ergonomic}
     intx TieredStopAtLevel                        = 1                                         {product} {command line}
     bool UseCompressedClassPointers               = true                           {product lp64_product} {ergonomic}
     bool UseCompressedOops                        = true                           {product lp64_product} {ergonomic}
     bool UseG1GC                                  = true                                      {product} {ergonomic}
     bool UseLargePagesIndividualAllocation        = false                                  {pd product} {ergonomic}

Logging:
Log output configuration:
 #0: stdout all=warning,jni+resolve=off uptime,level,tags
 #1: stderr all=off uptime,level,tags

Environment Variables:
PATH=C:\Program Files\Java\jdk-15.0.2\bin;C:\Program Files\Common Files\Oracle\Java\javapath;C:\WINDOWS\system32;C:\WINDOWS;C:\WINDOWS\System32\Wbem;C:\WINDOWS\System32\WindowsPowerShell\v1.0\;C:\WINDOWS\System32\OpenSSH\;C:\Program Files\Azure Data Studio\bin;C:\Program Files\Microsoft SQL Server\Client SDK\ODBC\170\Tools\Binn\;C:\Program Files (x86)\Microsoft SQL Server\150\Tools\Binn\;C:\Program Files\Microsoft SQL Server\150\Tools\Binn\;C:\Program Files\Microsoft SQL Server\150\DTS\Binn\;C:\Program Files (x86)\Microsoft SQL Server\150\DTS\Binn\;C:\Program Files (x86)\GitExtensions\;F:\xampp\php;C:\ProgramData\ComposerSetup\bin;C:\xampp\php;C:\Program Files\Git\cmd;C:\Users\datea\AppData\Local\Microsoft\WindowsApps;C:\Users\datea\AppData\Local\Programs\Microsoft VS Code\bin;;C:\Program Files\Azure Data Studio\bin;C:\Users\datea\AppData\Roaming\Composer\vendor\bin
USERNAME=datea
OS=Windows_NT
PROCESSOR_IDENTIFIER=Intel64 Family 6 Model 126 Stepping 5, GenuineIntel
TMP=C:\Users\datea\AppData\Local\Temp
TEMP=C:\Users\datea\AppData\Local\Temp



---------------  S Y S T E M  ---------------

OS:
 Windows 11 , 64 bit Build 25227 (10.0.25227.1000)
OS uptime: 0 days 8:20 hours
Hyper-V role detected

CPU: total 8 (initial active 8) (4 cores per cpu, 2 threads per core) family 6 model 126 stepping 5 microcode 0xa6, cx8, cmov, fxsr, ht, mmx, 3dnowpref, sse, sse2, sse3, ssse3, sse4.1, sse4.2, popcnt, lzcnt, tsc, tscinvbit, avx, avx2, aes, erms, clmul, bmi1, bmi2, adx, avx512f, avx512dq, avx512cd, avx512bw, avx512vl, sha, fma, vzeroupper, avx512_vpopcntdq, avx512_vpclmulqdq, avx512_vaes, avx512_vnni, clflush, clflushopt, avx512_vbmi2, avx512_vbmi, hv

Memory: 4k page, system-wide physical 7987M (635M free)
TotalPageFile size 12083M (AvailPageFile size 189M)
current process WorkingSet (physical memory assigned to process): 242M, peak: 248M
current process commit charge ("private bytes"): 292M, peak: 594M

vm_info: OpenJDK 64-Bit Server VM (17.0.4.1+1) for windows-amd64 JRE (17.0.4.1+1), built on Aug 17 2022 07:42:43 by "temurin" with MS VC++ 16.7 (VS2019)

END.
