#
# There is insufficient memory for the Java Runtime Environment to continue.
# Native memory allocation (malloc) failed to allocate 1061136 bytes for Chunk::new
# Possible reasons:
#   The system is out of physical RAM or swap space
#   The process is running with CompressedOops enabled, and the Java Heap may be blocking the growth of the native heap
# Possible solutions:
#   Reduce memory load on the system
#   Increase physical memory or swap space
#   Check if swap backing store is full
#   Decrease Java heap size (-Xmx/-Xms)
#   Decrease number of Java threads
#   Decrease Java thread stack sizes (-Xss)
#   Set larger code cache with -XX:ReservedCodeCacheSize=
#   JVM is running with Unscaled Compressed Oops mode in which the Java heap is
#     placed in the first 4GB address space. The Java Heap base address is the
#     maximum limit for the native heap growth. Please use -XX:HeapBaseMinAddress
#     to set the Java Heap base and to place the Java Heap above 4GB virtual address.
# This output file may be truncated or incomplete.
#
#  Out of Memory Error (./open/src/hotspot/share/memory/arena.cpp:195), pid=34480, tid=42116
#
# JRE version: Java(TM) SE Runtime Environment (15.0.2+7) (build 15.0.2+7-27)
# Java VM: Java HotSpot(TM) 64-Bit Server VM (15.0.2+7-27, mixed mode, sharing, tiered, compressed oops, g1 gc, windows-amd64)
# No core dump will be written. Minidumps are not enabled by default on client versions of Windows
#

---------------  S U M M A R Y ------------

Command Line: -XX:+ShowCodeDetailsInExceptionMessages com.watch.shopwatchonline.ShopwatchonlineApplication

Host: Intel(R) Core(TM) i5-1035G1 CPU @ 1.00GHz, 8 cores, 7G,  Windows 10 , 64 bit Build 25217 (10.0.25217.1000)
Time: Wed Oct 12 16:21:41 2022 SE Asia Standard Time elapsed time: 3701.855578 seconds (0d 1h 1m 41s)

---------------  T H R E A D  ---------------

Current thread (0x00000214c516dd80):  JavaThread "C2 CompilerThread0" daemon [_thread_in_native, id=42116, stack(0x0000006ab1200000,0x0000006ab1300000)]


Current CompileTask:
C2:3701855 25402   !   4       java.util.concurrent.ThreadPoolExecutor::getTask (177 bytes)

Stack: [0x0000006ab1200000,0x0000006ab1300000]
Native frames: (J=compiled Java code, j=interpreted, Vv=VM code, C=native code)
V  [jvm.dll+0x62ae9a]
V  [jvm.dll+0x7817a9]
V  [jvm.dll+0x782f03]
V  [jvm.dll+0x783563]
V  [jvm.dll+0x216325]
V  [jvm.dll+0x97f3a]
V  [jvm.dll+0x9861c]
V  [jvm.dll+0x32e2a8]
V  [jvm.dll+0x2f768a]
V  [jvm.dll+0x2f6a4a]
V  [jvm.dll+0x1ea705]
V  [jvm.dll+0x1e996e]
V  [jvm.dll+0x178567]
V  [jvm.dll+0x1f9225]
V  [jvm.dll+0x1f72cc]
V  [jvm.dll+0x74495d]
V  [jvm.dll+0x73d75a]
V  [jvm.dll+0x629c56]
C  [ucrtbase.dll+0x4b7eb]
C  [KERNEL32.DLL+0x1484d]
C  [ntdll.dll+0x67558]


---------------  P R O C E S S  ---------------

Threads class SMR info:
_java_thread_list=0x00000214cb746410, length=35, elements={
0x00000214c5149920, 0x00000214c514a3d0, 0x00000214c5166ce0, 0x00000214c51686b0,
0x00000214c516d090, 0x00000214c516dd80, 0x00000214c5170840, 0x00000214c517c750,
0x00000214c5b9fdc0, 0x00000214c5bc3ef0, 0x00000214c9ea7180, 0x00000214cb718400,
0x00000214cb82e580, 0x00000214cb82fd90, 0x00000214cb82ea50, 0x00000214cb829880,
0x00000214cb82d240, 0x00000214c71eb450, 0x00000214c71e9c40, 0x00000214c71e75c0,
0x00000214c71e7f60, 0x00000214c71eaab0, 0x00000214c71e70f0, 0x00000214c71e6750,
0x00000214c71e8900, 0x00000214c71e8430, 0x00000214c71e9770, 0x00000214c71e4a70,
0x00000214c71ea110, 0x00000214c71e4f40, 0x00000214c71e6c20, 0x00000214c71e8dd0,
0x00000214c71ea5e0, 0x00000214c71e58e0, 0x00000214c97aaf70
}

Java Threads: ( => current thread )
  0x00000214c5149920 JavaThread "Reference Handler" daemon [_thread_blocked, id=41764, stack(0x0000006ab0d00000,0x0000006ab0e00000)]
  0x00000214c514a3d0 JavaThread "Finalizer" daemon [_thread_blocked, id=45460, stack(0x0000006ab0e00000,0x0000006ab0f00000)]
  0x00000214c5166ce0 JavaThread "Signal Dispatcher" daemon [_thread_blocked, id=44400, stack(0x0000006ab0f00000,0x0000006ab1000000)]
  0x00000214c51686b0 JavaThread "Attach Listener" daemon [_thread_blocked, id=39660, stack(0x0000006ab1000000,0x0000006ab1100000)]
  0x00000214c516d090 JavaThread "Service Thread" daemon [_thread_blocked, id=8880, stack(0x0000006ab1100000,0x0000006ab1200000)]
=>0x00000214c516dd80 JavaThread "C2 CompilerThread0" daemon [_thread_in_native, id=42116, stack(0x0000006ab1200000,0x0000006ab1300000)]
  0x00000214c5170840 JavaThread "C1 CompilerThread0" daemon [_thread_blocked, id=6708, stack(0x0000006ab1300000,0x0000006ab1400000)]
  0x00000214c517c750 JavaThread "Sweeper thread" daemon [_thread_blocked, id=47052, stack(0x0000006ab1400000,0x0000006ab1500000)]
  0x00000214c5b9fdc0 JavaThread "Notification Thread" daemon [_thread_blocked, id=36032, stack(0x0000006ab1500000,0x0000006ab1600000)]
  0x00000214c5bc3ef0 JavaThread "Common-Cleaner" daemon [_thread_blocked, id=42524, stack(0x0000006ab1700000,0x0000006ab1800000)]
  0x00000214c9ea7180 JavaThread "Live Reload Server" daemon [_thread_in_native, id=44980, stack(0x0000006ab2d00000,0x0000006ab2e00000)]
  0x00000214cb718400 JavaThread "DestroyJavaVM" [_thread_blocked, id=29456, stack(0x0000006ab0600000,0x0000006ab0700000)]
  0x00000214cb82e580 JavaThread "File Watcher" daemon [_thread_blocked, id=45060, stack(0x0000006ab1800000,0x0000006ab1900000)]
  0x00000214cb82fd90 JavaThread "File Watcher" daemon [_thread_blocked, id=47588, stack(0x0000006ab1900000,0x0000006ab1a00000)]
  0x00000214cb82ea50 JavaThread "File Watcher" daemon [_thread_blocked, id=5084, stack(0x0000006ab1c00000,0x0000006ab1d00000)]
  0x00000214cb829880 JavaThread "File Watcher" daemon [_thread_blocked, id=45756, stack(0x0000006ab1d00000,0x0000006ab1e00000)]
  0x00000214cb82d240 JavaThread "File Watcher" daemon [_thread_blocked, id=51912, stack(0x0000006ab2600000,0x0000006ab2700000)]
  0x00000214c71eb450 JavaThread "Catalina-utility-1" [_thread_blocked, id=52872, stack(0x0000006ab2700000,0x0000006ab2800000)]
  0x00000214c71e9c40 JavaThread "Catalina-utility-2" [_thread_blocked, id=52544, stack(0x0000006ab2900000,0x0000006ab2a00000)]
  0x00000214c71e75c0 JavaThread "container-5" [_thread_blocked, id=52876, stack(0x0000006ab2a00000,0x0000006ab2b00000)]
  0x00000214c71e7f60 JavaThread "mssql-jdbc-shared-timer-core-73" daemon [_thread_blocked, id=52968, stack(0x0000006ab2b00000,0x0000006ab2c00000)]
  0x00000214c71eaab0 JavaThread "HikariPool-74 housekeeper" daemon [_thread_blocked, id=51268, stack(0x0000006ab2c00000,0x0000006ab2d00000)]
  0x00000214c71e70f0 JavaThread "File Watcher" daemon [_thread_blocked, id=52440, stack(0x0000006ab2f00000,0x0000006ab3000000)]
  0x00000214c71e6750 JavaThread "http-nio-8080-exec-1" daemon [_thread_blocked, id=51964, stack(0x0000006ab3000000,0x0000006ab3100000)]
  0x00000214c71e8900 JavaThread "http-nio-8080-exec-2" daemon [_thread_blocked, id=52980, stack(0x0000006ab3100000,0x0000006ab3200000)]
  0x00000214c71e8430 JavaThread "http-nio-8080-exec-3" daemon [_thread_blocked, id=48768, stack(0x0000006ab3200000,0x0000006ab3300000)]
  0x00000214c71e9770 JavaThread "http-nio-8080-exec-4" daemon [_thread_blocked, id=51240, stack(0x0000006ab3300000,0x0000006ab3400000)]
  0x00000214c71e4a70 JavaThread "http-nio-8080-exec-5" daemon [_thread_blocked, id=50080, stack(0x0000006ab3400000,0x0000006ab3500000)]
  0x00000214c71ea110 JavaThread "http-nio-8080-exec-6" daemon [_thread_blocked, id=46908, stack(0x0000006ab3500000,0x0000006ab3600000)]
  0x00000214c71e4f40 JavaThread "http-nio-8080-exec-7" daemon [_thread_blocked, id=46932, stack(0x0000006ab3600000,0x0000006ab3700000)]
  0x00000214c71e6c20 JavaThread "http-nio-8080-exec-8" daemon [_thread_blocked, id=50496, stack(0x0000006ab3700000,0x0000006ab3800000)]
  0x00000214c71e8dd0 JavaThread "http-nio-8080-exec-9" daemon [_thread_blocked, id=39760, stack(0x0000006ab3800000,0x0000006ab3900000)]
  0x00000214c71ea5e0 JavaThread "http-nio-8080-exec-10" daemon [_thread_blocked, id=49732, stack(0x0000006ab3900000,0x0000006ab3a00000)]
  0x00000214c71e58e0 JavaThread "http-nio-8080-Poller" daemon [_thread_in_native, id=48992, stack(0x0000006ab3a00000,0x0000006ab3b00000)]
  0x00000214c97aaf70 JavaThread "http-nio-8080-Acceptor" daemon [_thread_in_native, id=51892, stack(0x0000006ab3b00000,0x0000006ab3c00000)]

Other Threads:
  0x00000214c5148400 VMThread "VM Thread" [stack: 0x0000006ab0c00000,0x0000006ab0d00000] [id=21524]
  0x00000214c5ba6ac0 WatcherThread [stack: 0x0000006ab1600000,0x0000006ab1700000] [id=43100]
  0x00000214a67ab6a0 GCTaskThread "GC Thread#0" [stack: 0x0000006ab0700000,0x0000006ab0800000] [id=47128]
  0x00000214c6083fe0 GCTaskThread "GC Thread#1" [stack: 0x0000006ab1a00000,0x0000006ab1b00000] [id=43032]
  0x00000214c6083650 GCTaskThread "GC Thread#2" [stack: 0x0000006ab1b00000,0x0000006ab1c00000] [id=8724]
  0x00000214c6085300 GCTaskThread "GC Thread#3" [stack: 0x0000006ab1f00000,0x0000006ab2000000] [id=35128]
  0x00000214c6085630 GCTaskThread "GC Thread#4" [stack: 0x0000006ab2000000,0x0000006ab2100000] [id=19928]
  0x00000214c6083980 GCTaskThread "GC Thread#5" [stack: 0x0000006ab2100000,0x0000006ab2200000] [id=46188]
  0x00000214c60862f0 GCTaskThread "GC Thread#6" [stack: 0x0000006ab2200000,0x0000006ab2300000] [id=36772]
  0x00000214c6085960 GCTaskThread "GC Thread#7" [stack: 0x0000006ab2300000,0x0000006ab2400000] [id=40456]
  0x00000214a67bc490 ConcurrentGCThread "G1 Main Marker" [stack: 0x0000006ab0800000,0x0000006ab0900000] [id=46256]
  0x00000214a67bde50 ConcurrentGCThread "G1 Conc#0" [stack: 0x0000006ab0900000,0x0000006ab0a00000] [id=44372]
  0x00000214c6085c90 ConcurrentGCThread "G1 Conc#1" [stack: 0x0000006ab1e00000,0x0000006ab1f00000] [id=33160]
  0x00000214c4fc24b0 ConcurrentGCThread "G1 Refine#0" [stack: 0x0000006ab0a00000,0x0000006ab0b00000] [id=24680]
  0x00000214c8e07270 ConcurrentGCThread "G1 Refine#1" [stack: 0x0000006ab0500000,0x0000006ab0600000] [id=43308]
  0x00000214a6818f40 ConcurrentGCThread "G1 Young RemSet Sampling" [stack: 0x0000006ab0b00000,0x0000006ab0c00000] [id=11800]

Threads with active compile tasks:
C2 CompilerThread0  3701902 25402   !   4       java.util.concurrent.ThreadPoolExecutor::getTask (177 bytes)

VM state: not at safepoint (normal execution)

VM Mutex/Monitor currently owned by a thread: None

Heap address: 0x0000000083200000, size: 1998 MB, Compressed Oops mode: 32-bit
CDS archive(s) mapped at: [0x0000000800000000-0x0000000800b50000-0x0000000800b50000), size 11862016, SharedBaseAddress: 0x0000000800000000, ArchiveRelocationMode: 0.
Compressed class space mapped at: 0x0000000800b50000-0x0000000840b50000, size: 1073741824
Narrow klass base: 0x0000000800000000, Narrow klass shift: 3, Narrow klass range: 0x100000000

GC Precious Log:
 CPUs: 8 total, 8 available
 Memory: 7987M
 Large Page Support: Disabled
 NUMA Support: Disabled
 Compressed Oops: Enabled (32-bit)
 Heap Region Size: 1M
 Heap Min Capacity: 8M
 Heap Initial Capacity: 126M
 Heap Max Capacity: 1998M
 Pre-touch: Disabled
 Parallel Workers: 8
 Concurrent Workers: 2
 Concurrent Refinement Workers: 8
 Periodic GC: Disabled

Heap:
 garbage-first heap   total 133120K, used 62998K [0x0000000083200000, 0x0000000100000000)
  region size 1024K, 12 young (12288K), 7 survivors (7168K)
 Metaspace       used 120266K, capacity 124695K, committed 124720K, reserved 1161216K
  class space    used 12322K, capacity 13684K, committed 13696K, reserved 1048576K

Heap Regions: E=young(eden), S=young(survivor), O=old, HS=humongous(starts), HC=humongous(continues), CS=collection set, F=free, OA=open archive, CA=closed archive, TAMS=top-at-mark-start (previous, next)
|   0|0x0000000083200000, 0x0000000083300000, 0x0000000083300000|100%|HS|  |TAMS 0x0000000083300000, 0x0000000083200000| Complete 
|   1|0x0000000083300000, 0x00000000833fffd8, 0x0000000083400000| 99%| O|  |TAMS 0x00000000833fffd8, 0x0000000083300000| Untracked 
|   2|0x0000000083400000, 0x00000000834fffe0, 0x0000000083500000| 99%| O|  |TAMS 0x00000000834fffe0, 0x0000000083400000| Untracked 
|   3|0x0000000083500000, 0x00000000835ffff0, 0x0000000083600000| 99%| O|  |TAMS 0x00000000835ffff0, 0x0000000083500000| Untracked 
|   4|0x0000000083600000, 0x00000000836fffe0, 0x0000000083700000| 99%| O|  |TAMS 0x00000000836fffe0, 0x0000000083600000| Untracked 
|   5|0x0000000083700000, 0x0000000083800000, 0x0000000083800000|100%| O|  |TAMS 0x0000000083800000, 0x0000000083700000| Untracked 
|   6|0x0000000083800000, 0x00000000838fffd8, 0x0000000083900000| 99%| O|  |TAMS 0x00000000838fffd8, 0x0000000083800000| Untracked 
|   7|0x0000000083900000, 0x00000000839ffff0, 0x0000000083a00000| 99%| O|  |TAMS 0x00000000839ffff0, 0x0000000083900000| Untracked 
|   8|0x0000000083a00000, 0x0000000083affff8, 0x0000000083b00000| 99%| O|  |TAMS 0x0000000083affff8, 0x0000000083a00000| Untracked 
|   9|0x0000000083b00000, 0x0000000083bffff0, 0x0000000083c00000| 99%| O|  |TAMS 0x0000000083bffff0, 0x0000000083b00000| Untracked 
|  10|0x0000000083c00000, 0x0000000083d00000, 0x0000000083d00000|100%| O|  |TAMS 0x0000000083d00000, 0x0000000083c00000| Untracked 
|  11|0x0000000083d00000, 0x0000000083e00000, 0x0000000083e00000|100%| O|  |TAMS 0x0000000083e00000, 0x0000000083d00000| Untracked 
|  12|0x0000000083e00000, 0x0000000083f00000, 0x0000000083f00000|100%| O|  |TAMS 0x0000000083f00000, 0x0000000083e00000| Untracked 
|  13|0x0000000083f00000, 0x0000000084000000, 0x0000000084000000|100%| O|  |TAMS 0x0000000084000000, 0x0000000083f00000| Untracked 
|  14|0x0000000084000000, 0x00000000840ffff0, 0x0000000084100000| 99%| O|  |TAMS 0x00000000840ffff0, 0x0000000084000000| Untracked 
|  15|0x0000000084100000, 0x00000000841ffff8, 0x0000000084200000| 99%| O|  |TAMS 0x00000000841ffff8, 0x0000000084100000| Untracked 
|  16|0x0000000084200000, 0x00000000842ffff8, 0x0000000084300000| 99%| O|  |TAMS 0x00000000842ffff8, 0x0000000084200000| Untracked 
|  17|0x0000000084300000, 0x00000000843ffff8, 0x0000000084400000| 99%| O|  |TAMS 0x00000000843ffff8, 0x0000000084300000| Untracked 
|  18|0x0000000084400000, 0x00000000844ffff8, 0x0000000084500000| 99%| O|  |TAMS 0x00000000844ffff8, 0x0000000084400000| Untracked 
|  19|0x0000000084500000, 0x00000000845ffff8, 0x0000000084600000| 99%| O|  |TAMS 0x00000000845ffff8, 0x0000000084500000| Untracked 
|  20|0x0000000084600000, 0x0000000084700000, 0x0000000084700000|100%| O|  |TAMS 0x0000000084700000, 0x0000000084600000| Untracked 
|  21|0x0000000084700000, 0x00000000847ffff0, 0x0000000084800000| 99%| O|  |TAMS 0x00000000847ffff0, 0x0000000084700000| Untracked 
|  22|0x0000000084800000, 0x00000000848ffff0, 0x0000000084900000| 99%| O|  |TAMS 0x00000000848ffff0, 0x0000000084800000| Untracked 
|  23|0x0000000084900000, 0x0000000084a00000, 0x0000000084a00000|100%| O|  |TAMS 0x0000000084a00000, 0x0000000084900000| Untracked 
|  24|0x0000000084a00000, 0x0000000084affff8, 0x0000000084b00000| 99%| O|  |TAMS 0x0000000084affff8, 0x0000000084a00000| Untracked 
|  25|0x0000000084b00000, 0x0000000084bfffa0, 0x0000000084c00000| 99%| O|  |TAMS 0x0000000084bfffa0, 0x0000000084b00000| Untracked 
|  26|0x0000000084c00000, 0x0000000084cfffe0, 0x0000000084d00000| 99%| O|  |TAMS 0x0000000084cfffe0, 0x0000000084c00000| Untracked 
|  27|0x0000000084d00000, 0x0000000084e00000, 0x0000000084e00000|100%| O|  |TAMS 0x0000000084e00000, 0x0000000084d00000| Untracked 
|  28|0x0000000084e00000, 0x0000000084effff8, 0x0000000084f00000| 99%| O|  |TAMS 0x0000000084effff8, 0x0000000084e00000| Untracked 
|  29|0x0000000084f00000, 0x0000000084fffff0, 0x0000000085000000| 99%| O|  |TAMS 0x0000000084fffff0, 0x0000000084f00000| Untracked 
|  30|0x0000000085000000, 0x00000000850ffff8, 0x0000000085100000| 99%| O|  |TAMS 0x00000000850ffff8, 0x0000000085000000| Untracked 
|  31|0x0000000085100000, 0x00000000851fffd0, 0x0000000085200000| 99%| O|  |TAMS 0x00000000851fffd0, 0x0000000085100000| Untracked 
|  32|0x0000000085200000, 0x00000000852fffc0, 0x0000000085300000| 99%| O|  |TAMS 0x00000000852fffc0, 0x0000000085200000| Untracked 
|  33|0x0000000085300000, 0x00000000853fffe0, 0x0000000085400000| 99%| O|  |TAMS 0x00000000853fffe0, 0x0000000085300000| Untracked 
|  34|0x0000000085400000, 0x0000000085500000, 0x0000000085500000|100%| O|  |TAMS 0x0000000085500000, 0x0000000085400000| Untracked 
|  35|0x0000000085500000, 0x00000000855fffb8, 0x0000000085600000| 99%| O|  |TAMS 0x00000000855fffb8, 0x0000000085500000| Untracked 
|  36|0x0000000085600000, 0x00000000856fffe0, 0x0000000085700000| 99%| O|  |TAMS 0x00000000856fffe0, 0x0000000085600000| Untracked 
|  37|0x0000000085700000, 0x00000000857fffc8, 0x0000000085800000| 99%| O|  |TAMS 0x00000000857fffc8, 0x0000000085700000| Untracked 
|  38|0x0000000085800000, 0x00000000858fffe0, 0x0000000085900000| 99%| O|  |TAMS 0x00000000858fffe0, 0x0000000085800000| Untracked 
|  39|0x0000000085900000, 0x0000000085a00000, 0x0000000085a00000|100%| O|  |TAMS 0x0000000085a00000, 0x0000000085900000| Untracked 
|  40|0x0000000085a00000, 0x0000000085afffe8, 0x0000000085b00000| 99%| O|  |TAMS 0x0000000085afffe8, 0x0000000085a00000| Untracked 
|  41|0x0000000085b00000, 0x0000000085bfffc0, 0x0000000085c00000| 99%| O|  |TAMS 0x0000000085bfffc0, 0x0000000085b00000| Untracked 
|  42|0x0000000085c00000, 0x0000000085cffff0, 0x0000000085d00000| 99%| O|  |TAMS 0x0000000085cffff0, 0x0000000085c00000| Untracked 
|  43|0x0000000085d00000, 0x0000000085dffc08, 0x0000000085e00000| 99%| O|  |TAMS 0x0000000085dffc08, 0x0000000085d00000| Untracked 
|  44|0x0000000085e00000, 0x0000000085f00000, 0x0000000085f00000|100%| O|  |TAMS 0x0000000085f00000, 0x0000000085e00000| Complete 
|  45|0x0000000085f00000, 0x0000000085fffff0, 0x0000000086000000| 99%| O|  |TAMS 0x0000000085fffff0, 0x0000000085f00000| Complete 
|  46|0x0000000086000000, 0x00000000860ffff8, 0x0000000086100000| 99%| O|  |TAMS 0x00000000860ffff8, 0x0000000086000000| Complete 
|  47|0x0000000086100000, 0x00000000861544f8, 0x0000000086200000| 32%| O|  |TAMS 0x00000000861544f8, 0x0000000086100000| Complete 
|  48|0x0000000086200000, 0x0000000086203200, 0x0000000086300000|  1%| O|  |TAMS 0x0000000086200000, 0x0000000086200000| Untracked 
|  49|0x0000000086300000, 0x0000000086300000, 0x0000000086400000|  0%| F|  |TAMS 0x0000000086300000, 0x0000000086300000| Untracked 
|  50|0x0000000086400000, 0x0000000086400000, 0x0000000086500000|  0%| F|  |TAMS 0x0000000086400000, 0x0000000086400000| Untracked 
|  51|0x0000000086500000, 0x0000000086500000, 0x0000000086600000|  0%| F|  |TAMS 0x0000000086500000, 0x0000000086500000| Untracked 
|  52|0x0000000086600000, 0x0000000086600000, 0x0000000086700000|  0%| F|  |TAMS 0x0000000086600000, 0x0000000086600000| Untracked 
|  53|0x0000000086700000, 0x0000000086700000, 0x0000000086800000|  0%| F|  |TAMS 0x0000000086700000, 0x0000000086700000| Untracked 
|  54|0x0000000086800000, 0x0000000086800000, 0x0000000086900000|  0%| F|  |TAMS 0x0000000086800000, 0x0000000086800000| Untracked 
|  55|0x0000000086900000, 0x0000000086900000, 0x0000000086a00000|  0%| F|  |TAMS 0x0000000086900000, 0x0000000086900000| Untracked 
|  56|0x0000000086a00000, 0x0000000086a00000, 0x0000000086b00000|  0%| F|  |TAMS 0x0000000086a00000, 0x0000000086a00000| Untracked 
|  57|0x0000000086b00000, 0x0000000086b00000, 0x0000000086c00000|  0%| F|  |TAMS 0x0000000086b00000, 0x0000000086b00000| Untracked 
|  58|0x0000000086c00000, 0x0000000086c00000, 0x0000000086d00000|  0%| F|  |TAMS 0x0000000086c00000, 0x0000000086c00000| Untracked 
|  59|0x0000000086d00000, 0x0000000086d00000, 0x0000000086e00000|  0%| F|  |TAMS 0x0000000086d00000, 0x0000000086d00000| Untracked 
|  60|0x0000000086e00000, 0x0000000086e00000, 0x0000000086f00000|  0%| F|  |TAMS 0x0000000086e00000, 0x0000000086e00000| Untracked 
|  61|0x0000000086f00000, 0x0000000087000000, 0x0000000087000000|100%| O|  |TAMS 0x0000000087000000, 0x0000000086f00000| Complete 
|  62|0x0000000087000000, 0x00000000870ae0f0, 0x0000000087100000| 67%| O|  |TAMS 0x00000000870ae0f0, 0x0000000087000000| Complete 
|  63|0x0000000087100000, 0x0000000087100000, 0x0000000087200000|  0%| F|  |TAMS 0x0000000087100000, 0x0000000087100000| Untracked 
|  64|0x0000000087200000, 0x0000000087300000, 0x0000000087300000|100%| S|CS|TAMS 0x0000000087200000, 0x0000000087200000| Complete 
|  65|0x0000000087300000, 0x0000000087400000, 0x0000000087400000|100%| S|CS|TAMS 0x0000000087300000, 0x0000000087300000| Complete 
|  66|0x0000000087400000, 0x0000000087500000, 0x0000000087500000|100%| S|CS|TAMS 0x0000000087400000, 0x0000000087400000| Complete 
|  67|0x0000000087500000, 0x0000000087600000, 0x0000000087600000|100%| S|CS|TAMS 0x0000000087500000, 0x0000000087500000| Complete 
|  68|0x0000000087600000, 0x000000008764e8c8, 0x0000000087700000| 30%| O|  |TAMS 0x000000008764e8c8, 0x0000000087600000| Complete 
|  69|0x0000000087700000, 0x00000000877b4900, 0x0000000087800000| 70%| O|  |TAMS 0x00000000877b4900, 0x0000000087700000| Complete 
|  70|0x0000000087800000, 0x0000000087900000, 0x0000000087900000|100%| S|CS|TAMS 0x0000000087800000, 0x0000000087800000| Complete 
|  71|0x0000000087900000, 0x0000000087a00000, 0x0000000087a00000|100%| S|CS|TAMS 0x0000000087900000, 0x0000000087900000| Complete 
|  72|0x0000000087a00000, 0x0000000087a7d800, 0x0000000087b00000| 49%| O|  |TAMS 0x0000000087a7d800, 0x0000000087a00000| Complete 
|  73|0x0000000087b00000, 0x0000000087c00000, 0x0000000087c00000|100%| S|CS|TAMS 0x0000000087b00000, 0x0000000087b00000| Complete 
|  74|0x0000000087c00000, 0x0000000087c00000, 0x0000000087d00000|  0%| F|  |TAMS 0x0000000087c00000, 0x0000000087c00000| Untracked 
|  75|0x0000000087d00000, 0x0000000087d00000, 0x0000000087e00000|  0%| F|  |TAMS 0x0000000087d00000, 0x0000000087d00000| Untracked 
|  76|0x0000000087e00000, 0x0000000087e00000, 0x0000000087f00000|  0%| F|  |TAMS 0x0000000087e00000, 0x0000000087e00000| Untracked 
|  77|0x0000000087f00000, 0x0000000087f00000, 0x0000000088000000|  0%| F|  |TAMS 0x0000000087f00000, 0x0000000087f00000| Untracked 
|  78|0x0000000088000000, 0x0000000088000000, 0x0000000088100000|  0%| F|  |TAMS 0x0000000088000000, 0x0000000088000000| Untracked 
|  79|0x0000000088100000, 0x0000000088100000, 0x0000000088200000|  0%| F|  |TAMS 0x0000000088100000, 0x0000000088100000| Untracked 
|  80|0x0000000088200000, 0x0000000088200000, 0x0000000088300000|  0%| F|  |TAMS 0x0000000088200000, 0x0000000088200000| Untracked 
|  81|0x0000000088300000, 0x0000000088300000, 0x0000000088400000|  0%| F|  |TAMS 0x0000000088300000, 0x0000000088300000| Untracked 
|  82|0x0000000088400000, 0x0000000088400000, 0x0000000088500000|  0%| F|  |TAMS 0x0000000088400000, 0x0000000088400000| Untracked 
|  83|0x0000000088500000, 0x0000000088500000, 0x0000000088600000|  0%| F|  |TAMS 0x0000000088500000, 0x0000000088500000| Untracked 
|  84|0x0000000088600000, 0x0000000088600000, 0x0000000088700000|  0%| F|  |TAMS 0x0000000088600000, 0x0000000088600000| Untracked 
|  85|0x0000000088700000, 0x0000000088700000, 0x0000000088800000|  0%| F|  |TAMS 0x0000000088700000, 0x0000000088700000| Untracked 
|  86|0x0000000088800000, 0x0000000088800000, 0x0000000088900000|  0%| F|  |TAMS 0x0000000088800000, 0x0000000088800000| Untracked 
|  87|0x0000000088900000, 0x0000000088900000, 0x0000000088a00000|  0%| F|  |TAMS 0x0000000088900000, 0x0000000088900000| Untracked 
|  88|0x0000000088a00000, 0x0000000088a00000, 0x0000000088b00000|  0%| F|  |TAMS 0x0000000088a00000, 0x0000000088a00000| Untracked 
|  89|0x0000000088b00000, 0x0000000088b00000, 0x0000000088c00000|  0%| F|  |TAMS 0x0000000088b00000, 0x0000000088b00000| Untracked 
|  90|0x0000000088c00000, 0x0000000088c00000, 0x0000000088d00000|  0%| F|  |TAMS 0x0000000088c00000, 0x0000000088c00000| Untracked 
|  91|0x0000000088d00000, 0x0000000088d00000, 0x0000000088e00000|  0%| F|  |TAMS 0x0000000088d00000, 0x0000000088d00000| Untracked 
|  92|0x0000000088e00000, 0x0000000088e00000, 0x0000000088f00000|  0%| F|  |TAMS 0x0000000088e00000, 0x0000000088e00000| Untracked 
|  93|0x0000000088f00000, 0x0000000088f00000, 0x0000000089000000|  0%| F|  |TAMS 0x0000000088f00000, 0x0000000088f00000| Untracked 
|  94|0x0000000089000000, 0x0000000089000000, 0x0000000089100000|  0%| F|  |TAMS 0x0000000089000000, 0x0000000089000000| Untracked 
|  95|0x0000000089100000, 0x0000000089100000, 0x0000000089200000|  0%| F|  |TAMS 0x0000000089100000, 0x0000000089100000| Untracked 
|  96|0x0000000089200000, 0x0000000089200000, 0x0000000089300000|  0%| F|  |TAMS 0x0000000089200000, 0x0000000089200000| Untracked 
|  97|0x0000000089300000, 0x0000000089300000, 0x0000000089400000|  0%| F|  |TAMS 0x0000000089300000, 0x0000000089300000| Untracked 
|  98|0x0000000089400000, 0x0000000089400000, 0x0000000089500000|  0%| F|  |TAMS 0x0000000089400000, 0x0000000089400000| Untracked 
|  99|0x0000000089500000, 0x0000000089500000, 0x0000000089600000|  0%| F|  |TAMS 0x0000000089500000, 0x0000000089500000| Untracked 
| 100|0x0000000089600000, 0x0000000089600000, 0x0000000089700000|  0%| F|  |TAMS 0x0000000089600000, 0x0000000089600000| Untracked 
| 101|0x0000000089700000, 0x0000000089700000, 0x0000000089800000|  0%| F|  |TAMS 0x0000000089700000, 0x0000000089700000| Untracked 
| 102|0x0000000089800000, 0x0000000089800000, 0x0000000089900000|  0%| F|  |TAMS 0x0000000089800000, 0x0000000089800000| Untracked 
| 103|0x0000000089900000, 0x0000000089900000, 0x0000000089a00000|  0%| F|  |TAMS 0x0000000089900000, 0x0000000089900000| Untracked 
| 104|0x0000000089a00000, 0x0000000089a00000, 0x0000000089b00000|  0%| F|  |TAMS 0x0000000089a00000, 0x0000000089a00000| Untracked 
| 105|0x0000000089b00000, 0x0000000089b00000, 0x0000000089c00000|  0%| F|  |TAMS 0x0000000089b00000, 0x0000000089b00000| Untracked 
| 106|0x0000000089c00000, 0x0000000089c00000, 0x0000000089d00000|  0%| F|  |TAMS 0x0000000089c00000, 0x0000000089c00000| Untracked 
| 107|0x0000000089d00000, 0x0000000089d00000, 0x0000000089e00000|  0%| F|  |TAMS 0x0000000089d00000, 0x0000000089d00000| Untracked 
| 108|0x0000000089e00000, 0x0000000089e00000, 0x0000000089f00000|  0%| F|  |TAMS 0x0000000089e00000, 0x0000000089e00000| Untracked 
| 109|0x0000000089f00000, 0x0000000089f00000, 0x000000008a000000|  0%| F|  |TAMS 0x0000000089f00000, 0x0000000089f00000| Untracked 
| 110|0x000000008a000000, 0x000000008a000000, 0x000000008a100000|  0%| F|  |TAMS 0x000000008a000000, 0x000000008a000000| Untracked 
| 111|0x000000008a100000, 0x000000008a100000, 0x000000008a200000|  0%| F|  |TAMS 0x000000008a100000, 0x000000008a100000| Untracked 
| 112|0x000000008a200000, 0x000000008a200000, 0x000000008a300000|  0%| F|  |TAMS 0x000000008a200000, 0x000000008a200000| Untracked 
| 113|0x000000008a300000, 0x000000008a300000, 0x000000008a400000|  0%| F|  |TAMS 0x000000008a300000, 0x000000008a300000| Untracked 
| 114|0x000000008a400000, 0x000000008a400000, 0x000000008a500000|  0%| F|  |TAMS 0x000000008a400000, 0x000000008a400000| Untracked 
| 115|0x000000008a500000, 0x000000008a500000, 0x000000008a600000|  0%| F|  |TAMS 0x000000008a500000, 0x000000008a500000| Untracked 
| 116|0x000000008a600000, 0x000000008a600000, 0x000000008a700000|  0%| F|  |TAMS 0x000000008a600000, 0x000000008a600000| Untracked 
| 117|0x000000008a700000, 0x000000008a700000, 0x000000008a800000|  0%| F|  |TAMS 0x000000008a700000, 0x000000008a700000| Untracked 
| 118|0x000000008a800000, 0x000000008a800000, 0x000000008a900000|  0%| F|  |TAMS 0x000000008a800000, 0x000000008a800000| Untracked 
| 119|0x000000008a900000, 0x000000008a900000, 0x000000008aa00000|  0%| F|  |TAMS 0x000000008a900000, 0x000000008a900000| Untracked 
| 120|0x000000008aa00000, 0x000000008aa00000, 0x000000008ab00000|  0%| F|  |TAMS 0x000000008aa00000, 0x000000008aa00000| Untracked 
| 121|0x000000008ab00000, 0x000000008ab00000, 0x000000008ac00000|  0%| F|  |TAMS 0x000000008ab00000, 0x000000008ab00000| Untracked 
| 122|0x000000008ac00000, 0x000000008ac00000, 0x000000008ad00000|  0%| F|  |TAMS 0x000000008ac00000, 0x000000008ac00000| Untracked 
| 123|0x000000008ad00000, 0x000000008ad00000, 0x000000008ae00000|  0%| F|  |TAMS 0x000000008ad00000, 0x000000008ad00000| Untracked 
| 124|0x000000008ae00000, 0x000000008ae00000, 0x000000008af00000|  0%| F|  |TAMS 0x000000008ae00000, 0x000000008ae00000| Untracked 
| 125|0x000000008af00000, 0x000000008af6e258, 0x000000008b000000| 43%| E|  |TAMS 0x000000008af00000, 0x000000008af00000| Complete 
| 126|0x000000008b000000, 0x000000008b100000, 0x000000008b100000|100%| E|CS|TAMS 0x000000008b000000, 0x000000008b000000| Complete 
| 127|0x000000008b100000, 0x000000008b200000, 0x000000008b200000|100%| E|CS|TAMS 0x000000008b100000, 0x000000008b100000| Complete 
| 128|0x000000008b200000, 0x000000008b300000, 0x000000008b300000|100%| E|CS|TAMS 0x000000008b200000, 0x000000008b200000| Complete 
| 129|0x000000008b300000, 0x000000008b400000, 0x000000008b400000|100%| E|CS|TAMS 0x000000008b300000, 0x000000008b300000| Complete 

Card table byte_map: [0x00000214be0a0000,0x00000214be490000] _byte_map_base: 0x00000214bdc87000

Marking Bits (Prev, Next): (CMBitMap*) 0x00000214a67abf10, (CMBitMap*) 0x00000214a67abf50
 Prev Bits: [0x00000214be880000, 0x00000214c07b8000)
 Next Bits: [0x00000214c07c0000, 0x00000214c26f8000)

Polling page: 0x00000214a5f20000

Metaspace:

Usage:
  Non-class:    108.41 MB capacity,   105.41 MB ( 97%) used,     2.73 MB (  3%) free+waste,   269.00 KB ( <1%) overhead. 
      Class:     13.36 MB capacity,    12.03 MB ( 90%) used,     1.22 MB (  9%) free+waste,   112.50 KB ( <1%) overhead. 
       Both:    121.77 MB capacity,   117.45 MB ( 96%) used,     3.95 MB (  3%) free+waste,   381.50 KB ( <1%) overhead. 

Virtual space:
  Non-class space:      110.00 MB reserved,     108.42 MB ( 99%) committed 
      Class space:        1.00 GB reserved,      13.38 MB (  1%) committed 
             Both:        1.11 GB reserved,     121.80 MB ( 11%) committed 

Chunk freelists:
   Non-Class:  13.00 KB
       Class:  12.00 KB
        Both:  25.00 KB

MaxMetaspaceSize: 17179869184.00 GB
CompressedClassSpaceSize: 1.00 GB

CodeHeap 'non-profiled nmethods': size=120000Kb used=21760Kb max_used=21760Kb free=98239Kb
 bounds [0x00000214b6450000, 0x00000214b79a0000, 0x00000214bd980000]
CodeHeap 'profiled nmethods': size=120000Kb used=40429Kb max_used=41899Kb free=79570Kb
 bounds [0x00000214aef20000, 0x00000214b1810000, 0x00000214b6450000]
CodeHeap 'non-nmethods': size=5760Kb used=2445Kb max_used=2542Kb free=3314Kb
 bounds [0x00000214ae980000, 0x00000214aec10000, 0x00000214aef20000]
 total_blobs=20995 nmethods=20066 adapters=840
 compilation: enabled
              stopped_count=0, restarted_count=0
 full_count=0

Compilation events (20 events):
Event: 3690.666 Thread 0x00000214c5170840 nmethod 25392 0x00000214b06f3210 code [0x00000214b06f33c0, 0x00000214b06f35f8]
Event: 3693.594 Thread 0x00000214c516dd80 25393       4       org.apache.tomcat.util.http.fileupload.MultipartStream::readByte (92 bytes)
Event: 3693.595 Thread 0x00000214c516dd80 nmethod 25393 0x00000214b7988310 code [0x00000214b7988480, 0x00000214b7988538]
Event: 3693.610 Thread 0x00000214c5170840 25394       3       org.hibernate.dialect.pagination.NoopLimitHandler::setMaxRows (47 bytes)
Event: 3693.611 Thread 0x00000214c5170840 nmethod 25394 0x00000214afdb3a90 code [0x00000214afdb3c80, 0x00000214afdb4398]
Event: 3693.619 Thread 0x00000214c5170840 25395       3       org.hibernate.dialect.pagination.AbstractLimitHandler::supportsLimitOffset (5 bytes)
Event: 3693.620 Thread 0x00000214c5170840 nmethod 25395 0x00000214aff48110 code [0x00000214aff482c0, 0x00000214aff48488]
Event: 3693.622 Thread 0x00000214c5170840 25396   !   3       org.apache.tomcat.util.http.Parameters::handleQueryParameters (119 bytes)
Event: 3693.625 Thread 0x00000214c5170840 nmethod 25396 0x00000214b01e8790 code [0x00000214b01e8ae0, 0x00000214b01e9f48]
Event: 3693.640 Thread 0x00000214c516dd80 25397       4       java.util.logging.Logger::getResourceBundleName (8 bytes)
Event: 3693.641 Thread 0x00000214c516dd80 nmethod 25397 0x00000214b7988610 code [0x00000214b7988780, 0x00000214b79887f8]
Event: 3693.650 Thread 0x00000214c5170840 25398       3       javax.servlet.ServletRequestWrapper::getAttribute (11 bytes)
Event: 3693.650 Thread 0x00000214c5170840 nmethod 25398 0x00000214affcfb10 code [0x00000214affcfcc0, 0x00000214affcfe88]
Event: 3698.683 Thread 0x00000214c516dd80 25399       4       org.apache.coyote.http11.Http11InputBuffer::parseHeaders (118 bytes)
Event: 3698.686 Thread 0x00000214c516dd80 nmethod 25399 0x00000214b7988910 code [0x00000214b7988ac0, 0x00000214b7988c98]
Event: 3698.698 Thread 0x00000214c516dd80 25400   !   4       org.apache.coyote.http11.Http11Processor::prepareRequest (657 bytes)
Event: 3698.903 Thread 0x00000214c516dd80 nmethod 25400 0x00000214b7988e90 code [0x00000214b7989300, 0x00000214b798ca80]
Event: 3698.903 Thread 0x00000214c516dd80 25401       4       org.apache.tomcat.util.buf.Utf8Decoder::decodeHasArray (1064 bytes)
Event: 3698.913 Thread 0x00000214c516dd80 nmethod 25401 0x00000214b798f490 code [0x00000214b798f640, 0x00000214b798fc38]
Event: 3700.788 Thread 0x00000214c516dd80 25402   !   4       java.util.concurrent.ThreadPoolExecutor::getTask (177 bytes)

GC Heap History (20 events):
Event: 3609.000 GC heap before
{Heap before GC invocations=389 (full 66):
 garbage-first heap   total 130048K, used 106103K [0x0000000083200000, 0x0000000100000000)
  region size 1024K, 55 young (56320K), 0 survivors (0K)
 Metaspace       used 118925K, capacity 123178K, committed 123440K, reserved 1159168K
  class space    used 12238K, capacity 13596K, committed 13696K, reserved 1048576K
}
Event: 3609.002 GC heap after
{Heap after GC invocations=390 (full 66):
 garbage-first heap   total 130048K, used 53825K [0x0000000083200000, 0x0000000100000000)
  region size 1024K, 3 young (3072K), 3 survivors (3072K)
 Metaspace       used 118925K, capacity 123178K, committed 123440K, reserved 1159168K
  class space    used 12238K, capacity 13596K, committed 13696K, reserved 1048576K
}
Event: 3609.395 GC heap before
{Heap before GC invocations=391 (full 66):
 garbage-first heap   total 130048K, used 106049K [0x0000000083200000, 0x0000000100000000)
  region size 1024K, 55 young (56320K), 3 survivors (3072K)
 Metaspace       used 118985K, capacity 123242K, committed 123440K, reserved 1159168K
  class space    used 12242K, capacity 13596K, committed 13696K, reserved 1048576K
}
Event: 3609.399 GC heap after
{Heap after GC invocations=392 (full 66):
 garbage-first heap   total 130048K, used 54713K [0x0000000083200000, 0x0000000100000000)
  region size 1024K, 4 young (4096K), 4 survivors (4096K)
 Metaspace       used 118985K, capacity 123242K, committed 123440K, reserved 1159168K
  class space    used 12242K, capacity 13596K, committed 13696K, reserved 1048576K
}
Event: 3618.656 GC heap before
{Heap before GC invocations=392 (full 66):
 garbage-first heap   total 130048K, used 93625K [0x0000000083200000, 0x0000000100000000)
  region size 1024K, 43 young (44032K), 4 survivors (4096K)
 Metaspace       used 119212K, capacity 123441K, committed 123696K, reserved 1159168K
  class space    used 12256K, capacity 13598K, committed 13696K, reserved 1048576K
}
Event: 3618.767 GC heap after
{Heap after GC invocations=393 (full 67):
 garbage-first heap   total 130048K, used 49034K [0x0000000083200000, 0x0000000100000000)
  region size 1024K, 0 young (0K), 0 survivors (0K)
 Metaspace       used 119209K, capacity 123435K, committed 123696K, reserved 1159168K
  class space    used 12255K, capacity 13596K, committed 13696K, reserved 1048576K
}
Event: 3619.096 GC heap before
{Heap before GC invocations=393 (full 67):
 garbage-first heap   total 130048K, used 105354K [0x0000000083200000, 0x0000000100000000)
  region size 1024K, 56 young (57344K), 0 survivors (0K)
 Metaspace       used 119352K, capacity 123619K, committed 123696K, reserved 1159168K
  class space    used 12269K, capacity 13636K, committed 13696K, reserved 1048576K
}
Event: 3619.100 GC heap after
{Heap after GC invocations=394 (full 67):
 garbage-first heap   total 130048K, used 51769K [0x0000000083200000, 0x0000000100000000)
  region size 1024K, 3 young (3072K), 3 survivors (3072K)
 Metaspace       used 119352K, capacity 123619K, committed 123696K, reserved 1159168K
  class space    used 12269K, capacity 13636K, committed 13696K, reserved 1048576K
}
Event: 3619.941 GC heap before
{Heap before GC invocations=395 (full 67):
 garbage-first heap   total 130048K, used 106041K [0x0000000083200000, 0x0000000100000000)
  region size 1024K, 57 young (58368K), 3 survivors (3072K)
 Metaspace       used 119447K, capacity 123747K, committed 123952K, reserved 1159168K
  class space    used 12274K, capacity 13636K, committed 13696K, reserved 1048576K
}
Event: 3619.943 GC heap after
{Heap after GC invocations=396 (full 67):
 garbage-first heap   total 130048K, used 53331K [0x0000000083200000, 0x0000000100000000)
  region size 1024K, 5 young (5120K), 5 survivors (5120K)
 Metaspace       used 119447K, capacity 123747K, committed 123952K, reserved 1159168K
  class space    used 12274K, capacity 13636K, committed 13696K, reserved 1048576K
}
Event: 3637.556 GC heap before
{Heap before GC invocations=396 (full 67):
 garbage-first heap   total 130048K, used 106579K [0x0000000083200000, 0x0000000100000000)
  region size 1024K, 57 young (58368K), 5 survivors (5120K)
 Metaspace       used 119771K, capacity 124176K, committed 124464K, reserved 1161216K
  class space    used 12289K, capacity 13642K, committed 13696K, reserved 1048576K
}
Event: 3637.562 GC heap after
{Heap after GC invocations=397 (full 67):
 garbage-first heap   total 130048K, used 56559K [0x0000000083200000, 0x0000000100000000)
  region size 1024K, 8 young (8192K), 8 survivors (8192K)
 Metaspace       used 119771K, capacity 124176K, committed 124464K, reserved 1161216K
  class space    used 12289K, capacity 13642K, committed 13696K, reserved 1048576K
}
Event: 3685.315 GC heap before
{Heap before GC invocations=398 (full 67):
 garbage-first heap   total 130048K, used 89327K [0x0000000083200000, 0x0000000100000000)
  region size 1024K, 41 young (41984K), 8 survivors (8192K)
 Metaspace       used 119772K, capacity 124176K, committed 124464K, reserved 1161216K
  class space    used 12289K, capacity 13642K, committed 13696K, reserved 1048576K
}
Event: 3685.434 GC heap after
{Heap after GC invocations=399 (full 68):
 garbage-first heap   total 130048K, used 51722K [0x0000000083200000, 0x0000000100000000)
  region size 1024K, 0 young (0K), 0 survivors (0K)
 Metaspace       used 119772K, capacity 124176K, committed 124464K, reserved 1161216K
  class space    used 12289K, capacity 13642K, committed 13696K, reserved 1048576K
}
Event: 3685.701 GC heap before
{Heap before GC invocations=399 (full 68):
 garbage-first heap   total 130048K, used 103946K [0x0000000083200000, 0x0000000100000000)
  region size 1024K, 52 young (53248K), 0 survivors (0K)
 Metaspace       used 119916K, capacity 124360K, committed 124464K, reserved 1161216K
  class space    used 12303K, capacity 13682K, committed 13696K, reserved 1048576K
}
Event: 3685.704 GC heap after
{Heap after GC invocations=400 (full 68):
 garbage-first heap   total 130048K, used 54771K [0x0000000083200000, 0x0000000100000000)
  region size 1024K, 3 young (3072K), 3 survivors (3072K)
 Metaspace       used 119916K, capacity 124360K, committed 124464K, reserved 1161216K
  class space    used 12303K, capacity 13682K, committed 13696K, reserved 1048576K
}
Event: 3686.084 GC heap before
{Heap before GC invocations=401 (full 68):
 garbage-first heap   total 133120K, used 104947K [0x0000000083200000, 0x0000000100000000)
  region size 1024K, 53 young (54272K), 3 survivors (3072K)
 Metaspace       used 119994K, capacity 124424K, committed 124464K, reserved 1161216K
  class space    used 12307K, capacity 13682K, committed 13696K, reserved 1048576K
}
Event: 3686.090 GC heap after
{Heap after GC invocations=402 (full 68):
 garbage-first heap   total 133120K, used 55445K [0x0000000083200000, 0x0000000100000000)
  region size 1024K, 4 young (4096K), 4 survivors (4096K)
 Metaspace       used 119994K, capacity 124424K, committed 124464K, reserved 1161216K
  class space    used 12307K, capacity 13682K, committed 13696K, reserved 1048576K
}
Event: 3697.099 GC heap before
{Heap before GC invocations=402 (full 68):
 garbage-first heap   total 133120K, used 108693K [0x0000000083200000, 0x0000000100000000)
  region size 1024K, 56 young (57344K), 4 survivors (4096K)
 Metaspace       used 120268K, capacity 124701K, committed 124720K, reserved 1161216K
  class space    used 12322K, capacity 13686K, committed 13696K, reserved 1048576K
}
Event: 3697.108 GC heap after
{Heap after GC invocations=403 (full 68):
 garbage-first heap   total 133120K, used 58902K [0x0000000083200000, 0x0000000100000000)
  region size 1024K, 7 young (7168K), 7 survivors (7168K)
 Metaspace       used 120268K, capacity 124701K, committed 124720K, reserved 1161216K
  class space    used 12322K, capacity 13686K, committed 13696K, reserved 1048576K
}

Deoptimization events (20 events):
Event: 3609.046 Thread 0x00000214c71e8dd0 Uncommon trap: trap_request=0xffffffd6 fr.pc=0x00000214b7920390 relative=0x00000000000016f0
Event: 3609.046 Thread 0x00000214c71e8dd0 Uncommon trap: reason=array_check action=maybe_recompile pc=0x00000214b7920390 method=java.util.TimSort.mergeHi(IIII)V @ 282 c2
Event: 3609.046 Thread 0x00000214c71e8dd0 DEOPT PACKING pc=0x00000214b7920390 sp=0x0000006ab28fcc70
Event: 3609.046 Thread 0x00000214c71e8dd0 DEOPT UNPACKING pc=0x00000214ae98852f sp=0x0000006ab28fcc58 mode 2
Event: 3609.046 Thread 0x00000214c71e8dd0 Uncommon trap: trap_request=0xffffffd6 fr.pc=0x00000214b7920390 relative=0x00000000000016f0
Event: 3609.046 Thread 0x00000214c71e8dd0 Uncommon trap: reason=array_check action=maybe_recompile pc=0x00000214b7920390 method=java.util.TimSort.mergeHi(IIII)V @ 282 c2
Event: 3609.046 Thread 0x00000214c71e8dd0 DEOPT PACKING pc=0x00000214b7920390 sp=0x0000006ab28fcc70
Event: 3609.046 Thread 0x00000214c71e8dd0 DEOPT UNPACKING pc=0x00000214ae98852f sp=0x0000006ab28fcc58 mode 2
Event: 3618.804 Thread 0x00000214c97aaf70 DEOPT PACKING pc=0x00000214b0759b98 sp=0x0000006ab25fd610
Event: 3618.804 Thread 0x00000214c97aaf70 DEOPT UNPACKING pc=0x00000214ae9cf6cf sp=0x0000006ab25fcb28 mode 0
Event: 3619.952 Thread 0x00000214c97aaf70 Uncommon trap: trap_request=0xfffffff4 fr.pc=0x00000214b78b2bdc relative=0x00000000000000bc
Event: 3619.952 Thread 0x00000214c97aaf70 Uncommon trap: reason=null_check action=make_not_entrant pc=0x00000214b78b2bdc method=org.springframework.beans.ExtendedBeanInfo.isCandidateWriteMethod(Ljava/lang/reflect/Method;)Z @ 44 c2
Event: 3619.952 Thread 0x00000214c97aaf70 DEOPT PACKING pc=0x00000214b78b2bdc sp=0x0000006ab25fc320
Event: 3619.952 Thread 0x00000214c97aaf70 DEOPT UNPACKING pc=0x00000214ae98852f sp=0x0000006ab25fc2a0 mode 2
Event: 3630.552 Thread 0x00000214c71eaab0 DEOPT PACKING pc=0x00000214b160f3c1 sp=0x0000006ab31fcdd0
Event: 3630.552 Thread 0x00000214c71eaab0 DEOPT UNPACKING pc=0x00000214ae9cf6cf sp=0x0000006ab31fc2f8 mode 0
Event: 3686.642 Thread 0x00000214c71ec2c0 DEOPT PACKING pc=0x00000214b100e740 sp=0x0000006ab28fbeb0
Event: 3686.642 Thread 0x00000214c71ec2c0 DEOPT UNPACKING pc=0x00000214ae9cf6cf sp=0x0000006ab28fb350 mode 0
Event: 3693.672 Thread 0x00000214c71e8900 DEOPT PACKING pc=0x00000214b160f3c1 sp=0x0000006ab31fce10
Event: 3693.672 Thread 0x00000214c71e8900 DEOPT UNPACKING pc=0x00000214ae9cf6cf sp=0x0000006ab31fc338 mode 0

Classes unloaded (20 events):
Event: 3350.497 Thread 0x00000214c5148400 Unloading class 0x00000008017dd840 'org/apache/catalina/loader/JdbcLeakPrevention'
Event: 3353.339 Thread 0x00000214c5148400 Unloading class 0x00000008017db840 'org/apache/catalina/loader/JdbcLeakPrevention'
Event: 3360.062 Thread 0x00000214c5148400 Unloading class 0x0000000801800040 'org/apache/catalina/loader/JdbcLeakPrevention'
Event: 3397.676 Thread 0x00000214c5148400 Unloading class 0x0000000801807840 'org/apache/catalina/loader/JdbcLeakPrevention'
Event: 3441.006 Thread 0x00000214c5148400 Unloading class 0x0000000801807840 'org/apache/catalina/loader/JdbcLeakPrevention'
Event: 3447.776 Thread 0x00000214c5148400 Unloading class 0x0000000801803840 'org/apache/catalina/loader/JdbcLeakPrevention'
Event: 3454.722 Thread 0x00000214c5148400 Unloading class 0x0000000801828040 'org/apache/catalina/loader/JdbcLeakPrevention'
Event: 3469.827 Thread 0x00000214c5148400 Unloading class 0x000000080182f840 'org/apache/catalina/loader/JdbcLeakPrevention'
Event: 3504.944 Thread 0x00000214c5148400 Unloading class 0x000000080182d840 'org/apache/catalina/loader/JdbcLeakPrevention'
Event: 3547.109 Thread 0x00000214c5148400 Unloading class 0x000000080182d840 'org/apache/catalina/loader/JdbcLeakPrevention'
Event: 3550.619 Thread 0x00000214c5148400 Unloading class 0x000000080184f840 'org/apache/catalina/loader/JdbcLeakPrevention'
Event: 3553.880 Thread 0x00000214c5148400 Unloading class 0x000000080184d840 'org/apache/catalina/loader/JdbcLeakPrevention'
Event: 3556.563 Thread 0x00000214c5148400 Unloading class 0x000000080184b840 'org/apache/catalina/loader/JdbcLeakPrevention'
Event: 3564.428 Thread 0x00000214c5148400 Unloading class 0x0000000801849840 'org/apache/catalina/loader/JdbcLeakPrevention'
Event: 3569.029 Thread 0x00000214c5148400 Unloading class 0x0000000801877840 'org/apache/catalina/loader/JdbcLeakPrevention'
Event: 3597.471 Thread 0x00000214c5148400 Unloading class 0x0000000801875840 'org/apache/catalina/loader/JdbcLeakPrevention'
Event: 3608.597 Thread 0x00000214c5148400 Unloading class 0x000000080182b440 'jdk/internal/reflect/GeneratedConstructorAccessor391'
Event: 3618.675 Thread 0x00000214c5148400 Unloading class 0x0000000801875840 'org/apache/catalina/loader/JdbcLeakPrevention'
Event: 3637.598 Thread 0x00000214c5148400 Unloading class 0x0000000801871040 'org/apache/catalina/loader/JdbcLeakPrevention'
Event: 3697.163 Thread 0x00000214c5148400 Unloading class 0x0000000801871040 'org/apache/catalina/loader/JdbcLeakPrevention'

Classes redefined (0 events):
No events

Internal exceptions (20 events):
Event: 3685.711 Thread 0x00000214c71ec2c0 Exception <a 'sun/nio/fs/WindowsException'{0x0000000089fd4eb8}> (0x0000000089fd4eb8) 
thrown [./open/src/hotspot/share/prims/jni.cpp, line 578]
Event: 3685.711 Thread 0x00000214c71ec2c0 Exception <a 'sun/nio/fs/WindowsException'{0x0000000089fd5520}> (0x0000000089fd5520) 
thrown [./open/src/hotspot/share/prims/jni.cpp, line 578]
Event: 3685.711 Thread 0x00000214c71ec2c0 Exception <a 'sun/nio/fs/WindowsException'{0x0000000089fd5bf8}> (0x0000000089fd5bf8) 
thrown [./open/src/hotspot/share/prims/jni.cpp, line 578]
Event: 3685.731 Thread 0x00000214c71ec2c0 Exception <a 'java/io/FileNotFoundException'{0x0000000089e0df40}> (0x0000000089e0df40) 
thrown [./open/src/hotspot/share/prims/jni.cpp, line 578]
Event: 3685.759 Thread 0x00000214c71ec2c0 Exception <a 'java/io/FileNotFoundException'{0x0000000089c77f50}> (0x0000000089c77f50) 
thrown [./open/src/hotspot/share/prims/jni.cpp, line 578]
Event: 3686.639 Thread 0x00000214c71ec2c0 Exception <a 'java/lang/ClassNotFoundException'{0x000000008aab1b78}: java/lang/ObjectCustomizer> (0x000000008aab1b78) 
thrown [./open/src/hotspot/share/classfile/systemDictionary.cpp, line 295]
Event: 3686.639 Thread 0x00000214c71ec2c0 Exception <a 'java/lang/ClassNotFoundException'{0x000000008aaba9c8}: com/watch/shopwatchonline/Model/CategoryCustomizer> (0x000000008aaba9c8) 
thrown [./open/src/hotspot/share/classfile/systemDictionary.cpp, line 295]
Event: 3686.640 Thread 0x00000214c71ec2c0 Exception <a 'java/lang/ClassNotFoundException'{0x000000008aaea2a0}: java/lang/ObjectCustomizer> (0x000000008aaea2a0) 
thrown [./open/src/hotspot/share/classfile/systemDictionary.cpp, line 295]
Event: 3686.640 Thread 0x00000214c71ec2c0 Exception <a 'java/lang/ClassNotFoundException'{0x000000008aaf30f0}: com/watch/shopwatchonline/Model/ProductCustomizer> (0x000000008aaf30f0) 
thrown [./open/src/hotspot/share/classfile/systemDictionary.cpp, line 295]
Event: 3686.642 Thread 0x00000214c71ec2c0 Exception <a 'java/lang/ClassNotFoundException'{0x000000008a96b248}: java/lang/ObjectCustomizer> (0x000000008a96b248) 
thrown [./open/src/hotspot/share/classfile/systemDictionary.cpp, line 295]
Event: 3686.643 Thread 0x00000214c71ec2c0 Exception <a 'java/lang/ClassNotFoundException'{0x000000008a9740f8}: com/watch/shopwatchonline/Model/ListImageCustomizer> (0x000000008a9740f8) 
thrown [./open/src/hotspot/share/classfile/systemDictionary.cpp, line 295]
Event: 3686.645 Thread 0x00000214c71ec2c0 Exception <a 'java/lang/ClassNotFoundException'{0x000000008a9da098}: java/lang/ObjectCustomizer> (0x000000008a9da098) 
thrown [./open/src/hotspot/share/classfile/systemDictionary.cpp, line 295]
Event: 3686.645 Thread 0x00000214c71ec2c0 Exception <a 'java/lang/ClassNotFoundException'{0x000000008a9e2dd8}: com/watch/shopwatchonline/Model/BrandCustomizer> (0x000000008a9e2dd8) 
thrown [./open/src/hotspot/share/classfile/systemDictionary.cpp, line 295]
Event: 3686.786 Thread 0x00000214c71ec2c0 Exception <a 'sun/nio/fs/WindowsException'{0x00000000890c66b0}> (0x00000000890c66b0) 
thrown [./open/src/hotspot/share/prims/jni.cpp, line 578]
Event: 3690.420 Thread 0x00000214c71e4a70 Exception <a 'java/lang/ClassNotFoundException'{0x0000000088a277e0}: java/lang/ObjectCustomizer> (0x0000000088a277e0) 
thrown [./open/src/hotspot/share/classfile/systemDictionary.cpp, line 295]
Event: 3690.421 Thread 0x00000214c71e4a70 Exception <a 'java/lang/ClassNotFoundException'{0x0000000088a323b8}: com/watch/shopwatchonline/Domain/ProductDtoCustomizer> (0x0000000088a323b8) 
thrown [./open/src/hotspot/share/classfile/systemDictionary.cpp, line 295]
Event: 3690.423 Thread 0x00000214c71e4a70 Exception <a 'java/lang/ClassNotFoundException'{0x0000000088a50288}: java/lang/ObjectCustomizer> (0x0000000088a50288) 
thrown [./open/src/hotspot/share/classfile/systemDictionary.cpp, line 295]
Event: 3690.424 Thread 0x00000214c71e4a70 Exception <a 'java/lang/ClassNotFoundException'{0x0000000088a5afb8}: com/watch/shopwatchonline/Model/ProductCustomizer> (0x0000000088a5afb8) 
thrown [./open/src/hotspot/share/classfile/systemDictionary.cpp, line 295]
Event: 3693.640 Thread 0x00000214c71e8900 Exception <a 'java/lang/reflect/InvocationTargetException'{0x00000000883eb2b0}> (0x00000000883eb2b0) 
thrown [./open/src/hotspot/share/runtime/reflection.cpp, line 1157]
Event: 3699.795 Thread 0x00000214c71e8dd0 Exception <a 'java/net/SocketException'{0x000000008b287b20}: Connection reset by peer: shutdown> (0x000000008b287b20) 
thrown [./open/src/hotspot/share/prims/jni.cpp, line 599]

Events (20 events):
Event: 3690.419 loading class java/lang/ObjectCustomizer done
Event: 3690.420 loading class java/lang/ObjectCustomizer
Event: 3690.420 loading class java/lang/ObjectCustomizer done
Event: 3690.422 loading class java/lang/ObjectCustomizer
Event: 3690.422 loading class java/lang/ObjectCustomizer done
Event: 3690.423 loading class java/lang/ObjectCustomizer
Event: 3690.423 loading class java/lang/ObjectCustomizer done
Event: 3690.657 Executing VM operation: ICBufferFull
Event: 3690.658 Executing VM operation: ICBufferFull done
Event: 3690.658 Executing VM operation: HandshakeAllThreads
Event: 3690.658 Executing VM operation: HandshakeAllThreads done
Event: 3691.220 Thread 0x00000214c71e92a0 Thread exited: 0x00000214c71e92a0
Event: 3697.098 Executing VM operation: G1CollectForAllocation
Event: 3697.108 Executing VM operation: G1CollectForAllocation done
Event: 3697.161 Executing VM operation: G1Concurrent
Event: 3697.176 Executing VM operation: G1Concurrent done
Event: 3697.203 Executing VM operation: G1Concurrent
Event: 3697.203 Executing VM operation: G1Concurrent done
Event: 3699.216 Executing VM operation: HandshakeAllThreads
Event: 3699.216 Executing VM operation: HandshakeAllThreads done


Dynamic libraries:
0x00007ff73e540000 - 0x00007ff73e54f000 	C:\Program Files\Java\jdk-15.0.2\bin\java.exe
0x00007ff8b61f0000 - 0x00007ff8b6409000 	C:\WINDOWS\SYSTEM32\ntdll.dll
0x00007ff8b5280000 - 0x00007ff8b5342000 	C:\WINDOWS\System32\KERNEL32.DLL
0x00007ff8b3a10000 - 0x00007ff8b3daf000 	C:\WINDOWS\System32\KERNELBASE.dll
0x00007ff8b3700000 - 0x00007ff8b381b000 	C:\WINDOWS\System32\ucrtbase.dll
0x00007ff8a4a10000 - 0x00007ff8a4a29000 	C:\Program Files\Java\jdk-15.0.2\bin\VCRUNTIME140.dll
0x00007ff8a8340000 - 0x00007ff8a8358000 	C:\Program Files\Java\jdk-15.0.2\bin\jli.dll
0x00007ff8b4e10000 - 0x00007ff8b4ebe000 	C:\WINDOWS\System32\ADVAPI32.dll
0x00007ff8b4b40000 - 0x00007ff8b4be7000 	C:\WINDOWS\System32\msvcrt.dll
0x00007ff8b50d0000 - 0x00007ff8b5176000 	C:\WINDOWS\System32\sechost.dll
0x00007ff8b6080000 - 0x00007ff8b61a7000 	C:\WINDOWS\System32\RPCRT4.dll
0x00007ff8b4ee0000 - 0x00007ff8b508c000 	C:\WINDOWS\System32\USER32.dll
0x00007ff8b38c0000 - 0x00007ff8b38e6000 	C:\WINDOWS\System32\win32u.dll
0x00007ff898920000 - 0x00007ff898bb1000 	C:\WINDOWS\WinSxS\amd64_microsoft.windows.common-controls_6595b64144ccf1df_6.0.25217.1000_none_7b59e1e7f1b57804\COMCTL32.dll
0x00007ff8b6040000 - 0x00007ff8b6069000 	C:\WINDOWS\System32\GDI32.dll
0x00007ff8b38f0000 - 0x00007ff8b3a06000 	C:\WINDOWS\System32\gdi32full.dll
0x00007ff8b3820000 - 0x00007ff8b38ba000 	C:\WINDOWS\System32\msvcp_win.dll
0x00007ff8ac600000 - 0x00007ff8ac60a000 	C:\WINDOWS\SYSTEM32\VERSION.dll
0x00007ff8b5090000 - 0x00007ff8b50c1000 	C:\WINDOWS\System32\IMM32.DLL
0x00007ff8b0320000 - 0x00007ff8b032c000 	C:\Program Files\Java\jdk-15.0.2\bin\vcruntime140_1.dll
0x00007ff84de00000 - 0x00007ff84de91000 	C:\Program Files\Java\jdk-15.0.2\bin\msvcp140.dll
0x00007ff83e170000 - 0x00007ff83ecce000 	C:\Program Files\Java\jdk-15.0.2\bin\server\jvm.dll
0x00007ff8b5800000 - 0x00007ff8b5808000 	C:\WINDOWS\System32\PSAPI.DLL
0x00007ff89a6c0000 - 0x00007ff89a6c9000 	C:\WINDOWS\SYSTEM32\WSOCK32.dll
0x00007ff8ac610000 - 0x00007ff8ac645000 	C:\WINDOWS\SYSTEM32\WINMM.dll
0x00007ff8b4020000 - 0x00007ff8b408f000 	C:\WINDOWS\System32\WS2_32.dll
0x00007ff8b2560000 - 0x00007ff8b2578000 	C:\WINDOWS\SYSTEM32\kernel.appcore.dll
0x00007ff8ac720000 - 0x00007ff8ac72a000 	C:\Program Files\Java\jdk-15.0.2\bin\jimage.dll
0x00007ff8b0e90000 - 0x00007ff8b10c3000 	C:\WINDOWS\SYSTEM32\DBGHELP.DLL
0x00007ff8b4520000 - 0x00007ff8b48a3000 	C:\WINDOWS\System32\combase.dll
0x00007ff8b48b0000 - 0x00007ff8b4988000 	C:\WINDOWS\System32\OLEAUT32.dll
0x00007ff8a1880000 - 0x00007ff8a18b2000 	C:\WINDOWS\SYSTEM32\dbgcore.DLL
0x00007ff8b3f40000 - 0x00007ff8b3fb9000 	C:\WINDOWS\System32\bcryptPrimitives.dll
0x00007ff8a0040000 - 0x00007ff8a0065000 	C:\Program Files\Java\jdk-15.0.2\bin\java.dll
0x00007ff8b5860000 - 0x00007ff8b602f000 	C:\WINDOWS\System32\SHELL32.dll
0x00007ff8b14d0000 - 0x00007ff8b1d65000 	C:\WINDOWS\SYSTEM32\windows.storage.dll
0x00007ff8b1330000 - 0x00007ff8b14c3000 	C:\WINDOWS\SYSTEM32\wintypes.dll
0x00007ff8b4260000 - 0x00007ff8b434b000 	C:\WINDOWS\System32\SHCORE.dll
0x00007ff8b3fc0000 - 0x00007ff8b401d000 	C:\WINDOWS\System32\shlwapi.dll
0x00007ff8b3500000 - 0x00007ff8b3521000 	C:\WINDOWS\SYSTEM32\profapi.dll
0x00007ff8a3370000 - 0x00007ff8a3389000 	C:\Program Files\Java\jdk-15.0.2\bin\net.dll
0x00007ff8ac450000 - 0x00007ff8ac57b000 	C:\WINDOWS\SYSTEM32\WINHTTP.dll
0x00007ff8b2a30000 - 0x00007ff8b2a99000 	C:\WINDOWS\system32\mswsock.dll
0x00007ff8a3170000 - 0x00007ff8a3182000 	C:\Program Files\Java\jdk-15.0.2\bin\nio.dll
0x00007ff89ed20000 - 0x00007ff89ed38000 	C:\Program Files\Java\jdk-15.0.2\bin\zip.dll
0x00007ff89e340000 - 0x00007ff89e350000 	C:\Program Files\Java\jdk-15.0.2\bin\verify.dll
0x00007ff8aa8d0000 - 0x00007ff8aa8d9000 	C:\Program Files\Java\jdk-15.0.2\bin\management.dll
0x00007ff8a4420000 - 0x00007ff8a442b000 	C:\Program Files\Java\jdk-15.0.2\bin\management_ext.dll
0x00007ff8af8b0000 - 0x00007ff8af8c7000 	C:\WINDOWS\system32\napinsp.dll
0x00007ff8af890000 - 0x00007ff8af8aa000 	C:\WINDOWS\system32\pnrpnsp.dll
0x00007ff852710000 - 0x00007ff852731000 	C:\WINDOWS\system32\nlansp_c.dll
0x00007ff8b2040000 - 0x00007ff8b213f000 	C:\WINDOWS\SYSTEM32\DNSAPI.dll
0x00007ff8b1fd0000 - 0x00007ff8b1ffe000 	C:\WINDOWS\SYSTEM32\IPHLPAPI.DLL
0x00007ff8b4990000 - 0x00007ff8b4999000 	C:\WINDOWS\System32\NSI.dll
0x00007ff8af870000 - 0x00007ff8af881000 	C:\WINDOWS\System32\winrnr.dll
0x00007ff87af50000 - 0x00007ff87af65000 	C:\WINDOWS\system32\wshbth.dll
0x00007ff8aba30000 - 0x00007ff8aba3a000 	C:\Windows\System32\rasadhlp.dll
0x00007ff8aba90000 - 0x00007ff8abb14000 	C:\WINDOWS\System32\fwpuclnt.dll
0x00007ff8b2cb0000 - 0x00007ff8b2ccb000 	C:\WINDOWS\SYSTEM32\CRYPTSP.dll
0x00007ff8b24b0000 - 0x00007ff8b24e4000 	C:\WINDOWS\system32\rsaenh.dll
0x00007ff8b2b50000 - 0x00007ff8b2b78000 	C:\WINDOWS\SYSTEM32\USERENV.dll
0x00007ff8b2e70000 - 0x00007ff8b2e98000 	C:\WINDOWS\SYSTEM32\bcrypt.dll
0x00007ff8b2cd0000 - 0x00007ff8b2cdc000 	C:\WINDOWS\SYSTEM32\CRYPTBASE.dll
0x00007ff8ac180000 - 0x00007ff8ac199000 	C:\WINDOWS\SYSTEM32\dhcpcsvc6.DLL
0x00007ff8ac150000 - 0x00007ff8ac16f000 	C:\WINDOWS\SYSTEM32\dhcpcsvc.DLL
0x00007ff8a3b00000 - 0x00007ff8a3b0d000 	C:\Program Files\Java\jdk-15.0.2\bin\sunmscapi.dll
0x00007ff8b3dc0000 - 0x00007ff8b3f2f000 	C:\WINDOWS\System32\CRYPT32.dll
0x00007ff8b2e30000 - 0x00007ff8b2e5f000 	C:\WINDOWS\SYSTEM32\ncrypt.dll
0x00007ff8b2df0000 - 0x00007ff8b2e27000 	C:\WINDOWS\SYSTEM32\NTASN1.dll

dbghelp: loaded successfully - version: 4.0.5 - missing functions: none
symbol engine: initialized successfully - sym options: 0x614 - pdb path: .;C:\Program Files\Java\jdk-15.0.2\bin;C:\WINDOWS\SYSTEM32;C:\WINDOWS\WinSxS\amd64_microsoft.windows.common-controls_6595b64144ccf1df_6.0.25217.1000_none_7b59e1e7f1b57804;C:\Program Files\Java\jdk-15.0.2\bin\server

VM Arguments:
jvm_args: -XX:+ShowCodeDetailsInExceptionMessages 
java_command: com.watch.shopwatchonline.ShopwatchonlineApplication
java_class_path (initial): F:\shopwatchonline\target\classes;C:\Users\datea\.m2\repository\org\springframework\boot\spring-boot-starter-validation\2.6.12\spring-boot-starter-validation-2.6.12.jar;C:\Users\datea\.m2\repository\org\springframework\boot\spring-boot-starter\2.6.12\spring-boot-starter-2.6.12.jar;C:\Users\datea\.m2\repository\org\springframework\boot\spring-boot-starter-logging\2.6.12\spring-boot-starter-logging-2.6.12.jar;C:\Users\datea\.m2\repository\ch\qos\logback\logback-classic\1.2.11\logback-classic-1.2.11.jar;C:\Users\datea\.m2\repository\ch\qos\logback\logback-core\1.2.11\logback-core-1.2.11.jar;C:\Users\datea\.m2\repository\org\apache\logging\log4j\log4j-to-slf4j\2.17.2\log4j-to-slf4j-2.17.2.jar;C:\Users\datea\.m2\repository\org\apache\logging\log4j\log4j-api\2.17.2\log4j-api-2.17.2.jar;C:\Users\datea\.m2\repository\org\slf4j\jul-to-slf4j\1.7.36\jul-to-slf4j-1.7.36.jar;C:\Users\datea\.m2\repository\jakarta\annotation\jakarta.annotation-api\1.3.5\jakarta.annotation-api-1.3.5.jar;C:\Users\datea\.m2\repository\org\yaml\snakeyaml\1.29\snakeyaml-1.29.jar;C:\Users\datea\.m2\repository\org\apache\tomcat\embed\tomcat-embed-el\9.0.65\tomcat-embed-el-9.0.65.jar;C:\Users\datea\.m2\repository\org\hibernate\validator\hibernate-validator\6.2.5.Final\hibernate-validator-6.2.5.Final.jar;C:\Users\datea\.m2\repository\jakarta\validation\jakarta.validation-api\2.0.2\jakarta.validation-api-2.0.2.jar;C:\Users\datea\.m2\repository\org\jboss\logging\jboss-logging\3.4.3.Final\jboss-logging-3.4.3.Final.jar;C:\Users\datea\.m2\repository\com\fasterxml\classmate\1.5.1\classmate-1.5.1.jar;C:\Users\datea\.m2\repository\com\github\javafaker\javafaker\1.0.2\javafaker-1.0.2.jar;C:\Users\datea\.m2\repository\org\apache\commons\commons-lang3\3.12.0\commons-lang3-3.12.0.jar;C:\Users\datea\.m2\repository\org\yaml\snakeyaml\1.23\snakeyaml-1.23-android.jar;C:\Users\datea\.m2\repository\com\github\mifmif\generex\1.0.2\generex-1.0.2.jar;C:\Users\datea\.m2\repository\dk\brics\automaton
Launcher Type: SUN_STANDARD

[Global flags]
     intx CICompilerCount                          = 4                                         {product} {ergonomic}
     uint ConcGCThreads                            = 2                                         {product} {ergonomic}
     uint G1ConcRefinementThreads                  = 8                                         {product} {ergonomic}
   size_t G1HeapRegionSize                         = 1048576                                   {product} {ergonomic}
    uintx GCDrainStackTargetSize                   = 64                                        {product} {ergonomic}
   size_t InitialHeapSize                          = 132120576                                 {product} {ergonomic}
   size_t MarkStackSize                            = 4194304                                   {product} {ergonomic}
   size_t MaxHeapSize                              = 2095054848                                {product} {ergonomic}
   size_t MaxNewSize                               = 1256194048                                {product} {ergonomic}
   size_t MinHeapDeltaBytes                        = 1048576                                   {product} {ergonomic}
   size_t MinHeapSize                              = 8388608                                   {product} {ergonomic}
    uintx NonNMethodCodeHeapSize                   = 5839372                                {pd product} {ergonomic}
    uintx NonProfiledCodeHeapSize                  = 122909434                              {pd product} {ergonomic}
    uintx ProfiledCodeHeapSize                     = 122909434                              {pd product} {ergonomic}
    uintx ReservedCodeCacheSize                    = 251658240                              {pd product} {ergonomic}
     bool SegmentedCodeCache                       = true                                      {product} {ergonomic}
     bool ShowCodeDetailsInExceptionMessages       = true                                   {manageable} {command line}
   size_t SoftMaxHeapSize                          = 2095054848                             {manageable} {ergonomic}
     bool UseCompressedClassPointers               = true                                 {lp64_product} {ergonomic}
     bool UseCompressedOops                        = true                                 {lp64_product} {ergonomic}
     bool UseG1GC                                  = true                                      {product} {ergonomic}
     bool UseLargePagesIndividualAllocation        = false                                  {pd product} {ergonomic}

Logging:
Log output configuration:
 #0: stdout all=warning uptime,level,tags
 #1: stderr all=off uptime,level,tags

Environment Variables:
PATH=C:\Program Files\Java\jdk-15.0.2\bin;C:\Program Files\Common Files\Oracle\Java\javapath;C:\WINDOWS\system32;C:\WINDOWS;C:\WINDOWS\System32\Wbem;C:\WINDOWS\System32\WindowsPowerShell\v1.0\;C:\WINDOWS\System32\OpenSSH\;C:\Program Files\Azure Data Studio\bin;C:\Program Files\Microsoft SQL Server\Client SDK\ODBC\170\Tools\Binn\;C:\Program Files (x86)\Microsoft SQL Server\150\Tools\Binn\;C:\Program Files\Microsoft SQL Server\150\Tools\Binn\;C:\Program Files\Microsoft SQL Server\150\DTS\Binn\;C:\Program Files (x86)\Microsoft SQL Server\150\DTS\Binn\;C:\Program Files (x86)\GitExtensions\;F:\xampp\php;C:\ProgramData\ComposerSetup\bin;C:\xampp\php;C:\Program Files\Git\cmd;C:\Users\datea\AppData\Local\Microsoft\WindowsApps;C:\Users\datea\AppData\Local\Programs\Microsoft VS Code\bin;;C:\Program Files\Azure Data Studio\bin;C:\Users\datea\AppData\Roaming\Composer\vendor\bin
USERNAME=datea
LANG=en_US.UTF-8
OS=Windows_NT
PROCESSOR_IDENTIFIER=Intel64 Family 6 Model 126 Stepping 5, GenuineIntel



---------------  S Y S T E M  ---------------

OS:
 Windows 10 , 64 bit Build 25217 (10.0.25217.1000)
OS uptime: 0 days 17:21 hours
HyperV virtualization detected

CPU: total 8 (initial active 8) (4 cores per cpu, 2 threads per core) family 6 model 126 stepping 5 microcode 0xa6, cmov, cx8, fxsr, mmx, sse, sse2, sse3, ssse3, sse4.1, sse4.2, popcnt, vzeroupper, avx, avx2, aes, clmul, erms, 3dnowpref, lzcnt, ht, tsc, tscinvbit, bmi1, bmi2, adx, avx512f, avx512dq, avx512cd, avx512bw, avx512vl, avx512_vpopcntdq, avx512_vpclmulqdq, avx512_vbmi, avx512_vbmi2, avx512_vaes, avx512_vnni, sha, fma, clflush, clflushopt

Memory: 4k page, system-wide physical 7987M (419M free)
TotalPageFile size 12083M (AvailPageFile size 3M)
current process WorkingSet (physical memory assigned to process): 440M, peak: 442M
current process commit charge ("private bytes"): 505M, peak: 516M

vm_info: Java HotSpot(TM) 64-Bit Server VM (15.0.2+7-27) for windows-amd64 JRE (15.0.2+7-27), built on Dec  7 2020 20:07:01 by "mach5one" with unknown MS VC++:1925

END.
