#
# There is insufficient memory for the Java Runtime Environment to continue.
# Native memory allocation (mmap) failed to map 673185792 bytes for G1 virtual space
# Possible reasons:
#   The system is out of physical RAM or swap space
#   The process is running with CompressedOops enabled, and the Java Heap may be blocking the growth of the native heap
# Possible solutions:
#   Reduce memory load on the system
#   Increase physical memory or swap space
#   Check if swap backing store is full
#   Decrease Java heap size (-Xmx/-Xms)
#   Decrease number of Java threads
#   Decrease Java thread stack sizes (-Xss)
#   Set larger code cache with -XX:ReservedCodeCacheSize=
#   JVM is running with Unscaled Compressed Oops mode in which the Java heap is
#     placed in the first 4GB address space. The Java Heap base address is the
#     maximum limit for the native heap growth. Please use -XX:HeapBaseMinAddress
#     to set the Java Heap base and to place the Java Heap above 4GB virtual address.
# This output file may be truncated or incomplete.
#
#  Out of Memory Error (os_windows.cpp:3541), pid=70368, tid=81300
#
# JRE version: OpenJDK Runtime Environment Temurin-17.0.4.1+1 (17.0.4.1+1) (build 17.0.4.1+1)
# Java VM: OpenJDK 64-Bit Server VM Temurin-17.0.4.1+1 (17.0.4.1+1, mixed mode, emulated-client, tiered, compressed oops, compressed class ptrs, g1 gc, windows-amd64)
# No core dump will be written. Minidumps are not enabled by default on client versions of Windows
#

---------------  S U M M A R Y ------------

Command Line: -Dsts.lsp.client=vscode -Dsts.log.file=/dev/null -XX:TieredStopAtLevel=1 -Xlog:jni+resolve=off -Dspring.config.location=file:c:\Users\datea\.vscode\extensions\pivotal.vscode-spring-boot-1.39.0\language-server\BOOT-INF\classes\application.properties org.springframework.ide.vscode.boot.app.BootLanguageServerBootApp

Host: Intel(R) Core(TM) i5-1035G1 CPU @ 1.00GHz, 8 cores, 7G,  Windows 11 , 64 bit Build 25217 (10.0.25217.1000)
Time: Tue Oct 18 17:59:40 2022 SE Asia Standard Time elapsed time: 7.500297 seconds (0d 0h 0m 7s)

---------------  T H R E A D  ---------------

Current thread (0x000001ce2cbfaf60):  VMThread "VM Thread" [stack: 0x00000078b5800000,0x00000078b5900000] [id=81300]

Stack: [0x00000078b5800000,0x00000078b5900000]
Native frames: (J=compiled Java code, j=interpreted, Vv=VM code, C=native code)
V  [jvm.dll+0x67731a]
V  [jvm.dll+0x832284]
V  [jvm.dll+0x833a2e]
V  [jvm.dll+0x834093]
V  [jvm.dll+0x245775]
V  [jvm.dll+0x674209]
V  [jvm.dll+0x668a92]
V  [jvm.dll+0x30471b]
V  [jvm.dll+0x30bc66]
V  [jvm.dll+0x35ba9e]
V  [jvm.dll+0x35bccf]
V  [jvm.dll+0x2db5b8]
V  [jvm.dll+0x2d986c]
V  [jvm.dll+0x2d8e3c]
V  [jvm.dll+0x31cd9b]
V  [jvm.dll+0x83853b]
V  [jvm.dll+0x839274]
V  [jvm.dll+0x83978c]
V  [jvm.dll+0x839b64]
V  [jvm.dll+0x839c30]
V  [jvm.dll+0x7e240a]
V  [jvm.dll+0x6761a5]
C  [ucrtbase.dll+0x4b7eb]
C  [KERNEL32.DLL+0x1484d]
C  [ntdll.dll+0x67558]

VM_Operation (0x00000078b7afde10): G1CollectForAllocation, mode: safepoint, requested by thread 0x000001ce2f60c9b0


---------------  P R O C E S S  ---------------

Threads class SMR info:
_java_thread_list=0x000001ce2efcba90, length=38, elements={
0x000001ce2d8012d0, 0x000001ce2d801b90, 0x000001ce2d839130, 0x000001ce2d8399f0,
0x000001ce2d83a2b0, 0x000001ce2d83ab70, 0x000001ce2d83baf0, 0x000001ce2d840410,
0x000001ce2da3d1c0, 0x000001ce2da5ddd0, 0x000001ce2da5e450, 0x000001ce2e0c4260,
0x000001ce2e0c4770, 0x000001ce2f25d890, 0x000001ce2f3cfba0, 0x000001ce2f568c40,
0x000001ce2f52dd10, 0x000001ce2f57abe0, 0x000001ce2f524620, 0x000001ce2f5fe7b0,
0x000001ce2f5fdc80, 0x000001ce2f5fe150, 0x000001ce2f5fec80, 0x000001ce2f60e1c0,
0x000001ce2f60c9b0, 0x000001ce2f60d820, 0x000001ce2f60b670, 0x000001ce2f60dcf0,
0x000001ce2f60d350, 0x000001ce2f60e690, 0x000001ce2f60acd0, 0x000001ce2f60b1a0,
0x000001ce2f60ce80, 0x000001ce2f60bb40, 0x000001ce2f60c010, 0x000001ce2f60c4e0,
0x000001ce31133b90, 0x000001ce3113a0a0
}

Java Threads: ( => current thread )
  0x000001ce2d8012d0 JavaThread "Reference Handler" daemon [_thread_blocked, id=84064, stack(0x00000078b5900000,0x00000078b5a00000)]
  0x000001ce2d801b90 JavaThread "Finalizer" daemon [_thread_blocked, id=79324, stack(0x00000078b5a00000,0x00000078b5b00000)]
  0x000001ce2d839130 JavaThread "Signal Dispatcher" daemon [_thread_blocked, id=76948, stack(0x00000078b5b00000,0x00000078b5c00000)]
  0x000001ce2d8399f0 JavaThread "Attach Listener" daemon [_thread_blocked, id=80880, stack(0x00000078b5c00000,0x00000078b5d00000)]
  0x000001ce2d83a2b0 JavaThread "Service Thread" daemon [_thread_blocked, id=65904, stack(0x00000078b5d00000,0x00000078b5e00000)]
  0x000001ce2d83ab70 JavaThread "Monitor Deflation Thread" daemon [_thread_blocked, id=74076, stack(0x00000078b5e00000,0x00000078b5f00000)]
  0x000001ce2d83baf0 JavaThread "C1 CompilerThread0" daemon [_thread_blocked, id=74120, stack(0x00000078b5f00000,0x00000078b6000000)]
  0x000001ce2d840410 JavaThread "Sweeper thread" daemon [_thread_blocked, id=73912, stack(0x00000078b6000000,0x00000078b6100000)]
  0x000001ce2da3d1c0 JavaThread "C1 CompilerThread1" daemon [_thread_blocked, id=84824, stack(0x00000078b6100000,0x00000078b6200000)]
  0x000001ce2da5ddd0 JavaThread "Notification Thread" daemon [_thread_blocked, id=14252, stack(0x00000078b6200000,0x00000078b6300000)]
  0x000001ce2da5e450 JavaThread "Common-Cleaner" daemon [_thread_blocked, id=68184, stack(0x00000078b6400000,0x00000078b6500000)]
  0x000001ce2e0c4260 JavaThread "C1 CompilerThread2" daemon [_thread_blocked, id=74996, stack(0x00000078b6500000,0x00000078b6600000)]
  0x000001ce2e0c4770 JavaThread "C1 CompilerThread3" daemon [_thread_blocked, id=82380, stack(0x00000078b6600000,0x00000078b6700000)]
  0x000001ce2f25d890 JavaThread "boundedElastic-evictor-1" daemon [_thread_blocked, id=84348, stack(0x00000078b6c00000,0x00000078b6d00000)]
  0x000001ce2f3cfba0 JavaThread "ForkJoinPool.commonPool-worker-1" daemon [_thread_blocked, id=81876, stack(0x00000078b7000000,0x00000078b7100000)]
  0x000001ce2f568c40 JavaThread "ClassGraph-worker-0" daemon [_thread_blocked, id=77876, stack(0x00000078b7100000,0x00000078b7200000)]
  0x000001ce2f52dd10 JavaThread "ClassGraph-worker-1" daemon [_thread_blocked, id=84948, stack(0x00000078b7200000,0x00000078b7300000)]
  0x000001ce2f57abe0 JavaThread "ClassGraph-worker-2" daemon [_thread_blocked, id=84964, stack(0x00000078b7300000,0x00000078b7400000)]
  0x000001ce2f524620 JavaThread "ClassGraph-worker-3" daemon [_thread_blocked, id=84888, stack(0x00000078b7400000,0x00000078b7500000)]
  0x000001ce2f5fe7b0 JavaThread "ClassGraph-worker-4" daemon [_thread_blocked, id=83360, stack(0x00000078b7500000,0x00000078b7600000)]
  0x000001ce2f5fdc80 JavaThread "ClassGraph-worker-5" daemon [_thread_blocked, id=83448, stack(0x00000078b7600000,0x00000078b7700000)]
  0x000001ce2f5fe150 JavaThread "ClassGraph-worker-6" daemon [_thread_blocked, id=83976, stack(0x00000078b7700000,0x00000078b7800000)]
  0x000001ce2f5fec80 JavaThread "ClassGraph-worker-7" daemon [_thread_blocked, id=5288, stack(0x00000078b7800000,0x00000078b7900000)]
  0x000001ce2f60e1c0 JavaThread "ClassGraph-worker-8" daemon [_thread_blocked, id=84180, stack(0x00000078b7900000,0x00000078b7a00000)]
  0x000001ce2f60c9b0 JavaThread "ClassGraph-worker-9" daemon [_thread_blocked, id=76480, stack(0x00000078b7a00000,0x00000078b7b00000)]
  0x000001ce2f60d820 JavaThread "ClassGraph-worker-10" daemon [_thread_blocked, id=76020, stack(0x00000078b7b00000,0x00000078b7c00000)]
  0x000001ce2f60b670 JavaThread "ClassGraph-worker-11" daemon [_thread_blocked, id=74156, stack(0x00000078b7c00000,0x00000078b7d00000)]
  0x000001ce2f60dcf0 JavaThread "ClassGraph-worker-12" daemon [_thread_blocked, id=80388, stack(0x00000078b7d00000,0x00000078b7e00000)]
  0x000001ce2f60d350 JavaThread "ClassGraph-worker-13" daemon [_thread_blocked, id=75168, stack(0x00000078b7e00000,0x00000078b7f00000)]
  0x000001ce2f60e690 JavaThread "pool-9-thread-1" [_thread_blocked, id=56064, stack(0x00000078b7f00000,0x00000078b8000000)]
  0x000001ce2f60acd0 JavaThread "LanguageServerApp-lifecycle" [_thread_blocked, id=78656, stack(0x00000078b8000000,0x00000078b8100000)]
  0x000001ce2f60b1a0 JavaThread "DestroyJavaVM" [_thread_blocked, id=75932, stack(0x00000078b5200000,0x00000078b5300000)]
  0x000001ce2f60ce80 JavaThread "pool-10-thread-1" [_thread_in_native, id=78576, stack(0x00000078b8200000,0x00000078b8300000)]
  0x000001ce2f60bb40 JavaThread "Simple-Language-Server main thread" daemon [_thread_blocked, id=83944, stack(0x00000078b8300000,0x00000078b8400000)]
  0x000001ce2f60c010 JavaThread "pool-7-thread-1" [_thread_blocked, id=83380, stack(0x00000078b8400000,0x00000078b8500000)]
  0x000001ce2f60c4e0 JavaThread "parallel-1" daemon [_thread_blocked, id=61688, stack(0x00000078b8500000,0x00000078b8600000)]
  0x000001ce31133b90 JavaThread "Reconciler-1" daemon [_thread_blocked, id=71380, stack(0x00000078b8600000,0x00000078b8700000)]
  0x000001ce3113a0a0 JavaThread "parallel-2" daemon [_thread_blocked, id=79524, stack(0x00000078b8700000,0x00000078b8800000)]

Other Threads:
=>0x000001ce2cbfaf60 VMThread "VM Thread" [stack: 0x00000078b5800000,0x00000078b5900000] [id=81300]
  0x000001ce2d8933f0 WatcherThread [stack: 0x00000078b6300000,0x00000078b6400000] [id=76560]
  0x000001ce1f98e4b0 GCTaskThread "GC Thread#0" [stack: 0x00000078b5300000,0x00000078b5400000] [id=84228]
  0x000001ce2e374d00 GCTaskThread "GC Thread#1" [stack: 0x00000078b6700000,0x00000078b6800000] [id=81496]
  0x000001ce2e374fb0 GCTaskThread "GC Thread#2" [stack: 0x00000078b6800000,0x00000078b6900000] [id=66256]
  0x000001ce2e3a6cf0 GCTaskThread "GC Thread#3" [stack: 0x00000078b6900000,0x00000078b6a00000] [id=83028]
  0x000001ce2e3a6fa0 GCTaskThread "GC Thread#4" [stack: 0x00000078b6a00000,0x00000078b6b00000] [id=80420]
  0x000001ce2e3a7250 GCTaskThread "GC Thread#5" [stack: 0x00000078b6b00000,0x00000078b6c00000] [id=80428]
  0x000001ce2eddf010 GCTaskThread "GC Thread#6" [stack: 0x00000078b6d00000,0x00000078b6e00000] [id=80784]
  0x000001ce2eddf2c0 GCTaskThread "GC Thread#7" [stack: 0x00000078b6e00000,0x00000078b6f00000] [id=79576]
  0x000001ce1f99fcd0 ConcurrentGCThread "G1 Main Marker" [stack: 0x00000078b5400000,0x00000078b5500000] [id=76188]
  0x000001ce1f9a0750 ConcurrentGCThread "G1 Conc#0" [stack: 0x00000078b5500000,0x00000078b5600000] [id=84700]
  0x000001ce2ee10120 ConcurrentGCThread "G1 Conc#1" [stack: 0x00000078b6f00000,0x00000078b7000000] [id=72724]
  0x000001ce2ca634e0 ConcurrentGCThread "G1 Refine#0" [stack: 0x00000078b5600000,0x00000078b5700000] [id=81752]
  0x000001ce2f7bc4c0 ConcurrentGCThread "G1 Refine#1" [stack: 0x00000078b8100000,0x00000078b8200000] [id=79672]
  0x000001ce31335c00 ConcurrentGCThread "G1 Refine#2" [stack: 0x00000078b8800000,0x00000078b8900000] [id=79408]
  0x000001ce2ca63bb0 ConcurrentGCThread "G1 Service" [stack: 0x00000078b5700000,0x00000078b5800000] [id=83412]

Threads with active compile tasks:

VM state: at safepoint (normal execution)

VM Mutex/Monitor currently owned by a thread:  ([mutex/lock_event])
[0x000001ce1d5e3eb0] Threads_lock - owner thread: 0x000001ce2cbfaf60
[0x000001ce1f930400] Heap_lock - owner thread: 0x000001ce2f60c9b0

Heap address: 0x0000000083200000, size: 1998 MB, Compressed Oops mode: 32-bit

CDS archive(s) not mapped
Compressed class space mapped at: 0x0000000100000000-0x0000000140000000, reserved size: 1073741824
Narrow klass base: 0x0000000000000000, Narrow klass shift: 3, Narrow klass range: 0x140000000

GC Precious Log:
 CPUs: 8 total, 8 available
 Memory: 7987M
 Large Page Support: Disabled
 NUMA Support: Disabled
 Compressed Oops: Enabled (32-bit)
 Heap Region Size: 1M
 Heap Min Capacity: 8M
 Heap Initial Capacity: 126M
 Heap Max Capacity: 1998M
 Pre-touch: Disabled
 Parallel Workers: 8
 Concurrent Workers: 2
 Concurrent Refinement Workers: 8
 Periodic GC: Disabled

Heap:
 garbage-first heap   total 328704K, used 91181K [0x0000000083200000, 0x0000000100000000)
  region size 1024K, 15 young (15360K), 15 survivors (15360K)
 Metaspace       used 37366K, committed 37696K, reserved 1089536K
  class space    used 4821K, committed 4992K, reserved 1048576K

Heap Regions: E=young(eden), S=young(survivor), O=old, HS=humongous(starts), HC=humongous(continues), CS=collection set, F=free, OA=open archive, CA=closed archive, TAMS=top-at-mark-start (previous, next)
|   0|0x0000000083200000, 0x0000000083300000, 0x0000000083300000|100%| O|  |TAMS 0x0000000083300000, 0x0000000083200000| Untracked 
|   1|0x0000000083300000, 0x0000000083400000, 0x0000000083400000|100%| O|  |TAMS 0x0000000083400000, 0x0000000083300000| Untracked 
|   2|0x0000000083400000, 0x0000000083500000, 0x0000000083500000|100%| O|  |TAMS 0x0000000083500000, 0x0000000083400000| Untracked 
|   3|0x0000000083500000, 0x0000000083600000, 0x0000000083600000|100%| O|  |TAMS 0x0000000083600000, 0x0000000083500000| Untracked 
|   4|0x0000000083600000, 0x0000000083700000, 0x0000000083700000|100%| O|  |TAMS 0x0000000083700000, 0x0000000083600000| Untracked 
|   5|0x0000000083700000, 0x0000000083800000, 0x0000000083800000|100%| O|  |TAMS 0x0000000083800000, 0x0000000083700000| Untracked 
|   6|0x0000000083800000, 0x0000000083900000, 0x0000000083900000|100%| O|  |TAMS 0x0000000083900000, 0x0000000083800000| Untracked 
|   7|0x0000000083900000, 0x0000000083a00000, 0x0000000083a00000|100%| O|  |TAMS 0x0000000083a00000, 0x0000000083900000| Untracked 
|   8|0x0000000083a00000, 0x0000000083b00000, 0x0000000083b00000|100%| O|  |TAMS 0x0000000083b00000, 0x0000000083a00000| Untracked 
|   9|0x0000000083b00000, 0x0000000083c00000, 0x0000000083c00000|100%| O|  |TAMS 0x0000000083c00000, 0x0000000083b00000| Untracked 
|  10|0x0000000083c00000, 0x0000000083d00000, 0x0000000083d00000|100%| O|  |TAMS 0x0000000083d00000, 0x0000000083c00000| Untracked 
|  11|0x0000000083d00000, 0x0000000083e00000, 0x0000000083e00000|100%| O|  |TAMS 0x0000000083e00000, 0x0000000083d00000| Untracked 
|  12|0x0000000083e00000, 0x0000000083f00000, 0x0000000083f00000|100%| O|  |TAMS 0x0000000083f00000, 0x0000000083e00000| Untracked 
|  13|0x0000000083f00000, 0x0000000084000000, 0x0000000084000000|100%| O|  |TAMS 0x0000000084000000, 0x0000000083f00000| Untracked 
|  14|0x0000000084000000, 0x0000000084100000, 0x0000000084100000|100%| O|  |TAMS 0x0000000084100000, 0x0000000084000000| Untracked 
|  15|0x0000000084100000, 0x0000000084200000, 0x0000000084200000|100%| O|  |TAMS 0x0000000084200000, 0x0000000084100000| Untracked 
|  16|0x0000000084200000, 0x0000000084300000, 0x0000000084300000|100%| O|  |TAMS 0x0000000084300000, 0x0000000084200000| Untracked 
|  17|0x0000000084300000, 0x0000000084400000, 0x0000000084400000|100%| O|  |TAMS 0x0000000084400000, 0x0000000084300000| Untracked 
|  18|0x0000000084400000, 0x0000000084500000, 0x0000000084500000|100%| O|  |TAMS 0x0000000084500000, 0x0000000084400000| Untracked 
|  19|0x0000000084500000, 0x0000000084600000, 0x0000000084600000|100%| O|  |TAMS 0x0000000084600000, 0x0000000084500000| Untracked 
|  20|0x0000000084600000, 0x0000000084700000, 0x0000000084700000|100%| O|  |TAMS 0x0000000084700000, 0x0000000084600000| Untracked 
|  21|0x0000000084700000, 0x0000000084800000, 0x0000000084800000|100%| O|  |TAMS 0x0000000084800000, 0x0000000084700000| Untracked 
|  22|0x0000000084800000, 0x0000000084900000, 0x0000000084900000|100%| O|  |TAMS 0x0000000084900000, 0x0000000084800000| Untracked 
|  23|0x0000000084900000, 0x0000000084a00000, 0x0000000084a00000|100%| O|  |TAMS 0x0000000084a00000, 0x0000000084900000| Untracked 
|  24|0x0000000084a00000, 0x0000000084b00000, 0x0000000084b00000|100%| O|  |TAMS 0x0000000084b00000, 0x0000000084a00000| Untracked 
|  25|0x0000000084b00000, 0x0000000084c00000, 0x0000000084c00000|100%| O|  |TAMS 0x0000000084c00000, 0x0000000084b00000| Untracked 
|  26|0x0000000084c00000, 0x0000000084d00000, 0x0000000084d00000|100%| O|  |TAMS 0x0000000084d00000, 0x0000000084c00000| Untracked 
|  27|0x0000000084d00000, 0x0000000084e00000, 0x0000000084e00000|100%| O|  |TAMS 0x0000000084e00000, 0x0000000084d00000| Untracked 
|  28|0x0000000084e00000, 0x0000000084f00000, 0x0000000084f00000|100%| O|  |TAMS 0x0000000084f00000, 0x0000000084e00000| Untracked 
|  29|0x0000000084f00000, 0x0000000085000000, 0x0000000085000000|100%| O|  |TAMS 0x0000000085000000, 0x0000000084f00000| Untracked 
|  30|0x0000000085000000, 0x0000000085100000, 0x0000000085100000|100%| O|  |TAMS 0x0000000085100000, 0x0000000085000000| Untracked 
|  31|0x0000000085100000, 0x0000000085200000, 0x0000000085200000|100%| O|  |TAMS 0x0000000085200000, 0x0000000085100000| Untracked 
|  32|0x0000000085200000, 0x0000000085300000, 0x0000000085300000|100%| O|  |TAMS 0x0000000085300000, 0x0000000085200000| Untracked 
|  33|0x0000000085300000, 0x0000000085400000, 0x0000000085400000|100%| O|  |TAMS 0x0000000085400000, 0x0000000085300000| Untracked 
|  34|0x0000000085400000, 0x0000000085500000, 0x0000000085500000|100%| O|  |TAMS 0x0000000085500000, 0x0000000085400000| Untracked 
|  35|0x0000000085500000, 0x0000000085600000, 0x0000000085600000|100%| O|  |TAMS 0x0000000085600000, 0x0000000085500000| Untracked 
|  36|0x0000000085600000, 0x0000000085700000, 0x0000000085700000|100%| O|  |TAMS 0x0000000085700000, 0x0000000085600000| Untracked 
|  37|0x0000000085700000, 0x0000000085800000, 0x0000000085800000|100%| O|  |TAMS 0x0000000085800000, 0x0000000085700000| Untracked 
|  38|0x0000000085800000, 0x0000000085900000, 0x0000000085900000|100%| O|  |TAMS 0x0000000085900000, 0x0000000085800000| Untracked 
|  39|0x0000000085900000, 0x0000000085a00000, 0x0000000085a00000|100%| O|  |TAMS 0x0000000085900000, 0x0000000085900000| Untracked 
|  40|0x0000000085a00000, 0x0000000085b00000, 0x0000000085b00000|100%| O|  |TAMS 0x0000000085b00000, 0x0000000085a00000| Untracked 
|  41|0x0000000085b00000, 0x0000000085c00000, 0x0000000085c00000|100%| O|  |TAMS 0x0000000085c00000, 0x0000000085b00000| Untracked 
|  42|0x0000000085c00000, 0x0000000085d00000, 0x0000000085d00000|100%| O|  |TAMS 0x0000000085d00000, 0x0000000085c00000| Untracked 
|  43|0x0000000085d00000, 0x0000000085e00000, 0x0000000085e00000|100%| O|  |TAMS 0x0000000085e00000, 0x0000000085d00000| Untracked 
|  44|0x0000000085e00000, 0x0000000085f00000, 0x0000000085f00000|100%| O|  |TAMS 0x0000000085f00000, 0x0000000085e00000| Untracked 
|  45|0x0000000085f00000, 0x0000000086000000, 0x0000000086000000|100%| O|  |TAMS 0x0000000086000000, 0x0000000085f00000| Untracked 
|  46|0x0000000086000000, 0x0000000086100000, 0x0000000086100000|100%| O|  |TAMS 0x0000000086100000, 0x0000000086000000| Untracked 
|  47|0x0000000086100000, 0x0000000086200000, 0x0000000086200000|100%| O|  |TAMS 0x0000000086200000, 0x0000000086100000| Untracked 
|  48|0x0000000086200000, 0x0000000086300000, 0x0000000086300000|100%| O|  |TAMS 0x0000000086300000, 0x0000000086200000| Untracked 
|  49|0x0000000086300000, 0x0000000086400000, 0x0000000086400000|100%|HS|  |TAMS 0x0000000086400000, 0x0000000086300000| Complete 
|  50|0x0000000086400000, 0x0000000086500000, 0x0000000086500000|100%| O|  |TAMS 0x0000000086500000, 0x0000000086400000| Untracked 
|  51|0x0000000086500000, 0x0000000086600000, 0x0000000086600000|100%| O|  |TAMS 0x0000000086600000, 0x0000000086500000| Untracked 
|  52|0x0000000086600000, 0x0000000086700000, 0x0000000086700000|100%| O|  |TAMS 0x0000000086700000, 0x0000000086600000| Untracked 
|  53|0x0000000086700000, 0x0000000086800000, 0x0000000086800000|100%| O|  |TAMS 0x0000000086800000, 0x0000000086700000| Untracked 
|  54|0x0000000086800000, 0x0000000086900000, 0x0000000086900000|100%| O|  |TAMS 0x0000000086900000, 0x0000000086800000| Untracked 
|  55|0x0000000086900000, 0x0000000086a00000, 0x0000000086a00000|100%| O|  |TAMS 0x00000000869d2600, 0x0000000086900000| Untracked 
|  56|0x0000000086a00000, 0x0000000086b00000, 0x0000000086b00000|100%| O|  |TAMS 0x0000000086a00000, 0x0000000086a00000| Untracked 
|  57|0x0000000086b00000, 0x0000000086c00000, 0x0000000086c00000|100%| O|  |TAMS 0x0000000086b00000, 0x0000000086b00000| Untracked 
|  58|0x0000000086c00000, 0x0000000086d00000, 0x0000000086d00000|100%| O|  |TAMS 0x0000000086c00000, 0x0000000086c00000| Untracked 
|  59|0x0000000086d00000, 0x0000000086e00000, 0x0000000086e00000|100%| O|  |TAMS 0x0000000086d00000, 0x0000000086d00000| Untracked 
|  60|0x0000000086e00000, 0x0000000086f00000, 0x0000000086f00000|100%| O|  |TAMS 0x0000000086e00000, 0x0000000086e00000| Untracked 
|  61|0x0000000086f00000, 0x0000000087000000, 0x0000000087000000|100%| O|  |TAMS 0x0000000086f00000, 0x0000000086f00000| Untracked 
|  62|0x0000000087000000, 0x0000000087100000, 0x0000000087100000|100%| O|  |TAMS 0x0000000087000000, 0x0000000087000000| Untracked 
|  63|0x0000000087100000, 0x0000000087200000, 0x0000000087200000|100%| O|  |TAMS 0x0000000087100000, 0x0000000087100000| Untracked 
|  64|0x0000000087200000, 0x0000000087300000, 0x0000000087300000|100%| O|  |TAMS 0x0000000087200000, 0x0000000087200000| Untracked 
|  65|0x0000000087300000, 0x0000000087400000, 0x0000000087400000|100%| O|  |TAMS 0x0000000087300000, 0x0000000087300000| Untracked 
|  66|0x0000000087400000, 0x0000000087500000, 0x0000000087500000|100%| O|  |TAMS 0x0000000087400000, 0x0000000087400000| Untracked 
|  67|0x0000000087500000, 0x0000000087600000, 0x0000000087600000|100%| O|  |TAMS 0x0000000087500000, 0x0000000087500000| Untracked 
|  68|0x0000000087600000, 0x0000000087700000, 0x0000000087700000|100%| O|  |TAMS 0x0000000087600000, 0x0000000087600000| Untracked 
|  69|0x0000000087700000, 0x0000000087800000, 0x0000000087800000|100%| O|  |TAMS 0x0000000087700000, 0x0000000087700000| Untracked 
|  70|0x0000000087800000, 0x0000000087900000, 0x0000000087900000|100%| O|  |TAMS 0x0000000087800000, 0x0000000087800000| Untracked 
|  71|0x0000000087900000, 0x0000000087a00000, 0x0000000087a00000|100%| O|  |TAMS 0x0000000087900000, 0x0000000087900000| Untracked 
|  72|0x0000000087a00000, 0x0000000087b00000, 0x0000000087b00000|100%| O|  |TAMS 0x0000000087a00000, 0x0000000087a00000| Untracked 
|  73|0x0000000087b00000, 0x0000000087c00000, 0x0000000087c00000|100%| O|  |TAMS 0x0000000087b00000, 0x0000000087b00000| Untracked 
|  74|0x0000000087c00000, 0x0000000087c0b400, 0x0000000087d00000|  4%| O|  |TAMS 0x0000000087c00000, 0x0000000087c00000| Untracked 
|  75|0x0000000087d00000, 0x0000000087d00000, 0x0000000087e00000|  0%| F|  |TAMS 0x0000000087d00000, 0x0000000087d00000| Untracked 
|  76|0x0000000087e00000, 0x0000000087e00000, 0x0000000087f00000|  0%| F|  |TAMS 0x0000000087e00000, 0x0000000087e00000| Untracked 
|  77|0x0000000087f00000, 0x0000000087f00000, 0x0000000088000000|  0%| F|  |TAMS 0x0000000087f00000, 0x0000000087f00000| Untracked 
|  78|0x0000000088000000, 0x0000000088000000, 0x0000000088100000|  0%| F|  |TAMS 0x0000000088000000, 0x0000000088000000| Untracked 
|  79|0x0000000088100000, 0x0000000088100000, 0x0000000088200000|  0%| F|  |TAMS 0x0000000088100000, 0x0000000088100000| Untracked 
|  80|0x0000000088200000, 0x0000000088200000, 0x0000000088300000|  0%| F|  |TAMS 0x0000000088200000, 0x0000000088200000| Untracked 
|  81|0x0000000088300000, 0x0000000088300000, 0x0000000088400000|  0%| F|  |TAMS 0x0000000088300000, 0x0000000088300000| Untracked 
|  82|0x0000000088400000, 0x0000000088400000, 0x0000000088500000|  0%| F|  |TAMS 0x0000000088400000, 0x0000000088400000| Untracked 
|  83|0x0000000088500000, 0x0000000088500000, 0x0000000088600000|  0%| F|  |TAMS 0x0000000088500000, 0x0000000088500000| Untracked 
|  84|0x0000000088600000, 0x0000000088600000, 0x0000000088700000|  0%| F|  |TAMS 0x0000000088600000, 0x0000000088600000| Untracked 
|  85|0x0000000088700000, 0x0000000088700000, 0x0000000088800000|  0%| F|  |TAMS 0x0000000088700000, 0x0000000088700000| Untracked 
|  86|0x0000000088800000, 0x0000000088800000, 0x0000000088900000|  0%| F|  |TAMS 0x0000000088800000, 0x0000000088800000| Untracked 
|  87|0x0000000088900000, 0x0000000088900000, 0x0000000088a00000|  0%| F|  |TAMS 0x0000000088900000, 0x0000000088900000| Untracked 
|  88|0x0000000088a00000, 0x0000000088a00000, 0x0000000088b00000|  0%| F|  |TAMS 0x0000000088a00000, 0x0000000088a00000| Untracked 
|  89|0x0000000088b00000, 0x0000000088b00000, 0x0000000088c00000|  0%| F|  |TAMS 0x0000000088b00000, 0x0000000088b00000| Untracked 
|  90|0x0000000088c00000, 0x0000000088c00000, 0x0000000088d00000|  0%| F|  |TAMS 0x0000000088c00000, 0x0000000088c00000| Untracked 
|  91|0x0000000088d00000, 0x0000000088d00000, 0x0000000088e00000|  0%| F|  |TAMS 0x0000000088d00000, 0x0000000088d00000| Untracked 
|  92|0x0000000088e00000, 0x0000000088e00000, 0x0000000088f00000|  0%| F|  |TAMS 0x0000000088e00000, 0x0000000088e00000| Untracked 
|  93|0x0000000088f00000, 0x0000000088f00000, 0x0000000089000000|  0%| F|  |TAMS 0x0000000088f00000, 0x0000000088f00000| Untracked 
|  94|0x0000000089000000, 0x0000000089000000, 0x0000000089100000|  0%| F|  |TAMS 0x0000000089000000, 0x0000000089000000| Untracked 
|  95|0x0000000089100000, 0x0000000089100000, 0x0000000089200000|  0%| F|  |TAMS 0x0000000089100000, 0x0000000089100000| Untracked 
|  96|0x0000000089200000, 0x0000000089200000, 0x0000000089300000|  0%| F|  |TAMS 0x0000000089200000, 0x0000000089200000| Untracked 
|  97|0x0000000089300000, 0x0000000089300000, 0x0000000089400000|  0%| F|  |TAMS 0x0000000089300000, 0x0000000089300000| Untracked 
|  98|0x0000000089400000, 0x0000000089400000, 0x0000000089500000|  0%| F|  |TAMS 0x0000000089400000, 0x0000000089400000| Untracked 
|  99|0x0000000089500000, 0x0000000089500000, 0x0000000089600000|  0%| F|  |TAMS 0x0000000089500000, 0x0000000089500000| Untracked 
| 100|0x0000000089600000, 0x0000000089600000, 0x0000000089700000|  0%| F|  |TAMS 0x0000000089600000, 0x0000000089600000| Untracked 
| 101|0x0000000089700000, 0x0000000089700000, 0x0000000089800000|  0%| F|  |TAMS 0x0000000089700000, 0x0000000089700000| Untracked 
| 102|0x0000000089800000, 0x0000000089800000, 0x0000000089900000|  0%| F|  |TAMS 0x0000000089800000, 0x0000000089800000| Untracked 
| 103|0x0000000089900000, 0x0000000089900000, 0x0000000089a00000|  0%| F|  |TAMS 0x0000000089900000, 0x0000000089900000| Untracked 
| 104|0x0000000089a00000, 0x0000000089a00000, 0x0000000089b00000|  0%| F|  |TAMS 0x0000000089a00000, 0x0000000089a00000| Untracked 
| 105|0x0000000089b00000, 0x0000000089b00000, 0x0000000089c00000|  0%| F|  |TAMS 0x0000000089b00000, 0x0000000089b00000| Untracked 
| 106|0x0000000089c00000, 0x0000000089c00000, 0x0000000089d00000|  0%| F|  |TAMS 0x0000000089c00000, 0x0000000089c00000| Untracked 
| 107|0x0000000089d00000, 0x0000000089d00000, 0x0000000089e00000|  0%| F|  |TAMS 0x0000000089d00000, 0x0000000089d00000| Untracked 
| 108|0x0000000089e00000, 0x0000000089e00000, 0x0000000089f00000|  0%| F|  |TAMS 0x0000000089e00000, 0x0000000089e00000| Untracked 
| 109|0x0000000089f00000, 0x0000000089f00000, 0x000000008a000000|  0%| F|  |TAMS 0x0000000089f00000, 0x0000000089f00000| Untracked 
| 110|0x000000008a000000, 0x000000008a000000, 0x000000008a100000|  0%| F|  |TAMS 0x000000008a000000, 0x000000008a000000| Untracked 
| 111|0x000000008a100000, 0x000000008a100000, 0x000000008a200000|  0%| F|  |TAMS 0x000000008a100000, 0x000000008a100000| Untracked 
| 112|0x000000008a200000, 0x000000008a200000, 0x000000008a300000|  0%| F|  |TAMS 0x000000008a200000, 0x000000008a200000| Untracked 
| 113|0x000000008a300000, 0x000000008a300000, 0x000000008a400000|  0%| F|  |TAMS 0x000000008a300000, 0x000000008a300000| Untracked 
| 114|0x000000008a400000, 0x000000008a400000, 0x000000008a500000|  0%| F|  |TAMS 0x000000008a400000, 0x000000008a400000| Untracked 
| 115|0x000000008a500000, 0x000000008a500000, 0x000000008a600000|  0%| F|  |TAMS 0x000000008a500000, 0x000000008a500000| Untracked 
| 116|0x000000008a600000, 0x000000008a700000, 0x000000008a700000|100%| S|CS|TAMS 0x000000008a600000, 0x000000008a600000| Complete 
| 117|0x000000008a700000, 0x000000008a800000, 0x000000008a800000|100%| S|CS|TAMS 0x000000008a700000, 0x000000008a700000| Complete 
| 118|0x000000008a800000, 0x000000008a900000, 0x000000008a900000|100%| S|CS|TAMS 0x000000008a800000, 0x000000008a800000| Complete 
| 119|0x000000008a900000, 0x000000008aa00000, 0x000000008aa00000|100%| S|CS|TAMS 0x000000008a900000, 0x000000008a900000| Complete 
| 120|0x000000008aa00000, 0x000000008ab00000, 0x000000008ab00000|100%| S|CS|TAMS 0x000000008aa00000, 0x000000008aa00000| Complete 
| 121|0x000000008ab00000, 0x000000008ab00000, 0x000000008ac00000|  0%| F|  |TAMS 0x000000008ab00000, 0x000000008ab00000| Untracked 
| 122|0x000000008ac00000, 0x000000008ac00000, 0x000000008ad00000|  0%| F|  |TAMS 0x000000008ac00000, 0x000000008ac00000| Untracked 
| 123|0x000000008ad00000, 0x000000008ad00000, 0x000000008ae00000|  0%| F|  |TAMS 0x000000008ad00000, 0x000000008ad00000| Untracked 
| 124|0x000000008ae00000, 0x000000008ae00000, 0x000000008af00000|  0%| F|  |TAMS 0x000000008ae00000, 0x000000008ae00000| Untracked 
| 125|0x000000008af00000, 0x000000008af00000, 0x000000008b000000|  0%| F|  |TAMS 0x000000008af00000, 0x000000008af00000| Untracked 
| 126|0x000000008b000000, 0x000000008b000000, 0x000000008b100000|  0%| F|  |TAMS 0x000000008b000000, 0x000000008b000000| Untracked 
| 127|0x000000008b100000, 0x000000008b100000, 0x000000008b200000|  0%| F|  |TAMS 0x000000008b100000, 0x000000008b100000| Untracked 
| 128|0x000000008b200000, 0x000000008b200000, 0x000000008b300000|  0%| F|  |TAMS 0x000000008b200000, 0x000000008b200000| Untracked 
| 129|0x000000008b300000, 0x000000008b300000, 0x000000008b400000|  0%| F|  |TAMS 0x000000008b300000, 0x000000008b300000| Untracked 
| 130|0x000000008b400000, 0x000000008b400000, 0x000000008b500000|  0%| F|  |TAMS 0x000000008b400000, 0x000000008b400000| Untracked 
| 131|0x000000008b500000, 0x000000008b500000, 0x000000008b600000|  0%| F|  |TAMS 0x000000008b500000, 0x000000008b500000| Untracked 
| 132|0x000000008b600000, 0x000000008b600000, 0x000000008b700000|  0%| F|  |TAMS 0x000000008b600000, 0x000000008b600000| Untracked 
| 133|0x000000008b700000, 0x000000008b800000, 0x000000008b800000|100%| S|CS|TAMS 0x000000008b700000, 0x000000008b700000| Complete 
| 134|0x000000008b800000, 0x000000008b900000, 0x000000008b900000|100%| S|CS|TAMS 0x000000008b800000, 0x000000008b800000| Complete 
| 135|0x000000008b900000, 0x000000008ba00000, 0x000000008ba00000|100%| S|CS|TAMS 0x000000008b900000, 0x000000008b900000| Complete 
| 136|0x000000008ba00000, 0x000000008bb00000, 0x000000008bb00000|100%| S|CS|TAMS 0x000000008ba00000, 0x000000008ba00000| Complete 
| 137|0x000000008bb00000, 0x000000008bc00000, 0x000000008bc00000|100%| S|CS|TAMS 0x000000008bb00000, 0x000000008bb00000| Complete 
| 138|0x000000008bc00000, 0x000000008bd00000, 0x000000008bd00000|100%| S|CS|TAMS 0x000000008bc00000, 0x000000008bc00000| Complete 
| 139|0x000000008bd00000, 0x000000008be00000, 0x000000008be00000|100%| S|CS|TAMS 0x000000008bd00000, 0x000000008bd00000| Complete 
| 140|0x000000008be00000, 0x000000008bf00000, 0x000000008bf00000|100%| S|CS|TAMS 0x000000008be00000, 0x000000008be00000| Complete 
| 141|0x000000008bf00000, 0x000000008bf00000, 0x000000008c000000|  0%| F|  |TAMS 0x000000008bf00000, 0x000000008bf00000| Untracked 
| 142|0x000000008c000000, 0x000000008c000000, 0x000000008c100000|  0%| F|  |TAMS 0x000000008c000000, 0x000000008c000000| Untracked 
| 143|0x000000008c100000, 0x000000008c100000, 0x000000008c200000|  0%| F|  |TAMS 0x000000008c100000, 0x000000008c100000| Untracked 
| 144|0x000000008c200000, 0x000000008c300000, 0x000000008c300000|100%| S|CS|TAMS 0x000000008c200000, 0x000000008c200000| Complete 
| 145|0x000000008c300000, 0x000000008c400000, 0x000000008c400000|100%| S|CS|TAMS 0x000000008c300000, 0x000000008c300000| Complete 
| 146|0x000000008c400000, 0x000000008c400000, 0x000000008c500000|  0%| F|  |TAMS 0x000000008c400000, 0x000000008c400000| Untracked 
| 147|0x000000008c500000, 0x000000008c500000, 0x000000008c600000|  0%| F|  |TAMS 0x000000008c500000, 0x000000008c500000| Untracked 
| 148|0x000000008c600000, 0x000000008c600000, 0x000000008c700000|  0%| F|  |TAMS 0x000000008c600000, 0x000000008c600000| Untracked 
| 149|0x000000008c700000, 0x000000008c700000, 0x000000008c800000|  0%| F|  |TAMS 0x000000008c700000, 0x000000008c700000| Untracked 
| 150|0x000000008c800000, 0x000000008c800000, 0x000000008c900000|  0%| F|  |TAMS 0x000000008c800000, 0x000000008c800000| Untracked 
| 151|0x000000008c900000, 0x000000008c900000, 0x000000008ca00000|  0%| F|  |TAMS 0x000000008c900000, 0x000000008c900000| Untracked 
| 152|0x000000008ca00000, 0x000000008ca00000, 0x000000008cb00000|  0%| F|  |TAMS 0x000000008ca00000, 0x000000008ca00000| Untracked 
| 153|0x000000008cb00000, 0x000000008cb00000, 0x000000008cc00000|  0%| F|  |TAMS 0x000000008cb00000, 0x000000008cb00000| Untracked 
| 154|0x000000008cc00000, 0x000000008cc00000, 0x000000008cd00000|  0%| F|  |TAMS 0x000000008cc00000, 0x000000008cc00000| Untracked 
| 155|0x000000008cd00000, 0x000000008cd00000, 0x000000008ce00000|  0%| F|  |TAMS 0x000000008cd00000, 0x000000008cd00000| Untracked 
| 156|0x000000008ce00000, 0x000000008ce00000, 0x000000008cf00000|  0%| F|  |TAMS 0x000000008ce00000, 0x000000008ce00000| Untracked 
| 157|0x000000008cf00000, 0x000000008cf00000, 0x000000008d000000|  0%| F|  |TAMS 0x000000008cf00000, 0x000000008cf00000| Untracked 
| 158|0x000000008d000000, 0x000000008d000000, 0x000000008d100000|  0%| F|  |TAMS 0x000000008d000000, 0x000000008d000000| Untracked 
| 159|0x000000008d100000, 0x000000008d100000, 0x000000008d200000|  0%| F|  |TAMS 0x000000008d100000, 0x000000008d100000| Untracked 
| 160|0x000000008d200000, 0x000000008d200000, 0x000000008d300000|  0%| F|  |TAMS 0x000000008d200000, 0x000000008d200000| Untracked 
| 161|0x000000008d300000, 0x000000008d300000, 0x000000008d400000|  0%| F|  |TAMS 0x000000008d300000, 0x000000008d300000| Untracked 
| 162|0x000000008d400000, 0x000000008d400000, 0x000000008d500000|  0%| F|  |TAMS 0x000000008d400000, 0x000000008d400000| Untracked 
| 163|0x000000008d500000, 0x000000008d500000, 0x000000008d600000|  0%| F|  |TAMS 0x000000008d500000, 0x000000008d500000| Untracked 
| 164|0x000000008d600000, 0x000000008d600000, 0x000000008d700000|  0%| F|  |TAMS 0x000000008d600000, 0x000000008d600000| Untracked 
| 165|0x000000008d700000, 0x000000008d700000, 0x000000008d800000|  0%| F|  |TAMS 0x000000008d700000, 0x000000008d700000| Untracked 
| 166|0x000000008d800000, 0x000000008d800000, 0x000000008d900000|  0%| F|  |TAMS 0x000000008d800000, 0x000000008d800000| Untracked 
| 167|0x000000008d900000, 0x000000008d900000, 0x000000008da00000|  0%| F|  |TAMS 0x000000008d900000, 0x000000008d900000| Untracked 
| 168|0x000000008da00000, 0x000000008da00000, 0x000000008db00000|  0%| F|  |TAMS 0x000000008da00000, 0x000000008da00000| Untracked 
| 169|0x000000008db00000, 0x000000008db00000, 0x000000008dc00000|  0%| F|  |TAMS 0x000000008db00000, 0x000000008db00000| Untracked 
| 170|0x000000008dc00000, 0x000000008dc00000, 0x000000008dd00000|  0%| F|  |TAMS 0x000000008dc00000, 0x000000008dc00000| Untracked 
| 171|0x000000008dd00000, 0x000000008dd00000, 0x000000008de00000|  0%| F|  |TAMS 0x000000008dd00000, 0x000000008dd00000| Untracked 
| 172|0x000000008de00000, 0x000000008de00000, 0x000000008df00000|  0%| F|  |TAMS 0x000000008de00000, 0x000000008de00000| Untracked 
| 173|0x000000008df00000, 0x000000008df00000, 0x000000008e000000|  0%| F|  |TAMS 0x000000008df00000, 0x000000008df00000| Untracked 
| 174|0x000000008e000000, 0x000000008e000000, 0x000000008e100000|  0%| F|  |TAMS 0x000000008e000000, 0x000000008e000000| Untracked 
| 175|0x000000008e100000, 0x000000008e100000, 0x000000008e200000|  0%| F|  |TAMS 0x000000008e100000, 0x000000008e100000| Untracked 
| 176|0x000000008e200000, 0x000000008e200000, 0x000000008e300000|  0%| F|  |TAMS 0x000000008e200000, 0x000000008e200000| Untracked 
| 177|0x000000008e300000, 0x000000008e300000, 0x000000008e400000|  0%| F|  |TAMS 0x000000008e300000, 0x000000008e300000| Untracked 
| 178|0x000000008e400000, 0x000000008e400000, 0x000000008e500000|  0%| F|  |TAMS 0x000000008e400000, 0x000000008e400000| Untracked 
| 179|0x000000008e500000, 0x000000008e500000, 0x000000008e600000|  0%| F|  |TAMS 0x000000008e500000, 0x000000008e500000| Untracked 
| 180|0x000000008e600000, 0x000000008e600000, 0x000000008e700000|  0%| F|  |TAMS 0x000000008e600000, 0x000000008e600000| Untracked 
| 181|0x000000008e700000, 0x000000008e700000, 0x000000008e800000|  0%| F|  |TAMS 0x000000008e700000, 0x000000008e700000| Untracked 
| 182|0x000000008e800000, 0x000000008e800000, 0x000000008e900000|  0%| F|  |TAMS 0x000000008e800000, 0x000000008e800000| Untracked 
| 183|0x000000008e900000, 0x000000008e900000, 0x000000008ea00000|  0%| F|  |TAMS 0x000000008e900000, 0x000000008e900000| Untracked 
| 184|0x000000008ea00000, 0x000000008ea00000, 0x000000008eb00000|  0%| F|  |TAMS 0x000000008ea00000, 0x000000008ea00000| Untracked 
| 185|0x000000008eb00000, 0x000000008eb00000, 0x000000008ec00000|  0%| F|  |TAMS 0x000000008eb00000, 0x000000008eb00000| Untracked 
| 186|0x000000008ec00000, 0x000000008ec00000, 0x000000008ed00000|  0%| F|  |TAMS 0x000000008ec00000, 0x000000008ec00000| Untracked 
| 187|0x000000008ed00000, 0x000000008ed00000, 0x000000008ee00000|  0%| F|  |TAMS 0x000000008ed00000, 0x000000008ed00000| Untracked 
| 188|0x000000008ee00000, 0x000000008ee00000, 0x000000008ef00000|  0%| F|  |TAMS 0x000000008ee00000, 0x000000008ee00000| Untracked 
| 189|0x000000008ef00000, 0x000000008ef00000, 0x000000008f000000|  0%| F|  |TAMS 0x000000008ef00000, 0x000000008ef00000| Untracked 
| 190|0x000000008f000000, 0x000000008f000000, 0x000000008f100000|  0%| F|  |TAMS 0x000000008f000000, 0x000000008f000000| Untracked 
| 191|0x000000008f100000, 0x000000008f100000, 0x000000008f200000|  0%| F|  |TAMS 0x000000008f100000, 0x000000008f100000| Untracked 
| 192|0x000000008f200000, 0x000000008f200000, 0x000000008f300000|  0%| F|  |TAMS 0x000000008f200000, 0x000000008f200000| Untracked 
| 193|0x000000008f300000, 0x000000008f300000, 0x000000008f400000|  0%| F|  |TAMS 0x000000008f300000, 0x000000008f300000| Untracked 
| 194|0x000000008f400000, 0x000000008f400000, 0x000000008f500000|  0%| F|  |TAMS 0x000000008f400000, 0x000000008f400000| Untracked 
| 195|0x000000008f500000, 0x000000008f500000, 0x000000008f600000|  0%| F|  |TAMS 0x000000008f500000, 0x000000008f500000| Untracked 
| 196|0x000000008f600000, 0x000000008f600000, 0x000000008f700000|  0%| F|  |TAMS 0x000000008f600000, 0x000000008f600000| Untracked 
| 197|0x000000008f700000, 0x000000008f700000, 0x000000008f800000|  0%| F|  |TAMS 0x000000008f700000, 0x000000008f700000| Untracked 
| 198|0x000000008f800000, 0x000000008f800000, 0x000000008f900000|  0%| F|  |TAMS 0x000000008f800000, 0x000000008f800000| Untracked 
| 199|0x000000008f900000, 0x000000008f900000, 0x000000008fa00000|  0%| F|  |TAMS 0x000000008f900000, 0x000000008f900000| Untracked 
| 200|0x000000008fa00000, 0x000000008fa00000, 0x000000008fb00000|  0%| F|  |TAMS 0x000000008fa00000, 0x000000008fa00000| Untracked 
| 201|0x000000008fb00000, 0x000000008fb00000, 0x000000008fc00000|  0%| F|  |TAMS 0x000000008fb00000, 0x000000008fb00000| Untracked 
| 202|0x000000008fc00000, 0x000000008fc00000, 0x000000008fd00000|  0%| F|  |TAMS 0x000000008fc00000, 0x000000008fc00000| Untracked 
| 203|0x000000008fd00000, 0x000000008fd00000, 0x000000008fe00000|  0%| F|  |TAMS 0x000000008fd00000, 0x000000008fd00000| Untracked 
| 204|0x000000008fe00000, 0x000000008fe00000, 0x000000008ff00000|  0%| F|  |TAMS 0x000000008fe00000, 0x000000008fe00000| Untracked 
| 205|0x000000008ff00000, 0x000000008ff00000, 0x0000000090000000|  0%| F|  |TAMS 0x000000008ff00000, 0x000000008ff00000| Untracked 
| 206|0x0000000090000000, 0x0000000090000000, 0x0000000090100000|  0%| F|  |TAMS 0x0000000090000000, 0x0000000090000000| Untracked 
| 207|0x0000000090100000, 0x0000000090100000, 0x0000000090200000|  0%| F|  |TAMS 0x0000000090100000, 0x0000000090100000| Untracked 
| 208|0x0000000090200000, 0x0000000090200000, 0x0000000090300000|  0%| F|  |TAMS 0x0000000090200000, 0x0000000090200000| Untracked 
| 209|0x0000000090300000, 0x0000000090300000, 0x0000000090400000|  0%| F|  |TAMS 0x0000000090300000, 0x0000000090300000| Untracked 
| 210|0x0000000090400000, 0x0000000090400000, 0x0000000090500000|  0%| F|  |TAMS 0x0000000090400000, 0x0000000090400000| Untracked 
| 211|0x0000000090500000, 0x0000000090500000, 0x0000000090600000|  0%| F|  |TAMS 0x0000000090500000, 0x0000000090500000| Untracked 
| 212|0x0000000090600000, 0x0000000090600000, 0x0000000090700000|  0%| F|  |TAMS 0x0000000090600000, 0x0000000090600000| Untracked 
| 213|0x0000000090700000, 0x0000000090700000, 0x0000000090800000|  0%| F|  |TAMS 0x0000000090700000, 0x0000000090700000| Untracked 
| 214|0x0000000090800000, 0x0000000090800000, 0x0000000090900000|  0%| F|  |TAMS 0x0000000090800000, 0x0000000090800000| Untracked 
| 215|0x0000000090900000, 0x0000000090900000, 0x0000000090a00000|  0%| F|  |TAMS 0x0000000090900000, 0x0000000090900000| Untracked 
| 216|0x0000000090a00000, 0x0000000090a00000, 0x0000000090b00000|  0%| F|  |TAMS 0x0000000090a00000, 0x0000000090a00000| Untracked 
| 217|0x0000000090b00000, 0x0000000090b00000, 0x0000000090c00000|  0%| F|  |TAMS 0x0000000090b00000, 0x0000000090b00000| Untracked 
| 218|0x0000000090c00000, 0x0000000090c00000, 0x0000000090d00000|  0%| F|  |TAMS 0x0000000090c00000, 0x0000000090c00000| Untracked 
| 219|0x0000000090d00000, 0x0000000090d00000, 0x0000000090e00000|  0%| F|  |TAMS 0x0000000090d00000, 0x0000000090d00000| Untracked 
| 220|0x0000000090e00000, 0x0000000090e00000, 0x0000000090f00000|  0%| F|  |TAMS 0x0000000090e00000, 0x0000000090e00000| Untracked 
| 221|0x0000000090f00000, 0x0000000090f00000, 0x0000000091000000|  0%| F|  |TAMS 0x0000000090f00000, 0x0000000090f00000| Untracked 
| 222|0x0000000091000000, 0x0000000091000000, 0x0000000091100000|  0%| F|  |TAMS 0x0000000091000000, 0x0000000091000000| Untracked 
| 223|0x0000000091100000, 0x0000000091100000, 0x0000000091200000|  0%| F|  |TAMS 0x0000000091100000, 0x0000000091100000| Untracked 
| 224|0x0000000091200000, 0x0000000091200000, 0x0000000091300000|  0%| F|  |TAMS 0x0000000091200000, 0x0000000091200000| Untracked 
| 225|0x0000000091300000, 0x0000000091300000, 0x0000000091400000|  0%| F|  |TAMS 0x0000000091300000, 0x0000000091300000| Untracked 
| 226|0x0000000091400000, 0x0000000091400000, 0x0000000091500000|  0%| F|  |TAMS 0x0000000091400000, 0x0000000091400000| Untracked 
| 227|0x0000000091500000, 0x0000000091500000, 0x0000000091600000|  0%| F|  |TAMS 0x0000000091500000, 0x0000000091500000| Untracked 
| 228|0x0000000091600000, 0x0000000091600000, 0x0000000091700000|  0%| F|  |TAMS 0x0000000091600000, 0x0000000091600000| Untracked 
| 229|0x0000000091700000, 0x0000000091700000, 0x0000000091800000|  0%| F|  |TAMS 0x0000000091700000, 0x0000000091700000| Untracked 
| 230|0x0000000091800000, 0x0000000091800000, 0x0000000091900000|  0%| F|  |TAMS 0x0000000091800000, 0x0000000091800000| Untracked 
| 231|0x0000000091900000, 0x0000000091900000, 0x0000000091a00000|  0%| F|  |TAMS 0x0000000091900000, 0x0000000091900000| Untracked 
| 232|0x0000000091a00000, 0x0000000091a00000, 0x0000000091b00000|  0%| F|  |TAMS 0x0000000091a00000, 0x0000000091a00000| Untracked 
| 233|0x0000000091b00000, 0x0000000091b00000, 0x0000000091c00000|  0%| F|  |TAMS 0x0000000091b00000, 0x0000000091b00000| Untracked 
| 234|0x0000000091c00000, 0x0000000091c00000, 0x0000000091d00000|  0%| F|  |TAMS 0x0000000091c00000, 0x0000000091c00000| Untracked 
| 235|0x0000000091d00000, 0x0000000091d00000, 0x0000000091e00000|  0%| F|  |TAMS 0x0000000091d00000, 0x0000000091d00000| Untracked 
| 236|0x0000000091e00000, 0x0000000091e00000, 0x0000000091f00000|  0%| F|  |TAMS 0x0000000091e00000, 0x0000000091e00000| Untracked 
| 237|0x0000000091f00000, 0x0000000091f00000, 0x0000000092000000|  0%| F|  |TAMS 0x0000000091f00000, 0x0000000091f00000| Untracked 
| 238|0x0000000092000000, 0x0000000092000000, 0x0000000092100000|  0%| F|  |TAMS 0x0000000092000000, 0x0000000092000000| Untracked 
| 239|0x0000000092100000, 0x0000000092100000, 0x0000000092200000|  0%| F|  |TAMS 0x0000000092100000, 0x0000000092100000| Untracked 
| 240|0x0000000092200000, 0x0000000092200000, 0x0000000092300000|  0%| F|  |TAMS 0x0000000092200000, 0x0000000092200000| Untracked 
| 241|0x0000000092300000, 0x0000000092300000, 0x0000000092400000|  0%| F|  |TAMS 0x0000000092300000, 0x0000000092300000| Untracked 
| 242|0x0000000092400000, 0x0000000092400000, 0x0000000092500000|  0%| F|  |TAMS 0x0000000092400000, 0x0000000092400000| Untracked 
| 243|0x0000000092500000, 0x0000000092500000, 0x0000000092600000|  0%| F|  |TAMS 0x0000000092500000, 0x0000000092500000| Untracked 
| 244|0x0000000092600000, 0x0000000092600000, 0x0000000092700000|  0%| F|  |TAMS 0x0000000092600000, 0x0000000092600000| Untracked 
| 245|0x0000000092700000, 0x0000000092700000, 0x0000000092800000|  0%| F|  |TAMS 0x0000000092700000, 0x0000000092700000| Untracked 
| 246|0x0000000092800000, 0x0000000092800000, 0x0000000092900000|  0%| F|  |TAMS 0x0000000092800000, 0x0000000092800000| Untracked 
| 247|0x0000000092900000, 0x0000000092900000, 0x0000000092a00000|  0%| F|  |TAMS 0x0000000092900000, 0x0000000092900000| Untracked 
| 248|0x0000000092a00000, 0x0000000092a00000, 0x0000000092b00000|  0%| F|  |TAMS 0x0000000092a00000, 0x0000000092a00000| Untracked 
| 249|0x0000000092b00000, 0x0000000092b00000, 0x0000000092c00000|  0%| F|  |TAMS 0x0000000092b00000, 0x0000000092b00000| Untracked 
| 250|0x0000000092c00000, 0x0000000092c00000, 0x0000000092d00000|  0%| F|  |TAMS 0x0000000092c00000, 0x0000000092c00000| Untracked 
| 251|0x0000000092d00000, 0x0000000092d00000, 0x0000000092e00000|  0%| F|  |TAMS 0x0000000092d00000, 0x0000000092d00000| Untracked 
| 252|0x0000000092e00000, 0x0000000092e00000, 0x0000000092f00000|  0%| F|  |TAMS 0x0000000092e00000, 0x0000000092e00000| Untracked 
| 253|0x0000000092f00000, 0x0000000092f00000, 0x0000000093000000|  0%| F|  |TAMS 0x0000000092f00000, 0x0000000092f00000| Untracked 
| 254|0x0000000093000000, 0x0000000093000000, 0x0000000093100000|  0%| F|  |TAMS 0x0000000093000000, 0x0000000093000000| Untracked 
| 255|0x0000000093100000, 0x0000000093100000, 0x0000000093200000|  0%| F|  |TAMS 0x0000000093100000, 0x0000000093100000| Untracked 
| 256|0x0000000093200000, 0x0000000093200000, 0x0000000093300000|  0%| F|  |TAMS 0x0000000093200000, 0x0000000093200000| Untracked 
| 257|0x0000000093300000, 0x0000000093300000, 0x0000000093400000|  0%| F|  |TAMS 0x0000000093300000, 0x0000000093300000| Untracked 
| 258|0x0000000093400000, 0x0000000093400000, 0x0000000093500000|  0%| F|  |TAMS 0x0000000093400000, 0x0000000093400000| Untracked 
| 259|0x0000000093500000, 0x0000000093500000, 0x0000000093600000|  0%| F|  |TAMS 0x0000000093500000, 0x0000000093500000| Untracked 
| 260|0x0000000093600000, 0x0000000093600000, 0x0000000093700000|  0%| F|  |TAMS 0x0000000093600000, 0x0000000093600000| Untracked 
| 261|0x0000000093700000, 0x0000000093700000, 0x0000000093800000|  0%| F|  |TAMS 0x0000000093700000, 0x0000000093700000| Untracked 
| 262|0x0000000093800000, 0x0000000093800000, 0x0000000093900000|  0%| F|  |TAMS 0x0000000093800000, 0x0000000093800000| Untracked 
| 263|0x0000000093900000, 0x0000000093900000, 0x0000000093a00000|  0%| F|  |TAMS 0x0000000093900000, 0x0000000093900000| Untracked 
| 264|0x0000000093a00000, 0x0000000093a00000, 0x0000000093b00000|  0%| F|  |TAMS 0x0000000093a00000, 0x0000000093a00000| Untracked 
| 265|0x0000000093b00000, 0x0000000093b00000, 0x0000000093c00000|  0%| F|  |TAMS 0x0000000093b00000, 0x0000000093b00000| Untracked 
| 266|0x0000000093c00000, 0x0000000093c00000, 0x0000000093d00000|  0%| F|  |TAMS 0x0000000093c00000, 0x0000000093c00000| Untracked 
| 267|0x0000000093d00000, 0x0000000093d00000, 0x0000000093e00000|  0%| F|  |TAMS 0x0000000093d00000, 0x0000000093d00000| Untracked 
| 268|0x0000000093e00000, 0x0000000093e00000, 0x0000000093f00000|  0%| F|  |TAMS 0x0000000093e00000, 0x0000000093e00000| Untracked 
| 269|0x0000000093f00000, 0x0000000093f00000, 0x0000000094000000|  0%| F|  |TAMS 0x0000000093f00000, 0x0000000093f00000| Untracked 
| 270|0x0000000094000000, 0x0000000094000000, 0x0000000094100000|  0%| F|  |TAMS 0x0000000094000000, 0x0000000094000000| Untracked 
| 271|0x0000000094100000, 0x0000000094100000, 0x0000000094200000|  0%| F|  |TAMS 0x0000000094100000, 0x0000000094100000| Untracked 
| 272|0x0000000094200000, 0x0000000094200000, 0x0000000094300000|  0%| F|  |TAMS 0x0000000094200000, 0x0000000094200000| Untracked 
| 273|0x0000000094300000, 0x0000000094300000, 0x0000000094400000|  0%| F|  |TAMS 0x0000000094300000, 0x0000000094300000| Untracked 
| 274|0x0000000094400000, 0x0000000094400000, 0x0000000094500000|  0%| F|  |TAMS 0x0000000094400000, 0x0000000094400000| Untracked 
| 275|0x0000000094500000, 0x0000000094500000, 0x0000000094600000|  0%| F|  |TAMS 0x0000000094500000, 0x0000000094500000| Untracked 
| 276|0x0000000094600000, 0x0000000094600000, 0x0000000094700000|  0%| F|  |TAMS 0x0000000094600000, 0x0000000094600000| Untracked 
| 277|0x0000000094700000, 0x0000000094700000, 0x0000000094800000|  0%| F|  |TAMS 0x0000000094700000, 0x0000000094700000| Untracked 
| 278|0x0000000094800000, 0x0000000094800000, 0x0000000094900000|  0%| F|  |TAMS 0x0000000094800000, 0x0000000094800000| Untracked 
| 279|0x0000000094900000, 0x0000000094900000, 0x0000000094a00000|  0%| F|  |TAMS 0x0000000094900000, 0x0000000094900000| Untracked 
| 280|0x0000000094a00000, 0x0000000094a00000, 0x0000000094b00000|  0%| F|  |TAMS 0x0000000094a00000, 0x0000000094a00000| Untracked 
| 281|0x0000000094b00000, 0x0000000094b00000, 0x0000000094c00000|  0%| F|  |TAMS 0x0000000094b00000, 0x0000000094b00000| Untracked 
| 282|0x0000000094c00000, 0x0000000094c00000, 0x0000000094d00000|  0%| F|  |TAMS 0x0000000094c00000, 0x0000000094c00000| Untracked 
| 283|0x0000000094d00000, 0x0000000094d00000, 0x0000000094e00000|  0%| F|  |TAMS 0x0000000094d00000, 0x0000000094d00000| Untracked 
| 284|0x0000000094e00000, 0x0000000094e00000, 0x0000000094f00000|  0%| F|  |TAMS 0x0000000094e00000, 0x0000000094e00000| Untracked 
| 285|0x0000000094f00000, 0x0000000094f00000, 0x0000000095000000|  0%| F|  |TAMS 0x0000000094f00000, 0x0000000094f00000| Untracked 
| 286|0x0000000095000000, 0x0000000095000000, 0x0000000095100000|  0%| F|  |TAMS 0x0000000095000000, 0x0000000095000000| Untracked 
| 287|0x0000000095100000, 0x0000000095100000, 0x0000000095200000|  0%| F|  |TAMS 0x0000000095100000, 0x0000000095100000| Untracked 
| 288|0x0000000095200000, 0x0000000095200000, 0x0000000095300000|  0%| F|  |TAMS 0x0000000095200000, 0x0000000095200000| Untracked 
| 289|0x0000000095300000, 0x0000000095300000, 0x0000000095400000|  0%| F|  |TAMS 0x0000000095300000, 0x0000000095300000| Untracked 
| 290|0x0000000095400000, 0x0000000095400000, 0x0000000095500000|  0%| F|  |TAMS 0x0000000095400000, 0x0000000095400000| Untracked 
| 291|0x0000000095500000, 0x0000000095500000, 0x0000000095600000|  0%| F|  |TAMS 0x0000000095500000, 0x0000000095500000| Untracked 
| 292|0x0000000095600000, 0x0000000095600000, 0x0000000095700000|  0%| F|  |TAMS 0x0000000095600000, 0x0000000095600000| Untracked 
| 293|0x0000000095700000, 0x0000000095700000, 0x0000000095800000|  0%| F|  |TAMS 0x0000000095700000, 0x0000000095700000| Untracked 
| 294|0x0000000095800000, 0x0000000095800000, 0x0000000095900000|  0%| F|  |TAMS 0x0000000095800000, 0x0000000095800000| Untracked 
| 295|0x0000000095900000, 0x0000000095900000, 0x0000000095a00000|  0%| F|  |TAMS 0x0000000095900000, 0x0000000095900000| Untracked 
| 296|0x0000000095a00000, 0x0000000095a00000, 0x0000000095b00000|  0%| F|  |TAMS 0x0000000095a00000, 0x0000000095a00000| Untracked 
| 297|0x0000000095b00000, 0x0000000095b00000, 0x0000000095c00000|  0%| F|  |TAMS 0x0000000095b00000, 0x0000000095b00000| Untracked 
| 298|0x0000000095c00000, 0x0000000095c00000, 0x0000000095d00000|  0%| F|  |TAMS 0x0000000095c00000, 0x0000000095c00000| Untracked 
| 299|0x0000000095d00000, 0x0000000095d00000, 0x0000000095e00000|  0%| F|  |TAMS 0x0000000095d00000, 0x0000000095d00000| Untracked 
| 300|0x0000000095e00000, 0x0000000095e00000, 0x0000000095f00000|  0%| F|  |TAMS 0x0000000095e00000, 0x0000000095e00000| Untracked 
| 301|0x0000000095f00000, 0x0000000095f00000, 0x0000000096000000|  0%| F|  |TAMS 0x0000000095f00000, 0x0000000095f00000| Untracked 
| 302|0x0000000096000000, 0x0000000096000000, 0x0000000096100000|  0%| F|  |TAMS 0x0000000096000000, 0x0000000096000000| Untracked 
| 303|0x0000000096100000, 0x0000000096100000, 0x0000000096200000|  0%| F|  |TAMS 0x0000000096100000, 0x0000000096100000| Untracked 
| 304|0x0000000096200000, 0x0000000096200000, 0x0000000096300000|  0%| F|  |TAMS 0x0000000096200000, 0x0000000096200000| Untracked 
| 305|0x0000000096300000, 0x0000000096300000, 0x0000000096400000|  0%| F|  |TAMS 0x0000000096300000, 0x0000000096300000| Untracked 
| 306|0x0000000096400000, 0x0000000096400000, 0x0000000096500000|  0%| F|  |TAMS 0x0000000096400000, 0x0000000096400000| Untracked 
| 307|0x0000000096500000, 0x0000000096500000, 0x0000000096600000|  0%| F|  |TAMS 0x0000000096500000, 0x0000000096500000| Untracked 
| 308|0x0000000096600000, 0x0000000096600000, 0x0000000096700000|  0%| F|  |TAMS 0x0000000096600000, 0x0000000096600000| Untracked 
| 309|0x0000000096700000, 0x0000000096700000, 0x0000000096800000|  0%| F|  |TAMS 0x0000000096700000, 0x0000000096700000| Untracked 
| 310|0x0000000096800000, 0x0000000096800000, 0x0000000096900000|  0%| F|  |TAMS 0x0000000096800000, 0x0000000096800000| Untracked 
| 311|0x0000000096900000, 0x0000000096900000, 0x0000000096a00000|  0%| F|  |TAMS 0x0000000096900000, 0x0000000096900000| Untracked 
| 312|0x0000000096a00000, 0x0000000096a00000, 0x0000000096b00000|  0%| F|  |TAMS 0x0000000096a00000, 0x0000000096a00000| Untracked 
| 313|0x0000000096b00000, 0x0000000096b00000, 0x0000000096c00000|  0%| F|  |TAMS 0x0000000096b00000, 0x0000000096b00000| Untracked 
| 314|0x0000000096c00000, 0x0000000096c00000, 0x0000000096d00000|  0%| F|  |TAMS 0x0000000096c00000, 0x0000000096c00000| Untracked 
| 315|0x0000000096d00000, 0x0000000096d00000, 0x0000000096e00000|  0%| F|  |TAMS 0x0000000096d00000, 0x0000000096d00000| Untracked 
| 316|0x0000000096e00000, 0x0000000096e00000, 0x0000000096f00000|  0%| F|  |TAMS 0x0000000096e00000, 0x0000000096e00000| Untracked 
| 317|0x0000000096f00000, 0x0000000096f00000, 0x0000000097000000|  0%| F|  |TAMS 0x0000000096f00000, 0x0000000096f00000| Untracked 
| 318|0x0000000097000000, 0x0000000097000000, 0x0000000097100000|  0%| F|  |TAMS 0x0000000097000000, 0x0000000097000000| Untracked 
| 319|0x0000000097100000, 0x0000000097100000, 0x0000000097200000|  0%| F|  |TAMS 0x0000000097100000, 0x0000000097100000| Untracked 
| 320|0x0000000097200000, 0x0000000097200000, 0x0000000097300000|  0%| F|  |TAMS 0x0000000097200000, 0x0000000097200000| Untracked 

Card table byte_map: [0x000001ce25ab0000,0x000001ce25ea0000] _byte_map_base: 0x000001ce25697000

Marking Bits (Prev, Next): (CMBitMap*) 0x000001ce1f98fa20, (CMBitMap*) 0x000001ce1f98f9e0
 Prev Bits: [0x000001ce281d0000, 0x000001ce2a108000)
 Next Bits: [0x000001ce26290000, 0x000001ce281c8000)

Polling page: 0x000001ce1d890000

Metaspace:

Usage:
  Non-class:     31.78 MB used.
      Class:      4.71 MB used.
       Both:     36.49 MB used.

Virtual space:
  Non-class space:       40.00 MB reserved,      31.94 MB ( 80%) committed,  5 nodes.
      Class space:        1.00 GB reserved,       4.88 MB ( <1%) committed,  1 nodes.
             Both:        1.04 GB reserved,      36.81 MB (  3%) committed. 

Chunk freelists:
   Non-Class:  3.66 MB
       Class:  2.98 MB
        Both:  6.64 MB

MaxMetaspaceSize: unlimited
CompressedClassSpaceSize: 1.00 GB
Initial GC threshold: 21.00 MB
Current GC threshold: 59.62 MB
CDS: off
MetaspaceReclaimPolicy: balanced
 - commit_granule_bytes: 65536.
 - commit_granule_words: 8192.
 - virtual_space_node_default_size: 1048576.
 - enlarge_chunks_in_place: 1.
 - new_chunks_are_fully_committed: 0.
 - uncommit_free_chunks: 1.
 - use_allocation_guard: 0.
 - handle_deallocations: 1.


Internal statistics:

num_allocs_failed_limit: 6.
num_arena_births: 342.
num_arena_deaths: 0.
num_vsnodes_births: 6.
num_vsnodes_deaths: 0.
num_space_committed: 589.
num_space_uncommitted: 0.
num_chunks_returned_to_freelist: 6.
num_chunks_taken_from_freelist: 1430.
num_chunk_merges: 6.
num_chunk_splits: 985.
num_chunks_enlarged: 763.
num_purges: 0.
num_inconsistent_stats: 0.

CodeCache: size=49152Kb used=9153Kb max_used=9153Kb free=39998Kb
 bounds [0x000001ce225b0000, 0x000001ce22eb0000, 0x000001ce255b0000]
 total_blobs=4296 nmethods=3767 adapters=453
 compilation: enabled
              stopped_count=0, restarted_count=0
 full_count=0

Compilation events (20 events):
Event: 5.297 Thread 0x000001ce2e0c4770 3758       1       sun.util.calendar.CalendarDate::setNormalized (6 bytes)
Event: 5.297 Thread 0x000001ce2e0c4770 nmethod 3758 0x000001ce22e9da10 code [0x000001ce22e9dba0, 0x000001ce22e9dc78]
Event: 5.299 Thread 0x000001ce2d83baf0 3759       1       java.math.BigInteger::bitLengthForInt (8 bytes)
Event: 5.299 Thread 0x000001ce2d83baf0 nmethod 3759 0x000001ce22e9dd10 code [0x000001ce22e9dea0, 0x000001ce22e9df68]
Event: 5.351 Thread 0x000001ce2e0c4770 3760       1       java.util.ArrayList::<init> (12 bytes)
Event: 5.351 Thread 0x000001ce2e0c4770 nmethod 3760 0x000001ce22e9e010 code [0x000001ce22e9e1a0, 0x000001ce22e9e2d8]
Event: 5.435 Thread 0x000001ce2e0c4260 3761       1       io.github.classgraph.ModuleRef::getReference (5 bytes)
Event: 5.435 Thread 0x000001ce2e0c4260 nmethod 3761 0x000001ce22e9e390 code [0x000001ce22e9e520, 0x000001ce22e9e5f8]
Event: 5.447 Thread 0x000001ce2da3d1c0 3762       1       java.util.concurrent.locks.AbstractQueuedSynchronizer::acquireInterruptibly (36 bytes)
Event: 5.447 Thread 0x000001ce2da3d1c0 nmethod 3762 0x000001ce22e9e690 code [0x000001ce22e9e860, 0x000001ce22e9eab8]
Event: 5.466 Thread 0x000001ce2e0c4770 3763       1       jdk.internal.module.SystemModuleFinders$2::get (16 bytes)
Event: 5.466 Thread 0x000001ce2e0c4260 3764       1       jdk.internal.module.SystemModuleFinders$SystemModuleReader::<init> (14 bytes)
Event: 5.467 Thread 0x000001ce2e0c4260 nmethod 3764 0x000001ce22e9ef10 code [0x000001ce22e9f0a0, 0x000001ce22e9f1e8]
Event: 5.467 Thread 0x000001ce2e0c4770 nmethod 3763 0x000001ce22e9f290 code [0x000001ce22e9f420, 0x000001ce22e9f5a8]
Event: 5.467 Thread 0x000001ce2d83baf0 3765   !   1       jdk.internal.module.ModuleReferenceImpl::open (19 bytes)
Event: 5.467 Thread 0x000001ce2e0c4770 3766   !   1       jdk.internal.module.SystemModuleFinders$SystemModuleReader::checkPermissionToConnect (38 bytes)
Event: 5.467 Thread 0x000001ce2e0c4260 3767       1       jdk.internal.module.SystemModuleFinders$2::get (5 bytes)
Event: 5.467 Thread 0x000001ce2d83baf0 nmethod 3765 0x000001ce22e9f690 code [0x000001ce22e9f840, 0x000001ce22e9f9d8]
Event: 5.467 Thread 0x000001ce2e0c4260 nmethod 3767 0x000001ce22e9fb10 code [0x000001ce22e9fca0, 0x000001ce22e9fe28]
Event: 5.467 Thread 0x000001ce2e0c4770 nmethod 3766 0x000001ce22e9ff10 code [0x000001ce22ea00e0, 0x000001ce22ea02e8]

GC Heap History (20 events):
Event: 4.470 GC heap after
{Heap after GC invocations=12 (full 0):
 garbage-first heap   total 108544K, used 39675K [0x0000000083200000, 0x0000000100000000)
  region size 1024K, 4 young (4096K), 4 survivors (4096K)
 Metaspace       used 34327K, committed 34624K, reserved 1081344K
  class space    used 4381K, committed 4544K, reserved 1048576K
}
Event: 4.716 GC heap before
{Heap before GC invocations=12 (full 0):
 garbage-first heap   total 108544K, used 77563K [0x0000000083200000, 0x0000000100000000)
  region size 1024K, 41 young (41984K), 4 survivors (4096K)
 Metaspace       used 35557K, committed 35904K, reserved 1081344K
  class space    used 4589K, committed 4736K, reserved 1048576K
}
Event: 4.724 GC heap after
{Heap after GC invocations=13 (full 0):
 garbage-first heap   total 108544K, used 47104K [0x0000000083200000, 0x0000000100000000)
  region size 1024K, 6 young (6144K), 6 survivors (6144K)
 Metaspace       used 35557K, committed 35904K, reserved 1081344K
  class space    used 4589K, committed 4736K, reserved 1048576K
}
Event: 4.780 GC heap before
{Heap before GC invocations=13 (full 0):
 garbage-first heap   total 108544K, used 63488K [0x0000000083200000, 0x0000000100000000)
  region size 1024K, 23 young (23552K), 6 survivors (6144K)
 Metaspace       used 35798K, committed 36096K, reserved 1081344K
  class space    used 4647K, committed 4800K, reserved 1048576K
}
Event: 4.790 GC heap after
{Heap after GC invocations=14 (full 0):
 garbage-first heap   total 108544K, used 55173K [0x0000000083200000, 0x0000000100000000)
  region size 1024K, 5 young (5120K), 5 survivors (5120K)
 Metaspace       used 35798K, committed 36096K, reserved 1081344K
  class space    used 4647K, committed 4800K, reserved 1048576K
}
Event: 4.877 GC heap before
{Heap before GC invocations=15 (full 0):
 garbage-first heap   total 109568K, used 78725K [0x0000000083200000, 0x0000000100000000)
  region size 1024K, 29 young (29696K), 5 survivors (5120K)
 Metaspace       used 36160K, committed 36480K, reserved 1081344K
  class space    used 4714K, committed 4864K, reserved 1048576K
}
Event: 4.906 GC heap after
{Heap after GC invocations=16 (full 0):
 garbage-first heap   total 109568K, used 61257K [0x0000000083200000, 0x0000000100000000)
  region size 1024K, 4 young (4096K), 4 survivors (4096K)
 Metaspace       used 36160K, committed 36480K, reserved 1081344K
  class space    used 4714K, committed 4864K, reserved 1048576K
}
Event: 4.923 GC heap before
{Heap before GC invocations=16 (full 0):
 garbage-first heap   total 109568K, used 80713K [0x0000000083200000, 0x0000000100000000)
  region size 1024K, 24 young (24576K), 4 survivors (4096K)
 Metaspace       used 36163K, committed 36480K, reserved 1081344K
  class space    used 4714K, committed 4864K, reserved 1048576K
}
Event: 4.929 GC heap after
{Heap after GC invocations=17 (full 0):
 garbage-first heap   total 109568K, used 63045K [0x0000000083200000, 0x0000000100000000)
  region size 1024K, 2 young (2048K), 2 survivors (2048K)
 Metaspace       used 36163K, committed 36480K, reserved 1081344K
  class space    used 4714K, committed 4864K, reserved 1048576K
}
Event: 4.943 GC heap before
{Heap before GC invocations=17 (full 0):
 garbage-first heap   total 109568K, used 82501K [0x0000000083200000, 0x0000000100000000)
  region size 1024K, 22 young (22528K), 2 survivors (2048K)
 Metaspace       used 36166K, committed 36480K, reserved 1081344K
  class space    used 4714K, committed 4864K, reserved 1048576K
}
Event: 4.948 GC heap after
{Heap after GC invocations=18 (full 0):
 garbage-first heap   total 328704K, used 63622K [0x0000000083200000, 0x0000000100000000)
  region size 1024K, 2 young (2048K), 2 survivors (2048K)
 Metaspace       used 36166K, committed 36480K, reserved 1081344K
  class space    used 4714K, committed 4864K, reserved 1048576K
}
Event: 5.056 GC heap before
{Heap before GC invocations=19 (full 0):
 garbage-first heap   total 328704K, used 205958K [0x0000000083200000, 0x0000000100000000)
  region size 1024K, 142 young (145408K), 2 survivors (2048K)
 Metaspace       used 36296K, committed 36608K, reserved 1081344K
  class space    used 4732K, committed 4864K, reserved 1048576K
}
Event: 5.063 GC heap after
{Heap after GC invocations=20 (full 0):
 garbage-first heap   total 328704K, used 69031K [0x0000000083200000, 0x0000000100000000)
  region size 1024K, 8 young (8192K), 8 survivors (8192K)
 Metaspace       used 36296K, committed 36608K, reserved 1081344K
  class space    used 4732K, committed 4864K, reserved 1048576K
}
Event: 5.067 GC heap before
{Heap before GC invocations=20 (full 0):
 garbage-first heap   total 328704K, used 76199K [0x0000000083200000, 0x0000000100000000)
  region size 1024K, 16 young (16384K), 8 survivors (8192K)
 Metaspace       used 36296K, committed 36608K, reserved 1081344K
  class space    used 4732K, committed 4864K, reserved 1048576K
}
Event: 5.072 GC heap after
{Heap after GC invocations=21 (full 0):
 garbage-first heap   total 328704K, used 69219K [0x0000000083200000, 0x0000000100000000)
  region size 1024K, 2 young (2048K), 2 survivors (2048K)
 Metaspace       used 36296K, committed 36608K, reserved 1081344K
  class space    used 4732K, committed 4864K, reserved 1048576K
}
Event: 5.194 GC heap before
{Heap before GC invocations=21 (full 0):
 garbage-first heap   total 328704K, used 250467K [0x0000000083200000, 0x0000000100000000)
  region size 1024K, 180 young (184320K), 2 survivors (2048K)
 Metaspace       used 36662K, committed 36992K, reserved 1081344K
  class space    used 4755K, committed 4928K, reserved 1048576K
}
Event: 5.201 GC heap after
{Heap after GC invocations=22 (full 0):
 garbage-first heap   total 328704K, used 75983K [0x0000000083200000, 0x0000000100000000)
  region size 1024K, 8 young (8192K), 8 survivors (8192K)
 Metaspace       used 36662K, committed 36992K, reserved 1081344K
  class space    used 4755K, committed 4928K, reserved 1048576K
}
Event: 5.333 GC heap before
{Heap before GC invocations=22 (full 0):
 garbage-first heap   total 328704K, used 256207K [0x0000000083200000, 0x0000000100000000)
  region size 1024K, 185 young (189440K), 8 survivors (8192K)
 Metaspace       used 36966K, committed 37312K, reserved 1089536K
  class space    used 4773K, committed 4928K, reserved 1048576K
}
Event: 5.345 GC heap after
{Heap after GC invocations=23 (full 0):
 garbage-first heap   total 328704K, used 83414K [0x0000000083200000, 0x0000000100000000)
  region size 1024K, 15 young (15360K), 15 survivors (15360K)
 Metaspace       used 36966K, committed 37312K, reserved 1089536K
  class space    used 4773K, committed 4928K, reserved 1048576K
}
Event: 5.469 GC heap before
{Heap before GC invocations=23 (full 0):
 garbage-first heap   total 328704K, used 261590K [0x0000000083200000, 0x0000000100000000)
  region size 1024K, 190 young (194560K), 15 survivors (15360K)
 Metaspace       used 37366K, committed 37696K, reserved 1089536K
  class space    used 4821K, committed 4992K, reserved 1048576K
}

Deoptimization events (12 events):
Event: 1.787 Thread 0x000001ce1f933010 DEOPT PACKING pc=0x000001ce22b03d99 sp=0x00000078b52fd240
Event: 1.787 Thread 0x000001ce1f933010 DEOPT UNPACKING pc=0x000001ce22606763 sp=0x00000078b52fc720 mode 3
Event: 3.890 Thread 0x000001ce1f933010 DEOPT PACKING pc=0x000001ce22c77899 sp=0x00000078b52fc620
Event: 3.890 Thread 0x000001ce1f933010 DEOPT UNPACKING pc=0x000001ce22606763 sp=0x00000078b52fbb00 mode 3
Event: 3.989 Thread 0x000001ce2f3cfba0 DEOPT PACKING pc=0x000001ce22cc8cab sp=0x00000078b70fe7d0
Event: 3.989 Thread 0x000001ce2f3cfba0 DEOPT UNPACKING pc=0x000001ce22606763 sp=0x00000078b70fdd18 mode 3
Event: 4.247 Thread 0x000001ce2f57abe0 DEOPT PACKING pc=0x000001ce22b01e01 sp=0x00000078b73fee00
Event: 4.247 Thread 0x000001ce2f57abe0 DEOPT UNPACKING pc=0x000001ce22606763 sp=0x00000078b73fe290 mode 3
Event: 4.456 Thread 0x000001ce2f52dd10 DEOPT PACKING pc=0x000001ce22affc97 sp=0x00000078b72fef00
Event: 4.456 Thread 0x000001ce2f52dd10 DEOPT UNPACKING pc=0x000001ce22606763 sp=0x00000078b72fe358 mode 3
Event: 4.622 Thread 0x000001ce2f60bb40 DEOPT PACKING pc=0x000001ce22e33d35 sp=0x00000078b83fd860
Event: 4.622 Thread 0x000001ce2f60bb40 DEOPT UNPACKING pc=0x000001ce22606763 sp=0x00000078b83fcd88 mode 3

Classes unloaded (0 events):
No events

Classes redefined (0 events):
No events

Internal exceptions (20 events):
Event: 4.037 Thread 0x000001ce2f52dd10 Exception <a 'sun/nio/fs/WindowsException'{0x0000000087289880}> (0x0000000087289880) 
thrown [s\src\hotspot\share\prims\jni.cpp, line 516]
Event: 4.037 Thread 0x000001ce2f52dd10 Exception <a 'sun/nio/fs/WindowsException'{0x0000000087289c40}> (0x0000000087289c40) 
thrown [s\src\hotspot\share\prims\jni.cpp, line 516]
Event: 4.037 Thread 0x000001ce2f52dd10 Exception <a 'sun/nio/fs/WindowsException'{0x000000008728a640}> (0x000000008728a640) 
thrown [s\src\hotspot\share\prims\jni.cpp, line 516]
Event: 4.037 Thread 0x000001ce2f52dd10 Exception <a 'sun/nio/fs/WindowsException'{0x000000008728a9f0}> (0x000000008728a9f0) 
thrown [s\src\hotspot\share\prims\jni.cpp, line 516]
Event: 4.038 Thread 0x000001ce2f52dd10 Exception <a 'sun/nio/fs/WindowsException'{0x000000008728b3f0}> (0x000000008728b3f0) 
thrown [s\src\hotspot\share\prims\jni.cpp, line 516]
Event: 4.038 Thread 0x000001ce2f52dd10 Exception <a 'sun/nio/fs/WindowsException'{0x000000008728b7b0}> (0x000000008728b7b0) 
thrown [s\src\hotspot\share\prims\jni.cpp, line 516]
Event: 4.038 Thread 0x000001ce2f52dd10 Exception <a 'sun/nio/fs/WindowsException'{0x000000008728c1d8}> (0x000000008728c1d8) 
thrown [s\src\hotspot\share\prims\jni.cpp, line 516]
Event: 4.038 Thread 0x000001ce2f52dd10 Exception <a 'sun/nio/fs/WindowsException'{0x000000008728c5b8}> (0x000000008728c5b8) 
thrown [s\src\hotspot\share\prims\jni.cpp, line 516]
Event: 4.038 Thread 0x000001ce2f52dd10 Exception <a 'sun/nio/fs/WindowsException'{0x000000008728cff0}> (0x000000008728cff0) 
thrown [s\src\hotspot\share\prims\jni.cpp, line 516]
Event: 4.038 Thread 0x000001ce2f52dd10 Exception <a 'sun/nio/fs/WindowsException'{0x000000008728d3e0}> (0x000000008728d3e0) 
thrown [s\src\hotspot\share\prims\jni.cpp, line 516]
Event: 4.038 Thread 0x000001ce2f52dd10 Exception <a 'sun/nio/fs/WindowsException'{0x000000008728de08}> (0x000000008728de08) 
thrown [s\src\hotspot\share\prims\jni.cpp, line 516]
Event: 4.038 Thread 0x000001ce2f52dd10 Exception <a 'sun/nio/fs/WindowsException'{0x000000008728e1f8}> (0x000000008728e1f8) 
thrown [s\src\hotspot\share\prims\jni.cpp, line 516]
Event: 4.103 Thread 0x000001ce1f933010 Exception <a 'java/lang/NoSuchMethodError'{0x0000000086d805a0}: 'java.lang.Object java.lang.invoke.DirectMethodHandle$Holder.newInvokeSpecial(java.lang.Object, java.lang.Object, int, java.lang.Object, java.lang.Object)'> (0x0000000086d805a0) 
thrown [s\src\hotspot\share\interpreter\linkResolver.cpp, line 759]
Event: 4.108 Thread 0x000001ce1f933010 Exception <a 'java/lang/NoSuchMethodError'{0x0000000086d92570}: 'java.lang.Object java.lang.invoke.DirectMethodHandle$Holder.invokeSpecial(java.lang.Object, java.lang.Object, int, java.lang.Object, int, java.lang.Object)'> (0x0000000086d92570) 
thrown [s\src\hotspot\share\interpreter\linkResolver.cpp, line 759]
Event: 4.112 Thread 0x000001ce1f933010 Exception <a 'java/lang/NoSuchMethodError'{0x0000000086d9a370}: 'java.lang.Object java.lang.invoke.DirectMethodHandle$Holder.newInvokeSpecial(java.lang.Object, java.lang.Object, int, java.lang.Object, int)'> (0x0000000086d9a370) 
thrown [s\src\hotspot\share\interpreter\linkResolver.cpp, line 759]
Event: 4.114 Thread 0x000001ce1f933010 Exception <a 'java/lang/NoSuchMethodError'{0x0000000086d9e470}: 'java.lang.Object java.lang.invoke.DirectMethodHandle$Holder.invokeSpecial(java.lang.Object, java.lang.Object, java.lang.Object, int, java.lang.Object, int)'> (0x0000000086d9e470) 
thrown [s\src\hotspot\share\interpreter\linkResolver.cpp, line 759]
Event: 4.615 Thread 0x000001ce2f60ce80 Exception <a 'java/lang/NoSuchMethodError'{0x0000000087e5a2b0}: 'java.lang.Object java.lang.invoke.DirectMethodHandle$Holder.invokeStatic(java.lang.Object, java.lang.Object, java.lang.Object, int, java.lang.Object, java.lang.Object)'> (0x0000000087e5a2b0) 
thrown [s\src\hotspot\share\interpreter\linkResolver.cpp, line 759]
Event: 4.617 Thread 0x000001ce2f60bb40 Exception <a 'java/lang/NoSuchMethodError'{0x0000000087e5ff78}: 'java.lang.Object java.lang.invoke.DirectMethodHandle$Holder.invokeStatic(java.lang.Object, int, java.lang.Object)'> (0x0000000087e5ff78) 
thrown [s\src\hotspot\share\interpreter\linkResolver.cpp, line 759]
Event: 4.800 Thread 0x000001ce2f60bb40 Exception <a 'java/lang/NoSuchMethodError'{0x0000000089b3d308}: 'int java.lang.invoke.DirectMethodHandle$Holder.invokeStatic(java.lang.Object)'> (0x0000000089b3d308) 
thrown [s\src\hotspot\share\interpreter\linkResolver.cpp, line 759]
Event: 4.800 Thread 0x000001ce2f60bb40 Exception <a 'java/lang/NoSuchMethodError'{0x0000000089b75528}: 'int java.lang.invoke.DirectMethodHandle$Holder.invokeStaticInit(java.lang.Object)'> (0x0000000089b75528) 
thrown [s\src\hotspot\share\interpreter\linkResolver.cpp, line 759]

VM Operations (20 events):
Event: 5.016 Executing VM operation: G1Concurrent done
Event: 5.053 Executing VM operation: G1Concurrent
Event: 5.055 Executing VM operation: G1Concurrent done
Event: 5.055 Executing VM operation: G1CollectForAllocation
Event: 5.056 Executing VM operation: G1CollectForAllocation done
Event: 5.056 Executing VM operation: G1CollectForAllocation
Event: 5.063 Executing VM operation: G1CollectForAllocation done
Event: 5.066 Executing VM operation: G1CollectForAllocation
Event: 5.072 Executing VM operation: G1CollectForAllocation done
Event: 5.176 Executing VM operation: G1CollectForAllocation
Event: 5.194 Executing VM operation: G1CollectForAllocation done
Event: 5.194 Executing VM operation: G1CollectForAllocation
Event: 5.201 Executing VM operation: G1CollectForAllocation done
Event: 5.318 Executing VM operation: G1CollectForAllocation
Event: 5.333 Executing VM operation: G1CollectForAllocation done
Event: 5.333 Executing VM operation: G1CollectForAllocation
Event: 5.345 Executing VM operation: G1CollectForAllocation done
Event: 5.469 Executing VM operation: G1CollectForAllocation
Event: 5.469 Executing VM operation: G1CollectForAllocation done
Event: 5.469 Executing VM operation: G1CollectForAllocation

Events (20 events):
Event: 4.826 loading class java/util/concurrent/CompletableFuture$UniExceptionally
Event: 4.826 loading class java/util/concurrent/CompletableFuture$UniExceptionally done
Event: 4.826 loading class java/util/concurrent/CompletableFuture$UniApply
Event: 4.826 loading class java/util/concurrent/CompletableFuture$UniApply done
Event: 4.831 loading class jdk/internal/vm/annotation/ForceInline
Event: 4.831 loading class jdk/internal/vm/annotation/ForceInline done
Event: 5.016 loading class java/util/stream/Nodes$SpinedNodeBuilder
Event: 5.020 loading class java/util/stream/Nodes$SpinedNodeBuilder done
Event: 5.356 loading class java/util/zip/GZIPOutputStream
Event: 5.356 loading class java/util/zip/DeflaterOutputStream
Event: 5.356 loading class java/util/zip/DeflaterOutputStream done
Event: 5.356 loading class java/util/zip/GZIPOutputStream done
Event: 5.372 loading class java/util/zip/GZIPInputStream
Event: 5.372 loading class java/util/zip/GZIPInputStream done
Event: 5.432 loading class java/net/SocketTimeoutException
Event: 5.432 loading class java/io/InterruptedIOException
Event: 5.432 loading class java/io/InterruptedIOException done
Event: 5.432 loading class java/net/SocketTimeoutException done
Event: 5.432 loading class java/net/ProtocolException
Event: 5.432 loading class java/net/ProtocolException done


Dynamic libraries:
0x00007ff62bef0000 - 0x00007ff62befe000 	c:\Users\datea\.vscode\extensions\redhat.java-1.11.0-win32-x64\jre\17.0.4.1-win32-x86_64\bin\java.exe
0x00007ffdd22d0000 - 0x00007ffdd24e9000 	C:\WINDOWS\SYSTEM32\ntdll.dll
0x00007ffdd0fd0000 - 0x00007ffdd1092000 	C:\WINDOWS\System32\KERNEL32.DLL
0x00007ffdcf9f0000 - 0x00007ffdcfd8f000 	C:\WINDOWS\System32\KERNELBASE.dll
0x00007ffdcc550000 - 0x00007ffdcc5e6000 	C:\WINDOWS\SYSTEM32\apphelp.dll
0x00007ffdcf750000 - 0x00007ffdcf86b000 	C:\WINDOWS\System32\ucrtbase.dll
0x00007ffdc8cc0000 - 0x00007ffdc8cd8000 	c:\Users\datea\.vscode\extensions\redhat.java-1.11.0-win32-x64\jre\17.0.4.1-win32-x86_64\bin\jli.dll
0x00007ffdcb160000 - 0x00007ffdcb179000 	c:\Users\datea\.vscode\extensions\redhat.java-1.11.0-win32-x64\jre\17.0.4.1-win32-x86_64\bin\VCRUNTIME140.dll
0x00007ffdd20d0000 - 0x00007ffdd227c000 	C:\WINDOWS\System32\USER32.dll
0x00007ffdafbb0000 - 0x00007ffdafe41000 	C:\WINDOWS\WinSxS\amd64_microsoft.windows.common-controls_6595b64144ccf1df_6.0.25217.1010_none_7b5ae231f1b4915b\COMCTL32.dll
0x00007ffdd0000000 - 0x00007ffdd0026000 	C:\WINDOWS\System32\win32u.dll
0x00007ffdd0f20000 - 0x00007ffdd0fc7000 	C:\WINDOWS\System32\msvcrt.dll
0x00007ffdd0a50000 - 0x00007ffdd0a79000 	C:\WINDOWS\System32\GDI32.dll
0x00007ffdcfe60000 - 0x00007ffdcff76000 	C:\WINDOWS\System32\gdi32full.dll
0x00007ffdcf6b0000 - 0x00007ffdcf74a000 	C:\WINDOWS\System32\msvcp_win.dll
0x00007ffdd13c0000 - 0x00007ffdd13f1000 	C:\WINDOWS\System32\IMM32.DLL
0x00007ffdcc540000 - 0x00007ffdcc54c000 	c:\Users\datea\.vscode\extensions\redhat.java-1.11.0-win32-x64\jre\17.0.4.1-win32-x86_64\bin\vcruntime140_1.dll
0x00007ffdb2960000 - 0x00007ffdb29f1000 	c:\Users\datea\.vscode\extensions\redhat.java-1.11.0-win32-x64\jre\17.0.4.1-win32-x86_64\bin\msvcp140.dll
0x00007ffd878c0000 - 0x00007ffd88506000 	c:\Users\datea\.vscode\extensions\redhat.java-1.11.0-win32-x64\jre\17.0.4.1-win32-x86_64\bin\server\jvm.dll
0x00007ffdd0c70000 - 0x00007ffdd0d1e000 	C:\WINDOWS\System32\ADVAPI32.dll
0x00007ffdd0a80000 - 0x00007ffdd0b26000 	C:\WINDOWS\System32\sechost.dll
0x00007ffdd1290000 - 0x00007ffdd13b7000 	C:\WINDOWS\System32\RPCRT4.dll
0x00007ffdd1560000 - 0x00007ffdd1568000 	C:\WINDOWS\System32\PSAPI.DLL
0x00007ffdb1830000 - 0x00007ffdb1839000 	C:\WINDOWS\SYSTEM32\WSOCK32.dll
0x00007ffdd0ea0000 - 0x00007ffdd0f0f000 	C:\WINDOWS\System32\WS2_32.dll
0x00007ffdc86c0000 - 0x00007ffdc86f5000 	C:\WINDOWS\SYSTEM32\WINMM.dll
0x00007ffdc8920000 - 0x00007ffdc892a000 	C:\WINDOWS\SYSTEM32\VERSION.dll
0x00007ffdce640000 - 0x00007ffdce658000 	C:\WINDOWS\SYSTEM32\kernel.appcore.dll
0x00007ffdcc3b0000 - 0x00007ffdcc3ba000 	c:\Users\datea\.vscode\extensions\redhat.java-1.11.0-win32-x64\jre\17.0.4.1-win32-x86_64\bin\jimage.dll
0x00007ffdccf20000 - 0x00007ffdcd153000 	C:\WINDOWS\SYSTEM32\DBGHELP.DLL
0x00007ffdd0240000 - 0x00007ffdd05c3000 	C:\WINDOWS\System32\combase.dll
0x00007ffdd1600000 - 0x00007ffdd16d8000 	C:\WINDOWS\System32\OLEAUT32.dll
0x00007ffdbc110000 - 0x00007ffdbc142000 	C:\WINDOWS\SYSTEM32\dbgcore.DLL
0x00007ffdcff80000 - 0x00007ffdcfff9000 	C:\WINDOWS\System32\bcryptPrimitives.dll
0x00007ffdc87f0000 - 0x00007ffdc8815000 	c:\Users\datea\.vscode\extensions\redhat.java-1.11.0-win32-x64\jre\17.0.4.1-win32-x86_64\bin\java.dll
0x00007ffdc6c10000 - 0x00007ffdc6c28000 	c:\Users\datea\.vscode\extensions\redhat.java-1.11.0-win32-x64\jre\17.0.4.1-win32-x86_64\bin\zip.dll
0x00007ffdd16e0000 - 0x00007ffdd1eaf000 	C:\WINDOWS\System32\SHELL32.dll
0x00007ffdcd440000 - 0x00007ffdcdcd5000 	C:\WINDOWS\SYSTEM32\windows.storage.dll
0x00007ffdcd2a0000 - 0x00007ffdcd433000 	C:\WINDOWS\SYSTEM32\wintypes.dll
0x00007ffdd1400000 - 0x00007ffdd14eb000 	C:\WINDOWS\System32\SHCORE.dll
0x00007ffdd0de0000 - 0x00007ffdd0e3d000 	C:\WINDOWS\System32\shlwapi.dll
0x00007ffdcf5e0000 - 0x00007ffdcf601000 	C:\WINDOWS\SYSTEM32\profapi.dll
0x00007ffdc8770000 - 0x00007ffdc8789000 	C:\Users\datea\.vscode\extensions\redhat.java-1.11.0-win32-x64\jre\17.0.4.1-win32-x86_64\bin\net.dll
0x00007ffdc8590000 - 0x00007ffdc86bb000 	C:\WINDOWS\SYSTEM32\WINHTTP.dll
0x00007ffdceb10000 - 0x00007ffdceb79000 	C:\WINDOWS\system32\mswsock.dll
0x00007ffdc6bc0000 - 0x00007ffdc6bd5000 	C:\Users\datea\.vscode\extensions\redhat.java-1.11.0-win32-x64\jre\17.0.4.1-win32-x86_64\bin\nio.dll
0x00007ffdc6820000 - 0x00007ffdc6830000 	c:\Users\datea\.vscode\extensions\redhat.java-1.11.0-win32-x64\jre\17.0.4.1-win32-x86_64\bin\verify.dll
0x00007ffdcc3d0000 - 0x00007ffdcc3d9000 	C:\Users\datea\.vscode\extensions\redhat.java-1.11.0-win32-x64\jre\17.0.4.1-win32-x86_64\bin\management.dll
0x00007ffdcc3c0000 - 0x00007ffdcc3cb000 	C:\Users\datea\.vscode\extensions\redhat.java-1.11.0-win32-x64\jre\17.0.4.1-win32-x86_64\bin\management_ext.dll
0x00007ffd41b40000 - 0x00007ffd41b57000 	C:\WINDOWS\system32\napinsp.dll
0x00007ffd40ba0000 - 0x00007ffd40bba000 	C:\WINDOWS\system32\pnrpnsp.dll
0x00007ffd7e200000 - 0x00007ffd7e221000 	C:\WINDOWS\system32\nlansp_c.dll
0x00007ffdce120000 - 0x00007ffdce21f000 	C:\WINDOWS\SYSTEM32\DNSAPI.dll
0x00007ffdce0b0000 - 0x00007ffdce0de000 	C:\WINDOWS\SYSTEM32\IPHLPAPI.DLL
0x00007ffdd2280000 - 0x00007ffdd2289000 	C:\WINDOWS\System32\NSI.dll
0x00007ffd3e490000 - 0x00007ffd3e4a1000 	C:\WINDOWS\System32\winrnr.dll
0x00007ffd9f0d0000 - 0x00007ffd9f0e5000 	C:\WINDOWS\system32\wshbth.dll
0x00007ffdc0fb0000 - 0x00007ffdc0fba000 	C:\Windows\System32\rasadhlp.dll
0x00007ffdc7340000 - 0x00007ffdc73c4000 	C:\WINDOWS\System32\fwpuclnt.dll
0x00007ffdced90000 - 0x00007ffdcedab000 	C:\WINDOWS\SYSTEM32\CRYPTSP.dll
0x00007ffdce590000 - 0x00007ffdce5c4000 	C:\WINDOWS\system32\rsaenh.dll
0x00007ffdcec10000 - 0x00007ffdcec38000 	C:\WINDOWS\SYSTEM32\USERENV.dll
0x00007ffdcef50000 - 0x00007ffdcef78000 	C:\WINDOWS\SYSTEM32\bcrypt.dll
0x00007ffdcedb0000 - 0x00007ffdcedbc000 	C:\WINDOWS\SYSTEM32\CRYPTBASE.dll
0x00007ffdc8240000 - 0x00007ffdc8259000 	C:\WINDOWS\SYSTEM32\dhcpcsvc6.DLL
0x00007ffdc8210000 - 0x00007ffdc822f000 	C:\WINDOWS\SYSTEM32\dhcpcsvc.DLL

dbghelp: loaded successfully - version: 4.0.5 - missing functions: none
symbol engine: initialized successfully - sym options: 0x614 - pdb path: .;c:\Users\datea\.vscode\extensions\redhat.java-1.11.0-win32-x64\jre\17.0.4.1-win32-x86_64\bin;C:\WINDOWS\SYSTEM32;C:\WINDOWS\WinSxS\amd64_microsoft.windows.common-controls_6595b64144ccf1df_6.0.25217.1010_none_7b5ae231f1b4915b;c:\Users\datea\.vscode\extensions\redhat.java-1.11.0-win32-x64\jre\17.0.4.1-win32-x86_64\bin\server

VM Arguments:
jvm_args: -Dsts.lsp.client=vscode -Dsts.log.file=/dev/null -XX:TieredStopAtLevel=1 -Xlog:jni+resolve=off -Dspring.config.location=file:c:\Users\datea\.vscode\extensions\pivotal.vscode-spring-boot-1.39.0\language-server\BOOT-INF\classes\application.properties 
java_command: org.springframework.ide.vscode.boot.app.BootLanguageServerBootApp
java_class_path (initial): c:\Users\datea\.vscode\extensions\pivotal.vscode-spring-boot-1.39.0\language-server\BOOT-INF\classes;c:\Users\datea\.vscode\extensions\pivotal.vscode-spring-boot-1.39.0\language-server\BOOT-INF\lib\annotations-23.0.0.jar;c:\Users\datea\.vscode\extensions\pivotal.vscode-spring-boot-1.39.0\language-server\BOOT-INF\lib\antlr-runtime-3.5.2.jar;c:\Users\datea\.vscode\extensions\pivotal.vscode-spring-boot-1.39.0\language-server\BOOT-INF\lib\antlr4-4.9.3.jar;c:\Users\datea\.vscode\extensions\pivotal.vscode-spring-boot-1.39.0\language-server\BOOT-INF\lib\antlr4-runtime-4.9.3.jar;c:\Users\datea\.vscode\extensions\pivotal.vscode-spring-boot-1.39.0\language-server\BOOT-INF\lib\asm-9.3.jar;c:\Users\datea\.vscode\extensions\pivotal.vscode-spring-boot-1.39.0\language-server\BOOT-INF\lib\asm-analysis-9.3.jar;c:\Users\datea\.vscode\extensions\pivotal.vscode-spring-boot-1.39.0\language-server\BOOT-INF\lib\asm-tree-9.3.jar;c:\Users\datea\.vscode\extensions\pivotal.vscode-spring-boot-1.39.0\language-server\BOOT-INF\lib\asm-util-9.3.jar;c:\Users\datea\.vscode\extensions\pivotal.vscode-spring-boot-1.39.0\language-server\BOOT-INF\lib\byte-buddy-1.12.13.jar;c:\Users\datea\.vscode\extensions\pivotal.vscode-spring-boot-1.39.0\language-server\BOOT-INF\lib\caffeine-2.9.3.jar;c:\Users\datea\.vscode\extensions\pivotal.vscode-spring-boot-1.39.0\language-server\BOOT-INF\lib\checker-qual-3.12.0.jar;c:\Users\datea\.vscode\extensions\pivotal.vscode-spring-boot-1.39.0\language-server\BOOT-INF\lib\classgraph-4.8.149.jar;c:\Users\datea\.vscode\extensions\pivotal.vscode-spring-boot-1.39.0\language-server\BOOT-INF\lib\commons-codec-1.15.jar;c:\Users\datea\.vscode\extensions\pivotal.vscode-spring-boot-1.39.0\language-server\BOOT-INF\lib\commons-compress-1.21.jar;c:\Users\datea\.vscode\extensions\pivotal.vscode-spring-boot-1.39.0\language-server\BOOT-INF\lib\commons-exec-1.3.jar;c:\Users\datea\.vscode\extensions\pivotal.vscode-spring-boot-1.39.0\language-server\BOOT-INF\lib\com
Launcher Type: SUN_STANDARD

[Global flags]
     intx CICompilerCount                          = 4                                         {product} {ergonomic}
     uint ConcGCThreads                            = 2                                         {product} {ergonomic}
     uint G1ConcRefinementThreads                  = 8                                         {product} {ergonomic}
   size_t G1HeapRegionSize                         = 1048576                                   {product} {ergonomic}
    uintx GCDrainStackTargetSize                   = 64                                        {product} {ergonomic}
   size_t InitialHeapSize                          = 132120576                                 {product} {ergonomic}
   size_t MarkStackSize                            = 4194304                                   {product} {ergonomic}
   size_t MaxHeapSize                              = 2095054848                                {product} {ergonomic}
   size_t MaxNewSize                               = 1256194048                                {product} {ergonomic}
   size_t MinHeapDeltaBytes                        = 1048576                                   {product} {ergonomic}
   size_t MinHeapSize                              = 8388608                                   {product} {ergonomic}
    uintx NonProfiledCodeHeapSize                  = 0                                      {pd product} {ergonomic}
     bool ProfileInterpreter                       = false                                  {pd product} {command line}
    uintx ProfiledCodeHeapSize                     = 0                                      {pd product} {ergonomic}
   size_t SoftMaxHeapSize                          = 2095054848                             {manageable} {ergonomic}
     intx TieredStopAtLevel                        = 1                                         {product} {command line}
     bool UseCompressedClassPointers               = true                           {product lp64_product} {ergonomic}
     bool UseCompressedOops                        = true                           {product lp64_product} {ergonomic}
     bool UseG1GC                                  = true                                      {product} {ergonomic}
     bool UseLargePagesIndividualAllocation        = false                                  {pd product} {ergonomic}

Logging:
Log output configuration:
 #0: stdout all=warning,jni+resolve=off uptime,level,tags
 #1: stderr all=off uptime,level,tags

Environment Variables:
PATH=C:\Program Files\Java\jdk-15.0.2\bin;C:\Program Files\Common Files\Oracle\Java\javapath;C:\WINDOWS\system32;C:\WINDOWS;C:\WINDOWS\System32\Wbem;C:\WINDOWS\System32\WindowsPowerShell\v1.0\;C:\WINDOWS\System32\OpenSSH\;C:\Program Files\Azure Data Studio\bin;C:\Program Files\Microsoft SQL Server\Client SDK\ODBC\170\Tools\Binn\;C:\Program Files (x86)\Microsoft SQL Server\150\Tools\Binn\;C:\Program Files\Microsoft SQL Server\150\Tools\Binn\;C:\Program Files\Microsoft SQL Server\150\DTS\Binn\;C:\Program Files (x86)\Microsoft SQL Server\150\DTS\Binn\;C:\Program Files (x86)\GitExtensions\;F:\xampp\php;C:\ProgramData\ComposerSetup\bin;C:\xampp\php;C:\Program Files\Git\cmd;C:\Users\datea\AppData\Local\Microsoft\WindowsApps;C:\Users\datea\AppData\Local\Programs\Microsoft VS Code\bin;;C:\Program Files\Azure Data Studio\bin;C:\Users\datea\AppData\Roaming\Composer\vendor\bin
USERNAME=datea
OS=Windows_NT
PROCESSOR_IDENTIFIER=Intel64 Family 6 Model 126 Stepping 5, GenuineIntel
TMP=C:\Users\datea\AppData\Local\Temp
TEMP=C:\Users\datea\AppData\Local\Temp



---------------  S Y S T E M  ---------------

OS:
 Windows 11 , 64 bit Build 25217 (10.0.25217.1000)
OS uptime: 1 days 7:03 hours
Hyper-V role detected

CPU: total 8 (initial active 8) (4 cores per cpu, 2 threads per core) family 6 model 126 stepping 5 microcode 0xa6, cx8, cmov, fxsr, ht, mmx, 3dnowpref, sse, sse2, sse3, ssse3, sse4.1, sse4.2, popcnt, lzcnt, tsc, tscinvbit, avx, avx2, aes, erms, clmul, bmi1, bmi2, adx, avx512f, avx512dq, avx512cd, avx512bw, avx512vl, sha, fma, vzeroupper, avx512_vpopcntdq, avx512_vpclmulqdq, avx512_vaes, avx512_vnni, clflush, clflushopt, avx512_vbmi2, avx512_vbmi, hv

Memory: 4k page, system-wide physical 7987M (531M free)
TotalPageFile size 12083M (AvailPageFile size 65M)
current process WorkingSet (physical memory assigned to process): 428M, peak: 428M
current process commit charge ("private bytes"): 468M, peak: 1110M

vm_info: OpenJDK 64-Bit Server VM (17.0.4.1+1) for windows-amd64 JRE (17.0.4.1+1), built on Aug 17 2022 07:42:43 by "temurin" with MS VC++ 16.7 (VS2019)

END.
