#
# There is insufficient memory for the Java Runtime Environment to continue.
# Native memory allocation (mmap) failed to map 309329920 bytes for G1 virtual space
# Possible reasons:
#   The system is out of physical RAM or swap space
#   The process is running with CompressedOops enabled, and the Java Heap may be blocking the growth of the native heap
# Possible solutions:
#   Reduce memory load on the system
#   Increase physical memory or swap space
#   Check if swap backing store is full
#   Decrease Java heap size (-Xmx/-Xms)
#   Decrease number of Java threads
#   Decrease Java thread stack sizes (-Xss)
#   Set larger code cache with -XX:ReservedCodeCacheSize=
#   JVM is running with Unscaled Compressed Oops mode in which the Java heap is
#     placed in the first 4GB address space. The Java Heap base address is the
#     maximum limit for the native heap growth. Please use -XX:HeapBaseMinAddress
#     to set the Java Heap base and to place the Java Heap above 4GB virtual address.
# This output file may be truncated or incomplete.
#
#  Out of Memory Error (os_windows.cpp:3548), pid=56084, tid=45640
#
# JRE version: OpenJDK Runtime Environment Temurin-17.0.5+8 (17.0.5+8) (build 17.0.5+8)
# Java VM: OpenJDK 64-Bit Server VM Temurin-17.0.5+8 (17.0.5+8, mixed mode, emulated-client, sharing, tiered, compressed oops, compressed class ptrs, g1 gc, windows-amd64)
# No core dump will be written. Minidumps are not enabled by default on client versions of Windows
#

---------------  S U M M A R Y ------------

Command Line: -Dsts.lsp.client=vscode -Dsts.log.file=/dev/null -XX:TieredStopAtLevel=1 -Xlog:jni+resolve=off -Dspring.config.location=file:c:\Users\datea\.vscode\extensions\pivotal.vscode-spring-boot-1.40.0\language-server\BOOT-INF\classes\application.properties org.springframework.ide.vscode.boot.app.BootLanguageServerBootApp

Host: Intel(R) Core(TM) i5-1035G1 CPU @ 1.00GHz, 8 cores, 7G,  Windows 11 , 64 bit Build 25236 (10.0.25236.1000)
Time: Sat Nov  5 18:15:49 2022 SE Asia Standard Time elapsed time: 14.310727 seconds (0d 0h 0m 14s)

---------------  T H R E A D  ---------------

Current thread (0x000001e77ec1cb10):  VMThread "VM Thread" [stack: 0x000000b2dd000000,0x000000b2dd100000] [id=45640]

Stack: [0x000000b2dd000000,0x000000b2dd100000]
Native frames: (J=compiled Java code, j=interpreted, Vv=VM code, C=native code)
V  [jvm.dll+0x676b3a]
V  [jvm.dll+0x831444]
V  [jvm.dll+0x832bee]
V  [jvm.dll+0x833253]
V  [jvm.dll+0x244ce5]
V  [jvm.dll+0x673a49]
V  [jvm.dll+0x66811a]
V  [jvm.dll+0x303ceb]
V  [jvm.dll+0x30b1e6]
V  [jvm.dll+0x35adbe]
V  [jvm.dll+0x35afef]
V  [jvm.dll+0x2dab88]
V  [jvm.dll+0x2d8e3c]
V  [jvm.dll+0x2d840c]
V  [jvm.dll+0x31c31b]
V  [jvm.dll+0x8376fb]
V  [jvm.dll+0x838434]
V  [jvm.dll+0x83894c]
V  [jvm.dll+0x838d24]
V  [jvm.dll+0x838df0]
V  [jvm.dll+0x7e17ea]
V  [jvm.dll+0x6759e5]
C  [ucrtbase.dll+0x247cb]
C  [KERNEL32.DLL+0x1335d]
C  [ntdll.dll+0x67f38]

VM_Operation (0x000000b2df9fdc10): G1CollectForAllocation, mode: safepoint, requested by thread 0x000001e70162c7f0


---------------  P R O C E S S  ---------------

Threads class SMR info:
_java_thread_list=0x000001e701ee8af0, length=50, elements={
0x000001e77ec22d50, 0x000001e77ec24910, 0x000001e77ec3efe0, 0x000001e77ec3f990,
0x000001e77ec40340, 0x000001e77ec41490, 0x000001e77ec43e50, 0x000001e77ec46a60,
0x000001e77f955900, 0x000001e77ec0bc30, 0x000001e77ec0c140, 0x000001e77f99d170,
0x000001e77f9a3810, 0x000001e7014b1ce0, 0x000001e701627020, 0x000001e701635bd0,
0x000001e76cb4f290, 0x000001e7014ba090, 0x000001e7016931c0, 0x000001e700686890,
0x000001e7016a0d30, 0x000001e7016c88c0, 0x000001e70162e000, 0x000001e70162d660,
0x000001e70162ee70, 0x000001e70162fce0, 0x000001e70162f810, 0x000001e70162ccc0,
0x000001e70162d190, 0x000001e7016301b0, 0x000001e70162db30, 0x000001e70162c7f0,
0x000001e70162e4d0, 0x000001e70162e9a0, 0x000001e70162f340, 0x000001e7018504e0,
0x000001e7018509b0, 0x000001e7018521c0, 0x000001e70184fb40, 0x000001e701854370,
0x000001e70184f670, 0x000001e701853500, 0x000001e70184ecd0, 0x000001e701850010,
0x000001e701850e80, 0x000001e701853030, 0x000001e701856520, 0x000001e701851820,
0x000001e701854840, 0x000001e701855b80
}

Java Threads: ( => current thread )
  0x000001e77ec22d50 JavaThread "Reference Handler" daemon [_thread_blocked, id=57128, stack(0x000000b2dd100000,0x000000b2dd200000)]
  0x000001e77ec24910 JavaThread "Finalizer" daemon [_thread_blocked, id=47720, stack(0x000000b2dd200000,0x000000b2dd300000)]
  0x000001e77ec3efe0 JavaThread "Signal Dispatcher" daemon [_thread_blocked, id=53272, stack(0x000000b2dd300000,0x000000b2dd400000)]
  0x000001e77ec3f990 JavaThread "Attach Listener" daemon [_thread_blocked, id=48836, stack(0x000000b2dd400000,0x000000b2dd500000)]
  0x000001e77ec40340 JavaThread "Service Thread" daemon [_thread_blocked, id=54884, stack(0x000000b2dd500000,0x000000b2dd600000)]
  0x000001e77ec41490 JavaThread "Monitor Deflation Thread" daemon [_thread_blocked, id=56928, stack(0x000000b2dd600000,0x000000b2dd700000)]
  0x000001e77ec43e50 JavaThread "C1 CompilerThread0" daemon [_thread_blocked, id=57012, stack(0x000000b2dd700000,0x000000b2dd800000)]
  0x000001e77ec46a60 JavaThread "Sweeper thread" daemon [_thread_blocked, id=55140, stack(0x000000b2dd800000,0x000000b2dd900000)]
  0x000001e77f955900 JavaThread "C1 CompilerThread1" daemon [_thread_blocked, id=54320, stack(0x000000b2dd900000,0x000000b2dda00000)]
  0x000001e77ec0bc30 JavaThread "C1 CompilerThread2" daemon [_thread_blocked, id=53816, stack(0x000000b2dda00000,0x000000b2ddb00000)]
  0x000001e77ec0c140 JavaThread "C1 CompilerThread3" daemon [_thread_blocked, id=54012, stack(0x000000b2ddb00000,0x000000b2ddc00000)]
  0x000001e77f99d170 JavaThread "Notification Thread" daemon [_thread_blocked, id=48316, stack(0x000000b2ddc00000,0x000000b2ddd00000)]
  0x000001e77f9a3810 JavaThread "Common-Cleaner" daemon [_thread_blocked, id=49852, stack(0x000000b2dde00000,0x000000b2ddf00000)]
  0x000001e7014b1ce0 JavaThread "boundedElastic-evictor-1" daemon [_thread_blocked, id=47652, stack(0x000000b2de400000,0x000000b2de500000)]
  0x000001e701627020 JavaThread "pool-9-thread-1" [_thread_blocked, id=56904, stack(0x000000b2de800000,0x000000b2de900000)]
  0x000001e701635bd0 JavaThread "LanguageServerApp-lifecycle" [_thread_blocked, id=55152, stack(0x000000b2de900000,0x000000b2dea00000)]
  0x000001e76cb4f290 JavaThread "DestroyJavaVM" [_thread_blocked, id=55368, stack(0x000000b2dca00000,0x000000b2dcb00000)]
  0x000001e7014ba090 JavaThread "pool-10-thread-1" [_thread_in_native, id=55968, stack(0x000000b2dea00000,0x000000b2deb00000)]
  0x000001e7016931c0 JavaThread "Simple-Language-Server main thread" daemon [_thread_blocked, id=50076, stack(0x000000b2deb00000,0x000000b2dec00000)]
  0x000001e700686890 JavaThread "ForkJoinPool.commonPool-worker-1" daemon [_thread_blocked, id=51024, stack(0x000000b2dec00000,0x000000b2ded00000)]
  0x000001e7016a0d30 JavaThread "pool-7-thread-1" [_thread_blocked, id=56324, stack(0x000000b2dee00000,0x000000b2def00000)]
  0x000001e7016c88c0 JavaThread "parallel-1" daemon [_thread_blocked, id=53652, stack(0x000000b2def00000,0x000000b2df000000)]
  0x000001e70162e000 JavaThread "parallel-2" daemon [_thread_blocked, id=57240, stack(0x000000b2df000000,0x000000b2df100000)]
  0x000001e70162d660 JavaThread "parallel-3" daemon [_thread_blocked, id=56296, stack(0x000000b2df100000,0x000000b2df200000)]
  0x000001e70162ee70 JavaThread "pool-4-thread-1" [_thread_blocked, id=49460, stack(0x000000b2df200000,0x000000b2df300000)]
  0x000001e70162fce0 JavaThread "ForkJoinPool.commonPool-worker-2" daemon [_thread_blocked, id=57192, stack(0x000000b2df300000,0x000000b2df400000)]
  0x000001e70162f810 JavaThread "pool-4-thread-2" [_thread_blocked, id=50248, stack(0x000000b2df400000,0x000000b2df500000)]
  0x000001e70162ccc0 JavaThread "Reconciler-1" daemon [_thread_blocked, id=48740, stack(0x000000b2df500000,0x000000b2df600000)]
  0x000001e70162d190 JavaThread "ClassGraph-worker-0" daemon [_thread_blocked, id=54216, stack(0x000000b2df600000,0x000000b2df700000)]
  0x000001e7016301b0 JavaThread "ClassGraph-worker-1" daemon [_thread_blocked, id=54540, stack(0x000000b2df700000,0x000000b2df800000)]
  0x000001e70162db30 JavaThread "ClassGraph-worker-2" daemon [_thread_blocked, id=57096, stack(0x000000b2df800000,0x000000b2df900000)]
  0x000001e70162c7f0 JavaThread "ClassGraph-worker-3" daemon [_thread_blocked, id=50784, stack(0x000000b2df900000,0x000000b2dfa00000)]
  0x000001e70162e4d0 JavaThread "ClassGraph-worker-4" daemon [_thread_blocked, id=55708, stack(0x000000b2dfa00000,0x000000b2dfb00000)]
  0x000001e70162e9a0 JavaThread "ClassGraph-worker-5" daemon [_thread_blocked, id=56040, stack(0x000000b2dfb00000,0x000000b2dfc00000)]
  0x000001e70162f340 JavaThread "ClassGraph-worker-6" daemon [_thread_blocked, id=54408, stack(0x000000b2dfc00000,0x000000b2dfd00000)]
  0x000001e7018504e0 JavaThread "ClassGraph-worker-7" daemon [_thread_blocked, id=56428, stack(0x000000b2dfd00000,0x000000b2dfe00000)]
  0x000001e7018509b0 JavaThread "ClassGraph-worker-8" daemon [_thread_blocked, id=54324, stack(0x000000b2dfe00000,0x000000b2dff00000)]
  0x000001e7018521c0 JavaThread "ClassGraph-worker-9" daemon [_thread_blocked, id=49312, stack(0x000000b2dff00000,0x000000b2e0000000)]
  0x000001e70184fb40 JavaThread "ClassGraph-worker-10" daemon [_thread_blocked, id=55132, stack(0x000000b2e0000000,0x000000b2e0100000)]
  0x000001e701854370 JavaThread "ClassGraph-worker-11" daemon [_thread_blocked, id=55800, stack(0x000000b2e0100000,0x000000b2e0200000)]
  0x000001e70184f670 JavaThread "ClassGraph-worker-12" daemon [_thread_blocked, id=52476, stack(0x000000b2e0200000,0x000000b2e0300000)]
  0x000001e701853500 JavaThread "ClassGraph-worker-13" daemon [_thread_blocked, id=55472, stack(0x000000b2e0300000,0x000000b2e0400000)]
  0x000001e70184ecd0 JavaThread "parallel-4" daemon [_thread_blocked, id=30468, stack(0x000000b2e0400000,0x000000b2e0500000)]
  0x000001e701850010 JavaThread "pool-5-thread-1" [_thread_blocked, id=47744, stack(0x000000b2e0500000,0x000000b2e0600000)]
  0x000001e701850e80 JavaThread "parallel-5" daemon [_thread_blocked, id=48192, stack(0x000000b2e0600000,0x000000b2e0700000)]
  0x000001e701853030 JavaThread "Project-Reconciler-1" daemon [_thread_blocked, id=57304, stack(0x000000b2e0700000,0x000000b2e0800000)]
  0x000001e701856520 JavaThread "parallel-6" daemon [_thread_blocked, id=54736, stack(0x000000b2e0800000,0x000000b2e0900000)]
  0x000001e701851820 JavaThread "parallel-7" daemon [_thread_blocked, id=24556, stack(0x000000b2e0900000,0x000000b2e0a00000)]
  0x000001e701854840 JavaThread "parallel-8" daemon [_thread_blocked, id=50300, stack(0x000000b2e0a00000,0x000000b2e0b00000)]
  0x000001e701855b80 JavaThread "Project-Reconciler-2" daemon [_thread_blocked, id=56108, stack(0x000000b2e0b00000,0x000000b2e0c00000)]

Other Threads:
=>0x000001e77ec1cb10 VMThread "VM Thread" [stack: 0x000000b2dd000000,0x000000b2dd100000] [id=45640]
  0x000001e76cbcc450 WatcherThread [stack: 0x000000b2ddd00000,0x000000b2dde00000] [id=55096]
  0x000001e76cbab5b0 GCTaskThread "GC Thread#0" [stack: 0x000000b2dcb00000,0x000000b2dcc00000] [id=45552]
  0x000001e70067b350 GCTaskThread "GC Thread#1" [stack: 0x000000b2ddf00000,0x000000b2de000000] [id=53404]
  0x000001e70067b600 GCTaskThread "GC Thread#2" [stack: 0x000000b2de000000,0x000000b2de100000] [id=52020]
  0x000001e7006aa490 GCTaskThread "GC Thread#3" [stack: 0x000000b2de100000,0x000000b2de200000] [id=13876]
  0x000001e7006aa740 GCTaskThread "GC Thread#4" [stack: 0x000000b2de200000,0x000000b2de300000] [id=53100]
  0x000001e7006aa9f0 GCTaskThread "GC Thread#5" [stack: 0x000000b2de300000,0x000000b2de400000] [id=45892]
  0x000001e7010b01c0 GCTaskThread "GC Thread#6" [stack: 0x000000b2de500000,0x000000b2de600000] [id=55052]
  0x000001e7010b0470 GCTaskThread "GC Thread#7" [stack: 0x000000b2de600000,0x000000b2de700000] [id=46252]
  0x000001e76cbbbeb0 ConcurrentGCThread "G1 Main Marker" [stack: 0x000000b2dcc00000,0x000000b2dcd00000] [id=48904]
  0x000001e76cbbd8d0 ConcurrentGCThread "G1 Conc#0" [stack: 0x000000b2dcd00000,0x000000b2dce00000] [id=49020]
  0x000001e70144afa0 ConcurrentGCThread "G1 Conc#1" [stack: 0x000000b2de700000,0x000000b2de800000] [id=54476]
  0x000001e76cbfe560 ConcurrentGCThread "G1 Refine#0" [stack: 0x000000b2dce00000,0x000000b2dcf00000] [id=49388]
  0x000001e700686d60 ConcurrentGCThread "G1 Refine#1" [stack: 0x000000b2ded00000,0x000000b2dee00000] [id=53148]
  0x000001e77ead7500 ConcurrentGCThread "G1 Service" [stack: 0x000000b2dcf00000,0x000000b2dd000000] [id=56164]

Threads with active compile tasks:

VM state: at safepoint (normal execution)

VM Mutex/Monitor currently owned by a thread:  ([mutex/lock_event])
[0x000001e76a923a20] Threads_lock - owner thread: 0x000001e77ec1cb10
[0x000001e76cb4ba00] Heap_lock - owner thread: 0x000001e70162c7f0

Heap address: 0x0000000083200000, size: 1998 MB, Compressed Oops mode: 32-bit

CDS archive(s) mapped at: [0x0000000800000000-0x0000000800bc0000-0x0000000800bc0000), size 12320768, SharedBaseAddress: 0x0000000800000000, ArchiveRelocationMode: 0.
Compressed class space mapped at: 0x0000000800c00000-0x0000000840c00000, reserved size: 1073741824
Narrow klass base: 0x0000000800000000, Narrow klass shift: 0, Narrow klass range: 0x100000000

GC Precious Log:
 CPUs: 8 total, 8 available
 Memory: 7987M
 Large Page Support: Disabled
 NUMA Support: Disabled
 Compressed Oops: Enabled (32-bit)
 Heap Region Size: 1M
 Heap Min Capacity: 8M
 Heap Initial Capacity: 126M
 Heap Max Capacity: 1998M
 Pre-touch: Disabled
 Parallel Workers: 8
 Concurrent Workers: 2
 Concurrent Refinement Workers: 8
 Periodic GC: Disabled

Heap:
 garbage-first heap   total 296960K, used 108483K [0x0000000083200000, 0x0000000100000000)
  region size 1024K, 16 young (16384K), 16 survivors (16384K)
 Metaspace       used 34826K, committed 35200K, reserved 1081344K
  class space    used 4446K, committed 4608K, reserved 1048576K

Heap Regions: E=young(eden), S=young(survivor), O=old, HS=humongous(starts), HC=humongous(continues), CS=collection set, F=free, OA=open archive, CA=closed archive, TAMS=top-at-mark-start (previous, next)
|   0|0x0000000083200000, 0x0000000083300000, 0x0000000083300000|100%| O|  |TAMS 0x0000000083300000, 0x0000000083200000| Untracked 
|   1|0x0000000083300000, 0x0000000083400000, 0x0000000083400000|100%| O|  |TAMS 0x0000000083400000, 0x0000000083300000| Untracked 
|   2|0x0000000083400000, 0x0000000083500000, 0x0000000083500000|100%| O|  |TAMS 0x0000000083500000, 0x0000000083400000| Untracked 
|   3|0x0000000083500000, 0x0000000083600000, 0x0000000083600000|100%| O|  |TAMS 0x0000000083600000, 0x0000000083500000| Untracked 
|   4|0x0000000083600000, 0x0000000083700000, 0x0000000083700000|100%| O|  |TAMS 0x0000000083700000, 0x0000000083600000| Untracked 
|   5|0x0000000083700000, 0x0000000083800000, 0x0000000083800000|100%| O|  |TAMS 0x0000000083800000, 0x0000000083700000| Untracked 
|   6|0x0000000083800000, 0x0000000083900000, 0x0000000083900000|100%| O|  |TAMS 0x0000000083900000, 0x0000000083800000| Untracked 
|   7|0x0000000083900000, 0x0000000083a00000, 0x0000000083a00000|100%| O|  |TAMS 0x0000000083a00000, 0x0000000083900000| Untracked 
|   8|0x0000000083a00000, 0x0000000083b00000, 0x0000000083b00000|100%| O|  |TAMS 0x0000000083b00000, 0x0000000083a00000| Untracked 
|   9|0x0000000083b00000, 0x0000000083c00000, 0x0000000083c00000|100%| O|  |TAMS 0x0000000083c00000, 0x0000000083b00000| Untracked 
|  10|0x0000000083c00000, 0x0000000083d00000, 0x0000000083d00000|100%| O|  |TAMS 0x0000000083d00000, 0x0000000083c00000| Untracked 
|  11|0x0000000083d00000, 0x0000000083e00000, 0x0000000083e00000|100%| O|  |TAMS 0x0000000083e00000, 0x0000000083d00000| Untracked 
|  12|0x0000000083e00000, 0x0000000083f00000, 0x0000000083f00000|100%| O|  |TAMS 0x0000000083f00000, 0x0000000083e00000| Untracked 
|  13|0x0000000083f00000, 0x0000000084000000, 0x0000000084000000|100%| O|  |TAMS 0x0000000084000000, 0x0000000083f00000| Untracked 
|  14|0x0000000084000000, 0x0000000084100000, 0x0000000084100000|100%| O|  |TAMS 0x0000000084100000, 0x0000000084000000| Untracked 
|  15|0x0000000084100000, 0x0000000084200000, 0x0000000084200000|100%| O|  |TAMS 0x0000000084200000, 0x0000000084100000| Untracked 
|  16|0x0000000084200000, 0x0000000084300000, 0x0000000084300000|100%| O|  |TAMS 0x0000000084300000, 0x0000000084200000| Untracked 
|  17|0x0000000084300000, 0x0000000084400000, 0x0000000084400000|100%| O|  |TAMS 0x0000000084400000, 0x0000000084300000| Untracked 
|  18|0x0000000084400000, 0x0000000084500000, 0x0000000084500000|100%| O|  |TAMS 0x0000000084500000, 0x0000000084400000| Untracked 
|  19|0x0000000084500000, 0x0000000084600000, 0x0000000084600000|100%| O|  |TAMS 0x0000000084600000, 0x0000000084500000| Untracked 
|  20|0x0000000084600000, 0x0000000084700000, 0x0000000084700000|100%| O|  |TAMS 0x0000000084700000, 0x0000000084600000| Untracked 
|  21|0x0000000084700000, 0x0000000084800000, 0x0000000084800000|100%| O|  |TAMS 0x0000000084800000, 0x0000000084700000| Untracked 
|  22|0x0000000084800000, 0x0000000084900000, 0x0000000084900000|100%| O|  |TAMS 0x0000000084900000, 0x0000000084800000| Untracked 
|  23|0x0000000084900000, 0x0000000084a00000, 0x0000000084a00000|100%| O|  |TAMS 0x0000000084a00000, 0x0000000084900000| Untracked 
|  24|0x0000000084a00000, 0x0000000084b00000, 0x0000000084b00000|100%| O|  |TAMS 0x0000000084b00000, 0x0000000084a00000| Untracked 
|  25|0x0000000084b00000, 0x0000000084c00000, 0x0000000084c00000|100%| O|  |TAMS 0x0000000084c00000, 0x0000000084b00000| Untracked 
|  26|0x0000000084c00000, 0x0000000084d00000, 0x0000000084d00000|100%| O|  |TAMS 0x0000000084d00000, 0x0000000084c00000| Untracked 
|  27|0x0000000084d00000, 0x0000000084e00000, 0x0000000084e00000|100%| O|  |TAMS 0x0000000084e00000, 0x0000000084d00000| Untracked 
|  28|0x0000000084e00000, 0x0000000084f00000, 0x0000000084f00000|100%| O|  |TAMS 0x0000000084f00000, 0x0000000084e00000| Untracked 
|  29|0x0000000084f00000, 0x0000000085000000, 0x0000000085000000|100%| O|  |TAMS 0x0000000085000000, 0x0000000084f00000| Untracked 
|  30|0x0000000085000000, 0x0000000085100000, 0x0000000085100000|100%| O|  |TAMS 0x0000000085100000, 0x0000000085000000| Untracked 
|  31|0x0000000085100000, 0x0000000085200000, 0x0000000085200000|100%| O|  |TAMS 0x0000000085200000, 0x0000000085100000| Untracked 
|  32|0x0000000085200000, 0x0000000085300000, 0x0000000085300000|100%| O|  |TAMS 0x0000000085300000, 0x0000000085200000| Untracked 
|  33|0x0000000085300000, 0x0000000085400000, 0x0000000085400000|100%| O|  |TAMS 0x0000000085400000, 0x0000000085300000| Untracked 
|  34|0x0000000085400000, 0x0000000085500000, 0x0000000085500000|100%| O|  |TAMS 0x0000000085500000, 0x0000000085400000| Untracked 
|  35|0x0000000085500000, 0x0000000085600000, 0x0000000085600000|100%| O|  |TAMS 0x0000000085600000, 0x0000000085500000| Untracked 
|  36|0x0000000085600000, 0x0000000085700000, 0x0000000085700000|100%| O|  |TAMS 0x0000000085700000, 0x0000000085600000| Untracked 
|  37|0x0000000085700000, 0x0000000085800000, 0x0000000085800000|100%| O|  |TAMS 0x0000000085800000, 0x0000000085700000| Untracked 
|  38|0x0000000085800000, 0x0000000085900000, 0x0000000085900000|100%| O|  |TAMS 0x0000000085900000, 0x0000000085800000| Untracked 
|  39|0x0000000085900000, 0x0000000085a00000, 0x0000000085a00000|100%| O|  |TAMS 0x0000000085a00000, 0x0000000085900000| Untracked 
|  40|0x0000000085a00000, 0x0000000085b00000, 0x0000000085b00000|100%| O|  |TAMS 0x0000000085b00000, 0x0000000085a00000| Untracked 
|  41|0x0000000085b00000, 0x0000000085c00000, 0x0000000085c00000|100%| O|  |TAMS 0x0000000085c00000, 0x0000000085b00000| Untracked 
|  42|0x0000000085c00000, 0x0000000085d00000, 0x0000000085d00000|100%| O|  |TAMS 0x0000000085d00000, 0x0000000085c00000| Untracked 
|  43|0x0000000085d00000, 0x0000000085e00000, 0x0000000085e00000|100%| O|  |TAMS 0x0000000085e00000, 0x0000000085d00000| Untracked 
|  44|0x0000000085e00000, 0x0000000085f00000, 0x0000000085f00000|100%| O|  |TAMS 0x0000000085f00000, 0x0000000085e00000| Untracked 
|  45|0x0000000085f00000, 0x0000000086000000, 0x0000000086000000|100%| O|  |TAMS 0x0000000086000000, 0x0000000085f00000| Untracked 
|  46|0x0000000086000000, 0x0000000086100000, 0x0000000086100000|100%| O|  |TAMS 0x0000000086100000, 0x0000000086000000| Untracked 
|  47|0x0000000086100000, 0x0000000086200000, 0x0000000086200000|100%| O|  |TAMS 0x0000000086100000, 0x0000000086100000| Untracked 
|  48|0x0000000086200000, 0x0000000086300000, 0x0000000086300000|100%| O|  |TAMS 0x0000000086300000, 0x0000000086200000| Untracked 
|  49|0x0000000086300000, 0x0000000086400000, 0x0000000086400000|100%| O|  |TAMS 0x0000000086300000, 0x0000000086300000| Untracked 
|  50|0x0000000086400000, 0x0000000086500000, 0x0000000086500000|100%|HS|  |TAMS 0x0000000086500000, 0x0000000086400000| Complete 
|  51|0x0000000086500000, 0x0000000086600000, 0x0000000086600000|100%|HS|  |TAMS 0x0000000086600000, 0x0000000086500000| Complete 
|  52|0x0000000086600000, 0x0000000086700000, 0x0000000086700000|100%| O|  |TAMS 0x0000000086700000, 0x0000000086600000| Untracked 
|  53|0x0000000086700000, 0x0000000086800000, 0x0000000086800000|100%| O|  |TAMS 0x0000000086800000, 0x0000000086700000| Untracked 
|  54|0x0000000086800000, 0x0000000086900000, 0x0000000086900000|100%| O|  |TAMS 0x0000000086900000, 0x0000000086800000| Untracked 
|  55|0x0000000086900000, 0x0000000086a00000, 0x0000000086a00000|100%| O|  |TAMS 0x0000000086a00000, 0x0000000086900000| Untracked 
|  56|0x0000000086a00000, 0x0000000086b00000, 0x0000000086b00000|100%| O|  |TAMS 0x0000000086b00000, 0x0000000086a00000| Untracked 
|  57|0x0000000086b00000, 0x0000000086c00000, 0x0000000086c00000|100%| O|  |TAMS 0x0000000086c00000, 0x0000000086b00000| Untracked 
|  58|0x0000000086c00000, 0x0000000086d00000, 0x0000000086d00000|100%| O|  |TAMS 0x0000000086d00000, 0x0000000086c00000| Untracked 
|  59|0x0000000086d00000, 0x0000000086e00000, 0x0000000086e00000|100%| O|  |TAMS 0x0000000086e00000, 0x0000000086d00000| Untracked 
|  60|0x0000000086e00000, 0x0000000086f00000, 0x0000000086f00000|100%| O|  |TAMS 0x0000000086f00000, 0x0000000086e00000| Untracked 
|  61|0x0000000086f00000, 0x0000000087000000, 0x0000000087000000|100%| O|  |TAMS 0x0000000087000000, 0x0000000086f00000| Untracked 
|  62|0x0000000087000000, 0x0000000087100000, 0x0000000087100000|100%| O|  |TAMS 0x0000000087100000, 0x0000000087000000| Untracked 
|  63|0x0000000087100000, 0x0000000087200000, 0x0000000087200000|100%| O|  |TAMS 0x0000000087200000, 0x0000000087100000| Untracked 
|  64|0x0000000087200000, 0x0000000087300000, 0x0000000087300000|100%| O|  |TAMS 0x0000000087300000, 0x0000000087200000| Untracked 
|  65|0x0000000087300000, 0x0000000087400000, 0x0000000087400000|100%| O|  |TAMS 0x0000000087400000, 0x0000000087300000| Untracked 
|  66|0x0000000087400000, 0x0000000087500000, 0x0000000087500000|100%| O|  |TAMS 0x0000000087500000, 0x0000000087400000| Untracked 
|  67|0x0000000087500000, 0x0000000087600000, 0x0000000087600000|100%| O|  |TAMS 0x0000000087600000, 0x0000000087500000| Untracked 
|  68|0x0000000087600000, 0x0000000087700000, 0x0000000087700000|100%| O|  |TAMS 0x0000000087700000, 0x0000000087600000| Untracked 
|  69|0x0000000087700000, 0x0000000087800000, 0x0000000087800000|100%| O|  |TAMS 0x0000000087800000, 0x0000000087700000| Untracked 
|  70|0x0000000087800000, 0x0000000087900000, 0x0000000087900000|100%| O|  |TAMS 0x0000000087900000, 0x0000000087800000| Untracked 
|  71|0x0000000087900000, 0x0000000087a00000, 0x0000000087a00000|100%| O|  |TAMS 0x0000000087a00000, 0x0000000087900000| Untracked 
|  72|0x0000000087a00000, 0x0000000087b00000, 0x0000000087b00000|100%| O|  |TAMS 0x0000000087a00000, 0x0000000087a00000| Untracked 
|  73|0x0000000087b00000, 0x0000000087c00000, 0x0000000087c00000|100%| O|  |TAMS 0x0000000087b00000, 0x0000000087b00000| Untracked 
|  74|0x0000000087c00000, 0x0000000087d00000, 0x0000000087d00000|100%| O|  |TAMS 0x0000000087c00000, 0x0000000087c00000| Untracked 
|  75|0x0000000087d00000, 0x0000000087e00000, 0x0000000087e00000|100%| O|  |TAMS 0x0000000087d00000, 0x0000000087d00000| Untracked 
|  76|0x0000000087e00000, 0x0000000087f00000, 0x0000000087f00000|100%| O|  |TAMS 0x0000000087e00000, 0x0000000087e00000| Untracked 
|  77|0x0000000087f00000, 0x0000000088000000, 0x0000000088000000|100%| O|  |TAMS 0x0000000087f00000, 0x0000000087f00000| Untracked 
|  78|0x0000000088000000, 0x0000000088100000, 0x0000000088100000|100%| O|  |TAMS 0x0000000088000000, 0x0000000088000000| Untracked 
|  79|0x0000000088100000, 0x0000000088200000, 0x0000000088200000|100%| O|  |TAMS 0x0000000088100000, 0x0000000088100000| Untracked 
|  80|0x0000000088200000, 0x0000000088300000, 0x0000000088300000|100%| O|  |TAMS 0x0000000088200000, 0x0000000088200000| Untracked 
|  81|0x0000000088300000, 0x0000000088400000, 0x0000000088400000|100%| O|  |TAMS 0x0000000088300000, 0x0000000088300000| Untracked 
|  82|0x0000000088400000, 0x0000000088500000, 0x0000000088500000|100%| O|  |TAMS 0x0000000088400000, 0x0000000088400000| Untracked 
|  83|0x0000000088500000, 0x0000000088600000, 0x0000000088600000|100%| O|  |TAMS 0x0000000088500000, 0x0000000088500000| Untracked 
|  84|0x0000000088600000, 0x0000000088700000, 0x0000000088700000|100%| O|  |TAMS 0x0000000088600000, 0x0000000088600000| Untracked 
|  85|0x0000000088700000, 0x0000000088800000, 0x0000000088800000|100%| O|  |TAMS 0x0000000088700000, 0x0000000088700000| Untracked 
|  86|0x0000000088800000, 0x0000000088900000, 0x0000000088900000|100%| O|  |TAMS 0x0000000088800000, 0x0000000088800000| Untracked 
|  87|0x0000000088900000, 0x0000000088a00000, 0x0000000088a00000|100%| O|  |TAMS 0x0000000088900000, 0x0000000088900000| Untracked 
|  88|0x0000000088a00000, 0x0000000088b00000, 0x0000000088b00000|100%| O|  |TAMS 0x0000000088a00000, 0x0000000088a00000| Untracked 
|  89|0x0000000088b00000, 0x0000000088bf0c00, 0x0000000088c00000| 94%| O|  |TAMS 0x0000000088b00000, 0x0000000088b00000| Untracked 
|  90|0x0000000088c00000, 0x0000000088c00000, 0x0000000088d00000|  0%| F|  |TAMS 0x0000000088c00000, 0x0000000088c00000| Untracked 
|  91|0x0000000088d00000, 0x0000000088d00000, 0x0000000088e00000|  0%| F|  |TAMS 0x0000000088d00000, 0x0000000088d00000| Untracked 
|  92|0x0000000088e00000, 0x0000000088e00000, 0x0000000088f00000|  0%| F|  |TAMS 0x0000000088e00000, 0x0000000088e00000| Untracked 
|  93|0x0000000088f00000, 0x0000000088f00000, 0x0000000089000000|  0%| F|  |TAMS 0x0000000088f00000, 0x0000000088f00000| Untracked 
|  94|0x0000000089000000, 0x0000000089000000, 0x0000000089100000|  0%| F|  |TAMS 0x0000000089000000, 0x0000000089000000| Untracked 
|  95|0x0000000089100000, 0x0000000089100000, 0x0000000089200000|  0%| F|  |TAMS 0x0000000089100000, 0x0000000089100000| Untracked 
|  96|0x0000000089200000, 0x0000000089200000, 0x0000000089300000|  0%| F|  |TAMS 0x0000000089200000, 0x0000000089200000| Untracked 
|  97|0x0000000089300000, 0x0000000089300000, 0x0000000089400000|  0%| F|  |TAMS 0x0000000089300000, 0x0000000089300000| Untracked 
|  98|0x0000000089400000, 0x0000000089400000, 0x0000000089500000|  0%| F|  |TAMS 0x0000000089400000, 0x0000000089400000| Untracked 
|  99|0x0000000089500000, 0x0000000089500000, 0x0000000089600000|  0%| F|  |TAMS 0x0000000089500000, 0x0000000089500000| Untracked 
| 100|0x0000000089600000, 0x0000000089600000, 0x0000000089700000|  0%| F|  |TAMS 0x0000000089600000, 0x0000000089600000| Untracked 
| 101|0x0000000089700000, 0x0000000089700000, 0x0000000089800000|  0%| F|  |TAMS 0x0000000089700000, 0x0000000089700000| Untracked 
| 102|0x0000000089800000, 0x0000000089800000, 0x0000000089900000|  0%| F|  |TAMS 0x0000000089800000, 0x0000000089800000| Untracked 
| 103|0x0000000089900000, 0x0000000089900000, 0x0000000089a00000|  0%| F|  |TAMS 0x0000000089900000, 0x0000000089900000| Untracked 
| 104|0x0000000089a00000, 0x0000000089a00000, 0x0000000089b00000|  0%| F|  |TAMS 0x0000000089a00000, 0x0000000089a00000| Untracked 
| 105|0x0000000089b00000, 0x0000000089b00000, 0x0000000089c00000|  0%| F|  |TAMS 0x0000000089b00000, 0x0000000089b00000| Untracked 
| 106|0x0000000089c00000, 0x0000000089c00000, 0x0000000089d00000|  0%| F|  |TAMS 0x0000000089c00000, 0x0000000089c00000| Untracked 
| 107|0x0000000089d00000, 0x0000000089d00000, 0x0000000089e00000|  0%| F|  |TAMS 0x0000000089d00000, 0x0000000089d00000| Untracked 
| 108|0x0000000089e00000, 0x0000000089e00000, 0x0000000089f00000|  0%| F|  |TAMS 0x0000000089e00000, 0x0000000089e00000| Untracked 
| 109|0x0000000089f00000, 0x0000000089f00000, 0x000000008a000000|  0%| F|  |TAMS 0x0000000089f00000, 0x0000000089f00000| Untracked 
| 110|0x000000008a000000, 0x000000008a000000, 0x000000008a100000|  0%| F|  |TAMS 0x000000008a000000, 0x000000008a000000| Untracked 
| 111|0x000000008a100000, 0x000000008a100000, 0x000000008a200000|  0%| F|  |TAMS 0x000000008a100000, 0x000000008a100000| Untracked 
| 112|0x000000008a200000, 0x000000008a200000, 0x000000008a300000|  0%| F|  |TAMS 0x000000008a200000, 0x000000008a200000| Untracked 
| 113|0x000000008a300000, 0x000000008a300000, 0x000000008a400000|  0%| F|  |TAMS 0x000000008a300000, 0x000000008a300000| Untracked 
| 114|0x000000008a400000, 0x000000008a400000, 0x000000008a500000|  0%| F|  |TAMS 0x000000008a400000, 0x000000008a400000| Untracked 
| 115|0x000000008a500000, 0x000000008a500000, 0x000000008a600000|  0%| F|  |TAMS 0x000000008a500000, 0x000000008a500000| Untracked 
| 116|0x000000008a600000, 0x000000008a600000, 0x000000008a700000|  0%| F|  |TAMS 0x000000008a600000, 0x000000008a600000| Untracked 
| 117|0x000000008a700000, 0x000000008a700000, 0x000000008a800000|  0%| F|  |TAMS 0x000000008a700000, 0x000000008a700000| Untracked 
| 118|0x000000008a800000, 0x000000008a800000, 0x000000008a900000|  0%| F|  |TAMS 0x000000008a800000, 0x000000008a800000| Untracked 
| 119|0x000000008a900000, 0x000000008a900000, 0x000000008aa00000|  0%| F|  |TAMS 0x000000008a900000, 0x000000008a900000| Untracked 
| 120|0x000000008aa00000, 0x000000008aa00000, 0x000000008ab00000|  0%| F|  |TAMS 0x000000008aa00000, 0x000000008aa00000| Untracked 
| 121|0x000000008ab00000, 0x000000008ab00000, 0x000000008ac00000|  0%| F|  |TAMS 0x000000008ab00000, 0x000000008ab00000| Untracked 
| 122|0x000000008ac00000, 0x000000008ac00000, 0x000000008ad00000|  0%| F|  |TAMS 0x000000008ac00000, 0x000000008ac00000| Untracked 
| 123|0x000000008ad00000, 0x000000008ad00000, 0x000000008ae00000|  0%| F|  |TAMS 0x000000008ad00000, 0x000000008ad00000| Untracked 
| 124|0x000000008ae00000, 0x000000008ae00000, 0x000000008af00000|  0%| F|  |TAMS 0x000000008ae00000, 0x000000008ae00000| Untracked 
| 125|0x000000008af00000, 0x000000008af00000, 0x000000008b000000|  0%| F|  |TAMS 0x000000008af00000, 0x000000008af00000| Untracked 
| 126|0x000000008b000000, 0x000000008b000000, 0x000000008b100000|  0%| F|  |TAMS 0x000000008b000000, 0x000000008b000000| Untracked 
| 127|0x000000008b100000, 0x000000008b100000, 0x000000008b200000|  0%| F|  |TAMS 0x000000008b100000, 0x000000008b100000| Untracked 
| 128|0x000000008b200000, 0x000000008b300000, 0x000000008b300000|100%| S|CS|TAMS 0x000000008b200000, 0x000000008b200000| Complete 
| 129|0x000000008b300000, 0x000000008b400000, 0x000000008b400000|100%| S|CS|TAMS 0x000000008b300000, 0x000000008b300000| Complete 
| 130|0x000000008b400000, 0x000000008b500000, 0x000000008b500000|100%| S|CS|TAMS 0x000000008b400000, 0x000000008b400000| Complete 
| 131|0x000000008b500000, 0x000000008b600000, 0x000000008b600000|100%| S|CS|TAMS 0x000000008b500000, 0x000000008b500000| Complete 
| 132|0x000000008b600000, 0x000000008b700000, 0x000000008b700000|100%| S|CS|TAMS 0x000000008b600000, 0x000000008b600000| Complete 
| 133|0x000000008b700000, 0x000000008b800000, 0x000000008b800000|100%| S|CS|TAMS 0x000000008b700000, 0x000000008b700000| Complete 
| 134|0x000000008b800000, 0x000000008b800000, 0x000000008b900000|  0%| F|  |TAMS 0x000000008b800000, 0x000000008b800000| Untracked 
| 135|0x000000008b900000, 0x000000008b900000, 0x000000008ba00000|  0%| F|  |TAMS 0x000000008b900000, 0x000000008b900000| Untracked 
| 136|0x000000008ba00000, 0x000000008ba00000, 0x000000008bb00000|  0%| F|  |TAMS 0x000000008ba00000, 0x000000008ba00000| Untracked 
| 137|0x000000008bb00000, 0x000000008bb00000, 0x000000008bc00000|  0%| F|  |TAMS 0x000000008bb00000, 0x000000008bb00000| Untracked 
| 138|0x000000008bc00000, 0x000000008bc00000, 0x000000008bd00000|  0%| F|  |TAMS 0x000000008bc00000, 0x000000008bc00000| Untracked 
| 139|0x000000008bd00000, 0x000000008bd00000, 0x000000008be00000|  0%| F|  |TAMS 0x000000008bd00000, 0x000000008bd00000| Untracked 
| 140|0x000000008be00000, 0x000000008be00000, 0x000000008bf00000|  0%| F|  |TAMS 0x000000008be00000, 0x000000008be00000| Untracked 
| 141|0x000000008bf00000, 0x000000008bf00000, 0x000000008c000000|  0%| F|  |TAMS 0x000000008bf00000, 0x000000008bf00000| Untracked 
| 142|0x000000008c000000, 0x000000008c000000, 0x000000008c100000|  0%| F|  |TAMS 0x000000008c000000, 0x000000008c000000| Untracked 
| 143|0x000000008c100000, 0x000000008c100000, 0x000000008c200000|  0%| F|  |TAMS 0x000000008c100000, 0x000000008c100000| Untracked 
| 144|0x000000008c200000, 0x000000008c200000, 0x000000008c300000|  0%| F|  |TAMS 0x000000008c200000, 0x000000008c200000| Untracked 
| 145|0x000000008c300000, 0x000000008c300000, 0x000000008c400000|  0%| F|  |TAMS 0x000000008c300000, 0x000000008c300000| Untracked 
| 146|0x000000008c400000, 0x000000008c500000, 0x000000008c500000|100%| S|CS|TAMS 0x000000008c400000, 0x000000008c400000| Complete 
| 147|0x000000008c500000, 0x000000008c600000, 0x000000008c600000|100%| S|CS|TAMS 0x000000008c500000, 0x000000008c500000| Complete 
| 148|0x000000008c600000, 0x000000008c700000, 0x000000008c700000|100%| S|CS|TAMS 0x000000008c600000, 0x000000008c600000| Complete 
| 149|0x000000008c700000, 0x000000008c800000, 0x000000008c800000|100%| S|CS|TAMS 0x000000008c700000, 0x000000008c700000| Complete 
| 150|0x000000008c800000, 0x000000008c900000, 0x000000008c900000|100%| S|CS|TAMS 0x000000008c800000, 0x000000008c800000| Complete 
| 151|0x000000008c900000, 0x000000008ca00000, 0x000000008ca00000|100%| S|CS|TAMS 0x000000008c900000, 0x000000008c900000| Complete 
| 152|0x000000008ca00000, 0x000000008cb00000, 0x000000008cb00000|100%| S|CS|TAMS 0x000000008ca00000, 0x000000008ca00000| Complete 
| 153|0x000000008cb00000, 0x000000008cc00000, 0x000000008cc00000|100%| S|CS|TAMS 0x000000008cb00000, 0x000000008cb00000| Complete 
| 154|0x000000008cc00000, 0x000000008cc00000, 0x000000008cd00000|  0%| F|  |TAMS 0x000000008cc00000, 0x000000008cc00000| Untracked 
| 155|0x000000008cd00000, 0x000000008cd00000, 0x000000008ce00000|  0%| F|  |TAMS 0x000000008cd00000, 0x000000008cd00000| Untracked 
| 156|0x000000008ce00000, 0x000000008ce00000, 0x000000008cf00000|  0%| F|  |TAMS 0x000000008ce00000, 0x000000008ce00000| Untracked 
| 157|0x000000008cf00000, 0x000000008cf00000, 0x000000008d000000|  0%| F|  |TAMS 0x000000008cf00000, 0x000000008cf00000| Untracked 
| 158|0x000000008d000000, 0x000000008d100000, 0x000000008d100000|100%| S|CS|TAMS 0x000000008d000000, 0x000000008d000000| Complete 
| 159|0x000000008d100000, 0x000000008d200000, 0x000000008d200000|100%| S|CS|TAMS 0x000000008d100000, 0x000000008d100000| Complete 
| 160|0x000000008d200000, 0x000000008d200000, 0x000000008d300000|  0%| F|  |TAMS 0x000000008d200000, 0x000000008d200000| Untracked 
| 161|0x000000008d300000, 0x000000008d300000, 0x000000008d400000|  0%| F|  |TAMS 0x000000008d300000, 0x000000008d300000| Untracked 
| 162|0x000000008d400000, 0x000000008d400000, 0x000000008d500000|  0%| F|  |TAMS 0x000000008d400000, 0x000000008d400000| Untracked 
| 163|0x000000008d500000, 0x000000008d500000, 0x000000008d600000|  0%| F|  |TAMS 0x000000008d500000, 0x000000008d500000| Untracked 
| 164|0x000000008d600000, 0x000000008d600000, 0x000000008d700000|  0%| F|  |TAMS 0x000000008d600000, 0x000000008d600000| Untracked 
| 165|0x000000008d700000, 0x000000008d700000, 0x000000008d800000|  0%| F|  |TAMS 0x000000008d700000, 0x000000008d700000| Untracked 
| 166|0x000000008d800000, 0x000000008d800000, 0x000000008d900000|  0%| F|  |TAMS 0x000000008d800000, 0x000000008d800000| Untracked 
| 167|0x000000008d900000, 0x000000008d900000, 0x000000008da00000|  0%| F|  |TAMS 0x000000008d900000, 0x000000008d900000| Untracked 
| 168|0x000000008da00000, 0x000000008da00000, 0x000000008db00000|  0%| F|  |TAMS 0x000000008da00000, 0x000000008da00000| Untracked 
| 169|0x000000008db00000, 0x000000008db00000, 0x000000008dc00000|  0%| F|  |TAMS 0x000000008db00000, 0x000000008db00000| Untracked 
| 170|0x000000008dc00000, 0x000000008dc00000, 0x000000008dd00000|  0%| F|  |TAMS 0x000000008dc00000, 0x000000008dc00000| Untracked 
| 171|0x000000008dd00000, 0x000000008dd00000, 0x000000008de00000|  0%| F|  |TAMS 0x000000008dd00000, 0x000000008dd00000| Untracked 
| 172|0x000000008de00000, 0x000000008de00000, 0x000000008df00000|  0%| F|  |TAMS 0x000000008de00000, 0x000000008de00000| Untracked 
| 173|0x000000008df00000, 0x000000008df00000, 0x000000008e000000|  0%| F|  |TAMS 0x000000008df00000, 0x000000008df00000| Untracked 
| 174|0x000000008e000000, 0x000000008e000000, 0x000000008e100000|  0%| F|  |TAMS 0x000000008e000000, 0x000000008e000000| Untracked 
| 175|0x000000008e100000, 0x000000008e100000, 0x000000008e200000|  0%| F|  |TAMS 0x000000008e100000, 0x000000008e100000| Untracked 
| 176|0x000000008e200000, 0x000000008e200000, 0x000000008e300000|  0%| F|  |TAMS 0x000000008e200000, 0x000000008e200000| Untracked 
| 177|0x000000008e300000, 0x000000008e300000, 0x000000008e400000|  0%| F|  |TAMS 0x000000008e300000, 0x000000008e300000| Untracked 
| 178|0x000000008e400000, 0x000000008e400000, 0x000000008e500000|  0%| F|  |TAMS 0x000000008e400000, 0x000000008e400000| Untracked 
| 179|0x000000008e500000, 0x000000008e500000, 0x000000008e600000|  0%| F|  |TAMS 0x000000008e500000, 0x000000008e500000| Untracked 
| 180|0x000000008e600000, 0x000000008e600000, 0x000000008e700000|  0%| F|  |TAMS 0x000000008e600000, 0x000000008e600000| Untracked 
| 181|0x000000008e700000, 0x000000008e700000, 0x000000008e800000|  0%| F|  |TAMS 0x000000008e700000, 0x000000008e700000| Untracked 
| 182|0x000000008e800000, 0x000000008e800000, 0x000000008e900000|  0%| F|  |TAMS 0x000000008e800000, 0x000000008e800000| Untracked 
| 183|0x000000008e900000, 0x000000008e900000, 0x000000008ea00000|  0%| F|  |TAMS 0x000000008e900000, 0x000000008e900000| Untracked 
| 184|0x000000008ea00000, 0x000000008ea00000, 0x000000008eb00000|  0%| F|  |TAMS 0x000000008ea00000, 0x000000008ea00000| Untracked 
| 185|0x000000008eb00000, 0x000000008eb00000, 0x000000008ec00000|  0%| F|  |TAMS 0x000000008eb00000, 0x000000008eb00000| Untracked 
| 186|0x000000008ec00000, 0x000000008ec00000, 0x000000008ed00000|  0%| F|  |TAMS 0x000000008ec00000, 0x000000008ec00000| Untracked 
| 187|0x000000008ed00000, 0x000000008ed00000, 0x000000008ee00000|  0%| F|  |TAMS 0x000000008ed00000, 0x000000008ed00000| Untracked 
| 188|0x000000008ee00000, 0x000000008ee00000, 0x000000008ef00000|  0%| F|  |TAMS 0x000000008ee00000, 0x000000008ee00000| Untracked 
| 189|0x000000008ef00000, 0x000000008ef00000, 0x000000008f000000|  0%| F|  |TAMS 0x000000008ef00000, 0x000000008ef00000| Untracked 
| 190|0x000000008f000000, 0x000000008f000000, 0x000000008f100000|  0%| F|  |TAMS 0x000000008f000000, 0x000000008f000000| Untracked 
| 191|0x000000008f100000, 0x000000008f100000, 0x000000008f200000|  0%| F|  |TAMS 0x000000008f100000, 0x000000008f100000| Untracked 
| 192|0x000000008f200000, 0x000000008f200000, 0x000000008f300000|  0%| F|  |TAMS 0x000000008f200000, 0x000000008f200000| Untracked 
| 193|0x000000008f300000, 0x000000008f300000, 0x000000008f400000|  0%| F|  |TAMS 0x000000008f300000, 0x000000008f300000| Untracked 
| 194|0x000000008f400000, 0x000000008f400000, 0x000000008f500000|  0%| F|  |TAMS 0x000000008f400000, 0x000000008f400000| Untracked 
| 195|0x000000008f500000, 0x000000008f500000, 0x000000008f600000|  0%| F|  |TAMS 0x000000008f500000, 0x000000008f500000| Untracked 
| 196|0x000000008f600000, 0x000000008f600000, 0x000000008f700000|  0%| F|  |TAMS 0x000000008f600000, 0x000000008f600000| Untracked 
| 197|0x000000008f700000, 0x000000008f700000, 0x000000008f800000|  0%| F|  |TAMS 0x000000008f700000, 0x000000008f700000| Untracked 
| 198|0x000000008f800000, 0x000000008f800000, 0x000000008f900000|  0%| F|  |TAMS 0x000000008f800000, 0x000000008f800000| Untracked 
| 199|0x000000008f900000, 0x000000008f900000, 0x000000008fa00000|  0%| F|  |TAMS 0x000000008f900000, 0x000000008f900000| Untracked 
| 200|0x000000008fa00000, 0x000000008fa00000, 0x000000008fb00000|  0%| F|  |TAMS 0x000000008fa00000, 0x000000008fa00000| Untracked 
| 201|0x000000008fb00000, 0x000000008fb00000, 0x000000008fc00000|  0%| F|  |TAMS 0x000000008fb00000, 0x000000008fb00000| Untracked 
| 202|0x000000008fc00000, 0x000000008fc00000, 0x000000008fd00000|  0%| F|  |TAMS 0x000000008fc00000, 0x000000008fc00000| Untracked 
| 203|0x000000008fd00000, 0x000000008fd00000, 0x000000008fe00000|  0%| F|  |TAMS 0x000000008fd00000, 0x000000008fd00000| Untracked 
| 204|0x000000008fe00000, 0x000000008fe00000, 0x000000008ff00000|  0%| F|  |TAMS 0x000000008fe00000, 0x000000008fe00000| Untracked 
| 205|0x000000008ff00000, 0x000000008ff00000, 0x0000000090000000|  0%| F|  |TAMS 0x000000008ff00000, 0x000000008ff00000| Untracked 
| 206|0x0000000090000000, 0x0000000090000000, 0x0000000090100000|  0%| F|  |TAMS 0x0000000090000000, 0x0000000090000000| Untracked 
| 207|0x0000000090100000, 0x0000000090100000, 0x0000000090200000|  0%| F|  |TAMS 0x0000000090100000, 0x0000000090100000| Untracked 
| 208|0x0000000090200000, 0x0000000090200000, 0x0000000090300000|  0%| F|  |TAMS 0x0000000090200000, 0x0000000090200000| Untracked 
| 209|0x0000000090300000, 0x0000000090300000, 0x0000000090400000|  0%| F|  |TAMS 0x0000000090300000, 0x0000000090300000| Untracked 
| 210|0x0000000090400000, 0x0000000090400000, 0x0000000090500000|  0%| F|  |TAMS 0x0000000090400000, 0x0000000090400000| Untracked 
| 211|0x0000000090500000, 0x0000000090500000, 0x0000000090600000|  0%| F|  |TAMS 0x0000000090500000, 0x0000000090500000| Untracked 
| 212|0x0000000090600000, 0x0000000090600000, 0x0000000090700000|  0%| F|  |TAMS 0x0000000090600000, 0x0000000090600000| Untracked 
| 213|0x0000000090700000, 0x0000000090700000, 0x0000000090800000|  0%| F|  |TAMS 0x0000000090700000, 0x0000000090700000| Untracked 
| 214|0x0000000090800000, 0x0000000090800000, 0x0000000090900000|  0%| F|  |TAMS 0x0000000090800000, 0x0000000090800000| Untracked 
| 215|0x0000000090900000, 0x0000000090900000, 0x0000000090a00000|  0%| F|  |TAMS 0x0000000090900000, 0x0000000090900000| Untracked 
| 216|0x0000000090a00000, 0x0000000090a00000, 0x0000000090b00000|  0%| F|  |TAMS 0x0000000090a00000, 0x0000000090a00000| Untracked 
| 217|0x0000000090b00000, 0x0000000090b00000, 0x0000000090c00000|  0%| F|  |TAMS 0x0000000090b00000, 0x0000000090b00000| Untracked 
| 218|0x0000000090c00000, 0x0000000090c00000, 0x0000000090d00000|  0%| F|  |TAMS 0x0000000090c00000, 0x0000000090c00000| Untracked 
| 219|0x0000000090d00000, 0x0000000090d00000, 0x0000000090e00000|  0%| F|  |TAMS 0x0000000090d00000, 0x0000000090d00000| Untracked 
| 220|0x0000000090e00000, 0x0000000090e00000, 0x0000000090f00000|  0%| F|  |TAMS 0x0000000090e00000, 0x0000000090e00000| Untracked 
| 221|0x0000000090f00000, 0x0000000090f00000, 0x0000000091000000|  0%| F|  |TAMS 0x0000000090f00000, 0x0000000090f00000| Untracked 
| 222|0x0000000091000000, 0x0000000091000000, 0x0000000091100000|  0%| F|  |TAMS 0x0000000091000000, 0x0000000091000000| Untracked 
| 223|0x0000000091100000, 0x0000000091100000, 0x0000000091200000|  0%| F|  |TAMS 0x0000000091100000, 0x0000000091100000| Untracked 
| 224|0x0000000091200000, 0x0000000091200000, 0x0000000091300000|  0%| F|  |TAMS 0x0000000091200000, 0x0000000091200000| Untracked 
| 225|0x0000000091300000, 0x0000000091300000, 0x0000000091400000|  0%| F|  |TAMS 0x0000000091300000, 0x0000000091300000| Untracked 
| 226|0x0000000091400000, 0x0000000091400000, 0x0000000091500000|  0%| F|  |TAMS 0x0000000091400000, 0x0000000091400000| Untracked 
| 227|0x0000000091500000, 0x0000000091500000, 0x0000000091600000|  0%| F|  |TAMS 0x0000000091500000, 0x0000000091500000| Untracked 
| 228|0x0000000091600000, 0x0000000091600000, 0x0000000091700000|  0%| F|  |TAMS 0x0000000091600000, 0x0000000091600000| Untracked 
| 229|0x0000000091700000, 0x0000000091700000, 0x0000000091800000|  0%| F|  |TAMS 0x0000000091700000, 0x0000000091700000| Untracked 
| 230|0x0000000091800000, 0x0000000091800000, 0x0000000091900000|  0%| F|  |TAMS 0x0000000091800000, 0x0000000091800000| Untracked 
| 231|0x0000000091900000, 0x0000000091900000, 0x0000000091a00000|  0%| F|  |TAMS 0x0000000091900000, 0x0000000091900000| Untracked 
| 232|0x0000000091a00000, 0x0000000091a00000, 0x0000000091b00000|  0%| F|  |TAMS 0x0000000091a00000, 0x0000000091a00000| Untracked 
| 233|0x0000000091b00000, 0x0000000091b00000, 0x0000000091c00000|  0%| F|  |TAMS 0x0000000091b00000, 0x0000000091b00000| Untracked 
| 234|0x0000000091c00000, 0x0000000091c00000, 0x0000000091d00000|  0%| F|  |TAMS 0x0000000091c00000, 0x0000000091c00000| Untracked 
| 235|0x0000000091d00000, 0x0000000091d00000, 0x0000000091e00000|  0%| F|  |TAMS 0x0000000091d00000, 0x0000000091d00000| Untracked 
| 236|0x0000000091e00000, 0x0000000091e00000, 0x0000000091f00000|  0%| F|  |TAMS 0x0000000091e00000, 0x0000000091e00000| Untracked 
| 237|0x0000000091f00000, 0x0000000091f00000, 0x0000000092000000|  0%| F|  |TAMS 0x0000000091f00000, 0x0000000091f00000| Untracked 
| 238|0x0000000092000000, 0x0000000092000000, 0x0000000092100000|  0%| F|  |TAMS 0x0000000092000000, 0x0000000092000000| Untracked 
| 239|0x0000000092100000, 0x0000000092100000, 0x0000000092200000|  0%| F|  |TAMS 0x0000000092100000, 0x0000000092100000| Untracked 
| 240|0x0000000092200000, 0x0000000092200000, 0x0000000092300000|  0%| F|  |TAMS 0x0000000092200000, 0x0000000092200000| Untracked 
| 241|0x0000000092300000, 0x0000000092300000, 0x0000000092400000|  0%| F|  |TAMS 0x0000000092300000, 0x0000000092300000| Untracked 
| 242|0x0000000092400000, 0x0000000092400000, 0x0000000092500000|  0%| F|  |TAMS 0x0000000092400000, 0x0000000092400000| Untracked 
| 243|0x0000000092500000, 0x0000000092500000, 0x0000000092600000|  0%| F|  |TAMS 0x0000000092500000, 0x0000000092500000| Untracked 
| 244|0x0000000092600000, 0x0000000092600000, 0x0000000092700000|  0%| F|  |TAMS 0x0000000092600000, 0x0000000092600000| Untracked 
| 245|0x0000000092700000, 0x0000000092700000, 0x0000000092800000|  0%| F|  |TAMS 0x0000000092700000, 0x0000000092700000| Untracked 
| 246|0x0000000092800000, 0x0000000092800000, 0x0000000092900000|  0%| F|  |TAMS 0x0000000092800000, 0x0000000092800000| Untracked 
| 247|0x0000000092900000, 0x0000000092900000, 0x0000000092a00000|  0%| F|  |TAMS 0x0000000092900000, 0x0000000092900000| Untracked 
| 248|0x0000000092a00000, 0x0000000092a00000, 0x0000000092b00000|  0%| F|  |TAMS 0x0000000092a00000, 0x0000000092a00000| Untracked 
| 249|0x0000000092b00000, 0x0000000092b00000, 0x0000000092c00000|  0%| F|  |TAMS 0x0000000092b00000, 0x0000000092b00000| Untracked 
| 250|0x0000000092c00000, 0x0000000092c00000, 0x0000000092d00000|  0%| F|  |TAMS 0x0000000092c00000, 0x0000000092c00000| Untracked 
| 251|0x0000000092d00000, 0x0000000092d00000, 0x0000000092e00000|  0%| F|  |TAMS 0x0000000092d00000, 0x0000000092d00000| Untracked 
| 252|0x0000000092e00000, 0x0000000092e00000, 0x0000000092f00000|  0%| F|  |TAMS 0x0000000092e00000, 0x0000000092e00000| Untracked 
| 253|0x0000000092f00000, 0x0000000092f00000, 0x0000000093000000|  0%| F|  |TAMS 0x0000000092f00000, 0x0000000092f00000| Untracked 
| 254|0x0000000093000000, 0x0000000093000000, 0x0000000093100000|  0%| F|  |TAMS 0x0000000093000000, 0x0000000093000000| Untracked 
| 255|0x0000000093100000, 0x0000000093100000, 0x0000000093200000|  0%| F|  |TAMS 0x0000000093100000, 0x0000000093100000| Untracked 
| 256|0x0000000093200000, 0x0000000093200000, 0x0000000093300000|  0%| F|  |TAMS 0x0000000093200000, 0x0000000093200000| Untracked 
| 257|0x0000000093300000, 0x0000000093300000, 0x0000000093400000|  0%| F|  |TAMS 0x0000000093300000, 0x0000000093300000| Untracked 
| 258|0x0000000093400000, 0x0000000093400000, 0x0000000093500000|  0%| F|  |TAMS 0x0000000093400000, 0x0000000093400000| Untracked 
| 259|0x0000000093500000, 0x0000000093500000, 0x0000000093600000|  0%| F|  |TAMS 0x0000000093500000, 0x0000000093500000| Untracked 
| 260|0x0000000093600000, 0x0000000093600000, 0x0000000093700000|  0%| F|  |TAMS 0x0000000093600000, 0x0000000093600000| Untracked 
| 261|0x0000000093700000, 0x0000000093700000, 0x0000000093800000|  0%| F|  |TAMS 0x0000000093700000, 0x0000000093700000| Untracked 
| 262|0x0000000093800000, 0x0000000093800000, 0x0000000093900000|  0%| F|  |TAMS 0x0000000093800000, 0x0000000093800000| Untracked 
| 263|0x0000000093900000, 0x0000000093900000, 0x0000000093a00000|  0%| F|  |TAMS 0x0000000093900000, 0x0000000093900000| Untracked 
| 264|0x0000000093a00000, 0x0000000093a00000, 0x0000000093b00000|  0%| F|  |TAMS 0x0000000093a00000, 0x0000000093a00000| Untracked 
| 265|0x0000000093b00000, 0x0000000093b00000, 0x0000000093c00000|  0%| F|  |TAMS 0x0000000093b00000, 0x0000000093b00000| Untracked 
| 266|0x0000000093c00000, 0x0000000093c00000, 0x0000000093d00000|  0%| F|  |TAMS 0x0000000093c00000, 0x0000000093c00000| Untracked 
| 267|0x0000000093d00000, 0x0000000093d00000, 0x0000000093e00000|  0%| F|  |TAMS 0x0000000093d00000, 0x0000000093d00000| Untracked 
| 268|0x0000000093e00000, 0x0000000093e00000, 0x0000000093f00000|  0%| F|  |TAMS 0x0000000093e00000, 0x0000000093e00000| Untracked 
| 269|0x0000000093f00000, 0x0000000093f00000, 0x0000000094000000|  0%| F|  |TAMS 0x0000000093f00000, 0x0000000093f00000| Untracked 
| 270|0x0000000094000000, 0x0000000094000000, 0x0000000094100000|  0%| F|  |TAMS 0x0000000094000000, 0x0000000094000000| Untracked 
| 271|0x0000000094100000, 0x0000000094100000, 0x0000000094200000|  0%| F|  |TAMS 0x0000000094100000, 0x0000000094100000| Untracked 
| 272|0x0000000094200000, 0x0000000094200000, 0x0000000094300000|  0%| F|  |TAMS 0x0000000094200000, 0x0000000094200000| Untracked 
| 273|0x0000000094300000, 0x0000000094300000, 0x0000000094400000|  0%| F|  |TAMS 0x0000000094300000, 0x0000000094300000| Untracked 
| 274|0x0000000094400000, 0x0000000094400000, 0x0000000094500000|  0%| F|  |TAMS 0x0000000094400000, 0x0000000094400000| Untracked 
| 275|0x0000000094500000, 0x0000000094500000, 0x0000000094600000|  0%| F|  |TAMS 0x0000000094500000, 0x0000000094500000| Untracked 
| 276|0x0000000094600000, 0x0000000094600000, 0x0000000094700000|  0%| F|  |TAMS 0x0000000094600000, 0x0000000094600000| Untracked 
| 277|0x0000000094700000, 0x0000000094700000, 0x0000000094800000|  0%| F|  |TAMS 0x0000000094700000, 0x0000000094700000| Untracked 
| 278|0x0000000094800000, 0x0000000094800000, 0x0000000094900000|  0%| F|  |TAMS 0x0000000094800000, 0x0000000094800000| Untracked 
| 279|0x0000000094900000, 0x0000000094900000, 0x0000000094a00000|  0%| F|  |TAMS 0x0000000094900000, 0x0000000094900000| Untracked 
| 280|0x0000000094a00000, 0x0000000094a00000, 0x0000000094b00000|  0%| F|  |TAMS 0x0000000094a00000, 0x0000000094a00000| Untracked 
| 281|0x0000000094b00000, 0x0000000094b00000, 0x0000000094c00000|  0%| F|  |TAMS 0x0000000094b00000, 0x0000000094b00000| Untracked 
| 282|0x0000000094c00000, 0x0000000094c00000, 0x0000000094d00000|  0%| F|  |TAMS 0x0000000094c00000, 0x0000000094c00000| Untracked 
| 283|0x0000000094d00000, 0x0000000094d00000, 0x0000000094e00000|  0%| F|  |TAMS 0x0000000094d00000, 0x0000000094d00000| Untracked 
| 284|0x0000000094e00000, 0x0000000094e00000, 0x0000000094f00000|  0%| F|  |TAMS 0x0000000094e00000, 0x0000000094e00000| Untracked 
| 285|0x0000000094f00000, 0x0000000094f00000, 0x0000000095000000|  0%| F|  |TAMS 0x0000000094f00000, 0x0000000094f00000| Untracked 
| 286|0x0000000095000000, 0x0000000095000000, 0x0000000095100000|  0%| F|  |TAMS 0x0000000095000000, 0x0000000095000000| Untracked 
| 287|0x0000000095100000, 0x0000000095100000, 0x0000000095200000|  0%| F|  |TAMS 0x0000000095100000, 0x0000000095100000| Untracked 
| 288|0x0000000095200000, 0x0000000095200000, 0x0000000095300000|  0%| F|  |TAMS 0x0000000095200000, 0x0000000095200000| Untracked 
| 289|0x0000000095300000, 0x0000000095300000, 0x0000000095400000|  0%| F|  |TAMS 0x0000000095300000, 0x0000000095300000| Untracked 

Card table byte_map: [0x000001e777b20000,0x000001e777f10000] _byte_map_base: 0x000001e777707000

Marking Bits (Prev, Next): (CMBitMap*) 0x000001e76cbabbc0, (CMBitMap*) 0x000001e76cbabc00
 Prev Bits: [0x000001e778300000, 0x000001e77a238000)
 Next Bits: [0x000001e77a240000, 0x000001e77c178000)

Polling page: 0x000001e76c300000

Metaspace:

Usage:
  Non-class:     29.67 MB used.
      Class:      4.34 MB used.
       Both:     34.01 MB used.

Virtual space:
  Non-class space:       32.00 MB reserved,      29.88 MB ( 93%) committed,  4 nodes.
      Class space:        1.00 GB reserved,       4.50 MB ( <1%) committed,  1 nodes.
             Both:        1.03 GB reserved,      34.38 MB (  3%) committed. 

Chunk freelists:
   Non-Class:  1.56 MB
       Class:  3.50 MB
        Both:  5.06 MB

MaxMetaspaceSize: unlimited
CompressedClassSpaceSize: 1.00 GB
Initial GC threshold: 21.00 MB
Current GC threshold: 52.44 MB
CDS: on
MetaspaceReclaimPolicy: balanced
 - commit_granule_bytes: 65536.
 - commit_granule_words: 8192.
 - virtual_space_node_default_size: 1048576.
 - enlarge_chunks_in_place: 1.
 - new_chunks_are_fully_committed: 0.
 - uncommit_free_chunks: 1.
 - use_allocation_guard: 0.
 - handle_deallocations: 1.


Internal statistics:

num_allocs_failed_limit: 3.
num_arena_births: 410.
num_arena_deaths: 0.
num_vsnodes_births: 5.
num_vsnodes_deaths: 0.
num_space_committed: 550.
num_space_uncommitted: 0.
num_chunks_returned_to_freelist: 3.
num_chunks_taken_from_freelist: 1675.
num_chunk_merges: 0.
num_chunk_splits: 1168.
num_chunks_enlarged: 913.
num_purges: 0.
num_inconsistent_stats: 0.

CodeCache: size=49152Kb used=10048Kb max_used=10048Kb free=39103Kb
 bounds [0x000001e774620000, 0x000001e775000000, 0x000001e777620000]
 total_blobs=4846 nmethods=4294 adapters=476
 compilation: enabled
              stopped_count=0, restarted_count=0
 full_count=0

Compilation events (20 events):
Event: 11.812 Thread 0x000001e77ec43e50 4290       1       java.util.concurrent.locks.ReentrantLock$NonfairSync::tryAcquire (27 bytes)
Event: 11.812 Thread 0x000001e77ec43e50 nmethod 4290 0x000001e774fea190 code [0x000001e774fea320, 0x000001e774fea498]
Event: 11.865 Thread 0x000001e77ec0c140 4291   !   1       java.util.jar.JarVerifier::processEntry (437 bytes)
Event: 11.867 Thread 0x000001e77ec0bc30 4292   !   1       sun.security.util.ManifestEntryVerifier::setEntry (298 bytes)
Event: 11.869 Thread 0x000001e77ec0c140 nmethod 4291 0x000001e774fea510 code [0x000001e774fea8e0, 0x000001e774febd68]
Event: 11.871 Thread 0x000001e77ec0bc30 nmethod 4292 0x000001e774fecd10 code [0x000001e774fed0c0, 0x000001e774fedef8]
Event: 12.065 Thread 0x000001e77ec43e50 4293       1       io.github.classgraph.ModuleRef::getReference (5 bytes)
Event: 12.065 Thread 0x000001e77ec43e50 nmethod 4293 0x000001e774fee790 code [0x000001e774fee920, 0x000001e774fee9f8]
Event: 12.186 Thread 0x000001e77ec43e50 4294   !   1       jdk.internal.module.SystemModuleFinders$SystemModuleReader::checkPermissionToConnect (38 bytes)
Event: 12.188 Thread 0x000001e77ec43e50 nmethod 4294 0x000001e774feea90 code [0x000001e774feec60, 0x000001e774feee88]
Event: 12.190 Thread 0x000001e77ec0c140 4295   !   1       jdk.internal.module.ModuleReferenceImpl::open (19 bytes)
Event: 12.190 Thread 0x000001e77f955900 4296       1       jdk.internal.module.SystemModuleFinders$2::get (5 bytes)
Event: 12.191 Thread 0x000001e77ec0c140 nmethod 4295 0x000001e774fef090 code [0x000001e774fef240, 0x000001e774fef3d8]
Event: 12.191 Thread 0x000001e77f955900 nmethod 4296 0x000001e774fef510 code [0x000001e774fef6a0, 0x000001e774fef848]
Event: 12.191 Thread 0x000001e77f955900 4297       1       jdk.internal.module.SystemModuleFinders$SystemModuleReader::<init> (14 bytes)
Event: 12.191 Thread 0x000001e77ec0bc30 4298       1       jdk.internal.module.SystemModuleFinders$2::get (16 bytes)
Event: 12.193 Thread 0x000001e77ec0bc30 nmethod 4298 0x000001e774fef910 code [0x000001e774fefaa0, 0x000001e774fefc48]
Event: 12.193 Thread 0x000001e77f955900 nmethod 4297 0x000001e774fefd10 code [0x000001e774fefea0, 0x000001e774feffe8]
Event: 12.201 Thread 0x000001e77ec43e50 4299       1       java.util.concurrent.ConcurrentHashMap::resizeStamp (9 bytes)
Event: 12.201 Thread 0x000001e77ec43e50 nmethod 4299 0x000001e774ff0090 code [0x000001e774ff0220, 0x000001e774ff02e8]

GC Heap History (20 events):
Event: 9.976 GC heap after
{Heap after GC invocations=12 (full 0):
 garbage-first heap   total 92160K, used 48485K [0x0000000083200000, 0x0000000100000000)
  region size 1024K, 4 young (4096K), 4 survivors (4096K)
 Metaspace       used 30454K, committed 30784K, reserved 1081344K
  class space    used 3978K, committed 4096K, reserved 1048576K
}
Event: 10.517 GC heap before
{Heap before GC invocations=12 (full 0):
 garbage-first heap   total 92160K, used 65893K [0x0000000083200000, 0x0000000100000000)
  region size 1024K, 23 young (23552K), 4 survivors (4096K)
 Metaspace       used 31472K, committed 31872K, reserved 1081344K
  class space    used 4106K, committed 4288K, reserved 1048576K
}
Event: 10.530 GC heap after
{Heap after GC invocations=13 (full 0):
 garbage-first heap   total 148480K, used 52379K [0x0000000083200000, 0x0000000100000000)
  region size 1024K, 3 young (3072K), 3 survivors (3072K)
 Metaspace       used 31472K, committed 31872K, reserved 1081344K
  class space    used 4106K, committed 4288K, reserved 1048576K
}
Event: 10.810 GC heap before
{Heap before GC invocations=13 (full 0):
 garbage-first heap   total 148480K, used 110747K [0x0000000083200000, 0x0000000100000000)
  region size 1024K, 58 young (59392K), 3 survivors (3072K)
 Metaspace       used 31578K, committed 31936K, reserved 1081344K
  class space    used 4117K, committed 4288K, reserved 1048576K
}
Event: 10.851 GC heap after
{Heap after GC invocations=14 (full 0):
 garbage-first heap   total 148480K, used 73846K [0x0000000083200000, 0x0000000100000000)
  region size 1024K, 8 young (8192K), 8 survivors (8192K)
 Metaspace       used 31578K, committed 31936K, reserved 1081344K
  class space    used 4117K, committed 4288K, reserved 1048576K
}
Event: 10.888 GC heap before
{Heap before GC invocations=14 (full 0):
 garbage-first heap   total 148480K, used 109686K [0x0000000083200000, 0x0000000100000000)
  region size 1024K, 44 young (45056K), 8 survivors (8192K)
 Metaspace       used 31587K, committed 31936K, reserved 1081344K
  class space    used 4119K, committed 4288K, reserved 1048576K
}
Event: 10.896 GC heap after
{Heap after GC invocations=15 (full 0):
 garbage-first heap   total 148480K, used 77596K [0x0000000083200000, 0x0000000100000000)
  region size 1024K, 3 young (3072K), 3 survivors (3072K)
 Metaspace       used 31587K, committed 31936K, reserved 1081344K
  class space    used 4119K, committed 4288K, reserved 1048576K
}
Event: 10.965 GC heap before
{Heap before GC invocations=15 (full 0):
 garbage-first heap   total 148480K, used 113436K [0x0000000083200000, 0x0000000100000000)
  region size 1024K, 39 young (39936K), 3 survivors (3072K)
 Metaspace       used 31680K, committed 32064K, reserved 1081344K
  class space    used 4141K, committed 4352K, reserved 1048576K
}
Event: 10.971 GC heap after
{Heap after GC invocations=16 (full 0):
 garbage-first heap   total 148480K, used 79557K [0x0000000083200000, 0x0000000100000000)
  region size 1024K, 5 young (5120K), 5 survivors (5120K)
 Metaspace       used 31680K, committed 32064K, reserved 1081344K
  class space    used 4141K, committed 4352K, reserved 1048576K
}
Event: 11.074 GC heap before
{Heap before GC invocations=16 (full 0):
 garbage-first heap   total 148480K, used 116421K [0x0000000083200000, 0x0000000100000000)
  region size 1024K, 42 young (43008K), 5 survivors (5120K)
 Metaspace       used 31735K, committed 32128K, reserved 1081344K
  class space    used 4149K, committed 4352K, reserved 1048576K
}
Event: 11.082 GC heap after
{Heap after GC invocations=17 (full 0):
 garbage-first heap   total 296960K, used 81716K [0x0000000083200000, 0x0000000100000000)
  region size 1024K, 5 young (5120K), 5 survivors (5120K)
 Metaspace       used 31735K, committed 32128K, reserved 1081344K
  class space    used 4149K, committed 4352K, reserved 1048576K
}
Event: 11.474 GC heap before
{Heap before GC invocations=18 (full 0):
 garbage-first heap   total 296960K, used 195380K [0x0000000083200000, 0x0000000100000000)
  region size 1024K, 118 young (120832K), 5 survivors (5120K)
 Metaspace       used 32803K, committed 33216K, reserved 1081344K
  class space    used 4230K, committed 4416K, reserved 1048576K
}
Event: 11.487 GC heap after
{Heap after GC invocations=19 (full 0):
 garbage-first heap   total 296960K, used 86556K [0x0000000083200000, 0x0000000100000000)
  region size 1024K, 11 young (11264K), 11 survivors (11264K)
 Metaspace       used 32803K, committed 33216K, reserved 1081344K
  class space    used 4230K, committed 4416K, reserved 1048576K
}
Event: 11.505 GC heap before
{Heap before GC invocations=19 (full 0):
 garbage-first heap   total 296960K, used 89628K [0x0000000083200000, 0x0000000100000000)
  region size 1024K, 14 young (14336K), 11 survivors (11264K)
 Metaspace       used 32829K, committed 33280K, reserved 1081344K
  class space    used 4237K, committed 4416K, reserved 1048576K
}
Event: 11.515 GC heap after
{Heap after GC invocations=20 (full 0):
 garbage-first heap   total 296960K, used 86238K [0x0000000083200000, 0x0000000100000000)
  region size 1024K, 2 young (2048K), 2 survivors (2048K)
 Metaspace       used 32829K, committed 33280K, reserved 1081344K
  class space    used 4237K, committed 4416K, reserved 1048576K
}
Event: 11.784 GC heap before
{Heap before GC invocations=20 (full 0):
 garbage-first heap   total 296960K, used 222430K [0x0000000083200000, 0x0000000100000000)
  region size 1024K, 136 young (139264K), 2 survivors (2048K)
 Metaspace       used 33691K, committed 34112K, reserved 1081344K
  class space    used 4309K, committed 4480K, reserved 1048576K
}
Event: 11.795 GC heap after
{Heap after GC invocations=21 (full 0):
 garbage-first heap   total 296960K, used 92324K [0x0000000083200000, 0x0000000100000000)
  region size 1024K, 8 young (8192K), 8 survivors (8192K)
 Metaspace       used 33691K, committed 34112K, reserved 1081344K
  class space    used 4309K, committed 4480K, reserved 1048576K
}
Event: 12.002 GC heap before
{Heap before GC invocations=21 (full 0):
 garbage-first heap   total 296960K, used 226468K [0x0000000083200000, 0x0000000100000000)
  region size 1024K, 140 young (143360K), 8 survivors (8192K)
 Metaspace       used 34331K, committed 34752K, reserved 1081344K
  class space    used 4388K, committed 4544K, reserved 1048576K
}
Event: 12.030 GC heap after
{Heap after GC invocations=22 (full 0):
 garbage-first heap   total 296960K, used 100389K [0x0000000083200000, 0x0000000100000000)
  region size 1024K, 16 young (16384K), 16 survivors (16384K)
 Metaspace       used 34331K, committed 34752K, reserved 1081344K
  class space    used 4388K, committed 4544K, reserved 1048576K
}
Event: 12.272 GC heap before
{Heap before GC invocations=22 (full 0):
 garbage-first heap   total 296960K, used 232485K [0x0000000083200000, 0x0000000100000000)
  region size 1024K, 146 young (149504K), 16 survivors (16384K)
 Metaspace       used 34826K, committed 35200K, reserved 1081344K
  class space    used 4446K, committed 4608K, reserved 1048576K
}

Dll operation events (9 events):
Event: 0.025 Loaded shared library C:\Program Files\Eclipse Adoptium\jdk-17.0.5.8-hotspot\bin\java.dll
Event: 0.096 Loaded shared library C:\Program Files\Eclipse Adoptium\jdk-17.0.5.8-hotspot\bin\jsvml.dll
Event: 0.344 Loaded shared library C:\Program Files\Eclipse Adoptium\jdk-17.0.5.8-hotspot\bin\net.dll
Event: 0.349 Loaded shared library C:\Program Files\Eclipse Adoptium\jdk-17.0.5.8-hotspot\bin\nio.dll
Event: 0.361 Loaded shared library C:\Program Files\Eclipse Adoptium\jdk-17.0.5.8-hotspot\bin\zip.dll
Event: 0.834 Loaded shared library C:\Program Files\Eclipse Adoptium\jdk-17.0.5.8-hotspot\bin\verify.dll
Event: 0.847 Loaded shared library C:\Program Files\Eclipse Adoptium\jdk-17.0.5.8-hotspot\bin\jimage.dll
Event: 2.769 Loaded shared library C:\Program Files\Eclipse Adoptium\jdk-17.0.5.8-hotspot\bin\management.dll
Event: 2.775 Loaded shared library C:\Program Files\Eclipse Adoptium\jdk-17.0.5.8-hotspot\bin\management_ext.dll

Deoptimization events (10 events):
Event: 3.481 Thread 0x000001e76cb4f290 DEOPT PACKING pc=0x000001e774b87919 sp=0x000000b2dcafd010
Event: 3.482 Thread 0x000001e76cb4f290 DEOPT UNPACKING pc=0x000001e7746766e3 sp=0x000000b2dcafc4f0 mode 3
Event: 8.171 Thread 0x000001e7016931c0 DEOPT PACKING pc=0x000001e774db33b5 sp=0x000000b2debfe270
Event: 8.171 Thread 0x000001e7016931c0 DEOPT UNPACKING pc=0x000001e7746766e3 sp=0x000000b2debfd798 mode 3
Event: 8.476 Thread 0x000001e700686890 DEOPT PACKING pc=0x000001e774dd627b sp=0x000000b2decfe960
Event: 8.476 Thread 0x000001e700686890 DEOPT UNPACKING pc=0x000001e7746766e3 sp=0x000000b2decfdea8 mode 3
Event: 8.698 Thread 0x000001e7014ba090 DEOPT PACKING pc=0x000001e774b85d01 sp=0x000000b2deafd7f0
Event: 8.698 Thread 0x000001e7014ba090 DEOPT UNPACKING pc=0x000001e7746766e3 sp=0x000000b2deafcc80 mode 3
Event: 9.648 Thread 0x000001e70162e9a0 DEOPT PACKING pc=0x000001e774b84897 sp=0x000000b2dfbfec20
Event: 9.648 Thread 0x000001e70162e9a0 DEOPT UNPACKING pc=0x000001e7746766e3 sp=0x000000b2dfbfe078 mode 3

Classes unloaded (0 events):
No events

Classes redefined (0 events):
No events

Internal exceptions (20 events):
Event: 8.577 Thread 0x000001e7016301b0 Exception <a 'sun/nio/fs/WindowsException'{0x00000000861ece88}> (0x00000000861ece88) 
thrown [s\src\hotspot\share\prims\jni.cpp, line 516]
Event: 8.577 Thread 0x000001e7016301b0 Exception <a 'sun/nio/fs/WindowsException'{0x00000000861ed278}> (0x00000000861ed278) 
thrown [s\src\hotspot\share\prims\jni.cpp, line 516]
Event: 8.585 Thread 0x000001e7016931c0 Exception <a 'java/lang/NoSuchMethodError'{0x0000000086050988}: 'int java.lang.invoke.DirectMethodHandle$Holder.invokeStatic(java.lang.Object)'> (0x0000000086050988) 
thrown [s\src\hotspot\share\interpreter\linkResolver.cpp, line 759]
Event: 8.585 Thread 0x000001e7016931c0 Exception <a 'java/lang/NoSuchMethodError'{0x0000000086054030}: 'int java.lang.invoke.DirectMethodHandle$Holder.invokeStaticInit(java.lang.Object)'> (0x0000000086054030) 
thrown [s\src\hotspot\share\interpreter\linkResolver.cpp, line 759]
Event: 10.120 Thread 0x000001e7016931c0 Exception <a 'java/lang/NoSuchMethodError'{0x0000000088811c18}: 'java.lang.Object java.lang.invoke.Invokers$Holder.invoke_MT(java.lang.Object, java.lang.Object, java.lang.Object)'> (0x0000000088811c18) 
thrown [s\src\hotspot\share\interpreter\linkResolver.cpp, line 759]
Event: 10.360 Thread 0x000001e7016931c0 Exception <a 'java/lang/NoSuchMethodError'{0x0000000088094840}: 'java.lang.Object java.lang.invoke.DirectMethodHandle$Holder.newInvokeSpecial(java.lang.Object, java.lang.Object, int)'> (0x0000000088094840) 
thrown [s\src\hotspot\share\interpreter\linkResolver.cpp, line 759]
Event: 10.370 Thread 0x000001e701850010 Exception <a 'java/lang/NoSuchMethodError'{0x0000000087f1c8a8}: 'java.lang.Object java.lang.invoke.Invokers$Holder.linkToTargetMethod(java.lang.Object, long, java.lang.Object)'> (0x0000000087f1c8a8) 
thrown [s\src\hotspot\share\interpreter\linkResolver.cpp, line 759]
Event: 10.398 Thread 0x000001e701850010 Exception <a 'sun/nio/fs/WindowsException'{0x0000000087fc8ea8}> (0x0000000087fc8ea8) 
thrown [s\src\hotspot\share\prims\jni.cpp, line 516]
Event: 11.459 Thread 0x000001e701850010 Exception <a 'sun/nio/fs/WindowsException'{0x000000008eb92c90}> (0x000000008eb92c90) 
thrown [s\src\hotspot\share\prims\jni.cpp, line 516]
Event: 11.460 Thread 0x000001e701850010 Exception <a 'sun/nio/fs/WindowsException'{0x000000008eb935b0}> (0x000000008eb935b0) 
thrown [s\src\hotspot\share\prims\jni.cpp, line 516]
Event: 11.460 Thread 0x000001e701850010 Exception <a 'sun/nio/fs/WindowsException'{0x000000008eb93fe8}> (0x000000008eb93fe8) 
thrown [s\src\hotspot\share\prims\jni.cpp, line 516]
Event: 11.460 Thread 0x000001e701850010 Exception <a 'sun/nio/fs/WindowsException'{0x000000008eb94908}> (0x000000008eb94908) 
thrown [s\src\hotspot\share\prims\jni.cpp, line 516]
Event: 11.460 Thread 0x000001e701850010 Exception <a 'sun/nio/fs/WindowsException'{0x000000008eb95228}> (0x000000008eb95228) 
thrown [s\src\hotspot\share\prims\jni.cpp, line 516]
Event: 11.461 Thread 0x000001e701850010 Exception <a 'sun/nio/fs/WindowsException'{0x000000008eb95cc8}> (0x000000008eb95cc8) 
thrown [s\src\hotspot\share\prims\jni.cpp, line 516]
Event: 11.494 Thread 0x000001e701850010 Exception <a 'sun/nio/fs/WindowsException'{0x000000009517cba0}> (0x000000009517cba0) 
thrown [s\src\hotspot\share\prims\jni.cpp, line 516]
Event: 11.495 Thread 0x000001e701850010 Exception <a 'sun/nio/fs/WindowsException'{0x000000009517d4e0}> (0x000000009517d4e0) 
thrown [s\src\hotspot\share\prims\jni.cpp, line 516]
Event: 11.495 Thread 0x000001e701850010 Exception <a 'sun/nio/fs/WindowsException'{0x0000000095186eb0}> (0x0000000095186eb0) 
thrown [s\src\hotspot\share\prims\jni.cpp, line 516]
Event: 11.495 Thread 0x000001e701850010 Exception <a 'sun/nio/fs/WindowsException'{0x000000009518b810}> (0x000000009518b810) 
thrown [s\src\hotspot\share\prims\jni.cpp, line 516]
Event: 11.495 Thread 0x000001e701850010 Exception <a 'sun/nio/fs/WindowsException'{0x0000000095191468}> (0x0000000095191468) 
thrown [s\src\hotspot\share\prims\jni.cpp, line 516]
Event: 11.495 Thread 0x000001e701850010 Exception <a 'sun/nio/fs/WindowsException'{0x0000000095191f20}> (0x0000000095191f20) 
thrown [s\src\hotspot\share\prims\jni.cpp, line 516]

VM Operations (20 events):
Event: 10.896 Executing VM operation: G1CollectForAllocation done
Event: 10.905 Executing VM operation: HandshakeAllThreads
Event: 10.906 Executing VM operation: HandshakeAllThreads done
Event: 10.961 Executing VM operation: G1CollectForAllocation
Event: 10.975 Executing VM operation: G1CollectForAllocation done
Event: 11.057 Executing VM operation: G1CollectForAllocation
Event: 11.084 Executing VM operation: G1CollectForAllocation done
Event: 11.109 Executing VM operation: G1Concurrent
Event: 11.136 Executing VM operation: G1Concurrent done
Event: 11.194 Executing VM operation: G1Concurrent
Event: 11.221 Executing VM operation: G1Concurrent done
Event: 11.462 Executing VM operation: G1CollectForAllocation
Event: 11.488 Executing VM operation: G1CollectForAllocation done
Event: 11.497 Executing VM operation: G1CollectForAllocation
Event: 11.518 Executing VM operation: G1CollectForAllocation done
Event: 11.772 Executing VM operation: G1CollectForAllocation
Event: 11.796 Executing VM operation: G1CollectForAllocation done
Event: 11.997 Executing VM operation: G1CollectForAllocation
Event: 12.035 Executing VM operation: G1CollectForAllocation done
Event: 12.271 Executing VM operation: G1CollectForAllocation

Events (20 events):
Event: 10.912 loading class java/util/concurrent/CompletableFuture$CoCompletion
Event: 10.913 loading class java/util/concurrent/CompletableFuture$CoCompletion done
Event: 10.933 Thread 0x000001e701856520 Thread added: 0x000001e701856520
Event: 10.937 Thread 0x000001e701851820 Thread added: 0x000001e701851820
Event: 10.941 Thread 0x000001e701854840 Thread added: 0x000001e701854840
Event: 10.953 loading class java/nio/file/FileTreeIterator
Event: 10.956 loading class java/nio/file/FileTreeIterator done
Event: 11.087 Thread 0x000001e701855b80 Thread added: 0x000001e701855b80
Event: 11.107 loading class java/util/concurrent/CompletableFuture$AsyncSupply
Event: 11.107 loading class java/util/concurrent/CompletableFuture$AsyncSupply done
Event: 11.224 loading class jdk/internal/reflect/UnsafeQualifiedObjectFieldAccessorImpl
Event: 11.225 loading class jdk/internal/reflect/UnsafeQualifiedObjectFieldAccessorImpl done
Event: 11.225 loading class jdk/internal/reflect/UnsafeQualifiedLongFieldAccessorImpl
Event: 11.226 loading class jdk/internal/reflect/UnsafeQualifiedLongFieldAccessorImpl done
Event: 11.369 loading class sun/util/ResourceBundleEnumeration
Event: 11.370 loading class sun/util/ResourceBundleEnumeration done
Event: 11.426 loading class java/lang/AbstractMethodError
Event: 11.426 loading class java/lang/AbstractMethodError done
Event: 11.840 loading class java/lang/ExceptionInInitializerError
Event: 11.840 loading class java/lang/ExceptionInInitializerError done


Dynamic libraries:
0x00007ff6409f0000 - 0x00007ff6409fe000 	C:\Program Files\Eclipse Adoptium\jdk-17.0.5.8-hotspot\bin\java.exe
0x00007ff9dd9d0000 - 0x00007ff9ddbea000 	C:\WINDOWS\SYSTEM32\ntdll.dll
0x00007ff9dd3f0000 - 0x00007ff9dd4b3000 	C:\WINDOWS\System32\KERNEL32.DLL
0x00007ff9dadb0000 - 0x00007ff9db14c000 	C:\WINDOWS\System32\KERNELBASE.dll
0x00007ff9d7d90000 - 0x00007ff9d7e26000 	C:\WINDOWS\SYSTEM32\apphelp.dll
0x00007ff9db270000 - 0x00007ff9db38b000 	C:\WINDOWS\System32\ucrtbase.dll
0x00007ff9cbf50000 - 0x00007ff9cbf67000 	C:\Program Files\Eclipse Adoptium\jdk-17.0.5.8-hotspot\bin\jli.dll
0x00007ff9ba870000 - 0x00007ff9ba889000 	C:\Program Files\Eclipse Adoptium\jdk-17.0.5.8-hotspot\bin\VCRUNTIME140.dll
0x00007ff9dd680000 - 0x00007ff9dd82a000 	C:\WINDOWS\System32\USER32.dll
0x00007ff9db520000 - 0x00007ff9db546000 	C:\WINDOWS\System32\win32u.dll
0x00007ff9dcfd0000 - 0x00007ff9dcff9000 	C:\WINDOWS\System32\GDI32.dll
0x00007ff9db150000 - 0x00007ff9db266000 	C:\WINDOWS\System32\gdi32full.dll
0x00007ff9db410000 - 0x00007ff9db4aa000 	C:\WINDOWS\System32\msvcp_win.dll
0x00007ff9bf7d0000 - 0x00007ff9bfa61000 	C:\WINDOWS\WinSxS\amd64_microsoft.windows.common-controls_6595b64144ccf1df_6.0.25236.1000_none_7a88bdfad9396379\COMCTL32.dll
0x00007ff9dd150000 - 0x00007ff9dd1f7000 	C:\WINDOWS\System32\msvcrt.dll
0x00007ff9dd950000 - 0x00007ff9dd980000 	C:\WINDOWS\System32\IMM32.DLL
0x00007ff9d5ac0000 - 0x00007ff9d5acc000 	C:\Program Files\Eclipse Adoptium\jdk-17.0.5.8-hotspot\bin\vcruntime140_1.dll
0x00007ff99c820000 - 0x00007ff99c8b1000 	C:\Program Files\Eclipse Adoptium\jdk-17.0.5.8-hotspot\bin\msvcp140.dll
0x00007ff996200000 - 0x00007ff996e44000 	C:\Program Files\Eclipse Adoptium\jdk-17.0.5.8-hotspot\bin\server\jvm.dll
0x00007ff9dd200000 - 0x00007ff9dd2ae000 	C:\WINDOWS\System32\ADVAPI32.dll
0x00007ff9dd2b0000 - 0x00007ff9dd356000 	C:\WINDOWS\System32\sechost.dll
0x00007ff9db790000 - 0x00007ff9db8b7000 	C:\WINDOWS\System32\RPCRT4.dll
0x00007ff9d1fd0000 - 0x00007ff9d1fd9000 	C:\WINDOWS\SYSTEM32\WSOCK32.dll
0x00007ff9dd8d0000 - 0x00007ff9dd93f000 	C:\WINDOWS\System32\WS2_32.dll
0x00007ff9cd1f0000 - 0x00007ff9cd225000 	C:\WINDOWS\SYSTEM32\WINMM.dll
0x00007ff9ce990000 - 0x00007ff9ce99a000 	C:\WINDOWS\SYSTEM32\VERSION.dll
0x00007ff9d9d30000 - 0x00007ff9d9d48000 	C:\WINDOWS\SYSTEM32\kernel.appcore.dll
0x00007ff9d1cd0000 - 0x00007ff9d1cda000 	C:\Program Files\Eclipse Adoptium\jdk-17.0.5.8-hotspot\bin\jimage.dll
0x00007ff9d8640000 - 0x00007ff9d8873000 	C:\WINDOWS\SYSTEM32\DBGHELP.DLL
0x00007ff9dc540000 - 0x00007ff9dc8c2000 	C:\WINDOWS\System32\combase.dll
0x00007ff9dc8d0000 - 0x00007ff9dc9a8000 	C:\WINDOWS\System32\OLEAUT32.dll
0x00007ff9c9f80000 - 0x00007ff9c9fb2000 	C:\WINDOWS\SYSTEM32\dbgcore.DLL
0x00007ff9db390000 - 0x00007ff9db409000 	C:\WINDOWS\System32\bcryptPrimitives.dll
0x00007ff9b9d30000 - 0x00007ff9b9d55000 	C:\Program Files\Eclipse Adoptium\jdk-17.0.5.8-hotspot\bin\java.dll
0x00007ff997680000 - 0x00007ff997756000 	C:\Program Files\Eclipse Adoptium\jdk-17.0.5.8-hotspot\bin\jsvml.dll
0x00007ff9db9c0000 - 0x00007ff9dc1ac000 	C:\WINDOWS\System32\SHELL32.dll
0x00007ff9d8cc0000 - 0x00007ff9d9558000 	C:\WINDOWS\SYSTEM32\windows.storage.dll
0x00007ff9d8b30000 - 0x00007ff9d8cbd000 	C:\WINDOWS\SYSTEM32\wintypes.dll
0x00007ff9dc440000 - 0x00007ff9dc52b000 	C:\WINDOWS\System32\SHCORE.dll
0x00007ff9dc1b0000 - 0x00007ff9dc20e000 	C:\WINDOWS\System32\shlwapi.dll
0x00007ff9dacd0000 - 0x00007ff9dacf1000 	C:\WINDOWS\SYSTEM32\profapi.dll
0x00007ff9ba3f0000 - 0x00007ff9ba409000 	C:\Program Files\Eclipse Adoptium\jdk-17.0.5.8-hotspot\bin\net.dll
0x00007ff9ce740000 - 0x00007ff9ce86e000 	C:\WINDOWS\SYSTEM32\WINHTTP.dll
0x00007ff9da200000 - 0x00007ff9da269000 	C:\WINDOWS\system32\mswsock.dll
0x00007ff9b99b0000 - 0x00007ff9b99c5000 	C:\Program Files\Eclipse Adoptium\jdk-17.0.5.8-hotspot\bin\nio.dll
0x00007ff9ba610000 - 0x00007ff9ba628000 	C:\Program Files\Eclipse Adoptium\jdk-17.0.5.8-hotspot\bin\zip.dll
0x00007ff9cf140000 - 0x00007ff9cf150000 	C:\Program Files\Eclipse Adoptium\jdk-17.0.5.8-hotspot\bin\verify.dll
0x00007ff9d3d80000 - 0x00007ff9d3d89000 	C:\Program Files\Eclipse Adoptium\jdk-17.0.5.8-hotspot\bin\management.dll
0x00007ff9d3d70000 - 0x00007ff9d3d7b000 	C:\Program Files\Eclipse Adoptium\jdk-17.0.5.8-hotspot\bin\management_ext.dll
0x00007ff9dd0d0000 - 0x00007ff9dd0d8000 	C:\WINDOWS\System32\PSAPI.DLL
0x00007ff9cef80000 - 0x00007ff9cef97000 	C:\WINDOWS\system32\napinsp.dll
0x00007ff9ccab0000 - 0x00007ff9ccaca000 	C:\WINDOWS\system32\pnrpnsp.dll
0x00007ff98c150000 - 0x00007ff98c171000 	C:\WINDOWS\system32\nlansp_c.dll
0x00007ff9d97e0000 - 0x00007ff9d98dd000 	C:\WINDOWS\SYSTEM32\DNSAPI.dll
0x00007ff9d97b0000 - 0x00007ff9d97de000 	C:\WINDOWS\SYSTEM32\IPHLPAPI.DLL
0x00007ff9dd000000 - 0x00007ff9dd009000 	C:\WINDOWS\System32\NSI.dll
0x00007ff9ba170000 - 0x00007ff9ba181000 	C:\WINDOWS\System32\winrnr.dll
0x00007ff9c0da0000 - 0x00007ff9c0db5000 	C:\WINDOWS\system32\wshbth.dll
0x00007ff9cc7b0000 - 0x00007ff9cc7ba000 	C:\Windows\System32\rasadhlp.dll
0x00007ff9ccb60000 - 0x00007ff9ccbe4000 	C:\WINDOWS\System32\fwpuclnt.dll
0x00007ff9da480000 - 0x00007ff9da49b000 	C:\WINDOWS\SYSTEM32\CRYPTSP.dll
0x00007ff9d9c90000 - 0x00007ff9d9cc4000 	C:\WINDOWS\system32\rsaenh.dll
0x00007ff9da300000 - 0x00007ff9da328000 	C:\WINDOWS\SYSTEM32\USERENV.dll
0x00007ff9da640000 - 0x00007ff9da668000 	C:\WINDOWS\SYSTEM32\bcrypt.dll
0x00007ff9da4a0000 - 0x00007ff9da4ac000 	C:\WINDOWS\SYSTEM32\CRYPTBASE.dll
0x00007ff9cd430000 - 0x00007ff9cd449000 	C:\WINDOWS\SYSTEM32\dhcpcsvc6.DLL
0x00007ff9cd1c0000 - 0x00007ff9cd1df000 	C:\WINDOWS\SYSTEM32\dhcpcsvc.DLL

dbghelp: loaded successfully - version: 4.0.5 - missing functions: none
symbol engine: initialized successfully - sym options: 0x614 - pdb path: .;C:\Program Files\Eclipse Adoptium\jdk-17.0.5.8-hotspot\bin;C:\WINDOWS\SYSTEM32;C:\WINDOWS\WinSxS\amd64_microsoft.windows.common-controls_6595b64144ccf1df_6.0.25236.1000_none_7a88bdfad9396379;C:\Program Files\Eclipse Adoptium\jdk-17.0.5.8-hotspot\bin\server

VM Arguments:
jvm_args: -Dsts.lsp.client=vscode -Dsts.log.file=/dev/null -XX:TieredStopAtLevel=1 -Xlog:jni+resolve=off -Dspring.config.location=file:c:\Users\datea\.vscode\extensions\pivotal.vscode-spring-boot-1.40.0\language-server\BOOT-INF\classes\application.properties 
java_command: org.springframework.ide.vscode.boot.app.BootLanguageServerBootApp
java_class_path (initial): c:\Users\datea\.vscode\extensions\pivotal.vscode-spring-boot-1.40.0\language-server\BOOT-INF\classes;c:\Users\datea\.vscode\extensions\pivotal.vscode-spring-boot-1.40.0\language-server\BOOT-INF\lib\annotations-23.0.0.jar;c:\Users\datea\.vscode\extensions\pivotal.vscode-spring-boot-1.40.0\language-server\BOOT-INF\lib\ant-1.10.12.jar;c:\Users\datea\.vscode\extensions\pivotal.vscode-spring-boot-1.40.0\language-server\BOOT-INF\lib\ant-launcher-1.10.12.jar;c:\Users\datea\.vscode\extensions\pivotal.vscode-spring-boot-1.40.0\language-server\BOOT-INF\lib\antlr-runtime-3.5.2.jar;c:\Users\datea\.vscode\extensions\pivotal.vscode-spring-boot-1.40.0\language-server\BOOT-INF\lib\antlr4-4.9.3.jar;c:\Users\datea\.vscode\extensions\pivotal.vscode-spring-boot-1.40.0\language-server\BOOT-INF\lib\antlr4-runtime-4.9.3.jar;c:\Users\datea\.vscode\extensions\pivotal.vscode-spring-boot-1.40.0\language-server\BOOT-INF\lib\asm-9.3.jar;c:\Users\datea\.vscode\extensions\pivotal.vscode-spring-boot-1.40.0\language-server\BOOT-INF\lib\asm-analysis-9.3.jar;c:\Users\datea\.vscode\extensions\pivotal.vscode-spring-boot-1.40.0\language-server\BOOT-INF\lib\asm-tree-9.3.jar;c:\Users\datea\.vscode\extensions\pivotal.vscode-spring-boot-1.40.0\language-server\BOOT-INF\lib\asm-util-9.3.jar;c:\Users\datea\.vscode\extensions\pivotal.vscode-spring-boot-1.40.0\language-server\BOOT-INF\lib\byte-buddy-1.12.13.jar;c:\Users\datea\.vscode\extensions\pivotal.vscode-spring-boot-1.40.0\language-server\BOOT-INF\lib\caffeine-2.9.3.jar;c:\Users\datea\.vscode\extensions\pivotal.vscode-spring-boot-1.40.0\language-server\BOOT-INF\lib\checker-qual-3.12.0.jar;c:\Users\datea\.vscode\extensions\pivotal.vscode-spring-boot-1.40.0\language-server\BOOT-INF\lib\classgraph-4.8.149.jar;c:\Users\datea\.vscode\extensions\pivotal.vscode-spring-boot-1.40.0\language-server\BOOT-INF\lib\commons-codec-1.15.jar;c:\Users\datea\.vscode\extensions\pivotal.vscode-spring-boot-1.40.0\language-server\BOOT-INF\lib\commons-c
Launcher Type: SUN_STANDARD

[Global flags]
     intx CICompilerCount                          = 4                                         {product} {ergonomic}
     uint ConcGCThreads                            = 2                                         {product} {ergonomic}
     uint G1ConcRefinementThreads                  = 8                                         {product} {ergonomic}
   size_t G1HeapRegionSize                         = 1048576                                   {product} {ergonomic}
    uintx GCDrainStackTargetSize                   = 64                                        {product} {ergonomic}
   size_t InitialHeapSize                          = 132120576                                 {product} {ergonomic}
   size_t MarkStackSize                            = 4194304                                   {product} {ergonomic}
   size_t MaxHeapSize                              = 2095054848                                {product} {ergonomic}
   size_t MaxNewSize                               = 1256194048                                {product} {ergonomic}
   size_t MinHeapDeltaBytes                        = 1048576                                   {product} {ergonomic}
   size_t MinHeapSize                              = 8388608                                   {product} {ergonomic}
    uintx NonProfiledCodeHeapSize                  = 0                                      {pd product} {ergonomic}
     bool ProfileInterpreter                       = false                                  {pd product} {command line}
    uintx ProfiledCodeHeapSize                     = 0                                      {pd product} {ergonomic}
   size_t SoftMaxHeapSize                          = 2095054848                             {manageable} {ergonomic}
     intx TieredStopAtLevel                        = 1                                         {product} {command line}
     bool UseCompressedClassPointers               = true                           {product lp64_product} {ergonomic}
     bool UseCompressedOops                        = true                           {product lp64_product} {ergonomic}
     bool UseG1GC                                  = true                                      {product} {ergonomic}
     bool UseLargePagesIndividualAllocation        = false                                  {pd product} {ergonomic}

Logging:
Log output configuration:
 #0: stdout all=warning,jni+resolve=off uptime,level,tags
 #1: stderr all=off uptime,level,tags

Environment Variables:
PATH=C:\Program Files\Eclipse Adoptium\jdk-17.0.5.8-hotspot\bin;C:\Program Files\Java\jdk-15.0.2\bin;C:\Program Files\Common Files\Oracle\Java\javapath;C:\WINDOWS\system32;C:\WINDOWS;C:\WINDOWS\System32\Wbem;C:\WINDOWS\System32\WindowsPowerShell\v1.0\;C:\WINDOWS\System32\OpenSSH\;C:\Program Files\Azure Data Studio\bin;C:\Program Files\Microsoft SQL Server\Client SDK\ODBC\170\Tools\Binn\;C:\Program Files (x86)\Microsoft SQL Server\150\Tools\Binn\;C:\Program Files\Microsoft SQL Server\150\Tools\Binn\;C:\Program Files\Microsoft SQL Server\150\DTS\Binn\;C:\Program Files (x86)\Microsoft SQL Server\150\DTS\Binn\;C:\Program Files (x86)\GitExtensions\;F:\xampp\php;C:\ProgramData\ComposerSetup\bin;C:\xampp\php;C:\Program Files\Git\cmd;C:\Program Files\nodejs\;C:\Users\datea\AppData\Local\Microsoft\WindowsApps;C:\Users\datea\AppData\Local\Programs\Microsoft VS Code\bin;;C:\Program Files\Azure Data Studio\bin;C:\Users\datea\AppData\Roaming\Composer\vendor\bin;C:\Users\datea\AppData\Roaming\npm
USERNAME=datea
OS=Windows_NT
PROCESSOR_IDENTIFIER=Intel64 Family 6 Model 126 Stepping 5, GenuineIntel
TMP=C:\Users\datea\AppData\Local\Temp
TEMP=C:\Users\datea\AppData\Local\Temp



---------------  S Y S T E M  ---------------

OS:
 Windows 11 , 64 bit Build 25236 (10.0.25236.1000)
OS uptime: 0 days 22:33 hours
Hyper-V role detected

CPU: total 8 (initial active 8) (4 cores per cpu, 2 threads per core) family 6 model 126 stepping 5 microcode 0xa6, cx8, cmov, fxsr, ht, mmx, 3dnowpref, sse, sse2, sse3, ssse3, sse4.1, sse4.2, popcnt, lzcnt, tsc, tscinvbit, avx, avx2, aes, erms, clmul, bmi1, bmi2, adx, avx512f, avx512dq, avx512cd, avx512bw, avx512vl, sha, fma, vzeroupper, avx512_vpopcntdq, avx512_vpclmulqdq, avx512_vaes, avx512_vnni, clflush, clflushopt, avx512_vbmi2, avx512_vbmi, hv

Memory: 4k page, system-wide physical 7987M (320M free)
TotalPageFile size 12083M (AvailPageFile size 3M)
current process WorkingSet (physical memory assigned to process): 462M, peak: 462M
current process commit charge ("private bytes"): 448M, peak: 743M

vm_info: OpenJDK 64-Bit Server VM (17.0.5+8) for windows-amd64 JRE (17.0.5+8), built on Oct 19 2022 04:48:13 by "temurin" with MS VC++ 16.7 (VS2019)

END.
