#
# There is insufficient memory for the Java Runtime Environment to continue.
# Native memory allocation (malloc) failed to allocate 1088896 bytes for Chunk::new
# Possible reasons:
#   The system is out of physical RAM or swap space
#   The process is running with CompressedOops enabled, and the Java Heap may be blocking the growth of the native heap
# Possible solutions:
#   Reduce memory load on the system
#   Increase physical memory or swap space
#   Check if swap backing store is full
#   Decrease Java heap size (-Xmx/-Xms)
#   Decrease number of Java threads
#   Decrease Java thread stack sizes (-Xss)
#   Set larger code cache with -XX:ReservedCodeCacheSize=
#   JVM is running with Unscaled Compressed Oops mode in which the Java heap is
#     placed in the first 4GB address space. The Java Heap base address is the
#     maximum limit for the native heap growth. Please use -XX:HeapBaseMinAddress
#     to set the Java Heap base and to place the Java Heap above 4GB virtual address.
# This output file may be truncated or incomplete.
#
#  Out of Memory Error (./open/src/hotspot/share/memory/arena.cpp:195), pid=61028, tid=71632
#
# JRE version: Java(TM) SE Runtime Environment (15.0.2+7) (build 15.0.2+7-27)
# Java VM: Java HotSpot(TM) 64-Bit Server VM (15.0.2+7-27, mixed mode, sharing, tiered, compressed oops, g1 gc, windows-amd64)
# No core dump will be written. Minidumps are not enabled by default on client versions of Windows
#

---------------  S U M M A R Y ------------

Command Line: -XX:+ShowCodeDetailsInExceptionMessages com.watch.shopwatchonline.ShopwatchonlineApplication

Host: Intel(R) Core(TM) i5-1035G1 CPU @ 1.00GHz, 8 cores, 7G,  Windows 10 , 64 bit Build 25227 (10.0.25227.1000)
Time: Wed Oct 26 11:29:24 2022 SE Asia Standard Time elapsed time: 64.958693 seconds (0d 0h 1m 4s)

---------------  T H R E A D  ---------------

Current thread (0x0000024ffbb7c790):  JavaThread "C2 CompilerThread0" daemon [_thread_in_native, id=71632, stack(0x0000008356000000,0x0000008356100000)]


Current CompileTask:
C2:  64958 7668       4       org.springframework.core.ResolvableType::forType (115 bytes)

Stack: [0x0000008356000000,0x0000008356100000]
Native frames: (J=compiled Java code, j=interpreted, Vv=VM code, C=native code)
V  [jvm.dll+0x62ae9a]
V  [jvm.dll+0x7817a9]
V  [jvm.dll+0x782f03]
V  [jvm.dll+0x783563]
V  [jvm.dll+0x216325]
V  [jvm.dll+0x97f3a]
V  [jvm.dll+0x9861c]
V  [jvm.dll+0x279f9f]
V  [jvm.dll+0x540794]
V  [jvm.dll+0x1f2cd4]
V  [jvm.dll+0x1ec477]
V  [jvm.dll+0x1e9867]
V  [jvm.dll+0x178567]
V  [jvm.dll+0x1f9225]
V  [jvm.dll+0x1f72cc]
V  [jvm.dll+0x74495d]
V  [jvm.dll+0x73d75a]
V  [jvm.dll+0x629c56]
C  [ucrtbase.dll+0x4b82b]
C  [KERNEL32.DLL+0x1484d]
C  [ntdll.dll+0x67558]


---------------  P R O C E S S  ---------------

Threads class SMR info:
_java_thread_list=0x0000024fff1eacd0, length=14, elements={
0x0000024ffbb5ce40, 0x0000024ffbb5d920, 0x0000024ffbb79a60, 0x0000024ffbb7a420,
0x0000024ffbb7ade0, 0x0000024ffbb7c790, 0x0000024ffbb7ecc0, 0x0000024ffbb95620,
0x0000024ffc5ef4a0, 0x0000024ffc604c00, 0x0000024ffea1cd10, 0x0000024f84e0b300,
0x0000024f84e0ae30, 0x0000024f84e06600
}

Java Threads: ( => current thread )
  0x0000024ffbb5ce40 JavaThread "Reference Handler" daemon [_thread_blocked, id=66328, stack(0x0000008355b00000,0x0000008355c00000)]
  0x0000024ffbb5d920 JavaThread "Finalizer" daemon [_thread_blocked, id=71148, stack(0x0000008355c00000,0x0000008355d00000)]
  0x0000024ffbb79a60 JavaThread "Signal Dispatcher" daemon [_thread_blocked, id=72644, stack(0x0000008355d00000,0x0000008355e00000)]
  0x0000024ffbb7a420 JavaThread "Attach Listener" daemon [_thread_blocked, id=64716, stack(0x0000008355e00000,0x0000008355f00000)]
  0x0000024ffbb7ade0 JavaThread "Service Thread" daemon [_thread_blocked, id=65544, stack(0x0000008355f00000,0x0000008356000000)]
=>0x0000024ffbb7c790 JavaThread "C2 CompilerThread0" daemon [_thread_in_native, id=71632, stack(0x0000008356000000,0x0000008356100000)]
  0x0000024ffbb7ecc0 JavaThread "C1 CompilerThread0" daemon [_thread_blocked, id=71956, stack(0x0000008356100000,0x0000008356200000)]
  0x0000024ffbb95620 JavaThread "Sweeper thread" daemon [_thread_blocked, id=49556, stack(0x0000008356200000,0x0000008356300000)]
  0x0000024ffc5ef4a0 JavaThread "Notification Thread" daemon [_thread_blocked, id=59848, stack(0x0000008356300000,0x0000008356400000)]
  0x0000024ffc604c00 JavaThread "Common-Cleaner" daemon [_thread_blocked, id=72632, stack(0x0000008356500000,0x0000008356600000)]
  0x0000024ffea1cd10 JavaThread "Live Reload Server" daemon [_thread_in_native, id=55356, stack(0x0000008357b00000,0x0000008357c00000)]
  0x0000024f84e0b300 JavaThread "DestroyJavaVM" [_thread_blocked, id=62360, stack(0x0000008355400000,0x0000008355500000)]
  0x0000024f84e0ae30 JavaThread "Thread-5" [_thread_blocked, id=55064, stack(0x0000008355100000,0x0000008355200000)]
  0x0000024f84e06600 JavaThread "restartedMain" [_thread_in_Java, id=59644, stack(0x0000008355300000,0x0000008355400000)]

Other Threads:
  0x0000024ffbb57290 VMThread "VM Thread" [stack: 0x0000008355a00000,0x0000008355b00000] [id=47512]
  0x0000024ffc5ffe30 WatcherThread [stack: 0x0000008356400000,0x0000008356500000] [id=62608]
  0x0000024fdb1fbb90 GCTaskThread "GC Thread#0" [stack: 0x0000008355500000,0x0000008355600000] [id=25824]
  0x0000024ffcab33c0 GCTaskThread "GC Thread#1" [stack: 0x0000008356700000,0x0000008356800000] [id=71032]
  0x0000024ffcab43b0 GCTaskThread "GC Thread#2" [stack: 0x0000008356800000,0x0000008356900000] [id=47108]
  0x0000024ffcab20a0 GCTaskThread "GC Thread#3" [stack: 0x0000008356d00000,0x0000008356e00000] [id=56164]
  0x0000024ffcab2a30 GCTaskThread "GC Thread#4" [stack: 0x0000008356e00000,0x0000008356f00000] [id=71528]
  0x0000024ffcab2700 GCTaskThread "GC Thread#5" [stack: 0x0000008356f00000,0x0000008357000000] [id=64448]
  0x0000024ffcab46e0 GCTaskThread "GC Thread#6" [stack: 0x0000008357000000,0x0000008357100000] [id=54080]
  0x0000024ffcab4080 GCTaskThread "GC Thread#7" [stack: 0x0000008357100000,0x0000008357200000] [id=35668]
  0x0000024fdb20c400 ConcurrentGCThread "G1 Main Marker" [stack: 0x0000008355600000,0x0000008355700000] [id=55508]
  0x0000024fdb211410 ConcurrentGCThread "G1 Conc#0" [stack: 0x0000008355700000,0x0000008355800000] [id=67788]
  0x0000024ffcab4a10 ConcurrentGCThread "G1 Conc#1" [stack: 0x0000008357200000,0x0000008357300000] [id=51232]
  0x0000024ffb9d20b0 ConcurrentGCThread "G1 Refine#0" [stack: 0x0000008355800000,0x0000008355900000] [id=63964]
  0x0000024ffb9d2900 ConcurrentGCThread "G1 Young RemSet Sampling" [stack: 0x0000008355900000,0x0000008355a00000] [id=63064]

Threads with active compile tasks:
C2 CompilerThread0    64995 7668       4       org.springframework.core.ResolvableType::forType (115 bytes)

VM state: not at safepoint (normal execution)

VM Mutex/Monitor currently owned by a thread: None

Heap address: 0x0000000083200000, size: 1998 MB, Compressed Oops mode: 32-bit
CDS archive(s) mapped at: [0x0000000800000000-0x0000000800b50000-0x0000000800b50000), size 11862016, SharedBaseAddress: 0x0000000800000000, ArchiveRelocationMode: 0.
Compressed class space mapped at: 0x0000000800b50000-0x0000000840b50000, size: 1073741824
Narrow klass base: 0x0000000800000000, Narrow klass shift: 3, Narrow klass range: 0x100000000

GC Precious Log:
 CPUs: 8 total, 8 available
 Memory: 7987M
 Large Page Support: Disabled
 NUMA Support: Disabled
 Compressed Oops: Enabled (32-bit)
 Heap Region Size: 1M
 Heap Min Capacity: 8M
 Heap Initial Capacity: 126M
 Heap Max Capacity: 1998M
 Pre-touch: Disabled
 Parallel Workers: 8
 Concurrent Workers: 2
 Concurrent Refinement Workers: 8
 Periodic GC: Disabled

Heap:
 garbage-first heap   total 81920K, used 38784K [0x0000000083200000, 0x0000000100000000)
  region size 1024K, 8 young (8192K), 0 survivors (0K)
 Metaspace       used 73901K, capacity 74551K, committed 74632K, reserved 1114112K
  class space    used 9318K, capacity 9537K, committed 9600K, reserved 1048576K

Heap Regions: E=young(eden), S=young(survivor), O=old, HS=humongous(starts), HC=humongous(continues), CS=collection set, F=free, OA=open archive, CA=closed archive, TAMS=top-at-mark-start (previous, next)
|   0|0x0000000083200000, 0x0000000083300000, 0x0000000083300000|100%|HS|  |TAMS 0x0000000083200000, 0x0000000083200000| Untracked 
|   1|0x0000000083300000, 0x00000000833ffc68, 0x0000000083400000| 99%| O|  |TAMS 0x0000000083300000, 0x0000000083300000| Untracked 
|   2|0x0000000083400000, 0x00000000834ffff0, 0x0000000083500000| 99%| O|  |TAMS 0x0000000083400000, 0x0000000083400000| Untracked 
|   3|0x0000000083500000, 0x00000000835fff90, 0x0000000083600000| 99%| O|  |TAMS 0x0000000083500000, 0x0000000083500000| Untracked 
|   4|0x0000000083600000, 0x00000000836fffe8, 0x0000000083700000| 99%| O|  |TAMS 0x0000000083600000, 0x0000000083600000| Untracked 
|   5|0x0000000083700000, 0x00000000837ffff8, 0x0000000083800000| 99%| O|  |TAMS 0x0000000083700000, 0x0000000083700000| Untracked 
|   6|0x0000000083800000, 0x00000000838fffc0, 0x0000000083900000| 99%| O|  |TAMS 0x0000000083800000, 0x0000000083800000| Untracked 
|   7|0x0000000083900000, 0x00000000839ffff0, 0x0000000083a00000| 99%| O|  |TAMS 0x0000000083900000, 0x0000000083900000| Untracked 
|   8|0x0000000083a00000, 0x0000000083affc30, 0x0000000083b00000| 99%| O|  |TAMS 0x0000000083a00000, 0x0000000083a00000| Untracked 
|   9|0x0000000083b00000, 0x0000000083bffff8, 0x0000000083c00000| 99%| O|  |TAMS 0x0000000083b00000, 0x0000000083b00000| Untracked 
|  10|0x0000000083c00000, 0x0000000083d00000, 0x0000000083d00000|100%| O|  |TAMS 0x0000000083c00000, 0x0000000083c00000| Untracked 
|  11|0x0000000083d00000, 0x0000000083dfffb8, 0x0000000083e00000| 99%| O|  |TAMS 0x0000000083d00000, 0x0000000083d00000| Untracked 
|  12|0x0000000083e00000, 0x0000000083efffe8, 0x0000000083f00000| 99%| O|  |TAMS 0x0000000083e00000, 0x0000000083e00000| Untracked 
|  13|0x0000000083f00000, 0x0000000083fffff8, 0x0000000084000000| 99%| O|  |TAMS 0x0000000083f00000, 0x0000000083f00000| Untracked 
|  14|0x0000000084000000, 0x00000000840fffc8, 0x0000000084100000| 99%| O|  |TAMS 0x0000000084000000, 0x0000000084000000| Untracked 
|  15|0x0000000084100000, 0x00000000841fe3d8, 0x0000000084200000| 99%| O|  |TAMS 0x0000000084100000, 0x0000000084100000| Untracked 
|  16|0x0000000084200000, 0x0000000084300000, 0x0000000084300000|100%| O|  |TAMS 0x0000000084200000, 0x0000000084200000| Untracked 
|  17|0x0000000084300000, 0x00000000843fffe0, 0x0000000084400000| 99%| O|  |TAMS 0x0000000084300000, 0x0000000084300000| Untracked 
|  18|0x0000000084400000, 0x00000000844fffd8, 0x0000000084500000| 99%| O|  |TAMS 0x0000000084400000, 0x0000000084400000| Untracked 
|  19|0x0000000084500000, 0x00000000845fff80, 0x0000000084600000| 99%| O|  |TAMS 0x0000000084500000, 0x0000000084500000| Untracked 
|  20|0x0000000084600000, 0x0000000084700000, 0x0000000084700000|100%| O|  |TAMS 0x0000000084600000, 0x0000000084600000| Untracked 
|  21|0x0000000084700000, 0x00000000847ffff8, 0x0000000084800000| 99%| O|  |TAMS 0x0000000084700000, 0x0000000084700000| Untracked 
|  22|0x0000000084800000, 0x00000000848fffc0, 0x0000000084900000| 99%| O|  |TAMS 0x0000000084800000, 0x0000000084800000| Untracked 
|  23|0x0000000084900000, 0x0000000084a00000, 0x0000000084a00000|100%| O|  |TAMS 0x0000000084900000, 0x0000000084900000| Untracked 
|  24|0x0000000084a00000, 0x0000000084add1c0, 0x0000000084b00000| 86%| O|  |TAMS 0x0000000084a00000, 0x0000000084a00000| Untracked 
|  25|0x0000000084b00000, 0x0000000084bffff0, 0x0000000084c00000| 99%| O|  |TAMS 0x0000000084b00000, 0x0000000084b00000| Untracked 
|  26|0x0000000084c00000, 0x0000000084cb6f48, 0x0000000084d00000| 71%| O|  |TAMS 0x0000000084c00000, 0x0000000084c00000| Untracked 
|  27|0x0000000084d00000, 0x0000000084dfffd8, 0x0000000084e00000| 99%| O|  |TAMS 0x0000000084d00000, 0x0000000084d00000| Untracked 
|  28|0x0000000084e00000, 0x0000000084efff38, 0x0000000084f00000| 99%| O|  |TAMS 0x0000000084e00000, 0x0000000084e00000| Untracked 
|  29|0x0000000084f00000, 0x0000000084ffffe8, 0x0000000085000000| 99%| O|  |TAMS 0x0000000084f00000, 0x0000000084f00000| Untracked 
|  30|0x0000000085000000, 0x0000000085000000, 0x0000000085100000|  0%| F|  |TAMS 0x0000000085000000, 0x0000000085000000| Untracked 
|  31|0x0000000085100000, 0x0000000085100000, 0x0000000085200000|  0%| F|  |TAMS 0x0000000085100000, 0x0000000085100000| Untracked 
|  32|0x0000000085200000, 0x00000000852a76e8, 0x0000000085300000| 65%| O|  |TAMS 0x0000000085200000, 0x0000000085200000| Untracked 
|  33|0x0000000085300000, 0x0000000085348f60, 0x0000000085400000| 28%| O|  |TAMS 0x0000000085300000, 0x0000000085300000| Untracked 
|  34|0x0000000085400000, 0x0000000085400000, 0x0000000085500000|  0%| F|  |TAMS 0x0000000085400000, 0x0000000085400000| Untracked 
|  35|0x0000000085500000, 0x000000008555e280, 0x0000000085600000| 36%| O|  |TAMS 0x0000000085500000, 0x0000000085500000| Untracked 
|  36|0x0000000085600000, 0x0000000085600000, 0x0000000085700000|  0%| F|  |TAMS 0x0000000085600000, 0x0000000085600000| Untracked 
|  37|0x0000000085700000, 0x0000000085700000, 0x0000000085800000|  0%| F|  |TAMS 0x0000000085700000, 0x0000000085700000| Untracked 
|  38|0x0000000085800000, 0x0000000085800000, 0x0000000085900000|  0%| F|  |TAMS 0x0000000085800000, 0x0000000085800000| Untracked 
|  39|0x0000000085900000, 0x0000000085900000, 0x0000000085a00000|  0%| F|  |TAMS 0x0000000085900000, 0x0000000085900000| Untracked 
|  40|0x0000000085a00000, 0x0000000085a00000, 0x0000000085b00000|  0%| F|  |TAMS 0x0000000085a00000, 0x0000000085a00000| Untracked 
|  41|0x0000000085b00000, 0x0000000085b00000, 0x0000000085c00000|  0%| F|  |TAMS 0x0000000085b00000, 0x0000000085b00000| Untracked 
|  42|0x0000000085c00000, 0x0000000085c00000, 0x0000000085d00000|  0%| F|  |TAMS 0x0000000085c00000, 0x0000000085c00000| Untracked 
|  43|0x0000000085d00000, 0x0000000085d00000, 0x0000000085e00000|  0%| F|  |TAMS 0x0000000085d00000, 0x0000000085d00000| Untracked 
|  44|0x0000000085e00000, 0x0000000085e00000, 0x0000000085f00000|  0%| F|  |TAMS 0x0000000085e00000, 0x0000000085e00000| Untracked 
|  45|0x0000000085f00000, 0x0000000085f00000, 0x0000000086000000|  0%| F|  |TAMS 0x0000000085f00000, 0x0000000085f00000| Untracked 
|  46|0x0000000086000000, 0x0000000086000000, 0x0000000086100000|  0%| F|  |TAMS 0x0000000086000000, 0x0000000086000000| Untracked 
|  47|0x0000000086100000, 0x0000000086100000, 0x0000000086200000|  0%| F|  |TAMS 0x0000000086100000, 0x0000000086100000| Untracked 
|  48|0x0000000086200000, 0x0000000086200000, 0x0000000086300000|  0%| F|  |TAMS 0x0000000086200000, 0x0000000086200000| Untracked 
|  49|0x0000000086300000, 0x0000000086300000, 0x0000000086400000|  0%| F|  |TAMS 0x0000000086300000, 0x0000000086300000| Untracked 
|  50|0x0000000086400000, 0x0000000086400000, 0x0000000086500000|  0%| F|  |TAMS 0x0000000086400000, 0x0000000086400000| Untracked 
|  51|0x0000000086500000, 0x0000000086500000, 0x0000000086600000|  0%| F|  |TAMS 0x0000000086500000, 0x0000000086500000| Untracked 
|  52|0x0000000086600000, 0x0000000086600000, 0x0000000086700000|  0%| F|  |TAMS 0x0000000086600000, 0x0000000086600000| Untracked 
|  53|0x0000000086700000, 0x0000000086700000, 0x0000000086800000|  0%| F|  |TAMS 0x0000000086700000, 0x0000000086700000| Untracked 
|  54|0x0000000086800000, 0x0000000086800000, 0x0000000086900000|  0%| F|  |TAMS 0x0000000086800000, 0x0000000086800000| Untracked 
|  55|0x0000000086900000, 0x0000000086900000, 0x0000000086a00000|  0%| F|  |TAMS 0x0000000086900000, 0x0000000086900000| Untracked 
|  56|0x0000000086a00000, 0x0000000086a00000, 0x0000000086b00000|  0%| F|  |TAMS 0x0000000086a00000, 0x0000000086a00000| Untracked 
|  57|0x0000000086b00000, 0x0000000086b00000, 0x0000000086c00000|  0%| F|  |TAMS 0x0000000086b00000, 0x0000000086b00000| Untracked 
|  58|0x0000000086c00000, 0x0000000086c00000, 0x0000000086d00000|  0%| F|  |TAMS 0x0000000086c00000, 0x0000000086c00000| Untracked 
|  59|0x0000000086d00000, 0x0000000086d00000, 0x0000000086e00000|  0%| F|  |TAMS 0x0000000086d00000, 0x0000000086d00000| Untracked 
|  60|0x0000000086e00000, 0x0000000086e00000, 0x0000000086f00000|  0%| F|  |TAMS 0x0000000086e00000, 0x0000000086e00000| Untracked 
|  61|0x0000000086f00000, 0x0000000086f00000, 0x0000000087000000|  0%| F|  |TAMS 0x0000000086f00000, 0x0000000086f00000| Untracked 
|  62|0x0000000087000000, 0x0000000087000000, 0x0000000087100000|  0%| F|  |TAMS 0x0000000087000000, 0x0000000087000000| Untracked 
|  63|0x0000000087100000, 0x0000000087100000, 0x0000000087200000|  0%| F|  |TAMS 0x0000000087100000, 0x0000000087100000| Untracked 
|  64|0x0000000087200000, 0x0000000087200000, 0x0000000087300000|  0%| F|  |TAMS 0x0000000087200000, 0x0000000087200000| Untracked 
|  65|0x0000000087300000, 0x0000000087300000, 0x0000000087400000|  0%| F|  |TAMS 0x0000000087300000, 0x0000000087300000| Untracked 
|  66|0x0000000087400000, 0x0000000087400000, 0x0000000087500000|  0%| F|  |TAMS 0x0000000087400000, 0x0000000087400000| Untracked 
|  67|0x0000000087500000, 0x0000000087500000, 0x0000000087600000|  0%| F|  |TAMS 0x0000000087500000, 0x0000000087500000| Untracked 
|  68|0x0000000087600000, 0x0000000087600000, 0x0000000087700000|  0%| F|  |TAMS 0x0000000087600000, 0x0000000087600000| Untracked 
|  69|0x0000000087700000, 0x0000000087700000, 0x0000000087800000|  0%| F|  |TAMS 0x0000000087700000, 0x0000000087700000| Untracked 
|  70|0x0000000087800000, 0x0000000087800000, 0x0000000087900000|  0%| F|  |TAMS 0x0000000087800000, 0x0000000087800000| Untracked 
|  71|0x0000000087900000, 0x0000000087900000, 0x0000000087a00000|  0%| F|  |TAMS 0x0000000087900000, 0x0000000087900000| Untracked 
|  72|0x0000000087a00000, 0x0000000087a36f90, 0x0000000087b00000| 21%| E|  |TAMS 0x0000000087a00000, 0x0000000087a00000| Complete 
|  73|0x0000000087b00000, 0x0000000087c00000, 0x0000000087c00000|100%| E|CS|TAMS 0x0000000087b00000, 0x0000000087b00000| Complete 
|  74|0x0000000087c00000, 0x0000000087d00000, 0x0000000087d00000|100%| E|CS|TAMS 0x0000000087c00000, 0x0000000087c00000| Complete 
|  75|0x0000000087d00000, 0x0000000087e00000, 0x0000000087e00000|100%| E|CS|TAMS 0x0000000087d00000, 0x0000000087d00000| Complete 
| 117|0x000000008a700000, 0x000000008a800000, 0x000000008a800000|100%| E|CS|TAMS 0x000000008a700000, 0x000000008a700000| Complete 
| 118|0x000000008a800000, 0x000000008a900000, 0x000000008a900000|100%| E|CS|TAMS 0x000000008a800000, 0x000000008a800000| Complete 
| 119|0x000000008a900000, 0x000000008aa00000, 0x000000008aa00000|100%| E|CS|TAMS 0x000000008a900000, 0x000000008a900000| Complete 
| 125|0x000000008af00000, 0x000000008b000000, 0x000000008b000000|100%| E|CS|TAMS 0x000000008af00000, 0x000000008af00000| Complete 

Card table byte_map: [0x0000024ff4a20000,0x0000024ff4e10000] _byte_map_base: 0x0000024ff4607000

Marking Bits (Prev, Next): (CMBitMap*) 0x0000024fdb1fc020, (CMBitMap*) 0x0000024fdb1fbfe0
 Prev Bits: [0x0000024ff7140000, 0x0000024ff9078000)
 Next Bits: [0x0000024ff5200000, 0x0000024ff7138000)

Polling page: 0x0000024fdb270000

Metaspace:

Usage:
  Non-class:     63.49 MB capacity,    63.07 MB (>99%) used,   334.31 KB ( <1%) free+waste,    96.44 KB ( <1%) overhead. 
      Class:      9.31 MB capacity,     9.10 MB ( 98%) used,   182.38 KB (  2%) free+waste,    36.12 KB ( <1%) overhead. 
       Both:     72.80 MB capacity,    72.17 MB (>99%) used,   516.70 KB ( <1%) free+waste,   132.56 KB ( <1%) overhead. 

Virtual space:
  Non-class space:       64.00 MB reserved,      63.51 MB (>99%) committed 
      Class space:        1.00 GB reserved,       9.38 MB ( <1%) committed 
             Both:        1.06 GB reserved,      72.88 MB (  7%) committed 

Chunk freelists:
   Non-Class:  18.00 KB
       Class:  0 bytes
        Both:  18.00 KB

MaxMetaspaceSize: 17179869184.00 GB
CompressedClassSpaceSize: 1.00 GB

CodeHeap 'non-profiled nmethods': size=120000Kb used=4644Kb max_used=4644Kb free=115355Kb
 bounds [0x0000024fec670000, 0x0000024fecb00000, 0x0000024ff3ba0000]
CodeHeap 'profiled nmethods': size=120000Kb used=12761Kb max_used=12761Kb free=107238Kb
 bounds [0x0000024fe5140000, 0x0000024fe5dc0000, 0x0000024fec670000]
CodeHeap 'non-nmethods': size=5760Kb used=1719Kb max_used=1757Kb free=4040Kb
 bounds [0x0000024fe4ba0000, 0x0000024fe4e10000, 0x0000024fe5140000]
 total_blobs=7652 nmethods=6893 adapters=671
 compilation: enabled
              stopped_count=0, restarted_count=0
 full_count=0

Compilation events (20 events):
Event: 63.868 Thread 0x0000024ffbb7ecc0 7745   !   3       org.springframework.core.type.classreading.SimpleMetadataReader::getClassReader (119 bytes)
Event: 63.870 Thread 0x0000024ffbb7ecc0 nmethod 7745 0x0000024fe5da4b90 code [0x0000024fe5da4ea0, 0x0000024fe5da5f58]
Event: 63.881 Thread 0x0000024ffbb7ecc0 7746       3       java.util.Collections$UnmodifiableMap::isEmpty (10 bytes)
Event: 63.882 Thread 0x0000024ffbb7ecc0 nmethod 7746 0x0000024fe5da6890 code [0x0000024fe5da6a40, 0x0000024fe5da6c08]
Event: 63.890 Thread 0x0000024ffbb7ecc0 7747       3       java.util.ArrayList::forEach (74 bytes)
Event: 63.892 Thread 0x0000024ffbb7ecc0 nmethod 7747 0x0000024fe5da6d10 code [0x0000024fe5da6f00, 0x0000024fe5da74e8]
Event: 63.919 Thread 0x0000024ffbb7ecc0 7748       3       org.springframework.context.annotation.AnnotationConfigUtils::processCommonDefinitionAnnotations (164 bytes)
Event: 63.925 Thread 0x0000024ffbb7ecc0 nmethod 7748 0x0000024fe5da7790 code [0x0000024fe5da7e00, 0x0000024fe5dabec8]
Event: 63.925 Thread 0x0000024ffbb7ecc0 7750       3       org.springframework.core.type.classreading.MergedAnnotationReadingVisitor$$Lambda$360/0x0000000800dec370::accept (16 bytes)
Event: 63.925 Thread 0x0000024ffbb7ecc0 nmethod 7750 0x0000024fe5dacd90 code [0x0000024fe5dacf40, 0x0000024fe5dad288]
Event: 63.925 Thread 0x0000024ffbb7ecc0 7751       3       org.springframework.core.type.classreading.MergedAnnotationReadingVisitor::lambda$visitArray$2 (13 bytes)
Event: 63.926 Thread 0x0000024ffbb7ecc0 nmethod 7751 0x0000024fe5dad410 code [0x0000024fe5dad5c0, 0x0000024fe5dad788]
Event: 63.926 Thread 0x0000024ffbb7ecc0 7749       3       org.springframework.beans.factory.config.BeanDefinitionHolder::<init> (32 bytes)
Event: 63.927 Thread 0x0000024ffbb7ecc0 nmethod 7749 0x0000024fe5dad890 code [0x0000024fe5dada80, 0x0000024fe5dadfd8]
Event: 63.935 Thread 0x0000024ffbb7ecc0 7752       3       java.util.stream.Collectors::toCollection (22 bytes)
Event: 63.935 Thread 0x0000024ffbb7ecc0 nmethod 7752 0x0000024fe5dae190 code [0x0000024fe5dae380, 0x0000024fe5dae848]
Event: 63.936 Thread 0x0000024ffbb7ecc0 7753       3       org.springframework.context.annotation.AnnotationConfigUtils::attributesForRepeatable (13 bytes)
Event: 63.937 Thread 0x0000024ffbb7ecc0 nmethod 7753 0x0000024fe5dae990 code [0x0000024fe5daeb60, 0x0000024fe5daee88]
Event: 63.937 Thread 0x0000024ffbb7ecc0 7754       3       org.springframework.context.annotation.AnnotationConfigUtils::attributesForRepeatable (101 bytes)
Event: 63.939 Thread 0x0000024ffbb7ecc0 nmethod 7754 0x0000024fe5daf010 code [0x0000024fe5daf380, 0x0000024fe5db0fc8]

GC Heap History (20 events):
Event: 4.259 GC heap before
{Heap before GC invocations=11 (full 0):
 garbage-first heap   total 84992K, used 24264K [0x0000000083200000, 0x0000000100000000)
  region size 1024K, 7 young (7168K), 3 survivors (3072K)
 Metaspace       used 35383K, capacity 35786K, committed 35920K, reserved 1081344K
  class space    used 4352K, capacity 4517K, committed 4608K, reserved 1048576K
}
Event: 4.262 GC heap after
{Heap after GC invocations=12 (full 0):
 garbage-first heap   total 84992K, used 21556K [0x0000000083200000, 0x0000000100000000)
  region size 1024K, 4 young (4096K), 4 survivors (4096K)
 Metaspace       used 35383K, capacity 35786K, committed 35920K, reserved 1081344K
  class space    used 4352K, capacity 4517K, committed 4608K, reserved 1048576K
}
Event: 5.735 GC heap before
{Heap before GC invocations=13 (full 0):
 garbage-first heap   total 81920K, used 65588K [0x0000000083200000, 0x0000000100000000)
  region size 1024K, 47 young (48128K), 4 survivors (4096K)
 Metaspace       used 46780K, capacity 47304K, committed 47440K, reserved 1091584K
  class space    used 5856K, capacity 6028K, committed 6144K, reserved 1048576K
}
Event: 5.739 GC heap after
{Heap after GC invocations=14 (full 0):
 garbage-first heap   total 81920K, used 24030K [0x0000000083200000, 0x0000000100000000)
  region size 1024K, 5 young (5120K), 5 survivors (5120K)
 Metaspace       used 46780K, capacity 47304K, committed 47440K, reserved 1091584K
  class space    used 5856K, capacity 6028K, committed 6144K, reserved 1048576K
}
Event: 6.186 GC heap before
{Heap before GC invocations=14 (full 0):
 garbage-first heap   total 81920K, used 61918K [0x0000000083200000, 0x0000000100000000)
  region size 1024K, 43 young (44032K), 5 survivors (5120K)
 Metaspace       used 51052K, capacity 51527K, committed 51792K, reserved 1095680K
  class space    used 6406K, capacity 6551K, committed 6656K, reserved 1048576K
}
Event: 6.190 GC heap after
{Heap after GC invocations=15 (full 0):
 garbage-first heap   total 81920K, used 25782K [0x0000000083200000, 0x0000000100000000)
  region size 1024K, 5 young (5120K), 5 survivors (5120K)
 Metaspace       used 51052K, capacity 51527K, committed 51792K, reserved 1095680K
  class space    used 6406K, capacity 6551K, committed 6656K, reserved 1048576K
}
Event: 8.806 GC heap before
{Heap before GC invocations=15 (full 0):
 garbage-first heap   total 81920K, used 64694K [0x0000000083200000, 0x0000000100000000)
  region size 1024K, 43 young (44032K), 5 survivors (5120K)
 Metaspace       used 58765K, capacity 59277K, committed 59472K, reserved 1101824K
  class space    used 7428K, capacity 7591K, committed 7680K, reserved 1048576K
}
Event: 8.811 GC heap after
{Heap after GC invocations=16 (full 0):
 garbage-first heap   total 81920K, used 27776K [0x0000000083200000, 0x0000000100000000)
  region size 1024K, 4 young (4096K), 4 survivors (4096K)
 Metaspace       used 58765K, capacity 59277K, committed 59472K, reserved 1101824K
  class space    used 7428K, capacity 7591K, committed 7680K, reserved 1048576K
}
Event: 9.022 GC heap before
{Heap before GC invocations=16 (full 0):
 garbage-first heap   total 81920K, used 41088K [0x0000000083200000, 0x0000000100000000)
  region size 1024K, 18 young (18432K), 4 survivors (4096K)
 Metaspace       used 59614K, capacity 60127K, committed 60296K, reserved 1101824K
  class space    used 7568K, capacity 7724K, committed 7808K, reserved 1048576K
}
Event: 9.027 GC heap after
{Heap after GC invocations=17 (full 0):
 garbage-first heap   total 81920K, used 28448K [0x0000000083200000, 0x0000000100000000)
  region size 1024K, 3 young (3072K), 3 survivors (3072K)
 Metaspace       used 59614K, capacity 60127K, committed 60296K, reserved 1101824K
  class space    used 7568K, capacity 7724K, committed 7808K, reserved 1048576K
}
Event: 9.539 GC heap before
{Heap before GC invocations=18 (full 0):
 garbage-first heap   total 81920K, used 64288K [0x0000000083200000, 0x0000000100000000)
  region size 1024K, 38 young (38912K), 3 survivors (3072K)
 Metaspace       used 63035K, capacity 63703K, committed 63880K, reserved 1105920K
  class space    used 7994K, capacity 8198K, committed 8320K, reserved 1048576K
}
Event: 9.542 GC heap after
{Heap after GC invocations=19 (full 0):
 garbage-first heap   total 81920K, used 29948K [0x0000000083200000, 0x0000000100000000)
  region size 1024K, 5 young (5120K), 5 survivors (5120K)
 Metaspace       used 63035K, capacity 63703K, committed 63880K, reserved 1105920K
  class space    used 7994K, capacity 8198K, committed 8320K, reserved 1048576K
}
Event: 9.996 GC heap before
{Heap before GC invocations=19 (full 0):
 garbage-first heap   total 81920K, used 64764K [0x0000000083200000, 0x0000000100000000)
  region size 1024K, 39 young (39936K), 5 survivors (5120K)
 Metaspace       used 65883K, capacity 66517K, committed 66696K, reserved 1107968K
  class space    used 8371K, capacity 8551K, committed 8576K, reserved 1048576K
}
Event: 10.000 GC heap after
{Heap after GC invocations=20 (full 0):
 garbage-first heap   total 81920K, used 32173K [0x0000000083200000, 0x0000000100000000)
  region size 1024K, 5 young (5120K), 5 survivors (5120K)
 Metaspace       used 65883K, capacity 66517K, committed 66696K, reserved 1107968K
  class space    used 8371K, capacity 8551K, committed 8576K, reserved 1048576K
}
Event: 10.498 GC heap before
{Heap before GC invocations=20 (full 0):
 garbage-first heap   total 81920K, used 64941K [0x0000000083200000, 0x0000000100000000)
  region size 1024K, 38 young (38912K), 5 survivors (5120K)
 Metaspace       used 68679K, capacity 69323K, committed 69384K, reserved 1110016K
  class space    used 8695K, capacity 8908K, committed 8960K, reserved 1048576K
}
Event: 10.503 GC heap after
{Heap after GC invocations=21 (full 0):
 garbage-first heap   total 81920K, used 36105K [0x0000000083200000, 0x0000000100000000)
  region size 1024K, 5 young (5120K), 5 survivors (5120K)
 Metaspace       used 68679K, capacity 69323K, committed 69384K, reserved 1110016K
  class space    used 8695K, capacity 8908K, committed 8960K, reserved 1048576K
}
Event: 47.161 GC heap before
{Heap before GC invocations=21 (full 0):
 garbage-first heap   total 81920K, used 64777K [0x0000000083200000, 0x0000000100000000)
  region size 1024K, 33 young (33792K), 5 survivors (5120K)
 Metaspace       used 71085K, capacity 71733K, committed 71944K, reserved 1112064K
  class space    used 8978K, capacity 9175K, committed 9216K, reserved 1048576K
}
Event: 47.166 GC heap after
{Heap after GC invocations=22 (full 0):
 garbage-first heap   total 81920K, used 38489K [0x0000000083200000, 0x0000000100000000)
  region size 1024K, 3 young (3072K), 3 survivors (3072K)
 Metaspace       used 71085K, capacity 71733K, committed 71944K, reserved 1112064K
  class space    used 8978K, capacity 9175K, committed 9216K, reserved 1048576K
}
Event: 63.428 GC heap before
{Heap before GC invocations=22 (full 0):
 garbage-first heap   total 81920K, used 56921K [0x0000000083200000, 0x0000000100000000)
  region size 1024K, 22 young (22528K), 3 survivors (3072K)
 Metaspace       used 73845K, capacity 74474K, committed 74632K, reserved 1114112K
  class space    used 9314K, capacity 9532K, committed 9600K, reserved 1048576K
}
Event: 63.494 GC heap after
{Heap after GC invocations=23 (full 1):
 garbage-first heap   total 81920K, used 31616K [0x0000000083200000, 0x0000000100000000)
  region size 1024K, 0 young (0K), 0 survivors (0K)
 Metaspace       used 73838K, capacity 74462K, committed 74632K, reserved 1114112K
  class space    used 9313K, capacity 9530K, committed 9600K, reserved 1048576K
}

Deoptimization events (20 events):
Event: 63.345 Thread 0x0000024f84e0ae30 DEOPT PACKING pc=0x0000024fec8d852c sp=0x00000083551fe220
Event: 63.345 Thread 0x0000024f84e0ae30 DEOPT UNPACKING pc=0x0000024fe4ba852f sp=0x00000083551fe1d8 mode 2
Event: 63.521 Thread 0x0000024f84e06600 DEOPT PACKING pc=0x0000024fe5c9437c sp=0x00000083553fd600
Event: 63.521 Thread 0x0000024f84e06600 DEOPT UNPACKING pc=0x0000024fe4bef6cf sp=0x00000083553fcb80 mode 0
Event: 63.731 Thread 0x0000024f84e06600 Uncommon trap: trap_request=0xffffffde fr.pc=0x0000024fec82a960 relative=0x0000000000001180
Event: 63.731 Thread 0x0000024f84e06600 Uncommon trap: reason=class_check action=maybe_recompile pc=0x0000024fec82a960 method=org.springframework.core.annotation.MergedAnnotationsCollection.find(Ljava/lang/Object;Ljava/util/function/Predicate;Lorg/springframework/core/annotation/MergedAnnotatio
Event: 63.731 Thread 0x0000024f84e06600 DEOPT PACKING pc=0x0000024fec82a960 sp=0x00000083553fd730
Event: 63.731 Thread 0x0000024f84e06600 DEOPT UNPACKING pc=0x0000024fe4ba852f sp=0x00000083553fd6e0 mode 2
Event: 63.736 Thread 0x0000024f84e06600 Uncommon trap: trap_request=0xffffffde fr.pc=0x0000024fec82a960 relative=0x0000000000001180
Event: 63.736 Thread 0x0000024f84e06600 Uncommon trap: reason=class_check action=maybe_recompile pc=0x0000024fec82a960 method=org.springframework.core.annotation.MergedAnnotationsCollection.find(Ljava/lang/Object;Ljava/util/function/Predicate;Lorg/springframework/core/annotation/MergedAnnotatio
Event: 63.736 Thread 0x0000024f84e06600 DEOPT PACKING pc=0x0000024fec82a960 sp=0x00000083553fd730
Event: 63.736 Thread 0x0000024f84e06600 DEOPT UNPACKING pc=0x0000024fe4ba852f sp=0x00000083553fd6e0 mode 2
Event: 63.741 Thread 0x0000024f84e06600 Uncommon trap: trap_request=0xffffffde fr.pc=0x0000024fec82a960 relative=0x0000000000001180
Event: 63.741 Thread 0x0000024f84e06600 Uncommon trap: reason=class_check action=maybe_recompile pc=0x0000024fec82a960 method=org.springframework.core.annotation.MergedAnnotationsCollection.find(Ljava/lang/Object;Ljava/util/function/Predicate;Lorg/springframework/core/annotation/MergedAnnotatio
Event: 63.741 Thread 0x0000024f84e06600 DEOPT PACKING pc=0x0000024fec82a960 sp=0x00000083553fd730
Event: 63.741 Thread 0x0000024f84e06600 DEOPT UNPACKING pc=0x0000024fe4ba852f sp=0x00000083553fd6e0 mode 2
Event: 63.746 Thread 0x0000024f84e06600 Uncommon trap: trap_request=0xffffffde fr.pc=0x0000024fec82a960 relative=0x0000000000001180
Event: 63.746 Thread 0x0000024f84e06600 Uncommon trap: reason=class_check action=maybe_recompile pc=0x0000024fec82a960 method=org.springframework.core.annotation.MergedAnnotationsCollection.find(Ljava/lang/Object;Ljava/util/function/Predicate;Lorg/springframework/core/annotation/MergedAnnotatio
Event: 63.746 Thread 0x0000024f84e06600 DEOPT PACKING pc=0x0000024fec82a960 sp=0x00000083553fd730
Event: 63.746 Thread 0x0000024f84e06600 DEOPT UNPACKING pc=0x0000024fe4ba852f sp=0x00000083553fd6e0 mode 2

Classes unloaded (2 events):
Event: 63.449 Thread 0x0000024ffbb57290 Unloading class 0x0000000801356840 'jdk/internal/reflect/GeneratedSerializationConstructorAccessor2'
Event: 63.449 Thread 0x0000024ffbb57290 Unloading class 0x000000080123c840 'jdk/internal/reflect/GeneratedSerializationConstructorAccessor1'

Classes redefined (0 events):
No events

Internal exceptions (20 events):
Event: 10.527 Thread 0x0000024ffd288b00 Exception <a 'java/lang/ClassNotFoundException'{0x000000008a8a4bb0}: org/thymeleaf/dialect/AbstractProcessorDialectBeanInfo> (0x000000008a8a4bb0) 
thrown [./open/src/hotspot/share/classfile/systemDictionary.cpp, line 295]
Event: 10.527 Thread 0x0000024ffd288b00 Exception <a 'java/lang/ClassNotFoundException'{0x000000008a8a9c00}: org/thymeleaf/dialect/AbstractDialectBeanInfo> (0x000000008a8a9c00) 
thrown [./open/src/hotspot/share/classfile/systemDictionary.cpp, line 295]
Event: 10.528 Thread 0x0000024ffd288b00 Exception <a 'java/lang/ClassNotFoundException'{0x000000008a8aecc8}: org/thymeleaf/dialect/AbstractDialectCustomizer> (0x000000008a8aecc8) 
thrown [./open/src/hotspot/share/classfile/systemDictionary.cpp, line 295]
Event: 10.528 Thread 0x0000024ffd288b00 Exception <a 'java/lang/ClassNotFoundException'{0x000000008a8b64b0}: org/thymeleaf/dialect/AbstractProcessorDialectCustomizer> (0x000000008a8b64b0) 
thrown [./open/src/hotspot/share/classfile/systemDictionary.cpp, line 295]
Event: 10.529 Thread 0x0000024ffd288b00 Exception <a 'java/lang/ClassNotFoundException'{0x000000008a8bee68}: nz/net/ultraq/thymeleaf/layoutdialect/LayoutDialectCustomizer> (0x000000008a8bee68) 
thrown [./open/src/hotspot/share/classfile/systemDictionary.cpp, line 295]
Event: 10.578 Thread 0x0000024ffd288b00 Implicit null exception at 0x0000024fec7f5ada to 0x0000024fec7f5cd0
Event: 10.606 Thread 0x0000024ffd288b00 Exception <a 'java/lang/ClassNotFoundException'{0x0000000087904b58}: java/lang/ObjectCustomizer> (0x0000000087904b58) 
thrown [./open/src/hotspot/share/classfile/systemDictionary.cpp, line 295]
Event: 10.607 Thread 0x0000024ffd288b00 Exception <a 'java/lang/ClassNotFoundException'{0x000000008790ccb0}: org/springframework/security/config/annotation/web/configuration/WebSecurityConfigurationCustomizer> (0x000000008790ccb0) 
thrown [./open/src/hotspot/share/classfile/systemDictionary.cpp, line 295]
Event: 10.608 Thread 0x0000024ffd288b00 Exception <a 'java/lang/ClassNotFoundException'{0x000000008791ba80}: org/springframework/context/annotation/ImportAwareCustomizer> (0x000000008791ba80) 
thrown [./open/src/hotspot/share/classfile/systemDictionary.cpp, line 295]
Event: 10.608 Thread 0x0000024ffd288b00 Exception <a 'java/lang/ClassNotFoundException'{0x0000000087920880}: org/springframework/beans/factory/AwareCustomizer> (0x0000000087920880) 
thrown [./open/src/hotspot/share/classfile/systemDictionary.cpp, line 295]
Event: 10.609 Thread 0x0000024ffd288b00 Exception <a 'java/lang/ClassNotFoundException'{0x0000000087924b58}: org/springframework/beans/factory/BeanClassLoaderAwareCustomizer> (0x0000000087924b58) 
thrown [./open/src/hotspot/share/classfile/systemDictionary.cpp, line 295]
Event: 10.609 Thread 0x0000024ffd288b00 Exception <a 'java/lang/ClassNotFoundException'{0x0000000087929968}: org/springframework/beans/factory/AwareCustomizer> (0x0000000087929968) 
thrown [./open/src/hotspot/share/classfile/systemDictionary.cpp, line 295]
Event: 10.744 Thread 0x0000024ffd288b00 Exception <a 'java/lang/NoSuchMethodError'{0x000000008755f620}: 'java.lang.Object java.lang.invoke.DirectMethodHandle$Holder.invokeSpecial(java.lang.Object, java.lang.Object, int, java.lang.Object, int, java.lang.Object)'> (0x000000008755f620) 
thrown [./open/src/hotspot/share/interpreter/linkResolver.cpp, line 782]
Event: 10.746 Thread 0x0000024ffd288b00 Exception <a 'java/lang/NoSuchMethodError'{0x00000000875680b0}: 'java.lang.Object java.lang.invoke.DirectMethodHandle$Holder.newInvokeSpecial(java.lang.Object, java.lang.Object, int, java.lang.Object, int)'> (0x00000000875680b0) 
thrown [./open/src/hotspot/share/interpreter/linkResolver.cpp, line 782]
Event: 10.746 Thread 0x0000024ffd288b00 Exception <a 'java/lang/NoSuchMethodError'{0x000000008756c2c0}: 'java.lang.Object java.lang.invoke.DirectMethodHandle$Holder.invokeSpecial(java.lang.Object, java.lang.Object, java.lang.Object, int, java.lang.Object, int)'> (0x000000008756c2c0) 
thrown [./open/src/hotspot/share/interpreter/linkResolver.cpp, line 782]
Event: 10.748 Thread 0x0000024ffd288b00 Exception <a 'java/lang/NoSuchMethodError'{0x00000000875764c8}: 'void java.lang.invoke.DirectMethodHandle$Holder.invokeVirtual(java.lang.Object, java.lang.Object)'> (0x00000000875764c8) 
thrown [./open/src/hotspot/share/interpreter/linkResolver.cpp, line 782]
Event: 10.815 Thread 0x0000024ffd288b00 Exception <a 'sun/nio/fs/WindowsException'{0x000000008722ac68}> (0x000000008722ac68) 
thrown [./open/src/hotspot/share/prims/jni.cpp, line 578]
Event: 47.481 Thread 0x0000024ffea1ab60 Exception <a 'java/lang/NoSuchMethodError'{0x0000000087b1bd48}: 'java.lang.Object java.lang.invoke.DirectMethodHandle$Holder.invokeStaticInit(java.lang.Object, java.lang.Object, java.lang.Object, java.lang.Object, java.lang.Object, java.lang.Object)'> (0x0000000087b1bd48) 
thrown [./open/src/hotspot/share/interpreter/linkResolver.cpp, line 782]
Event: 63.373 Thread 0x0000024ffea1bea0 Exception <a 'java/lang/InterruptedException'{0x000000008702ce80}: sleep interrupted> (0x000000008702ce80) 
thrown [./open/src/hotspot/share/prims/jvm.cpp, line 3278]
Event: 63.538 Thread 0x0000024f84e06600 Exception <a 'java/io/FileNotFoundException'{0x000000008a91b8b8}> (0x000000008a91b8b8) 
thrown [./open/src/hotspot/share/prims/jni.cpp, line 578]

Events (20 events):
Event: 63.413 loading class javax/crypto/AEADBadTagException
Event: 63.413 loading class javax/crypto/AEADBadTagException done
Event: 63.414 loading class javax/net/ssl/SSLHandshakeException
Event: 63.414 loading class javax/net/ssl/SSLHandshakeException done
Event: 63.420 Thread 0x0000024f84e07e10 Thread exited: 0x0000024f84e07e10
Event: 63.428 Executing VM operation: G1CollectFull
Event: 63.494 Executing VM operation: G1CollectFull done
Event: 63.494 loading class java/lang/ref/Finalizer$2
Event: 63.495 loading class java/lang/ref/Finalizer$2 done
Event: 63.495 loading class java/lang/ref/Finalizer$1
Event: 63.495 loading class java/lang/ref/Finalizer$1 done
Event: 63.495 Thread 0x0000024f84e09af0 Thread added: 0x0000024f84e09af0
Event: 63.502 Thread 0x0000024f84e06600 Thread added: 0x0000024f84e06600
Event: 63.502 Thread 0x0000024f84e09af0 Thread exited: 0x0000024f84e09af0
Event: 63.567 Executing VM operation: ICBufferFull
Event: 63.567 Executing VM operation: ICBufferFull done
Event: 63.567 Executing VM operation: HandshakeAllThreads
Event: 63.568 Executing VM operation: HandshakeAllThreads done
Event: 63.665 Executing VM operation: ICBufferFull
Event: 63.665 Executing VM operation: ICBufferFull done


Dynamic libraries:
0x00007ff7b2db0000 - 0x00007ff7b2dbf000 	C:\Program Files\Java\jdk-15.0.2\bin\java.exe
0x00007ffe46e50000 - 0x00007ffe47069000 	C:\WINDOWS\SYSTEM32\ntdll.dll
0x00007ffe45bb0000 - 0x00007ffe45c72000 	C:\WINDOWS\System32\KERNEL32.DLL
0x00007ffe44480000 - 0x00007ffe4481c000 	C:\WINDOWS\System32\KERNELBASE.dll
0x00007ffe448a0000 - 0x00007ffe449bb000 	C:\WINDOWS\System32\ucrtbase.dll
0x00007ffe157c0000 - 0x00007ffe157d8000 	C:\Program Files\Java\jdk-15.0.2\bin\jli.dll
0x00007ffe15d10000 - 0x00007ffe15d29000 	C:\Program Files\Java\jdk-15.0.2\bin\VCRUNTIME140.dll
0x00007ffe44d10000 - 0x00007ffe44dbe000 	C:\WINDOWS\System32\ADVAPI32.dll
0x00007ffe45e90000 - 0x00007ffe45f37000 	C:\WINDOWS\System32\msvcrt.dll
0x00007ffe45f40000 - 0x00007ffe45fe6000 	C:\WINDOWS\System32\sechost.dll
0x00007ffe452a0000 - 0x00007ffe453c7000 	C:\WINDOWS\System32\RPCRT4.dll
0x00007ffe45c90000 - 0x00007ffe45e3c000 	C:\WINDOWS\System32\USER32.dll
0x00007ffe44b80000 - 0x00007ffe44ba6000 	C:\WINDOWS\System32\win32u.dll
0x00007ffe21b70000 - 0x00007ffe21e01000 	C:\WINDOWS\WinSxS\amd64_microsoft.windows.common-controls_6595b64144ccf1df_6.0.25227.1000_none_7b35d90bf2068bf3\COMCTL32.dll
0x00007ffe44ea0000 - 0x00007ffe44ec9000 	C:\WINDOWS\System32\GDI32.dll
0x00007ffe44a60000 - 0x00007ffe44b76000 	C:\WINDOWS\System32\gdi32full.dll
0x00007ffe449c0000 - 0x00007ffe44a5a000 	C:\WINDOWS\System32\msvcp_win.dll
0x00007ffe3ccf0000 - 0x00007ffe3ccfa000 	C:\WINDOWS\SYSTEM32\VERSION.dll
0x00007ffe45260000 - 0x00007ffe45291000 	C:\WINDOWS\System32\IMM32.DLL
0x00007ffe34ab0000 - 0x00007ffe34abc000 	C:\Program Files\Java\jdk-15.0.2\bin\vcruntime140_1.dll
0x00007ffdfec80000 - 0x00007ffdfed11000 	C:\Program Files\Java\jdk-15.0.2\bin\msvcp140.dll
0x00007ffdf2620000 - 0x00007ffdf317e000 	C:\Program Files\Java\jdk-15.0.2\bin\server\jvm.dll
0x00007ffe461f0000 - 0x00007ffe461f8000 	C:\WINDOWS\System32\PSAPI.DLL
0x00007ffe3d390000 - 0x00007ffe3d3c5000 	C:\WINDOWS\SYSTEM32\WINMM.dll
0x00007ffe2df70000 - 0x00007ffe2df79000 	C:\WINDOWS\SYSTEM32\WSOCK32.dll
0x00007ffe46110000 - 0x00007ffe4617f000 	C:\WINDOWS\System32\WS2_32.dll
0x00007ffe431c0000 - 0x00007ffe431d8000 	C:\WINDOWS\SYSTEM32\kernel.appcore.dll
0x00007ffe2f480000 - 0x00007ffe2f48a000 	C:\Program Files\Java\jdk-15.0.2\bin\jimage.dll
0x00007ffe41c70000 - 0x00007ffe41ea3000 	C:\WINDOWS\SYSTEM32\DBGHELP.DLL
0x00007ffe44ed0000 - 0x00007ffe45252000 	C:\WINDOWS\System32\combase.dll
0x00007ffe44dc0000 - 0x00007ffe44e98000 	C:\WINDOWS\System32\OLEAUT32.dll
0x00007ffe2e5e0000 - 0x00007ffe2e612000 	C:\WINDOWS\SYSTEM32\dbgcore.DLL
0x00007ffe44820000 - 0x00007ffe44899000 	C:\WINDOWS\System32\bcryptPrimitives.dll
0x00007ffe11cf0000 - 0x00007ffe11d15000 	C:\Program Files\Java\jdk-15.0.2\bin\java.dll
0x00007ffe453d0000 - 0x00007ffe45ba0000 	C:\WINDOWS\System32\SHELL32.dll
0x00007ffe42140000 - 0x00007ffe429da000 	C:\WINDOWS\SYSTEM32\windows.storage.dll
0x00007ffe41fa0000 - 0x00007ffe42133000 	C:\WINDOWS\SYSTEM32\wintypes.dll
0x00007ffe463a0000 - 0x00007ffe4648b000 	C:\WINDOWS\System32\SHCORE.dll
0x00007ffe46200000 - 0x00007ffe4625d000 	C:\WINDOWS\System32\shlwapi.dll
0x00007ffe44160000 - 0x00007ffe44181000 	C:\WINDOWS\SYSTEM32\profapi.dll
0x00007ffe12aa0000 - 0x00007ffe12ab9000 	C:\Program Files\Java\jdk-15.0.2\bin\net.dll
0x00007ffe3cf20000 - 0x00007ffe3d04b000 	C:\WINDOWS\SYSTEM32\WINHTTP.dll
0x00007ffe43690000 - 0x00007ffe436f9000 	C:\WINDOWS\system32\mswsock.dll
0x00007ffe107c0000 - 0x00007ffe107d2000 	C:\Program Files\Java\jdk-15.0.2\bin\nio.dll
0x00007ffe10670000 - 0x00007ffe10688000 	C:\Program Files\Java\jdk-15.0.2\bin\zip.dll
0x00007ffe10650000 - 0x00007ffe10660000 	C:\Program Files\Java\jdk-15.0.2\bin\verify.dll
0x00007ffe2f350000 - 0x00007ffe2f359000 	C:\Program Files\Java\jdk-15.0.2\bin\management.dll
0x00007ffe2e920000 - 0x00007ffe2e92b000 	C:\Program Files\Java\jdk-15.0.2\bin\management_ext.dll
0x00007ffe3f450000 - 0x00007ffe3f467000 	C:\WINDOWS\system32\napinsp.dll
0x00007ffe3f430000 - 0x00007ffe3f44a000 	C:\WINDOWS\system32\pnrpnsp.dll
0x00007ffe008f0000 - 0x00007ffe00911000 	C:\WINDOWS\system32\nlansp_c.dll
0x00007ffe42d20000 - 0x00007ffe42e1f000 	C:\WINDOWS\SYSTEM32\DNSAPI.dll
0x00007ffe42c90000 - 0x00007ffe42cbe000 	C:\WINDOWS\SYSTEM32\IPHLPAPI.DLL
0x00007ffe466d0000 - 0x00007ffe466d9000 	C:\WINDOWS\System32\NSI.dll
0x00007ffe3f3e0000 - 0x00007ffe3f3f1000 	C:\WINDOWS\System32\winrnr.dll
0x00007ffe0dcd0000 - 0x00007ffe0dce5000 	C:\WINDOWS\system32\wshbth.dll
0x00007ffe34840000 - 0x00007ffe3484a000 	C:\Windows\System32\rasadhlp.dll
0x00007ffe3c310000 - 0x00007ffe3c394000 	C:\WINDOWS\System32\fwpuclnt.dll
0x00007ffe43910000 - 0x00007ffe4392b000 	C:\WINDOWS\SYSTEM32\CRYPTSP.dll
0x00007ffe43120000 - 0x00007ffe43154000 	C:\WINDOWS\system32\rsaenh.dll
0x00007ffe43790000 - 0x00007ffe437b8000 	C:\WINDOWS\SYSTEM32\USERENV.dll
0x00007ffe43ad0000 - 0x00007ffe43af8000 	C:\WINDOWS\SYSTEM32\bcrypt.dll
0x00007ffe43930000 - 0x00007ffe4393c000 	C:\WINDOWS\SYSTEM32\CRYPTBASE.dll
0x00007ffe3d280000 - 0x00007ffe3d299000 	C:\WINDOWS\SYSTEM32\dhcpcsvc6.DLL
0x00007ffe3ccc0000 - 0x00007ffe3ccdf000 	C:\WINDOWS\SYSTEM32\dhcpcsvc.DLL
0x00007ffe2e1d0000 - 0x00007ffe2e1dd000 	C:\Program Files\Java\jdk-15.0.2\bin\sunmscapi.dll
0x00007ffe44300000 - 0x00007ffe4446f000 	C:\WINDOWS\System32\CRYPT32.dll
0x00007ffe43a90000 - 0x00007ffe43abf000 	C:\WINDOWS\SYSTEM32\ncrypt.dll
0x00007ffe43a50000 - 0x00007ffe43a87000 	C:\WINDOWS\SYSTEM32\NTASN1.dll

dbghelp: loaded successfully - version: 4.0.5 - missing functions: none
symbol engine: initialized successfully - sym options: 0x614 - pdb path: .;C:\Program Files\Java\jdk-15.0.2\bin;C:\WINDOWS\SYSTEM32;C:\WINDOWS\WinSxS\amd64_microsoft.windows.common-controls_6595b64144ccf1df_6.0.25227.1000_none_7b35d90bf2068bf3;C:\Program Files\Java\jdk-15.0.2\bin\server

VM Arguments:
jvm_args: -XX:+ShowCodeDetailsInExceptionMessages 
java_command: com.watch.shopwatchonline.ShopwatchonlineApplication
java_class_path (initial): F:\java\shopwatchonline\target\classes;C:\Users\datea\.m2\repository\io\jsonwebtoken\jjwt\0.9.1\jjwt-0.9.1.jar;C:\Users\datea\.m2\repository\org\springframework\boot\spring-boot-starter-security\2.7.5\spring-boot-starter-security-2.7.5.jar;C:\Users\datea\.m2\repository\org\springframework\boot\spring-boot-starter\2.6.12\spring-boot-starter-2.6.12.jar;C:\Users\datea\.m2\repository\org\springframework\boot\spring-boot-starter-logging\2.6.12\spring-boot-starter-logging-2.6.12.jar;C:\Users\datea\.m2\repository\ch\qos\logback\logback-classic\1.2.11\logback-classic-1.2.11.jar;C:\Users\datea\.m2\repository\ch\qos\logback\logback-core\1.2.11\logback-core-1.2.11.jar;C:\Users\datea\.m2\repository\org\apache\logging\log4j\log4j-to-slf4j\2.17.2\log4j-to-slf4j-2.17.2.jar;C:\Users\datea\.m2\repository\org\apache\logging\log4j\log4j-api\2.17.2\log4j-api-2.17.2.jar;C:\Users\datea\.m2\repository\org\slf4j\jul-to-slf4j\1.7.36\jul-to-slf4j-1.7.36.jar;C:\Users\datea\.m2\repository\jakarta\annotation\jakarta.annotation-api\1.3.5\jakarta.annotation-api-1.3.5.jar;C:\Users\datea\.m2\repository\org\yaml\snakeyaml\1.29\snakeyaml-1.29.jar;C:\Users\datea\.m2\repository\org\springframework\spring-aop\5.3.23\spring-aop-5.3.23.jar;C:\Users\datea\.m2\repository\org\springframework\spring-beans\5.3.23\spring-beans-5.3.23.jar;C:\Users\datea\.m2\repository\org\springframework\security\spring-security-config\5.6.7\spring-security-config-5.6.7.jar;C:\Users\datea\.m2\repository\org\springframework\security\spring-security-core\5.6.7\spring-security-core-5.6.7.jar;C:\Users\datea\.m2\repository\org\springframework\security\spring-security-crypto\5.6.7\spring-security-crypto-5.6.7.jar;C:\Users\datea\.m2\repository\org\springframework\spring-context\5.3.23\spring-context-5.3.23.jar;C:\Users\datea\.m2\repository\org\springframework\security\spring-security-web\5.6.7\spring-security-web-5.6.7.jar;C:\Users\datea\.m2\repository\org\springframework\spring-expression\5.3.23\spring-exp
Launcher Type: SUN_STANDARD

[Global flags]
     intx CICompilerCount                          = 4                                         {product} {ergonomic}
     uint ConcGCThreads                            = 2                                         {product} {ergonomic}
     uint G1ConcRefinementThreads                  = 8                                         {product} {ergonomic}
   size_t G1HeapRegionSize                         = 1048576                                   {product} {ergonomic}
    uintx GCDrainStackTargetSize                   = 64                                        {product} {ergonomic}
   size_t InitialHeapSize                          = 132120576                                 {product} {ergonomic}
   size_t MarkStackSize                            = 4194304                                   {product} {ergonomic}
   size_t MaxHeapSize                              = 2095054848                                {product} {ergonomic}
   size_t MaxNewSize                               = 1256194048                                {product} {ergonomic}
   size_t MinHeapDeltaBytes                        = 1048576                                   {product} {ergonomic}
   size_t MinHeapSize                              = 8388608                                   {product} {ergonomic}
    uintx NonNMethodCodeHeapSize                   = 5839372                                {pd product} {ergonomic}
    uintx NonProfiledCodeHeapSize                  = 122909434                              {pd product} {ergonomic}
    uintx ProfiledCodeHeapSize                     = 122909434                              {pd product} {ergonomic}
    uintx ReservedCodeCacheSize                    = 251658240                              {pd product} {ergonomic}
     bool SegmentedCodeCache                       = true                                      {product} {ergonomic}
     bool ShowCodeDetailsInExceptionMessages       = true                                   {manageable} {command line}
   size_t SoftMaxHeapSize                          = 2095054848                             {manageable} {ergonomic}
     bool UseCompressedClassPointers               = true                                 {lp64_product} {ergonomic}
     bool UseCompressedOops                        = true                                 {lp64_product} {ergonomic}
     bool UseG1GC                                  = true                                      {product} {ergonomic}
     bool UseLargePagesIndividualAllocation        = false                                  {pd product} {ergonomic}

Logging:
Log output configuration:
 #0: stdout all=warning uptime,level,tags
 #1: stderr all=off uptime,level,tags

Environment Variables:
PATH=C:\Program Files\Java\jdk-15.0.2\bin;C:\Program Files\Common Files\Oracle\Java\javapath;C:\WINDOWS\system32;C:\WINDOWS;C:\WINDOWS\System32\Wbem;C:\WINDOWS\System32\WindowsPowerShell\v1.0\;C:\WINDOWS\System32\OpenSSH\;C:\Program Files\Azure Data Studio\bin;C:\Program Files\Microsoft SQL Server\Client SDK\ODBC\170\Tools\Binn\;C:\Program Files (x86)\Microsoft SQL Server\150\Tools\Binn\;C:\Program Files\Microsoft SQL Server\150\Tools\Binn\;C:\Program Files\Microsoft SQL Server\150\DTS\Binn\;C:\Program Files (x86)\Microsoft SQL Server\150\DTS\Binn\;C:\Program Files (x86)\GitExtensions\;F:\xampp\php;C:\ProgramData\ComposerSetup\bin;C:\xampp\php;C:\Program Files\Git\cmd;C:\Users\datea\AppData\Local\Microsoft\WindowsApps;C:\Users\datea\AppData\Local\Programs\Microsoft VS Code\bin;;C:\Program Files\Azure Data Studio\bin;C:\Users\datea\AppData\Roaming\Composer\vendor\bin
USERNAME=datea
LANG=en_US.UTF-8
OS=Windows_NT
PROCESSOR_IDENTIFIER=Intel64 Family 6 Model 126 Stepping 5, GenuineIntel



---------------  S Y S T E M  ---------------

OS:
 Windows 10 , 64 bit Build 25227 (10.0.25227.1000)
OS uptime: 1 days 3:07 hours
HyperV virtualization detected

CPU: total 8 (initial active 8) (4 cores per cpu, 2 threads per core) family 6 model 126 stepping 5 microcode 0xa6, cmov, cx8, fxsr, mmx, sse, sse2, sse3, ssse3, sse4.1, sse4.2, popcnt, vzeroupper, avx, avx2, aes, clmul, erms, 3dnowpref, lzcnt, ht, tsc, tscinvbit, bmi1, bmi2, adx, avx512f, avx512dq, avx512cd, avx512bw, avx512vl, avx512_vpopcntdq, avx512_vpclmulqdq, avx512_vbmi, avx512_vbmi2, avx512_vaes, avx512_vnni, sha, fma, clflush, clflushopt

Memory: 4k page, system-wide physical 7987M (298M free)
TotalPageFile size 12083M (AvailPageFile size 7M)
current process WorkingSet (physical memory assigned to process): 269M, peak: 318M
current process commit charge ("private bytes"): 306M, peak: 360M

vm_info: Java HotSpot(TM) 64-Bit Server VM (15.0.2+7-27) for windows-amd64 JRE (15.0.2+7-27), built on Dec  7 2020 20:07:01 by "mach5one" with unknown MS VC++:1925

END.
