#
# There is insufficient memory for the Java Runtime Environment to continue.
# Native memory allocation (malloc) failed to allocate 2097152 bytes for AllocateHeap
# Possible reasons:
#   The system is out of physical RAM or swap space
#   The process is running with CompressedOops enabled, and the Java Heap may be blocking the growth of the native heap
# Possible solutions:
#   Reduce memory load on the system
#   Increase physical memory or swap space
#   Check if swap backing store is full
#   Decrease Java heap size (-Xmx/-Xms)
#   Decrease number of Java threads
#   Decrease Java thread stack sizes (-Xss)
#   Set larger code cache with -XX:ReservedCodeCacheSize=
#   JVM is running with Unscaled Compressed Oops mode in which the Java heap is
#     placed in the first 4GB address space. The Java Heap base address is the
#     maximum limit for the native heap growth. Please use -XX:HeapBaseMinAddress
#     to set the Java Heap base and to place the Java Heap above 4GB virtual address.
# This output file may be truncated or incomplete.
#
#  Out of Memory Error (allocation.cpp:44), pid=9716, tid=12136
#
# JRE version: OpenJDK Runtime Environment Temurin-17.0.4.1+1 (17.0.4.1+1) (build 17.0.4.1+1)
# Java VM: OpenJDK 64-Bit Server VM Temurin-17.0.4.1+1 (17.0.4.1+1, mixed mode, emulated-client, tiered, compressed oops, compressed class ptrs, g1 gc, windows-amd64)
# No core dump will be written. Minidumps are not enabled by default on client versions of Windows
#

---------------  S U M M A R Y ------------

Command Line: -Dsts.lsp.client=vscode -Dsts.log.file=/dev/null -XX:TieredStopAtLevel=1 -Xlog:jni+resolve=off -Dspring.config.location=file:c:\Users\datea\.vscode\extensions\pivotal.vscode-spring-boot-1.39.0\language-server\BOOT-INF\classes\application.properties org.springframework.ide.vscode.boot.app.BootLanguageServerBootApp

Host: Intel(R) Core(TM) i5-1035G1 CPU @ 1.00GHz, 8 cores, 7G,  Windows 11 , 64 bit Build 25227 (10.0.25227.1000)
Time: Fri Oct 21 21:59:00 2022 SE Asia Standard Time elapsed time: 11263.522964 seconds (0d 3h 7m 43s)

---------------  T H R E A D  ---------------

Current thread (0x000002008dba9720):  VMThread "VM Thread" [stack: 0x0000009914c00000,0x0000009914d00000] [id=12136]

Stack: [0x0000009914c00000,0x0000009914d00000]
Native frames: (J=compiled Java code, j=interpreted, Vv=VM code, C=native code)
V  [jvm.dll+0x67731a]
V  [jvm.dll+0x832284]
V  [jvm.dll+0x833a2e]
V  [jvm.dll+0x834093]
V  [jvm.dll+0x245775]
V  [jvm.dll+0xa6393]
V  [jvm.dll+0x2f59c1]
V  [jvm.dll+0x2f1640]
V  [jvm.dll+0x2d9d27]
V  [jvm.dll+0x31ce37]
V  [jvm.dll+0x83853b]
V  [jvm.dll+0x839274]
V  [jvm.dll+0x83978c]
V  [jvm.dll+0x839b64]
V  [jvm.dll+0x839c30]
V  [jvm.dll+0x7e240a]
V  [jvm.dll+0x6761a5]
C  [ucrtbase.dll+0x4b82b]
C  [KERNEL32.DLL+0x1484d]
C  [ntdll.dll+0x67558]

VM_Operation (0x00000099173fe9a0): G1CollectFull, mode: safepoint, requested by thread 0x000002008e620b60


---------------  P R O C E S S  ---------------

Threads class SMR info:
_java_thread_list=0x00000200920d1950, length=28, elements={
0x000002008dbade50, 0x000002008dbae520, 0x000002008e44c130, 0x000002008e44c800,
0x000002008e44f2f0, 0x000002008e4537d0, 0x000002008e456170, 0x000002008e45a6a0,
0x000002008e66bbe0, 0x000002008e676030, 0x00000200902dc690, 0x000002008e620b60,
0x000002008e61ee80, 0x000002008e61e9b0, 0x000002008e621030, 0x000002008e61db40,
0x00000200922f0170, 0x00000200922f61b0, 0x00000200922f49a0, 0x00000200922f4000,
0x00000200922f27f0, 0x00000200922f7020, 0x00000200922f4e70, 0x00000200922f44d0,
0x00000200922f3190, 0x00000200922f5810, 0x00000200922f5ce0, 0x00000200922ef7d0
}

Java Threads: ( => current thread )
  0x000002008dbade50 JavaThread "Reference Handler" daemon [_thread_blocked, id=26264, stack(0x0000009914d00000,0x0000009914e00000)]
  0x000002008dbae520 JavaThread "Finalizer" daemon [_thread_blocked, id=8780, stack(0x0000009914e00000,0x0000009914f00000)]
  0x000002008e44c130 JavaThread "Signal Dispatcher" daemon [_thread_blocked, id=18144, stack(0x0000009914f00000,0x0000009915000000)]
  0x000002008e44c800 JavaThread "Attach Listener" daemon [_thread_blocked, id=16888, stack(0x0000009915000000,0x0000009915100000)]
  0x000002008e44f2f0 JavaThread "Service Thread" daemon [_thread_blocked, id=5108, stack(0x0000009915100000,0x0000009915200000)]
  0x000002008e4537d0 JavaThread "Monitor Deflation Thread" daemon [_thread_blocked, id=24132, stack(0x0000009915200000,0x0000009915300000)]
  0x000002008e456170 JavaThread "C1 CompilerThread0" daemon [_thread_blocked, id=1868, stack(0x0000009915300000,0x0000009915400000)]
  0x000002008e45a6a0 JavaThread "Sweeper thread" daemon [_thread_blocked, id=20100, stack(0x0000009915400000,0x0000009915500000)]
  0x000002008e66bbe0 JavaThread "Notification Thread" daemon [_thread_blocked, id=21544, stack(0x0000009915700000,0x0000009915800000)]
  0x000002008e676030 JavaThread "Common-Cleaner" daemon [_thread_blocked, id=3348, stack(0x0000009915900000,0x0000009915a00000)]
  0x00000200902dc690 JavaThread "boundedElastic-evictor-1" daemon [_thread_blocked, id=25532, stack(0x0000009916300000,0x0000009916400000)]
  0x000002008e620b60 JavaThread "pool-9-thread-1" [_thread_blocked, id=22704, stack(0x0000009917300000,0x0000009917400000)]
  0x000002008e61ee80 JavaThread "LanguageServerApp-lifecycle" [_thread_blocked, id=25372, stack(0x0000009917400000,0x0000009917500000)]
  0x000002008e61e9b0 JavaThread "DestroyJavaVM" [_thread_blocked, id=22868, stack(0x0000009914600000,0x0000009914700000)]
  0x000002008e621030 JavaThread "pool-10-thread-1" [_thread_in_native, id=20936, stack(0x0000009917500000,0x0000009917600000)]
  0x000002008e61db40 JavaThread "Simple-Language-Server main thread" daemon [_thread_blocked, id=26392, stack(0x0000009917600000,0x0000009917700000)]
  0x00000200922f0170 JavaThread "pool-7-thread-1" [_thread_blocked, id=6840, stack(0x0000009917700000,0x0000009917800000)]
  0x00000200922f61b0 JavaThread "parallel-1" daemon [_thread_blocked, id=26000, stack(0x0000009917800000,0x0000009917900000)]
  0x00000200922f49a0 JavaThread "Reconciler-1" daemon [_thread_blocked, id=27536, stack(0x0000009917900000,0x0000009917a00000)]
  0x00000200922f4000 JavaThread "parallel-2" daemon [_thread_blocked, id=13060, stack(0x0000009916600000,0x0000009916700000)]
  0x00000200922f27f0 JavaThread "pool-5-thread-1" [_thread_blocked, id=24980, stack(0x0000009916700000,0x0000009916800000)]
  0x00000200922f7020 JavaThread "parallel-3" daemon [_thread_blocked, id=24912, stack(0x0000009916800000,0x0000009916900000)]
  0x00000200922f4e70 JavaThread "parallel-4" daemon [_thread_blocked, id=4708, stack(0x0000009914500000,0x0000009914600000)]
  0x00000200922f44d0 JavaThread "parallel-5" daemon [_thread_blocked, id=26412, stack(0x0000009916400000,0x0000009916500000)]
  0x00000200922f3190 JavaThread "parallel-6" daemon [_thread_blocked, id=12756, stack(0x0000009916900000,0x0000009916a00000)]
  0x00000200922f5810 JavaThread "parallel-7" daemon [_thread_blocked, id=2936, stack(0x0000009916d00000,0x0000009916e00000)]
  0x00000200922f5ce0 JavaThread "parallel-8" daemon [_thread_blocked, id=20904, stack(0x0000009916e00000,0x0000009916f00000)]
  0x00000200922ef7d0 JavaThread "ForkJoinPool.commonPool-worker-10" daemon [_thread_blocked, id=35612, stack(0x0000009916a00000,0x0000009916b00000)]

Other Threads:
=>0x000002008dba9720 VMThread "VM Thread" [stack: 0x0000009914c00000,0x0000009914d00000] [id=12136]
  0x00000200ff4c7d00 WatcherThread [stack: 0x0000009915800000,0x0000009915900000] [id=27544]
  0x00000200ff4ada50 GCTaskThread "GC Thread#0" [stack: 0x0000009914700000,0x0000009914800000] [id=24608]
  0x000002008f0ba830 GCTaskThread "GC Thread#1" [stack: 0x0000009915a00000,0x0000009915b00000] [id=27280]
  0x000002008f0cc100 GCTaskThread "GC Thread#2" [stack: 0x0000009915b00000,0x0000009915c00000] [id=23132]
  0x000002008fc210e0 GCTaskThread "GC Thread#3" [stack: 0x0000009915c00000,0x0000009915d00000] [id=17668]
  0x000002008fc253a0 GCTaskThread "GC Thread#4" [stack: 0x0000009915d00000,0x0000009915e00000] [id=27332]
  0x000002008fc25650 GCTaskThread "GC Thread#5" [stack: 0x0000009915e00000,0x0000009915f00000] [id=24700]
  0x000002008fe1ebb0 GCTaskThread "GC Thread#6" [stack: 0x0000009916000000,0x0000009916100000] [id=23880]
  0x000002008fe1ee60 GCTaskThread "GC Thread#7" [stack: 0x0000009916100000,0x0000009916200000] [id=25516]
  0x00000200ff4be260 ConcurrentGCThread "G1 Main Marker" [stack: 0x0000009914800000,0x0000009914900000] [id=20252]
  0x00000200ff4bece0 ConcurrentGCThread "G1 Conc#0" [stack: 0x0000009914900000,0x0000009914a00000] [id=27632]
  0x000002008ff95ff0 ConcurrentGCThread "G1 Conc#1" [stack: 0x0000009916200000,0x0000009916300000] [id=21712]
  0x00000200ff51e890 ConcurrentGCThread "G1 Refine#0" [stack: 0x0000009914a00000,0x0000009914b00000] [id=19536]
  0x000002009231fbe0 ConcurrentGCThread "G1 Refine#1" [stack: 0x0000009917d00000,0x0000009917e00000] [id=18000]
  0x0000020092389930 ConcurrentGCThread "G1 Refine#2" [stack: 0x0000009915f00000,0x0000009916000000] [id=25792]
  0x000002009245d990 ConcurrentGCThread "G1 Refine#3" [stack: 0x0000009917e00000,0x0000009917f00000] [id=25804]
  0x00000200923879a0 ConcurrentGCThread "G1 Refine#4" [stack: 0x0000009915500000,0x0000009915600000] [id=23168]
  0x00000200908db570 ConcurrentGCThread "G1 Refine#5" [stack: 0x0000009916500000,0x0000009916600000] [id=25408]
  0x00000200ff51ec70 ConcurrentGCThread "G1 Service" [stack: 0x0000009914b00000,0x0000009914c00000] [id=9568]

Threads with active compile tasks:

VM state: at safepoint (normal execution)

VM Mutex/Monitor currently owned by a thread:  ([mutex/lock_event])
[0x00000200fe5cbc70] Threads_lock - owner thread: 0x000002008dba9720
[0x00000200fe69baf0] Heap_lock - owner thread: 0x000002008e620b60

Heap address: 0x0000000083200000, size: 1998 MB, Compressed Oops mode: 32-bit

CDS archive(s) not mapped
Compressed class space mapped at: 0x0000000100000000-0x0000000140000000, reserved size: 1073741824
Narrow klass base: 0x0000000000000000, Narrow klass shift: 3, Narrow klass range: 0x140000000

GC Precious Log:
 CPUs: 8 total, 8 available
 Memory: 7987M
 Large Page Support: Disabled
 NUMA Support: Disabled
 Compressed Oops: Enabled (32-bit)
 Heap Region Size: 1M
 Heap Min Capacity: 8M
 Heap Initial Capacity: 126M
 Heap Max Capacity: 1998M
 Pre-touch: Disabled
 Parallel Workers: 8
 Concurrent Workers: 2
 Concurrent Refinement Workers: 8
 Periodic GC: Disabled

Heap:
 garbage-first heap   total 119808K, used 35730K [0x0000000083200000, 0x0000000100000000)
  region size 1024K, 1 young (1024K), 0 survivors (0K)
 Metaspace       used 53620K, committed 54016K, reserved 1097728K
  class space    used 7084K, committed 7296K, reserved 1048576K

Heap Regions: E=young(eden), S=young(survivor), O=old, HS=humongous(starts), HC=humongous(continues), CS=collection set, F=free, OA=open archive, CA=closed archive, TAMS=top-at-mark-start (previous, next)
|   0|0x0000000083200000, 0x0000000083300000, 0x0000000083300000|100%| O|  |TAMS 0x0000000083300000, 0x0000000083200000| Untracked 
|   1|0x0000000083300000, 0x0000000083400000, 0x0000000083400000|100%| O|  |TAMS 0x0000000083400000, 0x0000000083300000| Untracked 
|   2|0x0000000083400000, 0x0000000083500000, 0x0000000083500000|100%| O|  |TAMS 0x0000000083500000, 0x0000000083400000| Untracked 
|   3|0x0000000083500000, 0x00000000835ffff0, 0x0000000083600000| 99%| O|  |TAMS 0x00000000835ffff0, 0x0000000083500000| Untracked 
|   4|0x0000000083600000, 0x0000000083700000, 0x0000000083700000|100%| O|  |TAMS 0x0000000083700000, 0x0000000083600000| Untracked 
|   5|0x0000000083700000, 0x0000000083800000, 0x0000000083800000|100%| O|  |TAMS 0x0000000083800000, 0x0000000083700000| Untracked 
|   6|0x0000000083800000, 0x00000000838fffc0, 0x0000000083900000| 99%| O|  |TAMS 0x00000000838fffc0, 0x0000000083800000| Untracked 
|   7|0x0000000083900000, 0x00000000839ffff8, 0x0000000083a00000| 99%| O|  |TAMS 0x00000000839ffff8, 0x0000000083900000| Untracked 
|   8|0x0000000083a00000, 0x0000000083b00000, 0x0000000083b00000|100%| O|  |TAMS 0x0000000083b00000, 0x0000000083a00000| Untracked 
|   9|0x0000000083b00000, 0x0000000083c00000, 0x0000000083c00000|100%| O|  |TAMS 0x0000000083c00000, 0x0000000083b00000| Untracked 
|  10|0x0000000083c00000, 0x0000000083cfffe8, 0x0000000083d00000| 99%| O|  |TAMS 0x0000000083cfffe8, 0x0000000083c00000| Untracked 
|  11|0x0000000083d00000, 0x0000000083dfffb8, 0x0000000083e00000| 99%| O|  |TAMS 0x0000000083dfffb8, 0x0000000083d00000| Untracked 
|  12|0x0000000083e00000, 0x0000000083effff0, 0x0000000083f00000| 99%| O|  |TAMS 0x0000000083effff0, 0x0000000083e00000| Untracked 
|  13|0x0000000083f00000, 0x0000000083ffffc0, 0x0000000084000000| 99%| O|  |TAMS 0x0000000083ffffc0, 0x0000000083f00000| Untracked 
|  14|0x0000000084000000, 0x00000000840ff9a0, 0x0000000084100000| 99%| O|  |TAMS 0x00000000840ff9a0, 0x0000000084000000| Untracked 
|  15|0x0000000084100000, 0x0000000084200000, 0x0000000084200000|100%| O|  |TAMS 0x0000000084200000, 0x0000000084100000| Untracked 
|  16|0x0000000084200000, 0x00000000842ffff8, 0x0000000084300000| 99%| O|  |TAMS 0x00000000842ffff8, 0x0000000084200000| Untracked 
|  17|0x0000000084300000, 0x00000000843fdc80, 0x0000000084400000| 99%| O|  |TAMS 0x00000000843fdc80, 0x0000000084300000| Untracked 
|  18|0x0000000084400000, 0x00000000844fffc8, 0x0000000084500000| 99%| O|  |TAMS 0x00000000844fffc8, 0x0000000084400000| Untracked 
|  19|0x0000000084500000, 0x00000000845ffdf8, 0x0000000084600000| 99%| O|  |TAMS 0x00000000845ffdf8, 0x0000000084500000| Untracked 
|  20|0x0000000084600000, 0x00000000846ff358, 0x0000000084700000| 99%| O|  |TAMS 0x00000000846ff358, 0x0000000084600000| Untracked 
|  21|0x0000000084700000, 0x00000000847fffe8, 0x0000000084800000| 99%| O|  |TAMS 0x00000000847fffe8, 0x0000000084700000| Untracked 
|  22|0x0000000084800000, 0x0000000084900000, 0x0000000084900000|100%| O|  |TAMS 0x0000000084900000, 0x0000000084800000| Untracked 
|  23|0x0000000084900000, 0x0000000084a00000, 0x0000000084a00000|100%| O|  |TAMS 0x0000000084a00000, 0x0000000084900000| Untracked 
|  24|0x0000000084a00000, 0x0000000084b00000, 0x0000000084b00000|100%| O|  |TAMS 0x0000000084b00000, 0x0000000084a00000| Untracked 
|  25|0x0000000084b00000, 0x0000000084bfffd8, 0x0000000084c00000| 99%| O|  |TAMS 0x0000000084bfffd8, 0x0000000084b00000| Untracked 
|  26|0x0000000084c00000, 0x0000000084cfc228, 0x0000000084d00000| 98%| O|  |TAMS 0x0000000084cfc228, 0x0000000084c00000| Untracked 
|  27|0x0000000084d00000, 0x0000000084dfffc0, 0x0000000084e00000| 99%| O|  |TAMS 0x0000000084dfffc0, 0x0000000084d00000| Untracked 
|  28|0x0000000084e00000, 0x0000000084efffd0, 0x0000000084f00000| 99%| O|  |TAMS 0x0000000084efffd0, 0x0000000084e00000| Untracked 
|  29|0x0000000084f00000, 0x0000000084ffc050, 0x0000000085000000| 98%| O|  |TAMS 0x0000000084ffc050, 0x0000000084f00000| Untracked 
|  30|0x0000000085000000, 0x00000000850fffe8, 0x0000000085100000| 99%| O|  |TAMS 0x00000000850fffe8, 0x0000000085000000| Untracked 
|  31|0x0000000085100000, 0x0000000085197560, 0x0000000085200000| 59%| O|  |TAMS 0x0000000085100000, 0x0000000085100000| Untracked 
|  32|0x0000000085200000, 0x0000000085258c78, 0x0000000085300000| 34%| O|  |TAMS 0x0000000085200000, 0x0000000085200000| Untracked 
|  33|0x0000000085300000, 0x0000000085300000, 0x0000000085400000|  0%| F|  |TAMS 0x0000000085300000, 0x0000000085300000| Untracked 
|  34|0x0000000085400000, 0x0000000085400000, 0x0000000085500000|  0%| F|  |TAMS 0x0000000085400000, 0x0000000085400000| Untracked 
|  35|0x0000000085500000, 0x0000000085500000, 0x0000000085600000|  0%| F|  |TAMS 0x0000000085500000, 0x0000000085500000| Untracked 
|  36|0x0000000085600000, 0x0000000085600000, 0x0000000085700000|  0%| F|  |TAMS 0x0000000085600000, 0x0000000085600000| Untracked 
|  37|0x0000000085700000, 0x0000000085700000, 0x0000000085800000|  0%| F|  |TAMS 0x0000000085700000, 0x0000000085700000| Untracked 
|  38|0x0000000085800000, 0x0000000085800000, 0x0000000085900000|  0%| F|  |TAMS 0x0000000085800000, 0x0000000085800000| Untracked 
|  39|0x0000000085900000, 0x0000000085900000, 0x0000000085a00000|  0%| F|  |TAMS 0x0000000085900000, 0x0000000085900000| Untracked 
|  40|0x0000000085a00000, 0x0000000085a00000, 0x0000000085b00000|  0%| F|  |TAMS 0x0000000085a00000, 0x0000000085a00000| Untracked 
|  41|0x0000000085b00000, 0x0000000085b00000, 0x0000000085c00000|  0%| F|  |TAMS 0x0000000085b00000, 0x0000000085b00000| Untracked 
|  42|0x0000000085c00000, 0x0000000085c00000, 0x0000000085d00000|  0%| F|  |TAMS 0x0000000085c00000, 0x0000000085c00000| Untracked 
|  43|0x0000000085d00000, 0x0000000085d00000, 0x0000000085e00000|  0%| F|  |TAMS 0x0000000085d00000, 0x0000000085d00000| Untracked 
|  44|0x0000000085e00000, 0x0000000085e00000, 0x0000000085f00000|  0%| F|  |TAMS 0x0000000085e00000, 0x0000000085e00000| Untracked 
|  45|0x0000000085f00000, 0x0000000085f00000, 0x0000000086000000|  0%| F|  |TAMS 0x0000000085f00000, 0x0000000085f00000| Untracked 
|  46|0x0000000086000000, 0x0000000086000000, 0x0000000086100000|  0%| F|  |TAMS 0x0000000086000000, 0x0000000086000000| Untracked 
|  47|0x0000000086100000, 0x0000000086100000, 0x0000000086200000|  0%| F|  |TAMS 0x0000000086100000, 0x0000000086100000| Untracked 
|  48|0x0000000086200000, 0x0000000086200000, 0x0000000086300000|  0%| F|  |TAMS 0x0000000086200000, 0x0000000086200000| Untracked 
|  49|0x0000000086300000, 0x0000000086300000, 0x0000000086400000|  0%| F|  |TAMS 0x0000000086300000, 0x0000000086300000| Untracked 
|  50|0x0000000086400000, 0x0000000086400000, 0x0000000086500000|  0%| F|  |TAMS 0x0000000086400000, 0x0000000086400000| Untracked 
|  51|0x0000000086500000, 0x0000000086500000, 0x0000000086600000|  0%| F|  |TAMS 0x0000000086500000, 0x0000000086500000| Untracked 
|  52|0x0000000086600000, 0x0000000086600000, 0x0000000086700000|  0%| F|  |TAMS 0x0000000086600000, 0x0000000086600000| Untracked 
|  53|0x0000000086700000, 0x0000000086700000, 0x0000000086800000|  0%| F|  |TAMS 0x0000000086700000, 0x0000000086700000| Untracked 
|  54|0x0000000086800000, 0x0000000086800000, 0x0000000086900000|  0%| F|  |TAMS 0x0000000086800000, 0x0000000086800000| Untracked 
|  55|0x0000000086900000, 0x0000000086900000, 0x0000000086a00000|  0%| F|  |TAMS 0x0000000086900000, 0x0000000086900000| Untracked 
|  56|0x0000000086a00000, 0x0000000086a00000, 0x0000000086b00000|  0%| F|  |TAMS 0x0000000086a00000, 0x0000000086a00000| Untracked 
|  57|0x0000000086b00000, 0x0000000086b00000, 0x0000000086c00000|  0%| F|  |TAMS 0x0000000086b00000, 0x0000000086b00000| Untracked 
|  58|0x0000000086c00000, 0x0000000086c00000, 0x0000000086d00000|  0%| F|  |TAMS 0x0000000086c00000, 0x0000000086c00000| Untracked 
|  59|0x0000000086d00000, 0x0000000086d00000, 0x0000000086e00000|  0%| F|  |TAMS 0x0000000086d00000, 0x0000000086d00000| Untracked 
|  60|0x0000000086e00000, 0x0000000086e00000, 0x0000000086f00000|  0%| F|  |TAMS 0x0000000086e00000, 0x0000000086e00000| Untracked 
|  61|0x0000000086f00000, 0x0000000086f00000, 0x0000000087000000|  0%| F|  |TAMS 0x0000000086f00000, 0x0000000086f00000| Untracked 
|  62|0x0000000087000000, 0x0000000087000000, 0x0000000087100000|  0%| F|  |TAMS 0x0000000087000000, 0x0000000087000000| Untracked 
|  63|0x0000000087100000, 0x0000000087100000, 0x0000000087200000|  0%| F|  |TAMS 0x0000000087100000, 0x0000000087100000| Untracked 
|  64|0x0000000087200000, 0x0000000087200000, 0x0000000087300000|  0%| F|  |TAMS 0x0000000087200000, 0x0000000087200000| Untracked 
|  65|0x0000000087300000, 0x0000000087300000, 0x0000000087400000|  0%| F|  |TAMS 0x0000000087300000, 0x0000000087300000| Untracked 
|  66|0x0000000087400000, 0x0000000087400000, 0x0000000087500000|  0%| F|  |TAMS 0x0000000087400000, 0x0000000087400000| Untracked 
|  67|0x0000000087500000, 0x0000000087500000, 0x0000000087600000|  0%| F|  |TAMS 0x0000000087500000, 0x0000000087500000| Untracked 
|  68|0x0000000087600000, 0x0000000087600000, 0x0000000087700000|  0%| F|  |TAMS 0x0000000087600000, 0x0000000087600000| Untracked 
|  69|0x0000000087700000, 0x0000000087700000, 0x0000000087800000|  0%| F|  |TAMS 0x0000000087700000, 0x0000000087700000| Untracked 
|  70|0x0000000087800000, 0x0000000087800000, 0x0000000087900000|  0%| F|  |TAMS 0x0000000087800000, 0x0000000087800000| Untracked 
|  71|0x0000000087900000, 0x0000000087900000, 0x0000000087a00000|  0%| F|  |TAMS 0x0000000087900000, 0x0000000087900000| Untracked 
|  72|0x0000000087a00000, 0x0000000087a00000, 0x0000000087b00000|  0%| F|  |TAMS 0x0000000087a00000, 0x0000000087a00000| Untracked 
|  73|0x0000000087b00000, 0x0000000087b00000, 0x0000000087c00000|  0%| F|  |TAMS 0x0000000087b00000, 0x0000000087b00000| Untracked 
|  74|0x0000000087c00000, 0x0000000087c00000, 0x0000000087d00000|  0%| F|  |TAMS 0x0000000087c00000, 0x0000000087c00000| Untracked 
|  75|0x0000000087d00000, 0x0000000087d00000, 0x0000000087e00000|  0%| F|  |TAMS 0x0000000087d00000, 0x0000000087d00000| Untracked 
|  76|0x0000000087e00000, 0x0000000087e00000, 0x0000000087f00000|  0%| F|  |TAMS 0x0000000087e00000, 0x0000000087e00000| Untracked 
|  77|0x0000000087f00000, 0x0000000087f00000, 0x0000000088000000|  0%| F|  |TAMS 0x0000000087f00000, 0x0000000087f00000| Untracked 
|  78|0x0000000088000000, 0x0000000088000000, 0x0000000088100000|  0%| F|  |TAMS 0x0000000088000000, 0x0000000088000000| Untracked 
|  79|0x0000000088100000, 0x0000000088100000, 0x0000000088200000|  0%| F|  |TAMS 0x0000000088100000, 0x0000000088100000| Untracked 
|  80|0x0000000088200000, 0x0000000088200000, 0x0000000088300000|  0%| F|  |TAMS 0x0000000088200000, 0x0000000088200000| Untracked 
|  81|0x0000000088300000, 0x0000000088300000, 0x0000000088400000|  0%| F|  |TAMS 0x0000000088300000, 0x0000000088300000| Untracked 
|  82|0x0000000088400000, 0x0000000088400000, 0x0000000088500000|  0%| F|  |TAMS 0x0000000088400000, 0x0000000088400000| Untracked 
|  83|0x0000000088500000, 0x0000000088500000, 0x0000000088600000|  0%| F|  |TAMS 0x0000000088500000, 0x0000000088500000| Untracked 
|  84|0x0000000088600000, 0x0000000088600000, 0x0000000088700000|  0%| F|  |TAMS 0x0000000088600000, 0x0000000088600000| Untracked 
|  85|0x0000000088700000, 0x0000000088700000, 0x0000000088800000|  0%| F|  |TAMS 0x0000000088700000, 0x0000000088700000| Untracked 
|  86|0x0000000088800000, 0x0000000088800000, 0x0000000088900000|  0%| F|  |TAMS 0x0000000088800000, 0x0000000088800000| Untracked 
|  87|0x0000000088900000, 0x0000000088900000, 0x0000000088a00000|  0%| F|  |TAMS 0x0000000088900000, 0x0000000088900000| Untracked 
|  88|0x0000000088a00000, 0x0000000088a00000, 0x0000000088b00000|  0%| F|  |TAMS 0x0000000088a00000, 0x0000000088a00000| Untracked 
|  89|0x0000000088b00000, 0x0000000088b00000, 0x0000000088c00000|  0%| F|  |TAMS 0x0000000088b00000, 0x0000000088b00000| Untracked 
|  90|0x0000000088c00000, 0x0000000088c00000, 0x0000000088d00000|  0%| F|  |TAMS 0x0000000088c00000, 0x0000000088c00000| Untracked 
|  91|0x0000000088d00000, 0x0000000088d00000, 0x0000000088e00000|  0%| F|  |TAMS 0x0000000088d00000, 0x0000000088d00000| Untracked 
|  92|0x0000000088e00000, 0x0000000088e00000, 0x0000000088f00000|  0%| F|  |TAMS 0x0000000088e00000, 0x0000000088e00000| Untracked 
|  93|0x0000000088f00000, 0x0000000088f00000, 0x0000000089000000|  0%| F|  |TAMS 0x0000000088f00000, 0x0000000088f00000| Untracked 
|  94|0x0000000089000000, 0x0000000089000000, 0x0000000089100000|  0%| F|  |TAMS 0x0000000089000000, 0x0000000089000000| Untracked 
|  95|0x0000000089100000, 0x0000000089100000, 0x0000000089200000|  0%| F|  |TAMS 0x0000000089100000, 0x0000000089100000| Untracked 
|  96|0x0000000089200000, 0x0000000089200000, 0x0000000089300000|  0%| F|  |TAMS 0x0000000089200000, 0x0000000089200000| Untracked 
|  97|0x0000000089300000, 0x0000000089300000, 0x0000000089400000|  0%| F|  |TAMS 0x0000000089300000, 0x0000000089300000| Untracked 
|  98|0x0000000089400000, 0x0000000089400000, 0x0000000089500000|  0%| F|  |TAMS 0x0000000089400000, 0x0000000089400000| Untracked 
|  99|0x0000000089500000, 0x0000000089500000, 0x0000000089600000|  0%| F|  |TAMS 0x0000000089500000, 0x0000000089500000| Untracked 
| 100|0x0000000089600000, 0x0000000089600000, 0x0000000089700000|  0%| F|  |TAMS 0x0000000089600000, 0x0000000089600000| Untracked 
| 101|0x0000000089700000, 0x0000000089700000, 0x0000000089800000|  0%| F|  |TAMS 0x0000000089700000, 0x0000000089700000| Untracked 
| 102|0x0000000089800000, 0x0000000089800000, 0x0000000089900000|  0%| F|  |TAMS 0x0000000089800000, 0x0000000089800000| Untracked 
| 103|0x0000000089900000, 0x0000000089900000, 0x0000000089a00000|  0%| F|  |TAMS 0x0000000089900000, 0x0000000089900000| Untracked 
| 104|0x0000000089a00000, 0x0000000089a00000, 0x0000000089b00000|  0%| F|  |TAMS 0x0000000089a00000, 0x0000000089a00000| Untracked 
| 105|0x0000000089b00000, 0x0000000089b00000, 0x0000000089c00000|  0%| F|  |TAMS 0x0000000089b00000, 0x0000000089b00000| Untracked 
| 106|0x0000000089c00000, 0x0000000089c00000, 0x0000000089d00000|  0%| F|  |TAMS 0x0000000089c00000, 0x0000000089c00000| Untracked 
| 107|0x0000000089d00000, 0x0000000089d00000, 0x0000000089e00000|  0%| F|  |TAMS 0x0000000089d00000, 0x0000000089d00000| Untracked 
| 108|0x0000000089e00000, 0x0000000089e00000, 0x0000000089f00000|  0%| F|  |TAMS 0x0000000089e00000, 0x0000000089e00000| Untracked 
| 109|0x0000000089f00000, 0x0000000089f00000, 0x000000008a000000|  0%| F|  |TAMS 0x0000000089f00000, 0x0000000089f00000| Untracked 
| 110|0x000000008a000000, 0x000000008a000000, 0x000000008a100000|  0%| F|  |TAMS 0x000000008a000000, 0x000000008a000000| Untracked 
| 111|0x000000008a100000, 0x000000008a100000, 0x000000008a200000|  0%| F|  |TAMS 0x000000008a100000, 0x000000008a100000| Untracked 
| 112|0x000000008a200000, 0x000000008a200000, 0x000000008a300000|  0%| F|  |TAMS 0x000000008a200000, 0x000000008a200000| Untracked 
| 113|0x000000008a300000, 0x000000008a312668, 0x000000008a400000|  7%| E|  |TAMS 0x000000008a300000, 0x000000008a300000| Complete 
| 168|0x000000008da00000, 0x000000008db00000, 0x000000008db00000|100%|HS|  |TAMS 0x000000008db00000, 0x000000008da00000| Untracked 
| 712|0x00000000afa00000, 0x00000000afb00000, 0x00000000afb00000|100%| O|  |TAMS 0x00000000afb00000, 0x00000000afa00000| Untracked 
| 713|0x00000000afb00000, 0x00000000afc00000, 0x00000000afc00000|100%| O|  |TAMS 0x00000000afc00000, 0x00000000afb00000| Untracked 

Card table byte_map: [0x00000200ffa20000,0x00000200ffe10000] _byte_map_base: 0x00000200ff607000

Marking Bits (Prev, Next): (CMBitMap*) 0x00000200ff4adfb0, (CMBitMap*) 0x00000200ff4adf70
 Prev Bits: [0x0000020089300000, 0x000002008b238000)
 Next Bits: [0x00000200873c0000, 0x00000200892f8000)

Polling page: 0x00000200fec20000

Metaspace:

Usage:
  Non-class:     45.45 MB used.
      Class:      6.92 MB used.
       Both:     52.36 MB used.

Virtual space:
  Non-class space:       48.00 MB reserved,      45.62 MB ( 95%) committed,  6 nodes.
      Class space:        1.00 GB reserved,       7.12 MB ( <1%) committed,  1 nodes.
             Both:        1.05 GB reserved,      52.75 MB (  5%) committed. 

Chunk freelists:
   Non-Class:  1.97 MB
       Class:  880.00 KB
        Both:  2.83 MB

MaxMetaspaceSize: unlimited
CompressedClassSpaceSize: 1.00 GB
Initial GC threshold: 21.00 MB
Current GC threshold: 87.94 MB
CDS: off
MetaspaceReclaimPolicy: balanced
 - commit_granule_bytes: 65536.
 - commit_granule_words: 8192.
 - virtual_space_node_default_size: 1048576.
 - enlarge_chunks_in_place: 1.
 - new_chunks_are_fully_committed: 0.
 - uncommit_free_chunks: 1.
 - use_allocation_guard: 0.
 - handle_deallocations: 1.


Internal statistics:

num_allocs_failed_limit: 5.
num_arena_births: 494.
num_arena_deaths: 124.
num_vsnodes_births: 7.
num_vsnodes_deaths: 0.
num_space_committed: 844.
num_space_uncommitted: 0.
num_chunks_returned_to_freelist: 152.
num_chunks_taken_from_freelist: 2237.
num_chunk_merges: 52.
num_chunk_splits: 1552.
num_chunks_enlarged: 1233.
num_purges: 8.
num_inconsistent_stats: 0.

CodeCache: size=49152Kb used=16086Kb max_used=16649Kb free=33065Kb
 bounds [0x0000020083fd0000, 0x0000020085090000, 0x0000020086fd0000]
 total_blobs=9093 nmethods=8480 adapters=539
 compilation: enabled
              stopped_count=0, restarted_count=0
 full_count=0

Compilation events (20 events):
Event: 11164.012 Thread 0x000002008e456170 8639       1       ch.qos.logback.core.util.COWArrayList::refreshCopyIfNecessary (12 bytes)
Event: 11164.012 Thread 0x000002008e456170 nmethod 8639 0x0000020084d3b410 code [0x0000020084d3b5c0, 0x0000020084d3b748]
Event: 11164.012 Thread 0x000002008e456170 8640       1       ch.qos.logback.core.util.COWArrayList::isFresh (8 bytes)
Event: 11164.013 Thread 0x000002008e456170 nmethod 8640 0x0000020084d3b110 code [0x0000020084d3b2a0, 0x0000020084d3b398]
Event: 11164.013 Thread 0x000002009209f880 8636       1       ch.qos.logback.classic.Logger::getLoggerContext (5 bytes)
Event: 11164.013 Thread 0x000002008e456170 8637       1       ch.qos.logback.classic.LoggerContext::getLoggerContextRemoteView (5 bytes)
Event: 11164.013 Thread 0x000002008e456170 nmethod 8637 0x0000020084d3ad10 code [0x0000020084d3aea0, 0x0000020084d3af78]
Event: 11164.013 Thread 0x000002008e456170 8641       1       java.lang.Thread::getName (5 bytes)
Event: 11164.013 Thread 0x000002008e456170 nmethod 8641 0x00000200849a9110 code [0x00000200849a92a0, 0x00000200849a9378]
Event: 11164.013 Thread 0x000002009209f880 nmethod 8636 0x00000200849a8e10 code [0x00000200849a8fa0, 0x00000200849a9078]
Event: 11164.013 Thread 0x000002009209f880 8642       1       ch.qos.logback.core.LayoutBase::isStarted (5 bytes)
Event: 11164.013 Thread 0x000002009209f880 nmethod 8642 0x00000200849a8b10 code [0x00000200849a8ca0, 0x00000200849a8d78]
Event: 11164.013 Thread 0x000002008e456170 8643       1       ch.qos.logback.classic.spi.LoggingEvent::getTimeStamp (5 bytes)
Event: 11164.013 Thread 0x000002009209f880 8644       1       ch.qos.logback.classic.spi.LoggingEvent::getLevel (5 bytes)
Event: 11164.013 Thread 0x000002008e456170 nmethod 8643 0x00000200849a8810 code [0x00000200849a89a0, 0x00000200849a8a78]
Event: 11164.013 Thread 0x000002008e456170 8645       1       ch.qos.logback.classic.spi.LoggingEvent::getLoggerName (5 bytes)
Event: 11164.013 Thread 0x000002008e456170 nmethod 8645 0x00000200849a8510 code [0x00000200849a86a0, 0x00000200849a8778]
Event: 11164.013 Thread 0x000002008e456170 8646       1       ch.qos.logback.classic.spi.LoggingEvent::getThrowableProxy (5 bytes)
Event: 11164.013 Thread 0x000002009209f880 nmethod 8644 0x00000200849a8210 code [0x00000200849a83a0, 0x00000200849a8478]
Event: 11164.014 Thread 0x000002008e456170 nmethod 8646 0x00000200849a7f10 code [0x00000200849a80a0, 0x00000200849a8178]

GC Heap History (20 events):
Event: 11108.414 GC heap before
{Heap before GC invocations=1097 (full 1060):
 garbage-first heap   total 119808K, used 34886K [0x0000000083200000, 0x0000000100000000)
  region size 1024K, 1 young (1024K), 0 survivors (0K)
 Metaspace       used 53614K, committed 54016K, reserved 1097728K
  class space    used 7083K, committed 7296K, reserved 1048576K
}
Event: 11108.450 GC heap after
{Heap after GC invocations=1098 (full 1061):
 garbage-first heap   total 119808K, used 34886K [0x0000000083200000, 0x0000000100000000)
  region size 1024K, 0 young (0K), 0 survivors (0K)
 Metaspace       used 53614K, committed 54016K, reserved 1097728K
  class space    used 7083K, committed 7296K, reserved 1048576K
}
Event: 11118.612 GC heap before
{Heap before GC invocations=1098 (full 1061):
 garbage-first heap   total 119808K, used 34886K [0x0000000083200000, 0x0000000100000000)
  region size 1024K, 1 young (1024K), 0 survivors (0K)
 Metaspace       used 53614K, committed 54016K, reserved 1097728K
  class space    used 7083K, committed 7296K, reserved 1048576K
}
Event: 11118.653 GC heap after
{Heap after GC invocations=1099 (full 1062):
 garbage-first heap   total 119808K, used 34886K [0x0000000083200000, 0x0000000100000000)
  region size 1024K, 0 young (0K), 0 survivors (0K)
 Metaspace       used 53614K, committed 54016K, reserved 1097728K
  class space    used 7083K, committed 7296K, reserved 1048576K
}
Event: 11128.805 GC heap before
{Heap before GC invocations=1099 (full 1062):
 garbage-first heap   total 119808K, used 34886K [0x0000000083200000, 0x0000000100000000)
  region size 1024K, 1 young (1024K), 0 survivors (0K)
 Metaspace       used 53614K, committed 54016K, reserved 1097728K
  class space    used 7083K, committed 7296K, reserved 1048576K
}
Event: 11128.843 GC heap after
{Heap after GC invocations=1100 (full 1063):
 garbage-first heap   total 119808K, used 34886K [0x0000000083200000, 0x0000000100000000)
  region size 1024K, 0 young (0K), 0 survivors (0K)
 Metaspace       used 53614K, committed 54016K, reserved 1097728K
  class space    used 7083K, committed 7296K, reserved 1048576K
}
Event: 11138.988 GC heap before
{Heap before GC invocations=1100 (full 1063):
 garbage-first heap   total 119808K, used 34886K [0x0000000083200000, 0x0000000100000000)
  region size 1024K, 1 young (1024K), 0 survivors (0K)
 Metaspace       used 53614K, committed 54016K, reserved 1097728K
  class space    used 7083K, committed 7296K, reserved 1048576K
}
Event: 11139.021 GC heap after
{Heap after GC invocations=1101 (full 1064):
 garbage-first heap   total 119808K, used 34886K [0x0000000083200000, 0x0000000100000000)
  region size 1024K, 0 young (0K), 0 survivors (0K)
 Metaspace       used 53614K, committed 54016K, reserved 1097728K
  class space    used 7083K, committed 7296K, reserved 1048576K
}
Event: 11199.228 GC heap before
{Heap before GC invocations=1101 (full 1064):
 garbage-first heap   total 119808K, used 56390K [0x0000000083200000, 0x0000000100000000)
  region size 1024K, 22 young (22528K), 0 survivors (0K)
 Metaspace       used 53620K, committed 54016K, reserved 1097728K
  class space    used 7084K, committed 7296K, reserved 1048576K
}
Event: 11199.276 GC heap after
{Heap after GC invocations=1102 (full 1065):
 garbage-first heap   total 119808K, used 36581K [0x0000000083200000, 0x0000000100000000)
  region size 1024K, 0 young (0K), 0 survivors (0K)
 Metaspace       used 53620K, committed 54016K, reserved 1097728K
  class space    used 7084K, committed 7296K, reserved 1048576K
}
Event: 11209.448 GC heap before
{Heap before GC invocations=1102 (full 1065):
 garbage-first heap   total 119808K, used 36581K [0x0000000083200000, 0x0000000100000000)
  region size 1024K, 1 young (1024K), 0 survivors (0K)
 Metaspace       used 53620K, committed 54016K, reserved 1097728K
  class space    used 7084K, committed 7296K, reserved 1048576K
}
Event: 11209.487 GC heap after
{Heap after GC invocations=1103 (full 1066):
 garbage-first heap   total 119808K, used 36536K [0x0000000083200000, 0x0000000100000000)
  region size 1024K, 0 young (0K), 0 survivors (0K)
 Metaspace       used 53620K, committed 54016K, reserved 1097728K
  class space    used 7084K, committed 7296K, reserved 1048576K
}
Event: 11219.647 GC heap before
{Heap before GC invocations=1103 (full 1066):
 garbage-first heap   total 119808K, used 36536K [0x0000000083200000, 0x0000000100000000)
  region size 1024K, 1 young (1024K), 0 survivors (0K)
 Metaspace       used 53620K, committed 54016K, reserved 1097728K
  class space    used 7084K, committed 7296K, reserved 1048576K
}
Event: 11219.682 GC heap after
{Heap after GC invocations=1104 (full 1067):
 garbage-first heap   total 119808K, used 36536K [0x0000000083200000, 0x0000000100000000)
  region size 1024K, 0 young (0K), 0 survivors (0K)
 Metaspace       used 53620K, committed 54016K, reserved 1097728K
  class space    used 7084K, committed 7296K, reserved 1048576K
}
Event: 11229.844 GC heap before
{Heap before GC invocations=1104 (full 1067):
 garbage-first heap   total 119808K, used 36536K [0x0000000083200000, 0x0000000100000000)
  region size 1024K, 1 young (1024K), 0 survivors (0K)
 Metaspace       used 53620K, committed 54016K, reserved 1097728K
  class space    used 7084K, committed 7296K, reserved 1048576K
}
Event: 11229.878 GC heap after
{Heap after GC invocations=1105 (full 1068):
 garbage-first heap   total 119808K, used 36527K [0x0000000083200000, 0x0000000100000000)
  region size 1024K, 0 young (0K), 0 survivors (0K)
 Metaspace       used 53620K, committed 54016K, reserved 1097728K
  class space    used 7084K, committed 7296K, reserved 1048576K
}
Event: 11240.048 GC heap before
{Heap before GC invocations=1105 (full 1068):
 garbage-first heap   total 119808K, used 36527K [0x0000000083200000, 0x0000000100000000)
  region size 1024K, 1 young (1024K), 0 survivors (0K)
 Metaspace       used 53620K, committed 54016K, reserved 1097728K
  class space    used 7084K, committed 7296K, reserved 1048576K
}
Event: 11240.079 GC heap after
{Heap after GC invocations=1106 (full 1069):
 garbage-first heap   total 119808K, used 35730K [0x0000000083200000, 0x0000000100000000)
  region size 1024K, 0 young (0K), 0 survivors (0K)
 Metaspace       used 53620K, committed 54016K, reserved 1097728K
  class space    used 7084K, committed 7296K, reserved 1048576K
}
Event: 11250.257 GC heap before
{Heap before GC invocations=1106 (full 1069):
 garbage-first heap   total 119808K, used 35730K [0x0000000083200000, 0x0000000100000000)
  region size 1024K, 1 young (1024K), 0 survivors (0K)
 Metaspace       used 53620K, committed 54016K, reserved 1097728K
  class space    used 7084K, committed 7296K, reserved 1048576K
}
Event: 11250.301 GC heap after
{Heap after GC invocations=1107 (full 1070):
 garbage-first heap   total 119808K, used 35730K [0x0000000083200000, 0x0000000100000000)
  region size 1024K, 0 young (0K), 0 survivors (0K)
 Metaspace       used 53620K, committed 54016K, reserved 1097728K
  class space    used 7084K, committed 7296K, reserved 1048576K
}

Deoptimization events (20 events):
Event: 13.953 Thread 0x00000200903cf620 DEOPT PACKING pc=0x0000020084b82474 sp=0x00000099164fdeb0
Event: 13.953 Thread 0x00000200903cf620 DEOPT UNPACKING pc=0x0000020084026763 sp=0x00000099164fd3a8 mode 0
Event: 13.953 Thread 0x00000200903cf620 DEOPT PACKING pc=0x0000020084b99474 sp=0x00000099164fdf80
Event: 13.953 Thread 0x00000200903cf620 DEOPT UNPACKING pc=0x0000020084026763 sp=0x00000099164fd458 mode 0
Event: 13.953 Thread 0x00000200903cf620 DEOPT PACKING pc=0x0000020084b37da4 sp=0x00000099164fe030
Event: 13.953 Thread 0x00000200903cf620 DEOPT UNPACKING pc=0x0000020084026763 sp=0x00000099164fd5b0 mode 0
Event: 13.954 Thread 0x00000200903cf620 DEOPT PACKING pc=0x0000020084b6b8ac sp=0x00000099164fe330
Event: 13.954 Thread 0x00000200903cf620 DEOPT UNPACKING pc=0x0000020084026763 sp=0x00000099164fd7c0 mode 0
Event: 17.575 Thread 0x00000200903cf620 DEOPT PACKING pc=0x0000020084d217ee sp=0x00000099164fd2c0
Event: 17.575 Thread 0x00000200903cf620 DEOPT UNPACKING pc=0x0000020084026763 sp=0x00000099164fc7b8 mode 3
Event: 18.194 Thread 0x00000200922f27f0 DEOPT PACKING pc=0x0000020084df5444 sp=0x00000099167fdcc0
Event: 18.194 Thread 0x00000200922f27f0 DEOPT UNPACKING pc=0x0000020084026763 sp=0x00000099167fd1b0 mode 3
Event: 1367.689 Thread 0x000002008e621030 DEOPT PACKING pc=0x0000020084650d54 sp=0x00000099175ff2c0
Event: 1367.689 Thread 0x000002008e621030 DEOPT UNPACKING pc=0x0000020084026763 sp=0x00000099175fe768 mode 0
Event: 1372.815 Thread 0x00000200922ef7d0 DEOPT PACKING pc=0x00000200849057b6 sp=0x00000099144fd390
Event: 1372.815 Thread 0x00000200922ef7d0 DEOPT UNPACKING pc=0x0000020084026763 sp=0x00000099144fc888 mode 3
Event: 3381.252 Thread 0x00000200922f49a0 DEOPT PACKING pc=0x00000200842044a0 sp=0x00000099179fd6e0
Event: 3381.252 Thread 0x00000200922f49a0 DEOPT UNPACKING pc=0x0000020084026763 sp=0x00000099179fcb60 mode 3
Event: 3390.886 Thread 0x00000200922f14b0 DEOPT PACKING pc=0x00000200841b4ef5 sp=0x00000099143fe320
Event: 3390.886 Thread 0x00000200922f14b0 DEOPT UNPACKING pc=0x0000020084026763 sp=0x00000099143fd840 mode 3

Classes unloaded (20 events):
Event: 116.962 Thread 0x000002008dba9720 Unloading class 0x000000010034d800 'java/lang/invoke/LambdaForm$MH+0x000000010034d800'
Event: 116.962 Thread 0x000002008dba9720 Unloading class 0x000000010034d400 'java/lang/invoke/LambdaForm$MH+0x000000010034d400'
Event: 116.962 Thread 0x000002008dba9720 Unloading class 0x000000010034d000 'java/lang/invoke/LambdaForm$MH+0x000000010034d000'
Event: 116.962 Thread 0x000002008dba9720 Unloading class 0x0000000100203000 'java/lang/invoke/LambdaForm$MH+0x0000000100203000'
Event: 116.962 Thread 0x000002008dba9720 Unloading class 0x0000000100202c00 'java/lang/invoke/LambdaForm$MH+0x0000000100202c00'
Event: 116.962 Thread 0x000002008dba9720 Unloading class 0x0000000100202800 'java/lang/invoke/LambdaForm$MH+0x0000000100202800'
Event: 116.962 Thread 0x000002008dba9720 Unloading class 0x0000000100202400 'java/lang/invoke/LambdaForm$MH+0x0000000100202400'
Event: 116.962 Thread 0x000002008dba9720 Unloading class 0x0000000100202000 'java/lang/invoke/LambdaForm$MH+0x0000000100202000'
Event: 116.962 Thread 0x000002008dba9720 Unloading class 0x0000000100201800 'java/lang/invoke/LambdaForm$MH+0x0000000100201800'
Event: 116.962 Thread 0x000002008dba9720 Unloading class 0x00000001000d2800 'java/lang/invoke/LambdaForm$MH+0x00000001000d2800'
Event: 116.962 Thread 0x000002008dba9720 Unloading class 0x00000001000d2000 'java/lang/invoke/LambdaForm$MH+0x00000001000d2000'
Event: 116.962 Thread 0x000002008dba9720 Unloading class 0x00000001000d1c00 'java/lang/invoke/LambdaForm$MH+0x00000001000d1c00'
Event: 116.962 Thread 0x000002008dba9720 Unloading class 0x00000001000d1800 'java/lang/invoke/LambdaForm$MH+0x00000001000d1800'
Event: 116.962 Thread 0x000002008dba9720 Unloading class 0x00000001000d1000 'java/lang/invoke/LambdaForm$MH+0x00000001000d1000'
Event: 116.962 Thread 0x000002008dba9720 Unloading class 0x00000001000d0c00 'java/lang/invoke/LambdaForm$MH+0x00000001000d0c00'
Event: 116.962 Thread 0x000002008dba9720 Unloading class 0x00000001000d0800 'java/lang/invoke/LambdaForm$MH+0x00000001000d0800'
Event: 116.962 Thread 0x000002008dba9720 Unloading class 0x00000001000d0000 'java/lang/invoke/LambdaForm$MH+0x00000001000d0000'
Event: 1510.101 Thread 0x000002008dba9720 Unloading class 0x00000001004bc000 'java/lang/invoke/LambdaForm$MH+0x00000001004bc000'
Event: 1510.101 Thread 0x000002008dba9720 Unloading class 0x00000001005b8000 'java/lang/invoke/LambdaForm$MH+0x00000001005b8000'
Event: 1510.101 Thread 0x000002008dba9720 Unloading class 0x00000001005f8400 'java/lang/invoke/LambdaForm$MH+0x00000001005f8400'

Classes redefined (0 events):
No events

Internal exceptions (20 events):
Event: 16.537 Thread 0x00000200922f27f0 Exception <a 'java/lang/NoSuchMethodError'{0x00000000afed80b8}: 'java.lang.Object java.lang.invoke.Invokers$Holder.linkToTargetMethod(java.lang.Object, long, java.lang.Object)'> (0x00000000afed80b8) 
thrown [s\src\hotspot\share\interpreter\linkResolver.cpp, line 759]
Event: 17.263 Thread 0x00000200922f27f0 Exception <a 'java/lang/IncompatibleClassChangeError'{0x00000000ae8fc778}: Found class java.lang.Object, but interface was expected> (0x00000000ae8fc778) 
thrown [s\src\hotspot\share\interpreter\linkResolver.cpp, line 826]
Event: 17.574 Thread 0x00000200903cf620 Implicit null exception at 0x0000020084d215c4 to 0x0000020084d217e9
Event: 17.980 Thread 0x00000200922f5ce0 Exception <a 'java/lang/NoSuchMethodError'{0x00000000b139a818}: 'java.lang.Object java.lang.invoke.DirectMethodHandle$Holder.newInvokeSpecial(java.lang.Object, java.lang.Object, java.lang.Object, java.lang.Object, java.lang.Object, java.lang.Object, java.lang.Object)'> (0x00000000b139a818) 
thrown [s\src\hotspot\share\interpreter\linkResolver.cpp, line 759]
Event: 17.980 Thread 0x00000200922f5ce0 Exception <a 'java/lang/NoSuchMethodError'{0x00000000b139f128}: 'java.lang.Object java.lang.invoke.Invokers$Holder.linkToTargetMethod(java.lang.Object, java.lang.Object, java.lang.Object, java.lang.Object, java.lang.Object, java.lang.Object, java.lang.Object)'> (0x00000000b139f128) 
thrown [s\src\hotspot\share\interpreter\linkResolver.cpp, line 759]
Event: 18.190 Thread 0x00000200922f27f0 Exception <a 'java/lang/ArrayIndexOutOfBoundsException'{0x00000000ab6c1ba8}> (0x00000000ab6c1ba8) 
thrown [s\src\hotspot\share\runtime\sharedRuntime.cpp, line 628]
Event: 18.194 Thread 0x00000200922f27f0 Implicit null exception at 0x0000020084df4e90 to 0x0000020084df543f
Event: 55.741 Thread 0x000002008e620b60 Exception <a 'java/lang/NoSuchMethodError'{0x00000000aa401b70}: 'void java.lang.invoke.DirectMethodHandle$Holder.invokeStatic(java.lang.Object, long)'> (0x00000000aa401b70) 
thrown [s\src\hotspot\share\interpreter\linkResolver.cpp, line 759]
Event: 55.741 Thread 0x000002008e620b60 Exception <a 'java/lang/NoSuchMethodError'{0x00000000aa406f18}: 'java.lang.Object java.lang.invoke.DirectMethodHandle$Holder.newInvokeSpecial(java.lang.Object, long)'> (0x00000000aa406f18) 
thrown [s\src\hotspot\share\interpreter\linkResolver.cpp, line 759]
Event: 55.744 Thread 0x000002008e620b60 Exception <a 'java/lang/NoSuchMethodError'{0x00000000aa40da10}: 'java.lang.Object java.lang.invoke.DirectMethodHandle$Holder.invokeStatic(java.lang.Object, java.lang.Object, long, java.lang.Object)'> (0x00000000aa40da10) 
thrown [s\src\hotspot\share\interpreter\linkResolver.cpp, line 759]
Event: 55.744 Thread 0x000002008e620b60 Exception <a 'java/lang/NoSuchMethodError'{0x00000000aa4114a8}: 'java.lang.Object java.lang.invoke.DirectMethodHandle$Holder.invokeStaticInit(java.lang.Object, java.lang.Object, long, java.lang.Object)'> (0x00000000aa4114a8) 
thrown [s\src\hotspot\share\interpreter\linkResolver.cpp, line 759]
Event: 55.745 Thread 0x000002008e620b60 Exception <a 'java/lang/NoSuchMethodError'{0x00000000aa4177d8}: 'java.lang.Object java.lang.invoke.DirectMethodHandle$Holder.newInvokeSpecial(java.lang.Object, java.lang.Object, long)'> (0x00000000aa4177d8) 
thrown [s\src\hotspot\share\interpreter\linkResolver.cpp, line 759]
Event: 1372.815 Thread 0x00000200922ef7d0 Implicit null exception at 0x0000020084904c62 to 0x00000200849057b1
Event: 3381.252 Thread 0x00000200922f49a0 Implicit null exception at 0x000002008420425a to 0x000002008420449b
Event: 3390.510 Thread 0x00000200922f0640 Exception <a 'java/lang/NoSuchMethodError'{0x0000000087094e38}: 'java.lang.Object java.lang.invoke.DirectMethodHandle$Holder.newInvokeSpecial(java.lang.Object, java.lang.Object, java.lang.Object, int)'> (0x0000000087094e38) 
thrown [s\src\hotspot\share\interpreter\linkResolver.cpp, line 759]
Event: 3390.514 Thread 0x00000200922f0640 Exception <a 'java/lang/NoSuchMethodError'{0x0000000087099120}: 'java.lang.Object java.lang.invoke.DirectMethodHandle$Holder.invokeSpecial(java.lang.Object, java.lang.Object, java.lang.Object, java.lang.Object, int)'> (0x0000000087099120) 
thrown [s\src\hotspot\share\interpreter\linkResolver.cpp, line 759]
Event: 3390.515 Thread 0x00000200922f0640 Exception <a 'java/lang/NoSuchMethodError'{0x000000008709cce8}: 'java.lang.Object java.lang.invoke.Invokers$Holder.linkToTargetMethod(java.lang.Object, java.lang.Object, int, java.lang.Object)'> (0x000000008709cce8) 
thrown [s\src\hotspot\share\interpreter\linkResolver.cpp, line 759]
Event: 3390.886 Thread 0x00000200922f14b0 Implicit null exception at 0x00000200841b4628 to 0x00000200841b4ef0
Event: 3390.925 Thread 0x00000200922f14b0 Exception <a 'java/lang/ArrayIndexOutOfBoundsException'{0x00000000896de6f8}> (0x00000000896de6f8) 
thrown [s\src\hotspot\share\runtime\sharedRuntime.cpp, line 628]
Event: 3391.105 Thread 0x00000200922f3660 Exception <a 'java/lang/ArrayIndexOutOfBoundsException'{0x000000008835eb68}> (0x000000008835eb68) 
thrown [s\src\hotspot\share\runtime\sharedRuntime.cpp, line 628]

VM Operations (20 events):
Event: 11146.545 Executing VM operation: HandshakeAllThreads done
Event: 11146.545 Executing VM operation: Cleanup
Event: 11146.545 Executing VM operation: Cleanup done
Event: 11147.558 Executing VM operation: Cleanup
Event: 11147.558 Executing VM operation: Cleanup done
Event: 11163.726 Executing VM operation: Cleanup
Event: 11163.726 Executing VM operation: Cleanup done
Event: 11199.227 Executing VM operation: G1CollectFull
Event: 11199.277 Executing VM operation: G1CollectFull done
Event: 11209.448 Executing VM operation: G1CollectFull
Event: 11209.487 Executing VM operation: G1CollectFull done
Event: 11219.646 Executing VM operation: G1CollectFull
Event: 11219.683 Executing VM operation: G1CollectFull done
Event: 11229.843 Executing VM operation: G1CollectFull
Event: 11229.878 Executing VM operation: G1CollectFull done
Event: 11240.047 Executing VM operation: G1CollectFull
Event: 11240.079 Executing VM operation: G1CollectFull done
Event: 11250.257 Executing VM operation: G1CollectFull
Event: 11250.301 Executing VM operation: G1CollectFull done
Event: 11262.509 Executing VM operation: G1CollectFull

Events (20 events):
Event: 3417.431 Thread 0x000002008e45a6a0 flushing nmethod 0x0000020084ee2b90
Event: 3417.431 Thread 0x000002008e45a6a0 flushing nmethod 0x0000020084ef4590
Event: 3449.897 Thread 0x00000200922f2cc0 Thread exited: 0x00000200922f2cc0
Event: 3477.486 Thread 0x00000200922f14b0 Thread exited: 0x00000200922f14b0
Event: 3478.389 Thread 0x00000200922f3660 Thread exited: 0x00000200922f3660
Event: 3478.389 Thread 0x00000200922f0640 Thread exited: 0x00000200922f0640
Event: 3538.396 Thread 0x00000200922f3b30 Thread exited: 0x00000200922f3b30
Event: 3683.382 Thread 0x00000200922f6680 Thread added: 0x00000200922f6680
Event: 3683.384 Thread 0x00000200922f1e50 Thread added: 0x00000200922f1e50
Event: 3743.435 Thread 0x00000200922f6680 Thread exited: 0x00000200922f6680
Event: 3743.435 Thread 0x00000200922f1e50 Thread exited: 0x00000200922f1e50
Event: 11146.305 Thread 0x00000200922f6b50 Thread added: 0x00000200922f6b50
Event: 11146.307 Thread 0x00000200922f0b10 Thread added: 0x00000200922f0b10
Event: 11146.308 Thread 0x00000200922f2cc0 Thread added: 0x00000200922f2cc0
Event: 11146.497 Thread 0x00000200922ef7d0 Thread added: 0x00000200922ef7d0
Event: 11164.012 Thread 0x000002009209f880 Thread added: 0x000002009209f880
Event: 11169.017 Thread 0x000002009209f880 Thread exited: 0x000002009209f880
Event: 11206.555 Thread 0x00000200922f0b10 Thread exited: 0x00000200922f0b10
Event: 11206.602 Thread 0x00000200922f2cc0 Thread exited: 0x00000200922f2cc0
Event: 11224.014 Thread 0x00000200922f6b50 Thread exited: 0x00000200922f6b50


Dynamic libraries:
0x00007ff788f80000 - 0x00007ff788f8e000 	c:\Users\datea\.vscode\extensions\redhat.java-1.11.0-win32-x64\jre\17.0.4.1-win32-x86_64\bin\java.exe
0x00007ffe637d0000 - 0x00007ffe639e9000 	C:\WINDOWS\SYSTEM32\ntdll.dll
0x00007ffe63310000 - 0x00007ffe633d2000 	C:\WINDOWS\System32\KERNEL32.DLL
0x00007ffe60d10000 - 0x00007ffe610ac000 	C:\WINDOWS\System32\KERNELBASE.dll
0x00007ffe60bf0000 - 0x00007ffe60d0b000 	C:\WINDOWS\System32\ucrtbase.dll
0x00007ffe54150000 - 0x00007ffe54169000 	c:\Users\datea\.vscode\extensions\redhat.java-1.11.0-win32-x64\jre\17.0.4.1-win32-x86_64\bin\VCRUNTIME140.dll
0x00007ffe553b0000 - 0x00007ffe553c8000 	c:\Users\datea\.vscode\extensions\redhat.java-1.11.0-win32-x64\jre\17.0.4.1-win32-x86_64\bin\jli.dll
0x00007ffe630c0000 - 0x00007ffe6326c000 	C:\WINDOWS\System32\USER32.dll
0x00007ffe60bc0000 - 0x00007ffe60be6000 	C:\WINDOWS\System32\win32u.dll
0x00007ffe632c0000 - 0x00007ffe632e9000 	C:\WINDOWS\System32\GDI32.dll
0x00007ffe45bd0000 - 0x00007ffe45e61000 	C:\WINDOWS\WinSxS\amd64_microsoft.windows.common-controls_6595b64144ccf1df_6.0.25227.1000_none_7b35d90bf2068bf3\COMCTL32.dll
0x00007ffe610b0000 - 0x00007ffe611c6000 	C:\WINDOWS\System32\gdi32full.dll
0x00007ffe63580000 - 0x00007ffe63627000 	C:\WINDOWS\System32\msvcrt.dll
0x00007ffe61380000 - 0x00007ffe6141a000 	C:\WINDOWS\System32\msvcp_win.dll
0x00007ffe618a0000 - 0x00007ffe618d1000 	C:\WINDOWS\System32\IMM32.DLL
0x00007ffe55390000 - 0x00007ffe5539c000 	c:\Users\datea\.vscode\extensions\redhat.java-1.11.0-win32-x64\jre\17.0.4.1-win32-x86_64\bin\vcruntime140_1.dll
0x00007ffe3d8e0000 - 0x00007ffe3d971000 	c:\Users\datea\.vscode\extensions\redhat.java-1.11.0-win32-x64\jre\17.0.4.1-win32-x86_64\bin\msvcp140.dll
0x00007ffe1db30000 - 0x00007ffe1e776000 	c:\Users\datea\.vscode\extensions\redhat.java-1.11.0-win32-x64\jre\17.0.4.1-win32-x86_64\bin\server\jvm.dll
0x00007ffe62fa0000 - 0x00007ffe6304e000 	C:\WINDOWS\System32\ADVAPI32.dll
0x00007ffe61660000 - 0x00007ffe61706000 	C:\WINDOWS\System32\sechost.dll
0x00007ffe61710000 - 0x00007ffe61837000 	C:\WINDOWS\System32\RPCRT4.dll
0x00007ffe630b0000 - 0x00007ffe630b8000 	C:\WINDOWS\System32\PSAPI.DLL
0x00007ffe55320000 - 0x00007ffe55329000 	C:\WINDOWS\SYSTEM32\WSOCK32.dll
0x00007ffe62540000 - 0x00007ffe625af000 	C:\WINDOWS\System32\WS2_32.dll
0x00007ffe53120000 - 0x00007ffe53155000 	C:\WINDOWS\SYSTEM32\WINMM.dll
0x00007ffe546c0000 - 0x00007ffe546ca000 	C:\WINDOWS\SYSTEM32\VERSION.dll
0x00007ffe5fb40000 - 0x00007ffe5fb58000 	C:\WINDOWS\SYSTEM32\kernel.appcore.dll
0x00007ffe550e0000 - 0x00007ffe550ea000 	c:\Users\datea\.vscode\extensions\redhat.java-1.11.0-win32-x64\jre\17.0.4.1-win32-x86_64\bin\jimage.dll
0x00007ffe5e430000 - 0x00007ffe5e663000 	C:\WINDOWS\SYSTEM32\DBGHELP.DLL
0x00007ffe62700000 - 0x00007ffe62a82000 	C:\WINDOWS\System32\combase.dll
0x00007ffe636b0000 - 0x00007ffe63788000 	C:\WINDOWS\System32\OLEAUT32.dll
0x00007ffe4fc20000 - 0x00007ffe4fc52000 	C:\WINDOWS\SYSTEM32\dbgcore.DLL
0x00007ffe61300000 - 0x00007ffe61379000 	C:\WINDOWS\System32\bcryptPrimitives.dll
0x00007ffe54120000 - 0x00007ffe54145000 	c:\Users\datea\.vscode\extensions\redhat.java-1.11.0-win32-x64\jre\17.0.4.1-win32-x86_64\bin\java.dll
0x00007ffe52a00000 - 0x00007ffe52a18000 	c:\Users\datea\.vscode\extensions\redhat.java-1.11.0-win32-x64\jre\17.0.4.1-win32-x86_64\bin\zip.dll
0x00007ffe61a60000 - 0x00007ffe62230000 	C:\WINDOWS\System32\SHELL32.dll
0x00007ffe5eac0000 - 0x00007ffe5f35a000 	C:\WINDOWS\SYSTEM32\windows.storage.dll
0x00007ffe5e920000 - 0x00007ffe5eab3000 	C:\WINDOWS\SYSTEM32\wintypes.dll
0x00007ffe62450000 - 0x00007ffe6253b000 	C:\WINDOWS\System32\SHCORE.dll
0x00007ffe61840000 - 0x00007ffe6189d000 	C:\WINDOWS\System32\shlwapi.dll
0x00007ffe60ae0000 - 0x00007ffe60b01000 	C:\WINDOWS\SYSTEM32\profapi.dll
0x00007ffe4db30000 - 0x00007ffe4db49000 	C:\Users\datea\.vscode\extensions\redhat.java-1.11.0-win32-x64\jre\17.0.4.1-win32-x86_64\bin\net.dll
0x00007ffe54590000 - 0x00007ffe546bb000 	C:\WINDOWS\SYSTEM32\WINHTTP.dll
0x00007ffe60010000 - 0x00007ffe60079000 	C:\WINDOWS\system32\mswsock.dll
0x00007ffe3ffd0000 - 0x00007ffe3ffe5000 	C:\Users\datea\.vscode\extensions\redhat.java-1.11.0-win32-x64\jre\17.0.4.1-win32-x86_64\bin\nio.dll
0x00007ffe3fdb0000 - 0x00007ffe3fdc0000 	c:\Users\datea\.vscode\extensions\redhat.java-1.11.0-win32-x64\jre\17.0.4.1-win32-x86_64\bin\verify.dll
0x00007ffe43480000 - 0x00007ffe43489000 	C:\Users\datea\.vscode\extensions\redhat.java-1.11.0-win32-x64\jre\17.0.4.1-win32-x86_64\bin\management.dll
0x00007ffe42480000 - 0x00007ffe4248b000 	C:\Users\datea\.vscode\extensions\redhat.java-1.11.0-win32-x64\jre\17.0.4.1-win32-x86_64\bin\management_ext.dll
0x00007ffe536e0000 - 0x00007ffe536f7000 	C:\WINDOWS\system32\napinsp.dll
0x00007ffe53250000 - 0x00007ffe5326a000 	C:\WINDOWS\system32\pnrpnsp.dll
0x00007ffe06e00000 - 0x00007ffe06e21000 	C:\WINDOWS\system32\nlansp_c.dll
0x00007ffe5f5e0000 - 0x00007ffe5f6df000 	C:\WINDOWS\SYSTEM32\DNSAPI.dll
0x00007ffe5f5b0000 - 0x00007ffe5f5de000 	C:\WINDOWS\SYSTEM32\IPHLPAPI.DLL
0x00007ffe62440000 - 0x00007ffe62449000 	C:\WINDOWS\System32\NSI.dll
0x00007ffe529e0000 - 0x00007ffe529f1000 	C:\WINDOWS\System32\winrnr.dll
0x00007ffe539b0000 - 0x00007ffe539c5000 	C:\WINDOWS\system32\wshbth.dll
0x00007ffe51c30000 - 0x00007ffe51c3a000 	C:\Windows\System32\rasadhlp.dll
0x00007ffe52bb0000 - 0x00007ffe52c34000 	C:\WINDOWS\System32\fwpuclnt.dll
0x00007ffe60290000 - 0x00007ffe602ab000 	C:\WINDOWS\SYSTEM32\CRYPTSP.dll
0x00007ffe5fa90000 - 0x00007ffe5fac4000 	C:\WINDOWS\system32\rsaenh.dll
0x00007ffe60110000 - 0x00007ffe60138000 	C:\WINDOWS\SYSTEM32\USERENV.dll
0x00007ffe60450000 - 0x00007ffe60478000 	C:\WINDOWS\SYSTEM32\bcrypt.dll
0x00007ffe602b0000 - 0x00007ffe602bc000 	C:\WINDOWS\SYSTEM32\CRYPTBASE.dll
0x00007ffe53220000 - 0x00007ffe53239000 	C:\WINDOWS\SYSTEM32\dhcpcsvc6.DLL
0x00007ffe531f0000 - 0x00007ffe5320f000 	C:\WINDOWS\SYSTEM32\dhcpcsvc.DLL

dbghelp: loaded successfully - version: 4.0.5 - missing functions: none
symbol engine: initialized successfully - sym options: 0x614 - pdb path: .;c:\Users\datea\.vscode\extensions\redhat.java-1.11.0-win32-x64\jre\17.0.4.1-win32-x86_64\bin;C:\WINDOWS\SYSTEM32;C:\WINDOWS\WinSxS\amd64_microsoft.windows.common-controls_6595b64144ccf1df_6.0.25227.1000_none_7b35d90bf2068bf3;c:\Users\datea\.vscode\extensions\redhat.java-1.11.0-win32-x64\jre\17.0.4.1-win32-x86_64\bin\server

VM Arguments:
jvm_args: -Dsts.lsp.client=vscode -Dsts.log.file=/dev/null -XX:TieredStopAtLevel=1 -Xlog:jni+resolve=off -Dspring.config.location=file:c:\Users\datea\.vscode\extensions\pivotal.vscode-spring-boot-1.39.0\language-server\BOOT-INF\classes\application.properties 
java_command: org.springframework.ide.vscode.boot.app.BootLanguageServerBootApp
java_class_path (initial): c:\Users\datea\.vscode\extensions\pivotal.vscode-spring-boot-1.39.0\language-server\BOOT-INF\classes;c:\Users\datea\.vscode\extensions\pivotal.vscode-spring-boot-1.39.0\language-server\BOOT-INF\lib\annotations-23.0.0.jar;c:\Users\datea\.vscode\extensions\pivotal.vscode-spring-boot-1.39.0\language-server\BOOT-INF\lib\antlr-runtime-3.5.2.jar;c:\Users\datea\.vscode\extensions\pivotal.vscode-spring-boot-1.39.0\language-server\BOOT-INF\lib\antlr4-4.9.3.jar;c:\Users\datea\.vscode\extensions\pivotal.vscode-spring-boot-1.39.0\language-server\BOOT-INF\lib\antlr4-runtime-4.9.3.jar;c:\Users\datea\.vscode\extensions\pivotal.vscode-spring-boot-1.39.0\language-server\BOOT-INF\lib\asm-9.3.jar;c:\Users\datea\.vscode\extensions\pivotal.vscode-spring-boot-1.39.0\language-server\BOOT-INF\lib\asm-analysis-9.3.jar;c:\Users\datea\.vscode\extensions\pivotal.vscode-spring-boot-1.39.0\language-server\BOOT-INF\lib\asm-tree-9.3.jar;c:\Users\datea\.vscode\extensions\pivotal.vscode-spring-boot-1.39.0\language-server\BOOT-INF\lib\asm-util-9.3.jar;c:\Users\datea\.vscode\extensions\pivotal.vscode-spring-boot-1.39.0\language-server\BOOT-INF\lib\byte-buddy-1.12.13.jar;c:\Users\datea\.vscode\extensions\pivotal.vscode-spring-boot-1.39.0\language-server\BOOT-INF\lib\caffeine-2.9.3.jar;c:\Users\datea\.vscode\extensions\pivotal.vscode-spring-boot-1.39.0\language-server\BOOT-INF\lib\checker-qual-3.12.0.jar;c:\Users\datea\.vscode\extensions\pivotal.vscode-spring-boot-1.39.0\language-server\BOOT-INF\lib\classgraph-4.8.149.jar;c:\Users\datea\.vscode\extensions\pivotal.vscode-spring-boot-1.39.0\language-server\BOOT-INF\lib\commons-codec-1.15.jar;c:\Users\datea\.vscode\extensions\pivotal.vscode-spring-boot-1.39.0\language-server\BOOT-INF\lib\commons-compress-1.21.jar;c:\Users\datea\.vscode\extensions\pivotal.vscode-spring-boot-1.39.0\language-server\BOOT-INF\lib\commons-exec-1.3.jar;c:\Users\datea\.vscode\extensions\pivotal.vscode-spring-boot-1.39.0\language-server\BOOT-INF\lib\com
Launcher Type: SUN_STANDARD

[Global flags]
     intx CICompilerCount                          = 4                                         {product} {ergonomic}
     uint ConcGCThreads                            = 2                                         {product} {ergonomic}
     uint G1ConcRefinementThreads                  = 8                                         {product} {ergonomic}
   size_t G1HeapRegionSize                         = 1048576                                   {product} {ergonomic}
    uintx GCDrainStackTargetSize                   = 64                                        {product} {ergonomic}
   size_t InitialHeapSize                          = 132120576                                 {product} {ergonomic}
   size_t MarkStackSize                            = 4194304                                   {product} {ergonomic}
   size_t MaxHeapSize                              = 2095054848                                {product} {ergonomic}
   size_t MaxNewSize                               = 1256194048                                {product} {ergonomic}
   size_t MinHeapDeltaBytes                        = 1048576                                   {product} {ergonomic}
   size_t MinHeapSize                              = 8388608                                   {product} {ergonomic}
    uintx NonProfiledCodeHeapSize                  = 0                                      {pd product} {ergonomic}
     bool ProfileInterpreter                       = false                                  {pd product} {command line}
    uintx ProfiledCodeHeapSize                     = 0                                      {pd product} {ergonomic}
   size_t SoftMaxHeapSize                          = 2095054848                             {manageable} {ergonomic}
     intx TieredStopAtLevel                        = 1                                         {product} {command line}
     bool UseCompressedClassPointers               = true                           {product lp64_product} {ergonomic}
     bool UseCompressedOops                        = true                           {product lp64_product} {ergonomic}
     bool UseG1GC                                  = true                                      {product} {ergonomic}
     bool UseLargePagesIndividualAllocation        = false                                  {pd product} {ergonomic}

Logging:
Log output configuration:
 #0: stdout all=warning,jni+resolve=off uptime,level,tags
 #1: stderr all=off uptime,level,tags

Environment Variables:
PATH=C:\Program Files\Java\jdk-15.0.2\bin;C:\Program Files\Common Files\Oracle\Java\javapath;C:\WINDOWS\system32;C:\WINDOWS;C:\WINDOWS\System32\Wbem;C:\WINDOWS\System32\WindowsPowerShell\v1.0\;C:\WINDOWS\System32\OpenSSH\;C:\Program Files\Azure Data Studio\bin;C:\Program Files\Microsoft SQL Server\Client SDK\ODBC\170\Tools\Binn\;C:\Program Files (x86)\Microsoft SQL Server\150\Tools\Binn\;C:\Program Files\Microsoft SQL Server\150\Tools\Binn\;C:\Program Files\Microsoft SQL Server\150\DTS\Binn\;C:\Program Files (x86)\Microsoft SQL Server\150\DTS\Binn\;C:\Program Files (x86)\GitExtensions\;F:\xampp\php;C:\ProgramData\ComposerSetup\bin;C:\xampp\php;C:\Program Files\Git\cmd;C:\Users\datea\AppData\Local\Microsoft\WindowsApps;C:\Users\datea\AppData\Local\Programs\Microsoft VS Code\bin;;C:\Program Files\Azure Data Studio\bin;C:\Users\datea\AppData\Roaming\Composer\vendor\bin
USERNAME=datea
OS=Windows_NT
PROCESSOR_IDENTIFIER=Intel64 Family 6 Model 126 Stepping 5, GenuineIntel
TMP=C:\Users\datea\AppData\Local\Temp
TEMP=C:\Users\datea\AppData\Local\Temp



---------------  S Y S T E M  ---------------

OS:
 Windows 11 , 64 bit Build 25227 (10.0.25227.1000)
OS uptime: 0 days 5:31 hours
Hyper-V role detected

CPU: total 8 (initial active 8) (4 cores per cpu, 2 threads per core) family 6 model 126 stepping 5 microcode 0xa6, cx8, cmov, fxsr, ht, mmx, 3dnowpref, sse, sse2, sse3, ssse3, sse4.1, sse4.2, popcnt, lzcnt, tsc, tscinvbit, avx, avx2, aes, erms, clmul, bmi1, bmi2, adx, avx512f, avx512dq, avx512cd, avx512bw, avx512vl, sha, fma, vzeroupper, avx512_vpopcntdq, avx512_vpclmulqdq, avx512_vaes, avx512_vnni, clflush, clflushopt, avx512_vbmi2, avx512_vbmi, hv

Memory: 4k page, system-wide physical 7987M (472M free)
TotalPageFile size 12083M (AvailPageFile size 6M)
current process WorkingSet (physical memory assigned to process): 113M, peak: 945M
current process commit charge ("private bytes"): 289M, peak: 1018M

vm_info: OpenJDK 64-Bit Server VM (17.0.4.1+1) for windows-amd64 JRE (17.0.4.1+1), built on Aug 17 2022 07:42:43 by "temurin" with MS VC++ 16.7 (VS2019)

END.
