#
# There is insufficient memory for the Java Runtime Environment to continue.
# Native memory allocation (malloc) failed to allocate 2097152 bytes for AllocateHeap
# Possible reasons:
#   The system is out of physical RAM or swap space
#   The process is running with CompressedOops enabled, and the Java Heap may be blocking the growth of the native heap
# Possible solutions:
#   Reduce memory load on the system
#   Increase physical memory or swap space
#   Check if swap backing store is full
#   Decrease Java heap size (-Xmx/-Xms)
#   Decrease number of Java threads
#   Decrease Java thread stack sizes (-Xss)
#   Set larger code cache with -XX:ReservedCodeCacheSize=
#   JVM is running with Unscaled Compressed Oops mode in which the Java heap is
#     placed in the first 4GB address space. The Java Heap base address is the
#     maximum limit for the native heap growth. Please use -XX:HeapBaseMinAddress
#     to set the Java Heap base and to place the Java Heap above 4GB virtual address.
# This output file may be truncated or incomplete.
#
#  Out of Memory Error (allocation.cpp:44), pid=94548, tid=98812
#
# JRE version: OpenJDK Runtime Environment Temurin-17.0.4.1+1 (17.0.4.1+1) (build 17.0.4.1+1)
# Java VM: OpenJDK 64-Bit Server VM Temurin-17.0.4.1+1 (17.0.4.1+1, mixed mode, emulated-client, tiered, compressed oops, compressed class ptrs, g1 gc, windows-amd64)
# No core dump will be written. Minidumps are not enabled by default on client versions of Windows
#

---------------  S U M M A R Y ------------

Command Line: -Dsts.lsp.client=vscode -Dsts.log.file=/dev/null -XX:TieredStopAtLevel=1 -Xlog:jni+resolve=off -Dspring.config.location=file:c:\Users\datea\.vscode\extensions\pivotal.vscode-spring-boot-1.40.0\language-server\BOOT-INF\classes\application.properties org.springframework.ide.vscode.boot.app.BootLanguageServerBootApp

Host: Intel(R) Core(TM) i5-1035G1 CPU @ 1.00GHz, 8 cores, 7G,  Windows 11 , 64 bit Build 25227 (10.0.25227.1000)
Time: Thu Oct 27 21:13:42 2022 SE Asia Standard Time elapsed time: 3206.936423 seconds (0d 0h 53m 26s)

---------------  T H R E A D  ---------------

Current thread (0x000001c0ffc00c20):  VMThread "VM Thread" [stack: 0x0000003946800000,0x0000003946900000] [id=98812]

Stack: [0x0000003946800000,0x0000003946900000]
Native frames: (J=compiled Java code, j=interpreted, Vv=VM code, C=native code)
V  [jvm.dll+0x67731a]
V  [jvm.dll+0x832284]
V  [jvm.dll+0x833a2e]
V  [jvm.dll+0x834093]
V  [jvm.dll+0x245775]
V  [jvm.dll+0xa6393]
V  [jvm.dll+0x2f59c1]
V  [jvm.dll+0x2f1640]
V  [jvm.dll+0x2d9d27]
V  [jvm.dll+0x31ce37]
V  [jvm.dll+0x83853b]
V  [jvm.dll+0x839274]
V  [jvm.dll+0x83978c]
V  [jvm.dll+0x839b64]
V  [jvm.dll+0x839c30]
V  [jvm.dll+0x7e240a]
V  [jvm.dll+0x6761a5]
C  [ucrtbase.dll+0x4b82b]
C  [KERNEL32.DLL+0x1484d]
C  [ntdll.dll+0x67558]

VM_Operation (0x0000003947ffec20): G1CollectFull, mode: safepoint, requested by thread 0x000001c0861ea080


---------------  P R O C E S S  ---------------

Threads class SMR info:
_java_thread_list=0x000001c086821340, length=26, elements={
0x000001c0ffc16600, 0x000001c0ffc170c0, 0x000001c084933560, 0x000001c084933e20,
0x000001c0849346e0, 0x000001c084934fa0, 0x000001c084935860, 0x000001c08491cf20,
0x000001c084b50bc0, 0x000001c084b599c0, 0x000001c085258290, 0x000001c0861ea080,
0x000001c0861ea550, 0x000001c0f6883970, 0x000001c0864a01e0, 0x000001c0867b94a0,
0x000001c0869d0710, 0x000001c086a1b880, 0x000001c088402280, 0x000001c088406ab0,
0x000001c0884035c0, 0x000001c088400a70, 0x000001c088407450, 0x000001c088404dd0,
0x000001c088400f40, 0x000001c088407920
}

Java Threads: ( => current thread )
  0x000001c0ffc16600 JavaThread "Reference Handler" daemon [_thread_blocked, id=83824, stack(0x0000003946900000,0x0000003946a00000)]
  0x000001c0ffc170c0 JavaThread "Finalizer" daemon [_thread_blocked, id=96212, stack(0x0000003946a00000,0x0000003946b00000)]
  0x000001c084933560 JavaThread "Signal Dispatcher" daemon [_thread_blocked, id=89280, stack(0x0000003946b00000,0x0000003946c00000)]
  0x000001c084933e20 JavaThread "Attach Listener" daemon [_thread_blocked, id=98716, stack(0x0000003946c00000,0x0000003946d00000)]
  0x000001c0849346e0 JavaThread "Service Thread" daemon [_thread_blocked, id=92476, stack(0x0000003946d00000,0x0000003946e00000)]
  0x000001c084934fa0 JavaThread "Monitor Deflation Thread" daemon [_thread_blocked, id=99284, stack(0x0000003946e00000,0x0000003946f00000)]
  0x000001c084935860 JavaThread "C1 CompilerThread0" daemon [_thread_blocked, id=15368, stack(0x0000003946f00000,0x0000003947000000)]
  0x000001c08491cf20 JavaThread "Sweeper thread" daemon [_thread_blocked, id=96396, stack(0x0000003947000000,0x0000003947100000)]
  0x000001c084b50bc0 JavaThread "Notification Thread" daemon [_thread_blocked, id=96964, stack(0x0000003947300000,0x0000003947400000)]
  0x000001c084b599c0 JavaThread "Common-Cleaner" daemon [_thread_blocked, id=94412, stack(0x0000003947500000,0x0000003947600000)]
  0x000001c085258290 JavaThread "boundedElastic-evictor-1" daemon [_thread_blocked, id=92244, stack(0x0000003947200000,0x0000003947300000)]
  0x000001c0861ea080 JavaThread "pool-9-thread-1" [_thread_blocked, id=96488, stack(0x0000003947f00000,0x0000003948000000)]
  0x000001c0861ea550 JavaThread "LanguageServerApp-lifecycle" [_thread_blocked, id=97536, stack(0x0000003948000000,0x0000003948100000)]
  0x000001c0f6883970 JavaThread "DestroyJavaVM" [_thread_blocked, id=95748, stack(0x0000003946200000,0x0000003946300000)]
  0x000001c0864a01e0 JavaThread "pool-10-thread-1" [_thread_in_native, id=83720, stack(0x0000003948100000,0x0000003948200000)]
  0x000001c0867b94a0 JavaThread "Simple-Language-Server main thread" daemon [_thread_blocked, id=97764, stack(0x0000003948200000,0x0000003948300000)]
  0x000001c0869d0710 JavaThread "parallel-1" daemon [_thread_blocked, id=94100, stack(0x0000003948400000,0x0000003948500000)]
  0x000001c086a1b880 JavaThread "pool-7-thread-1" [_thread_blocked, id=87692, stack(0x0000003947100000,0x0000003947200000)]
  0x000001c088402280 JavaThread "parallel-2" daemon [_thread_blocked, id=85504, stack(0x0000003947d00000,0x0000003947e00000)]
  0x000001c088406ab0 JavaThread "Reconciler-1" daemon [_thread_blocked, id=91760, stack(0x0000003949a00000,0x0000003949b00000)]
  0x000001c0884035c0 JavaThread "parallel-3" daemon [_thread_blocked, id=95716, stack(0x0000003949d00000,0x0000003949e00000)]
  0x000001c088400a70 JavaThread "parallel-4" daemon [_thread_blocked, id=94664, stack(0x0000003948600000,0x0000003948700000)]
  0x000001c088407450 JavaThread "parallel-5" daemon [_thread_blocked, id=86160, stack(0x0000003945f00000,0x0000003946000000)]
  0x000001c088404dd0 JavaThread "parallel-6" daemon [_thread_blocked, id=98472, stack(0x0000003946000000,0x0000003946100000)]
  0x000001c088400f40 JavaThread "parallel-7" daemon [_thread_blocked, id=94652, stack(0x0000003948500000,0x0000003948600000)]
  0x000001c088407920 JavaThread "parallel-8" daemon [_thread_blocked, id=91144, stack(0x0000003948a00000,0x0000003948b00000)]

Other Threads:
=>0x000001c0ffc00c20 VMThread "VM Thread" [stack: 0x0000003946800000,0x0000003946900000] [id=98812]
  0x000001c084b518b0 WatcherThread [stack: 0x0000003947400000,0x0000003947500000] [id=87312]
  0x000001c0f68dee70 GCTaskThread "GC Thread#0" [stack: 0x0000003946300000,0x0000003946400000] [id=95792]
  0x000001c08545d010 GCTaskThread "GC Thread#1" [stack: 0x0000003947600000,0x0000003947700000] [id=96864]
  0x000001c08545d2c0 GCTaskThread "GC Thread#2" [stack: 0x0000003947700000,0x0000003947800000] [id=94000]
  0x000001c08549ae90 GCTaskThread "GC Thread#3" [stack: 0x0000003947800000,0x0000003947900000] [id=92156]
  0x000001c08549b350 GCTaskThread "GC Thread#4" [stack: 0x0000003947900000,0x0000003947a00000] [id=93976]
  0x000001c08549b600 GCTaskThread "GC Thread#5" [stack: 0x0000003947a00000,0x0000003947b00000] [id=97944]
  0x000001c0852a55b0 GCTaskThread "GC Thread#6" [stack: 0x0000003947b00000,0x0000003947c00000] [id=61276]
  0x000001c084a4d750 GCTaskThread "GC Thread#7" [stack: 0x0000003947c00000,0x0000003947d00000] [id=93404]
  0x000001c0f68ef680 ConcurrentGCThread "G1 Main Marker" [stack: 0x0000003946400000,0x0000003946500000] [id=95836]
  0x000001c0f68f1270 ConcurrentGCThread "G1 Conc#0" [stack: 0x0000003946500000,0x0000003946600000] [id=93896]
  0x000001c0861ec8b0 ConcurrentGCThread "G1 Conc#1" [stack: 0x0000003947e00000,0x0000003947f00000] [id=98936]
  0x000001c0f693d260 ConcurrentGCThread "G1 Refine#0" [stack: 0x0000003946600000,0x0000003946700000] [id=96840]
  0x000001c086b12a70 ConcurrentGCThread "G1 Refine#1" [stack: 0x0000003949300000,0x0000003949400000] [id=60632]
  0x000001c086fcbc00 ConcurrentGCThread "G1 Refine#2" [stack: 0x0000003949400000,0x0000003949500000] [id=87128]
  0x000001c0886d4900 ConcurrentGCThread "G1 Refine#3" [stack: 0x0000003949b00000,0x0000003949c00000] [id=10864]
  0x000001c0886d4620 ConcurrentGCThread "G1 Refine#4" [stack: 0x0000003949c00000,0x0000003949d00000] [id=94808]
  0x000001c0886d4be0 ConcurrentGCThread "G1 Refine#5" [stack: 0x0000003946100000,0x0000003946200000] [id=94708]
  0x000001c0886d5760 ConcurrentGCThread "G1 Refine#6" [stack: 0x000000394a200000,0x000000394a300000] [id=86620]
  0x000001c0f693dcf0 ConcurrentGCThread "G1 Service" [stack: 0x0000003946700000,0x0000003946800000] [id=88316]

Threads with active compile tasks:

VM state: at safepoint (normal execution)

VM Mutex/Monitor currently owned by a thread:  ([mutex/lock_event])
[0x000001c0f4672830] Threads_lock - owner thread: 0x000001c0ffc00c20
[0x000001c0f6880970] Heap_lock - owner thread: 0x000001c0861ea080

Heap address: 0x0000000083200000, size: 1998 MB, Compressed Oops mode: 32-bit

CDS archive(s) not mapped
Compressed class space mapped at: 0x0000000100000000-0x0000000140000000, reserved size: 1073741824
Narrow klass base: 0x0000000000000000, Narrow klass shift: 3, Narrow klass range: 0x140000000

GC Precious Log:
 CPUs: 8 total, 8 available
 Memory: 7987M
 Large Page Support: Disabled
 NUMA Support: Disabled
 Compressed Oops: Enabled (32-bit)
 Heap Region Size: 1M
 Heap Min Capacity: 8M
 Heap Initial Capacity: 126M
 Heap Max Capacity: 1998M
 Pre-touch: Disabled
 Parallel Workers: 8
 Concurrent Workers: 2
 Concurrent Refinement Workers: 8
 Periodic GC: Disabled

Heap:
 garbage-first heap   total 81920K, used 23971K [0x0000000083200000, 0x0000000100000000)
  region size 1024K, 1 young (1024K), 0 survivors (0K)
 Metaspace       used 43643K, committed 44096K, reserved 1089536K
  class space    used 6106K, committed 6272K, reserved 1048576K

Heap Regions: E=young(eden), S=young(survivor), O=old, HS=humongous(starts), HC=humongous(continues), CS=collection set, F=free, OA=open archive, CA=closed archive, TAMS=top-at-mark-start (previous, next)
|   0|0x0000000083200000, 0x0000000083300000, 0x0000000083300000|100%| O|  |TAMS 0x0000000083300000, 0x0000000083200000| Untracked 
|   1|0x0000000083300000, 0x0000000083400000, 0x0000000083400000|100%| O|  |TAMS 0x0000000083400000, 0x0000000083300000| Untracked 
|   2|0x0000000083400000, 0x0000000083500000, 0x0000000083500000|100%| O|  |TAMS 0x0000000083500000, 0x0000000083400000| Untracked 
|   3|0x0000000083500000, 0x0000000083600000, 0x0000000083600000|100%| O|  |TAMS 0x0000000083600000, 0x0000000083500000| Untracked 
|   4|0x0000000083600000, 0x0000000083700000, 0x0000000083700000|100%| O|  |TAMS 0x0000000083700000, 0x0000000083600000| Untracked 
|   5|0x0000000083700000, 0x0000000083800000, 0x0000000083800000|100%| O|  |TAMS 0x0000000083800000, 0x0000000083700000| Untracked 
|   6|0x0000000083800000, 0x0000000083900000, 0x0000000083900000|100%| O|  |TAMS 0x0000000083900000, 0x0000000083800000| Untracked 
|   7|0x0000000083900000, 0x0000000083a00000, 0x0000000083a00000|100%| O|  |TAMS 0x0000000083a00000, 0x0000000083900000| Untracked 
|   8|0x0000000083a00000, 0x0000000083affff8, 0x0000000083b00000| 99%| O|  |TAMS 0x0000000083affff8, 0x0000000083a00000| Untracked 
|   9|0x0000000083b00000, 0x0000000083bfffd8, 0x0000000083c00000| 99%| O|  |TAMS 0x0000000083bfffd8, 0x0000000083b00000| Untracked 
|  10|0x0000000083c00000, 0x0000000083d00000, 0x0000000083d00000|100%| O|  |TAMS 0x0000000083d00000, 0x0000000083c00000| Untracked 
|  11|0x0000000083d00000, 0x0000000083dffff0, 0x0000000083e00000| 99%| O|  |TAMS 0x0000000083dffff0, 0x0000000083d00000| Untracked 
|  12|0x0000000083e00000, 0x0000000083efffc8, 0x0000000083f00000| 99%| O|  |TAMS 0x0000000083efffc8, 0x0000000083e00000| Untracked 
|  13|0x0000000083f00000, 0x0000000083ffffe8, 0x0000000084000000| 99%| O|  |TAMS 0x0000000083ffffe8, 0x0000000083f00000| Untracked 
|  14|0x0000000084000000, 0x00000000840fffd8, 0x0000000084100000| 99%| O|  |TAMS 0x00000000840fffd8, 0x0000000084000000| Untracked 
|  15|0x0000000084100000, 0x00000000841ffff8, 0x0000000084200000| 99%| O|  |TAMS 0x00000000841ffff8, 0x0000000084100000| Untracked 
|  16|0x0000000084200000, 0x00000000842ffff0, 0x0000000084300000| 99%| O|  |TAMS 0x00000000842ffff0, 0x0000000084200000| Untracked 
|  17|0x0000000084300000, 0x00000000843fffa8, 0x0000000084400000| 99%| O|  |TAMS 0x00000000843fffa8, 0x0000000084300000| Untracked 
|  18|0x0000000084400000, 0x00000000844d08e0, 0x0000000084500000| 81%| O|  |TAMS 0x0000000084400000, 0x0000000084400000| Untracked 
|  19|0x0000000084500000, 0x00000000845ffff8, 0x0000000084600000| 99%| O|  |TAMS 0x00000000845ffff8, 0x0000000084500000| Untracked 
|  20|0x0000000084600000, 0x00000000846fffc8, 0x0000000084700000| 99%| O|  |TAMS 0x00000000846fffc8, 0x0000000084600000| Untracked 
|  21|0x0000000084700000, 0x00000000847ffff0, 0x0000000084800000| 99%| O|  |TAMS 0x00000000847ffff0, 0x0000000084700000| Untracked 
|  22|0x0000000084800000, 0x00000000848ffff8, 0x0000000084900000| 99%| O|  |TAMS 0x00000000848ffff8, 0x0000000084800000| Untracked 
|  23|0x0000000084900000, 0x0000000084998808, 0x0000000084a00000| 59%| O|  |TAMS 0x0000000084900000, 0x0000000084900000| Untracked 
|  24|0x0000000084a00000, 0x0000000084a00000, 0x0000000084b00000|  0%| F|  |TAMS 0x0000000084a00000, 0x0000000084a00000| Untracked 
|  25|0x0000000084b00000, 0x0000000084b00000, 0x0000000084c00000|  0%| F|  |TAMS 0x0000000084b00000, 0x0000000084b00000| Untracked 
|  26|0x0000000084c00000, 0x0000000084c00000, 0x0000000084d00000|  0%| F|  |TAMS 0x0000000084c00000, 0x0000000084c00000| Untracked 
|  27|0x0000000084d00000, 0x0000000084d00000, 0x0000000084e00000|  0%| F|  |TAMS 0x0000000084d00000, 0x0000000084d00000| Untracked 
|  28|0x0000000084e00000, 0x0000000084e00000, 0x0000000084f00000|  0%| F|  |TAMS 0x0000000084e00000, 0x0000000084e00000| Untracked 
|  29|0x0000000084f00000, 0x0000000084f00000, 0x0000000085000000|  0%| F|  |TAMS 0x0000000084f00000, 0x0000000084f00000| Untracked 
|  30|0x0000000085000000, 0x0000000085000000, 0x0000000085100000|  0%| F|  |TAMS 0x0000000085000000, 0x0000000085000000| Untracked 
|  31|0x0000000085100000, 0x0000000085100000, 0x0000000085200000|  0%| F|  |TAMS 0x0000000085100000, 0x0000000085100000| Untracked 
|  32|0x0000000085200000, 0x0000000085200000, 0x0000000085300000|  0%| F|  |TAMS 0x0000000085200000, 0x0000000085200000| Untracked 
|  33|0x0000000085300000, 0x0000000085300000, 0x0000000085400000|  0%| F|  |TAMS 0x0000000085300000, 0x0000000085300000| Untracked 
|  34|0x0000000085400000, 0x0000000085400000, 0x0000000085500000|  0%| F|  |TAMS 0x0000000085400000, 0x0000000085400000| Untracked 
|  35|0x0000000085500000, 0x0000000085500000, 0x0000000085600000|  0%| F|  |TAMS 0x0000000085500000, 0x0000000085500000| Untracked 
|  36|0x0000000085600000, 0x0000000085600000, 0x0000000085700000|  0%| F|  |TAMS 0x0000000085600000, 0x0000000085600000| Untracked 
|  37|0x0000000085700000, 0x0000000085700000, 0x0000000085800000|  0%| F|  |TAMS 0x0000000085700000, 0x0000000085700000| Untracked 
|  38|0x0000000085800000, 0x0000000085800000, 0x0000000085900000|  0%| F|  |TAMS 0x0000000085800000, 0x0000000085800000| Untracked 
|  39|0x0000000085900000, 0x0000000085900000, 0x0000000085a00000|  0%| F|  |TAMS 0x0000000085900000, 0x0000000085900000| Untracked 
|  40|0x0000000085a00000, 0x0000000085a00000, 0x0000000085b00000|  0%| F|  |TAMS 0x0000000085a00000, 0x0000000085a00000| Untracked 
|  41|0x0000000085b00000, 0x0000000085b00000, 0x0000000085c00000|  0%| F|  |TAMS 0x0000000085b00000, 0x0000000085b00000| Untracked 
|  42|0x0000000085c00000, 0x0000000085c00000, 0x0000000085d00000|  0%| F|  |TAMS 0x0000000085c00000, 0x0000000085c00000| Untracked 
|  43|0x0000000085d00000, 0x0000000085d00000, 0x0000000085e00000|  0%| F|  |TAMS 0x0000000085d00000, 0x0000000085d00000| Untracked 
|  44|0x0000000085e00000, 0x0000000085e00000, 0x0000000085f00000|  0%| F|  |TAMS 0x0000000085e00000, 0x0000000085e00000| Untracked 
|  45|0x0000000085f00000, 0x0000000085f00000, 0x0000000086000000|  0%| F|  |TAMS 0x0000000085f00000, 0x0000000085f00000| Untracked 
|  46|0x0000000086000000, 0x0000000086000000, 0x0000000086100000|  0%| F|  |TAMS 0x0000000086000000, 0x0000000086000000| Untracked 
|  47|0x0000000086100000, 0x0000000086100000, 0x0000000086200000|  0%| F|  |TAMS 0x0000000086100000, 0x0000000086100000| Untracked 
|  48|0x0000000086200000, 0x0000000086200000, 0x0000000086300000|  0%| F|  |TAMS 0x0000000086200000, 0x0000000086200000| Untracked 
|  49|0x0000000086300000, 0x0000000086300000, 0x0000000086400000|  0%| F|  |TAMS 0x0000000086300000, 0x0000000086300000| Untracked 
|  50|0x0000000086400000, 0x0000000086400000, 0x0000000086500000|  0%| F|  |TAMS 0x0000000086400000, 0x0000000086400000| Untracked 
|  51|0x0000000086500000, 0x0000000086500000, 0x0000000086600000|  0%| F|  |TAMS 0x0000000086500000, 0x0000000086500000| Untracked 
|  52|0x0000000086600000, 0x0000000086600000, 0x0000000086700000|  0%| F|  |TAMS 0x0000000086600000, 0x0000000086600000| Untracked 
|  53|0x0000000086700000, 0x0000000086700000, 0x0000000086800000|  0%| F|  |TAMS 0x0000000086700000, 0x0000000086700000| Untracked 
|  54|0x0000000086800000, 0x0000000086800000, 0x0000000086900000|  0%| F|  |TAMS 0x0000000086800000, 0x0000000086800000| Untracked 
|  55|0x0000000086900000, 0x0000000086900000, 0x0000000086a00000|  0%| F|  |TAMS 0x0000000086900000, 0x0000000086900000| Untracked 
|  56|0x0000000086a00000, 0x0000000086a00000, 0x0000000086b00000|  0%| F|  |TAMS 0x0000000086a00000, 0x0000000086a00000| Untracked 
|  57|0x0000000086b00000, 0x0000000086b00000, 0x0000000086c00000|  0%| F|  |TAMS 0x0000000086b00000, 0x0000000086b00000| Untracked 
|  58|0x0000000086c00000, 0x0000000086c00000, 0x0000000086d00000|  0%| F|  |TAMS 0x0000000086c00000, 0x0000000086c00000| Untracked 
|  59|0x0000000086d00000, 0x0000000086d00000, 0x0000000086e00000|  0%| F|  |TAMS 0x0000000086d00000, 0x0000000086d00000| Untracked 
|  60|0x0000000086e00000, 0x0000000086e00000, 0x0000000086f00000|  0%| F|  |TAMS 0x0000000086e00000, 0x0000000086e00000| Untracked 
|  61|0x0000000086f00000, 0x0000000086f00000, 0x0000000087000000|  0%| F|  |TAMS 0x0000000086f00000, 0x0000000086f00000| Untracked 
|  62|0x0000000087000000, 0x0000000087000000, 0x0000000087100000|  0%| F|  |TAMS 0x0000000087000000, 0x0000000087000000| Untracked 
|  63|0x0000000087100000, 0x0000000087100000, 0x0000000087200000|  0%| F|  |TAMS 0x0000000087100000, 0x0000000087100000| Untracked 
|  64|0x0000000087200000, 0x0000000087200000, 0x0000000087300000|  0%| F|  |TAMS 0x0000000087200000, 0x0000000087200000| Untracked 
|  65|0x0000000087300000, 0x0000000087300000, 0x0000000087400000|  0%| F|  |TAMS 0x0000000087300000, 0x0000000087300000| Untracked 
|  66|0x0000000087400000, 0x0000000087400000, 0x0000000087500000|  0%| F|  |TAMS 0x0000000087400000, 0x0000000087400000| Untracked 
|  67|0x0000000087500000, 0x0000000087500000, 0x0000000087600000|  0%| F|  |TAMS 0x0000000087500000, 0x0000000087500000| Untracked 
|  68|0x0000000087600000, 0x0000000087600000, 0x0000000087700000|  0%| F|  |TAMS 0x0000000087600000, 0x0000000087600000| Untracked 
|  69|0x0000000087700000, 0x0000000087700000, 0x0000000087800000|  0%| F|  |TAMS 0x0000000087700000, 0x0000000087700000| Untracked 
|  70|0x0000000087800000, 0x0000000087800000, 0x0000000087900000|  0%| F|  |TAMS 0x0000000087800000, 0x0000000087800000| Untracked 
|  71|0x0000000087900000, 0x0000000087900000, 0x0000000087a00000|  0%| F|  |TAMS 0x0000000087900000, 0x0000000087900000| Untracked 
|  72|0x0000000087a00000, 0x0000000087a00000, 0x0000000087b00000|  0%| F|  |TAMS 0x0000000087a00000, 0x0000000087a00000| Untracked 
|  73|0x0000000087b00000, 0x0000000087b00000, 0x0000000087c00000|  0%| F|  |TAMS 0x0000000087b00000, 0x0000000087b00000| Untracked 
|  74|0x0000000087c00000, 0x0000000087c00000, 0x0000000087d00000|  0%| F|  |TAMS 0x0000000087c00000, 0x0000000087c00000| Untracked 
|  75|0x0000000087d00000, 0x0000000087d00000, 0x0000000087e00000|  0%| F|  |TAMS 0x0000000087d00000, 0x0000000087d00000| Untracked 
|  76|0x0000000087e00000, 0x0000000087e00000, 0x0000000087f00000|  0%| F|  |TAMS 0x0000000087e00000, 0x0000000087e00000| Untracked 
|  77|0x0000000087f00000, 0x0000000087f00000, 0x0000000088000000|  0%| F|  |TAMS 0x0000000087f00000, 0x0000000087f00000| Untracked 
|  78|0x0000000088000000, 0x0000000088000000, 0x0000000088100000|  0%| F|  |TAMS 0x0000000088000000, 0x0000000088000000| Untracked 
|  79|0x0000000088100000, 0x000000008810db90, 0x0000000088200000|  5%| E|  |TAMS 0x0000000088100000, 0x0000000088100000| Complete 

Card table byte_map: [0x000001c0fca00000,0x000001c0fcdf0000] _byte_map_base: 0x000001c0fc5e7000

Marking Bits (Prev, Next): (CMBitMap*) 0x000001c0f68df390, (CMBitMap*) 0x000001c0f68df3d0
 Prev Bits: [0x000001c0fd1e0000, 0x000001c0ff118000)
 Next Bits: [0x000001c080000000, 0x000001c081f38000)

Polling page: 0x000001c0f4830000

Metaspace:

Usage:
  Non-class:     36.66 MB used.
      Class:      5.96 MB used.
       Both:     42.62 MB used.

Virtual space:
  Non-class space:       40.00 MB reserved,      36.94 MB ( 92%) committed,  5 nodes.
      Class space:        1.00 GB reserved,       6.12 MB ( <1%) committed,  1 nodes.
             Both:        1.04 GB reserved,      43.06 MB (  4%) committed. 

Chunk freelists:
   Non-Class:  2.30 MB
       Class:  1.76 MB
        Both:  4.07 MB

MaxMetaspaceSize: unlimited
CompressedClassSpaceSize: 1.00 GB
Initial GC threshold: 21.00 MB
Current GC threshold: 71.81 MB
CDS: off
MetaspaceReclaimPolicy: balanced
 - commit_granule_bytes: 65536.
 - commit_granule_words: 8192.
 - virtual_space_node_default_size: 1048576.
 - enlarge_chunks_in_place: 1.
 - new_chunks_are_fully_committed: 0.
 - uncommit_free_chunks: 1.
 - use_allocation_guard: 0.
 - handle_deallocations: 1.


Internal statistics:

num_allocs_failed_limit: 3.
num_arena_births: 464.
num_arena_deaths: 118.
num_vsnodes_births: 6.
num_vsnodes_deaths: 0.
num_space_committed: 689.
num_space_uncommitted: 0.
num_chunks_returned_to_freelist: 135.
num_chunks_taken_from_freelist: 1811.
num_chunk_merges: 41.
num_chunk_splits: 1244.
num_chunks_enlarged: 960.
num_purges: 6.
num_inconsistent_stats: 0.

CodeCache: size=49152Kb used=11325Kb max_used=12469Kb free=37826Kb
 bounds [0x000001c0f9500000, 0x000001c0fa130000, 0x000001c0fc500000]
 total_blobs=6628 nmethods=6072 adapters=483
 compilation: enabled
              stopped_count=0, restarted_count=0
 full_count=0

Compilation events (20 events):
Event: 3143.308 Thread 0x000001c084935860 6059       1       java.lang.Process::<init> (5 bytes)
Event: 3143.308 Thread 0x000001c084935860 nmethod 6059 0x000001c0f9acb990 code [0x000001c0f9acbb20, 0x000001c0f9acbbd8]
Event: 3143.308 Thread 0x000001c084935860 6061       1       java.lang.ProcessImpl$$Lambda$631/0x00000001004ce3d0::<init> (10 bytes)
Event: 3143.308 Thread 0x000001c084935860 nmethod 6061 0x000001c0f9acb690 code [0x000001c0f9acb820, 0x000001c0f9acb8f8]
Event: 3143.308 Thread 0x000001c084935860 6063       1       java.lang.ProcessHandleImpl::getInternal (13 bytes)
Event: 3143.308 Thread 0x000001c084935860 nmethod 6063 0x000001c0f9acb310 code [0x000001c0f9acb4a0, 0x000001c0f9acb608]
Event: 3143.308 Thread 0x000001c084935860 6064       1       java.lang.ProcessImpl$2::<init> (20 bytes)
Event: 3143.308 Thread 0x000001c084935860 nmethod 6064 0x000001c0f9acaf90 code [0x000001c0f9acb120, 0x000001c0f9acb298]
Event: 3143.486 Thread 0x000001c084935860 6065   !   1       java.io.FilterOutputStream::close (183 bytes)
Event: 3143.512 Thread 0x000001c084935860 nmethod 6065 0x000001c0f9ac9e10 code [0x000001c0f9aca020, 0x000001c0f9aca4f8]
Event: 3143.512 Thread 0x000001c084935860 6070       1       java.lang.ProcessImpl$$Lambda$631/0x00000001004ce3d0::run (8 bytes)
Event: 3143.512 Thread 0x000001c084935860 nmethod 6070 0x000001c0f9ac9b10 code [0x000001c0f9ac9ca0, 0x000001c0f9ac9d88]
Event: 3143.512 Thread 0x000001c084935860 6071       1       java.lang.ProcessImpl::lambda$new$0 (6 bytes)
Event: 3143.512 Thread 0x000001c084935860 nmethod 6071 0x000001c0f9ac9810 code [0x000001c0f9ac99a0, 0x000001c0f9ac9a68]
Event: 3143.512 Thread 0x000001c084935860 6066   !   1       java.io.FileOutputStream::close (69 bytes)
Event: 3143.513 Thread 0x000001c084935860 nmethod 6066 0x000001c0f9ac9190 code [0x000001c0f9ac9360, 0x000001c0f9ac96d8]
Event: 3143.513 Thread 0x000001c084935860 6067       1       java.io.FileOutputStream$1::<init> (10 bytes)
Event: 3143.513 Thread 0x000001c084935860 nmethod 6067 0x000001c0f9ac8e90 code [0x000001c0f9ac9020, 0x000001c0f9ac9138]
Event: 3143.513 Thread 0x000001c084935860 6068       1       java.io.FileOutputStream$1::close (11 bytes)
Event: 3143.513 Thread 0x000001c084935860 nmethod 6068 0x000001c0f9ac8810 code [0x000001c0f9ac89c0, 0x000001c0f9ac8cd8]

GC Heap History (20 events):
Event: 3102.335 GC heap before
{Heap before GC invocations=288 (full 251):
 garbage-first heap   total 81920K, used 23971K [0x0000000083200000, 0x0000000100000000)
  region size 1024K, 1 young (1024K), 0 survivors (0K)
 Metaspace       used 43643K, committed 44096K, reserved 1089536K
  class space    used 6106K, committed 6272K, reserved 1048576K
}
Event: 3102.365 GC heap after
{Heap after GC invocations=289 (full 252):
 garbage-first heap   total 81920K, used 23971K [0x0000000083200000, 0x0000000100000000)
  region size 1024K, 0 young (0K), 0 survivors (0K)
 Metaspace       used 43643K, committed 44096K, reserved 1089536K
  class space    used 6106K, committed 6272K, reserved 1048576K
}
Event: 3112.640 GC heap before
{Heap before GC invocations=289 (full 252):
 garbage-first heap   total 81920K, used 23971K [0x0000000083200000, 0x0000000100000000)
  region size 1024K, 1 young (1024K), 0 survivors (0K)
 Metaspace       used 43643K, committed 44096K, reserved 1089536K
  class space    used 6106K, committed 6272K, reserved 1048576K
}
Event: 3112.667 GC heap after
{Heap after GC invocations=290 (full 253):
 garbage-first heap   total 81920K, used 23971K [0x0000000083200000, 0x0000000100000000)
  region size 1024K, 0 young (0K), 0 survivors (0K)
 Metaspace       used 43643K, committed 44096K, reserved 1089536K
  class space    used 6106K, committed 6272K, reserved 1048576K
}
Event: 3122.981 GC heap before
{Heap before GC invocations=290 (full 253):
 garbage-first heap   total 81920K, used 23971K [0x0000000083200000, 0x0000000100000000)
  region size 1024K, 1 young (1024K), 0 survivors (0K)
 Metaspace       used 43643K, committed 44096K, reserved 1089536K
  class space    used 6106K, committed 6272K, reserved 1048576K
}
Event: 3123.012 GC heap after
{Heap after GC invocations=291 (full 254):
 garbage-first heap   total 81920K, used 23971K [0x0000000083200000, 0x0000000100000000)
  region size 1024K, 0 young (0K), 0 survivors (0K)
 Metaspace       used 43643K, committed 44096K, reserved 1089536K
  class space    used 6106K, committed 6272K, reserved 1048576K
}
Event: 3133.261 GC heap before
{Heap before GC invocations=291 (full 254):
 garbage-first heap   total 81920K, used 23971K [0x0000000083200000, 0x0000000100000000)
  region size 1024K, 1 young (1024K), 0 survivors (0K)
 Metaspace       used 43643K, committed 44096K, reserved 1089536K
  class space    used 6106K, committed 6272K, reserved 1048576K
}
Event: 3133.292 GC heap after
{Heap after GC invocations=292 (full 255):
 garbage-first heap   total 81920K, used 23971K [0x0000000083200000, 0x0000000100000000)
  region size 1024K, 0 young (0K), 0 survivors (0K)
 Metaspace       used 43643K, committed 44096K, reserved 1089536K
  class space    used 6106K, committed 6272K, reserved 1048576K
}
Event: 3143.487 GC heap before
{Heap before GC invocations=292 (full 255):
 garbage-first heap   total 81920K, used 23971K [0x0000000083200000, 0x0000000100000000)
  region size 1024K, 1 young (1024K), 0 survivors (0K)
 Metaspace       used 43643K, committed 44096K, reserved 1089536K
  class space    used 6106K, committed 6272K, reserved 1048576K
}
Event: 3143.511 GC heap after
{Heap after GC invocations=293 (full 256):
 garbage-first heap   total 81920K, used 23971K [0x0000000083200000, 0x0000000100000000)
  region size 1024K, 0 young (0K), 0 survivors (0K)
 Metaspace       used 43643K, committed 44096K, reserved 1089536K
  class space    used 6106K, committed 6272K, reserved 1048576K
}
Event: 3153.765 GC heap before
{Heap before GC invocations=293 (full 256):
 garbage-first heap   total 81920K, used 23971K [0x0000000083200000, 0x0000000100000000)
  region size 1024K, 1 young (1024K), 0 survivors (0K)
 Metaspace       used 43643K, committed 44096K, reserved 1089536K
  class space    used 6106K, committed 6272K, reserved 1048576K
}
Event: 3153.793 GC heap after
{Heap after GC invocations=294 (full 257):
 garbage-first heap   total 81920K, used 23971K [0x0000000083200000, 0x0000000100000000)
  region size 1024K, 0 young (0K), 0 survivors (0K)
 Metaspace       used 43643K, committed 44096K, reserved 1089536K
  class space    used 6106K, committed 6272K, reserved 1048576K
}
Event: 3164.028 GC heap before
{Heap before GC invocations=294 (full 257):
 garbage-first heap   total 81920K, used 23971K [0x0000000083200000, 0x0000000100000000)
  region size 1024K, 1 young (1024K), 0 survivors (0K)
 Metaspace       used 43643K, committed 44096K, reserved 1089536K
  class space    used 6106K, committed 6272K, reserved 1048576K
}
Event: 3164.057 GC heap after
{Heap after GC invocations=295 (full 258):
 garbage-first heap   total 81920K, used 23971K [0x0000000083200000, 0x0000000100000000)
  region size 1024K, 0 young (0K), 0 survivors (0K)
 Metaspace       used 43643K, committed 44096K, reserved 1089536K
  class space    used 6106K, committed 6272K, reserved 1048576K
}
Event: 3174.284 GC heap before
{Heap before GC invocations=295 (full 258):
 garbage-first heap   total 81920K, used 23971K [0x0000000083200000, 0x0000000100000000)
  region size 1024K, 1 young (1024K), 0 survivors (0K)
 Metaspace       used 43643K, committed 44096K, reserved 1089536K
  class space    used 6106K, committed 6272K, reserved 1048576K
}
Event: 3174.309 GC heap after
{Heap after GC invocations=296 (full 259):
 garbage-first heap   total 81920K, used 23971K [0x0000000083200000, 0x0000000100000000)
  region size 1024K, 0 young (0K), 0 survivors (0K)
 Metaspace       used 43643K, committed 44096K, reserved 1089536K
  class space    used 6106K, committed 6272K, reserved 1048576K
}
Event: 3184.601 GC heap before
{Heap before GC invocations=296 (full 259):
 garbage-first heap   total 81920K, used 23971K [0x0000000083200000, 0x0000000100000000)
  region size 1024K, 1 young (1024K), 0 survivors (0K)
 Metaspace       used 43643K, committed 44096K, reserved 1089536K
  class space    used 6106K, committed 6272K, reserved 1048576K
}
Event: 3184.630 GC heap after
{Heap after GC invocations=297 (full 260):
 garbage-first heap   total 81920K, used 23971K [0x0000000083200000, 0x0000000100000000)
  region size 1024K, 0 young (0K), 0 survivors (0K)
 Metaspace       used 43643K, committed 44096K, reserved 1089536K
  class space    used 6106K, committed 6272K, reserved 1048576K
}
Event: 3194.830 GC heap before
{Heap before GC invocations=297 (full 260):
 garbage-first heap   total 81920K, used 23971K [0x0000000083200000, 0x0000000100000000)
  region size 1024K, 1 young (1024K), 0 survivors (0K)
 Metaspace       used 43643K, committed 44096K, reserved 1089536K
  class space    used 6106K, committed 6272K, reserved 1048576K
}
Event: 3194.853 GC heap after
{Heap after GC invocations=298 (full 261):
 garbage-first heap   total 81920K, used 23971K [0x0000000083200000, 0x0000000100000000)
  region size 1024K, 0 young (0K), 0 survivors (0K)
 Metaspace       used 43643K, committed 44096K, reserved 1089536K
  class space    used 6106K, committed 6272K, reserved 1048576K
}

Deoptimization events (20 events):
Event: 18.206 Thread 0x000001c0867c6980 DEOPT PACKING pc=0x000001c0f9c1522b sp=0x00000039483fe630
Event: 18.206 Thread 0x000001c0867c6980 DEOPT UNPACKING pc=0x000001c0f9556763 sp=0x00000039483fdb78 mode 3
Event: 18.863 Thread 0x000001c086a18d30 DEOPT PACKING pc=0x000001c0f99d5581 sp=0x0000003948bfef90
Event: 18.863 Thread 0x000001c086a18d30 DEOPT UNPACKING pc=0x000001c0f9556763 sp=0x0000003948bfe420 mode 3
Event: 20.050 Thread 0x000001c086a1a540 DEOPT PACKING pc=0x000001c0f99d3497 sp=0x0000003948fff210
Event: 20.050 Thread 0x000001c086a1a540 DEOPT UNPACKING pc=0x000001c0f9556763 sp=0x0000003948ffe668 mode 3
Event: 39.092 Thread 0x000001c0867c6980 DEOPT PACKING pc=0x000001c0f99bffd2 sp=0x00000039483fd5f0
Event: 39.092 Thread 0x000001c0867c6980 DEOPT UNPACKING pc=0x000001c0f9556763 sp=0x00000039483fcaf8 mode 3
Event: 39.818 Thread 0x000001c0867c6980 DEOPT PACKING pc=0x000001c0fa0a01f4 sp=0x00000039483fde50
Event: 39.818 Thread 0x000001c0867c6980 DEOPT UNPACKING pc=0x000001c0f9556763 sp=0x00000039483fd348 mode 0
Event: 39.818 Thread 0x000001c0867c6980 DEOPT PACKING pc=0x000001c0fa0740f4 sp=0x00000039483fdf20
Event: 39.818 Thread 0x000001c0867c6980 DEOPT UNPACKING pc=0x000001c0f9556763 sp=0x00000039483fd3f8 mode 0
Event: 39.818 Thread 0x000001c0867c6980 DEOPT PACKING pc=0x000001c0fa0c2ca4 sp=0x00000039483fdfd0
Event: 39.818 Thread 0x000001c0867c6980 DEOPT UNPACKING pc=0x000001c0f9556763 sp=0x00000039483fd550 mode 0
Event: 39.819 Thread 0x000001c0867c6980 DEOPT PACKING pc=0x000001c0fa0cdfac sp=0x00000039483fe2d0
Event: 39.819 Thread 0x000001c0867c6980 DEOPT UNPACKING pc=0x000001c0f9556763 sp=0x00000039483fd760 mode 0
Event: 40.125 Thread 0x000001c0867c6980 DEOPT PACKING pc=0x000001c0fa126ad5 sp=0x00000039483fed30
Event: 40.125 Thread 0x000001c0867c6980 DEOPT UNPACKING pc=0x000001c0f9556763 sp=0x00000039483fe1d8 mode 3
Event: 350.883 Thread 0x000001c0864a01e0 DEOPT PACKING pc=0x000001c0f96ecd54 sp=0x00000039481fed60
Event: 350.883 Thread 0x000001c0864a01e0 DEOPT UNPACKING pc=0x000001c0f9556763 sp=0x00000039481fe208 mode 0

Classes unloaded (20 events):
Event: 207.096 Thread 0x000001c0ffc00c20 Unloading class 0x000000010034c000 'java/lang/invoke/LambdaForm$DMH+0x000000010034c000'
Event: 207.096 Thread 0x000001c0ffc00c20 Unloading class 0x000000010020f800 'java/lang/invoke/LambdaForm$MH+0x000000010020f800'
Event: 207.096 Thread 0x000001c0ffc00c20 Unloading class 0x000000010020ec00 'java/lang/invoke/LambdaForm$MH+0x000000010020ec00'
Event: 207.096 Thread 0x000001c0ffc00c20 Unloading class 0x0000000100207000 'java/lang/invoke/LambdaForm$MH+0x0000000100207000'
Event: 207.096 Thread 0x000001c0ffc00c20 Unloading class 0x0000000100206c00 'java/lang/invoke/LambdaForm$MH+0x0000000100206c00'
Event: 207.096 Thread 0x000001c0ffc00c20 Unloading class 0x0000000100206800 'java/lang/invoke/LambdaForm$MH+0x0000000100206800'
Event: 207.096 Thread 0x000001c0ffc00c20 Unloading class 0x0000000100206400 'java/lang/invoke/LambdaForm$MH+0x0000000100206400'
Event: 207.096 Thread 0x000001c0ffc00c20 Unloading class 0x0000000100206000 'java/lang/invoke/LambdaForm$MH+0x0000000100206000'
Event: 207.096 Thread 0x000001c0ffc00c20 Unloading class 0x0000000100205800 'java/lang/invoke/LambdaForm$MH+0x0000000100205800'
Event: 207.096 Thread 0x000001c0ffc00c20 Unloading class 0x00000001000d2800 'java/lang/invoke/LambdaForm$MH+0x00000001000d2800'
Event: 207.096 Thread 0x000001c0ffc00c20 Unloading class 0x00000001000d2000 'java/lang/invoke/LambdaForm$MH+0x00000001000d2000'
Event: 207.096 Thread 0x000001c0ffc00c20 Unloading class 0x00000001000d1c00 'java/lang/invoke/LambdaForm$MH+0x00000001000d1c00'
Event: 207.096 Thread 0x000001c0ffc00c20 Unloading class 0x00000001000d1800 'java/lang/invoke/LambdaForm$MH+0x00000001000d1800'
Event: 207.096 Thread 0x000001c0ffc00c20 Unloading class 0x00000001000d1000 'java/lang/invoke/LambdaForm$MH+0x00000001000d1000'
Event: 207.096 Thread 0x000001c0ffc00c20 Unloading class 0x00000001000d0c00 'java/lang/invoke/LambdaForm$MH+0x00000001000d0c00'
Event: 207.096 Thread 0x000001c0ffc00c20 Unloading class 0x00000001000d0800 'java/lang/invoke/LambdaForm$MH+0x00000001000d0800'
Event: 207.096 Thread 0x000001c0ffc00c20 Unloading class 0x00000001000d0000 'java/lang/invoke/LambdaForm$MH+0x00000001000d0000'
Event: 451.381 Thread 0x000001c0ffc00c20 Unloading class 0x0000000100634400 'java/lang/invoke/LambdaForm$MH+0x0000000100634400'
Event: 451.381 Thread 0x000001c0ffc00c20 Unloading class 0x000000010063c800 'java/lang/invoke/LambdaForm$MH+0x000000010063c800'
Event: 451.381 Thread 0x000001c0ffc00c20 Unloading class 0x0000000100646800 'java/lang/invoke/LambdaForm$MH+0x0000000100646800'

Classes redefined (0 events):
No events

Internal exceptions (20 events):
Event: 38.541 Thread 0x000001c088404dd0 Exception <a 'sun/nio/fs/WindowsException'{0x000000009695a6b8}> (0x000000009695a6b8) 
thrown [s\src\hotspot\share\prims\jni.cpp, line 516]
Event: 38.541 Thread 0x000001c088404dd0 Exception <a 'sun/nio/fs/WindowsException'{0x000000009695aa60}> (0x000000009695aa60) 
thrown [s\src\hotspot\share\prims\jni.cpp, line 516]
Event: 38.542 Thread 0x000001c088404dd0 Exception <a 'sun/nio/fs/WindowsException'{0x000000009695b460}> (0x000000009695b460) 
thrown [s\src\hotspot\share\prims\jni.cpp, line 516]
Event: 38.542 Thread 0x000001c088404dd0 Exception <a 'sun/nio/fs/WindowsException'{0x000000009695b820}> (0x000000009695b820) 
thrown [s\src\hotspot\share\prims\jni.cpp, line 516]
Event: 38.542 Thread 0x000001c088404dd0 Exception <a 'sun/nio/fs/WindowsException'{0x000000009695c220}> (0x000000009695c220) 
thrown [s\src\hotspot\share\prims\jni.cpp, line 516]
Event: 38.542 Thread 0x000001c088404dd0 Exception <a 'sun/nio/fs/WindowsException'{0x000000009695c5d0}> (0x000000009695c5d0) 
thrown [s\src\hotspot\share\prims\jni.cpp, line 516]
Event: 38.542 Thread 0x000001c088404dd0 Exception <a 'sun/nio/fs/WindowsException'{0x000000009695cfd0}> (0x000000009695cfd0) 
thrown [s\src\hotspot\share\prims\jni.cpp, line 516]
Event: 38.542 Thread 0x000001c088404dd0 Exception <a 'sun/nio/fs/WindowsException'{0x000000009695d390}> (0x000000009695d390) 
thrown [s\src\hotspot\share\prims\jni.cpp, line 516]
Event: 38.542 Thread 0x000001c088404dd0 Exception <a 'sun/nio/fs/WindowsException'{0x000000009695ddb8}> (0x000000009695ddb8) 
thrown [s\src\hotspot\share\prims\jni.cpp, line 516]
Event: 38.542 Thread 0x000001c088404dd0 Exception <a 'sun/nio/fs/WindowsException'{0x000000009695e198}> (0x000000009695e198) 
thrown [s\src\hotspot\share\prims\jni.cpp, line 516]
Event: 38.543 Thread 0x000001c088404dd0 Exception <a 'sun/nio/fs/WindowsException'{0x000000009695ebd0}> (0x000000009695ebd0) 
thrown [s\src\hotspot\share\prims\jni.cpp, line 516]
Event: 38.543 Thread 0x000001c088404dd0 Exception <a 'sun/nio/fs/WindowsException'{0x000000009695efc0}> (0x000000009695efc0) 
thrown [s\src\hotspot\share\prims\jni.cpp, line 516]
Event: 38.543 Thread 0x000001c088404dd0 Exception <a 'sun/nio/fs/WindowsException'{0x000000009695f9e8}> (0x000000009695f9e8) 
thrown [s\src\hotspot\share\prims\jni.cpp, line 516]
Event: 38.544 Thread 0x000001c088404dd0 Exception <a 'sun/nio/fs/WindowsException'{0x000000009695fdd8}> (0x000000009695fdd8) 
thrown [s\src\hotspot\share\prims\jni.cpp, line 516]
Event: 38.547 Thread 0x000001c088405770 Exception <a 'java/lang/NoSuchMethodError'{0x000000009685bb28}: 'java.lang.Object java.lang.invoke.Invokers$Holder.invoke_MT(java.lang.Object, java.lang.Object, java.lang.Object)'> (0x000000009685bb28) 
thrown [s\src\hotspot\share\interpreter\linkResolver.cpp, line 759]
Event: 196.521 Thread 0x000001c0861ea080 Exception <a 'java/lang/NoSuchMethodError'{0x000000009dd1e5a8}: 'void java.lang.invoke.DirectMethodHandle$Holder.invokeStatic(java.lang.Object, long)'> (0x000000009dd1e5a8) 
thrown [s\src\hotspot\share\interpreter\linkResolver.cpp, line 759]
Event: 196.526 Thread 0x000001c0861ea080 Exception <a 'java/lang/NoSuchMethodError'{0x000000009dd26690}: 'java.lang.Object java.lang.invoke.DirectMethodHandle$Holder.invokeStatic(java.lang.Object, java.lang.Object, long, java.lang.Object)'> (0x000000009dd26690) 
thrown [s\src\hotspot\share\interpreter\linkResolver.cpp, line 759]
Event: 196.527 Thread 0x000001c0861ea080 Exception <a 'java/lang/NoSuchMethodError'{0x000000009dd2a128}: 'java.lang.Object java.lang.invoke.DirectMethodHandle$Holder.invokeStaticInit(java.lang.Object, java.lang.Object, long, java.lang.Object)'> (0x000000009dd2a128) 
thrown [s\src\hotspot\share\interpreter\linkResolver.cpp, line 759]
Event: 196.528 Thread 0x000001c0861ea080 Exception <a 'java/lang/NoSuchMethodError'{0x000000009dd30458}: 'java.lang.Object java.lang.invoke.DirectMethodHandle$Holder.newInvokeSpecial(java.lang.Object, java.lang.Object, long)'> (0x000000009dd30458) 
thrown [s\src\hotspot\share\interpreter\linkResolver.cpp, line 759]
Event: 196.528 Thread 0x000001c0861ea080 Exception <a 'java/lang/NoSuchMethodError'{0x000000009dd33fc8}: 'java.lang.Object java.lang.invoke.Invokers$Holder.linkToTargetMethod(java.lang.Object, long, java.lang.Object)'> (0x000000009dd33fc8) 
thrown [s\src\hotspot\share\interpreter\linkResolver.cpp, line 759]

VM Operations (20 events):
Event: 3102.365 Executing VM operation: G1CollectFull done
Event: 3112.640 Executing VM operation: G1CollectFull
Event: 3112.668 Executing VM operation: G1CollectFull done
Event: 3122.978 Executing VM operation: G1CollectFull
Event: 3123.012 Executing VM operation: G1CollectFull done
Event: 3133.261 Executing VM operation: G1CollectFull
Event: 3133.292 Executing VM operation: G1CollectFull done
Event: 3143.486 Executing VM operation: G1CollectFull
Event: 3143.511 Executing VM operation: G1CollectFull done
Event: 3153.765 Executing VM operation: G1CollectFull
Event: 3153.793 Executing VM operation: G1CollectFull done
Event: 3164.028 Executing VM operation: G1CollectFull
Event: 3164.057 Executing VM operation: G1CollectFull done
Event: 3174.284 Executing VM operation: G1CollectFull
Event: 3174.309 Executing VM operation: G1CollectFull done
Event: 3184.601 Executing VM operation: G1CollectFull
Event: 3184.630 Executing VM operation: G1CollectFull done
Event: 3194.830 Executing VM operation: G1CollectFull
Event: 3194.853 Executing VM operation: G1CollectFull done
Event: 3205.921 Executing VM operation: G1CollectFull

Events (20 events):
Event: 442.295 Thread 0x000001c088402750 Thread exited: 0x000001c088402750
Event: 470.510 Thread 0x000001c088406f80 Thread exited: 0x000001c088406f80
Event: 471.577 Thread 0x000001c0884018e0 Thread added: 0x000001c0884018e0
Event: 471.577 Thread 0x000001c088401410 Thread added: 0x000001c088401410
Event: 488.133 Thread 0x000001c0884000d0 Thread added: 0x000001c0884000d0
Event: 590.966 Thread 0x000001c0884000d0 Thread exited: 0x000001c0884000d0
Event: 592.104 Thread 0x000001c0884018e0 Thread exited: 0x000001c0884018e0
Event: 601.636 Thread 0x000001c088401410 Thread exited: 0x000001c088401410
Event: 2733.055 Thread 0x000001c0884052a0 Thread added: 0x000001c0884052a0
Event: 2733.065 Thread 0x000001c088406110 Thread added: 0x000001c088406110
Event: 2733.242 Thread 0x000001c0884000d0 Thread added: 0x000001c0884000d0
Event: 2737.656 Thread 0x000001c088403a90 Thread added: 0x000001c088403a90
Event: 2797.662 Thread 0x000001c088406110 Thread exited: 0x000001c088406110
Event: 2797.662 Thread 0x000001c0884000d0 Thread exited: 0x000001c0884000d0
Event: 2797.662 Thread 0x000001c0884052a0 Thread exited: 0x000001c0884052a0
Event: 2862.047 Thread 0x000001c088403a90 Thread exited: 0x000001c088403a90
Event: 2905.236 Thread 0x000001c088406f80 Thread added: 0x000001c088406f80
Event: 2905.237 Thread 0x000001c0884030f0 Thread added: 0x000001c0884030f0
Event: 2965.244 Thread 0x000001c088406f80 Thread exited: 0x000001c088406f80
Event: 2965.477 Thread 0x000001c0884030f0 Thread exited: 0x000001c0884030f0


Dynamic libraries:
0x00007ff7c0240000 - 0x00007ff7c024e000 	c:\Users\datea\.vscode\extensions\redhat.java-1.11.0-win32-x64\jre\17.0.4.1-win32-x86_64\bin\java.exe
0x00007ffadbe90000 - 0x00007ffadc0a9000 	C:\WINDOWS\SYSTEM32\ntdll.dll
0x00007ffada3d0000 - 0x00007ffada492000 	C:\WINDOWS\System32\KERNEL32.DLL
0x00007ffad9840000 - 0x00007ffad9bdc000 	C:\WINDOWS\System32\KERNELBASE.dll
0x00007ffad6120000 - 0x00007ffad61b6000 	C:\WINDOWS\SYSTEM32\apphelp.dll
0x00007ffad9720000 - 0x00007ffad983b000 	C:\WINDOWS\System32\ucrtbase.dll
0x00007ffac2aa0000 - 0x00007ffac2ab9000 	c:\Users\datea\.vscode\extensions\redhat.java-1.11.0-win32-x64\jre\17.0.4.1-win32-x86_64\bin\VCRUNTIME140.dll
0x00007ffac1090000 - 0x00007ffac10a8000 	c:\Users\datea\.vscode\extensions\redhat.java-1.11.0-win32-x64\jre\17.0.4.1-win32-x86_64\bin\jli.dll
0x00007ffadbca0000 - 0x00007ffadbe4c000 	C:\WINDOWS\System32\USER32.dll
0x00007ffad96f0000 - 0x00007ffad9716000 	C:\WINDOWS\System32\win32u.dll
0x00007ffabdec0000 - 0x00007ffabe151000 	C:\WINDOWS\WinSxS\amd64_microsoft.windows.common-controls_6595b64144ccf1df_6.0.25227.1000_none_7b35d90bf2068bf3\COMCTL32.dll
0x00007ffad9ee0000 - 0x00007ffad9f09000 	C:\WINDOWS\System32\GDI32.dll
0x00007ffad9cc0000 - 0x00007ffad9d67000 	C:\WINDOWS\System32\msvcrt.dll
0x00007ffad95d0000 - 0x00007ffad96e6000 	C:\WINDOWS\System32\gdi32full.dll
0x00007ffad9400000 - 0x00007ffad949a000 	C:\WINDOWS\System32\msvcp_win.dll
0x00007ffada100000 - 0x00007ffada131000 	C:\WINDOWS\System32\IMM32.DLL
0x00007ffad4680000 - 0x00007ffad468c000 	c:\Users\datea\.vscode\extensions\redhat.java-1.11.0-win32-x64\jre\17.0.4.1-win32-x86_64\bin\vcruntime140_1.dll
0x00007ffa94ea0000 - 0x00007ffa94f31000 	c:\Users\datea\.vscode\extensions\redhat.java-1.11.0-win32-x64\jre\17.0.4.1-win32-x86_64\bin\msvcp140.dll
0x00007ffa732f0000 - 0x00007ffa73f36000 	c:\Users\datea\.vscode\extensions\redhat.java-1.11.0-win32-x64\jre\17.0.4.1-win32-x86_64\bin\server\jvm.dll
0x00007ffadae30000 - 0x00007ffadaede000 	C:\WINDOWS\System32\ADVAPI32.dll
0x00007ffada140000 - 0x00007ffada1e6000 	C:\WINDOWS\System32\sechost.dll
0x00007ffadbb70000 - 0x00007ffadbc97000 	C:\WINDOWS\System32\RPCRT4.dll
0x00007ffada650000 - 0x00007ffada658000 	C:\WINDOWS\System32\PSAPI.DLL
0x00007ffac1060000 - 0x00007ffac1069000 	C:\WINDOWS\SYSTEM32\WSOCK32.dll
0x00007ffadaee0000 - 0x00007ffadaf4f000 	C:\WINDOWS\System32\WS2_32.dll
0x00007ffad2210000 - 0x00007ffad2245000 	C:\WINDOWS\SYSTEM32\WINMM.dll
0x00007ffad21e0000 - 0x00007ffad21ea000 	C:\WINDOWS\SYSTEM32\VERSION.dll
0x00007ffad81f0000 - 0x00007ffad8208000 	C:\WINDOWS\SYSTEM32\kernel.appcore.dll
0x00007ffad3450000 - 0x00007ffad345a000 	c:\Users\datea\.vscode\extensions\redhat.java-1.11.0-win32-x64\jre\17.0.4.1-win32-x86_64\bin\jimage.dll
0x00007ffad6b10000 - 0x00007ffad6d43000 	C:\WINDOWS\SYSTEM32\DBGHELP.DLL
0x00007ffadaf60000 - 0x00007ffadb2e2000 	C:\WINDOWS\System32\combase.dll
0x00007ffada2f0000 - 0x00007ffada3c8000 	C:\WINDOWS\System32\OLEAUT32.dll
0x00007ffac4400000 - 0x00007ffac4432000 	C:\WINDOWS\SYSTEM32\dbgcore.DLL
0x00007ffad9be0000 - 0x00007ffad9c59000 	C:\WINDOWS\System32\bcryptPrimitives.dll
0x00007ffab7f50000 - 0x00007ffab7f75000 	c:\Users\datea\.vscode\extensions\redhat.java-1.11.0-win32-x64\jre\17.0.4.1-win32-x86_64\bin\java.dll
0x00007ffab7bd0000 - 0x00007ffab7be8000 	c:\Users\datea\.vscode\extensions\redhat.java-1.11.0-win32-x64\jre\17.0.4.1-win32-x86_64\bin\zip.dll
0x00007ffadb380000 - 0x00007ffadbb50000 	C:\WINDOWS\System32\SHELL32.dll
0x00007ffad7180000 - 0x00007ffad7a1a000 	C:\WINDOWS\SYSTEM32\windows.storage.dll
0x00007ffad6fe0000 - 0x00007ffad7173000 	C:\WINDOWS\SYSTEM32\wintypes.dll
0x00007ffada560000 - 0x00007ffada64b000 	C:\WINDOWS\System32\SHCORE.dll
0x00007ffada8d0000 - 0x00007ffada92d000 	C:\WINDOWS\System32\shlwapi.dll
0x00007ffad91a0000 - 0x00007ffad91c1000 	C:\WINDOWS\SYSTEM32\profapi.dll
0x00007ffab6990000 - 0x00007ffab69a9000 	C:\Users\datea\.vscode\extensions\redhat.java-1.11.0-win32-x64\jre\17.0.4.1-win32-x86_64\bin\net.dll
0x00007ffad2060000 - 0x00007ffad218b000 	C:\WINDOWS\SYSTEM32\WINHTTP.dll
0x00007ffad86d0000 - 0x00007ffad8739000 	C:\WINDOWS\system32\mswsock.dll
0x00007ffab6970000 - 0x00007ffab6985000 	C:\Users\datea\.vscode\extensions\redhat.java-1.11.0-win32-x64\jre\17.0.4.1-win32-x86_64\bin\nio.dll
0x00007ffab5ec0000 - 0x00007ffab5ed0000 	c:\Users\datea\.vscode\extensions\redhat.java-1.11.0-win32-x64\jre\17.0.4.1-win32-x86_64\bin\verify.dll
0x00007ffad44f0000 - 0x00007ffad44f9000 	C:\Users\datea\.vscode\extensions\redhat.java-1.11.0-win32-x64\jre\17.0.4.1-win32-x86_64\bin\management.dll
0x00007ffad1e00000 - 0x00007ffad1e0b000 	C:\Users\datea\.vscode\extensions\redhat.java-1.11.0-win32-x64\jre\17.0.4.1-win32-x86_64\bin\management_ext.dll
0x00007ffad4600000 - 0x00007ffad4617000 	C:\WINDOWS\system32\napinsp.dll
0x00007ffad4500000 - 0x00007ffad451a000 	C:\WINDOWS\system32\pnrpnsp.dll
0x00007ffa781d0000 - 0x00007ffa781f1000 	C:\WINDOWS\system32\nlansp_c.dll
0x00007ffad7d50000 - 0x00007ffad7e4f000 	C:\WINDOWS\SYSTEM32\DNSAPI.dll
0x00007ffad7cc0000 - 0x00007ffad7cee000 	C:\WINDOWS\SYSTEM32\IPHLPAPI.DLL
0x00007ffada9a0000 - 0x00007ffada9a9000 	C:\WINDOWS\System32\NSI.dll
0x00007ffad3be0000 - 0x00007ffad3bf1000 	C:\WINDOWS\System32\winrnr.dll
0x00007ffaa04d0000 - 0x00007ffaa04e5000 	C:\WINDOWS\system32\wshbth.dll
0x00007ffad0570000 - 0x00007ffad057a000 	C:\Windows\System32\rasadhlp.dll
0x00007ffad1330000 - 0x00007ffad13b4000 	C:\WINDOWS\System32\fwpuclnt.dll
0x00007ffad8950000 - 0x00007ffad896b000 	C:\WINDOWS\SYSTEM32\CRYPTSP.dll
0x00007ffad8150000 - 0x00007ffad8184000 	C:\WINDOWS\system32\rsaenh.dll
0x00007ffad87d0000 - 0x00007ffad87f8000 	C:\WINDOWS\SYSTEM32\USERENV.dll
0x00007ffad8b10000 - 0x00007ffad8b38000 	C:\WINDOWS\SYSTEM32\bcrypt.dll
0x00007ffad8970000 - 0x00007ffad897c000 	C:\WINDOWS\SYSTEM32\CRYPTBASE.dll
0x00007ffad2040000 - 0x00007ffad2059000 	C:\WINDOWS\SYSTEM32\dhcpcsvc6.DLL
0x00007ffad1f40000 - 0x00007ffad1f5f000 	C:\WINDOWS\SYSTEM32\dhcpcsvc.DLL

dbghelp: loaded successfully - version: 4.0.5 - missing functions: none
symbol engine: initialized successfully - sym options: 0x614 - pdb path: .;c:\Users\datea\.vscode\extensions\redhat.java-1.11.0-win32-x64\jre\17.0.4.1-win32-x86_64\bin;C:\WINDOWS\SYSTEM32;C:\WINDOWS\WinSxS\amd64_microsoft.windows.common-controls_6595b64144ccf1df_6.0.25227.1000_none_7b35d90bf2068bf3;c:\Users\datea\.vscode\extensions\redhat.java-1.11.0-win32-x64\jre\17.0.4.1-win32-x86_64\bin\server

VM Arguments:
jvm_args: -Dsts.lsp.client=vscode -Dsts.log.file=/dev/null -XX:TieredStopAtLevel=1 -Xlog:jni+resolve=off -Dspring.config.location=file:c:\Users\datea\.vscode\extensions\pivotal.vscode-spring-boot-1.40.0\language-server\BOOT-INF\classes\application.properties 
java_command: org.springframework.ide.vscode.boot.app.BootLanguageServerBootApp
java_class_path (initial): c:\Users\datea\.vscode\extensions\pivotal.vscode-spring-boot-1.40.0\language-server\BOOT-INF\classes;c:\Users\datea\.vscode\extensions\pivotal.vscode-spring-boot-1.40.0\language-server\BOOT-INF\lib\annotations-23.0.0.jar;c:\Users\datea\.vscode\extensions\pivotal.vscode-spring-boot-1.40.0\language-server\BOOT-INF\lib\ant-1.10.12.jar;c:\Users\datea\.vscode\extensions\pivotal.vscode-spring-boot-1.40.0\language-server\BOOT-INF\lib\ant-launcher-1.10.12.jar;c:\Users\datea\.vscode\extensions\pivotal.vscode-spring-boot-1.40.0\language-server\BOOT-INF\lib\antlr-runtime-3.5.2.jar;c:\Users\datea\.vscode\extensions\pivotal.vscode-spring-boot-1.40.0\language-server\BOOT-INF\lib\antlr4-4.9.3.jar;c:\Users\datea\.vscode\extensions\pivotal.vscode-spring-boot-1.40.0\language-server\BOOT-INF\lib\antlr4-runtime-4.9.3.jar;c:\Users\datea\.vscode\extensions\pivotal.vscode-spring-boot-1.40.0\language-server\BOOT-INF\lib\asm-9.3.jar;c:\Users\datea\.vscode\extensions\pivotal.vscode-spring-boot-1.40.0\language-server\BOOT-INF\lib\asm-analysis-9.3.jar;c:\Users\datea\.vscode\extensions\pivotal.vscode-spring-boot-1.40.0\language-server\BOOT-INF\lib\asm-tree-9.3.jar;c:\Users\datea\.vscode\extensions\pivotal.vscode-spring-boot-1.40.0\language-server\BOOT-INF\lib\asm-util-9.3.jar;c:\Users\datea\.vscode\extensions\pivotal.vscode-spring-boot-1.40.0\language-server\BOOT-INF\lib\byte-buddy-1.12.13.jar;c:\Users\datea\.vscode\extensions\pivotal.vscode-spring-boot-1.40.0\language-server\BOOT-INF\lib\caffeine-2.9.3.jar;c:\Users\datea\.vscode\extensions\pivotal.vscode-spring-boot-1.40.0\language-server\BOOT-INF\lib\checker-qual-3.12.0.jar;c:\Users\datea\.vscode\extensions\pivotal.vscode-spring-boot-1.40.0\language-server\BOOT-INF\lib\classgraph-4.8.149.jar;c:\Users\datea\.vscode\extensions\pivotal.vscode-spring-boot-1.40.0\language-server\BOOT-INF\lib\commons-codec-1.15.jar;c:\Users\datea\.vscode\extensions\pivotal.vscode-spring-boot-1.40.0\language-server\BOOT-INF\lib\commons-c
Launcher Type: SUN_STANDARD

[Global flags]
     intx CICompilerCount                          = 4                                         {product} {ergonomic}
     uint ConcGCThreads                            = 2                                         {product} {ergonomic}
     uint G1ConcRefinementThreads                  = 8                                         {product} {ergonomic}
   size_t G1HeapRegionSize                         = 1048576                                   {product} {ergonomic}
    uintx GCDrainStackTargetSize                   = 64                                        {product} {ergonomic}
   size_t InitialHeapSize                          = 132120576                                 {product} {ergonomic}
   size_t MarkStackSize                            = 4194304                                   {product} {ergonomic}
   size_t MaxHeapSize                              = 2095054848                                {product} {ergonomic}
   size_t MaxNewSize                               = 1256194048                                {product} {ergonomic}
   size_t MinHeapDeltaBytes                        = 1048576                                   {product} {ergonomic}
   size_t MinHeapSize                              = 8388608                                   {product} {ergonomic}
    uintx NonProfiledCodeHeapSize                  = 0                                      {pd product} {ergonomic}
     bool ProfileInterpreter                       = false                                  {pd product} {command line}
    uintx ProfiledCodeHeapSize                     = 0                                      {pd product} {ergonomic}
   size_t SoftMaxHeapSize                          = 2095054848                             {manageable} {ergonomic}
     intx TieredStopAtLevel                        = 1                                         {product} {command line}
     bool UseCompressedClassPointers               = true                           {product lp64_product} {ergonomic}
     bool UseCompressedOops                        = true                           {product lp64_product} {ergonomic}
     bool UseG1GC                                  = true                                      {product} {ergonomic}
     bool UseLargePagesIndividualAllocation        = false                                  {pd product} {ergonomic}

Logging:
Log output configuration:
 #0: stdout all=warning,jni+resolve=off uptime,level,tags
 #1: stderr all=off uptime,level,tags

Environment Variables:
PATH=C:\Program Files\Java\jdk-15.0.2\bin;C:\Program Files\Common Files\Oracle\Java\javapath;C:\WINDOWS\system32;C:\WINDOWS;C:\WINDOWS\System32\Wbem;C:\WINDOWS\System32\WindowsPowerShell\v1.0\;C:\WINDOWS\System32\OpenSSH\;C:\Program Files\Azure Data Studio\bin;C:\Program Files\Microsoft SQL Server\Client SDK\ODBC\170\Tools\Binn\;C:\Program Files (x86)\Microsoft SQL Server\150\Tools\Binn\;C:\Program Files\Microsoft SQL Server\150\Tools\Binn\;C:\Program Files\Microsoft SQL Server\150\DTS\Binn\;C:\Program Files (x86)\Microsoft SQL Server\150\DTS\Binn\;C:\Program Files (x86)\GitExtensions\;F:\xampp\php;C:\ProgramData\ComposerSetup\bin;C:\xampp\php;C:\Program Files\Git\cmd;C:\Users\datea\AppData\Local\Microsoft\WindowsApps;C:\Users\datea\AppData\Local\Programs\Microsoft VS Code\bin;;C:\Program Files\Azure Data Studio\bin;C:\Users\datea\AppData\Roaming\Composer\vendor\bin
USERNAME=datea
OS=Windows_NT
PROCESSOR_IDENTIFIER=Intel64 Family 6 Model 126 Stepping 5, GenuineIntel
TMP=C:\Users\datea\AppData\Local\Temp
TEMP=C:\Users\datea\AppData\Local\Temp



---------------  S Y S T E M  ---------------

OS:
 Windows 11 , 64 bit Build 25227 (10.0.25227.1000)
OS uptime: 1 days 8:11 hours
Hyper-V role detected

CPU: total 8 (initial active 8) (4 cores per cpu, 2 threads per core) family 6 model 126 stepping 5 microcode 0xa6, cx8, cmov, fxsr, ht, mmx, 3dnowpref, sse, sse2, sse3, ssse3, sse4.1, sse4.2, popcnt, lzcnt, tsc, tscinvbit, avx, avx2, aes, erms, clmul, bmi1, bmi2, adx, avx512f, avx512dq, avx512cd, avx512bw, avx512vl, sha, fma, vzeroupper, avx512_vpopcntdq, avx512_vpclmulqdq, avx512_vaes, avx512_vnni, clflush, clflushopt, avx512_vbmi2, avx512_vbmi, hv

Memory: 4k page, system-wide physical 7987M (563M free)
TotalPageFile size 12083M (AvailPageFile size 11M)
current process WorkingSet (physical memory assigned to process): 64M, peak: 596M
current process commit charge ("private bytes"): 230M, peak: 807M

vm_info: OpenJDK 64-Bit Server VM (17.0.4.1+1) for windows-amd64 JRE (17.0.4.1+1), built on Aug 17 2022 07:42:43 by "temurin" with MS VC++ 16.7 (VS2019)

END.
