#
# There is insufficient memory for the Java Runtime Environment to continue.
# Native memory allocation (malloc) failed to allocate 1113216 bytes for Chunk::new
# Possible reasons:
#   The system is out of physical RAM or swap space
#   The process is running with CompressedOops enabled, and the Java Heap may be blocking the growth of the native heap
# Possible solutions:
#   Reduce memory load on the system
#   Increase physical memory or swap space
#   Check if swap backing store is full
#   Decrease Java heap size (-Xmx/-Xms)
#   Decrease number of Java threads
#   Decrease Java thread stack sizes (-Xss)
#   Set larger code cache with -XX:ReservedCodeCacheSize=
#   JVM is running with Unscaled Compressed Oops mode in which the Java heap is
#     placed in the first 4GB address space. The Java Heap base address is the
#     maximum limit for the native heap growth. Please use -XX:HeapBaseMinAddress
#     to set the Java Heap base and to place the Java Heap above 4GB virtual address.
# This output file may be truncated or incomplete.
#
#  Out of Memory Error (arena.cpp:189), pid=55712, tid=48500
#
# JRE version: OpenJDK Runtime Environment Temurin-17.0.4.1+1 (17.0.4.1+1) (build 17.0.4.1+1)
# Java VM: OpenJDK 64-Bit Server VM Temurin-17.0.4.1+1 (17.0.4.1+1, mixed mode, tiered, compressed oops, compressed class ptrs, parallel gc, windows-amd64)
# No core dump will be written. Minidumps are not enabled by default on client versions of Windows
#

---------------  S U M M A R Y ------------

Command Line: --add-modules=ALL-SYSTEM --add-opens=java.base/java.util=ALL-UNNAMED --add-opens=java.base/java.lang=ALL-UNNAMED --add-opens=java.base/sun.nio.fs=ALL-UNNAMED -Declipse.application=org.eclipse.jdt.ls.core.id1 -Dosgi.bundles.defaultStartLevel=4 -Declipse.product=org.eclipse.jdt.ls.core.product -Djava.import.generatesMetadataFilesAtProjectRoot=false -Dfile.encoding=utf8 -DwatchParentProcess=false -Xlog:disable -XX:+UseParallelGC -XX:GCTimeRatio=4 -XX:AdaptiveSizePolicyWeight=90 -Dsun.zip.disableMemoryMapping=true -Xmx1G -Xms100m -javaagent:c:\Users\datea\.vscode\extensions\redhat.java-1.11.0-win32-x64\lombok\lombok-1.18.24.jar -XX:+HeapDumpOnOutOfMemoryError -XX:HeapDumpPath=c:\Users\datea\AppData\Roaming\Code\User\workspaceStorage\0af945f5ed7e53074379d02b82022556\redhat.java c:\Users\datea\.vscode\extensions\redhat.java-1.11.0-win32-x64\server\plugins\org.eclipse.equinox.launcher_1.6.400.v20210924-0641.jar -configuration c:\Users\datea\AppData\Roaming\Code\User\globalStorage\redhat.java\1.11.0\config_win -data c:\Users\datea\AppData\Roaming\Code\User\workspaceStorage\0af945f5ed7e53074379d02b82022556\redhat.java\jdt_ws

Host: Intel(R) Core(TM) i5-1035G1 CPU @ 1.00GHz, 8 cores, 7G,  Windows 11 , 64 bit Build 25217 (10.0.25217.1000)
Time: Thu Oct 20 17:49:35 2022 SE Asia Standard Time elapsed time: 81.248391 seconds (0d 0h 1m 21s)

---------------  T H R E A D  ---------------

Current thread (0x00000226da66dc20):  JavaThread "C2 CompilerThread0" daemon [_thread_in_native, id=48500, stack(0x000000fc77800000,0x000000fc77900000)]


Current CompileTask:
C2:  81248 15785       4       jdk.internal.org.objectweb.asm.Frame::execute (2318 bytes)

Stack: [0x000000fc77800000,0x000000fc77900000]
Native frames: (J=compiled Java code, j=interpreted, Vv=VM code, C=native code)
V  [jvm.dll+0x67731a]
V  [jvm.dll+0x832284]
V  [jvm.dll+0x833a2e]
V  [jvm.dll+0x834093]
V  [jvm.dll+0x245775]
V  [jvm.dll+0xabd7b]
V  [jvm.dll+0xac30c]
V  [jvm.dll+0x363a97]
V  [jvm.dll+0x1bbf38]
V  [jvm.dll+0x2187d9]
V  [jvm.dll+0x217aa1]
V  [jvm.dll+0x1a3f8d]
V  [jvm.dll+0x227498]
V  [jvm.dll+0x2255e5]
V  [jvm.dll+0x7e7e9b]
V  [jvm.dll+0x7e240a]
V  [jvm.dll+0x6761a5]
C  [ucrtbase.dll+0x4b7eb]
C  [KERNEL32.DLL+0x1484d]
C  [ntdll.dll+0x67558]


---------------  P R O C E S S  ---------------

Threads class SMR info:
_java_thread_list=0x00000226de74bd90, length=39, elements={
0x00000226c4d23070, 0x00000226c4dde110, 0x00000226d8b90fe0, 0x00000226da667320,
0x00000226da669df0, 0x00000226da66c6c0, 0x00000226da66cf80, 0x00000226da66dc20,
0x00000226da66f5e0, 0x00000226da6ba9e0, 0x00000226c4d86620, 0x00000226da94e700,
0x00000226dbd909f0, 0x00000226dc94ffe0, 0x00000226dc8d9650, 0x00000226dc9f2d80,
0x00000226dd110020, 0x00000226db628210, 0x00000226db628bb0, 0x00000226db6273a0,
0x00000226db626060, 0x00000226db629a20, 0x00000226db626530, 0x00000226db626a00,
0x00000226e3514bb0, 0x00000226e3513870, 0x00000226e3512530, 0x00000226e3515550,
0x00000226e3512ed0, 0x00000226edc2db60, 0x00000226edc2e500, 0x00000226edc28990,
0x00000226edc2e030, 0x00000226edc2eea0, 0x00000226edc2d1c0, 0x00000226e3517bd0,
0x00000226e35180a0, 0x00000226deb2ce30, 0x00000226deb2baf0
}

Java Threads: ( => current thread )
  0x00000226c4d23070 JavaThread "main" [_thread_blocked, id=55372, stack(0x000000fc76f00000,0x000000fc77000000)]
  0x00000226c4dde110 JavaThread "Reference Handler" daemon [_thread_blocked, id=25660, stack(0x000000fc77200000,0x000000fc77300000)]
  0x00000226d8b90fe0 JavaThread "Finalizer" daemon [_thread_blocked, id=20716, stack(0x000000fc77300000,0x000000fc77400000)]
  0x00000226da667320 JavaThread "Signal Dispatcher" daemon [_thread_blocked, id=14268, stack(0x000000fc77400000,0x000000fc77500000)]
  0x00000226da669df0 JavaThread "Attach Listener" daemon [_thread_blocked, id=12100, stack(0x000000fc77500000,0x000000fc77600000)]
  0x00000226da66c6c0 JavaThread "Service Thread" daemon [_thread_blocked, id=11392, stack(0x000000fc77600000,0x000000fc77700000)]
  0x00000226da66cf80 JavaThread "Monitor Deflation Thread" daemon [_thread_blocked, id=52688, stack(0x000000fc77700000,0x000000fc77800000)]
=>0x00000226da66dc20 JavaThread "C2 CompilerThread0" daemon [_thread_in_native, id=48500, stack(0x000000fc77800000,0x000000fc77900000)]
  0x00000226da66f5e0 JavaThread "C1 CompilerThread0" daemon [_thread_blocked, id=51396, stack(0x000000fc77900000,0x000000fc77a00000)]
  0x00000226da6ba9e0 JavaThread "Sweeper thread" daemon [_thread_blocked, id=33444, stack(0x000000fc77a00000,0x000000fc77b00000)]
  0x00000226c4d86620 JavaThread "Common-Cleaner" daemon [_thread_blocked, id=46480, stack(0x000000fc77b00000,0x000000fc77c00000)]
  0x00000226da94e700 JavaThread "Notification Thread" daemon [_thread_blocked, id=55924, stack(0x000000fc77c00000,0x000000fc77d00000)]
  0x00000226dbd909f0 JavaThread "Active Thread: Equinox Container: 130f04dd-c686-40c8-a490-ee70004f9678" [_thread_blocked, id=52288, stack(0x000000fc78500000,0x000000fc78600000)]
  0x00000226dc94ffe0 JavaThread "Framework Event Dispatcher: Equinox Container: 130f04dd-c686-40c8-a490-ee70004f9678" daemon [_thread_blocked, id=53560, stack(0x000000fc78600000,0x000000fc78700000)]
  0x00000226dc8d9650 JavaThread "Start Level: Equinox Container: 130f04dd-c686-40c8-a490-ee70004f9678" daemon [_thread_blocked, id=13828, stack(0x000000fc78700000,0x000000fc78800000)]
  0x00000226dc9f2d80 JavaThread "SCR Component Actor" daemon [_thread_blocked, id=44520, stack(0x000000fc78800000,0x000000fc78900000)]
  0x00000226dd110020 JavaThread "Bundle File Closer" daemon [_thread_blocked, id=2900, stack(0x000000fc78b00000,0x000000fc78c00000)]
  0x00000226db628210 JavaThread "Worker-JM" [_thread_blocked, id=56232, stack(0x000000fc78a00000,0x000000fc78b00000)]
  0x00000226db628bb0 JavaThread "Worker-0" [_thread_blocked, id=54508, stack(0x000000fc78e00000,0x000000fc78f00000)]
  0x00000226db6273a0 JavaThread "Worker-1" [_thread_blocked, id=52748, stack(0x000000fc78f00000,0x000000fc79000000)]
  0x00000226db626060 JavaThread "Worker-2" [_thread_blocked, id=20940, stack(0x000000fc79000000,0x000000fc79100000)]
  0x00000226db629a20 JavaThread "Java indexing" daemon [_thread_blocked, id=14996, stack(0x000000fc78d00000,0x000000fc78e00000)]
  0x00000226db626530 JavaThread "pool-1-thread-1" [_thread_in_native, id=26480, stack(0x000000fc79400000,0x000000fc79500000)]
  0x00000226db626a00 JavaThread "Worker-3" [_thread_blocked, id=45664, stack(0x000000fc79500000,0x000000fc79600000)]
  0x00000226e3514bb0 JavaThread "Worker-4" [_thread_blocked, id=55240, stack(0x000000fc78900000,0x000000fc78a00000)]
  0x00000226e3513870 JavaThread "ForkJoinPool.commonPool-worker-1" daemon [_thread_blocked, id=14920, stack(0x000000fc79600000,0x000000fc79700000)]
  0x00000226e3512530 JavaThread "ForkJoinPool.commonPool-worker-2" daemon [_thread_blocked, id=50432, stack(0x000000fc79700000,0x000000fc79800000)]
  0x00000226e3515550 JavaThread "ForkJoinPool.commonPool-worker-3" daemon [_thread_blocked, id=16144, stack(0x000000fc79800000,0x000000fc79900000)]
  0x00000226e3512ed0 JavaThread "ForkJoinPool.commonPool-worker-4" daemon [_thread_blocked, id=9192, stack(0x000000fc79900000,0x000000fc79a00000)]
  0x00000226edc2db60 JavaThread "ForkJoinPool.commonPool-worker-5" daemon [_thread_blocked, id=56248, stack(0x000000fc79100000,0x000000fc79200000)]
  0x00000226edc2e500 JavaThread "ForkJoinPool.commonPool-worker-6" daemon [_thread_blocked, id=24308, stack(0x000000fc79a00000,0x000000fc79b00000)]
  0x00000226edc28990 JavaThread "ForkJoinPool.commonPool-worker-7" daemon [_thread_blocked, id=13116, stack(0x000000fc79b00000,0x000000fc79c00000)]
  0x00000226edc2e030 JavaThread "Java Debug Server" daemon [_thread_in_native, id=44976, stack(0x000000fc76c00000,0x000000fc76d00000)]
  0x00000226edc2eea0 JavaThread "pool-2-thread-1" [_thread_in_native, id=55668, stack(0x000000fc76d00000,0x000000fc76e00000)]
  0x00000226edc2d1c0 JavaThread "RxSchedulerPurge-1" daemon [_thread_blocked, id=53476, stack(0x000000fc76e00000,0x000000fc76f00000)]
  0x00000226e3517bd0 JavaThread "RxCachedWorkerPoolEvictor-1" daemon [_thread_blocked, id=55908, stack(0x000000fc78c00000,0x000000fc78d00000)]
  0x00000226e35180a0 JavaThread "RxNewThreadScheduler-1" daemon [_thread_in_Java, id=53868, stack(0x000000fc79c00000,0x000000fc79d00000)]
  0x00000226deb2ce30 JavaThread "Packet Receive Manager" daemon [_thread_in_native, id=32832, stack(0x000000fc79d00000,0x000000fc79e00000)]
  0x00000226deb2baf0 JavaThread "Packet Send Manager" daemon [_thread_blocked, id=55044, stack(0x000000fc79f00000,0x000000fc7a000000)]

Other Threads:
  0x00000226d8b8fd30 VMThread "VM Thread" [stack: 0x000000fc77100000,0x000000fc77200000] [id=53852]
  0x00000226da94ebd0 WatcherThread [stack: 0x000000fc77d00000,0x000000fc77e00000] [id=44996]
  0x00000226c4d38180 GCTaskThread "GC Thread#0" [stack: 0x000000fc77000000,0x000000fc77100000] [id=21836]
  0x00000226dbc82c90 GCTaskThread "GC Thread#1" [stack: 0x000000fc78000000,0x000000fc78100000] [id=11860]
  0x00000226dba17de0 GCTaskThread "GC Thread#2" [stack: 0x000000fc78100000,0x000000fc78200000] [id=15828]
  0x00000226dbc82f40 GCTaskThread "GC Thread#3" [stack: 0x000000fc78200000,0x000000fc78300000] [id=54764]
  0x00000226dbc831f0 GCTaskThread "GC Thread#4" [stack: 0x000000fc78300000,0x000000fc78400000] [id=54532]
  0x00000226dbb20880 GCTaskThread "GC Thread#5" [stack: 0x000000fc78400000,0x000000fc78500000] [id=55588]
  0x00000226dba18c60 GCTaskThread "GC Thread#6" [stack: 0x000000fc77e00000,0x000000fc77f00000] [id=27404]
  0x00000226dcc95a40 GCTaskThread "GC Thread#7" [stack: 0x000000fc77f00000,0x000000fc78000000] [id=33636]

Threads with active compile tasks:
C2 CompilerThread0    81274 15785       4       jdk.internal.org.objectweb.asm.Frame::execute (2318 bytes)

VM state: not at safepoint (normal execution)

VM Mutex/Monitor currently owned by a thread: None

Heap address: 0x00000000c0000000, size: 1024 MB, Compressed Oops mode: 32-bit

CDS archive(s) not mapped
Compressed class space mapped at: 0x0000000100000000-0x0000000140000000, reserved size: 1073741824
Narrow klass base: 0x0000000000000000, Narrow klass shift: 3, Narrow klass range: 0x140000000

GC Precious Log:
 CPUs: 8 total, 8 available
 Memory: 7987M
 Large Page Support: Disabled
 NUMA Support: Disabled
 Compressed Oops: Enabled (32-bit)
 Alignments: Space 512K, Generation 512K, Heap 2M
 Heap Min Capacity: 100M
 Heap Initial Capacity: 100M
 Heap Max Capacity: 1G
 Pre-touch: Disabled
 Parallel Workers: 8

Heap:
 PSYoungGen      total 9216K, used 5522K [0x00000000eab00000, 0x00000000eb680000, 0x0000000100000000)
  eden space 8192K, 57% used [0x00000000eab00000,0x00000000eaf90698,0x00000000eb300000)
  from space 1024K, 82% used [0x00000000eb580000,0x00000000eb654418,0x00000000eb680000)
  to   space 1024K, 0% used [0x00000000eb480000,0x00000000eb480000,0x00000000eb580000)
 ParOldGen       total 133632K, used 108693K [0x00000000c0000000, 0x00000000c8280000, 0x00000000eab00000)
  object space 133632K, 81% used [0x00000000c0000000,0x00000000c6a25450,0x00000000c8280000)
 Metaspace       used 78201K, committed 79488K, reserved 1122304K
  class space    used 7965K, committed 8512K, reserved 1048576K

Card table byte_map: [0x00000226c46c0000,0x00000226c48d0000] _byte_map_base: 0x00000226c40c0000

Marking Bits: (ParMarkBitMap*) 0x00007fff2d632cc0
 Begin Bits: [0x00000226d69a0000, 0x00000226d79a0000)
 End Bits:   [0x00000226d79a0000, 0x00000226d89a0000)

Polling page: 0x00000226c2c50000

Metaspace:

Usage:
  Non-class:     68.59 MB used.
      Class:      7.78 MB used.
       Both:     76.37 MB used.

Virtual space:
  Non-class space:       72.00 MB reserved,      69.31 MB ( 96%) committed,  9 nodes.
      Class space:        1.00 GB reserved,       8.31 MB ( <1%) committed,  1 nodes.
             Both:        1.07 GB reserved,      77.62 MB (  7%) committed. 

Chunk freelists:
   Non-Class:  1.91 MB
       Class:  3.50 MB
        Both:  5.41 MB

MaxMetaspaceSize: unlimited
CompressedClassSpaceSize: 1.00 GB
Initial GC threshold: 21.00 MB
Current GC threshold: 122.75 MB
CDS: off
MetaspaceReclaimPolicy: balanced
 - commit_granule_bytes: 65536.
 - commit_granule_words: 8192.
 - virtual_space_node_default_size: 1048576.
 - enlarge_chunks_in_place: 1.
 - new_chunks_are_fully_committed: 0.
 - uncommit_free_chunks: 1.
 - use_allocation_guard: 0.
 - handle_deallocations: 1.


Internal statistics:

num_allocs_failed_limit: 9.
num_arena_births: 870.
num_arena_deaths: 14.
num_vsnodes_births: 10.
num_vsnodes_deaths: 0.
num_space_committed: 1242.
num_space_uncommitted: 0.
num_chunks_returned_to_freelist: 23.
num_chunks_taken_from_freelist: 4169.
num_chunk_merges: 13.
num_chunk_splits: 2588.
num_chunks_enlarged: 1466.
num_purges: 2.
num_inconsistent_stats: 0.

CodeHeap 'non-profiled nmethods': size=120000Kb used=9259Kb max_used=9259Kb free=110740Kb
 bounds [0x00000226cf470000, 0x00000226cfd80000, 0x00000226d69a0000]
CodeHeap 'profiled nmethods': size=120000Kb used=27076Kb max_used=27076Kb free=92923Kb
 bounds [0x00000226c7f40000, 0x00000226c99c0000, 0x00000226cf470000]
CodeHeap 'non-nmethods': size=5760Kb used=1407Kb max_used=1460Kb free=4352Kb
 bounds [0x00000226c79a0000, 0x00000226c7c10000, 0x00000226c7f40000]
 total_blobs=13488 nmethods=12742 adapters=655
 compilation: enabled
              stopped_count=0, restarted_count=0
 full_count=0

Compilation events (20 events):
Event: 80.102 Thread 0x00000226da66f5e0 15824       1       com.microsoft.java.debug.core.protocol.Requests$Command::toString (5 bytes)
Event: 80.102 Thread 0x00000226da66f5e0 nmethod 15824 0x00000226cfd7aa90 code [0x00000226cfd7ac20, 0x00000226cfd7acf8]
Event: 80.104 Thread 0x00000226da66f5e0 15826       3       sun.nio.fs.WindowsPathParser::isLetter (30 bytes)
Event: 80.104 Thread 0x00000226da66f5e0 nmethod 15826 0x00000226c9999510 code [0x00000226c99996a0, 0x00000226c9999898]
Event: 80.104 Thread 0x00000226da66f5e0 15827       3       sun.nio.fs.WindowsPathParser::parse (384 bytes)
Event: 80.108 Thread 0x00000226da66f5e0 nmethod 15827 0x00000226c9999910 code [0x00000226c999a020, 0x00000226c999de08]
Event: 80.143 Thread 0x00000226da66f5e0 15830   !   3       org.eclipse.jdt.internal.core.util.Util::getSourceAttachmentProperty (92 bytes)
Event: 80.144 Thread 0x00000226da66f5e0 nmethod 15830 0x00000226c999f510 code [0x00000226c999f7a0, 0x00000226c99a0248]
Event: 80.151 Thread 0x00000226da66f5e0 15831       3       org.eclipse.core.internal.localstore.FileSystemResourceManager::findLinkedResourcesPaths (155 bytes)
Event: 80.153 Thread 0x00000226da66f5e0 nmethod 15831 0x00000226c99a0790 code [0x00000226c99a0ba0, 0x00000226c99a2c68]
Event: 80.232 Thread 0x00000226da66f5e0 15835   !   3       org.eclipse.jdt.internal.launching.JavaSourceLookupUtil::getPackageFragmentRoot (222 bytes)
Event: 80.235 Thread 0x00000226da66f5e0 nmethod 15835 0x00000226c99a3a10 code [0x00000226c99a3e80, 0x00000226c99a6718]
Event: 80.242 Thread 0x00000226da66f5e0 15837   !   3       org.eclipse.core.internal.localstore.FileSystemResourceManager::allPathsForLocationNonCanonical (489 bytes)
Event: 80.249 Thread 0x00000226da66f5e0 nmethod 15837 0x00000226c99a7a10 code [0x00000226c99a8180, 0x00000226c99ac9a8]
Event: 80.249 Thread 0x00000226da66f5e0 15840       3       org.eclipse.jdt.launching.sourcelookup.containers.PackageFragmentRootSourceContainer::hashCode (8 bytes)
Event: 80.249 Thread 0x00000226da66f5e0 nmethod 15840 0x00000226c99ae910 code [0x00000226c99aeac0, 0x00000226c99aec88]
Event: 80.249 Thread 0x00000226da66f5e0 15839       3       org.eclipse.jdt.internal.launching.RuntimeClasspathEntry::getSourceAttachmentPath (20 bytes)
Event: 80.249 Thread 0x00000226da66f5e0 nmethod 15839 0x00000226c99aed90 code [0x00000226c99aef40, 0x00000226c99af138]
Event: 80.249 Thread 0x00000226da66f5e0 15838       3       org.eclipse.core.internal.resources.PathVariableManager::resolveURI (63 bytes)
Event: 80.249 Thread 0x00000226da66f5e0 nmethod 15838 0x00000226c99af290 code [0x00000226c99af4c0, 0x00000226c99afc28]

GC Heap History (20 events):
Event: 72.341 GC heap before
{Heap before GC invocations=426 (full 17):
 PSYoungGen      total 8704K, used 8352K [0x00000000eab00000, 0x00000000eb400000, 0x0000000100000000)
  eden space 8192K, 100% used [0x00000000eab00000,0x00000000eb300000,0x00000000eb300000)
  from space 512K, 31% used [0x00000000eb380000,0x00000000eb3a8000,0x00000000eb400000)
  to   space 512K, 0% used [0x00000000eb300000,0x00000000eb300000,0x00000000eb380000)
 ParOldGen       total 124416K, used 113459K [0x00000000c0000000, 0x00000000c7980000, 0x00000000eab00000)
  object space 124416K, 91% used [0x00000000c0000000,0x00000000c6ecce90,0x00000000c7980000)
 Metaspace       used 73907K, committed 75136K, reserved 1122304K
  class space    used 7315K, committed 7872K, reserved 1048576K
}
Event: 72.344 GC heap after
{Heap after GC invocations=426 (full 17):
 PSYoungGen      total 8704K, used 506K [0x00000000eab00000, 0x00000000ebd00000, 0x0000000100000000)
  eden space 8192K, 0% used [0x00000000eab00000,0x00000000eab00000,0x00000000eb300000)
  from space 512K, 98% used [0x00000000eb300000,0x00000000eb37eb18,0x00000000eb380000)
  to   space 5120K, 0% used [0x00000000eb800000,0x00000000eb800000,0x00000000ebd00000)
 ParOldGen       total 124416K, used 117179K [0x00000000c0000000, 0x00000000c7980000, 0x00000000eab00000)
  object space 124416K, 94% used [0x00000000c0000000,0x00000000c726ef18,0x00000000c7980000)
 Metaspace       used 73907K, committed 75136K, reserved 1122304K
  class space    used 7315K, committed 7872K, reserved 1048576K
}
Event: 72.460 GC heap before
{Heap before GC invocations=427 (full 17):
 PSYoungGen      total 8704K, used 8395K [0x00000000eab00000, 0x00000000ebd00000, 0x0000000100000000)
  eden space 8192K, 96% used [0x00000000eab00000,0x00000000eb2b4188,0x00000000eb300000)
  from space 512K, 98% used [0x00000000eb300000,0x00000000eb37eb18,0x00000000eb380000)
  to   space 5120K, 0% used [0x00000000eb800000,0x00000000eb800000,0x00000000ebd00000)
 ParOldGen       total 124416K, used 117179K [0x00000000c0000000, 0x00000000c7980000, 0x00000000eab00000)
  object space 124416K, 94% used [0x00000000c0000000,0x00000000c726ef18,0x00000000c7980000)
 Metaspace       used 73998K, committed 75200K, reserved 1122304K
  class space    used 7322K, committed 7872K, reserved 1048576K
}
Event: 72.462 GC heap after
{Heap after GC invocations=427 (full 17):
 PSYoungGen      total 12288K, used 3930K [0x00000000eab00000, 0x00000000ebc00000, 0x0000000100000000)
  eden space 8192K, 0% used [0x00000000eab00000,0x00000000eab00000,0x00000000eb300000)
  from space 4096K, 95% used [0x00000000eb800000,0x00000000ebbd6bd8,0x00000000ebc00000)
  to   space 4096K, 0% used [0x00000000eb400000,0x00000000eb400000,0x00000000eb800000)
 ParOldGen       total 124416K, used 117627K [0x00000000c0000000, 0x00000000c7980000, 0x00000000eab00000)
  object space 124416K, 94% used [0x00000000c0000000,0x00000000c72def28,0x00000000c7980000)
 Metaspace       used 73998K, committed 75200K, reserved 1122304K
  class space    used 7322K, committed 7872K, reserved 1048576K
}
Event: 72.543 GC heap before
{Heap before GC invocations=428 (full 17):
 PSYoungGen      total 12288K, used 12122K [0x00000000eab00000, 0x00000000ebc00000, 0x0000000100000000)
  eden space 8192K, 100% used [0x00000000eab00000,0x00000000eb300000,0x00000000eb300000)
  from space 4096K, 95% used [0x00000000eb800000,0x00000000ebbd6bd8,0x00000000ebc00000)
  to   space 4096K, 0% used [0x00000000eb400000,0x00000000eb400000,0x00000000eb800000)
 ParOldGen       total 124416K, used 117627K [0x00000000c0000000, 0x00000000c7980000, 0x00000000eab00000)
  object space 124416K, 94% used [0x00000000c0000000,0x00000000c72def28,0x00000000c7980000)
 Metaspace       used 74136K, committed 75392K, reserved 1122304K
  class space    used 7350K, committed 7936K, reserved 1048576K
}
Event: 72.546 GC heap after
{Heap after GC invocations=428 (full 17):
 PSYoungGen      total 12288K, used 4095K [0x00000000eab00000, 0x00000000ec400000, 0x0000000100000000)
  eden space 8192K, 0% used [0x00000000eab00000,0x00000000eab00000,0x00000000eb300000)
  from space 4096K, 99% used [0x00000000eb400000,0x00000000eb7ffc30,0x00000000eb800000)
  to   space 8704K, 0% used [0x00000000ebb80000,0x00000000ebb80000,0x00000000ec400000)
 ParOldGen       total 124416K, used 121224K [0x00000000c0000000, 0x00000000c7980000, 0x00000000eab00000)
  object space 124416K, 97% used [0x00000000c0000000,0x00000000c76622a0,0x00000000c7980000)
 Metaspace       used 74136K, committed 75392K, reserved 1122304K
  class space    used 7350K, committed 7936K, reserved 1048576K
}
Event: 72.546 GC heap before
{Heap before GC invocations=429 (full 18):
 PSYoungGen      total 12288K, used 4095K [0x00000000eab00000, 0x00000000ec400000, 0x0000000100000000)
  eden space 8192K, 0% used [0x00000000eab00000,0x00000000eab00000,0x00000000eb300000)
  from space 4096K, 99% used [0x00000000eb400000,0x00000000eb7ffc30,0x00000000eb800000)
  to   space 8704K, 0% used [0x00000000ebb80000,0x00000000ebb80000,0x00000000ec400000)
 ParOldGen       total 124416K, used 121224K [0x00000000c0000000, 0x00000000c7980000, 0x00000000eab00000)
  object space 124416K, 97% used [0x00000000c0000000,0x00000000c76622a0,0x00000000c7980000)
 Metaspace       used 74136K, committed 75392K, reserved 1122304K
  class space    used 7350K, committed 7936K, reserved 1048576K
}
Event: 72.660 GC heap after
{Heap after GC invocations=429 (full 18):
 PSYoungGen      total 16896K, used 0K [0x00000000eab00000, 0x00000000ec400000, 0x0000000100000000)
  eden space 8192K, 0% used [0x00000000eab00000,0x00000000eab00000,0x00000000eb300000)
  from space 8704K, 0% used [0x00000000ebb80000,0x00000000ebb80000,0x00000000ec400000)
  to   space 8704K, 0% used [0x00000000eb300000,0x00000000eb300000,0x00000000ebb80000)
 ParOldGen       total 133632K, used 106439K [0x00000000c0000000, 0x00000000c8280000, 0x00000000eab00000)
  object space 133632K, 79% used [0x00000000c0000000,0x00000000c67f1d90,0x00000000c8280000)
 Metaspace       used 74136K, committed 75392K, reserved 1122304K
  class space    used 7350K, committed 7936K, reserved 1048576K
}
Event: 72.758 GC heap before
{Heap before GC invocations=430 (full 18):
 PSYoungGen      total 16896K, used 8192K [0x00000000eab00000, 0x00000000ec400000, 0x0000000100000000)
  eden space 8192K, 100% used [0x00000000eab00000,0x00000000eb300000,0x00000000eb300000)
  from space 8704K, 0% used [0x00000000ebb80000,0x00000000ebb80000,0x00000000ec400000)
  to   space 8704K, 0% used [0x00000000eb300000,0x00000000eb300000,0x00000000ebb80000)
 ParOldGen       total 133632K, used 106439K [0x00000000c0000000, 0x00000000c8280000, 0x00000000eab00000)
  object space 133632K, 79% used [0x00000000c0000000,0x00000000c67f1d90,0x00000000c8280000)
 Metaspace       used 74166K, committed 75392K, reserved 1122304K
  class space    used 7352K, committed 7936K, reserved 1048576K
}
Event: 72.763 GC heap after
{Heap after GC invocations=430 (full 18):
 PSYoungGen      total 10752K, used 2304K [0x00000000eab00000, 0x00000000ebc00000, 0x0000000100000000)
  eden space 8192K, 0% used [0x00000000eab00000,0x00000000eab00000,0x00000000eb300000)
  from space 2560K, 90% used [0x00000000eb300000,0x00000000eb540010,0x00000000eb580000)
  to   space 4608K, 0% used [0x00000000eb780000,0x00000000eb780000,0x00000000ebc00000)
 ParOldGen       total 133632K, used 106439K [0x00000000c0000000, 0x00000000c8280000, 0x00000000eab00000)
  object space 133632K, 79% used [0x00000000c0000000,0x00000000c67f1d90,0x00000000c8280000)
 Metaspace       used 74166K, committed 75392K, reserved 1122304K
  class space    used 7352K, committed 7936K, reserved 1048576K
}
Event: 77.347 GC heap before
{Heap before GC invocations=431 (full 18):
 PSYoungGen      total 10752K, used 10133K [0x00000000eab00000, 0x00000000ebc00000, 0x0000000100000000)
  eden space 8192K, 95% used [0x00000000eab00000,0x00000000eb2a5410,0x00000000eb300000)
  from space 2560K, 90% used [0x00000000eb300000,0x00000000eb540010,0x00000000eb580000)
  to   space 4608K, 0% used [0x00000000eb780000,0x00000000eb780000,0x00000000ebc00000)
 ParOldGen       total 133632K, used 106439K [0x00000000c0000000, 0x00000000c8280000, 0x00000000eab00000)
  object space 133632K, 79% used [0x00000000c0000000,0x00000000c67f1d90,0x00000000c8280000)
 Metaspace       used 74313K, committed 75520K, reserved 1122304K
  class space    used 7384K, committed 7936K, reserved 1048576K
}
Event: 77.350 GC heap after
{Heap after GC invocations=431 (full 18):
 PSYoungGen      total 10752K, used 2416K [0x00000000eab00000, 0x00000000eba00000, 0x0000000100000000)
  eden space 8192K, 0% used [0x00000000eab00000,0x00000000eab00000,0x00000000eb300000)
  from space 2560K, 94% used [0x00000000eb780000,0x00000000eb9dc020,0x00000000eba00000)
  to   space 3072K, 0% used [0x00000000eb400000,0x00000000eb400000,0x00000000eb700000)
 ParOldGen       total 133632K, used 106439K [0x00000000c0000000, 0x00000000c8280000, 0x00000000eab00000)
  object space 133632K, 79% used [0x00000000c0000000,0x00000000c67f1d90,0x00000000c8280000)
 Metaspace       used 74313K, committed 75520K, reserved 1122304K
  class space    used 7384K, committed 7936K, reserved 1048576K
}
Event: 77.769 GC heap before
{Heap before GC invocations=432 (full 18):
 PSYoungGen      total 10752K, used 10608K [0x00000000eab00000, 0x00000000eba00000, 0x0000000100000000)
  eden space 8192K, 100% used [0x00000000eab00000,0x00000000eb300000,0x00000000eb300000)
  from space 2560K, 94% used [0x00000000eb780000,0x00000000eb9dc020,0x00000000eba00000)
  to   space 3072K, 0% used [0x00000000eb400000,0x00000000eb400000,0x00000000eb700000)
 ParOldGen       total 133632K, used 106439K [0x00000000c0000000, 0x00000000c8280000, 0x00000000eab00000)
  object space 133632K, 79% used [0x00000000c0000000,0x00000000c67f1d90,0x00000000c8280000)
 Metaspace       used 74869K, committed 76096K, reserved 1122304K
  class space    used 7447K, committed 8000K, reserved 1048576K
}
Event: 77.772 GC heap after
{Heap after GC invocations=432 (full 18):
 PSYoungGen      total 10752K, used 2449K [0x00000000eab00000, 0x00000000eb800000, 0x0000000100000000)
  eden space 8192K, 0% used [0x00000000eab00000,0x00000000eab00000,0x00000000eb300000)
  from space 2560K, 95% used [0x00000000eb400000,0x00000000eb664408,0x00000000eb680000)
  to   space 1536K, 0% used [0x00000000eb680000,0x00000000eb680000,0x00000000eb800000)
 ParOldGen       total 133632K, used 106439K [0x00000000c0000000, 0x00000000c8280000, 0x00000000eab00000)
  object space 133632K, 79% used [0x00000000c0000000,0x00000000c67f1d90,0x00000000c8280000)
 Metaspace       used 74869K, committed 76096K, reserved 1122304K
  class space    used 7447K, committed 8000K, reserved 1048576K
}
Event: 77.910 GC heap before
{Heap before GC invocations=433 (full 18):
 PSYoungGen      total 10752K, used 10641K [0x00000000eab00000, 0x00000000eb800000, 0x0000000100000000)
  eden space 8192K, 100% used [0x00000000eab00000,0x00000000eb300000,0x00000000eb300000)
  from space 2560K, 95% used [0x00000000eb400000,0x00000000eb664408,0x00000000eb680000)
  to   space 1536K, 0% used [0x00000000eb680000,0x00000000eb680000,0x00000000eb800000)
 ParOldGen       total 133632K, used 106439K [0x00000000c0000000, 0x00000000c8280000, 0x00000000eab00000)
  object space 133632K, 79% used [0x00000000c0000000,0x00000000c67f1d90,0x00000000c8280000)
 Metaspace       used 76057K, committed 77248K, reserved 1122304K
  class space    used 7602K, committed 8128K, reserved 1048576K
}
Event: 77.912 GC heap after
{Heap after GC invocations=433 (full 18):
 PSYoungGen      total 9728K, used 1521K [0x00000000eab00000, 0x00000000eb800000, 0x0000000100000000)
  eden space 8192K, 0% used [0x00000000eab00000,0x00000000eab00000,0x00000000eb300000)
  from space 1536K, 99% used [0x00000000eb680000,0x00000000eb7fc428,0x00000000eb800000)
  to   space 2560K, 0% used [0x00000000eb300000,0x00000000eb300000,0x00000000eb580000)
 ParOldGen       total 133632K, used 107381K [0x00000000c0000000, 0x00000000c8280000, 0x00000000eab00000)
  object space 133632K, 80% used [0x00000000c0000000,0x00000000c68dd440,0x00000000c8280000)
 Metaspace       used 76057K, committed 77248K, reserved 1122304K
  class space    used 7602K, committed 8128K, reserved 1048576K
}
Event: 78.052 GC heap before
{Heap before GC invocations=434 (full 18):
 PSYoungGen      total 9728K, used 9713K [0x00000000eab00000, 0x00000000eb800000, 0x0000000100000000)
  eden space 8192K, 100% used [0x00000000eab00000,0x00000000eb300000,0x00000000eb300000)
  from space 1536K, 99% used [0x00000000eb680000,0x00000000eb7fc428,0x00000000eb800000)
  to   space 2560K, 0% used [0x00000000eb300000,0x00000000eb300000,0x00000000eb580000)
 ParOldGen       total 133632K, used 107381K [0x00000000c0000000, 0x00000000c8280000, 0x00000000eab00000)
  object space 133632K, 80% used [0x00000000c0000000,0x00000000c68dd440,0x00000000c8280000)
 Metaspace       used 77099K, committed 78400K, reserved 1122304K
  class space    used 7781K, committed 8384K, reserved 1048576K
}
Event: 78.054 GC heap after
{Heap after GC invocations=434 (full 18):
 PSYoungGen      total 10752K, used 561K [0x00000000eab00000, 0x00000000eb700000, 0x0000000100000000)
  eden space 8192K, 0% used [0x00000000eab00000,0x00000000eab00000,0x00000000eb300000)
  from space 2560K, 21% used [0x00000000eb300000,0x00000000eb38c418,0x00000000eb580000)
  to   space 1536K, 0% used [0x00000000eb580000,0x00000000eb580000,0x00000000eb700000)
 ParOldGen       total 133632K, used 108685K [0x00000000c0000000, 0x00000000c8280000, 0x00000000eab00000)
  object space 133632K, 81% used [0x00000000c0000000,0x00000000c6a23450,0x00000000c8280000)
 Metaspace       used 77099K, committed 78400K, reserved 1122304K
  class space    used 7781K, committed 8384K, reserved 1048576K
}
Event: 80.125 GC heap before
{Heap before GC invocations=435 (full 18):
 PSYoungGen      total 10752K, used 8753K [0x00000000eab00000, 0x00000000eb700000, 0x0000000100000000)
  eden space 8192K, 100% used [0x00000000eab00000,0x00000000eb300000,0x00000000eb300000)
  from space 2560K, 21% used [0x00000000eb300000,0x00000000eb38c418,0x00000000eb580000)
  to   space 1536K, 0% used [0x00000000eb580000,0x00000000eb580000,0x00000000eb700000)
 ParOldGen       total 133632K, used 108685K [0x00000000c0000000, 0x00000000c8280000, 0x00000000eab00000)
  object space 133632K, 81% used [0x00000000c0000000,0x00000000c6a23450,0x00000000c8280000)
 Metaspace       used 77969K, committed 79296K, reserved 1122304K
  class space    used 7931K, committed 8512K, reserved 1048576K
}
Event: 80.128 GC heap after
{Heap after GC invocations=435 (full 18):
 PSYoungGen      total 9216K, used 849K [0x00000000eab00000, 0x00000000eb680000, 0x0000000100000000)
  eden space 8192K, 0% used [0x00000000eab00000,0x00000000eab00000,0x00000000eb300000)
  from space 1024K, 82% used [0x00000000eb580000,0x00000000eb654418,0x00000000eb680000)
  to   space 1024K, 0% used [0x00000000eb480000,0x00000000eb480000,0x00000000eb580000)
 ParOldGen       total 133632K, used 108693K [0x00000000c0000000, 0x00000000c8280000, 0x00000000eab00000)
  object space 133632K, 81% used [0x00000000c0000000,0x00000000c6a25450,0x00000000c8280000)
 Metaspace       used 77969K, committed 79296K, reserved 1122304K
  class space    used 7931K, committed 8512K, reserved 1048576K
}

Deoptimization events (20 events):
Event: 80.081 Thread 0x00000226deb2bfc0 DEOPT PACKING pc=0x00000226cfb127b8 sp=0x000000fc7a0fe790
Event: 80.081 Thread 0x00000226deb2bfc0 DEOPT UNPACKING pc=0x00000226c79f5923 sp=0x000000fc7a0fe758 mode 2
Event: 80.082 Thread 0x00000226deb2bfc0 Uncommon trap: trap_request=0xffffff45 fr.pc=0x00000226cf5026c0 relative=0x0000000000000040
Event: 80.082 Thread 0x00000226deb2bfc0 Uncommon trap: reason=unstable_if action=reinterpret pc=0x00000226cf5026c0 method=sun.nio.fs.WindowsPathParser.isSlash(C)Z @ 9 c2
Event: 80.082 Thread 0x00000226deb2bfc0 DEOPT PACKING pc=0x00000226cf5026c0 sp=0x000000fc7a0fdf50
Event: 80.082 Thread 0x00000226deb2bfc0 DEOPT UNPACKING pc=0x00000226c79f5923 sp=0x000000fc7a0fded8 mode 2
Event: 80.103 Thread 0x00000226e35180a0 Uncommon trap: trap_request=0xffffffde fr.pc=0x00000226cf84e7dc relative=0x000000000000093c
Event: 80.104 Thread 0x00000226e35180a0 Uncommon trap: reason=class_check action=maybe_recompile pc=0x00000226cf84e7dc method=com.google.gson.internal.bind.ArrayTypeAdapter.read(Lcom/google/gson/stream/JsonReader;)Ljava/lang/Object; @ 1 c2
Event: 80.104 Thread 0x00000226e35180a0 DEOPT PACKING pc=0x00000226cf84e7dc sp=0x000000fc79cfe990
Event: 80.104 Thread 0x00000226e35180a0 DEOPT UNPACKING pc=0x00000226c79f5923 sp=0x000000fc79cfe970 mode 2
Event: 80.105 Thread 0x00000226deb2bfc0 DEOPT PACKING pc=0x00000226c99919fc sp=0x000000fc7a0fdda0
Event: 80.105 Thread 0x00000226deb2bfc0 DEOPT UNPACKING pc=0x00000226c79f6463 sp=0x000000fc7a0fd338 mode 0
Event: 80.136 Thread 0x00000226deb2bfc0 DEOPT PACKING pc=0x00000226c99919fc sp=0x000000fc7a0fdd40
Event: 80.136 Thread 0x00000226deb2bfc0 DEOPT UNPACKING pc=0x00000226c79f6463 sp=0x000000fc7a0fd2c0 mode 0
Event: 80.164 Thread 0x00000226deb2bfc0 DEOPT PACKING pc=0x00000226c99919fc sp=0x000000fc7a0fdcb0
Event: 80.164 Thread 0x00000226deb2bfc0 DEOPT UNPACKING pc=0x00000226c79f6463 sp=0x000000fc7a0fd230 mode 0
Event: 80.185 Thread 0x00000226deb2bfc0 DEOPT PACKING pc=0x00000226c99919fc sp=0x000000fc7a0fdcb0
Event: 80.185 Thread 0x00000226deb2bfc0 DEOPT UNPACKING pc=0x00000226c79f6463 sp=0x000000fc7a0fd230 mode 0
Event: 80.219 Thread 0x00000226deb2bfc0 DEOPT PACKING pc=0x00000226c99919fc sp=0x000000fc7a0fdcb0
Event: 80.219 Thread 0x00000226deb2bfc0 DEOPT UNPACKING pc=0x00000226c79f6463 sp=0x000000fc7a0fd230 mode 0

Classes unloaded (7 events):
Event: 4.834 Thread 0x00000226d8b8fd30 Unloading class 0x0000000100218800 'java/lang/invoke/LambdaForm$MH+0x0000000100218800'
Event: 4.834 Thread 0x00000226d8b8fd30 Unloading class 0x0000000100218400 'java/lang/invoke/LambdaForm$MH+0x0000000100218400'
Event: 4.834 Thread 0x00000226d8b8fd30 Unloading class 0x0000000100218000 'java/lang/invoke/LambdaForm$MH+0x0000000100218000'
Event: 4.834 Thread 0x00000226d8b8fd30 Unloading class 0x0000000100217c00 'java/lang/invoke/LambdaForm$MH+0x0000000100217c00'
Event: 4.834 Thread 0x00000226d8b8fd30 Unloading class 0x0000000100217400 'java/lang/invoke/LambdaForm$BMH+0x0000000100217400'
Event: 4.834 Thread 0x00000226d8b8fd30 Unloading class 0x0000000100217000 'java/lang/invoke/LambdaForm$DMH+0x0000000100217000'
Event: 4.834 Thread 0x00000226d8b8fd30 Unloading class 0x0000000100214400 'java/lang/invoke/LambdaForm$DMH+0x0000000100214400'

Classes redefined (0 events):
No events

Internal exceptions (20 events):
Event: 66.667 Thread 0x00000226db628bb0 Exception <a 'java/lang/NullPointerException'{0x00000000eb00b0c0}> (0x00000000eb00b0c0) 
thrown [s\src\hotspot\share\runtime\sharedRuntime.cpp, line 628]
Event: 66.667 Thread 0x00000226db628bb0 Implicit null exception at 0x00000226c8e3ec39 to 0x00000226c8e3f3c4
Event: 66.667 Thread 0x00000226db628bb0 Exception <a 'java/lang/NullPointerException'{0x00000000eb01c0b8}> (0x00000000eb01c0b8) 
thrown [s\src\hotspot\share\runtime\sharedRuntime.cpp, line 628]
Event: 66.667 Thread 0x00000226db628bb0 Implicit null exception at 0x00000226c8e3ec39 to 0x00000226c8e3f3c4
Event: 66.667 Thread 0x00000226db628bb0 Exception <a 'java/lang/NullPointerException'{0x00000000eb01f5b8}> (0x00000000eb01f5b8) 
thrown [s\src\hotspot\share\runtime\sharedRuntime.cpp, line 628]
Event: 77.773 Thread 0x00000226edc2eea0 Exception <a 'java/io/FileNotFoundException'{0x00000000eab02ae8}> (0x00000000eab02ae8) 
thrown [s\src\hotspot\share\prims\jni.cpp, line 516]
Event: 77.982 Thread 0x00000226edc2eea0 Exception <a 'java/lang/NoSuchMethodError'{0x00000000eaf0b128}: 'java.lang.Object java.lang.invoke.DirectMethodHandle$Holder.invokeVirtual(java.lang.Object, java.lang.Object, java.lang.Object, java.lang.Object)'> (0x00000000eaf0b128) 
thrown [s\src\hotspot\share\interpreter\linkResolver.cpp, line 759]
Event: 78.025 Thread 0x00000226e35180a0 Exception <a 'java/lang/NoSuchMethodError'{0x00000000eb229ca8}: 'java.lang.Object java.lang.invoke.DirectMethodHandle$Holder.invokeStatic(java.lang.Object, long, java.lang.Object, java.lang.Object)'> (0x00000000eb229ca8) 
thrown [s\src\hotspot\share\interpreter\linkResolver.cpp, line 759]
Event: 78.025 Thread 0x00000226e35180a0 Exception <a 'java/lang/NoSuchMethodError'{0x00000000eb230b40}: 'java.lang.Object java.lang.invoke.DirectMethodHandle$Holder.newInvokeSpecial(java.lang.Object, long)'> (0x00000000eb230b40) 
thrown [s\src\hotspot\share\interpreter\linkResolver.cpp, line 759]
Event: 78.071 Thread 0x00000226e35180a0 Exception <a 'sun/nio/fs/WindowsException'{0x00000000eab56c50}> (0x00000000eab56c50) 
thrown [s\src\hotspot\share\prims\jni.cpp, line 516]
Event: 78.072 Thread 0x00000226e35180a0 Exception <a 'sun/nio/fs/WindowsException'{0x00000000eab56f30}> (0x00000000eab56f30) 
thrown [s\src\hotspot\share\prims\jni.cpp, line 516]
Event: 78.072 Thread 0x00000226e35180a0 Exception <a 'sun/nio/fs/WindowsException'{0x00000000eab582a0}> (0x00000000eab582a0) 
thrown [s\src\hotspot\share\prims\jni.cpp, line 516]
Event: 78.072 Thread 0x00000226e35180a0 Exception <a 'sun/nio/fs/WindowsException'{0x00000000eab58570}> (0x00000000eab58570) 
thrown [s\src\hotspot\share\prims\jni.cpp, line 516]
Event: 78.086 Thread 0x00000226e35180a0 Exception <a 'java/io/FileNotFoundException'{0x00000000eac273c0}> (0x00000000eac273c0) 
thrown [s\src\hotspot\share\prims\jni.cpp, line 516]
Event: 78.103 Thread 0x00000226e35180a0 Exception <a 'java/lang/NoSuchMethodError'{0x00000000eacdeba8}: 'java.lang.Object java.lang.invoke.DirectMethodHandle$Holder.newInvokeSpecial(java.lang.Object, java.lang.Object, java.lang.Object, java.lang.Object, java.lang.Object, java.lang.Object, java.lang.Object, java.lang.Object, java.lang.Object)'> (0x00000000eacdeba8) 
thrown [s\src\hotspot\share\interpreter\linkResolver.cpp, line 759]
Event: 78.104 Thread 0x00000226e35180a0 Exception <a 'java/lang/NoSuchMethodError'{0x00000000eace3b00}: 'java.lang.Object java.lang.invoke.Invokers$Holder.linkToTargetMethod(java.lang.Object, java.lang.Object, java.lang.Object, java.lang.Object, java.lang.Object, java.lang.Object, java.lang.Object, java.lang.Object, java.lang.Object)'> (0x00000000eace3b00) 
thrown [s\src\hotspot\share\interpreter\linkResolver.cpp, line 759]
Event: 80.016 Thread 0x00000226deb2a2e0 Exception <a 'java/lang/NoSuchMethodError'{0x00000000eaf909f0}: 'java.lang.Object java.lang.invoke.DirectMethodHandle$Holder.invokeStatic(java.lang.Object, java.lang.Object, long, java.lang.Object)'> (0x00000000eaf909f0) 
thrown [s\src\hotspot\share\interpreter\linkResolver.cpp, line 759]
Event: 80.016 Thread 0x00000226deb2a2e0 Exception <a 'java/lang/NoSuchMethodError'{0x00000000eaf94730}: 'java.lang.Object java.lang.invoke.DirectMethodHandle$Holder.invokeStaticInit(java.lang.Object, java.lang.Object, long, java.lang.Object)'> (0x00000000eaf94730) 
thrown [s\src\hotspot\share\interpreter\linkResolver.cpp, line 759]
Event: 80.016 Thread 0x00000226deb2a2e0 Exception <a 'java/lang/NoSuchMethodError'{0x00000000eaf9ad40}: 'java.lang.Object java.lang.invoke.DirectMethodHandle$Holder.newInvokeSpecial(java.lang.Object, java.lang.Object, long)'> (0x00000000eaf9ad40) 
thrown [s\src\hotspot\share\interpreter\linkResolver.cpp, line 759]
Event: 80.017 Thread 0x00000226deb2a2e0 Exception <a 'java/lang/NoSuchMethodError'{0x00000000eaf9e780}: 'java.lang.Object java.lang.invoke.Invokers$Holder.linkToTargetMethod(java.lang.Object, long, java.lang.Object)'> (0x00000000eaf9e780) 
thrown [s\src\hotspot\share\interpreter\linkResolver.cpp, line 759]

VM Operations (20 events):
Event: 77.883 Executing VM operation: HandshakeAllThreads
Event: 77.883 Executing VM operation: HandshakeAllThreads done
Event: 77.910 Executing VM operation: ParallelGCFailedAllocation
Event: 77.912 Executing VM operation: ParallelGCFailedAllocation done
Event: 77.965 Executing VM operation: HandshakeAllThreads
Event: 77.965 Executing VM operation: HandshakeAllThreads done
Event: 78.022 Executing VM operation: HandshakeAllThreads
Event: 78.022 Executing VM operation: HandshakeAllThreads done
Event: 78.052 Executing VM operation: ParallelGCFailedAllocation
Event: 78.054 Executing VM operation: ParallelGCFailedAllocation done
Event: 78.100 Executing VM operation: HandshakeAllThreads
Event: 78.100 Executing VM operation: HandshakeAllThreads done
Event: 79.102 Executing VM operation: Cleanup
Event: 79.102 Executing VM operation: Cleanup done
Event: 80.115 Executing VM operation: Cleanup
Event: 80.115 Executing VM operation: Cleanup done
Event: 80.125 Executing VM operation: ParallelGCFailedAllocation
Event: 80.128 Executing VM operation: ParallelGCFailedAllocation done
Event: 81.134 Executing VM operation: Cleanup
Event: 81.134 Executing VM operation: Cleanup done

Events (20 events):
Event: 79.982 Thread 0x00000226deb2dca0 Thread exited: 0x00000226deb2dca0
Event: 80.011 Thread 0x00000226deb2ce30 Thread added: 0x00000226deb2ce30
Event: 80.012 Thread 0x00000226deb2baf0 Thread added: 0x00000226deb2baf0
Event: 80.014 loading class java/lang/ProcessHandle
Event: 80.014 loading class java/lang/ProcessHandle done
Event: 80.014 loading class java/lang/ProcessHandleImpl
Event: 80.014 loading class java/lang/ProcessHandleImpl done
Event: 80.017 loading class java/lang/ProcessHandleImpl$Info
Event: 80.017 loading class java/lang/ProcessHandle$Info
Event: 80.017 loading class java/lang/ProcessHandle$Info done
Event: 80.017 loading class java/lang/ProcessHandleImpl$Info done
Event: 80.058 loading class java/util/stream/Streams$RangeIntSpliterator
Event: 80.058 loading class java/util/stream/Streams$RangeIntSpliterator done
Event: 80.059 loading class java/util/stream/IntPipeline$1
Event: 80.059 loading class java/util/stream/IntPipeline$1 done
Event: 80.059 loading class java/util/stream/IntPipeline$1$1
Event: 80.060 loading class java/util/stream/IntPipeline$1$1 done
Event: 80.066 Thread 0x00000226deb2bfc0 Thread added: 0x00000226deb2bfc0
Event: 80.070 Thread 0x00000226deb2a2e0 Thread exited: 0x00000226deb2a2e0
Event: 80.249 Thread 0x00000226deb2bfc0 Thread exited: 0x00000226deb2bfc0


Dynamic libraries:
0x00007ff783600000 - 0x00007ff78360e000 	c:\Users\datea\.vscode\extensions\redhat.java-1.11.0-win32-x64\jre\17.0.4.1-win32-x86_64\bin\java.exe
0x00007fff837d0000 - 0x00007fff839e9000 	C:\WINDOWS\SYSTEM32\ntdll.dll
0x00007fff815a0000 - 0x00007fff81662000 	C:\WINDOWS\System32\KERNEL32.DLL
0x00007fff80c30000 - 0x00007fff80fcf000 	C:\WINDOWS\System32\KERNELBASE.dll
0x00007fff7da30000 - 0x00007fff7dac6000 	C:\WINDOWS\SYSTEM32\apphelp.dll
0x00007fff81140000 - 0x00007fff8125b000 	C:\WINDOWS\System32\ucrtbase.dll
0x00007fff7d4f0000 - 0x00007fff7d508000 	c:\Users\datea\.vscode\extensions\redhat.java-1.11.0-win32-x64\jre\17.0.4.1-win32-x86_64\bin\jli.dll
0x00007fff83210000 - 0x00007fff833bc000 	C:\WINDOWS\System32\USER32.dll
0x00007fff81500000 - 0x00007fff81526000 	C:\WINDOWS\System32\win32u.dll
0x00007fff83120000 - 0x00007fff83149000 	C:\WINDOWS\System32\GDI32.dll
0x00007fff813e0000 - 0x00007fff814f6000 	C:\WINDOWS\System32\gdi32full.dll
0x00007fff810a0000 - 0x00007fff8113a000 	C:\WINDOWS\System32\msvcp_win.dll
0x00007fff7bc70000 - 0x00007fff7bc89000 	c:\Users\datea\.vscode\extensions\redhat.java-1.11.0-win32-x64\jre\17.0.4.1-win32-x86_64\bin\VCRUNTIME140.dll
0x00007fff610a0000 - 0x00007fff61331000 	C:\WINDOWS\WinSxS\amd64_microsoft.windows.common-controls_6595b64144ccf1df_6.0.25217.1010_none_7b5ae231f1b4915b\COMCTL32.dll
0x00007fff83580000 - 0x00007fff83627000 	C:\WINDOWS\System32\msvcrt.dll
0x00007fff817d0000 - 0x00007fff81801000 	C:\WINDOWS\System32\IMM32.DLL
0x00007fff7d400000 - 0x00007fff7d40c000 	c:\Users\datea\.vscode\extensions\redhat.java-1.11.0-win32-x64\jre\17.0.4.1-win32-x86_64\bin\vcruntime140_1.dll
0x00007fff466e0000 - 0x00007fff46771000 	c:\Users\datea\.vscode\extensions\redhat.java-1.11.0-win32-x64\jre\17.0.4.1-win32-x86_64\bin\msvcp140.dll
0x00007fff2cab0000 - 0x00007fff2d6f6000 	c:\Users\datea\.vscode\extensions\redhat.java-1.11.0-win32-x64\jre\17.0.4.1-win32-x86_64\bin\server\jvm.dll
0x00007fff81d70000 - 0x00007fff81e1e000 	C:\WINDOWS\System32\ADVAPI32.dll
0x00007fff81810000 - 0x00007fff818b6000 	C:\WINDOWS\System32\sechost.dll
0x00007fff82b10000 - 0x00007fff82c37000 	C:\WINDOWS\System32\RPCRT4.dll
0x00007fff833d0000 - 0x00007fff833d8000 	C:\WINDOWS\System32\PSAPI.DLL
0x00007fff69f50000 - 0x00007fff69f59000 	C:\WINDOWS\SYSTEM32\WSOCK32.dll
0x00007fff822a0000 - 0x00007fff8230f000 	C:\WINDOWS\System32\WS2_32.dll
0x00007fff79e30000 - 0x00007fff79e65000 	C:\WINDOWS\SYSTEM32\WINMM.dll
0x00007fff79e70000 - 0x00007fff79e7a000 	C:\WINDOWS\SYSTEM32\VERSION.dll
0x00007fff7fb60000 - 0x00007fff7fb78000 	C:\WINDOWS\SYSTEM32\kernel.appcore.dll
0x00007fff7d3d0000 - 0x00007fff7d3da000 	c:\Users\datea\.vscode\extensions\redhat.java-1.11.0-win32-x64\jre\17.0.4.1-win32-x86_64\bin\jimage.dll
0x00007fff7e470000 - 0x00007fff7e6a3000 	C:\WINDOWS\SYSTEM32\DBGHELP.DLL
0x00007fff81f10000 - 0x00007fff82293000 	C:\WINDOWS\System32\combase.dll
0x00007fff81940000 - 0x00007fff81a18000 	C:\WINDOWS\System32\OLEAUT32.dll
0x00007fff6d4c0000 - 0x00007fff6d4f2000 	C:\WINDOWS\SYSTEM32\dbgcore.DLL
0x00007fff80bb0000 - 0x00007fff80c29000 	C:\WINDOWS\System32\bcryptPrimitives.dll
0x00007fff7bcd0000 - 0x00007fff7bcde000 	c:\Users\datea\.vscode\extensions\redhat.java-1.11.0-win32-x64\jre\17.0.4.1-win32-x86_64\bin\instrument.dll
0x00007fff79eb0000 - 0x00007fff79ed5000 	c:\Users\datea\.vscode\extensions\redhat.java-1.11.0-win32-x64\jre\17.0.4.1-win32-x86_64\bin\java.dll
0x00007fff7a1a0000 - 0x00007fff7a1b8000 	c:\Users\datea\.vscode\extensions\redhat.java-1.11.0-win32-x64\jre\17.0.4.1-win32-x86_64\bin\zip.dll
0x00007fff82330000 - 0x00007fff82aff000 	C:\WINDOWS\System32\SHELL32.dll
0x00007fff7eab0000 - 0x00007fff7f345000 	C:\WINDOWS\SYSTEM32\windows.storage.dll
0x00007fff7e910000 - 0x00007fff7eaa3000 	C:\WINDOWS\SYSTEM32\wintypes.dll
0x00007fff81e20000 - 0x00007fff81f0b000 	C:\WINDOWS\System32\SHCORE.dll
0x00007fff81670000 - 0x00007fff816cd000 	C:\WINDOWS\System32\shlwapi.dll
0x00007fff80ae0000 - 0x00007fff80b01000 	C:\WINDOWS\SYSTEM32\profapi.dll
0x00007fff76cd0000 - 0x00007fff76ce9000 	C:\Users\datea\.vscode\extensions\redhat.java-1.11.0-win32-x64\jre\17.0.4.1-win32-x86_64\bin\net.dll
0x00007fff79a30000 - 0x00007fff79b5b000 	C:\WINDOWS\SYSTEM32\WINHTTP.dll
0x00007fff80010000 - 0x00007fff80079000 	C:\WINDOWS\system32\mswsock.dll
0x00007fff76cb0000 - 0x00007fff76cc5000 	C:\Users\datea\.vscode\extensions\redhat.java-1.11.0-win32-x64\jre\17.0.4.1-win32-x86_64\bin\nio.dll
0x00007fff72b50000 - 0x00007fff72b60000 	c:\Users\datea\.vscode\extensions\redhat.java-1.11.0-win32-x64\jre\17.0.4.1-win32-x86_64\bin\verify.dll
0x00007fff72890000 - 0x00007fff728ce000 	C:\Users\datea\AppData\Roaming\Code\User\globalStorage\redhat.java\1.11.0\config_win\org.eclipse.equinox.launcher\org.eclipse.equinox.launcher.win32.win32.x86_64_1.2.600.v20220720-1916\eclipse_11700.dll
0x00007fff833e0000 - 0x00007fff8357c000 	C:\WINDOWS\System32\ole32.dll
0x00007fff80290000 - 0x00007fff802ab000 	C:\WINDOWS\SYSTEM32\CRYPTSP.dll
0x00007fff7faa0000 - 0x00007fff7fad4000 	C:\WINDOWS\system32\rsaenh.dll
0x00007fff80130000 - 0x00007fff80158000 	C:\WINDOWS\SYSTEM32\USERENV.dll
0x00007fff80450000 - 0x00007fff80478000 	C:\WINDOWS\SYSTEM32\bcrypt.dll
0x00007fff802b0000 - 0x00007fff802bc000 	C:\WINDOWS\SYSTEM32\CRYPTBASE.dll
0x00007fff7f5c0000 - 0x00007fff7f5ee000 	C:\WINDOWS\SYSTEM32\IPHLPAPI.DLL
0x00007fff82320000 - 0x00007fff82329000 	C:\WINDOWS\System32\NSI.dll
0x00007fff79870000 - 0x00007fff79889000 	C:\WINDOWS\SYSTEM32\dhcpcsvc6.DLL
0x00007fff79840000 - 0x00007fff7985f000 	C:\WINDOWS\SYSTEM32\dhcpcsvc.DLL
0x00007fff7f630000 - 0x00007fff7f72f000 	C:\WINDOWS\SYSTEM32\DNSAPI.dll
0x00007fff3dd30000 - 0x00007fff3dd74000 	C:\Users\datea\AppData\Local\Temp\jna-95356531\jna8766770222765803335.dll

dbghelp: loaded successfully - version: 4.0.5 - missing functions: none
symbol engine: initialized successfully - sym options: 0x614 - pdb path: .;c:\Users\datea\.vscode\extensions\redhat.java-1.11.0-win32-x64\jre\17.0.4.1-win32-x86_64\bin;C:\WINDOWS\SYSTEM32;C:\WINDOWS\WinSxS\amd64_microsoft.windows.common-controls_6595b64144ccf1df_6.0.25217.1010_none_7b5ae231f1b4915b;c:\Users\datea\.vscode\extensions\redhat.java-1.11.0-win32-x64\jre\17.0.4.1-win32-x86_64\bin\server;C:\Users\datea\AppData\Roaming\Code\User\globalStorage\redhat.java\1.11.0\config_win\org.eclipse.equinox.launcher\org.eclipse.equinox.launcher.win32.win32.x86_64_1.2.600.v20220720-1916;C:\Users\datea\AppData\Local\Temp\jna-95356531

VM Arguments:
jvm_args: --add-modules=ALL-SYSTEM --add-opens=java.base/java.util=ALL-UNNAMED --add-opens=java.base/java.lang=ALL-UNNAMED --add-opens=java.base/sun.nio.fs=ALL-UNNAMED -Declipse.application=org.eclipse.jdt.ls.core.id1 -Dosgi.bundles.defaultStartLevel=4 -Declipse.product=org.eclipse.jdt.ls.core.product -Djava.import.generatesMetadataFilesAtProjectRoot=false -Dfile.encoding=utf8 -DwatchParentProcess=false -Xlog:disable -XX:+UseParallelGC -XX:GCTimeRatio=4 -XX:AdaptiveSizePolicyWeight=90 -Dsun.zip.disableMemoryMapping=true -Xmx1G -Xms100m -javaagent:c:\Users\datea\.vscode\extensions\redhat.java-1.11.0-win32-x64\lombok\lombok-1.18.24.jar -XX:+HeapDumpOnOutOfMemoryError -XX:HeapDumpPath=c:\Users\datea\AppData\Roaming\Code\User\workspaceStorage\0af945f5ed7e53074379d02b82022556\redhat.java 
java_command: c:\Users\datea\.vscode\extensions\redhat.java-1.11.0-win32-x64\server\plugins\org.eclipse.equinox.launcher_1.6.400.v20210924-0641.jar -configuration c:\Users\datea\AppData\Roaming\Code\User\globalStorage\redhat.java\1.11.0\config_win -data c:\Users\datea\AppData\Roaming\Code\User\workspaceStorage\0af945f5ed7e53074379d02b82022556\redhat.java\jdt_ws
java_class_path (initial): c:\Users\datea\.vscode\extensions\redhat.java-1.11.0-win32-x64\server\plugins\org.eclipse.equinox.launcher_1.6.400.v20210924-0641.jar
Launcher Type: SUN_STANDARD

[Global flags]
    uintx AdaptiveSizePolicyWeight                 = 90                                        {product} {command line}
     intx CICompilerCount                          = 4                                         {product} {ergonomic}
    uintx GCTimeRatio                              = 4                                         {product} {command line}
     bool HeapDumpOnOutOfMemoryError               = true                                   {manageable} {command line}
    ccstr HeapDumpPath                             = c:\Users\datea\AppData\Roaming\Code\User\workspaceStorage\0af945f5ed7e53074379d02b82022556\redhat.java         {manageable} {command line}
   size_t InitialHeapSize                          = 104857600                                 {product} {command line}
   size_t MaxHeapSize                              = 1073741824                                {product} {command line}
   size_t MaxNewSize                               = 357564416                                 {product} {ergonomic}
   size_t MinHeapDeltaBytes                        = 524288                                    {product} {ergonomic}
   size_t MinHeapSize                              = 104857600                                 {product} {command line}
   size_t NewSize                                  = 34603008                                  {product} {ergonomic}
    uintx NonNMethodCodeHeapSize                   = 5839372                                {pd product} {ergonomic}
    uintx NonProfiledCodeHeapSize                  = 122909434                              {pd product} {ergonomic}
   size_t OldSize                                  = 70254592                                  {product} {ergonomic}
    uintx ProfiledCodeHeapSize                     = 122909434                              {pd product} {ergonomic}
    uintx ReservedCodeCacheSize                    = 251658240                              {pd product} {ergonomic}
     bool SegmentedCodeCache                       = true                                      {product} {ergonomic}
   size_t SoftMaxHeapSize                          = 1073741824                             {manageable} {ergonomic}
     bool UseCompressedClassPointers               = true                           {product lp64_product} {ergonomic}
     bool UseCompressedOops                        = true                           {product lp64_product} {ergonomic}
     bool UseLargePagesIndividualAllocation        = false                                  {pd product} {ergonomic}
     bool UseParallelGC                            = true                                      {product} {command line}

Logging:
Log output configuration:
 #0: stdout all=off uptime,level,tags
 #1: stderr all=off uptime,level,tags

Environment Variables:
PATH=C:\Program Files\Java\jdk-15.0.2\bin;C:\Program Files\Common Files\Oracle\Java\javapath;C:\WINDOWS\system32;C:\WINDOWS;C:\WINDOWS\System32\Wbem;C:\WINDOWS\System32\WindowsPowerShell\v1.0\;C:\WINDOWS\System32\OpenSSH\;C:\Program Files\Azure Data Studio\bin;C:\Program Files\Microsoft SQL Server\Client SDK\ODBC\170\Tools\Binn\;C:\Program Files (x86)\Microsoft SQL Server\150\Tools\Binn\;C:\Program Files\Microsoft SQL Server\150\Tools\Binn\;C:\Program Files\Microsoft SQL Server\150\DTS\Binn\;C:\Program Files (x86)\Microsoft SQL Server\150\DTS\Binn\;C:\Program Files (x86)\GitExtensions\;F:\xampp\php;C:\ProgramData\ComposerSetup\bin;C:\xampp\php;C:\Program Files\Git\cmd;C:\Users\datea\AppData\Local\Microsoft\WindowsApps;C:\Users\datea\AppData\Local\Programs\Microsoft VS Code\bin;;C:\Program Files\Azure Data Studio\bin;C:\Users\datea\AppData\Roaming\Composer\vendor\bin
USERNAME=datea
OS=Windows_NT
PROCESSOR_IDENTIFIER=Intel64 Family 6 Model 126 Stepping 5, GenuineIntel
TMP=C:\Users\datea\AppData\Local\Temp
TEMP=C:\Users\datea\AppData\Local\Temp



---------------  S Y S T E M  ---------------

OS:
 Windows 11 , 64 bit Build 25217 (10.0.25217.1000)
OS uptime: 1 days 23:33 hours
Hyper-V role detected

CPU: total 8 (initial active 8) (4 cores per cpu, 2 threads per core) family 6 model 126 stepping 5 microcode 0xa6, cx8, cmov, fxsr, ht, mmx, 3dnowpref, sse, sse2, sse3, ssse3, sse4.1, sse4.2, popcnt, lzcnt, tsc, tscinvbit, avx, avx2, aes, erms, clmul, bmi1, bmi2, adx, avx512f, avx512dq, avx512cd, avx512bw, avx512vl, sha, fma, vzeroupper, avx512_vpopcntdq, avx512_vpclmulqdq, avx512_vaes, avx512_vnni, clflush, clflushopt, avx512_vbmi2, avx512_vbmi, hv

Memory: 4k page, system-wide physical 7987M (310M free)
TotalPageFile size 12083M (AvailPageFile size 11M)
current process WorkingSet (physical memory assigned to process): 371M, peak: 419M
current process commit charge ("private bytes"): 408M, peak: 454M

vm_info: OpenJDK 64-Bit Server VM (17.0.4.1+1) for windows-amd64 JRE (17.0.4.1+1), built on Aug 17 2022 07:42:43 by "temurin" with MS VC++ 16.7 (VS2019)

END.
