#
# There is insufficient memory for the Java Runtime Environment to continue.
# Native memory allocation (mmap) failed to map 504365056 bytes for G1 virtual space
# Possible reasons:
#   The system is out of physical RAM or swap space
#   The process is running with CompressedOops enabled, and the Java Heap may be blocking the growth of the native heap
# Possible solutions:
#   Reduce memory load on the system
#   Increase physical memory or swap space
#   Check if swap backing store is full
#   Decrease Java heap size (-Xmx/-Xms)
#   Decrease number of Java threads
#   Decrease Java thread stack sizes (-Xss)
#   Set larger code cache with -XX:ReservedCodeCacheSize=
#   JVM is running with Unscaled Compressed Oops mode in which the Java heap is
#     placed in the first 4GB address space. The Java Heap base address is the
#     maximum limit for the native heap growth. Please use -XX:HeapBaseMinAddress
#     to set the Java Heap base and to place the Java Heap above 4GB virtual address.
# This output file may be truncated or incomplete.
#
#  Out of Memory Error (os_windows.cpp:3541), pid=23216, tid=11580
#
# JRE version: OpenJDK Runtime Environment Temurin-17.0.4.1+1 (17.0.4.1+1) (build 17.0.4.1+1)
# Java VM: OpenJDK 64-Bit Server VM Temurin-17.0.4.1+1 (17.0.4.1+1, mixed mode, emulated-client, tiered, compressed oops, compressed class ptrs, g1 gc, windows-amd64)
# No core dump will be written. Minidumps are not enabled by default on client versions of Windows
#

---------------  S U M M A R Y ------------

Command Line: -Dsts.lsp.client=vscode -Dsts.log.file=/dev/null -XX:TieredStopAtLevel=1 -Xlog:jni+resolve=off -Dspring.config.location=file:c:\Users\datea\.vscode\extensions\pivotal.vscode-spring-boot-1.39.0\language-server\BOOT-INF\classes\application.properties org.springframework.ide.vscode.boot.app.BootLanguageServerBootApp

Host: Intel(R) Core(TM) i5-1035G1 CPU @ 1.00GHz, 8 cores, 7G,  Windows 11 , 64 bit Build 25227 (10.0.25227.1000)
Time: Fri Oct 21 22:00:19 2022 SE Asia Standard Time elapsed time: 7.288676 seconds (0d 0h 0m 7s)

---------------  T H R E A D  ---------------

Current thread (0x0000021c19a13020):  VMThread "VM Thread" [stack: 0x0000004ea7900000,0x0000004ea7a00000] [id=11580]

Stack: [0x0000004ea7900000,0x0000004ea7a00000]
Native frames: (J=compiled Java code, j=interpreted, Vv=VM code, C=native code)
V  [jvm.dll+0x67731a]
V  [jvm.dll+0x832284]
V  [jvm.dll+0x833a2e]
V  [jvm.dll+0x834093]
V  [jvm.dll+0x245775]
V  [jvm.dll+0x674209]
V  [jvm.dll+0x668a92]
V  [jvm.dll+0x30471b]
V  [jvm.dll+0x30bc66]
V  [jvm.dll+0x35ba9e]
V  [jvm.dll+0x35bccf]
V  [jvm.dll+0x2db5b8]
V  [jvm.dll+0x2d986c]
V  [jvm.dll+0x2d8e3c]
V  [jvm.dll+0x31cd9b]
V  [jvm.dll+0x83853b]
V  [jvm.dll+0x839274]
V  [jvm.dll+0x83978c]
V  [jvm.dll+0x839b64]
V  [jvm.dll+0x839c30]
V  [jvm.dll+0x7e240a]
V  [jvm.dll+0x6761a5]
C  [ucrtbase.dll+0x4b82b]
C  [KERNEL32.DLL+0x1484d]
C  [ntdll.dll+0x67558]

VM_Operation (0x0000004ea9dfdf70): G1CollectForAllocation, mode: safepoint, requested by thread 0x0000021c1c5ccc40


---------------  P R O C E S S  ---------------

Threads class SMR info:
_java_thread_list=0x0000021c1e154990, length=38, elements={
0x0000021c19a297b0, 0x0000021c19a2ca20, 0x0000021c19a4e3f0, 0x0000021c1a410090,
0x0000021c1a413100, 0x0000021c1a4149d0, 0x0000021c1a41e290, 0x0000021c1a41f760,
0x0000021c1a61bf80, 0x0000021c1a414ea0, 0x0000021c1a415370, 0x0000021c1aefe9d0,
0x0000021c1ae83bb0, 0x0000021c1a417520, 0x0000021c1a415840, 0x0000021c1a415d10,
0x0000021c1a4161e0, 0x0000021c1a4166b0, 0x0000021c1a4179f0, 0x0000021c1a417050,
0x0000021c1a416b80, 0x0000021c1a417ec0, 0x0000021c1a418390, 0x0000021c1c5c7f40,
0x0000021c1c5c9280, 0x0000021c1c5cd5e0, 0x0000021c1c5ccc40, 0x0000021c1c5cdab0,
0x0000021c1c5ca0f0, 0x0000021c1c5c9750, 0x0000021c1c5c9c20, 0x0000021c1c5c8410,
0x0000021c1c5cedf0, 0x0000021c1c5c8db0, 0x0000021c1c5cd110, 0x0000021c1c5cc770,
0x0000021c1c5cb900, 0x0000021c1c5ca5c0
}

Java Threads: ( => current thread )
  0x0000021c19a297b0 JavaThread "Reference Handler" daemon [_thread_blocked, id=18452, stack(0x0000004ea7a00000,0x0000004ea7b00000)]
  0x0000021c19a2ca20 JavaThread "Finalizer" daemon [_thread_blocked, id=35256, stack(0x0000004ea7b00000,0x0000004ea7c00000)]
  0x0000021c19a4e3f0 JavaThread "Signal Dispatcher" daemon [_thread_blocked, id=13736, stack(0x0000004ea7c00000,0x0000004ea7d00000)]
  0x0000021c1a410090 JavaThread "Attach Listener" daemon [_thread_blocked, id=32936, stack(0x0000004ea7d00000,0x0000004ea7e00000)]
  0x0000021c1a413100 JavaThread "Service Thread" daemon [_thread_blocked, id=20528, stack(0x0000004ea7e00000,0x0000004ea7f00000)]
  0x0000021c1a4149d0 JavaThread "Monitor Deflation Thread" daemon [_thread_blocked, id=25760, stack(0x0000004ea7f00000,0x0000004ea8000000)]
  0x0000021c1a41e290 JavaThread "C1 CompilerThread0" daemon [_thread_blocked, id=15136, stack(0x0000004ea8000000,0x0000004ea8100000)]
  0x0000021c1a41f760 JavaThread "Sweeper thread" daemon [_thread_blocked, id=14260, stack(0x0000004ea8100000,0x0000004ea8200000)]
  0x0000021c1a61bf80 JavaThread "C1 CompilerThread1" daemon [_thread_blocked, id=10464, stack(0x0000004ea8200000,0x0000004ea8300000)]
  0x0000021c1a414ea0 JavaThread "Notification Thread" daemon [_thread_blocked, id=28936, stack(0x0000004ea8300000,0x0000004ea8400000)]
  0x0000021c1a415370 JavaThread "Common-Cleaner" daemon [_thread_blocked, id=25328, stack(0x0000004ea8500000,0x0000004ea8600000)]
  0x0000021c1aefe9d0 JavaThread "C1 CompilerThread2" daemon [_thread_blocked, id=13048, stack(0x0000004ea8600000,0x0000004ea8700000)]
  0x0000021c1ae83bb0 JavaThread "C1 CompilerThread3" daemon [_thread_blocked, id=18960, stack(0x0000004ea8700000,0x0000004ea8800000)]
  0x0000021c1a417520 JavaThread "boundedElastic-evictor-1" daemon [_thread_blocked, id=33752, stack(0x0000004ea8d00000,0x0000004ea8e00000)]
  0x0000021c1a415840 JavaThread "ForkJoinPool.commonPool-worker-1" daemon [_thread_blocked, id=26224, stack(0x0000004ea9100000,0x0000004ea9200000)]
  0x0000021c1a415d10 JavaThread "ClassGraph-worker-0" daemon [_thread_blocked, id=35800, stack(0x0000004ea9200000,0x0000004ea9300000)]
  0x0000021c1a4161e0 JavaThread "ClassGraph-worker-1" daemon [_thread_blocked, id=30724, stack(0x0000004ea9300000,0x0000004ea9400000)]
  0x0000021c1a4166b0 JavaThread "ClassGraph-worker-2" daemon [_thread_blocked, id=33336, stack(0x0000004ea9400000,0x0000004ea9500000)]
  0x0000021c1a4179f0 JavaThread "ClassGraph-worker-3" daemon [_thread_blocked, id=31760, stack(0x0000004ea9500000,0x0000004ea9600000)]
  0x0000021c1a417050 JavaThread "ClassGraph-worker-4" daemon [_thread_blocked, id=29836, stack(0x0000004ea9600000,0x0000004ea9700000)]
  0x0000021c1a416b80 JavaThread "ClassGraph-worker-5" daemon [_thread_blocked, id=31468, stack(0x0000004ea9700000,0x0000004ea9800000)]
  0x0000021c1a417ec0 JavaThread "ClassGraph-worker-6" daemon [_thread_blocked, id=33968, stack(0x0000004ea9800000,0x0000004ea9900000)]
  0x0000021c1a418390 JavaThread "ClassGraph-worker-7" daemon [_thread_blocked, id=27120, stack(0x0000004ea9900000,0x0000004ea9a00000)]
  0x0000021c1c5c7f40 JavaThread "ClassGraph-worker-8" daemon [_thread_blocked, id=35564, stack(0x0000004ea9a00000,0x0000004ea9b00000)]
  0x0000021c1c5c9280 JavaThread "ClassGraph-worker-9" daemon [_thread_blocked, id=24264, stack(0x0000004ea9b00000,0x0000004ea9c00000)]
  0x0000021c1c5cd5e0 JavaThread "ClassGraph-worker-10" daemon [_thread_blocked, id=10652, stack(0x0000004ea9c00000,0x0000004ea9d00000)]
  0x0000021c1c5ccc40 JavaThread "ClassGraph-worker-11" daemon [_thread_blocked, id=1552, stack(0x0000004ea9d00000,0x0000004ea9e00000)]
  0x0000021c1c5cdab0 JavaThread "ClassGraph-worker-12" daemon [_thread_blocked, id=34452, stack(0x0000004ea9e00000,0x0000004ea9f00000)]
  0x0000021c1c5ca0f0 JavaThread "ClassGraph-worker-13" daemon [_thread_blocked, id=6816, stack(0x0000004ea9f00000,0x0000004eaa000000)]
  0x0000021c1c5c9750 JavaThread "pool-9-thread-1" [_thread_blocked, id=32892, stack(0x0000004eaa000000,0x0000004eaa100000)]
  0x0000021c1c5c9c20 JavaThread "LanguageServerApp-lifecycle" [_thread_blocked, id=32556, stack(0x0000004eaa100000,0x0000004eaa200000)]
  0x0000021c1c5c8410 JavaThread "DestroyJavaVM" [_thread_blocked, id=14280, stack(0x0000004ea7300000,0x0000004ea7400000)]
  0x0000021c1c5cedf0 JavaThread "pool-10-thread-1" [_thread_in_native, id=34892, stack(0x0000004eaa200000,0x0000004eaa300000)]
  0x0000021c1c5c8db0 JavaThread "Simple-Language-Server main thread" daemon [_thread_blocked, id=34840, stack(0x0000004eaa400000,0x0000004eaa500000)]
  0x0000021c1c5cd110 JavaThread "pool-7-thread-1" [_thread_blocked, id=30504, stack(0x0000004eaa500000,0x0000004eaa600000)]
  0x0000021c1c5cc770 JavaThread "parallel-1" daemon [_thread_blocked, id=17420, stack(0x0000004eaa600000,0x0000004eaa700000)]
  0x0000021c1c5cb900 JavaThread "Reconciler-1" daemon [_thread_blocked, id=19316, stack(0x0000004eaa700000,0x0000004eaa800000)]
  0x0000021c1c5ca5c0 JavaThread "parallel-2" daemon [_thread_blocked, id=33084, stack(0x0000004eaa800000,0x0000004eaa900000)]

Other Threads:
=>0x0000021c19a13020 VMThread "VM Thread" [stack: 0x0000004ea7900000,0x0000004ea7a00000] [id=11580]
  0x0000021c1a636250 WatcherThread [stack: 0x0000004ea8400000,0x0000004ea8500000] [id=22208]
  0x0000021c0c79dbd0 GCTaskThread "GC Thread#0" [stack: 0x0000004ea7400000,0x0000004ea7500000] [id=27332]
  0x0000021c1af5a8e0 GCTaskThread "GC Thread#1" [stack: 0x0000004ea8800000,0x0000004ea8900000] [id=25260]
  0x0000021c1af5ab90 GCTaskThread "GC Thread#2" [stack: 0x0000004ea8900000,0x0000004ea8a00000] [id=34888]
  0x0000021c1afb5d30 GCTaskThread "GC Thread#3" [stack: 0x0000004ea8a00000,0x0000004ea8b00000] [id=15692]
  0x0000021c1afb63f0 GCTaskThread "GC Thread#4" [stack: 0x0000004ea8b00000,0x0000004ea8c00000] [id=16200]
  0x0000021c1afb66a0 GCTaskThread "GC Thread#5" [stack: 0x0000004ea8c00000,0x0000004ea8d00000] [id=30904]
  0x0000021c1bddd640 GCTaskThread "GC Thread#6" [stack: 0x0000004ea8e00000,0x0000004ea8f00000] [id=35236]
  0x0000021c1bdf5eb0 GCTaskThread "GC Thread#7" [stack: 0x0000004ea8f00000,0x0000004ea9000000] [id=22964]
  0x0000021c0c7ae540 ConcurrentGCThread "G1 Main Marker" [stack: 0x0000004ea7500000,0x0000004ea7600000] [id=35116]
  0x0000021c0c7afe70 ConcurrentGCThread "G1 Conc#0" [stack: 0x0000004ea7600000,0x0000004ea7700000] [id=24604]
  0x0000021c1bf68060 ConcurrentGCThread "G1 Conc#1" [stack: 0x0000004ea9000000,0x0000004ea9100000] [id=13148]
  0x0000021c0c8077c0 ConcurrentGCThread "G1 Refine#0" [stack: 0x0000004ea7700000,0x0000004ea7800000] [id=26704]
  0x0000021c1c517c40 ConcurrentGCThread "G1 Refine#1" [stack: 0x0000004eaa300000,0x0000004eaa400000] [id=34548]
  0x0000021c1e278370 ConcurrentGCThread "G1 Refine#2" [stack: 0x0000004eaa900000,0x0000004eaaa00000] [id=35104]
  0x0000021c0c809260 ConcurrentGCThread "G1 Service" [stack: 0x0000004ea7800000,0x0000004ea7900000] [id=27124]

Threads with active compile tasks:

VM state: at safepoint (normal execution)

VM Mutex/Monitor currently owned by a thread:  ([mutex/lock_event])
[0x0000021c0a4dbba0] Threads_lock - owner thread: 0x0000021c19a13020
[0x0000021c0a5ab500] Heap_lock - owner thread: 0x0000021c1c5ccc40

Heap address: 0x0000000083200000, size: 1998 MB, Compressed Oops mode: 32-bit

CDS archive(s) not mapped
Compressed class space mapped at: 0x0000000100000000-0x0000000140000000, reserved size: 1073741824
Narrow klass base: 0x0000000000000000, Narrow klass shift: 3, Narrow klass range: 0x140000000

GC Precious Log:
 CPUs: 8 total, 8 available
 Memory: 7987M
 Large Page Support: Disabled
 NUMA Support: Disabled
 Compressed Oops: Enabled (32-bit)
 Heap Region Size: 1M
 Heap Min Capacity: 8M
 Heap Initial Capacity: 126M
 Heap Max Capacity: 1998M
 Pre-touch: Disabled
 Parallel Workers: 8
 Concurrent Workers: 2
 Concurrent Refinement Workers: 8
 Periodic GC: Disabled

Heap:
 garbage-first heap   total 296960K, used 88413K [0x0000000083200000, 0x0000000100000000)
  region size 1024K, 13 young (13312K), 13 survivors (13312K)
 Metaspace       used 38255K, committed 38528K, reserved 1089536K
  class space    used 4868K, committed 4992K, reserved 1048576K

Heap Regions: E=young(eden), S=young(survivor), O=old, HS=humongous(starts), HC=humongous(continues), CS=collection set, F=free, OA=open archive, CA=closed archive, TAMS=top-at-mark-start (previous, next)
|   0|0x0000000083200000, 0x0000000083300000, 0x0000000083300000|100%| O|  |TAMS 0x0000000083300000, 0x0000000083200000| Untracked 
|   1|0x0000000083300000, 0x0000000083400000, 0x0000000083400000|100%| O|  |TAMS 0x0000000083400000, 0x0000000083300000| Untracked 
|   2|0x0000000083400000, 0x0000000083500000, 0x0000000083500000|100%| O|  |TAMS 0x0000000083500000, 0x0000000083400000| Untracked 
|   3|0x0000000083500000, 0x0000000083600000, 0x0000000083600000|100%| O|  |TAMS 0x0000000083600000, 0x0000000083500000| Untracked 
|   4|0x0000000083600000, 0x0000000083700000, 0x0000000083700000|100%| O|  |TAMS 0x0000000083700000, 0x0000000083600000| Untracked 
|   5|0x0000000083700000, 0x0000000083800000, 0x0000000083800000|100%| O|  |TAMS 0x0000000083800000, 0x0000000083700000| Untracked 
|   6|0x0000000083800000, 0x0000000083900000, 0x0000000083900000|100%| O|  |TAMS 0x0000000083900000, 0x0000000083800000| Untracked 
|   7|0x0000000083900000, 0x0000000083a00000, 0x0000000083a00000|100%| O|  |TAMS 0x0000000083a00000, 0x0000000083900000| Untracked 
|   8|0x0000000083a00000, 0x0000000083b00000, 0x0000000083b00000|100%| O|  |TAMS 0x0000000083b00000, 0x0000000083a00000| Untracked 
|   9|0x0000000083b00000, 0x0000000083c00000, 0x0000000083c00000|100%| O|  |TAMS 0x0000000083c00000, 0x0000000083b00000| Untracked 
|  10|0x0000000083c00000, 0x0000000083d00000, 0x0000000083d00000|100%| O|  |TAMS 0x0000000083d00000, 0x0000000083c00000| Untracked 
|  11|0x0000000083d00000, 0x0000000083e00000, 0x0000000083e00000|100%| O|  |TAMS 0x0000000083e00000, 0x0000000083d00000| Untracked 
|  12|0x0000000083e00000, 0x0000000083e00000, 0x0000000083f00000|  0%| F|  |TAMS 0x0000000083e00000, 0x0000000083e00000| Untracked 
|  13|0x0000000083f00000, 0x0000000084000000, 0x0000000084000000|100%| O|  |TAMS 0x0000000084000000, 0x0000000083f00000| Untracked 
|  14|0x0000000084000000, 0x0000000084100000, 0x0000000084100000|100%| O|  |TAMS 0x0000000084100000, 0x0000000084000000| Untracked 
|  15|0x0000000084100000, 0x0000000084200000, 0x0000000084200000|100%| O|  |TAMS 0x0000000084200000, 0x0000000084100000| Untracked 
|  16|0x0000000084200000, 0x0000000084200000, 0x0000000084300000|  0%| F|  |TAMS 0x0000000084200000, 0x0000000084200000| Untracked 
|  17|0x0000000084300000, 0x0000000084400000, 0x0000000084400000|100%| O|  |TAMS 0x0000000084400000, 0x0000000084300000| Untracked 
|  18|0x0000000084400000, 0x0000000084500000, 0x0000000084500000|100%| O|  |TAMS 0x0000000084500000, 0x0000000084400000| Untracked 
|  19|0x0000000084500000, 0x0000000084600000, 0x0000000084600000|100%| O|  |TAMS 0x0000000084600000, 0x0000000084500000| Untracked 
|  20|0x0000000084600000, 0x0000000084700000, 0x0000000084700000|100%| O|  |TAMS 0x0000000084700000, 0x0000000084600000| Untracked 
|  21|0x0000000084700000, 0x0000000084800000, 0x0000000084800000|100%| O|  |TAMS 0x0000000084800000, 0x0000000084700000| Untracked 
|  22|0x0000000084800000, 0x0000000084900000, 0x0000000084900000|100%| O|  |TAMS 0x0000000084900000, 0x0000000084800000| Untracked 
|  23|0x0000000084900000, 0x0000000084a00000, 0x0000000084a00000|100%| O|  |TAMS 0x0000000084a00000, 0x0000000084900000| Untracked 
|  24|0x0000000084a00000, 0x0000000084b00000, 0x0000000084b00000|100%| O|  |TAMS 0x0000000084b00000, 0x0000000084a00000| Untracked 
|  25|0x0000000084b00000, 0x0000000084c00000, 0x0000000084c00000|100%| O|  |TAMS 0x0000000084c00000, 0x0000000084b00000| Untracked 
|  26|0x0000000084c00000, 0x0000000084d00000, 0x0000000084d00000|100%| O|  |TAMS 0x0000000084d00000, 0x0000000084c00000| Untracked 
|  27|0x0000000084d00000, 0x0000000084e00000, 0x0000000084e00000|100%| O|  |TAMS 0x0000000084e00000, 0x0000000084d00000| Untracked 
|  28|0x0000000084e00000, 0x0000000084f00000, 0x0000000084f00000|100%| O|  |TAMS 0x0000000084f00000, 0x0000000084e00000| Untracked 
|  29|0x0000000084f00000, 0x0000000085000000, 0x0000000085000000|100%| O|  |TAMS 0x0000000085000000, 0x0000000084f00000| Untracked 
|  30|0x0000000085000000, 0x0000000085100000, 0x0000000085100000|100%| O|  |TAMS 0x0000000085100000, 0x0000000085000000| Untracked 
|  31|0x0000000085100000, 0x0000000085200000, 0x0000000085200000|100%| O|  |TAMS 0x0000000085200000, 0x0000000085100000| Untracked 
|  32|0x0000000085200000, 0x0000000085300000, 0x0000000085300000|100%| O|  |TAMS 0x0000000085300000, 0x0000000085200000| Untracked 
|  33|0x0000000085300000, 0x0000000085400000, 0x0000000085400000|100%| O|  |TAMS 0x0000000085400000, 0x0000000085300000| Untracked 
|  34|0x0000000085400000, 0x0000000085500000, 0x0000000085500000|100%| O|  |TAMS 0x0000000085500000, 0x0000000085400000| Untracked 
|  35|0x0000000085500000, 0x0000000085600000, 0x0000000085600000|100%| O|  |TAMS 0x0000000085600000, 0x0000000085500000| Untracked 
|  36|0x0000000085600000, 0x0000000085700000, 0x0000000085700000|100%| O|  |TAMS 0x0000000085700000, 0x0000000085600000| Untracked 
|  37|0x0000000085700000, 0x0000000085800000, 0x0000000085800000|100%| O|  |TAMS 0x0000000085800000, 0x0000000085700000| Untracked 
|  38|0x0000000085800000, 0x0000000085900000, 0x0000000085900000|100%| O|  |TAMS 0x0000000085800000, 0x0000000085800000| Untracked 
|  39|0x0000000085900000, 0x0000000085a00000, 0x0000000085a00000|100%| O|  |TAMS 0x0000000085a00000, 0x0000000085900000| Untracked 
|  40|0x0000000085a00000, 0x0000000085b00000, 0x0000000085b00000|100%| O|  |TAMS 0x0000000085b00000, 0x0000000085a00000| Untracked 
|  41|0x0000000085b00000, 0x0000000085c00000, 0x0000000085c00000|100%| O|  |TAMS 0x0000000085c00000, 0x0000000085b00000| Untracked 
|  42|0x0000000085c00000, 0x0000000085d00000, 0x0000000085d00000|100%| O|  |TAMS 0x0000000085d00000, 0x0000000085c00000| Untracked 
|  43|0x0000000085d00000, 0x0000000085e00000, 0x0000000085e00000|100%| O|  |TAMS 0x0000000085e00000, 0x0000000085d00000| Untracked 
|  44|0x0000000085e00000, 0x0000000085f00000, 0x0000000085f00000|100%| O|  |TAMS 0x0000000085f00000, 0x0000000085e00000| Untracked 
|  45|0x0000000085f00000, 0x0000000086000000, 0x0000000086000000|100%| O|  |TAMS 0x0000000086000000, 0x0000000085f00000| Untracked 
|  46|0x0000000086000000, 0x0000000086100000, 0x0000000086100000|100%| O|  |TAMS 0x0000000086100000, 0x0000000086000000| Untracked 
|  47|0x0000000086100000, 0x0000000086200000, 0x0000000086200000|100%| O|  |TAMS 0x0000000086200000, 0x0000000086100000| Untracked 
|  48|0x0000000086200000, 0x0000000086300000, 0x0000000086300000|100%| O|  |TAMS 0x0000000086300000, 0x0000000086200000| Untracked 
|  49|0x0000000086300000, 0x0000000086400000, 0x0000000086400000|100%| O|  |TAMS 0x0000000086400000, 0x0000000086300000| Untracked 
|  50|0x0000000086400000, 0x0000000086500000, 0x0000000086500000|100%|HS|  |TAMS 0x0000000086500000, 0x0000000086400000| Complete 
|  51|0x0000000086500000, 0x0000000086600000, 0x0000000086600000|100%| O|  |TAMS 0x0000000086600000, 0x0000000086500000| Untracked 
|  52|0x0000000086600000, 0x0000000086700000, 0x0000000086700000|100%| O|  |TAMS 0x0000000086700000, 0x0000000086600000| Untracked 
|  53|0x0000000086700000, 0x0000000086800000, 0x0000000086800000|100%| O|  |TAMS 0x0000000086800000, 0x0000000086700000| Untracked 
|  54|0x0000000086800000, 0x0000000086900000, 0x0000000086900000|100%| O|  |TAMS 0x0000000086900000, 0x0000000086800000| Untracked 
|  55|0x0000000086900000, 0x0000000086a00000, 0x0000000086a00000|100%| O|  |TAMS 0x0000000086a00000, 0x0000000086900000| Untracked 
|  56|0x0000000086a00000, 0x0000000086b00000, 0x0000000086b00000|100%| O|  |TAMS 0x0000000086b00000, 0x0000000086a00000| Untracked 
|  57|0x0000000086b00000, 0x0000000086c00000, 0x0000000086c00000|100%| O|  |TAMS 0x0000000086c00000, 0x0000000086b00000| Untracked 
|  58|0x0000000086c00000, 0x0000000086d00000, 0x0000000086d00000|100%| O|  |TAMS 0x0000000086d00000, 0x0000000086c00000| Untracked 
|  59|0x0000000086d00000, 0x0000000086e00000, 0x0000000086e00000|100%| O|  |TAMS 0x0000000086d3a600, 0x0000000086d00000| Untracked 
|  60|0x0000000086e00000, 0x0000000086f00000, 0x0000000086f00000|100%| O|  |TAMS 0x0000000086e00000, 0x0000000086e00000| Untracked 
|  61|0x0000000086f00000, 0x0000000087000000, 0x0000000087000000|100%| O|  |TAMS 0x0000000086f00000, 0x0000000086f00000| Untracked 
|  62|0x0000000087000000, 0x0000000087100000, 0x0000000087100000|100%| O|  |TAMS 0x0000000087000000, 0x0000000087000000| Untracked 
|  63|0x0000000087100000, 0x0000000087200000, 0x0000000087200000|100%| O|  |TAMS 0x0000000087100000, 0x0000000087100000| Untracked 
|  64|0x0000000087200000, 0x0000000087300000, 0x0000000087300000|100%| O|  |TAMS 0x0000000087200000, 0x0000000087200000| Untracked 
|  65|0x0000000087300000, 0x0000000087400000, 0x0000000087400000|100%| O|  |TAMS 0x0000000087300000, 0x0000000087300000| Untracked 
|  66|0x0000000087400000, 0x0000000087500000, 0x0000000087500000|100%| O|  |TAMS 0x0000000087400000, 0x0000000087400000| Untracked 
|  67|0x0000000087500000, 0x0000000087600000, 0x0000000087600000|100%| O|  |TAMS 0x0000000087500000, 0x0000000087500000| Untracked 
|  68|0x0000000087600000, 0x0000000087700000, 0x0000000087700000|100%| O|  |TAMS 0x0000000087600000, 0x0000000087600000| Untracked 
|  69|0x0000000087700000, 0x0000000087800000, 0x0000000087800000|100%| O|  |TAMS 0x0000000087700000, 0x0000000087700000| Untracked 
|  70|0x0000000087800000, 0x0000000087900000, 0x0000000087900000|100%| O|  |TAMS 0x0000000087800000, 0x0000000087800000| Untracked 
|  71|0x0000000087900000, 0x0000000087a00000, 0x0000000087a00000|100%| O|  |TAMS 0x0000000087900000, 0x0000000087900000| Untracked 
|  72|0x0000000087a00000, 0x0000000087b00000, 0x0000000087b00000|100%| O|  |TAMS 0x0000000087a00000, 0x0000000087a00000| Untracked 
|  73|0x0000000087b00000, 0x0000000087c00000, 0x0000000087c00000|100%| O|  |TAMS 0x0000000087b00000, 0x0000000087b00000| Untracked 
|  74|0x0000000087c00000, 0x0000000087d00000, 0x0000000087d00000|100%| O|  |TAMS 0x0000000087c00000, 0x0000000087c00000| Untracked 
|  75|0x0000000087d00000, 0x0000000087d72200, 0x0000000087e00000| 44%| O|  |TAMS 0x0000000087d00000, 0x0000000087d00000| Untracked 
|  76|0x0000000087e00000, 0x0000000087e00000, 0x0000000087f00000|  0%| F|  |TAMS 0x0000000087e00000, 0x0000000087e00000| Untracked 
|  77|0x0000000087f00000, 0x0000000087f00000, 0x0000000088000000|  0%| F|  |TAMS 0x0000000087f00000, 0x0000000087f00000| Untracked 
|  78|0x0000000088000000, 0x0000000088000000, 0x0000000088100000|  0%| F|  |TAMS 0x0000000088000000, 0x0000000088000000| Untracked 
|  79|0x0000000088100000, 0x0000000088100000, 0x0000000088200000|  0%| F|  |TAMS 0x0000000088100000, 0x0000000088100000| Untracked 
|  80|0x0000000088200000, 0x0000000088200000, 0x0000000088300000|  0%| F|  |TAMS 0x0000000088200000, 0x0000000088200000| Untracked 
|  81|0x0000000088300000, 0x0000000088300000, 0x0000000088400000|  0%| F|  |TAMS 0x0000000088300000, 0x0000000088300000| Untracked 
|  82|0x0000000088400000, 0x0000000088400000, 0x0000000088500000|  0%| F|  |TAMS 0x0000000088400000, 0x0000000088400000| Untracked 
|  83|0x0000000088500000, 0x0000000088500000, 0x0000000088600000|  0%| F|  |TAMS 0x0000000088500000, 0x0000000088500000| Untracked 
|  84|0x0000000088600000, 0x0000000088600000, 0x0000000088700000|  0%| F|  |TAMS 0x0000000088600000, 0x0000000088600000| Untracked 
|  85|0x0000000088700000, 0x0000000088700000, 0x0000000088800000|  0%| F|  |TAMS 0x0000000088700000, 0x0000000088700000| Untracked 
|  86|0x0000000088800000, 0x0000000088800000, 0x0000000088900000|  0%| F|  |TAMS 0x0000000088800000, 0x0000000088800000| Untracked 
|  87|0x0000000088900000, 0x0000000088900000, 0x0000000088a00000|  0%| F|  |TAMS 0x0000000088900000, 0x0000000088900000| Untracked 
|  88|0x0000000088a00000, 0x0000000088a00000, 0x0000000088b00000|  0%| F|  |TAMS 0x0000000088a00000, 0x0000000088a00000| Untracked 
|  89|0x0000000088b00000, 0x0000000088b00000, 0x0000000088c00000|  0%| F|  |TAMS 0x0000000088b00000, 0x0000000088b00000| Untracked 
|  90|0x0000000088c00000, 0x0000000088c00000, 0x0000000088d00000|  0%| F|  |TAMS 0x0000000088c00000, 0x0000000088c00000| Untracked 
|  91|0x0000000088d00000, 0x0000000088d00000, 0x0000000088e00000|  0%| F|  |TAMS 0x0000000088d00000, 0x0000000088d00000| Untracked 
|  92|0x0000000088e00000, 0x0000000088e00000, 0x0000000088f00000|  0%| F|  |TAMS 0x0000000088e00000, 0x0000000088e00000| Untracked 
|  93|0x0000000088f00000, 0x0000000088f00000, 0x0000000089000000|  0%| F|  |TAMS 0x0000000088f00000, 0x0000000088f00000| Untracked 
|  94|0x0000000089000000, 0x0000000089000000, 0x0000000089100000|  0%| F|  |TAMS 0x0000000089000000, 0x0000000089000000| Untracked 
|  95|0x0000000089100000, 0x0000000089100000, 0x0000000089200000|  0%| F|  |TAMS 0x0000000089100000, 0x0000000089100000| Untracked 
|  96|0x0000000089200000, 0x0000000089200000, 0x0000000089300000|  0%| F|  |TAMS 0x0000000089200000, 0x0000000089200000| Untracked 
|  97|0x0000000089300000, 0x0000000089300000, 0x0000000089400000|  0%| F|  |TAMS 0x0000000089300000, 0x0000000089300000| Untracked 
|  98|0x0000000089400000, 0x0000000089400000, 0x0000000089500000|  0%| F|  |TAMS 0x0000000089400000, 0x0000000089400000| Untracked 
|  99|0x0000000089500000, 0x0000000089500000, 0x0000000089600000|  0%| F|  |TAMS 0x0000000089500000, 0x0000000089500000| Untracked 
| 100|0x0000000089600000, 0x0000000089600000, 0x0000000089700000|  0%| F|  |TAMS 0x0000000089600000, 0x0000000089600000| Untracked 
| 101|0x0000000089700000, 0x0000000089700000, 0x0000000089800000|  0%| F|  |TAMS 0x0000000089700000, 0x0000000089700000| Untracked 
| 102|0x0000000089800000, 0x0000000089800000, 0x0000000089900000|  0%| F|  |TAMS 0x0000000089800000, 0x0000000089800000| Untracked 
| 103|0x0000000089900000, 0x0000000089900000, 0x0000000089a00000|  0%| F|  |TAMS 0x0000000089900000, 0x0000000089900000| Untracked 
| 104|0x0000000089a00000, 0x0000000089a00000, 0x0000000089b00000|  0%| F|  |TAMS 0x0000000089a00000, 0x0000000089a00000| Untracked 
| 105|0x0000000089b00000, 0x0000000089b00000, 0x0000000089c00000|  0%| F|  |TAMS 0x0000000089b00000, 0x0000000089b00000| Untracked 
| 106|0x0000000089c00000, 0x0000000089c00000, 0x0000000089d00000|  0%| F|  |TAMS 0x0000000089c00000, 0x0000000089c00000| Untracked 
| 107|0x0000000089d00000, 0x0000000089d00000, 0x0000000089e00000|  0%| F|  |TAMS 0x0000000089d00000, 0x0000000089d00000| Untracked 
| 108|0x0000000089e00000, 0x0000000089e00000, 0x0000000089f00000|  0%| F|  |TAMS 0x0000000089e00000, 0x0000000089e00000| Untracked 
| 109|0x0000000089f00000, 0x0000000089f00000, 0x000000008a000000|  0%| F|  |TAMS 0x0000000089f00000, 0x0000000089f00000| Untracked 
| 110|0x000000008a000000, 0x000000008a000000, 0x000000008a100000|  0%| F|  |TAMS 0x000000008a000000, 0x000000008a000000| Untracked 
| 111|0x000000008a100000, 0x000000008a100000, 0x000000008a200000|  0%| F|  |TAMS 0x000000008a100000, 0x000000008a100000| Untracked 
| 112|0x000000008a200000, 0x000000008a200000, 0x000000008a300000|  0%| F|  |TAMS 0x000000008a200000, 0x000000008a200000| Untracked 
| 113|0x000000008a300000, 0x000000008a300000, 0x000000008a400000|  0%| F|  |TAMS 0x000000008a300000, 0x000000008a300000| Untracked 
| 114|0x000000008a400000, 0x000000008a400000, 0x000000008a500000|  0%| F|  |TAMS 0x000000008a400000, 0x000000008a400000| Untracked 
| 115|0x000000008a500000, 0x000000008a500000, 0x000000008a600000|  0%| F|  |TAMS 0x000000008a500000, 0x000000008a500000| Untracked 
| 116|0x000000008a600000, 0x000000008a600000, 0x000000008a700000|  0%| F|  |TAMS 0x000000008a600000, 0x000000008a600000| Untracked 
| 117|0x000000008a700000, 0x000000008a700000, 0x000000008a800000|  0%| F|  |TAMS 0x000000008a700000, 0x000000008a700000| Untracked 
| 118|0x000000008a800000, 0x000000008a800000, 0x000000008a900000|  0%| F|  |TAMS 0x000000008a800000, 0x000000008a800000| Untracked 
| 119|0x000000008a900000, 0x000000008a900000, 0x000000008aa00000|  0%| F|  |TAMS 0x000000008a900000, 0x000000008a900000| Untracked 
| 120|0x000000008aa00000, 0x000000008aa00000, 0x000000008ab00000|  0%| F|  |TAMS 0x000000008aa00000, 0x000000008aa00000| Untracked 
| 121|0x000000008ab00000, 0x000000008ab00000, 0x000000008ac00000|  0%| F|  |TAMS 0x000000008ab00000, 0x000000008ab00000| Untracked 
| 122|0x000000008ac00000, 0x000000008ace54a8, 0x000000008ad00000| 89%| S|CS|TAMS 0x000000008ac00000, 0x000000008ac00000| Complete 
| 123|0x000000008ad00000, 0x000000008ae00000, 0x000000008ae00000|100%| S|CS|TAMS 0x000000008ad00000, 0x000000008ad00000| Complete 
| 124|0x000000008ae00000, 0x000000008af00000, 0x000000008af00000|100%| S|CS|TAMS 0x000000008ae00000, 0x000000008ae00000| Complete 
| 125|0x000000008af00000, 0x000000008b000000, 0x000000008b000000|100%| S|CS|TAMS 0x000000008af00000, 0x000000008af00000| Complete 
| 126|0x000000008b000000, 0x000000008b100000, 0x000000008b100000|100%| S|CS|TAMS 0x000000008b000000, 0x000000008b000000| Complete 
| 127|0x000000008b100000, 0x000000008b200000, 0x000000008b200000|100%| S|CS|TAMS 0x000000008b100000, 0x000000008b100000| Complete 
| 128|0x000000008b200000, 0x000000008b300000, 0x000000008b300000|100%| S|CS|TAMS 0x000000008b200000, 0x000000008b200000| Complete 
| 129|0x000000008b300000, 0x000000008b400000, 0x000000008b400000|100%| S|CS|TAMS 0x000000008b300000, 0x000000008b300000| Complete 
| 130|0x000000008b400000, 0x000000008b500000, 0x000000008b500000|100%| S|CS|TAMS 0x000000008b400000, 0x000000008b400000| Complete 
| 131|0x000000008b500000, 0x000000008b600000, 0x000000008b600000|100%| S|CS|TAMS 0x000000008b500000, 0x000000008b500000| Complete 
| 132|0x000000008b600000, 0x000000008b700000, 0x000000008b700000|100%| S|CS|TAMS 0x000000008b600000, 0x000000008b600000| Complete 
| 133|0x000000008b700000, 0x000000008b700000, 0x000000008b800000|  0%| F|  |TAMS 0x000000008b700000, 0x000000008b700000| Untracked 
| 134|0x000000008b800000, 0x000000008b800000, 0x000000008b900000|  0%| F|  |TAMS 0x000000008b800000, 0x000000008b800000| Untracked 
| 135|0x000000008b900000, 0x000000008b900000, 0x000000008ba00000|  0%| F|  |TAMS 0x000000008b900000, 0x000000008b900000| Untracked 
| 136|0x000000008ba00000, 0x000000008ba00000, 0x000000008bb00000|  0%| F|  |TAMS 0x000000008ba00000, 0x000000008ba00000| Untracked 
| 137|0x000000008bb00000, 0x000000008bb00000, 0x000000008bc00000|  0%| F|  |TAMS 0x000000008bb00000, 0x000000008bb00000| Untracked 
| 138|0x000000008bc00000, 0x000000008bc00000, 0x000000008bd00000|  0%| F|  |TAMS 0x000000008bc00000, 0x000000008bc00000| Untracked 
| 139|0x000000008bd00000, 0x000000008bd00000, 0x000000008be00000|  0%| F|  |TAMS 0x000000008bd00000, 0x000000008bd00000| Untracked 
| 140|0x000000008be00000, 0x000000008bf00000, 0x000000008bf00000|100%| S|CS|TAMS 0x000000008be00000, 0x000000008be00000| Complete 
| 141|0x000000008bf00000, 0x000000008c000000, 0x000000008c000000|100%| S|CS|TAMS 0x000000008bf00000, 0x000000008bf00000| Complete 
| 142|0x000000008c000000, 0x000000008c000000, 0x000000008c100000|  0%| F|  |TAMS 0x000000008c000000, 0x000000008c000000| Untracked 
| 143|0x000000008c100000, 0x000000008c100000, 0x000000008c200000|  0%| F|  |TAMS 0x000000008c100000, 0x000000008c100000| Untracked 
| 144|0x000000008c200000, 0x000000008c200000, 0x000000008c300000|  0%| F|  |TAMS 0x000000008c200000, 0x000000008c200000| Untracked 
| 145|0x000000008c300000, 0x000000008c300000, 0x000000008c400000|  0%| F|  |TAMS 0x000000008c300000, 0x000000008c300000| Untracked 
| 146|0x000000008c400000, 0x000000008c400000, 0x000000008c500000|  0%| F|  |TAMS 0x000000008c400000, 0x000000008c400000| Untracked 
| 147|0x000000008c500000, 0x000000008c500000, 0x000000008c600000|  0%| F|  |TAMS 0x000000008c500000, 0x000000008c500000| Untracked 
| 148|0x000000008c600000, 0x000000008c600000, 0x000000008c700000|  0%| F|  |TAMS 0x000000008c600000, 0x000000008c600000| Untracked 
| 149|0x000000008c700000, 0x000000008c700000, 0x000000008c800000|  0%| F|  |TAMS 0x000000008c700000, 0x000000008c700000| Untracked 
| 150|0x000000008c800000, 0x000000008c800000, 0x000000008c900000|  0%| F|  |TAMS 0x000000008c800000, 0x000000008c800000| Untracked 
| 151|0x000000008c900000, 0x000000008c900000, 0x000000008ca00000|  0%| F|  |TAMS 0x000000008c900000, 0x000000008c900000| Untracked 
| 152|0x000000008ca00000, 0x000000008ca00000, 0x000000008cb00000|  0%| F|  |TAMS 0x000000008ca00000, 0x000000008ca00000| Untracked 
| 153|0x000000008cb00000, 0x000000008cb00000, 0x000000008cc00000|  0%| F|  |TAMS 0x000000008cb00000, 0x000000008cb00000| Untracked 
| 154|0x000000008cc00000, 0x000000008cc00000, 0x000000008cd00000|  0%| F|  |TAMS 0x000000008cc00000, 0x000000008cc00000| Untracked 
| 155|0x000000008cd00000, 0x000000008cd00000, 0x000000008ce00000|  0%| F|  |TAMS 0x000000008cd00000, 0x000000008cd00000| Untracked 
| 156|0x000000008ce00000, 0x000000008ce00000, 0x000000008cf00000|  0%| F|  |TAMS 0x000000008ce00000, 0x000000008ce00000| Untracked 
| 157|0x000000008cf00000, 0x000000008cf00000, 0x000000008d000000|  0%| F|  |TAMS 0x000000008cf00000, 0x000000008cf00000| Untracked 
| 158|0x000000008d000000, 0x000000008d000000, 0x000000008d100000|  0%| F|  |TAMS 0x000000008d000000, 0x000000008d000000| Untracked 
| 159|0x000000008d100000, 0x000000008d100000, 0x000000008d200000|  0%| F|  |TAMS 0x000000008d100000, 0x000000008d100000| Untracked 
| 160|0x000000008d200000, 0x000000008d200000, 0x000000008d300000|  0%| F|  |TAMS 0x000000008d200000, 0x000000008d200000| Untracked 
| 161|0x000000008d300000, 0x000000008d300000, 0x000000008d400000|  0%| F|  |TAMS 0x000000008d300000, 0x000000008d300000| Untracked 
| 162|0x000000008d400000, 0x000000008d400000, 0x000000008d500000|  0%| F|  |TAMS 0x000000008d400000, 0x000000008d400000| Untracked 
| 163|0x000000008d500000, 0x000000008d500000, 0x000000008d600000|  0%| F|  |TAMS 0x000000008d500000, 0x000000008d500000| Untracked 
| 164|0x000000008d600000, 0x000000008d600000, 0x000000008d700000|  0%| F|  |TAMS 0x000000008d600000, 0x000000008d600000| Untracked 
| 165|0x000000008d700000, 0x000000008d700000, 0x000000008d800000|  0%| F|  |TAMS 0x000000008d700000, 0x000000008d700000| Untracked 
| 166|0x000000008d800000, 0x000000008d800000, 0x000000008d900000|  0%| F|  |TAMS 0x000000008d800000, 0x000000008d800000| Untracked 
| 167|0x000000008d900000, 0x000000008d900000, 0x000000008da00000|  0%| F|  |TAMS 0x000000008d900000, 0x000000008d900000| Untracked 
| 168|0x000000008da00000, 0x000000008da00000, 0x000000008db00000|  0%| F|  |TAMS 0x000000008da00000, 0x000000008da00000| Untracked 
| 169|0x000000008db00000, 0x000000008db00000, 0x000000008dc00000|  0%| F|  |TAMS 0x000000008db00000, 0x000000008db00000| Untracked 
| 170|0x000000008dc00000, 0x000000008dc00000, 0x000000008dd00000|  0%| F|  |TAMS 0x000000008dc00000, 0x000000008dc00000| Untracked 
| 171|0x000000008dd00000, 0x000000008dd00000, 0x000000008de00000|  0%| F|  |TAMS 0x000000008dd00000, 0x000000008dd00000| Untracked 
| 172|0x000000008de00000, 0x000000008de00000, 0x000000008df00000|  0%| F|  |TAMS 0x000000008de00000, 0x000000008de00000| Untracked 
| 173|0x000000008df00000, 0x000000008df00000, 0x000000008e000000|  0%| F|  |TAMS 0x000000008df00000, 0x000000008df00000| Untracked 
| 174|0x000000008e000000, 0x000000008e000000, 0x000000008e100000|  0%| F|  |TAMS 0x000000008e000000, 0x000000008e000000| Untracked 
| 175|0x000000008e100000, 0x000000008e100000, 0x000000008e200000|  0%| F|  |TAMS 0x000000008e100000, 0x000000008e100000| Untracked 
| 176|0x000000008e200000, 0x000000008e200000, 0x000000008e300000|  0%| F|  |TAMS 0x000000008e200000, 0x000000008e200000| Untracked 
| 177|0x000000008e300000, 0x000000008e300000, 0x000000008e400000|  0%| F|  |TAMS 0x000000008e300000, 0x000000008e300000| Untracked 
| 178|0x000000008e400000, 0x000000008e400000, 0x000000008e500000|  0%| F|  |TAMS 0x000000008e400000, 0x000000008e400000| Untracked 
| 179|0x000000008e500000, 0x000000008e500000, 0x000000008e600000|  0%| F|  |TAMS 0x000000008e500000, 0x000000008e500000| Untracked 
| 180|0x000000008e600000, 0x000000008e600000, 0x000000008e700000|  0%| F|  |TAMS 0x000000008e600000, 0x000000008e600000| Untracked 
| 181|0x000000008e700000, 0x000000008e700000, 0x000000008e800000|  0%| F|  |TAMS 0x000000008e700000, 0x000000008e700000| Untracked 
| 182|0x000000008e800000, 0x000000008e800000, 0x000000008e900000|  0%| F|  |TAMS 0x000000008e800000, 0x000000008e800000| Untracked 
| 183|0x000000008e900000, 0x000000008e900000, 0x000000008ea00000|  0%| F|  |TAMS 0x000000008e900000, 0x000000008e900000| Untracked 
| 184|0x000000008ea00000, 0x000000008ea00000, 0x000000008eb00000|  0%| F|  |TAMS 0x000000008ea00000, 0x000000008ea00000| Untracked 
| 185|0x000000008eb00000, 0x000000008eb00000, 0x000000008ec00000|  0%| F|  |TAMS 0x000000008eb00000, 0x000000008eb00000| Untracked 
| 186|0x000000008ec00000, 0x000000008ec00000, 0x000000008ed00000|  0%| F|  |TAMS 0x000000008ec00000, 0x000000008ec00000| Untracked 
| 187|0x000000008ed00000, 0x000000008ed00000, 0x000000008ee00000|  0%| F|  |TAMS 0x000000008ed00000, 0x000000008ed00000| Untracked 
| 188|0x000000008ee00000, 0x000000008ee00000, 0x000000008ef00000|  0%| F|  |TAMS 0x000000008ee00000, 0x000000008ee00000| Untracked 
| 189|0x000000008ef00000, 0x000000008ef00000, 0x000000008f000000|  0%| F|  |TAMS 0x000000008ef00000, 0x000000008ef00000| Untracked 
| 190|0x000000008f000000, 0x000000008f000000, 0x000000008f100000|  0%| F|  |TAMS 0x000000008f000000, 0x000000008f000000| Untracked 
| 191|0x000000008f100000, 0x000000008f100000, 0x000000008f200000|  0%| F|  |TAMS 0x000000008f100000, 0x000000008f100000| Untracked 
| 192|0x000000008f200000, 0x000000008f200000, 0x000000008f300000|  0%| F|  |TAMS 0x000000008f200000, 0x000000008f200000| Untracked 
| 193|0x000000008f300000, 0x000000008f300000, 0x000000008f400000|  0%| F|  |TAMS 0x000000008f300000, 0x000000008f300000| Untracked 
| 194|0x000000008f400000, 0x000000008f400000, 0x000000008f500000|  0%| F|  |TAMS 0x000000008f400000, 0x000000008f400000| Untracked 
| 195|0x000000008f500000, 0x000000008f500000, 0x000000008f600000|  0%| F|  |TAMS 0x000000008f500000, 0x000000008f500000| Untracked 
| 196|0x000000008f600000, 0x000000008f600000, 0x000000008f700000|  0%| F|  |TAMS 0x000000008f600000, 0x000000008f600000| Untracked 
| 197|0x000000008f700000, 0x000000008f700000, 0x000000008f800000|  0%| F|  |TAMS 0x000000008f700000, 0x000000008f700000| Untracked 
| 198|0x000000008f800000, 0x000000008f800000, 0x000000008f900000|  0%| F|  |TAMS 0x000000008f800000, 0x000000008f800000| Untracked 
| 199|0x000000008f900000, 0x000000008f900000, 0x000000008fa00000|  0%| F|  |TAMS 0x000000008f900000, 0x000000008f900000| Untracked 
| 200|0x000000008fa00000, 0x000000008fa00000, 0x000000008fb00000|  0%| F|  |TAMS 0x000000008fa00000, 0x000000008fa00000| Untracked 
| 201|0x000000008fb00000, 0x000000008fb00000, 0x000000008fc00000|  0%| F|  |TAMS 0x000000008fb00000, 0x000000008fb00000| Untracked 
| 202|0x000000008fc00000, 0x000000008fc00000, 0x000000008fd00000|  0%| F|  |TAMS 0x000000008fc00000, 0x000000008fc00000| Untracked 
| 203|0x000000008fd00000, 0x000000008fd00000, 0x000000008fe00000|  0%| F|  |TAMS 0x000000008fd00000, 0x000000008fd00000| Untracked 
| 204|0x000000008fe00000, 0x000000008fe00000, 0x000000008ff00000|  0%| F|  |TAMS 0x000000008fe00000, 0x000000008fe00000| Untracked 
| 205|0x000000008ff00000, 0x000000008ff00000, 0x0000000090000000|  0%| F|  |TAMS 0x000000008ff00000, 0x000000008ff00000| Untracked 
| 206|0x0000000090000000, 0x0000000090000000, 0x0000000090100000|  0%| F|  |TAMS 0x0000000090000000, 0x0000000090000000| Untracked 
| 207|0x0000000090100000, 0x0000000090100000, 0x0000000090200000|  0%| F|  |TAMS 0x0000000090100000, 0x0000000090100000| Untracked 
| 208|0x0000000090200000, 0x0000000090200000, 0x0000000090300000|  0%| F|  |TAMS 0x0000000090200000, 0x0000000090200000| Untracked 
| 209|0x0000000090300000, 0x0000000090300000, 0x0000000090400000|  0%| F|  |TAMS 0x0000000090300000, 0x0000000090300000| Untracked 
| 210|0x0000000090400000, 0x0000000090400000, 0x0000000090500000|  0%| F|  |TAMS 0x0000000090400000, 0x0000000090400000| Untracked 
| 211|0x0000000090500000, 0x0000000090500000, 0x0000000090600000|  0%| F|  |TAMS 0x0000000090500000, 0x0000000090500000| Untracked 
| 212|0x0000000090600000, 0x0000000090600000, 0x0000000090700000|  0%| F|  |TAMS 0x0000000090600000, 0x0000000090600000| Untracked 
| 213|0x0000000090700000, 0x0000000090700000, 0x0000000090800000|  0%| F|  |TAMS 0x0000000090700000, 0x0000000090700000| Untracked 
| 214|0x0000000090800000, 0x0000000090800000, 0x0000000090900000|  0%| F|  |TAMS 0x0000000090800000, 0x0000000090800000| Untracked 
| 215|0x0000000090900000, 0x0000000090900000, 0x0000000090a00000|  0%| F|  |TAMS 0x0000000090900000, 0x0000000090900000| Untracked 
| 216|0x0000000090a00000, 0x0000000090a00000, 0x0000000090b00000|  0%| F|  |TAMS 0x0000000090a00000, 0x0000000090a00000| Untracked 
| 217|0x0000000090b00000, 0x0000000090b00000, 0x0000000090c00000|  0%| F|  |TAMS 0x0000000090b00000, 0x0000000090b00000| Untracked 
| 218|0x0000000090c00000, 0x0000000090c00000, 0x0000000090d00000|  0%| F|  |TAMS 0x0000000090c00000, 0x0000000090c00000| Untracked 
| 219|0x0000000090d00000, 0x0000000090d00000, 0x0000000090e00000|  0%| F|  |TAMS 0x0000000090d00000, 0x0000000090d00000| Untracked 
| 220|0x0000000090e00000, 0x0000000090e00000, 0x0000000090f00000|  0%| F|  |TAMS 0x0000000090e00000, 0x0000000090e00000| Untracked 
| 221|0x0000000090f00000, 0x0000000090f00000, 0x0000000091000000|  0%| F|  |TAMS 0x0000000090f00000, 0x0000000090f00000| Untracked 
| 222|0x0000000091000000, 0x0000000091000000, 0x0000000091100000|  0%| F|  |TAMS 0x0000000091000000, 0x0000000091000000| Untracked 
| 223|0x0000000091100000, 0x0000000091100000, 0x0000000091200000|  0%| F|  |TAMS 0x0000000091100000, 0x0000000091100000| Untracked 
| 224|0x0000000091200000, 0x0000000091200000, 0x0000000091300000|  0%| F|  |TAMS 0x0000000091200000, 0x0000000091200000| Untracked 
| 225|0x0000000091300000, 0x0000000091300000, 0x0000000091400000|  0%| F|  |TAMS 0x0000000091300000, 0x0000000091300000| Untracked 
| 226|0x0000000091400000, 0x0000000091400000, 0x0000000091500000|  0%| F|  |TAMS 0x0000000091400000, 0x0000000091400000| Untracked 
| 227|0x0000000091500000, 0x0000000091500000, 0x0000000091600000|  0%| F|  |TAMS 0x0000000091500000, 0x0000000091500000| Untracked 
| 228|0x0000000091600000, 0x0000000091600000, 0x0000000091700000|  0%| F|  |TAMS 0x0000000091600000, 0x0000000091600000| Untracked 
| 229|0x0000000091700000, 0x0000000091700000, 0x0000000091800000|  0%| F|  |TAMS 0x0000000091700000, 0x0000000091700000| Untracked 
| 230|0x0000000091800000, 0x0000000091800000, 0x0000000091900000|  0%| F|  |TAMS 0x0000000091800000, 0x0000000091800000| Untracked 
| 231|0x0000000091900000, 0x0000000091900000, 0x0000000091a00000|  0%| F|  |TAMS 0x0000000091900000, 0x0000000091900000| Untracked 
| 232|0x0000000091a00000, 0x0000000091a00000, 0x0000000091b00000|  0%| F|  |TAMS 0x0000000091a00000, 0x0000000091a00000| Untracked 
| 233|0x0000000091b00000, 0x0000000091b00000, 0x0000000091c00000|  0%| F|  |TAMS 0x0000000091b00000, 0x0000000091b00000| Untracked 
| 234|0x0000000091c00000, 0x0000000091c00000, 0x0000000091d00000|  0%| F|  |TAMS 0x0000000091c00000, 0x0000000091c00000| Untracked 
| 235|0x0000000091d00000, 0x0000000091d00000, 0x0000000091e00000|  0%| F|  |TAMS 0x0000000091d00000, 0x0000000091d00000| Untracked 
| 236|0x0000000091e00000, 0x0000000091e00000, 0x0000000091f00000|  0%| F|  |TAMS 0x0000000091e00000, 0x0000000091e00000| Untracked 
| 237|0x0000000091f00000, 0x0000000091f00000, 0x0000000092000000|  0%| F|  |TAMS 0x0000000091f00000, 0x0000000091f00000| Untracked 
| 238|0x0000000092000000, 0x0000000092000000, 0x0000000092100000|  0%| F|  |TAMS 0x0000000092000000, 0x0000000092000000| Untracked 
| 239|0x0000000092100000, 0x0000000092100000, 0x0000000092200000|  0%| F|  |TAMS 0x0000000092100000, 0x0000000092100000| Untracked 
| 240|0x0000000092200000, 0x0000000092200000, 0x0000000092300000|  0%| F|  |TAMS 0x0000000092200000, 0x0000000092200000| Untracked 
| 241|0x0000000092300000, 0x0000000092300000, 0x0000000092400000|  0%| F|  |TAMS 0x0000000092300000, 0x0000000092300000| Untracked 
| 242|0x0000000092400000, 0x0000000092400000, 0x0000000092500000|  0%| F|  |TAMS 0x0000000092400000, 0x0000000092400000| Untracked 
| 243|0x0000000092500000, 0x0000000092500000, 0x0000000092600000|  0%| F|  |TAMS 0x0000000092500000, 0x0000000092500000| Untracked 
| 244|0x0000000092600000, 0x0000000092600000, 0x0000000092700000|  0%| F|  |TAMS 0x0000000092600000, 0x0000000092600000| Untracked 
| 245|0x0000000092700000, 0x0000000092700000, 0x0000000092800000|  0%| F|  |TAMS 0x0000000092700000, 0x0000000092700000| Untracked 
| 246|0x0000000092800000, 0x0000000092800000, 0x0000000092900000|  0%| F|  |TAMS 0x0000000092800000, 0x0000000092800000| Untracked 
| 247|0x0000000092900000, 0x0000000092900000, 0x0000000092a00000|  0%| F|  |TAMS 0x0000000092900000, 0x0000000092900000| Untracked 
| 248|0x0000000092a00000, 0x0000000092a00000, 0x0000000092b00000|  0%| F|  |TAMS 0x0000000092a00000, 0x0000000092a00000| Untracked 
| 249|0x0000000092b00000, 0x0000000092b00000, 0x0000000092c00000|  0%| F|  |TAMS 0x0000000092b00000, 0x0000000092b00000| Untracked 
| 250|0x0000000092c00000, 0x0000000092c00000, 0x0000000092d00000|  0%| F|  |TAMS 0x0000000092c00000, 0x0000000092c00000| Untracked 
| 251|0x0000000092d00000, 0x0000000092d00000, 0x0000000092e00000|  0%| F|  |TAMS 0x0000000092d00000, 0x0000000092d00000| Untracked 
| 252|0x0000000092e00000, 0x0000000092e00000, 0x0000000092f00000|  0%| F|  |TAMS 0x0000000092e00000, 0x0000000092e00000| Untracked 
| 253|0x0000000092f00000, 0x0000000092f00000, 0x0000000093000000|  0%| F|  |TAMS 0x0000000092f00000, 0x0000000092f00000| Untracked 
| 254|0x0000000093000000, 0x0000000093000000, 0x0000000093100000|  0%| F|  |TAMS 0x0000000093000000, 0x0000000093000000| Untracked 
| 255|0x0000000093100000, 0x0000000093100000, 0x0000000093200000|  0%| F|  |TAMS 0x0000000093100000, 0x0000000093100000| Untracked 
| 256|0x0000000093200000, 0x0000000093200000, 0x0000000093300000|  0%| F|  |TAMS 0x0000000093200000, 0x0000000093200000| Untracked 
| 257|0x0000000093300000, 0x0000000093300000, 0x0000000093400000|  0%| F|  |TAMS 0x0000000093300000, 0x0000000093300000| Untracked 
| 258|0x0000000093400000, 0x0000000093400000, 0x0000000093500000|  0%| F|  |TAMS 0x0000000093400000, 0x0000000093400000| Untracked 
| 259|0x0000000093500000, 0x0000000093500000, 0x0000000093600000|  0%| F|  |TAMS 0x0000000093500000, 0x0000000093500000| Untracked 
| 260|0x0000000093600000, 0x0000000093600000, 0x0000000093700000|  0%| F|  |TAMS 0x0000000093600000, 0x0000000093600000| Untracked 
| 261|0x0000000093700000, 0x0000000093700000, 0x0000000093800000|  0%| F|  |TAMS 0x0000000093700000, 0x0000000093700000| Untracked 
| 262|0x0000000093800000, 0x0000000093800000, 0x0000000093900000|  0%| F|  |TAMS 0x0000000093800000, 0x0000000093800000| Untracked 
| 263|0x0000000093900000, 0x0000000093900000, 0x0000000093a00000|  0%| F|  |TAMS 0x0000000093900000, 0x0000000093900000| Untracked 
| 264|0x0000000093a00000, 0x0000000093a00000, 0x0000000093b00000|  0%| F|  |TAMS 0x0000000093a00000, 0x0000000093a00000| Untracked 
| 265|0x0000000093b00000, 0x0000000093b00000, 0x0000000093c00000|  0%| F|  |TAMS 0x0000000093b00000, 0x0000000093b00000| Untracked 
| 266|0x0000000093c00000, 0x0000000093c00000, 0x0000000093d00000|  0%| F|  |TAMS 0x0000000093c00000, 0x0000000093c00000| Untracked 
| 267|0x0000000093d00000, 0x0000000093d00000, 0x0000000093e00000|  0%| F|  |TAMS 0x0000000093d00000, 0x0000000093d00000| Untracked 
| 268|0x0000000093e00000, 0x0000000093e00000, 0x0000000093f00000|  0%| F|  |TAMS 0x0000000093e00000, 0x0000000093e00000| Untracked 
| 269|0x0000000093f00000, 0x0000000093f00000, 0x0000000094000000|  0%| F|  |TAMS 0x0000000093f00000, 0x0000000093f00000| Untracked 
| 270|0x0000000094000000, 0x0000000094000000, 0x0000000094100000|  0%| F|  |TAMS 0x0000000094000000, 0x0000000094000000| Untracked 
| 271|0x0000000094100000, 0x0000000094100000, 0x0000000094200000|  0%| F|  |TAMS 0x0000000094100000, 0x0000000094100000| Untracked 
| 272|0x0000000094200000, 0x0000000094200000, 0x0000000094300000|  0%| F|  |TAMS 0x0000000094200000, 0x0000000094200000| Untracked 
| 273|0x0000000094300000, 0x0000000094300000, 0x0000000094400000|  0%| F|  |TAMS 0x0000000094300000, 0x0000000094300000| Untracked 
| 274|0x0000000094400000, 0x0000000094400000, 0x0000000094500000|  0%| F|  |TAMS 0x0000000094400000, 0x0000000094400000| Untracked 
| 275|0x0000000094500000, 0x0000000094500000, 0x0000000094600000|  0%| F|  |TAMS 0x0000000094500000, 0x0000000094500000| Untracked 
| 276|0x0000000094600000, 0x0000000094600000, 0x0000000094700000|  0%| F|  |TAMS 0x0000000094600000, 0x0000000094600000| Untracked 
| 277|0x0000000094700000, 0x0000000094700000, 0x0000000094800000|  0%| F|  |TAMS 0x0000000094700000, 0x0000000094700000| Untracked 
| 278|0x0000000094800000, 0x0000000094800000, 0x0000000094900000|  0%| F|  |TAMS 0x0000000094800000, 0x0000000094800000| Untracked 
| 279|0x0000000094900000, 0x0000000094900000, 0x0000000094a00000|  0%| F|  |TAMS 0x0000000094900000, 0x0000000094900000| Untracked 
| 280|0x0000000094a00000, 0x0000000094a00000, 0x0000000094b00000|  0%| F|  |TAMS 0x0000000094a00000, 0x0000000094a00000| Untracked 
| 281|0x0000000094b00000, 0x0000000094b00000, 0x0000000094c00000|  0%| F|  |TAMS 0x0000000094b00000, 0x0000000094b00000| Untracked 
| 282|0x0000000094c00000, 0x0000000094c00000, 0x0000000094d00000|  0%| F|  |TAMS 0x0000000094c00000, 0x0000000094c00000| Untracked 
| 283|0x0000000094d00000, 0x0000000094d00000, 0x0000000094e00000|  0%| F|  |TAMS 0x0000000094d00000, 0x0000000094d00000| Untracked 
| 284|0x0000000094e00000, 0x0000000094e00000, 0x0000000094f00000|  0%| F|  |TAMS 0x0000000094e00000, 0x0000000094e00000| Untracked 
| 285|0x0000000094f00000, 0x0000000094f00000, 0x0000000095000000|  0%| F|  |TAMS 0x0000000094f00000, 0x0000000094f00000| Untracked 
| 286|0x0000000095000000, 0x0000000095000000, 0x0000000095100000|  0%| F|  |TAMS 0x0000000095000000, 0x0000000095000000| Untracked 
| 287|0x0000000095100000, 0x0000000095100000, 0x0000000095200000|  0%| F|  |TAMS 0x0000000095100000, 0x0000000095100000| Untracked 
| 288|0x0000000095200000, 0x0000000095200000, 0x0000000095300000|  0%| F|  |TAMS 0x0000000095200000, 0x0000000095200000| Untracked 
| 289|0x0000000095300000, 0x0000000095300000, 0x0000000095400000|  0%| F|  |TAMS 0x0000000095300000, 0x0000000095300000| Untracked 

Card table byte_map: [0x0000021c128d0000,0x0000021c12cc0000] _byte_map_base: 0x0000021c124b7000

Marking Bits (Prev, Next): (CMBitMap*) 0x0000021c0c79e130, (CMBitMap*) 0x0000021c0c79e0f0
 Prev Bits: [0x0000021c14ff0000, 0x0000021c16f28000)
 Next Bits: [0x0000021c130b0000, 0x0000021c14fe8000)

Polling page: 0x0000021c0bf10000

Metaspace:

Usage:
  Non-class:     32.60 MB used.
      Class:      4.75 MB used.
       Both:     37.36 MB used.

Virtual space:
  Non-class space:       40.00 MB reserved,      32.75 MB ( 82%) committed,  5 nodes.
      Class space:        1.00 GB reserved,       4.88 MB ( <1%) committed,  1 nodes.
             Both:        1.04 GB reserved,      37.62 MB (  4%) committed. 

Chunk freelists:
   Non-Class:  2.83 MB
       Class:  3.06 MB
        Both:  5.89 MB

MaxMetaspaceSize: unlimited
CompressedClassSpaceSize: 1.00 GB
Initial GC threshold: 21.00 MB
Current GC threshold: 60.75 MB
CDS: off
MetaspaceReclaimPolicy: balanced
 - commit_granule_bytes: 65536.
 - commit_granule_words: 8192.
 - virtual_space_node_default_size: 1048576.
 - enlarge_chunks_in_place: 1.
 - new_chunks_are_fully_committed: 0.
 - uncommit_free_chunks: 1.
 - use_allocation_guard: 0.
 - handle_deallocations: 1.


Internal statistics:

num_allocs_failed_limit: 3.
num_arena_births: 342.
num_arena_deaths: 0.
num_vsnodes_births: 6.
num_vsnodes_deaths: 0.
num_space_committed: 602.
num_space_uncommitted: 0.
num_chunks_returned_to_freelist: 3.
num_chunks_taken_from_freelist: 1462.
num_chunk_merges: 3.
num_chunk_splits: 1004.
num_chunks_enlarged: 783.
num_purges: 0.
num_inconsistent_stats: 0.

CodeCache: size=49152Kb used=9151Kb max_used=9151Kb free=40000Kb
 bounds [0x0000021c0f3d0000, 0x0000021c0fcc0000, 0x0000021c123d0000]
 total_blobs=4269 nmethods=3736 adapters=456
 compilation: enabled
              stopped_count=0, restarted_count=0
 full_count=0

Compilation events (20 events):
Event: 5.239 Thread 0x0000021c1a61bf80 3727       1       java.util.Hashtable$Entry::getKey (5 bytes)
Event: 5.239 Thread 0x0000021c1aefe9d0 3728       1       java.util.Hashtable$Entry::getValue (5 bytes)
Event: 5.239 Thread 0x0000021c1a41e290 3729       1       java.util.Hashtable$Enumerator::hasMoreElements (53 bytes)
Event: 5.239 Thread 0x0000021c1ae83bb0 3730       1       java.util.Hashtable$Enumerator::nextElement (111 bytes)
Event: 5.240 Thread 0x0000021c1a61bf80 nmethod 3727 0x0000021c0fcbbc90 code [0x0000021c0fcbbe20, 0x0000021c0fcbbef8]
Event: 5.240 Thread 0x0000021c1aefe9d0 nmethod 3728 0x0000021c0fcbbf90 code [0x0000021c0fcbc120, 0x0000021c0fcbc1f8]
Event: 5.240 Thread 0x0000021c1a61bf80 3731       1       java.util.Hashtable$Enumerator::hasNext (5 bytes)
Event: 5.240 Thread 0x0000021c1aefe9d0 3732       1       java.util.Hashtable$Enumerator::next (27 bytes)
Event: 5.240 Thread 0x0000021c1a61bf80 nmethod 3731 0x0000021c0fcbc290 code [0x0000021c0fcbc420, 0x0000021c0fcbc508]
Event: 5.240 Thread 0x0000021c1a41e290 nmethod 3729 0x0000021c0fcbc590 code [0x0000021c0fcbc720, 0x0000021c0fcbc898]
Event: 5.240 Thread 0x0000021c1aefe9d0 nmethod 3732 0x0000021c0fcbc990 code [0x0000021c0fcbcb40, 0x0000021c0fcbccd8]
Event: 5.240 Thread 0x0000021c1ae83bb0 nmethod 3730 0x0000021c0fcbce10 code [0x0000021c0fcbcfc0, 0x0000021c0fcbd2e8]
Event: 5.243 Thread 0x0000021c1a41e290 3733       1       java.util.concurrent.locks.ReentrantLock$NonfairSync::tryAcquire (27 bytes)
Event: 5.243 Thread 0x0000021c1a41e290 nmethod 3733 0x0000021c0fcbd710 code [0x0000021c0fcbd8a0, 0x0000021c0fcbda18]
Event: 5.246 Thread 0x0000021c1a41e290 3734       1       java.lang.invoke.DelegatingMethodHandle::<init> (10 bytes)
Event: 5.246 Thread 0x0000021c1ae83bb0 3735       1       java.lang.invoke.DelegatingMethodHandle::chooseDelegatingForm (24 bytes)
Event: 5.246 Thread 0x0000021c1ae83bb0 nmethod 3735 0x0000021c0fcbda90 code [0x0000021c0fcbdc40, 0x0000021c0fcbdda8]
Event: 5.246 Thread 0x0000021c1a41e290 nmethod 3734 0x0000021c0fcbde90 code [0x0000021c0fcbe040, 0x0000021c0fcbe1d8]
Event: 5.247 Thread 0x0000021c1a41e290 3736   !   1       sun.security.util.ManifestEntryVerifier::setEntry (298 bytes)
Event: 5.250 Thread 0x0000021c1a41e290 nmethod 3736 0x0000021c0fcbe310 code [0x0000021c0fcbe6c0, 0x0000021c0fcbf4b8]

GC Heap History (20 events):
Event: 4.395 GC heap after
{Heap after GC invocations=13 (full 0):
 garbage-first heap   total 65536K, used 32681K [0x0000000083200000, 0x0000000100000000)
  region size 1024K, 2 young (2048K), 2 survivors (2048K)
 Metaspace       used 34021K, committed 34304K, reserved 1081344K
  class space    used 4344K, committed 4480K, reserved 1048576K
}
Event: 4.399 GC heap before
{Heap before GC invocations=13 (full 0):
 garbage-first heap   total 65536K, used 33705K [0x0000000083200000, 0x0000000100000000)
  region size 1024K, 3 young (3072K), 2 survivors (2048K)
 Metaspace       used 34040K, committed 34368K, reserved 1081344K
  class space    used 4346K, committed 4544K, reserved 1048576K
}
Event: 4.402 GC heap after
{Heap after GC invocations=14 (full 0):
 garbage-first heap   total 122880K, used 33179K [0x0000000083200000, 0x0000000100000000)
  region size 1024K, 1 young (1024K), 1 survivors (1024K)
 Metaspace       used 34040K, committed 34368K, reserved 1081344K
  class space    used 4346K, committed 4544K, reserved 1048576K
}
Event: 4.551 GC heap before
{Heap before GC invocations=14 (full 0):
 garbage-first heap   total 122880K, used 86427K [0x0000000083200000, 0x0000000100000000)
  region size 1024K, 53 young (54272K), 1 survivors (1024K)
 Metaspace       used 34625K, committed 34944K, reserved 1081344K
  class space    used 4432K, committed 4608K, reserved 1048576K
}
Event: 4.561 GC heap after
{Heap after GC invocations=15 (full 0):
 garbage-first heap   total 122880K, used 45313K [0x0000000083200000, 0x0000000100000000)
  region size 1024K, 7 young (7168K), 7 survivors (7168K)
 Metaspace       used 34625K, committed 34944K, reserved 1081344K
  class space    used 4432K, committed 4608K, reserved 1048576K
}
Event: 4.815 GC heap before
{Heap before GC invocations=15 (full 0):
 garbage-first heap   total 122880K, used 83201K [0x0000000083200000, 0x0000000100000000)
  region size 1024K, 44 young (45056K), 7 survivors (7168K)
 Metaspace       used 36076K, committed 36416K, reserved 1081344K
  class space    used 4706K, committed 4864K, reserved 1048576K
}
Event: 4.826 GC heap after
{Heap after GC invocations=16 (full 0):
 garbage-first heap   total 122880K, used 56760K [0x0000000083200000, 0x0000000100000000)
  region size 1024K, 6 young (6144K), 6 survivors (6144K)
 Metaspace       used 36076K, committed 36416K, reserved 1081344K
  class space    used 4706K, committed 4864K, reserved 1048576K
}
Event: 4.893 GC heap before
{Heap before GC invocations=16 (full 0):
 garbage-first heap   total 122880K, used 86456K [0x0000000083200000, 0x0000000100000000)
  region size 1024K, 35 young (35840K), 6 survivors (6144K)
 Metaspace       used 36547K, committed 36928K, reserved 1081344K
  class space    used 4739K, committed 4928K, reserved 1048576K
}
Event: 4.915 GC heap after
{Heap after GC invocations=17 (full 0):
 garbage-first heap   total 122880K, used 65769K [0x0000000083200000, 0x0000000100000000)
  region size 1024K, 5 young (5120K), 5 survivors (5120K)
 Metaspace       used 36547K, committed 36928K, reserved 1081344K
  class space    used 4739K, committed 4928K, reserved 1048576K
}
Event: 4.929 GC heap before
{Heap before GC invocations=17 (full 0):
 garbage-first heap   total 122880K, used 89321K [0x0000000083200000, 0x0000000100000000)
  region size 1024K, 29 young (29696K), 5 survivors (5120K)
 Metaspace       used 36567K, committed 36928K, reserved 1081344K
  class space    used 4742K, committed 4928K, reserved 1048576K
}
Event: 4.935 GC heap after
{Heap after GC invocations=18 (full 0):
 garbage-first heap   total 288768K, used 68541K [0x0000000083200000, 0x0000000100000000)
  region size 1024K, 2 young (2048K), 2 survivors (2048K)
 Metaspace       used 36567K, committed 36928K, reserved 1081344K
  class space    used 4742K, committed 4928K, reserved 1048576K
}
Event: 5.012 GC heap before
{Heap before GC invocations=18 (full 0):
 garbage-first heap   total 296960K, used 184253K [0x0000000083200000, 0x0000000100000000)
  region size 1024K, 117 young (119808K), 2 survivors (2048K)
 Metaspace       used 36965K, committed 37312K, reserved 1089536K
  class space    used 4772K, committed 4928K, reserved 1048576K
}
Event: 5.017 GC heap after
{Heap after GC invocations=19 (full 0):
 garbage-first heap   total 296960K, used 71816K [0x0000000083200000, 0x0000000100000000)
  region size 1024K, 6 young (6144K), 6 survivors (6144K)
 Metaspace       used 36965K, committed 37312K, reserved 1089536K
  class space    used 4772K, committed 4928K, reserved 1048576K
}
Event: 5.083 GC heap before
{Heap before GC invocations=20 (full 0):
 garbage-first heap   total 296960K, used 219272K [0x0000000083200000, 0x0000000100000000)
  region size 1024K, 151 young (154624K), 6 survivors (6144K)
 Metaspace       used 37345K, committed 37696K, reserved 1089536K
  class space    used 4816K, committed 4992K, reserved 1048576K
}
Event: 5.092 GC heap after
{Heap after GC invocations=21 (full 0):
 garbage-first heap   total 296960K, used 77008K [0x0000000083200000, 0x0000000100000000)
  region size 1024K, 11 young (11264K), 11 survivors (11264K)
 Metaspace       used 37345K, committed 37696K, reserved 1089536K
  class space    used 4816K, committed 4992K, reserved 1048576K
}
Event: 5.095 GC heap before
{Heap before GC invocations=21 (full 0):
 garbage-first heap   total 296960K, used 79056K [0x0000000083200000, 0x0000000100000000)
  region size 1024K, 14 young (14336K), 11 survivors (11264K)
 Metaspace       used 37353K, committed 37696K, reserved 1089536K
  class space    used 4817K, committed 4992K, reserved 1048576K
}
Event: 5.102 GC heap after
{Heap after GC invocations=22 (full 0):
 garbage-first heap   total 296960K, used 76930K [0x0000000083200000, 0x0000000100000000)
  region size 1024K, 2 young (2048K), 2 survivors (2048K)
 Metaspace       used 37353K, committed 37696K, reserved 1089536K
  class space    used 4817K, committed 4992K, reserved 1048576K
}
Event: 5.179 GC heap before
{Heap before GC invocations=22 (full 0):
 garbage-first heap   total 296960K, used 227458K [0x0000000083200000, 0x0000000100000000)
  region size 1024K, 150 young (153600K), 2 survivors (2048K)
 Metaspace       used 37754K, committed 38080K, reserved 1089536K
  class space    used 4849K, committed 4992K, reserved 1048576K
}
Event: 5.183 GC heap after
{Heap after GC invocations=23 (full 0):
 garbage-first heap   total 296960K, used 81839K [0x0000000083200000, 0x0000000100000000)
  region size 1024K, 7 young (7168K), 7 survivors (7168K)
 Metaspace       used 37754K, committed 38080K, reserved 1089536K
  class space    used 4849K, committed 4992K, reserved 1048576K
}
Event: 5.250 GC heap before
{Heap before GC invocations=23 (full 0):
 garbage-first heap   total 296960K, used 232367K [0x0000000083200000, 0x0000000100000000)
  region size 1024K, 155 young (158720K), 7 survivors (7168K)
 Metaspace       used 38255K, committed 38528K, reserved 1089536K
  class space    used 4868K, committed 4992K, reserved 1048576K
}

Deoptimization events (12 events):
Event: 2.243 Thread 0x0000021c0c7469f0 DEOPT PACKING pc=0x0000021c0f921699 sp=0x0000004ea73fd2e0
Event: 2.243 Thread 0x0000021c0c7469f0 DEOPT UNPACKING pc=0x0000021c0f426763 sp=0x0000004ea73fc7c0 mode 3
Event: 3.997 Thread 0x0000021c0c7469f0 DEOPT PACKING pc=0x0000021c0fa88719 sp=0x0000004ea73fc850
Event: 3.997 Thread 0x0000021c0c7469f0 DEOPT UNPACKING pc=0x0000021c0f426763 sp=0x0000004ea73fbd30 mode 3
Event: 4.067 Thread 0x0000021c1a415840 DEOPT PACKING pc=0x0000021c0fada1ab sp=0x0000004ea91fea60
Event: 4.067 Thread 0x0000021c1a415840 DEOPT UNPACKING pc=0x0000021c0f426763 sp=0x0000004ea91fdfa8 mode 3
Event: 4.255 Thread 0x0000021c1c5ccc40 DEOPT PACKING pc=0x0000021c0f91f981 sp=0x0000004ea9dfee10
Event: 4.255 Thread 0x0000021c1c5ccc40 DEOPT UNPACKING pc=0x0000021c0f426763 sp=0x0000004ea9dfe2a0 mode 3
Event: 4.620 Thread 0x0000021c1c5c8db0 DEOPT PACKING pc=0x0000021c0fc49635 sp=0x0000004eaa4fd480
Event: 4.620 Thread 0x0000021c1c5c8db0 DEOPT UNPACKING pc=0x0000021c0f426763 sp=0x0000004eaa4fc9a8 mode 3
Event: 4.743 Thread 0x0000021c1a416b80 DEOPT PACKING pc=0x0000021c0f91da97 sp=0x0000004ea97fee50
Event: 4.743 Thread 0x0000021c1a416b80 DEOPT UNPACKING pc=0x0000021c0f426763 sp=0x0000004ea97fe2a8 mode 3

Classes unloaded (0 events):
No events

Classes redefined (0 events):
No events

Internal exceptions (20 events):
Event: 4.104 Thread 0x0000021c1a4161e0 Exception <a 'sun/nio/fs/WindowsException'{0x00000000857f9638}> (0x00000000857f9638) 
thrown [s\src\hotspot\share\prims\jni.cpp, line 516]
Event: 4.105 Thread 0x0000021c1a4161e0 Exception <a 'sun/nio/fs/WindowsException'{0x00000000857f99f8}> (0x00000000857f99f8) 
thrown [s\src\hotspot\share\prims\jni.cpp, line 516]
Event: 4.105 Thread 0x0000021c1a4161e0 Exception <a 'sun/nio/fs/WindowsException'{0x00000000857fa3f8}> (0x00000000857fa3f8) 
thrown [s\src\hotspot\share\prims\jni.cpp, line 516]
Event: 4.105 Thread 0x0000021c1a4161e0 Exception <a 'sun/nio/fs/WindowsException'{0x00000000857fa7a8}> (0x00000000857fa7a8) 
thrown [s\src\hotspot\share\prims\jni.cpp, line 516]
Event: 4.105 Thread 0x0000021c1a4161e0 Exception <a 'sun/nio/fs/WindowsException'{0x00000000857fb1a8}> (0x00000000857fb1a8) 
thrown [s\src\hotspot\share\prims\jni.cpp, line 516]
Event: 4.105 Thread 0x0000021c1a4161e0 Exception <a 'sun/nio/fs/WindowsException'{0x00000000855100c0}> (0x00000000855100c0) 
thrown [s\src\hotspot\share\prims\jni.cpp, line 516]
Event: 4.105 Thread 0x0000021c1a4161e0 Exception <a 'sun/nio/fs/WindowsException'{0x0000000085510ae8}> (0x0000000085510ae8) 
thrown [s\src\hotspot\share\prims\jni.cpp, line 516]
Event: 4.105 Thread 0x0000021c1a4161e0 Exception <a 'sun/nio/fs/WindowsException'{0x0000000085510ec8}> (0x0000000085510ec8) 
thrown [s\src\hotspot\share\prims\jni.cpp, line 516]
Event: 4.106 Thread 0x0000021c1a4161e0 Exception <a 'sun/nio/fs/WindowsException'{0x0000000085511900}> (0x0000000085511900) 
thrown [s\src\hotspot\share\prims\jni.cpp, line 516]
Event: 4.106 Thread 0x0000021c1a4161e0 Exception <a 'sun/nio/fs/WindowsException'{0x0000000085511cf0}> (0x0000000085511cf0) 
thrown [s\src\hotspot\share\prims\jni.cpp, line 516]
Event: 4.106 Thread 0x0000021c1a4161e0 Exception <a 'sun/nio/fs/WindowsException'{0x0000000085512718}> (0x0000000085512718) 
thrown [s\src\hotspot\share\prims\jni.cpp, line 516]
Event: 4.106 Thread 0x0000021c1a4161e0 Exception <a 'sun/nio/fs/WindowsException'{0x0000000085512b08}> (0x0000000085512b08) 
thrown [s\src\hotspot\share\prims\jni.cpp, line 516]
Event: 4.147 Thread 0x0000021c0c7469f0 Exception <a 'java/lang/NoSuchMethodError'{0x0000000089e825d0}: 'java.lang.Object java.lang.invoke.DirectMethodHandle$Holder.newInvokeSpecial(java.lang.Object, java.lang.Object, int, java.lang.Object, java.lang.Object)'> (0x0000000089e825d0) 
thrown [s\src\hotspot\share\interpreter\linkResolver.cpp, line 759]
Event: 4.149 Thread 0x0000021c0c7469f0 Exception <a 'java/lang/NoSuchMethodError'{0x0000000089b813e0}: 'java.lang.Object java.lang.invoke.DirectMethodHandle$Holder.invokeSpecial(java.lang.Object, java.lang.Object, int, java.lang.Object, int, java.lang.Object)'> (0x0000000089b813e0) 
thrown [s\src\hotspot\share\interpreter\linkResolver.cpp, line 759]
Event: 4.150 Thread 0x0000021c0c7469f0 Exception <a 'java/lang/NoSuchMethodError'{0x0000000089b891e0}: 'java.lang.Object java.lang.invoke.DirectMethodHandle$Holder.newInvokeSpecial(java.lang.Object, java.lang.Object, int, java.lang.Object, int)'> (0x0000000089b891e0) 
thrown [s\src\hotspot\share\interpreter\linkResolver.cpp, line 759]
Event: 4.150 Thread 0x0000021c0c7469f0 Exception <a 'java/lang/NoSuchMethodError'{0x0000000089b8d2e0}: 'java.lang.Object java.lang.invoke.DirectMethodHandle$Holder.invokeSpecial(java.lang.Object, java.lang.Object, java.lang.Object, int, java.lang.Object, int)'> (0x0000000089b8d2e0) 
thrown [s\src\hotspot\share\interpreter\linkResolver.cpp, line 759]
Event: 4.611 Thread 0x0000021c1c5cedf0 Exception <a 'java/lang/NoSuchMethodError'{0x0000000089f9f540}: 'java.lang.Object java.lang.invoke.DirectMethodHandle$Holder.invokeStatic(java.lang.Object, java.lang.Object, java.lang.Object, int, java.lang.Object, java.lang.Object)'> (0x0000000089f9f540) 
thrown [s\src\hotspot\share\interpreter\linkResolver.cpp, line 759]
Event: 4.614 Thread 0x0000021c1c5c8db0 Exception <a 'java/lang/NoSuchMethodError'{0x0000000089fd8618}: 'java.lang.Object java.lang.invoke.DirectMethodHandle$Holder.invokeStatic(java.lang.Object, int, java.lang.Object)'> (0x0000000089fd8618) 
thrown [s\src\hotspot\share\interpreter\linkResolver.cpp, line 759]
Event: 4.771 Thread 0x0000021c1c5c8db0 Exception <a 'java/lang/NoSuchMethodError'{0x00000000891f6178}: 'int java.lang.invoke.DirectMethodHandle$Holder.invokeStatic(java.lang.Object)'> (0x00000000891f6178) 
thrown [s\src\hotspot\share\interpreter\linkResolver.cpp, line 759]
Event: 4.771 Thread 0x0000021c1c5c8db0 Exception <a 'java/lang/NoSuchMethodError'{0x00000000891f9820}: 'int java.lang.invoke.DirectMethodHandle$Holder.invokeStaticInit(java.lang.Object)'> (0x00000000891f9820) 
thrown [s\src\hotspot\share\interpreter\linkResolver.cpp, line 759]

VM Operations (20 events):
Event: 5.007 Executing VM operation: G1Concurrent done
Event: 5.011 Executing VM operation: G1CollectForAllocation
Event: 5.012 Executing VM operation: G1CollectForAllocation done
Event: 5.012 Executing VM operation: G1CollectForAllocation
Event: 5.017 Executing VM operation: G1CollectForAllocation done
Event: 5.046 Executing VM operation: G1Concurrent
Event: 5.046 Executing VM operation: G1Concurrent done
Event: 5.083 Executing VM operation: G1CollectForAllocation
Event: 5.083 Executing VM operation: G1CollectForAllocation done
Event: 5.083 Executing VM operation: G1CollectForAllocation
Event: 5.092 Executing VM operation: G1CollectForAllocation done
Event: 5.095 Executing VM operation: G1CollectForAllocation
Event: 5.102 Executing VM operation: G1CollectForAllocation done
Event: 5.178 Executing VM operation: G1CollectForAllocation
Event: 5.178 Executing VM operation: G1CollectForAllocation done
Event: 5.178 Executing VM operation: G1CollectForAllocation
Event: 5.183 Executing VM operation: G1CollectForAllocation done
Event: 5.250 Executing VM operation: G1CollectForAllocation
Event: 5.250 Executing VM operation: G1CollectForAllocation done
Event: 5.250 Executing VM operation: G1CollectForAllocation

Events (20 events):
Event: 4.791 loading class java/util/concurrent/CompletableFuture$UniExceptionally
Event: 4.791 loading class java/util/concurrent/CompletableFuture$UniExceptionally done
Event: 4.791 loading class java/util/concurrent/CompletableFuture$UniApply
Event: 4.791 loading class java/util/concurrent/CompletableFuture$UniApply done
Event: 4.796 loading class jdk/internal/vm/annotation/ForceInline
Event: 4.796 loading class jdk/internal/vm/annotation/ForceInline done
Event: 4.828 loading class java/util/stream/Nodes$SpinedNodeBuilder
Event: 4.829 loading class java/util/stream/Nodes$SpinedNodeBuilder done
Event: 5.020 loading class java/util/zip/GZIPOutputStream
Event: 5.020 loading class java/util/zip/DeflaterOutputStream
Event: 5.020 loading class java/util/zip/DeflaterOutputStream done
Event: 5.020 loading class java/util/zip/GZIPOutputStream done
Event: 5.059 loading class java/util/zip/GZIPInputStream
Event: 5.059 loading class java/util/zip/GZIPInputStream done
Event: 5.073 loading class java/net/SocketTimeoutException
Event: 5.073 loading class java/io/InterruptedIOException
Event: 5.073 loading class java/io/InterruptedIOException done
Event: 5.073 loading class java/net/SocketTimeoutException done
Event: 5.073 loading class java/net/ProtocolException
Event: 5.073 loading class java/net/ProtocolException done


Dynamic libraries:
0x00007ff788f80000 - 0x00007ff788f8e000 	c:\Users\datea\.vscode\extensions\redhat.java-1.11.0-win32-x64\jre\17.0.4.1-win32-x86_64\bin\java.exe
0x00007ffe637d0000 - 0x00007ffe639e9000 	C:\WINDOWS\SYSTEM32\ntdll.dll
0x00007ffe63310000 - 0x00007ffe633d2000 	C:\WINDOWS\System32\KERNEL32.DLL
0x00007ffe60d10000 - 0x00007ffe610ac000 	C:\WINDOWS\System32\KERNELBASE.dll
0x00007ffe60bf0000 - 0x00007ffe60d0b000 	C:\WINDOWS\System32\ucrtbase.dll
0x00007ffe54f70000 - 0x00007ffe54f89000 	c:\Users\datea\.vscode\extensions\redhat.java-1.11.0-win32-x64\jre\17.0.4.1-win32-x86_64\bin\VCRUNTIME140.dll
0x00007ffe553b0000 - 0x00007ffe553c8000 	c:\Users\datea\.vscode\extensions\redhat.java-1.11.0-win32-x64\jre\17.0.4.1-win32-x86_64\bin\jli.dll
0x00007ffe630c0000 - 0x00007ffe6326c000 	C:\WINDOWS\System32\USER32.dll
0x00007ffe60bc0000 - 0x00007ffe60be6000 	C:\WINDOWS\System32\win32u.dll
0x00007ffe632c0000 - 0x00007ffe632e9000 	C:\WINDOWS\System32\GDI32.dll
0x00007ffe45bd0000 - 0x00007ffe45e61000 	C:\WINDOWS\WinSxS\amd64_microsoft.windows.common-controls_6595b64144ccf1df_6.0.25227.1000_none_7b35d90bf2068bf3\COMCTL32.dll
0x00007ffe610b0000 - 0x00007ffe611c6000 	C:\WINDOWS\System32\gdi32full.dll
0x00007ffe63580000 - 0x00007ffe63627000 	C:\WINDOWS\System32\msvcrt.dll
0x00007ffe61380000 - 0x00007ffe6141a000 	C:\WINDOWS\System32\msvcp_win.dll
0x00007ffe618a0000 - 0x00007ffe618d1000 	C:\WINDOWS\System32\IMM32.DLL
0x00007ffe55390000 - 0x00007ffe5539c000 	c:\Users\datea\.vscode\extensions\redhat.java-1.11.0-win32-x64\jre\17.0.4.1-win32-x86_64\bin\vcruntime140_1.dll
0x00007ffe28fa0000 - 0x00007ffe29031000 	c:\Users\datea\.vscode\extensions\redhat.java-1.11.0-win32-x64\jre\17.0.4.1-win32-x86_64\bin\msvcp140.dll
0x00007ffe1db40000 - 0x00007ffe1e786000 	c:\Users\datea\.vscode\extensions\redhat.java-1.11.0-win32-x64\jre\17.0.4.1-win32-x86_64\bin\server\jvm.dll
0x00007ffe62fa0000 - 0x00007ffe6304e000 	C:\WINDOWS\System32\ADVAPI32.dll
0x00007ffe61660000 - 0x00007ffe61706000 	C:\WINDOWS\System32\sechost.dll
0x00007ffe61710000 - 0x00007ffe61837000 	C:\WINDOWS\System32\RPCRT4.dll
0x00007ffe630b0000 - 0x00007ffe630b8000 	C:\WINDOWS\System32\PSAPI.DLL
0x00007ffe55320000 - 0x00007ffe55329000 	C:\WINDOWS\SYSTEM32\WSOCK32.dll
0x00007ffe62540000 - 0x00007ffe625af000 	C:\WINDOWS\System32\WS2_32.dll
0x00007ffe53120000 - 0x00007ffe53155000 	C:\WINDOWS\SYSTEM32\WINMM.dll
0x00007ffe546c0000 - 0x00007ffe546ca000 	C:\WINDOWS\SYSTEM32\VERSION.dll
0x00007ffe5fb40000 - 0x00007ffe5fb58000 	C:\WINDOWS\SYSTEM32\kernel.appcore.dll
0x00007ffe550e0000 - 0x00007ffe550ea000 	c:\Users\datea\.vscode\extensions\redhat.java-1.11.0-win32-x64\jre\17.0.4.1-win32-x86_64\bin\jimage.dll
0x00007ffe5e430000 - 0x00007ffe5e663000 	C:\WINDOWS\SYSTEM32\DBGHELP.DLL
0x00007ffe62700000 - 0x00007ffe62a82000 	C:\WINDOWS\System32\combase.dll
0x00007ffe636b0000 - 0x00007ffe63788000 	C:\WINDOWS\System32\OLEAUT32.dll
0x00007ffe4fc20000 - 0x00007ffe4fc52000 	C:\WINDOWS\SYSTEM32\dbgcore.DLL
0x00007ffe61300000 - 0x00007ffe61379000 	C:\WINDOWS\System32\bcryptPrimitives.dll
0x00007ffe53870000 - 0x00007ffe53895000 	c:\Users\datea\.vscode\extensions\redhat.java-1.11.0-win32-x64\jre\17.0.4.1-win32-x86_64\bin\java.dll
0x00007ffe54f50000 - 0x00007ffe54f68000 	c:\Users\datea\.vscode\extensions\redhat.java-1.11.0-win32-x64\jre\17.0.4.1-win32-x86_64\bin\zip.dll
0x00007ffe61a60000 - 0x00007ffe62230000 	C:\WINDOWS\System32\SHELL32.dll
0x00007ffe5eac0000 - 0x00007ffe5f35a000 	C:\WINDOWS\SYSTEM32\windows.storage.dll
0x00007ffe5e920000 - 0x00007ffe5eab3000 	C:\WINDOWS\SYSTEM32\wintypes.dll
0x00007ffe62450000 - 0x00007ffe6253b000 	C:\WINDOWS\System32\SHCORE.dll
0x00007ffe61840000 - 0x00007ffe6189d000 	C:\WINDOWS\System32\shlwapi.dll
0x00007ffe60ae0000 - 0x00007ffe60b01000 	C:\WINDOWS\SYSTEM32\profapi.dll
0x00007ffe53360000 - 0x00007ffe53379000 	C:\Users\datea\.vscode\extensions\redhat.java-1.11.0-win32-x64\jre\17.0.4.1-win32-x86_64\bin\net.dll
0x00007ffe54590000 - 0x00007ffe546bb000 	C:\WINDOWS\SYSTEM32\WINHTTP.dll
0x00007ffe60010000 - 0x00007ffe60079000 	C:\WINDOWS\system32\mswsock.dll
0x00007ffe53340000 - 0x00007ffe53355000 	C:\Users\datea\.vscode\extensions\redhat.java-1.11.0-win32-x64\jre\17.0.4.1-win32-x86_64\bin\nio.dll
0x00007ffe54150000 - 0x00007ffe54160000 	c:\Users\datea\.vscode\extensions\redhat.java-1.11.0-win32-x64\jre\17.0.4.1-win32-x86_64\bin\verify.dll
0x00007ffe54140000 - 0x00007ffe54149000 	C:\Users\datea\.vscode\extensions\redhat.java-1.11.0-win32-x64\jre\17.0.4.1-win32-x86_64\bin\management.dll
0x00007ffe54130000 - 0x00007ffe5413b000 	C:\Users\datea\.vscode\extensions\redhat.java-1.11.0-win32-x64\jre\17.0.4.1-win32-x86_64\bin\management_ext.dll
0x00007ffe536e0000 - 0x00007ffe536f7000 	C:\WINDOWS\system32\napinsp.dll
0x00007ffe53250000 - 0x00007ffe5326a000 	C:\WINDOWS\system32\pnrpnsp.dll
0x00007ffe06e00000 - 0x00007ffe06e21000 	C:\WINDOWS\system32\nlansp_c.dll
0x00007ffe5f5e0000 - 0x00007ffe5f6df000 	C:\WINDOWS\SYSTEM32\DNSAPI.dll
0x00007ffe5f5b0000 - 0x00007ffe5f5de000 	C:\WINDOWS\SYSTEM32\IPHLPAPI.DLL
0x00007ffe62440000 - 0x00007ffe62449000 	C:\WINDOWS\System32\NSI.dll
0x00007ffe529e0000 - 0x00007ffe529f1000 	C:\WINDOWS\System32\winrnr.dll
0x00007ffe539b0000 - 0x00007ffe539c5000 	C:\WINDOWS\system32\wshbth.dll
0x00007ffe51c30000 - 0x00007ffe51c3a000 	C:\Windows\System32\rasadhlp.dll
0x00007ffe52bb0000 - 0x00007ffe52c34000 	C:\WINDOWS\System32\fwpuclnt.dll
0x00007ffe60290000 - 0x00007ffe602ab000 	C:\WINDOWS\SYSTEM32\CRYPTSP.dll
0x00007ffe5fa90000 - 0x00007ffe5fac4000 	C:\WINDOWS\system32\rsaenh.dll
0x00007ffe60110000 - 0x00007ffe60138000 	C:\WINDOWS\SYSTEM32\USERENV.dll
0x00007ffe60450000 - 0x00007ffe60478000 	C:\WINDOWS\SYSTEM32\bcrypt.dll
0x00007ffe602b0000 - 0x00007ffe602bc000 	C:\WINDOWS\SYSTEM32\CRYPTBASE.dll
0x00007ffe53220000 - 0x00007ffe53239000 	C:\WINDOWS\SYSTEM32\dhcpcsvc6.DLL
0x00007ffe531f0000 - 0x00007ffe5320f000 	C:\WINDOWS\SYSTEM32\dhcpcsvc.DLL

dbghelp: loaded successfully - version: 4.0.5 - missing functions: none
symbol engine: initialized successfully - sym options: 0x614 - pdb path: .;c:\Users\datea\.vscode\extensions\redhat.java-1.11.0-win32-x64\jre\17.0.4.1-win32-x86_64\bin;C:\WINDOWS\SYSTEM32;C:\WINDOWS\WinSxS\amd64_microsoft.windows.common-controls_6595b64144ccf1df_6.0.25227.1000_none_7b35d90bf2068bf3;c:\Users\datea\.vscode\extensions\redhat.java-1.11.0-win32-x64\jre\17.0.4.1-win32-x86_64\bin\server

VM Arguments:
jvm_args: -Dsts.lsp.client=vscode -Dsts.log.file=/dev/null -XX:TieredStopAtLevel=1 -Xlog:jni+resolve=off -Dspring.config.location=file:c:\Users\datea\.vscode\extensions\pivotal.vscode-spring-boot-1.39.0\language-server\BOOT-INF\classes\application.properties 
java_command: org.springframework.ide.vscode.boot.app.BootLanguageServerBootApp
java_class_path (initial): c:\Users\datea\.vscode\extensions\pivotal.vscode-spring-boot-1.39.0\language-server\BOOT-INF\classes;c:\Users\datea\.vscode\extensions\pivotal.vscode-spring-boot-1.39.0\language-server\BOOT-INF\lib\annotations-23.0.0.jar;c:\Users\datea\.vscode\extensions\pivotal.vscode-spring-boot-1.39.0\language-server\BOOT-INF\lib\antlr-runtime-3.5.2.jar;c:\Users\datea\.vscode\extensions\pivotal.vscode-spring-boot-1.39.0\language-server\BOOT-INF\lib\antlr4-4.9.3.jar;c:\Users\datea\.vscode\extensions\pivotal.vscode-spring-boot-1.39.0\language-server\BOOT-INF\lib\antlr4-runtime-4.9.3.jar;c:\Users\datea\.vscode\extensions\pivotal.vscode-spring-boot-1.39.0\language-server\BOOT-INF\lib\asm-9.3.jar;c:\Users\datea\.vscode\extensions\pivotal.vscode-spring-boot-1.39.0\language-server\BOOT-INF\lib\asm-analysis-9.3.jar;c:\Users\datea\.vscode\extensions\pivotal.vscode-spring-boot-1.39.0\language-server\BOOT-INF\lib\asm-tree-9.3.jar;c:\Users\datea\.vscode\extensions\pivotal.vscode-spring-boot-1.39.0\language-server\BOOT-INF\lib\asm-util-9.3.jar;c:\Users\datea\.vscode\extensions\pivotal.vscode-spring-boot-1.39.0\language-server\BOOT-INF\lib\byte-buddy-1.12.13.jar;c:\Users\datea\.vscode\extensions\pivotal.vscode-spring-boot-1.39.0\language-server\BOOT-INF\lib\caffeine-2.9.3.jar;c:\Users\datea\.vscode\extensions\pivotal.vscode-spring-boot-1.39.0\language-server\BOOT-INF\lib\checker-qual-3.12.0.jar;c:\Users\datea\.vscode\extensions\pivotal.vscode-spring-boot-1.39.0\language-server\BOOT-INF\lib\classgraph-4.8.149.jar;c:\Users\datea\.vscode\extensions\pivotal.vscode-spring-boot-1.39.0\language-server\BOOT-INF\lib\commons-codec-1.15.jar;c:\Users\datea\.vscode\extensions\pivotal.vscode-spring-boot-1.39.0\language-server\BOOT-INF\lib\commons-compress-1.21.jar;c:\Users\datea\.vscode\extensions\pivotal.vscode-spring-boot-1.39.0\language-server\BOOT-INF\lib\commons-exec-1.3.jar;c:\Users\datea\.vscode\extensions\pivotal.vscode-spring-boot-1.39.0\language-server\BOOT-INF\lib\com
Launcher Type: SUN_STANDARD

[Global flags]
     intx CICompilerCount                          = 4                                         {product} {ergonomic}
     uint ConcGCThreads                            = 2                                         {product} {ergonomic}
     uint G1ConcRefinementThreads                  = 8                                         {product} {ergonomic}
   size_t G1HeapRegionSize                         = 1048576                                   {product} {ergonomic}
    uintx GCDrainStackTargetSize                   = 64                                        {product} {ergonomic}
   size_t InitialHeapSize                          = 132120576                                 {product} {ergonomic}
   size_t MarkStackSize                            = 4194304                                   {product} {ergonomic}
   size_t MaxHeapSize                              = 2095054848                                {product} {ergonomic}
   size_t MaxNewSize                               = 1256194048                                {product} {ergonomic}
   size_t MinHeapDeltaBytes                        = 1048576                                   {product} {ergonomic}
   size_t MinHeapSize                              = 8388608                                   {product} {ergonomic}
    uintx NonProfiledCodeHeapSize                  = 0                                      {pd product} {ergonomic}
     bool ProfileInterpreter                       = false                                  {pd product} {command line}
    uintx ProfiledCodeHeapSize                     = 0                                      {pd product} {ergonomic}
   size_t SoftMaxHeapSize                          = 2095054848                             {manageable} {ergonomic}
     intx TieredStopAtLevel                        = 1                                         {product} {command line}
     bool UseCompressedClassPointers               = true                           {product lp64_product} {ergonomic}
     bool UseCompressedOops                        = true                           {product lp64_product} {ergonomic}
     bool UseG1GC                                  = true                                      {product} {ergonomic}
     bool UseLargePagesIndividualAllocation        = false                                  {pd product} {ergonomic}

Logging:
Log output configuration:
 #0: stdout all=warning,jni+resolve=off uptime,level,tags
 #1: stderr all=off uptime,level,tags

Environment Variables:
PATH=C:\Program Files\Java\jdk-15.0.2\bin;C:\Program Files\Common Files\Oracle\Java\javapath;C:\WINDOWS\system32;C:\WINDOWS;C:\WINDOWS\System32\Wbem;C:\WINDOWS\System32\WindowsPowerShell\v1.0\;C:\WINDOWS\System32\OpenSSH\;C:\Program Files\Azure Data Studio\bin;C:\Program Files\Microsoft SQL Server\Client SDK\ODBC\170\Tools\Binn\;C:\Program Files (x86)\Microsoft SQL Server\150\Tools\Binn\;C:\Program Files\Microsoft SQL Server\150\Tools\Binn\;C:\Program Files\Microsoft SQL Server\150\DTS\Binn\;C:\Program Files (x86)\Microsoft SQL Server\150\DTS\Binn\;C:\Program Files (x86)\GitExtensions\;F:\xampp\php;C:\ProgramData\ComposerSetup\bin;C:\xampp\php;C:\Program Files\Git\cmd;C:\Users\datea\AppData\Local\Microsoft\WindowsApps;C:\Users\datea\AppData\Local\Programs\Microsoft VS Code\bin;;C:\Program Files\Azure Data Studio\bin;C:\Users\datea\AppData\Roaming\Composer\vendor\bin
USERNAME=datea
OS=Windows_NT
PROCESSOR_IDENTIFIER=Intel64 Family 6 Model 126 Stepping 5, GenuineIntel
TMP=C:\Users\datea\AppData\Local\Temp
TEMP=C:\Users\datea\AppData\Local\Temp



---------------  S Y S T E M  ---------------

OS:
 Windows 11 , 64 bit Build 25227 (10.0.25227.1000)
OS uptime: 0 days 5:32 hours
Hyper-V role detected

CPU: total 8 (initial active 8) (4 cores per cpu, 2 threads per core) family 6 model 126 stepping 5 microcode 0xa6, cx8, cmov, fxsr, ht, mmx, 3dnowpref, sse, sse2, sse3, ssse3, sse4.1, sse4.2, popcnt, lzcnt, tsc, tscinvbit, avx, avx2, aes, erms, clmul, bmi1, bmi2, adx, avx512f, avx512dq, avx512cd, avx512bw, avx512vl, sha, fma, vzeroupper, avx512_vpopcntdq, avx512_vpclmulqdq, avx512_vaes, avx512_vnni, clflush, clflushopt, avx512_vbmi2, avx512_vbmi, hv

Memory: 4k page, system-wide physical 7987M (535M free)
TotalPageFile size 12083M (AvailPageFile size 296M)
current process WorkingSet (physical memory assigned to process): 400M, peak: 406M
current process commit charge ("private bytes"): 434M, peak: 921M

vm_info: OpenJDK 64-Bit Server VM (17.0.4.1+1) for windows-amd64 JRE (17.0.4.1+1), built on Aug 17 2022 07:42:43 by "temurin" with MS VC++ 16.7 (VS2019)

END.
