#
# There is insufficient memory for the Java Runtime Environment to continue.
# Native memory allocation (mmap) failed to map 545259520 bytes for G1 virtual space
# Possible reasons:
#   The system is out of physical RAM or swap space
#   The process is running with CompressedOops enabled, and the Java Heap may be blocking the growth of the native heap
# Possible solutions:
#   Reduce memory load on the system
#   Increase physical memory or swap space
#   Check if swap backing store is full
#   Decrease Java heap size (-Xmx/-Xms)
#   Decrease number of Java threads
#   Decrease Java thread stack sizes (-Xss)
#   Set larger code cache with -XX:ReservedCodeCacheSize=
#   JVM is running with Unscaled Compressed Oops mode in which the Java heap is
#     placed in the first 4GB address space. The Java Heap base address is the
#     maximum limit for the native heap growth. Please use -XX:HeapBaseMinAddress
#     to set the Java Heap base and to place the Java Heap above 4GB virtual address.
# This output file may be truncated or incomplete.
#
#  Out of Memory Error (os_windows.cpp:3541), pid=7312, tid=7984
#
# JRE version: OpenJDK Runtime Environment Temurin-17.0.4.1+1 (17.0.4.1+1) (build 17.0.4.1+1)
# Java VM: OpenJDK 64-Bit Server VM Temurin-17.0.4.1+1 (17.0.4.1+1, mixed mode, emulated-client, tiered, compressed oops, compressed class ptrs, g1 gc, windows-amd64)
# No core dump will be written. Minidumps are not enabled by default on client versions of Windows
#

---------------  S U M M A R Y ------------

Command Line: -Dsts.lsp.client=vscode -Dsts.log.file=/dev/null -XX:TieredStopAtLevel=1 -Xlog:jni+resolve=off -Dspring.config.location=file:c:\Users\datea\.vscode\extensions\pivotal.vscode-spring-boot-1.39.0\language-server\BOOT-INF\classes\application.properties org.springframework.ide.vscode.boot.app.BootLanguageServerBootApp

Host: Intel(R) Core(TM) i5-1035G1 CPU @ 1.00GHz, 8 cores, 7G,  Windows 11 , 64 bit Build 25217 (10.0.25217.1000)
Time: Tue Oct 11 11:21:44 2022 SE Asia Standard Time elapsed time: 8.117476 seconds (0d 0h 0m 8s)

---------------  T H R E A D  ---------------

Current thread (0x0000017d50676390):  VMThread "VM Thread" [stack: 0x0000000100c00000,0x0000000100d00000] [id=7984]

Stack: [0x0000000100c00000,0x0000000100d00000]
Native frames: (J=compiled Java code, j=interpreted, Vv=VM code, C=native code)
V  [jvm.dll+0x67731a]
V  [jvm.dll+0x832284]
V  [jvm.dll+0x833a2e]
V  [jvm.dll+0x834093]
V  [jvm.dll+0x245775]
V  [jvm.dll+0x674209]
V  [jvm.dll+0x668a92]
V  [jvm.dll+0x30471b]
V  [jvm.dll+0x30bc66]
V  [jvm.dll+0x35ba9e]
V  [jvm.dll+0x35bccf]
V  [jvm.dll+0x2db5b8]
V  [jvm.dll+0x2d986c]
V  [jvm.dll+0x2d8e3c]
V  [jvm.dll+0x31cd9b]
V  [jvm.dll+0x83853b]
V  [jvm.dll+0x839274]
V  [jvm.dll+0x83978c]
V  [jvm.dll+0x839b64]
V  [jvm.dll+0x839c30]
V  [jvm.dll+0x7e240a]
V  [jvm.dll+0x6761a5]
C  [ucrtbase.dll+0x4b7eb]
C  [KERNEL32.DLL+0x1484d]
C  [ntdll.dll+0x67558]

VM_Operation (0x0000000102dfe150): G1CollectForAllocation, mode: safepoint, requested by thread 0x0000017d53207380


---------------  P R O C E S S  ---------------

Threads class SMR info:
_java_thread_list=0x0000017d519297d0, length=42, elements={
0x0000017d50684d70, 0x0000017d50687840, 0x0000017d5101c9d0, 0x0000017d5101d290,
0x0000017d5101dd60, 0x0000017d5101ee40, 0x0000017d510209f0, 0x0000017d5102b5f0,
0x0000017d5122d970, 0x0000017d51252580, 0x0000017d5125bfd0, 0x0000017d512779d0,
0x0000017d5192cc90, 0x0000017d52ebfc40, 0x0000017d530d7910, 0x0000017d531c3660,
0x0000017d531f9020, 0x0000017d531ded80, 0x0000017d531df250, 0x0000017d531df720,
0x0000017d531dfbf0, 0x0000017d53206eb0, 0x0000017d53209a00, 0x0000017d53207380,
0x0000017d53209060, 0x0000017d532086c0, 0x0000017d532081f0, 0x0000017d53209ed0,
0x0000017d532069e0, 0x0000017d53208b90, 0x0000017d53209530, 0x0000017d53207d20,
0x0000017d5320a3a0, 0x0000017d53207850, 0x0000017d54e231c0, 0x0000017d54e28390,
0x0000017d54e266b0, 0x0000017d54e28860, 0x0000017d54e27520, 0x0000017d54e24ea0,
0x0000017d54e23690, 0x0000017d54e28d30
}

Java Threads: ( => current thread )
  0x0000017d50684d70 JavaThread "Reference Handler" daemon [_thread_blocked, id=38212, stack(0x0000000100d00000,0x0000000100e00000)]
  0x0000017d50687840 JavaThread "Finalizer" daemon [_thread_blocked, id=5096, stack(0x0000000100e00000,0x0000000100f00000)]
  0x0000017d5101c9d0 JavaThread "Signal Dispatcher" daemon [_thread_blocked, id=44696, stack(0x0000000100f00000,0x0000000101000000)]
  0x0000017d5101d290 JavaThread "Attach Listener" daemon [_thread_blocked, id=31416, stack(0x0000000101000000,0x0000000101100000)]
  0x0000017d5101dd60 JavaThread "Service Thread" daemon [_thread_blocked, id=20388, stack(0x0000000101100000,0x0000000101200000)]
  0x0000017d5101ee40 JavaThread "Monitor Deflation Thread" daemon [_thread_blocked, id=49672, stack(0x0000000101200000,0x0000000101300000)]
  0x0000017d510209f0 JavaThread "C1 CompilerThread0" daemon [_thread_blocked, id=24040, stack(0x0000000101300000,0x0000000101400000)]
  0x0000017d5102b5f0 JavaThread "Sweeper thread" daemon [_thread_blocked, id=49664, stack(0x0000000101400000,0x0000000101500000)]
  0x0000017d5122d970 JavaThread "C1 CompilerThread1" daemon [_thread_blocked, id=16572, stack(0x0000000101500000,0x0000000101600000)]
  0x0000017d51252580 JavaThread "C1 CompilerThread2" daemon [_thread_blocked, id=47004, stack(0x0000000101600000,0x0000000101700000)]
  0x0000017d5125bfd0 JavaThread "Notification Thread" daemon [_thread_blocked, id=35936, stack(0x0000000101700000,0x0000000101800000)]
  0x0000017d512779d0 JavaThread "Common-Cleaner" daemon [_thread_blocked, id=46916, stack(0x0000000101900000,0x0000000101a00000)]
  0x0000017d5192cc90 JavaThread "C1 CompilerThread3" daemon [_thread_blocked, id=12344, stack(0x0000000101a00000,0x0000000101b00000)]
  0x0000017d52ebfc40 JavaThread "boundedElastic-evictor-1" daemon [_thread_blocked, id=36088, stack(0x0000000102000000,0x0000000102100000)]
  0x0000017d530d7910 JavaThread "ForkJoinPool.commonPool-worker-1" daemon [_thread_blocked, id=39040, stack(0x0000000102400000,0x0000000102500000)]
  0x0000017d531c3660 JavaThread "ClassGraph-worker-0" daemon [_thread_blocked, id=47452, stack(0x0000000102500000,0x0000000102600000)]
  0x0000017d531f9020 JavaThread "ClassGraph-worker-1" daemon [_thread_blocked, id=37860, stack(0x0000000102600000,0x0000000102700000)]
  0x0000017d531ded80 JavaThread "ClassGraph-worker-2" daemon [_thread_blocked, id=47948, stack(0x0000000102700000,0x0000000102800000)]
  0x0000017d531df250 JavaThread "ClassGraph-worker-3" daemon [_thread_blocked, id=9848, stack(0x0000000102800000,0x0000000102900000)]
  0x0000017d531df720 JavaThread "ClassGraph-worker-4" daemon [_thread_blocked, id=24860, stack(0x0000000102900000,0x0000000102a00000)]
  0x0000017d531dfbf0 JavaThread "ClassGraph-worker-5" daemon [_thread_blocked, id=46300, stack(0x0000000102a00000,0x0000000102b00000)]
  0x0000017d53206eb0 JavaThread "ClassGraph-worker-6" daemon [_thread_blocked, id=46600, stack(0x0000000102b00000,0x0000000102c00000)]
  0x0000017d53209a00 JavaThread "ClassGraph-worker-7" daemon [_thread_blocked, id=17080, stack(0x0000000102c00000,0x0000000102d00000)]
  0x0000017d53207380 JavaThread "ClassGraph-worker-8" daemon [_thread_blocked, id=17816, stack(0x0000000102d00000,0x0000000102e00000)]
  0x0000017d53209060 JavaThread "ClassGraph-worker-9" daemon [_thread_blocked, id=37660, stack(0x0000000102e00000,0x0000000102f00000)]
  0x0000017d532086c0 JavaThread "ClassGraph-worker-10" daemon [_thread_blocked, id=39748, stack(0x0000000102f00000,0x0000000103000000)]
  0x0000017d532081f0 JavaThread "ClassGraph-worker-11" daemon [_thread_blocked, id=43012, stack(0x0000000103000000,0x0000000103100000)]
  0x0000017d53209ed0 JavaThread "ClassGraph-worker-12" daemon [_thread_blocked, id=20976, stack(0x0000000103100000,0x0000000103200000)]
  0x0000017d532069e0 JavaThread "ClassGraph-worker-13" daemon [_thread_blocked, id=14872, stack(0x0000000103200000,0x0000000103300000)]
  0x0000017d53208b90 JavaThread "pool-9-thread-1" [_thread_blocked, id=42912, stack(0x0000000103300000,0x0000000103400000)]
  0x0000017d53209530 JavaThread "LanguageServerApp-lifecycle" [_thread_blocked, id=41876, stack(0x0000000103400000,0x0000000103500000)]
  0x0000017d53207d20 JavaThread "DestroyJavaVM" [_thread_blocked, id=780, stack(0x0000000100600000,0x0000000100700000)]
  0x0000017d5320a3a0 JavaThread "pool-10-thread-1" [_thread_in_native, id=44536, stack(0x0000000103600000,0x0000000103700000)]
  0x0000017d53207850 JavaThread "Simple-Language-Server main thread" daemon [_thread_blocked, id=10172, stack(0x0000000103700000,0x0000000103800000)]
  0x0000017d54e231c0 JavaThread "pool-7-thread-1" [_thread_blocked, id=40692, stack(0x0000000103800000,0x0000000103900000)]
  0x0000017d54e28390 JavaThread "parallel-1" daemon [_thread_blocked, id=40112, stack(0x0000000103900000,0x0000000103a00000)]
  0x0000017d54e266b0 JavaThread "parallel-2" daemon [_thread_blocked, id=14412, stack(0x0000000103a00000,0x0000000103b00000)]
  0x0000017d54e28860 JavaThread "pool-4-thread-1" [_thread_blocked, id=9864, stack(0x0000000103b00000,0x0000000103c00000)]
  0x0000017d54e27520 JavaThread "ForkJoinPool.commonPool-worker-2" daemon [_thread_blocked, id=14740, stack(0x0000000103c00000,0x0000000103d00000)]
  0x0000017d54e24ea0 JavaThread "pool-4-thread-2" [_thread_blocked, id=8656, stack(0x0000000103d00000,0x0000000103e00000)]
  0x0000017d54e23690 JavaThread "Reconciler-1" daemon [_thread_blocked, id=12308, stack(0x0000000103e00000,0x0000000103f00000)]
  0x0000017d54e28d30 JavaThread "parallel-3" daemon [_thread_blocked, id=2832, stack(0x0000000103f00000,0x0000000104000000)]

Other Threads:
=>0x0000017d50676390 VMThread "VM Thread" [stack: 0x0000000100c00000,0x0000000100d00000] [id=7984]
  0x0000017d434b7ae0 WatcherThread [stack: 0x0000000101800000,0x0000000101900000] [id=14436]
  0x0000017d4349e6d0 GCTaskThread "GC Thread#0" [stack: 0x0000000100700000,0x0000000100800000] [id=39652]
  0x0000017d5194e040 GCTaskThread "GC Thread#1" [stack: 0x0000000101b00000,0x0000000101c00000] [id=42620]
  0x0000017d5194e2f0 GCTaskThread "GC Thread#2" [stack: 0x0000000101c00000,0x0000000101d00000] [id=16480]
  0x0000017d51be2e50 GCTaskThread "GC Thread#3" [stack: 0x0000000101d00000,0x0000000101e00000] [id=2196]
  0x0000017d51be3100 GCTaskThread "GC Thread#4" [stack: 0x0000000101e00000,0x0000000101f00000] [id=49776]
  0x0000017d51be37c0 GCTaskThread "GC Thread#5" [stack: 0x0000000101f00000,0x0000000102000000] [id=6728]
  0x0000017d52a65010 GCTaskThread "GC Thread#6" [stack: 0x0000000102100000,0x0000000102200000] [id=47176]
  0x0000017d52a652c0 GCTaskThread "GC Thread#7" [stack: 0x0000000102200000,0x0000000102300000] [id=2532]
  0x0000017d434af040 ConcurrentGCThread "G1 Main Marker" [stack: 0x0000000100800000,0x0000000100900000] [id=40276]
  0x0000017d434b1110 ConcurrentGCThread "G1 Conc#0" [stack: 0x0000000100900000,0x0000000100a00000] [id=49796]
  0x0000017d52bb1880 ConcurrentGCThread "G1 Conc#1" [stack: 0x0000000102300000,0x0000000102400000] [id=15404]
  0x0000017d434fe120 ConcurrentGCThread "G1 Refine#0" [stack: 0x0000000100a00000,0x0000000100b00000] [id=41372]
  0x0000017d535c8040 ConcurrentGCThread "G1 Refine#1" [stack: 0x0000000103500000,0x0000000103600000] [id=15940]
  0x0000017d434fea50 ConcurrentGCThread "G1 Service" [stack: 0x0000000100b00000,0x0000000100c00000] [id=16196]

Threads with active compile tasks:

VM state: at safepoint (normal execution)

VM Mutex/Monitor currently owned by a thread:  ([mutex/lock_event])
[0x0000017d411c32b0] Threads_lock - owner thread: 0x0000017d50676390
[0x0000017d43441350] Heap_lock - owner thread: 0x0000017d53207380

Heap address: 0x0000000083200000, size: 1998 MB, Compressed Oops mode: 32-bit

CDS archive(s) not mapped
Compressed class space mapped at: 0x0000017d00000000-0x0000017d40000000, reserved size: 1073741824
Narrow klass base: 0x0000017d00000000, Narrow klass shift: 0, Narrow klass range: 0x40000000

GC Precious Log:
 CPUs: 8 total, 8 available
 Memory: 7987M
 Large Page Support: Disabled
 NUMA Support: Disabled
 Compressed Oops: Enabled (32-bit)
 Heap Region Size: 1M
 Heap Min Capacity: 8M
 Heap Initial Capacity: 126M
 Heap Max Capacity: 1998M
 Pre-touch: Disabled
 Parallel Workers: 8
 Concurrent Workers: 2
 Concurrent Refinement Workers: 8
 Periodic GC: Disabled

Heap:
 garbage-first heap   total 266240K, used 92089K [0x0000000083200000, 0x0000000100000000)
  region size 1024K, 12 young (12288K), 12 survivors (12288K)
 Metaspace       used 37227K, committed 37568K, reserved 1089536K
  class space    used 4808K, committed 4992K, reserved 1048576K

Heap Regions: E=young(eden), S=young(survivor), O=old, HS=humongous(starts), HC=humongous(continues), CS=collection set, F=free, OA=open archive, CA=closed archive, TAMS=top-at-mark-start (previous, next)
|   0|0x0000000083200000, 0x0000000083300000, 0x0000000083300000|100%| O|  |TAMS 0x0000000083300000, 0x0000000083200000| Untracked 
|   1|0x0000000083300000, 0x0000000083400000, 0x0000000083400000|100%| O|  |TAMS 0x0000000083400000, 0x0000000083300000| Untracked 
|   2|0x0000000083400000, 0x0000000083500000, 0x0000000083500000|100%| O|  |TAMS 0x0000000083500000, 0x0000000083400000| Untracked 
|   3|0x0000000083500000, 0x0000000083600000, 0x0000000083600000|100%| O|  |TAMS 0x0000000083600000, 0x0000000083500000| Untracked 
|   4|0x0000000083600000, 0x0000000083700000, 0x0000000083700000|100%| O|  |TAMS 0x0000000083700000, 0x0000000083600000| Untracked 
|   5|0x0000000083700000, 0x0000000083800000, 0x0000000083800000|100%| O|  |TAMS 0x0000000083800000, 0x0000000083700000| Untracked 
|   6|0x0000000083800000, 0x0000000083900000, 0x0000000083900000|100%| O|  |TAMS 0x0000000083900000, 0x0000000083800000| Untracked 
|   7|0x0000000083900000, 0x0000000083a00000, 0x0000000083a00000|100%| O|  |TAMS 0x0000000083a00000, 0x0000000083900000| Untracked 
|   8|0x0000000083a00000, 0x0000000083b00000, 0x0000000083b00000|100%| O|  |TAMS 0x0000000083b00000, 0x0000000083a00000| Untracked 
|   9|0x0000000083b00000, 0x0000000083c00000, 0x0000000083c00000|100%| O|  |TAMS 0x0000000083c00000, 0x0000000083b00000| Untracked 
|  10|0x0000000083c00000, 0x0000000083d00000, 0x0000000083d00000|100%| O|  |TAMS 0x0000000083d00000, 0x0000000083c00000| Untracked 
|  11|0x0000000083d00000, 0x0000000083e00000, 0x0000000083e00000|100%| O|  |TAMS 0x0000000083e00000, 0x0000000083d00000| Untracked 
|  12|0x0000000083e00000, 0x0000000083f00000, 0x0000000083f00000|100%| O|  |TAMS 0x0000000083f00000, 0x0000000083e00000| Untracked 
|  13|0x0000000083f00000, 0x0000000084000000, 0x0000000084000000|100%| O|  |TAMS 0x0000000084000000, 0x0000000083f00000| Untracked 
|  14|0x0000000084000000, 0x0000000084100000, 0x0000000084100000|100%| O|  |TAMS 0x0000000084100000, 0x0000000084000000| Untracked 
|  15|0x0000000084100000, 0x0000000084200000, 0x0000000084200000|100%| O|  |TAMS 0x0000000084200000, 0x0000000084100000| Untracked 
|  16|0x0000000084200000, 0x0000000084300000, 0x0000000084300000|100%| O|  |TAMS 0x0000000084300000, 0x0000000084200000| Untracked 
|  17|0x0000000084300000, 0x0000000084400000, 0x0000000084400000|100%| O|  |TAMS 0x0000000084400000, 0x0000000084300000| Untracked 
|  18|0x0000000084400000, 0x0000000084500000, 0x0000000084500000|100%| O|  |TAMS 0x0000000084500000, 0x0000000084400000| Untracked 
|  19|0x0000000084500000, 0x0000000084600000, 0x0000000084600000|100%| O|  |TAMS 0x0000000084600000, 0x0000000084500000| Untracked 
|  20|0x0000000084600000, 0x0000000084700000, 0x0000000084700000|100%| O|  |TAMS 0x0000000084700000, 0x0000000084600000| Untracked 
|  21|0x0000000084700000, 0x0000000084800000, 0x0000000084800000|100%| O|  |TAMS 0x0000000084800000, 0x0000000084700000| Untracked 
|  22|0x0000000084800000, 0x0000000084900000, 0x0000000084900000|100%| O|  |TAMS 0x0000000084900000, 0x0000000084800000| Untracked 
|  23|0x0000000084900000, 0x0000000084a00000, 0x0000000084a00000|100%| O|  |TAMS 0x0000000084a00000, 0x0000000084900000| Untracked 
|  24|0x0000000084a00000, 0x0000000084b00000, 0x0000000084b00000|100%| O|  |TAMS 0x0000000084b00000, 0x0000000084a00000| Untracked 
|  25|0x0000000084b00000, 0x0000000084c00000, 0x0000000084c00000|100%| O|  |TAMS 0x0000000084c00000, 0x0000000084b00000| Untracked 
|  26|0x0000000084c00000, 0x0000000084d00000, 0x0000000084d00000|100%| O|  |TAMS 0x0000000084d00000, 0x0000000084c00000| Untracked 
|  27|0x0000000084d00000, 0x0000000084e00000, 0x0000000084e00000|100%| O|  |TAMS 0x0000000084e00000, 0x0000000084d00000| Untracked 
|  28|0x0000000084e00000, 0x0000000084f00000, 0x0000000084f00000|100%| O|  |TAMS 0x0000000084f00000, 0x0000000084e00000| Untracked 
|  29|0x0000000084f00000, 0x0000000085000000, 0x0000000085000000|100%| O|  |TAMS 0x0000000085000000, 0x0000000084f00000| Untracked 
|  30|0x0000000085000000, 0x0000000085100000, 0x0000000085100000|100%| O|  |TAMS 0x0000000085100000, 0x0000000085000000| Untracked 
|  31|0x0000000085100000, 0x0000000085200000, 0x0000000085200000|100%| O|  |TAMS 0x0000000085200000, 0x0000000085100000| Untracked 
|  32|0x0000000085200000, 0x0000000085300000, 0x0000000085300000|100%| O|  |TAMS 0x0000000085300000, 0x0000000085200000| Untracked 
|  33|0x0000000085300000, 0x0000000085400000, 0x0000000085400000|100%| O|  |TAMS 0x0000000085400000, 0x0000000085300000| Untracked 
|  34|0x0000000085400000, 0x0000000085500000, 0x0000000085500000|100%| O|  |TAMS 0x0000000085500000, 0x0000000085400000| Untracked 
|  35|0x0000000085500000, 0x0000000085600000, 0x0000000085600000|100%| O|  |TAMS 0x0000000085600000, 0x0000000085500000| Untracked 
|  36|0x0000000085600000, 0x0000000085700000, 0x0000000085700000|100%| O|  |TAMS 0x0000000085700000, 0x0000000085600000| Untracked 
|  37|0x0000000085700000, 0x0000000085800000, 0x0000000085800000|100%| O|  |TAMS 0x0000000085800000, 0x0000000085700000| Untracked 
|  38|0x0000000085800000, 0x0000000085900000, 0x0000000085900000|100%| O|  |TAMS 0x0000000085900000, 0x0000000085800000| Untracked 
|  39|0x0000000085900000, 0x0000000085a00000, 0x0000000085a00000|100%| O|  |TAMS 0x0000000085900000, 0x0000000085900000| Untracked 
|  40|0x0000000085a00000, 0x0000000085b00000, 0x0000000085b00000|100%|HS|  |TAMS 0x0000000085b00000, 0x0000000085a00000| Complete 
|  41|0x0000000085b00000, 0x0000000085c00000, 0x0000000085c00000|100%| O|  |TAMS 0x0000000085c00000, 0x0000000085b00000| Untracked 
|  42|0x0000000085c00000, 0x0000000085d00000, 0x0000000085d00000|100%| O|  |TAMS 0x0000000085d00000, 0x0000000085c00000| Untracked 
|  43|0x0000000085d00000, 0x0000000085e00000, 0x0000000085e00000|100%| O|  |TAMS 0x0000000085e00000, 0x0000000085d00000| Untracked 
|  44|0x0000000085e00000, 0x0000000085f00000, 0x0000000085f00000|100%| O|  |TAMS 0x0000000085f00000, 0x0000000085e00000| Untracked 
|  45|0x0000000085f00000, 0x0000000086000000, 0x0000000086000000|100%| O|  |TAMS 0x0000000086000000, 0x0000000085f00000| Untracked 
|  46|0x0000000086000000, 0x0000000086100000, 0x0000000086100000|100%| O|  |TAMS 0x0000000086100000, 0x0000000086000000| Untracked 
|  47|0x0000000086100000, 0x0000000086200000, 0x0000000086200000|100%| O|  |TAMS 0x0000000086200000, 0x0000000086100000| Untracked 
|  48|0x0000000086200000, 0x0000000086300000, 0x0000000086300000|100%| O|  |TAMS 0x0000000086300000, 0x0000000086200000| Untracked 
|  49|0x0000000086300000, 0x0000000086400000, 0x0000000086400000|100%| O|  |TAMS 0x0000000086400000, 0x0000000086300000| Untracked 
|  50|0x0000000086400000, 0x0000000086500000, 0x0000000086500000|100%| O|  |TAMS 0x0000000086500000, 0x0000000086400000| Untracked 
|  51|0x0000000086500000, 0x0000000086600000, 0x0000000086600000|100%| O|  |TAMS 0x0000000086600000, 0x0000000086500000| Untracked 
|  52|0x0000000086600000, 0x0000000086700000, 0x0000000086700000|100%| O|  |TAMS 0x0000000086700000, 0x0000000086600000| Untracked 
|  53|0x0000000086700000, 0x0000000086800000, 0x0000000086800000|100%| O|  |TAMS 0x0000000086800000, 0x0000000086700000| Untracked 
|  54|0x0000000086800000, 0x0000000086900000, 0x0000000086900000|100%| O|  |TAMS 0x0000000086900000, 0x0000000086800000| Untracked 
|  55|0x0000000086900000, 0x0000000086a00000, 0x0000000086a00000|100%| O|  |TAMS 0x0000000086a00000, 0x0000000086900000| Untracked 
|  56|0x0000000086a00000, 0x0000000086b00000, 0x0000000086b00000|100%| O|  |TAMS 0x0000000086a3e200, 0x0000000086a00000| Untracked 
|  57|0x0000000086b00000, 0x0000000086c00000, 0x0000000086c00000|100%| O|  |TAMS 0x0000000086b00000, 0x0000000086b00000| Untracked 
|  58|0x0000000086c00000, 0x0000000086d00000, 0x0000000086d00000|100%| O|  |TAMS 0x0000000086c00000, 0x0000000086c00000| Untracked 
|  59|0x0000000086d00000, 0x0000000086e00000, 0x0000000086e00000|100%| O|  |TAMS 0x0000000086d00000, 0x0000000086d00000| Untracked 
|  60|0x0000000086e00000, 0x0000000086f00000, 0x0000000086f00000|100%| O|  |TAMS 0x0000000086e00000, 0x0000000086e00000| Untracked 
|  61|0x0000000086f00000, 0x0000000087000000, 0x0000000087000000|100%| O|  |TAMS 0x0000000086f00000, 0x0000000086f00000| Untracked 
|  62|0x0000000087000000, 0x0000000087100000, 0x0000000087100000|100%| O|  |TAMS 0x0000000087000000, 0x0000000087000000| Untracked 
|  63|0x0000000087100000, 0x0000000087200000, 0x0000000087200000|100%| O|  |TAMS 0x0000000087100000, 0x0000000087100000| Untracked 
|  64|0x0000000087200000, 0x0000000087300000, 0x0000000087300000|100%| O|  |TAMS 0x0000000087200000, 0x0000000087200000| Untracked 
|  65|0x0000000087300000, 0x0000000087400000, 0x0000000087400000|100%| O|  |TAMS 0x0000000087300000, 0x0000000087300000| Untracked 
|  66|0x0000000087400000, 0x0000000087500000, 0x0000000087500000|100%| O|  |TAMS 0x0000000087400000, 0x0000000087400000| Untracked 
|  67|0x0000000087500000, 0x0000000087600000, 0x0000000087600000|100%| O|  |TAMS 0x0000000087500000, 0x0000000087500000| Untracked 
|  68|0x0000000087600000, 0x0000000087700000, 0x0000000087700000|100%| O|  |TAMS 0x0000000087600000, 0x0000000087600000| Untracked 
|  69|0x0000000087700000, 0x0000000087800000, 0x0000000087800000|100%| O|  |TAMS 0x0000000087700000, 0x0000000087700000| Untracked 
|  70|0x0000000087800000, 0x0000000087900000, 0x0000000087900000|100%| O|  |TAMS 0x0000000087800000, 0x0000000087800000| Untracked 
|  71|0x0000000087900000, 0x0000000087a00000, 0x0000000087a00000|100%| O|  |TAMS 0x0000000087900000, 0x0000000087900000| Untracked 
|  72|0x0000000087a00000, 0x0000000087b00000, 0x0000000087b00000|100%| O|  |TAMS 0x0000000087a00000, 0x0000000087a00000| Untracked 
|  73|0x0000000087b00000, 0x0000000087c00000, 0x0000000087c00000|100%| O|  |TAMS 0x0000000087b00000, 0x0000000087b00000| Untracked 
|  74|0x0000000087c00000, 0x0000000087d00000, 0x0000000087d00000|100%| O|  |TAMS 0x0000000087c00000, 0x0000000087c00000| Untracked 
|  75|0x0000000087d00000, 0x0000000087e00000, 0x0000000087e00000|100%| O|  |TAMS 0x0000000087d00000, 0x0000000087d00000| Untracked 
|  76|0x0000000087e00000, 0x0000000087f00000, 0x0000000087f00000|100%| O|  |TAMS 0x0000000087e00000, 0x0000000087e00000| Untracked 
|  77|0x0000000087f00000, 0x0000000088000000, 0x0000000088000000|100%| O|  |TAMS 0x0000000087f00000, 0x0000000087f00000| Untracked 
|  78|0x0000000088000000, 0x00000000880a5400, 0x0000000088100000| 64%| O|  |TAMS 0x0000000088000000, 0x0000000088000000| Untracked 
|  79|0x0000000088100000, 0x0000000088100000, 0x0000000088200000|  0%| F|  |TAMS 0x0000000088100000, 0x0000000088100000| Untracked 
|  80|0x0000000088200000, 0x0000000088200000, 0x0000000088300000|  0%| F|  |TAMS 0x0000000088200000, 0x0000000088200000| Untracked 
|  81|0x0000000088300000, 0x0000000088300000, 0x0000000088400000|  0%| F|  |TAMS 0x0000000088300000, 0x0000000088300000| Untracked 
|  82|0x0000000088400000, 0x0000000088400000, 0x0000000088500000|  0%| F|  |TAMS 0x0000000088400000, 0x0000000088400000| Untracked 
|  83|0x0000000088500000, 0x0000000088500000, 0x0000000088600000|  0%| F|  |TAMS 0x0000000088500000, 0x0000000088500000| Untracked 
|  84|0x0000000088600000, 0x0000000088600000, 0x0000000088700000|  0%| F|  |TAMS 0x0000000088600000, 0x0000000088600000| Untracked 
|  85|0x0000000088700000, 0x0000000088700000, 0x0000000088800000|  0%| F|  |TAMS 0x0000000088700000, 0x0000000088700000| Untracked 
|  86|0x0000000088800000, 0x0000000088800000, 0x0000000088900000|  0%| F|  |TAMS 0x0000000088800000, 0x0000000088800000| Untracked 
|  87|0x0000000088900000, 0x0000000088900000, 0x0000000088a00000|  0%| F|  |TAMS 0x0000000088900000, 0x0000000088900000| Untracked 
|  88|0x0000000088a00000, 0x0000000088a00000, 0x0000000088b00000|  0%| F|  |TAMS 0x0000000088a00000, 0x0000000088a00000| Untracked 
|  89|0x0000000088b00000, 0x0000000088b00000, 0x0000000088c00000|  0%| F|  |TAMS 0x0000000088b00000, 0x0000000088b00000| Untracked 
|  90|0x0000000088c00000, 0x0000000088c00000, 0x0000000088d00000|  0%| F|  |TAMS 0x0000000088c00000, 0x0000000088c00000| Untracked 
|  91|0x0000000088d00000, 0x0000000088d00000, 0x0000000088e00000|  0%| F|  |TAMS 0x0000000088d00000, 0x0000000088d00000| Untracked 
|  92|0x0000000088e00000, 0x0000000088e00000, 0x0000000088f00000|  0%| F|  |TAMS 0x0000000088e00000, 0x0000000088e00000| Untracked 
|  93|0x0000000088f00000, 0x0000000088f00000, 0x0000000089000000|  0%| F|  |TAMS 0x0000000088f00000, 0x0000000088f00000| Untracked 
|  94|0x0000000089000000, 0x0000000089000000, 0x0000000089100000|  0%| F|  |TAMS 0x0000000089000000, 0x0000000089000000| Untracked 
|  95|0x0000000089100000, 0x0000000089100000, 0x0000000089200000|  0%| F|  |TAMS 0x0000000089100000, 0x0000000089100000| Untracked 
|  96|0x0000000089200000, 0x0000000089200000, 0x0000000089300000|  0%| F|  |TAMS 0x0000000089200000, 0x0000000089200000| Untracked 
|  97|0x0000000089300000, 0x0000000089300000, 0x0000000089400000|  0%| F|  |TAMS 0x0000000089300000, 0x0000000089300000| Untracked 
|  98|0x0000000089400000, 0x0000000089400000, 0x0000000089500000|  0%| F|  |TAMS 0x0000000089400000, 0x0000000089400000| Untracked 
|  99|0x0000000089500000, 0x0000000089500000, 0x0000000089600000|  0%| F|  |TAMS 0x0000000089500000, 0x0000000089500000| Untracked 
| 100|0x0000000089600000, 0x0000000089600000, 0x0000000089700000|  0%| F|  |TAMS 0x0000000089600000, 0x0000000089600000| Untracked 
| 101|0x0000000089700000, 0x0000000089700000, 0x0000000089800000|  0%| F|  |TAMS 0x0000000089700000, 0x0000000089700000| Untracked 
| 102|0x0000000089800000, 0x0000000089800000, 0x0000000089900000|  0%| F|  |TAMS 0x0000000089800000, 0x0000000089800000| Untracked 
| 103|0x0000000089900000, 0x0000000089900000, 0x0000000089a00000|  0%| F|  |TAMS 0x0000000089900000, 0x0000000089900000| Untracked 
| 104|0x0000000089a00000, 0x0000000089a00000, 0x0000000089b00000|  0%| F|  |TAMS 0x0000000089a00000, 0x0000000089a00000| Untracked 
| 105|0x0000000089b00000, 0x0000000089b00000, 0x0000000089c00000|  0%| F|  |TAMS 0x0000000089b00000, 0x0000000089b00000| Untracked 
| 106|0x0000000089c00000, 0x0000000089c49120, 0x0000000089d00000| 28%| S|CS|TAMS 0x0000000089c00000, 0x0000000089c00000| Complete 
| 107|0x0000000089d00000, 0x0000000089e00000, 0x0000000089e00000|100%| S|CS|TAMS 0x0000000089d00000, 0x0000000089d00000| Complete 
| 108|0x0000000089e00000, 0x0000000089f00000, 0x0000000089f00000|100%| S|CS|TAMS 0x0000000089e00000, 0x0000000089e00000| Complete 
| 109|0x0000000089f00000, 0x000000008a000000, 0x000000008a000000|100%| S|CS|TAMS 0x0000000089f00000, 0x0000000089f00000| Complete 
| 110|0x000000008a000000, 0x000000008a100000, 0x000000008a100000|100%| S|CS|TAMS 0x000000008a000000, 0x000000008a000000| Complete 
| 111|0x000000008a100000, 0x000000008a200000, 0x000000008a200000|100%| S|CS|TAMS 0x000000008a100000, 0x000000008a100000| Complete 
| 112|0x000000008a200000, 0x000000008a300000, 0x000000008a300000|100%| S|CS|TAMS 0x000000008a200000, 0x000000008a200000| Complete 
| 113|0x000000008a300000, 0x000000008a300000, 0x000000008a400000|  0%| F|  |TAMS 0x000000008a300000, 0x000000008a300000| Untracked 
| 114|0x000000008a400000, 0x000000008a400000, 0x000000008a500000|  0%| F|  |TAMS 0x000000008a400000, 0x000000008a400000| Untracked 
| 115|0x000000008a500000, 0x000000008a500000, 0x000000008a600000|  0%| F|  |TAMS 0x000000008a500000, 0x000000008a500000| Untracked 
| 116|0x000000008a600000, 0x000000008a600000, 0x000000008a700000|  0%| F|  |TAMS 0x000000008a600000, 0x000000008a600000| Untracked 
| 117|0x000000008a700000, 0x000000008a700000, 0x000000008a800000|  0%| F|  |TAMS 0x000000008a700000, 0x000000008a700000| Untracked 
| 118|0x000000008a800000, 0x000000008a800000, 0x000000008a900000|  0%| F|  |TAMS 0x000000008a800000, 0x000000008a800000| Untracked 
| 119|0x000000008a900000, 0x000000008a900000, 0x000000008aa00000|  0%| F|  |TAMS 0x000000008a900000, 0x000000008a900000| Untracked 
| 120|0x000000008aa00000, 0x000000008aa00000, 0x000000008ab00000|  0%| F|  |TAMS 0x000000008aa00000, 0x000000008aa00000| Untracked 
| 121|0x000000008ab00000, 0x000000008ab00000, 0x000000008ac00000|  0%| F|  |TAMS 0x000000008ab00000, 0x000000008ab00000| Untracked 
| 122|0x000000008ac00000, 0x000000008ad00000, 0x000000008ad00000|100%| S|CS|TAMS 0x000000008ac00000, 0x000000008ac00000| Complete 
| 123|0x000000008ad00000, 0x000000008ae00000, 0x000000008ae00000|100%| S|CS|TAMS 0x000000008ad00000, 0x000000008ad00000| Complete 
| 124|0x000000008ae00000, 0x000000008af00000, 0x000000008af00000|100%| S|CS|TAMS 0x000000008ae00000, 0x000000008ae00000| Complete 
| 125|0x000000008af00000, 0x000000008b000000, 0x000000008b000000|100%| S|CS|TAMS 0x000000008af00000, 0x000000008af00000| Complete 
| 126|0x000000008b000000, 0x000000008b100000, 0x000000008b100000|100%| S|CS|TAMS 0x000000008b000000, 0x000000008b000000| Complete 
| 127|0x000000008b100000, 0x000000008b100000, 0x000000008b200000|  0%| F|  |TAMS 0x000000008b100000, 0x000000008b100000| Untracked 
| 128|0x000000008b200000, 0x000000008b200000, 0x000000008b300000|  0%| F|  |TAMS 0x000000008b200000, 0x000000008b200000| Untracked 
| 129|0x000000008b300000, 0x000000008b300000, 0x000000008b400000|  0%| F|  |TAMS 0x000000008b300000, 0x000000008b300000| Untracked 
| 130|0x000000008b400000, 0x000000008b400000, 0x000000008b500000|  0%| F|  |TAMS 0x000000008b400000, 0x000000008b400000| Untracked 
| 131|0x000000008b500000, 0x000000008b500000, 0x000000008b600000|  0%| F|  |TAMS 0x000000008b500000, 0x000000008b500000| Untracked 
| 132|0x000000008b600000, 0x000000008b600000, 0x000000008b700000|  0%| F|  |TAMS 0x000000008b600000, 0x000000008b600000| Untracked 
| 133|0x000000008b700000, 0x000000008b700000, 0x000000008b800000|  0%| F|  |TAMS 0x000000008b700000, 0x000000008b700000| Untracked 
| 134|0x000000008b800000, 0x000000008b800000, 0x000000008b900000|  0%| F|  |TAMS 0x000000008b800000, 0x000000008b800000| Untracked 
| 135|0x000000008b900000, 0x000000008b900000, 0x000000008ba00000|  0%| F|  |TAMS 0x000000008b900000, 0x000000008b900000| Untracked 
| 136|0x000000008ba00000, 0x000000008ba00000, 0x000000008bb00000|  0%| F|  |TAMS 0x000000008ba00000, 0x000000008ba00000| Untracked 
| 137|0x000000008bb00000, 0x000000008bb00000, 0x000000008bc00000|  0%| F|  |TAMS 0x000000008bb00000, 0x000000008bb00000| Untracked 
| 138|0x000000008bc00000, 0x000000008bc00000, 0x000000008bd00000|  0%| F|  |TAMS 0x000000008bc00000, 0x000000008bc00000| Untracked 
| 139|0x000000008bd00000, 0x000000008bd00000, 0x000000008be00000|  0%| F|  |TAMS 0x000000008bd00000, 0x000000008bd00000| Untracked 
| 140|0x000000008be00000, 0x000000008be00000, 0x000000008bf00000|  0%| F|  |TAMS 0x000000008be00000, 0x000000008be00000| Untracked 
| 141|0x000000008bf00000, 0x000000008bf00000, 0x000000008c000000|  0%| F|  |TAMS 0x000000008bf00000, 0x000000008bf00000| Untracked 
| 142|0x000000008c000000, 0x000000008c000000, 0x000000008c100000|  0%| F|  |TAMS 0x000000008c000000, 0x000000008c000000| Untracked 
| 143|0x000000008c100000, 0x000000008c100000, 0x000000008c200000|  0%| F|  |TAMS 0x000000008c100000, 0x000000008c100000| Untracked 
| 144|0x000000008c200000, 0x000000008c200000, 0x000000008c300000|  0%| F|  |TAMS 0x000000008c200000, 0x000000008c200000| Untracked 
| 145|0x000000008c300000, 0x000000008c300000, 0x000000008c400000|  0%| F|  |TAMS 0x000000008c300000, 0x000000008c300000| Untracked 
| 146|0x000000008c400000, 0x000000008c400000, 0x000000008c500000|  0%| F|  |TAMS 0x000000008c400000, 0x000000008c400000| Untracked 
| 147|0x000000008c500000, 0x000000008c500000, 0x000000008c600000|  0%| F|  |TAMS 0x000000008c500000, 0x000000008c500000| Untracked 
| 148|0x000000008c600000, 0x000000008c600000, 0x000000008c700000|  0%| F|  |TAMS 0x000000008c600000, 0x000000008c600000| Untracked 
| 149|0x000000008c700000, 0x000000008c700000, 0x000000008c800000|  0%| F|  |TAMS 0x000000008c700000, 0x000000008c700000| Untracked 
| 150|0x000000008c800000, 0x000000008c800000, 0x000000008c900000|  0%| F|  |TAMS 0x000000008c800000, 0x000000008c800000| Untracked 
| 151|0x000000008c900000, 0x000000008c900000, 0x000000008ca00000|  0%| F|  |TAMS 0x000000008c900000, 0x000000008c900000| Untracked 
| 152|0x000000008ca00000, 0x000000008ca00000, 0x000000008cb00000|  0%| F|  |TAMS 0x000000008ca00000, 0x000000008ca00000| Untracked 
| 153|0x000000008cb00000, 0x000000008cb00000, 0x000000008cc00000|  0%| F|  |TAMS 0x000000008cb00000, 0x000000008cb00000| Untracked 
| 154|0x000000008cc00000, 0x000000008cc00000, 0x000000008cd00000|  0%| F|  |TAMS 0x000000008cc00000, 0x000000008cc00000| Untracked 
| 155|0x000000008cd00000, 0x000000008cd00000, 0x000000008ce00000|  0%| F|  |TAMS 0x000000008cd00000, 0x000000008cd00000| Untracked 
| 156|0x000000008ce00000, 0x000000008ce00000, 0x000000008cf00000|  0%| F|  |TAMS 0x000000008ce00000, 0x000000008ce00000| Untracked 
| 157|0x000000008cf00000, 0x000000008cf00000, 0x000000008d000000|  0%| F|  |TAMS 0x000000008cf00000, 0x000000008cf00000| Untracked 
| 158|0x000000008d000000, 0x000000008d000000, 0x000000008d100000|  0%| F|  |TAMS 0x000000008d000000, 0x000000008d000000| Untracked 
| 159|0x000000008d100000, 0x000000008d100000, 0x000000008d200000|  0%| F|  |TAMS 0x000000008d100000, 0x000000008d100000| Untracked 
| 160|0x000000008d200000, 0x000000008d200000, 0x000000008d300000|  0%| F|  |TAMS 0x000000008d200000, 0x000000008d200000| Untracked 
| 161|0x000000008d300000, 0x000000008d300000, 0x000000008d400000|  0%| F|  |TAMS 0x000000008d300000, 0x000000008d300000| Untracked 
| 162|0x000000008d400000, 0x000000008d400000, 0x000000008d500000|  0%| F|  |TAMS 0x000000008d400000, 0x000000008d400000| Untracked 
| 163|0x000000008d500000, 0x000000008d500000, 0x000000008d600000|  0%| F|  |TAMS 0x000000008d500000, 0x000000008d500000| Untracked 
| 164|0x000000008d600000, 0x000000008d600000, 0x000000008d700000|  0%| F|  |TAMS 0x000000008d600000, 0x000000008d600000| Untracked 
| 165|0x000000008d700000, 0x000000008d700000, 0x000000008d800000|  0%| F|  |TAMS 0x000000008d700000, 0x000000008d700000| Untracked 
| 166|0x000000008d800000, 0x000000008d800000, 0x000000008d900000|  0%| F|  |TAMS 0x000000008d800000, 0x000000008d800000| Untracked 
| 167|0x000000008d900000, 0x000000008d900000, 0x000000008da00000|  0%| F|  |TAMS 0x000000008d900000, 0x000000008d900000| Untracked 
| 168|0x000000008da00000, 0x000000008da00000, 0x000000008db00000|  0%| F|  |TAMS 0x000000008da00000, 0x000000008da00000| Untracked 
| 169|0x000000008db00000, 0x000000008db00000, 0x000000008dc00000|  0%| F|  |TAMS 0x000000008db00000, 0x000000008db00000| Untracked 
| 170|0x000000008dc00000, 0x000000008dc00000, 0x000000008dd00000|  0%| F|  |TAMS 0x000000008dc00000, 0x000000008dc00000| Untracked 
| 171|0x000000008dd00000, 0x000000008dd00000, 0x000000008de00000|  0%| F|  |TAMS 0x000000008dd00000, 0x000000008dd00000| Untracked 
| 172|0x000000008de00000, 0x000000008de00000, 0x000000008df00000|  0%| F|  |TAMS 0x000000008de00000, 0x000000008de00000| Untracked 
| 173|0x000000008df00000, 0x000000008df00000, 0x000000008e000000|  0%| F|  |TAMS 0x000000008df00000, 0x000000008df00000| Untracked 
| 174|0x000000008e000000, 0x000000008e000000, 0x000000008e100000|  0%| F|  |TAMS 0x000000008e000000, 0x000000008e000000| Untracked 
| 175|0x000000008e100000, 0x000000008e100000, 0x000000008e200000|  0%| F|  |TAMS 0x000000008e100000, 0x000000008e100000| Untracked 
| 176|0x000000008e200000, 0x000000008e200000, 0x000000008e300000|  0%| F|  |TAMS 0x000000008e200000, 0x000000008e200000| Untracked 
| 177|0x000000008e300000, 0x000000008e300000, 0x000000008e400000|  0%| F|  |TAMS 0x000000008e300000, 0x000000008e300000| Untracked 
| 178|0x000000008e400000, 0x000000008e400000, 0x000000008e500000|  0%| F|  |TAMS 0x000000008e400000, 0x000000008e400000| Untracked 
| 179|0x000000008e500000, 0x000000008e500000, 0x000000008e600000|  0%| F|  |TAMS 0x000000008e500000, 0x000000008e500000| Untracked 
| 180|0x000000008e600000, 0x000000008e600000, 0x000000008e700000|  0%| F|  |TAMS 0x000000008e600000, 0x000000008e600000| Untracked 
| 181|0x000000008e700000, 0x000000008e700000, 0x000000008e800000|  0%| F|  |TAMS 0x000000008e700000, 0x000000008e700000| Untracked 
| 182|0x000000008e800000, 0x000000008e800000, 0x000000008e900000|  0%| F|  |TAMS 0x000000008e800000, 0x000000008e800000| Untracked 
| 183|0x000000008e900000, 0x000000008e900000, 0x000000008ea00000|  0%| F|  |TAMS 0x000000008e900000, 0x000000008e900000| Untracked 
| 184|0x000000008ea00000, 0x000000008ea00000, 0x000000008eb00000|  0%| F|  |TAMS 0x000000008ea00000, 0x000000008ea00000| Untracked 
| 185|0x000000008eb00000, 0x000000008eb00000, 0x000000008ec00000|  0%| F|  |TAMS 0x000000008eb00000, 0x000000008eb00000| Untracked 
| 186|0x000000008ec00000, 0x000000008ec00000, 0x000000008ed00000|  0%| F|  |TAMS 0x000000008ec00000, 0x000000008ec00000| Untracked 
| 187|0x000000008ed00000, 0x000000008ed00000, 0x000000008ee00000|  0%| F|  |TAMS 0x000000008ed00000, 0x000000008ed00000| Untracked 
| 188|0x000000008ee00000, 0x000000008ee00000, 0x000000008ef00000|  0%| F|  |TAMS 0x000000008ee00000, 0x000000008ee00000| Untracked 
| 189|0x000000008ef00000, 0x000000008ef00000, 0x000000008f000000|  0%| F|  |TAMS 0x000000008ef00000, 0x000000008ef00000| Untracked 
| 190|0x000000008f000000, 0x000000008f000000, 0x000000008f100000|  0%| F|  |TAMS 0x000000008f000000, 0x000000008f000000| Untracked 
| 191|0x000000008f100000, 0x000000008f100000, 0x000000008f200000|  0%| F|  |TAMS 0x000000008f100000, 0x000000008f100000| Untracked 
| 192|0x000000008f200000, 0x000000008f200000, 0x000000008f300000|  0%| F|  |TAMS 0x000000008f200000, 0x000000008f200000| Untracked 
| 193|0x000000008f300000, 0x000000008f300000, 0x000000008f400000|  0%| F|  |TAMS 0x000000008f300000, 0x000000008f300000| Untracked 
| 194|0x000000008f400000, 0x000000008f400000, 0x000000008f500000|  0%| F|  |TAMS 0x000000008f400000, 0x000000008f400000| Untracked 
| 195|0x000000008f500000, 0x000000008f500000, 0x000000008f600000|  0%| F|  |TAMS 0x000000008f500000, 0x000000008f500000| Untracked 
| 196|0x000000008f600000, 0x000000008f600000, 0x000000008f700000|  0%| F|  |TAMS 0x000000008f600000, 0x000000008f600000| Untracked 
| 197|0x000000008f700000, 0x000000008f700000, 0x000000008f800000|  0%| F|  |TAMS 0x000000008f700000, 0x000000008f700000| Untracked 
| 198|0x000000008f800000, 0x000000008f800000, 0x000000008f900000|  0%| F|  |TAMS 0x000000008f800000, 0x000000008f800000| Untracked 
| 199|0x000000008f900000, 0x000000008f900000, 0x000000008fa00000|  0%| F|  |TAMS 0x000000008f900000, 0x000000008f900000| Untracked 
| 200|0x000000008fa00000, 0x000000008fa00000, 0x000000008fb00000|  0%| F|  |TAMS 0x000000008fa00000, 0x000000008fa00000| Untracked 
| 201|0x000000008fb00000, 0x000000008fb00000, 0x000000008fc00000|  0%| F|  |TAMS 0x000000008fb00000, 0x000000008fb00000| Untracked 
| 202|0x000000008fc00000, 0x000000008fc00000, 0x000000008fd00000|  0%| F|  |TAMS 0x000000008fc00000, 0x000000008fc00000| Untracked 
| 203|0x000000008fd00000, 0x000000008fd00000, 0x000000008fe00000|  0%| F|  |TAMS 0x000000008fd00000, 0x000000008fd00000| Untracked 
| 204|0x000000008fe00000, 0x000000008fe00000, 0x000000008ff00000|  0%| F|  |TAMS 0x000000008fe00000, 0x000000008fe00000| Untracked 
| 205|0x000000008ff00000, 0x000000008ff00000, 0x0000000090000000|  0%| F|  |TAMS 0x000000008ff00000, 0x000000008ff00000| Untracked 
| 206|0x0000000090000000, 0x0000000090000000, 0x0000000090100000|  0%| F|  |TAMS 0x0000000090000000, 0x0000000090000000| Untracked 
| 207|0x0000000090100000, 0x0000000090100000, 0x0000000090200000|  0%| F|  |TAMS 0x0000000090100000, 0x0000000090100000| Untracked 
| 208|0x0000000090200000, 0x0000000090200000, 0x0000000090300000|  0%| F|  |TAMS 0x0000000090200000, 0x0000000090200000| Untracked 
| 209|0x0000000090300000, 0x0000000090300000, 0x0000000090400000|  0%| F|  |TAMS 0x0000000090300000, 0x0000000090300000| Untracked 
| 210|0x0000000090400000, 0x0000000090400000, 0x0000000090500000|  0%| F|  |TAMS 0x0000000090400000, 0x0000000090400000| Untracked 
| 211|0x0000000090500000, 0x0000000090500000, 0x0000000090600000|  0%| F|  |TAMS 0x0000000090500000, 0x0000000090500000| Untracked 
| 212|0x0000000090600000, 0x0000000090600000, 0x0000000090700000|  0%| F|  |TAMS 0x0000000090600000, 0x0000000090600000| Untracked 
| 213|0x0000000090700000, 0x0000000090700000, 0x0000000090800000|  0%| F|  |TAMS 0x0000000090700000, 0x0000000090700000| Untracked 
| 214|0x0000000090800000, 0x0000000090800000, 0x0000000090900000|  0%| F|  |TAMS 0x0000000090800000, 0x0000000090800000| Untracked 
| 215|0x0000000090900000, 0x0000000090900000, 0x0000000090a00000|  0%| F|  |TAMS 0x0000000090900000, 0x0000000090900000| Untracked 
| 216|0x0000000090a00000, 0x0000000090a00000, 0x0000000090b00000|  0%| F|  |TAMS 0x0000000090a00000, 0x0000000090a00000| Untracked 
| 217|0x0000000090b00000, 0x0000000090b00000, 0x0000000090c00000|  0%| F|  |TAMS 0x0000000090b00000, 0x0000000090b00000| Untracked 
| 218|0x0000000090c00000, 0x0000000090c00000, 0x0000000090d00000|  0%| F|  |TAMS 0x0000000090c00000, 0x0000000090c00000| Untracked 
| 219|0x0000000090d00000, 0x0000000090d00000, 0x0000000090e00000|  0%| F|  |TAMS 0x0000000090d00000, 0x0000000090d00000| Untracked 
| 220|0x0000000090e00000, 0x0000000090e00000, 0x0000000090f00000|  0%| F|  |TAMS 0x0000000090e00000, 0x0000000090e00000| Untracked 
| 221|0x0000000090f00000, 0x0000000090f00000, 0x0000000091000000|  0%| F|  |TAMS 0x0000000090f00000, 0x0000000090f00000| Untracked 
| 222|0x0000000091000000, 0x0000000091000000, 0x0000000091100000|  0%| F|  |TAMS 0x0000000091000000, 0x0000000091000000| Untracked 
| 223|0x0000000091100000, 0x0000000091100000, 0x0000000091200000|  0%| F|  |TAMS 0x0000000091100000, 0x0000000091100000| Untracked 
| 224|0x0000000091200000, 0x0000000091200000, 0x0000000091300000|  0%| F|  |TAMS 0x0000000091200000, 0x0000000091200000| Untracked 
| 225|0x0000000091300000, 0x0000000091300000, 0x0000000091400000|  0%| F|  |TAMS 0x0000000091300000, 0x0000000091300000| Untracked 
| 226|0x0000000091400000, 0x0000000091400000, 0x0000000091500000|  0%| F|  |TAMS 0x0000000091400000, 0x0000000091400000| Untracked 
| 227|0x0000000091500000, 0x0000000091500000, 0x0000000091600000|  0%| F|  |TAMS 0x0000000091500000, 0x0000000091500000| Untracked 
| 228|0x0000000091600000, 0x0000000091600000, 0x0000000091700000|  0%| F|  |TAMS 0x0000000091600000, 0x0000000091600000| Untracked 
| 229|0x0000000091700000, 0x0000000091700000, 0x0000000091800000|  0%| F|  |TAMS 0x0000000091700000, 0x0000000091700000| Untracked 
| 230|0x0000000091800000, 0x0000000091800000, 0x0000000091900000|  0%| F|  |TAMS 0x0000000091800000, 0x0000000091800000| Untracked 
| 231|0x0000000091900000, 0x0000000091900000, 0x0000000091a00000|  0%| F|  |TAMS 0x0000000091900000, 0x0000000091900000| Untracked 
| 232|0x0000000091a00000, 0x0000000091a00000, 0x0000000091b00000|  0%| F|  |TAMS 0x0000000091a00000, 0x0000000091a00000| Untracked 
| 233|0x0000000091b00000, 0x0000000091b00000, 0x0000000091c00000|  0%| F|  |TAMS 0x0000000091b00000, 0x0000000091b00000| Untracked 
| 234|0x0000000091c00000, 0x0000000091c00000, 0x0000000091d00000|  0%| F|  |TAMS 0x0000000091c00000, 0x0000000091c00000| Untracked 
| 235|0x0000000091d00000, 0x0000000091d00000, 0x0000000091e00000|  0%| F|  |TAMS 0x0000000091d00000, 0x0000000091d00000| Untracked 
| 236|0x0000000091e00000, 0x0000000091e00000, 0x0000000091f00000|  0%| F|  |TAMS 0x0000000091e00000, 0x0000000091e00000| Untracked 
| 237|0x0000000091f00000, 0x0000000091f00000, 0x0000000092000000|  0%| F|  |TAMS 0x0000000091f00000, 0x0000000091f00000| Untracked 
| 238|0x0000000092000000, 0x0000000092000000, 0x0000000092100000|  0%| F|  |TAMS 0x0000000092000000, 0x0000000092000000| Untracked 
| 239|0x0000000092100000, 0x0000000092100000, 0x0000000092200000|  0%| F|  |TAMS 0x0000000092100000, 0x0000000092100000| Untracked 
| 240|0x0000000092200000, 0x0000000092200000, 0x0000000092300000|  0%| F|  |TAMS 0x0000000092200000, 0x0000000092200000| Untracked 
| 241|0x0000000092300000, 0x0000000092300000, 0x0000000092400000|  0%| F|  |TAMS 0x0000000092300000, 0x0000000092300000| Untracked 
| 242|0x0000000092400000, 0x0000000092400000, 0x0000000092500000|  0%| F|  |TAMS 0x0000000092400000, 0x0000000092400000| Untracked 
| 243|0x0000000092500000, 0x0000000092500000, 0x0000000092600000|  0%| F|  |TAMS 0x0000000092500000, 0x0000000092500000| Untracked 
| 244|0x0000000092600000, 0x0000000092600000, 0x0000000092700000|  0%| F|  |TAMS 0x0000000092600000, 0x0000000092600000| Untracked 
| 245|0x0000000092700000, 0x0000000092700000, 0x0000000092800000|  0%| F|  |TAMS 0x0000000092700000, 0x0000000092700000| Untracked 
| 246|0x0000000092800000, 0x0000000092800000, 0x0000000092900000|  0%| F|  |TAMS 0x0000000092800000, 0x0000000092800000| Untracked 
| 247|0x0000000092900000, 0x0000000092900000, 0x0000000092a00000|  0%| F|  |TAMS 0x0000000092900000, 0x0000000092900000| Untracked 
| 248|0x0000000092a00000, 0x0000000092a00000, 0x0000000092b00000|  0%| F|  |TAMS 0x0000000092a00000, 0x0000000092a00000| Untracked 
| 249|0x0000000092b00000, 0x0000000092b00000, 0x0000000092c00000|  0%| F|  |TAMS 0x0000000092b00000, 0x0000000092b00000| Untracked 
| 250|0x0000000092c00000, 0x0000000092c00000, 0x0000000092d00000|  0%| F|  |TAMS 0x0000000092c00000, 0x0000000092c00000| Untracked 
| 251|0x0000000092d00000, 0x0000000092d00000, 0x0000000092e00000|  0%| F|  |TAMS 0x0000000092d00000, 0x0000000092d00000| Untracked 
| 252|0x0000000092e00000, 0x0000000092e00000, 0x0000000092f00000|  0%| F|  |TAMS 0x0000000092e00000, 0x0000000092e00000| Untracked 
| 253|0x0000000092f00000, 0x0000000092f00000, 0x0000000093000000|  0%| F|  |TAMS 0x0000000092f00000, 0x0000000092f00000| Untracked 
| 254|0x0000000093000000, 0x0000000093000000, 0x0000000093100000|  0%| F|  |TAMS 0x0000000093000000, 0x0000000093000000| Untracked 
| 255|0x0000000093100000, 0x0000000093100000, 0x0000000093200000|  0%| F|  |TAMS 0x0000000093100000, 0x0000000093100000| Untracked 
| 256|0x0000000093200000, 0x0000000093200000, 0x0000000093300000|  0%| F|  |TAMS 0x0000000093200000, 0x0000000093200000| Untracked 
| 257|0x0000000093300000, 0x0000000093300000, 0x0000000093400000|  0%| F|  |TAMS 0x0000000093300000, 0x0000000093300000| Untracked 
| 258|0x0000000093400000, 0x0000000093400000, 0x0000000093500000|  0%| F|  |TAMS 0x0000000093400000, 0x0000000093400000| Untracked 
| 259|0x0000000093500000, 0x0000000093500000, 0x0000000093600000|  0%| F|  |TAMS 0x0000000093500000, 0x0000000093500000| Untracked 

Card table byte_map: [0x0000017d495c0000,0x0000017d499b0000] _byte_map_base: 0x0000017d491a7000

Marking Bits (Prev, Next): (CMBitMap*) 0x0000017d4349ec30, (CMBitMap*) 0x0000017d4349ebf0
 Prev Bits: [0x0000017d4bce0000, 0x0000017d4dc18000)
 Next Bits: [0x0000017d49da0000, 0x0000017d4bcd8000)

Polling page: 0x0000017d41390000

Metaspace:

Usage:
  Non-class:     31.66 MB used.
      Class:      4.70 MB used.
       Both:     36.36 MB used.

Virtual space:
  Non-class space:       40.00 MB reserved,      31.81 MB ( 80%) committed,  5 nodes.
      Class space:        1.00 GB reserved,       4.88 MB ( <1%) committed,  1 nodes.
             Both:        1.04 GB reserved,      36.69 MB (  3%) committed. 

Chunk freelists:
   Non-Class:  3.78 MB
       Class:  2.98 MB
        Both:  6.77 MB

MaxMetaspaceSize: unlimited
CompressedClassSpaceSize: 1.00 GB
Initial GC threshold: 21.00 MB
Current GC threshold: 60.44 MB
CDS: off
MetaspaceReclaimPolicy: balanced
 - commit_granule_bytes: 65536.
 - commit_granule_words: 8192.
 - virtual_space_node_default_size: 1048576.
 - enlarge_chunks_in_place: 1.
 - new_chunks_are_fully_committed: 0.
 - uncommit_free_chunks: 1.
 - use_allocation_guard: 0.
 - handle_deallocations: 1.


Internal statistics:

num_allocs_failed_limit: 6.
num_arena_births: 342.
num_arena_deaths: 0.
num_vsnodes_births: 6.
num_vsnodes_deaths: 0.
num_space_committed: 587.
num_space_uncommitted: 0.
num_chunks_returned_to_freelist: 6.
num_chunks_taken_from_freelist: 1425.
num_chunk_merges: 6.
num_chunk_splits: 979.
num_chunks_enlarged: 759.
num_purges: 0.
num_inconsistent_stats: 0.

CodeCache: size=49152Kb used=9188Kb max_used=9188Kb free=39963Kb
 bounds [0x0000017d460c0000, 0x0000017d469c0000, 0x0000017d490c0000]
 total_blobs=4284 nmethods=3756 adapters=452
 compilation: enabled
              stopped_count=0, restarted_count=0
 full_count=0

Compilation events (20 events):
Event: 5.887 Thread 0x0000017d510209f0 3746       1       sun.security.util.AlgorithmDecomposer::hasLoop (37 bytes)
Event: 5.887 Thread 0x0000017d5192cc90 3747       1       java.lang.StringLatin1::compareToCI (108 bytes)
Event: 5.887 Thread 0x0000017d510209f0 nmethod 3746 0x0000017d469b5b90 code [0x0000017d469b5d60, 0x0000017d469b5ed8]
Event: 5.888 Thread 0x0000017d510209f0 3748       1       sun.security.util.SignatureFileVerifier::updateSigners (132 bytes)
Event: 5.888 Thread 0x0000017d5192cc90 nmethod 3747 0x0000017d469b5f90 code [0x0000017d469b6180, 0x0000017d469b6498]
Event: 5.903 Thread 0x0000017d510209f0 nmethod 3748 0x0000017d469b6710 code [0x0000017d469b6940, 0x0000017d469b6ed8]
Event: 5.907 Thread 0x0000017d510209f0 3749       1       sun.security.util.DerValue::toDerInputStream (54 bytes)
Event: 5.908 Thread 0x0000017d510209f0 nmethod 3749 0x0000017d469b7290 code [0x0000017d469b7480, 0x0000017d469b7858]
Event: 5.908 Thread 0x0000017d510209f0 3750       1       sun.security.util.DerInputStream::getSet (11 bytes)
Event: 5.909 Thread 0x0000017d510209f0 nmethod 3750 0x0000017d469b7a10 code [0x0000017d469b7bc0, 0x0000017d469b7cd8]
Event: 5.911 Thread 0x0000017d5122d970 3751       1       sun.util.calendar.CalendarDate::setNormalized (6 bytes)
Event: 5.911 Thread 0x0000017d5122d970 nmethod 3751 0x0000017d469b7d90 code [0x0000017d469b7f20, 0x0000017d469b7ff8]
Event: 5.912 Thread 0x0000017d510209f0 3752       1       java.math.BigInteger::bitLengthForInt (8 bytes)
Event: 5.912 Thread 0x0000017d510209f0 nmethod 3752 0x0000017d469b8090 code [0x0000017d469b8220, 0x0000017d469b82e8]
Event: 5.960 Thread 0x0000017d5192cc90 3754       1       java.util.concurrent.locks.ReentrantLock$NonfairSync::tryAcquire (27 bytes)
Event: 5.961 Thread 0x0000017d5192cc90 nmethod 3754 0x0000017d469b8790 code [0x0000017d469b8920, 0x0000017d469b8a98]
Event: 6.068 Thread 0x0000017d510209f0 3755       1       io.github.classgraph.ModuleRef::getReference (5 bytes)
Event: 6.068 Thread 0x0000017d510209f0 nmethod 3755 0x0000017d469b8b10 code [0x0000017d469b8ca0, 0x0000017d469b8d78]
Event: 6.069 Thread 0x0000017d510209f0 3756       1       java.util.concurrent.locks.AbstractQueuedSynchronizer::acquireInterruptibly (36 bytes)
Event: 6.070 Thread 0x0000017d510209f0 nmethod 3756 0x0000017d469b8e10 code [0x0000017d469b8fe0, 0x0000017d469b9258]

GC Heap History (20 events):
Event: 4.897 GC heap after
{Heap after GC invocations=12 (full 0):
 garbage-first heap   total 111616K, used 38546K [0x0000000083200000, 0x0000000100000000)
  region size 1024K, 4 young (4096K), 4 survivors (4096K)
 Metaspace       used 34232K, committed 34560K, reserved 1081344K
  class space    used 4367K, committed 4544K, reserved 1048576K
}
Event: 5.320 GC heap before
{Heap before GC invocations=12 (full 0):
 garbage-first heap   total 111616K, used 70290K [0x0000000083200000, 0x0000000100000000)
  region size 1024K, 37 young (37888K), 4 survivors (4096K)
 Metaspace       used 35664K, committed 35968K, reserved 1081344K
  class space    used 4613K, committed 4736K, reserved 1048576K
}
Event: 5.334 GC heap after
{Heap after GC invocations=13 (full 0):
 garbage-first heap   total 111616K, used 46080K [0x0000000083200000, 0x0000000100000000)
  region size 1024K, 6 young (6144K), 6 survivors (6144K)
 Metaspace       used 35664K, committed 35968K, reserved 1081344K
  class space    used 4613K, committed 4736K, reserved 1048576K
}
Event: 5.592 GC heap before
{Heap before GC invocations=14 (full 0):
 garbage-first heap   total 111616K, used 81920K [0x0000000083200000, 0x0000000100000000)
  region size 1024K, 40 young (40960K), 6 survivors (6144K)
 Metaspace       used 36755K, committed 37120K, reserved 1081344K
  class space    used 4757K, committed 4928K, reserved 1048576K
}
Event: 5.628 GC heap after
{Heap after GC invocations=15 (full 0):
 garbage-first heap   total 111616K, used 62712K [0x0000000083200000, 0x0000000100000000)
  region size 1024K, 5 young (5120K), 5 survivors (5120K)
 Metaspace       used 36755K, committed 37120K, reserved 1081344K
  class space    used 4757K, committed 4928K, reserved 1048576K
}
Event: 5.644 GC heap before
{Heap before GC invocations=15 (full 0):
 garbage-first heap   total 111616K, used 81144K [0x0000000083200000, 0x0000000100000000)
  region size 1024K, 24 young (24576K), 5 survivors (5120K)
 Metaspace       used 36768K, committed 37120K, reserved 1081344K
  class space    used 4758K, committed 4928K, reserved 1048576K
}
Event: 5.649 GC heap after
{Heap after GC invocations=16 (full 0):
 garbage-first heap   total 111616K, used 64903K [0x0000000083200000, 0x0000000100000000)
  region size 1024K, 2 young (2048K), 2 survivors (2048K)
 Metaspace       used 36768K, committed 37120K, reserved 1081344K
  class space    used 4758K, committed 4928K, reserved 1048576K
}
Event: 5.671 GC heap before
{Heap before GC invocations=16 (full 0):
 garbage-first heap   total 111616K, used 84359K [0x0000000083200000, 0x0000000100000000)
  region size 1024K, 22 young (22528K), 2 survivors (2048K)
 Metaspace       used 36777K, committed 37120K, reserved 1081344K
  class space    used 4761K, committed 4928K, reserved 1048576K
}
Event: 5.676 GC heap after
{Heap after GC invocations=17 (full 0):
 garbage-first heap   total 111616K, used 65465K [0x0000000083200000, 0x0000000100000000)
  region size 1024K, 3 young (3072K), 3 survivors (3072K)
 Metaspace       used 36777K, committed 37120K, reserved 1081344K
  class space    used 4761K, committed 4928K, reserved 1048576K
}
Event: 5.698 GC heap before
{Heap before GC invocations=17 (full 0):
 garbage-first heap   total 111616K, used 85945K [0x0000000083200000, 0x0000000100000000)
  region size 1024K, 24 young (24576K), 3 survivors (3072K)
 Metaspace       used 36784K, committed 37120K, reserved 1081344K
  class space    used 4761K, committed 4928K, reserved 1048576K
}
Event: 5.702 GC heap after
{Heap after GC invocations=18 (full 0):
 garbage-first heap   total 266240K, used 66432K [0x0000000083200000, 0x0000000100000000)
  region size 1024K, 3 young (3072K), 3 survivors (3072K)
 Metaspace       used 36784K, committed 37120K, reserved 1081344K
  class space    used 4761K, committed 4928K, reserved 1048576K
}
Event: 5.819 GC heap before
{Heap before GC invocations=19 (full 0):
 garbage-first heap   total 266240K, used 182144K [0x0000000083200000, 0x0000000100000000)
  region size 1024K, 118 young (120832K), 3 survivors (3072K)
 Metaspace       used 36815K, committed 37120K, reserved 1081344K
  class space    used 4770K, committed 4928K, reserved 1048576K
}
Event: 5.827 GC heap after
{Heap after GC invocations=20 (full 0):
 garbage-first heap   total 266240K, used 69976K [0x0000000083200000, 0x0000000100000000)
  region size 1024K, 7 young (7168K), 7 survivors (7168K)
 Metaspace       used 36815K, committed 37120K, reserved 1081344K
  class space    used 4770K, committed 4928K, reserved 1048576K
}
Event: 5.876 GC heap before
{Heap before GC invocations=20 (full 0):
 garbage-first heap   total 266240K, used 203096K [0x0000000083200000, 0x0000000100000000)
  region size 1024K, 138 young (141312K), 7 survivors (7168K)
 Metaspace       used 36954K, committed 37248K, reserved 1081344K
  class space    used 4783K, committed 4928K, reserved 1048576K
}
Event: 5.886 GC heap after
{Heap after GC invocations=21 (full 0):
 garbage-first heap   total 266240K, used 74877K [0x0000000083200000, 0x0000000100000000)
  region size 1024K, 12 young (12288K), 12 survivors (12288K)
 Metaspace       used 36954K, committed 37248K, reserved 1081344K
  class space    used 4783K, committed 4928K, reserved 1048576K
}
Event: 5.947 GC heap before
{Heap before GC invocations=21 (full 0):
 garbage-first heap   total 266240K, used 210045K [0x0000000083200000, 0x0000000100000000)
  region size 1024K, 145 young (148480K), 12 survivors (12288K)
 Metaspace       used 37085K, committed 37376K, reserved 1089536K
  class space    used 4795K, committed 4928K, reserved 1048576K
}
Event: 5.958 GC heap after
{Heap after GC invocations=22 (full 0):
 garbage-first heap   total 266240K, used 81036K [0x0000000083200000, 0x0000000100000000)
  region size 1024K, 16 young (16384K), 16 survivors (16384K)
 Metaspace       used 37085K, committed 37376K, reserved 1089536K
  class space    used 4795K, committed 4928K, reserved 1048576K
}
Event: 6.009 GC heap before
{Heap before GC invocations=22 (full 0):
 garbage-first heap   total 266240K, used 213132K [0x0000000083200000, 0x0000000100000000)
  region size 1024K, 146 young (149504K), 16 survivors (16384K)
 Metaspace       used 37139K, committed 37440K, reserved 1089536K
  class space    used 4796K, committed 4928K, reserved 1048576K
}
Event: 6.023 GC heap after
{Heap after GC invocations=23 (full 0):
 garbage-first heap   total 266240K, used 86338K [0x0000000083200000, 0x0000000100000000)
  region size 1024K, 12 young (12288K), 12 survivors (12288K)
 Metaspace       used 37139K, committed 37440K, reserved 1089536K
  class space    used 4796K, committed 4928K, reserved 1048576K
}
Event: 6.084 GC heap before
{Heap before GC invocations=23 (full 0):
 garbage-first heap   total 266240K, used 217410K [0x0000000083200000, 0x0000000100000000)
  region size 1024K, 142 young (145408K), 12 survivors (12288K)
 Metaspace       used 37227K, committed 37568K, reserved 1089536K
  class space    used 4808K, committed 4992K, reserved 1048576K
}

Deoptimization events (10 events):
Event: 2.553 Thread 0x0000017d43443030 DEOPT PACKING pc=0x0000017d46613499 sp=0x00000001006fd090
Event: 2.553 Thread 0x0000017d43443030 DEOPT UNPACKING pc=0x0000017d46116763 sp=0x00000001006fc570 mode 3
Event: 4.365 Thread 0x0000017d530d7910 DEOPT PACKING pc=0x0000017d467d847b sp=0x00000001024fe950
Event: 4.365 Thread 0x0000017d530d7910 DEOPT UNPACKING pc=0x0000017d46116763 sp=0x00000001024fde98 mode 3
Event: 4.611 Thread 0x0000017d531ded80 DEOPT PACKING pc=0x0000017d46611d01 sp=0x00000001027fed10
Event: 4.611 Thread 0x0000017d531ded80 DEOPT UNPACKING pc=0x0000017d46116763 sp=0x00000001027fe1a0 mode 3
Event: 5.118 Thread 0x0000017d53207850 DEOPT PACKING pc=0x0000017d46943635 sp=0x00000001037fddf0
Event: 5.118 Thread 0x0000017d53207850 DEOPT UNPACKING pc=0x0000017d46116763 sp=0x00000001037fd318 mode 3
Event: 5.186 Thread 0x0000017d54e231c0 DEOPT PACKING pc=0x0000017d4660fc17 sp=0x00000001038feee0
Event: 5.186 Thread 0x0000017d54e231c0 DEOPT UNPACKING pc=0x0000017d46116763 sp=0x00000001038fe338 mode 3

Classes unloaded (0 events):
No events

Classes redefined (0 events):
No events

Internal exceptions (20 events):
Event: 4.410 Thread 0x0000017d531f9020 Exception <a 'sun/nio/fs/WindowsException'{0x000000008705df18}> (0x000000008705df18) 
thrown [s\src\hotspot\share\prims\jni.cpp, line 516]
Event: 4.410 Thread 0x0000017d531f9020 Exception <a 'sun/nio/fs/WindowsException'{0x000000008705e2d8}> (0x000000008705e2d8) 
thrown [s\src\hotspot\share\prims\jni.cpp, line 516]
Event: 4.410 Thread 0x0000017d531f9020 Exception <a 'sun/nio/fs/WindowsException'{0x000000008705ecd8}> (0x000000008705ecd8) 
thrown [s\src\hotspot\share\prims\jni.cpp, line 516]
Event: 4.410 Thread 0x0000017d531f9020 Exception <a 'sun/nio/fs/WindowsException'{0x000000008705f088}> (0x000000008705f088) 
thrown [s\src\hotspot\share\prims\jni.cpp, line 516]
Event: 4.410 Thread 0x0000017d531f9020 Exception <a 'sun/nio/fs/WindowsException'{0x000000008705fa88}> (0x000000008705fa88) 
thrown [s\src\hotspot\share\prims\jni.cpp, line 516]
Event: 4.410 Thread 0x0000017d531f9020 Exception <a 'sun/nio/fs/WindowsException'{0x000000008705fe48}> (0x000000008705fe48) 
thrown [s\src\hotspot\share\prims\jni.cpp, line 516]
Event: 4.410 Thread 0x0000017d531f9020 Exception <a 'sun/nio/fs/WindowsException'{0x0000000087060870}> (0x0000000087060870) 
thrown [s\src\hotspot\share\prims\jni.cpp, line 516]
Event: 4.410 Thread 0x0000017d531f9020 Exception <a 'sun/nio/fs/WindowsException'{0x0000000087060c50}> (0x0000000087060c50) 
thrown [s\src\hotspot\share\prims\jni.cpp, line 516]
Event: 4.411 Thread 0x0000017d531f9020 Exception <a 'sun/nio/fs/WindowsException'{0x0000000087061688}> (0x0000000087061688) 
thrown [s\src\hotspot\share\prims\jni.cpp, line 516]
Event: 4.411 Thread 0x0000017d531f9020 Exception <a 'sun/nio/fs/WindowsException'{0x0000000087061a78}> (0x0000000087061a78) 
thrown [s\src\hotspot\share\prims\jni.cpp, line 516]
Event: 4.412 Thread 0x0000017d531f9020 Exception <a 'sun/nio/fs/WindowsException'{0x00000000870624a0}> (0x00000000870624a0) 
thrown [s\src\hotspot\share\prims\jni.cpp, line 516]
Event: 4.412 Thread 0x0000017d531f9020 Exception <a 'sun/nio/fs/WindowsException'{0x0000000087062890}> (0x0000000087062890) 
thrown [s\src\hotspot\share\prims\jni.cpp, line 516]
Event: 4.491 Thread 0x0000017d43443030 Exception <a 'java/lang/NoSuchMethodError'{0x00000000862313d0}: 'java.lang.Object java.lang.invoke.DirectMethodHandle$Holder.newInvokeSpecial(java.lang.Object, java.lang.Object, int, java.lang.Object, java.lang.Object)'> (0x00000000862313d0) 
thrown [s\src\hotspot\share\interpreter\linkResolver.cpp, line 759]
Event: 4.494 Thread 0x0000017d43443030 Exception <a 'java/lang/NoSuchMethodError'{0x00000000862433a0}: 'java.lang.Object java.lang.invoke.DirectMethodHandle$Holder.invokeSpecial(java.lang.Object, java.lang.Object, int, java.lang.Object, int, java.lang.Object)'> (0x00000000862433a0) 
thrown [s\src\hotspot\share\interpreter\linkResolver.cpp, line 759]
Event: 4.495 Thread 0x0000017d43443030 Exception <a 'java/lang/NoSuchMethodError'{0x000000008624b1a0}: 'java.lang.Object java.lang.invoke.DirectMethodHandle$Holder.newInvokeSpecial(java.lang.Object, java.lang.Object, int, java.lang.Object, int)'> (0x000000008624b1a0) 
thrown [s\src\hotspot\share\interpreter\linkResolver.cpp, line 759]
Event: 4.496 Thread 0x0000017d43443030 Exception <a 'java/lang/NoSuchMethodError'{0x000000008624f2a0}: 'java.lang.Object java.lang.invoke.DirectMethodHandle$Holder.invokeSpecial(java.lang.Object, java.lang.Object, java.lang.Object, int, java.lang.Object, int)'> (0x000000008624f2a0) 
thrown [s\src\hotspot\share\interpreter\linkResolver.cpp, line 759]
Event: 5.109 Thread 0x0000017d5320a3a0 Exception <a 'java/lang/NoSuchMethodError'{0x0000000088576748}: 'java.lang.Object java.lang.invoke.DirectMethodHandle$Holder.invokeStatic(java.lang.Object, java.lang.Object, java.lang.Object, int, java.lang.Object, java.lang.Object)'> (0x0000000088576748) 
thrown [s\src\hotspot\share\interpreter\linkResolver.cpp, line 759]
Event: 5.113 Thread 0x0000017d53207850 Exception <a 'java/lang/NoSuchMethodError'{0x0000000088590040}: 'java.lang.Object java.lang.invoke.DirectMethodHandle$Holder.invokeStatic(java.lang.Object, int, java.lang.Object)'> (0x0000000088590040) 
thrown [s\src\hotspot\share\interpreter\linkResolver.cpp, line 759]
Event: 5.437 Thread 0x0000017d53207850 Exception <a 'java/lang/NoSuchMethodError'{0x0000000089a24450}: 'int java.lang.invoke.DirectMethodHandle$Holder.invokeStatic(java.lang.Object)'> (0x0000000089a24450) 
thrown [s\src\hotspot\share\interpreter\linkResolver.cpp, line 759]
Event: 5.438 Thread 0x0000017d53207850 Exception <a 'java/lang/NoSuchMethodError'{0x0000000089a27af8}: 'int java.lang.invoke.DirectMethodHandle$Holder.invokeStaticInit(java.lang.Object)'> (0x0000000089a27af8) 
thrown [s\src\hotspot\share\interpreter\linkResolver.cpp, line 759]

VM Operations (20 events):
Event: 5.816 Executing VM operation: G1Concurrent done
Event: 5.818 Executing VM operation: G1CollectForAllocation
Event: 5.819 Executing VM operation: G1CollectForAllocation done
Event: 5.819 Executing VM operation: G1CollectForAllocation
Event: 5.827 Executing VM operation: G1CollectForAllocation done
Event: 5.874 Executing VM operation: G1CollectForAllocation
Event: 5.875 Executing VM operation: G1CollectForAllocation done
Event: 5.875 Executing VM operation: G1CollectForAllocation
Event: 5.886 Executing VM operation: G1CollectForAllocation done
Event: 5.945 Executing VM operation: G1CollectForAllocation
Event: 5.946 Executing VM operation: G1CollectForAllocation done
Event: 5.947 Executing VM operation: G1CollectForAllocation
Event: 5.958 Executing VM operation: G1CollectForAllocation done
Event: 6.007 Executing VM operation: G1CollectForAllocation
Event: 6.008 Executing VM operation: G1CollectForAllocation done
Event: 6.008 Executing VM operation: G1CollectForAllocation
Event: 6.023 Executing VM operation: G1CollectForAllocation done
Event: 6.083 Executing VM operation: G1CollectForAllocation
Event: 6.084 Executing VM operation: G1CollectForAllocation done
Event: 6.084 Executing VM operation: G1CollectForAllocation

Events (20 events):
Event: 5.225 loading class java/util/concurrent/CompletableFuture$UniExceptionally
Event: 5.225 loading class java/util/concurrent/CompletableFuture$UniExceptionally done
Event: 5.226 loading class java/util/concurrent/CompletableFuture$Signaller
Event: 5.226 loading class java/util/concurrent/CompletableFuture$Signaller done
Event: 5.234 loading class java/util/concurrent/CompletableFuture$UniCompose
Event: 5.235 loading class java/util/concurrent/CompletableFuture$UniCompose done
Event: 5.237 Thread 0x0000017d54e27520 Thread added: 0x0000017d54e27520
Event: 5.239 Thread 0x0000017d54e24ea0 Thread added: 0x0000017d54e24ea0
Event: 5.239 loading class java/util/concurrent/CompletableFuture$UniRelay
Event: 5.239 loading class java/util/concurrent/CompletableFuture$UniRelay done
Event: 5.279 Thread 0x0000017d54e23690 Thread added: 0x0000017d54e23690
Event: 5.447 Thread 0x0000017d54e28d30 Thread added: 0x0000017d54e28d30
Event: 5.473 loading class jdk/internal/vm/annotation/ForceInline
Event: 5.473 loading class jdk/internal/vm/annotation/ForceInline done
Event: 5.499 loading class java/util/stream/Nodes$SpinedNodeBuilder
Event: 5.500 loading class java/util/stream/Nodes$SpinedNodeBuilder done
Event: 5.926 loading class java/util/zip/GZIPOutputStream
Event: 5.926 loading class java/util/zip/DeflaterOutputStream
Event: 5.926 loading class java/util/zip/DeflaterOutputStream done
Event: 5.926 loading class java/util/zip/GZIPOutputStream done


Dynamic libraries:
0x00007ff74d670000 - 0x00007ff74d67e000 	c:\Users\datea\.vscode\extensions\redhat.java-1.11.0-win32-x64\jre\17.0.4.1-win32-x86_64\bin\java.exe
0x00007ffe21c70000 - 0x00007ffe21e89000 	C:\WINDOWS\SYSTEM32\ntdll.dll
0x00007ffe20ff0000 - 0x00007ffe210b2000 	C:\WINDOWS\System32\KERNEL32.DLL
0x00007ffe1f260000 - 0x00007ffe1f5ff000 	C:\WINDOWS\System32\KERNELBASE.dll
0x00007ffe1bfd0000 - 0x00007ffe1c066000 	C:\WINDOWS\SYSTEM32\apphelp.dll
0x00007ffe1f8a0000 - 0x00007ffe1f9bb000 	C:\WINDOWS\System32\ucrtbase.dll
0x00007ffdfe750000 - 0x00007ffdfe768000 	c:\Users\datea\.vscode\extensions\redhat.java-1.11.0-win32-x64\jre\17.0.4.1-win32-x86_64\bin\jli.dll
0x00007ffdfe770000 - 0x00007ffdfe789000 	c:\Users\datea\.vscode\extensions\redhat.java-1.11.0-win32-x64\jre\17.0.4.1-win32-x86_64\bin\VCRUNTIME140.dll
0x00007ffe20a60000 - 0x00007ffe20c0c000 	C:\WINDOWS\System32\USER32.dll
0x00007ffe1f110000 - 0x00007ffe1f136000 	C:\WINDOWS\System32\win32u.dll
0x00007ffe211e0000 - 0x00007ffe21209000 	C:\WINDOWS\System32\GDI32.dll
0x00007ffe12580000 - 0x00007ffe12811000 	C:\WINDOWS\WinSxS\amd64_microsoft.windows.common-controls_6595b64144ccf1df_6.0.25217.1000_none_7b59e1e7f1b57804\COMCTL32.dll
0x00007ffe1f140000 - 0x00007ffe1f256000 	C:\WINDOWS\System32\gdi32full.dll
0x00007ffe1f800000 - 0x00007ffe1f89a000 	C:\WINDOWS\System32\msvcp_win.dll
0x00007ffe20740000 - 0x00007ffe207e7000 	C:\WINDOWS\System32\msvcrt.dll
0x00007ffe1fe30000 - 0x00007ffe1fe61000 	C:\WINDOWS\System32\IMM32.DLL
0x00007ffe13160000 - 0x00007ffe1316c000 	c:\Users\datea\.vscode\extensions\redhat.java-1.11.0-win32-x64\jre\17.0.4.1-win32-x86_64\bin\vcruntime140_1.dll
0x00007ffdec060000 - 0x00007ffdec0f1000 	c:\Users\datea\.vscode\extensions\redhat.java-1.11.0-win32-x64\jre\17.0.4.1-win32-x86_64\bin\msvcp140.dll
0x00007ffdb3bc0000 - 0x00007ffdb4806000 	c:\Users\datea\.vscode\extensions\redhat.java-1.11.0-win32-x64\jre\17.0.4.1-win32-x86_64\bin\server\jvm.dll
0x00007ffe21210000 - 0x00007ffe212be000 	C:\WINDOWS\System32\ADVAPI32.dll
0x00007ffe21120000 - 0x00007ffe211c6000 	C:\WINDOWS\System32\sechost.dll
0x00007ffe21b00000 - 0x00007ffe21c27000 	C:\WINDOWS\System32\RPCRT4.dll
0x00007ffe211d0000 - 0x00007ffe211d8000 	C:\WINDOWS\System32\PSAPI.DLL
0x00007ffe01f20000 - 0x00007ffe01f29000 	C:\WINDOWS\SYSTEM32\WSOCK32.dll
0x00007ffe1bf20000 - 0x00007ffe1bf2a000 	C:\WINDOWS\SYSTEM32\VERSION.dll
0x00007ffe0da10000 - 0x00007ffe0da45000 	C:\WINDOWS\SYSTEM32\WINMM.dll
0x00007ffe207f0000 - 0x00007ffe2085f000 	C:\WINDOWS\System32\WS2_32.dll
0x00007ffe1dfe0000 - 0x00007ffe1dff8000 	C:\WINDOWS\SYSTEM32\kernel.appcore.dll
0x00007ffe13050000 - 0x00007ffe1305a000 	c:\Users\datea\.vscode\extensions\redhat.java-1.11.0-win32-x64\jre\17.0.4.1-win32-x86_64\bin\jimage.dll
0x00007ffe1c8c0000 - 0x00007ffe1caf3000 	C:\WINDOWS\SYSTEM32\DBGHELP.DLL
0x00007ffe1fa40000 - 0x00007ffe1fdc3000 	C:\WINDOWS\System32\combase.dll
0x00007ffe1fe70000 - 0x00007ffe1ff48000 	C:\WINDOWS\System32\OLEAUT32.dll
0x00007ffe1a3c0000 - 0x00007ffe1a3f2000 	C:\WINDOWS\SYSTEM32\dbgcore.DLL
0x00007ffe1f9c0000 - 0x00007ffe1fa39000 	C:\WINDOWS\System32\bcryptPrimitives.dll
0x00007ffdfdd80000 - 0x00007ffdfdda5000 	c:\Users\datea\.vscode\extensions\redhat.java-1.11.0-win32-x64\jre\17.0.4.1-win32-x86_64\bin\java.dll
0x00007ffdfc7d0000 - 0x00007ffdfc7e8000 	c:\Users\datea\.vscode\extensions\redhat.java-1.11.0-win32-x64\jre\17.0.4.1-win32-x86_64\bin\zip.dll
0x00007ffe1ff50000 - 0x00007ffe2071f000 	C:\WINDOWS\System32\SHELL32.dll
0x00007ffe1cf50000 - 0x00007ffe1d7e5000 	C:\WINDOWS\SYSTEM32\windows.storage.dll
0x00007ffe1cdb0000 - 0x00007ffe1cf43000 	C:\WINDOWS\SYSTEM32\wintypes.dll
0x00007ffe20c10000 - 0x00007ffe20cfb000 	C:\WINDOWS\System32\SHCORE.dll
0x00007ffe210c0000 - 0x00007ffe2111d000 	C:\WINDOWS\System32\shlwapi.dll
0x00007ffe1ef80000 - 0x00007ffe1efa1000 	C:\WINDOWS\SYSTEM32\profapi.dll
0x00007ffdfc7b0000 - 0x00007ffdfc7c9000 	C:\Users\datea\.vscode\extensions\redhat.java-1.11.0-win32-x64\jre\17.0.4.1-win32-x86_64\bin\net.dll
0x00007ffe107e0000 - 0x00007ffe1090b000 	C:\WINDOWS\SYSTEM32\WINHTTP.dll
0x00007ffe1e4b0000 - 0x00007ffe1e519000 	C:\WINDOWS\system32\mswsock.dll
0x00007ffdfc790000 - 0x00007ffdfc7a5000 	C:\Users\datea\.vscode\extensions\redhat.java-1.11.0-win32-x64\jre\17.0.4.1-win32-x86_64\bin\nio.dll
0x00007ffdfc770000 - 0x00007ffdfc780000 	c:\Users\datea\.vscode\extensions\redhat.java-1.11.0-win32-x64\jre\17.0.4.1-win32-x86_64\bin\verify.dll
0x00007ffe1c3d0000 - 0x00007ffe1c3d9000 	C:\Users\datea\.vscode\extensions\redhat.java-1.11.0-win32-x64\jre\17.0.4.1-win32-x86_64\bin\management.dll
0x00007ffe1c3c0000 - 0x00007ffe1c3cb000 	C:\Users\datea\.vscode\extensions\redhat.java-1.11.0-win32-x64\jre\17.0.4.1-win32-x86_64\bin\management_ext.dll
0x00007ffe116b0000 - 0x00007ffe116c7000 	C:\WINDOWS\system32\napinsp.dll
0x00007ffe10060000 - 0x00007ffe1007a000 	C:\WINDOWS\system32\pnrpnsp.dll
0x00007ffddeeb0000 - 0x00007ffddeed1000 	C:\WINDOWS\system32\nlansp_c.dll
0x00007ffe1dad0000 - 0x00007ffe1dbcf000 	C:\WINDOWS\SYSTEM32\DNSAPI.dll
0x00007ffe1da60000 - 0x00007ffe1da8e000 	C:\WINDOWS\SYSTEM32\IPHLPAPI.DLL
0x00007ffe20730000 - 0x00007ffe20739000 	C:\WINDOWS\System32\NSI.dll
0x00007ffe10040000 - 0x00007ffe10051000 	C:\WINDOWS\System32\winrnr.dll
0x00007ffdef8a0000 - 0x00007ffdef8b5000 	C:\WINDOWS\system32\wshbth.dll
0x00007ffe107d0000 - 0x00007ffe107da000 	C:\Windows\System32\rasadhlp.dll
0x00007ffe10a30000 - 0x00007ffe10ab4000 	C:\WINDOWS\System32\fwpuclnt.dll
0x00007ffe1e730000 - 0x00007ffe1e74b000 	C:\WINDOWS\SYSTEM32\CRYPTSP.dll
0x00007ffe1df40000 - 0x00007ffe1df74000 	C:\WINDOWS\system32\rsaenh.dll
0x00007ffe1e5d0000 - 0x00007ffe1e5f8000 	C:\WINDOWS\SYSTEM32\USERENV.dll
0x00007ffe1e8f0000 - 0x00007ffe1e918000 	C:\WINDOWS\SYSTEM32\bcrypt.dll
0x00007ffe1e750000 - 0x00007ffe1e75c000 	C:\WINDOWS\SYSTEM32\CRYPTBASE.dll
0x00007ffe10990000 - 0x00007ffe109a9000 	C:\WINDOWS\SYSTEM32\dhcpcsvc6.DLL
0x00007ffe10960000 - 0x00007ffe1097f000 	C:\WINDOWS\SYSTEM32\dhcpcsvc.DLL

dbghelp: loaded successfully - version: 4.0.5 - missing functions: none
symbol engine: initialized successfully - sym options: 0x614 - pdb path: .;c:\Users\datea\.vscode\extensions\redhat.java-1.11.0-win32-x64\jre\17.0.4.1-win32-x86_64\bin;C:\WINDOWS\SYSTEM32;C:\WINDOWS\WinSxS\amd64_microsoft.windows.common-controls_6595b64144ccf1df_6.0.25217.1000_none_7b59e1e7f1b57804;c:\Users\datea\.vscode\extensions\redhat.java-1.11.0-win32-x64\jre\17.0.4.1-win32-x86_64\bin\server

VM Arguments:
jvm_args: -Dsts.lsp.client=vscode -Dsts.log.file=/dev/null -XX:TieredStopAtLevel=1 -Xlog:jni+resolve=off -Dspring.config.location=file:c:\Users\datea\.vscode\extensions\pivotal.vscode-spring-boot-1.39.0\language-server\BOOT-INF\classes\application.properties 
java_command: org.springframework.ide.vscode.boot.app.BootLanguageServerBootApp
java_class_path (initial): c:\Users\datea\.vscode\extensions\pivotal.vscode-spring-boot-1.39.0\language-server\BOOT-INF\classes;c:\Users\datea\.vscode\extensions\pivotal.vscode-spring-boot-1.39.0\language-server\BOOT-INF\lib\annotations-23.0.0.jar;c:\Users\datea\.vscode\extensions\pivotal.vscode-spring-boot-1.39.0\language-server\BOOT-INF\lib\antlr-runtime-3.5.2.jar;c:\Users\datea\.vscode\extensions\pivotal.vscode-spring-boot-1.39.0\language-server\BOOT-INF\lib\antlr4-4.9.3.jar;c:\Users\datea\.vscode\extensions\pivotal.vscode-spring-boot-1.39.0\language-server\BOOT-INF\lib\antlr4-runtime-4.9.3.jar;c:\Users\datea\.vscode\extensions\pivotal.vscode-spring-boot-1.39.0\language-server\BOOT-INF\lib\asm-9.3.jar;c:\Users\datea\.vscode\extensions\pivotal.vscode-spring-boot-1.39.0\language-server\BOOT-INF\lib\asm-analysis-9.3.jar;c:\Users\datea\.vscode\extensions\pivotal.vscode-spring-boot-1.39.0\language-server\BOOT-INF\lib\asm-tree-9.3.jar;c:\Users\datea\.vscode\extensions\pivotal.vscode-spring-boot-1.39.0\language-server\BOOT-INF\lib\asm-util-9.3.jar;c:\Users\datea\.vscode\extensions\pivotal.vscode-spring-boot-1.39.0\language-server\BOOT-INF\lib\byte-buddy-1.12.13.jar;c:\Users\datea\.vscode\extensions\pivotal.vscode-spring-boot-1.39.0\language-server\BOOT-INF\lib\caffeine-2.9.3.jar;c:\Users\datea\.vscode\extensions\pivotal.vscode-spring-boot-1.39.0\language-server\BOOT-INF\lib\checker-qual-3.12.0.jar;c:\Users\datea\.vscode\extensions\pivotal.vscode-spring-boot-1.39.0\language-server\BOOT-INF\lib\classgraph-4.8.149.jar;c:\Users\datea\.vscode\extensions\pivotal.vscode-spring-boot-1.39.0\language-server\BOOT-INF\lib\commons-codec-1.15.jar;c:\Users\datea\.vscode\extensions\pivotal.vscode-spring-boot-1.39.0\language-server\BOOT-INF\lib\commons-compress-1.21.jar;c:\Users\datea\.vscode\extensions\pivotal.vscode-spring-boot-1.39.0\language-server\BOOT-INF\lib\commons-exec-1.3.jar;c:\Users\datea\.vscode\extensions\pivotal.vscode-spring-boot-1.39.0\language-server\BOOT-INF\lib\com
Launcher Type: SUN_STANDARD

[Global flags]
     intx CICompilerCount                          = 4                                         {product} {ergonomic}
     uint ConcGCThreads                            = 2                                         {product} {ergonomic}
     uint G1ConcRefinementThreads                  = 8                                         {product} {ergonomic}
   size_t G1HeapRegionSize                         = 1048576                                   {product} {ergonomic}
    uintx GCDrainStackTargetSize                   = 64                                        {product} {ergonomic}
   size_t InitialHeapSize                          = 132120576                                 {product} {ergonomic}
   size_t MarkStackSize                            = 4194304                                   {product} {ergonomic}
   size_t MaxHeapSize                              = 2095054848                                {product} {ergonomic}
   size_t MaxNewSize                               = 1256194048                                {product} {ergonomic}
   size_t MinHeapDeltaBytes                        = 1048576                                   {product} {ergonomic}
   size_t MinHeapSize                              = 8388608                                   {product} {ergonomic}
    uintx NonProfiledCodeHeapSize                  = 0                                      {pd product} {ergonomic}
     bool ProfileInterpreter                       = false                                  {pd product} {command line}
    uintx ProfiledCodeHeapSize                     = 0                                      {pd product} {ergonomic}
   size_t SoftMaxHeapSize                          = 2095054848                             {manageable} {ergonomic}
     intx TieredStopAtLevel                        = 1                                         {product} {command line}
     bool UseCompressedClassPointers               = true                           {product lp64_product} {ergonomic}
     bool UseCompressedOops                        = true                           {product lp64_product} {ergonomic}
     bool UseG1GC                                  = true                                      {product} {ergonomic}
     bool UseLargePagesIndividualAllocation        = false                                  {pd product} {ergonomic}

Logging:
Log output configuration:
 #0: stdout all=warning,jni+resolve=off uptime,level,tags
 #1: stderr all=off uptime,level,tags

Environment Variables:
PATH=C:\Program Files\Java\jdk-15.0.2\bin;C:\Program Files\Common Files\Oracle\Java\javapath;C:\WINDOWS\system32;C:\WINDOWS;C:\WINDOWS\System32\Wbem;C:\WINDOWS\System32\WindowsPowerShell\v1.0\;C:\WINDOWS\System32\OpenSSH\;C:\Program Files\Azure Data Studio\bin;C:\Program Files\Microsoft SQL Server\Client SDK\ODBC\170\Tools\Binn\;C:\Program Files (x86)\Microsoft SQL Server\150\Tools\Binn\;C:\Program Files\Microsoft SQL Server\150\Tools\Binn\;C:\Program Files\Microsoft SQL Server\150\DTS\Binn\;C:\Program Files (x86)\Microsoft SQL Server\150\DTS\Binn\;C:\Program Files (x86)\GitExtensions\;F:\xampp\php;C:\ProgramData\ComposerSetup\bin;C:\xampp\php;C:\Program Files\Git\cmd;C:\Users\datea\AppData\Local\Microsoft\WindowsApps;C:\Users\datea\AppData\Local\Programs\Microsoft VS Code\bin;;C:\Program Files\Azure Data Studio\bin;C:\Users\datea\AppData\Roaming\Composer\vendor\bin
USERNAME=datea
OS=Windows_NT
PROCESSOR_IDENTIFIER=Intel64 Family 6 Model 126 Stepping 5, GenuineIntel
TMP=C:\Users\datea\AppData\Local\Temp
TEMP=C:\Users\datea\AppData\Local\Temp



---------------  S Y S T E M  ---------------

OS:
 Windows 11 , 64 bit Build 25217 (10.0.25217.1000)
OS uptime: 1 days 2:53 hours
Hyper-V role detected

CPU: total 8 (initial active 8) (4 cores per cpu, 2 threads per core) family 6 model 126 stepping 5 microcode 0xa6, cx8, cmov, fxsr, ht, mmx, 3dnowpref, sse, sse2, sse3, ssse3, sse4.1, sse4.2, popcnt, lzcnt, tsc, tscinvbit, avx, avx2, aes, erms, clmul, bmi1, bmi2, adx, avx512f, avx512dq, avx512cd, avx512bw, avx512vl, sha, fma, vzeroupper, avx512_vpopcntdq, avx512_vpclmulqdq, avx512_vaes, avx512_vnni, clflush, clflushopt, avx512_vbmi2, avx512_vbmi, hv

Memory: 4k page, system-wide physical 7987M (400M free)
TotalPageFile size 12083M (AvailPageFile size 102M)
current process WorkingSet (physical memory assigned to process): 382M, peak: 382M
current process commit charge ("private bytes"): 405M, peak: 925M

vm_info: OpenJDK 64-Bit Server VM (17.0.4.1+1) for windows-amd64 JRE (17.0.4.1+1), built on Aug 17 2022 07:42:43 by "temurin" with MS VC++ 16.7 (VS2019)

END.
