#
# There is insufficient memory for the Java Runtime Environment to continue.
# Native memory allocation (malloc) failed to allocate 2097152 bytes for AllocateHeap
# Possible reasons:
#   The system is out of physical RAM or swap space
#   The process is running with CompressedOops enabled, and the Java Heap may be blocking the growth of the native heap
# Possible solutions:
#   Reduce memory load on the system
#   Increase physical memory or swap space
#   Check if swap backing store is full
#   Decrease Java heap size (-Xmx/-Xms)
#   Decrease number of Java threads
#   Decrease Java thread stack sizes (-Xss)
#   Set larger code cache with -XX:ReservedCodeCacheSize=
#   JVM is running with Unscaled Compressed Oops mode in which the Java heap is
#     placed in the first 4GB address space. The Java Heap base address is the
#     maximum limit for the native heap growth. Please use -XX:HeapBaseMinAddress
#     to set the Java Heap base and to place the Java Heap above 4GB virtual address.
# This output file may be truncated or incomplete.
#
#  Out of Memory Error (allocation.cpp:44), pid=46336, tid=21672
#
# JRE version: OpenJDK Runtime Environment Temurin-17.0.5+8 (17.0.5+8) (build 17.0.5+8)
# Java VM: OpenJDK 64-Bit Server VM Temurin-17.0.5+8 (17.0.5+8, mixed mode, emulated-client, sharing, tiered, compressed oops, compressed class ptrs, g1 gc, windows-amd64)
# No core dump will be written. Minidumps are not enabled by default on client versions of Windows
#

---------------  S U M M A R Y ------------

Command Line: -Dsts.lsp.client=vscode -Dsts.log.file=/dev/null -XX:TieredStopAtLevel=1 -Xlog:jni+resolve=off -Dspring.config.location=file:c:\Users\datea\.vscode\extensions\pivotal.vscode-spring-boot-1.40.0\language-server\BOOT-INF\classes\application.properties org.springframework.ide.vscode.boot.app.BootLanguageServerBootApp

Host: Intel(R) Core(TM) i5-1035G1 CPU @ 1.00GHz, 8 cores, 7G,  Windows 11 , 64 bit Build 25231 (10.0.25231.1000)
Time: Sun Oct 30 17:35:27 2022 SE Asia Standard Time elapsed time: 3185.947655 seconds (0d 0h 53m 5s)

---------------  T H R E A D  ---------------

Current thread (0x0000027e2540b8e0):  VMThread "VM Thread" [stack: 0x000000cadbc00000,0x000000cadbd00000] [id=21672]

Stack: [0x000000cadbc00000,0x000000cadbd00000]
Native frames: (J=compiled Java code, j=interpreted, Vv=VM code, C=native code)
V  [jvm.dll+0x676b3a]
V  [jvm.dll+0x831444]
V  [jvm.dll+0x832bee]
V  [jvm.dll+0x833253]
V  [jvm.dll+0x244ce5]
V  [jvm.dll+0xa631f]
V  [jvm.dll+0x2f4f91]
V  [jvm.dll+0x2f0c10]
V  [jvm.dll+0x2d92f7]
V  [jvm.dll+0x31c3b7]
V  [jvm.dll+0x8376fb]
V  [jvm.dll+0x838434]
V  [jvm.dll+0x83894c]
V  [jvm.dll+0x838d24]
V  [jvm.dll+0x838df0]
V  [jvm.dll+0x7e17ea]
V  [jvm.dll+0x6759e5]
C  [ucrtbase.dll+0x4b7eb]
C  [KERNEL32.DLL+0x1335d]
C  [ntdll.dll+0x67558]

VM_Operation (0x000000cadd5fe9f0): G1CollectFull, mode: safepoint, requested by thread 0x0000027e278a9200


---------------  P R O C E S S  ---------------

Threads class SMR info:
_java_thread_list=0x0000027e27e84eb0, length=21, elements={
0x0000027e25411b20, 0x0000027e254136e0, 0x0000027e25434c40, 0x0000027e25435500,
0x0000027e25435eb0, 0x0000027e25436860, 0x0000027e25437210, 0x0000027e25439c10,
0x0000027e26196130, 0x0000027e2619b060, 0x0000027e26849240, 0x0000027e278a9200,
0x0000027e279e6360, 0x0000027e13340f40, 0x0000027e277696f0, 0x0000027e27a68050,
0x0000027e27c83880, 0x0000027e27c7e6b0, 0x0000027e27c81200, 0x0000027e27c816d0,
0x0000027e27c80d30
}

Java Threads: ( => current thread )
  0x0000027e25411b20 JavaThread "Reference Handler" daemon [_thread_blocked, id=43328, stack(0x000000cadbd00000,0x000000cadbe00000)]
  0x0000027e254136e0 JavaThread "Finalizer" daemon [_thread_blocked, id=32588, stack(0x000000cadbe00000,0x000000cadbf00000)]
  0x0000027e25434c40 JavaThread "Signal Dispatcher" daemon [_thread_blocked, id=44280, stack(0x000000cadc000000,0x000000cadc100000)]
  0x0000027e25435500 JavaThread "Attach Listener" daemon [_thread_blocked, id=47092, stack(0x000000cadc100000,0x000000cadc200000)]
  0x0000027e25435eb0 JavaThread "Service Thread" daemon [_thread_blocked, id=45116, stack(0x000000cadc200000,0x000000cadc300000)]
  0x0000027e25436860 JavaThread "Monitor Deflation Thread" daemon [_thread_blocked, id=46120, stack(0x000000cadc300000,0x000000cadc400000)]
  0x0000027e25437210 JavaThread "C1 CompilerThread0" daemon [_thread_blocked, id=44792, stack(0x000000cadc400000,0x000000cadc500000)]
  0x0000027e25439c10 JavaThread "Sweeper thread" daemon [_thread_blocked, id=44768, stack(0x000000cadc500000,0x000000cadc600000)]
  0x0000027e26196130 JavaThread "Notification Thread" daemon [_thread_blocked, id=1640, stack(0x000000cadc700000,0x000000cadc800000)]
  0x0000027e2619b060 JavaThread "Common-Cleaner" daemon [_thread_blocked, id=46436, stack(0x000000cadc900000,0x000000cadca00000)]
  0x0000027e26849240 JavaThread "boundedElastic-evictor-1" daemon [_thread_blocked, id=45792, stack(0x000000cadd100000,0x000000cadd200000)]
  0x0000027e278a9200 JavaThread "pool-9-thread-1" [_thread_blocked, id=45720, stack(0x000000cadd500000,0x000000cadd600000)]
  0x0000027e279e6360 JavaThread "LanguageServerApp-lifecycle" [_thread_blocked, id=36956, stack(0x000000cadd600000,0x000000cadd700000)]
  0x0000027e13340f40 JavaThread "DestroyJavaVM" [_thread_blocked, id=46356, stack(0x000000cadb600000,0x000000cadb700000)]
  0x0000027e277696f0 JavaThread "pool-10-thread-1" [_thread_in_native, id=45992, stack(0x000000cadd700000,0x000000cadd800000)]
  0x0000027e27a68050 JavaThread "Simple-Language-Server main thread" daemon [_thread_blocked, id=45760, stack(0x000000cadd800000,0x000000cadd900000)]
  0x0000027e27c83880 JavaThread "parallel-1" daemon [_thread_blocked, id=33788, stack(0x000000cade800000,0x000000cade900000)]
  0x0000027e27c7e6b0 JavaThread "pool-7-thread-1" [_thread_blocked, id=28928, stack(0x000000cadda00000,0x000000caddb00000)]
  0x0000027e27c81200 JavaThread "parallel-2" daemon [_thread_blocked, id=45952, stack(0x000000caddb00000,0x000000caddc00000)]
  0x0000027e27c816d0 JavaThread "Reconciler-1" daemon [_thread_blocked, id=43496, stack(0x000000cadde00000,0x000000caddf00000)]
  0x0000027e27c80d30 JavaThread "parallel-3" daemon [_thread_blocked, id=45228, stack(0x000000cade000000,0x000000cade100000)]

Other Threads:
=>0x0000027e2540b8e0 VMThread "VM Thread" [stack: 0x000000cadbc00000,0x000000cadbd00000] [id=21672]
  0x0000027e26196c10 WatcherThread [stack: 0x000000cadc800000,0x000000cadc900000] [id=43128]
  0x0000027e1339cd50 GCTaskThread "GC Thread#0" [stack: 0x000000cadb700000,0x000000cadb800000] [id=34228]
  0x0000027e26a4c620 GCTaskThread "GC Thread#1" [stack: 0x000000cadcc00000,0x000000cadcd00000] [id=43192]
  0x0000027e26a4c8d0 GCTaskThread "GC Thread#2" [stack: 0x000000cadcd00000,0x000000cadce00000] [id=35456]
  0x0000027e26a67fd0 GCTaskThread "GC Thread#3" [stack: 0x000000cadce00000,0x000000cadcf00000] [id=37672]
  0x0000027e26a68280 GCTaskThread "GC Thread#4" [stack: 0x000000cadcf00000,0x000000cadd000000] [id=26588]
  0x0000027e26a68530 GCTaskThread "GC Thread#5" [stack: 0x000000cadd000000,0x000000cadd100000] [id=45084]
  0x0000027e274708a0 GCTaskThread "GC Thread#6" [stack: 0x000000cadd200000,0x000000cadd300000] [id=42688]
  0x0000027e27470b50 GCTaskThread "GC Thread#7" [stack: 0x000000cadd300000,0x000000cadd400000] [id=30472]
  0x0000027e133ad650 ConcurrentGCThread "G1 Main Marker" [stack: 0x000000cadb800000,0x000000cadb900000] [id=13088]
  0x0000027e133afad0 ConcurrentGCThread "G1 Conc#0" [stack: 0x000000cadb900000,0x000000cadba00000] [id=46512]
  0x0000027e277d5310 ConcurrentGCThread "G1 Conc#1" [stack: 0x000000cadd400000,0x000000cadd500000] [id=42240]
  0x0000027e133ee510 ConcurrentGCThread "G1 Refine#0" [stack: 0x000000cadba00000,0x000000cadbb00000] [id=44056]
  0x0000027e27ef46f0 ConcurrentGCThread "G1 Refine#1" [stack: 0x000000cade900000,0x000000cadea00000] [id=38732]
  0x0000027e27cc50b0 ConcurrentGCThread "G1 Refine#2" [stack: 0x000000cadea00000,0x000000cadeb00000] [id=37140]
  0x0000027e28244000 ConcurrentGCThread "G1 Refine#3" [stack: 0x000000cadeb00000,0x000000cadec00000] [id=45372]
  0x0000027e27ca73f0 ConcurrentGCThread "G1 Refine#4" [stack: 0x000000cadcb00000,0x000000cadcc00000] [id=36804]
  0x0000027e27ca6870 ConcurrentGCThread "G1 Refine#5" [stack: 0x000000cadec00000,0x000000caded00000] [id=30632]
  0x0000027e27ca6b50 ConcurrentGCThread "G1 Refine#6" [stack: 0x000000cadc600000,0x000000cadc700000] [id=45400]
  0x0000027e252c8100 ConcurrentGCThread "G1 Service" [stack: 0x000000cadbb00000,0x000000cadbc00000] [id=46660]

Threads with active compile tasks:

VM state: at safepoint (normal execution)

VM Mutex/Monitor currently owned by a thread:  ([mutex/lock_event])
[0x0000027e11102ce0] Threads_lock - owner thread: 0x0000027e2540b8e0
[0x0000027e1333e0d0] Heap_lock - owner thread: 0x0000027e278a9200

Heap address: 0x0000000083200000, size: 1998 MB, Compressed Oops mode: 32-bit

CDS archive(s) mapped at: [0x0000000800000000-0x0000000800bc0000-0x0000000800bc0000), size 12320768, SharedBaseAddress: 0x0000000800000000, ArchiveRelocationMode: 0.
Compressed class space mapped at: 0x0000000800c00000-0x0000000840c00000, reserved size: 1073741824
Narrow klass base: 0x0000000800000000, Narrow klass shift: 0, Narrow klass range: 0x100000000

GC Precious Log:
 CPUs: 8 total, 8 available
 Memory: 7987M
 Large Page Support: Disabled
 NUMA Support: Disabled
 Compressed Oops: Enabled (32-bit)
 Heap Region Size: 1M
 Heap Min Capacity: 8M
 Heap Initial Capacity: 126M
 Heap Max Capacity: 1998M
 Pre-touch: Disabled
 Parallel Workers: 8
 Concurrent Workers: 2
 Concurrent Refinement Workers: 8
 Periodic GC: Disabled

Heap:
 garbage-first heap   total 81920K, used 24118K [0x0000000083200000, 0x0000000100000000)
  region size 1024K, 1 young (1024K), 0 survivors (0K)
 Metaspace       used 36043K, committed 36480K, reserved 1081344K
  class space    used 5260K, committed 5440K, reserved 1048576K

Heap Regions: E=young(eden), S=young(survivor), O=old, HS=humongous(starts), HC=humongous(continues), CS=collection set, F=free, OA=open archive, CA=closed archive, TAMS=top-at-mark-start (previous, next)
|   0|0x0000000083200000, 0x0000000083300000, 0x0000000083300000|100%| O|  |TAMS 0x0000000083300000, 0x0000000083200000| Untracked 
|   1|0x0000000083300000, 0x0000000083400000, 0x0000000083400000|100%| O|  |TAMS 0x0000000083400000, 0x0000000083300000| Untracked 
|   2|0x0000000083400000, 0x0000000083500000, 0x0000000083500000|100%| O|  |TAMS 0x0000000083500000, 0x0000000083400000| Untracked 
|   3|0x0000000083500000, 0x00000000835fffb8, 0x0000000083600000| 99%| O|  |TAMS 0x00000000835fffb8, 0x0000000083500000| Untracked 
|   4|0x0000000083600000, 0x00000000836fffe0, 0x0000000083700000| 99%| O|  |TAMS 0x00000000836fffe0, 0x0000000083600000| Untracked 
|   5|0x0000000083700000, 0x0000000083800000, 0x0000000083800000|100%| O|  |TAMS 0x0000000083800000, 0x0000000083700000| Untracked 
|   6|0x0000000083800000, 0x0000000083900000, 0x0000000083900000|100%| O|  |TAMS 0x0000000083900000, 0x0000000083800000| Untracked 
|   7|0x0000000083900000, 0x00000000839fffe0, 0x0000000083a00000| 99%| O|  |TAMS 0x00000000839fffe0, 0x0000000083900000| Untracked 
|   8|0x0000000083a00000, 0x0000000083affff8, 0x0000000083b00000| 99%| O|  |TAMS 0x0000000083affff8, 0x0000000083a00000| Untracked 
|   9|0x0000000083b00000, 0x0000000083c00000, 0x0000000083c00000|100%| O|  |TAMS 0x0000000083c00000, 0x0000000083b00000| Untracked 
|  10|0x0000000083c00000, 0x0000000083cffff0, 0x0000000083d00000| 99%| O|  |TAMS 0x0000000083cffff0, 0x0000000083c00000| Untracked 
|  11|0x0000000083d00000, 0x0000000083dffff8, 0x0000000083e00000| 99%| O|  |TAMS 0x0000000083dffff8, 0x0000000083d00000| Untracked 
|  12|0x0000000083e00000, 0x0000000083effff0, 0x0000000083f00000| 99%| O|  |TAMS 0x0000000083effff0, 0x0000000083e00000| Untracked 
|  13|0x0000000083f00000, 0x0000000083fffff0, 0x0000000084000000| 99%| O|  |TAMS 0x0000000083fffff0, 0x0000000083f00000| Untracked 
|  14|0x0000000084000000, 0x00000000840ffff8, 0x0000000084100000| 99%| O|  |TAMS 0x00000000840ffff8, 0x0000000084000000| Untracked 
|  15|0x0000000084100000, 0x00000000841ea478, 0x0000000084200000| 91%| O|  |TAMS 0x0000000084100000, 0x0000000084100000| Untracked 
|  16|0x0000000084200000, 0x00000000842fff98, 0x0000000084300000| 99%| O|  |TAMS 0x00000000842fff98, 0x0000000084200000| Untracked 
|  17|0x0000000084300000, 0x00000000843fffd8, 0x0000000084400000| 99%| O|  |TAMS 0x00000000843fffd8, 0x0000000084300000| Untracked 
|  18|0x0000000084400000, 0x0000000084500000, 0x0000000084500000|100%| O|  |TAMS 0x0000000084500000, 0x0000000084400000| Untracked 
|  19|0x0000000084500000, 0x00000000845fffc8, 0x0000000084600000| 99%| O|  |TAMS 0x00000000845fffc8, 0x0000000084500000| Untracked 
|  20|0x0000000084600000, 0x00000000846fffb8, 0x0000000084700000| 99%| O|  |TAMS 0x00000000846fffb8, 0x0000000084600000| Untracked 
|  21|0x0000000084700000, 0x00000000847a36a0, 0x0000000084800000| 63%| O|  |TAMS 0x0000000084700000, 0x0000000084700000| Untracked 
|  22|0x0000000084800000, 0x0000000084800000, 0x0000000084900000|  0%| F|  |TAMS 0x0000000084800000, 0x0000000084800000| Untracked 
|  23|0x0000000084900000, 0x0000000084900000, 0x0000000084a00000|  0%| F|  |TAMS 0x0000000084900000, 0x0000000084900000| Untracked 
|  24|0x0000000084a00000, 0x0000000084a00000, 0x0000000084b00000|  0%| F|  |TAMS 0x0000000084a00000, 0x0000000084a00000| Untracked 
|  25|0x0000000084b00000, 0x0000000084b00000, 0x0000000084c00000|  0%| F|  |TAMS 0x0000000084b00000, 0x0000000084b00000| Untracked 
|  26|0x0000000084c00000, 0x0000000084c00000, 0x0000000084d00000|  0%| F|  |TAMS 0x0000000084c00000, 0x0000000084c00000| Untracked 
|  27|0x0000000084d00000, 0x0000000084e00000, 0x0000000084e00000|100%| O|  |TAMS 0x0000000084e00000, 0x0000000084d00000| Untracked 
|  28|0x0000000084e00000, 0x0000000084e00000, 0x0000000084f00000|  0%| F|  |TAMS 0x0000000084e00000, 0x0000000084e00000| Untracked 
|  29|0x0000000084f00000, 0x0000000084f00000, 0x0000000085000000|  0%| F|  |TAMS 0x0000000084f00000, 0x0000000084f00000| Untracked 
|  30|0x0000000085000000, 0x0000000085100000, 0x0000000085100000|100%| O|  |TAMS 0x0000000085100000, 0x0000000085000000| Untracked 
|  31|0x0000000085100000, 0x0000000085100000, 0x0000000085200000|  0%| F|  |TAMS 0x0000000085100000, 0x0000000085100000| Untracked 
|  32|0x0000000085200000, 0x0000000085200000, 0x0000000085300000|  0%| F|  |TAMS 0x0000000085200000, 0x0000000085200000| Untracked 
|  33|0x0000000085300000, 0x0000000085300000, 0x0000000085400000|  0%| F|  |TAMS 0x0000000085300000, 0x0000000085300000| Untracked 
|  34|0x0000000085400000, 0x0000000085400000, 0x0000000085500000|  0%| F|  |TAMS 0x0000000085400000, 0x0000000085400000| Untracked 
|  35|0x0000000085500000, 0x0000000085500000, 0x0000000085600000|  0%| F|  |TAMS 0x0000000085500000, 0x0000000085500000| Untracked 
|  36|0x0000000085600000, 0x0000000085600000, 0x0000000085700000|  0%| F|  |TAMS 0x0000000085600000, 0x0000000085600000| Untracked 
|  37|0x0000000085700000, 0x0000000085700000, 0x0000000085800000|  0%| F|  |TAMS 0x0000000085700000, 0x0000000085700000| Untracked 
|  38|0x0000000085800000, 0x0000000085800000, 0x0000000085900000|  0%| F|  |TAMS 0x0000000085800000, 0x0000000085800000| Untracked 
|  39|0x0000000085900000, 0x0000000085900000, 0x0000000085a00000|  0%| F|  |TAMS 0x0000000085900000, 0x0000000085900000| Untracked 
|  40|0x0000000085a00000, 0x0000000085a00000, 0x0000000085b00000|  0%| F|  |TAMS 0x0000000085a00000, 0x0000000085a00000| Untracked 
|  41|0x0000000085b00000, 0x0000000085b00000, 0x0000000085c00000|  0%| F|  |TAMS 0x0000000085b00000, 0x0000000085b00000| Untracked 
|  42|0x0000000085c00000, 0x0000000085c00000, 0x0000000085d00000|  0%| F|  |TAMS 0x0000000085c00000, 0x0000000085c00000| Untracked 
|  43|0x0000000085d00000, 0x0000000085d00000, 0x0000000085e00000|  0%| F|  |TAMS 0x0000000085d00000, 0x0000000085d00000| Untracked 
|  44|0x0000000085e00000, 0x0000000085e00000, 0x0000000085f00000|  0%| F|  |TAMS 0x0000000085e00000, 0x0000000085e00000| Untracked 
|  45|0x0000000085f00000, 0x0000000085f00000, 0x0000000086000000|  0%| F|  |TAMS 0x0000000085f00000, 0x0000000085f00000| Untracked 
|  46|0x0000000086000000, 0x0000000086000000, 0x0000000086100000|  0%| F|  |TAMS 0x0000000086000000, 0x0000000086000000| Untracked 
|  47|0x0000000086100000, 0x0000000086100000, 0x0000000086200000|  0%| F|  |TAMS 0x0000000086100000, 0x0000000086100000| Untracked 
|  48|0x0000000086200000, 0x0000000086200000, 0x0000000086300000|  0%| F|  |TAMS 0x0000000086200000, 0x0000000086200000| Untracked 
|  49|0x0000000086300000, 0x0000000086300000, 0x0000000086400000|  0%| F|  |TAMS 0x0000000086300000, 0x0000000086300000| Untracked 
|  50|0x0000000086400000, 0x0000000086400000, 0x0000000086500000|  0%| F|  |TAMS 0x0000000086400000, 0x0000000086400000| Untracked 
|  51|0x0000000086500000, 0x0000000086500000, 0x0000000086600000|  0%| F|  |TAMS 0x0000000086500000, 0x0000000086500000| Untracked 
|  52|0x0000000086600000, 0x0000000086600000, 0x0000000086700000|  0%| F|  |TAMS 0x0000000086600000, 0x0000000086600000| Untracked 
|  53|0x0000000086700000, 0x0000000086700000, 0x0000000086800000|  0%| F|  |TAMS 0x0000000086700000, 0x0000000086700000| Untracked 
|  54|0x0000000086800000, 0x0000000086800000, 0x0000000086900000|  0%| F|  |TAMS 0x0000000086800000, 0x0000000086800000| Untracked 
|  55|0x0000000086900000, 0x0000000086900000, 0x0000000086a00000|  0%| F|  |TAMS 0x0000000086900000, 0x0000000086900000| Untracked 
|  56|0x0000000086a00000, 0x0000000086a00000, 0x0000000086b00000|  0%| F|  |TAMS 0x0000000086a00000, 0x0000000086a00000| Untracked 
|  57|0x0000000086b00000, 0x0000000086b00000, 0x0000000086c00000|  0%| F|  |TAMS 0x0000000086b00000, 0x0000000086b00000| Untracked 
|  58|0x0000000086c00000, 0x0000000086c00000, 0x0000000086d00000|  0%| F|  |TAMS 0x0000000086c00000, 0x0000000086c00000| Untracked 
|  59|0x0000000086d00000, 0x0000000086d00000, 0x0000000086e00000|  0%| F|  |TAMS 0x0000000086d00000, 0x0000000086d00000| Untracked 
|  60|0x0000000086e00000, 0x0000000086e00000, 0x0000000086f00000|  0%| F|  |TAMS 0x0000000086e00000, 0x0000000086e00000| Untracked 
|  61|0x0000000086f00000, 0x0000000086f00000, 0x0000000087000000|  0%| F|  |TAMS 0x0000000086f00000, 0x0000000086f00000| Untracked 
|  62|0x0000000087000000, 0x0000000087000000, 0x0000000087100000|  0%| F|  |TAMS 0x0000000087000000, 0x0000000087000000| Untracked 
|  63|0x0000000087100000, 0x0000000087100000, 0x0000000087200000|  0%| F|  |TAMS 0x0000000087100000, 0x0000000087100000| Untracked 
|  64|0x0000000087200000, 0x0000000087200000, 0x0000000087300000|  0%| F|  |TAMS 0x0000000087200000, 0x0000000087200000| Untracked 
|  65|0x0000000087300000, 0x0000000087300000, 0x0000000087400000|  0%| F|  |TAMS 0x0000000087300000, 0x0000000087300000| Untracked 
|  66|0x0000000087400000, 0x0000000087400000, 0x0000000087500000|  0%| F|  |TAMS 0x0000000087400000, 0x0000000087400000| Untracked 
|  67|0x0000000087500000, 0x0000000087500000, 0x0000000087600000|  0%| F|  |TAMS 0x0000000087500000, 0x0000000087500000| Untracked 
|  68|0x0000000087600000, 0x0000000087600000, 0x0000000087700000|  0%| F|  |TAMS 0x0000000087600000, 0x0000000087600000| Untracked 
|  69|0x0000000087700000, 0x0000000087700000, 0x0000000087800000|  0%| F|  |TAMS 0x0000000087700000, 0x0000000087700000| Untracked 
|  70|0x0000000087800000, 0x0000000087800000, 0x0000000087900000|  0%| F|  |TAMS 0x0000000087800000, 0x0000000087800000| Untracked 
|  71|0x0000000087900000, 0x0000000087900000, 0x0000000087a00000|  0%| F|  |TAMS 0x0000000087900000, 0x0000000087900000| Untracked 
|  72|0x0000000087a00000, 0x0000000087a00000, 0x0000000087b00000|  0%| F|  |TAMS 0x0000000087a00000, 0x0000000087a00000| Untracked 
|  73|0x0000000087b00000, 0x0000000087b00000, 0x0000000087c00000|  0%| F|  |TAMS 0x0000000087b00000, 0x0000000087b00000| Untracked 
|  74|0x0000000087c00000, 0x0000000087c00000, 0x0000000087d00000|  0%| F|  |TAMS 0x0000000087c00000, 0x0000000087c00000| Untracked 
|  75|0x0000000087d00000, 0x0000000087d00000, 0x0000000087e00000|  0%| F|  |TAMS 0x0000000087d00000, 0x0000000087d00000| Untracked 
|  76|0x0000000087e00000, 0x0000000087e00000, 0x0000000087f00000|  0%| F|  |TAMS 0x0000000087e00000, 0x0000000087e00000| Untracked 
|  77|0x0000000087f00000, 0x0000000087f00000, 0x0000000088000000|  0%| F|  |TAMS 0x0000000087f00000, 0x0000000087f00000| Untracked 
|  78|0x0000000088000000, 0x0000000088000000, 0x0000000088100000|  0%| F|  |TAMS 0x0000000088000000, 0x0000000088000000| Untracked 
|  79|0x0000000088100000, 0x000000008811f900, 0x0000000088200000| 12%| E|  |TAMS 0x0000000088100000, 0x0000000088100000| Complete 

Card table byte_map: [0x0000027e1e310000,0x0000027e1e700000] _byte_map_base: 0x0000027e1def7000

Marking Bits (Prev, Next): (CMBitMap*) 0x0000027e1339d3a0, (CMBitMap*) 0x0000027e1339d360
 Prev Bits: [0x0000027e20a30000, 0x0000027e22968000)
 Next Bits: [0x0000027e1eaf0000, 0x0000027e20a28000)

Polling page: 0x0000027e12af0000

Metaspace:

Usage:
  Non-class:     30.06 MB used.
      Class:      5.14 MB used.
       Both:     35.20 MB used.

Virtual space:
  Non-class space:       32.00 MB reserved,      30.31 MB ( 95%) committed,  4 nodes.
      Class space:        1.00 GB reserved,       5.31 MB ( <1%) committed,  1 nodes.
             Both:        1.03 GB reserved,      35.62 MB (  3%) committed. 

Chunk freelists:
   Non-Class:  1.67 MB
       Class:  2.71 MB
        Both:  4.38 MB

MaxMetaspaceSize: unlimited
CompressedClassSpaceSize: 1.00 GB
Initial GC threshold: 21.00 MB
Current GC threshold: 59.38 MB
CDS: on
MetaspaceReclaimPolicy: balanced
 - commit_granule_bytes: 65536.
 - commit_granule_words: 8192.
 - virtual_space_node_default_size: 1048576.
 - enlarge_chunks_in_place: 1.
 - new_chunks_are_fully_committed: 0.
 - uncommit_free_chunks: 1.
 - use_allocation_guard: 0.
 - handle_deallocations: 1.


Internal statistics:

num_allocs_failed_limit: 6.
num_arena_births: 418.
num_arena_deaths: 106.
num_vsnodes_births: 5.
num_vsnodes_deaths: 0.
num_space_committed: 570.
num_space_uncommitted: 0.
num_chunks_returned_to_freelist: 125.
num_chunks_taken_from_freelist: 1748.
num_chunk_merges: 42.
num_chunk_splits: 1219.
num_chunks_enlarged: 951.
num_purges: 6.
num_inconsistent_stats: 0.

CodeCache: size=49152Kb used=11027Kb max_used=12492Kb free=38124Kb
 bounds [0x0000027e1ae10000, 0x0000027e1ba50000, 0x0000027e1de10000]
 total_blobs=6375 nmethods=5823 adapters=479
 compilation: enabled
              stopped_count=0, restarted_count=0
 full_count=0

Compilation events (20 events):
Event: 2710.279 Thread 0x0000027e25437210 5811       1       java.lang.invoke.LambdaForm$DMH/0x0000000801156000::newInvokeSpecial (23 bytes)
Event: 2710.279 Thread 0x0000027e25437210 nmethod 5811 0x0000027e1b75f910 code [0x0000027e1b75fac0, 0x0000027e1b75fc68]
Event: 2710.279 Thread 0x0000027e25437210 5812       1       java.lang.ProcessImpl$$Lambda$602/0x0000000800e6e448::<init> (10 bytes)
Event: 2710.279 Thread 0x0000027e25437210 nmethod 5812 0x0000027e1b75f610 code [0x0000027e1b75f7a0, 0x0000027e1b75f878]
Event: 2710.279 Thread 0x0000027e25437210 5814       1       java.lang.ProcessHandleImpl::getInternal (13 bytes)
Event: 2710.279 Thread 0x0000027e25437210 nmethod 5814 0x0000027e1b75f290 code [0x0000027e1b75f420, 0x0000027e1b75f588]
Event: 2710.279 Thread 0x0000027e25437210 5815       1       java.lang.ProcessImpl$2::<init> (20 bytes)
Event: 2710.279 Thread 0x0000027e25437210 nmethod 5815 0x0000027e1b75ef10 code [0x0000027e1b75f0a0, 0x0000027e1b75f218]
Event: 2710.565 Thread 0x0000027e25437210 5816   !   1       java.io.FilterOutputStream::close (183 bytes)
Event: 2710.601 Thread 0x0000027e25437210 nmethod 5816 0x0000027e1b75dd90 code [0x0000027e1b75dfa0, 0x0000027e1b75e498]
Event: 2710.601 Thread 0x0000027e25437210 5817   !   1       java.io.FileOutputStream::close (69 bytes)
Event: 2710.602 Thread 0x0000027e25437210 nmethod 5817 0x0000027e1b75d710 code [0x0000027e1b75d8e0, 0x0000027e1b75dc58]
Event: 2710.602 Thread 0x0000027e25437210 5821       1       java.lang.ProcessImpl$$Lambda$602/0x0000000800e6e448::run (8 bytes)
Event: 2710.602 Thread 0x0000027e25437210 nmethod 5821 0x0000027e1b75d410 code [0x0000027e1b75d5a0, 0x0000027e1b75d688]
Event: 2710.602 Thread 0x0000027e25437210 5822       1       java.lang.ProcessImpl::lambda$new$0 (6 bytes)
Event: 2710.602 Thread 0x0000027e25437210 nmethod 5822 0x0000027e1b75d110 code [0x0000027e1b75d2a0, 0x0000027e1b75d368]
Event: 2710.602 Thread 0x0000027e25437210 5818       1       java.io.FileOutputStream$1::<init> (10 bytes)
Event: 2710.602 Thread 0x0000027e25437210 nmethod 5818 0x0000027e1b75ce10 code [0x0000027e1b75cfa0, 0x0000027e1b75d0b8]
Event: 2710.602 Thread 0x0000027e25437210 5819       1       java.io.FileOutputStream$1::close (11 bytes)
Event: 2710.602 Thread 0x0000027e25437210 nmethod 5819 0x0000027e1b75c790 code [0x0000027e1b75c940, 0x0000027e1b75cc58]

GC Heap History (20 events):
Event: 3081.116 GC heap before
{Heap before GC invocations=317 (full 291):
 garbage-first heap   total 81920K, used 24118K [0x0000000083200000, 0x0000000100000000)
  region size 1024K, 1 young (1024K), 0 survivors (0K)
 Metaspace       used 36043K, committed 36480K, reserved 1081344K
  class space    used 5260K, committed 5440K, reserved 1048576K
}
Event: 3081.169 GC heap after
{Heap after GC invocations=318 (full 292):
 garbage-first heap   total 81920K, used 24118K [0x0000000083200000, 0x0000000100000000)
  region size 1024K, 0 young (0K), 0 survivors (0K)
 Metaspace       used 36043K, committed 36480K, reserved 1081344K
  class space    used 5260K, committed 5440K, reserved 1048576K
}
Event: 3091.354 GC heap before
{Heap before GC invocations=318 (full 292):
 garbage-first heap   total 81920K, used 24118K [0x0000000083200000, 0x0000000100000000)
  region size 1024K, 1 young (1024K), 0 survivors (0K)
 Metaspace       used 36043K, committed 36480K, reserved 1081344K
  class space    used 5260K, committed 5440K, reserved 1048576K
}
Event: 3091.387 GC heap after
{Heap after GC invocations=319 (full 293):
 garbage-first heap   total 81920K, used 24118K [0x0000000083200000, 0x0000000100000000)
  region size 1024K, 0 young (0K), 0 survivors (0K)
 Metaspace       used 36043K, committed 36480K, reserved 1081344K
  class space    used 5260K, committed 5440K, reserved 1048576K
}
Event: 3101.629 GC heap before
{Heap before GC invocations=319 (full 293):
 garbage-first heap   total 81920K, used 24118K [0x0000000083200000, 0x0000000100000000)
  region size 1024K, 1 young (1024K), 0 survivors (0K)
 Metaspace       used 36043K, committed 36480K, reserved 1081344K
  class space    used 5260K, committed 5440K, reserved 1048576K
}
Event: 3101.667 GC heap after
{Heap after GC invocations=320 (full 294):
 garbage-first heap   total 81920K, used 24118K [0x0000000083200000, 0x0000000100000000)
  region size 1024K, 0 young (0K), 0 survivors (0K)
 Metaspace       used 36043K, committed 36480K, reserved 1081344K
  class space    used 5260K, committed 5440K, reserved 1048576K
}
Event: 3111.876 GC heap before
{Heap before GC invocations=320 (full 294):
 garbage-first heap   total 81920K, used 24118K [0x0000000083200000, 0x0000000100000000)
  region size 1024K, 1 young (1024K), 0 survivors (0K)
 Metaspace       used 36043K, committed 36480K, reserved 1081344K
  class space    used 5260K, committed 5440K, reserved 1048576K
}
Event: 3111.903 GC heap after
{Heap after GC invocations=321 (full 295):
 garbage-first heap   total 81920K, used 24118K [0x0000000083200000, 0x0000000100000000)
  region size 1024K, 0 young (0K), 0 survivors (0K)
 Metaspace       used 36043K, committed 36480K, reserved 1081344K
  class space    used 5260K, committed 5440K, reserved 1048576K
}
Event: 3122.134 GC heap before
{Heap before GC invocations=321 (full 295):
 garbage-first heap   total 81920K, used 24118K [0x0000000083200000, 0x0000000100000000)
  region size 1024K, 1 young (1024K), 0 survivors (0K)
 Metaspace       used 36043K, committed 36480K, reserved 1081344K
  class space    used 5260K, committed 5440K, reserved 1048576K
}
Event: 3122.173 GC heap after
{Heap after GC invocations=322 (full 296):
 garbage-first heap   total 81920K, used 24118K [0x0000000083200000, 0x0000000100000000)
  region size 1024K, 0 young (0K), 0 survivors (0K)
 Metaspace       used 36043K, committed 36480K, reserved 1081344K
  class space    used 5260K, committed 5440K, reserved 1048576K
}
Event: 3132.384 GC heap before
{Heap before GC invocations=322 (full 296):
 garbage-first heap   total 81920K, used 24118K [0x0000000083200000, 0x0000000100000000)
  region size 1024K, 1 young (1024K), 0 survivors (0K)
 Metaspace       used 36043K, committed 36480K, reserved 1081344K
  class space    used 5260K, committed 5440K, reserved 1048576K
}
Event: 3132.415 GC heap after
{Heap after GC invocations=323 (full 297):
 garbage-first heap   total 81920K, used 24118K [0x0000000083200000, 0x0000000100000000)
  region size 1024K, 0 young (0K), 0 survivors (0K)
 Metaspace       used 36043K, committed 36480K, reserved 1081344K
  class space    used 5260K, committed 5440K, reserved 1048576K
}
Event: 3142.679 GC heap before
{Heap before GC invocations=323 (full 297):
 garbage-first heap   total 81920K, used 24118K [0x0000000083200000, 0x0000000100000000)
  region size 1024K, 1 young (1024K), 0 survivors (0K)
 Metaspace       used 36043K, committed 36480K, reserved 1081344K
  class space    used 5260K, committed 5440K, reserved 1048576K
}
Event: 3142.714 GC heap after
{Heap after GC invocations=324 (full 298):
 garbage-first heap   total 81920K, used 24118K [0x0000000083200000, 0x0000000100000000)
  region size 1024K, 0 young (0K), 0 survivors (0K)
 Metaspace       used 36043K, committed 36480K, reserved 1081344K
  class space    used 5260K, committed 5440K, reserved 1048576K
}
Event: 3153.041 GC heap before
{Heap before GC invocations=324 (full 298):
 garbage-first heap   total 81920K, used 24118K [0x0000000083200000, 0x0000000100000000)
  region size 1024K, 1 young (1024K), 0 survivors (0K)
 Metaspace       used 36043K, committed 36480K, reserved 1081344K
  class space    used 5260K, committed 5440K, reserved 1048576K
}
Event: 3153.078 GC heap after
{Heap after GC invocations=325 (full 299):
 garbage-first heap   total 81920K, used 24118K [0x0000000083200000, 0x0000000100000000)
  region size 1024K, 0 young (0K), 0 survivors (0K)
 Metaspace       used 36043K, committed 36480K, reserved 1081344K
  class space    used 5260K, committed 5440K, reserved 1048576K
}
Event: 3163.338 GC heap before
{Heap before GC invocations=325 (full 299):
 garbage-first heap   total 81920K, used 24118K [0x0000000083200000, 0x0000000100000000)
  region size 1024K, 1 young (1024K), 0 survivors (0K)
 Metaspace       used 36043K, committed 36480K, reserved 1081344K
  class space    used 5260K, committed 5440K, reserved 1048576K
}
Event: 3163.386 GC heap after
{Heap after GC invocations=326 (full 300):
 garbage-first heap   total 81920K, used 24118K [0x0000000083200000, 0x0000000100000000)
  region size 1024K, 0 young (0K), 0 survivors (0K)
 Metaspace       used 36043K, committed 36480K, reserved 1081344K
  class space    used 5260K, committed 5440K, reserved 1048576K
}
Event: 3173.815 GC heap before
{Heap before GC invocations=326 (full 300):
 garbage-first heap   total 81920K, used 24118K [0x0000000083200000, 0x0000000100000000)
  region size 1024K, 1 young (1024K), 0 survivors (0K)
 Metaspace       used 36043K, committed 36480K, reserved 1081344K
  class space    used 5260K, committed 5440K, reserved 1048576K
}
Event: 3173.866 GC heap after
{Heap after GC invocations=327 (full 301):
 garbage-first heap   total 81920K, used 24118K [0x0000000083200000, 0x0000000100000000)
  region size 1024K, 0 young (0K), 0 survivors (0K)
 Metaspace       used 36043K, committed 36480K, reserved 1081344K
  class space    used 5260K, committed 5440K, reserved 1048576K
}

Dll operation events (9 events):
Event: 0.048 Loaded shared library C:\Program Files\Eclipse Adoptium\jdk-17.0.5.8-hotspot\bin\java.dll
Event: 0.094 Loaded shared library C:\Program Files\Eclipse Adoptium\jdk-17.0.5.8-hotspot\bin\jsvml.dll
Event: 0.734 Loaded shared library C:\Program Files\Eclipse Adoptium\jdk-17.0.5.8-hotspot\bin\net.dll
Event: 0.739 Loaded shared library C:\Program Files\Eclipse Adoptium\jdk-17.0.5.8-hotspot\bin\nio.dll
Event: 0.752 Loaded shared library C:\Program Files\Eclipse Adoptium\jdk-17.0.5.8-hotspot\bin\zip.dll
Event: 1.198 Loaded shared library C:\Program Files\Eclipse Adoptium\jdk-17.0.5.8-hotspot\bin\verify.dll
Event: 1.298 Loaded shared library C:\Program Files\Eclipse Adoptium\jdk-17.0.5.8-hotspot\bin\jimage.dll
Event: 4.787 Loaded shared library C:\Program Files\Eclipse Adoptium\jdk-17.0.5.8-hotspot\bin\management.dll
Event: 4.798 Loaded shared library C:\Program Files\Eclipse Adoptium\jdk-17.0.5.8-hotspot\bin\management_ext.dll

Deoptimization events (20 events):
Event: 9.706 Thread 0x0000027e27a718d0 DEOPT PACKING pc=0x0000027e1b5b49fb sp=0x000000cadd9fe420
Event: 9.706 Thread 0x0000027e27a718d0 DEOPT UNPACKING pc=0x0000027e1ae666e3 sp=0x000000cadd9fd968 mode 3
Event: 9.899 Thread 0x0000027e27c83880 DEOPT PACKING pc=0x0000027e1b36c217 sp=0x000000cade8fef50
Event: 9.899 Thread 0x0000027e27c83880 DEOPT UNPACKING pc=0x0000027e1ae666e3 sp=0x000000cade8fe3a8 mode 3
Event: 9.899 Thread 0x0000027e277696f0 DEOPT PACKING pc=0x0000027e1b36e001 sp=0x000000cadd7fe370
Event: 9.899 Thread 0x0000027e277696f0 DEOPT UNPACKING pc=0x0000027e1ae666e3 sp=0x000000cadd7fd800 mode 3
Event: 18.826 Thread 0x0000027e27a718d0 DEOPT PACKING pc=0x0000027e1b35aeaa sp=0x000000cadd9fd4d0
Event: 18.826 Thread 0x0000027e27a718d0 DEOPT UNPACKING pc=0x0000027e1ae666e3 sp=0x000000cadd9fc9d8 mode 3
Event: 20.354 Thread 0x0000027e27a718d0 DEOPT PACKING pc=0x0000027e1b9bd004 sp=0x000000cadd9fdd30
Event: 20.354 Thread 0x0000027e27a718d0 DEOPT UNPACKING pc=0x0000027e1ae666e3 sp=0x000000cadd9fd228 mode 0
Event: 20.354 Thread 0x0000027e27a718d0 DEOPT PACKING pc=0x0000027e1b998e24 sp=0x000000cadd9fde00
Event: 20.354 Thread 0x0000027e27a718d0 DEOPT UNPACKING pc=0x0000027e1ae666e3 sp=0x000000cadd9fd2d8 mode 0
Event: 20.354 Thread 0x0000027e27a718d0 DEOPT PACKING pc=0x0000027e1b9947ac sp=0x000000cadd9fdeb0
Event: 20.354 Thread 0x0000027e27a718d0 DEOPT UNPACKING pc=0x0000027e1ae666e3 sp=0x000000cadd9fd430 mode 0
Event: 20.355 Thread 0x0000027e27a718d0 DEOPT PACKING pc=0x0000027e1b9eb6d4 sp=0x000000cadd9fe1b0
Event: 20.355 Thread 0x0000027e27a718d0 DEOPT UNPACKING pc=0x0000027e1ae666e3 sp=0x000000cadd9fd640 mode 0
Event: 20.558 Thread 0x0000027e27a718d0 DEOPT PACKING pc=0x0000027e1ba3dcd5 sp=0x000000cadd9fec10
Event: 20.558 Thread 0x0000027e27a718d0 DEOPT UNPACKING pc=0x0000027e1ae666e3 sp=0x000000cadd9fe0b8 mode 3
Event: 104.651 Thread 0x0000027e277696f0 DEOPT PACKING pc=0x0000027e1b4a6254 sp=0x000000cadd7ff270
Event: 104.651 Thread 0x0000027e277696f0 DEOPT UNPACKING pc=0x0000027e1ae666e3 sp=0x000000cadd7fe718 mode 0

Classes unloaded (20 events):
Event: 100.390 Thread 0x0000027e2540b8e0 Unloading class 0x0000000801148000 'jdk/internal/reflect/GeneratedConstructorAccessor25'
Event: 100.390 Thread 0x0000027e2540b8e0 Unloading class 0x0000000801145c00 'jdk/internal/reflect/GeneratedConstructorAccessor24'
Event: 100.390 Thread 0x0000027e2540b8e0 Unloading class 0x0000000801145800 'jdk/internal/reflect/GeneratedConstructorAccessor23'
Event: 100.390 Thread 0x0000027e2540b8e0 Unloading class 0x0000000801145400 'jdk/internal/reflect/GeneratedConstructorAccessor22'
Event: 100.390 Thread 0x0000027e2540b8e0 Unloading class 0x0000000801145000 'jdk/internal/reflect/GeneratedConstructorAccessor21'
Event: 100.390 Thread 0x0000027e2540b8e0 Unloading class 0x0000000801144c00 'jdk/internal/reflect/GeneratedConstructorAccessor20'
Event: 100.390 Thread 0x0000027e2540b8e0 Unloading class 0x0000000801144800 'jdk/internal/reflect/GeneratedConstructorAccessor19'
Event: 100.390 Thread 0x0000027e2540b8e0 Unloading class 0x0000000801144400 'jdk/internal/reflect/GeneratedConstructorAccessor18'
Event: 100.390 Thread 0x0000027e2540b8e0 Unloading class 0x0000000801104000 'jdk/internal/reflect/GeneratedMethodAccessor29'
Event: 100.390 Thread 0x0000027e2540b8e0 Unloading class 0x0000000800edc800 'java/lang/invoke/LambdaForm$MH+0x0000000800edc800'
Event: 100.390 Thread 0x0000027e2540b8e0 Unloading class 0x0000000800edc400 'java/lang/invoke/LambdaForm$MH+0x0000000800edc400'
Event: 100.390 Thread 0x0000027e2540b8e0 Unloading class 0x0000000800edc000 'java/lang/invoke/LambdaForm$MH+0x0000000800edc000'
Event: 100.390 Thread 0x0000027e2540b8e0 Unloading class 0x0000000800ea5000 'java/lang/invoke/LambdaForm$MH+0x0000000800ea5000'
Event: 100.390 Thread 0x0000027e2540b8e0 Unloading class 0x0000000800d1b000 'java/lang/invoke/LambdaForm$MH+0x0000000800d1b000'
Event: 100.390 Thread 0x0000027e2540b8e0 Unloading class 0x0000000800d1ac00 'java/lang/invoke/LambdaForm$MH+0x0000000800d1ac00'
Event: 100.390 Thread 0x0000027e2540b8e0 Unloading class 0x0000000800d1a800 'java/lang/invoke/LambdaForm$MH+0x0000000800d1a800'
Event: 100.390 Thread 0x0000027e2540b8e0 Unloading class 0x0000000800d1a400 'java/lang/invoke/LambdaForm$MH+0x0000000800d1a400'
Event: 100.390 Thread 0x0000027e2540b8e0 Unloading class 0x0000000800d1a000 'java/lang/invoke/LambdaForm$MH+0x0000000800d1a000'
Event: 100.390 Thread 0x0000027e2540b8e0 Unloading class 0x0000000800d19800 'java/lang/invoke/LambdaForm$MH+0x0000000800d19800'
Event: 100.390 Thread 0x0000027e2540b8e0 Unloading class 0x0000000800c14000 'java/lang/invoke/LambdaForm$MH+0x0000000800c14000'

Classes redefined (0 events):
No events

Internal exceptions (20 events):
Event: 17.405 Thread 0x0000027e27c82070 Exception <a 'sun/nio/fs/WindowsException'{0x00000000ac28f9c8}> (0x00000000ac28f9c8) 
thrown [s\src\hotspot\share\prims\jni.cpp, line 516]
Event: 17.405 Thread 0x0000027e27c82070 Exception <a 'sun/nio/fs/WindowsException'{0x00000000ac2903c8}> (0x00000000ac2903c8) 
thrown [s\src\hotspot\share\prims\jni.cpp, line 516]
Event: 17.406 Thread 0x0000027e27c82070 Exception <a 'sun/nio/fs/WindowsException'{0x00000000ac290788}> (0x00000000ac290788) 
thrown [s\src\hotspot\share\prims\jni.cpp, line 516]
Event: 17.406 Thread 0x0000027e27c82070 Exception <a 'sun/nio/fs/WindowsException'{0x00000000ac291188}> (0x00000000ac291188) 
thrown [s\src\hotspot\share\prims\jni.cpp, line 516]
Event: 17.406 Thread 0x0000027e27c82070 Exception <a 'sun/nio/fs/WindowsException'{0x00000000ac291538}> (0x00000000ac291538) 
thrown [s\src\hotspot\share\prims\jni.cpp, line 516]
Event: 17.406 Thread 0x0000027e27c82070 Exception <a 'sun/nio/fs/WindowsException'{0x00000000ac291f38}> (0x00000000ac291f38) 
thrown [s\src\hotspot\share\prims\jni.cpp, line 516]
Event: 17.406 Thread 0x0000027e27c82070 Exception <a 'sun/nio/fs/WindowsException'{0x00000000ac2922f8}> (0x00000000ac2922f8) 
thrown [s\src\hotspot\share\prims\jni.cpp, line 516]
Event: 17.406 Thread 0x0000027e27c82070 Exception <a 'sun/nio/fs/WindowsException'{0x00000000ac292d20}> (0x00000000ac292d20) 
thrown [s\src\hotspot\share\prims\jni.cpp, line 516]
Event: 17.406 Thread 0x0000027e27c82070 Exception <a 'sun/nio/fs/WindowsException'{0x00000000ac293100}> (0x00000000ac293100) 
thrown [s\src\hotspot\share\prims\jni.cpp, line 516]
Event: 17.406 Thread 0x0000027e27c82070 Exception <a 'sun/nio/fs/WindowsException'{0x00000000ac293b38}> (0x00000000ac293b38) 
thrown [s\src\hotspot\share\prims\jni.cpp, line 516]
Event: 17.406 Thread 0x0000027e27c82070 Exception <a 'sun/nio/fs/WindowsException'{0x00000000ac293f28}> (0x00000000ac293f28) 
thrown [s\src\hotspot\share\prims\jni.cpp, line 516]
Event: 17.406 Thread 0x0000027e27c82070 Exception <a 'sun/nio/fs/WindowsException'{0x00000000ac294950}> (0x00000000ac294950) 
thrown [s\src\hotspot\share\prims\jni.cpp, line 516]
Event: 17.407 Thread 0x0000027e27c82070 Exception <a 'sun/nio/fs/WindowsException'{0x00000000ac294d40}> (0x00000000ac294d40) 
thrown [s\src\hotspot\share\prims\jni.cpp, line 516]
Event: 17.423 Thread 0x0000027e27c82070 Exception <a 'java/lang/NoSuchMethodError'{0x00000000ac29d2f0}: 'java.lang.Object java.lang.invoke.Invokers$Holder.invoke_MT(java.lang.Object, java.lang.Object, java.lang.Object)'> (0x00000000ac29d2f0) 
thrown [s\src\hotspot\share\interpreter\linkResolver.cpp, line 759]
Event: 59.139 Thread 0x0000027e278a9200 Exception <a 'java/lang/NoSuchMethodError'{0x00000000bf49f318}: 'void java.lang.invoke.DirectMethodHandle$Holder.invokeStatic(java.lang.Object, long)'> (0x00000000bf49f318) 
thrown [s\src\hotspot\share\interpreter\linkResolver.cpp, line 759]
Event: 59.139 Thread 0x0000027e278a9200 Exception <a 'java/lang/NoSuchMethodError'{0x00000000bf4a46c0}: 'java.lang.Object java.lang.invoke.DirectMethodHandle$Holder.newInvokeSpecial(java.lang.Object, long)'> (0x00000000bf4a46c0) 
thrown [s\src\hotspot\share\interpreter\linkResolver.cpp, line 759]
Event: 59.141 Thread 0x0000027e278a9200 Exception <a 'java/lang/NoSuchMethodError'{0x00000000bf4ab238}: 'java.lang.Object java.lang.invoke.DirectMethodHandle$Holder.invokeStatic(java.lang.Object, java.lang.Object, long, java.lang.Object)'> (0x00000000bf4ab238) 
thrown [s\src\hotspot\share\interpreter\linkResolver.cpp, line 759]
Event: 59.141 Thread 0x0000027e278a9200 Exception <a 'java/lang/NoSuchMethodError'{0x00000000bf4aecd0}: 'java.lang.Object java.lang.invoke.DirectMethodHandle$Holder.invokeStaticInit(java.lang.Object, java.lang.Object, long, java.lang.Object)'> (0x00000000bf4aecd0) 
thrown [s\src\hotspot\share\interpreter\linkResolver.cpp, line 759]
Event: 59.141 Thread 0x0000027e278a9200 Exception <a 'java/lang/NoSuchMethodError'{0x00000000bf4b5000}: 'java.lang.Object java.lang.invoke.DirectMethodHandle$Holder.newInvokeSpecial(java.lang.Object, java.lang.Object, long)'> (0x00000000bf4b5000) 
thrown [s\src\hotspot\share\interpreter\linkResolver.cpp, line 759]
Event: 59.142 Thread 0x0000027e278a9200 Exception <a 'java/lang/NoSuchMethodError'{0x00000000bf4b8b70}: 'java.lang.Object java.lang.invoke.Invokers$Holder.linkToTargetMethod(java.lang.Object, long, java.lang.Object)'> (0x00000000bf4b8b70) 
thrown [s\src\hotspot\share\interpreter\linkResolver.cpp, line 759]

VM Operations (20 events):
Event: 3081.170 Executing VM operation: G1CollectFull done
Event: 3091.354 Executing VM operation: G1CollectFull
Event: 3091.387 Executing VM operation: G1CollectFull done
Event: 3101.629 Executing VM operation: G1CollectFull
Event: 3101.667 Executing VM operation: G1CollectFull done
Event: 3111.876 Executing VM operation: G1CollectFull
Event: 3111.904 Executing VM operation: G1CollectFull done
Event: 3122.133 Executing VM operation: G1CollectFull
Event: 3122.173 Executing VM operation: G1CollectFull done
Event: 3132.384 Executing VM operation: G1CollectFull
Event: 3132.415 Executing VM operation: G1CollectFull done
Event: 3142.678 Executing VM operation: G1CollectFull
Event: 3142.714 Executing VM operation: G1CollectFull done
Event: 3153.041 Executing VM operation: G1CollectFull
Event: 3153.078 Executing VM operation: G1CollectFull done
Event: 3163.338 Executing VM operation: G1CollectFull
Event: 3163.386 Executing VM operation: G1CollectFull done
Event: 3173.814 Executing VM operation: G1CollectFull
Event: 3173.866 Executing VM operation: G1CollectFull done
Event: 3184.929 Executing VM operation: G1CollectFull

Events (20 events):
Event: 59.129 loading class java/lang/ProcessImpl
Event: 59.129 loading class java/lang/Process
Event: 59.129 loading class java/lang/Process done
Event: 59.130 loading class java/lang/ProcessImpl done
Event: 59.140 loading class java/lang/ProcessHandleImpl
Event: 59.140 loading class java/lang/ProcessHandle
Event: 59.140 loading class java/lang/ProcessHandle done
Event: 59.140 loading class java/lang/ProcessHandleImpl done
Event: 59.142 loading class java/lang/ProcessImpl$2
Event: 59.142 loading class java/lang/ProcessImpl$2 done
Event: 59.142 loading class java/lang/Process$PipeInputStream
Event: 59.142 loading class java/lang/Process$PipeInputStream done
Event: 59.143 loading class jdk/internal/event/ProcessStartEvent
Event: 59.143 loading class jdk/internal/event/ProcessStartEvent done
Event: 59.378 loading class java/io/FileOutputStream$1
Event: 59.378 loading class java/io/FileOutputStream$1 done
Event: 76.755 Thread 0x0000027e27c82540 Thread exited: 0x0000027e27c82540
Event: 78.893 Thread 0x0000027e27c81ba0 Thread exited: 0x0000027e27c81ba0
Event: 80.613 Thread 0x0000027e27a718d0 Thread exited: 0x0000027e27a718d0
Event: 140.624 Thread 0x0000027e27c85090 Thread exited: 0x0000027e27c85090


Dynamic libraries:
0x00007ff7c0150000 - 0x00007ff7c015e000 	C:\Program Files\Eclipse Adoptium\jdk-17.0.5.8-hotspot\bin\java.exe
0x00007ffbacf50000 - 0x00007ffbad16a000 	C:\WINDOWS\SYSTEM32\ntdll.dll
0x00007ffbab960000 - 0x00007ffbaba23000 	C:\WINDOWS\System32\KERNEL32.DLL
0x00007ffbaa7b0000 - 0x00007ffbaab4c000 	C:\WINDOWS\System32\KERNELBASE.dll
0x00007ffba7310000 - 0x00007ffba73a6000 	C:\WINDOWS\SYSTEM32\apphelp.dll
0x00007ffbaa690000 - 0x00007ffbaa7ab000 	C:\WINDOWS\System32\ucrtbase.dll
0x00007ffba3010000 - 0x00007ffba3027000 	C:\Program Files\Eclipse Adoptium\jdk-17.0.5.8-hotspot\bin\jli.dll
0x00007ffbabaa0000 - 0x00007ffbabc4a000 	C:\WINDOWS\System32\USER32.dll
0x00007ffbaace0000 - 0x00007ffbaad06000 	C:\WINDOWS\System32\win32u.dll
0x00007ffbac430000 - 0x00007ffbac459000 	C:\WINDOWS\System32\GDI32.dll
0x00007ffbaab50000 - 0x00007ffbaac66000 	C:\WINDOWS\System32\gdi32full.dll
0x00007ffbaa4b0000 - 0x00007ffbaa54a000 	C:\WINDOWS\System32\msvcp_win.dll
0x00007ffba4ef0000 - 0x00007ffba4f09000 	C:\Program Files\Eclipse Adoptium\jdk-17.0.5.8-hotspot\bin\VCRUNTIME140.dll
0x00007ffb9e6e0000 - 0x00007ffb9e971000 	C:\WINDOWS\WinSxS\amd64_microsoft.windows.common-controls_6595b64144ccf1df_6.0.25231.1000_none_77db62f15ba2356c\COMCTL32.dll
0x00007ffbab1c0000 - 0x00007ffbab267000 	C:\WINDOWS\System32\msvcrt.dll
0x00007ffbaad20000 - 0x00007ffbaad50000 	C:\WINDOWS\System32\IMM32.DLL
0x00007ffba76c0000 - 0x00007ffba76cc000 	C:\Program Files\Eclipse Adoptium\jdk-17.0.5.8-hotspot\bin\vcruntime140_1.dll
0x00007ffb69be0000 - 0x00007ffb69c71000 	C:\Program Files\Eclipse Adoptium\jdk-17.0.5.8-hotspot\bin\msvcp140.dll
0x00007ffb66390000 - 0x00007ffb66fd4000 	C:\Program Files\Eclipse Adoptium\jdk-17.0.5.8-hotspot\bin\server\jvm.dll
0x00007ffbacc50000 - 0x00007ffbaccfe000 	C:\WINDOWS\System32\ADVAPI32.dll
0x00007ffbab8b0000 - 0x00007ffbab956000 	C:\WINDOWS\System32\sechost.dll
0x00007ffbacd00000 - 0x00007ffbace27000 	C:\WINDOWS\System32\RPCRT4.dll
0x00007ffb8e240000 - 0x00007ffb8e249000 	C:\WINDOWS\SYSTEM32\WSOCK32.dll
0x00007ffbabdf0000 - 0x00007ffbabe5f000 	C:\WINDOWS\System32\WS2_32.dll
0x00007ffb9b600000 - 0x00007ffb9b635000 	C:\WINDOWS\SYSTEM32\WINMM.dll
0x00007ffb9c000000 - 0x00007ffb9c00a000 	C:\WINDOWS\SYSTEM32\VERSION.dll
0x00007ffba92b0000 - 0x00007ffba92c8000 	C:\WINDOWS\SYSTEM32\kernel.appcore.dll
0x00007ffba7670000 - 0x00007ffba767a000 	C:\Program Files\Eclipse Adoptium\jdk-17.0.5.8-hotspot\bin\jimage.dll
0x00007ffba7bb0000 - 0x00007ffba7de3000 	C:\WINDOWS\SYSTEM32\DBGHELP.DLL
0x00007ffbac0a0000 - 0x00007ffbac422000 	C:\WINDOWS\System32\combase.dll
0x00007ffbab0e0000 - 0x00007ffbab1b8000 	C:\WINDOWS\System32\OLEAUT32.dll
0x00007ffb97050000 - 0x00007ffb97082000 	C:\WINDOWS\SYSTEM32\dbgcore.DLL
0x00007ffbaa610000 - 0x00007ffbaa689000 	C:\WINDOWS\System32\bcryptPrimitives.dll
0x00007ffb890a0000 - 0x00007ffb890c5000 	C:\Program Files\Eclipse Adoptium\jdk-17.0.5.8-hotspot\bin\java.dll
0x00007ffb697a0000 - 0x00007ffb69876000 	C:\Program Files\Eclipse Adoptium\jdk-17.0.5.8-hotspot\bin\jsvml.dll
0x00007ffbac460000 - 0x00007ffbacc4c000 	C:\WINDOWS\System32\SHELL32.dll
0x00007ffba8240000 - 0x00007ffba8ada000 	C:\WINDOWS\SYSTEM32\windows.storage.dll
0x00007ffba80b0000 - 0x00007ffba823d000 	C:\WINDOWS\SYSTEM32\wintypes.dll
0x00007ffbaadc0000 - 0x00007ffbaaeab000 	C:\WINDOWS\System32\SHCORE.dll
0x00007ffbac030000 - 0x00007ffbac08e000 	C:\WINDOWS\System32\shlwapi.dll
0x00007ffbaa250000 - 0x00007ffbaa271000 	C:\WINDOWS\SYSTEM32\profapi.dll
0x00007ffb99ba0000 - 0x00007ffb99bb9000 	C:\Program Files\Eclipse Adoptium\jdk-17.0.5.8-hotspot\bin\net.dll
0x00007ffb9c740000 - 0x00007ffb9c86e000 	C:\WINDOWS\SYSTEM32\WINHTTP.dll
0x00007ffba9780000 - 0x00007ffba97e9000 	C:\WINDOWS\system32\mswsock.dll
0x00007ffb95560000 - 0x00007ffb95575000 	C:\Program Files\Eclipse Adoptium\jdk-17.0.5.8-hotspot\bin\nio.dll
0x00007ffb9eb00000 - 0x00007ffb9eb18000 	C:\Program Files\Eclipse Adoptium\jdk-17.0.5.8-hotspot\bin\zip.dll
0x00007ffba6480000 - 0x00007ffba6490000 	C:\Program Files\Eclipse Adoptium\jdk-17.0.5.8-hotspot\bin\verify.dll
0x00007ffba7460000 - 0x00007ffba7469000 	C:\Program Files\Eclipse Adoptium\jdk-17.0.5.8-hotspot\bin\management.dll
0x00007ffba7450000 - 0x00007ffba745b000 	C:\Program Files\Eclipse Adoptium\jdk-17.0.5.8-hotspot\bin\management_ext.dll
0x00007ffbaba90000 - 0x00007ffbaba98000 	C:\WINDOWS\System32\PSAPI.DLL
0x00007ffba7470000 - 0x00007ffba7487000 	C:\WINDOWS\system32\napinsp.dll
0x00007ffba3030000 - 0x00007ffba304a000 	C:\WINDOWS\system32\pnrpnsp.dll
0x00007ffb46f00000 - 0x00007ffb46f21000 	C:\WINDOWS\system32\nlansp_c.dll
0x00007ffba8dc0000 - 0x00007ffba8ebd000 	C:\WINDOWS\SYSTEM32\DNSAPI.dll
0x00007ffba8d50000 - 0x00007ffba8d7e000 	C:\WINDOWS\SYSTEM32\IPHLPAPI.DLL
0x00007ffbaadb0000 - 0x00007ffbaadb9000 	C:\WINDOWS\System32\NSI.dll
0x00007ffb9eac0000 - 0x00007ffb9ead1000 	C:\WINDOWS\System32\winrnr.dll
0x00007ffb7cb30000 - 0x00007ffb7cb45000 	C:\WINDOWS\system32\wshbth.dll
0x00007ffb9c730000 - 0x00007ffb9c73a000 	C:\Windows\System32\rasadhlp.dll
0x00007ffb9c980000 - 0x00007ffb9ca04000 	C:\WINDOWS\System32\fwpuclnt.dll
0x00007ffba9a00000 - 0x00007ffba9a1b000 	C:\WINDOWS\SYSTEM32\CRYPTSP.dll
0x00007ffba9210000 - 0x00007ffba9244000 	C:\WINDOWS\system32\rsaenh.dll
0x00007ffba98a0000 - 0x00007ffba98c8000 	C:\WINDOWS\SYSTEM32\USERENV.dll
0x00007ffba9bc0000 - 0x00007ffba9be8000 	C:\WINDOWS\SYSTEM32\bcrypt.dll
0x00007ffba9a20000 - 0x00007ffba9a2c000 	C:\WINDOWS\SYSTEM32\CRYPTBASE.dll
0x00007ffb9c8f0000 - 0x00007ffb9c909000 	C:\WINDOWS\SYSTEM32\dhcpcsvc6.DLL
0x00007ffb9c8c0000 - 0x00007ffb9c8df000 	C:\WINDOWS\SYSTEM32\dhcpcsvc.DLL

dbghelp: loaded successfully - version: 4.0.5 - missing functions: none
symbol engine: initialized successfully - sym options: 0x614 - pdb path: .;C:\Program Files\Eclipse Adoptium\jdk-17.0.5.8-hotspot\bin;C:\WINDOWS\SYSTEM32;C:\WINDOWS\WinSxS\amd64_microsoft.windows.common-controls_6595b64144ccf1df_6.0.25231.1000_none_77db62f15ba2356c;C:\Program Files\Eclipse Adoptium\jdk-17.0.5.8-hotspot\bin\server

VM Arguments:
jvm_args: -Dsts.lsp.client=vscode -Dsts.log.file=/dev/null -XX:TieredStopAtLevel=1 -Xlog:jni+resolve=off -Dspring.config.location=file:c:\Users\datea\.vscode\extensions\pivotal.vscode-spring-boot-1.40.0\language-server\BOOT-INF\classes\application.properties 
java_command: org.springframework.ide.vscode.boot.app.BootLanguageServerBootApp
java_class_path (initial): c:\Users\datea\.vscode\extensions\pivotal.vscode-spring-boot-1.40.0\language-server\BOOT-INF\classes;c:\Users\datea\.vscode\extensions\pivotal.vscode-spring-boot-1.40.0\language-server\BOOT-INF\lib\annotations-23.0.0.jar;c:\Users\datea\.vscode\extensions\pivotal.vscode-spring-boot-1.40.0\language-server\BOOT-INF\lib\ant-1.10.12.jar;c:\Users\datea\.vscode\extensions\pivotal.vscode-spring-boot-1.40.0\language-server\BOOT-INF\lib\ant-launcher-1.10.12.jar;c:\Users\datea\.vscode\extensions\pivotal.vscode-spring-boot-1.40.0\language-server\BOOT-INF\lib\antlr-runtime-3.5.2.jar;c:\Users\datea\.vscode\extensions\pivotal.vscode-spring-boot-1.40.0\language-server\BOOT-INF\lib\antlr4-4.9.3.jar;c:\Users\datea\.vscode\extensions\pivotal.vscode-spring-boot-1.40.0\language-server\BOOT-INF\lib\antlr4-runtime-4.9.3.jar;c:\Users\datea\.vscode\extensions\pivotal.vscode-spring-boot-1.40.0\language-server\BOOT-INF\lib\asm-9.3.jar;c:\Users\datea\.vscode\extensions\pivotal.vscode-spring-boot-1.40.0\language-server\BOOT-INF\lib\asm-analysis-9.3.jar;c:\Users\datea\.vscode\extensions\pivotal.vscode-spring-boot-1.40.0\language-server\BOOT-INF\lib\asm-tree-9.3.jar;c:\Users\datea\.vscode\extensions\pivotal.vscode-spring-boot-1.40.0\language-server\BOOT-INF\lib\asm-util-9.3.jar;c:\Users\datea\.vscode\extensions\pivotal.vscode-spring-boot-1.40.0\language-server\BOOT-INF\lib\byte-buddy-1.12.13.jar;c:\Users\datea\.vscode\extensions\pivotal.vscode-spring-boot-1.40.0\language-server\BOOT-INF\lib\caffeine-2.9.3.jar;c:\Users\datea\.vscode\extensions\pivotal.vscode-spring-boot-1.40.0\language-server\BOOT-INF\lib\checker-qual-3.12.0.jar;c:\Users\datea\.vscode\extensions\pivotal.vscode-spring-boot-1.40.0\language-server\BOOT-INF\lib\classgraph-4.8.149.jar;c:\Users\datea\.vscode\extensions\pivotal.vscode-spring-boot-1.40.0\language-server\BOOT-INF\lib\commons-codec-1.15.jar;c:\Users\datea\.vscode\extensions\pivotal.vscode-spring-boot-1.40.0\language-server\BOOT-INF\lib\commons-c
Launcher Type: SUN_STANDARD

[Global flags]
     intx CICompilerCount                          = 4                                         {product} {ergonomic}
     uint ConcGCThreads                            = 2                                         {product} {ergonomic}
     uint G1ConcRefinementThreads                  = 8                                         {product} {ergonomic}
   size_t G1HeapRegionSize                         = 1048576                                   {product} {ergonomic}
    uintx GCDrainStackTargetSize                   = 64                                        {product} {ergonomic}
   size_t InitialHeapSize                          = 132120576                                 {product} {ergonomic}
   size_t MarkStackSize                            = 4194304                                   {product} {ergonomic}
   size_t MaxHeapSize                              = 2095054848                                {product} {ergonomic}
   size_t MaxNewSize                               = 1256194048                                {product} {ergonomic}
   size_t MinHeapDeltaBytes                        = 1048576                                   {product} {ergonomic}
   size_t MinHeapSize                              = 8388608                                   {product} {ergonomic}
    uintx NonProfiledCodeHeapSize                  = 0                                      {pd product} {ergonomic}
     bool ProfileInterpreter                       = false                                  {pd product} {command line}
    uintx ProfiledCodeHeapSize                     = 0                                      {pd product} {ergonomic}
   size_t SoftMaxHeapSize                          = 2095054848                             {manageable} {ergonomic}
     intx TieredStopAtLevel                        = 1                                         {product} {command line}
     bool UseCompressedClassPointers               = true                           {product lp64_product} {ergonomic}
     bool UseCompressedOops                        = true                           {product lp64_product} {ergonomic}
     bool UseG1GC                                  = true                                      {product} {ergonomic}
     bool UseLargePagesIndividualAllocation        = false                                  {pd product} {ergonomic}

Logging:
Log output configuration:
 #0: stdout all=warning,jni+resolve=off uptime,level,tags
 #1: stderr all=off uptime,level,tags

Environment Variables:
PATH=C:\Program Files\Eclipse Adoptium\jdk-17.0.5.8-hotspot\bin;C:\Program Files\Java\jdk-15.0.2\bin;C:\Program Files\Common Files\Oracle\Java\javapath;C:\WINDOWS\system32;C:\WINDOWS;C:\WINDOWS\System32\Wbem;C:\WINDOWS\System32\WindowsPowerShell\v1.0\;C:\WINDOWS\System32\OpenSSH\;C:\Program Files\Azure Data Studio\bin;C:\Program Files\Microsoft SQL Server\Client SDK\ODBC\170\Tools\Binn\;C:\Program Files (x86)\Microsoft SQL Server\150\Tools\Binn\;C:\Program Files\Microsoft SQL Server\150\Tools\Binn\;C:\Program Files\Microsoft SQL Server\150\DTS\Binn\;C:\Program Files (x86)\Microsoft SQL Server\150\DTS\Binn\;C:\Program Files (x86)\GitExtensions\;F:\xampp\php;C:\ProgramData\ComposerSetup\bin;C:\xampp\php;C:\Program Files\Git\cmd;C:\Users\datea\AppData\Local\Microsoft\WindowsApps;C:\Users\datea\AppData\Local\Programs\Microsoft VS Code\bin;;C:\Program Files\Azure Data Studio\bin;C:\Users\datea\AppData\Roaming\Composer\vendor\bin
USERNAME=datea
OS=Windows_NT
PROCESSOR_IDENTIFIER=Intel64 Family 6 Model 126 Stepping 5, GenuineIntel
TMP=C:\Users\datea\AppData\Local\Temp
TEMP=C:\Users\datea\AppData\Local\Temp



---------------  S Y S T E M  ---------------

OS:
 Windows 11 , 64 bit Build 25231 (10.0.25231.1000)
OS uptime: 1 days 8:04 hours
Hyper-V role detected

CPU: total 8 (initial active 8) (4 cores per cpu, 2 threads per core) family 6 model 126 stepping 5 microcode 0xa6, cx8, cmov, fxsr, ht, mmx, 3dnowpref, sse, sse2, sse3, ssse3, sse4.1, sse4.2, popcnt, lzcnt, tsc, tscinvbit, avx, avx2, aes, erms, clmul, bmi1, bmi2, adx, avx512f, avx512dq, avx512cd, avx512bw, avx512vl, sha, fma, vzeroupper, avx512_vpopcntdq, avx512_vpclmulqdq, avx512_vaes, avx512_vnni, clflush, clflushopt, avx512_vbmi2, avx512_vbmi, hv

Memory: 4k page, system-wide physical 7987M (618M free)
TotalPageFile size 12083M (AvailPageFile size 132M)
current process WorkingSet (physical memory assigned to process): 85M, peak: 1204M
current process commit charge ("private bytes"): 231M, peak: 1146M

vm_info: OpenJDK 64-Bit Server VM (17.0.5+8) for windows-amd64 JRE (17.0.5+8), built on Oct 19 2022 04:48:13 by "temurin" with MS VC++ 16.7 (VS2019)

END.
