#
# There is insufficient memory for the Java Runtime Environment to continue.
# Native memory allocation (mmap) failed to map 2064384 bytes for G1 virtual space
# Possible reasons:
#   The system is out of physical RAM or swap space
#   The process is running with CompressedOops enabled, and the Java Heap may be blocking the growth of the native heap
# Possible solutions:
#   Reduce memory load on the system
#   Increase physical memory or swap space
#   Check if swap backing store is full
#   Decrease Java heap size (-Xmx/-Xms)
#   Decrease number of Java threads
#   Decrease Java thread stack sizes (-Xss)
#   Set larger code cache with -XX:ReservedCodeCacheSize=
#   JVM is running with Unscaled Compressed Oops mode in which the Java heap is
#     placed in the first 4GB address space. The Java Heap base address is the
#     maximum limit for the native heap growth. Please use -XX:HeapBaseMinAddress
#     to set the Java Heap base and to place the Java Heap above 4GB virtual address.
# This output file may be truncated or incomplete.
#
#  Out of Memory Error (./open/src/hotspot/os/windows/os_windows.cpp:3321), pid=36856, tid=35388
#
# JRE version:  (15.0.2+7) (build )
# Java VM: Java HotSpot(TM) 64-Bit Server VM (15.0.2+7-27, mixed mode, sharing, tiered, compressed oops, g1 gc, windows-amd64)
# No core dump will be written. Minidumps are not enabled by default on client versions of Windows
#

---------------  S U M M A R Y ------------

Command Line: -XX:+ShowCodeDetailsInExceptionMessages com.watch.shopwatchonline.ShopwatchonlineApplication

Host: Intel(R) Core(TM) i5-1035G1 CPU @ 1.00GHz, 8 cores, 7G,  Windows 10 , 64 bit Build 25217 (10.0.25217.1000)
Time: Fri Oct 14 00:03:08 2022 SE Asia Standard Time elapsed time: 3.069651 seconds (0d 0h 0m 3s)

---------------  T H R E A D  ---------------

Current thread (0x000001dc8fdc1700):  JavaThread "Unknown thread" [_thread_in_vm, id=35388, stack(0x00000002e7e00000,0x00000002e7f00000)]

Stack: [0x00000002e7e00000,0x00000002e7f00000]
Native frames: (J=compiled Java code, j=interpreted, Vv=VM code, C=native code)
V  [jvm.dll+0x62ae9a]
V  [jvm.dll+0x7817a9]
V  [jvm.dll+0x782f03]
V  [jvm.dll+0x783563]
V  [jvm.dll+0x216325]
V  [jvm.dll+0x6281d9]
V  [jvm.dll+0x61cf55]
V  [jvm.dll+0x2cffdd]
V  [jvm.dll+0x2cfe42]
V  [jvm.dll+0x2d5e1c]
V  [jvm.dll+0x32591d]
V  [jvm.dll+0x324fd4]
V  [jvm.dll+0x2a6f5a]
V  [jvm.dll+0x2a80f8]
V  [jvm.dll+0x75e241]
V  [jvm.dll+0x3341c4]
V  [jvm.dll+0x73e926]
V  [jvm.dll+0x3b7557]
V  [jvm.dll+0x3b8fe1]
C  [jli.dll+0x52fb]
C  [ucrtbase.dll+0x4b7eb]
C  [KERNEL32.DLL+0x1484d]
C  [ntdll.dll+0x67558]


---------------  P R O C E S S  ---------------

Threads class SMR info:
_java_thread_list=0x00007ffdeb634ff0, length=0, elements={
}

Java Threads: ( => current thread )

Other Threads:
  0x000001dc8fe09fd0 GCTaskThread "GC Thread#0" [stack: 0x00000002e7f00000,0x00000002e8000000] [id=35368]
  0x000001dc8fe1ac60 ConcurrentGCThread "G1 Main Marker" [stack: 0x00000002e8000000,0x00000002e8100000] [id=36372]
  0x000001dc8fe1b8d0 ConcurrentGCThread "G1 Conc#0" [stack: 0x00000002e8100000,0x00000002e8200000] [id=36492]

[error occurred during error reporting (printing all threads), id 0xc0000005, EXCEPTION_ACCESS_VIOLATION (0xc0000005) at pc=0x00007ffdeae27e27]

VM state: not at safepoint (not fully initialized)

VM Mutex/Monitor currently owned by a thread:  ([mutex/lock_event])
[0x000001dc8fdbccb0] Heap_lock - owner thread: 0x000001dc8fdc1700

Heap address: 0x0000000083200000, size: 1998 MB, Compressed Oops mode: 32-bit
CDS archive(s) mapped at: [0x0000000000000000-0x0000000000000000-0x0000000000000000), size 0, SharedBaseAddress: 0x0000000800000000, ArchiveRelocationMode: 0.
Narrow klass base: 0x0000000000000000, Narrow klass shift: 0, Narrow klass range: 0x0

Heap:
 garbage-first heap   total 129024K, used 0K [0x0000000083200000, 0x0000000100000000)
  region size 1024K, 0 young (0K), 0 survivors (0K)
 Metaspace       used 0K, capacity 0K, committed 0K, reserved 0K
  class space    used 0K, capacity 0K, committed 0K, reserved 0K

Heap Regions: E=young(eden), S=young(survivor), O=old, HS=humongous(starts), HC=humongous(continues), CS=collection set, F=free, OA=open archive, CA=closed archive, TAMS=top-at-mark-start (previous, next)

Card table byte_map: [0x000001dca9640000,0x000001dca9a30000] _byte_map_base: 0x000001dca9227000

Marking Bits (Prev, Next): (CMBitMap*) 0x000001dc8fe0a840, (CMBitMap*) 0x000001dc8fe0a880
 Prev Bits: [0x000001dca9e20000, 0x000001dcabd58000)
 Next Bits: [0x000001dcabd60000, 0x000001dcadc98000)

GC Heap History (0 events):
No events

Deoptimization events (0 events):
No events

Classes unloaded (0 events):
No events

Classes redefined (0 events):
No events

Internal exceptions (0 events):
No events

Events (1 events):
Event: 0.017 Loaded shared library C:\Program Files\Java\jdk-15.0.2\bin\java.dll


Dynamic libraries:
0x00007ff713d10000 - 0x00007ff713d1f000 	C:\Program Files\Java\jdk-15.0.2\bin\java.exe
0x00007ffe8adf0000 - 0x00007ffe8b009000 	C:\WINDOWS\SYSTEM32\ntdll.dll
0x00007ffe89b60000 - 0x00007ffe89c22000 	C:\WINDOWS\System32\KERNEL32.DLL
0x00007ffe881d0000 - 0x00007ffe8856f000 	C:\WINDOWS\System32\KERNELBASE.dll
0x00007ffe88580000 - 0x00007ffe8869b000 	C:\WINDOWS\System32\ucrtbase.dll
0x00007ffe5ee00000 - 0x00007ffe5ee19000 	C:\Program Files\Java\jdk-15.0.2\bin\VCRUNTIME140.dll
0x00007ffe5b460000 - 0x00007ffe5b478000 	C:\Program Files\Java\jdk-15.0.2\bin\jli.dll
0x00007ffe89a90000 - 0x00007ffe89b3e000 	C:\WINDOWS\System32\ADVAPI32.dll
0x00007ffe899e0000 - 0x00007ffe89a87000 	C:\WINDOWS\System32\msvcrt.dll
0x00007ffe8a130000 - 0x00007ffe8a1d6000 	C:\WINDOWS\System32\sechost.dll
0x00007ffe8a1f0000 - 0x00007ffe8a317000 	C:\WINDOWS\System32\RPCRT4.dll
0x00007ffe8ac00000 - 0x00007ffe8adac000 	C:\WINDOWS\System32\USER32.dll
0x00007ffe67560000 - 0x00007ffe677f1000 	C:\WINDOWS\WinSxS\amd64_microsoft.windows.common-controls_6595b64144ccf1df_6.0.25217.1010_none_7b5ae231f1b4915b\COMCTL32.dll
0x00007ffe88720000 - 0x00007ffe88746000 	C:\WINDOWS\System32\win32u.dll
0x00007ffe89f60000 - 0x00007ffe89f89000 	C:\WINDOWS\System32\GDI32.dll
0x00007ffe88750000 - 0x00007ffe88866000 	C:\WINDOWS\System32\gdi32full.dll
0x00007ffe81bd0000 - 0x00007ffe81bda000 	C:\WINDOWS\SYSTEM32\VERSION.dll
0x00007ffe88930000 - 0x00007ffe889ca000 	C:\WINDOWS\System32\msvcp_win.dll
0x00007ffe89520000 - 0x00007ffe89551000 	C:\WINDOWS\System32\IMM32.DLL
0x00007ffe76fb0000 - 0x00007ffe76fbc000 	C:\Program Files\Java\jdk-15.0.2\bin\vcruntime140_1.dll
0x00007ffe0adf0000 - 0x00007ffe0ae81000 	C:\Program Files\Java\jdk-15.0.2\bin\msvcp140.dll
0x00007ffdeab70000 - 0x00007ffdeb6ce000 	C:\Program Files\Java\jdk-15.0.2\bin\server\jvm.dll
0x00007ffe6bf80000 - 0x00007ffe6bf89000 	C:\WINDOWS\SYSTEM32\WSOCK32.dll
0x00007ffe894a0000 - 0x00007ffe8950f000 	C:\WINDOWS\System32\WS2_32.dll
0x00007ffe8a1e0000 - 0x00007ffe8a1e8000 	C:\WINDOWS\System32\PSAPI.DLL
0x00007ffe818a0000 - 0x00007ffe818d5000 	C:\WINDOWS\SYSTEM32\WINMM.dll
0x00007ffe87160000 - 0x00007ffe87178000 	C:\WINDOWS\SYSTEM32\kernel.appcore.dll
0x00007ffe76860000 - 0x00007ffe7686a000 	C:\Program Files\Java\jdk-15.0.2\bin\jimage.dll
0x00007ffe85a40000 - 0x00007ffe85c73000 	C:\WINDOWS\SYSTEM32\DBGHELP.DLL
0x00007ffe89650000 - 0x00007ffe899d3000 	C:\WINDOWS\System32\combase.dll
0x00007ffe89560000 - 0x00007ffe89638000 	C:\WINDOWS\System32\OLEAUT32.dll
0x00007ffe79e10000 - 0x00007ffe79e42000 	C:\WINDOWS\SYSTEM32\dbgcore.DLL
0x00007ffe886a0000 - 0x00007ffe88719000 	C:\WINDOWS\System32\bcryptPrimitives.dll
0x00007ffe5b3b0000 - 0x00007ffe5b3d5000 	C:\Program Files\Java\jdk-15.0.2\bin\java.dll

dbghelp: loaded successfully - version: 4.0.5 - missing functions: none
symbol engine: initialized successfully - sym options: 0x614 - pdb path: .;C:\Program Files\Java\jdk-15.0.2\bin;C:\WINDOWS\SYSTEM32;C:\WINDOWS\WinSxS\amd64_microsoft.windows.common-controls_6595b64144ccf1df_6.0.25217.1010_none_7b5ae231f1b4915b;C:\Program Files\Java\jdk-15.0.2\bin\server

VM Arguments:
jvm_args: -XX:+ShowCodeDetailsInExceptionMessages 
java_command: com.watch.shopwatchonline.ShopwatchonlineApplication
java_class_path (initial): F:\shopwatchonline\target\classes;C:\Users\datea\.m2\repository\org\springframework\boot\spring-boot-starter-validation\2.6.12\spring-boot-starter-validation-2.6.12.jar;C:\Users\datea\.m2\repository\org\springframework\boot\spring-boot-starter\2.6.12\spring-boot-starter-2.6.12.jar;C:\Users\datea\.m2\repository\org\springframework\boot\spring-boot-starter-logging\2.6.12\spring-boot-starter-logging-2.6.12.jar;C:\Users\datea\.m2\repository\ch\qos\logback\logback-classic\1.2.11\logback-classic-1.2.11.jar;C:\Users\datea\.m2\repository\ch\qos\logback\logback-core\1.2.11\logback-core-1.2.11.jar;C:\Users\datea\.m2\repository\org\apache\logging\log4j\log4j-to-slf4j\2.17.2\log4j-to-slf4j-2.17.2.jar;C:\Users\datea\.m2\repository\org\apache\logging\log4j\log4j-api\2.17.2\log4j-api-2.17.2.jar;C:\Users\datea\.m2\repository\org\slf4j\jul-to-slf4j\1.7.36\jul-to-slf4j-1.7.36.jar;C:\Users\datea\.m2\repository\jakarta\annotation\jakarta.annotation-api\1.3.5\jakarta.annotation-api-1.3.5.jar;C:\Users\datea\.m2\repository\org\yaml\snakeyaml\1.29\snakeyaml-1.29.jar;C:\Users\datea\.m2\repository\org\apache\tomcat\embed\tomcat-embed-el\9.0.65\tomcat-embed-el-9.0.65.jar;C:\Users\datea\.m2\repository\org\hibernate\validator\hibernate-validator\6.2.5.Final\hibernate-validator-6.2.5.Final.jar;C:\Users\datea\.m2\repository\jakarta\validation\jakarta.validation-api\2.0.2\jakarta.validation-api-2.0.2.jar;C:\Users\datea\.m2\repository\org\jboss\logging\jboss-logging\3.4.3.Final\jboss-logging-3.4.3.Final.jar;C:\Users\datea\.m2\repository\com\fasterxml\classmate\1.5.1\classmate-1.5.1.jar;C:\Users\datea\.m2\repository\com\github\javafaker\javafaker\1.0.2\javafaker-1.0.2.jar;C:\Users\datea\.m2\repository\org\apache\commons\commons-lang3\3.12.0\commons-lang3-3.12.0.jar;C:\Users\datea\.m2\repository\org\yaml\snakeyaml\1.23\snakeyaml-1.23-android.jar;C:\Users\datea\.m2\repository\com\github\mifmif\generex\1.0.2\generex-1.0.2.jar;C:\Users\datea\.m2\repository\dk\brics\automaton
Launcher Type: SUN_STANDARD

[Global flags]
     intx CICompilerCount                          = 4                                         {product} {ergonomic}
     uint ConcGCThreads                            = 2                                         {product} {ergonomic}
     uint G1ConcRefinementThreads                  = 8                                         {product} {ergonomic}
   size_t G1HeapRegionSize                         = 1048576                                   {product} {ergonomic}
    uintx GCDrainStackTargetSize                   = 64                                        {product} {ergonomic}
   size_t InitialHeapSize                          = 132120576                                 {product} {ergonomic}
   size_t MarkStackSize                            = 4194304                                   {product} {ergonomic}
   size_t MaxHeapSize                              = 2095054848                                {product} {ergonomic}
   size_t MinHeapDeltaBytes                        = 1048576                                   {product} {ergonomic}
   size_t MinHeapSize                              = 8388608                                   {product} {ergonomic}
    uintx NonNMethodCodeHeapSize                   = 5839372                                {pd product} {ergonomic}
    uintx NonProfiledCodeHeapSize                  = 122909434                              {pd product} {ergonomic}
    uintx ProfiledCodeHeapSize                     = 122909434                              {pd product} {ergonomic}
    uintx ReservedCodeCacheSize                    = 251658240                              {pd product} {ergonomic}
     bool SegmentedCodeCache                       = true                                      {product} {ergonomic}
     bool ShowCodeDetailsInExceptionMessages       = true                                   {manageable} {command line}
   size_t SoftMaxHeapSize                          = 2095054848                             {manageable} {ergonomic}
     bool UseCompressedClassPointers               = true                                 {lp64_product} {ergonomic}
     bool UseCompressedOops                        = true                                 {lp64_product} {ergonomic}
     bool UseG1GC                                  = true                                      {product} {ergonomic}
     bool UseLargePagesIndividualAllocation        = false                                  {pd product} {ergonomic}

Logging:
Log output configuration:
 #0: stdout all=warning uptime,level,tags
 #1: stderr all=off uptime,level,tags

Environment Variables:
PATH=C:\Program Files\Java\jdk-15.0.2\bin;C:\Program Files\Common Files\Oracle\Java\javapath;C:\WINDOWS\system32;C:\WINDOWS;C:\WINDOWS\System32\Wbem;C:\WINDOWS\System32\WindowsPowerShell\v1.0\;C:\WINDOWS\System32\OpenSSH\;C:\Program Files\Azure Data Studio\bin;C:\Program Files\Microsoft SQL Server\Client SDK\ODBC\170\Tools\Binn\;C:\Program Files (x86)\Microsoft SQL Server\150\Tools\Binn\;C:\Program Files\Microsoft SQL Server\150\Tools\Binn\;C:\Program Files\Microsoft SQL Server\150\DTS\Binn\;C:\Program Files (x86)\Microsoft SQL Server\150\DTS\Binn\;C:\Program Files (x86)\GitExtensions\;F:\xampp\php;C:\ProgramData\ComposerSetup\bin;C:\xampp\php;C:\Program Files\Git\cmd;C:\Users\datea\AppData\Local\Microsoft\WindowsApps;C:\Users\datea\AppData\Local\Programs\Microsoft VS Code\bin;;C:\Program Files\Azure Data Studio\bin;C:\Users\datea\AppData\Roaming\Composer\vendor\bin
USERNAME=datea
LANG=en_US.UTF-8
OS=Windows_NT
PROCESSOR_IDENTIFIER=Intel64 Family 6 Model 126 Stepping 5, GenuineIntel



---------------  S Y S T E M  ---------------

OS:
 Windows 10 , 64 bit Build 25217 (10.0.25217.1000)
OS uptime: 0 days 5:51 hours
HyperV virtualization detected

CPU: total 8 (initial active 8) (4 cores per cpu, 2 threads per core) family 6 model 126 stepping 5 microcode 0xa6, cmov, cx8, fxsr, mmx, sse, sse2, sse3, ssse3, sse4.1, sse4.2, popcnt, vzeroupper, avx, avx2, aes, clmul, erms, 3dnowpref, lzcnt, ht, tsc, tscinvbit, bmi1, bmi2, adx, avx512f, avx512dq, avx512cd, avx512bw, avx512vl, avx512_vpopcntdq, avx512_vpclmulqdq, avx512_vbmi, avx512_vbmi2, avx512_vaes, avx512_vnni, sha, fma, clflush, clflushopt

Memory: 4k page, system-wide physical 7987M (558M free)
TotalPageFile size 12083M (AvailPageFile size 22M)
current process WorkingSet (physical memory assigned to process): 12M, peak: 12M
current process commit charge ("private bytes"): 186M, peak: 188M

vm_info: Java HotSpot(TM) 64-Bit Server VM (15.0.2+7-27) for windows-amd64 JRE (15.0.2+7-27), built on Dec  7 2020 20:07:01 by "mach5one" with unknown MS VC++:1925

END.
