#
# There is insufficient memory for the Java Runtime Environment to continue.
# Native memory allocation (mmap) failed to map 174063616 bytes for G1 virtual space
# Possible reasons:
#   The system is out of physical RAM or swap space
#   The process is running with CompressedOops enabled, and the Java Heap may be blocking the growth of the native heap
# Possible solutions:
#   Reduce memory load on the system
#   Increase physical memory or swap space
#   Check if swap backing store is full
#   Decrease Java heap size (-Xmx/-Xms)
#   Decrease number of Java threads
#   Decrease Java thread stack sizes (-Xss)
#   Set larger code cache with -XX:ReservedCodeCacheSize=
#   JVM is running with Unscaled Compressed Oops mode in which the Java heap is
#     placed in the first 4GB address space. The Java Heap base address is the
#     maximum limit for the native heap growth. Please use -XX:HeapBaseMinAddress
#     to set the Java Heap base and to place the Java Heap above 4GB virtual address.
# This output file may be truncated or incomplete.
#
#  Out of Memory Error (os_windows.cpp:3541), pid=44152, tid=47956
#
# JRE version: OpenJDK Runtime Environment Temurin-17.0.4.1+1 (17.0.4.1+1) (build 17.0.4.1+1)
# Java VM: OpenJDK 64-Bit Server VM Temurin-17.0.4.1+1 (17.0.4.1+1, mixed mode, emulated-client, tiered, compressed oops, compressed class ptrs, g1 gc, windows-amd64)
# No core dump will be written. Minidumps are not enabled by default on client versions of Windows
#

---------------  S U M M A R Y ------------

Command Line: -Dsts.lsp.client=vscode -Dsts.log.file=/dev/null -XX:TieredStopAtLevel=1 -Xlog:jni+resolve=off -Dspring.config.location=file:c:\Users\datea\.vscode\extensions\pivotal.vscode-spring-boot-1.39.0\language-server\BOOT-INF\classes\application.properties org.springframework.ide.vscode.boot.app.BootLanguageServerBootApp

Host: Intel(R) Core(TM) i5-1035G1 CPU @ 1.00GHz, 8 cores, 7G,  Windows 11 , 64 bit Build 25217 (10.0.25217.1000)
Time: Mon Oct 10 15:42:20 2022 SE Asia Standard Time elapsed time: 6.507013 seconds (0d 0h 0m 6s)

---------------  T H R E A D  ---------------

Current thread (0x000002759df99650):  VMThread "VM Thread" [stack: 0x0000008099c00000,0x0000008099d00000] [id=47956]

Stack: [0x0000008099c00000,0x0000008099d00000]
Native frames: (J=compiled Java code, j=interpreted, Vv=VM code, C=native code)
V  [jvm.dll+0x67731a]
V  [jvm.dll+0x832284]
V  [jvm.dll+0x833a2e]
V  [jvm.dll+0x834093]
V  [jvm.dll+0x245775]
V  [jvm.dll+0x674209]
V  [jvm.dll+0x668a92]
V  [jvm.dll+0x30471b]
V  [jvm.dll+0x30bc66]
V  [jvm.dll+0x35ba9e]
V  [jvm.dll+0x35bccf]
V  [jvm.dll+0x2db5b8]
V  [jvm.dll+0x2d986c]
V  [jvm.dll+0x2d8e3c]
V  [jvm.dll+0x31cd9b]
V  [jvm.dll+0x83853b]
V  [jvm.dll+0x839274]
V  [jvm.dll+0x83978c]
V  [jvm.dll+0x839b64]
V  [jvm.dll+0x839c30]
V  [jvm.dll+0x7e240a]
V  [jvm.dll+0x6761a5]
C  [ucrtbase.dll+0x4b7eb]
C  [KERNEL32.DLL+0x1484d]
C  [ntdll.dll+0x67558]

VM_Operation (0x000000809b6fda40): G1CollectForAllocation, mode: safepoint, requested by thread 0x00000275a0962370


---------------  P R O C E S S  ---------------

Threads class SMR info:
_java_thread_list=0x00000275a26ea770, length=40, elements={
0x000002759e8012d0, 0x000002759e801e80, 0x000002759dfbd550, 0x000002759dfbe100,
0x000002759e827f00, 0x000002759e82a7d0, 0x000002759e82b140, 0x000002759e82e880,
0x000002759ea33130, 0x000002759ea36320, 0x000002759ea3cbd0, 0x000002759ea46960,
0x000002759f3b67e0, 0x00000275a060bf00, 0x00000275a08796c0, 0x00000275a093b5f0,
0x00000275a0962370, 0x00000275a09381e0, 0x00000275a09a3a80, 0x00000275a09386b0,
0x00000275a09a6fc0, 0x00000275a09a4940, 0x00000275a09a4e10, 0x00000275a09a57b0,
0x00000275a09a6150, 0x00000275a09a7490, 0x00000275a09a6620, 0x00000275a09a6af0,
0x00000275a09a7960, 0x00000275a09a3fa0, 0x00000275a09a52e0, 0x00000275a09a5c80,
0x00000275a09a4470, 0x00000275a2665220, 0x00000275a2666560, 0x00000275a2665bc0,
0x00000275a2663070, 0x00000275a2666090, 0x00000275a26656f0, 0x00000275a26643b0
}

Java Threads: ( => current thread )
  0x000002759e8012d0 JavaThread "Reference Handler" daemon [_thread_blocked, id=32040, stack(0x0000008099d00000,0x0000008099e00000)]
  0x000002759e801e80 JavaThread "Finalizer" daemon [_thread_blocked, id=4456, stack(0x0000008099e00000,0x0000008099f00000)]
  0x000002759dfbd550 JavaThread "Signal Dispatcher" daemon [_thread_blocked, id=46908, stack(0x0000008099f00000,0x000000809a000000)]
  0x000002759dfbe100 JavaThread "Attach Listener" daemon [_thread_blocked, id=47976, stack(0x000000809a000000,0x000000809a100000)]
  0x000002759e827f00 JavaThread "Service Thread" daemon [_thread_blocked, id=45696, stack(0x000000809a100000,0x000000809a200000)]
  0x000002759e82a7d0 JavaThread "Monitor Deflation Thread" daemon [_thread_blocked, id=23988, stack(0x000000809a200000,0x000000809a300000)]
  0x000002759e82b140 JavaThread "C1 CompilerThread0" daemon [_thread_blocked, id=46432, stack(0x000000809a300000,0x000000809a400000)]
  0x000002759e82e880 JavaThread "Sweeper thread" daemon [_thread_blocked, id=47608, stack(0x000000809a400000,0x000000809a500000)]
  0x000002759ea33130 JavaThread "C1 CompilerThread1" daemon [_thread_blocked, id=39356, stack(0x000000809a500000,0x000000809a600000)]
  0x000002759ea36320 JavaThread "C1 CompilerThread2" daemon [_thread_blocked, id=47404, stack(0x000000809a600000,0x000000809a700000)]
  0x000002759ea3cbd0 JavaThread "Notification Thread" daemon [_thread_blocked, id=41068, stack(0x000000809a700000,0x000000809a800000)]
  0x000002759ea46960 JavaThread "Common-Cleaner" daemon [_thread_blocked, id=35824, stack(0x000000809a900000,0x000000809aa00000)]
  0x000002759f3b67e0 JavaThread "C1 CompilerThread3" daemon [_thread_blocked, id=47964, stack(0x000000809aa00000,0x000000809ab00000)]
  0x00000275a060bf00 JavaThread "boundedElastic-evictor-1" daemon [_thread_blocked, id=4052, stack(0x000000809b000000,0x000000809b100000)]
  0x00000275a08796c0 JavaThread "ForkJoinPool.commonPool-worker-1" daemon [_thread_blocked, id=44644, stack(0x000000809b400000,0x000000809b500000)]
  0x00000275a093b5f0 JavaThread "ClassGraph-worker-0" daemon [_thread_blocked, id=42984, stack(0x000000809b500000,0x000000809b600000)]
  0x00000275a0962370 JavaThread "ClassGraph-worker-1" daemon [_thread_blocked, id=44236, stack(0x000000809b600000,0x000000809b700000)]
  0x00000275a09381e0 JavaThread "ClassGraph-worker-2" daemon [_thread_blocked, id=26740, stack(0x000000809b700000,0x000000809b800000)]
  0x00000275a09a3a80 JavaThread "ClassGraph-worker-3" daemon [_thread_blocked, id=45248, stack(0x000000809b800000,0x000000809b900000)]
  0x00000275a09386b0 JavaThread "ClassGraph-worker-4" daemon [_thread_blocked, id=47884, stack(0x000000809b900000,0x000000809ba00000)]
  0x00000275a09a6fc0 JavaThread "ClassGraph-worker-5" daemon [_thread_blocked, id=21644, stack(0x000000809ba00000,0x000000809bb00000)]
  0x00000275a09a4940 JavaThread "ClassGraph-worker-6" daemon [_thread_blocked, id=44308, stack(0x000000809bb00000,0x000000809bc00000)]
  0x00000275a09a4e10 JavaThread "ClassGraph-worker-7" daemon [_thread_blocked, id=47796, stack(0x000000809bc00000,0x000000809bd00000)]
  0x00000275a09a57b0 JavaThread "ClassGraph-worker-8" daemon [_thread_blocked, id=45660, stack(0x000000809bd00000,0x000000809be00000)]
  0x00000275a09a6150 JavaThread "ClassGraph-worker-9" daemon [_thread_blocked, id=46820, stack(0x000000809be00000,0x000000809bf00000)]
  0x00000275a09a7490 JavaThread "ClassGraph-worker-10" daemon [_thread_blocked, id=46264, stack(0x000000809bf00000,0x000000809c000000)]
  0x00000275a09a6620 JavaThread "ClassGraph-worker-11" daemon [_thread_blocked, id=47364, stack(0x000000809c000000,0x000000809c100000)]
  0x00000275a09a6af0 JavaThread "ClassGraph-worker-12" daemon [_thread_blocked, id=38396, stack(0x000000809c100000,0x000000809c200000)]
  0x00000275a09a7960 JavaThread "ClassGraph-worker-13" daemon [_thread_blocked, id=34484, stack(0x000000809c200000,0x000000809c300000)]
  0x00000275a09a3fa0 JavaThread "pool-9-thread-1" [_thread_blocked, id=41628, stack(0x000000809c300000,0x000000809c400000)]
  0x00000275a09a52e0 JavaThread "LanguageServerApp-lifecycle" [_thread_blocked, id=47740, stack(0x000000809c400000,0x000000809c500000)]
  0x00000275a09a5c80 JavaThread "DestroyJavaVM" [_thread_blocked, id=38588, stack(0x0000008099600000,0x0000008099700000)]
  0x00000275a09a4470 JavaThread "pool-10-thread-1" [_thread_blocked, id=43480, stack(0x000000809c500000,0x000000809c600000)]
  0x00000275a2665220 JavaThread "Simple-Language-Server main thread" daemon [_thread_blocked, id=19820, stack(0x000000809c600000,0x000000809c700000)]
  0x00000275a2666560 JavaThread "pool-7-thread-1" [_thread_blocked, id=47180, stack(0x000000809c700000,0x000000809c800000)]
  0x00000275a2665bc0 JavaThread "parallel-1" daemon [_thread_blocked, id=31436, stack(0x000000809c800000,0x000000809c900000)]
  0x00000275a2663070 JavaThread "pool-4-thread-1" [_thread_blocked, id=41064, stack(0x000000809ca00000,0x000000809cb00000)]
  0x00000275a2666090 JavaThread "ForkJoinPool.commonPool-worker-2" daemon [_thread_blocked, id=44864, stack(0x000000809cb00000,0x000000809cc00000)]
  0x00000275a26656f0 JavaThread "pool-4-thread-2" [_thread_blocked, id=38528, stack(0x000000809cc00000,0x000000809cd00000)]
  0x00000275a26643b0 JavaThread "Reconciler-1" daemon [_thread_blocked, id=46580, stack(0x000000809cd00000,0x000000809ce00000)]

Other Threads:
=>0x000002759df99650 VMThread "VM Thread" [stack: 0x0000008099c00000,0x0000008099d00000] [id=47956]
  0x000002758edb3a30 WatcherThread [stack: 0x000000809a800000,0x000000809a900000] [id=45676]
  0x000002758ed8d940 GCTaskThread "GC Thread#0" [stack: 0x0000008099700000,0x0000008099800000] [id=44852]
  0x000002759f4542f0 GCTaskThread "GC Thread#1" [stack: 0x000000809ab00000,0x000000809ac00000] [id=47948]
  0x000002759f4c82f0 GCTaskThread "GC Thread#2" [stack: 0x000000809ac00000,0x000000809ad00000] [id=36960]
  0x000002759f4db9e0 GCTaskThread "GC Thread#3" [stack: 0x000000809ad00000,0x000000809ae00000] [id=47984]
  0x000002759f4dbc90 GCTaskThread "GC Thread#4" [stack: 0x000000809ae00000,0x000000809af00000] [id=44964]
  0x000002759f4dbf40 GCTaskThread "GC Thread#5" [stack: 0x000000809af00000,0x000000809b000000] [id=47496]
  0x00000275a01f1140 GCTaskThread "GC Thread#6" [stack: 0x000000809b100000,0x000000809b200000] [id=43724]
  0x00000275a01f2810 GCTaskThread "GC Thread#7" [stack: 0x000000809b200000,0x000000809b300000] [id=33480]
  0x000002758ed9e240 ConcurrentGCThread "G1 Main Marker" [stack: 0x0000008099800000,0x0000008099900000] [id=15820]
  0x000002758ed9fdc0 ConcurrentGCThread "G1 Conc#0" [stack: 0x0000008099900000,0x0000008099a00000] [id=42668]
  0x00000275a03bf5a0 ConcurrentGCThread "G1 Conc#1" [stack: 0x000000809b300000,0x000000809b400000] [id=46104]
  0x000002759de030e0 ConcurrentGCThread "G1 Refine#0" [stack: 0x0000008099a00000,0x0000008099b00000] [id=31780]
  0x00000275a262d240 ConcurrentGCThread "G1 Refine#1" [stack: 0x000000809c900000,0x000000809ca00000] [id=38848]
  0x00000275a262d800 ConcurrentGCThread "G1 Refine#2" [stack: 0x000000809ce00000,0x000000809cf00000] [id=44584]
  0x000002759de049b0 ConcurrentGCThread "G1 Service" [stack: 0x0000008099b00000,0x0000008099c00000] [id=47568]

Threads with active compile tasks:
C1 CompilerThread2     6527 3672       1       io.github.classgraph.Classfile::readClassAttributes (863 bytes)

VM state: at safepoint (normal execution)

VM Mutex/Monitor currently owned by a thread:  ([mutex/lock_event])
[0x000002758eb42790] Threads_lock - owner thread: 0x000002759df99650
[0x000002758ed30460] Heap_lock - owner thread: 0x00000275a0962370

Heap address: 0x0000000083200000, size: 1998 MB, Compressed Oops mode: 32-bit

CDS archive(s) not mapped
Compressed class space mapped at: 0x0000000100000000-0x0000000140000000, reserved size: 1073741824
Narrow klass base: 0x0000000000000000, Narrow klass shift: 3, Narrow klass range: 0x140000000

GC Precious Log:
 CPUs: 8 total, 8 available
 Memory: 7987M
 Large Page Support: Disabled
 NUMA Support: Disabled
 Compressed Oops: Enabled (32-bit)
 Heap Region Size: 1M
 Heap Min Capacity: 8M
 Heap Initial Capacity: 126M
 Heap Max Capacity: 1998M
 Pre-touch: Disabled
 Parallel Workers: 8
 Concurrent Workers: 2
 Concurrent Refinement Workers: 8
 Periodic GC: Disabled

Heap:
 garbage-first heap   total 138240K, used 63538K [0x0000000083200000, 0x0000000100000000)
  region size 1024K, 3 young (3072K), 3 survivors (3072K)
 Metaspace       used 35934K, committed 36288K, reserved 1081344K
  class space    used 4664K, committed 4864K, reserved 1048576K

Heap Regions: E=young(eden), S=young(survivor), O=old, HS=humongous(starts), HC=humongous(continues), CS=collection set, F=free, OA=open archive, CA=closed archive, TAMS=top-at-mark-start (previous, next)
|   0|0x0000000083200000, 0x0000000083300000, 0x0000000083300000|100%| O|  |TAMS 0x0000000083300000, 0x0000000083200000| Untracked 
|   1|0x0000000083300000, 0x0000000083400000, 0x0000000083400000|100%| O|  |TAMS 0x0000000083400000, 0x0000000083300000| Untracked 
|   2|0x0000000083400000, 0x0000000083500000, 0x0000000083500000|100%| O|  |TAMS 0x0000000083500000, 0x0000000083400000| Untracked 
|   3|0x0000000083500000, 0x0000000083600000, 0x0000000083600000|100%| O|  |TAMS 0x0000000083600000, 0x0000000083500000| Untracked 
|   4|0x0000000083600000, 0x0000000083700000, 0x0000000083700000|100%| O|  |TAMS 0x0000000083700000, 0x0000000083600000| Untracked 
|   5|0x0000000083700000, 0x0000000083800000, 0x0000000083800000|100%| O|  |TAMS 0x0000000083800000, 0x0000000083700000| Untracked 
|   6|0x0000000083800000, 0x0000000083900000, 0x0000000083900000|100%| O|  |TAMS 0x0000000083900000, 0x0000000083800000| Untracked 
|   7|0x0000000083900000, 0x0000000083a00000, 0x0000000083a00000|100%| O|  |TAMS 0x0000000083a00000, 0x0000000083900000| Untracked 
|   8|0x0000000083a00000, 0x0000000083b00000, 0x0000000083b00000|100%| O|  |TAMS 0x0000000083b00000, 0x0000000083a00000| Untracked 
|   9|0x0000000083b00000, 0x0000000083c00000, 0x0000000083c00000|100%| O|  |TAMS 0x0000000083c00000, 0x0000000083b00000| Untracked 
|  10|0x0000000083c00000, 0x0000000083d00000, 0x0000000083d00000|100%| O|  |TAMS 0x0000000083d00000, 0x0000000083c00000| Untracked 
|  11|0x0000000083d00000, 0x0000000083e00000, 0x0000000083e00000|100%| O|  |TAMS 0x0000000083e00000, 0x0000000083d00000| Untracked 
|  12|0x0000000083e00000, 0x0000000083f00000, 0x0000000083f00000|100%| O|  |TAMS 0x0000000083f00000, 0x0000000083e00000| Updating 
|  13|0x0000000083f00000, 0x0000000084000000, 0x0000000084000000|100%| O|  |TAMS 0x0000000084000000, 0x0000000083f00000| Untracked 
|  14|0x0000000084000000, 0x0000000084100000, 0x0000000084100000|100%| O|  |TAMS 0x0000000084100000, 0x0000000084000000| Untracked 
|  15|0x0000000084100000, 0x0000000084200000, 0x0000000084200000|100%| O|  |TAMS 0x0000000084200000, 0x0000000084100000| Untracked 
|  16|0x0000000084200000, 0x0000000084300000, 0x0000000084300000|100%| O|  |TAMS 0x0000000084300000, 0x0000000084200000| Updating 
|  17|0x0000000084300000, 0x0000000084400000, 0x0000000084400000|100%| O|  |TAMS 0x0000000084400000, 0x0000000084300000| Untracked 
|  18|0x0000000084400000, 0x0000000084500000, 0x0000000084500000|100%| O|  |TAMS 0x0000000084500000, 0x0000000084400000| Untracked 
|  19|0x0000000084500000, 0x0000000084600000, 0x0000000084600000|100%| O|  |TAMS 0x0000000084600000, 0x0000000084500000| Untracked 
|  20|0x0000000084600000, 0x0000000084700000, 0x0000000084700000|100%| O|  |TAMS 0x0000000084700000, 0x0000000084600000| Untracked 
|  21|0x0000000084700000, 0x0000000084800000, 0x0000000084800000|100%| O|  |TAMS 0x0000000084800000, 0x0000000084700000| Untracked 
|  22|0x0000000084800000, 0x0000000084900000, 0x0000000084900000|100%| O|  |TAMS 0x0000000084900000, 0x0000000084800000| Updating 
|  23|0x0000000084900000, 0x0000000084a00000, 0x0000000084a00000|100%| O|  |TAMS 0x0000000084a00000, 0x0000000084900000| Untracked 
|  24|0x0000000084a00000, 0x0000000084b00000, 0x0000000084b00000|100%| O|  |TAMS 0x0000000084b00000, 0x0000000084a00000| Untracked 
|  25|0x0000000084b00000, 0x0000000084c00000, 0x0000000084c00000|100%| O|  |TAMS 0x0000000084c00000, 0x0000000084b00000| Untracked 
|  26|0x0000000084c00000, 0x0000000084d00000, 0x0000000084d00000|100%| O|  |TAMS 0x0000000084d00000, 0x0000000084c00000| Updating 
|  27|0x0000000084d00000, 0x0000000084e00000, 0x0000000084e00000|100%| O|  |TAMS 0x0000000084e00000, 0x0000000084d00000| Untracked 
|  28|0x0000000084e00000, 0x0000000084f00000, 0x0000000084f00000|100%| O|  |TAMS 0x0000000084f00000, 0x0000000084e00000| Untracked 
|  29|0x0000000084f00000, 0x0000000085000000, 0x0000000085000000|100%| O|  |TAMS 0x0000000085000000, 0x0000000084f00000| Untracked 
|  30|0x0000000085000000, 0x0000000085100000, 0x0000000085100000|100%| O|  |TAMS 0x0000000085100000, 0x0000000085000000| Untracked 
|  31|0x0000000085100000, 0x0000000085200000, 0x0000000085200000|100%| O|  |TAMS 0x0000000085200000, 0x0000000085100000| Untracked 
|  32|0x0000000085200000, 0x0000000085300000, 0x0000000085300000|100%| O|  |TAMS 0x0000000085300000, 0x0000000085200000| Updating 
|  33|0x0000000085300000, 0x0000000085400000, 0x0000000085400000|100%| O|  |TAMS 0x0000000085400000, 0x0000000085300000| Untracked 
|  34|0x0000000085400000, 0x0000000085500000, 0x0000000085500000|100%| O|  |TAMS 0x0000000085500000, 0x0000000085400000| Untracked 
|  35|0x0000000085500000, 0x0000000085600000, 0x0000000085600000|100%| O|  |TAMS 0x0000000085600000, 0x0000000085500000| Untracked 
|  36|0x0000000085600000, 0x0000000085700000, 0x0000000085700000|100%| O|  |TAMS 0x0000000085700000, 0x0000000085600000| Untracked 
|  37|0x0000000085700000, 0x0000000085800000, 0x0000000085800000|100%| O|  |TAMS 0x0000000085800000, 0x0000000085700000| Updating 
|  38|0x0000000085800000, 0x0000000085900000, 0x0000000085900000|100%| O|  |TAMS 0x0000000085900000, 0x0000000085800000| Updating 
|  39|0x0000000085900000, 0x0000000085a00000, 0x0000000085a00000|100%| O|  |TAMS 0x0000000085968c00, 0x0000000085900000| Updating 
|  40|0x0000000085a00000, 0x0000000085a00000, 0x0000000085b00000|  0%| F|  |TAMS 0x0000000085a00000, 0x0000000085a00000| Untracked 
|  41|0x0000000085b00000, 0x0000000085c00000, 0x0000000085c00000|100%|HS|  |TAMS 0x0000000085c00000, 0x0000000085b00000| Complete 
|  42|0x0000000085c00000, 0x0000000085d00000, 0x0000000085d00000|100%| O|  |TAMS 0x0000000085c00000, 0x0000000085c00000| Untracked 
|  43|0x0000000085d00000, 0x0000000085e00000, 0x0000000085e00000|100%| O|  |TAMS 0x0000000085d00000, 0x0000000085d00000| Untracked 
|  44|0x0000000085e00000, 0x0000000085f00000, 0x0000000085f00000|100%| O|  |TAMS 0x0000000085e00000, 0x0000000085e00000| Untracked 
|  45|0x0000000085f00000, 0x0000000086000000, 0x0000000086000000|100%| O|  |TAMS 0x0000000085f00000, 0x0000000085f00000| Untracked 
|  46|0x0000000086000000, 0x0000000086100000, 0x0000000086100000|100%| O|  |TAMS 0x0000000086000000, 0x0000000086000000| Untracked 
|  47|0x0000000086100000, 0x0000000086200000, 0x0000000086200000|100%| O|  |TAMS 0x0000000086100000, 0x0000000086100000| Untracked 
|  48|0x0000000086200000, 0x0000000086300000, 0x0000000086300000|100%| O|  |TAMS 0x0000000086200000, 0x0000000086200000| Untracked 
|  49|0x0000000086300000, 0x0000000086400000, 0x0000000086400000|100%| O|  |TAMS 0x0000000086300000, 0x0000000086300000| Untracked 
|  50|0x0000000086400000, 0x0000000086500000, 0x0000000086500000|100%| O|  |TAMS 0x0000000086400000, 0x0000000086400000| Untracked 
|  51|0x0000000086500000, 0x0000000086600000, 0x0000000086600000|100%| O|  |TAMS 0x0000000086500000, 0x0000000086500000| Untracked 
|  52|0x0000000086600000, 0x0000000086700000, 0x0000000086700000|100%| O|  |TAMS 0x0000000086600000, 0x0000000086600000| Untracked 
|  53|0x0000000086700000, 0x0000000086800000, 0x0000000086800000|100%| O|  |TAMS 0x0000000086700000, 0x0000000086700000| Untracked 
|  54|0x0000000086800000, 0x0000000086900000, 0x0000000086900000|100%| O|  |TAMS 0x0000000086800000, 0x0000000086800000| Untracked 
|  55|0x0000000086900000, 0x0000000086a00000, 0x0000000086a00000|100%| O|  |TAMS 0x0000000086900000, 0x0000000086900000| Untracked 
|  56|0x0000000086a00000, 0x0000000086b00000, 0x0000000086b00000|100%| O|  |TAMS 0x0000000086a00000, 0x0000000086a00000| Untracked 
|  57|0x0000000086b00000, 0x0000000086c00000, 0x0000000086c00000|100%| O|  |TAMS 0x0000000086b00000, 0x0000000086b00000| Untracked 
|  58|0x0000000086c00000, 0x0000000086d00000, 0x0000000086d00000|100%| O|  |TAMS 0x0000000086c00000, 0x0000000086c00000| Untracked 
|  59|0x0000000086d00000, 0x0000000086e00000, 0x0000000086e00000|100%| O|  |TAMS 0x0000000086d00000, 0x0000000086d00000| Untracked 
|  60|0x0000000086e00000, 0x0000000086f00000, 0x0000000086f00000|100%| O|  |TAMS 0x0000000086e00000, 0x0000000086e00000| Untracked 
|  61|0x0000000086f00000, 0x0000000086f00000, 0x0000000087000000|  0%| F|  |TAMS 0x0000000086f00000, 0x0000000086f00000| Untracked 
|  62|0x0000000087000000, 0x0000000087000000, 0x0000000087100000|  0%| F|  |TAMS 0x0000000087000000, 0x0000000087000000| Untracked 
|  63|0x0000000087100000, 0x0000000087100000, 0x0000000087200000|  0%| F|  |TAMS 0x0000000087100000, 0x0000000087100000| Untracked 
|  64|0x0000000087200000, 0x0000000087200000, 0x0000000087300000|  0%| F|  |TAMS 0x0000000087200000, 0x0000000087200000| Untracked 
|  65|0x0000000087300000, 0x0000000087300000, 0x0000000087400000|  0%| F|  |TAMS 0x0000000087300000, 0x0000000087300000| Untracked 
|  66|0x0000000087400000, 0x0000000087400000, 0x0000000087500000|  0%| F|  |TAMS 0x0000000087400000, 0x0000000087400000| Untracked 
|  67|0x0000000087500000, 0x0000000087500000, 0x0000000087600000|  0%| F|  |TAMS 0x0000000087500000, 0x0000000087500000| Untracked 
|  68|0x0000000087600000, 0x0000000087600000, 0x0000000087700000|  0%| F|  |TAMS 0x0000000087600000, 0x0000000087600000| Untracked 
|  69|0x0000000087700000, 0x0000000087700000, 0x0000000087800000|  0%| F|  |TAMS 0x0000000087700000, 0x0000000087700000| Untracked 
|  70|0x0000000087800000, 0x0000000087800000, 0x0000000087900000|  0%| F|  |TAMS 0x0000000087800000, 0x0000000087800000| Untracked 
|  71|0x0000000087900000, 0x0000000087900000, 0x0000000087a00000|  0%| F|  |TAMS 0x0000000087900000, 0x0000000087900000| Untracked 
|  72|0x0000000087a00000, 0x0000000087a00000, 0x0000000087b00000|  0%| F|  |TAMS 0x0000000087a00000, 0x0000000087a00000| Untracked 
|  73|0x0000000087b00000, 0x0000000087b00000, 0x0000000087c00000|  0%| F|  |TAMS 0x0000000087b00000, 0x0000000087b00000| Untracked 
|  74|0x0000000087c00000, 0x0000000087c00000, 0x0000000087d00000|  0%| F|  |TAMS 0x0000000087c00000, 0x0000000087c00000| Untracked 
|  75|0x0000000087d00000, 0x0000000087d00000, 0x0000000087e00000|  0%| F|  |TAMS 0x0000000087d00000, 0x0000000087d00000| Untracked 
|  76|0x0000000087e00000, 0x0000000087e00000, 0x0000000087f00000|  0%| F|  |TAMS 0x0000000087e00000, 0x0000000087e00000| Untracked 
|  77|0x0000000087f00000, 0x0000000087f00000, 0x0000000088000000|  0%| F|  |TAMS 0x0000000087f00000, 0x0000000087f00000| Untracked 
|  78|0x0000000088000000, 0x0000000088000000, 0x0000000088100000|  0%| F|  |TAMS 0x0000000088000000, 0x0000000088000000| Untracked 
|  79|0x0000000088100000, 0x0000000088100000, 0x0000000088200000|  0%| F|  |TAMS 0x0000000088100000, 0x0000000088100000| Untracked 
|  80|0x0000000088200000, 0x0000000088200000, 0x0000000088300000|  0%| F|  |TAMS 0x0000000088200000, 0x0000000088200000| Untracked 
|  81|0x0000000088300000, 0x0000000088300000, 0x0000000088400000|  0%| F|  |TAMS 0x0000000088300000, 0x0000000088300000| Untracked 
|  82|0x0000000088400000, 0x0000000088400000, 0x0000000088500000|  0%| F|  |TAMS 0x0000000088400000, 0x0000000088400000| Untracked 
|  83|0x0000000088500000, 0x0000000088500000, 0x0000000088600000|  0%| F|  |TAMS 0x0000000088500000, 0x0000000088500000| Untracked 
|  84|0x0000000088600000, 0x0000000088600000, 0x0000000088700000|  0%| F|  |TAMS 0x0000000088600000, 0x0000000088600000| Untracked 
|  85|0x0000000088700000, 0x0000000088700000, 0x0000000088800000|  0%| F|  |TAMS 0x0000000088700000, 0x0000000088700000| Untracked 
|  86|0x0000000088800000, 0x0000000088800000, 0x0000000088900000|  0%| F|  |TAMS 0x0000000088800000, 0x0000000088800000| Untracked 
|  87|0x0000000088900000, 0x0000000088900000, 0x0000000088a00000|  0%| F|  |TAMS 0x0000000088900000, 0x0000000088900000| Untracked 
|  88|0x0000000088a00000, 0x0000000088a00000, 0x0000000088b00000|  0%| F|  |TAMS 0x0000000088a00000, 0x0000000088a00000| Untracked 
|  89|0x0000000088b00000, 0x0000000088b00000, 0x0000000088c00000|  0%| F|  |TAMS 0x0000000088b00000, 0x0000000088b00000| Untracked 
|  90|0x0000000088c00000, 0x0000000088c00000, 0x0000000088d00000|  0%| F|  |TAMS 0x0000000088c00000, 0x0000000088c00000| Untracked 
|  91|0x0000000088d00000, 0x0000000088d00000, 0x0000000088e00000|  0%| F|  |TAMS 0x0000000088d00000, 0x0000000088d00000| Untracked 
|  92|0x0000000088e00000, 0x0000000088e00000, 0x0000000088f00000|  0%| F|  |TAMS 0x0000000088e00000, 0x0000000088e00000| Untracked 
|  93|0x0000000088f00000, 0x0000000088f00000, 0x0000000089000000|  0%| F|  |TAMS 0x0000000088f00000, 0x0000000088f00000| Untracked 
|  94|0x0000000089000000, 0x0000000089000000, 0x0000000089100000|  0%| F|  |TAMS 0x0000000089000000, 0x0000000089000000| Untracked 
|  95|0x0000000089100000, 0x0000000089100000, 0x0000000089200000|  0%| F|  |TAMS 0x0000000089100000, 0x0000000089100000| Untracked 
|  96|0x0000000089200000, 0x0000000089200000, 0x0000000089300000|  0%| F|  |TAMS 0x0000000089200000, 0x0000000089200000| Untracked 
|  97|0x0000000089300000, 0x0000000089300000, 0x0000000089400000|  0%| F|  |TAMS 0x0000000089300000, 0x0000000089300000| Untracked 
|  98|0x0000000089400000, 0x0000000089400000, 0x0000000089500000|  0%| F|  |TAMS 0x0000000089400000, 0x0000000089400000| Untracked 
|  99|0x0000000089500000, 0x0000000089500000, 0x0000000089600000|  0%| F|  |TAMS 0x0000000089500000, 0x0000000089500000| Untracked 
| 100|0x0000000089600000, 0x0000000089600000, 0x0000000089700000|  0%| F|  |TAMS 0x0000000089600000, 0x0000000089600000| Untracked 
| 101|0x0000000089700000, 0x0000000089700000, 0x0000000089800000|  0%| F|  |TAMS 0x0000000089700000, 0x0000000089700000| Untracked 
| 102|0x0000000089800000, 0x0000000089800000, 0x0000000089900000|  0%| F|  |TAMS 0x0000000089800000, 0x0000000089800000| Untracked 
| 103|0x0000000089900000, 0x0000000089900000, 0x0000000089a00000|  0%| F|  |TAMS 0x0000000089900000, 0x0000000089900000| Untracked 
| 104|0x0000000089a00000, 0x0000000089a00000, 0x0000000089b00000|  0%| F|  |TAMS 0x0000000089a00000, 0x0000000089a00000| Untracked 
| 105|0x0000000089b00000, 0x0000000089b00000, 0x0000000089c00000|  0%| F|  |TAMS 0x0000000089b00000, 0x0000000089b00000| Untracked 
| 106|0x0000000089c00000, 0x0000000089c00000, 0x0000000089d00000|  0%| F|  |TAMS 0x0000000089c00000, 0x0000000089c00000| Untracked 
| 107|0x0000000089d00000, 0x0000000089d00000, 0x0000000089e00000|  0%| F|  |TAMS 0x0000000089d00000, 0x0000000089d00000| Untracked 
| 108|0x0000000089e00000, 0x0000000089e00000, 0x0000000089f00000|  0%| F|  |TAMS 0x0000000089e00000, 0x0000000089e00000| Untracked 
| 109|0x0000000089f00000, 0x0000000089f00000, 0x000000008a000000|  0%| F|  |TAMS 0x0000000089f00000, 0x0000000089f00000| Untracked 
| 110|0x000000008a000000, 0x000000008a000000, 0x000000008a100000|  0%| F|  |TAMS 0x000000008a000000, 0x000000008a000000| Untracked 
| 111|0x000000008a100000, 0x000000008a100000, 0x000000008a200000|  0%| F|  |TAMS 0x000000008a100000, 0x000000008a100000| Untracked 
| 112|0x000000008a200000, 0x000000008a200000, 0x000000008a300000|  0%| F|  |TAMS 0x000000008a200000, 0x000000008a200000| Untracked 
| 113|0x000000008a300000, 0x000000008a300000, 0x000000008a400000|  0%| F|  |TAMS 0x000000008a300000, 0x000000008a300000| Untracked 
| 114|0x000000008a400000, 0x000000008a400000, 0x000000008a500000|  0%| F|  |TAMS 0x000000008a400000, 0x000000008a400000| Untracked 
| 115|0x000000008a500000, 0x000000008a500000, 0x000000008a600000|  0%| F|  |TAMS 0x000000008a500000, 0x000000008a500000| Untracked 
| 116|0x000000008a600000, 0x000000008a600000, 0x000000008a700000|  0%| F|  |TAMS 0x000000008a600000, 0x000000008a600000| Untracked 
| 117|0x000000008a700000, 0x000000008a700000, 0x000000008a800000|  0%| F|  |TAMS 0x000000008a700000, 0x000000008a700000| Untracked 
| 118|0x000000008a800000, 0x000000008a800000, 0x000000008a900000|  0%| F|  |TAMS 0x000000008a800000, 0x000000008a800000| Untracked 
| 119|0x000000008a900000, 0x000000008a900000, 0x000000008aa00000|  0%| F|  |TAMS 0x000000008a900000, 0x000000008a900000| Untracked 
| 120|0x000000008aa00000, 0x000000008aa00000, 0x000000008ab00000|  0%| F|  |TAMS 0x000000008aa00000, 0x000000008aa00000| Untracked 
| 121|0x000000008ab00000, 0x000000008ab00000, 0x000000008ac00000|  0%| F|  |TAMS 0x000000008ab00000, 0x000000008ab00000| Untracked 
| 122|0x000000008ac00000, 0x000000008ac00000, 0x000000008ad00000|  0%| F|  |TAMS 0x000000008ac00000, 0x000000008ac00000| Untracked 
| 123|0x000000008ad00000, 0x000000008ad00000, 0x000000008ae00000|  0%| F|  |TAMS 0x000000008ad00000, 0x000000008ad00000| Untracked 
| 124|0x000000008ae00000, 0x000000008ae00000, 0x000000008af00000|  0%| F|  |TAMS 0x000000008ae00000, 0x000000008ae00000| Untracked 
| 125|0x000000008af00000, 0x000000008af00000, 0x000000008b000000|  0%| F|  |TAMS 0x000000008af00000, 0x000000008af00000| Untracked 
| 126|0x000000008b000000, 0x000000008b000000, 0x000000008b100000|  0%| F|  |TAMS 0x000000008b000000, 0x000000008b000000| Untracked 
| 127|0x000000008b100000, 0x000000008b100000, 0x000000008b200000|  0%| F|  |TAMS 0x000000008b100000, 0x000000008b100000| Untracked 
| 128|0x000000008b200000, 0x000000008b200000, 0x000000008b300000|  0%| F|  |TAMS 0x000000008b200000, 0x000000008b200000| Untracked 
| 129|0x000000008b300000, 0x000000008b300000, 0x000000008b400000|  0%| F|  |TAMS 0x000000008b300000, 0x000000008b300000| Untracked 
| 130|0x000000008b400000, 0x000000008b400000, 0x000000008b500000|  0%| F|  |TAMS 0x000000008b400000, 0x000000008b400000| Untracked 
| 131|0x000000008b500000, 0x000000008b50c8a8, 0x000000008b600000|  4%| S|CS|TAMS 0x000000008b500000, 0x000000008b500000| Complete 
| 132|0x000000008b600000, 0x000000008b700000, 0x000000008b700000|100%| S|CS|TAMS 0x000000008b600000, 0x000000008b600000| Complete 
| 133|0x000000008b700000, 0x000000008b800000, 0x000000008b800000|100%| S|CS|TAMS 0x000000008b700000, 0x000000008b700000| Complete 
| 134|0x000000008b800000, 0x000000008b800000, 0x000000008b900000|  0%| F|  |TAMS 0x000000008b800000, 0x000000008b800000| Untracked 

Card table byte_map: [0x0000027596e50000,0x0000027597240000] _byte_map_base: 0x0000027596a37000

Marking Bits (Prev, Next): (CMBitMap*) 0x000002758ed8df50, (CMBitMap*) 0x000002758ed8df90
 Prev Bits: [0x0000027597630000, 0x0000027599568000)
 Next Bits: [0x0000027599570000, 0x000002759b4a8000)

Polling page: 0x000002758edf0000

Metaspace:

Usage:
  Non-class:     30.54 MB used.
      Class:      4.56 MB used.
       Both:     35.09 MB used.

Virtual space:
  Non-class space:       32.00 MB reserved,      30.69 MB ( 96%) committed,  4 nodes.
      Class space:        1.00 GB reserved,       4.75 MB ( <1%) committed,  1 nodes.
             Both:        1.03 GB reserved,      35.44 MB (  3%) committed. 

Chunk freelists:
   Non-Class:  910.00 KB
       Class:  3.12 MB
        Both:  4.01 MB

MaxMetaspaceSize: unlimited
CompressedClassSpaceSize: 1.00 GB
Initial GC threshold: 21.00 MB
Current GC threshold: 59.06 MB
CDS: off
MetaspaceReclaimPolicy: balanced
 - commit_granule_bytes: 65536.
 - commit_granule_words: 8192.
 - virtual_space_node_default_size: 1048576.
 - enlarge_chunks_in_place: 1.
 - new_chunks_are_fully_committed: 0.
 - uncommit_free_chunks: 1.
 - use_allocation_guard: 0.
 - handle_deallocations: 1.


Internal statistics:

num_allocs_failed_limit: 6.
num_arena_births: 338.
num_arena_deaths: 0.
num_vsnodes_births: 5.
num_vsnodes_deaths: 0.
num_space_committed: 567.
num_space_uncommitted: 0.
num_chunks_returned_to_freelist: 6.
num_chunks_taken_from_freelist: 1376.
num_chunk_merges: 6.
num_chunk_splits: 941.
num_chunks_enlarged: 720.
num_purges: 0.
num_inconsistent_stats: 0.

CodeCache: size=49152Kb used=9027Kb max_used=9027Kb free=40124Kb
 bounds [0x0000027593180000, 0x0000027593a60000, 0x0000027596180000]
 total_blobs=4224 nmethods=3699 adapters=449
 compilation: enabled
              stopped_count=0, restarted_count=0
 full_count=0

Compilation events (20 events):
Event: 4.481 Thread 0x000002759ea33130 3688       1       jdk.internal.jimage.BasicImageReader::releaseByteBuffer (16 bytes)
Event: 4.481 Thread 0x000002759ea33130 nmethod 3688 0x0000027593a49990 code [0x0000027593a49b20, 0x0000027593a49c68]
Event: 4.481 Thread 0x000002759ea33130 3683       1       jdk.internal.jimage.ImageReader::releaseByteBuffer (5 bytes)
Event: 4.482 Thread 0x000002759ea33130 nmethod 3683 0x0000027593a49d10 code [0x0000027593a49ea0, 0x0000027593a49fe8]
Event: 4.482 Thread 0x000002759ea33130 3694       1       io.github.classgraph.ClasspathElementModule$1$1::<init> (16 bytes)
Event: 4.482 Thread 0x000002759ea33130 nmethod 3694 0x0000027593a4a090 code [0x0000027593a4a220, 0x0000027593a4a3f8]
Event: 4.483 Thread 0x000002759ea33130 3698       1       nonapi.io.github.classgraph.utils.ProxyingInputStream::<init> (10 bytes)
Event: 4.483 Thread 0x000002759ea33130 nmethod 3698 0x0000027593a4a490 code [0x0000027593a4a620, 0x0000027593a4a738]
Event: 4.483 Thread 0x000002759ea33130 3664       1       jdk.internal.jimage.ImageReader::getResourceBuffer (13 bytes)
Event: 4.483 Thread 0x000002759ea33130 nmethod 3664 0x0000027593a4a790 code [0x0000027593a4a940, 0x0000027593a4aad8]
Event: 4.483 Thread 0x000002759ea33130 3675       1       java.util.zip.Inflater::<init> (6 bytes)
Event: 4.484 Thread 0x000002759f3b67e0 nmethod 3696 0x0000027593a4ac10 code [0x0000027593a4af80, 0x0000027593a4bda8]
Event: 4.484 Thread 0x000002759f3b67e0 3695       1       nonapi.io.github.classgraph.fileslice.reader.ClassfileReader::<init> (29 bytes)
Event: 4.484 Thread 0x000002759f3b67e0 nmethod 3695 0x0000027593a4c590 code [0x0000027593a4c720, 0x0000027593a4c998]
Event: 4.484 Thread 0x000002759f3b67e0 3689       1       java.util.Optional::map (30 bytes)
Event: 4.484 Thread 0x000002759ea33130 nmethod 3675 0x0000027593a4ca10 code [0x0000027593a4cbe0, 0x0000027593a4cf78]
Event: 4.484 Thread 0x000002759ea33130 3684       1       java.util.zip.Inflater$InflaterZStreamRef::clean (10 bytes)
Event: 4.484 Thread 0x000002759ea33130 nmethod 3684 0x0000027593a4d110 code [0x0000027593a4d2c0, 0x0000027593a4d428]
Event: 4.484 Thread 0x000002759f3b67e0 nmethod 3689 0x0000027593a4d590 code [0x0000027593a4d740, 0x0000027593a4d9f8]
Event: 4.495 Thread 0x000002759e82b140 nmethod 3671 0x0000027593a4db10 code [0x0000027593a4e020, 0x0000027593a4f948]

GC Heap History (20 events):
Event: 2.588 GC heap after
{Heap after GC invocations=6 (full 0):
 garbage-first heap   total 48128K, used 12749K [0x0000000083200000, 0x0000000100000000)
  region size 1024K, 1 young (1024K), 1 survivors (1024K)
 Metaspace       used 25231K, committed 25472K, reserved 1073152K
  class space    used 3109K, committed 3200K, reserved 1048576K
}
Event: 3.079 GC heap before
{Heap before GC invocations=6 (full 0):
 garbage-first heap   total 48128K, used 32205K [0x0000000083200000, 0x0000000100000000)
  region size 1024K, 20 young (20480K), 1 survivors (1024K)
 Metaspace       used 28356K, committed 28672K, reserved 1081344K
  class space    used 3563K, committed 3712K, reserved 1048576K
}
Event: 3.085 GC heap after
{Heap after GC invocations=7 (full 0):
 garbage-first heap   total 48128K, used 14524K [0x0000000083200000, 0x0000000100000000)
  region size 1024K, 3 young (3072K), 3 survivors (3072K)
 Metaspace       used 28356K, committed 28672K, reserved 1081344K
  class space    used 3563K, committed 3712K, reserved 1048576K
}
Event: 3.540 GC heap before
{Heap before GC invocations=7 (full 0):
 garbage-first heap   total 48128K, used 31932K [0x0000000083200000, 0x0000000100000000)
  region size 1024K, 21 young (21504K), 3 survivors (3072K)
 Metaspace       used 32360K, committed 32640K, reserved 1081344K
  class space    used 4101K, committed 4224K, reserved 1048576K
}
Event: 3.546 GC heap after
{Heap after GC invocations=8 (full 0):
 garbage-first heap   total 72704K, used 16113K [0x0000000083200000, 0x0000000100000000)
  region size 1024K, 2 young (2048K), 2 survivors (2048K)
 Metaspace       used 32360K, committed 32640K, reserved 1081344K
  class space    used 4101K, committed 4224K, reserved 1048576K
}
Event: 3.729 GC heap before
{Heap before GC invocations=8 (full 0):
 garbage-first heap   total 72704K, used 48881K [0x0000000083200000, 0x0000000100000000)
  region size 1024K, 35 young (35840K), 2 survivors (2048K)
 Metaspace       used 33184K, committed 33472K, reserved 1081344K
  class space    used 4211K, committed 4352K, reserved 1048576K
}
Event: 3.736 GC heap after
{Heap after GC invocations=9 (full 0):
 garbage-first heap   total 72704K, used 22516K [0x0000000083200000, 0x0000000100000000)
  region size 1024K, 5 young (5120K), 5 survivors (5120K)
 Metaspace       used 33184K, committed 33472K, reserved 1081344K
  class space    used 4211K, committed 4352K, reserved 1048576K
}
Event: 3.843 GC heap before
{Heap before GC invocations=9 (full 0):
 garbage-first heap   total 72704K, used 49140K [0x0000000083200000, 0x0000000100000000)
  region size 1024K, 31 young (31744K), 5 survivors (5120K)
 Metaspace       used 33637K, committed 33984K, reserved 1081344K
  class space    used 4282K, committed 4480K, reserved 1048576K
}
Event: 3.850 GC heap after
{Heap after GC invocations=10 (full 0):
 garbage-first heap   total 72704K, used 27107K [0x0000000083200000, 0x0000000100000000)
  region size 1024K, 4 young (4096K), 4 survivors (4096K)
 Metaspace       used 33637K, committed 33984K, reserved 1081344K
  class space    used 4282K, committed 4480K, reserved 1048576K
}
Event: 3.909 GC heap before
{Heap before GC invocations=10 (full 0):
 garbage-first heap   total 72704K, used 49635K [0x0000000083200000, 0x0000000100000000)
  region size 1024K, 27 young (27648K), 4 survivors (4096K)
 Metaspace       used 33822K, committed 34176K, reserved 1081344K
  class space    used 4310K, committed 4480K, reserved 1048576K
}
Event: 3.915 GC heap after
{Heap after GC invocations=11 (full 0):
 garbage-first heap   total 72704K, used 31499K [0x0000000083200000, 0x0000000100000000)
  region size 1024K, 4 young (4096K), 4 survivors (4096K)
 Metaspace       used 33822K, committed 34176K, reserved 1081344K
  class space    used 4310K, committed 4480K, reserved 1048576K
}
Event: 3.964 GC heap before
{Heap before GC invocations=11 (full 0):
 garbage-first heap   total 72704K, used 51979K [0x0000000083200000, 0x0000000100000000)
  region size 1024K, 25 young (25600K), 4 survivors (4096K)
 Metaspace       used 33983K, committed 34304K, reserved 1081344K
  class space    used 4330K, committed 4480K, reserved 1048576K
}
Event: 3.972 GC heap after
{Heap after GC invocations=12 (full 0):
 garbage-first heap   total 111616K, used 37888K [0x0000000083200000, 0x0000000100000000)
  region size 1024K, 4 young (4096K), 4 survivors (4096K)
 Metaspace       used 33983K, committed 34304K, reserved 1081344K
  class space    used 4330K, committed 4480K, reserved 1048576K
}
Event: 4.262 GC heap before
{Heap before GC invocations=12 (full 0):
 garbage-first heap   total 111616K, used 77824K [0x0000000083200000, 0x0000000100000000)
  region size 1024K, 44 young (45056K), 4 survivors (4096K)
 Metaspace       used 35381K, committed 35776K, reserved 1081344K
  class space    used 4547K, committed 4736K, reserved 1048576K
}
Event: 4.271 GC heap after
{Heap after GC invocations=13 (full 0):
 garbage-first heap   total 111616K, used 46499K [0x0000000083200000, 0x0000000100000000)
  region size 1024K, 6 young (6144K), 6 survivors (6144K)
 Metaspace       used 35381K, committed 35776K, reserved 1081344K
  class space    used 4547K, committed 4736K, reserved 1048576K
}
Event: 4.393 GC heap before
{Heap before GC invocations=13 (full 0):
 garbage-first heap   total 111616K, used 75171K [0x0000000083200000, 0x0000000100000000)
  region size 1024K, 33 young (33792K), 6 survivors (6144K)
 Metaspace       used 35809K, committed 36096K, reserved 1081344K
  class space    used 4647K, committed 4800K, reserved 1048576K
}
Event: 4.421 GC heap after
{Heap after GC invocations=14 (full 0):
 garbage-first heap   total 111616K, used 61440K [0x0000000083200000, 0x0000000100000000)
  region size 1024K, 5 young (5120K), 5 survivors (5120K)
 Metaspace       used 35809K, committed 36096K, reserved 1081344K
  class space    used 4647K, committed 4800K, reserved 1048576K
}
Event: 4.464 GC heap before
{Heap before GC invocations=14 (full 0):
 garbage-first heap   total 111616K, used 80896K [0x0000000083200000, 0x0000000100000000)
  region size 1024K, 25 young (25600K), 5 survivors (5120K)
 Metaspace       used 35931K, committed 36288K, reserved 1081344K
  class space    used 4664K, committed 4864K, reserved 1048576K
}
Event: 4.469 GC heap after
{Heap after GC invocations=15 (full 0):
 garbage-first heap   total 111616K, used 64253K [0x0000000083200000, 0x0000000100000000)
  region size 1024K, 2 young (2048K), 2 survivors (2048K)
 Metaspace       used 35931K, committed 36288K, reserved 1081344K
  class space    used 4664K, committed 4864K, reserved 1048576K
}
Event: 4.495 GC heap before
{Heap before GC invocations=15 (full 0):
 garbage-first heap   total 138240K, used 82685K [0x0000000083200000, 0x0000000100000000)
  region size 1024K, 22 young (22528K), 2 survivors (2048K)
 Metaspace       used 35934K, committed 36288K, reserved 1081344K
  class space    used 4664K, committed 4864K, reserved 1048576K
}

Deoptimization events (10 events):
Event: 1.996 Thread 0x000002758ed321d0 DEOPT PACKING pc=0x00000275936d1119 sp=0x00000080996fd360
Event: 1.996 Thread 0x000002758ed321d0 DEOPT UNPACKING pc=0x00000275931d6763 sp=0x00000080996fc840 mode 3
Event: 3.584 Thread 0x00000275a08796c0 DEOPT PACKING pc=0x000002759388efab sp=0x000000809b4fea10
Event: 3.584 Thread 0x00000275a08796c0 DEOPT UNPACKING pc=0x00000275931d6763 sp=0x000000809b4fdf58 mode 3
Event: 3.778 Thread 0x00000275a09a57b0 DEOPT PACKING pc=0x00000275936cfc01 sp=0x000000809bdff180
Event: 3.778 Thread 0x00000275a09a57b0 DEOPT UNPACKING pc=0x00000275931d6763 sp=0x000000809bdfe610 mode 3
Event: 4.202 Thread 0x00000275a2665220 DEOPT PACKING pc=0x00000275939fe935 sp=0x000000809c6fd150
Event: 4.202 Thread 0x00000275a2665220 DEOPT UNPACKING pc=0x00000275931d6763 sp=0x000000809c6fc668 mode 3
Event: 4.240 Thread 0x00000275a09381e0 DEOPT PACKING pc=0x00000275936cdd17 sp=0x000000809b7feba0
Event: 4.240 Thread 0x00000275a09381e0 DEOPT UNPACKING pc=0x00000275931d6763 sp=0x000000809b7fdff8 mode 3

Classes unloaded (0 events):
No events

Classes redefined (0 events):
No events

Internal exceptions (20 events):
Event: 3.618 Thread 0x00000275a0962370 Exception <a 'sun/nio/fs/WindowsException'{0x0000000089aedb78}> (0x0000000089aedb78) 
thrown [s\src\hotspot\share\prims\jni.cpp, line 516]
Event: 3.618 Thread 0x00000275a0962370 Exception <a 'sun/nio/fs/WindowsException'{0x0000000089aedf20}> (0x0000000089aedf20) 
thrown [s\src\hotspot\share\prims\jni.cpp, line 516]
Event: 3.618 Thread 0x00000275a0962370 Exception <a 'sun/nio/fs/WindowsException'{0x0000000089aee920}> (0x0000000089aee920) 
thrown [s\src\hotspot\share\prims\jni.cpp, line 516]
Event: 3.618 Thread 0x00000275a0962370 Exception <a 'sun/nio/fs/WindowsException'{0x0000000089aeece0}> (0x0000000089aeece0) 
thrown [s\src\hotspot\share\prims\jni.cpp, line 516]
Event: 3.618 Thread 0x00000275a0962370 Exception <a 'sun/nio/fs/WindowsException'{0x0000000089aef6e0}> (0x0000000089aef6e0) 
thrown [s\src\hotspot\share\prims\jni.cpp, line 516]
Event: 3.618 Thread 0x00000275a0962370 Exception <a 'sun/nio/fs/WindowsException'{0x0000000089aefa90}> (0x0000000089aefa90) 
thrown [s\src\hotspot\share\prims\jni.cpp, line 516]
Event: 3.618 Thread 0x00000275a0962370 Exception <a 'sun/nio/fs/WindowsException'{0x0000000089af0490}> (0x0000000089af0490) 
thrown [s\src\hotspot\share\prims\jni.cpp, line 516]
Event: 3.618 Thread 0x00000275a0962370 Exception <a 'sun/nio/fs/WindowsException'{0x0000000089af0850}> (0x0000000089af0850) 
thrown [s\src\hotspot\share\prims\jni.cpp, line 516]
Event: 3.619 Thread 0x00000275a0962370 Exception <a 'sun/nio/fs/WindowsException'{0x0000000089af1278}> (0x0000000089af1278) 
thrown [s\src\hotspot\share\prims\jni.cpp, line 516]
Event: 3.619 Thread 0x00000275a0962370 Exception <a 'sun/nio/fs/WindowsException'{0x0000000089af1658}> (0x0000000089af1658) 
thrown [s\src\hotspot\share\prims\jni.cpp, line 516]
Event: 3.619 Thread 0x00000275a0962370 Exception <a 'sun/nio/fs/WindowsException'{0x0000000089af2090}> (0x0000000089af2090) 
thrown [s\src\hotspot\share\prims\jni.cpp, line 516]
Event: 3.619 Thread 0x00000275a0962370 Exception <a 'sun/nio/fs/WindowsException'{0x0000000089af2480}> (0x0000000089af2480) 
thrown [s\src\hotspot\share\prims\jni.cpp, line 516]
Event: 3.619 Thread 0x00000275a0962370 Exception <a 'sun/nio/fs/WindowsException'{0x0000000089af2ea8}> (0x0000000089af2ea8) 
thrown [s\src\hotspot\share\prims\jni.cpp, line 516]
Event: 3.619 Thread 0x00000275a0962370 Exception <a 'sun/nio/fs/WindowsException'{0x0000000089af3298}> (0x0000000089af3298) 
thrown [s\src\hotspot\share\prims\jni.cpp, line 516]
Event: 3.753 Thread 0x000002758ed321d0 Exception <a 'java/lang/NoSuchMethodError'{0x000000008af60fa8}: 'java.lang.Object java.lang.invoke.DirectMethodHandle$Holder.newInvokeSpecial(java.lang.Object, java.lang.Object, int, java.lang.Object, java.lang.Object)'> (0x000000008af60fa8) 
thrown [s\src\hotspot\share\interpreter\linkResolver.cpp, line 759]
Event: 3.756 Thread 0x000002758ed321d0 Exception <a 'java/lang/NoSuchMethodError'{0x000000008af72f78}: 'java.lang.Object java.lang.invoke.DirectMethodHandle$Holder.invokeSpecial(java.lang.Object, java.lang.Object, int, java.lang.Object, int, java.lang.Object)'> (0x000000008af72f78) 
thrown [s\src\hotspot\share\interpreter\linkResolver.cpp, line 759]
Event: 3.756 Thread 0x000002758ed321d0 Exception <a 'java/lang/NoSuchMethodError'{0x000000008af7ad78}: 'java.lang.Object java.lang.invoke.DirectMethodHandle$Holder.newInvokeSpecial(java.lang.Object, java.lang.Object, int, java.lang.Object, int)'> (0x000000008af7ad78) 
thrown [s\src\hotspot\share\interpreter\linkResolver.cpp, line 759]
Event: 3.757 Thread 0x000002758ed321d0 Exception <a 'java/lang/NoSuchMethodError'{0x000000008af7ee78}: 'java.lang.Object java.lang.invoke.DirectMethodHandle$Holder.invokeSpecial(java.lang.Object, java.lang.Object, java.lang.Object, int, java.lang.Object, int)'> (0x000000008af7ee78) 
thrown [s\src\hotspot\share\interpreter\linkResolver.cpp, line 759]
Event: 4.193 Thread 0x00000275a09a4470 Exception <a 'java/lang/NoSuchMethodError'{0x0000000087bbac70}: 'java.lang.Object java.lang.invoke.DirectMethodHandle$Holder.invokeStatic(java.lang.Object, java.lang.Object, java.lang.Object, int, java.lang.Object, java.lang.Object)'> (0x0000000087bbac70) 
thrown [s\src\hotspot\share\interpreter\linkResolver.cpp, line 759]
Event: 4.195 Thread 0x00000275a2665220 Exception <a 'java/lang/NoSuchMethodError'{0x0000000087beac18}: 'java.lang.Object java.lang.invoke.DirectMethodHandle$Holder.invokeStatic(java.lang.Object, int, java.lang.Object)'> (0x0000000087beac18) 
thrown [s\src\hotspot\share\interpreter\linkResolver.cpp, line 759]

VM Operations (20 events):
Event: 3.788 Executing VM operation: HandshakeAllThreads done
Event: 3.843 Executing VM operation: G1CollectForAllocation
Event: 3.850 Executing VM operation: G1CollectForAllocation done
Event: 3.909 Executing VM operation: G1CollectForAllocation
Event: 3.915 Executing VM operation: G1CollectForAllocation done
Event: 3.932 Executing VM operation: HandshakeAllThreads
Event: 3.932 Executing VM operation: HandshakeAllThreads done
Event: 3.964 Executing VM operation: G1CollectForAllocation
Event: 3.973 Executing VM operation: G1CollectForAllocation done
Event: 4.259 Executing VM operation: HandshakeAllThreads
Event: 4.259 Executing VM operation: HandshakeAllThreads done
Event: 4.261 Executing VM operation: G1CollectForAllocation
Event: 4.271 Executing VM operation: G1CollectForAllocation done
Event: 4.393 Executing VM operation: CollectForMetadataAllocation
Event: 4.421 Executing VM operation: CollectForMetadataAllocation done
Event: 4.463 Executing VM operation: G1CollectForAllocation
Event: 4.471 Executing VM operation: G1CollectForAllocation done
Event: 4.487 Executing VM operation: G1Concurrent
Event: 4.494 Executing VM operation: G1Concurrent done
Event: 4.495 Executing VM operation: G1CollectForAllocation

Events (20 events):
Event: 4.237 loading class java/util/concurrent/atomic/AtomicLongFieldUpdater$CASUpdater done
Event: 4.237 loading class java/util/concurrent/atomic/AtomicLongFieldUpdater$CASUpdater$1
Event: 4.237 loading class java/util/concurrent/atomic/AtomicLongFieldUpdater$CASUpdater$1 done
Event: 4.243 Thread 0x00000275a2665bc0 Thread added: 0x00000275a2665bc0
Event: 4.250 loading class java/util/concurrent/ConcurrentHashMap$ValueSpliterator
Event: 4.250 loading class java/util/concurrent/ConcurrentHashMap$ValueSpliterator done
Event: 4.275 loading class java/util/concurrent/CompletableFuture$UniApply
Event: 4.275 loading class java/util/concurrent/CompletableFuture$UniApply done
Event: 4.276 Thread 0x00000275a2663070 Thread added: 0x00000275a2663070
Event: 4.276 loading class java/util/concurrent/CompletableFuture$UniExceptionally
Event: 4.276 loading class java/util/concurrent/CompletableFuture$UniExceptionally done
Event: 4.277 loading class java/util/concurrent/CompletableFuture$Signaller
Event: 4.277 loading class java/util/concurrent/CompletableFuture$Signaller done
Event: 4.292 loading class java/util/concurrent/CompletableFuture$UniCompose
Event: 4.292 loading class java/util/concurrent/CompletableFuture$UniCompose done
Event: 4.292 Thread 0x00000275a2666090 Thread added: 0x00000275a2666090
Event: 4.295 Thread 0x00000275a26656f0 Thread added: 0x00000275a26656f0
Event: 4.295 loading class java/util/concurrent/CompletableFuture$UniRelay
Event: 4.295 loading class java/util/concurrent/CompletableFuture$UniRelay done
Event: 4.355 Thread 0x00000275a26643b0 Thread added: 0x00000275a26643b0


Dynamic libraries:
0x00007ff6ba9f0000 - 0x00007ff6ba9fe000 	c:\Users\datea\.vscode\extensions\redhat.java-1.11.0-win32-x64\jre\17.0.4.1-win32-x86_64\bin\java.exe
0x00007ffe21c70000 - 0x00007ffe21e89000 	C:\WINDOWS\SYSTEM32\ntdll.dll
0x00007ffe20ff0000 - 0x00007ffe210b2000 	C:\WINDOWS\System32\KERNEL32.DLL
0x00007ffe1f260000 - 0x00007ffe1f5ff000 	C:\WINDOWS\System32\KERNELBASE.dll
0x00007ffe1bfd0000 - 0x00007ffe1c066000 	C:\WINDOWS\SYSTEM32\apphelp.dll
0x00007ffe1f8a0000 - 0x00007ffe1f9bb000 	C:\WINDOWS\System32\ucrtbase.dll
0x00007ffe0f310000 - 0x00007ffe0f328000 	c:\Users\datea\.vscode\extensions\redhat.java-1.11.0-win32-x64\jre\17.0.4.1-win32-x86_64\bin\jli.dll
0x00007ffe0f2e0000 - 0x00007ffe0f2f9000 	c:\Users\datea\.vscode\extensions\redhat.java-1.11.0-win32-x64\jre\17.0.4.1-win32-x86_64\bin\VCRUNTIME140.dll
0x00007ffe20a60000 - 0x00007ffe20c0c000 	C:\WINDOWS\System32\USER32.dll
0x00007ffe1f110000 - 0x00007ffe1f136000 	C:\WINDOWS\System32\win32u.dll
0x00007ffe211e0000 - 0x00007ffe21209000 	C:\WINDOWS\System32\GDI32.dll
0x00007ffe1f140000 - 0x00007ffe1f256000 	C:\WINDOWS\System32\gdi32full.dll
0x00007ffe1f800000 - 0x00007ffe1f89a000 	C:\WINDOWS\System32\msvcp_win.dll
0x00007ffe12580000 - 0x00007ffe12811000 	C:\WINDOWS\WinSxS\amd64_microsoft.windows.common-controls_6595b64144ccf1df_6.0.25217.1000_none_7b59e1e7f1b57804\COMCTL32.dll
0x00007ffe20740000 - 0x00007ffe207e7000 	C:\WINDOWS\System32\msvcrt.dll
0x00007ffe1fe30000 - 0x00007ffe1fe61000 	C:\WINDOWS\System32\IMM32.DLL
0x00007ffe0f2d0000 - 0x00007ffe0f2dc000 	c:\Users\datea\.vscode\extensions\redhat.java-1.11.0-win32-x64\jre\17.0.4.1-win32-x86_64\bin\vcruntime140_1.dll
0x00007ffdf99f0000 - 0x00007ffdf9a81000 	c:\Users\datea\.vscode\extensions\redhat.java-1.11.0-win32-x64\jre\17.0.4.1-win32-x86_64\bin\msvcp140.dll
0x00007ffd8e2d0000 - 0x00007ffd8ef16000 	c:\Users\datea\.vscode\extensions\redhat.java-1.11.0-win32-x64\jre\17.0.4.1-win32-x86_64\bin\server\jvm.dll
0x00007ffe21210000 - 0x00007ffe212be000 	C:\WINDOWS\System32\ADVAPI32.dll
0x00007ffe21120000 - 0x00007ffe211c6000 	C:\WINDOWS\System32\sechost.dll
0x00007ffe21b00000 - 0x00007ffe21c27000 	C:\WINDOWS\System32\RPCRT4.dll
0x00007ffe211d0000 - 0x00007ffe211d8000 	C:\WINDOWS\System32\PSAPI.DLL
0x00007ffe01f20000 - 0x00007ffe01f29000 	C:\WINDOWS\SYSTEM32\WSOCK32.dll
0x00007ffe1bf20000 - 0x00007ffe1bf2a000 	C:\WINDOWS\SYSTEM32\VERSION.dll
0x00007ffe0da10000 - 0x00007ffe0da45000 	C:\WINDOWS\SYSTEM32\WINMM.dll
0x00007ffe207f0000 - 0x00007ffe2085f000 	C:\WINDOWS\System32\WS2_32.dll
0x00007ffe1dfe0000 - 0x00007ffe1dff8000 	C:\WINDOWS\SYSTEM32\kernel.appcore.dll
0x00007ffe0f2c0000 - 0x00007ffe0f2ca000 	c:\Users\datea\.vscode\extensions\redhat.java-1.11.0-win32-x64\jre\17.0.4.1-win32-x86_64\bin\jimage.dll
0x00007ffe1c8c0000 - 0x00007ffe1caf3000 	C:\WINDOWS\SYSTEM32\DBGHELP.DLL
0x00007ffe1fa40000 - 0x00007ffe1fdc3000 	C:\WINDOWS\System32\combase.dll
0x00007ffe1fe70000 - 0x00007ffe1ff48000 	C:\WINDOWS\System32\OLEAUT32.dll
0x00007ffe1a3c0000 - 0x00007ffe1a3f2000 	C:\WINDOWS\SYSTEM32\dbgcore.DLL
0x00007ffe1f9c0000 - 0x00007ffe1fa39000 	C:\WINDOWS\System32\bcryptPrimitives.dll
0x00007ffe0a2a0000 - 0x00007ffe0a2c5000 	c:\Users\datea\.vscode\extensions\redhat.java-1.11.0-win32-x64\jre\17.0.4.1-win32-x86_64\bin\java.dll
0x00007ffe09cb0000 - 0x00007ffe09cc8000 	c:\Users\datea\.vscode\extensions\redhat.java-1.11.0-win32-x64\jre\17.0.4.1-win32-x86_64\bin\zip.dll
0x00007ffe1ff50000 - 0x00007ffe2071f000 	C:\WINDOWS\System32\SHELL32.dll
0x00007ffe1cf50000 - 0x00007ffe1d7e5000 	C:\WINDOWS\SYSTEM32\windows.storage.dll
0x00007ffe1cdb0000 - 0x00007ffe1cf43000 	C:\WINDOWS\SYSTEM32\wintypes.dll
0x00007ffe20c10000 - 0x00007ffe20cfb000 	C:\WINDOWS\System32\SHCORE.dll
0x00007ffe210c0000 - 0x00007ffe2111d000 	C:\WINDOWS\System32\shlwapi.dll
0x00007ffe1ef80000 - 0x00007ffe1efa1000 	C:\WINDOWS\SYSTEM32\profapi.dll
0x00007ffdfea90000 - 0x00007ffdfeaa9000 	C:\Users\datea\.vscode\extensions\redhat.java-1.11.0-win32-x64\jre\17.0.4.1-win32-x86_64\bin\net.dll
0x00007ffe107e0000 - 0x00007ffe1090b000 	C:\WINDOWS\SYSTEM32\WINHTTP.dll
0x00007ffe1e4b0000 - 0x00007ffe1e519000 	C:\WINDOWS\system32\mswsock.dll
0x00007ffdfea70000 - 0x00007ffdfea85000 	C:\Users\datea\.vscode\extensions\redhat.java-1.11.0-win32-x64\jre\17.0.4.1-win32-x86_64\bin\nio.dll
0x00007ffdfddf0000 - 0x00007ffdfde00000 	c:\Users\datea\.vscode\extensions\redhat.java-1.11.0-win32-x64\jre\17.0.4.1-win32-x86_64\bin\verify.dll
0x00007ffe1c3e0000 - 0x00007ffe1c3e9000 	C:\Users\datea\.vscode\extensions\redhat.java-1.11.0-win32-x64\jre\17.0.4.1-win32-x86_64\bin\management.dll
0x00007ffe1c3d0000 - 0x00007ffe1c3db000 	C:\Users\datea\.vscode\extensions\redhat.java-1.11.0-win32-x64\jre\17.0.4.1-win32-x86_64\bin\management_ext.dll
0x00007ffe116b0000 - 0x00007ffe116c7000 	C:\WINDOWS\system32\napinsp.dll
0x00007ffe10060000 - 0x00007ffe1007a000 	C:\WINDOWS\system32\pnrpnsp.dll
0x00007ffddeeb0000 - 0x00007ffddeed1000 	C:\WINDOWS\system32\nlansp_c.dll
0x00007ffe1dad0000 - 0x00007ffe1dbcf000 	C:\WINDOWS\SYSTEM32\DNSAPI.dll
0x00007ffe1da60000 - 0x00007ffe1da8e000 	C:\WINDOWS\SYSTEM32\IPHLPAPI.DLL
0x00007ffe20730000 - 0x00007ffe20739000 	C:\WINDOWS\System32\NSI.dll
0x00007ffe10040000 - 0x00007ffe10051000 	C:\WINDOWS\System32\winrnr.dll
0x00007ffdef8a0000 - 0x00007ffdef8b5000 	C:\WINDOWS\system32\wshbth.dll
0x00007ffe107d0000 - 0x00007ffe107da000 	C:\Windows\System32\rasadhlp.dll
0x00007ffe10a30000 - 0x00007ffe10ab4000 	C:\WINDOWS\System32\fwpuclnt.dll
0x00007ffe1e730000 - 0x00007ffe1e74b000 	C:\WINDOWS\SYSTEM32\CRYPTSP.dll
0x00007ffe1df40000 - 0x00007ffe1df74000 	C:\WINDOWS\system32\rsaenh.dll
0x00007ffe1e5d0000 - 0x00007ffe1e5f8000 	C:\WINDOWS\SYSTEM32\USERENV.dll
0x00007ffe1e8f0000 - 0x00007ffe1e918000 	C:\WINDOWS\SYSTEM32\bcrypt.dll
0x00007ffe1e750000 - 0x00007ffe1e75c000 	C:\WINDOWS\SYSTEM32\CRYPTBASE.dll
0x00007ffe10990000 - 0x00007ffe109a9000 	C:\WINDOWS\SYSTEM32\dhcpcsvc6.DLL
0x00007ffe10960000 - 0x00007ffe1097f000 	C:\WINDOWS\SYSTEM32\dhcpcsvc.DLL

dbghelp: loaded successfully - version: 4.0.5 - missing functions: none
symbol engine: initialized successfully - sym options: 0x614 - pdb path: .;c:\Users\datea\.vscode\extensions\redhat.java-1.11.0-win32-x64\jre\17.0.4.1-win32-x86_64\bin;C:\WINDOWS\SYSTEM32;C:\WINDOWS\WinSxS\amd64_microsoft.windows.common-controls_6595b64144ccf1df_6.0.25217.1000_none_7b59e1e7f1b57804;c:\Users\datea\.vscode\extensions\redhat.java-1.11.0-win32-x64\jre\17.0.4.1-win32-x86_64\bin\server

VM Arguments:
jvm_args: -Dsts.lsp.client=vscode -Dsts.log.file=/dev/null -XX:TieredStopAtLevel=1 -Xlog:jni+resolve=off -Dspring.config.location=file:c:\Users\datea\.vscode\extensions\pivotal.vscode-spring-boot-1.39.0\language-server\BOOT-INF\classes\application.properties 
java_command: org.springframework.ide.vscode.boot.app.BootLanguageServerBootApp
java_class_path (initial): c:\Users\datea\.vscode\extensions\pivotal.vscode-spring-boot-1.39.0\language-server\BOOT-INF\classes;c:\Users\datea\.vscode\extensions\pivotal.vscode-spring-boot-1.39.0\language-server\BOOT-INF\lib\annotations-23.0.0.jar;c:\Users\datea\.vscode\extensions\pivotal.vscode-spring-boot-1.39.0\language-server\BOOT-INF\lib\antlr-runtime-3.5.2.jar;c:\Users\datea\.vscode\extensions\pivotal.vscode-spring-boot-1.39.0\language-server\BOOT-INF\lib\antlr4-4.9.3.jar;c:\Users\datea\.vscode\extensions\pivotal.vscode-spring-boot-1.39.0\language-server\BOOT-INF\lib\antlr4-runtime-4.9.3.jar;c:\Users\datea\.vscode\extensions\pivotal.vscode-spring-boot-1.39.0\language-server\BOOT-INF\lib\asm-9.3.jar;c:\Users\datea\.vscode\extensions\pivotal.vscode-spring-boot-1.39.0\language-server\BOOT-INF\lib\asm-analysis-9.3.jar;c:\Users\datea\.vscode\extensions\pivotal.vscode-spring-boot-1.39.0\language-server\BOOT-INF\lib\asm-tree-9.3.jar;c:\Users\datea\.vscode\extensions\pivotal.vscode-spring-boot-1.39.0\language-server\BOOT-INF\lib\asm-util-9.3.jar;c:\Users\datea\.vscode\extensions\pivotal.vscode-spring-boot-1.39.0\language-server\BOOT-INF\lib\byte-buddy-1.12.13.jar;c:\Users\datea\.vscode\extensions\pivotal.vscode-spring-boot-1.39.0\language-server\BOOT-INF\lib\caffeine-2.9.3.jar;c:\Users\datea\.vscode\extensions\pivotal.vscode-spring-boot-1.39.0\language-server\BOOT-INF\lib\checker-qual-3.12.0.jar;c:\Users\datea\.vscode\extensions\pivotal.vscode-spring-boot-1.39.0\language-server\BOOT-INF\lib\classgraph-4.8.149.jar;c:\Users\datea\.vscode\extensions\pivotal.vscode-spring-boot-1.39.0\language-server\BOOT-INF\lib\commons-codec-1.15.jar;c:\Users\datea\.vscode\extensions\pivotal.vscode-spring-boot-1.39.0\language-server\BOOT-INF\lib\commons-compress-1.21.jar;c:\Users\datea\.vscode\extensions\pivotal.vscode-spring-boot-1.39.0\language-server\BOOT-INF\lib\commons-exec-1.3.jar;c:\Users\datea\.vscode\extensions\pivotal.vscode-spring-boot-1.39.0\language-server\BOOT-INF\lib\com
Launcher Type: SUN_STANDARD

[Global flags]
     intx CICompilerCount                          = 4                                         {product} {ergonomic}
     uint ConcGCThreads                            = 2                                         {product} {ergonomic}
     uint G1ConcRefinementThreads                  = 8                                         {product} {ergonomic}
   size_t G1HeapRegionSize                         = 1048576                                   {product} {ergonomic}
    uintx GCDrainStackTargetSize                   = 64                                        {product} {ergonomic}
   size_t InitialHeapSize                          = 132120576                                 {product} {ergonomic}
   size_t MarkStackSize                            = 4194304                                   {product} {ergonomic}
   size_t MaxHeapSize                              = 2095054848                                {product} {ergonomic}
   size_t MaxNewSize                               = 1256194048                                {product} {ergonomic}
   size_t MinHeapDeltaBytes                        = 1048576                                   {product} {ergonomic}
   size_t MinHeapSize                              = 8388608                                   {product} {ergonomic}
    uintx NonProfiledCodeHeapSize                  = 0                                      {pd product} {ergonomic}
     bool ProfileInterpreter                       = false                                  {pd product} {command line}
    uintx ProfiledCodeHeapSize                     = 0                                      {pd product} {ergonomic}
   size_t SoftMaxHeapSize                          = 2095054848                             {manageable} {ergonomic}
     intx TieredStopAtLevel                        = 1                                         {product} {command line}
     bool UseCompressedClassPointers               = true                           {product lp64_product} {ergonomic}
     bool UseCompressedOops                        = true                           {product lp64_product} {ergonomic}
     bool UseG1GC                                  = true                                      {product} {ergonomic}
     bool UseLargePagesIndividualAllocation        = false                                  {pd product} {ergonomic}

Logging:
Log output configuration:
 #0: stdout all=warning,jni+resolve=off uptime,level,tags
 #1: stderr all=off uptime,level,tags

Environment Variables:
PATH=C:\Program Files\Java\jdk-15.0.2\bin;C:\Program Files\Common Files\Oracle\Java\javapath;C:\WINDOWS\system32;C:\WINDOWS;C:\WINDOWS\System32\Wbem;C:\WINDOWS\System32\WindowsPowerShell\v1.0\;C:\WINDOWS\System32\OpenSSH\;C:\Program Files\Azure Data Studio\bin;C:\Program Files\Microsoft SQL Server\Client SDK\ODBC\170\Tools\Binn\;C:\Program Files (x86)\Microsoft SQL Server\150\Tools\Binn\;C:\Program Files\Microsoft SQL Server\150\Tools\Binn\;C:\Program Files\Microsoft SQL Server\150\DTS\Binn\;C:\Program Files (x86)\Microsoft SQL Server\150\DTS\Binn\;C:\Program Files (x86)\GitExtensions\;F:\xampp\php;C:\ProgramData\ComposerSetup\bin;C:\xampp\php;C:\Program Files\Git\cmd;C:\Users\datea\AppData\Local\Microsoft\WindowsApps;C:\Users\datea\AppData\Local\Programs\Microsoft VS Code\bin;;C:\Program Files\Azure Data Studio\bin;C:\Users\datea\AppData\Roaming\Composer\vendor\bin
USERNAME=datea
OS=Windows_NT
PROCESSOR_IDENTIFIER=Intel64 Family 6 Model 126 Stepping 5, GenuineIntel
TMP=C:\Users\datea\AppData\Local\Temp
TEMP=C:\Users\datea\AppData\Local\Temp



---------------  S Y S T E M  ---------------

OS:
 Windows 11 , 64 bit Build 25217 (10.0.25217.1000)
OS uptime: 0 days 7:14 hours
Hyper-V role detected

CPU: total 8 (initial active 8) (4 cores per cpu, 2 threads per core) family 6 model 126 stepping 5 microcode 0xa6, cx8, cmov, fxsr, ht, mmx, 3dnowpref, sse, sse2, sse3, ssse3, sse4.1, sse4.2, popcnt, lzcnt, tsc, tscinvbit, avx, avx2, aes, erms, clmul, bmi1, bmi2, adx, avx512f, avx512dq, avx512cd, avx512bw, avx512vl, sha, fma, vzeroupper, avx512_vpopcntdq, avx512_vpclmulqdq, avx512_vaes, avx512_vnni, clflush, clflushopt, avx512_vbmi2, avx512_vbmi, hv

Memory: 4k page, system-wide physical 7987M (595M free)
TotalPageFile size 12083M (AvailPageFile size 160M)
current process WorkingSet (physical memory assigned to process): 211M, peak: 215M
current process commit charge ("private bytes"): 273M, peak: 441M

vm_info: OpenJDK 64-Bit Server VM (17.0.4.1+1) for windows-amd64 JRE (17.0.4.1+1), built on Aug 17 2022 07:42:43 by "temurin" with MS VC++ 16.7 (VS2019)

END.
