#
# There is insufficient memory for the Java Runtime Environment to continue.
# Native memory allocation (mmap) failed to map 293601280 bytes for G1 virtual space
# Possible reasons:
#   The system is out of physical RAM or swap space
#   The process is running with CompressedOops enabled, and the Java Heap may be blocking the growth of the native heap
# Possible solutions:
#   Reduce memory load on the system
#   Increase physical memory or swap space
#   Check if swap backing store is full
#   Decrease Java heap size (-Xmx/-Xms)
#   Decrease number of Java threads
#   Decrease Java thread stack sizes (-Xss)
#   Set larger code cache with -XX:ReservedCodeCacheSize=
#   JVM is running with Unscaled Compressed Oops mode in which the Java heap is
#     placed in the first 4GB address space. The Java Heap base address is the
#     maximum limit for the native heap growth. Please use -XX:HeapBaseMinAddress
#     to set the Java Heap base and to place the Java Heap above 4GB virtual address.
# This output file may be truncated or incomplete.
#
#  Out of Memory Error (os_windows.cpp:3541), pid=16880, tid=49076
#
# JRE version: OpenJDK Runtime Environment Temurin-17.0.4.1+1 (17.0.4.1+1) (build 17.0.4.1+1)
# Java VM: OpenJDK 64-Bit Server VM Temurin-17.0.4.1+1 (17.0.4.1+1, mixed mode, emulated-client, tiered, compressed oops, compressed class ptrs, g1 gc, windows-amd64)
# No core dump will be written. Minidumps are not enabled by default on client versions of Windows
#

---------------  S U M M A R Y ------------

Command Line: -Dsts.lsp.client=vscode -Dsts.log.file=/dev/null -XX:TieredStopAtLevel=1 -Xlog:jni+resolve=off -Dspring.config.location=file:c:\Users\datea\.vscode\extensions\pivotal.vscode-spring-boot-1.39.0\language-server\BOOT-INF\classes\application.properties org.springframework.ide.vscode.boot.app.BootLanguageServerBootApp

Host: Intel(R) Core(TM) i5-1035G1 CPU @ 1.00GHz, 8 cores, 7G,  Windows 11 , 64 bit Build 25217 (10.0.25217.1000)
Time: Tue Oct 11 11:21:54 2022 SE Asia Standard Time elapsed time: 10.063979 seconds (0d 0h 0m 10s)

---------------  T H R E A D  ---------------

Current thread (0x00000209e02f1780):  VMThread "VM Thread" [stack: 0x00000038a8300000,0x00000038a8400000] [id=49076]

Stack: [0x00000038a8300000,0x00000038a8400000]
Native frames: (J=compiled Java code, j=interpreted, Vv=VM code, C=native code)
V  [jvm.dll+0x67731a]
V  [jvm.dll+0x832284]
V  [jvm.dll+0x833a2e]
V  [jvm.dll+0x834093]
V  [jvm.dll+0x245775]
V  [jvm.dll+0x674209]
V  [jvm.dll+0x668a92]
V  [jvm.dll+0x30471b]
V  [jvm.dll+0x30bc66]
V  [jvm.dll+0x35ba9e]
V  [jvm.dll+0x35bccf]
V  [jvm.dll+0x2db5b8]
V  [jvm.dll+0x2d986c]
V  [jvm.dll+0x2d8e3c]
V  [jvm.dll+0x31cd9b]
V  [jvm.dll+0x83853b]
V  [jvm.dll+0x839274]
V  [jvm.dll+0x83978c]
V  [jvm.dll+0x839b64]
V  [jvm.dll+0x839c30]
V  [jvm.dll+0x7e240a]
V  [jvm.dll+0x6761a5]
C  [ucrtbase.dll+0x4b7eb]
C  [KERNEL32.DLL+0x1484d]
C  [ntdll.dll+0x67558]

VM_Operation (0x00000038aa9fe1b0): G1CollectForAllocation, mode: safepoint, requested by thread 0x00000209e2e0fb00


---------------  P R O C E S S  ---------------

Threads class SMR info:
_java_thread_list=0x00000209e496fb00, length=42, elements={
0x00000209e0c012d0, 0x00000209e0c02530, 0x00000209e0314760, 0x00000209e0315220,
0x00000209e0315ff0, 0x00000209e0c31550, 0x00000209e0c54d90, 0x00000209e0c39ce0,
0x00000209e0e345e0, 0x00000209e0e432e0, 0x00000209e0c33bd0, 0x00000209e0c31a20,
0x00000209e178b030, 0x00000209e0c32890, 0x00000209e0c34a40, 0x00000209e0c33230,
0x00000209e0c34f10, 0x00000209e0c31ef0, 0x00000209e0c323c0, 0x00000209e0c340a0,
0x00000209e0c33700, 0x00000209e0c32d60, 0x00000209e0c34570, 0x00000209e2e10e40,
0x00000209e2e14330, 0x00000209e2e15670, 0x00000209e2e13990, 0x00000209e2e0f630,
0x00000209e2e0fb00, 0x00000209e2e11310, 0x00000209e2e15b40, 0x00000209e2e14cd0,
0x00000209e2e12b20, 0x00000209e2e10970, 0x00000209e2e117e0, 0x00000209e2e12180,
0x00000209e2e12ff0, 0x00000209e2e164e0, 0x00000209e2e0ffd0, 0x00000209e2e104a0,
0x00000209e2e12650, 0x00000209e2e11cb0
}

Java Threads: ( => current thread )
  0x00000209e0c012d0 JavaThread "Reference Handler" daemon [_thread_blocked, id=44092, stack(0x00000038a8400000,0x00000038a8500000)]
  0x00000209e0c02530 JavaThread "Finalizer" daemon [_thread_blocked, id=10928, stack(0x00000038a8500000,0x00000038a8600000)]
  0x00000209e0314760 JavaThread "Signal Dispatcher" daemon [_thread_blocked, id=45768, stack(0x00000038a8600000,0x00000038a8700000)]
  0x00000209e0315220 JavaThread "Attach Listener" daemon [_thread_blocked, id=49812, stack(0x00000038a8700000,0x00000038a8800000)]
  0x00000209e0315ff0 JavaThread "Service Thread" daemon [_thread_blocked, id=49996, stack(0x00000038a8800000,0x00000038a8900000)]
  0x00000209e0c31550 JavaThread "Monitor Deflation Thread" daemon [_thread_blocked, id=7316, stack(0x00000038a8900000,0x00000038a8a00000)]
  0x00000209e0c54d90 JavaThread "C1 CompilerThread0" daemon [_thread_blocked, id=14752, stack(0x00000038a8a00000,0x00000038a8b00000)]
  0x00000209e0c39ce0 JavaThread "Sweeper thread" daemon [_thread_blocked, id=48228, stack(0x00000038a8b00000,0x00000038a8c00000)]
  0x00000209e0e345e0 JavaThread "C1 CompilerThread1" daemon [_thread_blocked, id=14492, stack(0x00000038a8c00000,0x00000038a8d00000)]
  0x00000209e0e432e0 JavaThread "C1 CompilerThread2" daemon [_thread_blocked, id=40720, stack(0x00000038a8d00000,0x00000038a8e00000)]
  0x00000209e0c33bd0 JavaThread "Notification Thread" daemon [_thread_blocked, id=14548, stack(0x00000038a8e00000,0x00000038a8f00000)]
  0x00000209e0c31a20 JavaThread "Common-Cleaner" daemon [_thread_blocked, id=1608, stack(0x00000038a9000000,0x00000038a9100000)]
  0x00000209e178b030 JavaThread "C1 CompilerThread3" daemon [_thread_blocked, id=38348, stack(0x00000038a9100000,0x00000038a9200000)]
  0x00000209e0c32890 JavaThread "boundedElastic-evictor-1" daemon [_thread_blocked, id=14932, stack(0x00000038a9700000,0x00000038a9800000)]
  0x00000209e0c34a40 JavaThread "ForkJoinPool.commonPool-worker-1" daemon [_thread_blocked, id=47112, stack(0x00000038a9b00000,0x00000038a9c00000)]
  0x00000209e0c33230 JavaThread "ClassGraph-worker-0" daemon [_thread_blocked, id=41072, stack(0x00000038a9c00000,0x00000038a9d00000)]
  0x00000209e0c34f10 JavaThread "ClassGraph-worker-1" daemon [_thread_blocked, id=42540, stack(0x00000038a9d00000,0x00000038a9e00000)]
  0x00000209e0c31ef0 JavaThread "ClassGraph-worker-2" daemon [_thread_blocked, id=21336, stack(0x00000038a9e00000,0x00000038a9f00000)]
  0x00000209e0c323c0 JavaThread "ClassGraph-worker-3" daemon [_thread_blocked, id=49732, stack(0x00000038a9f00000,0x00000038aa000000)]
  0x00000209e0c340a0 JavaThread "ClassGraph-worker-4" daemon [_thread_blocked, id=15860, stack(0x00000038aa000000,0x00000038aa100000)]
  0x00000209e0c33700 JavaThread "ClassGraph-worker-5" daemon [_thread_blocked, id=15560, stack(0x00000038aa100000,0x00000038aa200000)]
  0x00000209e0c32d60 JavaThread "ClassGraph-worker-6" daemon [_thread_blocked, id=6196, stack(0x00000038aa200000,0x00000038aa300000)]
  0x00000209e0c34570 JavaThread "ClassGraph-worker-7" daemon [_thread_blocked, id=49316, stack(0x00000038aa300000,0x00000038aa400000)]
  0x00000209e2e10e40 JavaThread "ClassGraph-worker-8" daemon [_thread_blocked, id=7852, stack(0x00000038aa400000,0x00000038aa500000)]
  0x00000209e2e14330 JavaThread "ClassGraph-worker-9" daemon [_thread_blocked, id=2748, stack(0x00000038aa500000,0x00000038aa600000)]
  0x00000209e2e15670 JavaThread "ClassGraph-worker-10" daemon [_thread_blocked, id=49388, stack(0x00000038aa600000,0x00000038aa700000)]
  0x00000209e2e13990 JavaThread "ClassGraph-worker-11" daemon [_thread_blocked, id=17248, stack(0x00000038aa700000,0x00000038aa800000)]
  0x00000209e2e0f630 JavaThread "ClassGraph-worker-12" daemon [_thread_blocked, id=49236, stack(0x00000038aa800000,0x00000038aa900000)]
  0x00000209e2e0fb00 JavaThread "ClassGraph-worker-13" daemon [_thread_blocked, id=19424, stack(0x00000038aa900000,0x00000038aaa00000)]
  0x00000209e2e11310 JavaThread "pool-9-thread-1" [_thread_blocked, id=34644, stack(0x00000038aaa00000,0x00000038aab00000)]
  0x00000209e2e15b40 JavaThread "LanguageServerApp-lifecycle" [_thread_blocked, id=14888, stack(0x00000038aab00000,0x00000038aac00000)]
  0x00000209e2e14cd0 JavaThread "DestroyJavaVM" [_thread_blocked, id=43620, stack(0x00000038a7d00000,0x00000038a7e00000)]
  0x00000209e2e12b20 JavaThread "pool-10-thread-1" [_thread_in_native, id=43336, stack(0x00000038aac00000,0x00000038aad00000)]
  0x00000209e2e10970 JavaThread "Simple-Language-Server main thread" daemon [_thread_blocked, id=39644, stack(0x00000038aad00000,0x00000038aae00000)]
  0x00000209e2e117e0 JavaThread "pool-7-thread-1" [_thread_blocked, id=18352, stack(0x00000038aae00000,0x00000038aaf00000)]
  0x00000209e2e12180 JavaThread "parallel-1" daemon [_thread_blocked, id=39704, stack(0x00000038aaf00000,0x00000038ab000000)]
  0x00000209e2e12ff0 JavaThread "parallel-2" daemon [_thread_blocked, id=42212, stack(0x00000038ab000000,0x00000038ab100000)]
  0x00000209e2e164e0 JavaThread "Reconciler-1" daemon [_thread_blocked, id=13920, stack(0x00000038ab100000,0x00000038ab200000)]
  0x00000209e2e0ffd0 JavaThread "pool-4-thread-1" [_thread_blocked, id=10136, stack(0x00000038ab200000,0x00000038ab300000)]
  0x00000209e2e104a0 JavaThread "ForkJoinPool.commonPool-worker-2" daemon [_thread_blocked, id=2340, stack(0x00000038ab300000,0x00000038ab400000)]
  0x00000209e2e12650 JavaThread "pool-4-thread-2" [_thread_blocked, id=39436, stack(0x00000038ab400000,0x00000038ab500000)]
  0x00000209e2e11cb0 JavaThread "parallel-3" daemon [_thread_blocked, id=10160, stack(0x00000038ab500000,0x00000038ab600000)]

Other Threads:
=>0x00000209e02f1780 VMThread "VM Thread" [stack: 0x00000038a8300000,0x00000038a8400000] [id=49076]
  0x00000209e0e59240 WatcherThread [stack: 0x00000038a8f00000,0x00000038a9000000] [id=45516]
  0x00000209d307fbe0 GCTaskThread "GC Thread#0" [stack: 0x00000038a7e00000,0x00000038a7f00000] [id=5732]
  0x00000209e18b4700 GCTaskThread "GC Thread#1" [stack: 0x00000038a9200000,0x00000038a9300000] [id=48500]
  0x00000209e18b4db0 GCTaskThread "GC Thread#2" [stack: 0x00000038a9300000,0x00000038a9400000] [id=13744]
  0x00000209e18baff0 GCTaskThread "GC Thread#3" [stack: 0x00000038a9400000,0x00000038a9500000] [id=44808]
  0x00000209e18bb2a0 GCTaskThread "GC Thread#4" [stack: 0x00000038a9500000,0x00000038a9600000] [id=43060]
  0x00000209e18bb550 GCTaskThread "GC Thread#5" [stack: 0x00000038a9600000,0x00000038a9700000] [id=37720]
  0x00000209e25f8010 GCTaskThread "GC Thread#6" [stack: 0x00000038a9800000,0x00000038a9900000] [id=43660]
  0x00000209e25f84d0 GCTaskThread "GC Thread#7" [stack: 0x00000038a9900000,0x00000038a9a00000] [id=27084]
  0x00000209d3091400 ConcurrentGCThread "G1 Main Marker" [stack: 0x00000038a7f00000,0x00000038a8000000] [id=49536]
  0x00000209d3091d20 ConcurrentGCThread "G1 Conc#0" [stack: 0x00000038a8000000,0x00000038a8100000] [id=37980]
  0x00000209e279ae90 ConcurrentGCThread "G1 Conc#1" [stack: 0x00000038a9a00000,0x00000038a9b00000] [id=16716]
  0x00000209e0159ca0 ConcurrentGCThread "G1 Refine#0" [stack: 0x00000038a8100000,0x00000038a8200000] [id=49816]
  0x00000209e015a4d0 ConcurrentGCThread "G1 Service" [stack: 0x00000038a8200000,0x00000038a8300000] [id=49016]

Threads with active compile tasks:

VM state: at safepoint (normal execution)

VM Mutex/Monitor currently owned by a thread:  ([mutex/lock_event])
[0x00000209d0f43600] Threads_lock - owner thread: 0x00000209e02f1780
[0x00000209d3020dc0] Heap_lock - owner thread: 0x00000209e2e0fb00

Heap address: 0x0000000083200000, size: 1998 MB, Compressed Oops mode: 32-bit

CDS archive(s) not mapped
Compressed class space mapped at: 0x0000000100000000-0x0000000140000000, reserved size: 1073741824
Narrow klass base: 0x0000000000000000, Narrow klass shift: 3, Narrow klass range: 0x140000000

GC Precious Log:
 CPUs: 8 total, 8 available
 Memory: 7987M
 Large Page Support: Disabled
 NUMA Support: Disabled
 Compressed Oops: Enabled (32-bit)
 Heap Region Size: 1M
 Heap Min Capacity: 8M
 Heap Initial Capacity: 126M
 Heap Max Capacity: 1998M
 Pre-touch: Disabled
 Parallel Workers: 8
 Concurrent Workers: 2
 Concurrent Refinement Workers: 8
 Periodic GC: Disabled

Heap:
 garbage-first heap   total 206848K, used 77165K [0x0000000083200000, 0x0000000100000000)
  region size 1024K, 10 young (10240K), 10 survivors (10240K)
 Metaspace       used 37590K, committed 37888K, reserved 1089536K
  class space    used 4846K, committed 4992K, reserved 1048576K

Heap Regions: E=young(eden), S=young(survivor), O=old, HS=humongous(starts), HC=humongous(continues), CS=collection set, F=free, OA=open archive, CA=closed archive, TAMS=top-at-mark-start (previous, next)
|   0|0x0000000083200000, 0x0000000083300000, 0x0000000083300000|100%| O|  |TAMS 0x0000000083300000, 0x0000000083200000| Untracked 
|   1|0x0000000083300000, 0x0000000083400000, 0x0000000083400000|100%| O|  |TAMS 0x0000000083400000, 0x0000000083300000| Untracked 
|   2|0x0000000083400000, 0x0000000083500000, 0x0000000083500000|100%| O|  |TAMS 0x0000000083500000, 0x0000000083400000| Untracked 
|   3|0x0000000083500000, 0x0000000083600000, 0x0000000083600000|100%| O|  |TAMS 0x0000000083600000, 0x0000000083500000| Untracked 
|   4|0x0000000083600000, 0x0000000083700000, 0x0000000083700000|100%| O|  |TAMS 0x0000000083700000, 0x0000000083600000| Untracked 
|   5|0x0000000083700000, 0x0000000083800000, 0x0000000083800000|100%| O|  |TAMS 0x0000000083800000, 0x0000000083700000| Untracked 
|   6|0x0000000083800000, 0x0000000083900000, 0x0000000083900000|100%| O|  |TAMS 0x0000000083900000, 0x0000000083800000| Untracked 
|   7|0x0000000083900000, 0x0000000083a00000, 0x0000000083a00000|100%| O|  |TAMS 0x0000000083a00000, 0x0000000083900000| Untracked 
|   8|0x0000000083a00000, 0x0000000083b00000, 0x0000000083b00000|100%| O|  |TAMS 0x0000000083a00000, 0x0000000083a00000| Untracked 
|   9|0x0000000083b00000, 0x0000000083c00000, 0x0000000083c00000|100%| O|  |TAMS 0x0000000083c00000, 0x0000000083b00000| Untracked 
|  10|0x0000000083c00000, 0x0000000083d00000, 0x0000000083d00000|100%| O|  |TAMS 0x0000000083d00000, 0x0000000083c00000| Untracked 
|  11|0x0000000083d00000, 0x0000000083e00000, 0x0000000083e00000|100%| O|  |TAMS 0x0000000083e00000, 0x0000000083d00000| Untracked 
|  12|0x0000000083e00000, 0x0000000083f00000, 0x0000000083f00000|100%| O|  |TAMS 0x0000000083f00000, 0x0000000083e00000| Untracked 
|  13|0x0000000083f00000, 0x0000000084000000, 0x0000000084000000|100%| O|  |TAMS 0x0000000084000000, 0x0000000083f00000| Untracked 
|  14|0x0000000084000000, 0x0000000084100000, 0x0000000084100000|100%| O|  |TAMS 0x0000000084100000, 0x0000000084000000| Untracked 
|  15|0x0000000084100000, 0x0000000084200000, 0x0000000084200000|100%| O|  |TAMS 0x0000000084200000, 0x0000000084100000| Untracked 
|  16|0x0000000084200000, 0x0000000084300000, 0x0000000084300000|100%| O|  |TAMS 0x0000000084300000, 0x0000000084200000| Untracked 
|  17|0x0000000084300000, 0x0000000084400000, 0x0000000084400000|100%| O|  |TAMS 0x0000000084400000, 0x0000000084300000| Untracked 
|  18|0x0000000084400000, 0x0000000084500000, 0x0000000084500000|100%| O|  |TAMS 0x0000000084500000, 0x0000000084400000| Untracked 
|  19|0x0000000084500000, 0x0000000084600000, 0x0000000084600000|100%| O|  |TAMS 0x0000000084600000, 0x0000000084500000| Untracked 
|  20|0x0000000084600000, 0x0000000084700000, 0x0000000084700000|100%| O|  |TAMS 0x0000000084700000, 0x0000000084600000| Untracked 
|  21|0x0000000084700000, 0x0000000084800000, 0x0000000084800000|100%| O|  |TAMS 0x0000000084800000, 0x0000000084700000| Untracked 
|  22|0x0000000084800000, 0x0000000084900000, 0x0000000084900000|100%| O|  |TAMS 0x0000000084900000, 0x0000000084800000| Untracked 
|  23|0x0000000084900000, 0x0000000084a00000, 0x0000000084a00000|100%| O|  |TAMS 0x0000000084a00000, 0x0000000084900000| Untracked 
|  24|0x0000000084a00000, 0x0000000084b00000, 0x0000000084b00000|100%| O|  |TAMS 0x0000000084b00000, 0x0000000084a00000| Untracked 
|  25|0x0000000084b00000, 0x0000000084c00000, 0x0000000084c00000|100%| O|  |TAMS 0x0000000084c00000, 0x0000000084b00000| Untracked 
|  26|0x0000000084c00000, 0x0000000084d00000, 0x0000000084d00000|100%| O|  |TAMS 0x0000000084d00000, 0x0000000084c00000| Untracked 
|  27|0x0000000084d00000, 0x0000000084e00000, 0x0000000084e00000|100%| O|  |TAMS 0x0000000084e00000, 0x0000000084d00000| Untracked 
|  28|0x0000000084e00000, 0x0000000084f00000, 0x0000000084f00000|100%| O|  |TAMS 0x0000000084f00000, 0x0000000084e00000| Untracked 
|  29|0x0000000084f00000, 0x0000000085000000, 0x0000000085000000|100%| O|  |TAMS 0x0000000085000000, 0x0000000084f00000| Untracked 
|  30|0x0000000085000000, 0x0000000085100000, 0x0000000085100000|100%| O|  |TAMS 0x0000000085100000, 0x0000000085000000| Untracked 
|  31|0x0000000085100000, 0x0000000085200000, 0x0000000085200000|100%| O|  |TAMS 0x0000000085200000, 0x0000000085100000| Untracked 
|  32|0x0000000085200000, 0x0000000085300000, 0x0000000085300000|100%| O|  |TAMS 0x0000000085300000, 0x0000000085200000| Untracked 
|  33|0x0000000085300000, 0x0000000085400000, 0x0000000085400000|100%| O|  |TAMS 0x0000000085400000, 0x0000000085300000| Untracked 
|  34|0x0000000085400000, 0x0000000085500000, 0x0000000085500000|100%| O|  |TAMS 0x0000000085500000, 0x0000000085400000| Untracked 
|  35|0x0000000085500000, 0x0000000085600000, 0x0000000085600000|100%| O|  |TAMS 0x0000000085600000, 0x0000000085500000| Untracked 
|  36|0x0000000085600000, 0x0000000085700000, 0x0000000085700000|100%| O|  |TAMS 0x0000000085700000, 0x0000000085600000| Untracked 
|  37|0x0000000085700000, 0x0000000085800000, 0x0000000085800000|100%| O|  |TAMS 0x0000000085800000, 0x0000000085700000| Untracked 
|  38|0x0000000085800000, 0x0000000085900000, 0x0000000085900000|100%| O|  |TAMS 0x0000000085900000, 0x0000000085800000| Untracked 
|  39|0x0000000085900000, 0x0000000085a00000, 0x0000000085a00000|100%| O|  |TAMS 0x0000000085a00000, 0x0000000085900000| Untracked 
|  40|0x0000000085a00000, 0x0000000085b00000, 0x0000000085b00000|100%| O|  |TAMS 0x0000000085b00000, 0x0000000085a00000| Untracked 
|  41|0x0000000085b00000, 0x0000000085c00000, 0x0000000085c00000|100%| O|  |TAMS 0x0000000085c00000, 0x0000000085b00000| Untracked 
|  42|0x0000000085c00000, 0x0000000085d00000, 0x0000000085d00000|100%| O|  |TAMS 0x0000000085c8f000, 0x0000000085c00000| Untracked 
|  43|0x0000000085d00000, 0x0000000085e00000, 0x0000000085e00000|100%| O|  |TAMS 0x0000000085d00000, 0x0000000085d00000| Untracked 
|  44|0x0000000085e00000, 0x0000000085f00000, 0x0000000085f00000|100%| O|  |TAMS 0x0000000085e00000, 0x0000000085e00000| Untracked 
|  45|0x0000000085f00000, 0x0000000086000000, 0x0000000086000000|100%| O|  |TAMS 0x0000000085f00000, 0x0000000085f00000| Untracked 
|  46|0x0000000086000000, 0x0000000086100000, 0x0000000086100000|100%| O|  |TAMS 0x0000000086000000, 0x0000000086000000| Untracked 
|  47|0x0000000086100000, 0x0000000086200000, 0x0000000086200000|100%|HS|  |TAMS 0x0000000086100000, 0x0000000086100000| Complete 
|  48|0x0000000086200000, 0x0000000086300000, 0x0000000086300000|100%|HS|  |TAMS 0x0000000086200000, 0x0000000086200000| Complete 
|  49|0x0000000086300000, 0x0000000086400000, 0x0000000086400000|100%| O|  |TAMS 0x0000000086300000, 0x0000000086300000| Untracked 
|  50|0x0000000086400000, 0x0000000086500000, 0x0000000086500000|100%| O|  |TAMS 0x0000000086400000, 0x0000000086400000| Untracked 
|  51|0x0000000086500000, 0x0000000086600000, 0x0000000086600000|100%| O|  |TAMS 0x0000000086500000, 0x0000000086500000| Untracked 
|  52|0x0000000086600000, 0x0000000086700000, 0x0000000086700000|100%| O|  |TAMS 0x0000000086600000, 0x0000000086600000| Untracked 
|  53|0x0000000086700000, 0x0000000086800000, 0x0000000086800000|100%| O|  |TAMS 0x0000000086700000, 0x0000000086700000| Untracked 
|  54|0x0000000086800000, 0x0000000086900000, 0x0000000086900000|100%| O|  |TAMS 0x0000000086800000, 0x0000000086800000| Untracked 
|  55|0x0000000086900000, 0x0000000086a00000, 0x0000000086a00000|100%| O|  |TAMS 0x0000000086900000, 0x0000000086900000| Untracked 
|  56|0x0000000086a00000, 0x0000000086b00000, 0x0000000086b00000|100%| O|  |TAMS 0x0000000086a00000, 0x0000000086a00000| Untracked 
|  57|0x0000000086b00000, 0x0000000086c00000, 0x0000000086c00000|100%| O|  |TAMS 0x0000000086b00000, 0x0000000086b00000| Untracked 
|  58|0x0000000086c00000, 0x0000000086d00000, 0x0000000086d00000|100%| O|  |TAMS 0x0000000086c00000, 0x0000000086c00000| Untracked 
|  59|0x0000000086d00000, 0x0000000086e00000, 0x0000000086e00000|100%| O|  |TAMS 0x0000000086d00000, 0x0000000086d00000| Untracked 
|  60|0x0000000086e00000, 0x0000000086f00000, 0x0000000086f00000|100%| O|  |TAMS 0x0000000086e00000, 0x0000000086e00000| Untracked 
|  61|0x0000000086f00000, 0x0000000087000000, 0x0000000087000000|100%| O|  |TAMS 0x0000000086f00000, 0x0000000086f00000| Untracked 
|  62|0x0000000087000000, 0x0000000087100000, 0x0000000087100000|100%| O|  |TAMS 0x0000000087000000, 0x0000000087000000| Untracked 
|  63|0x0000000087100000, 0x0000000087200000, 0x0000000087200000|100%| O|  |TAMS 0x0000000087100000, 0x0000000087100000| Untracked 
|  64|0x0000000087200000, 0x0000000087300000, 0x0000000087300000|100%| O|  |TAMS 0x0000000087200000, 0x0000000087200000| Untracked 
|  65|0x0000000087300000, 0x0000000087400000, 0x0000000087400000|100%| O|  |TAMS 0x0000000087300000, 0x0000000087300000| Untracked 
|  66|0x0000000087400000, 0x0000000087435600, 0x0000000087500000| 20%| O|  |TAMS 0x0000000087400000, 0x0000000087400000| Untracked 
|  67|0x0000000087500000, 0x0000000087500000, 0x0000000087600000|  0%| F|  |TAMS 0x0000000087500000, 0x0000000087500000| Untracked 
|  68|0x0000000087600000, 0x0000000087600000, 0x0000000087700000|  0%| F|  |TAMS 0x0000000087600000, 0x0000000087600000| Untracked 
|  69|0x0000000087700000, 0x0000000087700000, 0x0000000087800000|  0%| F|  |TAMS 0x0000000087700000, 0x0000000087700000| Untracked 
|  70|0x0000000087800000, 0x0000000087800000, 0x0000000087900000|  0%| F|  |TAMS 0x0000000087800000, 0x0000000087800000| Untracked 
|  71|0x0000000087900000, 0x0000000087900000, 0x0000000087a00000|  0%| F|  |TAMS 0x0000000087900000, 0x0000000087900000| Untracked 
|  72|0x0000000087a00000, 0x0000000087a00000, 0x0000000087b00000|  0%| F|  |TAMS 0x0000000087a00000, 0x0000000087a00000| Untracked 
|  73|0x0000000087b00000, 0x0000000087b00000, 0x0000000087c00000|  0%| F|  |TAMS 0x0000000087b00000, 0x0000000087b00000| Untracked 
|  74|0x0000000087c00000, 0x0000000087c00000, 0x0000000087d00000|  0%| F|  |TAMS 0x0000000087c00000, 0x0000000087c00000| Untracked 
|  75|0x0000000087d00000, 0x0000000087d00000, 0x0000000087e00000|  0%| F|  |TAMS 0x0000000087d00000, 0x0000000087d00000| Untracked 
|  76|0x0000000087e00000, 0x0000000087e00000, 0x0000000087f00000|  0%| F|  |TAMS 0x0000000087e00000, 0x0000000087e00000| Untracked 
|  77|0x0000000087f00000, 0x0000000087f00000, 0x0000000088000000|  0%| F|  |TAMS 0x0000000087f00000, 0x0000000087f00000| Untracked 
|  78|0x0000000088000000, 0x0000000088000000, 0x0000000088100000|  0%| F|  |TAMS 0x0000000088000000, 0x0000000088000000| Untracked 
|  79|0x0000000088100000, 0x0000000088100000, 0x0000000088200000|  0%| F|  |TAMS 0x0000000088100000, 0x0000000088100000| Untracked 
|  80|0x0000000088200000, 0x0000000088200000, 0x0000000088300000|  0%| F|  |TAMS 0x0000000088200000, 0x0000000088200000| Untracked 
|  81|0x0000000088300000, 0x0000000088300000, 0x0000000088400000|  0%| F|  |TAMS 0x0000000088300000, 0x0000000088300000| Untracked 
|  82|0x0000000088400000, 0x0000000088400000, 0x0000000088500000|  0%| F|  |TAMS 0x0000000088400000, 0x0000000088400000| Untracked 
|  83|0x0000000088500000, 0x0000000088500000, 0x0000000088600000|  0%| F|  |TAMS 0x0000000088500000, 0x0000000088500000| Untracked 
|  84|0x0000000088600000, 0x0000000088600000, 0x0000000088700000|  0%| F|  |TAMS 0x0000000088600000, 0x0000000088600000| Untracked 
|  85|0x0000000088700000, 0x0000000088700000, 0x0000000088800000|  0%| F|  |TAMS 0x0000000088700000, 0x0000000088700000| Untracked 
|  86|0x0000000088800000, 0x0000000088800000, 0x0000000088900000|  0%| F|  |TAMS 0x0000000088800000, 0x0000000088800000| Untracked 
|  87|0x0000000088900000, 0x0000000088900000, 0x0000000088a00000|  0%| F|  |TAMS 0x0000000088900000, 0x0000000088900000| Untracked 
|  88|0x0000000088a00000, 0x0000000088a00000, 0x0000000088b00000|  0%| F|  |TAMS 0x0000000088a00000, 0x0000000088a00000| Untracked 
|  89|0x0000000088b00000, 0x0000000088b00000, 0x0000000088c00000|  0%| F|  |TAMS 0x0000000088b00000, 0x0000000088b00000| Untracked 
|  90|0x0000000088c00000, 0x0000000088c00000, 0x0000000088d00000|  0%| F|  |TAMS 0x0000000088c00000, 0x0000000088c00000| Untracked 
|  91|0x0000000088d00000, 0x0000000088d00000, 0x0000000088e00000|  0%| F|  |TAMS 0x0000000088d00000, 0x0000000088d00000| Untracked 
|  92|0x0000000088e00000, 0x0000000088e00000, 0x0000000088f00000|  0%| F|  |TAMS 0x0000000088e00000, 0x0000000088e00000| Untracked 
|  93|0x0000000088f00000, 0x0000000088f00000, 0x0000000089000000|  0%| F|  |TAMS 0x0000000088f00000, 0x0000000088f00000| Untracked 
|  94|0x0000000089000000, 0x0000000089000000, 0x0000000089100000|  0%| F|  |TAMS 0x0000000089000000, 0x0000000089000000| Untracked 
|  95|0x0000000089100000, 0x0000000089100000, 0x0000000089200000|  0%| F|  |TAMS 0x0000000089100000, 0x0000000089100000| Untracked 
|  96|0x0000000089200000, 0x0000000089200000, 0x0000000089300000|  0%| F|  |TAMS 0x0000000089200000, 0x0000000089200000| Untracked 
|  97|0x0000000089300000, 0x0000000089300000, 0x0000000089400000|  0%| F|  |TAMS 0x0000000089300000, 0x0000000089300000| Untracked 
|  98|0x0000000089400000, 0x0000000089400000, 0x0000000089500000|  0%| F|  |TAMS 0x0000000089400000, 0x0000000089400000| Untracked 
|  99|0x0000000089500000, 0x0000000089500000, 0x0000000089600000|  0%| F|  |TAMS 0x0000000089500000, 0x0000000089500000| Untracked 
| 100|0x0000000089600000, 0x0000000089600000, 0x0000000089700000|  0%| F|  |TAMS 0x0000000089600000, 0x0000000089600000| Untracked 
| 101|0x0000000089700000, 0x0000000089700000, 0x0000000089800000|  0%| F|  |TAMS 0x0000000089700000, 0x0000000089700000| Untracked 
| 102|0x0000000089800000, 0x0000000089800000, 0x0000000089900000|  0%| F|  |TAMS 0x0000000089800000, 0x0000000089800000| Untracked 
| 103|0x0000000089900000, 0x0000000089926158, 0x0000000089a00000| 14%| S|CS|TAMS 0x0000000089900000, 0x0000000089900000| Complete 
| 104|0x0000000089a00000, 0x0000000089b00000, 0x0000000089b00000|100%| S|CS|TAMS 0x0000000089a00000, 0x0000000089a00000| Complete 
| 105|0x0000000089b00000, 0x0000000089c00000, 0x0000000089c00000|100%| S|CS|TAMS 0x0000000089b00000, 0x0000000089b00000| Complete 
| 106|0x0000000089c00000, 0x0000000089c00000, 0x0000000089d00000|  0%| F|  |TAMS 0x0000000089c00000, 0x0000000089c00000| Untracked 
| 107|0x0000000089d00000, 0x0000000089d00000, 0x0000000089e00000|  0%| F|  |TAMS 0x0000000089d00000, 0x0000000089d00000| Untracked 
| 108|0x0000000089e00000, 0x0000000089e00000, 0x0000000089f00000|  0%| F|  |TAMS 0x0000000089e00000, 0x0000000089e00000| Untracked 
| 109|0x0000000089f00000, 0x0000000089f00000, 0x000000008a000000|  0%| F|  |TAMS 0x0000000089f00000, 0x0000000089f00000| Untracked 
| 110|0x000000008a000000, 0x000000008a000000, 0x000000008a100000|  0%| F|  |TAMS 0x000000008a000000, 0x000000008a000000| Untracked 
| 111|0x000000008a100000, 0x000000008a100000, 0x000000008a200000|  0%| F|  |TAMS 0x000000008a100000, 0x000000008a100000| Untracked 
| 112|0x000000008a200000, 0x000000008a200000, 0x000000008a300000|  0%| F|  |TAMS 0x000000008a200000, 0x000000008a200000| Untracked 
| 113|0x000000008a300000, 0x000000008a400000, 0x000000008a400000|100%| S|CS|TAMS 0x000000008a300000, 0x000000008a300000| Complete 
| 114|0x000000008a400000, 0x000000008a500000, 0x000000008a500000|100%| S|CS|TAMS 0x000000008a400000, 0x000000008a400000| Complete 
| 115|0x000000008a500000, 0x000000008a600000, 0x000000008a600000|100%| S|CS|TAMS 0x000000008a500000, 0x000000008a500000| Complete 
| 116|0x000000008a600000, 0x000000008a700000, 0x000000008a700000|100%| S|CS|TAMS 0x000000008a600000, 0x000000008a600000| Complete 
| 117|0x000000008a700000, 0x000000008a800000, 0x000000008a800000|100%| S|CS|TAMS 0x000000008a700000, 0x000000008a700000| Complete 
| 118|0x000000008a800000, 0x000000008a900000, 0x000000008a900000|100%| S|CS|TAMS 0x000000008a800000, 0x000000008a800000| Complete 
| 119|0x000000008a900000, 0x000000008aa00000, 0x000000008aa00000|100%| S|CS|TAMS 0x000000008a900000, 0x000000008a900000| Complete 
| 120|0x000000008aa00000, 0x000000008aa00000, 0x000000008ab00000|  0%| F|  |TAMS 0x000000008aa00000, 0x000000008aa00000| Untracked 
| 121|0x000000008ab00000, 0x000000008ab00000, 0x000000008ac00000|  0%| F|  |TAMS 0x000000008ab00000, 0x000000008ab00000| Untracked 
| 122|0x000000008ac00000, 0x000000008ac00000, 0x000000008ad00000|  0%| F|  |TAMS 0x000000008ac00000, 0x000000008ac00000| Untracked 
| 123|0x000000008ad00000, 0x000000008ad00000, 0x000000008ae00000|  0%| F|  |TAMS 0x000000008ad00000, 0x000000008ad00000| Untracked 
| 124|0x000000008ae00000, 0x000000008ae00000, 0x000000008af00000|  0%| F|  |TAMS 0x000000008ae00000, 0x000000008ae00000| Untracked 
| 125|0x000000008af00000, 0x000000008af00000, 0x000000008b000000|  0%| F|  |TAMS 0x000000008af00000, 0x000000008af00000| Untracked 
| 126|0x000000008b000000, 0x000000008b000000, 0x000000008b100000|  0%| F|  |TAMS 0x000000008b000000, 0x000000008b000000| Untracked 
| 127|0x000000008b100000, 0x000000008b100000, 0x000000008b200000|  0%| F|  |TAMS 0x000000008b100000, 0x000000008b100000| Untracked 
| 128|0x000000008b200000, 0x000000008b200000, 0x000000008b300000|  0%| F|  |TAMS 0x000000008b200000, 0x000000008b200000| Untracked 
| 129|0x000000008b300000, 0x000000008b300000, 0x000000008b400000|  0%| F|  |TAMS 0x000000008b300000, 0x000000008b300000| Untracked 
| 130|0x000000008b400000, 0x000000008b400000, 0x000000008b500000|  0%| F|  |TAMS 0x000000008b400000, 0x000000008b400000| Untracked 
| 131|0x000000008b500000, 0x000000008b500000, 0x000000008b600000|  0%| F|  |TAMS 0x000000008b500000, 0x000000008b500000| Untracked 
| 132|0x000000008b600000, 0x000000008b600000, 0x000000008b700000|  0%| F|  |TAMS 0x000000008b600000, 0x000000008b600000| Untracked 
| 133|0x000000008b700000, 0x000000008b700000, 0x000000008b800000|  0%| F|  |TAMS 0x000000008b700000, 0x000000008b700000| Untracked 
| 134|0x000000008b800000, 0x000000008b800000, 0x000000008b900000|  0%| F|  |TAMS 0x000000008b800000, 0x000000008b800000| Untracked 
| 135|0x000000008b900000, 0x000000008b900000, 0x000000008ba00000|  0%| F|  |TAMS 0x000000008b900000, 0x000000008b900000| Untracked 
| 136|0x000000008ba00000, 0x000000008ba00000, 0x000000008bb00000|  0%| F|  |TAMS 0x000000008ba00000, 0x000000008ba00000| Untracked 
| 137|0x000000008bb00000, 0x000000008bb00000, 0x000000008bc00000|  0%| F|  |TAMS 0x000000008bb00000, 0x000000008bb00000| Untracked 
| 138|0x000000008bc00000, 0x000000008bc00000, 0x000000008bd00000|  0%| F|  |TAMS 0x000000008bc00000, 0x000000008bc00000| Untracked 
| 139|0x000000008bd00000, 0x000000008bd00000, 0x000000008be00000|  0%| F|  |TAMS 0x000000008bd00000, 0x000000008bd00000| Untracked 
| 140|0x000000008be00000, 0x000000008be00000, 0x000000008bf00000|  0%| F|  |TAMS 0x000000008be00000, 0x000000008be00000| Untracked 
| 141|0x000000008bf00000, 0x000000008bf00000, 0x000000008c000000|  0%| F|  |TAMS 0x000000008bf00000, 0x000000008bf00000| Untracked 
| 142|0x000000008c000000, 0x000000008c000000, 0x000000008c100000|  0%| F|  |TAMS 0x000000008c000000, 0x000000008c000000| Untracked 
| 143|0x000000008c100000, 0x000000008c100000, 0x000000008c200000|  0%| F|  |TAMS 0x000000008c100000, 0x000000008c100000| Untracked 
| 144|0x000000008c200000, 0x000000008c200000, 0x000000008c300000|  0%| F|  |TAMS 0x000000008c200000, 0x000000008c200000| Untracked 
| 145|0x000000008c300000, 0x000000008c300000, 0x000000008c400000|  0%| F|  |TAMS 0x000000008c300000, 0x000000008c300000| Untracked 
| 146|0x000000008c400000, 0x000000008c400000, 0x000000008c500000|  0%| F|  |TAMS 0x000000008c400000, 0x000000008c400000| Untracked 
| 147|0x000000008c500000, 0x000000008c500000, 0x000000008c600000|  0%| F|  |TAMS 0x000000008c500000, 0x000000008c500000| Untracked 
| 148|0x000000008c600000, 0x000000008c600000, 0x000000008c700000|  0%| F|  |TAMS 0x000000008c600000, 0x000000008c600000| Untracked 
| 149|0x000000008c700000, 0x000000008c700000, 0x000000008c800000|  0%| F|  |TAMS 0x000000008c700000, 0x000000008c700000| Untracked 
| 150|0x000000008c800000, 0x000000008c800000, 0x000000008c900000|  0%| F|  |TAMS 0x000000008c800000, 0x000000008c800000| Untracked 
| 151|0x000000008c900000, 0x000000008c900000, 0x000000008ca00000|  0%| F|  |TAMS 0x000000008c900000, 0x000000008c900000| Untracked 
| 152|0x000000008ca00000, 0x000000008ca00000, 0x000000008cb00000|  0%| F|  |TAMS 0x000000008ca00000, 0x000000008ca00000| Untracked 
| 153|0x000000008cb00000, 0x000000008cb00000, 0x000000008cc00000|  0%| F|  |TAMS 0x000000008cb00000, 0x000000008cb00000| Untracked 
| 154|0x000000008cc00000, 0x000000008cc00000, 0x000000008cd00000|  0%| F|  |TAMS 0x000000008cc00000, 0x000000008cc00000| Untracked 
| 155|0x000000008cd00000, 0x000000008cd00000, 0x000000008ce00000|  0%| F|  |TAMS 0x000000008cd00000, 0x000000008cd00000| Untracked 
| 156|0x000000008ce00000, 0x000000008ce00000, 0x000000008cf00000|  0%| F|  |TAMS 0x000000008ce00000, 0x000000008ce00000| Untracked 
| 157|0x000000008cf00000, 0x000000008cf00000, 0x000000008d000000|  0%| F|  |TAMS 0x000000008cf00000, 0x000000008cf00000| Untracked 
| 158|0x000000008d000000, 0x000000008d000000, 0x000000008d100000|  0%| F|  |TAMS 0x000000008d000000, 0x000000008d000000| Untracked 
| 159|0x000000008d100000, 0x000000008d100000, 0x000000008d200000|  0%| F|  |TAMS 0x000000008d100000, 0x000000008d100000| Untracked 
| 160|0x000000008d200000, 0x000000008d200000, 0x000000008d300000|  0%| F|  |TAMS 0x000000008d200000, 0x000000008d200000| Untracked 
| 161|0x000000008d300000, 0x000000008d300000, 0x000000008d400000|  0%| F|  |TAMS 0x000000008d300000, 0x000000008d300000| Untracked 
| 162|0x000000008d400000, 0x000000008d400000, 0x000000008d500000|  0%| F|  |TAMS 0x000000008d400000, 0x000000008d400000| Untracked 
| 163|0x000000008d500000, 0x000000008d500000, 0x000000008d600000|  0%| F|  |TAMS 0x000000008d500000, 0x000000008d500000| Untracked 
| 164|0x000000008d600000, 0x000000008d600000, 0x000000008d700000|  0%| F|  |TAMS 0x000000008d600000, 0x000000008d600000| Untracked 
| 165|0x000000008d700000, 0x000000008d700000, 0x000000008d800000|  0%| F|  |TAMS 0x000000008d700000, 0x000000008d700000| Untracked 
| 166|0x000000008d800000, 0x000000008d800000, 0x000000008d900000|  0%| F|  |TAMS 0x000000008d800000, 0x000000008d800000| Untracked 
| 167|0x000000008d900000, 0x000000008d900000, 0x000000008da00000|  0%| F|  |TAMS 0x000000008d900000, 0x000000008d900000| Untracked 
| 168|0x000000008da00000, 0x000000008da00000, 0x000000008db00000|  0%| F|  |TAMS 0x000000008da00000, 0x000000008da00000| Untracked 
| 169|0x000000008db00000, 0x000000008db00000, 0x000000008dc00000|  0%| F|  |TAMS 0x000000008db00000, 0x000000008db00000| Untracked 
| 170|0x000000008dc00000, 0x000000008dc00000, 0x000000008dd00000|  0%| F|  |TAMS 0x000000008dc00000, 0x000000008dc00000| Untracked 
| 171|0x000000008dd00000, 0x000000008dd00000, 0x000000008de00000|  0%| F|  |TAMS 0x000000008dd00000, 0x000000008dd00000| Untracked 
| 172|0x000000008de00000, 0x000000008de00000, 0x000000008df00000|  0%| F|  |TAMS 0x000000008de00000, 0x000000008de00000| Untracked 
| 173|0x000000008df00000, 0x000000008df00000, 0x000000008e000000|  0%| F|  |TAMS 0x000000008df00000, 0x000000008df00000| Untracked 
| 174|0x000000008e000000, 0x000000008e000000, 0x000000008e100000|  0%| F|  |TAMS 0x000000008e000000, 0x000000008e000000| Untracked 
| 175|0x000000008e100000, 0x000000008e100000, 0x000000008e200000|  0%| F|  |TAMS 0x000000008e100000, 0x000000008e100000| Untracked 
| 176|0x000000008e200000, 0x000000008e200000, 0x000000008e300000|  0%| F|  |TAMS 0x000000008e200000, 0x000000008e200000| Untracked 
| 177|0x000000008e300000, 0x000000008e300000, 0x000000008e400000|  0%| F|  |TAMS 0x000000008e300000, 0x000000008e300000| Untracked 
| 178|0x000000008e400000, 0x000000008e400000, 0x000000008e500000|  0%| F|  |TAMS 0x000000008e400000, 0x000000008e400000| Untracked 
| 179|0x000000008e500000, 0x000000008e500000, 0x000000008e600000|  0%| F|  |TAMS 0x000000008e500000, 0x000000008e500000| Untracked 
| 180|0x000000008e600000, 0x000000008e600000, 0x000000008e700000|  0%| F|  |TAMS 0x000000008e600000, 0x000000008e600000| Untracked 
| 181|0x000000008e700000, 0x000000008e700000, 0x000000008e800000|  0%| F|  |TAMS 0x000000008e700000, 0x000000008e700000| Untracked 
| 182|0x000000008e800000, 0x000000008e800000, 0x000000008e900000|  0%| F|  |TAMS 0x000000008e800000, 0x000000008e800000| Untracked 
| 183|0x000000008e900000, 0x000000008e900000, 0x000000008ea00000|  0%| F|  |TAMS 0x000000008e900000, 0x000000008e900000| Untracked 
| 184|0x000000008ea00000, 0x000000008ea00000, 0x000000008eb00000|  0%| F|  |TAMS 0x000000008ea00000, 0x000000008ea00000| Untracked 
| 185|0x000000008eb00000, 0x000000008eb00000, 0x000000008ec00000|  0%| F|  |TAMS 0x000000008eb00000, 0x000000008eb00000| Untracked 
| 186|0x000000008ec00000, 0x000000008ec00000, 0x000000008ed00000|  0%| F|  |TAMS 0x000000008ec00000, 0x000000008ec00000| Untracked 
| 187|0x000000008ed00000, 0x000000008ed00000, 0x000000008ee00000|  0%| F|  |TAMS 0x000000008ed00000, 0x000000008ed00000| Untracked 
| 188|0x000000008ee00000, 0x000000008ee00000, 0x000000008ef00000|  0%| F|  |TAMS 0x000000008ee00000, 0x000000008ee00000| Untracked 
| 189|0x000000008ef00000, 0x000000008ef00000, 0x000000008f000000|  0%| F|  |TAMS 0x000000008ef00000, 0x000000008ef00000| Untracked 
| 190|0x000000008f000000, 0x000000008f000000, 0x000000008f100000|  0%| F|  |TAMS 0x000000008f000000, 0x000000008f000000| Untracked 
| 191|0x000000008f100000, 0x000000008f100000, 0x000000008f200000|  0%| F|  |TAMS 0x000000008f100000, 0x000000008f100000| Untracked 
| 192|0x000000008f200000, 0x000000008f200000, 0x000000008f300000|  0%| F|  |TAMS 0x000000008f200000, 0x000000008f200000| Untracked 
| 193|0x000000008f300000, 0x000000008f300000, 0x000000008f400000|  0%| F|  |TAMS 0x000000008f300000, 0x000000008f300000| Untracked 
| 194|0x000000008f400000, 0x000000008f400000, 0x000000008f500000|  0%| F|  |TAMS 0x000000008f400000, 0x000000008f400000| Untracked 
| 195|0x000000008f500000, 0x000000008f500000, 0x000000008f600000|  0%| F|  |TAMS 0x000000008f500000, 0x000000008f500000| Untracked 
| 196|0x000000008f600000, 0x000000008f600000, 0x000000008f700000|  0%| F|  |TAMS 0x000000008f600000, 0x000000008f600000| Untracked 
| 197|0x000000008f700000, 0x000000008f700000, 0x000000008f800000|  0%| F|  |TAMS 0x000000008f700000, 0x000000008f700000| Untracked 
| 198|0x000000008f800000, 0x000000008f800000, 0x000000008f900000|  0%| F|  |TAMS 0x000000008f800000, 0x000000008f800000| Untracked 
| 199|0x000000008f900000, 0x000000008f900000, 0x000000008fa00000|  0%| F|  |TAMS 0x000000008f900000, 0x000000008f900000| Untracked 
| 200|0x000000008fa00000, 0x000000008fa00000, 0x000000008fb00000|  0%| F|  |TAMS 0x000000008fa00000, 0x000000008fa00000| Untracked 
| 201|0x000000008fb00000, 0x000000008fb00000, 0x000000008fc00000|  0%| F|  |TAMS 0x000000008fb00000, 0x000000008fb00000| Untracked 

Card table byte_map: [0x00000209d91a0000,0x00000209d9590000] _byte_map_base: 0x00000209d8d87000

Marking Bits (Prev, Next): (CMBitMap*) 0x00000209d3081150, (CMBitMap*) 0x00000209d3081110
 Prev Bits: [0x00000209db8c0000, 0x00000209dd7f8000)
 Next Bits: [0x00000209d9980000, 0x00000209db8b8000)

Polling page: 0x00000209d27e0000

Metaspace:

Usage:
  Non-class:     31.98 MB used.
      Class:      4.73 MB used.
       Both:     36.71 MB used.

Virtual space:
  Non-class space:       40.00 MB reserved,      32.12 MB ( 80%) committed,  5 nodes.
      Class space:        1.00 GB reserved,       4.88 MB ( <1%) committed,  1 nodes.
             Both:        1.04 GB reserved,      37.00 MB (  3%) committed. 

Chunk freelists:
   Non-Class:  3.45 MB
       Class:  2.95 MB
        Both:  6.41 MB

MaxMetaspaceSize: unlimited
CompressedClassSpaceSize: 1.00 GB
Initial GC threshold: 21.00 MB
Current GC threshold: 60.31 MB
CDS: off
MetaspaceReclaimPolicy: balanced
 - commit_granule_bytes: 65536.
 - commit_granule_words: 8192.
 - virtual_space_node_default_size: 1048576.
 - enlarge_chunks_in_place: 1.
 - new_chunks_are_fully_committed: 0.
 - uncommit_free_chunks: 1.
 - use_allocation_guard: 0.
 - handle_deallocations: 1.


Internal statistics:

num_allocs_failed_limit: 5.
num_arena_births: 342.
num_arena_deaths: 0.
num_vsnodes_births: 6.
num_vsnodes_deaths: 0.
num_space_committed: 592.
num_space_uncommitted: 0.
num_chunks_returned_to_freelist: 5.
num_chunks_taken_from_freelist: 1445.
num_chunk_merges: 5.
num_chunk_splits: 993.
num_chunks_enlarged: 766.
num_purges: 0.
num_inconsistent_stats: 0.

CodeCache: size=49152Kb used=9147Kb max_used=9147Kb free=40004Kb
 bounds [0x00000209d5ca0000, 0x00000209d6590000, 0x00000209d8ca0000]
 total_blobs=4282 nmethods=3752 adapters=453
 compilation: enabled
              stopped_count=0, restarted_count=0
 full_count=0

Compilation events (20 events):
Event: 7.899 Thread 0x00000209e178b030 nmethod 3739 0x00000209d6584b10 code [0x00000209d6584d00, 0x00000209d6585098]
Event: 7.899 Thread 0x00000209e0e345e0 nmethod 3735 0x00000209d6585290 code [0x00000209d65854a0, 0x00000209d6585988]
Event: 7.899 Thread 0x00000209e0c54d90 nmethod 3750 0x00000209d6585b90 code [0x00000209d6585d80, 0x00000209d65862a8]
Event: 7.899 Thread 0x00000209e178b030 3731       1       jdk.internal.module.SystemModuleFinders$SystemModuleReader::release (10 bytes)
Event: 7.900 Thread 0x00000209e0c54d90 3736   !   1       io.github.classgraph.ClasspathElementModule$1::open (129 bytes)
Event: 7.900 Thread 0x00000209e0e345e0 3737       1       io.github.classgraph.ClasspathElementModule$1::openClassfile (13 bytes)
Event: 7.901 Thread 0x00000209e178b030 nmethod 3731 0x00000209d6586590 code [0x00000209d6586740, 0x00000209d6586938]
Event: 7.901 Thread 0x00000209e178b030 3753   !   1       nonapi.io.github.classgraph.fileslice.reader.ClassfileReader::close (43 bytes)
Event: 7.901 Thread 0x00000209e0e345e0 nmethod 3737 0x00000209d6586a90 code [0x00000209d6586c40, 0x00000209d6586f48]
Event: 7.902 Thread 0x00000209e0e345e0 3690       1       io.github.classgraph.Scanner$ClassfileScanWorkUnit::access$600 (5 bytes)
Event: 7.902 Thread 0x00000209e178b030 nmethod 3753 0x00000209d6587010 code [0x00000209d65871c0, 0x00000209d6587398]
Event: 7.902 Thread 0x00000209e178b030 3710       1       java.util.Optional::of (12 bytes)
Event: 7.902 Thread 0x00000209e0e345e0 nmethod 3690 0x00000209d6587490 code [0x00000209d6587620, 0x00000209d65876d8]
Event: 7.902 Thread 0x00000209e0e345e0 3742       1       java.util.Optional::map (30 bytes)
Event: 7.903 Thread 0x00000209e178b030 nmethod 3710 0x00000209d6587790 code [0x00000209d6587940, 0x00000209d6587b28]
Event: 7.903 Thread 0x00000209e178b030 3749       1       jdk.internal.module.SystemModuleFinders$SystemModuleReader$$Lambda$130/0x00000001001e93f8::<init> (10 bytes)
Event: 7.903 Thread 0x00000209e178b030 nmethod 3749 0x00000209d6587c10 code [0x00000209d6587da0, 0x00000209d6587eb8]
Event: 7.903 Thread 0x00000209e0e345e0 nmethod 3742 0x00000209d6587f10 code [0x00000209d65880c0, 0x00000209d6588378]
Event: 7.905 Thread 0x00000209e0c54d90 nmethod 3736 0x00000209d6588490 code [0x00000209d6588740, 0x00000209d65891f8]
Event: 7.910 Thread 0x00000209e0e432e0 nmethod 3734 0x00000209d6589810 code [0x00000209d658a080, 0x00000209d658cde8]

GC Heap History (20 events):
Event: 5.700 GC heap after
{Heap after GC invocations=11 (full 0):
 garbage-first heap   total 58368K, used 29537K [0x0000000083200000, 0x0000000100000000)
  region size 1024K, 3 young (3072K), 3 survivors (3072K)
 Metaspace       used 33698K, committed 34048K, reserved 1081344K
  class space    used 4294K, committed 4480K, reserved 1048576K
}
Event: 5.768 GC heap before
{Heap before GC invocations=11 (full 0):
 garbage-first heap   total 58368K, used 41825K [0x0000000083200000, 0x0000000100000000)
  region size 1024K, 16 young (16384K), 3 survivors (3072K)
 Metaspace       used 33828K, committed 34176K, reserved 1081344K
  class space    used 4312K, committed 4480K, reserved 1048576K
}
Event: 5.773 GC heap after
{Heap after GC invocations=12 (full 0):
 garbage-first heap   total 95232K, used 31507K [0x0000000083200000, 0x0000000100000000)
  region size 1024K, 2 young (2048K), 2 survivors (2048K)
 Metaspace       used 33828K, committed 34176K, reserved 1081344K
  class space    used 4312K, committed 4480K, reserved 1048576K
}
Event: 5.936 GC heap before
{Heap before GC invocations=13 (full 0):
 garbage-first heap   total 95232K, used 65299K [0x0000000083200000, 0x0000000100000000)
  region size 1024K, 36 young (36864K), 2 survivors (2048K)
 Metaspace       used 34122K, committed 34496K, reserved 1081344K
  class space    used 4357K, committed 4544K, reserved 1048576K
}
Event: 5.948 GC heap after
{Heap after GC invocations=14 (full 0):
 garbage-first heap   total 95232K, used 40198K [0x0000000083200000, 0x0000000100000000)
  region size 1024K, 5 young (5120K), 5 survivors (5120K)
 Metaspace       used 34122K, committed 34496K, reserved 1081344K
  class space    used 4357K, committed 4544K, reserved 1048576K
}
Event: 6.147 GC heap before
{Heap before GC invocations=14 (full 0):
 garbage-first heap   total 95232K, used 64774K [0x0000000083200000, 0x0000000100000000)
  region size 1024K, 30 young (30720K), 5 survivors (5120K)
 Metaspace       used 34609K, committed 34944K, reserved 1081344K
  class space    used 4429K, committed 4608K, reserved 1048576K
}
Event: 6.161 GC heap after
{Heap after GC invocations=15 (full 0):
 garbage-first heap   total 95232K, used 46722K [0x0000000083200000, 0x0000000100000000)
  region size 1024K, 4 young (4096K), 4 survivors (4096K)
 Metaspace       used 34609K, committed 34944K, reserved 1081344K
  class space    used 4429K, committed 4608K, reserved 1048576K
}
Event: 7.329 GC heap before
{Heap before GC invocations=15 (full 0):
 garbage-first heap   total 95232K, used 65154K [0x0000000083200000, 0x0000000100000000)
  region size 1024K, 24 young (24576K), 4 survivors (4096K)
 Metaspace       used 36418K, committed 36736K, reserved 1081344K
  class space    used 4739K, committed 4864K, reserved 1048576K
}
Event: 7.339 GC heap after
{Heap after GC invocations=16 (full 0):
 garbage-first heap   total 95232K, used 50466K [0x0000000083200000, 0x0000000100000000)
  region size 1024K, 4 young (4096K), 4 survivors (4096K)
 Metaspace       used 36418K, committed 36736K, reserved 1081344K
  class space    used 4739K, committed 4864K, reserved 1048576K
}
Event: 7.512 GC heap before
{Heap before GC invocations=17 (full 0):
 garbage-first heap   total 106496K, used 71970K [0x0000000083200000, 0x0000000100000000)
  region size 1024K, 24 young (24576K), 4 survivors (4096K)
 Metaspace       used 36981K, committed 37312K, reserved 1089536K
  class space    used 4778K, committed 4928K, reserved 1048576K
}
Event: 7.524 GC heap after
{Heap after GC invocations=18 (full 0):
 garbage-first heap   total 106496K, used 61146K [0x0000000083200000, 0x0000000100000000)
  region size 1024K, 3 young (3072K), 3 survivors (3072K)
 Metaspace       used 36981K, committed 37312K, reserved 1089536K
  class space    used 4778K, committed 4928K, reserved 1048576K
}
Event: 7.551 GC heap before
{Heap before GC invocations=18 (full 0):
 garbage-first heap   total 106496K, used 63194K [0x0000000083200000, 0x0000000100000000)
  region size 1024K, 5 young (5120K), 3 survivors (3072K)
 Metaspace       used 37058K, committed 37376K, reserved 1089536K
  class space    used 4790K, committed 4928K, reserved 1048576K
}
Event: 7.564 GC heap after
{Heap after GC invocations=19 (full 0):
 garbage-first heap   total 206848K, used 63375K [0x0000000083200000, 0x0000000100000000)
  region size 1024K, 1 young (1024K), 1 survivors (1024K)
 Metaspace       used 37058K, committed 37376K, reserved 1089536K
  class space    used 4790K, committed 4928K, reserved 1048576K
}
Event: 7.750 GC heap before
{Heap before GC invocations=19 (full 0):
 garbage-first heap   total 206848K, used 129935K [0x0000000083200000, 0x0000000100000000)
  region size 1024K, 67 young (68608K), 1 survivors (1024K)
 Metaspace       used 37428K, committed 37760K, reserved 1089536K
  class space    used 4828K, committed 4992K, reserved 1048576K
}
Event: 7.774 GC heap after
{Heap after GC invocations=20 (full 0):
 garbage-first heap   total 206848K, used 67995K [0x0000000083200000, 0x0000000100000000)
  region size 1024K, 6 young (6144K), 6 survivors (6144K)
 Metaspace       used 37428K, committed 37760K, reserved 1089536K
  class space    used 4828K, committed 4992K, reserved 1048576K
}
Event: 7.875 GC heap before
{Heap before GC invocations=20 (full 0):
 garbage-first heap   total 206848K, used 138651K [0x0000000083200000, 0x0000000100000000)
  region size 1024K, 76 young (77824K), 6 survivors (6144K)
 Metaspace       used 37478K, committed 37760K, reserved 1089536K
  class space    used 4838K, committed 4992K, reserved 1048576K
}
Event: 7.894 GC heap after
{Heap after GC invocations=21 (full 0):
 garbage-first heap   total 206848K, used 71222K [0x0000000083200000, 0x0000000100000000)
  region size 1024K, 8 young (8192K), 8 survivors (8192K)
 Metaspace       used 37478K, committed 37760K, reserved 1089536K
  class space    used 4838K, committed 4992K, reserved 1048576K
}
Event: 7.970 GC heap before
{Heap before GC invocations=21 (full 0):
 garbage-first heap   total 206848K, used 153142K [0x0000000083200000, 0x0000000100000000)
  region size 1024K, 89 young (91136K), 8 survivors (8192K)
 Metaspace       used 37576K, committed 37888K, reserved 1089536K
  class space    used 4845K, committed 4992K, reserved 1048576K
}
Event: 7.987 GC heap after
{Heap after GC invocations=22 (full 0):
 garbage-first heap   total 206848K, used 74436K [0x0000000083200000, 0x0000000100000000)
  region size 1024K, 7 young (7168K), 7 survivors (7168K)
 Metaspace       used 37576K, committed 37888K, reserved 1089536K
  class space    used 4845K, committed 4992K, reserved 1048576K
}
Event: 8.038 GC heap before
{Heap before GC invocations=22 (full 0):
 garbage-first heap   total 206848K, used 157380K [0x0000000083200000, 0x0000000100000000)
  region size 1024K, 89 young (91136K), 7 survivors (7168K)
 Metaspace       used 37590K, committed 37888K, reserved 1089536K
  class space    used 4846K, committed 4992K, reserved 1048576K
}

Deoptimization events (10 events):
Event: 2.556 Thread 0x00000209d3024090 DEOPT PACKING pc=0x00000209d61f3e19 sp=0x00000038a7dfd380
Event: 2.556 Thread 0x00000209d3024090 DEOPT UNPACKING pc=0x00000209d5cf6763 sp=0x00000038a7dfc860 mode 3
Event: 5.192 Thread 0x00000209e0c34a40 DEOPT PACKING pc=0x00000209d63b84ab sp=0x00000038a9bfe7f0
Event: 5.192 Thread 0x00000209e0c34a40 DEOPT UNPACKING pc=0x00000209d5cf6763 sp=0x00000038a9bfdd38 mode 3
Event: 5.534 Thread 0x00000209e0c33700 DEOPT PACKING pc=0x00000209d61f0297 sp=0x00000038aa1fed30
Event: 5.534 Thread 0x00000209e0c33700 DEOPT UNPACKING pc=0x00000209d5cf6763 sp=0x00000038aa1fe188 mode 3
Event: 5.538 Thread 0x00000209e2e10e40 DEOPT PACKING pc=0x00000209d61f2381 sp=0x00000038aa4feaf0
Event: 5.538 Thread 0x00000209e2e10e40 DEOPT UNPACKING pc=0x00000209d5cf6763 sp=0x00000038aa4fdf88 mode 3
Event: 6.609 Thread 0x00000209e2e10970 DEOPT PACKING pc=0x00000209d6527b35 sp=0x00000038aadfd230
Event: 6.609 Thread 0x00000209e2e10970 DEOPT UNPACKING pc=0x00000209d5cf6763 sp=0x00000038aadfc748 mode 3

Classes unloaded (0 events):
No events

Classes redefined (0 events):
No events

Internal exceptions (20 events):
Event: 5.261 Thread 0x00000209e0c34f10 Exception <a 'sun/nio/fs/WindowsException'{0x0000000085690470}> (0x0000000085690470) 
thrown [s\src\hotspot\share\prims\jni.cpp, line 516]
Event: 5.262 Thread 0x00000209e0c34f10 Exception <a 'sun/nio/fs/WindowsException'{0x0000000085690830}> (0x0000000085690830) 
thrown [s\src\hotspot\share\prims\jni.cpp, line 516]
Event: 5.262 Thread 0x00000209e0c34f10 Exception <a 'sun/nio/fs/WindowsException'{0x0000000085691230}> (0x0000000085691230) 
thrown [s\src\hotspot\share\prims\jni.cpp, line 516]
Event: 5.262 Thread 0x00000209e0c34f10 Exception <a 'sun/nio/fs/WindowsException'{0x00000000856915e0}> (0x00000000856915e0) 
thrown [s\src\hotspot\share\prims\jni.cpp, line 516]
Event: 5.262 Thread 0x00000209e0c34f10 Exception <a 'sun/nio/fs/WindowsException'{0x0000000085691fe0}> (0x0000000085691fe0) 
thrown [s\src\hotspot\share\prims\jni.cpp, line 516]
Event: 5.262 Thread 0x00000209e0c34f10 Exception <a 'sun/nio/fs/WindowsException'{0x00000000856923a0}> (0x00000000856923a0) 
thrown [s\src\hotspot\share\prims\jni.cpp, line 516]
Event: 5.262 Thread 0x00000209e0c34f10 Exception <a 'sun/nio/fs/WindowsException'{0x00000000855c8130}> (0x00000000855c8130) 
thrown [s\src\hotspot\share\prims\jni.cpp, line 516]
Event: 5.262 Thread 0x00000209e0c34f10 Exception <a 'sun/nio/fs/WindowsException'{0x00000000855c8510}> (0x00000000855c8510) 
thrown [s\src\hotspot\share\prims\jni.cpp, line 516]
Event: 5.263 Thread 0x00000209e0c34f10 Exception <a 'sun/nio/fs/WindowsException'{0x00000000855c8f48}> (0x00000000855c8f48) 
thrown [s\src\hotspot\share\prims\jni.cpp, line 516]
Event: 5.264 Thread 0x00000209e0c34f10 Exception <a 'sun/nio/fs/WindowsException'{0x00000000855c9338}> (0x00000000855c9338) 
thrown [s\src\hotspot\share\prims\jni.cpp, line 516]
Event: 5.264 Thread 0x00000209e0c34f10 Exception <a 'sun/nio/fs/WindowsException'{0x00000000855c9d60}> (0x00000000855c9d60) 
thrown [s\src\hotspot\share\prims\jni.cpp, line 516]
Event: 5.264 Thread 0x00000209e0c34f10 Exception <a 'sun/nio/fs/WindowsException'{0x00000000855ca150}> (0x00000000855ca150) 
thrown [s\src\hotspot\share\prims\jni.cpp, line 516]
Event: 5.409 Thread 0x00000209d3024090 Exception <a 'java/lang/NoSuchMethodError'{0x0000000085d14f50}: 'java.lang.Object java.lang.invoke.DirectMethodHandle$Holder.newInvokeSpecial(java.lang.Object, java.lang.Object, int, java.lang.Object, java.lang.Object)'> (0x0000000085d14f50) 
thrown [s\src\hotspot\share\interpreter\linkResolver.cpp, line 759]
Event: 5.435 Thread 0x00000209d3024090 Exception <a 'java/lang/NoSuchMethodError'{0x0000000085d26f20}: 'java.lang.Object java.lang.invoke.DirectMethodHandle$Holder.invokeSpecial(java.lang.Object, java.lang.Object, int, java.lang.Object, int, java.lang.Object)'> (0x0000000085d26f20) 
thrown [s\src\hotspot\share\interpreter\linkResolver.cpp, line 759]
Event: 5.442 Thread 0x00000209d3024090 Exception <a 'java/lang/NoSuchMethodError'{0x0000000085d2ed20}: 'java.lang.Object java.lang.invoke.DirectMethodHandle$Holder.newInvokeSpecial(java.lang.Object, java.lang.Object, int, java.lang.Object, int)'> (0x0000000085d2ed20) 
thrown [s\src\hotspot\share\interpreter\linkResolver.cpp, line 759]
Event: 5.443 Thread 0x00000209d3024090 Exception <a 'java/lang/NoSuchMethodError'{0x0000000085d32e20}: 'java.lang.Object java.lang.invoke.DirectMethodHandle$Holder.invokeSpecial(java.lang.Object, java.lang.Object, java.lang.Object, int, java.lang.Object, int)'> (0x0000000085d32e20) 
thrown [s\src\hotspot\share\interpreter\linkResolver.cpp, line 759]
Event: 6.239 Thread 0x00000209e2e12b20 Exception <a 'java/lang/NoSuchMethodError'{0x0000000089ce94f0}: 'java.lang.Object java.lang.invoke.DirectMethodHandle$Holder.invokeStatic(java.lang.Object, java.lang.Object, java.lang.Object, int, java.lang.Object, java.lang.Object)'> (0x0000000089ce94f0) 
thrown [s\src\hotspot\share\interpreter\linkResolver.cpp, line 759]
Event: 6.599 Thread 0x00000209e2e10970 Exception <a 'java/lang/NoSuchMethodError'{0x0000000088927bb8}: 'java.lang.Object java.lang.invoke.DirectMethodHandle$Holder.invokeStatic(java.lang.Object, int, java.lang.Object)'> (0x0000000088927bb8) 
thrown [s\src\hotspot\share\interpreter\linkResolver.cpp, line 759]
Event: 7.070 Thread 0x00000209e2e164e0 Exception <a 'java/lang/NoSuchMethodError'{0x0000000088441928}: 'int java.lang.invoke.DirectMethodHandle$Holder.invokeStatic(java.lang.Object)'> (0x0000000088441928) 
thrown [s\src\hotspot\share\interpreter\linkResolver.cpp, line 759]
Event: 7.071 Thread 0x00000209e2e164e0 Exception <a 'java/lang/NoSuchMethodError'{0x0000000088444d28}: 'int java.lang.invoke.DirectMethodHandle$Holder.invokeStaticInit(java.lang.Object)'> (0x0000000088444d28) 
thrown [s\src\hotspot\share\interpreter\linkResolver.cpp, line 759]

VM Operations (20 events):
Event: 7.450 Executing VM operation: G1Concurrent done
Event: 7.512 Executing VM operation: G1CollectForAllocation
Event: 7.524 Executing VM operation: G1CollectForAllocation done
Event: 7.551 Executing VM operation: G1CollectForAllocation
Event: 7.566 Executing VM operation: G1CollectForAllocation done
Event: 7.745 Executing VM operation: G1CollectForAllocation
Event: 7.785 Executing VM operation: G1CollectForAllocation done
Event: 7.785 Executing VM operation: HandshakeAllThreads
Event: 7.785 Executing VM operation: HandshakeAllThreads done
Event: 7.789 Executing VM operation: HandshakeAllThreads
Event: 7.789 Executing VM operation: HandshakeAllThreads done
Event: 7.868 Executing VM operation: G1CollectForAllocation
Event: 7.898 Executing VM operation: G1CollectForAllocation done
Event: 7.968 Executing VM operation: G1CollectForAllocation
Event: 7.969 Executing VM operation: G1CollectForAllocation done
Event: 7.970 Executing VM operation: G1CollectForAllocation
Event: 7.987 Executing VM operation: G1CollectForAllocation done
Event: 8.029 Executing VM operation: G1CollectForAllocation
Event: 8.038 Executing VM operation: G1CollectForAllocation done
Event: 8.038 Executing VM operation: G1CollectForAllocation

Events (20 events):
Event: 6.805 loading class java/util/concurrent/CompletableFuture$Signaller done
Event: 7.015 loading class java/util/concurrent/CompletableFuture$UniRelay
Event: 7.015 loading class java/util/concurrent/CompletableFuture$UniRelay done
Event: 7.126 Thread 0x00000209e2e11cb0 Thread added: 0x00000209e2e11cb0
Event: 7.166 loading class jdk/internal/vm/annotation/ForceInline
Event: 7.167 loading class jdk/internal/vm/annotation/ForceInline done
Event: 7.227 loading class java/util/stream/Nodes$SpinedNodeBuilder
Event: 7.228 loading class java/util/stream/Nodes$SpinedNodeBuilder done
Event: 7.474 loading class java/util/zip/GZIPOutputStream
Event: 7.475 loading class java/util/zip/DeflaterOutputStream
Event: 7.475 loading class java/util/zip/DeflaterOutputStream done
Event: 7.475 loading class java/util/zip/GZIPOutputStream done
Event: 7.586 loading class java/util/zip/GZIPInputStream
Event: 7.588 loading class java/util/zip/GZIPInputStream done
Event: 7.603 loading class java/net/SocketTimeoutException
Event: 7.603 loading class java/io/InterruptedIOException
Event: 7.604 loading class java/io/InterruptedIOException done
Event: 7.604 loading class java/net/SocketTimeoutException done
Event: 7.604 loading class java/net/ProtocolException
Event: 7.604 loading class java/net/ProtocolException done


Dynamic libraries:
0x00007ff74d670000 - 0x00007ff74d67e000 	c:\Users\datea\.vscode\extensions\redhat.java-1.11.0-win32-x64\jre\17.0.4.1-win32-x86_64\bin\java.exe
0x00007ffe21c70000 - 0x00007ffe21e89000 	C:\WINDOWS\SYSTEM32\ntdll.dll
0x00007ffe20ff0000 - 0x00007ffe210b2000 	C:\WINDOWS\System32\KERNEL32.DLL
0x00007ffe1f260000 - 0x00007ffe1f5ff000 	C:\WINDOWS\System32\KERNELBASE.dll
0x00007ffe1bfd0000 - 0x00007ffe1c066000 	C:\WINDOWS\SYSTEM32\apphelp.dll
0x00007ffe1f8a0000 - 0x00007ffe1f9bb000 	C:\WINDOWS\System32\ucrtbase.dll
0x00007ffdfe750000 - 0x00007ffdfe768000 	c:\Users\datea\.vscode\extensions\redhat.java-1.11.0-win32-x64\jre\17.0.4.1-win32-x86_64\bin\jli.dll
0x00007ffdfe770000 - 0x00007ffdfe789000 	c:\Users\datea\.vscode\extensions\redhat.java-1.11.0-win32-x64\jre\17.0.4.1-win32-x86_64\bin\VCRUNTIME140.dll
0x00007ffe20a60000 - 0x00007ffe20c0c000 	C:\WINDOWS\System32\USER32.dll
0x00007ffe12580000 - 0x00007ffe12811000 	C:\WINDOWS\WinSxS\amd64_microsoft.windows.common-controls_6595b64144ccf1df_6.0.25217.1000_none_7b59e1e7f1b57804\COMCTL32.dll
0x00007ffe1f110000 - 0x00007ffe1f136000 	C:\WINDOWS\System32\win32u.dll
0x00007ffe20740000 - 0x00007ffe207e7000 	C:\WINDOWS\System32\msvcrt.dll
0x00007ffe211e0000 - 0x00007ffe21209000 	C:\WINDOWS\System32\GDI32.dll
0x00007ffe1f140000 - 0x00007ffe1f256000 	C:\WINDOWS\System32\gdi32full.dll
0x00007ffe1f800000 - 0x00007ffe1f89a000 	C:\WINDOWS\System32\msvcp_win.dll
0x00007ffe1fe30000 - 0x00007ffe1fe61000 	C:\WINDOWS\System32\IMM32.DLL
0x00007ffe13160000 - 0x00007ffe1316c000 	c:\Users\datea\.vscode\extensions\redhat.java-1.11.0-win32-x64\jre\17.0.4.1-win32-x86_64\bin\vcruntime140_1.dll
0x00007ffdec060000 - 0x00007ffdec0f1000 	c:\Users\datea\.vscode\extensions\redhat.java-1.11.0-win32-x64\jre\17.0.4.1-win32-x86_64\bin\msvcp140.dll
0x00007ffdb3bc0000 - 0x00007ffdb4806000 	c:\Users\datea\.vscode\extensions\redhat.java-1.11.0-win32-x64\jre\17.0.4.1-win32-x86_64\bin\server\jvm.dll
0x00007ffe21210000 - 0x00007ffe212be000 	C:\WINDOWS\System32\ADVAPI32.dll
0x00007ffe21120000 - 0x00007ffe211c6000 	C:\WINDOWS\System32\sechost.dll
0x00007ffe21b00000 - 0x00007ffe21c27000 	C:\WINDOWS\System32\RPCRT4.dll
0x00007ffe211d0000 - 0x00007ffe211d8000 	C:\WINDOWS\System32\PSAPI.DLL
0x00007ffe0da10000 - 0x00007ffe0da45000 	C:\WINDOWS\SYSTEM32\WINMM.dll
0x00007ffe1bf20000 - 0x00007ffe1bf2a000 	C:\WINDOWS\SYSTEM32\VERSION.dll
0x00007ffe01f20000 - 0x00007ffe01f29000 	C:\WINDOWS\SYSTEM32\WSOCK32.dll
0x00007ffe207f0000 - 0x00007ffe2085f000 	C:\WINDOWS\System32\WS2_32.dll
0x00007ffe1dfe0000 - 0x00007ffe1dff8000 	C:\WINDOWS\SYSTEM32\kernel.appcore.dll
0x00007ffe13050000 - 0x00007ffe1305a000 	c:\Users\datea\.vscode\extensions\redhat.java-1.11.0-win32-x64\jre\17.0.4.1-win32-x86_64\bin\jimage.dll
0x00007ffe1c8c0000 - 0x00007ffe1caf3000 	C:\WINDOWS\SYSTEM32\DBGHELP.DLL
0x00007ffe1fa40000 - 0x00007ffe1fdc3000 	C:\WINDOWS\System32\combase.dll
0x00007ffe1fe70000 - 0x00007ffe1ff48000 	C:\WINDOWS\System32\OLEAUT32.dll
0x00007ffe1a3c0000 - 0x00007ffe1a3f2000 	C:\WINDOWS\SYSTEM32\dbgcore.DLL
0x00007ffe1f9c0000 - 0x00007ffe1fa39000 	C:\WINDOWS\System32\bcryptPrimitives.dll
0x00007ffdfdd80000 - 0x00007ffdfdda5000 	c:\Users\datea\.vscode\extensions\redhat.java-1.11.0-win32-x64\jre\17.0.4.1-win32-x86_64\bin\java.dll
0x00007ffdfc7d0000 - 0x00007ffdfc7e8000 	c:\Users\datea\.vscode\extensions\redhat.java-1.11.0-win32-x64\jre\17.0.4.1-win32-x86_64\bin\zip.dll
0x00007ffe1ff50000 - 0x00007ffe2071f000 	C:\WINDOWS\System32\SHELL32.dll
0x00007ffe1cf50000 - 0x00007ffe1d7e5000 	C:\WINDOWS\SYSTEM32\windows.storage.dll
0x00007ffe1cdb0000 - 0x00007ffe1cf43000 	C:\WINDOWS\SYSTEM32\wintypes.dll
0x00007ffe20c10000 - 0x00007ffe20cfb000 	C:\WINDOWS\System32\SHCORE.dll
0x00007ffe210c0000 - 0x00007ffe2111d000 	C:\WINDOWS\System32\shlwapi.dll
0x00007ffe1ef80000 - 0x00007ffe1efa1000 	C:\WINDOWS\SYSTEM32\profapi.dll
0x00007ffdfc7b0000 - 0x00007ffdfc7c9000 	C:\Users\datea\.vscode\extensions\redhat.java-1.11.0-win32-x64\jre\17.0.4.1-win32-x86_64\bin\net.dll
0x00007ffe107e0000 - 0x00007ffe1090b000 	C:\WINDOWS\SYSTEM32\WINHTTP.dll
0x00007ffe1e4b0000 - 0x00007ffe1e519000 	C:\WINDOWS\system32\mswsock.dll
0x00007ffdfc790000 - 0x00007ffdfc7a5000 	C:\Users\datea\.vscode\extensions\redhat.java-1.11.0-win32-x64\jre\17.0.4.1-win32-x86_64\bin\nio.dll
0x00007ffdfc770000 - 0x00007ffdfc780000 	c:\Users\datea\.vscode\extensions\redhat.java-1.11.0-win32-x64\jre\17.0.4.1-win32-x86_64\bin\verify.dll
0x00007ffe1c3d0000 - 0x00007ffe1c3d9000 	C:\Users\datea\.vscode\extensions\redhat.java-1.11.0-win32-x64\jre\17.0.4.1-win32-x86_64\bin\management.dll
0x00007ffe1c3c0000 - 0x00007ffe1c3cb000 	C:\Users\datea\.vscode\extensions\redhat.java-1.11.0-win32-x64\jre\17.0.4.1-win32-x86_64\bin\management_ext.dll
0x00007ffe116b0000 - 0x00007ffe116c7000 	C:\WINDOWS\system32\napinsp.dll
0x00007ffe10060000 - 0x00007ffe1007a000 	C:\WINDOWS\system32\pnrpnsp.dll
0x00007ffddeeb0000 - 0x00007ffddeed1000 	C:\WINDOWS\system32\nlansp_c.dll
0x00007ffe1dad0000 - 0x00007ffe1dbcf000 	C:\WINDOWS\SYSTEM32\DNSAPI.dll
0x00007ffe1da60000 - 0x00007ffe1da8e000 	C:\WINDOWS\SYSTEM32\IPHLPAPI.DLL
0x00007ffe20730000 - 0x00007ffe20739000 	C:\WINDOWS\System32\NSI.dll
0x00007ffe10040000 - 0x00007ffe10051000 	C:\WINDOWS\System32\winrnr.dll
0x00007ffdef8a0000 - 0x00007ffdef8b5000 	C:\WINDOWS\system32\wshbth.dll
0x00007ffe107d0000 - 0x00007ffe107da000 	C:\Windows\System32\rasadhlp.dll
0x00007ffe10a30000 - 0x00007ffe10ab4000 	C:\WINDOWS\System32\fwpuclnt.dll
0x00007ffe1e730000 - 0x00007ffe1e74b000 	C:\WINDOWS\SYSTEM32\CRYPTSP.dll
0x00007ffe1df40000 - 0x00007ffe1df74000 	C:\WINDOWS\system32\rsaenh.dll
0x00007ffe1e5d0000 - 0x00007ffe1e5f8000 	C:\WINDOWS\SYSTEM32\USERENV.dll
0x00007ffe1e8f0000 - 0x00007ffe1e918000 	C:\WINDOWS\SYSTEM32\bcrypt.dll
0x00007ffe1e750000 - 0x00007ffe1e75c000 	C:\WINDOWS\SYSTEM32\CRYPTBASE.dll
0x00007ffe10990000 - 0x00007ffe109a9000 	C:\WINDOWS\SYSTEM32\dhcpcsvc6.DLL
0x00007ffe10960000 - 0x00007ffe1097f000 	C:\WINDOWS\SYSTEM32\dhcpcsvc.DLL

dbghelp: loaded successfully - version: 4.0.5 - missing functions: none
symbol engine: initialized successfully - sym options: 0x614 - pdb path: .;c:\Users\datea\.vscode\extensions\redhat.java-1.11.0-win32-x64\jre\17.0.4.1-win32-x86_64\bin;C:\WINDOWS\SYSTEM32;C:\WINDOWS\WinSxS\amd64_microsoft.windows.common-controls_6595b64144ccf1df_6.0.25217.1000_none_7b59e1e7f1b57804;c:\Users\datea\.vscode\extensions\redhat.java-1.11.0-win32-x64\jre\17.0.4.1-win32-x86_64\bin\server

VM Arguments:
jvm_args: -Dsts.lsp.client=vscode -Dsts.log.file=/dev/null -XX:TieredStopAtLevel=1 -Xlog:jni+resolve=off -Dspring.config.location=file:c:\Users\datea\.vscode\extensions\pivotal.vscode-spring-boot-1.39.0\language-server\BOOT-INF\classes\application.properties 
java_command: org.springframework.ide.vscode.boot.app.BootLanguageServerBootApp
java_class_path (initial): c:\Users\datea\.vscode\extensions\pivotal.vscode-spring-boot-1.39.0\language-server\BOOT-INF\classes;c:\Users\datea\.vscode\extensions\pivotal.vscode-spring-boot-1.39.0\language-server\BOOT-INF\lib\annotations-23.0.0.jar;c:\Users\datea\.vscode\extensions\pivotal.vscode-spring-boot-1.39.0\language-server\BOOT-INF\lib\antlr-runtime-3.5.2.jar;c:\Users\datea\.vscode\extensions\pivotal.vscode-spring-boot-1.39.0\language-server\BOOT-INF\lib\antlr4-4.9.3.jar;c:\Users\datea\.vscode\extensions\pivotal.vscode-spring-boot-1.39.0\language-server\BOOT-INF\lib\antlr4-runtime-4.9.3.jar;c:\Users\datea\.vscode\extensions\pivotal.vscode-spring-boot-1.39.0\language-server\BOOT-INF\lib\asm-9.3.jar;c:\Users\datea\.vscode\extensions\pivotal.vscode-spring-boot-1.39.0\language-server\BOOT-INF\lib\asm-analysis-9.3.jar;c:\Users\datea\.vscode\extensions\pivotal.vscode-spring-boot-1.39.0\language-server\BOOT-INF\lib\asm-tree-9.3.jar;c:\Users\datea\.vscode\extensions\pivotal.vscode-spring-boot-1.39.0\language-server\BOOT-INF\lib\asm-util-9.3.jar;c:\Users\datea\.vscode\extensions\pivotal.vscode-spring-boot-1.39.0\language-server\BOOT-INF\lib\byte-buddy-1.12.13.jar;c:\Users\datea\.vscode\extensions\pivotal.vscode-spring-boot-1.39.0\language-server\BOOT-INF\lib\caffeine-2.9.3.jar;c:\Users\datea\.vscode\extensions\pivotal.vscode-spring-boot-1.39.0\language-server\BOOT-INF\lib\checker-qual-3.12.0.jar;c:\Users\datea\.vscode\extensions\pivotal.vscode-spring-boot-1.39.0\language-server\BOOT-INF\lib\classgraph-4.8.149.jar;c:\Users\datea\.vscode\extensions\pivotal.vscode-spring-boot-1.39.0\language-server\BOOT-INF\lib\commons-codec-1.15.jar;c:\Users\datea\.vscode\extensions\pivotal.vscode-spring-boot-1.39.0\language-server\BOOT-INF\lib\commons-compress-1.21.jar;c:\Users\datea\.vscode\extensions\pivotal.vscode-spring-boot-1.39.0\language-server\BOOT-INF\lib\commons-exec-1.3.jar;c:\Users\datea\.vscode\extensions\pivotal.vscode-spring-boot-1.39.0\language-server\BOOT-INF\lib\com
Launcher Type: SUN_STANDARD

[Global flags]
     intx CICompilerCount                          = 4                                         {product} {ergonomic}
     uint ConcGCThreads                            = 2                                         {product} {ergonomic}
     uint G1ConcRefinementThreads                  = 8                                         {product} {ergonomic}
   size_t G1HeapRegionSize                         = 1048576                                   {product} {ergonomic}
    uintx GCDrainStackTargetSize                   = 64                                        {product} {ergonomic}
   size_t InitialHeapSize                          = 132120576                                 {product} {ergonomic}
   size_t MarkStackSize                            = 4194304                                   {product} {ergonomic}
   size_t MaxHeapSize                              = 2095054848                                {product} {ergonomic}
   size_t MaxNewSize                               = 1256194048                                {product} {ergonomic}
   size_t MinHeapDeltaBytes                        = 1048576                                   {product} {ergonomic}
   size_t MinHeapSize                              = 8388608                                   {product} {ergonomic}
    uintx NonProfiledCodeHeapSize                  = 0                                      {pd product} {ergonomic}
     bool ProfileInterpreter                       = false                                  {pd product} {command line}
    uintx ProfiledCodeHeapSize                     = 0                                      {pd product} {ergonomic}
   size_t SoftMaxHeapSize                          = 2095054848                             {manageable} {ergonomic}
     intx TieredStopAtLevel                        = 1                                         {product} {command line}
     bool UseCompressedClassPointers               = true                           {product lp64_product} {ergonomic}
     bool UseCompressedOops                        = true                           {product lp64_product} {ergonomic}
     bool UseG1GC                                  = true                                      {product} {ergonomic}
     bool UseLargePagesIndividualAllocation        = false                                  {pd product} {ergonomic}

Logging:
Log output configuration:
 #0: stdout all=warning,jni+resolve=off uptime,level,tags
 #1: stderr all=off uptime,level,tags

Environment Variables:
PATH=C:\Program Files\Java\jdk-15.0.2\bin;C:\Program Files\Common Files\Oracle\Java\javapath;C:\WINDOWS\system32;C:\WINDOWS;C:\WINDOWS\System32\Wbem;C:\WINDOWS\System32\WindowsPowerShell\v1.0\;C:\WINDOWS\System32\OpenSSH\;C:\Program Files\Azure Data Studio\bin;C:\Program Files\Microsoft SQL Server\Client SDK\ODBC\170\Tools\Binn\;C:\Program Files (x86)\Microsoft SQL Server\150\Tools\Binn\;C:\Program Files\Microsoft SQL Server\150\Tools\Binn\;C:\Program Files\Microsoft SQL Server\150\DTS\Binn\;C:\Program Files (x86)\Microsoft SQL Server\150\DTS\Binn\;C:\Program Files (x86)\GitExtensions\;F:\xampp\php;C:\ProgramData\ComposerSetup\bin;C:\xampp\php;C:\Program Files\Git\cmd;C:\Users\datea\AppData\Local\Microsoft\WindowsApps;C:\Users\datea\AppData\Local\Programs\Microsoft VS Code\bin;;C:\Program Files\Azure Data Studio\bin;C:\Users\datea\AppData\Roaming\Composer\vendor\bin
USERNAME=datea
OS=Windows_NT
PROCESSOR_IDENTIFIER=Intel64 Family 6 Model 126 Stepping 5, GenuineIntel
TMP=C:\Users\datea\AppData\Local\Temp
TEMP=C:\Users\datea\AppData\Local\Temp



---------------  S Y S T E M  ---------------

OS:
 Windows 11 , 64 bit Build 25217 (10.0.25217.1000)
OS uptime: 1 days 2:53 hours
Hyper-V role detected

CPU: total 8 (initial active 8) (4 cores per cpu, 2 threads per core) family 6 model 126 stepping 5 microcode 0xa6, cx8, cmov, fxsr, ht, mmx, 3dnowpref, sse, sse2, sse3, ssse3, sse4.1, sse4.2, popcnt, lzcnt, tsc, tscinvbit, avx, avx2, aes, erms, clmul, bmi1, bmi2, adx, avx512f, avx512dq, avx512cd, avx512bw, avx512vl, sha, fma, vzeroupper, avx512_vpopcntdq, avx512_vpclmulqdq, avx512_vaes, avx512_vnni, clflush, clflushopt, avx512_vbmi2, avx512_vbmi, hv

Memory: 4k page, system-wide physical 7987M (487M free)
TotalPageFile size 12083M (AvailPageFile size 110M)
current process WorkingSet (physical memory assigned to process): 309M, peak: 309M
current process commit charge ("private bytes"): 347M, peak: 627M

vm_info: OpenJDK 64-Bit Server VM (17.0.4.1+1) for windows-amd64 JRE (17.0.4.1+1), built on Aug 17 2022 07:42:43 by "temurin" with MS VC++ 16.7 (VS2019)

END.
