#
# There is insufficient memory for the Java Runtime Environment to continue.
# Native memory allocation (mmap) failed to map 528482304 bytes for G1 virtual space
# Possible reasons:
#   The system is out of physical RAM or swap space
#   The process is running with CompressedOops enabled, and the Java Heap may be blocking the growth of the native heap
# Possible solutions:
#   Reduce memory load on the system
#   Increase physical memory or swap space
#   Check if swap backing store is full
#   Decrease Java heap size (-Xmx/-Xms)
#   Decrease number of Java threads
#   Decrease Java thread stack sizes (-Xss)
#   Set larger code cache with -XX:ReservedCodeCacheSize=
#   JVM is running with Unscaled Compressed Oops mode in which the Java heap is
#     placed in the first 4GB address space. The Java Heap base address is the
#     maximum limit for the native heap growth. Please use -XX:HeapBaseMinAddress
#     to set the Java Heap base and to place the Java Heap above 4GB virtual address.
# This output file may be truncated or incomplete.
#
#  Out of Memory Error (os_windows.cpp:3541), pid=55940, tid=68184
#
# JRE version: OpenJDK Runtime Environment Temurin-17.0.4.1+1 (17.0.4.1+1) (build 17.0.4.1+1)
# Java VM: OpenJDK 64-Bit Server VM Temurin-17.0.4.1+1 (17.0.4.1+1, mixed mode, emulated-client, tiered, compressed oops, compressed class ptrs, g1 gc, windows-amd64)
# No core dump will be written. Minidumps are not enabled by default on client versions of Windows
#

---------------  S U M M A R Y ------------

Command Line: -Dsts.lsp.client=vscode -Dsts.log.file=/dev/null -XX:TieredStopAtLevel=1 -Xlog:jni+resolve=off -Dspring.config.location=file:c:\Users\datea\.vscode\extensions\pivotal.vscode-spring-boot-1.40.0\language-server\BOOT-INF\classes\application.properties org.springframework.ide.vscode.boot.app.BootLanguageServerBootApp

Host: Intel(R) Core(TM) i5-1035G1 CPU @ 1.00GHz, 8 cores, 7G,  Windows 11 , 64 bit Build 25227 (10.0.25227.1000)
Time: Wed Oct 26 11:41:23 2022 SE Asia Standard Time elapsed time: 7.453813 seconds (0d 0h 0m 7s)

---------------  T H R E A D  ---------------

Current thread (0x0000025c74807340):  VMThread "VM Thread" [stack: 0x000000d80ce00000,0x000000d80cf00000] [id=68184]

Stack: [0x000000d80ce00000,0x000000d80cf00000]
Native frames: (J=compiled Java code, j=interpreted, Vv=VM code, C=native code)
V  [jvm.dll+0x67731a]
V  [jvm.dll+0x832284]
V  [jvm.dll+0x833a2e]
V  [jvm.dll+0x834093]
V  [jvm.dll+0x245775]
V  [jvm.dll+0x674209]
V  [jvm.dll+0x668a92]
V  [jvm.dll+0x30471b]
V  [jvm.dll+0x30bc66]
V  [jvm.dll+0x35ba9e]
V  [jvm.dll+0x35bccf]
V  [jvm.dll+0x2db5b8]
V  [jvm.dll+0x2d986c]
V  [jvm.dll+0x2d8e3c]
V  [jvm.dll+0x31cd9b]
V  [jvm.dll+0x83853b]
V  [jvm.dll+0x839274]
V  [jvm.dll+0x83978c]
V  [jvm.dll+0x839b64]
V  [jvm.dll+0x839c30]
V  [jvm.dll+0x7e240a]
V  [jvm.dll+0x6761a5]
C  [ucrtbase.dll+0x4b82b]
C  [KERNEL32.DLL+0x1484d]
C  [ntdll.dll+0x67558]

VM_Operation (0x000000d80f2fdfc0): G1CollectForAllocation, mode: safepoint, requested by thread 0x0000025c771f5380


---------------  P R O C E S S  ---------------

Threads class SMR info:
_java_thread_list=0x0000025c7714f3b0, length=43, elements={
0x0000025c754012d0, 0x0000025c75401d90, 0x0000025c748244e0, 0x0000025c74824da0,
0x0000025c74825660, 0x0000025c74825f20, 0x0000025c748295e0, 0x0000025c754451a0,
0x0000025c75555a70, 0x0000025c7564bd50, 0x0000025c75654670, 0x0000025c75ea3e20,
0x0000025c75e95340, 0x0000025c76ea9cd0, 0x0000025c770b9c70, 0x0000025c770b3010,
0x0000025c67532da0, 0x0000025c7718f410, 0x0000025c771bcce0, 0x0000025c771c34f0,
0x0000025c771c0e60, 0x0000025c771f3510, 0x0000025c771ece60, 0x0000025c771f8d40,
0x0000025c771f61f0, 0x0000025c771f6b90, 0x0000025c771f5850, 0x0000025c771f5380,
0x0000025c771f83a0, 0x0000025c771f66c0, 0x0000025c771f7060, 0x0000025c771f7ed0,
0x0000025c771f5d20, 0x0000025c771f8870, 0x0000025c771f7530, 0x0000025c771f7a00,
0x0000025c772bdbb0, 0x0000025c772bc3a0, 0x0000025c772c10a0, 0x0000025c772bf890,
0x0000025c772c2d80, 0x0000025c772bfd60, 0x0000025c772c0230
}

Java Threads: ( => current thread )
  0x0000025c754012d0 JavaThread "Reference Handler" daemon [_thread_blocked, id=71432, stack(0x000000d80cf00000,0x000000d80d000000)]
  0x0000025c75401d90 JavaThread "Finalizer" daemon [_thread_blocked, id=55688, stack(0x000000d80d000000,0x000000d80d100000)]
  0x0000025c748244e0 JavaThread "Signal Dispatcher" daemon [_thread_blocked, id=71316, stack(0x000000d80d100000,0x000000d80d200000)]
  0x0000025c74824da0 JavaThread "Attach Listener" daemon [_thread_blocked, id=69184, stack(0x000000d80d200000,0x000000d80d300000)]
  0x0000025c74825660 JavaThread "Service Thread" daemon [_thread_blocked, id=68104, stack(0x000000d80d300000,0x000000d80d400000)]
  0x0000025c74825f20 JavaThread "Monitor Deflation Thread" daemon [_thread_blocked, id=63924, stack(0x000000d80d400000,0x000000d80d500000)]
  0x0000025c748295e0 JavaThread "C1 CompilerThread0" daemon [_thread_blocked, id=29832, stack(0x000000d80d500000,0x000000d80d600000)]
  0x0000025c754451a0 JavaThread "Sweeper thread" daemon [_thread_blocked, id=64128, stack(0x000000d80d600000,0x000000d80d700000)]
  0x0000025c75555a70 JavaThread "C1 CompilerThread1" daemon [_thread_blocked, id=72148, stack(0x000000d80d700000,0x000000d80d800000)]
  0x0000025c7564bd50 JavaThread "Notification Thread" daemon [_thread_blocked, id=71484, stack(0x000000d80d800000,0x000000d80d900000)]
  0x0000025c75654670 JavaThread "Common-Cleaner" daemon [_thread_blocked, id=61068, stack(0x000000d80da00000,0x000000d80db00000)]
  0x0000025c75ea3e20 JavaThread "C1 CompilerThread2" daemon [_thread_blocked, id=60452, stack(0x000000d80db00000,0x000000d80dc00000)]
  0x0000025c75e95340 JavaThread "C1 CompilerThread3" daemon [_thread_blocked, id=58028, stack(0x000000d80dc00000,0x000000d80dd00000)]
  0x0000025c76ea9cd0 JavaThread "boundedElastic-evictor-1" daemon [_thread_blocked, id=71368, stack(0x000000d80e200000,0x000000d80e300000)]
  0x0000025c770b9c70 JavaThread "pool-9-thread-1" [_thread_blocked, id=71912, stack(0x000000d80e600000,0x000000d80e700000)]
  0x0000025c770b3010 JavaThread "LanguageServerApp-lifecycle" [_thread_blocked, id=3440, stack(0x000000d80e700000,0x000000d80e800000)]
  0x0000025c67532da0 JavaThread "DestroyJavaVM" [_thread_blocked, id=50100, stack(0x000000d80c800000,0x000000d80c900000)]
  0x0000025c7718f410 JavaThread "pool-10-thread-1" [_thread_in_native, id=72412, stack(0x000000d80e800000,0x000000d80e900000)]
  0x0000025c771bcce0 JavaThread "Simple-Language-Server main thread" daemon [_thread_blocked, id=22232, stack(0x000000d80e900000,0x000000d80ea00000)]
  0x0000025c771c34f0 JavaThread "ForkJoinPool.commonPool-worker-1" daemon [_thread_blocked, id=64052, stack(0x000000d80ea00000,0x000000d80eb00000)]
  0x0000025c771c0e60 JavaThread "pool-7-thread-1" [_thread_blocked, id=54612, stack(0x000000d80eb00000,0x000000d80ec00000)]
  0x0000025c771f3510 JavaThread "parallel-1" daemon [_thread_blocked, id=12504, stack(0x000000d80ec00000,0x000000d80ed00000)]
  0x0000025c771ece60 JavaThread "parallel-2" daemon [_thread_blocked, id=70496, stack(0x000000d80ed00000,0x000000d80ee00000)]
  0x0000025c771f8d40 JavaThread "ClassGraph-worker-0" daemon [_thread_blocked, id=66304, stack(0x000000d80ee00000,0x000000d80ef00000)]
  0x0000025c771f61f0 JavaThread "ClassGraph-worker-1" daemon [_thread_blocked, id=70344, stack(0x000000d80ef00000,0x000000d80f000000)]
  0x0000025c771f6b90 JavaThread "ClassGraph-worker-2" daemon [_thread_blocked, id=66656, stack(0x000000d80f000000,0x000000d80f100000)]
  0x0000025c771f5850 JavaThread "ClassGraph-worker-3" daemon [_thread_blocked, id=55852, stack(0x000000d80f100000,0x000000d80f200000)]
  0x0000025c771f5380 JavaThread "ClassGraph-worker-4" daemon [_thread_blocked, id=66796, stack(0x000000d80f200000,0x000000d80f300000)]
  0x0000025c771f83a0 JavaThread "ClassGraph-worker-5" daemon [_thread_blocked, id=68040, stack(0x000000d80f300000,0x000000d80f400000)]
  0x0000025c771f66c0 JavaThread "ClassGraph-worker-6" daemon [_thread_blocked, id=57644, stack(0x000000d80f400000,0x000000d80f500000)]
  0x0000025c771f7060 JavaThread "ClassGraph-worker-7" daemon [_thread_blocked, id=71212, stack(0x000000d80f500000,0x000000d80f600000)]
  0x0000025c771f7ed0 JavaThread "ClassGraph-worker-8" daemon [_thread_blocked, id=53676, stack(0x000000d80f600000,0x000000d80f700000)]
  0x0000025c771f5d20 JavaThread "ClassGraph-worker-9" daemon [_thread_blocked, id=71968, stack(0x000000d80f700000,0x000000d80f800000)]
  0x0000025c771f8870 JavaThread "ClassGraph-worker-10" daemon [_thread_blocked, id=67380, stack(0x000000d80f800000,0x000000d80f900000)]
  0x0000025c771f7530 JavaThread "ClassGraph-worker-11" daemon [_thread_blocked, id=70876, stack(0x000000d80f900000,0x000000d80fa00000)]
  0x0000025c771f7a00 JavaThread "ClassGraph-worker-12" daemon [_thread_blocked, id=61468, stack(0x000000d80fa00000,0x000000d80fb00000)]
  0x0000025c772bdbb0 JavaThread "ClassGraph-worker-13" daemon [_thread_blocked, id=70696, stack(0x000000d80fb00000,0x000000d80fc00000)]
  0x0000025c772bc3a0 JavaThread "parallel-3" daemon [_thread_blocked, id=10956, stack(0x000000d80fc00000,0x000000d80fd00000)]
  0x0000025c772c10a0 JavaThread "Reconciler-1" daemon [_thread_blocked, id=68708, stack(0x000000d80fd00000,0x000000d80fe00000)]
  0x0000025c772bf890 JavaThread "pool-4-thread-1" [_thread_blocked, id=50908, stack(0x000000d80ff00000,0x000000d810000000)]
  0x0000025c772c2d80 JavaThread "ForkJoinPool.commonPool-worker-2" daemon [_thread_blocked, id=58000, stack(0x000000d810000000,0x000000d810100000)]
  0x0000025c772bfd60 JavaThread "pool-4-thread-2" [_thread_blocked, id=70848, stack(0x000000d810100000,0x000000d810200000)]
  0x0000025c772c0230 JavaThread "pool-4-thread-3" [_thread_blocked, id=72432, stack(0x000000d810200000,0x000000d810300000)]

Other Threads:
=>0x0000025c74807340 VMThread "VM Thread" [stack: 0x000000d80ce00000,0x000000d80cf00000] [id=68184]
  0x0000025c7564c220 WatcherThread [stack: 0x000000d80d900000,0x000000d80da00000] [id=65144]
  0x0000025c6758e1e0 GCTaskThread "GC Thread#0" [stack: 0x000000d80c900000,0x000000d80ca00000] [id=61944]
  0x0000025c75f4a020 GCTaskThread "GC Thread#1" [stack: 0x000000d80dd00000,0x000000d80de00000] [id=54204]
  0x0000025c75f4a2d0 GCTaskThread "GC Thread#2" [stack: 0x000000d80de00000,0x000000d80df00000] [id=71744]
  0x0000025c75ff4c90 GCTaskThread "GC Thread#3" [stack: 0x000000d80df00000,0x000000d80e000000] [id=72180]
  0x0000025c75ff4f40 GCTaskThread "GC Thread#4" [stack: 0x000000d80e000000,0x000000d80e100000] [id=57012]
  0x0000025c75ff51f0 GCTaskThread "GC Thread#5" [stack: 0x000000d80e100000,0x000000d80e200000] [id=16728]
  0x0000025c76a1c840 GCTaskThread "GC Thread#6" [stack: 0x000000d80e300000,0x000000d80e400000] [id=71220]
  0x0000025c76a1caf0 GCTaskThread "GC Thread#7" [stack: 0x000000d80e400000,0x000000d80e500000] [id=67916]
  0x0000025c6759eb50 ConcurrentGCThread "G1 Main Marker" [stack: 0x000000d80ca00000,0x000000d80cb00000] [id=57572]
  0x0000025c675a0c20 ConcurrentGCThread "G1 Conc#0" [stack: 0x000000d80cb00000,0x000000d80cc00000] [id=72516]
  0x0000025c76c72b10 ConcurrentGCThread "G1 Conc#1" [stack: 0x000000d80e500000,0x000000d80e600000] [id=45824]
  0x0000025c675ed650 ConcurrentGCThread "G1 Refine#0" [stack: 0x000000d80cc00000,0x000000d80cd00000] [id=70500]
  0x0000025c772f9dc0 ConcurrentGCThread "G1 Refine#1" [stack: 0x000000d80fe00000,0x000000d80ff00000] [id=63876]
  0x0000025c7907c170 ConcurrentGCThread "G1 Refine#2" [stack: 0x000000d810300000,0x000000d810400000] [id=61584]
  0x0000025c7466c110 ConcurrentGCThread "G1 Service" [stack: 0x000000d80cd00000,0x000000d80ce00000] [id=60616]

Threads with active compile tasks:

VM state: at safepoint (normal execution)

VM Mutex/Monitor currently owned by a thread:  ([mutex/lock_event])
[0x0000025c652f48c0] Threads_lock - owner thread: 0x0000025c74807340
[0x0000025c6752ff50] Heap_lock - owner thread: 0x0000025c771f5380

Heap address: 0x0000000083200000, size: 1998 MB, Compressed Oops mode: 32-bit

CDS archive(s) not mapped
Compressed class space mapped at: 0x0000000100000000-0x0000000140000000, reserved size: 1073741824
Narrow klass base: 0x0000000000000000, Narrow klass shift: 3, Narrow klass range: 0x140000000

GC Precious Log:
 CPUs: 8 total, 8 available
 Memory: 7987M
 Large Page Support: Disabled
 NUMA Support: Disabled
 Compressed Oops: Enabled (32-bit)
 Heap Region Size: 1M
 Heap Min Capacity: 8M
 Heap Initial Capacity: 126M
 Heap Max Capacity: 1998M
 Pre-touch: Disabled
 Parallel Workers: 8
 Concurrent Workers: 2
 Concurrent Refinement Workers: 8
 Periodic GC: Disabled

Heap:
 garbage-first heap   total 258048K, used 72370K [0x0000000083200000, 0x0000000100000000)
  region size 1024K, 2 young (2048K), 2 survivors (2048K)
 Metaspace       used 38665K, committed 38976K, reserved 1089536K
  class space    used 4879K, committed 5056K, reserved 1048576K

Heap Regions: E=young(eden), S=young(survivor), O=old, HS=humongous(starts), HC=humongous(continues), CS=collection set, F=free, OA=open archive, CA=closed archive, TAMS=top-at-mark-start (previous, next)
|   0|0x0000000083200000, 0x0000000083300000, 0x0000000083300000|100%| O|  |TAMS 0x0000000083300000, 0x0000000083300000| Untracked 
|   1|0x0000000083300000, 0x0000000083400000, 0x0000000083400000|100%| O|  |TAMS 0x0000000083400000, 0x0000000083400000| Untracked 
|   2|0x0000000083400000, 0x0000000083500000, 0x0000000083500000|100%| O|  |TAMS 0x0000000083500000, 0x0000000083500000| Untracked 
|   3|0x0000000083500000, 0x0000000083600000, 0x0000000083600000|100%| O|  |TAMS 0x0000000083600000, 0x0000000083600000| Untracked 
|   4|0x0000000083600000, 0x0000000083700000, 0x0000000083700000|100%| O|  |TAMS 0x0000000083700000, 0x0000000083700000| Untracked 
|   5|0x0000000083700000, 0x0000000083800000, 0x0000000083800000|100%| O|  |TAMS 0x0000000083800000, 0x0000000083800000| Untracked 
|   6|0x0000000083800000, 0x0000000083900000, 0x0000000083900000|100%| O|  |TAMS 0x0000000083900000, 0x0000000083900000| Untracked 
|   7|0x0000000083900000, 0x0000000083a00000, 0x0000000083a00000|100%| O|  |TAMS 0x0000000083a00000, 0x0000000083a00000| Untracked 
|   8|0x0000000083a00000, 0x0000000083b00000, 0x0000000083b00000|100%| O|  |TAMS 0x0000000083b00000, 0x0000000083b00000| Untracked 
|   9|0x0000000083b00000, 0x0000000083c00000, 0x0000000083c00000|100%| O|  |TAMS 0x0000000083c00000, 0x0000000083c00000| Untracked 
|  10|0x0000000083c00000, 0x0000000083d00000, 0x0000000083d00000|100%| O|  |TAMS 0x0000000083d00000, 0x0000000083d00000| Untracked 
|  11|0x0000000083d00000, 0x0000000083e00000, 0x0000000083e00000|100%| O|  |TAMS 0x0000000083e00000, 0x0000000083e00000| Untracked 
|  12|0x0000000083e00000, 0x0000000083f00000, 0x0000000083f00000|100%| O|  |TAMS 0x0000000083f00000, 0x0000000083f00000| Untracked 
|  13|0x0000000083f00000, 0x0000000084000000, 0x0000000084000000|100%| O|  |TAMS 0x0000000084000000, 0x0000000084000000| Untracked 
|  14|0x0000000084000000, 0x0000000084100000, 0x0000000084100000|100%| O|  |TAMS 0x0000000084100000, 0x0000000084100000| Untracked 
|  15|0x0000000084100000, 0x0000000084200000, 0x0000000084200000|100%| O|  |TAMS 0x0000000084200000, 0x0000000084200000| Untracked 
|  16|0x0000000084200000, 0x0000000084300000, 0x0000000084300000|100%| O|  |TAMS 0x0000000084237a00, 0x0000000084300000| Untracked 
|  17|0x0000000084300000, 0x0000000084400000, 0x0000000084400000|100%| O|  |TAMS 0x0000000084300000, 0x0000000084400000| Untracked 
|  18|0x0000000084400000, 0x0000000084500000, 0x0000000084500000|100%| O|  |TAMS 0x0000000084400000, 0x0000000084500000| Untracked 
|  19|0x0000000084500000, 0x0000000084600000, 0x0000000084600000|100%| O|  |TAMS 0x0000000084500000, 0x0000000084600000| Untracked 
|  20|0x0000000084600000, 0x0000000084700000, 0x0000000084700000|100%| O|  |TAMS 0x0000000084600000, 0x0000000084700000| Untracked 
|  21|0x0000000084700000, 0x0000000084800000, 0x0000000084800000|100%| O|  |TAMS 0x0000000084700000, 0x0000000084800000| Untracked 
|  22|0x0000000084800000, 0x0000000084900000, 0x0000000084900000|100%| O|  |TAMS 0x0000000084800000, 0x0000000084900000| Untracked 
|  23|0x0000000084900000, 0x0000000084a00000, 0x0000000084a00000|100%| O|  |TAMS 0x0000000084900000, 0x0000000084a00000| Untracked 
|  24|0x0000000084a00000, 0x0000000084b00000, 0x0000000084b00000|100%| O|  |TAMS 0x0000000084a00000, 0x0000000084b00000| Untracked 
|  25|0x0000000084b00000, 0x0000000084c00000, 0x0000000084c00000|100%| O|  |TAMS 0x0000000084b00000, 0x0000000084c00000| Untracked 
|  26|0x0000000084c00000, 0x0000000084d00000, 0x0000000084d00000|100%| O|  |TAMS 0x0000000084c00000, 0x0000000084d00000| Untracked 
|  27|0x0000000084d00000, 0x0000000084e00000, 0x0000000084e00000|100%| O|  |TAMS 0x0000000084d00000, 0x0000000084e00000| Untracked 
|  28|0x0000000084e00000, 0x0000000084f00000, 0x0000000084f00000|100%| O|  |TAMS 0x0000000084e00000, 0x0000000084f00000| Untracked 
|  29|0x0000000084f00000, 0x0000000085000000, 0x0000000085000000|100%| O|  |TAMS 0x0000000084f00000, 0x0000000085000000| Untracked 
|  30|0x0000000085000000, 0x0000000085100000, 0x0000000085100000|100%| O|  |TAMS 0x0000000085000000, 0x0000000085100000| Untracked 
|  31|0x0000000085100000, 0x0000000085200000, 0x0000000085200000|100%| O|  |TAMS 0x0000000085100000, 0x0000000085200000| Untracked 
|  32|0x0000000085200000, 0x0000000085300000, 0x0000000085300000|100%| O|  |TAMS 0x0000000085200000, 0x0000000085300000| Untracked 
|  33|0x0000000085300000, 0x0000000085400000, 0x0000000085400000|100%| O|  |TAMS 0x0000000085300000, 0x0000000085400000| Untracked 
|  34|0x0000000085400000, 0x0000000085500000, 0x0000000085500000|100%| O|  |TAMS 0x0000000085400000, 0x0000000085500000| Untracked 
|  35|0x0000000085500000, 0x0000000085600000, 0x0000000085600000|100%| O|  |TAMS 0x0000000085500000, 0x0000000085600000| Untracked 
|  36|0x0000000085600000, 0x0000000085700000, 0x0000000085700000|100%| O|  |TAMS 0x0000000085600000, 0x0000000085700000| Untracked 
|  37|0x0000000085700000, 0x0000000085800000, 0x0000000085800000|100%| O|  |TAMS 0x0000000085700000, 0x0000000085800000| Untracked 
|  38|0x0000000085800000, 0x0000000085900000, 0x0000000085900000|100%| O|  |TAMS 0x0000000085800000, 0x0000000085900000| Untracked 
|  39|0x0000000085900000, 0x0000000085a00000, 0x0000000085a00000|100%| O|  |TAMS 0x0000000085900000, 0x0000000085a00000| Untracked 
|  40|0x0000000085a00000, 0x0000000085b00000, 0x0000000085b00000|100%| O|  |TAMS 0x0000000085a00000, 0x0000000085b00000| Untracked 
|  41|0x0000000085b00000, 0x0000000085c00000, 0x0000000085c00000|100%| O|  |TAMS 0x0000000085b00000, 0x0000000085c00000| Untracked 
|  42|0x0000000085c00000, 0x0000000085d00000, 0x0000000085d00000|100%|HS|  |TAMS 0x0000000085c00000, 0x0000000085d00000| Complete 
|  43|0x0000000085d00000, 0x0000000085e00000, 0x0000000085e00000|100%| O|  |TAMS 0x0000000085d00000, 0x0000000085e00000| Untracked 
|  44|0x0000000085e00000, 0x0000000085f00000, 0x0000000085f00000|100%| O|  |TAMS 0x0000000085e00000, 0x0000000085f00000| Untracked 
|  45|0x0000000085f00000, 0x0000000086000000, 0x0000000086000000|100%| O|  |TAMS 0x0000000085f00000, 0x0000000086000000| Untracked 
|  46|0x0000000086000000, 0x0000000086100000, 0x0000000086100000|100%| O|  |TAMS 0x0000000086000000, 0x0000000086100000| Untracked 
|  47|0x0000000086100000, 0x0000000086200000, 0x0000000086200000|100%| O|  |TAMS 0x0000000086100000, 0x0000000086200000| Untracked 
|  48|0x0000000086200000, 0x0000000086300000, 0x0000000086300000|100%| O|  |TAMS 0x0000000086200000, 0x0000000086300000| Untracked 
|  49|0x0000000086300000, 0x0000000086400000, 0x0000000086400000|100%| O|  |TAMS 0x0000000086300000, 0x0000000086400000| Untracked 
|  50|0x0000000086400000, 0x0000000086500000, 0x0000000086500000|100%| O|  |TAMS 0x0000000086400000, 0x0000000086500000| Untracked 
|  51|0x0000000086500000, 0x0000000086600000, 0x0000000086600000|100%| O|  |TAMS 0x0000000086500000, 0x0000000086600000| Untracked 
|  52|0x0000000086600000, 0x0000000086700000, 0x0000000086700000|100%| O|  |TAMS 0x0000000086600000, 0x0000000086700000| Untracked 
|  53|0x0000000086700000, 0x0000000086800000, 0x0000000086800000|100%|HS|  |TAMS 0x0000000086700000, 0x0000000086800000| Complete 
|  54|0x0000000086800000, 0x0000000086900000, 0x0000000086900000|100%| O|  |TAMS 0x0000000086800000, 0x0000000086900000| Untracked 
|  55|0x0000000086900000, 0x0000000086a00000, 0x0000000086a00000|100%| O|  |TAMS 0x0000000086900000, 0x0000000086a00000| Untracked 
|  56|0x0000000086a00000, 0x0000000086b00000, 0x0000000086b00000|100%| O|  |TAMS 0x0000000086a00000, 0x0000000086b00000| Untracked 
|  57|0x0000000086b00000, 0x0000000086c00000, 0x0000000086c00000|100%| O|  |TAMS 0x0000000086b00000, 0x0000000086c00000| Untracked 
|  58|0x0000000086c00000, 0x0000000086d00000, 0x0000000086d00000|100%| O|  |TAMS 0x0000000086c00000, 0x0000000086d00000| Untracked 
|  59|0x0000000086d00000, 0x0000000086e00000, 0x0000000086e00000|100%| O|  |TAMS 0x0000000086d00000, 0x0000000086e00000| Untracked 
|  60|0x0000000086e00000, 0x0000000086f00000, 0x0000000086f00000|100%| O|  |TAMS 0x0000000086e00000, 0x0000000086f00000| Untracked 
|  61|0x0000000086f00000, 0x0000000087000000, 0x0000000087000000|100%| O|  |TAMS 0x0000000086f00000, 0x0000000086f00000| Untracked 
|  62|0x0000000087000000, 0x0000000087100000, 0x0000000087100000|100%| O|  |TAMS 0x0000000087000000, 0x0000000087000000| Untracked 
|  63|0x0000000087100000, 0x0000000087200000, 0x0000000087200000|100%| O|  |TAMS 0x0000000087100000, 0x0000000087100000| Untracked 
|  64|0x0000000087200000, 0x0000000087300000, 0x0000000087300000|100%| O|  |TAMS 0x0000000087200000, 0x0000000087200000| Untracked 
|  65|0x0000000087300000, 0x0000000087400000, 0x0000000087400000|100%| O|  |TAMS 0x0000000087300000, 0x0000000087300000| Untracked 
|  66|0x0000000087400000, 0x0000000087500000, 0x0000000087500000|100%| O|  |TAMS 0x0000000087400000, 0x0000000087400000| Untracked 
|  67|0x0000000087500000, 0x0000000087600000, 0x0000000087600000|100%| O|  |TAMS 0x0000000087500000, 0x0000000087500000| Untracked 
|  68|0x0000000087600000, 0x0000000087700000, 0x0000000087700000|100%| O|  |TAMS 0x0000000087600000, 0x0000000087600000| Untracked 
|  69|0x0000000087700000, 0x0000000087783400, 0x0000000087800000| 51%| O|  |TAMS 0x0000000087700000, 0x0000000087700000| Untracked 
|  70|0x0000000087800000, 0x0000000087800000, 0x0000000087900000|  0%| F|  |TAMS 0x0000000087800000, 0x0000000087800000| Untracked 
|  71|0x0000000087900000, 0x0000000087900000, 0x0000000087a00000|  0%| F|  |TAMS 0x0000000087900000, 0x0000000087900000| Untracked 
|  72|0x0000000087a00000, 0x0000000087a00000, 0x0000000087b00000|  0%| F|  |TAMS 0x0000000087a00000, 0x0000000087a00000| Untracked 
|  73|0x0000000087b00000, 0x0000000087b00000, 0x0000000087c00000|  0%| F|  |TAMS 0x0000000087b00000, 0x0000000087b00000| Untracked 
|  74|0x0000000087c00000, 0x0000000087c00000, 0x0000000087d00000|  0%| F|  |TAMS 0x0000000087c00000, 0x0000000087c00000| Untracked 
|  75|0x0000000087d00000, 0x0000000087d00000, 0x0000000087e00000|  0%| F|  |TAMS 0x0000000087d00000, 0x0000000087d00000| Untracked 
|  76|0x0000000087e00000, 0x0000000087e00000, 0x0000000087f00000|  0%| F|  |TAMS 0x0000000087e00000, 0x0000000087e00000| Untracked 
|  77|0x0000000087f00000, 0x0000000087f00000, 0x0000000088000000|  0%| F|  |TAMS 0x0000000087f00000, 0x0000000087f00000| Untracked 
|  78|0x0000000088000000, 0x0000000088000000, 0x0000000088100000|  0%| F|  |TAMS 0x0000000088000000, 0x0000000088000000| Untracked 
|  79|0x0000000088100000, 0x0000000088100000, 0x0000000088200000|  0%| F|  |TAMS 0x0000000088100000, 0x0000000088100000| Untracked 
|  80|0x0000000088200000, 0x0000000088200000, 0x0000000088300000|  0%| F|  |TAMS 0x0000000088200000, 0x0000000088200000| Untracked 
|  81|0x0000000088300000, 0x0000000088300000, 0x0000000088400000|  0%| F|  |TAMS 0x0000000088300000, 0x0000000088300000| Untracked 
|  82|0x0000000088400000, 0x0000000088400000, 0x0000000088500000|  0%| F|  |TAMS 0x0000000088400000, 0x0000000088400000| Untracked 
|  83|0x0000000088500000, 0x0000000088500000, 0x0000000088600000|  0%| F|  |TAMS 0x0000000088500000, 0x0000000088500000| Untracked 
|  84|0x0000000088600000, 0x0000000088600000, 0x0000000088700000|  0%| F|  |TAMS 0x0000000088600000, 0x0000000088600000| Untracked 
|  85|0x0000000088700000, 0x0000000088700000, 0x0000000088800000|  0%| F|  |TAMS 0x0000000088700000, 0x0000000088700000| Untracked 
|  86|0x0000000088800000, 0x0000000088800000, 0x0000000088900000|  0%| F|  |TAMS 0x0000000088800000, 0x0000000088800000| Untracked 
|  87|0x0000000088900000, 0x0000000088900000, 0x0000000088a00000|  0%| F|  |TAMS 0x0000000088900000, 0x0000000088900000| Untracked 
|  88|0x0000000088a00000, 0x0000000088a00000, 0x0000000088b00000|  0%| F|  |TAMS 0x0000000088a00000, 0x0000000088a00000| Untracked 
|  89|0x0000000088b00000, 0x0000000088b00000, 0x0000000088c00000|  0%| F|  |TAMS 0x0000000088b00000, 0x0000000088b00000| Untracked 
|  90|0x0000000088c00000, 0x0000000088c00000, 0x0000000088d00000|  0%| F|  |TAMS 0x0000000088c00000, 0x0000000088c00000| Untracked 
|  91|0x0000000088d00000, 0x0000000088d00000, 0x0000000088e00000|  0%| F|  |TAMS 0x0000000088d00000, 0x0000000088d00000| Untracked 
|  92|0x0000000088e00000, 0x0000000088e00000, 0x0000000088f00000|  0%| F|  |TAMS 0x0000000088e00000, 0x0000000088e00000| Untracked 
|  93|0x0000000088f00000, 0x0000000088f00000, 0x0000000089000000|  0%| F|  |TAMS 0x0000000088f00000, 0x0000000088f00000| Untracked 
|  94|0x0000000089000000, 0x0000000089000000, 0x0000000089100000|  0%| F|  |TAMS 0x0000000089000000, 0x0000000089000000| Untracked 
|  95|0x0000000089100000, 0x0000000089100000, 0x0000000089200000|  0%| F|  |TAMS 0x0000000089100000, 0x0000000089100000| Untracked 
|  96|0x0000000089200000, 0x0000000089200000, 0x0000000089300000|  0%| F|  |TAMS 0x0000000089200000, 0x0000000089200000| Untracked 
|  97|0x0000000089300000, 0x0000000089300000, 0x0000000089400000|  0%| F|  |TAMS 0x0000000089300000, 0x0000000089300000| Untracked 
|  98|0x0000000089400000, 0x0000000089400000, 0x0000000089500000|  0%| F|  |TAMS 0x0000000089400000, 0x0000000089400000| Untracked 
|  99|0x0000000089500000, 0x0000000089500000, 0x0000000089600000|  0%| F|  |TAMS 0x0000000089500000, 0x0000000089500000| Untracked 
| 100|0x0000000089600000, 0x0000000089600000, 0x0000000089700000|  0%| F|  |TAMS 0x0000000089600000, 0x0000000089600000| Untracked 
| 101|0x0000000089700000, 0x0000000089700000, 0x0000000089800000|  0%| F|  |TAMS 0x0000000089700000, 0x0000000089700000| Untracked 
| 102|0x0000000089800000, 0x0000000089800000, 0x0000000089900000|  0%| F|  |TAMS 0x0000000089800000, 0x0000000089800000| Untracked 
| 103|0x0000000089900000, 0x0000000089900000, 0x0000000089a00000|  0%| F|  |TAMS 0x0000000089900000, 0x0000000089900000| Untracked 
| 104|0x0000000089a00000, 0x0000000089a00000, 0x0000000089b00000|  0%| F|  |TAMS 0x0000000089a00000, 0x0000000089a00000| Untracked 
| 105|0x0000000089b00000, 0x0000000089b00000, 0x0000000089c00000|  0%| F|  |TAMS 0x0000000089b00000, 0x0000000089b00000| Untracked 
| 106|0x0000000089c00000, 0x0000000089c00000, 0x0000000089d00000|  0%| F|  |TAMS 0x0000000089c00000, 0x0000000089c00000| Untracked 
| 107|0x0000000089d00000, 0x0000000089d00000, 0x0000000089e00000|  0%| F|  |TAMS 0x0000000089d00000, 0x0000000089d00000| Untracked 
| 108|0x0000000089e00000, 0x0000000089e00000, 0x0000000089f00000|  0%| F|  |TAMS 0x0000000089e00000, 0x0000000089e00000| Untracked 
| 109|0x0000000089f00000, 0x0000000089f00000, 0x000000008a000000|  0%| F|  |TAMS 0x0000000089f00000, 0x0000000089f00000| Untracked 
| 110|0x000000008a000000, 0x000000008a000000, 0x000000008a100000|  0%| F|  |TAMS 0x000000008a000000, 0x000000008a000000| Untracked 
| 111|0x000000008a100000, 0x000000008a100000, 0x000000008a200000|  0%| F|  |TAMS 0x000000008a100000, 0x000000008a100000| Untracked 
| 112|0x000000008a200000, 0x000000008a200000, 0x000000008a300000|  0%| F|  |TAMS 0x000000008a200000, 0x000000008a200000| Untracked 
| 113|0x000000008a300000, 0x000000008a300000, 0x000000008a400000|  0%| F|  |TAMS 0x000000008a300000, 0x000000008a300000| Untracked 
| 114|0x000000008a400000, 0x000000008a400000, 0x000000008a500000|  0%| F|  |TAMS 0x000000008a400000, 0x000000008a400000| Untracked 
| 115|0x000000008a500000, 0x000000008a500000, 0x000000008a600000|  0%| F|  |TAMS 0x000000008a500000, 0x000000008a500000| Untracked 
| 116|0x000000008a600000, 0x000000008a600000, 0x000000008a700000|  0%| F|  |TAMS 0x000000008a600000, 0x000000008a600000| Untracked 
| 117|0x000000008a700000, 0x000000008a700000, 0x000000008a800000|  0%| F|  |TAMS 0x000000008a700000, 0x000000008a700000| Untracked 
| 118|0x000000008a800000, 0x000000008a800000, 0x000000008a900000|  0%| F|  |TAMS 0x000000008a800000, 0x000000008a800000| Untracked 
| 119|0x000000008a900000, 0x000000008a900000, 0x000000008aa00000|  0%| F|  |TAMS 0x000000008a900000, 0x000000008a900000| Untracked 
| 120|0x000000008aa00000, 0x000000008aa00000, 0x000000008ab00000|  0%| F|  |TAMS 0x000000008aa00000, 0x000000008aa00000| Untracked 
| 121|0x000000008ab00000, 0x000000008ab00000, 0x000000008ac00000|  0%| F|  |TAMS 0x000000008ab00000, 0x000000008ab00000| Untracked 
| 122|0x000000008ac00000, 0x000000008ac00000, 0x000000008ad00000|  0%| F|  |TAMS 0x000000008ac00000, 0x000000008ac00000| Untracked 
| 123|0x000000008ad00000, 0x000000008ad00000, 0x000000008ae00000|  0%| F|  |TAMS 0x000000008ad00000, 0x000000008ad00000| Untracked 
| 124|0x000000008ae00000, 0x000000008ae00000, 0x000000008af00000|  0%| F|  |TAMS 0x000000008ae00000, 0x000000008ae00000| Untracked 
| 125|0x000000008af00000, 0x000000008af00000, 0x000000008b000000|  0%| F|  |TAMS 0x000000008af00000, 0x000000008af00000| Untracked 
| 126|0x000000008b000000, 0x000000008b000000, 0x000000008b100000|  0%| F|  |TAMS 0x000000008b000000, 0x000000008b000000| Untracked 
| 127|0x000000008b100000, 0x000000008b100000, 0x000000008b200000|  0%| F|  |TAMS 0x000000008b100000, 0x000000008b100000| Untracked 
| 128|0x000000008b200000, 0x000000008b200000, 0x000000008b300000|  0%| F|  |TAMS 0x000000008b200000, 0x000000008b200000| Untracked 
| 129|0x000000008b300000, 0x000000008b300000, 0x000000008b400000|  0%| F|  |TAMS 0x000000008b300000, 0x000000008b300000| Untracked 
| 130|0x000000008b400000, 0x000000008b400000, 0x000000008b500000|  0%| F|  |TAMS 0x000000008b400000, 0x000000008b400000| Untracked 
| 131|0x000000008b500000, 0x000000008b500000, 0x000000008b600000|  0%| F|  |TAMS 0x000000008b500000, 0x000000008b500000| Untracked 
| 132|0x000000008b600000, 0x000000008b600000, 0x000000008b700000|  0%| F|  |TAMS 0x000000008b600000, 0x000000008b600000| Untracked 
| 133|0x000000008b700000, 0x000000008b700000, 0x000000008b800000|  0%| F|  |TAMS 0x000000008b700000, 0x000000008b700000| Untracked 
| 134|0x000000008b800000, 0x000000008b800000, 0x000000008b900000|  0%| F|  |TAMS 0x000000008b800000, 0x000000008b800000| Untracked 
| 135|0x000000008b900000, 0x000000008b900000, 0x000000008ba00000|  0%| F|  |TAMS 0x000000008b900000, 0x000000008b900000| Untracked 
| 136|0x000000008ba00000, 0x000000008ba00000, 0x000000008bb00000|  0%| F|  |TAMS 0x000000008ba00000, 0x000000008ba00000| Untracked 
| 137|0x000000008bb00000, 0x000000008bb00000, 0x000000008bc00000|  0%| F|  |TAMS 0x000000008bb00000, 0x000000008bb00000| Untracked 
| 138|0x000000008bc00000, 0x000000008bc00000, 0x000000008bd00000|  0%| F|  |TAMS 0x000000008bc00000, 0x000000008bc00000| Untracked 
| 139|0x000000008bd00000, 0x000000008bd00000, 0x000000008be00000|  0%| F|  |TAMS 0x000000008bd00000, 0x000000008bd00000| Untracked 
| 140|0x000000008be00000, 0x000000008be00000, 0x000000008bf00000|  0%| F|  |TAMS 0x000000008be00000, 0x000000008be00000| Untracked 
| 141|0x000000008bf00000, 0x000000008bf00000, 0x000000008c000000|  0%| F|  |TAMS 0x000000008bf00000, 0x000000008bf00000| Untracked 
| 142|0x000000008c000000, 0x000000008c000000, 0x000000008c100000|  0%| F|  |TAMS 0x000000008c000000, 0x000000008c000000| Untracked 
| 143|0x000000008c100000, 0x000000008c100000, 0x000000008c200000|  0%| F|  |TAMS 0x000000008c100000, 0x000000008c100000| Untracked 
| 144|0x000000008c200000, 0x000000008c200000, 0x000000008c300000|  0%| F|  |TAMS 0x000000008c200000, 0x000000008c200000| Untracked 
| 145|0x000000008c300000, 0x000000008c300000, 0x000000008c400000|  0%| F|  |TAMS 0x000000008c300000, 0x000000008c300000| Untracked 
| 146|0x000000008c400000, 0x000000008c400000, 0x000000008c500000|  0%| F|  |TAMS 0x000000008c400000, 0x000000008c400000| Untracked 
| 147|0x000000008c500000, 0x000000008c500000, 0x000000008c600000|  0%| F|  |TAMS 0x000000008c500000, 0x000000008c500000| Untracked 
| 148|0x000000008c600000, 0x000000008c600000, 0x000000008c700000|  0%| F|  |TAMS 0x000000008c600000, 0x000000008c600000| Untracked 
| 149|0x000000008c700000, 0x000000008c700000, 0x000000008c800000|  0%| F|  |TAMS 0x000000008c700000, 0x000000008c700000| Untracked 
| 150|0x000000008c800000, 0x000000008c800000, 0x000000008c900000|  0%| F|  |TAMS 0x000000008c800000, 0x000000008c800000| Untracked 
| 151|0x000000008c900000, 0x000000008c900000, 0x000000008ca00000|  0%| F|  |TAMS 0x000000008c900000, 0x000000008c900000| Untracked 
| 152|0x000000008ca00000, 0x000000008ca00000, 0x000000008cb00000|  0%| F|  |TAMS 0x000000008ca00000, 0x000000008ca00000| Untracked 
| 153|0x000000008cb00000, 0x000000008cb00000, 0x000000008cc00000|  0%| F|  |TAMS 0x000000008cb00000, 0x000000008cb00000| Untracked 
| 154|0x000000008cc00000, 0x000000008cc00000, 0x000000008cd00000|  0%| F|  |TAMS 0x000000008cc00000, 0x000000008cc00000| Untracked 
| 155|0x000000008cd00000, 0x000000008cd00000, 0x000000008ce00000|  0%| F|  |TAMS 0x000000008cd00000, 0x000000008cd00000| Untracked 
| 156|0x000000008ce00000, 0x000000008ce00000, 0x000000008cf00000|  0%| F|  |TAMS 0x000000008ce00000, 0x000000008ce00000| Untracked 
| 157|0x000000008cf00000, 0x000000008cf00000, 0x000000008d000000|  0%| F|  |TAMS 0x000000008cf00000, 0x000000008cf00000| Untracked 
| 158|0x000000008d000000, 0x000000008d000000, 0x000000008d100000|  0%| F|  |TAMS 0x000000008d000000, 0x000000008d000000| Untracked 
| 159|0x000000008d100000, 0x000000008d100000, 0x000000008d200000|  0%| F|  |TAMS 0x000000008d100000, 0x000000008d100000| Untracked 
| 160|0x000000008d200000, 0x000000008d200000, 0x000000008d300000|  0%| F|  |TAMS 0x000000008d200000, 0x000000008d200000| Untracked 
| 161|0x000000008d300000, 0x000000008d300000, 0x000000008d400000|  0%| F|  |TAMS 0x000000008d300000, 0x000000008d300000| Untracked 
| 162|0x000000008d400000, 0x000000008d400000, 0x000000008d500000|  0%| F|  |TAMS 0x000000008d400000, 0x000000008d400000| Untracked 
| 163|0x000000008d500000, 0x000000008d500000, 0x000000008d600000|  0%| F|  |TAMS 0x000000008d500000, 0x000000008d500000| Untracked 
| 164|0x000000008d600000, 0x000000008d600000, 0x000000008d700000|  0%| F|  |TAMS 0x000000008d600000, 0x000000008d600000| Untracked 
| 165|0x000000008d700000, 0x000000008d700000, 0x000000008d800000|  0%| F|  |TAMS 0x000000008d700000, 0x000000008d700000| Untracked 
| 166|0x000000008d800000, 0x000000008d800000, 0x000000008d900000|  0%| F|  |TAMS 0x000000008d800000, 0x000000008d800000| Untracked 
| 167|0x000000008d900000, 0x000000008d900000, 0x000000008da00000|  0%| F|  |TAMS 0x000000008d900000, 0x000000008d900000| Untracked 
| 168|0x000000008da00000, 0x000000008da00000, 0x000000008db00000|  0%| F|  |TAMS 0x000000008da00000, 0x000000008da00000| Untracked 
| 169|0x000000008db00000, 0x000000008db00000, 0x000000008dc00000|  0%| F|  |TAMS 0x000000008db00000, 0x000000008db00000| Untracked 
| 170|0x000000008dc00000, 0x000000008dc00000, 0x000000008dd00000|  0%| F|  |TAMS 0x000000008dc00000, 0x000000008dc00000| Untracked 
| 171|0x000000008dd00000, 0x000000008dd00000, 0x000000008de00000|  0%| F|  |TAMS 0x000000008dd00000, 0x000000008dd00000| Untracked 
| 172|0x000000008de00000, 0x000000008de00000, 0x000000008df00000|  0%| F|  |TAMS 0x000000008de00000, 0x000000008de00000| Untracked 
| 173|0x000000008df00000, 0x000000008df00000, 0x000000008e000000|  0%| F|  |TAMS 0x000000008df00000, 0x000000008df00000| Untracked 
| 174|0x000000008e000000, 0x000000008e000000, 0x000000008e100000|  0%| F|  |TAMS 0x000000008e000000, 0x000000008e000000| Untracked 
| 175|0x000000008e100000, 0x000000008e100000, 0x000000008e200000|  0%| F|  |TAMS 0x000000008e100000, 0x000000008e100000| Untracked 
| 176|0x000000008e200000, 0x000000008e200000, 0x000000008e300000|  0%| F|  |TAMS 0x000000008e200000, 0x000000008e200000| Untracked 
| 177|0x000000008e300000, 0x000000008e300000, 0x000000008e400000|  0%| F|  |TAMS 0x000000008e300000, 0x000000008e300000| Untracked 
| 178|0x000000008e400000, 0x000000008e400000, 0x000000008e500000|  0%| F|  |TAMS 0x000000008e400000, 0x000000008e400000| Untracked 
| 179|0x000000008e500000, 0x000000008e500000, 0x000000008e600000|  0%| F|  |TAMS 0x000000008e500000, 0x000000008e500000| Untracked 
| 180|0x000000008e600000, 0x000000008e600000, 0x000000008e700000|  0%| F|  |TAMS 0x000000008e600000, 0x000000008e600000| Untracked 
| 181|0x000000008e700000, 0x000000008e700000, 0x000000008e800000|  0%| F|  |TAMS 0x000000008e700000, 0x000000008e700000| Untracked 
| 182|0x000000008e800000, 0x000000008e800000, 0x000000008e900000|  0%| F|  |TAMS 0x000000008e800000, 0x000000008e800000| Untracked 
| 183|0x000000008e900000, 0x000000008e900000, 0x000000008ea00000|  0%| F|  |TAMS 0x000000008e900000, 0x000000008e900000| Untracked 
| 184|0x000000008ea00000, 0x000000008ea00000, 0x000000008eb00000|  0%| F|  |TAMS 0x000000008ea00000, 0x000000008ea00000| Untracked 
| 185|0x000000008eb00000, 0x000000008eb00000, 0x000000008ec00000|  0%| F|  |TAMS 0x000000008eb00000, 0x000000008eb00000| Untracked 
| 186|0x000000008ec00000, 0x000000008ec00000, 0x000000008ed00000|  0%| F|  |TAMS 0x000000008ec00000, 0x000000008ec00000| Untracked 
| 187|0x000000008ed00000, 0x000000008ed00000, 0x000000008ee00000|  0%| F|  |TAMS 0x000000008ed00000, 0x000000008ed00000| Untracked 
| 188|0x000000008ee00000, 0x000000008ee00000, 0x000000008ef00000|  0%| F|  |TAMS 0x000000008ee00000, 0x000000008ee00000| Untracked 
| 189|0x000000008ef00000, 0x000000008ef00000, 0x000000008f000000|  0%| F|  |TAMS 0x000000008ef00000, 0x000000008ef00000| Untracked 
| 190|0x000000008f000000, 0x000000008f000000, 0x000000008f100000|  0%| F|  |TAMS 0x000000008f000000, 0x000000008f000000| Untracked 
| 191|0x000000008f100000, 0x000000008f100000, 0x000000008f200000|  0%| F|  |TAMS 0x000000008f100000, 0x000000008f100000| Untracked 
| 192|0x000000008f200000, 0x000000008f200000, 0x000000008f300000|  0%| F|  |TAMS 0x000000008f200000, 0x000000008f200000| Untracked 
| 193|0x000000008f300000, 0x000000008f300000, 0x000000008f400000|  0%| F|  |TAMS 0x000000008f300000, 0x000000008f300000| Untracked 
| 194|0x000000008f400000, 0x000000008f400000, 0x000000008f500000|  0%| F|  |TAMS 0x000000008f400000, 0x000000008f400000| Untracked 
| 195|0x000000008f500000, 0x000000008f500000, 0x000000008f600000|  0%| F|  |TAMS 0x000000008f500000, 0x000000008f500000| Untracked 
| 196|0x000000008f600000, 0x000000008f600000, 0x000000008f700000|  0%| F|  |TAMS 0x000000008f600000, 0x000000008f600000| Untracked 
| 197|0x000000008f700000, 0x000000008f700000, 0x000000008f800000|  0%| F|  |TAMS 0x000000008f700000, 0x000000008f700000| Untracked 
| 198|0x000000008f800000, 0x000000008f800000, 0x000000008f900000|  0%| F|  |TAMS 0x000000008f800000, 0x000000008f800000| Untracked 
| 199|0x000000008f900000, 0x000000008f900000, 0x000000008fa00000|  0%| F|  |TAMS 0x000000008f900000, 0x000000008f900000| Untracked 
| 200|0x000000008fa00000, 0x000000008fa00000, 0x000000008fb00000|  0%| F|  |TAMS 0x000000008fa00000, 0x000000008fa00000| Untracked 
| 201|0x000000008fb00000, 0x000000008fb00000, 0x000000008fc00000|  0%| F|  |TAMS 0x000000008fb00000, 0x000000008fb00000| Untracked 
| 202|0x000000008fc00000, 0x000000008fc00000, 0x000000008fd00000|  0%| F|  |TAMS 0x000000008fc00000, 0x000000008fc00000| Untracked 
| 203|0x000000008fd00000, 0x000000008fd00000, 0x000000008fe00000|  0%| F|  |TAMS 0x000000008fd00000, 0x000000008fd00000| Untracked 
| 204|0x000000008fe00000, 0x000000008fe00000, 0x000000008ff00000|  0%| F|  |TAMS 0x000000008fe00000, 0x000000008fe00000| Untracked 
| 205|0x000000008ff00000, 0x000000008ff00000, 0x0000000090000000|  0%| F|  |TAMS 0x000000008ff00000, 0x000000008ff00000| Untracked 
| 206|0x0000000090000000, 0x0000000090000000, 0x0000000090100000|  0%| F|  |TAMS 0x0000000090000000, 0x0000000090000000| Untracked 
| 207|0x0000000090100000, 0x0000000090100000, 0x0000000090200000|  0%| F|  |TAMS 0x0000000090100000, 0x0000000090100000| Untracked 
| 208|0x0000000090200000, 0x0000000090200000, 0x0000000090300000|  0%| F|  |TAMS 0x0000000090200000, 0x0000000090200000| Untracked 
| 209|0x0000000090300000, 0x0000000090300000, 0x0000000090400000|  0%| F|  |TAMS 0x0000000090300000, 0x0000000090300000| Untracked 
| 210|0x0000000090400000, 0x0000000090400000, 0x0000000090500000|  0%| F|  |TAMS 0x0000000090400000, 0x0000000090400000| Untracked 
| 211|0x0000000090500000, 0x0000000090500000, 0x0000000090600000|  0%| F|  |TAMS 0x0000000090500000, 0x0000000090500000| Untracked 
| 212|0x0000000090600000, 0x0000000090600000, 0x0000000090700000|  0%| F|  |TAMS 0x0000000090600000, 0x0000000090600000| Untracked 
| 213|0x0000000090700000, 0x0000000090700000, 0x0000000090800000|  0%| F|  |TAMS 0x0000000090700000, 0x0000000090700000| Untracked 
| 214|0x0000000090800000, 0x0000000090800000, 0x0000000090900000|  0%| F|  |TAMS 0x0000000090800000, 0x0000000090800000| Untracked 
| 215|0x0000000090900000, 0x0000000090900000, 0x0000000090a00000|  0%| F|  |TAMS 0x0000000090900000, 0x0000000090900000| Untracked 
| 216|0x0000000090a00000, 0x0000000090a00000, 0x0000000090b00000|  0%| F|  |TAMS 0x0000000090a00000, 0x0000000090a00000| Untracked 
| 217|0x0000000090b00000, 0x0000000090b00000, 0x0000000090c00000|  0%| F|  |TAMS 0x0000000090b00000, 0x0000000090b00000| Untracked 
| 218|0x0000000090c00000, 0x0000000090c00000, 0x0000000090d00000|  0%| F|  |TAMS 0x0000000090c00000, 0x0000000090c00000| Untracked 
| 219|0x0000000090d00000, 0x0000000090d00000, 0x0000000090e00000|  0%| F|  |TAMS 0x0000000090d00000, 0x0000000090d00000| Untracked 
| 220|0x0000000090e00000, 0x0000000090e00000, 0x0000000090f00000|  0%| F|  |TAMS 0x0000000090e00000, 0x0000000090e00000| Untracked 
| 221|0x0000000090f00000, 0x0000000090f00000, 0x0000000091000000|  0%| F|  |TAMS 0x0000000090f00000, 0x0000000090f00000| Untracked 
| 222|0x0000000091000000, 0x0000000091000000, 0x0000000091100000|  0%| F|  |TAMS 0x0000000091000000, 0x0000000091000000| Untracked 
| 223|0x0000000091100000, 0x0000000091100000, 0x0000000091200000|  0%| F|  |TAMS 0x0000000091100000, 0x0000000091100000| Untracked 
| 224|0x0000000091200000, 0x0000000091200000, 0x0000000091300000|  0%| F|  |TAMS 0x0000000091200000, 0x0000000091200000| Untracked 
| 225|0x0000000091300000, 0x0000000091300000, 0x0000000091400000|  0%| F|  |TAMS 0x0000000091300000, 0x0000000091300000| Untracked 
| 226|0x0000000091400000, 0x0000000091400000, 0x0000000091500000|  0%| F|  |TAMS 0x0000000091400000, 0x0000000091400000| Untracked 
| 227|0x0000000091500000, 0x0000000091500000, 0x0000000091600000|  0%| F|  |TAMS 0x0000000091500000, 0x0000000091500000| Untracked 
| 228|0x0000000091600000, 0x0000000091600000, 0x0000000091700000|  0%| F|  |TAMS 0x0000000091600000, 0x0000000091600000| Untracked 
| 229|0x0000000091700000, 0x0000000091700000, 0x0000000091800000|  0%| F|  |TAMS 0x0000000091700000, 0x0000000091700000| Untracked 
| 230|0x0000000091800000, 0x0000000091800000, 0x0000000091900000|  0%| F|  |TAMS 0x0000000091800000, 0x0000000091800000| Untracked 
| 231|0x0000000091900000, 0x0000000091900000, 0x0000000091a00000|  0%| F|  |TAMS 0x0000000091900000, 0x0000000091900000| Untracked 
| 232|0x0000000091a00000, 0x0000000091a00000, 0x0000000091b00000|  0%| F|  |TAMS 0x0000000091a00000, 0x0000000091a00000| Untracked 
| 233|0x0000000091b00000, 0x0000000091b00000, 0x0000000091c00000|  0%| F|  |TAMS 0x0000000091b00000, 0x0000000091b00000| Untracked 
| 234|0x0000000091c00000, 0x0000000091c00000, 0x0000000091d00000|  0%| F|  |TAMS 0x0000000091c00000, 0x0000000091c00000| Untracked 
| 235|0x0000000091d00000, 0x0000000091d00000, 0x0000000091e00000|  0%| F|  |TAMS 0x0000000091d00000, 0x0000000091d00000| Untracked 
| 236|0x0000000091e00000, 0x0000000091e00000, 0x0000000091f00000|  0%| F|  |TAMS 0x0000000091e00000, 0x0000000091e00000| Untracked 
| 237|0x0000000091f00000, 0x0000000091f00000, 0x0000000092000000|  0%| F|  |TAMS 0x0000000091f00000, 0x0000000091f00000| Untracked 
| 238|0x0000000092000000, 0x0000000092000000, 0x0000000092100000|  0%| F|  |TAMS 0x0000000092000000, 0x0000000092000000| Untracked 
| 239|0x0000000092100000, 0x0000000092129550, 0x0000000092200000| 16%| S|CS|TAMS 0x0000000092100000, 0x0000000092100000| Complete 
| 240|0x0000000092200000, 0x0000000092200000, 0x0000000092300000|  0%| F|  |TAMS 0x0000000092200000, 0x0000000092200000| Untracked 
| 241|0x0000000092300000, 0x0000000092400000, 0x0000000092400000|100%| S|CS|TAMS 0x0000000092300000, 0x0000000092300000| Complete 
| 242|0x0000000092400000, 0x0000000092400000, 0x0000000092500000|  0%| F|  |TAMS 0x0000000092400000, 0x0000000092400000| Untracked 
| 243|0x0000000092500000, 0x0000000092500000, 0x0000000092600000|  0%| F|  |TAMS 0x0000000092500000, 0x0000000092500000| Untracked 
| 244|0x0000000092600000, 0x0000000092600000, 0x0000000092700000|  0%| F|  |TAMS 0x0000000092600000, 0x0000000092600000| Untracked 
| 245|0x0000000092700000, 0x0000000092700000, 0x0000000092800000|  0%| F|  |TAMS 0x0000000092700000, 0x0000000092700000| Untracked 
| 246|0x0000000092800000, 0x0000000092800000, 0x0000000092900000|  0%| F|  |TAMS 0x0000000092800000, 0x0000000092800000| Untracked 
| 247|0x0000000092900000, 0x0000000092900000, 0x0000000092a00000|  0%| F|  |TAMS 0x0000000092900000, 0x0000000092900000| Untracked 
| 248|0x0000000092a00000, 0x0000000092a00000, 0x0000000092b00000|  0%| F|  |TAMS 0x0000000092a00000, 0x0000000092a00000| Untracked 
| 249|0x0000000092b00000, 0x0000000092b00000, 0x0000000092c00000|  0%| F|  |TAMS 0x0000000092b00000, 0x0000000092b00000| Untracked 
| 250|0x0000000092c00000, 0x0000000092c00000, 0x0000000092d00000|  0%| F|  |TAMS 0x0000000092c00000, 0x0000000092c00000| Untracked 
| 251|0x0000000092d00000, 0x0000000092d00000, 0x0000000092e00000|  0%| F|  |TAMS 0x0000000092d00000, 0x0000000092d00000| Untracked 

Card table byte_map: [0x0000025c6d6b0000,0x0000025c6daa0000] _byte_map_base: 0x0000025c6d297000

Marking Bits (Prev, Next): (CMBitMap*) 0x0000025c6758e700, (CMBitMap*) 0x0000025c6758e740
 Prev Bits: [0x0000025c6de90000, 0x0000025c6fdc8000)
 Next Bits: [0x0000025c6fdd0000, 0x0000025c71d08000)

Polling page: 0x0000025c66cf0000

Metaspace:

Usage:
  Non-class:     32.99 MB used.
      Class:      4.76 MB used.
       Both:     37.76 MB used.

Virtual space:
  Non-class space:       40.00 MB reserved,      33.12 MB ( 83%) committed,  5 nodes.
      Class space:        1.00 GB reserved,       4.94 MB ( <1%) committed,  1 nodes.
             Both:        1.04 GB reserved,      38.06 MB (  4%) committed. 

Chunk freelists:
   Non-Class:  2.88 MB
       Class:  3.02 MB
        Both:  5.89 MB

MaxMetaspaceSize: unlimited
CompressedClassSpaceSize: 1.00 GB
Initial GC threshold: 21.00 MB
Current GC threshold: 59.06 MB
CDS: off
MetaspaceReclaimPolicy: balanced
 - commit_granule_bytes: 65536.
 - commit_granule_words: 8192.
 - virtual_space_node_default_size: 1048576.
 - enlarge_chunks_in_place: 1.
 - new_chunks_are_fully_committed: 0.
 - uncommit_free_chunks: 1.
 - use_allocation_guard: 0.
 - handle_deallocations: 1.


Internal statistics:

num_allocs_failed_limit: 6.
num_arena_births: 346.
num_arena_deaths: 0.
num_vsnodes_births: 6.
num_vsnodes_deaths: 0.
num_space_committed: 609.
num_space_uncommitted: 0.
num_chunks_returned_to_freelist: 6.
num_chunks_taken_from_freelist: 1464.
num_chunk_merges: 6.
num_chunk_splits: 1020.
num_chunks_enlarged: 802.
num_purges: 0.
num_inconsistent_stats: 0.

CodeCache: size=49152Kb used=9512Kb max_used=9512Kb free=39640Kb
 bounds [0x0000025c6a1b0000, 0x0000025c6ab00000, 0x0000025c6d1b0000]
 total_blobs=4498 nmethods=3968 adapters=454
 compilation: enabled
              stopped_count=0, restarted_count=0
 full_count=0

Compilation events (20 events):
Event: 4.389 Thread 0x0000025c748295e0 nmethod 3950 0x0000025c6aaedc10 code [0x0000025c6aaede20, 0x0000025c6aaee308]
Event: 4.389 Thread 0x0000025c748295e0 3951       1       jdk.internal.module.SystemModuleFinders$SystemModuleReader::open (15 bytes)
Event: 4.390 Thread 0x0000025c75ea3e20 nmethod 3955 0x0000025c6aaee510 code [0x0000025c6aaee880, 0x0000025c6aaef6a8]
Event: 4.390 Thread 0x0000025c75ea3e20 3948       1       jdk.internal.jimage.decompressor.ZipDecompressor::decompress (10 bytes)
Event: 4.390 Thread 0x0000025c75ea3e20 nmethod 3948 0x0000025c6aaefe90 code [0x0000025c6aaf0020, 0x0000025c6aaf0108]
Event: 4.390 Thread 0x0000025c75ea3e20 3949       1       java.util.zip.Inflater::<init> (6 bytes)
Event: 4.390 Thread 0x0000025c75e95340 nmethod 3946 0x0000025c6aaf0190 code [0x0000025c6aaf0440, 0x0000025c6aaf0ef8]
Event: 4.390 Thread 0x0000025c75e95340 3943       1       jdk.internal.jimage.ImageReader::getResourceBuffer (13 bytes)
Event: 4.390 Thread 0x0000025c748295e0 nmethod 3951 0x0000025c6aaf1510 code [0x0000025c6aaf1720, 0x0000025c6aaf1ce8]
Event: 4.390 Thread 0x0000025c75e95340 nmethod 3943 0x0000025c6aaf2010 code [0x0000025c6aaf21c0, 0x0000025c6aaf2358]
Event: 4.390 Thread 0x0000025c75e95340 3965   !   1       jdk.internal.module.SystemModuleFinders$SystemModuleReader::toInputStream (43 bytes)
Event: 4.390 Thread 0x0000025c75ea3e20 nmethod 3949 0x0000025c6aaf2490 code [0x0000025c6aaf2660, 0x0000025c6aaf29f8]
Event: 4.390 Thread 0x0000025c748295e0 3966       1       jdk.internal.module.SystemModuleFinders$SystemModuleReader$$Lambda$130/0x00000001001e93f8::<init> (10 bytes)
Event: 4.391 Thread 0x0000025c748295e0 nmethod 3966 0x0000025c6aaf2b90 code [0x0000025c6aaf2d20, 0x0000025c6aaf2e38]
Event: 4.391 Thread 0x0000025c75ea3e20 3967       1       io.github.classgraph.Classfile$ClassContainment::<init> (20 bytes)
Event: 4.391 Thread 0x0000025c75ea3e20 nmethod 3967 0x0000025c6aaf2e90 code [0x0000025c6aaf3020, 0x0000025c6aaf3178]
Event: 4.391 Thread 0x0000025c75e95340 nmethod 3965 0x0000025c6aaf3210 code [0x0000025c6aaf3400, 0x0000025c6aaf3928]
Event: 4.394 Thread 0x0000025c75555a70 nmethod 3945 0x0000025c6aaf3c10 code [0x0000025c6aaf4440, 0x0000025c6aaf6f88]
Event: 4.421 Thread 0x0000025c75ea3e20 3968  s!   1       jdk.internal.loader.URLClassPath::getLoader (196 bytes)
Event: 4.422 Thread 0x0000025c75ea3e20 nmethod 3968 0x0000025c6aaf8a10 code [0x0000025c6aaf8cc0, 0x0000025c6aaf96d8]

GC Heap History (20 events):
Event: 3.768 GC heap after
{Heap after GC invocations=12 (full 0):
 garbage-first heap   total 86016K, used 33792K [0x0000000083200000, 0x0000000100000000)
  region size 1024K, 5 young (5120K), 5 survivors (5120K)
 Metaspace       used 36374K, committed 36672K, reserved 1081344K
  class space    used 4675K, committed 4800K, reserved 1048576K
}
Event: 3.831 GC heap before
{Heap before GC invocations=12 (full 0):
 garbage-first heap   total 86016K, used 61440K [0x0000000083200000, 0x0000000100000000)
  region size 1024K, 33 young (33792K), 5 survivors (5120K)
 Metaspace       used 36755K, committed 37120K, reserved 1081344K
  class space    used 4716K, committed 4864K, reserved 1048576K
}
Event: 3.837 GC heap after
{Heap after GC invocations=13 (full 0):
 garbage-first heap   total 86016K, used 41092K [0x0000000083200000, 0x0000000100000000)
  region size 1024K, 5 young (5120K), 5 survivors (5120K)
 Metaspace       used 36755K, committed 37120K, reserved 1081344K
  class space    used 4716K, committed 4864K, reserved 1048576K
}
Event: 4.041 GC heap before
{Heap before GC invocations=13 (full 0):
 garbage-first heap   total 86016K, used 61572K [0x0000000083200000, 0x0000000100000000)
  region size 1024K, 26 young (26624K), 5 survivors (5120K)
 Metaspace       used 36773K, committed 37120K, reserved 1081344K
  class space    used 4717K, committed 4864K, reserved 1048576K
}
Event: 4.046 GC heap after
{Heap after GC invocations=14 (full 0):
 garbage-first heap   total 126976K, used 47104K [0x0000000083200000, 0x0000000100000000)
  region size 1024K, 4 young (4096K), 4 survivors (4096K)
 Metaspace       used 36773K, committed 37120K, reserved 1081344K
  class space    used 4717K, committed 4864K, reserved 1048576K
}
Event: 4.263 GC heap before
{Heap before GC invocations=14 (full 0):
 garbage-first heap   total 126976K, used 89088K [0x0000000083200000, 0x0000000100000000)
  region size 1024K, 45 young (46080K), 4 survivors (4096K)
 Metaspace       used 38416K, committed 38720K, reserved 1089536K
  class space    used 4847K, committed 4992K, reserved 1048576K
}
Event: 4.275 GC heap after
{Heap after GC invocations=15 (full 0):
 garbage-first heap   total 126976K, used 60416K [0x0000000083200000, 0x0000000100000000)
  region size 1024K, 6 young (6144K), 6 survivors (6144K)
 Metaspace       used 38416K, committed 38720K, reserved 1089536K
  class space    used 4847K, committed 4992K, reserved 1048576K
}
Event: 4.347 GC heap before
{Heap before GC invocations=15 (full 0):
 garbage-first heap   total 126976K, used 91136K [0x0000000083200000, 0x0000000100000000)
  region size 1024K, 36 young (36864K), 6 survivors (6144K)
 Metaspace       used 38572K, committed 38912K, reserved 1089536K
  class space    used 4863K, committed 5056K, reserved 1048576K
}
Event: 4.367 GC heap after
{Heap after GC invocations=16 (full 0):
 garbage-first heap   total 126976K, used 67584K [0x0000000083200000, 0x0000000100000000)
  region size 1024K, 5 young (5120K), 5 survivors (5120K)
 Metaspace       used 38572K, committed 38912K, reserved 1089536K
  class space    used 4863K, committed 5056K, reserved 1048576K
}
Event: 4.400 GC heap before
{Heap before GC invocations=16 (full 0):
 garbage-first heap   total 126976K, used 93184K [0x0000000083200000, 0x0000000100000000)
  region size 1024K, 31 young (31744K), 5 survivors (5120K)
 Metaspace       used 38600K, committed 38976K, reserved 1089536K
  class space    used 4869K, committed 5056K, reserved 1048576K
}
Event: 4.409 GC heap after
{Heap after GC invocations=17 (full 0):
 garbage-first heap   total 126976K, used 69997K [0x0000000083200000, 0x0000000100000000)
  region size 1024K, 2 young (2048K), 2 survivors (2048K)
 Metaspace       used 38600K, committed 38976K, reserved 1089536K
  class space    used 4869K, committed 5056K, reserved 1048576K
}
Event: 4.422 GC heap before
{Heap before GC invocations=17 (full 0):
 garbage-first heap   total 126976K, used 95597K [0x0000000083200000, 0x0000000100000000)
  region size 1024K, 28 young (28672K), 2 survivors (2048K)
 Metaspace       used 38615K, committed 38976K, reserved 1089536K
  class space    used 4875K, committed 5056K, reserved 1048576K
}
Event: 5.425 GC heap after
{Heap after GC invocations=18 (full 0):
 garbage-first heap   total 258048K, used 70583K [0x0000000083200000, 0x0000000100000000)
  region size 1024K, 3 young (3072K), 3 survivors (3072K)
 Metaspace       used 38615K, committed 38976K, reserved 1089536K
  class space    used 4875K, committed 5056K, reserved 1048576K
}
Event: 5.428 GC heap before
{Heap before GC invocations=18 (full 0):
 garbage-first heap   total 258048K, used 78775K [0x0000000083200000, 0x0000000100000000)
  region size 1024K, 12 young (12288K), 3 survivors (3072K)
 Metaspace       used 38618K, committed 38976K, reserved 1089536K
  class space    used 4877K, committed 5056K, reserved 1048576K
}
Event: 5.430 GC heap after
{Heap after GC invocations=19 (full 0):
 garbage-first heap   total 258048K, used 70993K [0x0000000083200000, 0x0000000100000000)
  region size 1024K, 1 young (1024K), 1 survivors (1024K)
 Metaspace       used 38618K, committed 38976K, reserved 1089536K
  class space    used 4877K, committed 5056K, reserved 1048576K
}
Event: 5.434 GC heap before
{Heap before GC invocations=19 (full 0):
 garbage-first heap   total 258048K, used 81233K [0x0000000083200000, 0x0000000100000000)
  region size 1024K, 12 young (12288K), 1 survivors (1024K)
 Metaspace       used 38630K, committed 38976K, reserved 1089536K
  class space    used 4878K, committed 5056K, reserved 1048576K
}
Event: 5.435 GC heap after
{Heap after GC invocations=20 (full 0):
 garbage-first heap   total 258048K, used 71398K [0x0000000083200000, 0x0000000100000000)
  region size 1024K, 1 young (1024K), 1 survivors (1024K)
 Metaspace       used 38630K, committed 38976K, reserved 1089536K
  class space    used 4878K, committed 5056K, reserved 1048576K
}
Event: 5.439 GC heap before
{Heap before GC invocations=20 (full 0):
 garbage-first heap   total 258048K, used 81638K [0x0000000083200000, 0x0000000100000000)
  region size 1024K, 12 young (12288K), 1 survivors (1024K)
 Metaspace       used 38656K, committed 38976K, reserved 1089536K
  class space    used 4879K, committed 5056K, reserved 1048576K
}
Event: 5.441 GC heap after
{Heap after GC invocations=21 (full 0):
 garbage-first heap   total 258048K, used 71860K [0x0000000083200000, 0x0000000100000000)
  region size 1024K, 2 young (2048K), 2 survivors (2048K)
 Metaspace       used 38656K, committed 38976K, reserved 1089536K
  class space    used 4879K, committed 5056K, reserved 1048576K
}
Event: 5.444 GC heap before
{Heap before GC invocations=21 (full 0):
 garbage-first heap   total 258048K, used 81076K [0x0000000083200000, 0x0000000100000000)
  region size 1024K, 12 young (12288K), 2 survivors (2048K)
 Metaspace       used 38665K, committed 38976K, reserved 1089536K
  class space    used 4879K, committed 5056K, reserved 1048576K
}

Deoptimization events (10 events):
Event: 2.111 Thread 0x0000025c67532da0 DEOPT PACKING pc=0x0000025c6a70d219 sp=0x000000d80c8fd230
Event: 2.111 Thread 0x0000025c67532da0 DEOPT UNPACKING pc=0x0000025c6a206763 sp=0x000000d80c8fc710 mode 3
Event: 3.450 Thread 0x0000025c771bcce0 DEOPT PACKING pc=0x0000025c6a93b4b5 sp=0x000000d80e9fe330
Event: 3.450 Thread 0x0000025c771bcce0 DEOPT UNPACKING pc=0x0000025c6a206763 sp=0x000000d80e9fd858 mode 3
Event: 3.523 Thread 0x0000025c771c34f0 DEOPT PACKING pc=0x0000025c6a9594ab sp=0x000000d80eafe830
Event: 3.523 Thread 0x0000025c771c34f0 DEOPT UNPACKING pc=0x0000025c6a206763 sp=0x000000d80eafdd78 mode 3
Event: 3.593 Thread 0x0000025c7718f410 DEOPT PACKING pc=0x0000025c6a70b201 sp=0x000000d80e8fda90
Event: 3.593 Thread 0x0000025c7718f410 DEOPT UNPACKING pc=0x0000025c6a206763 sp=0x000000d80e8fcf20 mode 3
Event: 3.843 Thread 0x0000025c771f83a0 DEOPT PACKING pc=0x0000025c6a707d97 sp=0x000000d80f3feb20
Event: 3.843 Thread 0x0000025c771f83a0 DEOPT UNPACKING pc=0x0000025c6a206763 sp=0x000000d80f3fdf78 mode 3

Classes unloaded (0 events):
No events

Classes redefined (0 events):
No events

Internal exceptions (20 events):
Event: 3.546 Thread 0x0000025c771f61f0 Exception <a 'sun/nio/fs/WindowsException'{0x0000000086f37138}> (0x0000000086f37138) 
thrown [s\src\hotspot\share\prims\jni.cpp, line 516]
Event: 3.546 Thread 0x0000025c771f61f0 Exception <a 'sun/nio/fs/WindowsException'{0x0000000086f37b60}> (0x0000000086f37b60) 
thrown [s\src\hotspot\share\prims\jni.cpp, line 516]
Event: 3.546 Thread 0x0000025c771f61f0 Exception <a 'sun/nio/fs/WindowsException'{0x0000000086f37f40}> (0x0000000086f37f40) 
thrown [s\src\hotspot\share\prims\jni.cpp, line 516]
Event: 3.546 Thread 0x0000025c771f61f0 Exception <a 'sun/nio/fs/WindowsException'{0x0000000086f38930}> (0x0000000086f38930) 
thrown [s\src\hotspot\share\prims\jni.cpp, line 516]
Event: 3.546 Thread 0x0000025c771f61f0 Exception <a 'sun/nio/fs/WindowsException'{0x0000000086f38cd8}> (0x0000000086f38cd8) 
thrown [s\src\hotspot\share\prims\jni.cpp, line 516]
Event: 3.546 Thread 0x0000025c771f61f0 Exception <a 'sun/nio/fs/WindowsException'{0x0000000086f396d8}> (0x0000000086f396d8) 
thrown [s\src\hotspot\share\prims\jni.cpp, line 516]
Event: 3.546 Thread 0x0000025c771f61f0 Exception <a 'sun/nio/fs/WindowsException'{0x0000000086f39a98}> (0x0000000086f39a98) 
thrown [s\src\hotspot\share\prims\jni.cpp, line 516]
Event: 3.546 Thread 0x0000025c771f61f0 Exception <a 'sun/nio/fs/WindowsException'{0x0000000086f3a498}> (0x0000000086f3a498) 
thrown [s\src\hotspot\share\prims\jni.cpp, line 516]
Event: 3.546 Thread 0x0000025c771f61f0 Exception <a 'sun/nio/fs/WindowsException'{0x0000000086f3a848}> (0x0000000086f3a848) 
thrown [s\src\hotspot\share\prims\jni.cpp, line 516]
Event: 3.546 Thread 0x0000025c771f61f0 Exception <a 'sun/nio/fs/WindowsException'{0x0000000086f3b248}> (0x0000000086f3b248) 
thrown [s\src\hotspot\share\prims\jni.cpp, line 516]
Event: 3.546 Thread 0x0000025c771f61f0 Exception <a 'sun/nio/fs/WindowsException'{0x0000000086f3b608}> (0x0000000086f3b608) 
thrown [s\src\hotspot\share\prims\jni.cpp, line 516]
Event: 3.546 Thread 0x0000025c771f61f0 Exception <a 'sun/nio/fs/WindowsException'{0x0000000086f3c030}> (0x0000000086f3c030) 
thrown [s\src\hotspot\share\prims\jni.cpp, line 516]
Event: 3.547 Thread 0x0000025c771f61f0 Exception <a 'sun/nio/fs/WindowsException'{0x0000000086f3c410}> (0x0000000086f3c410) 
thrown [s\src\hotspot\share\prims\jni.cpp, line 516]
Event: 3.547 Thread 0x0000025c771f61f0 Exception <a 'sun/nio/fs/WindowsException'{0x0000000086f3ce48}> (0x0000000086f3ce48) 
thrown [s\src\hotspot\share\prims\jni.cpp, line 516]
Event: 3.547 Thread 0x0000025c771f61f0 Exception <a 'sun/nio/fs/WindowsException'{0x0000000086f3d238}> (0x0000000086f3d238) 
thrown [s\src\hotspot\share\prims\jni.cpp, line 516]
Event: 3.547 Thread 0x0000025c771f61f0 Exception <a 'sun/nio/fs/WindowsException'{0x0000000086f3dc60}> (0x0000000086f3dc60) 
thrown [s\src\hotspot\share\prims\jni.cpp, line 516]
Event: 3.547 Thread 0x0000025c771f61f0 Exception <a 'sun/nio/fs/WindowsException'{0x0000000086f3e050}> (0x0000000086f3e050) 
thrown [s\src\hotspot\share\prims\jni.cpp, line 516]
Event: 3.573 Thread 0x0000025c771bcce0 Exception <a 'java/lang/NoSuchMethodError'{0x000000008642bbb8}: 'int java.lang.invoke.DirectMethodHandle$Holder.invokeStatic(java.lang.Object)'> (0x000000008642bbb8) 
thrown [s\src\hotspot\share\interpreter\linkResolver.cpp, line 759]
Event: 3.573 Thread 0x0000025c771bcce0 Exception <a 'java/lang/NoSuchMethodError'{0x00000000863b7430}: 'int java.lang.invoke.DirectMethodHandle$Holder.invokeStaticInit(java.lang.Object)'> (0x00000000863b7430) 
thrown [s\src\hotspot\share\interpreter\linkResolver.cpp, line 759]
Event: 4.234 Thread 0x0000025c771bcce0 Exception <a 'java/lang/NoSuchMethodError'{0x0000000088b27450}: 'java.lang.Object java.lang.invoke.Invokers$Holder.invoke_MT(java.lang.Object, java.lang.Object, java.lang.Object)'> (0x0000000088b27450) 
thrown [s\src\hotspot\share\interpreter\linkResolver.cpp, line 759]

VM Operations (20 events):
Event: 4.409 Executing VM operation: G1CollectForAllocation done
Event: 4.413 Executing VM operation: HandshakeAllThreads
Event: 4.413 Executing VM operation: HandshakeAllThreads done
Event: 4.418 Executing VM operation: G1CollectForAllocation
Event: 4.418 Executing VM operation: G1CollectForAllocation done
Event: 4.420 Executing VM operation: HandshakeAllThreads
Event: 4.420 Executing VM operation: HandshakeAllThreads done
Event: 4.422 Executing VM operation: G1CollectForAllocation
Event: 5.425 Executing VM operation: G1CollectForAllocation done
Event: 5.428 Executing VM operation: G1CollectForAllocation
Event: 5.430 Executing VM operation: G1CollectForAllocation done
Event: 5.433 Executing VM operation: G1CollectForAllocation
Event: 5.433 Executing VM operation: G1CollectForAllocation done
Event: 5.434 Executing VM operation: G1CollectForAllocation
Event: 5.435 Executing VM operation: G1CollectForAllocation done
Event: 5.438 Executing VM operation: G1CollectForAllocation
Event: 5.441 Executing VM operation: G1CollectForAllocation done
Event: 5.444 Executing VM operation: G1CollectForAllocation
Event: 5.444 Executing VM operation: G1CollectForAllocation done
Event: 5.444 Executing VM operation: G1CollectForAllocation

Events (20 events):
Event: 4.239 loading class jdk/internal/jrtfs/JrtPath
Event: 4.240 loading class jdk/internal/jrtfs/JrtPath done
Event: 4.242 loading class java/nio/file/FileVisitOption
Event: 4.242 loading class java/nio/file/FileVisitOption done
Event: 4.242 loading class java/nio/file/FileTreeWalker
Event: 4.242 loading class java/nio/file/FileTreeWalker done
Event: 4.287 loading class java/nio/file/FileTreeWalker$DirectoryNode
Event: 4.287 loading class java/nio/file/FileTreeWalker$DirectoryNode done
Event: 4.287 loading class java/nio/file/FileTreeWalker$Event
Event: 4.287 loading class java/nio/file/FileTreeWalker$Event done
Event: 4.287 loading class java/nio/file/FileTreeWalker$EventType
Event: 4.287 loading class java/nio/file/FileTreeWalker$EventType done
Event: 4.287 loading class java/nio/file/Files$3
Event: 4.287 loading class java/nio/file/Files$3 done
Event: 4.287 loading class java/nio/file/FileVisitResult
Event: 4.287 loading class java/nio/file/FileVisitResult done
Event: 4.326 loading class java/nio/channels/Channels$ReadableByteChannelImpl
Event: 4.327 loading class java/nio/channels/Channels$ReadableByteChannelImpl done
Event: 4.329 loading class java/nio/channels/NonWritableChannelException
Event: 4.329 loading class java/nio/channels/NonWritableChannelException done


Dynamic libraries:
0x00007ff678060000 - 0x00007ff67806e000 	c:\Users\datea\.vscode\extensions\redhat.java-1.11.0-win32-x64\jre\17.0.4.1-win32-x86_64\bin\java.exe
0x00007ffe46e50000 - 0x00007ffe47069000 	C:\WINDOWS\SYSTEM32\ntdll.dll
0x00007ffe45bb0000 - 0x00007ffe45c72000 	C:\WINDOWS\System32\KERNEL32.DLL
0x00007ffe44480000 - 0x00007ffe4481c000 	C:\WINDOWS\System32\KERNELBASE.dll
0x00007ffe410c0000 - 0x00007ffe41156000 	C:\WINDOWS\SYSTEM32\apphelp.dll
0x00007ffe448a0000 - 0x00007ffe449bb000 	C:\WINDOWS\System32\ucrtbase.dll
0x00007ffe3d4a0000 - 0x00007ffe3d4b9000 	c:\Users\datea\.vscode\extensions\redhat.java-1.11.0-win32-x64\jre\17.0.4.1-win32-x86_64\bin\VCRUNTIME140.dll
0x00007ffe3d540000 - 0x00007ffe3d558000 	c:\Users\datea\.vscode\extensions\redhat.java-1.11.0-win32-x64\jre\17.0.4.1-win32-x86_64\bin\jli.dll
0x00007ffe45c90000 - 0x00007ffe45e3c000 	C:\WINDOWS\System32\USER32.dll
0x00007ffe21b70000 - 0x00007ffe21e01000 	C:\WINDOWS\WinSxS\amd64_microsoft.windows.common-controls_6595b64144ccf1df_6.0.25227.1000_none_7b35d90bf2068bf3\COMCTL32.dll
0x00007ffe44b80000 - 0x00007ffe44ba6000 	C:\WINDOWS\System32\win32u.dll
0x00007ffe45e90000 - 0x00007ffe45f37000 	C:\WINDOWS\System32\msvcrt.dll
0x00007ffe44ea0000 - 0x00007ffe44ec9000 	C:\WINDOWS\System32\GDI32.dll
0x00007ffe44a60000 - 0x00007ffe44b76000 	C:\WINDOWS\System32\gdi32full.dll
0x00007ffe449c0000 - 0x00007ffe44a5a000 	C:\WINDOWS\System32\msvcp_win.dll
0x00007ffe45260000 - 0x00007ffe45291000 	C:\WINDOWS\System32\IMM32.DLL
0x00007ffe3e1b0000 - 0x00007ffe3e1bc000 	c:\Users\datea\.vscode\extensions\redhat.java-1.11.0-win32-x64\jre\17.0.4.1-win32-x86_64\bin\vcruntime140_1.dll
0x00007ffe00540000 - 0x00007ffe005d1000 	c:\Users\datea\.vscode\extensions\redhat.java-1.11.0-win32-x64\jre\17.0.4.1-win32-x86_64\bin\msvcp140.dll
0x00007ffdf5210000 - 0x00007ffdf5e56000 	c:\Users\datea\.vscode\extensions\redhat.java-1.11.0-win32-x64\jre\17.0.4.1-win32-x86_64\bin\server\jvm.dll
0x00007ffe44d10000 - 0x00007ffe44dbe000 	C:\WINDOWS\System32\ADVAPI32.dll
0x00007ffe45f40000 - 0x00007ffe45fe6000 	C:\WINDOWS\System32\sechost.dll
0x00007ffe452a0000 - 0x00007ffe453c7000 	C:\WINDOWS\System32\RPCRT4.dll
0x00007ffe461f0000 - 0x00007ffe461f8000 	C:\WINDOWS\System32\PSAPI.DLL
0x00007ffe2df70000 - 0x00007ffe2df79000 	C:\WINDOWS\SYSTEM32\WSOCK32.dll
0x00007ffe3d390000 - 0x00007ffe3d3c5000 	C:\WINDOWS\SYSTEM32\WINMM.dll
0x00007ffe3ccf0000 - 0x00007ffe3ccfa000 	C:\WINDOWS\SYSTEM32\VERSION.dll
0x00007ffe46110000 - 0x00007ffe4617f000 	C:\WINDOWS\System32\WS2_32.dll
0x00007ffe431c0000 - 0x00007ffe431d8000 	C:\WINDOWS\SYSTEM32\kernel.appcore.dll
0x00007ffe3d9a0000 - 0x00007ffe3d9aa000 	c:\Users\datea\.vscode\extensions\redhat.java-1.11.0-win32-x64\jre\17.0.4.1-win32-x86_64\bin\jimage.dll
0x00007ffe41c70000 - 0x00007ffe41ea3000 	C:\WINDOWS\SYSTEM32\DBGHELP.DLL
0x00007ffe44ed0000 - 0x00007ffe45252000 	C:\WINDOWS\System32\combase.dll
0x00007ffe44dc0000 - 0x00007ffe44e98000 	C:\WINDOWS\System32\OLEAUT32.dll
0x00007ffe2e5e0000 - 0x00007ffe2e612000 	C:\WINDOWS\SYSTEM32\dbgcore.DLL
0x00007ffe44820000 - 0x00007ffe44899000 	C:\WINDOWS\System32\bcryptPrimitives.dll
0x00007ffe3a700000 - 0x00007ffe3a725000 	c:\Users\datea\.vscode\extensions\redhat.java-1.11.0-win32-x64\jre\17.0.4.1-win32-x86_64\bin\java.dll
0x00007ffe3c220000 - 0x00007ffe3c238000 	c:\Users\datea\.vscode\extensions\redhat.java-1.11.0-win32-x64\jre\17.0.4.1-win32-x86_64\bin\zip.dll
0x00007ffe453d0000 - 0x00007ffe45ba0000 	C:\WINDOWS\System32\SHELL32.dll
0x00007ffe42140000 - 0x00007ffe429da000 	C:\WINDOWS\SYSTEM32\windows.storage.dll
0x00007ffe41fa0000 - 0x00007ffe42133000 	C:\WINDOWS\SYSTEM32\wintypes.dll
0x00007ffe463a0000 - 0x00007ffe4648b000 	C:\WINDOWS\System32\SHCORE.dll
0x00007ffe46200000 - 0x00007ffe4625d000 	C:\WINDOWS\System32\shlwapi.dll
0x00007ffe44160000 - 0x00007ffe44181000 	C:\WINDOWS\SYSTEM32\profapi.dll
0x00007ffe3c100000 - 0x00007ffe3c119000 	C:\Users\datea\.vscode\extensions\redhat.java-1.11.0-win32-x64\jre\17.0.4.1-win32-x86_64\bin\net.dll
0x00007ffe3cf20000 - 0x00007ffe3d04b000 	C:\WINDOWS\SYSTEM32\WINHTTP.dll
0x00007ffe43690000 - 0x00007ffe436f9000 	C:\WINDOWS\system32\mswsock.dll
0x00007ffe3d760000 - 0x00007ffe3d775000 	C:\Users\datea\.vscode\extensions\redhat.java-1.11.0-win32-x64\jre\17.0.4.1-win32-x86_64\bin\nio.dll
0x00007ffe3b8e0000 - 0x00007ffe3b8f0000 	c:\Users\datea\.vscode\extensions\redhat.java-1.11.0-win32-x64\jre\17.0.4.1-win32-x86_64\bin\verify.dll
0x00007ffe3a6f0000 - 0x00007ffe3a6f9000 	C:\Users\datea\.vscode\extensions\redhat.java-1.11.0-win32-x64\jre\17.0.4.1-win32-x86_64\bin\management.dll
0x00007ffe388c0000 - 0x00007ffe388cb000 	C:\Users\datea\.vscode\extensions\redhat.java-1.11.0-win32-x64\jre\17.0.4.1-win32-x86_64\bin\management_ext.dll
0x00007ffe3f450000 - 0x00007ffe3f467000 	C:\WINDOWS\system32\napinsp.dll
0x00007ffe3f430000 - 0x00007ffe3f44a000 	C:\WINDOWS\system32\pnrpnsp.dll
0x00007ffe008f0000 - 0x00007ffe00911000 	C:\WINDOWS\system32\nlansp_c.dll
0x00007ffe42d20000 - 0x00007ffe42e1f000 	C:\WINDOWS\SYSTEM32\DNSAPI.dll
0x00007ffe42c90000 - 0x00007ffe42cbe000 	C:\WINDOWS\SYSTEM32\IPHLPAPI.DLL
0x00007ffe466d0000 - 0x00007ffe466d9000 	C:\WINDOWS\System32\NSI.dll
0x00007ffe3f3e0000 - 0x00007ffe3f3f1000 	C:\WINDOWS\System32\winrnr.dll
0x00007ffe0dcd0000 - 0x00007ffe0dce5000 	C:\WINDOWS\system32\wshbth.dll
0x00007ffe34840000 - 0x00007ffe3484a000 	C:\Windows\System32\rasadhlp.dll
0x00007ffe3c310000 - 0x00007ffe3c394000 	C:\WINDOWS\System32\fwpuclnt.dll
0x00007ffe43910000 - 0x00007ffe4392b000 	C:\WINDOWS\SYSTEM32\CRYPTSP.dll
0x00007ffe43120000 - 0x00007ffe43154000 	C:\WINDOWS\system32\rsaenh.dll
0x00007ffe43790000 - 0x00007ffe437b8000 	C:\WINDOWS\SYSTEM32\USERENV.dll
0x00007ffe43ad0000 - 0x00007ffe43af8000 	C:\WINDOWS\SYSTEM32\bcrypt.dll
0x00007ffe43930000 - 0x00007ffe4393c000 	C:\WINDOWS\SYSTEM32\CRYPTBASE.dll
0x00007ffe3d280000 - 0x00007ffe3d299000 	C:\WINDOWS\SYSTEM32\dhcpcsvc6.DLL
0x00007ffe3ccc0000 - 0x00007ffe3ccdf000 	C:\WINDOWS\SYSTEM32\dhcpcsvc.DLL

dbghelp: loaded successfully - version: 4.0.5 - missing functions: none
symbol engine: initialized successfully - sym options: 0x614 - pdb path: .;c:\Users\datea\.vscode\extensions\redhat.java-1.11.0-win32-x64\jre\17.0.4.1-win32-x86_64\bin;C:\WINDOWS\SYSTEM32;C:\WINDOWS\WinSxS\amd64_microsoft.windows.common-controls_6595b64144ccf1df_6.0.25227.1000_none_7b35d90bf2068bf3;c:\Users\datea\.vscode\extensions\redhat.java-1.11.0-win32-x64\jre\17.0.4.1-win32-x86_64\bin\server

VM Arguments:
jvm_args: -Dsts.lsp.client=vscode -Dsts.log.file=/dev/null -XX:TieredStopAtLevel=1 -Xlog:jni+resolve=off -Dspring.config.location=file:c:\Users\datea\.vscode\extensions\pivotal.vscode-spring-boot-1.40.0\language-server\BOOT-INF\classes\application.properties 
java_command: org.springframework.ide.vscode.boot.app.BootLanguageServerBootApp
java_class_path (initial): c:\Users\datea\.vscode\extensions\pivotal.vscode-spring-boot-1.40.0\language-server\BOOT-INF\classes;c:\Users\datea\.vscode\extensions\pivotal.vscode-spring-boot-1.40.0\language-server\BOOT-INF\lib\annotations-23.0.0.jar;c:\Users\datea\.vscode\extensions\pivotal.vscode-spring-boot-1.40.0\language-server\BOOT-INF\lib\ant-1.10.12.jar;c:\Users\datea\.vscode\extensions\pivotal.vscode-spring-boot-1.40.0\language-server\BOOT-INF\lib\ant-launcher-1.10.12.jar;c:\Users\datea\.vscode\extensions\pivotal.vscode-spring-boot-1.40.0\language-server\BOOT-INF\lib\antlr-runtime-3.5.2.jar;c:\Users\datea\.vscode\extensions\pivotal.vscode-spring-boot-1.40.0\language-server\BOOT-INF\lib\antlr4-4.9.3.jar;c:\Users\datea\.vscode\extensions\pivotal.vscode-spring-boot-1.40.0\language-server\BOOT-INF\lib\antlr4-runtime-4.9.3.jar;c:\Users\datea\.vscode\extensions\pivotal.vscode-spring-boot-1.40.0\language-server\BOOT-INF\lib\asm-9.3.jar;c:\Users\datea\.vscode\extensions\pivotal.vscode-spring-boot-1.40.0\language-server\BOOT-INF\lib\asm-analysis-9.3.jar;c:\Users\datea\.vscode\extensions\pivotal.vscode-spring-boot-1.40.0\language-server\BOOT-INF\lib\asm-tree-9.3.jar;c:\Users\datea\.vscode\extensions\pivotal.vscode-spring-boot-1.40.0\language-server\BOOT-INF\lib\asm-util-9.3.jar;c:\Users\datea\.vscode\extensions\pivotal.vscode-spring-boot-1.40.0\language-server\BOOT-INF\lib\byte-buddy-1.12.13.jar;c:\Users\datea\.vscode\extensions\pivotal.vscode-spring-boot-1.40.0\language-server\BOOT-INF\lib\caffeine-2.9.3.jar;c:\Users\datea\.vscode\extensions\pivotal.vscode-spring-boot-1.40.0\language-server\BOOT-INF\lib\checker-qual-3.12.0.jar;c:\Users\datea\.vscode\extensions\pivotal.vscode-spring-boot-1.40.0\language-server\BOOT-INF\lib\classgraph-4.8.149.jar;c:\Users\datea\.vscode\extensions\pivotal.vscode-spring-boot-1.40.0\language-server\BOOT-INF\lib\commons-codec-1.15.jar;c:\Users\datea\.vscode\extensions\pivotal.vscode-spring-boot-1.40.0\language-server\BOOT-INF\lib\commons-c
Launcher Type: SUN_STANDARD

[Global flags]
     intx CICompilerCount                          = 4                                         {product} {ergonomic}
     uint ConcGCThreads                            = 2                                         {product} {ergonomic}
     uint G1ConcRefinementThreads                  = 8                                         {product} {ergonomic}
   size_t G1HeapRegionSize                         = 1048576                                   {product} {ergonomic}
    uintx GCDrainStackTargetSize                   = 64                                        {product} {ergonomic}
   size_t InitialHeapSize                          = 132120576                                 {product} {ergonomic}
   size_t MarkStackSize                            = 4194304                                   {product} {ergonomic}
   size_t MaxHeapSize                              = 2095054848                                {product} {ergonomic}
   size_t MaxNewSize                               = 1256194048                                {product} {ergonomic}
   size_t MinHeapDeltaBytes                        = 1048576                                   {product} {ergonomic}
   size_t MinHeapSize                              = 8388608                                   {product} {ergonomic}
    uintx NonProfiledCodeHeapSize                  = 0                                      {pd product} {ergonomic}
     bool ProfileInterpreter                       = false                                  {pd product} {command line}
    uintx ProfiledCodeHeapSize                     = 0                                      {pd product} {ergonomic}
   size_t SoftMaxHeapSize                          = 2095054848                             {manageable} {ergonomic}
     intx TieredStopAtLevel                        = 1                                         {product} {command line}
     bool UseCompressedClassPointers               = true                           {product lp64_product} {ergonomic}
     bool UseCompressedOops                        = true                           {product lp64_product} {ergonomic}
     bool UseG1GC                                  = true                                      {product} {ergonomic}
     bool UseLargePagesIndividualAllocation        = false                                  {pd product} {ergonomic}

Logging:
Log output configuration:
 #0: stdout all=warning,jni+resolve=off uptime,level,tags
 #1: stderr all=off uptime,level,tags

Environment Variables:
PATH=C:\Program Files\Java\jdk-15.0.2\bin;C:\Program Files\Common Files\Oracle\Java\javapath;C:\WINDOWS\system32;C:\WINDOWS;C:\WINDOWS\System32\Wbem;C:\WINDOWS\System32\WindowsPowerShell\v1.0\;C:\WINDOWS\System32\OpenSSH\;C:\Program Files\Azure Data Studio\bin;C:\Program Files\Microsoft SQL Server\Client SDK\ODBC\170\Tools\Binn\;C:\Program Files (x86)\Microsoft SQL Server\150\Tools\Binn\;C:\Program Files\Microsoft SQL Server\150\Tools\Binn\;C:\Program Files\Microsoft SQL Server\150\DTS\Binn\;C:\Program Files (x86)\Microsoft SQL Server\150\DTS\Binn\;C:\Program Files (x86)\GitExtensions\;F:\xampp\php;C:\ProgramData\ComposerSetup\bin;C:\xampp\php;C:\Program Files\Git\cmd;C:\Users\datea\AppData\Local\Microsoft\WindowsApps;C:\Users\datea\AppData\Local\Programs\Microsoft VS Code\bin;;C:\Program Files\Azure Data Studio\bin;C:\Users\datea\AppData\Roaming\Composer\vendor\bin
USERNAME=datea
OS=Windows_NT
PROCESSOR_IDENTIFIER=Intel64 Family 6 Model 126 Stepping 5, GenuineIntel
TMP=C:\Users\datea\AppData\Local\Temp
TEMP=C:\Users\datea\AppData\Local\Temp



---------------  S Y S T E M  ---------------

OS:
 Windows 11 , 64 bit Build 25227 (10.0.25227.1000)
OS uptime: 1 days 3:19 hours
Hyper-V role detected

CPU: total 8 (initial active 8) (4 cores per cpu, 2 threads per core) family 6 model 126 stepping 5 microcode 0xa6, cx8, cmov, fxsr, ht, mmx, 3dnowpref, sse, sse2, sse3, ssse3, sse4.1, sse4.2, popcnt, lzcnt, tsc, tscinvbit, avx, avx2, aes, erms, clmul, bmi1, bmi2, adx, avx512f, avx512dq, avx512cd, avx512bw, avx512vl, sha, fma, vzeroupper, avx512_vpopcntdq, avx512_vpclmulqdq, avx512_vaes, avx512_vnni, clflush, clflushopt, avx512_vbmi2, avx512_vbmi, hv

Memory: 4k page, system-wide physical 7987M (430M free)
TotalPageFile size 12083M (AvailPageFile size 54M)
current process WorkingSet (physical memory assigned to process): 241M, peak: 241M
current process commit charge ("private bytes"): 397M, peak: 901M

vm_info: OpenJDK 64-Bit Server VM (17.0.4.1+1) for windows-amd64 JRE (17.0.4.1+1), built on Aug 17 2022 07:42:43 by "temurin" with MS VC++ 16.7 (VS2019)

END.
