#
# There is insufficient memory for the Java Runtime Environment to continue.
# Native memory allocation (mmap) failed to map 448790528 bytes for G1 virtual space
# Possible reasons:
#   The system is out of physical RAM or swap space
#   The process is running with CompressedOops enabled, and the Java Heap may be blocking the growth of the native heap
# Possible solutions:
#   Reduce memory load on the system
#   Increase physical memory or swap space
#   Check if swap backing store is full
#   Decrease Java heap size (-Xmx/-Xms)
#   Decrease number of Java threads
#   Decrease Java thread stack sizes (-Xss)
#   Set larger code cache with -XX:ReservedCodeCacheSize=
#   JVM is running with Unscaled Compressed Oops mode in which the Java heap is
#     placed in the first 4GB address space. The Java Heap base address is the
#     maximum limit for the native heap growth. Please use -XX:HeapBaseMinAddress
#     to set the Java Heap base and to place the Java Heap above 4GB virtual address.
# This output file may be truncated or incomplete.
#
#  Out of Memory Error (os_windows.cpp:3541), pid=37592, tid=38456
#
# JRE version: OpenJDK Runtime Environment Temurin-17.0.4.1+1 (17.0.4.1+1) (build 17.0.4.1+1)
# Java VM: OpenJDK 64-Bit Server VM Temurin-17.0.4.1+1 (17.0.4.1+1, mixed mode, emulated-client, tiered, compressed oops, compressed class ptrs, g1 gc, windows-amd64)
# No core dump will be written. Minidumps are not enabled by default on client versions of Windows
#

---------------  S U M M A R Y ------------

Command Line: -Dsts.lsp.client=vscode -Dsts.log.file=/dev/null -XX:TieredStopAtLevel=1 -Xlog:jni+resolve=off -Dspring.config.location=file:c:\Users\datea\.vscode\extensions\pivotal.vscode-spring-boot-1.39.0\language-server\BOOT-INF\classes\application.properties org.springframework.ide.vscode.boot.app.BootLanguageServerBootApp

Host: Intel(R) Core(TM) i5-1035G1 CPU @ 1.00GHz, 8 cores, 7G,  Windows 11 , 64 bit Build 25217 (10.0.25217.1000)
Time: Mon Oct 10 15:42:13 2022 SE Asia Standard Time elapsed time: 6.742270 seconds (0d 0h 0m 6s)

---------------  T H R E A D  ---------------

Current thread (0x000001c62db459c0):  VMThread "VM Thread" [stack: 0x0000005542900000,0x0000005542a00000] [id=38456]

Stack: [0x0000005542900000,0x0000005542a00000]
Native frames: (J=compiled Java code, j=interpreted, Vv=VM code, C=native code)
V  [jvm.dll+0x67731a]
V  [jvm.dll+0x832284]
V  [jvm.dll+0x833a2e]
V  [jvm.dll+0x834093]
V  [jvm.dll+0x245775]
V  [jvm.dll+0x674209]
V  [jvm.dll+0x668a92]
V  [jvm.dll+0x30471b]
V  [jvm.dll+0x30bc66]
V  [jvm.dll+0x35ba9e]
V  [jvm.dll+0x35bccf]
V  [jvm.dll+0x2db5b8]
V  [jvm.dll+0x2d986c]
V  [jvm.dll+0x2d8e3c]
V  [jvm.dll+0x31cd9b]
V  [jvm.dll+0x83853b]
V  [jvm.dll+0x839274]
V  [jvm.dll+0x83978c]
V  [jvm.dll+0x839b64]
V  [jvm.dll+0x839c30]
V  [jvm.dll+0x7e240a]
V  [jvm.dll+0x6761a5]
C  [ucrtbase.dll+0x4b7eb]
C  [KERNEL32.DLL+0x1484d]
C  [ntdll.dll+0x67558]

VM_Operation (0x00000055443fe000): G1CollectForAllocation, mode: safepoint, requested by thread 0x000001c630652610


---------------  P R O C E S S  ---------------

Threads class SMR info:
_java_thread_list=0x000001c62fec8190, length=41, elements={
0x000001c62db53d90, 0x000001c62db56860, 0x000001c62e51c3b0, 0x000001c62e51cc70,
0x000001c62e51d530, 0x000001c62e51ddf0, 0x000001c62e528fc0, 0x000001c62e5294d0,
0x000001c62e72ed10, 0x000001c62e741690, 0x000001c62e741df0, 0x000001c62ef857d0,
0x000001c62efcd280, 0x000001c6302d5230, 0x000001c6304a5330, 0x000001c6305323a0,
0x000001c630652610, 0x000001c63063e830, 0x000001c6305fb7e0, 0x000001c6306538e0,
0x000001c630655f60, 0x000001c630653db0, 0x000001c630654750, 0x000001c630654c20,
0x000001c630656430, 0x000001c630652f40, 0x000001c630656900, 0x000001c630653410,
0x000001c630654280, 0x000001c6306550f0, 0x000001c6306555c0, 0x000001c630655a90,
0x000001c6321e8ff0, 0x000001c6321e5b00, 0x000001c6321e2ae0, 0x000001c6321e4c90,
0x000001c6321e2140, 0x000001c6321e5630, 0x000001c6321e42f0, 0x000001c6321e64a0,
0x000001c6321e2fb0
}

Java Threads: ( => current thread )
  0x000001c62db53d90 JavaThread "Reference Handler" daemon [_thread_blocked, id=46948, stack(0x0000005542a00000,0x0000005542b00000)]
  0x000001c62db56860 JavaThread "Finalizer" daemon [_thread_blocked, id=45084, stack(0x0000005542b00000,0x0000005542c00000)]
  0x000001c62e51c3b0 JavaThread "Signal Dispatcher" daemon [_thread_blocked, id=47168, stack(0x0000005542c00000,0x0000005542d00000)]
  0x000001c62e51cc70 JavaThread "Attach Listener" daemon [_thread_blocked, id=45784, stack(0x0000005542d00000,0x0000005542e00000)]
  0x000001c62e51d530 JavaThread "Service Thread" daemon [_thread_blocked, id=40148, stack(0x0000005542e00000,0x0000005542f00000)]
  0x000001c62e51ddf0 JavaThread "Monitor Deflation Thread" daemon [_thread_blocked, id=32176, stack(0x0000005542f00000,0x0000005543000000)]
  0x000001c62e528fc0 JavaThread "C1 CompilerThread0" daemon [_thread_blocked, id=47916, stack(0x0000005543000000,0x0000005543100000)]
  0x000001c62e5294d0 JavaThread "Sweeper thread" daemon [_thread_blocked, id=37756, stack(0x0000005543100000,0x0000005543200000)]
  0x000001c62e72ed10 JavaThread "C1 CompilerThread1" daemon [_thread_blocked, id=46708, stack(0x0000005543200000,0x0000005543300000)]
  0x000001c62e741690 JavaThread "Notification Thread" daemon [_thread_blocked, id=43652, stack(0x0000005543300000,0x0000005543400000)]
  0x000001c62e741df0 JavaThread "Common-Cleaner" daemon [_thread_blocked, id=41176, stack(0x0000005543500000,0x0000005543600000)]
  0x000001c62ef857d0 JavaThread "C1 CompilerThread2" daemon [_thread_blocked, id=45424, stack(0x0000005543600000,0x0000005543700000)]
  0x000001c62efcd280 JavaThread "C1 CompilerThread3" daemon [_thread_blocked, id=41304, stack(0x0000005543700000,0x0000005543800000)]
  0x000001c6302d5230 JavaThread "boundedElastic-evictor-1" daemon [_thread_blocked, id=44588, stack(0x0000005543d00000,0x0000005543e00000)]
  0x000001c6304a5330 JavaThread "ForkJoinPool.commonPool-worker-1" daemon [_thread_blocked, id=35856, stack(0x0000005544100000,0x0000005544200000)]
  0x000001c6305323a0 JavaThread "ClassGraph-worker-0" daemon [_thread_blocked, id=45672, stack(0x0000005544200000,0x0000005544300000)]
  0x000001c630652610 JavaThread "ClassGraph-worker-1" daemon [_thread_blocked, id=46072, stack(0x0000005544300000,0x0000005544400000)]
  0x000001c63063e830 JavaThread "ClassGraph-worker-2" daemon [_thread_blocked, id=44656, stack(0x0000005544400000,0x0000005544500000)]
  0x000001c6305fb7e0 JavaThread "ClassGraph-worker-3" daemon [_thread_blocked, id=40184, stack(0x0000005544500000,0x0000005544600000)]
  0x000001c6306538e0 JavaThread "ClassGraph-worker-4" daemon [_thread_blocked, id=41316, stack(0x0000005544600000,0x0000005544700000)]
  0x000001c630655f60 JavaThread "ClassGraph-worker-5" daemon [_thread_blocked, id=43352, stack(0x0000005544700000,0x0000005544800000)]
  0x000001c630653db0 JavaThread "ClassGraph-worker-6" daemon [_thread_blocked, id=38320, stack(0x0000005544800000,0x0000005544900000)]
  0x000001c630654750 JavaThread "ClassGraph-worker-7" daemon [_thread_blocked, id=44468, stack(0x0000005544900000,0x0000005544a00000)]
  0x000001c630654c20 JavaThread "ClassGraph-worker-8" daemon [_thread_blocked, id=39496, stack(0x0000005544a00000,0x0000005544b00000)]
  0x000001c630656430 JavaThread "ClassGraph-worker-9" daemon [_thread_blocked, id=41168, stack(0x0000005544b00000,0x0000005544c00000)]
  0x000001c630652f40 JavaThread "ClassGraph-worker-10" daemon [_thread_blocked, id=44860, stack(0x0000005544c00000,0x0000005544d00000)]
  0x000001c630656900 JavaThread "ClassGraph-worker-11" daemon [_thread_blocked, id=42856, stack(0x0000005544d00000,0x0000005544e00000)]
  0x000001c630653410 JavaThread "ClassGraph-worker-12" daemon [_thread_blocked, id=23204, stack(0x0000005544e00000,0x0000005544f00000)]
  0x000001c630654280 JavaThread "ClassGraph-worker-13" daemon [_thread_blocked, id=44220, stack(0x0000005544f00000,0x0000005545000000)]
  0x000001c6306550f0 JavaThread "pool-9-thread-1" [_thread_blocked, id=44416, stack(0x0000005545000000,0x0000005545100000)]
  0x000001c6306555c0 JavaThread "LanguageServerApp-lifecycle" [_thread_blocked, id=38592, stack(0x0000005545100000,0x0000005545200000)]
  0x000001c630655a90 JavaThread "DestroyJavaVM" [_thread_blocked, id=47256, stack(0x0000005542300000,0x0000005542400000)]
  0x000001c6321e8ff0 JavaThread "pool-10-thread-1" [_thread_in_native, id=33668, stack(0x0000005545200000,0x0000005545300000)]
  0x000001c6321e5b00 JavaThread "Simple-Language-Server main thread" daemon [_thread_blocked, id=44244, stack(0x0000005545400000,0x0000005545500000)]
  0x000001c6321e2ae0 JavaThread "pool-7-thread-1" [_thread_blocked, id=31136, stack(0x0000005545500000,0x0000005545600000)]
  0x000001c6321e4c90 JavaThread "parallel-1" daemon [_thread_blocked, id=36508, stack(0x0000005545600000,0x0000005545700000)]
  0x000001c6321e2140 JavaThread "pool-4-thread-1" [_thread_blocked, id=42356, stack(0x0000005545700000,0x0000005545800000)]
  0x000001c6321e5630 JavaThread "ForkJoinPool.commonPool-worker-2" daemon [_thread_blocked, id=44760, stack(0x0000005545800000,0x0000005545900000)]
  0x000001c6321e42f0 JavaThread "pool-4-thread-2" [_thread_blocked, id=42948, stack(0x0000005545900000,0x0000005545a00000)]
  0x000001c6321e64a0 JavaThread "Reconciler-1" daemon [_thread_blocked, id=45104, stack(0x0000005545a00000,0x0000005545b00000)]
  0x000001c6321e2fb0 JavaThread "parallel-2" daemon [_thread_blocked, id=45320, stack(0x0000005545b00000,0x0000005545c00000)]

Other Threads:
=>0x000001c62db459c0 VMThread "VM Thread" [stack: 0x0000005542900000,0x0000005542a00000] [id=38456]
  0x000001c62e741b60 WatcherThread [stack: 0x0000005543400000,0x0000005543500000] [id=46512]
  0x000001c6208de3b0 GCTaskThread "GC Thread#0" [stack: 0x0000005542400000,0x0000005542500000] [id=47672]
  0x000001c62f04c460 GCTaskThread "GC Thread#1" [stack: 0x0000005543800000,0x0000005543900000] [id=44076]
  0x000001c62f07d360 GCTaskThread "GC Thread#2" [stack: 0x0000005543900000,0x0000005543a00000] [id=44084]
  0x000001c62f082be0 GCTaskThread "GC Thread#3" [stack: 0x0000005543a00000,0x0000005543b00000] [id=44116]
  0x000001c62f0b01d0 GCTaskThread "GC Thread#4" [stack: 0x0000005543b00000,0x0000005543c00000] [id=44108]
  0x000001c62f0b0480 GCTaskThread "GC Thread#5" [stack: 0x0000005543c00000,0x0000005543d00000] [id=44100]
  0x000001c62fdeb1a0 GCTaskThread "GC Thread#6" [stack: 0x0000005543e00000,0x0000005543f00000] [id=39712]
  0x000001c62fdeb450 GCTaskThread "GC Thread#7" [stack: 0x0000005543f00000,0x0000005544000000] [id=45112]
  0x000001c6208efbd0 ConcurrentGCThread "G1 Main Marker" [stack: 0x0000005542500000,0x0000005542600000] [id=44700]
  0x000001c6208f0650 ConcurrentGCThread "G1 Conc#0" [stack: 0x0000005542600000,0x0000005542700000] [id=44536]
  0x000001c62ff6a060 ConcurrentGCThread "G1 Conc#1" [stack: 0x0000005544000000,0x0000005544100000] [id=41456]
  0x000001c62093e0b0 ConcurrentGCThread "G1 Refine#0" [stack: 0x0000005542700000,0x0000005542800000] [id=44512]
  0x000001c6306ada90 ConcurrentGCThread "G1 Refine#1" [stack: 0x0000005545300000,0x0000005545400000] [id=15028]
  0x000001c62093e9e0 ConcurrentGCThread "G1 Service" [stack: 0x0000005542800000,0x0000005542900000] [id=37408]

Threads with active compile tasks:

VM state: at safepoint (normal execution)

VM Mutex/Monitor currently owned by a thread:  ([mutex/lock_event])
[0x000001c61e523430] Threads_lock - owner thread: 0x000001c62db459c0
[0x000001c620881060] Heap_lock - owner thread: 0x000001c630652610

Heap address: 0x0000000083200000, size: 1998 MB, Compressed Oops mode: 32-bit

CDS archive(s) not mapped
Compressed class space mapped at: 0x0000000100000000-0x0000000140000000, reserved size: 1073741824
Narrow klass base: 0x0000000000000000, Narrow klass shift: 3, Narrow klass range: 0x140000000

GC Precious Log:
 CPUs: 8 total, 8 available
 Memory: 7987M
 Large Page Support: Disabled
 NUMA Support: Disabled
 Compressed Oops: Enabled (32-bit)
 Heap Region Size: 1M
 Heap Min Capacity: 8M
 Heap Initial Capacity: 126M
 Heap Max Capacity: 1998M
 Pre-touch: Disabled
 Parallel Workers: 8
 Concurrent Workers: 2
 Concurrent Refinement Workers: 8
 Periodic GC: Disabled

Heap:
 garbage-first heap   total 219136K, used 76193K [0x0000000083200000, 0x0000000100000000)
  region size 1024K, 9 young (9216K), 9 survivors (9216K)
 Metaspace       used 36210K, committed 36544K, reserved 1081344K
  class space    used 4721K, committed 4864K, reserved 1048576K

Heap Regions: E=young(eden), S=young(survivor), O=old, HS=humongous(starts), HC=humongous(continues), CS=collection set, F=free, OA=open archive, CA=closed archive, TAMS=top-at-mark-start (previous, next)
|   0|0x0000000083200000, 0x0000000083300000, 0x0000000083300000|100%| O|  |TAMS 0x0000000083300000, 0x0000000083200000| Untracked 
|   1|0x0000000083300000, 0x0000000083400000, 0x0000000083400000|100%| O|  |TAMS 0x0000000083400000, 0x0000000083300000| Untracked 
|   2|0x0000000083400000, 0x0000000083500000, 0x0000000083500000|100%| O|  |TAMS 0x0000000083500000, 0x0000000083400000| Untracked 
|   3|0x0000000083500000, 0x0000000083600000, 0x0000000083600000|100%| O|  |TAMS 0x0000000083600000, 0x0000000083500000| Untracked 
|   4|0x0000000083600000, 0x0000000083700000, 0x0000000083700000|100%| O|  |TAMS 0x0000000083700000, 0x0000000083600000| Untracked 
|   5|0x0000000083700000, 0x0000000083800000, 0x0000000083800000|100%| O|  |TAMS 0x0000000083800000, 0x0000000083700000| Untracked 
|   6|0x0000000083800000, 0x0000000083900000, 0x0000000083900000|100%| O|  |TAMS 0x0000000083900000, 0x0000000083800000| Untracked 
|   7|0x0000000083900000, 0x0000000083a00000, 0x0000000083a00000|100%| O|  |TAMS 0x0000000083a00000, 0x0000000083900000| Untracked 
|   8|0x0000000083a00000, 0x0000000083b00000, 0x0000000083b00000|100%| O|  |TAMS 0x0000000083b00000, 0x0000000083a00000| Untracked 
|   9|0x0000000083b00000, 0x0000000083c00000, 0x0000000083c00000|100%| O|  |TAMS 0x0000000083c00000, 0x0000000083b00000| Untracked 
|  10|0x0000000083c00000, 0x0000000083d00000, 0x0000000083d00000|100%| O|  |TAMS 0x0000000083d00000, 0x0000000083c00000| Untracked 
|  11|0x0000000083d00000, 0x0000000083e00000, 0x0000000083e00000|100%| O|  |TAMS 0x0000000083e00000, 0x0000000083d00000| Untracked 
|  12|0x0000000083e00000, 0x0000000083f00000, 0x0000000083f00000|100%| O|  |TAMS 0x0000000083f00000, 0x0000000083e00000| Untracked 
|  13|0x0000000083f00000, 0x0000000084000000, 0x0000000084000000|100%| O|  |TAMS 0x0000000084000000, 0x0000000083f00000| Untracked 
|  14|0x0000000084000000, 0x0000000084100000, 0x0000000084100000|100%| O|  |TAMS 0x0000000084100000, 0x0000000084000000| Untracked 
|  15|0x0000000084100000, 0x0000000084200000, 0x0000000084200000|100%| O|  |TAMS 0x0000000084200000, 0x0000000084100000| Untracked 
|  16|0x0000000084200000, 0x0000000084300000, 0x0000000084300000|100%| O|  |TAMS 0x0000000084300000, 0x0000000084200000| Untracked 
|  17|0x0000000084300000, 0x0000000084400000, 0x0000000084400000|100%| O|  |TAMS 0x0000000084400000, 0x0000000084300000| Untracked 
|  18|0x0000000084400000, 0x0000000084500000, 0x0000000084500000|100%| O|  |TAMS 0x0000000084500000, 0x0000000084400000| Untracked 
|  19|0x0000000084500000, 0x0000000084600000, 0x0000000084600000|100%| O|  |TAMS 0x0000000084600000, 0x0000000084500000| Untracked 
|  20|0x0000000084600000, 0x0000000084700000, 0x0000000084700000|100%| O|  |TAMS 0x0000000084700000, 0x0000000084600000| Untracked 
|  21|0x0000000084700000, 0x0000000084800000, 0x0000000084800000|100%| O|  |TAMS 0x0000000084800000, 0x0000000084700000| Untracked 
|  22|0x0000000084800000, 0x0000000084900000, 0x0000000084900000|100%| O|  |TAMS 0x0000000084900000, 0x0000000084800000| Untracked 
|  23|0x0000000084900000, 0x0000000084a00000, 0x0000000084a00000|100%| O|  |TAMS 0x0000000084a00000, 0x0000000084900000| Untracked 
|  24|0x0000000084a00000, 0x0000000084b00000, 0x0000000084b00000|100%| O|  |TAMS 0x0000000084b00000, 0x0000000084a00000| Untracked 
|  25|0x0000000084b00000, 0x0000000084c00000, 0x0000000084c00000|100%| O|  |TAMS 0x0000000084c00000, 0x0000000084b00000| Untracked 
|  26|0x0000000084c00000, 0x0000000084d00000, 0x0000000084d00000|100%| O|  |TAMS 0x0000000084d00000, 0x0000000084c00000| Untracked 
|  27|0x0000000084d00000, 0x0000000084e00000, 0x0000000084e00000|100%| O|  |TAMS 0x0000000084e00000, 0x0000000084d00000| Untracked 
|  28|0x0000000084e00000, 0x0000000084f00000, 0x0000000084f00000|100%| O|  |TAMS 0x0000000084f00000, 0x0000000084e00000| Untracked 
|  29|0x0000000084f00000, 0x0000000085000000, 0x0000000085000000|100%| O|  |TAMS 0x0000000085000000, 0x0000000084f00000| Untracked 
|  30|0x0000000085000000, 0x0000000085100000, 0x0000000085100000|100%| O|  |TAMS 0x0000000085100000, 0x0000000085000000| Untracked 
|  31|0x0000000085100000, 0x0000000085200000, 0x0000000085200000|100%| O|  |TAMS 0x0000000085200000, 0x0000000085100000| Untracked 
|  32|0x0000000085200000, 0x0000000085300000, 0x0000000085300000|100%| O|  |TAMS 0x0000000085300000, 0x0000000085200000| Untracked 
|  33|0x0000000085300000, 0x0000000085400000, 0x0000000085400000|100%| O|  |TAMS 0x0000000085400000, 0x0000000085300000| Untracked 
|  34|0x0000000085400000, 0x0000000085500000, 0x0000000085500000|100%| O|  |TAMS 0x0000000085500000, 0x0000000085400000| Untracked 
|  35|0x0000000085500000, 0x0000000085600000, 0x0000000085600000|100%| O|  |TAMS 0x0000000085600000, 0x0000000085500000| Untracked 
|  36|0x0000000085600000, 0x0000000085700000, 0x0000000085700000|100%| O|  |TAMS 0x0000000085700000, 0x0000000085600000| Untracked 
|  37|0x0000000085700000, 0x0000000085800000, 0x0000000085800000|100%| O|  |TAMS 0x0000000085800000, 0x0000000085700000| Untracked 
|  38|0x0000000085800000, 0x0000000085900000, 0x0000000085900000|100%|HS|  |TAMS 0x0000000085900000, 0x0000000085800000| Complete 
|  39|0x0000000085900000, 0x0000000085a00000, 0x0000000085a00000|100%| O|  |TAMS 0x0000000085a00000, 0x0000000085900000| Untracked 
|  40|0x0000000085a00000, 0x0000000085b00000, 0x0000000085b00000|100%| O|  |TAMS 0x0000000085b00000, 0x0000000085a00000| Untracked 
|  41|0x0000000085b00000, 0x0000000085c00000, 0x0000000085c00000|100%| O|  |TAMS 0x0000000085c00000, 0x0000000085b00000| Untracked 
|  42|0x0000000085c00000, 0x0000000085d00000, 0x0000000085d00000|100%| O|  |TAMS 0x0000000085d00000, 0x0000000085c00000| Untracked 
|  43|0x0000000085d00000, 0x0000000085e00000, 0x0000000085e00000|100%| O|  |TAMS 0x0000000085e00000, 0x0000000085d00000| Untracked 
|  44|0x0000000085e00000, 0x0000000085f00000, 0x0000000085f00000|100%| O|  |TAMS 0x0000000085f00000, 0x0000000085e00000| Untracked 
|  45|0x0000000085f00000, 0x0000000085f00000, 0x0000000086000000|  0%| F|  |TAMS 0x0000000085f00000, 0x0000000085f00000| Untracked 
|  46|0x0000000086000000, 0x0000000086100000, 0x0000000086100000|100%| O|  |TAMS 0x0000000086100000, 0x0000000086000000| Untracked 
|  47|0x0000000086100000, 0x0000000086200000, 0x0000000086200000|100%| O|  |TAMS 0x0000000086200000, 0x0000000086100000| Untracked 
|  48|0x0000000086200000, 0x0000000086300000, 0x0000000086300000|100%| O|  |TAMS 0x0000000086300000, 0x0000000086200000| Untracked 
|  49|0x0000000086300000, 0x0000000086400000, 0x0000000086400000|100%| O|  |TAMS 0x0000000086400000, 0x0000000086300000| Untracked 
|  50|0x0000000086400000, 0x0000000086500000, 0x0000000086500000|100%| O|  |TAMS 0x0000000086500000, 0x0000000086400000| Untracked 
|  51|0x0000000086500000, 0x0000000086600000, 0x0000000086600000|100%| O|  |TAMS 0x0000000086600000, 0x0000000086500000| Untracked 
|  52|0x0000000086600000, 0x0000000086700000, 0x0000000086700000|100%| O|  |TAMS 0x0000000086700000, 0x0000000086600000| Untracked 
|  53|0x0000000086700000, 0x0000000086800000, 0x0000000086800000|100%| O|  |TAMS 0x0000000086800000, 0x0000000086700000| Untracked 
|  54|0x0000000086800000, 0x0000000086900000, 0x0000000086900000|100%| O|  |TAMS 0x0000000086874e00, 0x0000000086800000| Untracked 
|  55|0x0000000086900000, 0x0000000086a00000, 0x0000000086a00000|100%| O|  |TAMS 0x0000000086900000, 0x0000000086900000| Untracked 
|  56|0x0000000086a00000, 0x0000000086b00000, 0x0000000086b00000|100%| O|  |TAMS 0x0000000086a00000, 0x0000000086a00000| Untracked 
|  57|0x0000000086b00000, 0x0000000086c00000, 0x0000000086c00000|100%| O|  |TAMS 0x0000000086b00000, 0x0000000086b00000| Untracked 
|  58|0x0000000086c00000, 0x0000000086d00000, 0x0000000086d00000|100%| O|  |TAMS 0x0000000086c00000, 0x0000000086c00000| Untracked 
|  59|0x0000000086d00000, 0x0000000086e00000, 0x0000000086e00000|100%| O|  |TAMS 0x0000000086d00000, 0x0000000086d00000| Untracked 
|  60|0x0000000086e00000, 0x0000000086f00000, 0x0000000086f00000|100%| O|  |TAMS 0x0000000086e00000, 0x0000000086e00000| Untracked 
|  61|0x0000000086f00000, 0x0000000087000000, 0x0000000087000000|100%| O|  |TAMS 0x0000000086f00000, 0x0000000086f00000| Untracked 
|  62|0x0000000087000000, 0x0000000087100000, 0x0000000087100000|100%| O|  |TAMS 0x0000000087000000, 0x0000000087000000| Untracked 
|  63|0x0000000087100000, 0x0000000087200000, 0x0000000087200000|100%| O|  |TAMS 0x0000000087100000, 0x0000000087100000| Untracked 
|  64|0x0000000087200000, 0x0000000087300000, 0x0000000087300000|100%| O|  |TAMS 0x0000000087200000, 0x0000000087200000| Untracked 
|  65|0x0000000087300000, 0x0000000087400000, 0x0000000087400000|100%| O|  |TAMS 0x0000000087300000, 0x0000000087300000| Untracked 
|  66|0x0000000087400000, 0x0000000087500000, 0x0000000087500000|100%| O|  |TAMS 0x0000000087400000, 0x0000000087400000| Untracked 
|  67|0x0000000087500000, 0x0000000087506c00, 0x0000000087600000|  2%| O|  |TAMS 0x0000000087500000, 0x0000000087500000| Untracked 
|  68|0x0000000087600000, 0x0000000087600000, 0x0000000087700000|  0%| F|  |TAMS 0x0000000087600000, 0x0000000087600000| Untracked 
|  69|0x0000000087700000, 0x0000000087700000, 0x0000000087800000|  0%| F|  |TAMS 0x0000000087700000, 0x0000000087700000| Untracked 
|  70|0x0000000087800000, 0x0000000087800000, 0x0000000087900000|  0%| F|  |TAMS 0x0000000087800000, 0x0000000087800000| Untracked 
|  71|0x0000000087900000, 0x0000000087900000, 0x0000000087a00000|  0%| F|  |TAMS 0x0000000087900000, 0x0000000087900000| Untracked 
|  72|0x0000000087a00000, 0x0000000087a00000, 0x0000000087b00000|  0%| F|  |TAMS 0x0000000087a00000, 0x0000000087a00000| Untracked 
|  73|0x0000000087b00000, 0x0000000087b00000, 0x0000000087c00000|  0%| F|  |TAMS 0x0000000087b00000, 0x0000000087b00000| Untracked 
|  74|0x0000000087c00000, 0x0000000087c00000, 0x0000000087d00000|  0%| F|  |TAMS 0x0000000087c00000, 0x0000000087c00000| Untracked 
|  75|0x0000000087d00000, 0x0000000087d00000, 0x0000000087e00000|  0%| F|  |TAMS 0x0000000087d00000, 0x0000000087d00000| Untracked 
|  76|0x0000000087e00000, 0x0000000087e00000, 0x0000000087f00000|  0%| F|  |TAMS 0x0000000087e00000, 0x0000000087e00000| Untracked 
|  77|0x0000000087f00000, 0x0000000087f00000, 0x0000000088000000|  0%| F|  |TAMS 0x0000000087f00000, 0x0000000087f00000| Untracked 
|  78|0x0000000088000000, 0x0000000088000000, 0x0000000088100000|  0%| F|  |TAMS 0x0000000088000000, 0x0000000088000000| Untracked 
|  79|0x0000000088100000, 0x0000000088100000, 0x0000000088200000|  0%| F|  |TAMS 0x0000000088100000, 0x0000000088100000| Untracked 
|  80|0x0000000088200000, 0x0000000088200000, 0x0000000088300000|  0%| F|  |TAMS 0x0000000088200000, 0x0000000088200000| Untracked 
|  81|0x0000000088300000, 0x0000000088300000, 0x0000000088400000|  0%| F|  |TAMS 0x0000000088300000, 0x0000000088300000| Untracked 
|  82|0x0000000088400000, 0x0000000088400000, 0x0000000088500000|  0%| F|  |TAMS 0x0000000088400000, 0x0000000088400000| Untracked 
|  83|0x0000000088500000, 0x0000000088500000, 0x0000000088600000|  0%| F|  |TAMS 0x0000000088500000, 0x0000000088500000| Untracked 
|  84|0x0000000088600000, 0x0000000088600000, 0x0000000088700000|  0%| F|  |TAMS 0x0000000088600000, 0x0000000088600000| Untracked 
|  85|0x0000000088700000, 0x0000000088700000, 0x0000000088800000|  0%| F|  |TAMS 0x0000000088700000, 0x0000000088700000| Untracked 
|  86|0x0000000088800000, 0x0000000088800000, 0x0000000088900000|  0%| F|  |TAMS 0x0000000088800000, 0x0000000088800000| Untracked 
|  87|0x0000000088900000, 0x0000000088900000, 0x0000000088a00000|  0%| F|  |TAMS 0x0000000088900000, 0x0000000088900000| Untracked 
|  88|0x0000000088a00000, 0x0000000088a00000, 0x0000000088b00000|  0%| F|  |TAMS 0x0000000088a00000, 0x0000000088a00000| Untracked 
|  89|0x0000000088b00000, 0x0000000088b00000, 0x0000000088c00000|  0%| F|  |TAMS 0x0000000088b00000, 0x0000000088b00000| Untracked 
|  90|0x0000000088c00000, 0x0000000088c00000, 0x0000000088d00000|  0%| F|  |TAMS 0x0000000088c00000, 0x0000000088c00000| Untracked 
|  91|0x0000000088d00000, 0x0000000088d00000, 0x0000000088e00000|  0%| F|  |TAMS 0x0000000088d00000, 0x0000000088d00000| Untracked 
|  92|0x0000000088e00000, 0x0000000088e00000, 0x0000000088f00000|  0%| F|  |TAMS 0x0000000088e00000, 0x0000000088e00000| Untracked 
|  93|0x0000000088f00000, 0x0000000088f00000, 0x0000000089000000|  0%| F|  |TAMS 0x0000000088f00000, 0x0000000088f00000| Untracked 
|  94|0x0000000089000000, 0x0000000089000000, 0x0000000089100000|  0%| F|  |TAMS 0x0000000089000000, 0x0000000089000000| Untracked 
|  95|0x0000000089100000, 0x0000000089100000, 0x0000000089200000|  0%| F|  |TAMS 0x0000000089100000, 0x0000000089100000| Untracked 
|  96|0x0000000089200000, 0x0000000089200000, 0x0000000089300000|  0%| F|  |TAMS 0x0000000089200000, 0x0000000089200000| Untracked 
|  97|0x0000000089300000, 0x0000000089300000, 0x0000000089400000|  0%| F|  |TAMS 0x0000000089300000, 0x0000000089300000| Untracked 
|  98|0x0000000089400000, 0x0000000089400000, 0x0000000089500000|  0%| F|  |TAMS 0x0000000089400000, 0x0000000089400000| Untracked 
|  99|0x0000000089500000, 0x0000000089500000, 0x0000000089600000|  0%| F|  |TAMS 0x0000000089500000, 0x0000000089500000| Untracked 
| 100|0x0000000089600000, 0x0000000089600000, 0x0000000089700000|  0%| F|  |TAMS 0x0000000089600000, 0x0000000089600000| Untracked 
| 101|0x0000000089700000, 0x0000000089700000, 0x0000000089800000|  0%| F|  |TAMS 0x0000000089700000, 0x0000000089700000| Untracked 
| 102|0x0000000089800000, 0x0000000089800000, 0x0000000089900000|  0%| F|  |TAMS 0x0000000089800000, 0x0000000089800000| Untracked 
| 103|0x0000000089900000, 0x0000000089900000, 0x0000000089a00000|  0%| F|  |TAMS 0x0000000089900000, 0x0000000089900000| Untracked 
| 104|0x0000000089a00000, 0x0000000089a61b48, 0x0000000089b00000| 38%| S|CS|TAMS 0x0000000089a00000, 0x0000000089a00000| Complete 
| 105|0x0000000089b00000, 0x0000000089c00000, 0x0000000089c00000|100%| S|CS|TAMS 0x0000000089b00000, 0x0000000089b00000| Complete 
| 106|0x0000000089c00000, 0x0000000089d00000, 0x0000000089d00000|100%| S|CS|TAMS 0x0000000089c00000, 0x0000000089c00000| Complete 
| 107|0x0000000089d00000, 0x0000000089e00000, 0x0000000089e00000|100%| S|CS|TAMS 0x0000000089d00000, 0x0000000089d00000| Complete 
| 108|0x0000000089e00000, 0x0000000089f00000, 0x0000000089f00000|100%| S|CS|TAMS 0x0000000089e00000, 0x0000000089e00000| Complete 
| 109|0x0000000089f00000, 0x000000008a000000, 0x000000008a000000|100%| S|CS|TAMS 0x0000000089f00000, 0x0000000089f00000| Complete 
| 110|0x000000008a000000, 0x000000008a100000, 0x000000008a100000|100%| S|CS|TAMS 0x000000008a000000, 0x000000008a000000| Complete 
| 111|0x000000008a100000, 0x000000008a200000, 0x000000008a200000|100%| S|CS|TAMS 0x000000008a100000, 0x000000008a100000| Complete 
| 112|0x000000008a200000, 0x000000008a200000, 0x000000008a300000|  0%| F|  |TAMS 0x000000008a200000, 0x000000008a200000| Untracked 
| 113|0x000000008a300000, 0x000000008a300000, 0x000000008a400000|  0%| F|  |TAMS 0x000000008a300000, 0x000000008a300000| Untracked 
| 114|0x000000008a400000, 0x000000008a400000, 0x000000008a500000|  0%| F|  |TAMS 0x000000008a400000, 0x000000008a400000| Untracked 
| 115|0x000000008a500000, 0x000000008a500000, 0x000000008a600000|  0%| F|  |TAMS 0x000000008a500000, 0x000000008a500000| Untracked 
| 116|0x000000008a600000, 0x000000008a700000, 0x000000008a700000|100%| S|CS|TAMS 0x000000008a600000, 0x000000008a600000| Complete 
| 117|0x000000008a700000, 0x000000008a700000, 0x000000008a800000|  0%| F|  |TAMS 0x000000008a700000, 0x000000008a700000| Untracked 
| 118|0x000000008a800000, 0x000000008a800000, 0x000000008a900000|  0%| F|  |TAMS 0x000000008a800000, 0x000000008a800000| Untracked 
| 119|0x000000008a900000, 0x000000008a900000, 0x000000008aa00000|  0%| F|  |TAMS 0x000000008a900000, 0x000000008a900000| Untracked 
| 120|0x000000008aa00000, 0x000000008aa00000, 0x000000008ab00000|  0%| F|  |TAMS 0x000000008aa00000, 0x000000008aa00000| Untracked 
| 121|0x000000008ab00000, 0x000000008ab00000, 0x000000008ac00000|  0%| F|  |TAMS 0x000000008ab00000, 0x000000008ab00000| Untracked 
| 122|0x000000008ac00000, 0x000000008ac00000, 0x000000008ad00000|  0%| F|  |TAMS 0x000000008ac00000, 0x000000008ac00000| Untracked 
| 123|0x000000008ad00000, 0x000000008ad00000, 0x000000008ae00000|  0%| F|  |TAMS 0x000000008ad00000, 0x000000008ad00000| Untracked 
| 124|0x000000008ae00000, 0x000000008ae00000, 0x000000008af00000|  0%| F|  |TAMS 0x000000008ae00000, 0x000000008ae00000| Untracked 
| 125|0x000000008af00000, 0x000000008af00000, 0x000000008b000000|  0%| F|  |TAMS 0x000000008af00000, 0x000000008af00000| Untracked 
| 126|0x000000008b000000, 0x000000008b000000, 0x000000008b100000|  0%| F|  |TAMS 0x000000008b000000, 0x000000008b000000| Untracked 
| 127|0x000000008b100000, 0x000000008b100000, 0x000000008b200000|  0%| F|  |TAMS 0x000000008b100000, 0x000000008b100000| Untracked 
| 128|0x000000008b200000, 0x000000008b200000, 0x000000008b300000|  0%| F|  |TAMS 0x000000008b200000, 0x000000008b200000| Untracked 
| 129|0x000000008b300000, 0x000000008b300000, 0x000000008b400000|  0%| F|  |TAMS 0x000000008b300000, 0x000000008b300000| Untracked 
| 130|0x000000008b400000, 0x000000008b400000, 0x000000008b500000|  0%| F|  |TAMS 0x000000008b400000, 0x000000008b400000| Untracked 
| 131|0x000000008b500000, 0x000000008b500000, 0x000000008b600000|  0%| F|  |TAMS 0x000000008b500000, 0x000000008b500000| Untracked 
| 132|0x000000008b600000, 0x000000008b600000, 0x000000008b700000|  0%| F|  |TAMS 0x000000008b600000, 0x000000008b600000| Untracked 
| 133|0x000000008b700000, 0x000000008b700000, 0x000000008b800000|  0%| F|  |TAMS 0x000000008b700000, 0x000000008b700000| Untracked 
| 134|0x000000008b800000, 0x000000008b800000, 0x000000008b900000|  0%| F|  |TAMS 0x000000008b800000, 0x000000008b800000| Untracked 
| 135|0x000000008b900000, 0x000000008b900000, 0x000000008ba00000|  0%| F|  |TAMS 0x000000008b900000, 0x000000008b900000| Untracked 
| 136|0x000000008ba00000, 0x000000008ba00000, 0x000000008bb00000|  0%| F|  |TAMS 0x000000008ba00000, 0x000000008ba00000| Untracked 
| 137|0x000000008bb00000, 0x000000008bb00000, 0x000000008bc00000|  0%| F|  |TAMS 0x000000008bb00000, 0x000000008bb00000| Untracked 
| 138|0x000000008bc00000, 0x000000008bc00000, 0x000000008bd00000|  0%| F|  |TAMS 0x000000008bc00000, 0x000000008bc00000| Untracked 
| 139|0x000000008bd00000, 0x000000008bd00000, 0x000000008be00000|  0%| F|  |TAMS 0x000000008bd00000, 0x000000008bd00000| Untracked 
| 140|0x000000008be00000, 0x000000008be00000, 0x000000008bf00000|  0%| F|  |TAMS 0x000000008be00000, 0x000000008be00000| Untracked 
| 141|0x000000008bf00000, 0x000000008bf00000, 0x000000008c000000|  0%| F|  |TAMS 0x000000008bf00000, 0x000000008bf00000| Untracked 
| 142|0x000000008c000000, 0x000000008c000000, 0x000000008c100000|  0%| F|  |TAMS 0x000000008c000000, 0x000000008c000000| Untracked 
| 143|0x000000008c100000, 0x000000008c100000, 0x000000008c200000|  0%| F|  |TAMS 0x000000008c100000, 0x000000008c100000| Untracked 
| 144|0x000000008c200000, 0x000000008c200000, 0x000000008c300000|  0%| F|  |TAMS 0x000000008c200000, 0x000000008c200000| Untracked 
| 145|0x000000008c300000, 0x000000008c300000, 0x000000008c400000|  0%| F|  |TAMS 0x000000008c300000, 0x000000008c300000| Untracked 
| 146|0x000000008c400000, 0x000000008c400000, 0x000000008c500000|  0%| F|  |TAMS 0x000000008c400000, 0x000000008c400000| Untracked 
| 147|0x000000008c500000, 0x000000008c500000, 0x000000008c600000|  0%| F|  |TAMS 0x000000008c500000, 0x000000008c500000| Untracked 
| 148|0x000000008c600000, 0x000000008c600000, 0x000000008c700000|  0%| F|  |TAMS 0x000000008c600000, 0x000000008c600000| Untracked 
| 149|0x000000008c700000, 0x000000008c700000, 0x000000008c800000|  0%| F|  |TAMS 0x000000008c700000, 0x000000008c700000| Untracked 
| 150|0x000000008c800000, 0x000000008c800000, 0x000000008c900000|  0%| F|  |TAMS 0x000000008c800000, 0x000000008c800000| Untracked 
| 151|0x000000008c900000, 0x000000008c900000, 0x000000008ca00000|  0%| F|  |TAMS 0x000000008c900000, 0x000000008c900000| Untracked 
| 152|0x000000008ca00000, 0x000000008ca00000, 0x000000008cb00000|  0%| F|  |TAMS 0x000000008ca00000, 0x000000008ca00000| Untracked 
| 153|0x000000008cb00000, 0x000000008cb00000, 0x000000008cc00000|  0%| F|  |TAMS 0x000000008cb00000, 0x000000008cb00000| Untracked 
| 154|0x000000008cc00000, 0x000000008cc00000, 0x000000008cd00000|  0%| F|  |TAMS 0x000000008cc00000, 0x000000008cc00000| Untracked 
| 155|0x000000008cd00000, 0x000000008cd00000, 0x000000008ce00000|  0%| F|  |TAMS 0x000000008cd00000, 0x000000008cd00000| Untracked 
| 156|0x000000008ce00000, 0x000000008ce00000, 0x000000008cf00000|  0%| F|  |TAMS 0x000000008ce00000, 0x000000008ce00000| Untracked 
| 157|0x000000008cf00000, 0x000000008cf00000, 0x000000008d000000|  0%| F|  |TAMS 0x000000008cf00000, 0x000000008cf00000| Untracked 
| 158|0x000000008d000000, 0x000000008d000000, 0x000000008d100000|  0%| F|  |TAMS 0x000000008d000000, 0x000000008d000000| Untracked 
| 159|0x000000008d100000, 0x000000008d100000, 0x000000008d200000|  0%| F|  |TAMS 0x000000008d100000, 0x000000008d100000| Untracked 
| 160|0x000000008d200000, 0x000000008d200000, 0x000000008d300000|  0%| F|  |TAMS 0x000000008d200000, 0x000000008d200000| Untracked 
| 161|0x000000008d300000, 0x000000008d300000, 0x000000008d400000|  0%| F|  |TAMS 0x000000008d300000, 0x000000008d300000| Untracked 
| 162|0x000000008d400000, 0x000000008d400000, 0x000000008d500000|  0%| F|  |TAMS 0x000000008d400000, 0x000000008d400000| Untracked 
| 163|0x000000008d500000, 0x000000008d500000, 0x000000008d600000|  0%| F|  |TAMS 0x000000008d500000, 0x000000008d500000| Untracked 
| 164|0x000000008d600000, 0x000000008d600000, 0x000000008d700000|  0%| F|  |TAMS 0x000000008d600000, 0x000000008d600000| Untracked 
| 165|0x000000008d700000, 0x000000008d700000, 0x000000008d800000|  0%| F|  |TAMS 0x000000008d700000, 0x000000008d700000| Untracked 
| 166|0x000000008d800000, 0x000000008d800000, 0x000000008d900000|  0%| F|  |TAMS 0x000000008d800000, 0x000000008d800000| Untracked 
| 167|0x000000008d900000, 0x000000008d900000, 0x000000008da00000|  0%| F|  |TAMS 0x000000008d900000, 0x000000008d900000| Untracked 
| 168|0x000000008da00000, 0x000000008da00000, 0x000000008db00000|  0%| F|  |TAMS 0x000000008da00000, 0x000000008da00000| Untracked 
| 169|0x000000008db00000, 0x000000008db00000, 0x000000008dc00000|  0%| F|  |TAMS 0x000000008db00000, 0x000000008db00000| Untracked 
| 170|0x000000008dc00000, 0x000000008dc00000, 0x000000008dd00000|  0%| F|  |TAMS 0x000000008dc00000, 0x000000008dc00000| Untracked 
| 171|0x000000008dd00000, 0x000000008dd00000, 0x000000008de00000|  0%| F|  |TAMS 0x000000008dd00000, 0x000000008dd00000| Untracked 
| 172|0x000000008de00000, 0x000000008de00000, 0x000000008df00000|  0%| F|  |TAMS 0x000000008de00000, 0x000000008de00000| Untracked 
| 173|0x000000008df00000, 0x000000008df00000, 0x000000008e000000|  0%| F|  |TAMS 0x000000008df00000, 0x000000008df00000| Untracked 
| 174|0x000000008e000000, 0x000000008e000000, 0x000000008e100000|  0%| F|  |TAMS 0x000000008e000000, 0x000000008e000000| Untracked 
| 175|0x000000008e100000, 0x000000008e100000, 0x000000008e200000|  0%| F|  |TAMS 0x000000008e100000, 0x000000008e100000| Untracked 
| 176|0x000000008e200000, 0x000000008e200000, 0x000000008e300000|  0%| F|  |TAMS 0x000000008e200000, 0x000000008e200000| Untracked 
| 177|0x000000008e300000, 0x000000008e300000, 0x000000008e400000|  0%| F|  |TAMS 0x000000008e300000, 0x000000008e300000| Untracked 
| 178|0x000000008e400000, 0x000000008e400000, 0x000000008e500000|  0%| F|  |TAMS 0x000000008e400000, 0x000000008e400000| Untracked 
| 179|0x000000008e500000, 0x000000008e500000, 0x000000008e600000|  0%| F|  |TAMS 0x000000008e500000, 0x000000008e500000| Untracked 
| 180|0x000000008e600000, 0x000000008e600000, 0x000000008e700000|  0%| F|  |TAMS 0x000000008e600000, 0x000000008e600000| Untracked 
| 181|0x000000008e700000, 0x000000008e700000, 0x000000008e800000|  0%| F|  |TAMS 0x000000008e700000, 0x000000008e700000| Untracked 
| 182|0x000000008e800000, 0x000000008e800000, 0x000000008e900000|  0%| F|  |TAMS 0x000000008e800000, 0x000000008e800000| Untracked 
| 183|0x000000008e900000, 0x000000008e900000, 0x000000008ea00000|  0%| F|  |TAMS 0x000000008e900000, 0x000000008e900000| Untracked 
| 184|0x000000008ea00000, 0x000000008ea00000, 0x000000008eb00000|  0%| F|  |TAMS 0x000000008ea00000, 0x000000008ea00000| Untracked 
| 185|0x000000008eb00000, 0x000000008eb00000, 0x000000008ec00000|  0%| F|  |TAMS 0x000000008eb00000, 0x000000008eb00000| Untracked 
| 186|0x000000008ec00000, 0x000000008ec00000, 0x000000008ed00000|  0%| F|  |TAMS 0x000000008ec00000, 0x000000008ec00000| Untracked 
| 187|0x000000008ed00000, 0x000000008ed00000, 0x000000008ee00000|  0%| F|  |TAMS 0x000000008ed00000, 0x000000008ed00000| Untracked 
| 188|0x000000008ee00000, 0x000000008ee00000, 0x000000008ef00000|  0%| F|  |TAMS 0x000000008ee00000, 0x000000008ee00000| Untracked 
| 189|0x000000008ef00000, 0x000000008ef00000, 0x000000008f000000|  0%| F|  |TAMS 0x000000008ef00000, 0x000000008ef00000| Untracked 
| 190|0x000000008f000000, 0x000000008f000000, 0x000000008f100000|  0%| F|  |TAMS 0x000000008f000000, 0x000000008f000000| Untracked 
| 191|0x000000008f100000, 0x000000008f100000, 0x000000008f200000|  0%| F|  |TAMS 0x000000008f100000, 0x000000008f100000| Untracked 
| 192|0x000000008f200000, 0x000000008f200000, 0x000000008f300000|  0%| F|  |TAMS 0x000000008f200000, 0x000000008f200000| Untracked 
| 193|0x000000008f300000, 0x000000008f300000, 0x000000008f400000|  0%| F|  |TAMS 0x000000008f300000, 0x000000008f300000| Untracked 
| 194|0x000000008f400000, 0x000000008f400000, 0x000000008f500000|  0%| F|  |TAMS 0x000000008f400000, 0x000000008f400000| Untracked 
| 195|0x000000008f500000, 0x000000008f500000, 0x000000008f600000|  0%| F|  |TAMS 0x000000008f500000, 0x000000008f500000| Untracked 
| 196|0x000000008f600000, 0x000000008f600000, 0x000000008f700000|  0%| F|  |TAMS 0x000000008f600000, 0x000000008f600000| Untracked 
| 197|0x000000008f700000, 0x000000008f700000, 0x000000008f800000|  0%| F|  |TAMS 0x000000008f700000, 0x000000008f700000| Untracked 
| 198|0x000000008f800000, 0x000000008f800000, 0x000000008f900000|  0%| F|  |TAMS 0x000000008f800000, 0x000000008f800000| Untracked 
| 199|0x000000008f900000, 0x000000008f900000, 0x000000008fa00000|  0%| F|  |TAMS 0x000000008f900000, 0x000000008f900000| Untracked 
| 200|0x000000008fa00000, 0x000000008fa00000, 0x000000008fb00000|  0%| F|  |TAMS 0x000000008fa00000, 0x000000008fa00000| Untracked 
| 201|0x000000008fb00000, 0x000000008fb00000, 0x000000008fc00000|  0%| F|  |TAMS 0x000000008fb00000, 0x000000008fb00000| Untracked 
| 202|0x000000008fc00000, 0x000000008fc00000, 0x000000008fd00000|  0%| F|  |TAMS 0x000000008fc00000, 0x000000008fc00000| Untracked 
| 203|0x000000008fd00000, 0x000000008fd00000, 0x000000008fe00000|  0%| F|  |TAMS 0x000000008fd00000, 0x000000008fd00000| Untracked 
| 204|0x000000008fe00000, 0x000000008fe00000, 0x000000008ff00000|  0%| F|  |TAMS 0x000000008fe00000, 0x000000008fe00000| Untracked 
| 205|0x000000008ff00000, 0x000000008ff00000, 0x0000000090000000|  0%| F|  |TAMS 0x000000008ff00000, 0x000000008ff00000| Untracked 
| 206|0x0000000090000000, 0x0000000090000000, 0x0000000090100000|  0%| F|  |TAMS 0x0000000090000000, 0x0000000090000000| Untracked 
| 207|0x0000000090100000, 0x0000000090100000, 0x0000000090200000|  0%| F|  |TAMS 0x0000000090100000, 0x0000000090100000| Untracked 
| 208|0x0000000090200000, 0x0000000090200000, 0x0000000090300000|  0%| F|  |TAMS 0x0000000090200000, 0x0000000090200000| Untracked 
| 209|0x0000000090300000, 0x0000000090300000, 0x0000000090400000|  0%| F|  |TAMS 0x0000000090300000, 0x0000000090300000| Untracked 
| 210|0x0000000090400000, 0x0000000090400000, 0x0000000090500000|  0%| F|  |TAMS 0x0000000090400000, 0x0000000090400000| Untracked 
| 211|0x0000000090500000, 0x0000000090500000, 0x0000000090600000|  0%| F|  |TAMS 0x0000000090500000, 0x0000000090500000| Untracked 
| 212|0x0000000090600000, 0x0000000090600000, 0x0000000090700000|  0%| F|  |TAMS 0x0000000090600000, 0x0000000090600000| Untracked 
| 213|0x0000000090700000, 0x0000000090700000, 0x0000000090800000|  0%| F|  |TAMS 0x0000000090700000, 0x0000000090700000| Untracked 

Card table byte_map: [0x000001c626a00000,0x000001c626df0000] _byte_map_base: 0x000001c6265e7000

Marking Bits (Prev, Next): (CMBitMap*) 0x000001c6208df920, (CMBitMap*) 0x000001c6208df8e0
 Prev Bits: [0x000001c629120000, 0x000001c62b058000)
 Next Bits: [0x000001c6271e0000, 0x000001c629118000)

Polling page: 0x000001c61e7d0000

Metaspace:

Usage:
  Non-class:     30.75 MB used.
      Class:      4.61 MB used.
       Both:     35.36 MB used.

Virtual space:
  Non-class space:       32.00 MB reserved,      30.94 MB ( 97%) committed,  4 nodes.
      Class space:        1.00 GB reserved,       4.75 MB ( <1%) committed,  1 nodes.
             Both:        1.03 GB reserved,      35.69 MB (  3%) committed. 

Chunk freelists:
   Non-Class:  688.00 KB
       Class:  3.08 MB
        Both:  3.75 MB

MaxMetaspaceSize: unlimited
CompressedClassSpaceSize: 1.00 GB
Initial GC threshold: 21.00 MB
Current GC threshold: 59.31 MB
CDS: off
MetaspaceReclaimPolicy: balanced
 - commit_granule_bytes: 65536.
 - commit_granule_words: 8192.
 - virtual_space_node_default_size: 1048576.
 - enlarge_chunks_in_place: 1.
 - new_chunks_are_fully_committed: 0.
 - uncommit_free_chunks: 1.
 - use_allocation_guard: 0.
 - handle_deallocations: 1.


Internal statistics:

num_allocs_failed_limit: 6.
num_arena_births: 342.
num_arena_deaths: 0.
num_vsnodes_births: 5.
num_vsnodes_deaths: 0.
num_space_committed: 571.
num_space_uncommitted: 0.
num_chunks_returned_to_freelist: 6.
num_chunks_taken_from_freelist: 1397.
num_chunk_merges: 6.
num_chunk_splits: 952.
num_chunks_enlarged: 727.
num_purges: 0.
num_inconsistent_stats: 0.

CodeCache: size=49152Kb used=8968Kb max_used=8968Kb free=40183Kb
 bounds [0x000001c623500000, 0x000001c623dd0000, 0x000001c626500000]
 total_blobs=4193 nmethods=3667 adapters=450
 compilation: enabled
              stopped_count=0, restarted_count=0
 full_count=0

Compilation events (20 events):
Event: 4.481 Thread 0x000001c62efcd280 nmethod 3655 0x000001c623db4610 code [0x000001c623db47a0, 0x000001c623db48c8]
Event: 4.481 Thread 0x000001c62efcd280 3650       1       jdk.internal.jimage.ImageReader::releaseByteBuffer (5 bytes)
Event: 4.481 Thread 0x000001c62efcd280 nmethod 3650 0x000001c623db4990 code [0x000001c623db4b20, 0x000001c623db4c68]
Event: 4.481 Thread 0x000001c62e528fc0 nmethod 3644 0x000001c623db4d10 code [0x000001c623db4fc0, 0x000001c623db5a78]
Event: 4.481 Thread 0x000001c62efcd280 3651       1       jdk.internal.jimage.BasicImageReader::releaseByteBuffer (16 bytes)
Event: 4.481 Thread 0x000001c62e72ed10 nmethod 3645 0x000001c623db6090 code [0x000001c623db62a0, 0x000001c623db6788]
Event: 4.481 Thread 0x000001c62efcd280 nmethod 3651 0x000001c623db6990 code [0x000001c623db6b20, 0x000001c623db6c68]
Event: 4.483 Thread 0x000001c62e528fc0 3662       1       io.github.classgraph.Classfile::readBasicClassInfo (339 bytes)
Event: 4.483 Thread 0x000001c62efcd280 3663       1       io.github.classgraph.Classfile::extendScanningUpwards (585 bytes)
Event: 4.484 Thread 0x000001c62e72ed10 3664   !   1       jdk.internal.reflect.GeneratedMethodAccessor28::invoke (67 bytes)
Event: 4.485 Thread 0x000001c62e72ed10 nmethod 3664 0x000001c623db6d10 code [0x000001c623db6f00, 0x000001c623db7338]
Event: 4.485 Thread 0x000001c62ef857d0 nmethod 3642 0x000001c623db7610 code [0x000001c623db7e40, 0x000001c623dba988]
Event: 4.486 Thread 0x000001c62efcd280 nmethod 3663 0x000001c623dbc410 code [0x000001c623dbc880, 0x000001c623dbd788]
Event: 4.486 Thread 0x000001c62e528fc0 nmethod 3662 0x000001c623dbe310 code [0x000001c623dbe680, 0x000001c623dbf4a8]
Event: 4.488 Thread 0x000001c62ef857d0 3665       1       io.github.classgraph.Classfile::readInterfaces (63 bytes)
Event: 4.488 Thread 0x000001c62ef857d0 nmethod 3665 0x000001c623dbfc90 code [0x000001c623dbfe60, 0x000001c623dc0178]
Event: 4.490 Thread 0x000001c62e72ed10 3666   !   1       nonapi.io.github.classgraph.fileslice.reader.ClassfileReader::close (43 bytes)
Event: 4.490 Thread 0x000001c62e72ed10 nmethod 3666 0x000001c623dc0310 code [0x000001c623dc04c0, 0x000001c623dc0698]
Event: 4.608 Thread 0x000001c62ef857d0 3667  s!   1       jdk.internal.loader.URLClassPath::getLoader (196 bytes)
Event: 4.610 Thread 0x000001c62ef857d0 nmethod 3667 0x000001c623dc0790 code [0x000001c623dc0a40, 0x000001c623dc1458]

GC Heap History (20 events):
Event: 3.822 GC heap after
{Heap after GC invocations=11 (full 0):
 garbage-first heap   total 68608K, used 30720K [0x0000000083200000, 0x0000000100000000)
  region size 1024K, 4 young (4096K), 4 survivors (4096K)
 Metaspace       used 33777K, committed 34112K, reserved 1081344K
  class space    used 4306K, committed 4480K, reserved 1048576K
}
Event: 3.877 GC heap before
{Heap before GC invocations=11 (full 0):
 garbage-first heap   total 68608K, used 51200K [0x0000000083200000, 0x0000000100000000)
  region size 1024K, 24 young (24576K), 4 survivors (4096K)
 Metaspace       used 34002K, committed 34304K, reserved 1081344K
  class space    used 4336K, committed 4480K, reserved 1048576K
}
Event: 3.883 GC heap after
{Heap after GC invocations=12 (full 0):
 garbage-first heap   total 103424K, used 33615K [0x0000000083200000, 0x0000000100000000)
  region size 1024K, 3 young (3072K), 3 survivors (3072K)
 Metaspace       used 34002K, committed 34304K, reserved 1081344K
  class space    used 4336K, committed 4480K, reserved 1048576K
}
Event: 4.032 GC heap before
{Heap before GC invocations=12 (full 0):
 garbage-first heap   total 103424K, used 74575K [0x0000000083200000, 0x0000000100000000)
  region size 1024K, 43 young (44032K), 3 survivors (3072K)
 Metaspace       used 34469K, committed 34816K, reserved 1081344K
  class space    used 4401K, committed 4608K, reserved 1048576K
}
Event: 4.042 GC heap after
{Heap after GC invocations=13 (full 0):
 garbage-first heap   total 103424K, used 44889K [0x0000000083200000, 0x0000000100000000)
  region size 1024K, 6 young (6144K), 6 survivors (6144K)
 Metaspace       used 34469K, committed 34816K, reserved 1081344K
  class space    used 4401K, committed 4608K, reserved 1048576K
}
Event: 4.285 GC heap before
{Heap before GC invocations=13 (full 0):
 garbage-first heap   total 103424K, used 61273K [0x0000000083200000, 0x0000000100000000)
  region size 1024K, 23 young (23552K), 6 survivors (6144K)
 Metaspace       used 35667K, committed 35968K, reserved 1081344K
  class space    used 4613K, committed 4736K, reserved 1048576K
}
Event: 4.294 GC heap after
{Heap after GC invocations=14 (full 0):
 garbage-first heap   total 103424K, used 50208K [0x0000000083200000, 0x0000000100000000)
  region size 1024K, 4 young (4096K), 4 survivors (4096K)
 Metaspace       used 35667K, committed 35968K, reserved 1081344K
  class space    used 4613K, committed 4736K, reserved 1048576K
}
Event: 4.417 GC heap before
{Heap before GC invocations=15 (full 0):
 garbage-first heap   total 106496K, used 74784K [0x0000000083200000, 0x0000000100000000)
  region size 1024K, 29 young (29696K), 4 survivors (4096K)
 Metaspace       used 36093K, committed 36416K, reserved 1081344K
  class space    used 4705K, committed 4864K, reserved 1048576K
}
Event: 4.444 GC heap after
{Heap after GC invocations=16 (full 0):
 garbage-first heap   total 106496K, used 59859K [0x0000000083200000, 0x0000000100000000)
  region size 1024K, 4 young (4096K), 4 survivors (4096K)
 Metaspace       used 36093K, committed 36416K, reserved 1081344K
  class space    used 4705K, committed 4864K, reserved 1048576K
}
Event: 4.463 GC heap before
{Heap before GC invocations=16 (full 0):
 garbage-first heap   total 106496K, used 77267K [0x0000000083200000, 0x0000000100000000)
  region size 1024K, 22 young (22528K), 4 survivors (4096K)
 Metaspace       used 36095K, committed 36416K, reserved 1081344K
  class space    used 4707K, committed 4864K, reserved 1048576K
}
Event: 4.467 GC heap after
{Heap after GC invocations=17 (full 0):
 garbage-first heap   total 219136K, used 61245K [0x0000000083200000, 0x0000000100000000)
  region size 1024K, 1 young (1024K), 1 survivors (1024K)
 Metaspace       used 36095K, committed 36416K, reserved 1081344K
  class space    used 4707K, committed 4864K, reserved 1048576K
}
Event: 4.534 GC heap before
{Heap before GC invocations=17 (full 0):
 garbage-first heap   total 219136K, used 142141K [0x0000000083200000, 0x0000000100000000)
  region size 1024K, 81 young (82944K), 1 survivors (1024K)
 Metaspace       used 36110K, committed 36416K, reserved 1081344K
  class space    used 4708K, committed 4864K, reserved 1048576K
}
Event: 4.537 GC heap after
{Heap after GC invocations=18 (full 0):
 garbage-first heap   total 219136K, used 64702K [0x0000000083200000, 0x0000000100000000)
  region size 1024K, 5 young (5120K), 5 survivors (5120K)
 Metaspace       used 36110K, committed 36416K, reserved 1081344K
  class space    used 4708K, committed 4864K, reserved 1048576K
}
Event: 4.592 GC heap before
{Heap before GC invocations=19 (full 0):
 garbage-first heap   total 219136K, used 161982K [0x0000000083200000, 0x0000000100000000)
  region size 1024K, 101 young (103424K), 5 survivors (5120K)
 Metaspace       used 36128K, committed 36416K, reserved 1081344K
  class space    used 4715K, committed 4864K, reserved 1048576K
}
Event: 4.598 GC heap after
{Heap after GC invocations=20 (full 0):
 garbage-first heap   total 219136K, used 68424K [0x0000000083200000, 0x0000000100000000)
  region size 1024K, 8 young (8192K), 8 survivors (8192K)
 Metaspace       used 36128K, committed 36416K, reserved 1081344K
  class space    used 4715K, committed 4864K, reserved 1048576K
}
Event: 4.599 GC heap before
{Heap before GC invocations=20 (full 0):
 garbage-first heap   total 219136K, used 69448K [0x0000000083200000, 0x0000000100000000)
  region size 1024K, 10 young (10240K), 8 survivors (8192K)
 Metaspace       used 36130K, committed 36416K, reserved 1081344K
  class space    used 4715K, committed 4864K, reserved 1048576K
}
Event: 4.604 GC heap after
{Heap after GC invocations=21 (full 0):
 garbage-first heap   total 219136K, used 68635K [0x0000000083200000, 0x0000000100000000)
  region size 1024K, 1 young (1024K), 1 survivors (1024K)
 Metaspace       used 36130K, committed 36416K, reserved 1081344K
  class space    used 4715K, committed 4864K, reserved 1048576K
}
Event: 4.654 GC heap before
{Heap before GC invocations=21 (full 0):
 garbage-first heap   total 219136K, used 166939K [0x0000000083200000, 0x0000000100000000)
  region size 1024K, 98 young (100352K), 1 survivors (1024K)
 Metaspace       used 36210K, committed 36544K, reserved 1081344K
  class space    used 4721K, committed 4864K, reserved 1048576K
}
Event: 4.657 GC heap after
{Heap after GC invocations=22 (full 0):
 garbage-first heap   total 219136K, used 71677K [0x0000000083200000, 0x0000000100000000)
  region size 1024K, 4 young (4096K), 4 survivors (4096K)
 Metaspace       used 36210K, committed 36544K, reserved 1081344K
  class space    used 4721K, committed 4864K, reserved 1048576K
}
Event: 4.710 GC heap before
{Heap before GC invocations=22 (full 0):
 garbage-first heap   total 219136K, used 169981K [0x0000000083200000, 0x0000000100000000)
  region size 1024K, 101 young (103424K), 4 survivors (4096K)
 Metaspace       used 36210K, committed 36544K, reserved 1081344K
  class space    used 4721K, committed 4864K, reserved 1048576K
}

Deoptimization events (12 events):
Event: 1.898 Thread 0x000001c620882dd0 DEOPT PACKING pc=0x000001c623a4fc99 sp=0x00000055423fd590
Event: 1.898 Thread 0x000001c620882dd0 DEOPT UNPACKING pc=0x000001c623556763 sp=0x00000055423fca70 mode 3
Event: 3.423 Thread 0x000001c620882dd0 DEOPT PACKING pc=0x000001c623bc4699 sp=0x00000055423fc970
Event: 3.423 Thread 0x000001c620882dd0 DEOPT UNPACKING pc=0x000001c623556763 sp=0x00000055423fbe50 mode 3
Event: 3.502 Thread 0x000001c6304a5330 DEOPT PACKING pc=0x000001c623c11d2b sp=0x00000055441fe370
Event: 3.502 Thread 0x000001c6304a5330 DEOPT UNPACKING pc=0x000001c623556763 sp=0x00000055441fd8b8 mode 3
Event: 3.687 Thread 0x000001c630654750 DEOPT PACKING pc=0x000001c623a4e681 sp=0x00000055449fee40
Event: 3.687 Thread 0x000001c630654750 DEOPT UNPACKING pc=0x000001c623556763 sp=0x00000055449fe2d0 mode 3
Event: 4.131 Thread 0x000001c6321e5b00 DEOPT PACKING pc=0x000001c623d67c35 sp=0x00000055454fd930
Event: 4.131 Thread 0x000001c6321e5b00 DEOPT UNPACKING pc=0x000001c623556763 sp=0x00000055454fce48 mode 3
Event: 4.230 Thread 0x000001c630654750 DEOPT PACKING pc=0x000001c623a4cf17 sp=0x00000055449fef70
Event: 4.230 Thread 0x000001c630654750 DEOPT UNPACKING pc=0x000001c623556763 sp=0x00000055449fe3c8 mode 3

Classes unloaded (0 events):
No events

Classes redefined (0 events):
No events

Internal exceptions (20 events):
Event: 3.543 Thread 0x000001c630652610 Exception <a 'sun/nio/fs/WindowsException'{0x000000008680d9c0}> (0x000000008680d9c0) 
thrown [s\src\hotspot\share\prims\jni.cpp, line 516]
Event: 3.543 Thread 0x000001c630652610 Exception <a 'sun/nio/fs/WindowsException'{0x000000008680dd80}> (0x000000008680dd80) 
thrown [s\src\hotspot\share\prims\jni.cpp, line 516]
Event: 3.544 Thread 0x000001c630652610 Exception <a 'sun/nio/fs/WindowsException'{0x000000008680e780}> (0x000000008680e780) 
thrown [s\src\hotspot\share\prims\jni.cpp, line 516]
Event: 3.544 Thread 0x000001c630652610 Exception <a 'sun/nio/fs/WindowsException'{0x000000008680eb30}> (0x000000008680eb30) 
thrown [s\src\hotspot\share\prims\jni.cpp, line 516]
Event: 3.544 Thread 0x000001c630652610 Exception <a 'sun/nio/fs/WindowsException'{0x000000008680f530}> (0x000000008680f530) 
thrown [s\src\hotspot\share\prims\jni.cpp, line 516]
Event: 3.544 Thread 0x000001c630652610 Exception <a 'sun/nio/fs/WindowsException'{0x000000008680f8f0}> (0x000000008680f8f0) 
thrown [s\src\hotspot\share\prims\jni.cpp, line 516]
Event: 3.544 Thread 0x000001c630652610 Exception <a 'sun/nio/fs/WindowsException'{0x0000000086810318}> (0x0000000086810318) 
thrown [s\src\hotspot\share\prims\jni.cpp, line 516]
Event: 3.544 Thread 0x000001c630652610 Exception <a 'sun/nio/fs/WindowsException'{0x00000000868106f8}> (0x00000000868106f8) 
thrown [s\src\hotspot\share\prims\jni.cpp, line 516]
Event: 3.544 Thread 0x000001c630652610 Exception <a 'sun/nio/fs/WindowsException'{0x0000000086811130}> (0x0000000086811130) 
thrown [s\src\hotspot\share\prims\jni.cpp, line 516]
Event: 3.545 Thread 0x000001c630652610 Exception <a 'sun/nio/fs/WindowsException'{0x0000000086811520}> (0x0000000086811520) 
thrown [s\src\hotspot\share\prims\jni.cpp, line 516]
Event: 3.545 Thread 0x000001c630652610 Exception <a 'sun/nio/fs/WindowsException'{0x0000000086811f48}> (0x0000000086811f48) 
thrown [s\src\hotspot\share\prims\jni.cpp, line 516]
Event: 3.545 Thread 0x000001c630652610 Exception <a 'sun/nio/fs/WindowsException'{0x0000000086812338}> (0x0000000086812338) 
thrown [s\src\hotspot\share\prims\jni.cpp, line 516]
Event: 3.666 Thread 0x000001c620882dd0 Exception <a 'java/lang/NoSuchMethodError'{0x0000000086c53668}: 'java.lang.Object java.lang.invoke.DirectMethodHandle$Holder.newInvokeSpecial(java.lang.Object, java.lang.Object, int, java.lang.Object, java.lang.Object)'> (0x0000000086c53668) 
thrown [s\src\hotspot\share\interpreter\linkResolver.cpp, line 759]
Event: 3.687 Thread 0x000001c620882dd0 Exception <a 'java/lang/NoSuchMethodError'{0x0000000086c65638}: 'java.lang.Object java.lang.invoke.DirectMethodHandle$Holder.invokeSpecial(java.lang.Object, java.lang.Object, int, java.lang.Object, int, java.lang.Object)'> (0x0000000086c65638) 
thrown [s\src\hotspot\share\interpreter\linkResolver.cpp, line 759]
Event: 3.690 Thread 0x000001c620882dd0 Exception <a 'java/lang/NoSuchMethodError'{0x0000000086c6d438}: 'java.lang.Object java.lang.invoke.DirectMethodHandle$Holder.newInvokeSpecial(java.lang.Object, java.lang.Object, int, java.lang.Object, int)'> (0x0000000086c6d438) 
thrown [s\src\hotspot\share\interpreter\linkResolver.cpp, line 759]
Event: 3.691 Thread 0x000001c620882dd0 Exception <a 'java/lang/NoSuchMethodError'{0x0000000086c71538}: 'java.lang.Object java.lang.invoke.DirectMethodHandle$Holder.invokeSpecial(java.lang.Object, java.lang.Object, java.lang.Object, int, java.lang.Object, int)'> (0x0000000086c71538) 
thrown [s\src\hotspot\share\interpreter\linkResolver.cpp, line 759]
Event: 4.119 Thread 0x000001c6321e8ff0 Exception <a 'java/lang/NoSuchMethodError'{0x00000000891504d0}: 'java.lang.Object java.lang.invoke.DirectMethodHandle$Holder.invokeStatic(java.lang.Object, java.lang.Object, java.lang.Object, int, java.lang.Object, java.lang.Object)'> (0x00000000891504d0) 
thrown [s\src\hotspot\share\interpreter\linkResolver.cpp, line 759]
Event: 4.122 Thread 0x000001c6321e5b00 Exception <a 'java/lang/NoSuchMethodError'{0x000000008915b590}: 'java.lang.Object java.lang.invoke.DirectMethodHandle$Holder.invokeStatic(java.lang.Object, int, java.lang.Object)'> (0x000000008915b590) 
thrown [s\src\hotspot\share\interpreter\linkResolver.cpp, line 759]
Event: 4.380 Thread 0x000001c6321e5b00 Exception <a 'java/lang/NoSuchMethodError'{0x0000000088706838}: 'int java.lang.invoke.DirectMethodHandle$Holder.invokeStatic(java.lang.Object)'> (0x0000000088706838) 
thrown [s\src\hotspot\share\interpreter\linkResolver.cpp, line 759]
Event: 4.380 Thread 0x000001c6321e5b00 Exception <a 'java/lang/NoSuchMethodError'{0x0000000088709ee0}: 'int java.lang.invoke.DirectMethodHandle$Holder.invokeStaticInit(java.lang.Object)'> (0x0000000088709ee0) 
thrown [s\src\hotspot\share\interpreter\linkResolver.cpp, line 759]

VM Operations (20 events):
Event: 4.551 Executing VM operation: G1Concurrent done
Event: 4.585 Executing VM operation: G1Concurrent
Event: 4.586 Executing VM operation: G1Concurrent done
Event: 4.586 Executing VM operation: HandshakeAllThreads
Event: 4.587 Executing VM operation: HandshakeAllThreads done
Event: 4.588 Executing VM operation: HandshakeAllThreads
Event: 4.592 Executing VM operation: HandshakeAllThreads done
Event: 4.592 Executing VM operation: G1CollectForAllocation
Event: 4.598 Executing VM operation: G1CollectForAllocation done
Event: 4.599 Executing VM operation: G1CollectForAllocation
Event: 4.599 Executing VM operation: G1CollectForAllocation done
Event: 4.599 Executing VM operation: G1CollectForAllocation
Event: 4.604 Executing VM operation: G1CollectForAllocation done
Event: 4.653 Executing VM operation: G1CollectForAllocation
Event: 4.654 Executing VM operation: G1CollectForAllocation done
Event: 4.654 Executing VM operation: G1CollectForAllocation
Event: 4.657 Executing VM operation: G1CollectForAllocation done
Event: 4.709 Executing VM operation: G1CollectForAllocation
Event: 4.709 Executing VM operation: G1CollectForAllocation done
Event: 4.709 Executing VM operation: G1CollectForAllocation

Events (20 events):
Event: 4.163 loading class java/util/ServiceConfigurationError done
Event: 4.166 Thread 0x000001c6321e2ae0 Thread added: 0x000001c6321e2ae0
Event: 4.170 Thread 0x000001c6321e4c90 Thread added: 0x000001c6321e4c90
Event: 4.181 loading class java/util/concurrent/ConcurrentHashMap$ValueSpliterator
Event: 4.182 loading class java/util/concurrent/ConcurrentHashMap$ValueSpliterator done
Event: 4.195 loading class java/util/concurrent/CompletableFuture$UniApply
Event: 4.195 loading class java/util/concurrent/CompletableFuture$UniApply done
Event: 4.196 Thread 0x000001c6321e2140 Thread added: 0x000001c6321e2140
Event: 4.196 loading class java/util/concurrent/CompletableFuture$UniExceptionally
Event: 4.196 loading class java/util/concurrent/CompletableFuture$UniExceptionally done
Event: 4.209 loading class java/util/concurrent/CompletableFuture$UniCompose
Event: 4.209 loading class java/util/concurrent/CompletableFuture$UniCompose done
Event: 4.210 Thread 0x000001c6321e5630 Thread added: 0x000001c6321e5630
Event: 4.213 loading class java/util/concurrent/CompletableFuture$Signaller
Event: 4.213 loading class java/util/concurrent/CompletableFuture$Signaller done
Event: 4.221 Thread 0x000001c6321e42f0 Thread added: 0x000001c6321e42f0
Event: 4.221 loading class java/util/concurrent/CompletableFuture$UniRelay
Event: 4.221 loading class java/util/concurrent/CompletableFuture$UniRelay done
Event: 4.294 Thread 0x000001c6321e64a0 Thread added: 0x000001c6321e64a0
Event: 4.392 Thread 0x000001c6321e2fb0 Thread added: 0x000001c6321e2fb0


Dynamic libraries:
0x00007ff6ba9f0000 - 0x00007ff6ba9fe000 	c:\Users\datea\.vscode\extensions\redhat.java-1.11.0-win32-x64\jre\17.0.4.1-win32-x86_64\bin\java.exe
0x00007ffe21c70000 - 0x00007ffe21e89000 	C:\WINDOWS\SYSTEM32\ntdll.dll
0x00007ffe20ff0000 - 0x00007ffe210b2000 	C:\WINDOWS\System32\KERNEL32.DLL
0x00007ffe1f260000 - 0x00007ffe1f5ff000 	C:\WINDOWS\System32\KERNELBASE.dll
0x00007ffe1bfd0000 - 0x00007ffe1c066000 	C:\WINDOWS\SYSTEM32\apphelp.dll
0x00007ffe1f8a0000 - 0x00007ffe1f9bb000 	C:\WINDOWS\System32\ucrtbase.dll
0x00007ffe0f310000 - 0x00007ffe0f328000 	c:\Users\datea\.vscode\extensions\redhat.java-1.11.0-win32-x64\jre\17.0.4.1-win32-x86_64\bin\jli.dll
0x00007ffe0f2e0000 - 0x00007ffe0f2f9000 	c:\Users\datea\.vscode\extensions\redhat.java-1.11.0-win32-x64\jre\17.0.4.1-win32-x86_64\bin\VCRUNTIME140.dll
0x00007ffe20a60000 - 0x00007ffe20c0c000 	C:\WINDOWS\System32\USER32.dll
0x00007ffe1f110000 - 0x00007ffe1f136000 	C:\WINDOWS\System32\win32u.dll
0x00007ffe211e0000 - 0x00007ffe21209000 	C:\WINDOWS\System32\GDI32.dll
0x00007ffe1f140000 - 0x00007ffe1f256000 	C:\WINDOWS\System32\gdi32full.dll
0x00007ffe1f800000 - 0x00007ffe1f89a000 	C:\WINDOWS\System32\msvcp_win.dll
0x00007ffe12580000 - 0x00007ffe12811000 	C:\WINDOWS\WinSxS\amd64_microsoft.windows.common-controls_6595b64144ccf1df_6.0.25217.1000_none_7b59e1e7f1b57804\COMCTL32.dll
0x00007ffe20740000 - 0x00007ffe207e7000 	C:\WINDOWS\System32\msvcrt.dll
0x00007ffe1fe30000 - 0x00007ffe1fe61000 	C:\WINDOWS\System32\IMM32.DLL
0x00007ffe0f2d0000 - 0x00007ffe0f2dc000 	c:\Users\datea\.vscode\extensions\redhat.java-1.11.0-win32-x64\jre\17.0.4.1-win32-x86_64\bin\vcruntime140_1.dll
0x00007ffdf99f0000 - 0x00007ffdf9a81000 	c:\Users\datea\.vscode\extensions\redhat.java-1.11.0-win32-x64\jre\17.0.4.1-win32-x86_64\bin\msvcp140.dll
0x00007ffd8e2d0000 - 0x00007ffd8ef16000 	c:\Users\datea\.vscode\extensions\redhat.java-1.11.0-win32-x64\jre\17.0.4.1-win32-x86_64\bin\server\jvm.dll
0x00007ffe21210000 - 0x00007ffe212be000 	C:\WINDOWS\System32\ADVAPI32.dll
0x00007ffe21120000 - 0x00007ffe211c6000 	C:\WINDOWS\System32\sechost.dll
0x00007ffe21b00000 - 0x00007ffe21c27000 	C:\WINDOWS\System32\RPCRT4.dll
0x00007ffe211d0000 - 0x00007ffe211d8000 	C:\WINDOWS\System32\PSAPI.DLL
0x00007ffe0da10000 - 0x00007ffe0da45000 	C:\WINDOWS\SYSTEM32\WINMM.dll
0x00007ffe01f20000 - 0x00007ffe01f29000 	C:\WINDOWS\SYSTEM32\WSOCK32.dll
0x00007ffe207f0000 - 0x00007ffe2085f000 	C:\WINDOWS\System32\WS2_32.dll
0x00007ffe1bf20000 - 0x00007ffe1bf2a000 	C:\WINDOWS\SYSTEM32\VERSION.dll
0x00007ffe1dfe0000 - 0x00007ffe1dff8000 	C:\WINDOWS\SYSTEM32\kernel.appcore.dll
0x00007ffe0f2c0000 - 0x00007ffe0f2ca000 	c:\Users\datea\.vscode\extensions\redhat.java-1.11.0-win32-x64\jre\17.0.4.1-win32-x86_64\bin\jimage.dll
0x00007ffe1c8c0000 - 0x00007ffe1caf3000 	C:\WINDOWS\SYSTEM32\DBGHELP.DLL
0x00007ffe1fa40000 - 0x00007ffe1fdc3000 	C:\WINDOWS\System32\combase.dll
0x00007ffe1fe70000 - 0x00007ffe1ff48000 	C:\WINDOWS\System32\OLEAUT32.dll
0x00007ffe1a3c0000 - 0x00007ffe1a3f2000 	C:\WINDOWS\SYSTEM32\dbgcore.DLL
0x00007ffe1f9c0000 - 0x00007ffe1fa39000 	C:\WINDOWS\System32\bcryptPrimitives.dll
0x00007ffe0a2a0000 - 0x00007ffe0a2c5000 	c:\Users\datea\.vscode\extensions\redhat.java-1.11.0-win32-x64\jre\17.0.4.1-win32-x86_64\bin\java.dll
0x00007ffe09cb0000 - 0x00007ffe09cc8000 	c:\Users\datea\.vscode\extensions\redhat.java-1.11.0-win32-x64\jre\17.0.4.1-win32-x86_64\bin\zip.dll
0x00007ffe1ff50000 - 0x00007ffe2071f000 	C:\WINDOWS\System32\SHELL32.dll
0x00007ffe1cf50000 - 0x00007ffe1d7e5000 	C:\WINDOWS\SYSTEM32\windows.storage.dll
0x00007ffe1cdb0000 - 0x00007ffe1cf43000 	C:\WINDOWS\SYSTEM32\wintypes.dll
0x00007ffe20c10000 - 0x00007ffe20cfb000 	C:\WINDOWS\System32\SHCORE.dll
0x00007ffe210c0000 - 0x00007ffe2111d000 	C:\WINDOWS\System32\shlwapi.dll
0x00007ffe1ef80000 - 0x00007ffe1efa1000 	C:\WINDOWS\SYSTEM32\profapi.dll
0x00007ffdfea90000 - 0x00007ffdfeaa9000 	C:\Users\datea\.vscode\extensions\redhat.java-1.11.0-win32-x64\jre\17.0.4.1-win32-x86_64\bin\net.dll
0x00007ffe107e0000 - 0x00007ffe1090b000 	C:\WINDOWS\SYSTEM32\WINHTTP.dll
0x00007ffe1e4b0000 - 0x00007ffe1e519000 	C:\WINDOWS\system32\mswsock.dll
0x00007ffdfea70000 - 0x00007ffdfea85000 	C:\Users\datea\.vscode\extensions\redhat.java-1.11.0-win32-x64\jre\17.0.4.1-win32-x86_64\bin\nio.dll
0x00007ffdfddf0000 - 0x00007ffdfde00000 	c:\Users\datea\.vscode\extensions\redhat.java-1.11.0-win32-x64\jre\17.0.4.1-win32-x86_64\bin\verify.dll
0x00007ffe1c3e0000 - 0x00007ffe1c3e9000 	C:\Users\datea\.vscode\extensions\redhat.java-1.11.0-win32-x64\jre\17.0.4.1-win32-x86_64\bin\management.dll
0x00007ffe1c3d0000 - 0x00007ffe1c3db000 	C:\Users\datea\.vscode\extensions\redhat.java-1.11.0-win32-x64\jre\17.0.4.1-win32-x86_64\bin\management_ext.dll
0x00007ffe116b0000 - 0x00007ffe116c7000 	C:\WINDOWS\system32\napinsp.dll
0x00007ffe10060000 - 0x00007ffe1007a000 	C:\WINDOWS\system32\pnrpnsp.dll
0x00007ffddeeb0000 - 0x00007ffddeed1000 	C:\WINDOWS\system32\nlansp_c.dll
0x00007ffe1dad0000 - 0x00007ffe1dbcf000 	C:\WINDOWS\SYSTEM32\DNSAPI.dll
0x00007ffe1da60000 - 0x00007ffe1da8e000 	C:\WINDOWS\SYSTEM32\IPHLPAPI.DLL
0x00007ffe20730000 - 0x00007ffe20739000 	C:\WINDOWS\System32\NSI.dll
0x00007ffe10040000 - 0x00007ffe10051000 	C:\WINDOWS\System32\winrnr.dll
0x00007ffdef8a0000 - 0x00007ffdef8b5000 	C:\WINDOWS\system32\wshbth.dll
0x00007ffe107d0000 - 0x00007ffe107da000 	C:\Windows\System32\rasadhlp.dll
0x00007ffe10a30000 - 0x00007ffe10ab4000 	C:\WINDOWS\System32\fwpuclnt.dll
0x00007ffe1e730000 - 0x00007ffe1e74b000 	C:\WINDOWS\SYSTEM32\CRYPTSP.dll
0x00007ffe1df40000 - 0x00007ffe1df74000 	C:\WINDOWS\system32\rsaenh.dll
0x00007ffe1e5d0000 - 0x00007ffe1e5f8000 	C:\WINDOWS\SYSTEM32\USERENV.dll
0x00007ffe1e8f0000 - 0x00007ffe1e918000 	C:\WINDOWS\SYSTEM32\bcrypt.dll
0x00007ffe1e750000 - 0x00007ffe1e75c000 	C:\WINDOWS\SYSTEM32\CRYPTBASE.dll
0x00007ffe10990000 - 0x00007ffe109a9000 	C:\WINDOWS\SYSTEM32\dhcpcsvc6.DLL
0x00007ffe10960000 - 0x00007ffe1097f000 	C:\WINDOWS\SYSTEM32\dhcpcsvc.DLL

dbghelp: loaded successfully - version: 4.0.5 - missing functions: none
symbol engine: initialized successfully - sym options: 0x614 - pdb path: .;c:\Users\datea\.vscode\extensions\redhat.java-1.11.0-win32-x64\jre\17.0.4.1-win32-x86_64\bin;C:\WINDOWS\SYSTEM32;C:\WINDOWS\WinSxS\amd64_microsoft.windows.common-controls_6595b64144ccf1df_6.0.25217.1000_none_7b59e1e7f1b57804;c:\Users\datea\.vscode\extensions\redhat.java-1.11.0-win32-x64\jre\17.0.4.1-win32-x86_64\bin\server

VM Arguments:
jvm_args: -Dsts.lsp.client=vscode -Dsts.log.file=/dev/null -XX:TieredStopAtLevel=1 -Xlog:jni+resolve=off -Dspring.config.location=file:c:\Users\datea\.vscode\extensions\pivotal.vscode-spring-boot-1.39.0\language-server\BOOT-INF\classes\application.properties 
java_command: org.springframework.ide.vscode.boot.app.BootLanguageServerBootApp
java_class_path (initial): c:\Users\datea\.vscode\extensions\pivotal.vscode-spring-boot-1.39.0\language-server\BOOT-INF\classes;c:\Users\datea\.vscode\extensions\pivotal.vscode-spring-boot-1.39.0\language-server\BOOT-INF\lib\annotations-23.0.0.jar;c:\Users\datea\.vscode\extensions\pivotal.vscode-spring-boot-1.39.0\language-server\BOOT-INF\lib\antlr-runtime-3.5.2.jar;c:\Users\datea\.vscode\extensions\pivotal.vscode-spring-boot-1.39.0\language-server\BOOT-INF\lib\antlr4-4.9.3.jar;c:\Users\datea\.vscode\extensions\pivotal.vscode-spring-boot-1.39.0\language-server\BOOT-INF\lib\antlr4-runtime-4.9.3.jar;c:\Users\datea\.vscode\extensions\pivotal.vscode-spring-boot-1.39.0\language-server\BOOT-INF\lib\asm-9.3.jar;c:\Users\datea\.vscode\extensions\pivotal.vscode-spring-boot-1.39.0\language-server\BOOT-INF\lib\asm-analysis-9.3.jar;c:\Users\datea\.vscode\extensions\pivotal.vscode-spring-boot-1.39.0\language-server\BOOT-INF\lib\asm-tree-9.3.jar;c:\Users\datea\.vscode\extensions\pivotal.vscode-spring-boot-1.39.0\language-server\BOOT-INF\lib\asm-util-9.3.jar;c:\Users\datea\.vscode\extensions\pivotal.vscode-spring-boot-1.39.0\language-server\BOOT-INF\lib\byte-buddy-1.12.13.jar;c:\Users\datea\.vscode\extensions\pivotal.vscode-spring-boot-1.39.0\language-server\BOOT-INF\lib\caffeine-2.9.3.jar;c:\Users\datea\.vscode\extensions\pivotal.vscode-spring-boot-1.39.0\language-server\BOOT-INF\lib\checker-qual-3.12.0.jar;c:\Users\datea\.vscode\extensions\pivotal.vscode-spring-boot-1.39.0\language-server\BOOT-INF\lib\classgraph-4.8.149.jar;c:\Users\datea\.vscode\extensions\pivotal.vscode-spring-boot-1.39.0\language-server\BOOT-INF\lib\commons-codec-1.15.jar;c:\Users\datea\.vscode\extensions\pivotal.vscode-spring-boot-1.39.0\language-server\BOOT-INF\lib\commons-compress-1.21.jar;c:\Users\datea\.vscode\extensions\pivotal.vscode-spring-boot-1.39.0\language-server\BOOT-INF\lib\commons-exec-1.3.jar;c:\Users\datea\.vscode\extensions\pivotal.vscode-spring-boot-1.39.0\language-server\BOOT-INF\lib\com
Launcher Type: SUN_STANDARD

[Global flags]
     intx CICompilerCount                          = 4                                         {product} {ergonomic}
     uint ConcGCThreads                            = 2                                         {product} {ergonomic}
     uint G1ConcRefinementThreads                  = 8                                         {product} {ergonomic}
   size_t G1HeapRegionSize                         = 1048576                                   {product} {ergonomic}
    uintx GCDrainStackTargetSize                   = 64                                        {product} {ergonomic}
   size_t InitialHeapSize                          = 132120576                                 {product} {ergonomic}
   size_t MarkStackSize                            = 4194304                                   {product} {ergonomic}
   size_t MaxHeapSize                              = 2095054848                                {product} {ergonomic}
   size_t MaxNewSize                               = 1256194048                                {product} {ergonomic}
   size_t MinHeapDeltaBytes                        = 1048576                                   {product} {ergonomic}
   size_t MinHeapSize                              = 8388608                                   {product} {ergonomic}
    uintx NonProfiledCodeHeapSize                  = 0                                      {pd product} {ergonomic}
     bool ProfileInterpreter                       = false                                  {pd product} {command line}
    uintx ProfiledCodeHeapSize                     = 0                                      {pd product} {ergonomic}
   size_t SoftMaxHeapSize                          = 2095054848                             {manageable} {ergonomic}
     intx TieredStopAtLevel                        = 1                                         {product} {command line}
     bool UseCompressedClassPointers               = true                           {product lp64_product} {ergonomic}
     bool UseCompressedOops                        = true                           {product lp64_product} {ergonomic}
     bool UseG1GC                                  = true                                      {product} {ergonomic}
     bool UseLargePagesIndividualAllocation        = false                                  {pd product} {ergonomic}

Logging:
Log output configuration:
 #0: stdout all=warning,jni+resolve=off uptime,level,tags
 #1: stderr all=off uptime,level,tags

Environment Variables:
PATH=C:\Program Files\Java\jdk-15.0.2\bin;C:\Program Files\Common Files\Oracle\Java\javapath;C:\WINDOWS\system32;C:\WINDOWS;C:\WINDOWS\System32\Wbem;C:\WINDOWS\System32\WindowsPowerShell\v1.0\;C:\WINDOWS\System32\OpenSSH\;C:\Program Files\Azure Data Studio\bin;C:\Program Files\Microsoft SQL Server\Client SDK\ODBC\170\Tools\Binn\;C:\Program Files (x86)\Microsoft SQL Server\150\Tools\Binn\;C:\Program Files\Microsoft SQL Server\150\Tools\Binn\;C:\Program Files\Microsoft SQL Server\150\DTS\Binn\;C:\Program Files (x86)\Microsoft SQL Server\150\DTS\Binn\;C:\Program Files (x86)\GitExtensions\;F:\xampp\php;C:\ProgramData\ComposerSetup\bin;C:\xampp\php;C:\Program Files\Git\cmd;C:\Users\datea\AppData\Local\Microsoft\WindowsApps;C:\Users\datea\AppData\Local\Programs\Microsoft VS Code\bin;;C:\Program Files\Azure Data Studio\bin;C:\Users\datea\AppData\Roaming\Composer\vendor\bin
USERNAME=datea
OS=Windows_NT
PROCESSOR_IDENTIFIER=Intel64 Family 6 Model 126 Stepping 5, GenuineIntel
TMP=C:\Users\datea\AppData\Local\Temp
TEMP=C:\Users\datea\AppData\Local\Temp



---------------  S Y S T E M  ---------------

OS:
 Windows 11 , 64 bit Build 25217 (10.0.25217.1000)
OS uptime: 0 days 7:14 hours
Hyper-V role detected

CPU: total 8 (initial active 8) (4 cores per cpu, 2 threads per core) family 6 model 126 stepping 5 microcode 0xa6, cx8, cmov, fxsr, ht, mmx, 3dnowpref, sse, sse2, sse3, ssse3, sse4.1, sse4.2, popcnt, lzcnt, tsc, tscinvbit, avx, avx2, aes, erms, clmul, bmi1, bmi2, adx, avx512f, avx512dq, avx512cd, avx512bw, avx512vl, sha, fma, vzeroupper, avx512_vpopcntdq, avx512_vpclmulqdq, avx512_vaes, avx512_vnni, clflush, clflushopt, avx512_vbmi2, avx512_vbmi, hv

Memory: 4k page, system-wide physical 7987M (460M free)
TotalPageFile size 12083M (AvailPageFile size 78M)
current process WorkingSet (physical memory assigned to process): 315M, peak: 321M
current process commit charge ("private bytes"): 353M, peak: 786M

vm_info: OpenJDK 64-Bit Server VM (17.0.4.1+1) for windows-amd64 JRE (17.0.4.1+1), built on Aug 17 2022 07:42:43 by "temurin" with MS VC++ 16.7 (VS2019)

END.
