#
# There is insufficient memory for the Java Runtime Environment to continue.
# Native memory allocation (mmap) failed to map 425721856 bytes for G1 virtual space
# Possible reasons:
#   The system is out of physical RAM or swap space
#   The process is running with CompressedOops enabled, and the Java Heap may be blocking the growth of the native heap
# Possible solutions:
#   Reduce memory load on the system
#   Increase physical memory or swap space
#   Check if swap backing store is full
#   Decrease Java heap size (-Xmx/-Xms)
#   Decrease number of Java threads
#   Decrease Java thread stack sizes (-Xss)
#   Set larger code cache with -XX:ReservedCodeCacheSize=
#   JVM is running with Unscaled Compressed Oops mode in which the Java heap is
#     placed in the first 4GB address space. The Java Heap base address is the
#     maximum limit for the native heap growth. Please use -XX:HeapBaseMinAddress
#     to set the Java Heap base and to place the Java Heap above 4GB virtual address.
# This output file may be truncated or incomplete.
#
#  Out of Memory Error (os_windows.cpp:3541), pid=65788, tid=53444
#
# JRE version: OpenJDK Runtime Environment Temurin-17.0.4.1+1 (17.0.4.1+1) (build 17.0.4.1+1)
# Java VM: OpenJDK 64-Bit Server VM Temurin-17.0.4.1+1 (17.0.4.1+1, mixed mode, emulated-client, tiered, compressed oops, compressed class ptrs, g1 gc, windows-amd64)
# No core dump will be written. Minidumps are not enabled by default on client versions of Windows
#

---------------  S U M M A R Y ------------

Command Line: -Dsts.lsp.client=vscode -Dsts.log.file=/dev/null -XX:TieredStopAtLevel=1 -Xlog:jni+resolve=off -Dspring.config.location=file:c:\Users\datea\.vscode\extensions\pivotal.vscode-spring-boot-1.39.0\language-server\BOOT-INF\classes\application.properties org.springframework.ide.vscode.boot.app.BootLanguageServerBootApp

Host: Intel(R) Core(TM) i5-1035G1 CPU @ 1.00GHz, 8 cores, 7G,  Windows 11 , 64 bit Build 25227 (10.0.25227.1000)
Time: Wed Oct 26 10:25:48 2022 SE Asia Standard Time elapsed time: 6.899130 seconds (0d 0h 0m 6s)

---------------  T H R E A D  ---------------

Current thread (0x0000025f7faf7f70):  VMThread "VM Thread" [stack: 0x0000008e4e800000,0x0000008e4e900000] [id=53444]

Stack: [0x0000008e4e800000,0x0000008e4e900000]
Native frames: (J=compiled Java code, j=interpreted, Vv=VM code, C=native code)
V  [jvm.dll+0x67731a]
V  [jvm.dll+0x832284]
V  [jvm.dll+0x833a2e]
V  [jvm.dll+0x834093]
V  [jvm.dll+0x245775]
V  [jvm.dll+0x674209]
V  [jvm.dll+0x668a92]
V  [jvm.dll+0x30471b]
V  [jvm.dll+0x30bc66]
V  [jvm.dll+0x35ba9e]
V  [jvm.dll+0x35bccf]
V  [jvm.dll+0x2db5b8]
V  [jvm.dll+0x2d986c]
V  [jvm.dll+0x2d8e3c]
V  [jvm.dll+0x31cd9b]
V  [jvm.dll+0x83853b]
V  [jvm.dll+0x839274]
V  [jvm.dll+0x83978c]
V  [jvm.dll+0x839b64]
V  [jvm.dll+0x839c30]
V  [jvm.dll+0x7e240a]
V  [jvm.dll+0x6761a5]
C  [ucrtbase.dll+0x4b82b]
C  [KERNEL32.DLL+0x1484d]
C  [ntdll.dll+0x67558]

VM_Operation (0x0000008e509fdee0): G1CollectForAllocation, mode: safepoint, requested by thread 0x0000025f0ba90690


---------------  P R O C E S S  ---------------

Threads class SMR info:
_java_thread_list=0x0000025f0d754ff0, length=41, elements={
0x0000025f098012d0, 0x0000025f09801d90, 0x0000025f7fb1a980, 0x0000025f7fb1b240,
0x0000025f7fb1bb00, 0x0000025f7fb1c3c0, 0x0000025f0982d010, 0x0000025f0982f920,
0x0000025f09a30150, 0x0000025f09a47600, 0x0000025f09a50720, 0x0000025f0a2d4ce0,
0x0000025f0a134320, 0x0000025f0b61a2c0, 0x0000025f0b8b5df0, 0x0000025f0b957120,
0x0000025f0ba777d0, 0x0000025f0ba780a0, 0x0000025f0ba7d440, 0x0000025f0ba83f20,
0x0000025f0ba7d910, 0x0000025f0ba8f820, 0x0000025f0ba8db40, 0x0000025f0ba90690,
0x0000025f0ba8e4e0, 0x0000025f0ba8e9b0, 0x0000025f0ba8d670, 0x0000025f0ba90b60,
0x0000025f0ba8fcf0, 0x0000025f0ba8d1a0, 0x0000025f0ba8ee80, 0x0000025f0ba8f350,
0x0000025f0ba901c0, 0x0000025f0ba8e010, 0x0000025f0d7415e0, 0x0000025f0d73e5c0,
0x0000025f0d741f80, 0x0000025f0d73ef60, 0x0000025f0d73ea90, 0x0000025f0d73d280,
0x0000025f0d73f430
}

Java Threads: ( => current thread )
  0x0000025f098012d0 JavaThread "Reference Handler" daemon [_thread_blocked, id=67764, stack(0x0000008e4e900000,0x0000008e4ea00000)]
  0x0000025f09801d90 JavaThread "Finalizer" daemon [_thread_blocked, id=68556, stack(0x0000008e4ea00000,0x0000008e4eb00000)]
  0x0000025f7fb1a980 JavaThread "Signal Dispatcher" daemon [_thread_blocked, id=22352, stack(0x0000008e4eb00000,0x0000008e4ec00000)]
  0x0000025f7fb1b240 JavaThread "Attach Listener" daemon [_thread_blocked, id=67896, stack(0x0000008e4ec00000,0x0000008e4ed00000)]
  0x0000025f7fb1bb00 JavaThread "Service Thread" daemon [_thread_blocked, id=5196, stack(0x0000008e4ed00000,0x0000008e4ee00000)]
  0x0000025f7fb1c3c0 JavaThread "Monitor Deflation Thread" daemon [_thread_blocked, id=65196, stack(0x0000008e4ee00000,0x0000008e4ef00000)]
  0x0000025f0982d010 JavaThread "C1 CompilerThread0" daemon [_thread_blocked, id=12216, stack(0x0000008e4ef00000,0x0000008e4f000000)]
  0x0000025f0982f920 JavaThread "Sweeper thread" daemon [_thread_blocked, id=12556, stack(0x0000008e4f000000,0x0000008e4f100000)]
  0x0000025f09a30150 JavaThread "C1 CompilerThread1" daemon [_thread_blocked, id=14428, stack(0x0000008e4f100000,0x0000008e4f200000)]
  0x0000025f09a47600 JavaThread "Notification Thread" daemon [_thread_blocked, id=54784, stack(0x0000008e4f200000,0x0000008e4f300000)]
  0x0000025f09a50720 JavaThread "Common-Cleaner" daemon [_thread_blocked, id=16148, stack(0x0000008e4f400000,0x0000008e4f500000)]
  0x0000025f0a2d4ce0 JavaThread "C1 CompilerThread2" daemon [_thread_blocked, id=16332, stack(0x0000008e4f500000,0x0000008e4f600000)]
  0x0000025f0a134320 JavaThread "C1 CompilerThread3" daemon [_thread_blocked, id=54468, stack(0x0000008e4f600000,0x0000008e4f700000)]
  0x0000025f0b61a2c0 JavaThread "boundedElastic-evictor-1" daemon [_thread_blocked, id=30036, stack(0x0000008e4fc00000,0x0000008e4fd00000)]
  0x0000025f0b8b5df0 JavaThread "ForkJoinPool.commonPool-worker-1" daemon [_thread_blocked, id=63100, stack(0x0000008e50000000,0x0000008e50100000)]
  0x0000025f0b957120 JavaThread "ClassGraph-worker-0" daemon [_thread_blocked, id=62168, stack(0x0000008e50100000,0x0000008e50200000)]
  0x0000025f0ba777d0 JavaThread "ClassGraph-worker-1" daemon [_thread_blocked, id=13556, stack(0x0000008e50200000,0x0000008e50300000)]
  0x0000025f0ba780a0 JavaThread "ClassGraph-worker-2" daemon [_thread_blocked, id=63000, stack(0x0000008e50300000,0x0000008e50400000)]
  0x0000025f0ba7d440 JavaThread "ClassGraph-worker-3" daemon [_thread_blocked, id=66084, stack(0x0000008e50400000,0x0000008e50500000)]
  0x0000025f0ba83f20 JavaThread "ClassGraph-worker-4" daemon [_thread_blocked, id=67512, stack(0x0000008e50500000,0x0000008e50600000)]
  0x0000025f0ba7d910 JavaThread "ClassGraph-worker-5" daemon [_thread_blocked, id=55880, stack(0x0000008e50600000,0x0000008e50700000)]
  0x0000025f0ba8f820 JavaThread "ClassGraph-worker-6" daemon [_thread_blocked, id=59364, stack(0x0000008e50700000,0x0000008e50800000)]
  0x0000025f0ba8db40 JavaThread "ClassGraph-worker-7" daemon [_thread_blocked, id=34652, stack(0x0000008e50800000,0x0000008e50900000)]
  0x0000025f0ba90690 JavaThread "ClassGraph-worker-8" daemon [_thread_blocked, id=18644, stack(0x0000008e50900000,0x0000008e50a00000)]
  0x0000025f0ba8e4e0 JavaThread "ClassGraph-worker-9" daemon [_thread_blocked, id=5032, stack(0x0000008e50a00000,0x0000008e50b00000)]
  0x0000025f0ba8e9b0 JavaThread "ClassGraph-worker-10" daemon [_thread_blocked, id=16736, stack(0x0000008e50b00000,0x0000008e50c00000)]
  0x0000025f0ba8d670 JavaThread "ClassGraph-worker-11" daemon [_thread_blocked, id=10968, stack(0x0000008e50c00000,0x0000008e50d00000)]
  0x0000025f0ba90b60 JavaThread "ClassGraph-worker-12" daemon [_thread_blocked, id=49836, stack(0x0000008e50d00000,0x0000008e50e00000)]
  0x0000025f0ba8fcf0 JavaThread "ClassGraph-worker-13" daemon [_thread_blocked, id=11296, stack(0x0000008e50e00000,0x0000008e50f00000)]
  0x0000025f0ba8d1a0 JavaThread "pool-9-thread-1" [_thread_blocked, id=59792, stack(0x0000008e50f00000,0x0000008e51000000)]
  0x0000025f0ba8ee80 JavaThread "LanguageServerApp-lifecycle" [_thread_blocked, id=10960, stack(0x0000008e51000000,0x0000008e51100000)]
  0x0000025f0ba8f350 JavaThread "DestroyJavaVM" [_thread_blocked, id=45380, stack(0x0000008e4e200000,0x0000008e4e300000)]
  0x0000025f0ba901c0 JavaThread "pool-10-thread-1" [_thread_in_native, id=58472, stack(0x0000008e51100000,0x0000008e51200000)]
  0x0000025f0ba8e010 JavaThread "Simple-Language-Server main thread" daemon [_thread_blocked, id=48804, stack(0x0000008e51200000,0x0000008e51300000)]
  0x0000025f0d7415e0 JavaThread "pool-7-thread-1" [_thread_blocked, id=41524, stack(0x0000008e51300000,0x0000008e51400000)]
  0x0000025f0d73e5c0 JavaThread "parallel-1" daemon [_thread_blocked, id=56896, stack(0x0000008e51400000,0x0000008e51500000)]
  0x0000025f0d741f80 JavaThread "parallel-2" daemon [_thread_blocked, id=13460, stack(0x0000008e51500000,0x0000008e51600000)]
  0x0000025f0d73ef60 JavaThread "pool-4-thread-1" [_thread_blocked, id=64292, stack(0x0000008e51600000,0x0000008e51700000)]
  0x0000025f0d73ea90 JavaThread "ForkJoinPool.commonPool-worker-2" daemon [_thread_blocked, id=20456, stack(0x0000008e51700000,0x0000008e51800000)]
  0x0000025f0d73d280 JavaThread "pool-4-thread-2" [_thread_blocked, id=17540, stack(0x0000008e51800000,0x0000008e51900000)]
  0x0000025f0d73f430 JavaThread "Reconciler-1" daemon [_thread_blocked, id=67300, stack(0x0000008e51900000,0x0000008e51a00000)]

Other Threads:
=>0x0000025f7faf7f70 VMThread "VM Thread" [stack: 0x0000008e4e800000,0x0000008e4e900000] [id=53444]
  0x0000025f7b706a50 WatcherThread [stack: 0x0000008e4f300000,0x0000008e4f400000] [id=4544]
  0x0000025f7b6ee830 GCTaskThread "GC Thread#0" [stack: 0x0000008e4e300000,0x0000008e4e400000] [id=15476]
  0x0000025f0a343670 GCTaskThread "GC Thread#1" [stack: 0x0000008e4f700000,0x0000008e4f800000] [id=60364]
  0x0000025f0a3c3050 GCTaskThread "GC Thread#2" [stack: 0x0000008e4f800000,0x0000008e4f900000] [id=17068]
  0x0000025f0a3f7860 GCTaskThread "GC Thread#3" [stack: 0x0000008e4f900000,0x0000008e4fa00000] [id=64728]
  0x0000025f0a3f7b10 GCTaskThread "GC Thread#4" [stack: 0x0000008e4fa00000,0x0000008e4fb00000] [id=56900]
  0x0000025f0b008090 GCTaskThread "GC Thread#5" [stack: 0x0000008e4fb00000,0x0000008e4fc00000] [id=16308]
  0x0000025f0b26f2d0 GCTaskThread "GC Thread#6" [stack: 0x0000008e4fd00000,0x0000008e4fe00000] [id=57052]
  0x0000025f0b26f580 GCTaskThread "GC Thread#7" [stack: 0x0000008e4fe00000,0x0000008e4ff00000] [id=64488]
  0x0000025f7b6ff1a0 ConcurrentGCThread "G1 Main Marker" [stack: 0x0000008e4e400000,0x0000008e4e500000] [id=62656]
  0x0000025f7b701270 ConcurrentGCThread "G1 Conc#0" [stack: 0x0000008e4e500000,0x0000008e4e600000] [id=68588]
  0x0000025f0b325b50 ConcurrentGCThread "G1 Conc#1" [stack: 0x0000008e4ff00000,0x0000008e50000000] [id=69892]
  0x0000025f7b74e280 ConcurrentGCThread "G1 Refine#0" [stack: 0x0000008e4e600000,0x0000008e4e700000] [id=53072]
  0x0000025f0d782ad0 ConcurrentGCThread "G1 Refine#1" [stack: 0x0000008e51a00000,0x0000008e51b00000] [id=43728]
  0x0000025f0d7aa2f0 ConcurrentGCThread "G1 Refine#2" [stack: 0x0000008e51b00000,0x0000008e51c00000] [id=54576]
  0x0000025f7b74ea50 ConcurrentGCThread "G1 Service" [stack: 0x0000008e4e700000,0x0000008e4e800000] [id=54388]

Threads with active compile tasks:

VM state: at safepoint (normal execution)

VM Mutex/Monitor currently owned by a thread:  ([mutex/lock_event])
[0x0000025f794f2a40] Threads_lock - owner thread: 0x0000025f7faf7f70
[0x0000025f7b6906d0] Heap_lock - owner thread: 0x0000025f0ba90690

Heap address: 0x0000000083200000, size: 1998 MB, Compressed Oops mode: 32-bit

CDS archive(s) not mapped
Compressed class space mapped at: 0x0000000100000000-0x0000000140000000, reserved size: 1073741824
Narrow klass base: 0x0000000000000000, Narrow klass shift: 3, Narrow klass range: 0x140000000

GC Precious Log:
 CPUs: 8 total, 8 available
 Memory: 7987M
 Large Page Support: Disabled
 NUMA Support: Disabled
 Compressed Oops: Enabled (32-bit)
 Heap Region Size: 1M
 Heap Min Capacity: 8M
 Heap Initial Capacity: 126M
 Heap Max Capacity: 1998M
 Pre-touch: Disabled
 Parallel Workers: 8
 Concurrent Workers: 2
 Concurrent Refinement Workers: 8
 Periodic GC: Disabled

Heap:
 garbage-first heap   total 228352K, used 75738K [0x0000000083200000, 0x0000000100000000)
  region size 1024K, 5 young (5120K), 5 survivors (5120K)
 Metaspace       used 36027K, committed 36352K, reserved 1081344K
  class space    used 4686K, committed 4864K, reserved 1048576K

Heap Regions: E=young(eden), S=young(survivor), O=old, HS=humongous(starts), HC=humongous(continues), CS=collection set, F=free, OA=open archive, CA=closed archive, TAMS=top-at-mark-start (previous, next)
|   0|0x0000000083200000, 0x0000000083300000, 0x0000000083300000|100%| O|  |TAMS 0x0000000083300000, 0x0000000083200000| Untracked 
|   1|0x0000000083300000, 0x0000000083400000, 0x0000000083400000|100%| O|  |TAMS 0x0000000083400000, 0x0000000083300000| Untracked 
|   2|0x0000000083400000, 0x0000000083500000, 0x0000000083500000|100%| O|  |TAMS 0x0000000083500000, 0x0000000083400000| Untracked 
|   3|0x0000000083500000, 0x0000000083600000, 0x0000000083600000|100%| O|  |TAMS 0x0000000083600000, 0x0000000083500000| Untracked 
|   4|0x0000000083600000, 0x0000000083700000, 0x0000000083700000|100%| O|  |TAMS 0x0000000083700000, 0x0000000083600000| Untracked 
|   5|0x0000000083700000, 0x0000000083800000, 0x0000000083800000|100%| O|  |TAMS 0x0000000083800000, 0x0000000083700000| Untracked 
|   6|0x0000000083800000, 0x0000000083900000, 0x0000000083900000|100%| O|  |TAMS 0x0000000083900000, 0x0000000083800000| Untracked 
|   7|0x0000000083900000, 0x00000000839ef200, 0x0000000083a00000| 93%| O|  |TAMS 0x00000000839ef200, 0x0000000083900000| Untracked 
|   8|0x0000000083a00000, 0x0000000083b00000, 0x0000000083b00000|100%| O|  |TAMS 0x0000000083b00000, 0x0000000083a00000| Untracked 
|   9|0x0000000083b00000, 0x0000000083c00000, 0x0000000083c00000|100%| O|  |TAMS 0x0000000083c00000, 0x0000000083b00000| Untracked 
|  10|0x0000000083c00000, 0x0000000083d00000, 0x0000000083d00000|100%| O|  |TAMS 0x0000000083d00000, 0x0000000083c00000| Untracked 
|  11|0x0000000083d00000, 0x0000000083e00000, 0x0000000083e00000|100%| O|  |TAMS 0x0000000083e00000, 0x0000000083d00000| Untracked 
|  12|0x0000000083e00000, 0x0000000083f00000, 0x0000000083f00000|100%| O|  |TAMS 0x0000000083f00000, 0x0000000083e00000| Untracked 
|  13|0x0000000083f00000, 0x0000000084000000, 0x0000000084000000|100%| O|  |TAMS 0x0000000084000000, 0x0000000083f00000| Untracked 
|  14|0x0000000084000000, 0x0000000084100000, 0x0000000084100000|100%| O|  |TAMS 0x0000000084100000, 0x0000000084000000| Untracked 
|  15|0x0000000084100000, 0x0000000084200000, 0x0000000084200000|100%| O|  |TAMS 0x0000000084200000, 0x0000000084100000| Untracked 
|  16|0x0000000084200000, 0x0000000084300000, 0x0000000084300000|100%| O|  |TAMS 0x0000000084300000, 0x0000000084200000| Untracked 
|  17|0x0000000084300000, 0x0000000084400000, 0x0000000084400000|100%| O|  |TAMS 0x0000000084400000, 0x0000000084300000| Untracked 
|  18|0x0000000084400000, 0x0000000084500000, 0x0000000084500000|100%| O|  |TAMS 0x0000000084500000, 0x0000000084400000| Untracked 
|  19|0x0000000084500000, 0x0000000084600000, 0x0000000084600000|100%| O|  |TAMS 0x0000000084600000, 0x0000000084500000| Untracked 
|  20|0x0000000084600000, 0x0000000084700000, 0x0000000084700000|100%| O|  |TAMS 0x0000000084700000, 0x0000000084600000| Untracked 
|  21|0x0000000084700000, 0x0000000084800000, 0x0000000084800000|100%| O|  |TAMS 0x0000000084800000, 0x0000000084700000| Untracked 
|  22|0x0000000084800000, 0x0000000084900000, 0x0000000084900000|100%| O|  |TAMS 0x0000000084900000, 0x0000000084800000| Untracked 
|  23|0x0000000084900000, 0x0000000084a00000, 0x0000000084a00000|100%| O|  |TAMS 0x0000000084a00000, 0x0000000084900000| Untracked 
|  24|0x0000000084a00000, 0x0000000084b00000, 0x0000000084b00000|100%| O|  |TAMS 0x0000000084b00000, 0x0000000084a00000| Untracked 
|  25|0x0000000084b00000, 0x0000000084c00000, 0x0000000084c00000|100%| O|  |TAMS 0x0000000084c00000, 0x0000000084b00000| Untracked 
|  26|0x0000000084c00000, 0x0000000084d00000, 0x0000000084d00000|100%| O|  |TAMS 0x0000000084d00000, 0x0000000084c00000| Untracked 
|  27|0x0000000084d00000, 0x0000000084e00000, 0x0000000084e00000|100%| O|  |TAMS 0x0000000084e00000, 0x0000000084d00000| Untracked 
|  28|0x0000000084e00000, 0x0000000084f00000, 0x0000000084f00000|100%| O|  |TAMS 0x0000000084f00000, 0x0000000084e00000| Untracked 
|  29|0x0000000084f00000, 0x0000000085000000, 0x0000000085000000|100%| O|  |TAMS 0x0000000085000000, 0x0000000084f00000| Untracked 
|  30|0x0000000085000000, 0x0000000085100000, 0x0000000085100000|100%| O|  |TAMS 0x0000000085100000, 0x0000000085000000| Untracked 
|  31|0x0000000085100000, 0x0000000085200000, 0x0000000085200000|100%| O|  |TAMS 0x0000000085200000, 0x0000000085100000| Untracked 
|  32|0x0000000085200000, 0x0000000085300000, 0x0000000085300000|100%| O|  |TAMS 0x0000000085300000, 0x0000000085200000| Untracked 
|  33|0x0000000085300000, 0x0000000085400000, 0x0000000085400000|100%| O|  |TAMS 0x0000000085400000, 0x0000000085300000| Untracked 
|  34|0x0000000085400000, 0x0000000085500000, 0x0000000085500000|100%| O|  |TAMS 0x0000000085500000, 0x0000000085400000| Untracked 
|  35|0x0000000085500000, 0x0000000085600000, 0x0000000085600000|100%| O|  |TAMS 0x0000000085600000, 0x0000000085500000| Untracked 
|  36|0x0000000085600000, 0x0000000085700000, 0x0000000085700000|100%| O|  |TAMS 0x0000000085700000, 0x0000000085600000| Untracked 
|  37|0x0000000085700000, 0x0000000085800000, 0x0000000085800000|100%| O|  |TAMS 0x0000000085800000, 0x0000000085700000| Untracked 
|  38|0x0000000085800000, 0x0000000085900000, 0x0000000085900000|100%| O|  |TAMS 0x0000000085900000, 0x0000000085800000| Untracked 
|  39|0x0000000085900000, 0x0000000085a00000, 0x0000000085a00000|100%| O|  |TAMS 0x0000000085a00000, 0x0000000085900000| Untracked 
|  40|0x0000000085a00000, 0x0000000085b00000, 0x0000000085b00000|100%| O|  |TAMS 0x0000000085b00000, 0x0000000085a00000| Untracked 
|  41|0x0000000085b00000, 0x0000000085b00000, 0x0000000085c00000|  0%| F|  |TAMS 0x0000000085b00000, 0x0000000085b00000| Untracked 
|  42|0x0000000085c00000, 0x0000000085d00000, 0x0000000085d00000|100%| O|  |TAMS 0x0000000085c00000, 0x0000000085c00000| Untracked 
|  43|0x0000000085d00000, 0x0000000085e00000, 0x0000000085e00000|100%|HS|  |TAMS 0x0000000085e00000, 0x0000000085d00000| Complete 
|  44|0x0000000085e00000, 0x0000000085f00000, 0x0000000085f00000|100%| O|  |TAMS 0x0000000085f00000, 0x0000000085e00000| Untracked 
|  45|0x0000000085f00000, 0x0000000086000000, 0x0000000086000000|100%| O|  |TAMS 0x0000000086000000, 0x0000000085f00000| Untracked 
|  46|0x0000000086000000, 0x0000000086100000, 0x0000000086100000|100%| O|  |TAMS 0x0000000086100000, 0x0000000086000000| Untracked 
|  47|0x0000000086100000, 0x0000000086200000, 0x0000000086200000|100%| O|  |TAMS 0x0000000086200000, 0x0000000086100000| Untracked 
|  48|0x0000000086200000, 0x0000000086300000, 0x0000000086300000|100%| O|  |TAMS 0x0000000086300000, 0x0000000086200000| Untracked 
|  49|0x0000000086300000, 0x0000000086400000, 0x0000000086400000|100%| O|  |TAMS 0x0000000086400000, 0x0000000086300000| Untracked 
|  50|0x0000000086400000, 0x0000000086500000, 0x0000000086500000|100%| O|  |TAMS 0x0000000086500000, 0x0000000086400000| Untracked 
|  51|0x0000000086500000, 0x0000000086600000, 0x0000000086600000|100%| O|  |TAMS 0x0000000086600000, 0x0000000086500000| Untracked 
|  52|0x0000000086600000, 0x0000000086700000, 0x0000000086700000|100%| O|  |TAMS 0x0000000086700000, 0x0000000086600000| Untracked 
|  53|0x0000000086700000, 0x0000000086800000, 0x0000000086800000|100%| O|  |TAMS 0x0000000086800000, 0x0000000086700000| Untracked 
|  54|0x0000000086800000, 0x0000000086900000, 0x0000000086900000|100%| O|  |TAMS 0x0000000086900000, 0x0000000086800000| Untracked 
|  55|0x0000000086900000, 0x0000000086a00000, 0x0000000086a00000|100%| O|  |TAMS 0x0000000086a00000, 0x0000000086900000| Untracked 
|  56|0x0000000086a00000, 0x0000000086b00000, 0x0000000086b00000|100%| O|  |TAMS 0x0000000086b00000, 0x0000000086a00000| Untracked 
|  57|0x0000000086b00000, 0x0000000086c00000, 0x0000000086c00000|100%| O|  |TAMS 0x0000000086c00000, 0x0000000086b00000| Untracked 
|  58|0x0000000086c00000, 0x0000000086d00000, 0x0000000086d00000|100%| O|  |TAMS 0x0000000086c00000, 0x0000000086c00000| Untracked 
|  59|0x0000000086d00000, 0x0000000086e00000, 0x0000000086e00000|100%| O|  |TAMS 0x0000000086d00000, 0x0000000086d00000| Untracked 
|  60|0x0000000086e00000, 0x0000000086f00000, 0x0000000086f00000|100%| O|  |TAMS 0x0000000086e00000, 0x0000000086e00000| Untracked 
|  61|0x0000000086f00000, 0x0000000087000000, 0x0000000087000000|100%| O|  |TAMS 0x0000000086f00000, 0x0000000086f00000| Untracked 
|  62|0x0000000087000000, 0x0000000087100000, 0x0000000087100000|100%| O|  |TAMS 0x0000000087000000, 0x0000000087000000| Untracked 
|  63|0x0000000087100000, 0x0000000087200000, 0x0000000087200000|100%| O|  |TAMS 0x0000000087100000, 0x0000000087100000| Untracked 
|  64|0x0000000087200000, 0x0000000087300000, 0x0000000087300000|100%| O|  |TAMS 0x0000000087200000, 0x0000000087200000| Untracked 
|  65|0x0000000087300000, 0x0000000087400000, 0x0000000087400000|100%| O|  |TAMS 0x0000000087300000, 0x0000000087300000| Untracked 
|  66|0x0000000087400000, 0x0000000087500000, 0x0000000087500000|100%| O|  |TAMS 0x0000000087400000, 0x0000000087400000| Untracked 
|  67|0x0000000087500000, 0x0000000087600000, 0x0000000087600000|100%| O|  |TAMS 0x0000000087500000, 0x0000000087500000| Untracked 
|  68|0x0000000087600000, 0x0000000087700000, 0x0000000087700000|100%| O|  |TAMS 0x0000000087600000, 0x0000000087600000| Untracked 
|  69|0x0000000087700000, 0x0000000087800000, 0x0000000087800000|100%| O|  |TAMS 0x0000000087700000, 0x0000000087700000| Untracked 
|  70|0x0000000087800000, 0x0000000087857000, 0x0000000087900000| 33%| O|  |TAMS 0x0000000087800000, 0x0000000087800000| Untracked 
|  71|0x0000000087900000, 0x0000000087900000, 0x0000000087a00000|  0%| F|  |TAMS 0x0000000087900000, 0x0000000087900000| Untracked 
|  72|0x0000000087a00000, 0x0000000087a00000, 0x0000000087b00000|  0%| F|  |TAMS 0x0000000087a00000, 0x0000000087a00000| Untracked 
|  73|0x0000000087b00000, 0x0000000087b00000, 0x0000000087c00000|  0%| F|  |TAMS 0x0000000087b00000, 0x0000000087b00000| Untracked 
|  74|0x0000000087c00000, 0x0000000087c00000, 0x0000000087d00000|  0%| F|  |TAMS 0x0000000087c00000, 0x0000000087c00000| Untracked 
|  75|0x0000000087d00000, 0x0000000087d00000, 0x0000000087e00000|  0%| F|  |TAMS 0x0000000087d00000, 0x0000000087d00000| Untracked 
|  76|0x0000000087e00000, 0x0000000087e00000, 0x0000000087f00000|  0%| F|  |TAMS 0x0000000087e00000, 0x0000000087e00000| Untracked 
|  77|0x0000000087f00000, 0x0000000087f00000, 0x0000000088000000|  0%| F|  |TAMS 0x0000000087f00000, 0x0000000087f00000| Untracked 
|  78|0x0000000088000000, 0x0000000088000000, 0x0000000088100000|  0%| F|  |TAMS 0x0000000088000000, 0x0000000088000000| Untracked 
|  79|0x0000000088100000, 0x0000000088100000, 0x0000000088200000|  0%| F|  |TAMS 0x0000000088100000, 0x0000000088100000| Untracked 
|  80|0x0000000088200000, 0x0000000088200000, 0x0000000088300000|  0%| F|  |TAMS 0x0000000088200000, 0x0000000088200000| Untracked 
|  81|0x0000000088300000, 0x0000000088300000, 0x0000000088400000|  0%| F|  |TAMS 0x0000000088300000, 0x0000000088300000| Untracked 
|  82|0x0000000088400000, 0x0000000088400000, 0x0000000088500000|  0%| F|  |TAMS 0x0000000088400000, 0x0000000088400000| Untracked 
|  83|0x0000000088500000, 0x0000000088500000, 0x0000000088600000|  0%| F|  |TAMS 0x0000000088500000, 0x0000000088500000| Untracked 
|  84|0x0000000088600000, 0x0000000088600000, 0x0000000088700000|  0%| F|  |TAMS 0x0000000088600000, 0x0000000088600000| Untracked 
|  85|0x0000000088700000, 0x0000000088700000, 0x0000000088800000|  0%| F|  |TAMS 0x0000000088700000, 0x0000000088700000| Untracked 
|  86|0x0000000088800000, 0x0000000088800000, 0x0000000088900000|  0%| F|  |TAMS 0x0000000088800000, 0x0000000088800000| Untracked 
|  87|0x0000000088900000, 0x0000000088900000, 0x0000000088a00000|  0%| F|  |TAMS 0x0000000088900000, 0x0000000088900000| Untracked 
|  88|0x0000000088a00000, 0x0000000088a00000, 0x0000000088b00000|  0%| F|  |TAMS 0x0000000088a00000, 0x0000000088a00000| Untracked 
|  89|0x0000000088b00000, 0x0000000088b00000, 0x0000000088c00000|  0%| F|  |TAMS 0x0000000088b00000, 0x0000000088b00000| Untracked 
|  90|0x0000000088c00000, 0x0000000088c00000, 0x0000000088d00000|  0%| F|  |TAMS 0x0000000088c00000, 0x0000000088c00000| Untracked 
|  91|0x0000000088d00000, 0x0000000088d00000, 0x0000000088e00000|  0%| F|  |TAMS 0x0000000088d00000, 0x0000000088d00000| Untracked 
|  92|0x0000000088e00000, 0x0000000088e00000, 0x0000000088f00000|  0%| F|  |TAMS 0x0000000088e00000, 0x0000000088e00000| Untracked 
|  93|0x0000000088f00000, 0x0000000088f00000, 0x0000000089000000|  0%| F|  |TAMS 0x0000000088f00000, 0x0000000088f00000| Untracked 
|  94|0x0000000089000000, 0x0000000089000000, 0x0000000089100000|  0%| F|  |TAMS 0x0000000089000000, 0x0000000089000000| Untracked 
|  95|0x0000000089100000, 0x0000000089100000, 0x0000000089200000|  0%| F|  |TAMS 0x0000000089100000, 0x0000000089100000| Untracked 
|  96|0x0000000089200000, 0x0000000089200000, 0x0000000089300000|  0%| F|  |TAMS 0x0000000089200000, 0x0000000089200000| Untracked 
|  97|0x0000000089300000, 0x0000000089300000, 0x0000000089400000|  0%| F|  |TAMS 0x0000000089300000, 0x0000000089300000| Untracked 
|  98|0x0000000089400000, 0x0000000089400000, 0x0000000089500000|  0%| F|  |TAMS 0x0000000089400000, 0x0000000089400000| Untracked 
|  99|0x0000000089500000, 0x0000000089500000, 0x0000000089600000|  0%| F|  |TAMS 0x0000000089500000, 0x0000000089500000| Untracked 
| 100|0x0000000089600000, 0x0000000089600000, 0x0000000089700000|  0%| F|  |TAMS 0x0000000089600000, 0x0000000089600000| Untracked 
| 101|0x0000000089700000, 0x0000000089700000, 0x0000000089800000|  0%| F|  |TAMS 0x0000000089700000, 0x0000000089700000| Untracked 
| 102|0x0000000089800000, 0x0000000089800000, 0x0000000089900000|  0%| F|  |TAMS 0x0000000089800000, 0x0000000089800000| Untracked 
| 103|0x0000000089900000, 0x0000000089900000, 0x0000000089a00000|  0%| F|  |TAMS 0x0000000089900000, 0x0000000089900000| Untracked 
| 104|0x0000000089a00000, 0x0000000089a00000, 0x0000000089b00000|  0%| F|  |TAMS 0x0000000089a00000, 0x0000000089a00000| Untracked 
| 105|0x0000000089b00000, 0x0000000089b00000, 0x0000000089c00000|  0%| F|  |TAMS 0x0000000089b00000, 0x0000000089b00000| Untracked 
| 106|0x0000000089c00000, 0x0000000089c00000, 0x0000000089d00000|  0%| F|  |TAMS 0x0000000089c00000, 0x0000000089c00000| Untracked 
| 107|0x0000000089d00000, 0x0000000089d00000, 0x0000000089e00000|  0%| F|  |TAMS 0x0000000089d00000, 0x0000000089d00000| Untracked 
| 108|0x0000000089e00000, 0x0000000089e00000, 0x0000000089f00000|  0%| F|  |TAMS 0x0000000089e00000, 0x0000000089e00000| Untracked 
| 109|0x0000000089f00000, 0x0000000089f00000, 0x000000008a000000|  0%| F|  |TAMS 0x0000000089f00000, 0x0000000089f00000| Untracked 
| 110|0x000000008a000000, 0x000000008a000000, 0x000000008a100000|  0%| F|  |TAMS 0x000000008a000000, 0x000000008a000000| Untracked 
| 111|0x000000008a100000, 0x000000008a100000, 0x000000008a200000|  0%| F|  |TAMS 0x000000008a100000, 0x000000008a100000| Untracked 
| 112|0x000000008a200000, 0x000000008a200000, 0x000000008a300000|  0%| F|  |TAMS 0x000000008a200000, 0x000000008a200000| Untracked 
| 113|0x000000008a300000, 0x000000008a3b06d0, 0x000000008a400000| 68%| S|CS|TAMS 0x000000008a300000, 0x000000008a300000| Complete 
| 114|0x000000008a400000, 0x000000008a500000, 0x000000008a500000|100%| S|CS|TAMS 0x000000008a400000, 0x000000008a400000| Complete 
| 115|0x000000008a500000, 0x000000008a600000, 0x000000008a600000|100%| S|CS|TAMS 0x000000008a500000, 0x000000008a500000| Complete 
| 116|0x000000008a600000, 0x000000008a700000, 0x000000008a700000|100%| S|CS|TAMS 0x000000008a600000, 0x000000008a600000| Complete 
| 117|0x000000008a700000, 0x000000008a800000, 0x000000008a800000|100%| S|CS|TAMS 0x000000008a700000, 0x000000008a700000| Complete 
| 118|0x000000008a800000, 0x000000008a800000, 0x000000008a900000|  0%| F|  |TAMS 0x000000008a800000, 0x000000008a800000| Untracked 
| 119|0x000000008a900000, 0x000000008a900000, 0x000000008aa00000|  0%| F|  |TAMS 0x000000008a900000, 0x000000008a900000| Untracked 
| 120|0x000000008aa00000, 0x000000008aa00000, 0x000000008ab00000|  0%| F|  |TAMS 0x000000008aa00000, 0x000000008aa00000| Untracked 
| 121|0x000000008ab00000, 0x000000008ab00000, 0x000000008ac00000|  0%| F|  |TAMS 0x000000008ab00000, 0x000000008ab00000| Untracked 
| 122|0x000000008ac00000, 0x000000008ac00000, 0x000000008ad00000|  0%| F|  |TAMS 0x000000008ac00000, 0x000000008ac00000| Untracked 
| 123|0x000000008ad00000, 0x000000008ad00000, 0x000000008ae00000|  0%| F|  |TAMS 0x000000008ad00000, 0x000000008ad00000| Untracked 
| 124|0x000000008ae00000, 0x000000008ae00000, 0x000000008af00000|  0%| F|  |TAMS 0x000000008ae00000, 0x000000008ae00000| Untracked 
| 125|0x000000008af00000, 0x000000008af00000, 0x000000008b000000|  0%| F|  |TAMS 0x000000008af00000, 0x000000008af00000| Untracked 
| 126|0x000000008b000000, 0x000000008b000000, 0x000000008b100000|  0%| F|  |TAMS 0x000000008b000000, 0x000000008b000000| Untracked 
| 127|0x000000008b100000, 0x000000008b100000, 0x000000008b200000|  0%| F|  |TAMS 0x000000008b100000, 0x000000008b100000| Untracked 
| 128|0x000000008b200000, 0x000000008b200000, 0x000000008b300000|  0%| F|  |TAMS 0x000000008b200000, 0x000000008b200000| Untracked 
| 129|0x000000008b300000, 0x000000008b300000, 0x000000008b400000|  0%| F|  |TAMS 0x000000008b300000, 0x000000008b300000| Untracked 
| 130|0x000000008b400000, 0x000000008b400000, 0x000000008b500000|  0%| F|  |TAMS 0x000000008b400000, 0x000000008b400000| Untracked 
| 131|0x000000008b500000, 0x000000008b500000, 0x000000008b600000|  0%| F|  |TAMS 0x000000008b500000, 0x000000008b500000| Untracked 
| 132|0x000000008b600000, 0x000000008b600000, 0x000000008b700000|  0%| F|  |TAMS 0x000000008b600000, 0x000000008b600000| Untracked 
| 133|0x000000008b700000, 0x000000008b700000, 0x000000008b800000|  0%| F|  |TAMS 0x000000008b700000, 0x000000008b700000| Untracked 
| 134|0x000000008b800000, 0x000000008b800000, 0x000000008b900000|  0%| F|  |TAMS 0x000000008b800000, 0x000000008b800000| Untracked 
| 135|0x000000008b900000, 0x000000008b900000, 0x000000008ba00000|  0%| F|  |TAMS 0x000000008b900000, 0x000000008b900000| Untracked 
| 136|0x000000008ba00000, 0x000000008ba00000, 0x000000008bb00000|  0%| F|  |TAMS 0x000000008ba00000, 0x000000008ba00000| Untracked 
| 137|0x000000008bb00000, 0x000000008bb00000, 0x000000008bc00000|  0%| F|  |TAMS 0x000000008bb00000, 0x000000008bb00000| Untracked 
| 138|0x000000008bc00000, 0x000000008bc00000, 0x000000008bd00000|  0%| F|  |TAMS 0x000000008bc00000, 0x000000008bc00000| Untracked 
| 139|0x000000008bd00000, 0x000000008bd00000, 0x000000008be00000|  0%| F|  |TAMS 0x000000008bd00000, 0x000000008bd00000| Untracked 
| 140|0x000000008be00000, 0x000000008be00000, 0x000000008bf00000|  0%| F|  |TAMS 0x000000008be00000, 0x000000008be00000| Untracked 
| 141|0x000000008bf00000, 0x000000008bf00000, 0x000000008c000000|  0%| F|  |TAMS 0x000000008bf00000, 0x000000008bf00000| Untracked 
| 142|0x000000008c000000, 0x000000008c000000, 0x000000008c100000|  0%| F|  |TAMS 0x000000008c000000, 0x000000008c000000| Untracked 
| 143|0x000000008c100000, 0x000000008c100000, 0x000000008c200000|  0%| F|  |TAMS 0x000000008c100000, 0x000000008c100000| Untracked 
| 144|0x000000008c200000, 0x000000008c200000, 0x000000008c300000|  0%| F|  |TAMS 0x000000008c200000, 0x000000008c200000| Untracked 
| 145|0x000000008c300000, 0x000000008c300000, 0x000000008c400000|  0%| F|  |TAMS 0x000000008c300000, 0x000000008c300000| Untracked 
| 146|0x000000008c400000, 0x000000008c400000, 0x000000008c500000|  0%| F|  |TAMS 0x000000008c400000, 0x000000008c400000| Untracked 
| 147|0x000000008c500000, 0x000000008c500000, 0x000000008c600000|  0%| F|  |TAMS 0x000000008c500000, 0x000000008c500000| Untracked 
| 148|0x000000008c600000, 0x000000008c600000, 0x000000008c700000|  0%| F|  |TAMS 0x000000008c600000, 0x000000008c600000| Untracked 
| 149|0x000000008c700000, 0x000000008c700000, 0x000000008c800000|  0%| F|  |TAMS 0x000000008c700000, 0x000000008c700000| Untracked 
| 150|0x000000008c800000, 0x000000008c800000, 0x000000008c900000|  0%| F|  |TAMS 0x000000008c800000, 0x000000008c800000| Untracked 
| 151|0x000000008c900000, 0x000000008c900000, 0x000000008ca00000|  0%| F|  |TAMS 0x000000008c900000, 0x000000008c900000| Untracked 
| 152|0x000000008ca00000, 0x000000008ca00000, 0x000000008cb00000|  0%| F|  |TAMS 0x000000008ca00000, 0x000000008ca00000| Untracked 
| 153|0x000000008cb00000, 0x000000008cb00000, 0x000000008cc00000|  0%| F|  |TAMS 0x000000008cb00000, 0x000000008cb00000| Untracked 
| 154|0x000000008cc00000, 0x000000008cc00000, 0x000000008cd00000|  0%| F|  |TAMS 0x000000008cc00000, 0x000000008cc00000| Untracked 
| 155|0x000000008cd00000, 0x000000008cd00000, 0x000000008ce00000|  0%| F|  |TAMS 0x000000008cd00000, 0x000000008cd00000| Untracked 
| 156|0x000000008ce00000, 0x000000008ce00000, 0x000000008cf00000|  0%| F|  |TAMS 0x000000008ce00000, 0x000000008ce00000| Untracked 
| 157|0x000000008cf00000, 0x000000008cf00000, 0x000000008d000000|  0%| F|  |TAMS 0x000000008cf00000, 0x000000008cf00000| Untracked 
| 158|0x000000008d000000, 0x000000008d000000, 0x000000008d100000|  0%| F|  |TAMS 0x000000008d000000, 0x000000008d000000| Untracked 
| 159|0x000000008d100000, 0x000000008d100000, 0x000000008d200000|  0%| F|  |TAMS 0x000000008d100000, 0x000000008d100000| Untracked 
| 160|0x000000008d200000, 0x000000008d200000, 0x000000008d300000|  0%| F|  |TAMS 0x000000008d200000, 0x000000008d200000| Untracked 
| 161|0x000000008d300000, 0x000000008d300000, 0x000000008d400000|  0%| F|  |TAMS 0x000000008d300000, 0x000000008d300000| Untracked 
| 162|0x000000008d400000, 0x000000008d400000, 0x000000008d500000|  0%| F|  |TAMS 0x000000008d400000, 0x000000008d400000| Untracked 
| 163|0x000000008d500000, 0x000000008d500000, 0x000000008d600000|  0%| F|  |TAMS 0x000000008d500000, 0x000000008d500000| Untracked 
| 164|0x000000008d600000, 0x000000008d600000, 0x000000008d700000|  0%| F|  |TAMS 0x000000008d600000, 0x000000008d600000| Untracked 
| 165|0x000000008d700000, 0x000000008d700000, 0x000000008d800000|  0%| F|  |TAMS 0x000000008d700000, 0x000000008d700000| Untracked 
| 166|0x000000008d800000, 0x000000008d800000, 0x000000008d900000|  0%| F|  |TAMS 0x000000008d800000, 0x000000008d800000| Untracked 
| 167|0x000000008d900000, 0x000000008d900000, 0x000000008da00000|  0%| F|  |TAMS 0x000000008d900000, 0x000000008d900000| Untracked 
| 168|0x000000008da00000, 0x000000008da00000, 0x000000008db00000|  0%| F|  |TAMS 0x000000008da00000, 0x000000008da00000| Untracked 
| 169|0x000000008db00000, 0x000000008db00000, 0x000000008dc00000|  0%| F|  |TAMS 0x000000008db00000, 0x000000008db00000| Untracked 
| 170|0x000000008dc00000, 0x000000008dc00000, 0x000000008dd00000|  0%| F|  |TAMS 0x000000008dc00000, 0x000000008dc00000| Untracked 
| 171|0x000000008dd00000, 0x000000008dd00000, 0x000000008de00000|  0%| F|  |TAMS 0x000000008dd00000, 0x000000008dd00000| Untracked 
| 172|0x000000008de00000, 0x000000008de00000, 0x000000008df00000|  0%| F|  |TAMS 0x000000008de00000, 0x000000008de00000| Untracked 
| 173|0x000000008df00000, 0x000000008df00000, 0x000000008e000000|  0%| F|  |TAMS 0x000000008df00000, 0x000000008df00000| Untracked 
| 174|0x000000008e000000, 0x000000008e000000, 0x000000008e100000|  0%| F|  |TAMS 0x000000008e000000, 0x000000008e000000| Untracked 
| 175|0x000000008e100000, 0x000000008e100000, 0x000000008e200000|  0%| F|  |TAMS 0x000000008e100000, 0x000000008e100000| Untracked 
| 176|0x000000008e200000, 0x000000008e200000, 0x000000008e300000|  0%| F|  |TAMS 0x000000008e200000, 0x000000008e200000| Untracked 
| 177|0x000000008e300000, 0x000000008e300000, 0x000000008e400000|  0%| F|  |TAMS 0x000000008e300000, 0x000000008e300000| Untracked 
| 178|0x000000008e400000, 0x000000008e400000, 0x000000008e500000|  0%| F|  |TAMS 0x000000008e400000, 0x000000008e400000| Untracked 
| 179|0x000000008e500000, 0x000000008e500000, 0x000000008e600000|  0%| F|  |TAMS 0x000000008e500000, 0x000000008e500000| Untracked 
| 180|0x000000008e600000, 0x000000008e600000, 0x000000008e700000|  0%| F|  |TAMS 0x000000008e600000, 0x000000008e600000| Untracked 
| 181|0x000000008e700000, 0x000000008e700000, 0x000000008e800000|  0%| F|  |TAMS 0x000000008e700000, 0x000000008e700000| Untracked 
| 182|0x000000008e800000, 0x000000008e800000, 0x000000008e900000|  0%| F|  |TAMS 0x000000008e800000, 0x000000008e800000| Untracked 
| 183|0x000000008e900000, 0x000000008e900000, 0x000000008ea00000|  0%| F|  |TAMS 0x000000008e900000, 0x000000008e900000| Untracked 
| 184|0x000000008ea00000, 0x000000008ea00000, 0x000000008eb00000|  0%| F|  |TAMS 0x000000008ea00000, 0x000000008ea00000| Untracked 
| 185|0x000000008eb00000, 0x000000008eb00000, 0x000000008ec00000|  0%| F|  |TAMS 0x000000008eb00000, 0x000000008eb00000| Untracked 
| 186|0x000000008ec00000, 0x000000008ec00000, 0x000000008ed00000|  0%| F|  |TAMS 0x000000008ec00000, 0x000000008ec00000| Untracked 
| 187|0x000000008ed00000, 0x000000008ed00000, 0x000000008ee00000|  0%| F|  |TAMS 0x000000008ed00000, 0x000000008ed00000| Untracked 
| 188|0x000000008ee00000, 0x000000008ee00000, 0x000000008ef00000|  0%| F|  |TAMS 0x000000008ee00000, 0x000000008ee00000| Untracked 
| 189|0x000000008ef00000, 0x000000008ef00000, 0x000000008f000000|  0%| F|  |TAMS 0x000000008ef00000, 0x000000008ef00000| Untracked 
| 190|0x000000008f000000, 0x000000008f000000, 0x000000008f100000|  0%| F|  |TAMS 0x000000008f000000, 0x000000008f000000| Untracked 
| 191|0x000000008f100000, 0x000000008f100000, 0x000000008f200000|  0%| F|  |TAMS 0x000000008f100000, 0x000000008f100000| Untracked 
| 192|0x000000008f200000, 0x000000008f200000, 0x000000008f300000|  0%| F|  |TAMS 0x000000008f200000, 0x000000008f200000| Untracked 
| 193|0x000000008f300000, 0x000000008f300000, 0x000000008f400000|  0%| F|  |TAMS 0x000000008f300000, 0x000000008f300000| Untracked 
| 194|0x000000008f400000, 0x000000008f400000, 0x000000008f500000|  0%| F|  |TAMS 0x000000008f400000, 0x000000008f400000| Untracked 
| 195|0x000000008f500000, 0x000000008f500000, 0x000000008f600000|  0%| F|  |TAMS 0x000000008f500000, 0x000000008f500000| Untracked 
| 196|0x000000008f600000, 0x000000008f600000, 0x000000008f700000|  0%| F|  |TAMS 0x000000008f600000, 0x000000008f600000| Untracked 
| 197|0x000000008f700000, 0x000000008f700000, 0x000000008f800000|  0%| F|  |TAMS 0x000000008f700000, 0x000000008f700000| Untracked 
| 198|0x000000008f800000, 0x000000008f800000, 0x000000008f900000|  0%| F|  |TAMS 0x000000008f800000, 0x000000008f800000| Untracked 
| 199|0x000000008f900000, 0x000000008f900000, 0x000000008fa00000|  0%| F|  |TAMS 0x000000008f900000, 0x000000008f900000| Untracked 
| 200|0x000000008fa00000, 0x000000008fa00000, 0x000000008fb00000|  0%| F|  |TAMS 0x000000008fa00000, 0x000000008fa00000| Untracked 
| 201|0x000000008fb00000, 0x000000008fb00000, 0x000000008fc00000|  0%| F|  |TAMS 0x000000008fb00000, 0x000000008fb00000| Untracked 
| 202|0x000000008fc00000, 0x000000008fc00000, 0x000000008fd00000|  0%| F|  |TAMS 0x000000008fc00000, 0x000000008fc00000| Untracked 
| 203|0x000000008fd00000, 0x000000008fd00000, 0x000000008fe00000|  0%| F|  |TAMS 0x000000008fd00000, 0x000000008fd00000| Untracked 
| 204|0x000000008fe00000, 0x000000008fe00000, 0x000000008ff00000|  0%| F|  |TAMS 0x000000008fe00000, 0x000000008fe00000| Untracked 
| 205|0x000000008ff00000, 0x000000008ff00000, 0x0000000090000000|  0%| F|  |TAMS 0x000000008ff00000, 0x000000008ff00000| Untracked 
| 206|0x0000000090000000, 0x0000000090000000, 0x0000000090100000|  0%| F|  |TAMS 0x0000000090000000, 0x0000000090000000| Untracked 
| 207|0x0000000090100000, 0x0000000090100000, 0x0000000090200000|  0%| F|  |TAMS 0x0000000090100000, 0x0000000090100000| Untracked 
| 208|0x0000000090200000, 0x0000000090200000, 0x0000000090300000|  0%| F|  |TAMS 0x0000000090200000, 0x0000000090200000| Untracked 
| 209|0x0000000090300000, 0x0000000090300000, 0x0000000090400000|  0%| F|  |TAMS 0x0000000090300000, 0x0000000090300000| Untracked 
| 210|0x0000000090400000, 0x0000000090400000, 0x0000000090500000|  0%| F|  |TAMS 0x0000000090400000, 0x0000000090400000| Untracked 
| 211|0x0000000090500000, 0x0000000090500000, 0x0000000090600000|  0%| F|  |TAMS 0x0000000090500000, 0x0000000090500000| Untracked 
| 212|0x0000000090600000, 0x0000000090600000, 0x0000000090700000|  0%| F|  |TAMS 0x0000000090600000, 0x0000000090600000| Untracked 
| 213|0x0000000090700000, 0x0000000090700000, 0x0000000090800000|  0%| F|  |TAMS 0x0000000090700000, 0x0000000090700000| Untracked 
| 214|0x0000000090800000, 0x0000000090800000, 0x0000000090900000|  0%| F|  |TAMS 0x0000000090800000, 0x0000000090800000| Untracked 
| 215|0x0000000090900000, 0x0000000090900000, 0x0000000090a00000|  0%| F|  |TAMS 0x0000000090900000, 0x0000000090900000| Untracked 
| 216|0x0000000090a00000, 0x0000000090a00000, 0x0000000090b00000|  0%| F|  |TAMS 0x0000000090a00000, 0x0000000090a00000| Untracked 
| 217|0x0000000090b00000, 0x0000000090b00000, 0x0000000090c00000|  0%| F|  |TAMS 0x0000000090b00000, 0x0000000090b00000| Untracked 
| 218|0x0000000090c00000, 0x0000000090c00000, 0x0000000090d00000|  0%| F|  |TAMS 0x0000000090c00000, 0x0000000090c00000| Untracked 
| 219|0x0000000090d00000, 0x0000000090d00000, 0x0000000090e00000|  0%| F|  |TAMS 0x0000000090d00000, 0x0000000090d00000| Untracked 
| 220|0x0000000090e00000, 0x0000000090e00000, 0x0000000090f00000|  0%| F|  |TAMS 0x0000000090e00000, 0x0000000090e00000| Untracked 
| 221|0x0000000090f00000, 0x0000000090f00000, 0x0000000091000000|  0%| F|  |TAMS 0x0000000090f00000, 0x0000000090f00000| Untracked 
| 222|0x0000000091000000, 0x0000000091000000, 0x0000000091100000|  0%| F|  |TAMS 0x0000000091000000, 0x0000000091000000| Untracked 

Card table byte_map: [0x0000025f7e810000,0x0000025f7ec00000] _byte_map_base: 0x0000025f7e3f7000

Marking Bits (Prev, Next): (CMBitMap*) 0x0000025f7b6eed90, (CMBitMap*) 0x0000025f7b6eed50
 Prev Bits: [0x0000025f04f40000, 0x0000025f06e78000)
 Next Bits: [0x0000025f03000000, 0x0000025f04f38000)

Polling page: 0x0000025f795d0000

Metaspace:

Usage:
  Non-class:     30.61 MB used.
      Class:      4.58 MB used.
       Both:     35.18 MB used.

Virtual space:
  Non-class space:       32.00 MB reserved,      30.75 MB ( 96%) committed,  4 nodes.
      Class space:        1.00 GB reserved,       4.75 MB ( <1%) committed,  1 nodes.
             Both:        1.03 GB reserved,      35.50 MB (  3%) committed. 

Chunk freelists:
   Non-Class:  832.00 KB
       Class:  3.11 MB
        Both:  3.92 MB

MaxMetaspaceSize: unlimited
CompressedClassSpaceSize: 1.00 GB
Initial GC threshold: 21.00 MB
Current GC threshold: 58.88 MB
CDS: off
MetaspaceReclaimPolicy: balanced
 - commit_granule_bytes: 65536.
 - commit_granule_words: 8192.
 - virtual_space_node_default_size: 1048576.
 - enlarge_chunks_in_place: 1.
 - new_chunks_are_fully_committed: 0.
 - uncommit_free_chunks: 1.
 - use_allocation_guard: 0.
 - handle_deallocations: 1.


Internal statistics:

num_allocs_failed_limit: 3.
num_arena_births: 338.
num_arena_deaths: 0.
num_vsnodes_births: 5.
num_vsnodes_deaths: 0.
num_space_committed: 568.
num_space_uncommitted: 0.
num_chunks_returned_to_freelist: 3.
num_chunks_taken_from_freelist: 1377.
num_chunk_merges: 3.
num_chunk_splits: 946.
num_chunks_enlarged: 722.
num_purges: 0.
num_inconsistent_stats: 0.

CodeCache: size=49152Kb used=9071Kb max_used=9071Kb free=40080Kb
 bounds [0x0000025f00000000, 0x0000025f008e0000, 0x0000025f03000000]
 total_blobs=4240 nmethods=3713 adapters=450
 compilation: enabled
              stopped_count=0, restarted_count=0
 full_count=0

Compilation events (20 events):
Event: 4.745 Thread 0x0000025f09a30150 nmethod 3691 0x0000025f008d2110 code [0x0000025f008d2320, 0x0000025f008d2848]
Event: 4.745 Thread 0x0000025f09a30150 3711   !   1       jdk.internal.reflect.GeneratedMethodAccessor28::invoke (67 bytes)
Event: 4.745 Thread 0x0000025f0982d010 nmethod 3709 0x0000025f008d2a90 code [0x0000025f008d2c40, 0x0000025f008d2e18]
Event: 4.745 Thread 0x0000025f0982d010 3706       1       io.github.classgraph.ClasspathElementModule$1$1::<init> (16 bytes)
Event: 4.745 Thread 0x0000025f0982d010 nmethod 3706 0x0000025f008d2f10 code [0x0000025f008d30a0, 0x0000025f008d3278]
Event: 4.745 Thread 0x0000025f0982d010 3710       1       nonapi.io.github.classgraph.utils.ProxyingInputStream::<init> (10 bytes)
Event: 4.745 Thread 0x0000025f0a134320 nmethod 3680 0x0000025f008d3310 code [0x0000025f008d34c0, 0x0000025f008d3748]
Event: 4.745 Thread 0x0000025f0a134320 3707       1       nonapi.io.github.classgraph.fileslice.reader.ClassfileReader::<init> (29 bytes)
Event: 4.745 Thread 0x0000025f0982d010 nmethod 3710 0x0000025f008d3910 code [0x0000025f008d3aa0, 0x0000025f008d3bb8]
Event: 4.746 Thread 0x0000025f0982d010 3697       1       jdk.internal.jimage.decompressor.ZipDecompressor::decompress (10 bytes)
Event: 4.746 Thread 0x0000025f0982d010 nmethod 3697 0x0000025f008d3c10 code [0x0000025f008d3da0, 0x0000025f008d3e88]
Event: 4.746 Thread 0x0000025f0a134320 nmethod 3707 0x0000025f008d3f10 code [0x0000025f008d40a0, 0x0000025f008d4318]
Event: 4.746 Thread 0x0000025f0982d010 3702       1       jdk.internal.jimage.BasicImageReader::releaseByteBuffer (16 bytes)
Event: 4.746 Thread 0x0000025f09a30150 nmethod 3711 0x0000025f008d4390 code [0x0000025f008d4580, 0x0000025f008d49b8]
Event: 4.746 Thread 0x0000025f0982d010 nmethod 3702 0x0000025f008d4c90 code [0x0000025f008d4e20, 0x0000025f008d4f68]
Event: 4.750 Thread 0x0000025f0a2d4ce0 nmethod 3684 0x0000025f008d5010 code [0x0000025f008d5840, 0x0000025f008d8388]
Event: 4.777 Thread 0x0000025f09a30150 3712  s!   1       jdk.internal.loader.URLClassPath::getLoader (196 bytes)
Event: 4.784 Thread 0x0000025f09a30150 nmethod 3712 0x0000025f008d9e10 code [0x0000025f008da0c0, 0x0000025f008daad8]
Event: 4.864 Thread 0x0000025f0a2d4ce0 3713       1       com.google.gson.stream.JsonWriter::name (53 bytes)
Event: 4.865 Thread 0x0000025f0a2d4ce0 nmethod 3713 0x0000025f008db790 code [0x0000025f008db960, 0x0000025f008dbc48]

GC Heap History (20 events):
Event: 3.929 GC heap after
{Heap after GC invocations=11 (full 0):
 garbage-first heap   total 54272K, used 27627K [0x0000000083200000, 0x0000000100000000)
  region size 1024K, 3 young (3072K), 3 survivors (3072K)
 Metaspace       used 33608K, committed 33984K, reserved 1081344K
  class space    used 4277K, committed 4480K, reserved 1048576K
}
Event: 3.958 GC heap before
{Heap before GC invocations=11 (full 0):
 garbage-first heap   total 54272K, used 39915K [0x0000000083200000, 0x0000000100000000)
  region size 1024K, 15 young (15360K), 3 survivors (3072K)
 Metaspace       used 33683K, committed 34048K, reserved 1081344K
  class space    used 4290K, committed 4480K, reserved 1048576K
}
Event: 3.962 GC heap after
{Heap after GC invocations=12 (full 0):
 garbage-first heap   total 54272K, used 29814K [0x0000000083200000, 0x0000000100000000)
  region size 1024K, 2 young (2048K), 2 survivors (2048K)
 Metaspace       used 33683K, committed 34048K, reserved 1081344K
  class space    used 4290K, committed 4480K, reserved 1048576K
}
Event: 3.995 GC heap before
{Heap before GC invocations=13 (full 0):
 garbage-first heap   total 63488K, used 41078K [0x0000000083200000, 0x0000000100000000)
  region size 1024K, 13 young (13312K), 2 survivors (2048K)
 Metaspace       used 33760K, committed 34112K, reserved 1081344K
  class space    used 4305K, committed 4480K, reserved 1048576K
}
Event: 3.998 GC heap after
{Heap after GC invocations=14 (full 0):
 garbage-first heap   total 103424K, used 32050K [0x0000000083200000, 0x0000000100000000)
  region size 1024K, 2 young (2048K), 2 survivors (2048K)
 Metaspace       used 33760K, committed 34112K, reserved 1081344K
  class space    used 4305K, committed 4480K, reserved 1048576K
}
Event: 4.097 GC heap before
{Heap before GC invocations=14 (full 0):
 garbage-first heap   total 103424K, used 71986K [0x0000000083200000, 0x0000000100000000)
  region size 1024K, 41 young (41984K), 2 survivors (2048K)
 Metaspace       used 34061K, committed 34432K, reserved 1081344K
  class space    used 4347K, committed 4544K, reserved 1048576K
}
Event: 4.107 GC heap after
{Heap after GC invocations=15 (full 0):
 garbage-first heap   total 103424K, used 41969K [0x0000000083200000, 0x0000000100000000)
  region size 1024K, 6 young (6144K), 6 survivors (6144K)
 Metaspace       used 34061K, committed 34432K, reserved 1081344K
  class space    used 4347K, committed 4544K, reserved 1048576K
}
Event: 4.380 GC heap before
{Heap before GC invocations=15 (full 0):
 garbage-first heap   total 103424K, used 70641K [0x0000000083200000, 0x0000000100000000)
  region size 1024K, 35 young (35840K), 6 survivors (6144K)
 Metaspace       used 35366K, committed 35712K, reserved 1081344K
  class space    used 4555K, committed 4736K, reserved 1048576K
}
Event: 4.389 GC heap after
{Heap after GC invocations=16 (full 0):
 garbage-first heap   total 103424K, used 47861K [0x0000000083200000, 0x0000000100000000)
  region size 1024K, 5 young (5120K), 5 survivors (5120K)
 Metaspace       used 35366K, committed 35712K, reserved 1081344K
  class space    used 4555K, committed 4736K, reserved 1048576K
}
Event: 4.525 GC heap before
{Heap before GC invocations=16 (full 0):
 garbage-first heap   total 103424K, used 75509K [0x0000000083200000, 0x0000000100000000)
  region size 1024K, 31 young (31744K), 5 survivors (5120K)
 Metaspace       used 35798K, committed 36160K, reserved 1081344K
  class space    used 4646K, committed 4800K, reserved 1048576K
}
Event: 4.557 GC heap after
{Heap after GC invocations=17 (full 0):
 garbage-first heap   total 103424K, used 63420K [0x0000000083200000, 0x0000000100000000)
  region size 1024K, 4 young (4096K), 4 survivors (4096K)
 Metaspace       used 35798K, committed 36160K, reserved 1081344K
  class space    used 4646K, committed 4800K, reserved 1048576K
}
Event: 4.587 GC heap before
{Heap before GC invocations=17 (full 0):
 garbage-first heap   total 103424K, used 76732K [0x0000000083200000, 0x0000000100000000)
  region size 1024K, 18 young (18432K), 4 survivors (4096K)
 Metaspace       used 35861K, committed 36160K, reserved 1081344K
  class space    used 4661K, committed 4800K, reserved 1048576K
}
Event: 4.594 GC heap after
{Heap after GC invocations=18 (full 0):
 garbage-first heap   total 228352K, used 64876K [0x0000000083200000, 0x0000000100000000)
  region size 1024K, 1 young (1024K), 1 survivors (1024K)
 Metaspace       used 35861K, committed 36160K, reserved 1081344K
  class space    used 4661K, committed 4800K, reserved 1048576K
}
Event: 4.739 GC heap before
{Heap before GC invocations=18 (full 0):
 garbage-first heap   total 228352K, used 161132K [0x0000000083200000, 0x0000000100000000)
  region size 1024K, 97 young (99328K), 1 survivors (1024K)
 Metaspace       used 35881K, committed 36224K, reserved 1081344K
  class space    used 4664K, committed 4800K, reserved 1048576K
}
Event: 4.744 GC heap after
{Heap after GC invocations=19 (full 0):
 garbage-first heap   total 228352K, used 68033K [0x0000000083200000, 0x0000000100000000)
  region size 1024K, 5 young (5120K), 5 survivors (5120K)
 Metaspace       used 35881K, committed 36224K, reserved 1081344K
  class space    used 4664K, committed 4800K, reserved 1048576K
}
Event: 4.805 GC heap before
{Heap before GC invocations=20 (full 0):
 garbage-first heap   total 228352K, used 172481K [0x0000000083200000, 0x0000000100000000)
  region size 1024K, 108 young (110592K), 5 survivors (5120K)
 Metaspace       used 35991K, committed 36352K, reserved 1081344K
  class space    used 4682K, committed 4864K, reserved 1048576K
}
Event: 4.814 GC heap after
{Heap after GC invocations=21 (full 0):
 garbage-first heap   total 228352K, used 71778K [0x0000000083200000, 0x0000000100000000)
  region size 1024K, 9 young (9216K), 9 survivors (9216K)
 Metaspace       used 35991K, committed 36352K, reserved 1081344K
  class space    used 4682K, committed 4864K, reserved 1048576K
}
Event: 4.816 GC heap before
{Heap before GC invocations=21 (full 0):
 garbage-first heap   total 228352K, used 72802K [0x0000000083200000, 0x0000000100000000)
  region size 1024K, 11 young (11264K), 9 survivors (9216K)
 Metaspace       used 35991K, committed 36352K, reserved 1081344K
  class space    used 4682K, committed 4864K, reserved 1048576K
}
Event: 4.824 GC heap after
{Heap after GC invocations=22 (full 0):
 garbage-first heap   total 228352K, used 72320K [0x0000000083200000, 0x0000000100000000)
  region size 1024K, 2 young (2048K), 2 survivors (2048K)
 Metaspace       used 35991K, committed 36352K, reserved 1081344K
  class space    used 4682K, committed 4864K, reserved 1048576K
}
Event: 4.868 GC heap before
{Heap before GC invocations=22 (full 0):
 garbage-first heap   total 228352K, used 176768K [0x0000000083200000, 0x0000000100000000)
  region size 1024K, 105 young (107520K), 2 survivors (2048K)
 Metaspace       used 36027K, committed 36352K, reserved 1081344K
  class space    used 4686K, committed 4864K, reserved 1048576K
}

Deoptimization events (10 events):
Event: 1.963 Thread 0x0000025f7b693010 DEOPT PACKING pc=0x0000025f0054cb19 sp=0x0000008e4e2fd3b0
Event: 1.963 Thread 0x0000025f7b693010 DEOPT UNPACKING pc=0x0000025f00056763 sp=0x0000008e4e2fc890 mode 3
Event: 3.636 Thread 0x0000025f0b8b5df0 DEOPT PACKING pc=0x0000025f0070adab sp=0x0000008e500fe3c0
Event: 3.636 Thread 0x0000025f0b8b5df0 DEOPT UNPACKING pc=0x0000025f00056763 sp=0x0000008e500fd908 mode 3
Event: 3.886 Thread 0x0000025f0ba777d0 DEOPT PACKING pc=0x0000025f0054bc81 sp=0x0000008e502ff000
Event: 3.886 Thread 0x0000025f0ba777d0 DEOPT UNPACKING pc=0x0000025f00056763 sp=0x0000008e502fe490 mode 3
Event: 3.887 Thread 0x0000025f0ba777d0 DEOPT PACKING pc=0x0000025f00549d97 sp=0x0000008e502ff200
Event: 3.887 Thread 0x0000025f0ba777d0 DEOPT UNPACKING pc=0x0000025f00056763 sp=0x0000008e502fe658 mode 3
Event: 4.303 Thread 0x0000025f0ba8e010 DEOPT PACKING pc=0x0000025f00881cb5 sp=0x0000008e512fd1a0
Event: 4.303 Thread 0x0000025f0ba8e010 DEOPT UNPACKING pc=0x0000025f00056763 sp=0x0000008e512fc6b8 mode 3

Classes unloaded (0 events):
No events

Classes redefined (0 events):
No events

Internal exceptions (20 events):
Event: 3.682 Thread 0x0000025f0ba777d0 Exception <a 'sun/nio/fs/WindowsException'{0x0000000085269d68}> (0x0000000085269d68) 
thrown [s\src\hotspot\share\prims\jni.cpp, line 516]
Event: 3.683 Thread 0x0000025f0ba777d0 Exception <a 'sun/nio/fs/WindowsException'{0x000000008526a110}> (0x000000008526a110) 
thrown [s\src\hotspot\share\prims\jni.cpp, line 516]
Event: 3.683 Thread 0x0000025f0ba777d0 Exception <a 'sun/nio/fs/WindowsException'{0x000000008526ab10}> (0x000000008526ab10) 
thrown [s\src\hotspot\share\prims\jni.cpp, line 516]
Event: 3.683 Thread 0x0000025f0ba777d0 Exception <a 'sun/nio/fs/WindowsException'{0x000000008526aed0}> (0x000000008526aed0) 
thrown [s\src\hotspot\share\prims\jni.cpp, line 516]
Event: 3.683 Thread 0x0000025f0ba777d0 Exception <a 'sun/nio/fs/WindowsException'{0x000000008526b8d0}> (0x000000008526b8d0) 
thrown [s\src\hotspot\share\prims\jni.cpp, line 516]
Event: 3.683 Thread 0x0000025f0ba777d0 Exception <a 'sun/nio/fs/WindowsException'{0x000000008526bc80}> (0x000000008526bc80) 
thrown [s\src\hotspot\share\prims\jni.cpp, line 516]
Event: 3.683 Thread 0x0000025f0ba777d0 Exception <a 'sun/nio/fs/WindowsException'{0x000000008526c680}> (0x000000008526c680) 
thrown [s\src\hotspot\share\prims\jni.cpp, line 516]
Event: 3.683 Thread 0x0000025f0ba777d0 Exception <a 'sun/nio/fs/WindowsException'{0x000000008526ca40}> (0x000000008526ca40) 
thrown [s\src\hotspot\share\prims\jni.cpp, line 516]
Event: 3.683 Thread 0x0000025f0ba777d0 Exception <a 'sun/nio/fs/WindowsException'{0x000000008526d468}> (0x000000008526d468) 
thrown [s\src\hotspot\share\prims\jni.cpp, line 516]
Event: 3.683 Thread 0x0000025f0ba777d0 Exception <a 'sun/nio/fs/WindowsException'{0x000000008526d848}> (0x000000008526d848) 
thrown [s\src\hotspot\share\prims\jni.cpp, line 516]
Event: 3.683 Thread 0x0000025f0ba777d0 Exception <a 'sun/nio/fs/WindowsException'{0x00000000851aa248}> (0x00000000851aa248) 
thrown [s\src\hotspot\share\prims\jni.cpp, line 516]
Event: 3.683 Thread 0x0000025f0ba777d0 Exception <a 'sun/nio/fs/WindowsException'{0x00000000851aa638}> (0x00000000851aa638) 
thrown [s\src\hotspot\share\prims\jni.cpp, line 516]
Event: 3.684 Thread 0x0000025f0ba777d0 Exception <a 'sun/nio/fs/WindowsException'{0x00000000851ab060}> (0x00000000851ab060) 
thrown [s\src\hotspot\share\prims\jni.cpp, line 516]
Event: 3.684 Thread 0x0000025f0ba777d0 Exception <a 'sun/nio/fs/WindowsException'{0x00000000851ab450}> (0x00000000851ab450) 
thrown [s\src\hotspot\share\prims\jni.cpp, line 516]
Event: 3.793 Thread 0x0000025f7b693010 Exception <a 'java/lang/NoSuchMethodError'{0x0000000089c8c040}: 'java.lang.Object java.lang.invoke.DirectMethodHandle$Holder.newInvokeSpecial(java.lang.Object, java.lang.Object, int, java.lang.Object, java.lang.Object)'> (0x0000000089c8c040) 
thrown [s\src\hotspot\share\interpreter\linkResolver.cpp, line 759]
Event: 3.801 Thread 0x0000025f7b693010 Exception <a 'java/lang/NoSuchMethodError'{0x0000000089c9e010}: 'java.lang.Object java.lang.invoke.DirectMethodHandle$Holder.invokeSpecial(java.lang.Object, java.lang.Object, int, java.lang.Object, int, java.lang.Object)'> (0x0000000089c9e010) 
thrown [s\src\hotspot\share\interpreter\linkResolver.cpp, line 759]
Event: 3.801 Thread 0x0000025f7b693010 Exception <a 'java/lang/NoSuchMethodError'{0x0000000089ca5e10}: 'java.lang.Object java.lang.invoke.DirectMethodHandle$Holder.newInvokeSpecial(java.lang.Object, java.lang.Object, int, java.lang.Object, int)'> (0x0000000089ca5e10) 
thrown [s\src\hotspot\share\interpreter\linkResolver.cpp, line 759]
Event: 3.802 Thread 0x0000025f7b693010 Exception <a 'java/lang/NoSuchMethodError'{0x0000000089ca9f10}: 'java.lang.Object java.lang.invoke.DirectMethodHandle$Holder.invokeSpecial(java.lang.Object, java.lang.Object, java.lang.Object, int, java.lang.Object, int)'> (0x0000000089ca9f10) 
thrown [s\src\hotspot\share\interpreter\linkResolver.cpp, line 759]
Event: 4.289 Thread 0x0000025f0ba901c0 Exception <a 'java/lang/NoSuchMethodError'{0x0000000087f164c8}: 'java.lang.Object java.lang.invoke.DirectMethodHandle$Holder.invokeStatic(java.lang.Object, java.lang.Object, java.lang.Object, int, java.lang.Object, java.lang.Object)'> (0x0000000087f164c8) 
thrown [s\src\hotspot\share\interpreter\linkResolver.cpp, line 759]
Event: 4.292 Thread 0x0000025f0ba8e010 Exception <a 'java/lang/NoSuchMethodError'{0x0000000087f3bfb8}: 'java.lang.Object java.lang.invoke.DirectMethodHandle$Holder.invokeStatic(java.lang.Object, int, java.lang.Object)'> (0x0000000087f3bfb8) 
thrown [s\src\hotspot\share\interpreter\linkResolver.cpp, line 759]

VM Operations (20 events):
Event: 4.738 Executing VM operation: G1CollectForAllocation done
Event: 4.738 Executing VM operation: G1CollectForAllocation
Event: 4.746 Executing VM operation: G1CollectForAllocation done
Event: 4.751 Executing VM operation: G1Concurrent
Event: 4.755 Executing VM operation: G1Concurrent done
Event: 4.756 Executing VM operation: HandshakeAllThreads
Event: 4.757 Executing VM operation: HandshakeAllThreads done
Event: 4.759 Executing VM operation: HandshakeAllThreads
Event: 4.759 Executing VM operation: HandshakeAllThreads done
Event: 4.801 Executing VM operation: G1CollectForAllocation
Event: 4.805 Executing VM operation: G1CollectForAllocation done
Event: 4.805 Executing VM operation: G1CollectForAllocation
Event: 4.814 Executing VM operation: G1CollectForAllocation done
Event: 4.816 Executing VM operation: G1CollectForAllocation
Event: 4.816 Executing VM operation: G1CollectForAllocation done
Event: 4.816 Executing VM operation: G1CollectForAllocation
Event: 4.824 Executing VM operation: G1CollectForAllocation done
Event: 4.867 Executing VM operation: G1CollectForAllocation
Event: 4.868 Executing VM operation: G1CollectForAllocation done
Event: 4.868 Executing VM operation: G1CollectForAllocation

Events (20 events):
Event: 4.342 loading class java/util/concurrent/atomic/AtomicLongFieldUpdater$CASUpdater$1 done
Event: 4.345 Thread 0x0000025f0d7415e0 Thread added: 0x0000025f0d7415e0
Event: 4.352 Thread 0x0000025f0d73e5c0 Thread added: 0x0000025f0d73e5c0
Event: 4.356 Thread 0x0000025f0d741f80 Thread added: 0x0000025f0d741f80
Event: 4.364 loading class java/util/concurrent/ConcurrentHashMap$ValueSpliterator
Event: 4.364 loading class java/util/concurrent/ConcurrentHashMap$ValueSpliterator done
Event: 4.375 loading class java/util/concurrent/CompletableFuture$UniApply
Event: 4.375 loading class java/util/concurrent/CompletableFuture$UniApply done
Event: 4.377 Thread 0x0000025f0d73ef60 Thread added: 0x0000025f0d73ef60
Event: 4.377 loading class java/util/concurrent/CompletableFuture$UniExceptionally
Event: 4.377 loading class java/util/concurrent/CompletableFuture$UniExceptionally done
Event: 4.378 loading class java/util/concurrent/CompletableFuture$Signaller
Event: 4.378 loading class java/util/concurrent/CompletableFuture$Signaller done
Event: 4.399 loading class java/util/concurrent/CompletableFuture$UniCompose
Event: 4.399 loading class java/util/concurrent/CompletableFuture$UniCompose done
Event: 4.399 Thread 0x0000025f0d73ea90 Thread added: 0x0000025f0d73ea90
Event: 4.400 Thread 0x0000025f0d73d280 Thread added: 0x0000025f0d73d280
Event: 4.400 loading class java/util/concurrent/CompletableFuture$UniRelay
Event: 4.400 loading class java/util/concurrent/CompletableFuture$UniRelay done
Event: 4.457 Thread 0x0000025f0d73f430 Thread added: 0x0000025f0d73f430


Dynamic libraries:
0x00007ff71c4d0000 - 0x00007ff71c4de000 	c:\Users\datea\.vscode\extensions\redhat.java-1.11.0-win32-x64\jre\17.0.4.1-win32-x86_64\bin\java.exe
0x00007ffe46e50000 - 0x00007ffe47069000 	C:\WINDOWS\SYSTEM32\ntdll.dll
0x00007ffe45bb0000 - 0x00007ffe45c72000 	C:\WINDOWS\System32\KERNEL32.DLL
0x00007ffe44480000 - 0x00007ffe4481c000 	C:\WINDOWS\System32\KERNELBASE.dll
0x00007ffe410c0000 - 0x00007ffe41156000 	C:\WINDOWS\SYSTEM32\apphelp.dll
0x00007ffe448a0000 - 0x00007ffe449bb000 	C:\WINDOWS\System32\ucrtbase.dll
0x00007ffe3c130000 - 0x00007ffe3c149000 	c:\Users\datea\.vscode\extensions\redhat.java-1.11.0-win32-x64\jre\17.0.4.1-win32-x86_64\bin\VCRUNTIME140.dll
0x00007ffe3c110000 - 0x00007ffe3c128000 	c:\Users\datea\.vscode\extensions\redhat.java-1.11.0-win32-x64\jre\17.0.4.1-win32-x86_64\bin\jli.dll
0x00007ffe45c90000 - 0x00007ffe45e3c000 	C:\WINDOWS\System32\USER32.dll
0x00007ffe44b80000 - 0x00007ffe44ba6000 	C:\WINDOWS\System32\win32u.dll
0x00007ffe21b70000 - 0x00007ffe21e01000 	C:\WINDOWS\WinSxS\amd64_microsoft.windows.common-controls_6595b64144ccf1df_6.0.25227.1000_none_7b35d90bf2068bf3\COMCTL32.dll
0x00007ffe45e90000 - 0x00007ffe45f37000 	C:\WINDOWS\System32\msvcrt.dll
0x00007ffe44ea0000 - 0x00007ffe44ec9000 	C:\WINDOWS\System32\GDI32.dll
0x00007ffe44a60000 - 0x00007ffe44b76000 	C:\WINDOWS\System32\gdi32full.dll
0x00007ffe449c0000 - 0x00007ffe44a5a000 	C:\WINDOWS\System32\msvcp_win.dll
0x00007ffe45260000 - 0x00007ffe45291000 	C:\WINDOWS\System32\IMM32.DLL
0x00007ffe3d9a0000 - 0x00007ffe3d9ac000 	c:\Users\datea\.vscode\extensions\redhat.java-1.11.0-win32-x64\jre\17.0.4.1-win32-x86_64\bin\vcruntime140_1.dll
0x00007ffe34c70000 - 0x00007ffe34d01000 	c:\Users\datea\.vscode\extensions\redhat.java-1.11.0-win32-x64\jre\17.0.4.1-win32-x86_64\bin\msvcp140.dll
0x00007ffdfbac0000 - 0x00007ffdfc706000 	c:\Users\datea\.vscode\extensions\redhat.java-1.11.0-win32-x64\jre\17.0.4.1-win32-x86_64\bin\server\jvm.dll
0x00007ffe44d10000 - 0x00007ffe44dbe000 	C:\WINDOWS\System32\ADVAPI32.dll
0x00007ffe45f40000 - 0x00007ffe45fe6000 	C:\WINDOWS\System32\sechost.dll
0x00007ffe452a0000 - 0x00007ffe453c7000 	C:\WINDOWS\System32\RPCRT4.dll
0x00007ffe461f0000 - 0x00007ffe461f8000 	C:\WINDOWS\System32\PSAPI.DLL
0x00007ffe3d390000 - 0x00007ffe3d3c5000 	C:\WINDOWS\SYSTEM32\WINMM.dll
0x00007ffe2df70000 - 0x00007ffe2df79000 	C:\WINDOWS\SYSTEM32\WSOCK32.dll
0x00007ffe3ccf0000 - 0x00007ffe3ccfa000 	C:\WINDOWS\SYSTEM32\VERSION.dll
0x00007ffe46110000 - 0x00007ffe4617f000 	C:\WINDOWS\System32\WS2_32.dll
0x00007ffe431c0000 - 0x00007ffe431d8000 	C:\WINDOWS\SYSTEM32\kernel.appcore.dll
0x00007ffe3d450000 - 0x00007ffe3d45a000 	c:\Users\datea\.vscode\extensions\redhat.java-1.11.0-win32-x64\jre\17.0.4.1-win32-x86_64\bin\jimage.dll
0x00007ffe41c70000 - 0x00007ffe41ea3000 	C:\WINDOWS\SYSTEM32\DBGHELP.DLL
0x00007ffe44ed0000 - 0x00007ffe45252000 	C:\WINDOWS\System32\combase.dll
0x00007ffe44dc0000 - 0x00007ffe44e98000 	C:\WINDOWS\System32\OLEAUT32.dll
0x00007ffe2e5e0000 - 0x00007ffe2e612000 	C:\WINDOWS\SYSTEM32\dbgcore.DLL
0x00007ffe44820000 - 0x00007ffe44899000 	C:\WINDOWS\System32\bcryptPrimitives.dll
0x00007ffe3b9c0000 - 0x00007ffe3b9e5000 	c:\Users\datea\.vscode\extensions\redhat.java-1.11.0-win32-x64\jre\17.0.4.1-win32-x86_64\bin\java.dll
0x00007ffe3b8e0000 - 0x00007ffe3b8f8000 	c:\Users\datea\.vscode\extensions\redhat.java-1.11.0-win32-x64\jre\17.0.4.1-win32-x86_64\bin\zip.dll
0x00007ffe453d0000 - 0x00007ffe45ba0000 	C:\WINDOWS\System32\SHELL32.dll
0x00007ffe42140000 - 0x00007ffe429da000 	C:\WINDOWS\SYSTEM32\windows.storage.dll
0x00007ffe41fa0000 - 0x00007ffe42133000 	C:\WINDOWS\SYSTEM32\wintypes.dll
0x00007ffe463a0000 - 0x00007ffe4648b000 	C:\WINDOWS\System32\SHCORE.dll
0x00007ffe46200000 - 0x00007ffe4625d000 	C:\WINDOWS\System32\shlwapi.dll
0x00007ffe44160000 - 0x00007ffe44181000 	C:\WINDOWS\SYSTEM32\profapi.dll
0x00007ffe389c0000 - 0x00007ffe389d9000 	C:\Users\datea\.vscode\extensions\redhat.java-1.11.0-win32-x64\jre\17.0.4.1-win32-x86_64\bin\net.dll
0x00007ffe3cf20000 - 0x00007ffe3d04b000 	C:\WINDOWS\SYSTEM32\WINHTTP.dll
0x00007ffe43690000 - 0x00007ffe436f9000 	C:\WINDOWS\system32\mswsock.dll
0x00007ffe3b8c0000 - 0x00007ffe3b8d5000 	C:\Users\datea\.vscode\extensions\redhat.java-1.11.0-win32-x64\jre\17.0.4.1-win32-x86_64\bin\nio.dll
0x00007ffe3a6f0000 - 0x00007ffe3a700000 	c:\Users\datea\.vscode\extensions\redhat.java-1.11.0-win32-x64\jre\17.0.4.1-win32-x86_64\bin\verify.dll
0x00007ffe3b9b0000 - 0x00007ffe3b9b9000 	C:\Users\datea\.vscode\extensions\redhat.java-1.11.0-win32-x64\jre\17.0.4.1-win32-x86_64\bin\management.dll
0x00007ffe3b890000 - 0x00007ffe3b89b000 	C:\Users\datea\.vscode\extensions\redhat.java-1.11.0-win32-x64\jre\17.0.4.1-win32-x86_64\bin\management_ext.dll
0x00007ffe3f450000 - 0x00007ffe3f467000 	C:\WINDOWS\system32\napinsp.dll
0x00007ffe3f430000 - 0x00007ffe3f44a000 	C:\WINDOWS\system32\pnrpnsp.dll
0x00007ffe008f0000 - 0x00007ffe00911000 	C:\WINDOWS\system32\nlansp_c.dll
0x00007ffe42d20000 - 0x00007ffe42e1f000 	C:\WINDOWS\SYSTEM32\DNSAPI.dll
0x00007ffe42c90000 - 0x00007ffe42cbe000 	C:\WINDOWS\SYSTEM32\IPHLPAPI.DLL
0x00007ffe466d0000 - 0x00007ffe466d9000 	C:\WINDOWS\System32\NSI.dll
0x00007ffe3f3e0000 - 0x00007ffe3f3f1000 	C:\WINDOWS\System32\winrnr.dll
0x00007ffe0dcd0000 - 0x00007ffe0dce5000 	C:\WINDOWS\system32\wshbth.dll
0x00007ffe34840000 - 0x00007ffe3484a000 	C:\Windows\System32\rasadhlp.dll
0x00007ffe3c310000 - 0x00007ffe3c394000 	C:\WINDOWS\System32\fwpuclnt.dll
0x00007ffe43910000 - 0x00007ffe4392b000 	C:\WINDOWS\SYSTEM32\CRYPTSP.dll
0x00007ffe43120000 - 0x00007ffe43154000 	C:\WINDOWS\system32\rsaenh.dll
0x00007ffe43790000 - 0x00007ffe437b8000 	C:\WINDOWS\SYSTEM32\USERENV.dll
0x00007ffe43ad0000 - 0x00007ffe43af8000 	C:\WINDOWS\SYSTEM32\bcrypt.dll
0x00007ffe43930000 - 0x00007ffe4393c000 	C:\WINDOWS\SYSTEM32\CRYPTBASE.dll
0x00007ffe3d280000 - 0x00007ffe3d299000 	C:\WINDOWS\SYSTEM32\dhcpcsvc6.DLL
0x00007ffe3ccc0000 - 0x00007ffe3ccdf000 	C:\WINDOWS\SYSTEM32\dhcpcsvc.DLL

dbghelp: loaded successfully - version: 4.0.5 - missing functions: none
symbol engine: initialized successfully - sym options: 0x614 - pdb path: .;c:\Users\datea\.vscode\extensions\redhat.java-1.11.0-win32-x64\jre\17.0.4.1-win32-x86_64\bin;C:\WINDOWS\SYSTEM32;C:\WINDOWS\WinSxS\amd64_microsoft.windows.common-controls_6595b64144ccf1df_6.0.25227.1000_none_7b35d90bf2068bf3;c:\Users\datea\.vscode\extensions\redhat.java-1.11.0-win32-x64\jre\17.0.4.1-win32-x86_64\bin\server

VM Arguments:
jvm_args: -Dsts.lsp.client=vscode -Dsts.log.file=/dev/null -XX:TieredStopAtLevel=1 -Xlog:jni+resolve=off -Dspring.config.location=file:c:\Users\datea\.vscode\extensions\pivotal.vscode-spring-boot-1.39.0\language-server\BOOT-INF\classes\application.properties 
java_command: org.springframework.ide.vscode.boot.app.BootLanguageServerBootApp
java_class_path (initial): c:\Users\datea\.vscode\extensions\pivotal.vscode-spring-boot-1.39.0\language-server\BOOT-INF\classes;c:\Users\datea\.vscode\extensions\pivotal.vscode-spring-boot-1.39.0\language-server\BOOT-INF\lib\annotations-23.0.0.jar;c:\Users\datea\.vscode\extensions\pivotal.vscode-spring-boot-1.39.0\language-server\BOOT-INF\lib\antlr-runtime-3.5.2.jar;c:\Users\datea\.vscode\extensions\pivotal.vscode-spring-boot-1.39.0\language-server\BOOT-INF\lib\antlr4-4.9.3.jar;c:\Users\datea\.vscode\extensions\pivotal.vscode-spring-boot-1.39.0\language-server\BOOT-INF\lib\antlr4-runtime-4.9.3.jar;c:\Users\datea\.vscode\extensions\pivotal.vscode-spring-boot-1.39.0\language-server\BOOT-INF\lib\asm-9.3.jar;c:\Users\datea\.vscode\extensions\pivotal.vscode-spring-boot-1.39.0\language-server\BOOT-INF\lib\asm-analysis-9.3.jar;c:\Users\datea\.vscode\extensions\pivotal.vscode-spring-boot-1.39.0\language-server\BOOT-INF\lib\asm-tree-9.3.jar;c:\Users\datea\.vscode\extensions\pivotal.vscode-spring-boot-1.39.0\language-server\BOOT-INF\lib\asm-util-9.3.jar;c:\Users\datea\.vscode\extensions\pivotal.vscode-spring-boot-1.39.0\language-server\BOOT-INF\lib\byte-buddy-1.12.13.jar;c:\Users\datea\.vscode\extensions\pivotal.vscode-spring-boot-1.39.0\language-server\BOOT-INF\lib\caffeine-2.9.3.jar;c:\Users\datea\.vscode\extensions\pivotal.vscode-spring-boot-1.39.0\language-server\BOOT-INF\lib\checker-qual-3.12.0.jar;c:\Users\datea\.vscode\extensions\pivotal.vscode-spring-boot-1.39.0\language-server\BOOT-INF\lib\classgraph-4.8.149.jar;c:\Users\datea\.vscode\extensions\pivotal.vscode-spring-boot-1.39.0\language-server\BOOT-INF\lib\commons-codec-1.15.jar;c:\Users\datea\.vscode\extensions\pivotal.vscode-spring-boot-1.39.0\language-server\BOOT-INF\lib\commons-compress-1.21.jar;c:\Users\datea\.vscode\extensions\pivotal.vscode-spring-boot-1.39.0\language-server\BOOT-INF\lib\commons-exec-1.3.jar;c:\Users\datea\.vscode\extensions\pivotal.vscode-spring-boot-1.39.0\language-server\BOOT-INF\lib\com
Launcher Type: SUN_STANDARD

[Global flags]
     intx CICompilerCount                          = 4                                         {product} {ergonomic}
     uint ConcGCThreads                            = 2                                         {product} {ergonomic}
     uint G1ConcRefinementThreads                  = 8                                         {product} {ergonomic}
   size_t G1HeapRegionSize                         = 1048576                                   {product} {ergonomic}
    uintx GCDrainStackTargetSize                   = 64                                        {product} {ergonomic}
   size_t InitialHeapSize                          = 132120576                                 {product} {ergonomic}
   size_t MarkStackSize                            = 4194304                                   {product} {ergonomic}
   size_t MaxHeapSize                              = 2095054848                                {product} {ergonomic}
   size_t MaxNewSize                               = 1256194048                                {product} {ergonomic}
   size_t MinHeapDeltaBytes                        = 1048576                                   {product} {ergonomic}
   size_t MinHeapSize                              = 8388608                                   {product} {ergonomic}
    uintx NonProfiledCodeHeapSize                  = 0                                      {pd product} {ergonomic}
     bool ProfileInterpreter                       = false                                  {pd product} {command line}
    uintx ProfiledCodeHeapSize                     = 0                                      {pd product} {ergonomic}
   size_t SoftMaxHeapSize                          = 2095054848                             {manageable} {ergonomic}
     intx TieredStopAtLevel                        = 1                                         {product} {command line}
     bool UseCompressedClassPointers               = true                           {product lp64_product} {ergonomic}
     bool UseCompressedOops                        = true                           {product lp64_product} {ergonomic}
     bool UseG1GC                                  = true                                      {product} {ergonomic}
     bool UseLargePagesIndividualAllocation        = false                                  {pd product} {ergonomic}

Logging:
Log output configuration:
 #0: stdout all=warning,jni+resolve=off uptime,level,tags
 #1: stderr all=off uptime,level,tags

Environment Variables:
PATH=C:\Program Files\Java\jdk-15.0.2\bin;C:\Program Files\Common Files\Oracle\Java\javapath;C:\WINDOWS\system32;C:\WINDOWS;C:\WINDOWS\System32\Wbem;C:\WINDOWS\System32\WindowsPowerShell\v1.0\;C:\WINDOWS\System32\OpenSSH\;C:\Program Files\Azure Data Studio\bin;C:\Program Files\Microsoft SQL Server\Client SDK\ODBC\170\Tools\Binn\;C:\Program Files (x86)\Microsoft SQL Server\150\Tools\Binn\;C:\Program Files\Microsoft SQL Server\150\Tools\Binn\;C:\Program Files\Microsoft SQL Server\150\DTS\Binn\;C:\Program Files (x86)\Microsoft SQL Server\150\DTS\Binn\;C:\Program Files (x86)\GitExtensions\;F:\xampp\php;C:\ProgramData\ComposerSetup\bin;C:\xampp\php;C:\Program Files\Git\cmd;C:\Users\datea\AppData\Local\Microsoft\WindowsApps;C:\Users\datea\AppData\Local\Programs\Microsoft VS Code\bin;;C:\Program Files\Azure Data Studio\bin;C:\Users\datea\AppData\Roaming\Composer\vendor\bin
USERNAME=datea
OS=Windows_NT
PROCESSOR_IDENTIFIER=Intel64 Family 6 Model 126 Stepping 5, GenuineIntel
TMP=C:\Users\datea\AppData\Local\Temp
TEMP=C:\Users\datea\AppData\Local\Temp



---------------  S Y S T E M  ---------------

OS:
 Windows 11 , 64 bit Build 25227 (10.0.25227.1000)
OS uptime: 1 days 2:03 hours
Hyper-V role detected

CPU: total 8 (initial active 8) (4 cores per cpu, 2 threads per core) family 6 model 126 stepping 5 microcode 0xa6, cx8, cmov, fxsr, ht, mmx, 3dnowpref, sse, sse2, sse3, ssse3, sse4.1, sse4.2, popcnt, lzcnt, tsc, tscinvbit, avx, avx2, aes, erms, clmul, bmi1, bmi2, adx, avx512f, avx512dq, avx512cd, avx512bw, avx512vl, sha, fma, vzeroupper, avx512_vpopcntdq, avx512_vpclmulqdq, avx512_vaes, avx512_vnni, clflush, clflushopt, avx512_vbmi2, avx512_vbmi, hv

Memory: 4k page, system-wide physical 7987M (490M free)
TotalPageFile size 12083M (AvailPageFile size 245M)
current process WorkingSet (physical memory assigned to process): 320M, peak: 325M
current process commit charge ("private bytes"): 364M, peak: 774M

vm_info: OpenJDK 64-Bit Server VM (17.0.4.1+1) for windows-amd64 JRE (17.0.4.1+1), built on Aug 17 2022 07:42:43 by "temurin" with MS VC++ 16.7 (VS2019)

END.
