#
# There is insufficient memory for the Java Runtime Environment to continue.
# Native memory allocation (mmap) failed to map 371195904 bytes for G1 virtual space
# Possible reasons:
#   The system is out of physical RAM or swap space
#   The process is running with CompressedOops enabled, and the Java Heap may be blocking the growth of the native heap
# Possible solutions:
#   Reduce memory load on the system
#   Increase physical memory or swap space
#   Check if swap backing store is full
#   Decrease Java heap size (-Xmx/-Xms)
#   Decrease number of Java threads
#   Decrease Java thread stack sizes (-Xss)
#   Set larger code cache with -XX:ReservedCodeCacheSize=
#   JVM is running with Unscaled Compressed Oops mode in which the Java heap is
#     placed in the first 4GB address space. The Java Heap base address is the
#     maximum limit for the native heap growth. Please use -XX:HeapBaseMinAddress
#     to set the Java Heap base and to place the Java Heap above 4GB virtual address.
# This output file may be truncated or incomplete.
#
#  Out of Memory Error (os_windows.cpp:3548), pid=32644, tid=56884
#
# JRE version: OpenJDK Runtime Environment Temurin-17.0.5+8 (17.0.5+8) (build 17.0.5+8)
# Java VM: OpenJDK 64-Bit Server VM Temurin-17.0.5+8 (17.0.5+8, mixed mode, emulated-client, sharing, tiered, compressed oops, compressed class ptrs, g1 gc, windows-amd64)
# No core dump will be written. Minidumps are not enabled by default on client versions of Windows
#

---------------  S U M M A R Y ------------

Command Line: -Dsts.lsp.client=vscode -Dsts.log.file=/dev/null -XX:TieredStopAtLevel=1 -Xlog:jni+resolve=off -Dspring.config.location=file:c:\Users\datea\.vscode\extensions\pivotal.vscode-spring-boot-1.40.0\language-server\BOOT-INF\classes\application.properties org.springframework.ide.vscode.boot.app.BootLanguageServerBootApp

Host: Intel(R) Core(TM) i5-1035G1 CPU @ 1.00GHz, 8 cores, 7G,  Windows 11 , 64 bit Build 25236 (10.0.25236.1000)
Time: Sat Nov  5 19:47:54 2022 SE Asia Standard Time elapsed time: 8.139395 seconds (0d 0h 0m 8s)

---------------  T H R E A D  ---------------

Current thread (0x0000024adb55ce50):  VMThread "VM Thread" [stack: 0x000000a94fb00000,0x000000a94fc00000] [id=56884]

Stack: [0x000000a94fb00000,0x000000a94fc00000]
Native frames: (J=compiled Java code, j=interpreted, Vv=VM code, C=native code)
V  [jvm.dll+0x676b3a]
V  [jvm.dll+0x831444]
V  [jvm.dll+0x832bee]
V  [jvm.dll+0x833253]
V  [jvm.dll+0x244ce5]
V  [jvm.dll+0x673a49]
V  [jvm.dll+0x66811a]
V  [jvm.dll+0x303ceb]
V  [jvm.dll+0x30b1e6]
V  [jvm.dll+0x35adbe]
V  [jvm.dll+0x35afef]
V  [jvm.dll+0x2dab88]
V  [jvm.dll+0x2d8e3c]
V  [jvm.dll+0x2d840c]
V  [jvm.dll+0x31c31b]
V  [jvm.dll+0x8376fb]
V  [jvm.dll+0x838434]
V  [jvm.dll+0x83894c]
V  [jvm.dll+0x838d24]
V  [jvm.dll+0x838df0]
V  [jvm.dll+0x7e17ea]
V  [jvm.dll+0x6759e5]
C  [ucrtbase.dll+0x247cb]
C  [KERNEL32.DLL+0x1335d]
C  [ntdll.dll+0x67f38]

VM_Operation (0x000000a9529fe440): G1CollectForAllocation, mode: safepoint, requested by thread 0x0000024ade1577d0


---------------  P R O C E S S  ---------------

Threads class SMR info:
_java_thread_list=0x0000024adcbb54d0, length=42, elements={
0x0000024adb561080, 0x0000024adb564c50, 0x0000024adb57d570, 0x0000024adb57f040,
0x0000024adb581910, 0x0000024adb5821d0, 0x0000024adb584aa0, 0x0000024adb585b40,
0x0000024adb54ec70, 0x0000024adc158260, 0x0000024adc158770, 0x0000024adc19fd30,
0x0000024adc1a2a80, 0x0000024addce7500, 0x0000024addea0ac0, 0x0000024addf44e00,
0x0000024ac74c2590, 0x0000024addf5bd80, 0x0000024addf57d10, 0x0000024adcab1500,
0x0000024addff7850, 0x0000024ade036040, 0x0000024ade050e20, 0x0000024ade06fd10,
0x0000024ade071050, 0x0000024ade06eea0, 0x0000024ade070b80, 0x0000024ade06f370,
0x0000024ade0706b0, 0x0000024ade06f840, 0x0000024ade0701e0, 0x0000024ade071520,
0x0000024ade072390, 0x0000024ade0719f0, 0x0000024ade071ec0, 0x0000024ade072860,
0x0000024ade15c4d0, 0x0000024ade1577d0, 0x0000024ade15c9a0, 0x0000024ade158fe0,
0x0000024ade156490, 0x0000024ade15bb30
}

Java Threads: ( => current thread )
  0x0000024adb561080 JavaThread "Reference Handler" daemon [_thread_blocked, id=47872, stack(0x000000a94fc00000,0x000000a94fd00000)]
  0x0000024adb564c50 JavaThread "Finalizer" daemon [_thread_blocked, id=46872, stack(0x000000a94fd00000,0x000000a94fe00000)]
  0x0000024adb57d570 JavaThread "Signal Dispatcher" daemon [_thread_blocked, id=48652, stack(0x000000a94fe00000,0x000000a94ff00000)]
  0x0000024adb57f040 JavaThread "Attach Listener" daemon [_thread_blocked, id=51532, stack(0x000000a94ff00000,0x000000a950000000)]
  0x0000024adb581910 JavaThread "Service Thread" daemon [_thread_blocked, id=54216, stack(0x000000a950000000,0x000000a950100000)]
  0x0000024adb5821d0 JavaThread "Monitor Deflation Thread" daemon [_thread_blocked, id=53916, stack(0x000000a950100000,0x000000a950200000)]
  0x0000024adb584aa0 JavaThread "C1 CompilerThread0" daemon [_thread_blocked, id=42116, stack(0x000000a950200000,0x000000a950300000)]
  0x0000024adb585b40 JavaThread "Sweeper thread" daemon [_thread_blocked, id=52780, stack(0x000000a950300000,0x000000a950400000)]
  0x0000024adb54ec70 JavaThread "C1 CompilerThread1" daemon [_thread_blocked, id=56404, stack(0x000000a950400000,0x000000a950500000)]
  0x0000024adc158260 JavaThread "C1 CompilerThread2" daemon [_thread_blocked, id=34448, stack(0x000000a950500000,0x000000a950600000)]
  0x0000024adc158770 JavaThread "C1 CompilerThread3" daemon [_thread_blocked, id=43696, stack(0x000000a950600000,0x000000a950700000)]
  0x0000024adc19fd30 JavaThread "Notification Thread" daemon [_thread_blocked, id=40848, stack(0x000000a950700000,0x000000a950800000)]
  0x0000024adc1a2a80 JavaThread "Common-Cleaner" daemon [_thread_blocked, id=44880, stack(0x000000a950900000,0x000000a950a00000)]
  0x0000024addce7500 JavaThread "boundedElastic-evictor-1" daemon [_thread_blocked, id=49648, stack(0x000000a950f00000,0x000000a951000000)]
  0x0000024addea0ac0 JavaThread "pool-9-thread-1" [_thread_blocked, id=54724, stack(0x000000a951300000,0x000000a951400000)]
  0x0000024addf44e00 JavaThread "LanguageServerApp-lifecycle" [_thread_blocked, id=56688, stack(0x000000a951400000,0x000000a951500000)]
  0x0000024ac74c2590 JavaThread "DestroyJavaVM" [_thread_blocked, id=53788, stack(0x000000a94f500000,0x000000a94f600000)]
  0x0000024addf5bd80 JavaThread "pool-10-thread-1" [_thread_in_native, id=52952, stack(0x000000a951500000,0x000000a951600000)]
  0x0000024addf57d10 JavaThread "Simple-Language-Server main thread" daemon [_thread_blocked, id=43248, stack(0x000000a951600000,0x000000a951700000)]
  0x0000024adcab1500 JavaThread "ForkJoinPool.commonPool-worker-1" daemon [_thread_blocked, id=57104, stack(0x000000a951700000,0x000000a951800000)]
  0x0000024addff7850 JavaThread "pool-7-thread-1" [_thread_blocked, id=55612, stack(0x000000a951800000,0x000000a951900000)]
  0x0000024ade036040 JavaThread "parallel-1" daemon [_thread_blocked, id=43804, stack(0x000000a951900000,0x000000a951a00000)]
  0x0000024ade050e20 JavaThread "parallel-2" daemon [_thread_blocked, id=53684, stack(0x000000a951a00000,0x000000a951b00000)]
  0x0000024ade06fd10 JavaThread "Reconciler-1" daemon [_thread_blocked, id=54004, stack(0x000000a951b00000,0x000000a951c00000)]
  0x0000024ade071050 JavaThread "ClassGraph-worker-0" daemon [_thread_blocked, id=47952, stack(0x000000a951c00000,0x000000a951d00000)]
  0x0000024ade06eea0 JavaThread "ClassGraph-worker-1" daemon [_thread_blocked, id=6756, stack(0x000000a951d00000,0x000000a951e00000)]
  0x0000024ade070b80 JavaThread "ClassGraph-worker-2" daemon [_thread_blocked, id=48604, stack(0x000000a951e00000,0x000000a951f00000)]
  0x0000024ade06f370 JavaThread "ClassGraph-worker-3" daemon [_thread_blocked, id=56540, stack(0x000000a951f00000,0x000000a952000000)]
  0x0000024ade0706b0 JavaThread "ClassGraph-worker-4" daemon [_thread_blocked, id=53168, stack(0x000000a952000000,0x000000a952100000)]
  0x0000024ade06f840 JavaThread "ClassGraph-worker-5" daemon [_thread_blocked, id=55788, stack(0x000000a952100000,0x000000a952200000)]
  0x0000024ade0701e0 JavaThread "ClassGraph-worker-6" daemon [_thread_blocked, id=56844, stack(0x000000a952200000,0x000000a952300000)]
  0x0000024ade071520 JavaThread "ClassGraph-worker-7" daemon [_thread_blocked, id=56528, stack(0x000000a952300000,0x000000a952400000)]
  0x0000024ade072390 JavaThread "ClassGraph-worker-8" daemon [_thread_blocked, id=42912, stack(0x000000a952400000,0x000000a952500000)]
  0x0000024ade0719f0 JavaThread "ClassGraph-worker-9" daemon [_thread_blocked, id=13064, stack(0x000000a952500000,0x000000a952600000)]
  0x0000024ade071ec0 JavaThread "ClassGraph-worker-10" daemon [_thread_blocked, id=54420, stack(0x000000a952600000,0x000000a952700000)]
  0x0000024ade072860 JavaThread "ClassGraph-worker-11" daemon [_thread_blocked, id=44248, stack(0x000000a952700000,0x000000a952800000)]
  0x0000024ade15c4d0 JavaThread "ClassGraph-worker-12" daemon [_thread_blocked, id=54056, stack(0x000000a952800000,0x000000a952900000)]
  0x0000024ade1577d0 JavaThread "ClassGraph-worker-13" daemon [_thread_blocked, id=42216, stack(0x000000a952900000,0x000000a952a00000)]
  0x0000024ade15c9a0 JavaThread "parallel-3" daemon [_thread_blocked, id=54880, stack(0x000000a952a00000,0x000000a952b00000)]
  0x0000024ade158fe0 JavaThread "pool-5-thread-1" [_thread_blocked, id=56720, stack(0x000000a952b00000,0x000000a952c00000)]
  0x0000024ade156490 JavaThread "parallel-4" daemon [_thread_blocked, id=51368, stack(0x000000a952c00000,0x000000a952d00000)]
  0x0000024ade15bb30 JavaThread "Project-Reconciler-1" daemon [_thread_blocked, id=55844, stack(0x000000a952d00000,0x000000a952e00000)]

Other Threads:
=>0x0000024adb55ce50 VMThread "VM Thread" [stack: 0x000000a94fb00000,0x000000a94fc00000] [id=56884]
  0x0000024adc1a0200 WatcherThread [stack: 0x000000a950800000,0x000000a950900000] [id=55188]
  0x0000024ac751e580 GCTaskThread "GC Thread#0" [stack: 0x000000a94f600000,0x000000a94f700000] [id=47816]
  0x0000024adca81800 GCTaskThread "GC Thread#1" [stack: 0x000000a950a00000,0x000000a950b00000] [id=51624]
  0x0000024adca81ab0 GCTaskThread "GC Thread#2" [stack: 0x000000a950b00000,0x000000a950c00000] [id=52800]
  0x0000024adcaa5650 GCTaskThread "GC Thread#3" [stack: 0x000000a950c00000,0x000000a950d00000] [id=49436]
  0x0000024adcaa5900 GCTaskThread "GC Thread#4" [stack: 0x000000a950d00000,0x000000a950e00000] [id=39616]
  0x0000024adcaa7fd0 GCTaskThread "GC Thread#5" [stack: 0x000000a950e00000,0x000000a950f00000] [id=51620]
  0x0000024add8aade0 GCTaskThread "GC Thread#6" [stack: 0x000000a951000000,0x000000a951100000] [id=29248]
  0x0000024add8ab090 GCTaskThread "GC Thread#7" [stack: 0x000000a951100000,0x000000a951200000] [id=55196]
  0x0000024ac752ee80 ConcurrentGCThread "G1 Main Marker" [stack: 0x000000a94f700000,0x000000a94f800000] [id=48116]
  0x0000024ac7530a00 ConcurrentGCThread "G1 Conc#0" [stack: 0x000000a94f800000,0x000000a94f900000] [id=51756]
  0x0000024adddd2820 ConcurrentGCThread "G1 Conc#1" [stack: 0x000000a951200000,0x000000a951300000] [id=48940]
  0x0000024ac756de10 ConcurrentGCThread "G1 Refine#0" [stack: 0x000000a94f900000,0x000000a94fa00000] [id=41508]
  0x0000024adff48810 ConcurrentGCThread "G1 Refine#1" [stack: 0x000000a952e00000,0x000000a952f00000] [id=48148]
  0x0000024ac756e830 ConcurrentGCThread "G1 Service" [stack: 0x000000a94fa00000,0x000000a94fb00000] [id=56612]

Threads with active compile tasks:

VM state: at safepoint (normal execution)

VM Mutex/Monitor currently owned by a thread:  ([mutex/lock_event])
[0x0000024ac7202940] Threads_lock - owner thread: 0x0000024adb55ce50
[0x0000024ac74bd680] Heap_lock - owner thread: 0x0000024ade1577d0

Heap address: 0x0000000083200000, size: 1998 MB, Compressed Oops mode: 32-bit

CDS archive(s) mapped at: [0x0000000800000000-0x0000000800bc0000-0x0000000800bc0000), size 12320768, SharedBaseAddress: 0x0000000800000000, ArchiveRelocationMode: 0.
Compressed class space mapped at: 0x0000000800c00000-0x0000000840c00000, reserved size: 1073741824
Narrow klass base: 0x0000000800000000, Narrow klass shift: 0, Narrow klass range: 0x100000000

GC Precious Log:
 CPUs: 8 total, 8 available
 Memory: 7987M
 Large Page Support: Disabled
 NUMA Support: Disabled
 Compressed Oops: Enabled (32-bit)
 Heap Region Size: 1M
 Heap Min Capacity: 8M
 Heap Initial Capacity: 126M
 Heap Max Capacity: 1998M
 Pre-touch: Disabled
 Parallel Workers: 8
 Concurrent Workers: 2
 Concurrent Refinement Workers: 8
 Periodic GC: Disabled

Heap:
 garbage-first heap   total 181248K, used 81236K [0x0000000083200000, 0x0000000100000000)
  region size 1024K, 6 young (6144K), 6 survivors (6144K)
 Metaspace       used 31571K, committed 32000K, reserved 1081344K
  class space    used 4123K, committed 4352K, reserved 1048576K

Heap Regions: E=young(eden), S=young(survivor), O=old, HS=humongous(starts), HC=humongous(continues), CS=collection set, F=free, OA=open archive, CA=closed archive, TAMS=top-at-mark-start (previous, next)
|   0|0x0000000083200000, 0x0000000083300000, 0x0000000083300000|100%| O|  |TAMS 0x0000000083300000, 0x0000000083200000| Untracked 
|   1|0x0000000083300000, 0x0000000083400000, 0x0000000083400000|100%| O|  |TAMS 0x0000000083400000, 0x0000000083300000| Untracked 
|   2|0x0000000083400000, 0x0000000083500000, 0x0000000083500000|100%| O|  |TAMS 0x0000000083500000, 0x0000000083400000| Untracked 
|   3|0x0000000083500000, 0x0000000083600000, 0x0000000083600000|100%| O|  |TAMS 0x0000000083600000, 0x0000000083500000| Untracked 
|   4|0x0000000083600000, 0x0000000083700000, 0x0000000083700000|100%| O|  |TAMS 0x0000000083700000, 0x0000000083600000| Untracked 
|   5|0x0000000083700000, 0x0000000083800000, 0x0000000083800000|100%| O|  |TAMS 0x0000000083800000, 0x0000000083700000| Untracked 
|   6|0x0000000083800000, 0x0000000083900000, 0x0000000083900000|100%| O|  |TAMS 0x0000000083900000, 0x0000000083800000| Untracked 
|   7|0x0000000083900000, 0x0000000083a00000, 0x0000000083a00000|100%| O|  |TAMS 0x0000000083a00000, 0x0000000083900000| Untracked 
|   8|0x0000000083a00000, 0x0000000083b00000, 0x0000000083b00000|100%|HS|  |TAMS 0x0000000083a00000, 0x0000000083a00000| Complete 
|   9|0x0000000083b00000, 0x0000000083c00000, 0x0000000083c00000|100%| O|  |TAMS 0x0000000083c00000, 0x0000000083b00000| Untracked 
|  10|0x0000000083c00000, 0x0000000083d00000, 0x0000000083d00000|100%| O|  |TAMS 0x0000000083d00000, 0x0000000083c00000| Untracked 
|  11|0x0000000083d00000, 0x0000000083e00000, 0x0000000083e00000|100%| O|  |TAMS 0x0000000083e00000, 0x0000000083d00000| Untracked 
|  12|0x0000000083e00000, 0x0000000083f00000, 0x0000000083f00000|100%| O|  |TAMS 0x0000000083f00000, 0x0000000083e00000| Untracked 
|  13|0x0000000083f00000, 0x0000000084000000, 0x0000000084000000|100%| O|  |TAMS 0x0000000084000000, 0x0000000083f00000| Untracked 
|  14|0x0000000084000000, 0x0000000084100000, 0x0000000084100000|100%| O|  |TAMS 0x0000000084100000, 0x0000000084000000| Untracked 
|  15|0x0000000084100000, 0x0000000084200000, 0x0000000084200000|100%| O|  |TAMS 0x0000000084200000, 0x0000000084100000| Untracked 
|  16|0x0000000084200000, 0x0000000084300000, 0x0000000084300000|100%| O|  |TAMS 0x0000000084300000, 0x0000000084200000| Untracked 
|  17|0x0000000084300000, 0x0000000084400000, 0x0000000084400000|100%| O|  |TAMS 0x0000000084400000, 0x0000000084300000| Untracked 
|  18|0x0000000084400000, 0x0000000084500000, 0x0000000084500000|100%| O|  |TAMS 0x0000000084500000, 0x0000000084400000| Untracked 
|  19|0x0000000084500000, 0x0000000084600000, 0x0000000084600000|100%| O|  |TAMS 0x0000000084600000, 0x0000000084500000| Untracked 
|  20|0x0000000084600000, 0x0000000084700000, 0x0000000084700000|100%| O|  |TAMS 0x0000000084700000, 0x0000000084600000| Untracked 
|  21|0x0000000084700000, 0x0000000084800000, 0x0000000084800000|100%| O|  |TAMS 0x0000000084800000, 0x0000000084700000| Untracked 
|  22|0x0000000084800000, 0x0000000084900000, 0x0000000084900000|100%| O|  |TAMS 0x0000000084900000, 0x0000000084800000| Untracked 
|  23|0x0000000084900000, 0x0000000084a00000, 0x0000000084a00000|100%| O|  |TAMS 0x0000000084a00000, 0x0000000084900000| Untracked 
|  24|0x0000000084a00000, 0x0000000084b00000, 0x0000000084b00000|100%| O|  |TAMS 0x0000000084b00000, 0x0000000084a00000| Untracked 
|  25|0x0000000084b00000, 0x0000000084c00000, 0x0000000084c00000|100%| O|  |TAMS 0x0000000084c00000, 0x0000000084b00000| Untracked 
|  26|0x0000000084c00000, 0x0000000084d00000, 0x0000000084d00000|100%| O|  |TAMS 0x0000000084d00000, 0x0000000084c00000| Untracked 
|  27|0x0000000084d00000, 0x0000000084e00000, 0x0000000084e00000|100%| O|  |TAMS 0x0000000084e00000, 0x0000000084d00000| Untracked 
|  28|0x0000000084e00000, 0x0000000084f00000, 0x0000000084f00000|100%| O|  |TAMS 0x0000000084f00000, 0x0000000084e00000| Untracked 
|  29|0x0000000084f00000, 0x0000000085000000, 0x0000000085000000|100%| O|  |TAMS 0x0000000085000000, 0x0000000084f00000| Untracked 
|  30|0x0000000085000000, 0x0000000085100000, 0x0000000085100000|100%| O|  |TAMS 0x0000000085100000, 0x0000000085000000| Untracked 
|  31|0x0000000085100000, 0x0000000085200000, 0x0000000085200000|100%| O|  |TAMS 0x0000000085200000, 0x0000000085100000| Untracked 
|  32|0x0000000085200000, 0x0000000085300000, 0x0000000085300000|100%| O|  |TAMS 0x0000000085300000, 0x0000000085200000| Untracked 
|  33|0x0000000085300000, 0x0000000085400000, 0x0000000085400000|100%| O|  |TAMS 0x0000000085400000, 0x0000000085300000| Untracked 
|  34|0x0000000085400000, 0x0000000085500000, 0x0000000085500000|100%| O|  |TAMS 0x0000000085500000, 0x0000000085400000| Untracked 
|  35|0x0000000085500000, 0x0000000085600000, 0x0000000085600000|100%| O|  |TAMS 0x0000000085600000, 0x0000000085500000| Untracked 
|  36|0x0000000085600000, 0x0000000085700000, 0x0000000085700000|100%| O|  |TAMS 0x0000000085700000, 0x0000000085600000| Untracked 
|  37|0x0000000085700000, 0x0000000085800000, 0x0000000085800000|100%| O|  |TAMS 0x0000000085800000, 0x0000000085700000| Untracked 
|  38|0x0000000085800000, 0x0000000085900000, 0x0000000085900000|100%| O|  |TAMS 0x0000000085900000, 0x0000000085800000| Untracked 
|  39|0x0000000085900000, 0x0000000085a00000, 0x0000000085a00000|100%| O|  |TAMS 0x0000000085a00000, 0x0000000085900000| Untracked 
|  40|0x0000000085a00000, 0x0000000085b00000, 0x0000000085b00000|100%| O|  |TAMS 0x0000000085b00000, 0x0000000085a00000| Untracked 
|  41|0x0000000085b00000, 0x0000000085c00000, 0x0000000085c00000|100%| O|  |TAMS 0x0000000085b4ec00, 0x0000000085b00000| Untracked 
|  42|0x0000000085c00000, 0x0000000085d00000, 0x0000000085d00000|100%| O|  |TAMS 0x0000000085c00000, 0x0000000085c00000| Untracked 
|  43|0x0000000085d00000, 0x0000000085e00000, 0x0000000085e00000|100%| O|  |TAMS 0x0000000085d00000, 0x0000000085d00000| Untracked 
|  44|0x0000000085e00000, 0x0000000085f00000, 0x0000000085f00000|100%| O|  |TAMS 0x0000000085e00000, 0x0000000085e00000| Untracked 
|  45|0x0000000085f00000, 0x0000000086000000, 0x0000000086000000|100%| O|  |TAMS 0x0000000085f00000, 0x0000000085f00000| Untracked 
|  46|0x0000000086000000, 0x0000000086100000, 0x0000000086100000|100%| O|  |TAMS 0x0000000086000000, 0x0000000086000000| Untracked 
|  47|0x0000000086100000, 0x0000000086200000, 0x0000000086200000|100%|HS|  |TAMS 0x0000000086100000, 0x0000000086100000| Complete 
|  48|0x0000000086200000, 0x0000000086300000, 0x0000000086300000|100%| O|  |TAMS 0x0000000086200000, 0x0000000086200000| Untracked 
|  49|0x0000000086300000, 0x0000000086400000, 0x0000000086400000|100%| O|  |TAMS 0x0000000086300000, 0x0000000086300000| Untracked 
|  50|0x0000000086400000, 0x0000000086500000, 0x0000000086500000|100%| O|  |TAMS 0x0000000086400000, 0x0000000086400000| Untracked 
|  51|0x0000000086500000, 0x0000000086600000, 0x0000000086600000|100%| O|  |TAMS 0x0000000086500000, 0x0000000086500000| Untracked 
|  52|0x0000000086600000, 0x0000000086700000, 0x0000000086700000|100%| O|  |TAMS 0x0000000086600000, 0x0000000086600000| Untracked 
|  53|0x0000000086700000, 0x0000000086800000, 0x0000000086800000|100%| O|  |TAMS 0x0000000086700000, 0x0000000086700000| Untracked 
|  54|0x0000000086800000, 0x0000000086900000, 0x0000000086900000|100%| O|  |TAMS 0x0000000086800000, 0x0000000086800000| Untracked 
|  55|0x0000000086900000, 0x0000000086a00000, 0x0000000086a00000|100%| O|  |TAMS 0x0000000086900000, 0x0000000086900000| Untracked 
|  56|0x0000000086a00000, 0x0000000086b00000, 0x0000000086b00000|100%| O|  |TAMS 0x0000000086a00000, 0x0000000086a00000| Untracked 
|  57|0x0000000086b00000, 0x0000000086c00000, 0x0000000086c00000|100%| O|  |TAMS 0x0000000086b00000, 0x0000000086b00000| Untracked 
|  58|0x0000000086c00000, 0x0000000086d00000, 0x0000000086d00000|100%| O|  |TAMS 0x0000000086c00000, 0x0000000086c00000| Untracked 
|  59|0x0000000086d00000, 0x0000000086e00000, 0x0000000086e00000|100%| O|  |TAMS 0x0000000086d00000, 0x0000000086d00000| Untracked 
|  60|0x0000000086e00000, 0x0000000086f00000, 0x0000000086f00000|100%| O|  |TAMS 0x0000000086e00000, 0x0000000086e00000| Untracked 
|  61|0x0000000086f00000, 0x0000000087000000, 0x0000000087000000|100%| O|  |TAMS 0x0000000086f00000, 0x0000000086f00000| Untracked 
|  62|0x0000000087000000, 0x0000000087100000, 0x0000000087100000|100%| O|  |TAMS 0x0000000087000000, 0x0000000087000000| Untracked 
|  63|0x0000000087100000, 0x0000000087200000, 0x0000000087200000|100%| O|  |TAMS 0x0000000087100000, 0x0000000087100000| Untracked 
|  64|0x0000000087200000, 0x0000000087300000, 0x0000000087300000|100%| O|  |TAMS 0x0000000087200000, 0x0000000087200000| Untracked 
|  65|0x0000000087300000, 0x0000000087400000, 0x0000000087400000|100%| O|  |TAMS 0x0000000087300000, 0x0000000087300000| Untracked 
|  66|0x0000000087400000, 0x0000000087500000, 0x0000000087500000|100%| O|  |TAMS 0x0000000087400000, 0x0000000087400000| Untracked 
|  67|0x0000000087500000, 0x0000000087600000, 0x0000000087600000|100%| O|  |TAMS 0x0000000087500000, 0x0000000087500000| Untracked 
|  68|0x0000000087600000, 0x0000000087700000, 0x0000000087700000|100%| O|  |TAMS 0x0000000087600000, 0x0000000087600000| Untracked 
|  69|0x0000000087700000, 0x0000000087800000, 0x0000000087800000|100%| O|  |TAMS 0x0000000087700000, 0x0000000087700000| Untracked 
|  70|0x0000000087800000, 0x0000000087900000, 0x0000000087900000|100%| O|  |TAMS 0x0000000087800000, 0x0000000087800000| Untracked 
|  71|0x0000000087900000, 0x0000000087a00000, 0x0000000087a00000|100%| O|  |TAMS 0x0000000087900000, 0x0000000087900000| Untracked 
|  72|0x0000000087a00000, 0x0000000087b00000, 0x0000000087b00000|100%| O|  |TAMS 0x0000000087a00000, 0x0000000087a00000| Untracked 
|  73|0x0000000087b00000, 0x0000000087b6ec00, 0x0000000087c00000| 43%| O|  |TAMS 0x0000000087b00000, 0x0000000087b00000| Untracked 
|  74|0x0000000087c00000, 0x0000000087c00000, 0x0000000087d00000|  0%| F|  |TAMS 0x0000000087c00000, 0x0000000087c00000| Untracked 
|  75|0x0000000087d00000, 0x0000000087d00000, 0x0000000087e00000|  0%| F|  |TAMS 0x0000000087d00000, 0x0000000087d00000| Untracked 
|  76|0x0000000087e00000, 0x0000000087e00000, 0x0000000087f00000|  0%| F|  |TAMS 0x0000000087e00000, 0x0000000087e00000| Untracked 
|  77|0x0000000087f00000, 0x0000000087f00000, 0x0000000088000000|  0%| F|  |TAMS 0x0000000087f00000, 0x0000000087f00000| Untracked 
|  78|0x0000000088000000, 0x0000000088000000, 0x0000000088100000|  0%| F|  |TAMS 0x0000000088000000, 0x0000000088000000| Untracked 
|  79|0x0000000088100000, 0x0000000088100000, 0x0000000088200000|  0%| F|  |TAMS 0x0000000088100000, 0x0000000088100000| Untracked 
|  80|0x0000000088200000, 0x0000000088200000, 0x0000000088300000|  0%| F|  |TAMS 0x0000000088200000, 0x0000000088200000| Untracked 
|  81|0x0000000088300000, 0x0000000088300000, 0x0000000088400000|  0%| F|  |TAMS 0x0000000088300000, 0x0000000088300000| Untracked 
|  82|0x0000000088400000, 0x0000000088400000, 0x0000000088500000|  0%| F|  |TAMS 0x0000000088400000, 0x0000000088400000| Untracked 
|  83|0x0000000088500000, 0x0000000088500000, 0x0000000088600000|  0%| F|  |TAMS 0x0000000088500000, 0x0000000088500000| Untracked 
|  84|0x0000000088600000, 0x0000000088600000, 0x0000000088700000|  0%| F|  |TAMS 0x0000000088600000, 0x0000000088600000| Untracked 
|  85|0x0000000088700000, 0x0000000088700000, 0x0000000088800000|  0%| F|  |TAMS 0x0000000088700000, 0x0000000088700000| Untracked 
|  86|0x0000000088800000, 0x0000000088800000, 0x0000000088900000|  0%| F|  |TAMS 0x0000000088800000, 0x0000000088800000| Untracked 
|  87|0x0000000088900000, 0x0000000088900000, 0x0000000088a00000|  0%| F|  |TAMS 0x0000000088900000, 0x0000000088900000| Untracked 
|  88|0x0000000088a00000, 0x0000000088a00000, 0x0000000088b00000|  0%| F|  |TAMS 0x0000000088a00000, 0x0000000088a00000| Untracked 
|  89|0x0000000088b00000, 0x0000000088b00000, 0x0000000088c00000|  0%| F|  |TAMS 0x0000000088b00000, 0x0000000088b00000| Untracked 
|  90|0x0000000088c00000, 0x0000000088c00000, 0x0000000088d00000|  0%| F|  |TAMS 0x0000000088c00000, 0x0000000088c00000| Untracked 
|  91|0x0000000088d00000, 0x0000000088d00000, 0x0000000088e00000|  0%| F|  |TAMS 0x0000000088d00000, 0x0000000088d00000| Untracked 
|  92|0x0000000088e00000, 0x0000000088e00000, 0x0000000088f00000|  0%| F|  |TAMS 0x0000000088e00000, 0x0000000088e00000| Untracked 
|  93|0x0000000088f00000, 0x0000000088f00000, 0x0000000089000000|  0%| F|  |TAMS 0x0000000088f00000, 0x0000000088f00000| Untracked 
|  94|0x0000000089000000, 0x0000000089000000, 0x0000000089100000|  0%| F|  |TAMS 0x0000000089000000, 0x0000000089000000| Untracked 
|  95|0x0000000089100000, 0x0000000089100000, 0x0000000089200000|  0%| F|  |TAMS 0x0000000089100000, 0x0000000089100000| Untracked 
|  96|0x0000000089200000, 0x0000000089200000, 0x0000000089300000|  0%| F|  |TAMS 0x0000000089200000, 0x0000000089200000| Untracked 
|  97|0x0000000089300000, 0x0000000089300000, 0x0000000089400000|  0%| F|  |TAMS 0x0000000089300000, 0x0000000089300000| Untracked 
|  98|0x0000000089400000, 0x0000000089400000, 0x0000000089500000|  0%| F|  |TAMS 0x0000000089400000, 0x0000000089400000| Untracked 
|  99|0x0000000089500000, 0x0000000089500000, 0x0000000089600000|  0%| F|  |TAMS 0x0000000089500000, 0x0000000089500000| Untracked 
| 100|0x0000000089600000, 0x0000000089600000, 0x0000000089700000|  0%| F|  |TAMS 0x0000000089600000, 0x0000000089600000| Untracked 
| 101|0x0000000089700000, 0x0000000089700000, 0x0000000089800000|  0%| F|  |TAMS 0x0000000089700000, 0x0000000089700000| Untracked 
| 102|0x0000000089800000, 0x0000000089800000, 0x0000000089900000|  0%| F|  |TAMS 0x0000000089800000, 0x0000000089800000| Untracked 
| 103|0x0000000089900000, 0x0000000089900000, 0x0000000089a00000|  0%| F|  |TAMS 0x0000000089900000, 0x0000000089900000| Untracked 
| 104|0x0000000089a00000, 0x0000000089a00000, 0x0000000089b00000|  0%| F|  |TAMS 0x0000000089a00000, 0x0000000089a00000| Untracked 
| 105|0x0000000089b00000, 0x0000000089b00000, 0x0000000089c00000|  0%| F|  |TAMS 0x0000000089b00000, 0x0000000089b00000| Untracked 
| 106|0x0000000089c00000, 0x0000000089c00000, 0x0000000089d00000|  0%| F|  |TAMS 0x0000000089c00000, 0x0000000089c00000| Untracked 
| 107|0x0000000089d00000, 0x0000000089d00000, 0x0000000089e00000|  0%| F|  |TAMS 0x0000000089d00000, 0x0000000089d00000| Untracked 
| 108|0x0000000089e00000, 0x0000000089e00000, 0x0000000089f00000|  0%| F|  |TAMS 0x0000000089e00000, 0x0000000089e00000| Untracked 
| 109|0x0000000089f00000, 0x0000000089fe6510, 0x000000008a000000| 89%| S|CS|TAMS 0x0000000089f00000, 0x0000000089f00000| Complete 
| 110|0x000000008a000000, 0x000000008a100000, 0x000000008a100000|100%| S|CS|TAMS 0x000000008a000000, 0x000000008a000000| Complete 
| 111|0x000000008a100000, 0x000000008a200000, 0x000000008a200000|100%| S|CS|TAMS 0x000000008a100000, 0x000000008a100000| Complete 
| 112|0x000000008a200000, 0x000000008a300000, 0x000000008a300000|100%| S|CS|TAMS 0x000000008a200000, 0x000000008a200000| Complete 
| 113|0x000000008a300000, 0x000000008a300000, 0x000000008a400000|  0%| F|  |TAMS 0x000000008a300000, 0x000000008a300000| Untracked 
| 114|0x000000008a400000, 0x000000008a400000, 0x000000008a500000|  0%| F|  |TAMS 0x000000008a400000, 0x000000008a400000| Untracked 
| 115|0x000000008a500000, 0x000000008a500000, 0x000000008a600000|  0%| F|  |TAMS 0x000000008a500000, 0x000000008a500000| Untracked 
| 116|0x000000008a600000, 0x000000008a600000, 0x000000008a700000|  0%| F|  |TAMS 0x000000008a600000, 0x000000008a600000| Untracked 
| 117|0x000000008a700000, 0x000000008a700000, 0x000000008a800000|  0%| F|  |TAMS 0x000000008a700000, 0x000000008a700000| Untracked 
| 118|0x000000008a800000, 0x000000008a800000, 0x000000008a900000|  0%| F|  |TAMS 0x000000008a800000, 0x000000008a800000| Untracked 
| 119|0x000000008a900000, 0x000000008aa00000, 0x000000008aa00000|100%| S|CS|TAMS 0x000000008a900000, 0x000000008a900000| Complete 
| 120|0x000000008aa00000, 0x000000008ab00000, 0x000000008ab00000|100%| S|CS|TAMS 0x000000008aa00000, 0x000000008aa00000| Complete 
| 121|0x000000008ab00000, 0x000000008ab00000, 0x000000008ac00000|  0%| F|  |TAMS 0x000000008ab00000, 0x000000008ab00000| Untracked 
| 122|0x000000008ac00000, 0x000000008ac00000, 0x000000008ad00000|  0%| F|  |TAMS 0x000000008ac00000, 0x000000008ac00000| Untracked 
| 123|0x000000008ad00000, 0x000000008ad00000, 0x000000008ae00000|  0%| F|  |TAMS 0x000000008ad00000, 0x000000008ad00000| Untracked 
| 124|0x000000008ae00000, 0x000000008ae00000, 0x000000008af00000|  0%| F|  |TAMS 0x000000008ae00000, 0x000000008ae00000| Untracked 
| 125|0x000000008af00000, 0x000000008af00000, 0x000000008b000000|  0%| F|  |TAMS 0x000000008af00000, 0x000000008af00000| Untracked 
| 126|0x000000008b000000, 0x000000008b000000, 0x000000008b100000|  0%| F|  |TAMS 0x000000008b000000, 0x000000008b000000| Untracked 
| 127|0x000000008b100000, 0x000000008b100000, 0x000000008b200000|  0%| F|  |TAMS 0x000000008b100000, 0x000000008b100000| Untracked 
| 128|0x000000008b200000, 0x000000008b200000, 0x000000008b300000|  0%| F|  |TAMS 0x000000008b200000, 0x000000008b200000| Untracked 
| 129|0x000000008b300000, 0x000000008b300000, 0x000000008b400000|  0%| F|  |TAMS 0x000000008b300000, 0x000000008b300000| Untracked 
| 130|0x000000008b400000, 0x000000008b400000, 0x000000008b500000|  0%| F|  |TAMS 0x000000008b400000, 0x000000008b400000| Untracked 
| 131|0x000000008b500000, 0x000000008b500000, 0x000000008b600000|  0%| F|  |TAMS 0x000000008b500000, 0x000000008b500000| Untracked 
| 132|0x000000008b600000, 0x000000008b600000, 0x000000008b700000|  0%| F|  |TAMS 0x000000008b600000, 0x000000008b600000| Untracked 
| 133|0x000000008b700000, 0x000000008b700000, 0x000000008b800000|  0%| F|  |TAMS 0x000000008b700000, 0x000000008b700000| Untracked 
| 134|0x000000008b800000, 0x000000008b800000, 0x000000008b900000|  0%| F|  |TAMS 0x000000008b800000, 0x000000008b800000| Untracked 
| 135|0x000000008b900000, 0x000000008b900000, 0x000000008ba00000|  0%| F|  |TAMS 0x000000008b900000, 0x000000008b900000| Untracked 
| 136|0x000000008ba00000, 0x000000008ba00000, 0x000000008bb00000|  0%| F|  |TAMS 0x000000008ba00000, 0x000000008ba00000| Untracked 
| 137|0x000000008bb00000, 0x000000008bb00000, 0x000000008bc00000|  0%| F|  |TAMS 0x000000008bb00000, 0x000000008bb00000| Untracked 
| 138|0x000000008bc00000, 0x000000008bc00000, 0x000000008bd00000|  0%| F|  |TAMS 0x000000008bc00000, 0x000000008bc00000| Untracked 
| 139|0x000000008bd00000, 0x000000008bd00000, 0x000000008be00000|  0%| F|  |TAMS 0x000000008bd00000, 0x000000008bd00000| Untracked 
| 140|0x000000008be00000, 0x000000008be00000, 0x000000008bf00000|  0%| F|  |TAMS 0x000000008be00000, 0x000000008be00000| Untracked 
| 141|0x000000008bf00000, 0x000000008bf00000, 0x000000008c000000|  0%| F|  |TAMS 0x000000008bf00000, 0x000000008bf00000| Untracked 
| 142|0x000000008c000000, 0x000000008c000000, 0x000000008c100000|  0%| F|  |TAMS 0x000000008c000000, 0x000000008c000000| Untracked 
| 143|0x000000008c100000, 0x000000008c100000, 0x000000008c200000|  0%| F|  |TAMS 0x000000008c100000, 0x000000008c100000| Untracked 
| 144|0x000000008c200000, 0x000000008c200000, 0x000000008c300000|  0%| F|  |TAMS 0x000000008c200000, 0x000000008c200000| Untracked 
| 145|0x000000008c300000, 0x000000008c300000, 0x000000008c400000|  0%| F|  |TAMS 0x000000008c300000, 0x000000008c300000| Untracked 
| 146|0x000000008c400000, 0x000000008c400000, 0x000000008c500000|  0%| F|  |TAMS 0x000000008c400000, 0x000000008c400000| Untracked 
| 147|0x000000008c500000, 0x000000008c500000, 0x000000008c600000|  0%| F|  |TAMS 0x000000008c500000, 0x000000008c500000| Untracked 
| 148|0x000000008c600000, 0x000000008c600000, 0x000000008c700000|  0%| F|  |TAMS 0x000000008c600000, 0x000000008c600000| Untracked 
| 149|0x000000008c700000, 0x000000008c700000, 0x000000008c800000|  0%| F|  |TAMS 0x000000008c700000, 0x000000008c700000| Untracked 
| 150|0x000000008c800000, 0x000000008c800000, 0x000000008c900000|  0%| F|  |TAMS 0x000000008c800000, 0x000000008c800000| Untracked 
| 151|0x000000008c900000, 0x000000008c900000, 0x000000008ca00000|  0%| F|  |TAMS 0x000000008c900000, 0x000000008c900000| Untracked 
| 152|0x000000008ca00000, 0x000000008ca00000, 0x000000008cb00000|  0%| F|  |TAMS 0x000000008ca00000, 0x000000008ca00000| Untracked 
| 153|0x000000008cb00000, 0x000000008cb00000, 0x000000008cc00000|  0%| F|  |TAMS 0x000000008cb00000, 0x000000008cb00000| Untracked 
| 154|0x000000008cc00000, 0x000000008cc00000, 0x000000008cd00000|  0%| F|  |TAMS 0x000000008cc00000, 0x000000008cc00000| Untracked 
| 155|0x000000008cd00000, 0x000000008cd00000, 0x000000008ce00000|  0%| F|  |TAMS 0x000000008cd00000, 0x000000008cd00000| Untracked 
| 156|0x000000008ce00000, 0x000000008ce00000, 0x000000008cf00000|  0%| F|  |TAMS 0x000000008ce00000, 0x000000008ce00000| Untracked 
| 157|0x000000008cf00000, 0x000000008cf00000, 0x000000008d000000|  0%| F|  |TAMS 0x000000008cf00000, 0x000000008cf00000| Untracked 
| 158|0x000000008d000000, 0x000000008d000000, 0x000000008d100000|  0%| F|  |TAMS 0x000000008d000000, 0x000000008d000000| Untracked 
| 159|0x000000008d100000, 0x000000008d100000, 0x000000008d200000|  0%| F|  |TAMS 0x000000008d100000, 0x000000008d100000| Untracked 
| 160|0x000000008d200000, 0x000000008d200000, 0x000000008d300000|  0%| F|  |TAMS 0x000000008d200000, 0x000000008d200000| Untracked 
| 161|0x000000008d300000, 0x000000008d300000, 0x000000008d400000|  0%| F|  |TAMS 0x000000008d300000, 0x000000008d300000| Untracked 
| 162|0x000000008d400000, 0x000000008d400000, 0x000000008d500000|  0%| F|  |TAMS 0x000000008d400000, 0x000000008d400000| Untracked 
| 163|0x000000008d500000, 0x000000008d500000, 0x000000008d600000|  0%| F|  |TAMS 0x000000008d500000, 0x000000008d500000| Untracked 
| 164|0x000000008d600000, 0x000000008d600000, 0x000000008d700000|  0%| F|  |TAMS 0x000000008d600000, 0x000000008d600000| Untracked 
| 165|0x000000008d700000, 0x000000008d700000, 0x000000008d800000|  0%| F|  |TAMS 0x000000008d700000, 0x000000008d700000| Untracked 
| 166|0x000000008d800000, 0x000000008d800000, 0x000000008d900000|  0%| F|  |TAMS 0x000000008d800000, 0x000000008d800000| Untracked 
| 167|0x000000008d900000, 0x000000008d900000, 0x000000008da00000|  0%| F|  |TAMS 0x000000008d900000, 0x000000008d900000| Untracked 
| 168|0x000000008da00000, 0x000000008da00000, 0x000000008db00000|  0%| F|  |TAMS 0x000000008da00000, 0x000000008da00000| Untracked 
| 169|0x000000008db00000, 0x000000008db00000, 0x000000008dc00000|  0%| F|  |TAMS 0x000000008db00000, 0x000000008db00000| Untracked 
| 170|0x000000008dc00000, 0x000000008dc00000, 0x000000008dd00000|  0%| F|  |TAMS 0x000000008dc00000, 0x000000008dc00000| Untracked 
| 171|0x000000008dd00000, 0x000000008dd00000, 0x000000008de00000|  0%| F|  |TAMS 0x000000008dd00000, 0x000000008dd00000| Untracked 
| 172|0x000000008de00000, 0x000000008de00000, 0x000000008df00000|  0%| F|  |TAMS 0x000000008de00000, 0x000000008de00000| Untracked 
| 173|0x000000008df00000, 0x000000008df00000, 0x000000008e000000|  0%| F|  |TAMS 0x000000008df00000, 0x000000008df00000| Untracked 
| 174|0x000000008e000000, 0x000000008e000000, 0x000000008e100000|  0%| F|  |TAMS 0x000000008e000000, 0x000000008e000000| Untracked 
| 175|0x000000008e100000, 0x000000008e100000, 0x000000008e200000|  0%| F|  |TAMS 0x000000008e100000, 0x000000008e100000| Untracked 
| 176|0x000000008e200000, 0x000000008e200000, 0x000000008e300000|  0%| F|  |TAMS 0x000000008e200000, 0x000000008e200000| Untracked 

Card table byte_map: [0x0000024ad4460000,0x0000024ad4850000] _byte_map_base: 0x0000024ad4047000

Marking Bits (Prev, Next): (CMBitMap*) 0x0000024ac751eb90, (CMBitMap*) 0x0000024ac751ebd0
 Prev Bits: [0x0000024ad4c40000, 0x0000024ad6b78000)
 Next Bits: [0x0000024ad6b80000, 0x0000024ad8ab8000)

Polling page: 0x0000024ac7570000

Metaspace:

Usage:
  Non-class:     26.80 MB used.
      Class:      4.03 MB used.
       Both:     30.83 MB used.

Virtual space:
  Non-class space:       32.00 MB reserved,      27.00 MB ( 84%) committed,  4 nodes.
      Class space:        1.00 GB reserved,       4.25 MB ( <1%) committed,  1 nodes.
             Both:        1.03 GB reserved,      31.25 MB (  3%) committed. 

Chunk freelists:
   Non-Class:  896.00 KB
       Class:  3.80 MB
        Both:  4.67 MB

MaxMetaspaceSize: unlimited
CompressedClassSpaceSize: 1.00 GB
Initial GC threshold: 21.00 MB
Current GC threshold: 51.25 MB
CDS: on
MetaspaceReclaimPolicy: balanced
 - commit_granule_bytes: 65536.
 - commit_granule_words: 8192.
 - virtual_space_node_default_size: 1048576.
 - enlarge_chunks_in_place: 1.
 - new_chunks_are_fully_committed: 0.
 - uncommit_free_chunks: 1.
 - use_allocation_guard: 0.
 - handle_deallocations: 1.


Internal statistics:

num_allocs_failed_limit: 3.
num_arena_births: 386.
num_arena_deaths: 0.
num_vsnodes_births: 5.
num_vsnodes_deaths: 0.
num_space_committed: 500.
num_space_uncommitted: 0.
num_chunks_returned_to_freelist: 3.
num_chunks_taken_from_freelist: 1540.
num_chunk_merges: 0.
num_chunk_splits: 1055.
num_chunks_enlarged: 815.
num_purges: 0.
num_inconsistent_stats: 0.

CodeCache: size=49152Kb used=9676Kb max_used=9676Kb free=39476Kb
 bounds [0x0000024ad0790000, 0x0000024ad1110000, 0x0000024ad3790000]
 total_blobs=4553 nmethods=4018 adapters=459
 compilation: enabled
              stopped_count=0, restarted_count=0
 full_count=0

Compilation events (20 events):
Event: 6.078 Thread 0x0000024adb584aa0 3998       1       io.github.classgraph.ModuleReaderProxy::open (72 bytes)
Event: 6.078 Thread 0x0000024adc158770 4013       1       nonapi.io.github.classgraph.utils.ProxyingInputStream::<init> (10 bytes)
Event: 6.079 Thread 0x0000024adc158770 nmethod 4013 0x0000024ad10f6110 code [0x0000024ad10f62a0, 0x0000024ad10f63b8]
Event: 6.079 Thread 0x0000024adc158770 4001       1       jdk.internal.module.SystemModuleFinders$SystemModuleReader::open (15 bytes)
Event: 6.079 Thread 0x0000024adb584aa0 nmethod 3998 0x0000024ad10f6410 code [0x0000024ad10f6620, 0x0000024ad10f6b28]
Event: 6.079 Thread 0x0000024adb584aa0 4014       1       io.github.classgraph.ClasspathElementModule$1$1::<init> (16 bytes)
Event: 6.080 Thread 0x0000024adb584aa0 nmethod 4014 0x0000024ad10f6d90 code [0x0000024ad10f6f20, 0x0000024ad10f70f8]
Event: 6.080 Thread 0x0000024adb584aa0 4016   !   1       jdk.internal.reflect.GeneratedMethodAccessor28::invoke (67 bytes)
Event: 6.080 Thread 0x0000024adc158770 nmethod 4001 0x0000024ad10f7190 code [0x0000024ad10f73a0, 0x0000024ad10f7988]
Event: 6.080 Thread 0x0000024adc158770 4012       1       nonapi.io.github.classgraph.fileslice.reader.ClassfileReader::<init> (29 bytes)
Event: 6.080 Thread 0x0000024adc158770 nmethod 4012 0x0000024ad10f7c90 code [0x0000024ad10f7e20, 0x0000024ad10f80b8]
Event: 6.080 Thread 0x0000024adb584aa0 nmethod 4016 0x0000024ad10f8190 code [0x0000024ad10f8380, 0x0000024ad10f87f8]
Event: 6.081 Thread 0x0000024adb54ec70 nmethod 3997 0x0000024ad10f8a90 code [0x0000024ad10f8d40, 0x0000024ad10f9838]
Event: 6.083 Thread 0x0000024adc158260 nmethod 3995 0x0000024ad10f9e10 code [0x0000024ad10fa640, 0x0000024ad10fd288]
Event: 6.088 Thread 0x0000024adb584aa0 4017       1       java.util.concurrent.ConcurrentHashMap::resizeStamp (9 bytes)
Event: 6.093 Thread 0x0000024adb584aa0 nmethod 4017 0x0000024ad10fed10 code [0x0000024ad10feea0, 0x0000024ad10fef68]
Event: 6.102 Thread 0x0000024adc158770 4018  s!   1       jdk.internal.loader.URLClassPath::getLoader (194 bytes)
Event: 6.104 Thread 0x0000024adc158770 nmethod 4018 0x0000024ad10ff010 code [0x0000024ad10ff2c0, 0x0000024ad10ffd18]
Event: 6.108 Thread 0x0000024adb54ec70 4019       1       java.util.zip.ZipFile$Source::initCEN (591 bytes)
Event: 6.111 Thread 0x0000024adb54ec70 nmethod 4019 0x0000024ad1100990 code [0x0000024ad1100ce0, 0x0000024ad1102388]

GC Heap History (20 events):
Event: 5.299 GC heap after
{Heap after GC invocations=9 (full 0):
 garbage-first heap   total 61440K, used 29741K [0x0000000083200000, 0x0000000100000000)
  region size 1024K, 3 young (3072K), 3 survivors (3072K)
 Metaspace       used 28734K, committed 29056K, reserved 1081344K
  class space    used 3851K, committed 4032K, reserved 1048576K
}
Event: 5.366 GC heap before
{Heap before GC invocations=9 (full 0):
 garbage-first heap   total 61440K, used 44077K [0x0000000083200000, 0x0000000100000000)
  region size 1024K, 18 young (18432K), 3 survivors (3072K)
 Metaspace       used 29003K, committed 29312K, reserved 1081344K
  class space    used 3869K, committed 4032K, reserved 1048576K
}
Event: 5.372 GC heap after
{Heap after GC invocations=10 (full 0):
 garbage-first heap   total 89088K, used 32725K [0x0000000083200000, 0x0000000100000000)
  region size 1024K, 3 young (3072K), 3 survivors (3072K)
 Metaspace       used 29003K, committed 29312K, reserved 1081344K
  class space    used 3869K, committed 4032K, reserved 1048576K
}
Event: 5.475 GC heap before
{Heap before GC invocations=10 (full 0):
 garbage-first heap   total 89088K, used 62421K [0x0000000083200000, 0x0000000100000000)
  region size 1024K, 33 young (33792K), 3 survivors (3072K)
 Metaspace       used 29614K, committed 30016K, reserved 1081344K
  class space    used 3928K, committed 4096K, reserved 1048576K
}
Event: 5.483 GC heap after
{Heap after GC invocations=11 (full 0):
 garbage-first heap   total 89088K, used 37855K [0x0000000083200000, 0x0000000100000000)
  region size 1024K, 5 young (5120K), 5 survivors (5120K)
 Metaspace       used 29614K, committed 30016K, reserved 1081344K
  class space    used 3928K, committed 4096K, reserved 1048576K
}
Event: 5.558 GC heap before
{Heap before GC invocations=11 (full 0):
 garbage-first heap   total 89088K, used 64479K [0x0000000083200000, 0x0000000100000000)
  region size 1024K, 32 young (32768K), 5 survivors (5120K)
 Metaspace       used 30105K, committed 30464K, reserved 1081344K
  class space    used 3940K, committed 4096K, reserved 1048576K
}
Event: 5.567 GC heap after
{Heap after GC invocations=12 (full 0):
 garbage-first heap   total 89088K, used 45557K [0x0000000083200000, 0x0000000100000000)
  region size 1024K, 4 young (4096K), 4 survivors (4096K)
 Metaspace       used 30105K, committed 30464K, reserved 1081344K
  class space    used 3940K, committed 4096K, reserved 1048576K
}
Event: 5.708 GC heap before
{Heap before GC invocations=12 (full 0):
 garbage-first heap   total 89088K, used 65013K [0x0000000083200000, 0x0000000100000000)
  region size 1024K, 24 young (24576K), 4 survivors (4096K)
 Metaspace       used 31068K, committed 31360K, reserved 1081344K
  class space    used 4036K, committed 4160K, reserved 1048576K
}
Event: 5.715 GC heap after
{Heap after GC invocations=13 (full 0):
 garbage-first heap   total 89088K, used 49513K [0x0000000083200000, 0x0000000100000000)
  region size 1024K, 3 young (3072K), 3 survivors (3072K)
 Metaspace       used 31068K, committed 31360K, reserved 1081344K
  class space    used 4036K, committed 4160K, reserved 1048576K
}
Event: 5.879 GC heap before
{Heap before GC invocations=14 (full 0):
 garbage-first heap   total 92160K, used 66921K [0x0000000083200000, 0x0000000100000000)
  region size 1024K, 20 young (20480K), 3 survivors (3072K)
 Metaspace       used 31352K, committed 31744K, reserved 1081344K
  class space    used 4097K, committed 4288K, reserved 1048576K
}
Event: 5.887 GC heap after
{Heap after GC invocations=15 (full 0):
 garbage-first heap   total 92160K, used 56350K [0x0000000083200000, 0x0000000100000000)
  region size 1024K, 3 young (3072K), 3 survivors (3072K)
 Metaspace       used 31352K, committed 31744K, reserved 1081344K
  class space    used 4097K, committed 4288K, reserved 1048576K
}
Event: 5.892 GC heap before
{Heap before GC invocations=15 (full 0):
 garbage-first heap   total 92160K, used 57374K [0x0000000083200000, 0x0000000100000000)
  region size 1024K, 4 young (4096K), 3 survivors (3072K)
 Metaspace       used 31352K, committed 31744K, reserved 1081344K
  class space    used 4097K, committed 4288K, reserved 1048576K
}
Event: 5.897 GC heap after
{Heap after GC invocations=16 (full 0):
 garbage-first heap   total 181248K, used 57679K [0x0000000083200000, 0x0000000100000000)
  region size 1024K, 1 young (1024K), 1 survivors (1024K)
 Metaspace       used 31352K, committed 31744K, reserved 1081344K
  class space    used 4097K, committed 4288K, reserved 1048576K
}
Event: 6.022 GC heap before
{Heap before GC invocations=16 (full 0):
 garbage-first heap   total 181248K, used 126287K [0x0000000083200000, 0x0000000100000000)
  region size 1024K, 68 young (69632K), 1 survivors (1024K)
 Metaspace       used 31469K, committed 31872K, reserved 1081344K
  class space    used 4109K, committed 4288K, reserved 1048576K
}
Event: 6.050 GC heap after
{Heap after GC invocations=17 (full 0):
 garbage-first heap   total 181248K, used 71767K [0x0000000083200000, 0x0000000100000000)
  region size 1024K, 9 young (9216K), 9 survivors (9216K)
 Metaspace       used 31469K, committed 31872K, reserved 1081344K
  class space    used 4109K, committed 4288K, reserved 1048576K
}
Event: 6.071 GC heap before
{Heap before GC invocations=17 (full 0):
 garbage-first heap   total 181248K, used 126039K [0x0000000083200000, 0x0000000100000000)
  region size 1024K, 63 young (64512K), 9 survivors (9216K)
 Metaspace       used 31474K, committed 31872K, reserved 1081344K
  class space    used 4109K, committed 4288K, reserved 1048576K
}
Event: 6.078 GC heap after
{Heap after GC invocations=18 (full 0):
 garbage-first heap   total 181248K, used 75686K [0x0000000083200000, 0x0000000100000000)
  region size 1024K, 4 young (4096K), 4 survivors (4096K)
 Metaspace       used 31474K, committed 31872K, reserved 1081344K
  class space    used 4109K, committed 4288K, reserved 1048576K
}
Event: 6.094 GC heap before
{Heap before GC invocations=18 (full 0):
 garbage-first heap   total 181248K, used 129958K [0x0000000083200000, 0x0000000100000000)
  region size 1024K, 58 young (59392K), 4 survivors (4096K)
 Metaspace       used 31485K, committed 31872K, reserved 1081344K
  class space    used 4115K, committed 4288K, reserved 1048576K
}
Event: 6.099 GC heap after
{Heap after GC invocations=19 (full 0):
 garbage-first heap   total 181248K, used 78143K [0x0000000083200000, 0x0000000100000000)
  region size 1024K, 6 young (6144K), 6 survivors (6144K)
 Metaspace       used 31485K, committed 31872K, reserved 1081344K
  class space    used 4115K, committed 4288K, reserved 1048576K
}
Event: 6.119 GC heap before
{Heap before GC invocations=19 (full 0):
 garbage-first heap   total 181248K, used 134463K [0x0000000083200000, 0x0000000100000000)
  region size 1024K, 62 young (63488K), 6 survivors (6144K)
 Metaspace       used 31571K, committed 32000K, reserved 1081344K
  class space    used 4123K, committed 4352K, reserved 1048576K
}

Dll operation events (9 events):
Event: 0.015 Loaded shared library C:\Program Files\Eclipse Adoptium\jdk-17.0.5.8-hotspot\bin\java.dll
Event: 0.028 Loaded shared library C:\Program Files\Eclipse Adoptium\jdk-17.0.5.8-hotspot\bin\jsvml.dll
Event: 0.142 Loaded shared library C:\Program Files\Eclipse Adoptium\jdk-17.0.5.8-hotspot\bin\net.dll
Event: 0.144 Loaded shared library C:\Program Files\Eclipse Adoptium\jdk-17.0.5.8-hotspot\bin\nio.dll
Event: 0.149 Loaded shared library C:\Program Files\Eclipse Adoptium\jdk-17.0.5.8-hotspot\bin\zip.dll
Event: 0.419 Loaded shared library C:\Program Files\Eclipse Adoptium\jdk-17.0.5.8-hotspot\bin\verify.dll
Event: 0.433 Loaded shared library C:\Program Files\Eclipse Adoptium\jdk-17.0.5.8-hotspot\bin\jimage.dll
Event: 1.570 Loaded shared library C:\Program Files\Eclipse Adoptium\jdk-17.0.5.8-hotspot\bin\management.dll
Event: 1.576 Loaded shared library C:\Program Files\Eclipse Adoptium\jdk-17.0.5.8-hotspot\bin\management_ext.dll

Deoptimization events (12 events):
Event: 1.982 Thread 0x0000024ac74c2590 DEOPT PACKING pc=0x0000024ad0cf2c19 sp=0x000000a94f5fd1b0
Event: 1.982 Thread 0x0000024ac74c2590 DEOPT UNPACKING pc=0x0000024ad07e66e3 sp=0x000000a94f5fc690 mode 3
Event: 3.833 Thread 0x0000024ac74c2590 DEOPT PACKING pc=0x0000024ad0e5fb99 sp=0x000000a94f5fc590
Event: 3.833 Thread 0x0000024ac74c2590 DEOPT UNPACKING pc=0x0000024ad07e66e3 sp=0x000000a94f5fba70 mode 3
Event: 4.662 Thread 0x0000024addf57d10 DEOPT PACKING pc=0x0000024ad0f1d1b5 sp=0x000000a9516fd670
Event: 4.662 Thread 0x0000024addf57d10 DEOPT UNPACKING pc=0x0000024ad07e66e3 sp=0x000000a9516fcb88 mode 3
Event: 4.854 Thread 0x0000024adcab1500 DEOPT PACKING pc=0x0000024ad0f3d9fb sp=0x000000a9517fe4e0
Event: 4.854 Thread 0x0000024adcab1500 DEOPT UNPACKING pc=0x0000024ad07e66e3 sp=0x000000a9517fda28 mode 3
Event: 5.101 Thread 0x0000024ade0719f0 DEOPT PACKING pc=0x0000024ad0cf0c81 sp=0x000000a9525fece0
Event: 5.101 Thread 0x0000024ade0719f0 DEOPT UNPACKING pc=0x0000024ad07e66e3 sp=0x000000a9525fe170 mode 3
Event: 5.191 Thread 0x0000024ade072390 DEOPT PACKING pc=0x0000024ad0ceee97 sp=0x000000a9524fef60
Event: 5.191 Thread 0x0000024ade072390 DEOPT UNPACKING pc=0x0000024ad07e66e3 sp=0x000000a9524fe3b8 mode 3

Classes unloaded (0 events):
No events

Classes redefined (0 events):
No events

Internal exceptions (20 events):
Event: 4.928 Thread 0x0000024ade06eea0 Exception <a 'sun/nio/fs/WindowsException'{0x000000008971f320}> (0x000000008971f320) 
thrown [s\src\hotspot\share\prims\jni.cpp, line 516]
Event: 4.928 Thread 0x0000024ade06eea0 Exception <a 'sun/nio/fs/WindowsException'{0x000000008971f6c8}> (0x000000008971f6c8) 
thrown [s\src\hotspot\share\prims\jni.cpp, line 516]
Event: 4.928 Thread 0x0000024ade06eea0 Exception <a 'sun/nio/fs/WindowsException'{0x00000000897200c8}> (0x00000000897200c8) 
thrown [s\src\hotspot\share\prims\jni.cpp, line 516]
Event: 4.928 Thread 0x0000024ade06eea0 Exception <a 'sun/nio/fs/WindowsException'{0x0000000089720488}> (0x0000000089720488) 
thrown [s\src\hotspot\share\prims\jni.cpp, line 516]
Event: 4.928 Thread 0x0000024ade06eea0 Exception <a 'sun/nio/fs/WindowsException'{0x0000000089720e88}> (0x0000000089720e88) 
thrown [s\src\hotspot\share\prims\jni.cpp, line 516]
Event: 4.928 Thread 0x0000024ade06eea0 Exception <a 'sun/nio/fs/WindowsException'{0x0000000089500020}> (0x0000000089500020) 
thrown [s\src\hotspot\share\prims\jni.cpp, line 516]
Event: 4.930 Thread 0x0000024addf57d10 Exception <a 'java/lang/NoSuchMethodError'{0x000000008952e610}: 'int java.lang.invoke.DirectMethodHandle$Holder.invokeStatic(java.lang.Object)'> (0x000000008952e610) 
thrown [s\src\hotspot\share\interpreter\linkResolver.cpp, line 759]
Event: 4.930 Thread 0x0000024addf57d10 Exception <a 'java/lang/NoSuchMethodError'{0x0000000089531cb8}: 'int java.lang.invoke.DirectMethodHandle$Holder.invokeStaticInit(java.lang.Object)'> (0x0000000089531cb8) 
thrown [s\src\hotspot\share\interpreter\linkResolver.cpp, line 759]
Event: 4.932 Thread 0x0000024ade06eea0 Exception <a 'sun/nio/fs/WindowsException'{0x00000000895ec620}> (0x00000000895ec620) 
thrown [s\src\hotspot\share\prims\jni.cpp, line 516]
Event: 4.932 Thread 0x0000024ade06eea0 Exception <a 'sun/nio/fs/WindowsException'{0x00000000895ec9e0}> (0x00000000895ec9e0) 
thrown [s\src\hotspot\share\prims\jni.cpp, line 516]
Event: 4.934 Thread 0x0000024ade06eea0 Exception <a 'sun/nio/fs/WindowsException'{0x00000000895ed408}> (0x00000000895ed408) 
thrown [s\src\hotspot\share\prims\jni.cpp, line 516]
Event: 4.934 Thread 0x0000024ade06eea0 Exception <a 'sun/nio/fs/WindowsException'{0x00000000895ed7e8}> (0x00000000895ed7e8) 
thrown [s\src\hotspot\share\prims\jni.cpp, line 516]
Event: 4.935 Thread 0x0000024ade06eea0 Exception <a 'sun/nio/fs/WindowsException'{0x00000000895ee220}> (0x00000000895ee220) 
thrown [s\src\hotspot\share\prims\jni.cpp, line 516]
Event: 4.936 Thread 0x0000024ade06eea0 Exception <a 'sun/nio/fs/WindowsException'{0x00000000895ee610}> (0x00000000895ee610) 
thrown [s\src\hotspot\share\prims\jni.cpp, line 516]
Event: 4.937 Thread 0x0000024ade06eea0 Exception <a 'sun/nio/fs/WindowsException'{0x00000000895ef038}> (0x00000000895ef038) 
thrown [s\src\hotspot\share\prims\jni.cpp, line 516]
Event: 4.937 Thread 0x0000024ade06eea0 Exception <a 'sun/nio/fs/WindowsException'{0x00000000895ef428}> (0x00000000895ef428) 
thrown [s\src\hotspot\share\prims\jni.cpp, line 516]
Event: 5.697 Thread 0x0000024addf57d10 Exception <a 'java/lang/NoSuchMethodError'{0x00000000875504c0}: 'java.lang.Object java.lang.invoke.Invokers$Holder.invoke_MT(java.lang.Object, java.lang.Object, java.lang.Object)'> (0x00000000875504c0) 
thrown [s\src\hotspot\share\interpreter\linkResolver.cpp, line 759]
Event: 5.844 Thread 0x0000024addf57d10 Exception <a 'java/lang/NoSuchMethodError'{0x0000000088038248}: 'java.lang.Object java.lang.invoke.DirectMethodHandle$Holder.newInvokeSpecial(java.lang.Object, java.lang.Object, int)'> (0x0000000088038248) 
thrown [s\src\hotspot\share\interpreter\linkResolver.cpp, line 759]
Event: 5.854 Thread 0x0000024ade158fe0 Exception <a 'java/lang/NoSuchMethodError'{0x0000000087f36d98}: 'java.lang.Object java.lang.invoke.Invokers$Holder.linkToTargetMethod(java.lang.Object, long, java.lang.Object)'> (0x0000000087f36d98) 
thrown [s\src\hotspot\share\interpreter\linkResolver.cpp, line 759]
Event: 5.868 Thread 0x0000024ade158fe0 Exception <a 'sun/nio/fs/WindowsException'{0x0000000087efeab0}> (0x0000000087efeab0) 
thrown [s\src\hotspot\share\prims\jni.cpp, line 516]

VM Operations (20 events):
Event: 5.750 Executing VM operation: HandshakeAllThreads done
Event: 5.766 Executing VM operation: G1Concurrent
Event: 5.775 Executing VM operation: G1Concurrent done
Event: 5.800 Executing VM operation: G1Concurrent
Event: 5.800 Executing VM operation: G1Concurrent done
Event: 5.879 Executing VM operation: G1CollectForAllocation
Event: 5.887 Executing VM operation: G1CollectForAllocation done
Event: 5.892 Executing VM operation: G1CollectForAllocation
Event: 5.898 Executing VM operation: G1CollectForAllocation done
Event: 6.019 Executing VM operation: G1CollectForAllocation
Event: 6.051 Executing VM operation: G1CollectForAllocation done
Event: 6.069 Executing VM operation: G1CollectForAllocation
Event: 6.078 Executing VM operation: G1CollectForAllocation done
Event: 6.085 Executing VM operation: HandshakeAllThreads
Event: 6.092 Executing VM operation: HandshakeAllThreads done
Event: 6.094 Executing VM operation: G1CollectForAllocation
Event: 6.099 Executing VM operation: G1CollectForAllocation done
Event: 6.099 Executing VM operation: HandshakeAllThreads
Event: 6.100 Executing VM operation: HandshakeAllThreads done
Event: 6.118 Executing VM operation: G1CollectForAllocation

Events (20 events):
Event: 5.751 loading class java/nio/file/Files$3 done
Event: 5.751 loading class java/nio/file/FileVisitResult
Event: 5.751 loading class java/nio/file/FileVisitResult done
Event: 5.806 loading class java/nio/channels/Channels$ReadableByteChannelImpl
Event: 5.807 loading class java/nio/channels/Channels$ReadableByteChannelImpl done
Event: 5.807 loading class java/nio/channels/NonWritableChannelException
Event: 5.807 loading class java/nio/channels/NonWritableChannelException done
Event: 5.839 loading class java/util/WeakHashMap$EntrySet
Event: 5.839 loading class java/util/WeakHashMap$EntrySet done
Event: 5.839 loading class java/util/WeakHashMap$EntryIterator
Event: 5.839 loading class java/util/WeakHashMap$HashIterator
Event: 5.839 loading class java/util/WeakHashMap$HashIterator done
Event: 5.839 loading class java/util/WeakHashMap$EntryIterator done
Event: 5.848 Thread 0x0000024ade158fe0 Thread added: 0x0000024ade158fe0
Event: 5.853 Thread 0x0000024ade156490 Thread added: 0x0000024ade156490
Event: 5.857 loading class sun/security/provider/MD5
Event: 5.858 loading class sun/security/provider/MD5 done
Event: 5.858 loading class sun/security/provider/ByteArrayAccess$LE
Event: 5.858 loading class sun/security/provider/ByteArrayAccess$LE done
Event: 5.961 Thread 0x0000024ade15bb30 Thread added: 0x0000024ade15bb30


Dynamic libraries:
0x00007ff64bb80000 - 0x00007ff64bb8e000 	C:\Program Files\Eclipse Adoptium\jdk-17.0.5.8-hotspot\bin\java.exe
0x00007ff9dd9d0000 - 0x00007ff9ddbea000 	C:\WINDOWS\SYSTEM32\ntdll.dll
0x00007ff9dd3f0000 - 0x00007ff9dd4b3000 	C:\WINDOWS\System32\KERNEL32.DLL
0x00007ff9dadb0000 - 0x00007ff9db14c000 	C:\WINDOWS\System32\KERNELBASE.dll
0x00007ff9d7d90000 - 0x00007ff9d7e26000 	C:\WINDOWS\SYSTEM32\apphelp.dll
0x00007ff9db270000 - 0x00007ff9db38b000 	C:\WINDOWS\System32\ucrtbase.dll
0x00007ff9ba610000 - 0x00007ff9ba629000 	C:\Program Files\Eclipse Adoptium\jdk-17.0.5.8-hotspot\bin\VCRUNTIME140.dll
0x00007ff9ba870000 - 0x00007ff9ba887000 	C:\Program Files\Eclipse Adoptium\jdk-17.0.5.8-hotspot\bin\jli.dll
0x00007ff9dd680000 - 0x00007ff9dd82a000 	C:\WINDOWS\System32\USER32.dll
0x00007ff9db520000 - 0x00007ff9db546000 	C:\WINDOWS\System32\win32u.dll
0x00007ff9bf7d0000 - 0x00007ff9bfa61000 	C:\WINDOWS\WinSxS\amd64_microsoft.windows.common-controls_6595b64144ccf1df_6.0.25236.1000_none_7a88bdfad9396379\COMCTL32.dll
0x00007ff9dd150000 - 0x00007ff9dd1f7000 	C:\WINDOWS\System32\msvcrt.dll
0x00007ff9dcfd0000 - 0x00007ff9dcff9000 	C:\WINDOWS\System32\GDI32.dll
0x00007ff9db150000 - 0x00007ff9db266000 	C:\WINDOWS\System32\gdi32full.dll
0x00007ff9db410000 - 0x00007ff9db4aa000 	C:\WINDOWS\System32\msvcp_win.dll
0x00007ff9dd950000 - 0x00007ff9dd980000 	C:\WINDOWS\System32\IMM32.DLL
0x00007ff9d4b90000 - 0x00007ff9d4b9c000 	C:\Program Files\Eclipse Adoptium\jdk-17.0.5.8-hotspot\bin\vcruntime140_1.dll
0x00007ff99e2a0000 - 0x00007ff99e331000 	C:\Program Files\Eclipse Adoptium\jdk-17.0.5.8-hotspot\bin\msvcp140.dll
0x00007ff996200000 - 0x00007ff996e44000 	C:\Program Files\Eclipse Adoptium\jdk-17.0.5.8-hotspot\bin\server\jvm.dll
0x00007ff9dd200000 - 0x00007ff9dd2ae000 	C:\WINDOWS\System32\ADVAPI32.dll
0x00007ff9dd2b0000 - 0x00007ff9dd356000 	C:\WINDOWS\System32\sechost.dll
0x00007ff9db790000 - 0x00007ff9db8b7000 	C:\WINDOWS\System32\RPCRT4.dll
0x00007ff9cd1f0000 - 0x00007ff9cd225000 	C:\WINDOWS\SYSTEM32\WINMM.dll
0x00007ff9ce990000 - 0x00007ff9ce99a000 	C:\WINDOWS\SYSTEM32\VERSION.dll
0x00007ff9d3d60000 - 0x00007ff9d3d69000 	C:\WINDOWS\SYSTEM32\WSOCK32.dll
0x00007ff9dd8d0000 - 0x00007ff9dd93f000 	C:\WINDOWS\System32\WS2_32.dll
0x00007ff9d9d30000 - 0x00007ff9d9d48000 	C:\WINDOWS\SYSTEM32\kernel.appcore.dll
0x00007ff9d1ff0000 - 0x00007ff9d1ffa000 	C:\Program Files\Eclipse Adoptium\jdk-17.0.5.8-hotspot\bin\jimage.dll
0x00007ff9d8640000 - 0x00007ff9d8873000 	C:\WINDOWS\SYSTEM32\DBGHELP.DLL
0x00007ff9dc540000 - 0x00007ff9dc8c2000 	C:\WINDOWS\System32\combase.dll
0x00007ff9dc8d0000 - 0x00007ff9dc9a8000 	C:\WINDOWS\System32\OLEAUT32.dll
0x00007ff9c9f80000 - 0x00007ff9c9fb2000 	C:\WINDOWS\SYSTEM32\dbgcore.DLL
0x00007ff9db390000 - 0x00007ff9db409000 	C:\WINDOWS\System32\bcryptPrimitives.dll
0x00007ff9b9fe0000 - 0x00007ff9ba005000 	C:\Program Files\Eclipse Adoptium\jdk-17.0.5.8-hotspot\bin\java.dll
0x00007ff997a30000 - 0x00007ff997b06000 	C:\Program Files\Eclipse Adoptium\jdk-17.0.5.8-hotspot\bin\jsvml.dll
0x00007ff9db9c0000 - 0x00007ff9dc1ac000 	C:\WINDOWS\System32\SHELL32.dll
0x00007ff9d8cc0000 - 0x00007ff9d9558000 	C:\WINDOWS\SYSTEM32\windows.storage.dll
0x00007ff9d8b30000 - 0x00007ff9d8cbd000 	C:\WINDOWS\SYSTEM32\wintypes.dll
0x00007ff9dc440000 - 0x00007ff9dc52b000 	C:\WINDOWS\System32\SHCORE.dll
0x00007ff9dc1b0000 - 0x00007ff9dc20e000 	C:\WINDOWS\System32\shlwapi.dll
0x00007ff9dacd0000 - 0x00007ff9dacf1000 	C:\WINDOWS\SYSTEM32\profapi.dll
0x00007ff9cbf50000 - 0x00007ff9cbf69000 	C:\Program Files\Eclipse Adoptium\jdk-17.0.5.8-hotspot\bin\net.dll
0x00007ff9ce740000 - 0x00007ff9ce86e000 	C:\WINDOWS\SYSTEM32\WINHTTP.dll
0x00007ff9da200000 - 0x00007ff9da269000 	C:\WINDOWS\system32\mswsock.dll
0x00007ff9b9d40000 - 0x00007ff9b9d55000 	C:\Program Files\Eclipse Adoptium\jdk-17.0.5.8-hotspot\bin\nio.dll
0x00007ff9b99b0000 - 0x00007ff9b99c8000 	C:\Program Files\Eclipse Adoptium\jdk-17.0.5.8-hotspot\bin\zip.dll
0x00007ff9b7090000 - 0x00007ff9b70a0000 	C:\Program Files\Eclipse Adoptium\jdk-17.0.5.8-hotspot\bin\verify.dll
0x00007ff9cda50000 - 0x00007ff9cda59000 	C:\Program Files\Eclipse Adoptium\jdk-17.0.5.8-hotspot\bin\management.dll
0x00007ff9cd9c0000 - 0x00007ff9cd9cb000 	C:\Program Files\Eclipse Adoptium\jdk-17.0.5.8-hotspot\bin\management_ext.dll
0x00007ff9dd0d0000 - 0x00007ff9dd0d8000 	C:\WINDOWS\System32\PSAPI.DLL
0x00007ff9cef80000 - 0x00007ff9cef97000 	C:\WINDOWS\system32\napinsp.dll
0x00007ff9ccab0000 - 0x00007ff9ccaca000 	C:\WINDOWS\system32\pnrpnsp.dll
0x00007ff98c150000 - 0x00007ff98c171000 	C:\WINDOWS\system32\nlansp_c.dll
0x00007ff9d97e0000 - 0x00007ff9d98dd000 	C:\WINDOWS\SYSTEM32\DNSAPI.dll
0x00007ff9d97b0000 - 0x00007ff9d97de000 	C:\WINDOWS\SYSTEM32\IPHLPAPI.DLL
0x00007ff9dd000000 - 0x00007ff9dd009000 	C:\WINDOWS\System32\NSI.dll
0x00007ff9ba170000 - 0x00007ff9ba181000 	C:\WINDOWS\System32\winrnr.dll
0x00007ff9c0da0000 - 0x00007ff9c0db5000 	C:\WINDOWS\system32\wshbth.dll
0x00007ff9cc7b0000 - 0x00007ff9cc7ba000 	C:\Windows\System32\rasadhlp.dll
0x00007ff9ccb60000 - 0x00007ff9ccbe4000 	C:\WINDOWS\System32\fwpuclnt.dll
0x00007ff9da480000 - 0x00007ff9da49b000 	C:\WINDOWS\SYSTEM32\CRYPTSP.dll
0x00007ff9d9c90000 - 0x00007ff9d9cc4000 	C:\WINDOWS\system32\rsaenh.dll
0x00007ff9da300000 - 0x00007ff9da328000 	C:\WINDOWS\SYSTEM32\USERENV.dll
0x00007ff9da640000 - 0x00007ff9da668000 	C:\WINDOWS\SYSTEM32\bcrypt.dll
0x00007ff9da4a0000 - 0x00007ff9da4ac000 	C:\WINDOWS\SYSTEM32\CRYPTBASE.dll
0x00007ff9cd430000 - 0x00007ff9cd449000 	C:\WINDOWS\SYSTEM32\dhcpcsvc6.DLL
0x00007ff9cd1c0000 - 0x00007ff9cd1df000 	C:\WINDOWS\SYSTEM32\dhcpcsvc.DLL

dbghelp: loaded successfully - version: 4.0.5 - missing functions: none
symbol engine: initialized successfully - sym options: 0x614 - pdb path: .;C:\Program Files\Eclipse Adoptium\jdk-17.0.5.8-hotspot\bin;C:\WINDOWS\SYSTEM32;C:\WINDOWS\WinSxS\amd64_microsoft.windows.common-controls_6595b64144ccf1df_6.0.25236.1000_none_7a88bdfad9396379;C:\Program Files\Eclipse Adoptium\jdk-17.0.5.8-hotspot\bin\server

VM Arguments:
jvm_args: -Dsts.lsp.client=vscode -Dsts.log.file=/dev/null -XX:TieredStopAtLevel=1 -Xlog:jni+resolve=off -Dspring.config.location=file:c:\Users\datea\.vscode\extensions\pivotal.vscode-spring-boot-1.40.0\language-server\BOOT-INF\classes\application.properties 
java_command: org.springframework.ide.vscode.boot.app.BootLanguageServerBootApp
java_class_path (initial): c:\Users\datea\.vscode\extensions\pivotal.vscode-spring-boot-1.40.0\language-server\BOOT-INF\classes;c:\Users\datea\.vscode\extensions\pivotal.vscode-spring-boot-1.40.0\language-server\BOOT-INF\lib\annotations-23.0.0.jar;c:\Users\datea\.vscode\extensions\pivotal.vscode-spring-boot-1.40.0\language-server\BOOT-INF\lib\ant-1.10.12.jar;c:\Users\datea\.vscode\extensions\pivotal.vscode-spring-boot-1.40.0\language-server\BOOT-INF\lib\ant-launcher-1.10.12.jar;c:\Users\datea\.vscode\extensions\pivotal.vscode-spring-boot-1.40.0\language-server\BOOT-INF\lib\antlr-runtime-3.5.2.jar;c:\Users\datea\.vscode\extensions\pivotal.vscode-spring-boot-1.40.0\language-server\BOOT-INF\lib\antlr4-4.9.3.jar;c:\Users\datea\.vscode\extensions\pivotal.vscode-spring-boot-1.40.0\language-server\BOOT-INF\lib\antlr4-runtime-4.9.3.jar;c:\Users\datea\.vscode\extensions\pivotal.vscode-spring-boot-1.40.0\language-server\BOOT-INF\lib\asm-9.3.jar;c:\Users\datea\.vscode\extensions\pivotal.vscode-spring-boot-1.40.0\language-server\BOOT-INF\lib\asm-analysis-9.3.jar;c:\Users\datea\.vscode\extensions\pivotal.vscode-spring-boot-1.40.0\language-server\BOOT-INF\lib\asm-tree-9.3.jar;c:\Users\datea\.vscode\extensions\pivotal.vscode-spring-boot-1.40.0\language-server\BOOT-INF\lib\asm-util-9.3.jar;c:\Users\datea\.vscode\extensions\pivotal.vscode-spring-boot-1.40.0\language-server\BOOT-INF\lib\byte-buddy-1.12.13.jar;c:\Users\datea\.vscode\extensions\pivotal.vscode-spring-boot-1.40.0\language-server\BOOT-INF\lib\caffeine-2.9.3.jar;c:\Users\datea\.vscode\extensions\pivotal.vscode-spring-boot-1.40.0\language-server\BOOT-INF\lib\checker-qual-3.12.0.jar;c:\Users\datea\.vscode\extensions\pivotal.vscode-spring-boot-1.40.0\language-server\BOOT-INF\lib\classgraph-4.8.149.jar;c:\Users\datea\.vscode\extensions\pivotal.vscode-spring-boot-1.40.0\language-server\BOOT-INF\lib\commons-codec-1.15.jar;c:\Users\datea\.vscode\extensions\pivotal.vscode-spring-boot-1.40.0\language-server\BOOT-INF\lib\commons-c
Launcher Type: SUN_STANDARD

[Global flags]
     intx CICompilerCount                          = 4                                         {product} {ergonomic}
     uint ConcGCThreads                            = 2                                         {product} {ergonomic}
     uint G1ConcRefinementThreads                  = 8                                         {product} {ergonomic}
   size_t G1HeapRegionSize                         = 1048576                                   {product} {ergonomic}
    uintx GCDrainStackTargetSize                   = 64                                        {product} {ergonomic}
   size_t InitialHeapSize                          = 132120576                                 {product} {ergonomic}
   size_t MarkStackSize                            = 4194304                                   {product} {ergonomic}
   size_t MaxHeapSize                              = 2095054848                                {product} {ergonomic}
   size_t MaxNewSize                               = 1256194048                                {product} {ergonomic}
   size_t MinHeapDeltaBytes                        = 1048576                                   {product} {ergonomic}
   size_t MinHeapSize                              = 8388608                                   {product} {ergonomic}
    uintx NonProfiledCodeHeapSize                  = 0                                      {pd product} {ergonomic}
     bool ProfileInterpreter                       = false                                  {pd product} {command line}
    uintx ProfiledCodeHeapSize                     = 0                                      {pd product} {ergonomic}
   size_t SoftMaxHeapSize                          = 2095054848                             {manageable} {ergonomic}
     intx TieredStopAtLevel                        = 1                                         {product} {command line}
     bool UseCompressedClassPointers               = true                           {product lp64_product} {ergonomic}
     bool UseCompressedOops                        = true                           {product lp64_product} {ergonomic}
     bool UseG1GC                                  = true                                      {product} {ergonomic}
     bool UseLargePagesIndividualAllocation        = false                                  {pd product} {ergonomic}

Logging:
Log output configuration:
 #0: stdout all=warning,jni+resolve=off uptime,level,tags
 #1: stderr all=off uptime,level,tags

Environment Variables:
PATH=C:\Program Files\Eclipse Adoptium\jdk-17.0.5.8-hotspot\bin;C:\Program Files\Java\jdk-15.0.2\bin;C:\Program Files\Common Files\Oracle\Java\javapath;C:\WINDOWS\system32;C:\WINDOWS;C:\WINDOWS\System32\Wbem;C:\WINDOWS\System32\WindowsPowerShell\v1.0\;C:\WINDOWS\System32\OpenSSH\;C:\Program Files\Azure Data Studio\bin;C:\Program Files\Microsoft SQL Server\Client SDK\ODBC\170\Tools\Binn\;C:\Program Files (x86)\Microsoft SQL Server\150\Tools\Binn\;C:\Program Files\Microsoft SQL Server\150\Tools\Binn\;C:\Program Files\Microsoft SQL Server\150\DTS\Binn\;C:\Program Files (x86)\Microsoft SQL Server\150\DTS\Binn\;C:\Program Files (x86)\GitExtensions\;F:\xampp\php;C:\ProgramData\ComposerSetup\bin;C:\xampp\php;C:\Program Files\Git\cmd;C:\Program Files\nodejs\;C:\Users\datea\AppData\Local\Microsoft\WindowsApps;C:\Users\datea\AppData\Local\Programs\Microsoft VS Code\bin;;C:\Program Files\Azure Data Studio\bin;C:\Users\datea\AppData\Roaming\Composer\vendor\bin;C:\Users\datea\AppData\Roaming\npm
USERNAME=datea
OS=Windows_NT
PROCESSOR_IDENTIFIER=Intel64 Family 6 Model 126 Stepping 5, GenuineIntel
TMP=C:\Users\datea\AppData\Local\Temp
TEMP=C:\Users\datea\AppData\Local\Temp



---------------  S Y S T E M  ---------------

OS:
 Windows 11 , 64 bit Build 25236 (10.0.25236.1000)
OS uptime: 1 days 0:05 hours
Hyper-V role detected

CPU: total 8 (initial active 8) (4 cores per cpu, 2 threads per core) family 6 model 126 stepping 5 microcode 0xa6, cx8, cmov, fxsr, ht, mmx, 3dnowpref, sse, sse2, sse3, ssse3, sse4.1, sse4.2, popcnt, lzcnt, tsc, tscinvbit, avx, avx2, aes, erms, clmul, bmi1, bmi2, adx, avx512f, avx512dq, avx512cd, avx512bw, avx512vl, sha, fma, vzeroupper, avx512_vpopcntdq, avx512_vpclmulqdq, avx512_vaes, avx512_vnni, clflush, clflushopt, avx512_vbmi2, avx512_vbmi, hv

Memory: 4k page, system-wide physical 7987M (623M free)
TotalPageFile size 12083M (AvailPageFile size 55M)
current process WorkingSet (physical memory assigned to process): 284M, peak: 284M
current process commit charge ("private bytes"): 327M, peak: 681M

vm_info: OpenJDK 64-Bit Server VM (17.0.5+8) for windows-amd64 JRE (17.0.5+8), built on Oct 19 2022 04:48:13 by "temurin" with MS VC++ 16.7 (VS2019)

END.
