#
# There is insufficient memory for the Java Runtime Environment to continue.
# Native memory allocation (mmap) failed to map 233832448 bytes for G1 virtual space
# Possible reasons:
#   The system is out of physical RAM or swap space
#   The process is running with CompressedOops enabled, and the Java Heap may be blocking the growth of the native heap
# Possible solutions:
#   Reduce memory load on the system
#   Increase physical memory or swap space
#   Check if swap backing store is full
#   Decrease Java heap size (-Xmx/-Xms)
#   Decrease number of Java threads
#   Decrease Java thread stack sizes (-Xss)
#   Set larger code cache with -XX:ReservedCodeCacheSize=
#   JVM is running with Unscaled Compressed Oops mode in which the Java heap is
#     placed in the first 4GB address space. The Java Heap base address is the
#     maximum limit for the native heap growth. Please use -XX:HeapBaseMinAddress
#     to set the Java Heap base and to place the Java Heap above 4GB virtual address.
# This output file may be truncated or incomplete.
#
#  Out of Memory Error (os_windows.cpp:3541), pid=3900, tid=71400
#
# JRE version: OpenJDK Runtime Environment Temurin-17.0.4.1+1 (17.0.4.1+1) (build 17.0.4.1+1)
# Java VM: OpenJDK 64-Bit Server VM Temurin-17.0.4.1+1 (17.0.4.1+1, mixed mode, emulated-client, tiered, compressed oops, compressed class ptrs, g1 gc, windows-amd64)
# No core dump will be written. Minidumps are not enabled by default on client versions of Windows
#

---------------  S U M M A R Y ------------

Command Line: -Dsts.lsp.client=vscode -Dsts.log.file=/dev/null -XX:TieredStopAtLevel=1 -Xlog:jni+resolve=off -Dspring.config.location=file:c:\Users\datea\.vscode\extensions\pivotal.vscode-spring-boot-1.40.0\language-server\BOOT-INF\classes\application.properties org.springframework.ide.vscode.boot.app.BootLanguageServerBootApp

Host: Intel(R) Core(TM) i5-1035G1 CPU @ 1.00GHz, 8 cores, 7G,  Windows 11 , 64 bit Build 25227 (10.0.25227.1000)
Time: Wed Oct 26 11:41:29 2022 SE Asia Standard Time elapsed time: 5.557019 seconds (0d 0h 0m 5s)

---------------  T H R E A D  ---------------

Current thread (0x000002e6a6b18540):  VMThread "VM Thread" [stack: 0x000000f4ddd00000,0x000000f4dde00000] [id=71400]

Stack: [0x000000f4ddd00000,0x000000f4dde00000]
Native frames: (J=compiled Java code, j=interpreted, Vv=VM code, C=native code)
V  [jvm.dll+0x67731a]
V  [jvm.dll+0x832284]
V  [jvm.dll+0x833a2e]
V  [jvm.dll+0x834093]
V  [jvm.dll+0x245775]
V  [jvm.dll+0x674209]
V  [jvm.dll+0x668a92]
V  [jvm.dll+0x30471b]
V  [jvm.dll+0x30bc66]
V  [jvm.dll+0x35ba9e]
V  [jvm.dll+0x35bccf]
V  [jvm.dll+0x2db5b8]
V  [jvm.dll+0x2d986c]
V  [jvm.dll+0x2d8e3c]
V  [jvm.dll+0x31cd9b]
V  [jvm.dll+0x83853b]
V  [jvm.dll+0x839274]
V  [jvm.dll+0x83978c]
V  [jvm.dll+0x839b64]
V  [jvm.dll+0x839c30]
V  [jvm.dll+0x7e240a]
V  [jvm.dll+0x6761a5]
C  [ucrtbase.dll+0x4b82b]
C  [KERNEL32.DLL+0x1484d]
C  [ntdll.dll+0x67558]

VM_Operation (0x000000f4e0cfe070): G1CollectForAllocation, mode: safepoint, requested by thread 0x000002e6a96ff570


---------------  P R O C E S S  ---------------

Threads class SMR info:
_java_thread_list=0x000002e6ab3245d0, length=44, elements={
0x000002e6a74012d0, 0x000002e6a7401d90, 0x000002e6a741fe30, 0x000002e6a74206f0,
0x000002e6a74215c0, 0x000002e6a7422490, 0x000002e6a7424e10, 0x000002e6a74317c0,
0x000002e6a75d7700, 0x000002e6a7531fb0, 0x000002e6a7658420, 0x000002e6a765e920,
0x000002e6a8093030, 0x000002e6a928c1a0, 0x000002e6a9460c30, 0x000002e6a9461710,
0x000002e699854900, 0x000002e6a95c66a0, 0x000002e6a95e5660, 0x000002e6a95e5b30,
0x000002e6a95fa1c0, 0x000002e6a9610f40, 0x000002e6a95e81d0, 0x000002e6a96626e0,
0x000002e6a9663550, 0x000002e6a9663080, 0x000002e6a9660060, 0x000002e6a9660530,
0x000002e6a9660a00, 0x000002e6a9662210, 0x000002e6a96613a0, 0x000002e6a9662bb0,
0x000002e6a9661870, 0x000002e6a9660ed0, 0x000002e6a9661d40, 0x000002e6a9663a20,
0x000002e6a96ff0a0, 0x000002e6a96fdd60, 0x000002e6a96ff570, 0x000002e6a96ffa40,
0x000002e6a96fd890, 0x000002e6a97003e0, 0x000002e6a96fb210, 0x000002e6a96fca20
}

Java Threads: ( => current thread )
  0x000002e6a74012d0 JavaThread "Reference Handler" daemon [_thread_blocked, id=71756, stack(0x000000f4dde00000,0x000000f4ddf00000)]
  0x000002e6a7401d90 JavaThread "Finalizer" daemon [_thread_blocked, id=1648, stack(0x000000f4ddf00000,0x000000f4de000000)]
  0x000002e6a741fe30 JavaThread "Signal Dispatcher" daemon [_thread_blocked, id=64272, stack(0x000000f4de000000,0x000000f4de100000)]
  0x000002e6a74206f0 JavaThread "Attach Listener" daemon [_thread_blocked, id=65036, stack(0x000000f4de100000,0x000000f4de200000)]
  0x000002e6a74215c0 JavaThread "Service Thread" daemon [_thread_blocked, id=55948, stack(0x000000f4de200000,0x000000f4de300000)]
  0x000002e6a7422490 JavaThread "Monitor Deflation Thread" daemon [_thread_blocked, id=71840, stack(0x000000f4de300000,0x000000f4de400000)]
  0x000002e6a7424e10 JavaThread "C1 CompilerThread0" daemon [_thread_blocked, id=70512, stack(0x000000f4de400000,0x000000f4de500000)]
  0x000002e6a74317c0 JavaThread "Sweeper thread" daemon [_thread_blocked, id=67404, stack(0x000000f4de500000,0x000000f4de600000)]
  0x000002e6a75d7700 JavaThread "C1 CompilerThread1" daemon [_thread_blocked, id=64740, stack(0x000000f4de600000,0x000000f4de700000)]
  0x000002e6a7531fb0 JavaThread "C1 CompilerThread2" daemon [_thread_blocked, id=66960, stack(0x000000f4de700000,0x000000f4de800000)]
  0x000002e6a7658420 JavaThread "Notification Thread" daemon [_thread_blocked, id=72252, stack(0x000000f4de800000,0x000000f4de900000)]
  0x000002e6a765e920 JavaThread "Common-Cleaner" daemon [_thread_blocked, id=70812, stack(0x000000f4dea00000,0x000000f4deb00000)]
  0x000002e6a8093030 JavaThread "C1 CompilerThread3" daemon [_thread_blocked, id=16704, stack(0x000000f4deb00000,0x000000f4dec00000)]
  0x000002e6a928c1a0 JavaThread "boundedElastic-evictor-1" daemon [_thread_blocked, id=10568, stack(0x000000f4df100000,0x000000f4df200000)]
  0x000002e6a9460c30 JavaThread "pool-9-thread-1" [_thread_blocked, id=7064, stack(0x000000f4df500000,0x000000f4df600000)]
  0x000002e6a9461710 JavaThread "LanguageServerApp-lifecycle" [_thread_blocked, id=56896, stack(0x000000f4df600000,0x000000f4df700000)]
  0x000002e699854900 JavaThread "DestroyJavaVM" [_thread_blocked, id=68296, stack(0x000000f4dd700000,0x000000f4dd800000)]
  0x000002e6a95c66a0 JavaThread "pool-10-thread-1" [_thread_blocked, id=67956, stack(0x000000f4df700000,0x000000f4df800000)]
  0x000002e6a95e5660 JavaThread "Simple-Language-Server main thread" daemon [_thread_blocked, id=49556, stack(0x000000f4df800000,0x000000f4df900000)]
  0x000002e6a95e5b30 JavaThread "ForkJoinPool.commonPool-worker-1" daemon [_thread_blocked, id=51148, stack(0x000000f4df900000,0x000000f4dfa00000)]
  0x000002e6a95fa1c0 JavaThread "pool-7-thread-1" [_thread_blocked, id=63584, stack(0x000000f4dfa00000,0x000000f4dfb00000)]
  0x000002e6a9610f40 JavaThread "parallel-1" daemon [_thread_blocked, id=11296, stack(0x000000f4dfb00000,0x000000f4dfc00000)]
  0x000002e6a95e81d0 JavaThread "parallel-2" daemon [_thread_blocked, id=64788, stack(0x000000f4dfc00000,0x000000f4dfd00000)]
  0x000002e6a96626e0 JavaThread "pool-4-thread-1" [_thread_blocked, id=65388, stack(0x000000f4dfd00000,0x000000f4dfe00000)]
  0x000002e6a9663550 JavaThread "ForkJoinPool.commonPool-worker-2" daemon [_thread_blocked, id=58204, stack(0x000000f4dfe00000,0x000000f4dff00000)]
  0x000002e6a9663080 JavaThread "pool-4-thread-2" [_thread_blocked, id=63996, stack(0x000000f4dff00000,0x000000f4e0000000)]
  0x000002e6a9660060 JavaThread "Reconciler-1" daemon [_thread_blocked, id=72536, stack(0x000000f4e0000000,0x000000f4e0100000)]
  0x000002e6a9660530 JavaThread "ClassGraph-worker-0" daemon [_thread_blocked, id=72320, stack(0x000000f4e0100000,0x000000f4e0200000)]
  0x000002e6a9660a00 JavaThread "ClassGraph-worker-1" daemon [_thread_blocked, id=16568, stack(0x000000f4e0200000,0x000000f4e0300000)]
  0x000002e6a9662210 JavaThread "ClassGraph-worker-2" daemon [_thread_blocked, id=32812, stack(0x000000f4e0300000,0x000000f4e0400000)]
  0x000002e6a96613a0 JavaThread "ClassGraph-worker-3" daemon [_thread_blocked, id=45348, stack(0x000000f4e0400000,0x000000f4e0500000)]
  0x000002e6a9662bb0 JavaThread "ClassGraph-worker-4" daemon [_thread_blocked, id=69388, stack(0x000000f4e0500000,0x000000f4e0600000)]
  0x000002e6a9661870 JavaThread "ClassGraph-worker-5" daemon [_thread_blocked, id=68116, stack(0x000000f4e0600000,0x000000f4e0700000)]
  0x000002e6a9660ed0 JavaThread "ClassGraph-worker-6" daemon [_thread_blocked, id=34964, stack(0x000000f4e0700000,0x000000f4e0800000)]
  0x000002e6a9661d40 JavaThread "ClassGraph-worker-7" daemon [_thread_blocked, id=70336, stack(0x000000f4e0800000,0x000000f4e0900000)]
  0x000002e6a9663a20 JavaThread "ClassGraph-worker-8" daemon [_thread_blocked, id=71532, stack(0x000000f4e0900000,0x000000f4e0a00000)]
  0x000002e6a96ff0a0 JavaThread "ClassGraph-worker-9" daemon [_thread_blocked, id=68556, stack(0x000000f4e0a00000,0x000000f4e0b00000)]
  0x000002e6a96fdd60 JavaThread "ClassGraph-worker-10" daemon [_thread_blocked, id=54188, stack(0x000000f4e0b00000,0x000000f4e0c00000)]
  0x000002e6a96ff570 JavaThread "ClassGraph-worker-11" daemon [_thread_blocked, id=70188, stack(0x000000f4e0c00000,0x000000f4e0d00000)]
  0x000002e6a96ffa40 JavaThread "ClassGraph-worker-12" daemon [_thread_blocked, id=62520, stack(0x000000f4e0d00000,0x000000f4e0e00000)]
  0x000002e6a96fd890 JavaThread "ClassGraph-worker-13" daemon [_thread_blocked, id=51628, stack(0x000000f4e0e00000,0x000000f4e0f00000)]
  0x000002e6a97003e0 JavaThread "parallel-3" daemon [_thread_blocked, id=70824, stack(0x000000f4e0f00000,0x000000f4e1000000)]
  0x000002e6a96fb210 JavaThread "pool-5-thread-1" [_thread_blocked, id=48540, stack(0x000000f4e1100000,0x000000f4e1200000)]
  0x000002e6a96fca20 JavaThread "parallel-4" daemon [_thread_blocked, id=14660, stack(0x000000f4e1200000,0x000000f4e1300000)]

Other Threads:
=>0x000002e6a6b18540 VMThread "VM Thread" [stack: 0x000000f4ddd00000,0x000000f4dde00000] [id=71400]
  0x000002e6998cb0e0 WatcherThread [stack: 0x000000f4de900000,0x000000f4dea00000] [id=53844]
  0x000002e6998adbd0 GCTaskThread "GC Thread#0" [stack: 0x000000f4dd800000,0x000000f4dd900000] [id=70716]
  0x000002e6a80b93b0 GCTaskThread "GC Thread#1" [stack: 0x000000f4dec00000,0x000000f4ded00000] [id=72492]
  0x000002e6a80b9660 GCTaskThread "GC Thread#2" [stack: 0x000000f4ded00000,0x000000f4dee00000] [id=14684]
  0x000002e6a80b6840 GCTaskThread "GC Thread#3" [stack: 0x000000f4dee00000,0x000000f4def00000] [id=63128]
  0x000002e6a8c07170 GCTaskThread "GC Thread#4" [stack: 0x000000f4def00000,0x000000f4df000000] [id=70004]
  0x000002e6a80fce50 GCTaskThread "GC Thread#5" [stack: 0x000000f4df000000,0x000000f4df100000] [id=69800]
  0x000002e6a8e4ca50 GCTaskThread "GC Thread#6" [stack: 0x000000f4df200000,0x000000f4df300000] [id=70968]
  0x000002e6a8eb5aa0 GCTaskThread "GC Thread#7" [stack: 0x000000f4df300000,0x000000f4df400000] [id=6460]
  0x000002e6998be540 ConcurrentGCThread "G1 Main Marker" [stack: 0x000000f4dd900000,0x000000f4dda00000] [id=15664]
  0x000002e6998bfe70 ConcurrentGCThread "G1 Conc#0" [stack: 0x000000f4dda00000,0x000000f4ddb00000] [id=3560]
  0x000002e6a9010040 ConcurrentGCThread "G1 Conc#1" [stack: 0x000000f4df400000,0x000000f4df500000] [id=13824]
  0x000002e6a69834e0 ConcurrentGCThread "G1 Refine#0" [stack: 0x000000f4ddb00000,0x000000f4ddc00000] [id=71660]
  0x000002e6a9744ef0 ConcurrentGCThread "G1 Refine#1" [stack: 0x000000f4e1000000,0x000000f4e1100000] [id=18336]
  0x000002e6a6983cb0 ConcurrentGCThread "G1 Service" [stack: 0x000000f4ddc00000,0x000000f4ddd00000] [id=72468]

Threads with active compile tasks:

VM state: at safepoint (normal execution)

VM Mutex/Monitor currently owned by a thread:  ([mutex/lock_event])
[0x000002e69984f8f0] Threads_lock - owner thread: 0x000002e6a6b18540
[0x000002e69984fa10] Heap_lock - owner thread: 0x000002e6a96ff570

Heap address: 0x0000000083200000, size: 1998 MB, Compressed Oops mode: 32-bit

CDS archive(s) not mapped
Compressed class space mapped at: 0x0000000100000000-0x0000000140000000, reserved size: 1073741824
Narrow klass base: 0x0000000000000000, Narrow klass shift: 3, Narrow klass range: 0x140000000

GC Precious Log:
 CPUs: 8 total, 8 available
 Memory: 7987M
 Large Page Support: Disabled
 NUMA Support: Disabled
 Compressed Oops: Enabled (32-bit)
 Heap Region Size: 1M
 Heap Min Capacity: 8M
 Heap Initial Capacity: 126M
 Heap Max Capacity: 1998M
 Pre-touch: Disabled
 Parallel Workers: 8
 Concurrent Workers: 2
 Concurrent Refinement Workers: 8
 Periodic GC: Disabled

Heap:
 garbage-first heap   total 159744K, used 74457K [0x0000000083200000, 0x0000000100000000)
  region size 1024K, 4 young (4096K), 4 survivors (4096K)
 Metaspace       used 38763K, committed 39232K, reserved 1089536K
  class space    used 4903K, committed 5120K, reserved 1048576K

Heap Regions: E=young(eden), S=young(survivor), O=old, HS=humongous(starts), HC=humongous(continues), CS=collection set, F=free, OA=open archive, CA=closed archive, TAMS=top-at-mark-start (previous, next)
|   0|0x0000000083200000, 0x0000000083300000, 0x0000000083300000|100%| O|  |TAMS 0x0000000083300000, 0x0000000083200000| Untracked 
|   1|0x0000000083300000, 0x0000000083400000, 0x0000000083400000|100%| O|  |TAMS 0x0000000083400000, 0x0000000083300000| Untracked 
|   2|0x0000000083400000, 0x0000000083500000, 0x0000000083500000|100%| O|  |TAMS 0x0000000083400000, 0x0000000083400000| Untracked 
|   3|0x0000000083500000, 0x0000000083600000, 0x0000000083600000|100%| O|  |TAMS 0x0000000083600000, 0x0000000083500000| Untracked 
|   4|0x0000000083600000, 0x0000000083700000, 0x0000000083700000|100%| O|  |TAMS 0x0000000083700000, 0x0000000083600000| Untracked 
|   5|0x0000000083700000, 0x0000000083800000, 0x0000000083800000|100%| O|  |TAMS 0x0000000083800000, 0x0000000083700000| Untracked 
|   6|0x0000000083800000, 0x0000000083900000, 0x0000000083900000|100%| O|  |TAMS 0x0000000083900000, 0x0000000083800000| Untracked 
|   7|0x0000000083900000, 0x0000000083a00000, 0x0000000083a00000|100%| O|  |TAMS 0x0000000083a00000, 0x0000000083900000| Untracked 
|   8|0x0000000083a00000, 0x0000000083b00000, 0x0000000083b00000|100%| O|  |TAMS 0x0000000083b00000, 0x0000000083a00000| Untracked 
|   9|0x0000000083b00000, 0x0000000083c00000, 0x0000000083c00000|100%| O|  |TAMS 0x0000000083c00000, 0x0000000083b00000| Untracked 
|  10|0x0000000083c00000, 0x0000000083d00000, 0x0000000083d00000|100%| O|  |TAMS 0x0000000083d00000, 0x0000000083c00000| Untracked 
|  11|0x0000000083d00000, 0x0000000083e00000, 0x0000000083e00000|100%| O|  |TAMS 0x0000000083e00000, 0x0000000083d00000| Untracked 
|  12|0x0000000083e00000, 0x0000000083f00000, 0x0000000083f00000|100%| O|  |TAMS 0x0000000083f00000, 0x0000000083e00000| Untracked 
|  13|0x0000000083f00000, 0x0000000084000000, 0x0000000084000000|100%| O|  |TAMS 0x0000000084000000, 0x0000000083f00000| Untracked 
|  14|0x0000000084000000, 0x0000000084100000, 0x0000000084100000|100%| O|  |TAMS 0x0000000084100000, 0x0000000084000000| Untracked 
|  15|0x0000000084100000, 0x0000000084200000, 0x0000000084200000|100%| O|  |TAMS 0x0000000084200000, 0x0000000084100000| Untracked 
|  16|0x0000000084200000, 0x0000000084300000, 0x0000000084300000|100%| O|  |TAMS 0x0000000084300000, 0x0000000084200000| Untracked 
|  17|0x0000000084300000, 0x0000000084400000, 0x0000000084400000|100%| O|  |TAMS 0x0000000084400000, 0x0000000084300000| Untracked 
|  18|0x0000000084400000, 0x0000000084500000, 0x0000000084500000|100%| O|  |TAMS 0x0000000084500000, 0x0000000084400000| Untracked 
|  19|0x0000000084500000, 0x0000000084600000, 0x0000000084600000|100%| O|  |TAMS 0x0000000084600000, 0x0000000084500000| Untracked 
|  20|0x0000000084600000, 0x0000000084700000, 0x0000000084700000|100%| O|  |TAMS 0x0000000084700000, 0x0000000084600000| Untracked 
|  21|0x0000000084700000, 0x0000000084800000, 0x0000000084800000|100%| O|  |TAMS 0x0000000084800000, 0x0000000084700000| Untracked 
|  22|0x0000000084800000, 0x0000000084900000, 0x0000000084900000|100%| O|  |TAMS 0x0000000084900000, 0x0000000084800000| Untracked 
|  23|0x0000000084900000, 0x0000000084a00000, 0x0000000084a00000|100%| O|  |TAMS 0x0000000084a00000, 0x0000000084900000| Untracked 
|  24|0x0000000084a00000, 0x0000000084b00000, 0x0000000084b00000|100%| O|  |TAMS 0x0000000084b00000, 0x0000000084a00000| Untracked 
|  25|0x0000000084b00000, 0x0000000084c00000, 0x0000000084c00000|100%| O|  |TAMS 0x0000000084c00000, 0x0000000084b00000| Untracked 
|  26|0x0000000084c00000, 0x0000000084d00000, 0x0000000084d00000|100%| O|  |TAMS 0x0000000084d00000, 0x0000000084c00000| Untracked 
|  27|0x0000000084d00000, 0x0000000084e00000, 0x0000000084e00000|100%| O|  |TAMS 0x0000000084e00000, 0x0000000084d00000| Untracked 
|  28|0x0000000084e00000, 0x0000000084f00000, 0x0000000084f00000|100%| O|  |TAMS 0x0000000084f00000, 0x0000000084e00000| Untracked 
|  29|0x0000000084f00000, 0x0000000085000000, 0x0000000085000000|100%| O|  |TAMS 0x0000000085000000, 0x0000000084f00000| Untracked 
|  30|0x0000000085000000, 0x0000000085100000, 0x0000000085100000|100%| O|  |TAMS 0x0000000085100000, 0x0000000085000000| Untracked 
|  31|0x0000000085100000, 0x0000000085200000, 0x0000000085200000|100%| O|  |TAMS 0x0000000085200000, 0x0000000085100000| Untracked 
|  32|0x0000000085200000, 0x0000000085300000, 0x0000000085300000|100%| O|  |TAMS 0x0000000085300000, 0x0000000085200000| Untracked 
|  33|0x0000000085300000, 0x0000000085400000, 0x0000000085400000|100%| O|  |TAMS 0x0000000085400000, 0x0000000085300000| Untracked 
|  34|0x0000000085400000, 0x0000000085500000, 0x0000000085500000|100%| O|  |TAMS 0x0000000085500000, 0x0000000085400000| Untracked 
|  35|0x0000000085500000, 0x0000000085600000, 0x0000000085600000|100%| O|  |TAMS 0x0000000085600000, 0x0000000085500000| Untracked 
|  36|0x0000000085600000, 0x0000000085700000, 0x0000000085700000|100%| O|  |TAMS 0x0000000085700000, 0x0000000085600000| Untracked 
|  37|0x0000000085700000, 0x0000000085800000, 0x0000000085800000|100%| O|  |TAMS 0x0000000085800000, 0x0000000085700000| Untracked 
|  38|0x0000000085800000, 0x0000000085900000, 0x0000000085900000|100%| O|  |TAMS 0x0000000085900000, 0x0000000085800000| Untracked 
|  39|0x0000000085900000, 0x0000000085a00000, 0x0000000085a00000|100%| O|  |TAMS 0x0000000085a00000, 0x0000000085900000| Untracked 
|  40|0x0000000085a00000, 0x0000000085b00000, 0x0000000085b00000|100%| O|  |TAMS 0x0000000085b00000, 0x0000000085a00000| Untracked 
|  41|0x0000000085b00000, 0x0000000085c00000, 0x0000000085c00000|100%| O|  |TAMS 0x0000000085b88800, 0x0000000085b00000| Untracked 
|  42|0x0000000085c00000, 0x0000000085d00000, 0x0000000085d00000|100%| O|  |TAMS 0x0000000085c00000, 0x0000000085c00000| Untracked 
|  43|0x0000000085d00000, 0x0000000085e00000, 0x0000000085e00000|100%| O|  |TAMS 0x0000000085d00000, 0x0000000085d00000| Untracked 
|  44|0x0000000085e00000, 0x0000000085f00000, 0x0000000085f00000|100%| O|  |TAMS 0x0000000085e00000, 0x0000000085e00000| Untracked 
|  45|0x0000000085f00000, 0x0000000086000000, 0x0000000086000000|100%| O|  |TAMS 0x0000000085f00000, 0x0000000085f00000| Untracked 
|  46|0x0000000086000000, 0x0000000086100000, 0x0000000086100000|100%| O|  |TAMS 0x0000000086000000, 0x0000000086000000| Untracked 
|  47|0x0000000086100000, 0x0000000086200000, 0x0000000086200000|100%|HS|  |TAMS 0x0000000086100000, 0x0000000086100000| Complete 
|  48|0x0000000086200000, 0x0000000086300000, 0x0000000086300000|100%|HS|  |TAMS 0x0000000086200000, 0x0000000086200000| Complete 
|  49|0x0000000086300000, 0x0000000086400000, 0x0000000086400000|100%| O|  |TAMS 0x0000000086300000, 0x0000000086300000| Untracked 
|  50|0x0000000086400000, 0x0000000086500000, 0x0000000086500000|100%| O|  |TAMS 0x0000000086400000, 0x0000000086400000| Untracked 
|  51|0x0000000086500000, 0x0000000086600000, 0x0000000086600000|100%| O|  |TAMS 0x0000000086500000, 0x0000000086500000| Untracked 
|  52|0x0000000086600000, 0x0000000086700000, 0x0000000086700000|100%| O|  |TAMS 0x0000000086600000, 0x0000000086600000| Untracked 
|  53|0x0000000086700000, 0x0000000086800000, 0x0000000086800000|100%| O|  |TAMS 0x0000000086700000, 0x0000000086700000| Untracked 
|  54|0x0000000086800000, 0x0000000086900000, 0x0000000086900000|100%| O|  |TAMS 0x0000000086800000, 0x0000000086800000| Untracked 
|  55|0x0000000086900000, 0x0000000086a00000, 0x0000000086a00000|100%| O|  |TAMS 0x0000000086900000, 0x0000000086900000| Untracked 
|  56|0x0000000086a00000, 0x0000000086b00000, 0x0000000086b00000|100%| O|  |TAMS 0x0000000086a00000, 0x0000000086a00000| Untracked 
|  57|0x0000000086b00000, 0x0000000086c00000, 0x0000000086c00000|100%| O|  |TAMS 0x0000000086b00000, 0x0000000086b00000| Untracked 
|  58|0x0000000086c00000, 0x0000000086d00000, 0x0000000086d00000|100%| O|  |TAMS 0x0000000086c00000, 0x0000000086c00000| Untracked 
|  59|0x0000000086d00000, 0x0000000086e00000, 0x0000000086e00000|100%| O|  |TAMS 0x0000000086d00000, 0x0000000086d00000| Untracked 
|  60|0x0000000086e00000, 0x0000000086f00000, 0x0000000086f00000|100%| O|  |TAMS 0x0000000086e00000, 0x0000000086e00000| Untracked 
|  61|0x0000000086f00000, 0x0000000087000000, 0x0000000087000000|100%| O|  |TAMS 0x0000000086f00000, 0x0000000086f00000| Untracked 
|  62|0x0000000087000000, 0x0000000087100000, 0x0000000087100000|100%| O|  |TAMS 0x0000000087000000, 0x0000000087000000| Untracked 
|  63|0x0000000087100000, 0x0000000087200000, 0x0000000087200000|100%| O|  |TAMS 0x0000000087100000, 0x0000000087100000| Untracked 
|  64|0x0000000087200000, 0x0000000087300000, 0x0000000087300000|100%| O|  |TAMS 0x0000000087200000, 0x0000000087200000| Untracked 
|  65|0x0000000087300000, 0x0000000087400000, 0x0000000087400000|100%| O|  |TAMS 0x0000000087300000, 0x0000000087300000| Untracked 
|  66|0x0000000087400000, 0x0000000087500000, 0x0000000087500000|100%| O|  |TAMS 0x0000000087400000, 0x0000000087400000| Untracked 
|  67|0x0000000087500000, 0x0000000087600000, 0x0000000087600000|100%| O|  |TAMS 0x0000000087500000, 0x0000000087500000| Untracked 
|  68|0x0000000087600000, 0x00000000876d8400, 0x0000000087700000| 84%| O|  |TAMS 0x0000000087600000, 0x0000000087600000| Untracked 
|  69|0x0000000087700000, 0x0000000087700000, 0x0000000087800000|  0%| F|  |TAMS 0x0000000087700000, 0x0000000087700000| Untracked 
|  70|0x0000000087800000, 0x0000000087800000, 0x0000000087900000|  0%| F|  |TAMS 0x0000000087800000, 0x0000000087800000| Untracked 
|  71|0x0000000087900000, 0x0000000087900000, 0x0000000087a00000|  0%| F|  |TAMS 0x0000000087900000, 0x0000000087900000| Untracked 
|  72|0x0000000087a00000, 0x0000000087a00000, 0x0000000087b00000|  0%| F|  |TAMS 0x0000000087a00000, 0x0000000087a00000| Untracked 
|  73|0x0000000087b00000, 0x0000000087b00000, 0x0000000087c00000|  0%| F|  |TAMS 0x0000000087b00000, 0x0000000087b00000| Untracked 
|  74|0x0000000087c00000, 0x0000000087c00000, 0x0000000087d00000|  0%| F|  |TAMS 0x0000000087c00000, 0x0000000087c00000| Untracked 
|  75|0x0000000087d00000, 0x0000000087d00000, 0x0000000087e00000|  0%| F|  |TAMS 0x0000000087d00000, 0x0000000087d00000| Untracked 
|  76|0x0000000087e00000, 0x0000000087e00000, 0x0000000087f00000|  0%| F|  |TAMS 0x0000000087e00000, 0x0000000087e00000| Untracked 
|  77|0x0000000087f00000, 0x0000000087f00000, 0x0000000088000000|  0%| F|  |TAMS 0x0000000087f00000, 0x0000000087f00000| Untracked 
|  78|0x0000000088000000, 0x0000000088000000, 0x0000000088100000|  0%| F|  |TAMS 0x0000000088000000, 0x0000000088000000| Untracked 
|  79|0x0000000088100000, 0x0000000088100000, 0x0000000088200000|  0%| F|  |TAMS 0x0000000088100000, 0x0000000088100000| Untracked 
|  80|0x0000000088200000, 0x0000000088200000, 0x0000000088300000|  0%| F|  |TAMS 0x0000000088200000, 0x0000000088200000| Untracked 
|  81|0x0000000088300000, 0x0000000088300000, 0x0000000088400000|  0%| F|  |TAMS 0x0000000088300000, 0x0000000088300000| Untracked 
|  82|0x0000000088400000, 0x0000000088400000, 0x0000000088500000|  0%| F|  |TAMS 0x0000000088400000, 0x0000000088400000| Untracked 
|  83|0x0000000088500000, 0x0000000088500000, 0x0000000088600000|  0%| F|  |TAMS 0x0000000088500000, 0x0000000088500000| Untracked 
|  84|0x0000000088600000, 0x0000000088600000, 0x0000000088700000|  0%| F|  |TAMS 0x0000000088600000, 0x0000000088600000| Untracked 
|  85|0x0000000088700000, 0x0000000088700000, 0x0000000088800000|  0%| F|  |TAMS 0x0000000088700000, 0x0000000088700000| Untracked 
|  86|0x0000000088800000, 0x0000000088800000, 0x0000000088900000|  0%| F|  |TAMS 0x0000000088800000, 0x0000000088800000| Untracked 
|  87|0x0000000088900000, 0x0000000088900000, 0x0000000088a00000|  0%| F|  |TAMS 0x0000000088900000, 0x0000000088900000| Untracked 
|  88|0x0000000088a00000, 0x0000000088a00000, 0x0000000088b00000|  0%| F|  |TAMS 0x0000000088a00000, 0x0000000088a00000| Untracked 
|  89|0x0000000088b00000, 0x0000000088b00000, 0x0000000088c00000|  0%| F|  |TAMS 0x0000000088b00000, 0x0000000088b00000| Untracked 
|  90|0x0000000088c00000, 0x0000000088c00000, 0x0000000088d00000|  0%| F|  |TAMS 0x0000000088c00000, 0x0000000088c00000| Untracked 
|  91|0x0000000088d00000, 0x0000000088d00000, 0x0000000088e00000|  0%| F|  |TAMS 0x0000000088d00000, 0x0000000088d00000| Untracked 
|  92|0x0000000088e00000, 0x0000000088e00000, 0x0000000088f00000|  0%| F|  |TAMS 0x0000000088e00000, 0x0000000088e00000| Untracked 
|  93|0x0000000088f00000, 0x0000000088f00000, 0x0000000089000000|  0%| F|  |TAMS 0x0000000088f00000, 0x0000000088f00000| Untracked 
|  94|0x0000000089000000, 0x0000000089000000, 0x0000000089100000|  0%| F|  |TAMS 0x0000000089000000, 0x0000000089000000| Untracked 
|  95|0x0000000089100000, 0x0000000089100000, 0x0000000089200000|  0%| F|  |TAMS 0x0000000089100000, 0x0000000089100000| Untracked 
|  96|0x0000000089200000, 0x0000000089200000, 0x0000000089300000|  0%| F|  |TAMS 0x0000000089200000, 0x0000000089200000| Untracked 
|  97|0x0000000089300000, 0x0000000089300000, 0x0000000089400000|  0%| F|  |TAMS 0x0000000089300000, 0x0000000089300000| Untracked 
|  98|0x0000000089400000, 0x0000000089400000, 0x0000000089500000|  0%| F|  |TAMS 0x0000000089400000, 0x0000000089400000| Untracked 
|  99|0x0000000089500000, 0x0000000089500000, 0x0000000089600000|  0%| F|  |TAMS 0x0000000089500000, 0x0000000089500000| Untracked 
| 100|0x0000000089600000, 0x0000000089600000, 0x0000000089700000|  0%| F|  |TAMS 0x0000000089600000, 0x0000000089600000| Untracked 
| 101|0x0000000089700000, 0x00000000897de3c0, 0x0000000089800000| 86%| S|CS|TAMS 0x0000000089700000, 0x0000000089700000| Complete 
| 102|0x0000000089800000, 0x0000000089900000, 0x0000000089900000|100%| S|CS|TAMS 0x0000000089800000, 0x0000000089800000| Complete 
| 103|0x0000000089900000, 0x0000000089a00000, 0x0000000089a00000|100%| S|CS|TAMS 0x0000000089900000, 0x0000000089900000| Complete 
| 104|0x0000000089a00000, 0x0000000089a00000, 0x0000000089b00000|  0%| F|  |TAMS 0x0000000089a00000, 0x0000000089a00000| Untracked 
| 105|0x0000000089b00000, 0x0000000089b00000, 0x0000000089c00000|  0%| F|  |TAMS 0x0000000089b00000, 0x0000000089b00000| Untracked 
| 106|0x0000000089c00000, 0x0000000089c00000, 0x0000000089d00000|  0%| F|  |TAMS 0x0000000089c00000, 0x0000000089c00000| Untracked 
| 107|0x0000000089d00000, 0x0000000089d00000, 0x0000000089e00000|  0%| F|  |TAMS 0x0000000089d00000, 0x0000000089d00000| Untracked 
| 108|0x0000000089e00000, 0x0000000089e00000, 0x0000000089f00000|  0%| F|  |TAMS 0x0000000089e00000, 0x0000000089e00000| Untracked 
| 109|0x0000000089f00000, 0x000000008a000000, 0x000000008a000000|100%| S|CS|TAMS 0x0000000089f00000, 0x0000000089f00000| Complete 
| 110|0x000000008a000000, 0x000000008a000000, 0x000000008a100000|  0%| F|  |TAMS 0x000000008a000000, 0x000000008a000000| Untracked 
| 111|0x000000008a100000, 0x000000008a100000, 0x000000008a200000|  0%| F|  |TAMS 0x000000008a100000, 0x000000008a100000| Untracked 
| 112|0x000000008a200000, 0x000000008a200000, 0x000000008a300000|  0%| F|  |TAMS 0x000000008a200000, 0x000000008a200000| Untracked 
| 113|0x000000008a300000, 0x000000008a300000, 0x000000008a400000|  0%| F|  |TAMS 0x000000008a300000, 0x000000008a300000| Untracked 
| 114|0x000000008a400000, 0x000000008a400000, 0x000000008a500000|  0%| F|  |TAMS 0x000000008a400000, 0x000000008a400000| Untracked 
| 115|0x000000008a500000, 0x000000008a500000, 0x000000008a600000|  0%| F|  |TAMS 0x000000008a500000, 0x000000008a500000| Untracked 
| 116|0x000000008a600000, 0x000000008a600000, 0x000000008a700000|  0%| F|  |TAMS 0x000000008a600000, 0x000000008a600000| Untracked 
| 117|0x000000008a700000, 0x000000008a700000, 0x000000008a800000|  0%| F|  |TAMS 0x000000008a700000, 0x000000008a700000| Untracked 
| 118|0x000000008a800000, 0x000000008a800000, 0x000000008a900000|  0%| F|  |TAMS 0x000000008a800000, 0x000000008a800000| Untracked 
| 119|0x000000008a900000, 0x000000008a900000, 0x000000008aa00000|  0%| F|  |TAMS 0x000000008a900000, 0x000000008a900000| Untracked 
| 120|0x000000008aa00000, 0x000000008aa00000, 0x000000008ab00000|  0%| F|  |TAMS 0x000000008aa00000, 0x000000008aa00000| Untracked 
| 121|0x000000008ab00000, 0x000000008ab00000, 0x000000008ac00000|  0%| F|  |TAMS 0x000000008ab00000, 0x000000008ab00000| Untracked 
| 122|0x000000008ac00000, 0x000000008ac00000, 0x000000008ad00000|  0%| F|  |TAMS 0x000000008ac00000, 0x000000008ac00000| Untracked 
| 123|0x000000008ad00000, 0x000000008ad00000, 0x000000008ae00000|  0%| F|  |TAMS 0x000000008ad00000, 0x000000008ad00000| Untracked 
| 124|0x000000008ae00000, 0x000000008ae00000, 0x000000008af00000|  0%| F|  |TAMS 0x000000008ae00000, 0x000000008ae00000| Untracked 
| 125|0x000000008af00000, 0x000000008af00000, 0x000000008b000000|  0%| F|  |TAMS 0x000000008af00000, 0x000000008af00000| Untracked 
| 126|0x000000008b000000, 0x000000008b000000, 0x000000008b100000|  0%| F|  |TAMS 0x000000008b000000, 0x000000008b000000| Untracked 
| 127|0x000000008b100000, 0x000000008b100000, 0x000000008b200000|  0%| F|  |TAMS 0x000000008b100000, 0x000000008b100000| Untracked 
| 128|0x000000008b200000, 0x000000008b200000, 0x000000008b300000|  0%| F|  |TAMS 0x000000008b200000, 0x000000008b200000| Untracked 
| 129|0x000000008b300000, 0x000000008b300000, 0x000000008b400000|  0%| F|  |TAMS 0x000000008b300000, 0x000000008b300000| Untracked 
| 130|0x000000008b400000, 0x000000008b400000, 0x000000008b500000|  0%| F|  |TAMS 0x000000008b400000, 0x000000008b400000| Untracked 
| 131|0x000000008b500000, 0x000000008b500000, 0x000000008b600000|  0%| F|  |TAMS 0x000000008b500000, 0x000000008b500000| Untracked 
| 132|0x000000008b600000, 0x000000008b600000, 0x000000008b700000|  0%| F|  |TAMS 0x000000008b600000, 0x000000008b600000| Untracked 
| 133|0x000000008b700000, 0x000000008b700000, 0x000000008b800000|  0%| F|  |TAMS 0x000000008b700000, 0x000000008b700000| Untracked 
| 134|0x000000008b800000, 0x000000008b800000, 0x000000008b900000|  0%| F|  |TAMS 0x000000008b800000, 0x000000008b800000| Untracked 
| 135|0x000000008b900000, 0x000000008b900000, 0x000000008ba00000|  0%| F|  |TAMS 0x000000008b900000, 0x000000008b900000| Untracked 
| 136|0x000000008ba00000, 0x000000008ba00000, 0x000000008bb00000|  0%| F|  |TAMS 0x000000008ba00000, 0x000000008ba00000| Untracked 
| 137|0x000000008bb00000, 0x000000008bb00000, 0x000000008bc00000|  0%| F|  |TAMS 0x000000008bb00000, 0x000000008bb00000| Untracked 
| 138|0x000000008bc00000, 0x000000008bc00000, 0x000000008bd00000|  0%| F|  |TAMS 0x000000008bc00000, 0x000000008bc00000| Untracked 
| 139|0x000000008bd00000, 0x000000008bd00000, 0x000000008be00000|  0%| F|  |TAMS 0x000000008bd00000, 0x000000008bd00000| Untracked 
| 140|0x000000008be00000, 0x000000008be00000, 0x000000008bf00000|  0%| F|  |TAMS 0x000000008be00000, 0x000000008be00000| Untracked 
| 141|0x000000008bf00000, 0x000000008bf00000, 0x000000008c000000|  0%| F|  |TAMS 0x000000008bf00000, 0x000000008bf00000| Untracked 
| 142|0x000000008c000000, 0x000000008c000000, 0x000000008c100000|  0%| F|  |TAMS 0x000000008c000000, 0x000000008c000000| Untracked 
| 143|0x000000008c100000, 0x000000008c100000, 0x000000008c200000|  0%| F|  |TAMS 0x000000008c100000, 0x000000008c100000| Untracked 
| 144|0x000000008c200000, 0x000000008c200000, 0x000000008c300000|  0%| F|  |TAMS 0x000000008c200000, 0x000000008c200000| Untracked 
| 145|0x000000008c300000, 0x000000008c300000, 0x000000008c400000|  0%| F|  |TAMS 0x000000008c300000, 0x000000008c300000| Untracked 
| 146|0x000000008c400000, 0x000000008c400000, 0x000000008c500000|  0%| F|  |TAMS 0x000000008c400000, 0x000000008c400000| Untracked 
| 147|0x000000008c500000, 0x000000008c500000, 0x000000008c600000|  0%| F|  |TAMS 0x000000008c500000, 0x000000008c500000| Untracked 
| 148|0x000000008c600000, 0x000000008c600000, 0x000000008c700000|  0%| F|  |TAMS 0x000000008c600000, 0x000000008c600000| Untracked 
| 149|0x000000008c700000, 0x000000008c700000, 0x000000008c800000|  0%| F|  |TAMS 0x000000008c700000, 0x000000008c700000| Untracked 
| 150|0x000000008c800000, 0x000000008c800000, 0x000000008c900000|  0%| F|  |TAMS 0x000000008c800000, 0x000000008c800000| Untracked 
| 151|0x000000008c900000, 0x000000008c900000, 0x000000008ca00000|  0%| F|  |TAMS 0x000000008c900000, 0x000000008c900000| Untracked 
| 152|0x000000008ca00000, 0x000000008ca00000, 0x000000008cb00000|  0%| F|  |TAMS 0x000000008ca00000, 0x000000008ca00000| Untracked 
| 153|0x000000008cb00000, 0x000000008cb00000, 0x000000008cc00000|  0%| F|  |TAMS 0x000000008cb00000, 0x000000008cb00000| Untracked 
| 154|0x000000008cc00000, 0x000000008cc00000, 0x000000008cd00000|  0%| F|  |TAMS 0x000000008cc00000, 0x000000008cc00000| Untracked 
| 155|0x000000008cd00000, 0x000000008cd00000, 0x000000008ce00000|  0%| F|  |TAMS 0x000000008cd00000, 0x000000008cd00000| Untracked 

Card table byte_map: [0x000002e69f9d0000,0x000002e69fdc0000] _byte_map_base: 0x000002e69f5b7000

Marking Bits (Prev, Next): (CMBitMap*) 0x000002e6998ae130, (CMBitMap*) 0x000002e6998ae0f0
 Prev Bits: [0x000002e6a20f0000, 0x000002e6a4028000)
 Next Bits: [0x000002e6a01b0000, 0x000002e6a20e8000)

Polling page: 0x000002e6977d0000

Metaspace:

Usage:
  Non-class:     33.07 MB used.
      Class:      4.79 MB used.
       Both:     37.86 MB used.

Virtual space:
  Non-class space:       40.00 MB reserved,      33.31 MB ( 83%) committed,  5 nodes.
      Class space:        1.00 GB reserved,       5.00 MB ( <1%) committed,  1 nodes.
             Both:        1.04 GB reserved,      38.31 MB (  4%) committed. 

Chunk freelists:
   Non-Class:  2.31 MB
       Class:  3.03 MB
        Both:  5.34 MB

MaxMetaspaceSize: unlimited
CompressedClassSpaceSize: 1.00 GB
Initial GC threshold: 21.00 MB
Current GC threshold: 62.94 MB
CDS: off
MetaspaceReclaimPolicy: balanced
 - commit_granule_bytes: 65536.
 - commit_granule_words: 8192.
 - virtual_space_node_default_size: 1048576.
 - enlarge_chunks_in_place: 1.
 - new_chunks_are_fully_committed: 0.
 - uncommit_free_chunks: 1.
 - use_allocation_guard: 0.
 - handle_deallocations: 1.


Internal statistics:

num_allocs_failed_limit: 8.
num_arena_births: 370.
num_arena_deaths: 0.
num_vsnodes_births: 6.
num_vsnodes_deaths: 0.
num_space_committed: 613.
num_space_uncommitted: 0.
num_chunks_returned_to_freelist: 8.
num_chunks_taken_from_freelist: 1492.
num_chunk_merges: 8.
num_chunk_splits: 1039.
num_chunks_enlarged: 812.
num_purges: 0.
num_inconsistent_stats: 0.

CodeCache: size=49152Kb used=9538Kb max_used=9538Kb free=39613Kb
 bounds [0x000002e69c4d0000, 0x000002e69ce30000, 0x000002e69f4d0000]
 total_blobs=4514 nmethods=3981 adapters=457
 compilation: enabled
              stopped_count=0, restarted_count=0
 full_count=0

Compilation events (20 events):
Event: 3.528 Thread 0x000002e6a7424e10 nmethod 3970 0x000002e69ce15890 code [0x000002e69ce15a80, 0x000002e69ce15eb8]
Event: 3.528 Thread 0x000002e6a7424e10 3896       1       jdk.internal.jimage.decompressor.CompressedResourceHeader::getUncompressedSize (5 bytes)
Event: 3.528 Thread 0x000002e6a75d7700 nmethod 3964 0x000002e69ce16190 code [0x000002e69ce163a0, 0x000002e69ce168c8]
Event: 3.528 Thread 0x000002e6a7424e10 nmethod 3896 0x000002e69ce16b10 code [0x000002e69ce16ca0, 0x000002e69ce16d78]
Event: 3.528 Thread 0x000002e6a75d7700 3961       1       jdk.internal.jimage.decompressor.ZipDecompressor::decompress (10 bytes)
Event: 3.528 Thread 0x000002e6a7424e10 3945       1       io.github.classgraph.Classfile$ClassContainment::<init> (20 bytes)
Event: 3.528 Thread 0x000002e6a8093030 nmethod 3942 0x000002e69ce16e10 code [0x000002e69ce16fc0, 0x000002e69ce171b8]
Event: 3.528 Thread 0x000002e6a8093030 3938       1       java.util.zip.Inflater::<init> (28 bytes)
Event: 3.528 Thread 0x000002e6a75d7700 nmethod 3961 0x000002e69ce17310 code [0x000002e69ce174a0, 0x000002e69ce17588]
Event: 3.528 Thread 0x000002e6a75d7700 3913       1       java.io.ByteArrayOutputStream::close (1 bytes)
Event: 3.528 Thread 0x000002e6a75d7700 nmethod 3913 0x000002e69ce17610 code [0x000002e69ce177a0, 0x000002e69ce17858]
Event: 3.528 Thread 0x000002e6a75d7700 3962       1       java.util.zip.Inflater::<init> (6 bytes)
Event: 3.528 Thread 0x000002e6a7424e10 nmethod 3945 0x000002e69ce17910 code [0x000002e69ce17aa0, 0x000002e69ce17bf8]
Event: 3.528 Thread 0x000002e6a8093030 nmethod 3938 0x000002e69ce17c90 code [0x000002e69ce17e60, 0x000002e69ce181f8]
Event: 3.528 Thread 0x000002e6a75d7700 nmethod 3962 0x000002e69ce18390 code [0x000002e69ce18560, 0x000002e69ce188f8]
Event: 3.531 Thread 0x000002e6a7531fb0 nmethod 3934 0x000002e69ce18a90 code [0x000002e69ce192c0, 0x000002e69ce1be08]
Event: 3.535 Thread 0x000002e6a7424e10 3976       1       java.lang.invoke.LambdaFormBuffer::indexOf (33 bytes)
Event: 3.535 Thread 0x000002e6a75d7700 3977       1       java.util.Arrays::fill (28 bytes)
Event: 3.535 Thread 0x000002e6a7424e10 nmethod 3976 0x000002e69ce1f090 code [0x000002e69ce1f240, 0x000002e69ce1f3b8]
Event: 3.536 Thread 0x000002e6a75d7700 nmethod 3977 0x000002e69ce1f490 code [0x000002e69ce1f640, 0x000002e69ce1f828]

GC Heap History (20 events):
Event: 2.924 GC heap after
{Heap after GC invocations=9 (full 0):
 garbage-first heap   total 89088K, used 22216K [0x0000000083200000, 0x0000000100000000)
  region size 1024K, 6 young (6144K), 6 survivors (6144K)
 Metaspace       used 35364K, committed 35648K, reserved 1081344K
  class space    used 4582K, committed 4736K, reserved 1048576K
}
Event: 2.997 GC heap before
{Heap before GC invocations=9 (full 0):
 garbage-first heap   total 89088K, used 51912K [0x0000000083200000, 0x0000000100000000)
  region size 1024K, 36 young (36864K), 6 survivors (6144K)
 Metaspace       used 35823K, committed 36160K, reserved 1081344K
  class space    used 4634K, committed 4800K, reserved 1048576K
}
Event: 3.005 GC heap after
{Heap after GC invocations=10 (full 0):
 garbage-first heap   total 89088K, used 28000K [0x0000000083200000, 0x0000000100000000)
  region size 1024K, 6 young (6144K), 6 survivors (6144K)
 Metaspace       used 35823K, committed 36160K, reserved 1081344K
  class space    used 4634K, committed 4800K, reserved 1048576K
}
Event: 3.082 GC heap before
{Heap before GC invocations=11 (full 0):
 garbage-first heap   total 89088K, used 59744K [0x0000000083200000, 0x0000000100000000)
  region size 1024K, 38 young (38912K), 6 survivors (6144K)
 Metaspace       used 36246K, committed 36608K, reserved 1081344K
  class space    used 4665K, committed 4800K, reserved 1048576K
}
Event: 3.087 GC heap after
{Heap after GC invocations=12 (full 0):
 garbage-first heap   total 89088K, used 33426K [0x0000000083200000, 0x0000000100000000)
  region size 1024K, 5 young (5120K), 5 survivors (5120K)
 Metaspace       used 36246K, committed 36608K, reserved 1081344K
  class space    used 4665K, committed 4800K, reserved 1048576K
}
Event: 3.136 GC heap before
{Heap before GC invocations=12 (full 0):
 garbage-first heap   total 89088K, used 62098K [0x0000000083200000, 0x0000000100000000)
  region size 1024K, 34 young (34816K), 5 survivors (5120K)
 Metaspace       used 36569K, committed 36928K, reserved 1081344K
  class space    used 4705K, committed 4864K, reserved 1048576K
}
Event: 3.142 GC heap after
{Heap after GC invocations=13 (full 0):
 garbage-first heap   total 89088K, used 41783K [0x0000000083200000, 0x0000000100000000)
  region size 1024K, 5 young (5120K), 5 survivors (5120K)
 Metaspace       used 36569K, committed 36928K, reserved 1081344K
  class space    used 4705K, committed 4864K, reserved 1048576K
}
Event: 3.189 GC heap before
{Heap before GC invocations=13 (full 0):
 garbage-first heap   total 89088K, used 64311K [0x0000000083200000, 0x0000000100000000)
  region size 1024K, 27 young (27648K), 5 survivors (5120K)
 Metaspace       used 36901K, committed 37248K, reserved 1081344K
  class space    used 4733K, committed 4864K, reserved 1048576K
}
Event: 3.193 GC heap after
{Heap after GC invocations=14 (full 0):
 garbage-first heap   total 89088K, used 46626K [0x0000000083200000, 0x0000000100000000)
  region size 1024K, 4 young (4096K), 4 survivors (4096K)
 Metaspace       used 36901K, committed 37248K, reserved 1081344K
  class space    used 4733K, committed 4864K, reserved 1048576K
}
Event: 3.321 GC heap before
{Heap before GC invocations=14 (full 0):
 garbage-first heap   total 89088K, used 66082K [0x0000000083200000, 0x0000000100000000)
  region size 1024K, 24 young (24576K), 4 survivors (4096K)
 Metaspace       used 37956K, committed 38272K, reserved 1089536K
  class space    used 4793K, committed 4928K, reserved 1048576K
}
Event: 3.325 GC heap after
{Heap after GC invocations=15 (full 0):
 garbage-first heap   total 159744K, used 51008K [0x0000000083200000, 0x0000000100000000)
  region size 1024K, 3 young (3072K), 3 survivors (3072K)
 Metaspace       used 37956K, committed 38272K, reserved 1089536K
  class space    used 4793K, committed 4928K, reserved 1048576K
}
Event: 3.431 GC heap before
{Heap before GC invocations=16 (full 0):
 garbage-first heap   total 159744K, used 108352K [0x0000000083200000, 0x0000000100000000)
  region size 1024K, 58 young (59392K), 3 survivors (3072K)
 Metaspace       used 38705K, committed 39168K, reserved 1089536K
  class space    used 4893K, committed 5120K, reserved 1048576K
}
Event: 3.455 GC heap after
{Heap after GC invocations=17 (full 0):
 garbage-first heap   total 159744K, used 68355K [0x0000000083200000, 0x0000000100000000)
  region size 1024K, 8 young (8192K), 8 survivors (8192K)
 Metaspace       used 38705K, committed 39168K, reserved 1089536K
  class space    used 4893K, committed 5120K, reserved 1048576K
}
Event: 3.462 GC heap before
{Heap before GC invocations=17 (full 0):
 garbage-first heap   total 159744K, used 68355K [0x0000000083200000, 0x0000000100000000)
  region size 1024K, 9 young (9216K), 8 survivors (8192K)
 Metaspace       used 38705K, committed 39168K, reserved 1089536K
  class space    used 4893K, committed 5120K, reserved 1048576K
}
Event: 3.466 GC heap after
{Heap after GC invocations=18 (full 0):
 garbage-first heap   total 159744K, used 69398K [0x0000000083200000, 0x0000000100000000)
  region size 1024K, 1 young (1024K), 1 survivors (1024K)
 Metaspace       used 38705K, committed 39168K, reserved 1089536K
  class space    used 4893K, committed 5120K, reserved 1048576K
}
Event: 3.486 GC heap before
{Heap before GC invocations=18 (full 0):
 garbage-first heap   total 159744K, used 112406K [0x0000000083200000, 0x0000000100000000)
  region size 1024K, 44 young (45056K), 1 survivors (1024K)
 Metaspace       used 38710K, committed 39168K, reserved 1089536K
  class space    used 4893K, committed 5120K, reserved 1048576K
}
Event: 3.488 GC heap after
{Heap after GC invocations=19 (full 0):
 garbage-first heap   total 159744K, used 70748K [0x0000000083200000, 0x0000000100000000)
  region size 1024K, 3 young (3072K), 3 survivors (3072K)
 Metaspace       used 38710K, committed 39168K, reserved 1089536K
  class space    used 4893K, committed 5120K, reserved 1048576K
}
Event: 3.518 GC heap before
{Heap before GC invocations=19 (full 0):
 garbage-first heap   total 159744K, used 114780K [0x0000000083200000, 0x0000000100000000)
  region size 1024K, 47 young (48128K), 3 survivors (3072K)
 Metaspace       used 38719K, committed 39168K, reserved 1089536K
  class space    used 4894K, committed 5120K, reserved 1048576K
}
Event: 3.521 GC heap after
{Heap after GC invocations=20 (full 0):
 garbage-first heap   total 159744K, used 72583K [0x0000000083200000, 0x0000000100000000)
  region size 1024K, 5 young (5120K), 5 survivors (5120K)
 Metaspace       used 38719K, committed 39168K, reserved 1089536K
  class space    used 4894K, committed 5120K, reserved 1048576K
}
Event: 3.545 GC heap before
{Heap before GC invocations=20 (full 0):
 garbage-first heap   total 159744K, used 118663K [0x0000000083200000, 0x0000000100000000)
  region size 1024K, 51 young (52224K), 5 survivors (5120K)
 Metaspace       used 38763K, committed 39232K, reserved 1089536K
  class space    used 4903K, committed 5120K, reserved 1048576K
}

Deoptimization events (12 events):
Event: 1.417 Thread 0x000002e699854900 DEOPT PACKING pc=0x000002e69ca2c619 sp=0x000000f4dd7fd610
Event: 1.417 Thread 0x000002e699854900 DEOPT UNPACKING pc=0x000002e69c526763 sp=0x000000f4dd7fcaf0 mode 3
Event: 2.415 Thread 0x000002e699854900 DEOPT PACKING pc=0x000002e69cba4c99 sp=0x000000f4dd7fc9f0
Event: 2.415 Thread 0x000002e699854900 DEOPT UNPACKING pc=0x000002e69c526763 sp=0x000000f4dd7fbed0 mode 3
Event: 2.712 Thread 0x000002e6a95e5660 DEOPT PACKING pc=0x000002e69cc5bbb5 sp=0x000000f4df8fdc20
Event: 2.712 Thread 0x000002e6a95e5660 DEOPT UNPACKING pc=0x000002e69c526763 sp=0x000000f4df8fd138 mode 3
Event: 2.834 Thread 0x000002e6a95e5b30 DEOPT PACKING pc=0x000002e69cc7ac2b sp=0x000000f4df9fe980
Event: 2.834 Thread 0x000002e6a95e5b30 DEOPT UNPACKING pc=0x000002e69c526763 sp=0x000000f4df9fdec8 mode 3
Event: 2.926 Thread 0x000002e6a95c66a0 DEOPT PACKING pc=0x000002e69ca2d681 sp=0x000000f4df7fdb90
Event: 2.926 Thread 0x000002e6a95c66a0 DEOPT UNPACKING pc=0x000002e69c526763 sp=0x000000f4df7fd020 mode 3
Event: 3.132 Thread 0x000002e6a96ff570 DEOPT PACKING pc=0x000002e69ca29097 sp=0x000000f4e0cff030
Event: 3.132 Thread 0x000002e6a96ff570 DEOPT UNPACKING pc=0x000002e69c526763 sp=0x000000f4e0cfe488 mode 3

Classes unloaded (0 events):
No events

Classes redefined (0 events):
No events

Internal exceptions (20 events):
Event: 2.878 Thread 0x000002e6a9660a00 Exception <a 'sun/nio/fs/WindowsException'{0x0000000087134968}> (0x0000000087134968) 
thrown [s\src\hotspot\share\prims\jni.cpp, line 516]
Event: 2.878 Thread 0x000002e6a9660a00 Exception <a 'sun/nio/fs/WindowsException'{0x0000000087135358}> (0x0000000087135358) 
thrown [s\src\hotspot\share\prims\jni.cpp, line 516]
Event: 2.878 Thread 0x000002e6a9660a00 Exception <a 'sun/nio/fs/WindowsException'{0x0000000087135700}> (0x0000000087135700) 
thrown [s\src\hotspot\share\prims\jni.cpp, line 516]
Event: 2.878 Thread 0x000002e6a9660a00 Exception <a 'sun/nio/fs/WindowsException'{0x0000000087136100}> (0x0000000087136100) 
thrown [s\src\hotspot\share\prims\jni.cpp, line 516]
Event: 2.878 Thread 0x000002e6a9660a00 Exception <a 'sun/nio/fs/WindowsException'{0x00000000871364c0}> (0x00000000871364c0) 
thrown [s\src\hotspot\share\prims\jni.cpp, line 516]
Event: 2.878 Thread 0x000002e6a9660a00 Exception <a 'sun/nio/fs/WindowsException'{0x0000000087136ec0}> (0x0000000087136ec0) 
thrown [s\src\hotspot\share\prims\jni.cpp, line 516]
Event: 2.878 Thread 0x000002e6a9660a00 Exception <a 'sun/nio/fs/WindowsException'{0x0000000087137270}> (0x0000000087137270) 
thrown [s\src\hotspot\share\prims\jni.cpp, line 516]
Event: 2.879 Thread 0x000002e6a9660a00 Exception <a 'sun/nio/fs/WindowsException'{0x0000000087137c70}> (0x0000000087137c70) 
thrown [s\src\hotspot\share\prims\jni.cpp, line 516]
Event: 2.879 Thread 0x000002e6a9660a00 Exception <a 'sun/nio/fs/WindowsException'{0x0000000087138030}> (0x0000000087138030) 
thrown [s\src\hotspot\share\prims\jni.cpp, line 516]
Event: 2.879 Thread 0x000002e6a9660a00 Exception <a 'sun/nio/fs/WindowsException'{0x0000000087138a58}> (0x0000000087138a58) 
thrown [s\src\hotspot\share\prims\jni.cpp, line 516]
Event: 2.879 Thread 0x000002e6a9660a00 Exception <a 'sun/nio/fs/WindowsException'{0x0000000087138e38}> (0x0000000087138e38) 
thrown [s\src\hotspot\share\prims\jni.cpp, line 516]
Event: 2.879 Thread 0x000002e6a9660a00 Exception <a 'sun/nio/fs/WindowsException'{0x0000000087139870}> (0x0000000087139870) 
thrown [s\src\hotspot\share\prims\jni.cpp, line 516]
Event: 2.879 Thread 0x000002e6a9660a00 Exception <a 'sun/nio/fs/WindowsException'{0x0000000087139c60}> (0x0000000087139c60) 
thrown [s\src\hotspot\share\prims\jni.cpp, line 516]
Event: 2.879 Thread 0x000002e6a9660a00 Exception <a 'sun/nio/fs/WindowsException'{0x000000008713a688}> (0x000000008713a688) 
thrown [s\src\hotspot\share\prims\jni.cpp, line 516]
Event: 2.879 Thread 0x000002e6a9660a00 Exception <a 'sun/nio/fs/WindowsException'{0x000000008713aa78}> (0x000000008713aa78) 
thrown [s\src\hotspot\share\prims\jni.cpp, line 516]
Event: 2.899 Thread 0x000002e6a95e5660 Exception <a 'java/lang/NoSuchMethodError'{0x0000000086a76f88}: 'int java.lang.invoke.DirectMethodHandle$Holder.invokeStatic(java.lang.Object)'> (0x0000000086a76f88) 
thrown [s\src\hotspot\share\interpreter\linkResolver.cpp, line 759]
Event: 2.900 Thread 0x000002e6a95e5660 Exception <a 'java/lang/NoSuchMethodError'{0x00000000869d9780}: 'int java.lang.invoke.DirectMethodHandle$Holder.invokeStaticInit(java.lang.Object)'> (0x00000000869d9780) 
thrown [s\src\hotspot\share\interpreter\linkResolver.cpp, line 759]
Event: 3.351 Thread 0x000002e6a95e5660 Exception <a 'java/lang/NoSuchMethodError'{0x000000008c976cc8}: 'java.lang.Object java.lang.invoke.Invokers$Holder.invoke_MT(java.lang.Object, java.lang.Object, java.lang.Object)'> (0x000000008c976cc8) 
thrown [s\src\hotspot\share\interpreter\linkResolver.cpp, line 759]
Event: 3.431 Thread 0x000002e6a95e5660 Exception <a 'java/lang/NoSuchMethodError'{0x000000008ab08348}: 'java.lang.Object java.lang.invoke.DirectMethodHandle$Holder.newInvokeSpecial(java.lang.Object, java.lang.Object, int)'> (0x000000008ab08348) 
thrown [s\src\hotspot\share\interpreter\linkResolver.cpp, line 759]
Event: 3.538 Thread 0x000002e6a96fb210 Exception <a 'java/lang/NoSuchMethodError'{0x000000008ae4c2d0}: 'java.lang.Object java.lang.invoke.Invokers$Holder.linkToTargetMethod(java.lang.Object, long, java.lang.Object)'> (0x000000008ae4c2d0) 
thrown [s\src\hotspot\share\interpreter\linkResolver.cpp, line 759]

VM Operations (20 events):
Event: 3.380 Executing VM operation: HandshakeAllThreads done
Event: 3.430 Executing VM operation: G1CollectForAllocation
Event: 3.431 Executing VM operation: G1CollectForAllocation done
Event: 3.431 Executing VM operation: G1CollectForAllocation
Event: 3.456 Executing VM operation: G1CollectForAllocation done
Event: 3.460 Executing VM operation: G1CollectForAllocation
Event: 3.462 Executing VM operation: G1CollectForAllocation done
Event: 3.462 Executing VM operation: G1CollectForAllocation
Event: 3.466 Executing VM operation: G1CollectForAllocation done
Event: 3.483 Executing VM operation: G1CollectForAllocation
Event: 3.486 Executing VM operation: G1CollectForAllocation done
Event: 3.486 Executing VM operation: G1CollectForAllocation
Event: 3.488 Executing VM operation: G1CollectForAllocation done
Event: 3.517 Executing VM operation: G1CollectForAllocation
Event: 3.518 Executing VM operation: G1CollectForAllocation done
Event: 3.518 Executing VM operation: G1CollectForAllocation
Event: 3.521 Executing VM operation: G1CollectForAllocation done
Event: 3.541 Executing VM operation: HandshakeAllThreads
Event: 3.545 Executing VM operation: HandshakeAllThreads done
Event: 3.545 Executing VM operation: G1CollectForAllocation

Events (20 events):
Event: 3.380 loading class java/nio/file/FileTreeWalker$Event
Event: 3.380 loading class java/nio/file/FileTreeWalker$Event done
Event: 3.380 loading class java/nio/file/FileTreeWalker$EventType
Event: 3.380 loading class java/nio/file/FileTreeWalker$EventType done
Event: 3.380 loading class java/nio/file/Files$3
Event: 3.380 loading class java/nio/file/Files$3 done
Event: 3.380 loading class java/nio/file/FileVisitResult
Event: 3.380 loading class java/nio/file/FileVisitResult done
Event: 3.398 loading class java/nio/channels/Channels$ReadableByteChannelImpl
Event: 3.398 loading class java/nio/channels/Channels$ReadableByteChannelImpl done
Event: 3.398 loading class java/nio/channels/NonWritableChannelException
Event: 3.398 loading class java/nio/channels/NonWritableChannelException done
Event: 3.416 loading class java/util/WeakHashMap$EntrySet
Event: 3.417 loading class java/util/WeakHashMap$EntrySet done
Event: 3.417 loading class java/util/WeakHashMap$EntryIterator
Event: 3.417 loading class java/util/WeakHashMap$HashIterator
Event: 3.417 loading class java/util/WeakHashMap$HashIterator done
Event: 3.417 loading class java/util/WeakHashMap$EntryIterator done
Event: 3.497 Thread 0x000002e6a96fb210 Thread added: 0x000002e6a96fb210
Event: 3.529 Thread 0x000002e6a96fca20 Thread added: 0x000002e6a96fca20


Dynamic libraries:
0x00007ff678060000 - 0x00007ff67806e000 	c:\Users\datea\.vscode\extensions\redhat.java-1.11.0-win32-x64\jre\17.0.4.1-win32-x86_64\bin\java.exe
0x00007ffe46e50000 - 0x00007ffe47069000 	C:\WINDOWS\SYSTEM32\ntdll.dll
0x00007ffe45bb0000 - 0x00007ffe45c72000 	C:\WINDOWS\System32\KERNEL32.DLL
0x00007ffe44480000 - 0x00007ffe4481c000 	C:\WINDOWS\System32\KERNELBASE.dll
0x00007ffe410c0000 - 0x00007ffe41156000 	C:\WINDOWS\SYSTEM32\apphelp.dll
0x00007ffe448a0000 - 0x00007ffe449bb000 	C:\WINDOWS\System32\ucrtbase.dll
0x00007ffe3d540000 - 0x00007ffe3d558000 	c:\Users\datea\.vscode\extensions\redhat.java-1.11.0-win32-x64\jre\17.0.4.1-win32-x86_64\bin\jli.dll
0x00007ffe3d4a0000 - 0x00007ffe3d4b9000 	c:\Users\datea\.vscode\extensions\redhat.java-1.11.0-win32-x64\jre\17.0.4.1-win32-x86_64\bin\VCRUNTIME140.dll
0x00007ffe45c90000 - 0x00007ffe45e3c000 	C:\WINDOWS\System32\USER32.dll
0x00007ffe21b70000 - 0x00007ffe21e01000 	C:\WINDOWS\WinSxS\amd64_microsoft.windows.common-controls_6595b64144ccf1df_6.0.25227.1000_none_7b35d90bf2068bf3\COMCTL32.dll
0x00007ffe44b80000 - 0x00007ffe44ba6000 	C:\WINDOWS\System32\win32u.dll
0x00007ffe45e90000 - 0x00007ffe45f37000 	C:\WINDOWS\System32\msvcrt.dll
0x00007ffe44ea0000 - 0x00007ffe44ec9000 	C:\WINDOWS\System32\GDI32.dll
0x00007ffe44a60000 - 0x00007ffe44b76000 	C:\WINDOWS\System32\gdi32full.dll
0x00007ffe449c0000 - 0x00007ffe44a5a000 	C:\WINDOWS\System32\msvcp_win.dll
0x00007ffe45260000 - 0x00007ffe45291000 	C:\WINDOWS\System32\IMM32.DLL
0x00007ffe3e1b0000 - 0x00007ffe3e1bc000 	c:\Users\datea\.vscode\extensions\redhat.java-1.11.0-win32-x64\jre\17.0.4.1-win32-x86_64\bin\vcruntime140_1.dll
0x00007ffe00540000 - 0x00007ffe005d1000 	c:\Users\datea\.vscode\extensions\redhat.java-1.11.0-win32-x64\jre\17.0.4.1-win32-x86_64\bin\msvcp140.dll
0x00007ffdf5210000 - 0x00007ffdf5e56000 	c:\Users\datea\.vscode\extensions\redhat.java-1.11.0-win32-x64\jre\17.0.4.1-win32-x86_64\bin\server\jvm.dll
0x00007ffe44d10000 - 0x00007ffe44dbe000 	C:\WINDOWS\System32\ADVAPI32.dll
0x00007ffe45f40000 - 0x00007ffe45fe6000 	C:\WINDOWS\System32\sechost.dll
0x00007ffe452a0000 - 0x00007ffe453c7000 	C:\WINDOWS\System32\RPCRT4.dll
0x00007ffe461f0000 - 0x00007ffe461f8000 	C:\WINDOWS\System32\PSAPI.DLL
0x00007ffe3d390000 - 0x00007ffe3d3c5000 	C:\WINDOWS\SYSTEM32\WINMM.dll
0x00007ffe3ccf0000 - 0x00007ffe3ccfa000 	C:\WINDOWS\SYSTEM32\VERSION.dll
0x00007ffe2df70000 - 0x00007ffe2df79000 	C:\WINDOWS\SYSTEM32\WSOCK32.dll
0x00007ffe46110000 - 0x00007ffe4617f000 	C:\WINDOWS\System32\WS2_32.dll
0x00007ffe431c0000 - 0x00007ffe431d8000 	C:\WINDOWS\SYSTEM32\kernel.appcore.dll
0x00007ffe3d9a0000 - 0x00007ffe3d9aa000 	c:\Users\datea\.vscode\extensions\redhat.java-1.11.0-win32-x64\jre\17.0.4.1-win32-x86_64\bin\jimage.dll
0x00007ffe41c70000 - 0x00007ffe41ea3000 	C:\WINDOWS\SYSTEM32\DBGHELP.DLL
0x00007ffe44ed0000 - 0x00007ffe45252000 	C:\WINDOWS\System32\combase.dll
0x00007ffe44dc0000 - 0x00007ffe44e98000 	C:\WINDOWS\System32\OLEAUT32.dll
0x00007ffe2e5e0000 - 0x00007ffe2e612000 	C:\WINDOWS\SYSTEM32\dbgcore.DLL
0x00007ffe44820000 - 0x00007ffe44899000 	C:\WINDOWS\System32\bcryptPrimitives.dll
0x00007ffe3a700000 - 0x00007ffe3a725000 	c:\Users\datea\.vscode\extensions\redhat.java-1.11.0-win32-x64\jre\17.0.4.1-win32-x86_64\bin\java.dll
0x00007ffe3c220000 - 0x00007ffe3c238000 	c:\Users\datea\.vscode\extensions\redhat.java-1.11.0-win32-x64\jre\17.0.4.1-win32-x86_64\bin\zip.dll
0x00007ffe453d0000 - 0x00007ffe45ba0000 	C:\WINDOWS\System32\SHELL32.dll
0x00007ffe42140000 - 0x00007ffe429da000 	C:\WINDOWS\SYSTEM32\windows.storage.dll
0x00007ffe41fa0000 - 0x00007ffe42133000 	C:\WINDOWS\SYSTEM32\wintypes.dll
0x00007ffe463a0000 - 0x00007ffe4648b000 	C:\WINDOWS\System32\SHCORE.dll
0x00007ffe46200000 - 0x00007ffe4625d000 	C:\WINDOWS\System32\shlwapi.dll
0x00007ffe44160000 - 0x00007ffe44181000 	C:\WINDOWS\SYSTEM32\profapi.dll
0x00007ffe3c100000 - 0x00007ffe3c119000 	C:\Users\datea\.vscode\extensions\redhat.java-1.11.0-win32-x64\jre\17.0.4.1-win32-x86_64\bin\net.dll
0x00007ffe3cf20000 - 0x00007ffe3d04b000 	C:\WINDOWS\SYSTEM32\WINHTTP.dll
0x00007ffe43690000 - 0x00007ffe436f9000 	C:\WINDOWS\system32\mswsock.dll
0x00007ffe3d760000 - 0x00007ffe3d775000 	C:\Users\datea\.vscode\extensions\redhat.java-1.11.0-win32-x64\jre\17.0.4.1-win32-x86_64\bin\nio.dll
0x00007ffe3b8e0000 - 0x00007ffe3b8f0000 	c:\Users\datea\.vscode\extensions\redhat.java-1.11.0-win32-x64\jre\17.0.4.1-win32-x86_64\bin\verify.dll
0x00007ffe3a6f0000 - 0x00007ffe3a6f9000 	C:\Users\datea\.vscode\extensions\redhat.java-1.11.0-win32-x64\jre\17.0.4.1-win32-x86_64\bin\management.dll
0x00007ffe388c0000 - 0x00007ffe388cb000 	C:\Users\datea\.vscode\extensions\redhat.java-1.11.0-win32-x64\jre\17.0.4.1-win32-x86_64\bin\management_ext.dll
0x00007ffe3f450000 - 0x00007ffe3f467000 	C:\WINDOWS\system32\napinsp.dll
0x00007ffe3f430000 - 0x00007ffe3f44a000 	C:\WINDOWS\system32\pnrpnsp.dll
0x00007ffe008f0000 - 0x00007ffe00911000 	C:\WINDOWS\system32\nlansp_c.dll
0x00007ffe42d20000 - 0x00007ffe42e1f000 	C:\WINDOWS\SYSTEM32\DNSAPI.dll
0x00007ffe42c90000 - 0x00007ffe42cbe000 	C:\WINDOWS\SYSTEM32\IPHLPAPI.DLL
0x00007ffe466d0000 - 0x00007ffe466d9000 	C:\WINDOWS\System32\NSI.dll
0x00007ffe3f3e0000 - 0x00007ffe3f3f1000 	C:\WINDOWS\System32\winrnr.dll
0x00007ffe0dcd0000 - 0x00007ffe0dce5000 	C:\WINDOWS\system32\wshbth.dll
0x00007ffe34840000 - 0x00007ffe3484a000 	C:\Windows\System32\rasadhlp.dll
0x00007ffe3c310000 - 0x00007ffe3c394000 	C:\WINDOWS\System32\fwpuclnt.dll
0x00007ffe43910000 - 0x00007ffe4392b000 	C:\WINDOWS\SYSTEM32\CRYPTSP.dll
0x00007ffe43120000 - 0x00007ffe43154000 	C:\WINDOWS\system32\rsaenh.dll
0x00007ffe43790000 - 0x00007ffe437b8000 	C:\WINDOWS\SYSTEM32\USERENV.dll
0x00007ffe43ad0000 - 0x00007ffe43af8000 	C:\WINDOWS\SYSTEM32\bcrypt.dll
0x00007ffe43930000 - 0x00007ffe4393c000 	C:\WINDOWS\SYSTEM32\CRYPTBASE.dll
0x00007ffe3d280000 - 0x00007ffe3d299000 	C:\WINDOWS\SYSTEM32\dhcpcsvc6.DLL
0x00007ffe3ccc0000 - 0x00007ffe3ccdf000 	C:\WINDOWS\SYSTEM32\dhcpcsvc.DLL

dbghelp: loaded successfully - version: 4.0.5 - missing functions: none
symbol engine: initialized successfully - sym options: 0x614 - pdb path: .;c:\Users\datea\.vscode\extensions\redhat.java-1.11.0-win32-x64\jre\17.0.4.1-win32-x86_64\bin;C:\WINDOWS\SYSTEM32;C:\WINDOWS\WinSxS\amd64_microsoft.windows.common-controls_6595b64144ccf1df_6.0.25227.1000_none_7b35d90bf2068bf3;c:\Users\datea\.vscode\extensions\redhat.java-1.11.0-win32-x64\jre\17.0.4.1-win32-x86_64\bin\server

VM Arguments:
jvm_args: -Dsts.lsp.client=vscode -Dsts.log.file=/dev/null -XX:TieredStopAtLevel=1 -Xlog:jni+resolve=off -Dspring.config.location=file:c:\Users\datea\.vscode\extensions\pivotal.vscode-spring-boot-1.40.0\language-server\BOOT-INF\classes\application.properties 
java_command: org.springframework.ide.vscode.boot.app.BootLanguageServerBootApp
java_class_path (initial): c:\Users\datea\.vscode\extensions\pivotal.vscode-spring-boot-1.40.0\language-server\BOOT-INF\classes;c:\Users\datea\.vscode\extensions\pivotal.vscode-spring-boot-1.40.0\language-server\BOOT-INF\lib\annotations-23.0.0.jar;c:\Users\datea\.vscode\extensions\pivotal.vscode-spring-boot-1.40.0\language-server\BOOT-INF\lib\ant-1.10.12.jar;c:\Users\datea\.vscode\extensions\pivotal.vscode-spring-boot-1.40.0\language-server\BOOT-INF\lib\ant-launcher-1.10.12.jar;c:\Users\datea\.vscode\extensions\pivotal.vscode-spring-boot-1.40.0\language-server\BOOT-INF\lib\antlr-runtime-3.5.2.jar;c:\Users\datea\.vscode\extensions\pivotal.vscode-spring-boot-1.40.0\language-server\BOOT-INF\lib\antlr4-4.9.3.jar;c:\Users\datea\.vscode\extensions\pivotal.vscode-spring-boot-1.40.0\language-server\BOOT-INF\lib\antlr4-runtime-4.9.3.jar;c:\Users\datea\.vscode\extensions\pivotal.vscode-spring-boot-1.40.0\language-server\BOOT-INF\lib\asm-9.3.jar;c:\Users\datea\.vscode\extensions\pivotal.vscode-spring-boot-1.40.0\language-server\BOOT-INF\lib\asm-analysis-9.3.jar;c:\Users\datea\.vscode\extensions\pivotal.vscode-spring-boot-1.40.0\language-server\BOOT-INF\lib\asm-tree-9.3.jar;c:\Users\datea\.vscode\extensions\pivotal.vscode-spring-boot-1.40.0\language-server\BOOT-INF\lib\asm-util-9.3.jar;c:\Users\datea\.vscode\extensions\pivotal.vscode-spring-boot-1.40.0\language-server\BOOT-INF\lib\byte-buddy-1.12.13.jar;c:\Users\datea\.vscode\extensions\pivotal.vscode-spring-boot-1.40.0\language-server\BOOT-INF\lib\caffeine-2.9.3.jar;c:\Users\datea\.vscode\extensions\pivotal.vscode-spring-boot-1.40.0\language-server\BOOT-INF\lib\checker-qual-3.12.0.jar;c:\Users\datea\.vscode\extensions\pivotal.vscode-spring-boot-1.40.0\language-server\BOOT-INF\lib\classgraph-4.8.149.jar;c:\Users\datea\.vscode\extensions\pivotal.vscode-spring-boot-1.40.0\language-server\BOOT-INF\lib\commons-codec-1.15.jar;c:\Users\datea\.vscode\extensions\pivotal.vscode-spring-boot-1.40.0\language-server\BOOT-INF\lib\commons-c
Launcher Type: SUN_STANDARD

[Global flags]
     intx CICompilerCount                          = 4                                         {product} {ergonomic}
     uint ConcGCThreads                            = 2                                         {product} {ergonomic}
     uint G1ConcRefinementThreads                  = 8                                         {product} {ergonomic}
   size_t G1HeapRegionSize                         = 1048576                                   {product} {ergonomic}
    uintx GCDrainStackTargetSize                   = 64                                        {product} {ergonomic}
   size_t InitialHeapSize                          = 132120576                                 {product} {ergonomic}
   size_t MarkStackSize                            = 4194304                                   {product} {ergonomic}
   size_t MaxHeapSize                              = 2095054848                                {product} {ergonomic}
   size_t MaxNewSize                               = 1256194048                                {product} {ergonomic}
   size_t MinHeapDeltaBytes                        = 1048576                                   {product} {ergonomic}
   size_t MinHeapSize                              = 8388608                                   {product} {ergonomic}
    uintx NonProfiledCodeHeapSize                  = 0                                      {pd product} {ergonomic}
     bool ProfileInterpreter                       = false                                  {pd product} {command line}
    uintx ProfiledCodeHeapSize                     = 0                                      {pd product} {ergonomic}
   size_t SoftMaxHeapSize                          = 2095054848                             {manageable} {ergonomic}
     intx TieredStopAtLevel                        = 1                                         {product} {command line}
     bool UseCompressedClassPointers               = true                           {product lp64_product} {ergonomic}
     bool UseCompressedOops                        = true                           {product lp64_product} {ergonomic}
     bool UseG1GC                                  = true                                      {product} {ergonomic}
     bool UseLargePagesIndividualAllocation        = false                                  {pd product} {ergonomic}

Logging:
Log output configuration:
 #0: stdout all=warning,jni+resolve=off uptime,level,tags
 #1: stderr all=off uptime,level,tags

Environment Variables:
PATH=C:\Program Files\Java\jdk-15.0.2\bin;C:\Program Files\Common Files\Oracle\Java\javapath;C:\WINDOWS\system32;C:\WINDOWS;C:\WINDOWS\System32\Wbem;C:\WINDOWS\System32\WindowsPowerShell\v1.0\;C:\WINDOWS\System32\OpenSSH\;C:\Program Files\Azure Data Studio\bin;C:\Program Files\Microsoft SQL Server\Client SDK\ODBC\170\Tools\Binn\;C:\Program Files (x86)\Microsoft SQL Server\150\Tools\Binn\;C:\Program Files\Microsoft SQL Server\150\Tools\Binn\;C:\Program Files\Microsoft SQL Server\150\DTS\Binn\;C:\Program Files (x86)\Microsoft SQL Server\150\DTS\Binn\;C:\Program Files (x86)\GitExtensions\;F:\xampp\php;C:\ProgramData\ComposerSetup\bin;C:\xampp\php;C:\Program Files\Git\cmd;C:\Users\datea\AppData\Local\Microsoft\WindowsApps;C:\Users\datea\AppData\Local\Programs\Microsoft VS Code\bin;;C:\Program Files\Azure Data Studio\bin;C:\Users\datea\AppData\Roaming\Composer\vendor\bin
USERNAME=datea
OS=Windows_NT
PROCESSOR_IDENTIFIER=Intel64 Family 6 Model 126 Stepping 5, GenuineIntel
TMP=C:\Users\datea\AppData\Local\Temp
TEMP=C:\Users\datea\AppData\Local\Temp



---------------  S Y S T E M  ---------------

OS:
 Windows 11 , 64 bit Build 25227 (10.0.25227.1000)
OS uptime: 1 days 3:19 hours
Hyper-V role detected

CPU: total 8 (initial active 8) (4 cores per cpu, 2 threads per core) family 6 model 126 stepping 5 microcode 0xa6, cx8, cmov, fxsr, ht, mmx, 3dnowpref, sse, sse2, sse3, ssse3, sse4.1, sse4.2, popcnt, lzcnt, tsc, tscinvbit, avx, avx2, aes, erms, clmul, bmi1, bmi2, adx, avx512f, avx512dq, avx512cd, avx512bw, avx512vl, sha, fma, vzeroupper, avx512_vpopcntdq, avx512_vpclmulqdq, avx512_vaes, avx512_vnni, clflush, clflushopt, avx512_vbmi2, avx512_vbmi, hv

Memory: 4k page, system-wide physical 7987M (380M free)
TotalPageFile size 12083M (AvailPageFile size 7M)
current process WorkingSet (physical memory assigned to process): 249M, peak: 256M
current process commit charge ("private bytes"): 297M, peak: 526M

vm_info: OpenJDK 64-Bit Server VM (17.0.4.1+1) for windows-amd64 JRE (17.0.4.1+1), built on Aug 17 2022 07:42:43 by "temurin" with MS VC++ 16.7 (VS2019)

END.
