#
# There is insufficient memory for the Java Runtime Environment to continue.
# Native memory allocation (mmap) failed to map 471859200 bytes for G1 virtual space
# Possible reasons:
#   The system is out of physical RAM or swap space
#   The process is running with CompressedOops enabled, and the Java Heap may be blocking the growth of the native heap
# Possible solutions:
#   Reduce memory load on the system
#   Increase physical memory or swap space
#   Check if swap backing store is full
#   Decrease Java heap size (-Xmx/-Xms)
#   Decrease number of Java threads
#   Decrease Java thread stack sizes (-Xss)
#   Set larger code cache with -XX:ReservedCodeCacheSize=
#   JVM is running with Unscaled Compressed Oops mode in which the Java heap is
#     placed in the first 4GB address space. The Java Heap base address is the
#     maximum limit for the native heap growth. Please use -XX:HeapBaseMinAddress
#     to set the Java Heap base and to place the Java Heap above 4GB virtual address.
# This output file may be truncated or incomplete.
#
#  Out of Memory Error (os_windows.cpp:3541), pid=49484, tid=65716
#
# JRE version: OpenJDK Runtime Environment Temurin-17.0.4.1+1 (17.0.4.1+1) (build 17.0.4.1+1)
# Java VM: OpenJDK 64-Bit Server VM Temurin-17.0.4.1+1 (17.0.4.1+1, mixed mode, emulated-client, tiered, compressed oops, compressed class ptrs, g1 gc, windows-amd64)
# No core dump will be written. Minidumps are not enabled by default on client versions of Windows
#

---------------  S U M M A R Y ------------

Command Line: -Dsts.lsp.client=vscode -Dsts.log.file=/dev/null -XX:TieredStopAtLevel=1 -Xlog:jni+resolve=off -Dspring.config.location=file:c:\Users\datea\.vscode\extensions\pivotal.vscode-spring-boot-1.39.0\language-server\BOOT-INF\classes\application.properties org.springframework.ide.vscode.boot.app.BootLanguageServerBootApp

Host: Intel(R) Core(TM) i5-1035G1 CPU @ 1.00GHz, 8 cores, 7G,  Windows 11 , 64 bit Build 25227 (10.0.25227.1000)
Time: Wed Oct 26 10:25:41 2022 SE Asia Standard Time elapsed time: 6.061098 seconds (0d 0h 0m 6s)

---------------  T H R E A D  ---------------

Current thread (0x00000215daba3af0):  VMThread "VM Thread" [stack: 0x0000003b64900000,0x0000003b64a00000] [id=65716]

Stack: [0x0000003b64900000,0x0000003b64a00000]
Native frames: (J=compiled Java code, j=interpreted, Vv=VM code, C=native code)
V  [jvm.dll+0x67731a]
V  [jvm.dll+0x832284]
V  [jvm.dll+0x833a2e]
V  [jvm.dll+0x834093]
V  [jvm.dll+0x245775]
V  [jvm.dll+0x674209]
V  [jvm.dll+0x668a92]
V  [jvm.dll+0x30471b]
V  [jvm.dll+0x30bc66]
V  [jvm.dll+0x35ba9e]
V  [jvm.dll+0x35bccf]
V  [jvm.dll+0x2db5b8]
V  [jvm.dll+0x2d986c]
V  [jvm.dll+0x2d8e3c]
V  [jvm.dll+0x31cd9b]
V  [jvm.dll+0x83853b]
V  [jvm.dll+0x839274]
V  [jvm.dll+0x83978c]
V  [jvm.dll+0x839b64]
V  [jvm.dll+0x839c30]
V  [jvm.dll+0x7e240a]
V  [jvm.dll+0x6761a5]
C  [ucrtbase.dll+0x4b82b]
C  [KERNEL32.DLL+0x1484d]
C  [ntdll.dll+0x67558]

VM_Operation (0x0000003b66ffe030): G1CollectForAllocation, mode: safepoint, requested by thread 0x00000215dd5d0160


---------------  P R O C E S S  ---------------

Threads class SMR info:
_java_thread_list=0x00000215dd588e30, length=42, elements={
0x00000215db4012d0, 0x00000215db402530, 0x00000215dabc5110, 0x00000215dabc59d0,
0x00000215dabc6290, 0x00000215dabc72f0, 0x00000215db436030, 0x00000215db4370d0,
0x00000215db624cc0, 0x00000215db63c450, 0x00000215db648b30, 0x00000215dbfc7190,
0x00000215dbfc0730, 0x00000215dd2afaf0, 0x00000215dd499340, 0x00000215dd326fb0,
0x00000215dd597070, 0x00000215dd4975c0, 0x00000215dd497e90, 0x00000215dd498360,
0x00000215dd5dd7b0, 0x00000215dd5d6860, 0x00000215dd5ce950, 0x00000215dd5d14a0,
0x00000215dd5d1970, 0x00000215dd5cf7c0, 0x00000215dd5cfc90, 0x00000215dd5d1e40,
0x00000215dd5d0160, 0x00000215dd5ce480, 0x00000215dd5d0630, 0x00000215dd5cee20,
0x00000215dd5cf2f0, 0x00000215dd5d0b00, 0x00000215dd5d0fd0, 0x00000215df2a62c0,
0x00000215df2abe30, 0x00000215df2ac300, 0x00000215df2aafc0, 0x00000215df2a6790,
0x00000215df2ab490, 0x00000215df2aaaf0
}

Java Threads: ( => current thread )
  0x00000215db4012d0 JavaThread "Reference Handler" daemon [_thread_blocked, id=67908, stack(0x0000003b64a00000,0x0000003b64b00000)]
  0x00000215db402530 JavaThread "Finalizer" daemon [_thread_blocked, id=60160, stack(0x0000003b64b00000,0x0000003b64c00000)]
  0x00000215dabc5110 JavaThread "Signal Dispatcher" daemon [_thread_blocked, id=69856, stack(0x0000003b64c00000,0x0000003b64d00000)]
  0x00000215dabc59d0 JavaThread "Attach Listener" daemon [_thread_blocked, id=54844, stack(0x0000003b64d00000,0x0000003b64e00000)]
  0x00000215dabc6290 JavaThread "Service Thread" daemon [_thread_blocked, id=52412, stack(0x0000003b64e00000,0x0000003b64f00000)]
  0x00000215dabc72f0 JavaThread "Monitor Deflation Thread" daemon [_thread_blocked, id=51772, stack(0x0000003b64f00000,0x0000003b65000000)]
  0x00000215db436030 JavaThread "C1 CompilerThread0" daemon [_thread_blocked, id=63660, stack(0x0000003b65000000,0x0000003b65100000)]
  0x00000215db4370d0 JavaThread "Sweeper thread" daemon [_thread_blocked, id=63732, stack(0x0000003b65100000,0x0000003b65200000)]
  0x00000215db624cc0 JavaThread "C1 CompilerThread1" daemon [_thread_blocked, id=53304, stack(0x0000003b65200000,0x0000003b65300000)]
  0x00000215db63c450 JavaThread "Notification Thread" daemon [_thread_blocked, id=60124, stack(0x0000003b65300000,0x0000003b65400000)]
  0x00000215db648b30 JavaThread "Common-Cleaner" daemon [_thread_blocked, id=15936, stack(0x0000003b65500000,0x0000003b65600000)]
  0x00000215dbfc7190 JavaThread "C1 CompilerThread2" daemon [_thread_blocked, id=69768, stack(0x0000003b65600000,0x0000003b65700000)]
  0x00000215dbfc0730 JavaThread "C1 CompilerThread3" daemon [_thread_blocked, id=64828, stack(0x0000003b65700000,0x0000003b65800000)]
  0x00000215dd2afaf0 JavaThread "boundedElastic-evictor-1" daemon [_thread_blocked, id=70340, stack(0x0000003b65d00000,0x0000003b65e00000)]
  0x00000215dd499340 JavaThread "ForkJoinPool.commonPool-worker-1" daemon [_thread_blocked, id=12724, stack(0x0000003b66100000,0x0000003b66200000)]
  0x00000215dd326fb0 JavaThread "ClassGraph-worker-0" daemon [_thread_blocked, id=69092, stack(0x0000003b66200000,0x0000003b66300000)]
  0x00000215dd597070 JavaThread "ClassGraph-worker-1" daemon [_thread_blocked, id=59788, stack(0x0000003b66300000,0x0000003b66400000)]
  0x00000215dd4975c0 JavaThread "ClassGraph-worker-2" daemon [_thread_blocked, id=53964, stack(0x0000003b66400000,0x0000003b66500000)]
  0x00000215dd497e90 JavaThread "ClassGraph-worker-3" daemon [_thread_blocked, id=70200, stack(0x0000003b66500000,0x0000003b66600000)]
  0x00000215dd498360 JavaThread "ClassGraph-worker-4" daemon [_thread_blocked, id=17000, stack(0x0000003b66600000,0x0000003b66700000)]
  0x00000215dd5dd7b0 JavaThread "ClassGraph-worker-5" daemon [_thread_blocked, id=14348, stack(0x0000003b66700000,0x0000003b66800000)]
  0x00000215dd5d6860 JavaThread "ClassGraph-worker-6" daemon [_thread_blocked, id=53368, stack(0x0000003b66800000,0x0000003b66900000)]
  0x00000215dd5ce950 JavaThread "ClassGraph-worker-7" daemon [_thread_blocked, id=65092, stack(0x0000003b66900000,0x0000003b66a00000)]
  0x00000215dd5d14a0 JavaThread "ClassGraph-worker-8" daemon [_thread_blocked, id=41924, stack(0x0000003b66a00000,0x0000003b66b00000)]
  0x00000215dd5d1970 JavaThread "ClassGraph-worker-9" daemon [_thread_blocked, id=68944, stack(0x0000003b66b00000,0x0000003b66c00000)]
  0x00000215dd5cf7c0 JavaThread "ClassGraph-worker-10" daemon [_thread_blocked, id=15024, stack(0x0000003b66c00000,0x0000003b66d00000)]
  0x00000215dd5cfc90 JavaThread "ClassGraph-worker-11" daemon [_thread_blocked, id=56552, stack(0x0000003b66d00000,0x0000003b66e00000)]
  0x00000215dd5d1e40 JavaThread "ClassGraph-worker-12" daemon [_thread_blocked, id=15860, stack(0x0000003b66e00000,0x0000003b66f00000)]
  0x00000215dd5d0160 JavaThread "ClassGraph-worker-13" daemon [_thread_blocked, id=39088, stack(0x0000003b66f00000,0x0000003b67000000)]
  0x00000215dd5ce480 JavaThread "pool-9-thread-1" [_thread_blocked, id=47912, stack(0x0000003b67000000,0x0000003b67100000)]
  0x00000215dd5d0630 JavaThread "LanguageServerApp-lifecycle" [_thread_blocked, id=68596, stack(0x0000003b67100000,0x0000003b67200000)]
  0x00000215dd5cee20 JavaThread "DestroyJavaVM" [_thread_blocked, id=56940, stack(0x0000003b64300000,0x0000003b64400000)]
  0x00000215dd5cf2f0 JavaThread "pool-10-thread-1" [_thread_blocked, id=61288, stack(0x0000003b67200000,0x0000003b67300000)]
  0x00000215dd5d0b00 JavaThread "Simple-Language-Server main thread" daemon [_thread_blocked, id=58448, stack(0x0000003b67300000,0x0000003b67400000)]
  0x00000215dd5d0fd0 JavaThread "pool-7-thread-1" [_thread_blocked, id=62076, stack(0x0000003b67400000,0x0000003b67500000)]
  0x00000215df2a62c0 JavaThread "parallel-1" daemon [_thread_blocked, id=70160, stack(0x0000003b67500000,0x0000003b67600000)]
  0x00000215df2abe30 JavaThread "parallel-2" daemon [_thread_blocked, id=69924, stack(0x0000003b67600000,0x0000003b67700000)]
  0x00000215df2ac300 JavaThread "pool-4-thread-1" [_thread_blocked, id=68104, stack(0x0000003b67700000,0x0000003b67800000)]
  0x00000215df2aafc0 JavaThread "ForkJoinPool.commonPool-worker-2" daemon [_thread_blocked, id=52080, stack(0x0000003b67800000,0x0000003b67900000)]
  0x00000215df2a6790 JavaThread "pool-4-thread-2" [_thread_blocked, id=68884, stack(0x0000003b67900000,0x0000003b67a00000)]
  0x00000215df2ab490 JavaThread "Reconciler-1" daemon [_thread_blocked, id=58500, stack(0x0000003b67a00000,0x0000003b67b00000)]
  0x00000215df2aaaf0 JavaThread "parallel-3" daemon [_thread_blocked, id=17024, stack(0x0000003b67d00000,0x0000003b67e00000)]

Other Threads:
=>0x00000215daba3af0 VMThread "VM Thread" [stack: 0x0000003b64900000,0x0000003b64a00000] [id=65716]
  0x00000215db63c920 WatcherThread [stack: 0x0000003b65400000,0x0000003b65500000] [id=69324]
  0x00000215cd93e170 GCTaskThread "GC Thread#0" [stack: 0x0000003b64400000,0x0000003b64500000] [id=64476]
  0x00000215dc026010 GCTaskThread "GC Thread#1" [stack: 0x0000003b65800000,0x0000003b65900000] [id=10924]
  0x00000215dc0262c0 GCTaskThread "GC Thread#2" [stack: 0x0000003b65900000,0x0000003b65a00000] [id=2904]
  0x00000215dc056880 GCTaskThread "GC Thread#3" [stack: 0x0000003b65a00000,0x0000003b65b00000] [id=53356]
  0x00000215dc056b30 GCTaskThread "GC Thread#4" [stack: 0x0000003b65b00000,0x0000003b65c00000] [id=70316]
  0x00000215dc0b4e30 GCTaskThread "GC Thread#5" [stack: 0x0000003b65c00000,0x0000003b65d00000] [id=65136]
  0x00000215dcdcc650 GCTaskThread "GC Thread#6" [stack: 0x0000003b65e00000,0x0000003b65f00000] [id=56288]
  0x00000215dcdcc900 GCTaskThread "GC Thread#7" [stack: 0x0000003b65f00000,0x0000003b66000000] [id=11320]
  0x00000215cd94eae0 ConcurrentGCThread "G1 Main Marker" [stack: 0x0000003b64500000,0x0000003b64600000] [id=55456]
  0x00000215cd951a60 ConcurrentGCThread "G1 Conc#0" [stack: 0x0000003b64600000,0x0000003b64700000] [id=67848]
  0x00000215dcf5ae20 ConcurrentGCThread "G1 Conc#1" [stack: 0x0000003b66000000,0x0000003b66100000] [id=47108]
  0x00000215daa134e0 ConcurrentGCThread "G1 Refine#0" [stack: 0x0000003b64700000,0x0000003b64800000] [id=50096]
  0x00000215dd7df430 ConcurrentGCThread "G1 Refine#1" [stack: 0x0000003b67b00000,0x0000003b67c00000] [id=10480]
  0x00000215df2857a0 ConcurrentGCThread "G1 Refine#2" [stack: 0x0000003b67c00000,0x0000003b67d00000] [id=65016]
  0x00000215df31cbc0 ConcurrentGCThread "G1 Refine#3" [stack: 0x0000003b67e00000,0x0000003b67f00000] [id=56008]
  0x00000215daa13cb0 ConcurrentGCThread "G1 Service" [stack: 0x0000003b64800000,0x0000003b64900000] [id=64412]

Threads with active compile tasks:

VM state: at safepoint (normal execution)

VM Mutex/Monitor currently owned by a thread:  ([mutex/lock_event])
[0x00000215cd8df380] Threads_lock - owner thread: 0x00000215daba3af0
[0x00000215cd8dffe0] Heap_lock - owner thread: 0x00000215dd5d0160

Heap address: 0x0000000083200000, size: 1998 MB, Compressed Oops mode: 32-bit

CDS archive(s) not mapped
Compressed class space mapped at: 0x0000000100000000-0x0000000140000000, reserved size: 1073741824
Narrow klass base: 0x0000000000000000, Narrow klass shift: 3, Narrow klass range: 0x140000000

GC Precious Log:
 CPUs: 8 total, 8 available
 Memory: 7987M
 Large Page Support: Disabled
 NUMA Support: Disabled
 Compressed Oops: Enabled (32-bit)
 Heap Region Size: 1M
 Heap Min Capacity: 8M
 Heap Initial Capacity: 126M
 Heap Max Capacity: 1998M
 Pre-touch: Disabled
 Parallel Workers: 8
 Concurrent Workers: 2
 Concurrent Refinement Workers: 8
 Periodic GC: Disabled

Heap:
 garbage-first heap   total 230400K, used 77826K [0x0000000083200000, 0x0000000100000000)
  region size 1024K, 8 young (8192K), 8 survivors (8192K)
 Metaspace       used 36270K, committed 36544K, reserved 1081344K
  class space    used 4732K, committed 4864K, reserved 1048576K

Heap Regions: E=young(eden), S=young(survivor), O=old, HS=humongous(starts), HC=humongous(continues), CS=collection set, F=free, OA=open archive, CA=closed archive, TAMS=top-at-mark-start (previous, next)
|   0|0x0000000083200000, 0x0000000083300000, 0x0000000083300000|100%| O|  |TAMS 0x0000000083300000, 0x0000000083200000| Untracked 
|   1|0x0000000083300000, 0x0000000083400000, 0x0000000083400000|100%| O|  |TAMS 0x0000000083400000, 0x0000000083300000| Untracked 
|   2|0x0000000083400000, 0x0000000083500000, 0x0000000083500000|100%| O|  |TAMS 0x0000000083500000, 0x0000000083400000| Untracked 
|   3|0x0000000083500000, 0x0000000083600000, 0x0000000083600000|100%| O|  |TAMS 0x0000000083600000, 0x0000000083500000| Untracked 
|   4|0x0000000083600000, 0x0000000083700000, 0x0000000083700000|100%| O|  |TAMS 0x0000000083700000, 0x0000000083600000| Untracked 
|   5|0x0000000083700000, 0x0000000083800000, 0x0000000083800000|100%| O|  |TAMS 0x0000000083800000, 0x0000000083700000| Untracked 
|   6|0x0000000083800000, 0x0000000083900000, 0x0000000083900000|100%| O|  |TAMS 0x0000000083900000, 0x0000000083800000| Untracked 
|   7|0x0000000083900000, 0x0000000083a00000, 0x0000000083a00000|100%| O|  |TAMS 0x0000000083a00000, 0x0000000083900000| Untracked 
|   8|0x0000000083a00000, 0x0000000083b00000, 0x0000000083b00000|100%| O|  |TAMS 0x0000000083b00000, 0x0000000083a00000| Untracked 
|   9|0x0000000083b00000, 0x0000000083c00000, 0x0000000083c00000|100%| O|  |TAMS 0x0000000083c00000, 0x0000000083b00000| Untracked 
|  10|0x0000000083c00000, 0x0000000083d00000, 0x0000000083d00000|100%| O|  |TAMS 0x0000000083d00000, 0x0000000083c00000| Untracked 
|  11|0x0000000083d00000, 0x0000000083e00000, 0x0000000083e00000|100%| O|  |TAMS 0x0000000083e00000, 0x0000000083d00000| Untracked 
|  12|0x0000000083e00000, 0x0000000083f00000, 0x0000000083f00000|100%| O|  |TAMS 0x0000000083f00000, 0x0000000083e00000| Untracked 
|  13|0x0000000083f00000, 0x0000000084000000, 0x0000000084000000|100%| O|  |TAMS 0x0000000084000000, 0x0000000083f00000| Updating 
|  14|0x0000000084000000, 0x0000000084100000, 0x0000000084100000|100%| O|  |TAMS 0x0000000084100000, 0x0000000084000000| Untracked 
|  15|0x0000000084100000, 0x0000000084200000, 0x0000000084200000|100%| O|  |TAMS 0x0000000084200000, 0x0000000084100000| Updating 
|  16|0x0000000084200000, 0x0000000084300000, 0x0000000084300000|100%| O|  |TAMS 0x0000000084300000, 0x0000000084200000| Untracked 
|  17|0x0000000084300000, 0x0000000084400000, 0x0000000084400000|100%| O|  |TAMS 0x0000000084400000, 0x0000000084300000| Untracked 
|  18|0x0000000084400000, 0x0000000084500000, 0x0000000084500000|100%| O|  |TAMS 0x0000000084500000, 0x0000000084400000| Untracked 
|  19|0x0000000084500000, 0x0000000084600000, 0x0000000084600000|100%| O|  |TAMS 0x0000000084600000, 0x0000000084500000| Updating 
|  20|0x0000000084600000, 0x0000000084700000, 0x0000000084700000|100%| O|  |TAMS 0x0000000084700000, 0x0000000084600000| Untracked 
|  21|0x0000000084700000, 0x0000000084800000, 0x0000000084800000|100%| O|  |TAMS 0x0000000084800000, 0x0000000084700000| Untracked 
|  22|0x0000000084800000, 0x0000000084900000, 0x0000000084900000|100%| O|  |TAMS 0x0000000084800000, 0x0000000084800000| Untracked 
|  23|0x0000000084900000, 0x0000000084a00000, 0x0000000084a00000|100%| O|  |TAMS 0x0000000084a00000, 0x0000000084900000| Untracked 
|  24|0x0000000084a00000, 0x0000000084b00000, 0x0000000084b00000|100%| O|  |TAMS 0x0000000084b00000, 0x0000000084a00000| Untracked 
|  25|0x0000000084b00000, 0x0000000084c00000, 0x0000000084c00000|100%| O|  |TAMS 0x0000000084c00000, 0x0000000084b00000| Untracked 
|  26|0x0000000084c00000, 0x0000000084d00000, 0x0000000084d00000|100%| O|  |TAMS 0x0000000084d00000, 0x0000000084c00000| Untracked 
|  27|0x0000000084d00000, 0x0000000084e00000, 0x0000000084e00000|100%| O|  |TAMS 0x0000000084e00000, 0x0000000084d00000| Updating 
|  28|0x0000000084e00000, 0x0000000084f00000, 0x0000000084f00000|100%| O|  |TAMS 0x0000000084f00000, 0x0000000084e00000| Untracked 
|  29|0x0000000084f00000, 0x0000000085000000, 0x0000000085000000|100%| O|  |TAMS 0x0000000085000000, 0x0000000084f00000| Untracked 
|  30|0x0000000085000000, 0x0000000085100000, 0x0000000085100000|100%| O|  |TAMS 0x0000000085100000, 0x0000000085000000| Updating 
|  31|0x0000000085100000, 0x0000000085200000, 0x0000000085200000|100%| O|  |TAMS 0x0000000085200000, 0x0000000085100000| Untracked 
|  32|0x0000000085200000, 0x0000000085300000, 0x0000000085300000|100%| O|  |TAMS 0x0000000085300000, 0x0000000085200000| Untracked 
|  33|0x0000000085300000, 0x0000000085400000, 0x0000000085400000|100%| O|  |TAMS 0x0000000085400000, 0x0000000085300000| Untracked 
|  34|0x0000000085400000, 0x0000000085500000, 0x0000000085500000|100%| O|  |TAMS 0x0000000085500000, 0x0000000085400000| Untracked 
|  35|0x0000000085500000, 0x0000000085600000, 0x0000000085600000|100%| O|  |TAMS 0x0000000085600000, 0x0000000085500000| Untracked 
|  36|0x0000000085600000, 0x0000000085700000, 0x0000000085700000|100%| O|  |TAMS 0x0000000085700000, 0x0000000085600000| Untracked 
|  37|0x0000000085700000, 0x0000000085800000, 0x0000000085800000|100%| O|  |TAMS 0x0000000085800000, 0x0000000085700000| Updating 
|  38|0x0000000085800000, 0x0000000085900000, 0x0000000085900000|100%| O|  |TAMS 0x0000000085900000, 0x0000000085800000| Untracked 
|  39|0x0000000085900000, 0x0000000085a00000, 0x0000000085a00000|100%| O|  |TAMS 0x0000000085a00000, 0x0000000085900000| Untracked 
|  40|0x0000000085a00000, 0x0000000085b00000, 0x0000000085b00000|100%| O|  |TAMS 0x0000000085b00000, 0x0000000085a00000| Untracked 
|  41|0x0000000085b00000, 0x0000000085c00000, 0x0000000085c00000|100%| O|  |TAMS 0x0000000085c00000, 0x0000000085b00000| Untracked 
|  42|0x0000000085c00000, 0x0000000085d00000, 0x0000000085d00000|100%| O|  |TAMS 0x0000000085d00000, 0x0000000085c00000| Untracked 
|  43|0x0000000085d00000, 0x0000000085e00000, 0x0000000085e00000|100%| O|  |TAMS 0x0000000085e00000, 0x0000000085d00000| Untracked 
|  44|0x0000000085e00000, 0x0000000085f00000, 0x0000000085f00000|100%| O|  |TAMS 0x0000000085f00000, 0x0000000085e00000| Untracked 
|  45|0x0000000085f00000, 0x0000000086000000, 0x0000000086000000|100%| O|  |TAMS 0x0000000086000000, 0x0000000085f00000| Untracked 
|  46|0x0000000086000000, 0x0000000086100000, 0x0000000086100000|100%| O|  |TAMS 0x0000000086100000, 0x0000000086000000| Untracked 
|  47|0x0000000086100000, 0x0000000086200000, 0x0000000086200000|100%| O|  |TAMS 0x0000000086200000, 0x0000000086100000| Updating 
|  48|0x0000000086200000, 0x0000000086300000, 0x0000000086300000|100%| O|  |TAMS 0x0000000086300000, 0x0000000086200000| Updating 
|  49|0x0000000086300000, 0x0000000086400000, 0x0000000086400000|100%| O|  |TAMS 0x0000000086400000, 0x0000000086300000| Untracked 
|  50|0x0000000086400000, 0x0000000086500000, 0x0000000086500000|100%| O|  |TAMS 0x0000000086500000, 0x0000000086400000| Updating 
|  51|0x0000000086500000, 0x0000000086600000, 0x0000000086600000|100%| O|  |TAMS 0x0000000086600000, 0x0000000086500000| Updating 
|  52|0x0000000086600000, 0x0000000086700000, 0x0000000086700000|100%| O|  |TAMS 0x0000000086700000, 0x0000000086600000| Updating 
|  53|0x0000000086700000, 0x0000000086800000, 0x0000000086800000|100%| O|  |TAMS 0x0000000086800000, 0x0000000086700000| Updating 
|  54|0x0000000086800000, 0x0000000086900000, 0x0000000086900000|100%|HS|  |TAMS 0x0000000086900000, 0x0000000086800000| Complete 
|  55|0x0000000086900000, 0x0000000086a00000, 0x0000000086a00000|100%| O|  |TAMS 0x0000000086a00000, 0x0000000086900000| Untracked 
|  56|0x0000000086a00000, 0x0000000086b00000, 0x0000000086b00000|100%| O|  |TAMS 0x0000000086b00000, 0x0000000086a00000| Untracked 
|  57|0x0000000086b00000, 0x0000000086c00000, 0x0000000086c00000|100%| O|  |TAMS 0x0000000086c00000, 0x0000000086b00000| Untracked 
|  58|0x0000000086c00000, 0x0000000086d00000, 0x0000000086d00000|100%| O|  |TAMS 0x0000000086d00000, 0x0000000086c00000| Updating 
|  59|0x0000000086d00000, 0x0000000086e00000, 0x0000000086e00000|100%| O|  |TAMS 0x0000000086e00000, 0x0000000086d00000| Untracked 
|  60|0x0000000086e00000, 0x0000000086f00000, 0x0000000086f00000|100%| O|  |TAMS 0x0000000086f00000, 0x0000000086e00000| Untracked 
|  61|0x0000000086f00000, 0x0000000087000000, 0x0000000087000000|100%| O|  |TAMS 0x0000000087000000, 0x0000000086f00000| Untracked 
|  62|0x0000000087000000, 0x0000000087100000, 0x0000000087100000|100%| O|  |TAMS 0x0000000087100000, 0x0000000087000000| Untracked 
|  63|0x0000000087100000, 0x0000000087200000, 0x0000000087200000|100%| O|  |TAMS 0x0000000087200000, 0x0000000087100000| Untracked 
|  64|0x0000000087200000, 0x0000000087300000, 0x0000000087300000|100%| O|  |TAMS 0x0000000087300000, 0x0000000087200000| Untracked 
|  65|0x0000000087300000, 0x0000000087400000, 0x0000000087400000|100%| O|  |TAMS 0x000000008734f600, 0x0000000087300000| Updating 
|  66|0x0000000087400000, 0x0000000087500000, 0x0000000087500000|100%| O|  |TAMS 0x0000000087400000, 0x0000000087400000| Untracked 
|  67|0x0000000087500000, 0x0000000087600000, 0x0000000087600000|100%| O|  |TAMS 0x0000000087500000, 0x0000000087500000| Untracked 
|  68|0x0000000087600000, 0x0000000087613200, 0x0000000087700000|  7%| O|  |TAMS 0x0000000087600000, 0x0000000087600000| Untracked 
|  69|0x0000000087700000, 0x0000000087700000, 0x0000000087800000|  0%| F|  |TAMS 0x0000000087700000, 0x0000000087700000| Untracked 
|  70|0x0000000087800000, 0x0000000087800000, 0x0000000087900000|  0%| F|  |TAMS 0x0000000087800000, 0x0000000087800000| Untracked 
|  71|0x0000000087900000, 0x0000000087900000, 0x0000000087a00000|  0%| F|  |TAMS 0x0000000087900000, 0x0000000087900000| Untracked 
|  72|0x0000000087a00000, 0x0000000087a00000, 0x0000000087b00000|  0%| F|  |TAMS 0x0000000087a00000, 0x0000000087a00000| Untracked 
|  73|0x0000000087b00000, 0x0000000087b00000, 0x0000000087c00000|  0%| F|  |TAMS 0x0000000087b00000, 0x0000000087b00000| Untracked 
|  74|0x0000000087c00000, 0x0000000087c00000, 0x0000000087d00000|  0%| F|  |TAMS 0x0000000087c00000, 0x0000000087c00000| Untracked 
|  75|0x0000000087d00000, 0x0000000087d00000, 0x0000000087e00000|  0%| F|  |TAMS 0x0000000087d00000, 0x0000000087d00000| Untracked 
|  76|0x0000000087e00000, 0x0000000087e00000, 0x0000000087f00000|  0%| F|  |TAMS 0x0000000087e00000, 0x0000000087e00000| Untracked 
|  77|0x0000000087f00000, 0x0000000087f00000, 0x0000000088000000|  0%| F|  |TAMS 0x0000000087f00000, 0x0000000087f00000| Untracked 
|  78|0x0000000088000000, 0x0000000088000000, 0x0000000088100000|  0%| F|  |TAMS 0x0000000088000000, 0x0000000088000000| Untracked 
|  79|0x0000000088100000, 0x0000000088100000, 0x0000000088200000|  0%| F|  |TAMS 0x0000000088100000, 0x0000000088100000| Untracked 
|  80|0x0000000088200000, 0x0000000088200000, 0x0000000088300000|  0%| F|  |TAMS 0x0000000088200000, 0x0000000088200000| Untracked 
|  81|0x0000000088300000, 0x0000000088300000, 0x0000000088400000|  0%| F|  |TAMS 0x0000000088300000, 0x0000000088300000| Untracked 
|  82|0x0000000088400000, 0x0000000088400000, 0x0000000088500000|  0%| F|  |TAMS 0x0000000088400000, 0x0000000088400000| Untracked 
|  83|0x0000000088500000, 0x0000000088500000, 0x0000000088600000|  0%| F|  |TAMS 0x0000000088500000, 0x0000000088500000| Untracked 
|  84|0x0000000088600000, 0x0000000088600000, 0x0000000088700000|  0%| F|  |TAMS 0x0000000088600000, 0x0000000088600000| Untracked 
|  85|0x0000000088700000, 0x0000000088700000, 0x0000000088800000|  0%| F|  |TAMS 0x0000000088700000, 0x0000000088700000| Untracked 
|  86|0x0000000088800000, 0x0000000088800000, 0x0000000088900000|  0%| F|  |TAMS 0x0000000088800000, 0x0000000088800000| Untracked 
|  87|0x0000000088900000, 0x0000000088900000, 0x0000000088a00000|  0%| F|  |TAMS 0x0000000088900000, 0x0000000088900000| Untracked 
|  88|0x0000000088a00000, 0x0000000088a00000, 0x0000000088b00000|  0%| F|  |TAMS 0x0000000088a00000, 0x0000000088a00000| Untracked 
|  89|0x0000000088b00000, 0x0000000088b00000, 0x0000000088c00000|  0%| F|  |TAMS 0x0000000088b00000, 0x0000000088b00000| Untracked 
|  90|0x0000000088c00000, 0x0000000088c00000, 0x0000000088d00000|  0%| F|  |TAMS 0x0000000088c00000, 0x0000000088c00000| Untracked 
|  91|0x0000000088d00000, 0x0000000088d00000, 0x0000000088e00000|  0%| F|  |TAMS 0x0000000088d00000, 0x0000000088d00000| Untracked 
|  92|0x0000000088e00000, 0x0000000088e00000, 0x0000000088f00000|  0%| F|  |TAMS 0x0000000088e00000, 0x0000000088e00000| Untracked 
|  93|0x0000000088f00000, 0x0000000088f00000, 0x0000000089000000|  0%| F|  |TAMS 0x0000000088f00000, 0x0000000088f00000| Untracked 
|  94|0x0000000089000000, 0x0000000089000000, 0x0000000089100000|  0%| F|  |TAMS 0x0000000089000000, 0x0000000089000000| Untracked 
|  95|0x0000000089100000, 0x0000000089100000, 0x0000000089200000|  0%| F|  |TAMS 0x0000000089100000, 0x0000000089100000| Untracked 
|  96|0x0000000089200000, 0x0000000089200000, 0x0000000089300000|  0%| F|  |TAMS 0x0000000089200000, 0x0000000089200000| Untracked 
|  97|0x0000000089300000, 0x0000000089300000, 0x0000000089400000|  0%| F|  |TAMS 0x0000000089300000, 0x0000000089300000| Untracked 
|  98|0x0000000089400000, 0x0000000089400000, 0x0000000089500000|  0%| F|  |TAMS 0x0000000089400000, 0x0000000089400000| Untracked 
|  99|0x0000000089500000, 0x0000000089500000, 0x0000000089600000|  0%| F|  |TAMS 0x0000000089500000, 0x0000000089500000| Untracked 
| 100|0x0000000089600000, 0x0000000089600000, 0x0000000089700000|  0%| F|  |TAMS 0x0000000089600000, 0x0000000089600000| Untracked 
| 101|0x0000000089700000, 0x0000000089700000, 0x0000000089800000|  0%| F|  |TAMS 0x0000000089700000, 0x0000000089700000| Untracked 
| 102|0x0000000089800000, 0x0000000089800000, 0x0000000089900000|  0%| F|  |TAMS 0x0000000089800000, 0x0000000089800000| Untracked 
| 103|0x0000000089900000, 0x0000000089900000, 0x0000000089a00000|  0%| F|  |TAMS 0x0000000089900000, 0x0000000089900000| Untracked 
| 104|0x0000000089a00000, 0x0000000089a00000, 0x0000000089b00000|  0%| F|  |TAMS 0x0000000089a00000, 0x0000000089a00000| Untracked 
| 105|0x0000000089b00000, 0x0000000089b00000, 0x0000000089c00000|  0%| F|  |TAMS 0x0000000089b00000, 0x0000000089b00000| Untracked 
| 106|0x0000000089c00000, 0x0000000089c00000, 0x0000000089d00000|  0%| F|  |TAMS 0x0000000089c00000, 0x0000000089c00000| Untracked 
| 107|0x0000000089d00000, 0x0000000089d00000, 0x0000000089e00000|  0%| F|  |TAMS 0x0000000089d00000, 0x0000000089d00000| Untracked 
| 108|0x0000000089e00000, 0x0000000089e00000, 0x0000000089f00000|  0%| F|  |TAMS 0x0000000089e00000, 0x0000000089e00000| Untracked 
| 109|0x0000000089f00000, 0x0000000089f00000, 0x000000008a000000|  0%| F|  |TAMS 0x0000000089f00000, 0x0000000089f00000| Untracked 
| 110|0x000000008a000000, 0x000000008a000000, 0x000000008a100000|  0%| F|  |TAMS 0x000000008a000000, 0x000000008a000000| Untracked 
| 111|0x000000008a100000, 0x000000008a100000, 0x000000008a200000|  0%| F|  |TAMS 0x000000008a100000, 0x000000008a100000| Untracked 
| 112|0x000000008a200000, 0x000000008a200000, 0x000000008a300000|  0%| F|  |TAMS 0x000000008a200000, 0x000000008a200000| Untracked 
| 113|0x000000008a300000, 0x000000008a300000, 0x000000008a400000|  0%| F|  |TAMS 0x000000008a300000, 0x000000008a300000| Untracked 
| 114|0x000000008a400000, 0x000000008a400000, 0x000000008a500000|  0%| F|  |TAMS 0x000000008a400000, 0x000000008a400000| Untracked 
| 115|0x000000008a500000, 0x000000008a500000, 0x000000008a600000|  0%| F|  |TAMS 0x000000008a500000, 0x000000008a500000| Untracked 
| 116|0x000000008a600000, 0x000000008a600000, 0x000000008a700000|  0%| F|  |TAMS 0x000000008a600000, 0x000000008a600000| Untracked 
| 117|0x000000008a700000, 0x000000008a700000, 0x000000008a800000|  0%| F|  |TAMS 0x000000008a700000, 0x000000008a700000| Untracked 
| 118|0x000000008a800000, 0x000000008a800000, 0x000000008a900000|  0%| F|  |TAMS 0x000000008a800000, 0x000000008a800000| Untracked 
| 119|0x000000008a900000, 0x000000008a900000, 0x000000008aa00000|  0%| F|  |TAMS 0x000000008a900000, 0x000000008a900000| Untracked 
| 120|0x000000008aa00000, 0x000000008aa00000, 0x000000008ab00000|  0%| F|  |TAMS 0x000000008aa00000, 0x000000008aa00000| Untracked 
| 121|0x000000008ab00000, 0x000000008abed6b0, 0x000000008ac00000| 92%| S|CS|TAMS 0x000000008ab00000, 0x000000008ab00000| Complete 
| 122|0x000000008ac00000, 0x000000008ad00000, 0x000000008ad00000|100%| S|CS|TAMS 0x000000008ac00000, 0x000000008ac00000| Complete 
| 123|0x000000008ad00000, 0x000000008ae00000, 0x000000008ae00000|100%| S|CS|TAMS 0x000000008ad00000, 0x000000008ad00000| Complete 
| 124|0x000000008ae00000, 0x000000008af00000, 0x000000008af00000|100%| S|CS|TAMS 0x000000008ae00000, 0x000000008ae00000| Complete 
| 125|0x000000008af00000, 0x000000008b000000, 0x000000008b000000|100%| S|CS|TAMS 0x000000008af00000, 0x000000008af00000| Complete 
| 126|0x000000008b000000, 0x000000008b100000, 0x000000008b100000|100%| S|CS|TAMS 0x000000008b000000, 0x000000008b000000| Complete 
| 127|0x000000008b100000, 0x000000008b200000, 0x000000008b200000|100%| S|CS|TAMS 0x000000008b100000, 0x000000008b100000| Complete 
| 128|0x000000008b200000, 0x000000008b300000, 0x000000008b300000|100%| S|CS|TAMS 0x000000008b200000, 0x000000008b200000| Complete 
| 129|0x000000008b300000, 0x000000008b300000, 0x000000008b400000|  0%| F|  |TAMS 0x000000008b300000, 0x000000008b300000| Untracked 
| 130|0x000000008b400000, 0x000000008b400000, 0x000000008b500000|  0%| F|  |TAMS 0x000000008b400000, 0x000000008b400000| Untracked 
| 131|0x000000008b500000, 0x000000008b500000, 0x000000008b600000|  0%| F|  |TAMS 0x000000008b500000, 0x000000008b500000| Untracked 
| 132|0x000000008b600000, 0x000000008b600000, 0x000000008b700000|  0%| F|  |TAMS 0x000000008b600000, 0x000000008b600000| Untracked 
| 133|0x000000008b700000, 0x000000008b700000, 0x000000008b800000|  0%| F|  |TAMS 0x000000008b700000, 0x000000008b700000| Untracked 
| 134|0x000000008b800000, 0x000000008b800000, 0x000000008b900000|  0%| F|  |TAMS 0x000000008b800000, 0x000000008b800000| Untracked 
| 135|0x000000008b900000, 0x000000008b900000, 0x000000008ba00000|  0%| F|  |TAMS 0x000000008b900000, 0x000000008b900000| Untracked 
| 136|0x000000008ba00000, 0x000000008ba00000, 0x000000008bb00000|  0%| F|  |TAMS 0x000000008ba00000, 0x000000008ba00000| Untracked 
| 137|0x000000008bb00000, 0x000000008bb00000, 0x000000008bc00000|  0%| F|  |TAMS 0x000000008bb00000, 0x000000008bb00000| Untracked 
| 138|0x000000008bc00000, 0x000000008bc00000, 0x000000008bd00000|  0%| F|  |TAMS 0x000000008bc00000, 0x000000008bc00000| Untracked 
| 139|0x000000008bd00000, 0x000000008bd00000, 0x000000008be00000|  0%| F|  |TAMS 0x000000008bd00000, 0x000000008bd00000| Untracked 
| 140|0x000000008be00000, 0x000000008be00000, 0x000000008bf00000|  0%| F|  |TAMS 0x000000008be00000, 0x000000008be00000| Untracked 
| 141|0x000000008bf00000, 0x000000008bf00000, 0x000000008c000000|  0%| F|  |TAMS 0x000000008bf00000, 0x000000008bf00000| Untracked 
| 142|0x000000008c000000, 0x000000008c000000, 0x000000008c100000|  0%| F|  |TAMS 0x000000008c000000, 0x000000008c000000| Untracked 
| 143|0x000000008c100000, 0x000000008c100000, 0x000000008c200000|  0%| F|  |TAMS 0x000000008c100000, 0x000000008c100000| Untracked 
| 144|0x000000008c200000, 0x000000008c200000, 0x000000008c300000|  0%| F|  |TAMS 0x000000008c200000, 0x000000008c200000| Untracked 
| 145|0x000000008c300000, 0x000000008c300000, 0x000000008c400000|  0%| F|  |TAMS 0x000000008c300000, 0x000000008c300000| Untracked 
| 146|0x000000008c400000, 0x000000008c400000, 0x000000008c500000|  0%| F|  |TAMS 0x000000008c400000, 0x000000008c400000| Untracked 
| 147|0x000000008c500000, 0x000000008c500000, 0x000000008c600000|  0%| F|  |TAMS 0x000000008c500000, 0x000000008c500000| Untracked 
| 148|0x000000008c600000, 0x000000008c600000, 0x000000008c700000|  0%| F|  |TAMS 0x000000008c600000, 0x000000008c600000| Untracked 
| 149|0x000000008c700000, 0x000000008c700000, 0x000000008c800000|  0%| F|  |TAMS 0x000000008c700000, 0x000000008c700000| Untracked 
| 150|0x000000008c800000, 0x000000008c800000, 0x000000008c900000|  0%| F|  |TAMS 0x000000008c800000, 0x000000008c800000| Untracked 
| 151|0x000000008c900000, 0x000000008c900000, 0x000000008ca00000|  0%| F|  |TAMS 0x000000008c900000, 0x000000008c900000| Untracked 
| 152|0x000000008ca00000, 0x000000008ca00000, 0x000000008cb00000|  0%| F|  |TAMS 0x000000008ca00000, 0x000000008ca00000| Untracked 
| 153|0x000000008cb00000, 0x000000008cb00000, 0x000000008cc00000|  0%| F|  |TAMS 0x000000008cb00000, 0x000000008cb00000| Untracked 
| 154|0x000000008cc00000, 0x000000008cc00000, 0x000000008cd00000|  0%| F|  |TAMS 0x000000008cc00000, 0x000000008cc00000| Untracked 
| 155|0x000000008cd00000, 0x000000008cd00000, 0x000000008ce00000|  0%| F|  |TAMS 0x000000008cd00000, 0x000000008cd00000| Untracked 
| 156|0x000000008ce00000, 0x000000008ce00000, 0x000000008cf00000|  0%| F|  |TAMS 0x000000008ce00000, 0x000000008ce00000| Untracked 
| 157|0x000000008cf00000, 0x000000008cf00000, 0x000000008d000000|  0%| F|  |TAMS 0x000000008cf00000, 0x000000008cf00000| Untracked 
| 158|0x000000008d000000, 0x000000008d000000, 0x000000008d100000|  0%| F|  |TAMS 0x000000008d000000, 0x000000008d000000| Untracked 
| 159|0x000000008d100000, 0x000000008d100000, 0x000000008d200000|  0%| F|  |TAMS 0x000000008d100000, 0x000000008d100000| Untracked 
| 160|0x000000008d200000, 0x000000008d200000, 0x000000008d300000|  0%| F|  |TAMS 0x000000008d200000, 0x000000008d200000| Untracked 
| 161|0x000000008d300000, 0x000000008d300000, 0x000000008d400000|  0%| F|  |TAMS 0x000000008d300000, 0x000000008d300000| Untracked 
| 162|0x000000008d400000, 0x000000008d400000, 0x000000008d500000|  0%| F|  |TAMS 0x000000008d400000, 0x000000008d400000| Untracked 
| 163|0x000000008d500000, 0x000000008d500000, 0x000000008d600000|  0%| F|  |TAMS 0x000000008d500000, 0x000000008d500000| Untracked 
| 164|0x000000008d600000, 0x000000008d600000, 0x000000008d700000|  0%| F|  |TAMS 0x000000008d600000, 0x000000008d600000| Untracked 
| 165|0x000000008d700000, 0x000000008d700000, 0x000000008d800000|  0%| F|  |TAMS 0x000000008d700000, 0x000000008d700000| Untracked 
| 166|0x000000008d800000, 0x000000008d800000, 0x000000008d900000|  0%| F|  |TAMS 0x000000008d800000, 0x000000008d800000| Untracked 
| 167|0x000000008d900000, 0x000000008d900000, 0x000000008da00000|  0%| F|  |TAMS 0x000000008d900000, 0x000000008d900000| Untracked 
| 168|0x000000008da00000, 0x000000008da00000, 0x000000008db00000|  0%| F|  |TAMS 0x000000008da00000, 0x000000008da00000| Untracked 
| 169|0x000000008db00000, 0x000000008db00000, 0x000000008dc00000|  0%| F|  |TAMS 0x000000008db00000, 0x000000008db00000| Untracked 
| 170|0x000000008dc00000, 0x000000008dc00000, 0x000000008dd00000|  0%| F|  |TAMS 0x000000008dc00000, 0x000000008dc00000| Untracked 
| 171|0x000000008dd00000, 0x000000008dd00000, 0x000000008de00000|  0%| F|  |TAMS 0x000000008dd00000, 0x000000008dd00000| Untracked 
| 172|0x000000008de00000, 0x000000008de00000, 0x000000008df00000|  0%| F|  |TAMS 0x000000008de00000, 0x000000008de00000| Untracked 
| 173|0x000000008df00000, 0x000000008df00000, 0x000000008e000000|  0%| F|  |TAMS 0x000000008df00000, 0x000000008df00000| Untracked 
| 174|0x000000008e000000, 0x000000008e000000, 0x000000008e100000|  0%| F|  |TAMS 0x000000008e000000, 0x000000008e000000| Untracked 
| 175|0x000000008e100000, 0x000000008e100000, 0x000000008e200000|  0%| F|  |TAMS 0x000000008e100000, 0x000000008e100000| Untracked 
| 176|0x000000008e200000, 0x000000008e200000, 0x000000008e300000|  0%| F|  |TAMS 0x000000008e200000, 0x000000008e200000| Untracked 
| 177|0x000000008e300000, 0x000000008e300000, 0x000000008e400000|  0%| F|  |TAMS 0x000000008e300000, 0x000000008e300000| Untracked 
| 178|0x000000008e400000, 0x000000008e400000, 0x000000008e500000|  0%| F|  |TAMS 0x000000008e400000, 0x000000008e400000| Untracked 
| 179|0x000000008e500000, 0x000000008e500000, 0x000000008e600000|  0%| F|  |TAMS 0x000000008e500000, 0x000000008e500000| Untracked 
| 180|0x000000008e600000, 0x000000008e600000, 0x000000008e700000|  0%| F|  |TAMS 0x000000008e600000, 0x000000008e600000| Untracked 
| 181|0x000000008e700000, 0x000000008e700000, 0x000000008e800000|  0%| F|  |TAMS 0x000000008e700000, 0x000000008e700000| Untracked 
| 182|0x000000008e800000, 0x000000008e800000, 0x000000008e900000|  0%| F|  |TAMS 0x000000008e800000, 0x000000008e800000| Untracked 
| 183|0x000000008e900000, 0x000000008e900000, 0x000000008ea00000|  0%| F|  |TAMS 0x000000008e900000, 0x000000008e900000| Untracked 
| 184|0x000000008ea00000, 0x000000008ea00000, 0x000000008eb00000|  0%| F|  |TAMS 0x000000008ea00000, 0x000000008ea00000| Untracked 
| 185|0x000000008eb00000, 0x000000008eb00000, 0x000000008ec00000|  0%| F|  |TAMS 0x000000008eb00000, 0x000000008eb00000| Untracked 
| 186|0x000000008ec00000, 0x000000008ec00000, 0x000000008ed00000|  0%| F|  |TAMS 0x000000008ec00000, 0x000000008ec00000| Untracked 
| 187|0x000000008ed00000, 0x000000008ed00000, 0x000000008ee00000|  0%| F|  |TAMS 0x000000008ed00000, 0x000000008ed00000| Untracked 
| 188|0x000000008ee00000, 0x000000008ee00000, 0x000000008ef00000|  0%| F|  |TAMS 0x000000008ee00000, 0x000000008ee00000| Untracked 
| 189|0x000000008ef00000, 0x000000008ef00000, 0x000000008f000000|  0%| F|  |TAMS 0x000000008ef00000, 0x000000008ef00000| Untracked 
| 190|0x000000008f000000, 0x000000008f000000, 0x000000008f100000|  0%| F|  |TAMS 0x000000008f000000, 0x000000008f000000| Untracked 
| 191|0x000000008f100000, 0x000000008f100000, 0x000000008f200000|  0%| F|  |TAMS 0x000000008f100000, 0x000000008f100000| Untracked 
| 192|0x000000008f200000, 0x000000008f200000, 0x000000008f300000|  0%| F|  |TAMS 0x000000008f200000, 0x000000008f200000| Untracked 
| 193|0x000000008f300000, 0x000000008f300000, 0x000000008f400000|  0%| F|  |TAMS 0x000000008f300000, 0x000000008f300000| Untracked 
| 194|0x000000008f400000, 0x000000008f400000, 0x000000008f500000|  0%| F|  |TAMS 0x000000008f400000, 0x000000008f400000| Untracked 
| 195|0x000000008f500000, 0x000000008f500000, 0x000000008f600000|  0%| F|  |TAMS 0x000000008f500000, 0x000000008f500000| Untracked 
| 196|0x000000008f600000, 0x000000008f600000, 0x000000008f700000|  0%| F|  |TAMS 0x000000008f600000, 0x000000008f600000| Untracked 
| 197|0x000000008f700000, 0x000000008f700000, 0x000000008f800000|  0%| F|  |TAMS 0x000000008f700000, 0x000000008f700000| Untracked 
| 198|0x000000008f800000, 0x000000008f800000, 0x000000008f900000|  0%| F|  |TAMS 0x000000008f800000, 0x000000008f800000| Untracked 
| 199|0x000000008f900000, 0x000000008f900000, 0x000000008fa00000|  0%| F|  |TAMS 0x000000008f900000, 0x000000008f900000| Untracked 
| 200|0x000000008fa00000, 0x000000008fa00000, 0x000000008fb00000|  0%| F|  |TAMS 0x000000008fa00000, 0x000000008fa00000| Untracked 
| 201|0x000000008fb00000, 0x000000008fb00000, 0x000000008fc00000|  0%| F|  |TAMS 0x000000008fb00000, 0x000000008fb00000| Untracked 
| 202|0x000000008fc00000, 0x000000008fc00000, 0x000000008fd00000|  0%| F|  |TAMS 0x000000008fc00000, 0x000000008fc00000| Untracked 
| 203|0x000000008fd00000, 0x000000008fd00000, 0x000000008fe00000|  0%| F|  |TAMS 0x000000008fd00000, 0x000000008fd00000| Untracked 
| 204|0x000000008fe00000, 0x000000008fe00000, 0x000000008ff00000|  0%| F|  |TAMS 0x000000008fe00000, 0x000000008fe00000| Untracked 
| 205|0x000000008ff00000, 0x000000008ff00000, 0x0000000090000000|  0%| F|  |TAMS 0x000000008ff00000, 0x000000008ff00000| Untracked 
| 206|0x0000000090000000, 0x0000000090000000, 0x0000000090100000|  0%| F|  |TAMS 0x0000000090000000, 0x0000000090000000| Untracked 
| 207|0x0000000090100000, 0x0000000090100000, 0x0000000090200000|  0%| F|  |TAMS 0x0000000090100000, 0x0000000090100000| Untracked 
| 208|0x0000000090200000, 0x0000000090200000, 0x0000000090300000|  0%| F|  |TAMS 0x0000000090200000, 0x0000000090200000| Untracked 
| 209|0x0000000090300000, 0x0000000090300000, 0x0000000090400000|  0%| F|  |TAMS 0x0000000090300000, 0x0000000090300000| Untracked 
| 210|0x0000000090400000, 0x0000000090400000, 0x0000000090500000|  0%| F|  |TAMS 0x0000000090400000, 0x0000000090400000| Untracked 
| 211|0x0000000090500000, 0x0000000090500000, 0x0000000090600000|  0%| F|  |TAMS 0x0000000090500000, 0x0000000090500000| Untracked 
| 212|0x0000000090600000, 0x0000000090600000, 0x0000000090700000|  0%| F|  |TAMS 0x0000000090600000, 0x0000000090600000| Untracked 
| 213|0x0000000090700000, 0x0000000090700000, 0x0000000090800000|  0%| F|  |TAMS 0x0000000090700000, 0x0000000090700000| Untracked 
| 214|0x0000000090800000, 0x0000000090800000, 0x0000000090900000|  0%| F|  |TAMS 0x0000000090800000, 0x0000000090800000| Untracked 
| 215|0x0000000090900000, 0x0000000090900000, 0x0000000090a00000|  0%| F|  |TAMS 0x0000000090900000, 0x0000000090900000| Untracked 
| 216|0x0000000090a00000, 0x0000000090a00000, 0x0000000090b00000|  0%| F|  |TAMS 0x0000000090a00000, 0x0000000090a00000| Untracked 
| 217|0x0000000090b00000, 0x0000000090b00000, 0x0000000090c00000|  0%| F|  |TAMS 0x0000000090b00000, 0x0000000090b00000| Untracked 
| 218|0x0000000090c00000, 0x0000000090c00000, 0x0000000090d00000|  0%| F|  |TAMS 0x0000000090c00000, 0x0000000090c00000| Untracked 
| 219|0x0000000090d00000, 0x0000000090d00000, 0x0000000090e00000|  0%| F|  |TAMS 0x0000000090d00000, 0x0000000090d00000| Untracked 
| 220|0x0000000090e00000, 0x0000000090e00000, 0x0000000090f00000|  0%| F|  |TAMS 0x0000000090e00000, 0x0000000090e00000| Untracked 
| 221|0x0000000090f00000, 0x0000000090f00000, 0x0000000091000000|  0%| F|  |TAMS 0x0000000090f00000, 0x0000000090f00000| Untracked 
| 222|0x0000000091000000, 0x0000000091000000, 0x0000000091100000|  0%| F|  |TAMS 0x0000000091000000, 0x0000000091000000| Untracked 
| 223|0x0000000091100000, 0x0000000091100000, 0x0000000091200000|  0%| F|  |TAMS 0x0000000091100000, 0x0000000091100000| Untracked 
| 224|0x0000000091200000, 0x0000000091200000, 0x0000000091300000|  0%| F|  |TAMS 0x0000000091200000, 0x0000000091200000| Untracked 

Card table byte_map: [0x00000215d3a60000,0x00000215d3e50000] _byte_map_base: 0x00000215d3647000

Marking Bits (Prev, Next): (CMBitMap*) 0x00000215cd93e6d0, (CMBitMap*) 0x00000215cd93e690
 Prev Bits: [0x00000215d6180000, 0x00000215d80b8000)
 Next Bits: [0x00000215d4240000, 0x00000215d6178000)

Polling page: 0x00000215cb8c0000

Metaspace:

Usage:
  Non-class:     30.80 MB used.
      Class:      4.62 MB used.
       Both:     35.42 MB used.

Virtual space:
  Non-class space:       32.00 MB reserved,      30.94 MB ( 97%) committed,  4 nodes.
      Class space:        1.00 GB reserved,       4.75 MB ( <1%) committed,  1 nodes.
             Both:        1.03 GB reserved,      35.69 MB (  3%) committed. 

Chunk freelists:
   Non-Class:  640.00 KB
       Class:  3.06 MB
        Both:  3.69 MB

MaxMetaspaceSize: unlimited
CompressedClassSpaceSize: 1.00 GB
Initial GC threshold: 21.00 MB
Current GC threshold: 59.38 MB
CDS: off
MetaspaceReclaimPolicy: balanced
 - commit_granule_bytes: 65536.
 - commit_granule_words: 8192.
 - virtual_space_node_default_size: 1048576.
 - enlarge_chunks_in_place: 1.
 - new_chunks_are_fully_committed: 0.
 - uncommit_free_chunks: 1.
 - use_allocation_guard: 0.
 - handle_deallocations: 1.


Internal statistics:

num_allocs_failed_limit: 9.
num_arena_births: 342.
num_arena_deaths: 0.
num_vsnodes_births: 5.
num_vsnodes_deaths: 0.
num_space_committed: 571.
num_space_uncommitted: 0.
num_chunks_returned_to_freelist: 9.
num_chunks_taken_from_freelist: 1385.
num_chunk_merges: 9.
num_chunk_splits: 952.
num_chunks_enlarged: 731.
num_purges: 0.
num_inconsistent_stats: 0.

CodeCache: size=49152Kb used=9074Kb max_used=9074Kb free=40078Kb
 bounds [0x00000215d0560000, 0x00000215d0e40000, 0x00000215d3560000]
 total_blobs=4250 nmethods=3724 adapters=450
 compilation: enabled
              stopped_count=0, restarted_count=0
 full_count=0

Compilation events (20 events):
Event: 3.919 Thread 0x00000215db624cc0 nmethod 3674 0x00000215d0e36510 code [0x00000215d0e366e0, 0x00000215d0e369d8]
Event: 3.919 Thread 0x00000215db624cc0 3716       1       jdk.internal.module.SystemModuleFinders$SystemModuleReader$$Lambda$130/0x00000001001e93f8::apply (12 bytes)
Event: 3.919 Thread 0x00000215dbfc0730 nmethod 3709 0x00000215d0e34690 code [0x00000215d0e349e0, 0x00000215d0e359f8]
Event: 3.920 Thread 0x00000215db624cc0 nmethod 3716 0x00000215d0e37690 code [0x00000215d0e37820, 0x00000215d0e37948]
Event: 3.920 Thread 0x00000215dbfc7190 nmethod 3702 0x00000215d0e36b90 code [0x00000215d0e36da0, 0x00000215d0e37368]
Event: 3.920 Thread 0x00000215dbfc0730 3722   !   1       jdk.internal.reflect.GeneratedMethodAccessor28::invoke (67 bytes)
Event: 3.920 Thread 0x00000215db624cc0 3675       1       jdk.internal.jimage.ImageReader::findLocation (14 bytes)
Event: 3.921 Thread 0x00000215dbfc7190 3693       1       java.io.ByteArrayOutputStream::close (1 bytes)
Event: 3.922 Thread 0x00000215db624cc0 nmethod 3675 0x00000215d0e37a10 code [0x00000215d0e37bc0, 0x00000215d0e37d58]
Event: 3.923 Thread 0x00000215dbfc7190 nmethod 3693 0x00000215d0e3a110 code [0x00000215d0e3a2a0, 0x00000215d0e3a358]
Event: 3.923 Thread 0x00000215db624cc0 3706       1       jdk.internal.jimage.BasicImageReader::releaseByteBuffer (16 bytes)
Event: 3.923 Thread 0x00000215dbfc0730 nmethod 3722 0x00000215d0e37e90 code [0x00000215d0e38080, 0x00000215d0e384b8]
Event: 3.923 Thread 0x00000215dbfc7190 3692       1       java.util.Optional::get (22 bytes)
Event: 3.924 Thread 0x00000215dbfc7190 nmethod 3692 0x00000215d0e3a410 code [0x00000215d0e3a5a0, 0x00000215d0e3a708]
Event: 3.924 Thread 0x00000215db624cc0 nmethod 3706 0x00000215d0e3a810 code [0x00000215d0e3a9a0, 0x00000215d0e3aae8]
Event: 3.925 Thread 0x00000215db436030 nmethod 3718 0x00000215d0e38790 code [0x00000215d0e38b00, 0x00000215d0e39928]
Event: 3.944 Thread 0x00000215db436030 3723  s!   1       jdk.internal.loader.URLClassPath::getLoader (196 bytes)
Event: 3.946 Thread 0x00000215db436030 nmethod 3723 0x00000215d0e3ab90 code [0x00000215d0e3ae40, 0x00000215d0e3b858]
Event: 4.023 Thread 0x00000215db436030 3724       1       java.util.concurrent.ConcurrentHashMap::resizeStamp (9 bytes)
Event: 4.023 Thread 0x00000215db436030 nmethod 3724 0x00000215d0e3c510 code [0x00000215d0e3c6a0, 0x00000215d0e3c768]

GC Heap History (20 events):
Event: 3.414 GC heap after
{Heap after GC invocations=11 (full 0):
 garbage-first heap   total 65536K, used 31086K [0x0000000083200000, 0x0000000100000000)
  region size 1024K, 3 young (3072K), 3 survivors (3072K)
 Metaspace       used 33891K, committed 34176K, reserved 1081344K
  class space    used 4322K, committed 4480K, reserved 1048576K
}
Event: 3.441 GC heap before
{Heap before GC invocations=11 (full 0):
 garbage-first heap   total 65536K, used 48494K [0x0000000083200000, 0x0000000100000000)
  region size 1024K, 20 young (20480K), 3 survivors (3072K)
 Metaspace       used 34079K, committed 34432K, reserved 1081344K
  class space    used 4346K, committed 4544K, reserved 1048576K
}
Event: 3.444 GC heap after
{Heap after GC invocations=12 (full 0):
 garbage-first heap   total 104448K, used 34410K [0x0000000083200000, 0x0000000100000000)
  region size 1024K, 3 young (3072K), 3 survivors (3072K)
 Metaspace       used 34079K, committed 34432K, reserved 1081344K
  class space    used 4346K, committed 4544K, reserved 1048576K
}
Event: 3.509 GC heap before
{Heap before GC invocations=12 (full 0):
 garbage-first heap   total 104448K, used 74346K [0x0000000083200000, 0x0000000100000000)
  region size 1024K, 42 young (43008K), 3 survivors (3072K)
 Metaspace       used 34456K, committed 34816K, reserved 1081344K
  class space    used 4399K, committed 4608K, reserved 1048576K
}
Event: 3.517 GC heap after
{Heap after GC invocations=13 (full 0):
 garbage-first heap   total 104448K, used 44671K [0x0000000083200000, 0x0000000100000000)
  region size 1024K, 6 young (6144K), 6 survivors (6144K)
 Metaspace       used 34456K, committed 34816K, reserved 1081344K
  class space    used 4399K, committed 4608K, reserved 1048576K
}
Event: 3.719 GC heap before
{Heap before GC invocations=13 (full 0):
 garbage-first heap   total 104448K, used 74367K [0x0000000083200000, 0x0000000100000000)
  region size 1024K, 35 young (35840K), 6 survivors (6144K)
 Metaspace       used 35752K, committed 36096K, reserved 1081344K
  class space    used 4632K, committed 4800K, reserved 1048576K
}
Event: 3.728 GC heap after
{Heap after GC invocations=14 (full 0):
 garbage-first heap   total 104448K, used 54566K [0x0000000083200000, 0x0000000100000000)
  region size 1024K, 5 young (5120K), 5 survivors (5120K)
 Metaspace       used 35752K, committed 36096K, reserved 1081344K
  class space    used 4632K, committed 4800K, reserved 1048576K
}
Event: 3.740 GC heap before
{Heap before GC invocations=14 (full 0):
 garbage-first heap   total 104448K, used 58662K [0x0000000083200000, 0x0000000100000000)
  region size 1024K, 10 young (10240K), 5 survivors (5120K)
 Metaspace       used 35808K, committed 36096K, reserved 1081344K
  class space    used 4645K, committed 4800K, reserved 1048576K
}
Event: 3.746 GC heap after
{Heap after GC invocations=15 (full 0):
 garbage-first heap   total 104448K, used 58118K [0x0000000083200000, 0x0000000100000000)
  region size 1024K, 3 young (3072K), 3 survivors (3072K)
 Metaspace       used 35808K, committed 36096K, reserved 1081344K
  class space    used 4645K, committed 4800K, reserved 1048576K
}
Event: 3.806 GC heap before
{Heap before GC invocations=15 (full 0):
 garbage-first heap   total 112640K, used 74502K [0x0000000083200000, 0x0000000100000000)
  region size 1024K, 20 young (20480K), 3 survivors (3072K)
 Metaspace       used 36143K, committed 36480K, reserved 1081344K
  class space    used 4704K, committed 4864K, reserved 1048576K
}
Event: 3.823 GC heap after
{Heap after GC invocations=16 (full 0):
 garbage-first heap   total 225280K, used 63488K [0x0000000083200000, 0x0000000100000000)
  region size 1024K, 3 young (3072K), 3 survivors (3072K)
 Metaspace       used 36143K, committed 36480K, reserved 1081344K
  class space    used 4704K, committed 4864K, reserved 1048576K
}
Event: 3.871 GC heap before
{Heap before GC invocations=17 (full 0):
 garbage-first heap   total 225280K, used 130048K [0x0000000083200000, 0x0000000100000000)
  region size 1024K, 69 young (70656K), 3 survivors (3072K)
 Metaspace       used 36159K, committed 36480K, reserved 1081344K
  class space    used 4710K, committed 4864K, reserved 1048576K
}
Event: 3.877 GC heap after
{Heap after GC invocations=18 (full 0):
 garbage-first heap   total 225280K, used 66512K [0x0000000083200000, 0x0000000100000000)
  region size 1024K, 6 young (6144K), 6 survivors (6144K)
 Metaspace       used 36159K, committed 36480K, reserved 1081344K
  class space    used 4710K, committed 4864K, reserved 1048576K
}
Event: 3.881 GC heap before
{Heap before GC invocations=18 (full 0):
 garbage-first heap   total 225280K, used 70608K [0x0000000083200000, 0x0000000100000000)
  region size 1024K, 11 young (11264K), 6 survivors (6144K)
 Metaspace       used 36160K, committed 36480K, reserved 1081344K
  class space    used 4710K, committed 4864K, reserved 1048576K
}
Event: 3.887 GC heap after
{Heap after GC invocations=19 (full 0):
 garbage-first heap   total 225280K, used 66817K [0x0000000083200000, 0x0000000100000000)
  region size 1024K, 1 young (1024K), 1 survivors (1024K)
 Metaspace       used 36160K, committed 36480K, reserved 1081344K
  class space    used 4710K, committed 4864K, reserved 1048576K
}
Event: 3.926 GC heap before
{Heap before GC invocations=19 (full 0):
 garbage-first heap   total 225280K, used 160001K [0x0000000083200000, 0x0000000100000000)
  region size 1024K, 93 young (95232K), 1 survivors (1024K)
 Metaspace       used 36177K, committed 36480K, reserved 1081344K
  class space    used 4715K, committed 4864K, reserved 1048576K
}
Event: 3.930 GC heap after
{Heap after GC invocations=20 (full 0):
 garbage-first heap   total 225280K, used 70118K [0x0000000083200000, 0x0000000100000000)
  region size 1024K, 5 young (5120K), 5 survivors (5120K)
 Metaspace       used 36177K, committed 36480K, reserved 1081344K
  class space    used 4715K, committed 4864K, reserved 1048576K
}
Event: 3.965 GC heap before
{Heap before GC invocations=20 (full 0):
 garbage-first heap   total 225280K, used 165350K [0x0000000083200000, 0x0000000100000000)
  region size 1024K, 99 young (101376K), 5 survivors (5120K)
 Metaspace       used 36220K, committed 36544K, reserved 1081344K
  class space    used 4724K, committed 4864K, reserved 1048576K
}
Event: 3.969 GC heap after
{Heap after GC invocations=21 (full 0):
 garbage-first heap   total 225280K, used 73507K [0x0000000083200000, 0x0000000100000000)
  region size 1024K, 8 young (8192K), 8 survivors (8192K)
 Metaspace       used 36220K, committed 36544K, reserved 1081344K
  class space    used 4724K, committed 4864K, reserved 1048576K
}
Event: 4.028 GC heap before
{Heap before GC invocations=21 (full 0):
 garbage-first heap   total 230400K, used 170787K [0x0000000083200000, 0x0000000100000000)
  region size 1024K, 104 young (106496K), 8 survivors (8192K)
 Metaspace       used 36270K, committed 36544K, reserved 1081344K
  class space    used 4732K, committed 4864K, reserved 1048576K
}

Deoptimization events (12 events):
Event: 1.699 Thread 0x00000215cd8e4b70 DEOPT PACKING pc=0x00000215d0ab1799 sp=0x0000003b643fd010
Event: 1.699 Thread 0x00000215cd8e4b70 DEOPT UNPACKING pc=0x00000215d05b6763 sp=0x0000003b643fc4f0 mode 3
Event: 3.040 Thread 0x00000215cd8e4b70 DEOPT PACKING pc=0x00000215d0c25d99 sp=0x0000003b643fc3f0
Event: 3.040 Thread 0x00000215cd8e4b70 DEOPT UNPACKING pc=0x00000215d05b6763 sp=0x0000003b643fb8d0 mode 3
Event: 3.135 Thread 0x00000215dd499340 DEOPT PACKING pc=0x00000215d0c7262b sp=0x0000003b661fe2d0
Event: 3.135 Thread 0x00000215dd499340 DEOPT UNPACKING pc=0x00000215d05b6763 sp=0x0000003b661fd818 mode 3
Event: 3.331 Thread 0x00000215dd497e90 DEOPT PACKING pc=0x00000215d0ab0481 sp=0x0000003b665fecb0
Event: 3.331 Thread 0x00000215dd497e90 DEOPT UNPACKING pc=0x00000215d05b6763 sp=0x0000003b665fe140 mode 3
Event: 3.471 Thread 0x00000215dd5d1e40 DEOPT PACKING pc=0x00000215d0aaea17 sp=0x0000003b66efeb20
Event: 3.471 Thread 0x00000215dd5d1e40 DEOPT UNPACKING pc=0x00000215d05b6763 sp=0x0000003b66efdf78 mode 3
Event: 3.598 Thread 0x00000215dd5d0b00 DEOPT PACKING pc=0x00000215d0ddceb5 sp=0x0000003b673fd500
Event: 3.598 Thread 0x00000215dd5d0b00 DEOPT UNPACKING pc=0x00000215d05b6763 sp=0x0000003b673fca18 mode 3

Classes unloaded (0 events):
No events

Classes redefined (0 events):
No events

Internal exceptions (20 events):
Event: 3.197 Thread 0x00000215dd597070 Exception <a 'sun/nio/fs/WindowsException'{0x0000000089d648c8}> (0x0000000089d648c8) 
thrown [s\src\hotspot\share\prims\jni.cpp, line 516]
Event: 3.198 Thread 0x00000215dd597070 Exception <a 'sun/nio/fs/WindowsException'{0x0000000089d64c88}> (0x0000000089d64c88) 
thrown [s\src\hotspot\share\prims\jni.cpp, line 516]
Event: 3.198 Thread 0x00000215dd597070 Exception <a 'sun/nio/fs/WindowsException'{0x0000000089d65688}> (0x0000000089d65688) 
thrown [s\src\hotspot\share\prims\jni.cpp, line 516]
Event: 3.198 Thread 0x00000215dd597070 Exception <a 'sun/nio/fs/WindowsException'{0x0000000089d65a38}> (0x0000000089d65a38) 
thrown [s\src\hotspot\share\prims\jni.cpp, line 516]
Event: 3.198 Thread 0x00000215dd597070 Exception <a 'sun/nio/fs/WindowsException'{0x0000000089d66438}> (0x0000000089d66438) 
thrown [s\src\hotspot\share\prims\jni.cpp, line 516]
Event: 3.198 Thread 0x00000215dd597070 Exception <a 'sun/nio/fs/WindowsException'{0x0000000089d667f8}> (0x0000000089d667f8) 
thrown [s\src\hotspot\share\prims\jni.cpp, line 516]
Event: 3.198 Thread 0x00000215dd597070 Exception <a 'sun/nio/fs/WindowsException'{0x0000000089d67220}> (0x0000000089d67220) 
thrown [s\src\hotspot\share\prims\jni.cpp, line 516]
Event: 3.198 Thread 0x00000215dd597070 Exception <a 'sun/nio/fs/WindowsException'{0x0000000089d67600}> (0x0000000089d67600) 
thrown [s\src\hotspot\share\prims\jni.cpp, line 516]
Event: 3.198 Thread 0x00000215dd597070 Exception <a 'sun/nio/fs/WindowsException'{0x0000000089d68038}> (0x0000000089d68038) 
thrown [s\src\hotspot\share\prims\jni.cpp, line 516]
Event: 3.198 Thread 0x00000215dd597070 Exception <a 'sun/nio/fs/WindowsException'{0x0000000089d68428}> (0x0000000089d68428) 
thrown [s\src\hotspot\share\prims\jni.cpp, line 516]
Event: 3.199 Thread 0x00000215dd597070 Exception <a 'sun/nio/fs/WindowsException'{0x0000000089d68e50}> (0x0000000089d68e50) 
thrown [s\src\hotspot\share\prims\jni.cpp, line 516]
Event: 3.199 Thread 0x00000215dd597070 Exception <a 'sun/nio/fs/WindowsException'{0x0000000089d69240}> (0x0000000089d69240) 
thrown [s\src\hotspot\share\prims\jni.cpp, line 516]
Event: 3.240 Thread 0x00000215cd8e4b70 Exception <a 'java/lang/NoSuchMethodError'{0x0000000086888970}: 'java.lang.Object java.lang.invoke.DirectMethodHandle$Holder.newInvokeSpecial(java.lang.Object, java.lang.Object, int, java.lang.Object, java.lang.Object)'> (0x0000000086888970) 
thrown [s\src\hotspot\share\interpreter\linkResolver.cpp, line 759]
Event: 3.242 Thread 0x00000215cd8e4b70 Exception <a 'java/lang/NoSuchMethodError'{0x000000008689a940}: 'java.lang.Object java.lang.invoke.DirectMethodHandle$Holder.invokeSpecial(java.lang.Object, java.lang.Object, int, java.lang.Object, int, java.lang.Object)'> (0x000000008689a940) 
thrown [s\src\hotspot\share\interpreter\linkResolver.cpp, line 759]
Event: 3.243 Thread 0x00000215cd8e4b70 Exception <a 'java/lang/NoSuchMethodError'{0x00000000868a2740}: 'java.lang.Object java.lang.invoke.DirectMethodHandle$Holder.newInvokeSpecial(java.lang.Object, java.lang.Object, int, java.lang.Object, int)'> (0x00000000868a2740) 
thrown [s\src\hotspot\share\interpreter\linkResolver.cpp, line 759]
Event: 3.244 Thread 0x00000215cd8e4b70 Exception <a 'java/lang/NoSuchMethodError'{0x00000000868a6840}: 'java.lang.Object java.lang.invoke.DirectMethodHandle$Holder.invokeSpecial(java.lang.Object, java.lang.Object, java.lang.Object, int, java.lang.Object, int)'> (0x00000000868a6840) 
thrown [s\src\hotspot\share\interpreter\linkResolver.cpp, line 759]
Event: 3.590 Thread 0x00000215dd5cf2f0 Exception <a 'java/lang/NoSuchMethodError'{0x00000000890d5930}: 'java.lang.Object java.lang.invoke.DirectMethodHandle$Holder.invokeStatic(java.lang.Object, java.lang.Object, java.lang.Object, int, java.lang.Object, java.lang.Object)'> (0x00000000890d5930) 
thrown [s\src\hotspot\share\interpreter\linkResolver.cpp, line 759]
Event: 3.593 Thread 0x00000215dd5d0b00 Exception <a 'java/lang/NoSuchMethodError'{0x00000000890ccfb8}: 'java.lang.Object java.lang.invoke.DirectMethodHandle$Holder.invokeStatic(java.lang.Object, int, java.lang.Object)'> (0x00000000890ccfb8) 
thrown [s\src\hotspot\share\interpreter\linkResolver.cpp, line 759]
Event: 3.773 Thread 0x00000215dd5d0b00 Exception <a 'java/lang/NoSuchMethodError'{0x0000000088fa9bf8}: 'int java.lang.invoke.DirectMethodHandle$Holder.invokeStatic(java.lang.Object)'> (0x0000000088fa9bf8) 
thrown [s\src\hotspot\share\interpreter\linkResolver.cpp, line 759]
Event: 3.773 Thread 0x00000215dd5d0b00 Exception <a 'java/lang/NoSuchMethodError'{0x0000000088fe0c48}: 'int java.lang.invoke.DirectMethodHandle$Holder.invokeStaticInit(java.lang.Object)'> (0x0000000088fe0c48) 
thrown [s\src\hotspot\share\interpreter\linkResolver.cpp, line 759]

VM Operations (20 events):
Event: 3.835 Executing VM operation: G1Concurrent done
Event: 3.868 Executing VM operation: G1CollectForAllocation
Event: 3.870 Executing VM operation: G1CollectForAllocation done
Event: 3.871 Executing VM operation: G1CollectForAllocation
Event: 3.878 Executing VM operation: G1CollectForAllocation done
Event: 3.881 Executing VM operation: G1CollectForAllocation
Event: 3.888 Executing VM operation: G1CollectForAllocation done
Event: 3.926 Executing VM operation: G1CollectForAllocation
Event: 3.926 Executing VM operation: G1CollectForAllocation done
Event: 3.926 Executing VM operation: HandshakeAllThreads
Event: 3.926 Executing VM operation: HandshakeAllThreads done
Event: 3.926 Executing VM operation: G1CollectForAllocation
Event: 3.930 Executing VM operation: G1CollectForAllocation done
Event: 3.932 Executing VM operation: HandshakeAllThreads
Event: 3.932 Executing VM operation: HandshakeAllThreads done
Event: 3.964 Executing VM operation: G1CollectForAllocation
Event: 3.969 Executing VM operation: G1CollectForAllocation done
Event: 3.992 Executing VM operation: G1Concurrent
Event: 4.007 Executing VM operation: G1Concurrent done
Event: 4.027 Executing VM operation: G1CollectForAllocation

Events (20 events):
Event: 3.630 Thread 0x00000215df2abe30 Thread added: 0x00000215df2abe30
Event: 3.634 loading class java/util/concurrent/ConcurrentHashMap$ValueSpliterator
Event: 3.634 loading class java/util/concurrent/ConcurrentHashMap$ValueSpliterator done
Event: 3.642 loading class java/util/concurrent/CompletableFuture$UniApply
Event: 3.642 loading class java/util/concurrent/CompletableFuture$UniApply done
Event: 3.643 Thread 0x00000215df2ac300 Thread added: 0x00000215df2ac300
Event: 3.643 loading class java/util/concurrent/CompletableFuture$UniExceptionally
Event: 3.643 loading class java/util/concurrent/CompletableFuture$UniExceptionally done
Event: 3.644 loading class java/util/concurrent/CompletableFuture$Signaller
Event: 3.644 loading class java/util/concurrent/CompletableFuture$Signaller done
Event: 3.650 loading class java/util/concurrent/CompletableFuture$UniCompose
Event: 3.650 loading class java/util/concurrent/CompletableFuture$UniCompose done
Event: 3.650 Thread 0x00000215df2aafc0 Thread added: 0x00000215df2aafc0
Event: 3.652 Thread 0x00000215df2a6790 Thread added: 0x00000215df2a6790
Event: 3.652 loading class java/util/concurrent/CompletableFuture$UniRelay
Event: 3.652 loading class java/util/concurrent/CompletableFuture$UniRelay done
Event: 3.732 Thread 0x00000215df2ab490 Thread added: 0x00000215df2ab490
Event: 3.781 Thread 0x00000215df2aaaf0 Thread added: 0x00000215df2aaaf0
Event: 3.918 loading class jdk/internal/vm/annotation/ForceInline
Event: 3.918 loading class jdk/internal/vm/annotation/ForceInline done


Dynamic libraries:
0x00007ff71c4d0000 - 0x00007ff71c4de000 	c:\Users\datea\.vscode\extensions\redhat.java-1.11.0-win32-x64\jre\17.0.4.1-win32-x86_64\bin\java.exe
0x00007ffe46e50000 - 0x00007ffe47069000 	C:\WINDOWS\SYSTEM32\ntdll.dll
0x00007ffe45bb0000 - 0x00007ffe45c72000 	C:\WINDOWS\System32\KERNEL32.DLL
0x00007ffe44480000 - 0x00007ffe4481c000 	C:\WINDOWS\System32\KERNELBASE.dll
0x00007ffe410c0000 - 0x00007ffe41156000 	C:\WINDOWS\SYSTEM32\apphelp.dll
0x00007ffe448a0000 - 0x00007ffe449bb000 	C:\WINDOWS\System32\ucrtbase.dll
0x00007ffe3c130000 - 0x00007ffe3c149000 	c:\Users\datea\.vscode\extensions\redhat.java-1.11.0-win32-x64\jre\17.0.4.1-win32-x86_64\bin\VCRUNTIME140.dll
0x00007ffe3c110000 - 0x00007ffe3c128000 	c:\Users\datea\.vscode\extensions\redhat.java-1.11.0-win32-x64\jre\17.0.4.1-win32-x86_64\bin\jli.dll
0x00007ffe45c90000 - 0x00007ffe45e3c000 	C:\WINDOWS\System32\USER32.dll
0x00007ffe21b70000 - 0x00007ffe21e01000 	C:\WINDOWS\WinSxS\amd64_microsoft.windows.common-controls_6595b64144ccf1df_6.0.25227.1000_none_7b35d90bf2068bf3\COMCTL32.dll
0x00007ffe44b80000 - 0x00007ffe44ba6000 	C:\WINDOWS\System32\win32u.dll
0x00007ffe44ea0000 - 0x00007ffe44ec9000 	C:\WINDOWS\System32\GDI32.dll
0x00007ffe45e90000 - 0x00007ffe45f37000 	C:\WINDOWS\System32\msvcrt.dll
0x00007ffe44a60000 - 0x00007ffe44b76000 	C:\WINDOWS\System32\gdi32full.dll
0x00007ffe449c0000 - 0x00007ffe44a5a000 	C:\WINDOWS\System32\msvcp_win.dll
0x00007ffe45260000 - 0x00007ffe45291000 	C:\WINDOWS\System32\IMM32.DLL
0x00007ffe3d9a0000 - 0x00007ffe3d9ac000 	c:\Users\datea\.vscode\extensions\redhat.java-1.11.0-win32-x64\jre\17.0.4.1-win32-x86_64\bin\vcruntime140_1.dll
0x00007ffe34c70000 - 0x00007ffe34d01000 	c:\Users\datea\.vscode\extensions\redhat.java-1.11.0-win32-x64\jre\17.0.4.1-win32-x86_64\bin\msvcp140.dll
0x00007ffdfbac0000 - 0x00007ffdfc706000 	c:\Users\datea\.vscode\extensions\redhat.java-1.11.0-win32-x64\jre\17.0.4.1-win32-x86_64\bin\server\jvm.dll
0x00007ffe44d10000 - 0x00007ffe44dbe000 	C:\WINDOWS\System32\ADVAPI32.dll
0x00007ffe45f40000 - 0x00007ffe45fe6000 	C:\WINDOWS\System32\sechost.dll
0x00007ffe452a0000 - 0x00007ffe453c7000 	C:\WINDOWS\System32\RPCRT4.dll
0x00007ffe461f0000 - 0x00007ffe461f8000 	C:\WINDOWS\System32\PSAPI.DLL
0x00007ffe2df70000 - 0x00007ffe2df79000 	C:\WINDOWS\SYSTEM32\WSOCK32.dll
0x00007ffe3d390000 - 0x00007ffe3d3c5000 	C:\WINDOWS\SYSTEM32\WINMM.dll
0x00007ffe3ccf0000 - 0x00007ffe3ccfa000 	C:\WINDOWS\SYSTEM32\VERSION.dll
0x00007ffe46110000 - 0x00007ffe4617f000 	C:\WINDOWS\System32\WS2_32.dll
0x00007ffe431c0000 - 0x00007ffe431d8000 	C:\WINDOWS\SYSTEM32\kernel.appcore.dll
0x00007ffe3d450000 - 0x00007ffe3d45a000 	c:\Users\datea\.vscode\extensions\redhat.java-1.11.0-win32-x64\jre\17.0.4.1-win32-x86_64\bin\jimage.dll
0x00007ffe41c70000 - 0x00007ffe41ea3000 	C:\WINDOWS\SYSTEM32\DBGHELP.DLL
0x00007ffe44ed0000 - 0x00007ffe45252000 	C:\WINDOWS\System32\combase.dll
0x00007ffe44dc0000 - 0x00007ffe44e98000 	C:\WINDOWS\System32\OLEAUT32.dll
0x00007ffe2e5e0000 - 0x00007ffe2e612000 	C:\WINDOWS\SYSTEM32\dbgcore.DLL
0x00007ffe44820000 - 0x00007ffe44899000 	C:\WINDOWS\System32\bcryptPrimitives.dll
0x00007ffe3b9c0000 - 0x00007ffe3b9e5000 	c:\Users\datea\.vscode\extensions\redhat.java-1.11.0-win32-x64\jre\17.0.4.1-win32-x86_64\bin\java.dll
0x00007ffe3b8e0000 - 0x00007ffe3b8f8000 	c:\Users\datea\.vscode\extensions\redhat.java-1.11.0-win32-x64\jre\17.0.4.1-win32-x86_64\bin\zip.dll
0x00007ffe453d0000 - 0x00007ffe45ba0000 	C:\WINDOWS\System32\SHELL32.dll
0x00007ffe42140000 - 0x00007ffe429da000 	C:\WINDOWS\SYSTEM32\windows.storage.dll
0x00007ffe41fa0000 - 0x00007ffe42133000 	C:\WINDOWS\SYSTEM32\wintypes.dll
0x00007ffe463a0000 - 0x00007ffe4648b000 	C:\WINDOWS\System32\SHCORE.dll
0x00007ffe46200000 - 0x00007ffe4625d000 	C:\WINDOWS\System32\shlwapi.dll
0x00007ffe44160000 - 0x00007ffe44181000 	C:\WINDOWS\SYSTEM32\profapi.dll
0x00007ffe389c0000 - 0x00007ffe389d9000 	C:\Users\datea\.vscode\extensions\redhat.java-1.11.0-win32-x64\jre\17.0.4.1-win32-x86_64\bin\net.dll
0x00007ffe3cf20000 - 0x00007ffe3d04b000 	C:\WINDOWS\SYSTEM32\WINHTTP.dll
0x00007ffe43690000 - 0x00007ffe436f9000 	C:\WINDOWS\system32\mswsock.dll
0x00007ffe3b8c0000 - 0x00007ffe3b8d5000 	C:\Users\datea\.vscode\extensions\redhat.java-1.11.0-win32-x64\jre\17.0.4.1-win32-x86_64\bin\nio.dll
0x00007ffe3a6f0000 - 0x00007ffe3a700000 	c:\Users\datea\.vscode\extensions\redhat.java-1.11.0-win32-x64\jre\17.0.4.1-win32-x86_64\bin\verify.dll
0x00007ffe3b9b0000 - 0x00007ffe3b9b9000 	C:\Users\datea\.vscode\extensions\redhat.java-1.11.0-win32-x64\jre\17.0.4.1-win32-x86_64\bin\management.dll
0x00007ffe3b890000 - 0x00007ffe3b89b000 	C:\Users\datea\.vscode\extensions\redhat.java-1.11.0-win32-x64\jre\17.0.4.1-win32-x86_64\bin\management_ext.dll
0x00007ffe3f450000 - 0x00007ffe3f467000 	C:\WINDOWS\system32\napinsp.dll
0x00007ffe3f430000 - 0x00007ffe3f44a000 	C:\WINDOWS\system32\pnrpnsp.dll
0x00007ffe008f0000 - 0x00007ffe00911000 	C:\WINDOWS\system32\nlansp_c.dll
0x00007ffe42d20000 - 0x00007ffe42e1f000 	C:\WINDOWS\SYSTEM32\DNSAPI.dll
0x00007ffe42c90000 - 0x00007ffe42cbe000 	C:\WINDOWS\SYSTEM32\IPHLPAPI.DLL
0x00007ffe466d0000 - 0x00007ffe466d9000 	C:\WINDOWS\System32\NSI.dll
0x00007ffe3f3e0000 - 0x00007ffe3f3f1000 	C:\WINDOWS\System32\winrnr.dll
0x00007ffe0dcd0000 - 0x00007ffe0dce5000 	C:\WINDOWS\system32\wshbth.dll
0x00007ffe34840000 - 0x00007ffe3484a000 	C:\Windows\System32\rasadhlp.dll
0x00007ffe3c310000 - 0x00007ffe3c394000 	C:\WINDOWS\System32\fwpuclnt.dll
0x00007ffe43910000 - 0x00007ffe4392b000 	C:\WINDOWS\SYSTEM32\CRYPTSP.dll
0x00007ffe43120000 - 0x00007ffe43154000 	C:\WINDOWS\system32\rsaenh.dll
0x00007ffe43790000 - 0x00007ffe437b8000 	C:\WINDOWS\SYSTEM32\USERENV.dll
0x00007ffe43ad0000 - 0x00007ffe43af8000 	C:\WINDOWS\SYSTEM32\bcrypt.dll
0x00007ffe43930000 - 0x00007ffe4393c000 	C:\WINDOWS\SYSTEM32\CRYPTBASE.dll
0x00007ffe3d280000 - 0x00007ffe3d299000 	C:\WINDOWS\SYSTEM32\dhcpcsvc6.DLL
0x00007ffe3ccc0000 - 0x00007ffe3ccdf000 	C:\WINDOWS\SYSTEM32\dhcpcsvc.DLL

dbghelp: loaded successfully - version: 4.0.5 - missing functions: none
symbol engine: initialized successfully - sym options: 0x614 - pdb path: .;c:\Users\datea\.vscode\extensions\redhat.java-1.11.0-win32-x64\jre\17.0.4.1-win32-x86_64\bin;C:\WINDOWS\SYSTEM32;C:\WINDOWS\WinSxS\amd64_microsoft.windows.common-controls_6595b64144ccf1df_6.0.25227.1000_none_7b35d90bf2068bf3;c:\Users\datea\.vscode\extensions\redhat.java-1.11.0-win32-x64\jre\17.0.4.1-win32-x86_64\bin\server

VM Arguments:
jvm_args: -Dsts.lsp.client=vscode -Dsts.log.file=/dev/null -XX:TieredStopAtLevel=1 -Xlog:jni+resolve=off -Dspring.config.location=file:c:\Users\datea\.vscode\extensions\pivotal.vscode-spring-boot-1.39.0\language-server\BOOT-INF\classes\application.properties 
java_command: org.springframework.ide.vscode.boot.app.BootLanguageServerBootApp
java_class_path (initial): c:\Users\datea\.vscode\extensions\pivotal.vscode-spring-boot-1.39.0\language-server\BOOT-INF\classes;c:\Users\datea\.vscode\extensions\pivotal.vscode-spring-boot-1.39.0\language-server\BOOT-INF\lib\annotations-23.0.0.jar;c:\Users\datea\.vscode\extensions\pivotal.vscode-spring-boot-1.39.0\language-server\BOOT-INF\lib\antlr-runtime-3.5.2.jar;c:\Users\datea\.vscode\extensions\pivotal.vscode-spring-boot-1.39.0\language-server\BOOT-INF\lib\antlr4-4.9.3.jar;c:\Users\datea\.vscode\extensions\pivotal.vscode-spring-boot-1.39.0\language-server\BOOT-INF\lib\antlr4-runtime-4.9.3.jar;c:\Users\datea\.vscode\extensions\pivotal.vscode-spring-boot-1.39.0\language-server\BOOT-INF\lib\asm-9.3.jar;c:\Users\datea\.vscode\extensions\pivotal.vscode-spring-boot-1.39.0\language-server\BOOT-INF\lib\asm-analysis-9.3.jar;c:\Users\datea\.vscode\extensions\pivotal.vscode-spring-boot-1.39.0\language-server\BOOT-INF\lib\asm-tree-9.3.jar;c:\Users\datea\.vscode\extensions\pivotal.vscode-spring-boot-1.39.0\language-server\BOOT-INF\lib\asm-util-9.3.jar;c:\Users\datea\.vscode\extensions\pivotal.vscode-spring-boot-1.39.0\language-server\BOOT-INF\lib\byte-buddy-1.12.13.jar;c:\Users\datea\.vscode\extensions\pivotal.vscode-spring-boot-1.39.0\language-server\BOOT-INF\lib\caffeine-2.9.3.jar;c:\Users\datea\.vscode\extensions\pivotal.vscode-spring-boot-1.39.0\language-server\BOOT-INF\lib\checker-qual-3.12.0.jar;c:\Users\datea\.vscode\extensions\pivotal.vscode-spring-boot-1.39.0\language-server\BOOT-INF\lib\classgraph-4.8.149.jar;c:\Users\datea\.vscode\extensions\pivotal.vscode-spring-boot-1.39.0\language-server\BOOT-INF\lib\commons-codec-1.15.jar;c:\Users\datea\.vscode\extensions\pivotal.vscode-spring-boot-1.39.0\language-server\BOOT-INF\lib\commons-compress-1.21.jar;c:\Users\datea\.vscode\extensions\pivotal.vscode-spring-boot-1.39.0\language-server\BOOT-INF\lib\commons-exec-1.3.jar;c:\Users\datea\.vscode\extensions\pivotal.vscode-spring-boot-1.39.0\language-server\BOOT-INF\lib\com
Launcher Type: SUN_STANDARD

[Global flags]
     intx CICompilerCount                          = 4                                         {product} {ergonomic}
     uint ConcGCThreads                            = 2                                         {product} {ergonomic}
     uint G1ConcRefinementThreads                  = 8                                         {product} {ergonomic}
   size_t G1HeapRegionSize                         = 1048576                                   {product} {ergonomic}
    uintx GCDrainStackTargetSize                   = 64                                        {product} {ergonomic}
   size_t InitialHeapSize                          = 132120576                                 {product} {ergonomic}
   size_t MarkStackSize                            = 4194304                                   {product} {ergonomic}
   size_t MaxHeapSize                              = 2095054848                                {product} {ergonomic}
   size_t MaxNewSize                               = 1256194048                                {product} {ergonomic}
   size_t MinHeapDeltaBytes                        = 1048576                                   {product} {ergonomic}
   size_t MinHeapSize                              = 8388608                                   {product} {ergonomic}
    uintx NonProfiledCodeHeapSize                  = 0                                      {pd product} {ergonomic}
     bool ProfileInterpreter                       = false                                  {pd product} {command line}
    uintx ProfiledCodeHeapSize                     = 0                                      {pd product} {ergonomic}
   size_t SoftMaxHeapSize                          = 2095054848                             {manageable} {ergonomic}
     intx TieredStopAtLevel                        = 1                                         {product} {command line}
     bool UseCompressedClassPointers               = true                           {product lp64_product} {ergonomic}
     bool UseCompressedOops                        = true                           {product lp64_product} {ergonomic}
     bool UseG1GC                                  = true                                      {product} {ergonomic}
     bool UseLargePagesIndividualAllocation        = false                                  {pd product} {ergonomic}

Logging:
Log output configuration:
 #0: stdout all=warning,jni+resolve=off uptime,level,tags
 #1: stderr all=off uptime,level,tags

Environment Variables:
PATH=C:\Program Files\Java\jdk-15.0.2\bin;C:\Program Files\Common Files\Oracle\Java\javapath;C:\WINDOWS\system32;C:\WINDOWS;C:\WINDOWS\System32\Wbem;C:\WINDOWS\System32\WindowsPowerShell\v1.0\;C:\WINDOWS\System32\OpenSSH\;C:\Program Files\Azure Data Studio\bin;C:\Program Files\Microsoft SQL Server\Client SDK\ODBC\170\Tools\Binn\;C:\Program Files (x86)\Microsoft SQL Server\150\Tools\Binn\;C:\Program Files\Microsoft SQL Server\150\Tools\Binn\;C:\Program Files\Microsoft SQL Server\150\DTS\Binn\;C:\Program Files (x86)\Microsoft SQL Server\150\DTS\Binn\;C:\Program Files (x86)\GitExtensions\;F:\xampp\php;C:\ProgramData\ComposerSetup\bin;C:\xampp\php;C:\Program Files\Git\cmd;C:\Users\datea\AppData\Local\Microsoft\WindowsApps;C:\Users\datea\AppData\Local\Programs\Microsoft VS Code\bin;;C:\Program Files\Azure Data Studio\bin;C:\Users\datea\AppData\Roaming\Composer\vendor\bin
USERNAME=datea
OS=Windows_NT
PROCESSOR_IDENTIFIER=Intel64 Family 6 Model 126 Stepping 5, GenuineIntel
TMP=C:\Users\datea\AppData\Local\Temp
TEMP=C:\Users\datea\AppData\Local\Temp



---------------  S Y S T E M  ---------------

OS:
 Windows 11 , 64 bit Build 25227 (10.0.25227.1000)
OS uptime: 1 days 2:03 hours
Hyper-V role detected

CPU: total 8 (initial active 8) (4 cores per cpu, 2 threads per core) family 6 model 126 stepping 5 microcode 0xa6, cx8, cmov, fxsr, ht, mmx, 3dnowpref, sse, sse2, sse3, ssse3, sse4.1, sse4.2, popcnt, lzcnt, tsc, tscinvbit, avx, avx2, aes, erms, clmul, bmi1, bmi2, adx, avx512f, avx512dq, avx512cd, avx512bw, avx512vl, sha, fma, vzeroupper, avx512_vpopcntdq, avx512_vpclmulqdq, avx512_vaes, avx512_vnni, clflush, clflushopt, avx512_vbmi2, avx512_vbmi, hv

Memory: 4k page, system-wide physical 7987M (393M free)
TotalPageFile size 12083M (AvailPageFile size 95M)
current process WorkingSet (physical memory assigned to process): 326M, peak: 332M
current process commit charge ("private bytes"): 364M, peak: 819M

vm_info: OpenJDK 64-Bit Server VM (17.0.4.1+1) for windows-amd64 JRE (17.0.4.1+1), built on Aug 17 2022 07:42:43 by "temurin" with MS VC++ 16.7 (VS2019)

END.
