#
# There is insufficient memory for the Java Runtime Environment to continue.
# Native memory allocation (mmap) failed to map 171966464 bytes for G1 virtual space
# Possible reasons:
#   The system is out of physical RAM or swap space
#   The process is running with CompressedOops enabled, and the Java Heap may be blocking the growth of the native heap
# Possible solutions:
#   Reduce memory load on the system
#   Increase physical memory or swap space
#   Check if swap backing store is full
#   Decrease Java heap size (-Xmx/-Xms)
#   Decrease number of Java threads
#   Decrease Java thread stack sizes (-Xss)
#   Set larger code cache with -XX:ReservedCodeCacheSize=
#   JVM is running with Unscaled Compressed Oops mode in which the Java heap is
#     placed in the first 4GB address space. The Java Heap base address is the
#     maximum limit for the native heap growth. Please use -XX:HeapBaseMinAddress
#     to set the Java Heap base and to place the Java Heap above 4GB virtual address.
# This output file may be truncated or incomplete.
#
#  Out of Memory Error (os_windows.cpp:3548), pid=51848, tid=53548
#
# JRE version: OpenJDK Runtime Environment Temurin-17.0.5+8 (17.0.5+8) (build 17.0.5+8)
# Java VM: OpenJDK 64-Bit Server VM Temurin-17.0.5+8 (17.0.5+8, mixed mode, emulated-client, sharing, tiered, compressed oops, compressed class ptrs, g1 gc, windows-amd64)
# No core dump will be written. Minidumps are not enabled by default on client versions of Windows
#

---------------  S U M M A R Y ------------

Command Line: -Dsts.lsp.client=vscode -Dsts.log.file=/dev/null -XX:TieredStopAtLevel=1 -Xlog:jni+resolve=off -Dspring.config.location=file:c:\Users\datea\.vscode\extensions\pivotal.vscode-spring-boot-1.40.0\language-server\BOOT-INF\classes\application.properties org.springframework.ide.vscode.boot.app.BootLanguageServerBootApp

Host: Intel(R) Core(TM) i5-1035G1 CPU @ 1.00GHz, 8 cores, 7G,  Windows 11 , 64 bit Build 25236 (10.0.25236.1000)
Time: Sat Nov  5 19:47:46 2022 SE Asia Standard Time elapsed time: 7.488271 seconds (0d 0h 0m 7s)

---------------  T H R E A D  ---------------

Current thread (0x0000024c2724c440):  VMThread "VM Thread" [stack: 0x000000d887100000,0x000000d887200000] [id=53548]

Stack: [0x000000d887100000,0x000000d887200000]
Native frames: (J=compiled Java code, j=interpreted, Vv=VM code, C=native code)
V  [jvm.dll+0x676b3a]
V  [jvm.dll+0x831444]
V  [jvm.dll+0x832bee]
V  [jvm.dll+0x833253]
V  [jvm.dll+0x244ce5]
V  [jvm.dll+0x673a49]
V  [jvm.dll+0x66811a]
V  [jvm.dll+0x303ceb]
V  [jvm.dll+0x30b1e6]
V  [jvm.dll+0x35adbe]
V  [jvm.dll+0x35afef]
V  [jvm.dll+0x2dab88]
V  [jvm.dll+0x2d8e3c]
V  [jvm.dll+0x2d840c]
V  [jvm.dll+0x31c31b]
V  [jvm.dll+0x8376fb]
V  [jvm.dll+0x838434]
V  [jvm.dll+0x83894c]
V  [jvm.dll+0x838d24]
V  [jvm.dll+0x838df0]
V  [jvm.dll+0x7e17ea]
V  [jvm.dll+0x6759e5]
C  [ucrtbase.dll+0x247cb]
C  [KERNEL32.DLL+0x1335d]
C  [ntdll.dll+0x67f38]

VM_Operation (0x000000d889efe720): G1CollectForAllocation, mode: safepoint, requested by thread 0x0000024c29ac0010


---------------  P R O C E S S  ---------------

Threads class SMR info:
_java_thread_list=0x0000024c2b9a0a70, length=42, elements={
0x0000024c27250670, 0x0000024c27252230, 0x0000024c2726c7d0, 0x0000024c272705b0,
0x0000024c27270e70, 0x0000024c27271ed0, 0x0000024c272787c0, 0x0000024c27279860,
0x0000024c2723e5d0, 0x0000024c27d611e0, 0x0000024c27d64690, 0x0000024c27da51a0,
0x0000024c27da9140, 0x0000024c297de640, 0x0000024c29ac9920, 0x0000024c29b38d90,
0x0000024c15170580, 0x0000024c29b28070, 0x0000024c29bb5660, 0x0000024c287fb830,
0x0000024c29c7a000, 0x0000024c29c7a4d0, 0x0000024c29abde60, 0x0000024c29abcff0,
0x0000024c29abd4c0, 0x0000024c29abd990, 0x0000024c29abe330, 0x0000024c29abecd0,
0x0000024c29abf1a0, 0x0000024c29ac04e0, 0x0000024c29abe800, 0x0000024c29abf670,
0x0000024c29abfb40, 0x0000024c29ac0010, 0x0000024c29abcb20, 0x0000024c29cf6180,
0x0000024c29cf57e0, 0x0000024c29cf27c0, 0x0000024c29cf22f0, 0x0000024c29cf7990,
0x0000024c29cf0140, 0x0000024c29cf6650
}

Java Threads: ( => current thread )
  0x0000024c27250670 JavaThread "Reference Handler" daemon [_thread_blocked, id=45440, stack(0x000000d887200000,0x000000d887300000)]
  0x0000024c27252230 JavaThread "Finalizer" daemon [_thread_blocked, id=57200, stack(0x000000d887300000,0x000000d887400000)]
  0x0000024c2726c7d0 JavaThread "Signal Dispatcher" daemon [_thread_blocked, id=56048, stack(0x000000d887400000,0x000000d887500000)]
  0x0000024c272705b0 JavaThread "Attach Listener" daemon [_thread_blocked, id=48480, stack(0x000000d887500000,0x000000d887600000)]
  0x0000024c27270e70 JavaThread "Service Thread" daemon [_thread_blocked, id=50704, stack(0x000000d887600000,0x000000d887700000)]
  0x0000024c27271ed0 JavaThread "Monitor Deflation Thread" daemon [_thread_blocked, id=54392, stack(0x000000d887700000,0x000000d887800000)]
  0x0000024c272787c0 JavaThread "C1 CompilerThread0" daemon [_thread_blocked, id=51032, stack(0x000000d887800000,0x000000d887900000)]
  0x0000024c27279860 JavaThread "Sweeper thread" daemon [_thread_blocked, id=37756, stack(0x000000d887900000,0x000000d887a00000)]
  0x0000024c2723e5d0 JavaThread "C1 CompilerThread1" daemon [_thread_blocked, id=49908, stack(0x000000d887a00000,0x000000d887b00000)]
  0x0000024c27d611e0 JavaThread "C1 CompilerThread2" daemon [_thread_blocked, id=48024, stack(0x000000d887b00000,0x000000d887c00000)]
  0x0000024c27d64690 JavaThread "C1 CompilerThread3" daemon [_thread_blocked, id=56464, stack(0x000000d887c00000,0x000000d887d00000)]
  0x0000024c27da51a0 JavaThread "Notification Thread" daemon [_thread_blocked, id=55516, stack(0x000000d887d00000,0x000000d887e00000)]
  0x0000024c27da9140 JavaThread "Common-Cleaner" daemon [_thread_blocked, id=55504, stack(0x000000d887f00000,0x000000d888000000)]
  0x0000024c297de640 JavaThread "boundedElastic-evictor-1" daemon [_thread_blocked, id=46232, stack(0x000000d888500000,0x000000d888600000)]
  0x0000024c29ac9920 JavaThread "pool-9-thread-1" [_thread_blocked, id=48952, stack(0x000000d888900000,0x000000d888a00000)]
  0x0000024c29b38d90 JavaThread "LanguageServerApp-lifecycle" [_thread_blocked, id=38416, stack(0x000000d888a00000,0x000000d888b00000)]
  0x0000024c15170580 JavaThread "DestroyJavaVM" [_thread_blocked, id=53920, stack(0x000000d886b00000,0x000000d886c00000)]
  0x0000024c29b28070 JavaThread "pool-10-thread-1" [_thread_in_native, id=55768, stack(0x000000d888b00000,0x000000d888c00000)]
  0x0000024c29bb5660 JavaThread "Simple-Language-Server main thread" daemon [_thread_blocked, id=48912, stack(0x000000d888c00000,0x000000d888d00000)]
  0x0000024c287fb830 JavaThread "ForkJoinPool.commonPool-worker-1" daemon [_thread_blocked, id=48584, stack(0x000000d888d00000,0x000000d888e00000)]
  0x0000024c29c7a000 JavaThread "pool-7-thread-1" [_thread_blocked, id=54624, stack(0x000000d889100000,0x000000d889200000)]
  0x0000024c29c7a4d0 JavaThread "parallel-1" daemon [_thread_blocked, id=43932, stack(0x000000d889200000,0x000000d889300000)]
  0x0000024c29abde60 JavaThread "parallel-2" daemon [_thread_blocked, id=41888, stack(0x000000d889300000,0x000000d889400000)]
  0x0000024c29abcff0 JavaThread "Reconciler-1" daemon [_thread_blocked, id=10928, stack(0x000000d889400000,0x000000d889500000)]
  0x0000024c29abd4c0 JavaThread "ClassGraph-worker-0" daemon [_thread_blocked, id=43300, stack(0x000000d889500000,0x000000d889600000)]
  0x0000024c29abd990 JavaThread "ClassGraph-worker-1" daemon [_thread_blocked, id=56384, stack(0x000000d889600000,0x000000d889700000)]
  0x0000024c29abe330 JavaThread "ClassGraph-worker-2" daemon [_thread_blocked, id=6224, stack(0x000000d889700000,0x000000d889800000)]
  0x0000024c29abecd0 JavaThread "ClassGraph-worker-3" daemon [_thread_blocked, id=55988, stack(0x000000d889800000,0x000000d889900000)]
  0x0000024c29abf1a0 JavaThread "ClassGraph-worker-4" daemon [_thread_blocked, id=56980, stack(0x000000d889900000,0x000000d889a00000)]
  0x0000024c29ac04e0 JavaThread "ClassGraph-worker-5" daemon [_thread_blocked, id=55212, stack(0x000000d889a00000,0x000000d889b00000)]
  0x0000024c29abe800 JavaThread "ClassGraph-worker-6" daemon [_thread_blocked, id=57040, stack(0x000000d889b00000,0x000000d889c00000)]
  0x0000024c29abf670 JavaThread "ClassGraph-worker-7" daemon [_thread_blocked, id=47052, stack(0x000000d889c00000,0x000000d889d00000)]
  0x0000024c29abfb40 JavaThread "ClassGraph-worker-8" daemon [_thread_blocked, id=49472, stack(0x000000d889d00000,0x000000d889e00000)]
  0x0000024c29ac0010 JavaThread "ClassGraph-worker-9" daemon [_thread_blocked, id=44060, stack(0x000000d889e00000,0x000000d889f00000)]
  0x0000024c29abcb20 JavaThread "ClassGraph-worker-10" daemon [_thread_blocked, id=48236, stack(0x000000d889f00000,0x000000d88a000000)]
  0x0000024c29cf6180 JavaThread "ClassGraph-worker-11" daemon [_thread_blocked, id=48316, stack(0x000000d88a000000,0x000000d88a100000)]
  0x0000024c29cf57e0 JavaThread "ClassGraph-worker-12" daemon [_thread_blocked, id=37920, stack(0x000000d88a100000,0x000000d88a200000)]
  0x0000024c29cf27c0 JavaThread "ClassGraph-worker-13" daemon [_thread_blocked, id=12680, stack(0x000000d88a200000,0x000000d88a300000)]
  0x0000024c29cf22f0 JavaThread "parallel-3" daemon [_thread_blocked, id=55748, stack(0x000000d88a300000,0x000000d88a400000)]
  0x0000024c29cf7990 JavaThread "pool-5-thread-1" [_thread_blocked, id=54472, stack(0x000000d88a400000,0x000000d88a500000)]
  0x0000024c29cf0140 JavaThread "parallel-4" daemon [_thread_blocked, id=53004, stack(0x000000d88a500000,0x000000d88a600000)]
  0x0000024c29cf6650 JavaThread "Project-Reconciler-1" daemon [_thread_blocked, id=44992, stack(0x000000d88a600000,0x000000d88a700000)]

Other Threads:
=>0x0000024c2724c440 VMThread "VM Thread" [stack: 0x000000d887100000,0x000000d887200000] [id=53548]
  0x0000024c27da6090 WatcherThread [stack: 0x000000d887e00000,0x000000d887f00000] [id=11220]
  0x0000024c151cc540 GCTaskThread "GC Thread#0" [stack: 0x000000d886c00000,0x000000d886d00000] [id=35816]
  0x0000024c28650d90 GCTaskThread "GC Thread#1" [stack: 0x000000d888000000,0x000000d888100000] [id=56088]
  0x0000024c28683c60 GCTaskThread "GC Thread#2" [stack: 0x000000d888100000,0x000000d888200000] [id=25872]
  0x0000024c286966c0 GCTaskThread "GC Thread#3" [stack: 0x000000d888200000,0x000000d888300000] [id=55684]
  0x0000024c286c1d40 GCTaskThread "GC Thread#4" [stack: 0x000000d888300000,0x000000d888400000] [id=49568]
  0x0000024c286c4000 GCTaskThread "GC Thread#5" [stack: 0x000000d888400000,0x000000d888500000] [id=44780]
  0x0000024c294d2f00 GCTaskThread "GC Thread#6" [stack: 0x000000d888600000,0x000000d888700000] [id=57024]
  0x0000024c294d31b0 GCTaskThread "GC Thread#7" [stack: 0x000000d888700000,0x000000d888800000] [id=48788]
  0x0000024c151dcfa0 ConcurrentGCThread "G1 Main Marker" [stack: 0x000000d886d00000,0x000000d886e00000] [id=45144]
  0x0000024c151df870 ConcurrentGCThread "G1 Conc#0" [stack: 0x000000d886e00000,0x000000d886f00000] [id=51140]
  0x0000024c298f4e20 ConcurrentGCThread "G1 Conc#1" [stack: 0x000000d888800000,0x000000d888900000] [id=52368]
  0x0000024c1521ea30 ConcurrentGCThread "G1 Refine#0" [stack: 0x000000d886f00000,0x000000d887000000] [id=56916]
  0x0000024c29ba5320 ConcurrentGCThread "G1 Refine#1" [stack: 0x000000d888e00000,0x000000d888f00000] [id=54576]
  0x0000024c29ba58e0 ConcurrentGCThread "G1 Refine#2" [stack: 0x000000d888f00000,0x000000d889000000] [id=57116]
  0x0000024c29ba4a80 ConcurrentGCThread "G1 Refine#3" [stack: 0x000000d889000000,0x000000d889100000] [id=56744]
  0x0000024c271084f0 ConcurrentGCThread "G1 Service" [stack: 0x000000d887000000,0x000000d887100000] [id=12684]

Threads with active compile tasks:
C1 CompilerThread0     7515 4040       1       java.util.zip.ZipFile$Source::initCEN (591 bytes)

VM state: at safepoint (normal execution)

VM Mutex/Monitor currently owned by a thread:  ([mutex/lock_event])
[0x0000024c12ef1e00] Threads_lock - owner thread: 0x0000024c2724c440
[0x0000024c1516c7e0] Heap_lock - owner thread: 0x0000024c29ac0010

Heap address: 0x0000000083200000, size: 1998 MB, Compressed Oops mode: 32-bit

CDS archive(s) mapped at: [0x0000000800000000-0x0000000800bc0000-0x0000000800bc0000), size 12320768, SharedBaseAddress: 0x0000000800000000, ArchiveRelocationMode: 0.
Compressed class space mapped at: 0x0000000800c00000-0x0000000840c00000, reserved size: 1073741824
Narrow klass base: 0x0000000800000000, Narrow klass shift: 0, Narrow klass range: 0x100000000

GC Precious Log:
 CPUs: 8 total, 8 available
 Memory: 7987M
 Large Page Support: Disabled
 NUMA Support: Disabled
 Compressed Oops: Enabled (32-bit)
 Heap Region Size: 1M
 Heap Min Capacity: 8M
 Heap Initial Capacity: 126M
 Heap Max Capacity: 1998M
 Pre-touch: Disabled
 Parallel Workers: 8
 Concurrent Workers: 2
 Concurrent Refinement Workers: 8
 Periodic GC: Disabled

Heap:
 garbage-first heap   total 157696K, used 79618K [0x0000000083200000, 0x0000000100000000)
  region size 1024K, 6 young (6144K), 6 survivors (6144K)
 Metaspace       used 31626K, committed 32064K, reserved 1081344K
  class space    used 4123K, committed 4352K, reserved 1048576K

Heap Regions: E=young(eden), S=young(survivor), O=old, HS=humongous(starts), HC=humongous(continues), CS=collection set, F=free, OA=open archive, CA=closed archive, TAMS=top-at-mark-start (previous, next)
|   0|0x0000000083200000, 0x0000000083300000, 0x0000000083300000|100%| O|  |TAMS 0x0000000083300000, 0x0000000083300000| Untracked 
|   1|0x0000000083300000, 0x0000000083400000, 0x0000000083400000|100%| O|  |TAMS 0x0000000083400000, 0x0000000083400000| Untracked 
|   2|0x0000000083400000, 0x0000000083500000, 0x0000000083500000|100%| O|  |TAMS 0x0000000083500000, 0x0000000083500000| Untracked 
|   3|0x0000000083500000, 0x0000000083600000, 0x0000000083600000|100%| O|  |TAMS 0x0000000083600000, 0x0000000083600000| Untracked 
|   4|0x0000000083600000, 0x0000000083700000, 0x0000000083700000|100%| O|  |TAMS 0x0000000083700000, 0x0000000083700000| Untracked 
|   5|0x0000000083700000, 0x0000000083800000, 0x0000000083800000|100%| O|  |TAMS 0x0000000083800000, 0x0000000083800000| Untracked 
|   6|0x0000000083800000, 0x0000000083900000, 0x0000000083900000|100%| O|  |TAMS 0x0000000083900000, 0x0000000083900000| Untracked 
|   7|0x0000000083900000, 0x0000000083a00000, 0x0000000083a00000|100%| O|  |TAMS 0x0000000083900000, 0x0000000083a00000| Untracked 
|   8|0x0000000083a00000, 0x0000000083b00000, 0x0000000083b00000|100%| O|  |TAMS 0x0000000083a00000, 0x0000000083b00000| Untracked 
|   9|0x0000000083b00000, 0x0000000083c00000, 0x0000000083c00000|100%| O|  |TAMS 0x0000000083b00000, 0x0000000083c00000| Untracked 
|  10|0x0000000083c00000, 0x0000000083d00000, 0x0000000083d00000|100%| O|  |TAMS 0x0000000083c00000, 0x0000000083d00000| Untracked 
|  11|0x0000000083d00000, 0x0000000083e00000, 0x0000000083e00000|100%| O|  |TAMS 0x0000000083d00000, 0x0000000083e00000| Untracked 
|  12|0x0000000083e00000, 0x0000000083f00000, 0x0000000083f00000|100%| O|  |TAMS 0x0000000083e00000, 0x0000000083f00000| Untracked 
|  13|0x0000000083f00000, 0x0000000084000000, 0x0000000084000000|100%| O|  |TAMS 0x0000000083f00000, 0x0000000084000000| Untracked 
|  14|0x0000000084000000, 0x0000000084100000, 0x0000000084100000|100%| O|  |TAMS 0x0000000084000000, 0x0000000084100000| Untracked 
|  15|0x0000000084100000, 0x0000000084200000, 0x0000000084200000|100%| O|  |TAMS 0x0000000084100000, 0x0000000084200000| Untracked 
|  16|0x0000000084200000, 0x0000000084300000, 0x0000000084300000|100%| O|  |TAMS 0x0000000084200000, 0x0000000084300000| Untracked 
|  17|0x0000000084300000, 0x0000000084400000, 0x0000000084400000|100%| O|  |TAMS 0x0000000084300000, 0x0000000084400000| Untracked 
|  18|0x0000000084400000, 0x0000000084500000, 0x0000000084500000|100%| O|  |TAMS 0x0000000084400000, 0x0000000084500000| Untracked 
|  19|0x0000000084500000, 0x0000000084600000, 0x0000000084600000|100%| O|  |TAMS 0x0000000084500000, 0x0000000084600000| Untracked 
|  20|0x0000000084600000, 0x0000000084700000, 0x0000000084700000|100%| O|  |TAMS 0x0000000084600000, 0x0000000084700000| Untracked 
|  21|0x0000000084700000, 0x0000000084800000, 0x0000000084800000|100%| O|  |TAMS 0x0000000084700000, 0x0000000084800000| Untracked 
|  22|0x0000000084800000, 0x0000000084900000, 0x0000000084900000|100%| O|  |TAMS 0x0000000084800000, 0x0000000084900000| Untracked 
|  23|0x0000000084900000, 0x0000000084a00000, 0x0000000084a00000|100%| O|  |TAMS 0x0000000084900000, 0x0000000084a00000| Untracked 
|  24|0x0000000084a00000, 0x0000000084b00000, 0x0000000084b00000|100%| O|  |TAMS 0x0000000084a00000, 0x0000000084b00000| Untracked 
|  25|0x0000000084b00000, 0x0000000084c00000, 0x0000000084c00000|100%| O|  |TAMS 0x0000000084b00000, 0x0000000084c00000| Untracked 
|  26|0x0000000084c00000, 0x0000000084d00000, 0x0000000084d00000|100%| O|  |TAMS 0x0000000084c00000, 0x0000000084d00000| Untracked 
|  27|0x0000000084d00000, 0x0000000084e00000, 0x0000000084e00000|100%| O|  |TAMS 0x0000000084d00000, 0x0000000084e00000| Untracked 
|  28|0x0000000084e00000, 0x0000000084f00000, 0x0000000084f00000|100%| O|  |TAMS 0x0000000084e00000, 0x0000000084f00000| Untracked 
|  29|0x0000000084f00000, 0x0000000085000000, 0x0000000085000000|100%| O|  |TAMS 0x0000000084f00000, 0x0000000085000000| Untracked 
|  30|0x0000000085000000, 0x0000000085100000, 0x0000000085100000|100%| O|  |TAMS 0x0000000085000000, 0x0000000085100000| Untracked 
|  31|0x0000000085100000, 0x0000000085200000, 0x0000000085200000|100%| O|  |TAMS 0x0000000085100000, 0x0000000085200000| Untracked 
|  32|0x0000000085200000, 0x0000000085300000, 0x0000000085300000|100%| O|  |TAMS 0x0000000085200000, 0x0000000085300000| Untracked 
|  33|0x0000000085300000, 0x0000000085400000, 0x0000000085400000|100%| O|  |TAMS 0x0000000085300000, 0x0000000085400000| Untracked 
|  34|0x0000000085400000, 0x0000000085500000, 0x0000000085500000|100%| O|  |TAMS 0x0000000085400000, 0x0000000085500000| Untracked 
|  35|0x0000000085500000, 0x0000000085600000, 0x0000000085600000|100%| O|  |TAMS 0x0000000085500000, 0x0000000085600000| Untracked 
|  36|0x0000000085600000, 0x0000000085700000, 0x0000000085700000|100%| O|  |TAMS 0x0000000085600000, 0x0000000085700000| Untracked 
|  37|0x0000000085700000, 0x0000000085800000, 0x0000000085800000|100%| O|  |TAMS 0x0000000085700000, 0x0000000085800000| Untracked 
|  38|0x0000000085800000, 0x0000000085900000, 0x0000000085900000|100%| O|  |TAMS 0x0000000085800000, 0x0000000085900000| Untracked 
|  39|0x0000000085900000, 0x0000000085a00000, 0x0000000085a00000|100%| O|  |TAMS 0x0000000085900000, 0x0000000085a00000| Untracked 
|  40|0x0000000085a00000, 0x0000000085b00000, 0x0000000085b00000|100%| O|  |TAMS 0x0000000085a00000, 0x0000000085b00000| Untracked 
|  41|0x0000000085b00000, 0x0000000085c00000, 0x0000000085c00000|100%| O|  |TAMS 0x0000000085b00000, 0x0000000085c00000| Untracked 
|  42|0x0000000085c00000, 0x0000000085d00000, 0x0000000085d00000|100%| O|  |TAMS 0x0000000085c00000, 0x0000000085d00000| Untracked 
|  43|0x0000000085d00000, 0x0000000085e00000, 0x0000000085e00000|100%| O|  |TAMS 0x0000000085d00000, 0x0000000085e00000| Untracked 
|  44|0x0000000085e00000, 0x0000000085f00000, 0x0000000085f00000|100%| O|  |TAMS 0x0000000085e00000, 0x0000000085f00000| Untracked 
|  45|0x0000000085f00000, 0x0000000086000000, 0x0000000086000000|100%| O|  |TAMS 0x0000000085f00000, 0x0000000086000000| Untracked 
|  46|0x0000000086000000, 0x0000000086100000, 0x0000000086100000|100%| O|  |TAMS 0x0000000086000000, 0x0000000086100000| Untracked 
|  47|0x0000000086100000, 0x0000000086200000, 0x0000000086200000|100%| O|  |TAMS 0x0000000086100000, 0x0000000086200000| Untracked 
|  48|0x0000000086200000, 0x0000000086300000, 0x0000000086300000|100%|HS|  |TAMS 0x0000000086200000, 0x0000000086300000| Complete 
|  49|0x0000000086300000, 0x0000000086400000, 0x0000000086400000|100%|HS|  |TAMS 0x0000000086300000, 0x0000000086400000| Complete 
|  50|0x0000000086400000, 0x0000000086500000, 0x0000000086500000|100%| O|  |TAMS 0x0000000086400000, 0x0000000086500000| Untracked 
|  51|0x0000000086500000, 0x0000000086600000, 0x0000000086600000|100%| O|  |TAMS 0x0000000086500000, 0x0000000086600000| Untracked 
|  52|0x0000000086600000, 0x0000000086700000, 0x0000000086700000|100%| O|  |TAMS 0x0000000086600000, 0x0000000086700000| Untracked 
|  53|0x0000000086700000, 0x0000000086800000, 0x0000000086800000|100%| O|  |TAMS 0x0000000086700000, 0x0000000086800000| Untracked 
|  54|0x0000000086800000, 0x0000000086900000, 0x0000000086900000|100%| O|  |TAMS 0x0000000086800000, 0x0000000086900000| Untracked 
|  55|0x0000000086900000, 0x0000000086a00000, 0x0000000086a00000|100%| O|  |TAMS 0x0000000086900000, 0x0000000086a00000| Untracked 
|  56|0x0000000086a00000, 0x0000000086b00000, 0x0000000086b00000|100%| O|  |TAMS 0x0000000086a00000, 0x0000000086b00000| Untracked 
|  57|0x0000000086b00000, 0x0000000086c00000, 0x0000000086c00000|100%| O|  |TAMS 0x0000000086b00000, 0x0000000086c00000| Untracked 
|  58|0x0000000086c00000, 0x0000000086d00000, 0x0000000086d00000|100%| O|  |TAMS 0x0000000086c00000, 0x0000000086d00000| Untracked 
|  59|0x0000000086d00000, 0x0000000086e00000, 0x0000000086e00000|100%| O|  |TAMS 0x0000000086d00000, 0x0000000086e00000| Untracked 
|  60|0x0000000086e00000, 0x0000000086f00000, 0x0000000086f00000|100%| O|  |TAMS 0x0000000086e00000, 0x0000000086f00000| Untracked 
|  61|0x0000000086f00000, 0x0000000087000000, 0x0000000087000000|100%| O|  |TAMS 0x0000000086f00000, 0x0000000087000000| Untracked 
|  62|0x0000000087000000, 0x0000000087100000, 0x0000000087100000|100%| O|  |TAMS 0x0000000087000000, 0x0000000087100000| Untracked 
|  63|0x0000000087100000, 0x0000000087200000, 0x0000000087200000|100%| O|  |TAMS 0x0000000087100000, 0x0000000087200000| Untracked 
|  64|0x0000000087200000, 0x0000000087300000, 0x0000000087300000|100%| O|  |TAMS 0x0000000087200000, 0x0000000087300000| Untracked 
|  65|0x0000000087300000, 0x0000000087400000, 0x0000000087400000|100%| O|  |TAMS 0x0000000087300000, 0x0000000087400000| Untracked 
|  66|0x0000000087400000, 0x0000000087500000, 0x0000000087500000|100%| O|  |TAMS 0x0000000087400000, 0x0000000087500000| Untracked 
|  67|0x0000000087500000, 0x0000000087600000, 0x0000000087600000|100%| O|  |TAMS 0x0000000087500000, 0x0000000087600000| Untracked 
|  68|0x0000000087600000, 0x0000000087700000, 0x0000000087700000|100%| O|  |TAMS 0x0000000087600000, 0x0000000087700000| Untracked 
|  69|0x0000000087700000, 0x0000000087800000, 0x0000000087800000|100%| O|  |TAMS 0x0000000087700000, 0x000000008776a400| Untracked 
|  70|0x0000000087800000, 0x0000000087900000, 0x0000000087900000|100%| O|  |TAMS 0x0000000087800000, 0x0000000087800000| Untracked 
|  71|0x0000000087900000, 0x0000000087a00000, 0x0000000087a00000|100%| O|  |TAMS 0x0000000087900000, 0x0000000087900000| Untracked 
|  72|0x0000000087a00000, 0x0000000087a17e00, 0x0000000087b00000|  9%| O|  |TAMS 0x0000000087a00000, 0x0000000087a00000| Untracked 
|  73|0x0000000087b00000, 0x0000000087b00000, 0x0000000087c00000|  0%| F|  |TAMS 0x0000000087b00000, 0x0000000087b00000| Untracked 
|  74|0x0000000087c00000, 0x0000000087c00000, 0x0000000087d00000|  0%| F|  |TAMS 0x0000000087c00000, 0x0000000087c00000| Untracked 
|  75|0x0000000087d00000, 0x0000000087d00000, 0x0000000087e00000|  0%| F|  |TAMS 0x0000000087d00000, 0x0000000087d00000| Untracked 
|  76|0x0000000087e00000, 0x0000000087e00000, 0x0000000087f00000|  0%| F|  |TAMS 0x0000000087e00000, 0x0000000087e00000| Untracked 
|  77|0x0000000087f00000, 0x0000000087f00000, 0x0000000088000000|  0%| F|  |TAMS 0x0000000087f00000, 0x0000000087f00000| Untracked 
|  78|0x0000000088000000, 0x0000000088000000, 0x0000000088100000|  0%| F|  |TAMS 0x0000000088000000, 0x0000000088000000| Untracked 
|  79|0x0000000088100000, 0x0000000088100000, 0x0000000088200000|  0%| F|  |TAMS 0x0000000088100000, 0x0000000088100000| Untracked 
|  80|0x0000000088200000, 0x0000000088200000, 0x0000000088300000|  0%| F|  |TAMS 0x0000000088200000, 0x0000000088200000| Untracked 
|  81|0x0000000088300000, 0x0000000088300000, 0x0000000088400000|  0%| F|  |TAMS 0x0000000088300000, 0x0000000088300000| Untracked 
|  82|0x0000000088400000, 0x0000000088400000, 0x0000000088500000|  0%| F|  |TAMS 0x0000000088400000, 0x0000000088400000| Untracked 
|  83|0x0000000088500000, 0x0000000088500000, 0x0000000088600000|  0%| F|  |TAMS 0x0000000088500000, 0x0000000088500000| Untracked 
|  84|0x0000000088600000, 0x0000000088600000, 0x0000000088700000|  0%| F|  |TAMS 0x0000000088600000, 0x0000000088600000| Untracked 
|  85|0x0000000088700000, 0x0000000088700000, 0x0000000088800000|  0%| F|  |TAMS 0x0000000088700000, 0x0000000088700000| Untracked 
|  86|0x0000000088800000, 0x0000000088800000, 0x0000000088900000|  0%| F|  |TAMS 0x0000000088800000, 0x0000000088800000| Untracked 
|  87|0x0000000088900000, 0x0000000088900000, 0x0000000088a00000|  0%| F|  |TAMS 0x0000000088900000, 0x0000000088900000| Untracked 
|  88|0x0000000088a00000, 0x0000000088a00000, 0x0000000088b00000|  0%| F|  |TAMS 0x0000000088a00000, 0x0000000088a00000| Untracked 
|  89|0x0000000088b00000, 0x0000000088b00000, 0x0000000088c00000|  0%| F|  |TAMS 0x0000000088b00000, 0x0000000088b00000| Untracked 
|  90|0x0000000088c00000, 0x0000000088c00000, 0x0000000088d00000|  0%| F|  |TAMS 0x0000000088c00000, 0x0000000088c00000| Untracked 
|  91|0x0000000088d00000, 0x0000000088d00000, 0x0000000088e00000|  0%| F|  |TAMS 0x0000000088d00000, 0x0000000088d00000| Untracked 
|  92|0x0000000088e00000, 0x0000000088e00000, 0x0000000088f00000|  0%| F|  |TAMS 0x0000000088e00000, 0x0000000088e00000| Untracked 
|  93|0x0000000088f00000, 0x0000000088f00000, 0x0000000089000000|  0%| F|  |TAMS 0x0000000088f00000, 0x0000000088f00000| Untracked 
|  94|0x0000000089000000, 0x0000000089000000, 0x0000000089100000|  0%| F|  |TAMS 0x0000000089000000, 0x0000000089000000| Untracked 
|  95|0x0000000089100000, 0x0000000089100000, 0x0000000089200000|  0%| F|  |TAMS 0x0000000089100000, 0x0000000089100000| Untracked 
|  96|0x0000000089200000, 0x0000000089200000, 0x0000000089300000|  0%| F|  |TAMS 0x0000000089200000, 0x0000000089200000| Untracked 
|  97|0x0000000089300000, 0x00000000893a8bd0, 0x0000000089400000| 65%| S|CS|TAMS 0x0000000089300000, 0x0000000089300000| Complete 
|  98|0x0000000089400000, 0x0000000089500000, 0x0000000089500000|100%| S|CS|TAMS 0x0000000089400000, 0x0000000089400000| Complete 
|  99|0x0000000089500000, 0x0000000089600000, 0x0000000089600000|100%| S|CS|TAMS 0x0000000089500000, 0x0000000089500000| Complete 
| 100|0x0000000089600000, 0x0000000089600000, 0x0000000089700000|  0%| F|  |TAMS 0x0000000089600000, 0x0000000089600000| Untracked 
| 101|0x0000000089700000, 0x0000000089700000, 0x0000000089800000|  0%| F|  |TAMS 0x0000000089700000, 0x0000000089700000| Untracked 
| 102|0x0000000089800000, 0x0000000089800000, 0x0000000089900000|  0%| F|  |TAMS 0x0000000089800000, 0x0000000089800000| Untracked 
| 103|0x0000000089900000, 0x0000000089900000, 0x0000000089a00000|  0%| F|  |TAMS 0x0000000089900000, 0x0000000089900000| Untracked 
| 104|0x0000000089a00000, 0x0000000089a00000, 0x0000000089b00000|  0%| F|  |TAMS 0x0000000089a00000, 0x0000000089a00000| Untracked 
| 105|0x0000000089b00000, 0x0000000089c00000, 0x0000000089c00000|100%| S|CS|TAMS 0x0000000089b00000, 0x0000000089b00000| Complete 
| 106|0x0000000089c00000, 0x0000000089d00000, 0x0000000089d00000|100%| S|CS|TAMS 0x0000000089c00000, 0x0000000089c00000| Complete 
| 107|0x0000000089d00000, 0x0000000089e00000, 0x0000000089e00000|100%| S|CS|TAMS 0x0000000089d00000, 0x0000000089d00000| Complete 
| 108|0x0000000089e00000, 0x0000000089e00000, 0x0000000089f00000|  0%| F|  |TAMS 0x0000000089e00000, 0x0000000089e00000| Untracked 
| 109|0x0000000089f00000, 0x0000000089f00000, 0x000000008a000000|  0%| F|  |TAMS 0x0000000089f00000, 0x0000000089f00000| Untracked 
| 110|0x000000008a000000, 0x000000008a000000, 0x000000008a100000|  0%| F|  |TAMS 0x000000008a000000, 0x000000008a000000| Untracked 
| 111|0x000000008a100000, 0x000000008a100000, 0x000000008a200000|  0%| F|  |TAMS 0x000000008a100000, 0x000000008a100000| Untracked 
| 112|0x000000008a200000, 0x000000008a200000, 0x000000008a300000|  0%| F|  |TAMS 0x000000008a200000, 0x000000008a200000| Untracked 
| 113|0x000000008a300000, 0x000000008a300000, 0x000000008a400000|  0%| F|  |TAMS 0x000000008a300000, 0x000000008a300000| Untracked 
| 114|0x000000008a400000, 0x000000008a400000, 0x000000008a500000|  0%| F|  |TAMS 0x000000008a400000, 0x000000008a400000| Untracked 
| 115|0x000000008a500000, 0x000000008a500000, 0x000000008a600000|  0%| F|  |TAMS 0x000000008a500000, 0x000000008a500000| Untracked 
| 116|0x000000008a600000, 0x000000008a600000, 0x000000008a700000|  0%| F|  |TAMS 0x000000008a600000, 0x000000008a600000| Untracked 
| 117|0x000000008a700000, 0x000000008a700000, 0x000000008a800000|  0%| F|  |TAMS 0x000000008a700000, 0x000000008a700000| Untracked 
| 118|0x000000008a800000, 0x000000008a800000, 0x000000008a900000|  0%| F|  |TAMS 0x000000008a800000, 0x000000008a800000| Untracked 
| 119|0x000000008a900000, 0x000000008a900000, 0x000000008aa00000|  0%| F|  |TAMS 0x000000008a900000, 0x000000008a900000| Untracked 
| 120|0x000000008aa00000, 0x000000008aa00000, 0x000000008ab00000|  0%| F|  |TAMS 0x000000008aa00000, 0x000000008aa00000| Untracked 
| 121|0x000000008ab00000, 0x000000008ab00000, 0x000000008ac00000|  0%| F|  |TAMS 0x000000008ab00000, 0x000000008ab00000| Untracked 
| 122|0x000000008ac00000, 0x000000008ac00000, 0x000000008ad00000|  0%| F|  |TAMS 0x000000008ac00000, 0x000000008ac00000| Untracked 
| 123|0x000000008ad00000, 0x000000008ad00000, 0x000000008ae00000|  0%| F|  |TAMS 0x000000008ad00000, 0x000000008ad00000| Untracked 
| 124|0x000000008ae00000, 0x000000008ae00000, 0x000000008af00000|  0%| F|  |TAMS 0x000000008ae00000, 0x000000008ae00000| Untracked 
| 125|0x000000008af00000, 0x000000008af00000, 0x000000008b000000|  0%| F|  |TAMS 0x000000008af00000, 0x000000008af00000| Untracked 
| 126|0x000000008b000000, 0x000000008b000000, 0x000000008b100000|  0%| F|  |TAMS 0x000000008b000000, 0x000000008b000000| Untracked 
| 127|0x000000008b100000, 0x000000008b100000, 0x000000008b200000|  0%| F|  |TAMS 0x000000008b100000, 0x000000008b100000| Untracked 
| 128|0x000000008b200000, 0x000000008b200000, 0x000000008b300000|  0%| F|  |TAMS 0x000000008b200000, 0x000000008b200000| Untracked 
| 129|0x000000008b300000, 0x000000008b300000, 0x000000008b400000|  0%| F|  |TAMS 0x000000008b300000, 0x000000008b300000| Untracked 
| 130|0x000000008b400000, 0x000000008b400000, 0x000000008b500000|  0%| F|  |TAMS 0x000000008b400000, 0x000000008b400000| Untracked 
| 131|0x000000008b500000, 0x000000008b500000, 0x000000008b600000|  0%| F|  |TAMS 0x000000008b500000, 0x000000008b500000| Untracked 
| 132|0x000000008b600000, 0x000000008b600000, 0x000000008b700000|  0%| F|  |TAMS 0x000000008b600000, 0x000000008b600000| Untracked 
| 133|0x000000008b700000, 0x000000008b700000, 0x000000008b800000|  0%| F|  |TAMS 0x000000008b700000, 0x000000008b700000| Untracked 
| 134|0x000000008b800000, 0x000000008b800000, 0x000000008b900000|  0%| F|  |TAMS 0x000000008b800000, 0x000000008b800000| Untracked 
| 135|0x000000008b900000, 0x000000008b900000, 0x000000008ba00000|  0%| F|  |TAMS 0x000000008b900000, 0x000000008b900000| Untracked 
| 136|0x000000008ba00000, 0x000000008ba00000, 0x000000008bb00000|  0%| F|  |TAMS 0x000000008ba00000, 0x000000008ba00000| Untracked 
| 137|0x000000008bb00000, 0x000000008bb00000, 0x000000008bc00000|  0%| F|  |TAMS 0x000000008bb00000, 0x000000008bb00000| Untracked 
| 138|0x000000008bc00000, 0x000000008bc00000, 0x000000008bd00000|  0%| F|  |TAMS 0x000000008bc00000, 0x000000008bc00000| Untracked 
| 139|0x000000008bd00000, 0x000000008bd00000, 0x000000008be00000|  0%| F|  |TAMS 0x000000008bd00000, 0x000000008bd00000| Untracked 
| 140|0x000000008be00000, 0x000000008be00000, 0x000000008bf00000|  0%| F|  |TAMS 0x000000008be00000, 0x000000008be00000| Untracked 
| 141|0x000000008bf00000, 0x000000008bf00000, 0x000000008c000000|  0%| F|  |TAMS 0x000000008bf00000, 0x000000008bf00000| Untracked 
| 142|0x000000008c000000, 0x000000008c000000, 0x000000008c100000|  0%| F|  |TAMS 0x000000008c000000, 0x000000008c000000| Untracked 
| 143|0x000000008c100000, 0x000000008c100000, 0x000000008c200000|  0%| F|  |TAMS 0x000000008c100000, 0x000000008c100000| Untracked 
| 144|0x000000008c200000, 0x000000008c200000, 0x000000008c300000|  0%| F|  |TAMS 0x000000008c200000, 0x000000008c200000| Untracked 
| 145|0x000000008c300000, 0x000000008c300000, 0x000000008c400000|  0%| F|  |TAMS 0x000000008c300000, 0x000000008c300000| Untracked 
| 146|0x000000008c400000, 0x000000008c400000, 0x000000008c500000|  0%| F|  |TAMS 0x000000008c400000, 0x000000008c400000| Untracked 
| 147|0x000000008c500000, 0x000000008c500000, 0x000000008c600000|  0%| F|  |TAMS 0x000000008c500000, 0x000000008c500000| Untracked 
| 148|0x000000008c600000, 0x000000008c600000, 0x000000008c700000|  0%| F|  |TAMS 0x000000008c600000, 0x000000008c600000| Untracked 
| 149|0x000000008c700000, 0x000000008c700000, 0x000000008c800000|  0%| F|  |TAMS 0x000000008c700000, 0x000000008c700000| Untracked 
| 150|0x000000008c800000, 0x000000008c800000, 0x000000008c900000|  0%| F|  |TAMS 0x000000008c800000, 0x000000008c800000| Untracked 
| 151|0x000000008c900000, 0x000000008c900000, 0x000000008ca00000|  0%| F|  |TAMS 0x000000008c900000, 0x000000008c900000| Untracked 
| 152|0x000000008ca00000, 0x000000008ca00000, 0x000000008cb00000|  0%| F|  |TAMS 0x000000008ca00000, 0x000000008ca00000| Untracked 
| 153|0x000000008cb00000, 0x000000008cb00000, 0x000000008cc00000|  0%| F|  |TAMS 0x000000008cb00000, 0x000000008cb00000| Untracked 

Card table byte_map: [0x0000024c20140000,0x0000024c20530000] _byte_map_base: 0x0000024c1fd27000

Marking Bits (Prev, Next): (CMBitMap*) 0x0000024c151ccb90, (CMBitMap*) 0x0000024c151ccb50
 Prev Bits: [0x0000024c22860000, 0x0000024c24798000)
 Next Bits: [0x0000024c20920000, 0x0000024c22858000)

Polling page: 0x0000024c14920000

Metaspace:

Usage:
  Non-class:     26.86 MB used.
      Class:      4.03 MB used.
       Both:     30.88 MB used.

Virtual space:
  Non-class space:       32.00 MB reserved,      27.06 MB ( 85%) committed,  4 nodes.
      Class space:        1.00 GB reserved,       4.25 MB ( <1%) committed,  1 nodes.
             Both:        1.03 GB reserved,      31.31 MB (  3%) committed. 

Chunk freelists:
   Non-Class:  848.00 KB
       Class:  3.80 MB
        Both:  4.62 MB

MaxMetaspaceSize: unlimited
CompressedClassSpaceSize: 1.00 GB
Initial GC threshold: 21.00 MB
Current GC threshold: 35.25 MB
CDS: on
MetaspaceReclaimPolicy: balanced
 - commit_granule_bytes: 65536.
 - commit_granule_words: 8192.
 - virtual_space_node_default_size: 1048576.
 - enlarge_chunks_in_place: 1.
 - new_chunks_are_fully_committed: 0.
 - uncommit_free_chunks: 1.
 - use_allocation_guard: 0.
 - handle_deallocations: 1.


Internal statistics:

num_allocs_failed_limit: 3.
num_arena_births: 386.
num_arena_deaths: 0.
num_vsnodes_births: 5.
num_vsnodes_deaths: 0.
num_space_committed: 501.
num_space_uncommitted: 0.
num_chunks_returned_to_freelist: 3.
num_chunks_taken_from_freelist: 1532.
num_chunk_merges: 0.
num_chunk_splits: 1055.
num_chunks_enlarged: 819.
num_purges: 0.
num_inconsistent_stats: 0.

CodeCache: size=49152Kb used=9632Kb max_used=9632Kb free=39519Kb
 bounds [0x0000024c1cc40000, 0x0000024c1d5b0000, 0x0000024c1fc40000]
 total_blobs=4570 nmethods=4035 adapters=459
 compilation: enabled
              stopped_count=0, restarted_count=0
 full_count=0

Compilation events (20 events):
Event: 5.455 Thread 0x0000024c272787c0 4034       1       nonapi.io.github.classgraph.fileslice.reader.ClassfileReader::<init> (29 bytes)
Event: 5.455 Thread 0x0000024c27d64690 nmethod 4036 0x0000024c1d59e590 code [0x0000024c1d59e720, 0x0000024c1d59e8f8]
Event: 5.455 Thread 0x0000024c27d64690 3998       1       java.util.concurrent.ConcurrentLinkedQueue$Node::casItem (10 bytes)
Event: 5.455 Thread 0x0000024c2723e5d0 nmethod 4016 0x0000024c1d59e990 code [0x0000024c1d59f1e0, 0x0000024c1d5a1f48]
Event: 5.455 Thread 0x0000024c272787c0 nmethod 4034 0x0000024c1d5a3b10 code [0x0000024c1d5a3ca0, 0x0000024c1d5a3f38]
Event: 5.455 Thread 0x0000024c2723e5d0 3994       1       java.io.ByteArrayInputStream::<init> (26 bytes)
Event: 5.456 Thread 0x0000024c272787c0 4007       1       jdk.internal.jimage.ImageReader::releaseByteBuffer (5 bytes)
Event: 5.456 Thread 0x0000024c2723e5d0 nmethod 3994 0x0000024c1d5a4010 code [0x0000024c1d5a41a0, 0x0000024c1d5a42d8]
Event: 5.456 Thread 0x0000024c272787c0 nmethod 4007 0x0000024c1d5a4390 code [0x0000024c1d5a4520, 0x0000024c1d5a4668]
Event: 5.456 Thread 0x0000024c2723e5d0 4008       1       jdk.internal.jimage.BasicImageReader::releaseByteBuffer (16 bytes)
Event: 5.456 Thread 0x0000024c272787c0 4009       1       jdk.internal.module.SystemModuleFinders$SystemModuleReader::release (10 bytes)
Event: 5.456 Thread 0x0000024c2723e5d0 nmethod 4008 0x0000024c1d5a4710 code [0x0000024c1d5a48a0, 0x0000024c1d5a49e8]
Event: 5.456 Thread 0x0000024c2723e5d0 3966       1       java.util.concurrent.ConcurrentLinkedQueue$Node::<init> (13 bytes)
Event: 5.456 Thread 0x0000024c272787c0 nmethod 4009 0x0000024c1d5a4a90 code [0x0000024c1d5a4c40, 0x0000024c1d5a4e38]
Event: 5.456 Thread 0x0000024c27d64690 nmethod 3998 0x0000024c1d5a4f90 code [0x0000024c1d5a5180, 0x0000024c1d5a5638]
Event: 5.457 Thread 0x0000024c2723e5d0 nmethod 3966 0x0000024c1d5a5890 code [0x0000024c1d5a5a60, 0x0000024c1d5a5db8]
Event: 5.461 Thread 0x0000024c2723e5d0 4039  s!   1       jdk.internal.loader.URLClassPath::getLoader (194 bytes)
Event: 5.463 Thread 0x0000024c2723e5d0 nmethod 4039 0x0000024c1d5a6310 code [0x0000024c1d5a65c0, 0x0000024c1d5a7018]
Event: 5.467 Thread 0x0000024c272787c0 4040       1       java.util.zip.ZipFile$Source::initCEN (591 bytes)
Event: 5.469 Thread 0x0000024c27d611e0 nmethod 3992 0x0000024c1d5a7910 code [0x0000024c1d5a7b00, 0x0000024c1d5a7ea8]

GC Heap History (20 events):
Event: 4.164 GC heap after
{Heap after GC invocations=7 (full 0):
 garbage-first heap   total 58368K, used 20462K [0x0000000083200000, 0x0000000100000000)
  region size 1024K, 3 young (3072K), 3 survivors (3072K)
 Metaspace       used 27861K, committed 28160K, reserved 1081344K
  class space    used 3767K, committed 3904K, reserved 1048576K
}
Event: 4.272 GC heap before
{Heap before GC invocations=7 (full 0):
 garbage-first heap   total 58368K, used 38894K [0x0000000083200000, 0x0000000100000000)
  region size 1024K, 22 young (22528K), 3 survivors (3072K)
 Metaspace       used 28257K, committed 28544K, reserved 1081344K
  class space    used 3815K, committed 3968K, reserved 1048576K
}
Event: 4.277 GC heap after
{Heap after GC invocations=8 (full 0):
 garbage-first heap   total 58368K, used 24437K [0x0000000083200000, 0x0000000100000000)
  region size 1024K, 3 young (3072K), 3 survivors (3072K)
 Metaspace       used 28257K, committed 28544K, reserved 1081344K
  class space    used 3815K, committed 3968K, reserved 1048576K
}
Event: 4.384 GC heap before
{Heap before GC invocations=8 (full 0):
 garbage-first heap   total 58368K, used 40821K [0x0000000083200000, 0x0000000100000000)
  region size 1024K, 20 young (20480K), 3 survivors (3072K)
 Metaspace       used 28695K, committed 29056K, reserved 1081344K
  class space    used 3845K, committed 4032K, reserved 1048576K
}
Event: 4.391 GC heap after
{Heap after GC invocations=9 (full 0):
 garbage-first heap   total 96256K, used 27637K [0x0000000083200000, 0x0000000100000000)
  region size 1024K, 3 young (3072K), 3 survivors (3072K)
 Metaspace       used 28695K, committed 29056K, reserved 1081344K
  class space    used 3845K, committed 4032K, reserved 1048576K
}
Event: 4.592 GC heap before
{Heap before GC invocations=9 (full 0):
 garbage-first heap   total 96256K, used 67573K [0x0000000083200000, 0x0000000100000000)
  region size 1024K, 42 young (43008K), 3 survivors (3072K)
 Metaspace       used 29641K, committed 30016K, reserved 1081344K
  class space    used 3932K, committed 4096K, reserved 1048576K
}
Event: 4.600 GC heap after
{Heap after GC invocations=10 (full 0):
 garbage-first heap   total 96256K, used 33792K [0x0000000083200000, 0x0000000100000000)
  region size 1024K, 6 young (6144K), 6 survivors (6144K)
 Metaspace       used 29641K, committed 30016K, reserved 1081344K
  class space    used 3932K, committed 4096K, reserved 1048576K
}
Event: 4.711 GC heap before
{Heap before GC invocations=10 (full 0):
 garbage-first heap   total 96256K, used 68608K [0x0000000083200000, 0x0000000100000000)
  region size 1024K, 41 young (41984K), 6 survivors (6144K)
 Metaspace       used 30136K, committed 30464K, reserved 1081344K
  class space    used 3948K, committed 4096K, reserved 1048576K
}
Event: 4.724 GC heap after
{Heap after GC invocations=11 (full 0):
 garbage-first heap   total 96256K, used 43152K [0x0000000083200000, 0x0000000100000000)
  region size 1024K, 6 young (6144K), 6 survivors (6144K)
 Metaspace       used 30136K, committed 30464K, reserved 1081344K
  class space    used 3948K, committed 4096K, reserved 1048576K
}
Event: 5.003 GC heap before
{Heap before GC invocations=11 (full 0):
 garbage-first heap   total 96256K, used 67728K [0x0000000083200000, 0x0000000100000000)
  region size 1024K, 31 young (31744K), 6 survivors (6144K)
 Metaspace       used 31088K, committed 31488K, reserved 1081344K
  class space    used 4040K, committed 4224K, reserved 1048576K
}
Event: 5.013 GC heap after
{Heap after GC invocations=12 (full 0):
 garbage-first heap   total 96256K, used 48680K [0x0000000083200000, 0x0000000100000000)
  region size 1024K, 4 young (4096K), 4 survivors (4096K)
 Metaspace       used 31088K, committed 31488K, reserved 1081344K
  class space    used 4040K, committed 4224K, reserved 1048576K
}
Event: 5.174 GC heap before
{Heap before GC invocations=12 (full 0):
 garbage-first heap   total 96256K, used 58920K [0x0000000083200000, 0x0000000100000000)
  region size 1024K, 15 young (15360K), 4 survivors (4096K)
 Metaspace       used 31412K, committed 31808K, reserved 1081344K
  class space    used 4097K, committed 4288K, reserved 1048576K
}
Event: 5.182 GC heap after
{Heap after GC invocations=13 (full 0):
 garbage-first heap   total 157696K, used 51937K [0x0000000083200000, 0x0000000100000000)
  region size 1024K, 3 young (3072K), 3 survivors (3072K)
 Metaspace       used 31412K, committed 31808K, reserved 1081344K
  class space    used 4097K, committed 4288K, reserved 1048576K
}
Event: 5.338 GC heap before
{Heap before GC invocations=13 (full 0):
 garbage-first heap   total 157696K, used 115425K [0x0000000083200000, 0x0000000100000000)
  region size 1024K, 64 young (65536K), 3 survivors (3072K)
 Metaspace       used 31520K, committed 31936K, reserved 1081344K
  class space    used 4107K, committed 4288K, reserved 1048576K
}
Event: 5.370 GC heap after
{Heap after GC invocations=14 (full 0):
 garbage-first heap   total 157696K, used 70186K [0x0000000083200000, 0x0000000100000000)
  region size 1024K, 8 young (8192K), 8 survivors (8192K)
 Metaspace       used 31520K, committed 31936K, reserved 1081344K
  class space    used 4107K, committed 4288K, reserved 1048576K
}
Event: 5.405 GC heap before
{Heap before GC invocations=14 (full 0):
 garbage-first heap   total 157696K, used 115242K [0x0000000083200000, 0x0000000100000000)
  region size 1024K, 53 young (54272K), 8 survivors (8192K)
 Metaspace       used 31535K, committed 31936K, reserved 1081344K
  class space    used 4110K, committed 4288K, reserved 1048576K
}
Event: 5.412 GC heap after
{Heap after GC invocations=15 (full 0):
 garbage-first heap   total 157696K, used 74295K [0x0000000083200000, 0x0000000100000000)
  region size 1024K, 4 young (4096K), 4 survivors (4096K)
 Metaspace       used 31535K, committed 31936K, reserved 1081344K
  class space    used 4110K, committed 4288K, reserved 1048576K
}
Event: 5.435 GC heap before
{Heap before GC invocations=15 (full 0):
 garbage-first heap   total 157696K, used 118327K [0x0000000083200000, 0x0000000100000000)
  region size 1024K, 48 young (49152K), 4 survivors (4096K)
 Metaspace       used 31578K, committed 31936K, reserved 1081344K
  class space    used 4117K, committed 4288K, reserved 1048576K
}
Event: 5.440 GC heap after
{Heap after GC invocations=16 (full 0):
 garbage-first heap   total 157696K, used 76452K [0x0000000083200000, 0x0000000100000000)
  region size 1024K, 6 young (6144K), 6 survivors (6144K)
 Metaspace       used 31578K, committed 31936K, reserved 1081344K
  class space    used 4117K, committed 4288K, reserved 1048576K
}
Event: 5.470 GC heap before
{Heap before GC invocations=16 (full 0):
 garbage-first heap   total 157696K, used 121508K [0x0000000083200000, 0x0000000100000000)
  region size 1024K, 51 young (52224K), 6 survivors (6144K)
 Metaspace       used 31626K, committed 32064K, reserved 1081344K
  class space    used 4123K, committed 4352K, reserved 1048576K
}

Dll operation events (9 events):
Event: 0.012 Loaded shared library C:\Program Files\Eclipse Adoptium\jdk-17.0.5.8-hotspot\bin\java.dll
Event: 0.024 Loaded shared library C:\Program Files\Eclipse Adoptium\jdk-17.0.5.8-hotspot\bin\jsvml.dll
Event: 0.125 Loaded shared library C:\Program Files\Eclipse Adoptium\jdk-17.0.5.8-hotspot\bin\net.dll
Event: 0.127 Loaded shared library C:\Program Files\Eclipse Adoptium\jdk-17.0.5.8-hotspot\bin\nio.dll
Event: 0.132 Loaded shared library C:\Program Files\Eclipse Adoptium\jdk-17.0.5.8-hotspot\bin\zip.dll
Event: 0.382 Loaded shared library C:\Program Files\Eclipse Adoptium\jdk-17.0.5.8-hotspot\bin\verify.dll
Event: 0.399 Loaded shared library C:\Program Files\Eclipse Adoptium\jdk-17.0.5.8-hotspot\bin\jimage.dll
Event: 1.325 Loaded shared library C:\Program Files\Eclipse Adoptium\jdk-17.0.5.8-hotspot\bin\management.dll
Event: 1.328 Loaded shared library C:\Program Files\Eclipse Adoptium\jdk-17.0.5.8-hotspot\bin\management_ext.dll

Deoptimization events (14 events):
Event: 1.608 Thread 0x0000024c15170580 DEOPT PACKING pc=0x0000024c1d1a2019 sp=0x000000d886bfd3d0
Event: 1.609 Thread 0x0000024c15170580 DEOPT UNPACKING pc=0x0000024c1cc966e3 sp=0x000000d886bfc8b0 mode 3
Event: 3.217 Thread 0x0000024c15170580 DEOPT PACKING pc=0x0000024c1d30d599 sp=0x000000d886bfc7b0
Event: 3.217 Thread 0x0000024c15170580 DEOPT UNPACKING pc=0x0000024c1cc966e3 sp=0x000000d886bfbc90 mode 3
Event: 3.897 Thread 0x0000024c29bb5660 DEOPT PACKING pc=0x0000024c1d3cd735 sp=0x000000d888cfd280
Event: 3.897 Thread 0x0000024c29bb5660 DEOPT UNPACKING pc=0x0000024c1cc966e3 sp=0x000000d888cfc798 mode 3
Event: 3.968 Thread 0x0000024c29b28070 DEOPT PACKING pc=0x0000024c1d19fc01 sp=0x000000d888bfda20
Event: 3.968 Thread 0x0000024c29b28070 DEOPT UNPACKING pc=0x0000024c1cc966e3 sp=0x000000d888bfceb0 mode 3
Event: 3.970 Thread 0x0000024c29c7a000 DEOPT PACKING pc=0x0000024c1d19ea97 sp=0x000000d8891fed90
Event: 3.970 Thread 0x0000024c29c7a000 DEOPT UNPACKING pc=0x0000024c1cc966e3 sp=0x000000d8891fe1e8 mode 3
Event: 4.045 Thread 0x0000024c287fb830 DEOPT PACKING pc=0x0000024c1d3ecc7b sp=0x000000d888dfe660
Event: 4.045 Thread 0x0000024c287fb830 DEOPT UNPACKING pc=0x0000024c1cc966e3 sp=0x000000d888dfdba8 mode 3
Event: 5.428 Thread 0x0000024c29bb5660 DEOPT PACKING pc=0x0000024c1cf48724 sp=0x000000d888cfca80
Event: 5.428 Thread 0x0000024c29bb5660 DEOPT UNPACKING pc=0x0000024c1cc966e3 sp=0x000000d888cfc010 mode 0

Classes unloaded (0 events):
No events

Classes redefined (0 events):
No events

Internal exceptions (20 events):
Event: 4.087 Thread 0x0000024c29abd990 Exception <a 'sun/nio/fs/WindowsException'{0x00000000866c8d18}> (0x00000000866c8d18) 
thrown [s\src\hotspot\share\prims\jni.cpp, line 516]
Event: 4.087 Thread 0x0000024c29abd990 Exception <a 'sun/nio/fs/WindowsException'{0x00000000866c90c0}> (0x00000000866c90c0) 
thrown [s\src\hotspot\share\prims\jni.cpp, line 516]
Event: 4.087 Thread 0x0000024c29abd990 Exception <a 'sun/nio/fs/WindowsException'{0x00000000866c9ac0}> (0x00000000866c9ac0) 
thrown [s\src\hotspot\share\prims\jni.cpp, line 516]
Event: 4.087 Thread 0x0000024c29abd990 Exception <a 'sun/nio/fs/WindowsException'{0x00000000866c9e80}> (0x00000000866c9e80) 
thrown [s\src\hotspot\share\prims\jni.cpp, line 516]
Event: 4.088 Thread 0x0000024c29abd990 Exception <a 'sun/nio/fs/WindowsException'{0x00000000866ca880}> (0x00000000866ca880) 
thrown [s\src\hotspot\share\prims\jni.cpp, line 516]
Event: 4.088 Thread 0x0000024c29abd990 Exception <a 'sun/nio/fs/WindowsException'{0x00000000866cac30}> (0x00000000866cac30) 
thrown [s\src\hotspot\share\prims\jni.cpp, line 516]
Event: 4.088 Thread 0x0000024c29abd990 Exception <a 'sun/nio/fs/WindowsException'{0x00000000866cb630}> (0x00000000866cb630) 
thrown [s\src\hotspot\share\prims\jni.cpp, line 516]
Event: 4.088 Thread 0x0000024c29abd990 Exception <a 'sun/nio/fs/WindowsException'{0x00000000866cb9f0}> (0x00000000866cb9f0) 
thrown [s\src\hotspot\share\prims\jni.cpp, line 516]
Event: 4.088 Thread 0x0000024c29abd990 Exception <a 'sun/nio/fs/WindowsException'{0x00000000866cc418}> (0x00000000866cc418) 
thrown [s\src\hotspot\share\prims\jni.cpp, line 516]
Event: 4.088 Thread 0x0000024c29abd990 Exception <a 'sun/nio/fs/WindowsException'{0x00000000866cc7f8}> (0x00000000866cc7f8) 
thrown [s\src\hotspot\share\prims\jni.cpp, line 516]
Event: 4.088 Thread 0x0000024c29abd990 Exception <a 'sun/nio/fs/WindowsException'{0x00000000865ea708}> (0x00000000865ea708) 
thrown [s\src\hotspot\share\prims\jni.cpp, line 516]
Event: 4.088 Thread 0x0000024c29abd990 Exception <a 'sun/nio/fs/WindowsException'{0x00000000865eaaf8}> (0x00000000865eaaf8) 
thrown [s\src\hotspot\share\prims\jni.cpp, line 516]
Event: 4.089 Thread 0x0000024c29abd990 Exception <a 'sun/nio/fs/WindowsException'{0x00000000865eb520}> (0x00000000865eb520) 
thrown [s\src\hotspot\share\prims\jni.cpp, line 516]
Event: 4.089 Thread 0x0000024c29abd990 Exception <a 'sun/nio/fs/WindowsException'{0x00000000865eb910}> (0x00000000865eb910) 
thrown [s\src\hotspot\share\prims\jni.cpp, line 516]
Event: 4.139 Thread 0x0000024c29abcff0 Exception <a 'java/lang/NoSuchMethodError'{0x0000000085871a58}: 'int java.lang.invoke.DirectMethodHandle$Holder.invokeStatic(java.lang.Object)'> (0x0000000085871a58) 
thrown [s\src\hotspot\share\interpreter\linkResolver.cpp, line 759]
Event: 4.140 Thread 0x0000024c29abcff0 Exception <a 'java/lang/NoSuchMethodError'{0x0000000085874e58}: 'int java.lang.invoke.DirectMethodHandle$Holder.invokeStaticInit(java.lang.Object)'> (0x0000000085874e58) 
thrown [s\src\hotspot\share\interpreter\linkResolver.cpp, line 759]
Event: 4.916 Thread 0x0000024c29bb5660 Exception <a 'java/lang/NoSuchMethodError'{0x0000000087cb4ee0}: 'java.lang.Object java.lang.invoke.Invokers$Holder.invoke_MT(java.lang.Object, java.lang.Object, java.lang.Object)'> (0x0000000087cb4ee0) 
thrown [s\src\hotspot\share\interpreter\linkResolver.cpp, line 759]
Event: 5.070 Thread 0x0000024c29bb5660 Exception <a 'java/lang/NoSuchMethodError'{0x0000000088c74220}: 'java.lang.Object java.lang.invoke.DirectMethodHandle$Holder.newInvokeSpecial(java.lang.Object, java.lang.Object, int)'> (0x0000000088c74220) 
thrown [s\src\hotspot\share\interpreter\linkResolver.cpp, line 759]
Event: 5.081 Thread 0x0000024c29cf7990 Exception <a 'java/lang/NoSuchMethodError'{0x0000000088b16580}: 'java.lang.Object java.lang.invoke.Invokers$Holder.linkToTargetMethod(java.lang.Object, long, java.lang.Object)'> (0x0000000088b16580) 
thrown [s\src\hotspot\share\interpreter\linkResolver.cpp, line 759]
Event: 5.099 Thread 0x0000024c29cf7990 Exception <a 'sun/nio/fs/WindowsException'{0x0000000088bcee50}> (0x0000000088bcee50) 
thrown [s\src\hotspot\share\prims\jni.cpp, line 516]

VM Operations (20 events):
Event: 4.899 Executing VM operation: HandshakeAllThreads done
Event: 4.901 Executing VM operation: HandshakeAllThreads
Event: 4.901 Executing VM operation: HandshakeAllThreads done
Event: 4.965 Executing VM operation: HandshakeAllThreads
Event: 4.965 Executing VM operation: HandshakeAllThreads done
Event: 5.003 Executing VM operation: G1CollectForAllocation
Event: 5.013 Executing VM operation: G1CollectForAllocation done
Event: 5.174 Executing VM operation: G1TryInitiateConcMark
Event: 5.182 Executing VM operation: G1TryInitiateConcMark done
Event: 5.335 Executing VM operation: G1CollectForAllocation
Event: 5.373 Executing VM operation: G1CollectForAllocation done
Event: 5.393 Executing VM operation: HandshakeAllThreads
Event: 5.405 Executing VM operation: HandshakeAllThreads done
Event: 5.405 Executing VM operation: G1CollectForAllocation
Event: 5.413 Executing VM operation: G1CollectForAllocation done
Event: 5.416 Executing VM operation: HandshakeAllThreads
Event: 5.416 Executing VM operation: HandshakeAllThreads done
Event: 5.433 Executing VM operation: G1CollectForAllocation
Event: 5.443 Executing VM operation: G1CollectForAllocation done
Event: 5.469 Executing VM operation: G1CollectForAllocation

Events (20 events):
Event: 4.967 loading class java/nio/file/Files$3 done
Event: 4.967 loading class java/nio/file/FileVisitResult
Event: 4.967 loading class java/nio/file/FileVisitResult done
Event: 5.024 loading class java/nio/channels/Channels$ReadableByteChannelImpl
Event: 5.024 loading class java/nio/channels/Channels$ReadableByteChannelImpl done
Event: 5.025 loading class java/nio/channels/NonWritableChannelException
Event: 5.025 loading class java/nio/channels/NonWritableChannelException done
Event: 5.065 loading class java/util/WeakHashMap$EntrySet
Event: 5.065 loading class java/util/WeakHashMap$EntrySet done
Event: 5.065 loading class java/util/WeakHashMap$EntryIterator
Event: 5.065 loading class java/util/WeakHashMap$HashIterator
Event: 5.065 loading class java/util/WeakHashMap$HashIterator done
Event: 5.065 loading class java/util/WeakHashMap$EntryIterator done
Event: 5.073 Thread 0x0000024c29cf7990 Thread added: 0x0000024c29cf7990
Event: 5.078 Thread 0x0000024c29cf0140 Thread added: 0x0000024c29cf0140
Event: 5.085 loading class sun/security/provider/MD5
Event: 5.086 loading class sun/security/provider/MD5 done
Event: 5.086 loading class sun/security/provider/ByteArrayAccess$LE
Event: 5.086 loading class sun/security/provider/ByteArrayAccess$LE done
Event: 5.190 Thread 0x0000024c29cf6650 Thread added: 0x0000024c29cf6650


Dynamic libraries:
0x00007ff64bb80000 - 0x00007ff64bb8e000 	C:\Program Files\Eclipse Adoptium\jdk-17.0.5.8-hotspot\bin\java.exe
0x00007ff9dd9d0000 - 0x00007ff9ddbea000 	C:\WINDOWS\SYSTEM32\ntdll.dll
0x00007ff9dd3f0000 - 0x00007ff9dd4b3000 	C:\WINDOWS\System32\KERNEL32.DLL
0x00007ff9dadb0000 - 0x00007ff9db14c000 	C:\WINDOWS\System32\KERNELBASE.dll
0x00007ff9d7d90000 - 0x00007ff9d7e26000 	C:\WINDOWS\SYSTEM32\apphelp.dll
0x00007ff9db270000 - 0x00007ff9db38b000 	C:\WINDOWS\System32\ucrtbase.dll
0x00007ff9ba610000 - 0x00007ff9ba629000 	C:\Program Files\Eclipse Adoptium\jdk-17.0.5.8-hotspot\bin\VCRUNTIME140.dll
0x00007ff9ba870000 - 0x00007ff9ba887000 	C:\Program Files\Eclipse Adoptium\jdk-17.0.5.8-hotspot\bin\jli.dll
0x00007ff9dd680000 - 0x00007ff9dd82a000 	C:\WINDOWS\System32\USER32.dll
0x00007ff9bf7d0000 - 0x00007ff9bfa61000 	C:\WINDOWS\WinSxS\amd64_microsoft.windows.common-controls_6595b64144ccf1df_6.0.25236.1000_none_7a88bdfad9396379\COMCTL32.dll
0x00007ff9db520000 - 0x00007ff9db546000 	C:\WINDOWS\System32\win32u.dll
0x00007ff9dcfd0000 - 0x00007ff9dcff9000 	C:\WINDOWS\System32\GDI32.dll
0x00007ff9dd150000 - 0x00007ff9dd1f7000 	C:\WINDOWS\System32\msvcrt.dll
0x00007ff9db150000 - 0x00007ff9db266000 	C:\WINDOWS\System32\gdi32full.dll
0x00007ff9db410000 - 0x00007ff9db4aa000 	C:\WINDOWS\System32\msvcp_win.dll
0x00007ff9dd950000 - 0x00007ff9dd980000 	C:\WINDOWS\System32\IMM32.DLL
0x00007ff9d4b90000 - 0x00007ff9d4b9c000 	C:\Program Files\Eclipse Adoptium\jdk-17.0.5.8-hotspot\bin\vcruntime140_1.dll
0x00007ff99e2a0000 - 0x00007ff99e331000 	C:\Program Files\Eclipse Adoptium\jdk-17.0.5.8-hotspot\bin\msvcp140.dll
0x00007ff996200000 - 0x00007ff996e44000 	C:\Program Files\Eclipse Adoptium\jdk-17.0.5.8-hotspot\bin\server\jvm.dll
0x00007ff9dd200000 - 0x00007ff9dd2ae000 	C:\WINDOWS\System32\ADVAPI32.dll
0x00007ff9dd2b0000 - 0x00007ff9dd356000 	C:\WINDOWS\System32\sechost.dll
0x00007ff9db790000 - 0x00007ff9db8b7000 	C:\WINDOWS\System32\RPCRT4.dll
0x00007ff9ce990000 - 0x00007ff9ce99a000 	C:\WINDOWS\SYSTEM32\VERSION.dll
0x00007ff9d3d60000 - 0x00007ff9d3d69000 	C:\WINDOWS\SYSTEM32\WSOCK32.dll
0x00007ff9cd1f0000 - 0x00007ff9cd225000 	C:\WINDOWS\SYSTEM32\WINMM.dll
0x00007ff9dd8d0000 - 0x00007ff9dd93f000 	C:\WINDOWS\System32\WS2_32.dll
0x00007ff9d9d30000 - 0x00007ff9d9d48000 	C:\WINDOWS\SYSTEM32\kernel.appcore.dll
0x00007ff9d1ff0000 - 0x00007ff9d1ffa000 	C:\Program Files\Eclipse Adoptium\jdk-17.0.5.8-hotspot\bin\jimage.dll
0x00007ff9d8640000 - 0x00007ff9d8873000 	C:\WINDOWS\SYSTEM32\DBGHELP.DLL
0x00007ff9dc540000 - 0x00007ff9dc8c2000 	C:\WINDOWS\System32\combase.dll
0x00007ff9dc8d0000 - 0x00007ff9dc9a8000 	C:\WINDOWS\System32\OLEAUT32.dll
0x00007ff9c9f80000 - 0x00007ff9c9fb2000 	C:\WINDOWS\SYSTEM32\dbgcore.DLL
0x00007ff9db390000 - 0x00007ff9db409000 	C:\WINDOWS\System32\bcryptPrimitives.dll
0x00007ff9b9fe0000 - 0x00007ff9ba005000 	C:\Program Files\Eclipse Adoptium\jdk-17.0.5.8-hotspot\bin\java.dll
0x00007ff997a30000 - 0x00007ff997b06000 	C:\Program Files\Eclipse Adoptium\jdk-17.0.5.8-hotspot\bin\jsvml.dll
0x00007ff9db9c0000 - 0x00007ff9dc1ac000 	C:\WINDOWS\System32\SHELL32.dll
0x00007ff9d8cc0000 - 0x00007ff9d9558000 	C:\WINDOWS\SYSTEM32\windows.storage.dll
0x00007ff9d8b30000 - 0x00007ff9d8cbd000 	C:\WINDOWS\SYSTEM32\wintypes.dll
0x00007ff9dc440000 - 0x00007ff9dc52b000 	C:\WINDOWS\System32\SHCORE.dll
0x00007ff9dc1b0000 - 0x00007ff9dc20e000 	C:\WINDOWS\System32\shlwapi.dll
0x00007ff9dacd0000 - 0x00007ff9dacf1000 	C:\WINDOWS\SYSTEM32\profapi.dll
0x00007ff9cbf50000 - 0x00007ff9cbf69000 	C:\Program Files\Eclipse Adoptium\jdk-17.0.5.8-hotspot\bin\net.dll
0x00007ff9ce740000 - 0x00007ff9ce86e000 	C:\WINDOWS\SYSTEM32\WINHTTP.dll
0x00007ff9da200000 - 0x00007ff9da269000 	C:\WINDOWS\system32\mswsock.dll
0x00007ff9b9d40000 - 0x00007ff9b9d55000 	C:\Program Files\Eclipse Adoptium\jdk-17.0.5.8-hotspot\bin\nio.dll
0x00007ff9b99b0000 - 0x00007ff9b99c8000 	C:\Program Files\Eclipse Adoptium\jdk-17.0.5.8-hotspot\bin\zip.dll
0x00007ff9b7090000 - 0x00007ff9b70a0000 	C:\Program Files\Eclipse Adoptium\jdk-17.0.5.8-hotspot\bin\verify.dll
0x00007ff9cda50000 - 0x00007ff9cda59000 	C:\Program Files\Eclipse Adoptium\jdk-17.0.5.8-hotspot\bin\management.dll
0x00007ff9cd9c0000 - 0x00007ff9cd9cb000 	C:\Program Files\Eclipse Adoptium\jdk-17.0.5.8-hotspot\bin\management_ext.dll
0x00007ff9dd0d0000 - 0x00007ff9dd0d8000 	C:\WINDOWS\System32\PSAPI.DLL
0x00007ff9cef80000 - 0x00007ff9cef97000 	C:\WINDOWS\system32\napinsp.dll
0x00007ff9ccab0000 - 0x00007ff9ccaca000 	C:\WINDOWS\system32\pnrpnsp.dll
0x00007ff98c150000 - 0x00007ff98c171000 	C:\WINDOWS\system32\nlansp_c.dll
0x00007ff9d97e0000 - 0x00007ff9d98dd000 	C:\WINDOWS\SYSTEM32\DNSAPI.dll
0x00007ff9d97b0000 - 0x00007ff9d97de000 	C:\WINDOWS\SYSTEM32\IPHLPAPI.DLL
0x00007ff9dd000000 - 0x00007ff9dd009000 	C:\WINDOWS\System32\NSI.dll
0x00007ff9ba170000 - 0x00007ff9ba181000 	C:\WINDOWS\System32\winrnr.dll
0x00007ff9c0da0000 - 0x00007ff9c0db5000 	C:\WINDOWS\system32\wshbth.dll
0x00007ff9cc7b0000 - 0x00007ff9cc7ba000 	C:\Windows\System32\rasadhlp.dll
0x00007ff9ccb60000 - 0x00007ff9ccbe4000 	C:\WINDOWS\System32\fwpuclnt.dll
0x00007ff9da480000 - 0x00007ff9da49b000 	C:\WINDOWS\SYSTEM32\CRYPTSP.dll
0x00007ff9d9c90000 - 0x00007ff9d9cc4000 	C:\WINDOWS\system32\rsaenh.dll
0x00007ff9da300000 - 0x00007ff9da328000 	C:\WINDOWS\SYSTEM32\USERENV.dll
0x00007ff9da640000 - 0x00007ff9da668000 	C:\WINDOWS\SYSTEM32\bcrypt.dll
0x00007ff9da4a0000 - 0x00007ff9da4ac000 	C:\WINDOWS\SYSTEM32\CRYPTBASE.dll
0x00007ff9cd430000 - 0x00007ff9cd449000 	C:\WINDOWS\SYSTEM32\dhcpcsvc6.DLL
0x00007ff9cd1c0000 - 0x00007ff9cd1df000 	C:\WINDOWS\SYSTEM32\dhcpcsvc.DLL

dbghelp: loaded successfully - version: 4.0.5 - missing functions: none
symbol engine: initialized successfully - sym options: 0x614 - pdb path: .;C:\Program Files\Eclipse Adoptium\jdk-17.0.5.8-hotspot\bin;C:\WINDOWS\SYSTEM32;C:\WINDOWS\WinSxS\amd64_microsoft.windows.common-controls_6595b64144ccf1df_6.0.25236.1000_none_7a88bdfad9396379;C:\Program Files\Eclipse Adoptium\jdk-17.0.5.8-hotspot\bin\server

VM Arguments:
jvm_args: -Dsts.lsp.client=vscode -Dsts.log.file=/dev/null -XX:TieredStopAtLevel=1 -Xlog:jni+resolve=off -Dspring.config.location=file:c:\Users\datea\.vscode\extensions\pivotal.vscode-spring-boot-1.40.0\language-server\BOOT-INF\classes\application.properties 
java_command: org.springframework.ide.vscode.boot.app.BootLanguageServerBootApp
java_class_path (initial): c:\Users\datea\.vscode\extensions\pivotal.vscode-spring-boot-1.40.0\language-server\BOOT-INF\classes;c:\Users\datea\.vscode\extensions\pivotal.vscode-spring-boot-1.40.0\language-server\BOOT-INF\lib\annotations-23.0.0.jar;c:\Users\datea\.vscode\extensions\pivotal.vscode-spring-boot-1.40.0\language-server\BOOT-INF\lib\ant-1.10.12.jar;c:\Users\datea\.vscode\extensions\pivotal.vscode-spring-boot-1.40.0\language-server\BOOT-INF\lib\ant-launcher-1.10.12.jar;c:\Users\datea\.vscode\extensions\pivotal.vscode-spring-boot-1.40.0\language-server\BOOT-INF\lib\antlr-runtime-3.5.2.jar;c:\Users\datea\.vscode\extensions\pivotal.vscode-spring-boot-1.40.0\language-server\BOOT-INF\lib\antlr4-4.9.3.jar;c:\Users\datea\.vscode\extensions\pivotal.vscode-spring-boot-1.40.0\language-server\BOOT-INF\lib\antlr4-runtime-4.9.3.jar;c:\Users\datea\.vscode\extensions\pivotal.vscode-spring-boot-1.40.0\language-server\BOOT-INF\lib\asm-9.3.jar;c:\Users\datea\.vscode\extensions\pivotal.vscode-spring-boot-1.40.0\language-server\BOOT-INF\lib\asm-analysis-9.3.jar;c:\Users\datea\.vscode\extensions\pivotal.vscode-spring-boot-1.40.0\language-server\BOOT-INF\lib\asm-tree-9.3.jar;c:\Users\datea\.vscode\extensions\pivotal.vscode-spring-boot-1.40.0\language-server\BOOT-INF\lib\asm-util-9.3.jar;c:\Users\datea\.vscode\extensions\pivotal.vscode-spring-boot-1.40.0\language-server\BOOT-INF\lib\byte-buddy-1.12.13.jar;c:\Users\datea\.vscode\extensions\pivotal.vscode-spring-boot-1.40.0\language-server\BOOT-INF\lib\caffeine-2.9.3.jar;c:\Users\datea\.vscode\extensions\pivotal.vscode-spring-boot-1.40.0\language-server\BOOT-INF\lib\checker-qual-3.12.0.jar;c:\Users\datea\.vscode\extensions\pivotal.vscode-spring-boot-1.40.0\language-server\BOOT-INF\lib\classgraph-4.8.149.jar;c:\Users\datea\.vscode\extensions\pivotal.vscode-spring-boot-1.40.0\language-server\BOOT-INF\lib\commons-codec-1.15.jar;c:\Users\datea\.vscode\extensions\pivotal.vscode-spring-boot-1.40.0\language-server\BOOT-INF\lib\commons-c
Launcher Type: SUN_STANDARD

[Global flags]
     intx CICompilerCount                          = 4                                         {product} {ergonomic}
     uint ConcGCThreads                            = 2                                         {product} {ergonomic}
     uint G1ConcRefinementThreads                  = 8                                         {product} {ergonomic}
   size_t G1HeapRegionSize                         = 1048576                                   {product} {ergonomic}
    uintx GCDrainStackTargetSize                   = 64                                        {product} {ergonomic}
   size_t InitialHeapSize                          = 132120576                                 {product} {ergonomic}
   size_t MarkStackSize                            = 4194304                                   {product} {ergonomic}
   size_t MaxHeapSize                              = 2095054848                                {product} {ergonomic}
   size_t MaxNewSize                               = 1256194048                                {product} {ergonomic}
   size_t MinHeapDeltaBytes                        = 1048576                                   {product} {ergonomic}
   size_t MinHeapSize                              = 8388608                                   {product} {ergonomic}
    uintx NonProfiledCodeHeapSize                  = 0                                      {pd product} {ergonomic}
     bool ProfileInterpreter                       = false                                  {pd product} {command line}
    uintx ProfiledCodeHeapSize                     = 0                                      {pd product} {ergonomic}
   size_t SoftMaxHeapSize                          = 2095054848                             {manageable} {ergonomic}
     intx TieredStopAtLevel                        = 1                                         {product} {command line}
     bool UseCompressedClassPointers               = true                           {product lp64_product} {ergonomic}
     bool UseCompressedOops                        = true                           {product lp64_product} {ergonomic}
     bool UseG1GC                                  = true                                      {product} {ergonomic}
     bool UseLargePagesIndividualAllocation        = false                                  {pd product} {ergonomic}

Logging:
Log output configuration:
 #0: stdout all=warning,jni+resolve=off uptime,level,tags
 #1: stderr all=off uptime,level,tags

Environment Variables:
PATH=C:\Program Files\Eclipse Adoptium\jdk-17.0.5.8-hotspot\bin;C:\Program Files\Java\jdk-15.0.2\bin;C:\Program Files\Common Files\Oracle\Java\javapath;C:\WINDOWS\system32;C:\WINDOWS;C:\WINDOWS\System32\Wbem;C:\WINDOWS\System32\WindowsPowerShell\v1.0\;C:\WINDOWS\System32\OpenSSH\;C:\Program Files\Azure Data Studio\bin;C:\Program Files\Microsoft SQL Server\Client SDK\ODBC\170\Tools\Binn\;C:\Program Files (x86)\Microsoft SQL Server\150\Tools\Binn\;C:\Program Files\Microsoft SQL Server\150\Tools\Binn\;C:\Program Files\Microsoft SQL Server\150\DTS\Binn\;C:\Program Files (x86)\Microsoft SQL Server\150\DTS\Binn\;C:\Program Files (x86)\GitExtensions\;F:\xampp\php;C:\ProgramData\ComposerSetup\bin;C:\xampp\php;C:\Program Files\Git\cmd;C:\Program Files\nodejs\;C:\Users\datea\AppData\Local\Microsoft\WindowsApps;C:\Users\datea\AppData\Local\Programs\Microsoft VS Code\bin;;C:\Program Files\Azure Data Studio\bin;C:\Users\datea\AppData\Roaming\Composer\vendor\bin;C:\Users\datea\AppData\Roaming\npm
USERNAME=datea
OS=Windows_NT
PROCESSOR_IDENTIFIER=Intel64 Family 6 Model 126 Stepping 5, GenuineIntel
TMP=C:\Users\datea\AppData\Local\Temp
TEMP=C:\Users\datea\AppData\Local\Temp



---------------  S Y S T E M  ---------------

OS:
 Windows 11 , 64 bit Build 25236 (10.0.25236.1000)
OS uptime: 1 days 0:05 hours
Hyper-V role detected

CPU: total 8 (initial active 8) (4 cores per cpu, 2 threads per core) family 6 model 126 stepping 5 microcode 0xa6, cx8, cmov, fxsr, ht, mmx, 3dnowpref, sse, sse2, sse3, ssse3, sse4.1, sse4.2, popcnt, lzcnt, tsc, tscinvbit, avx, avx2, aes, erms, clmul, bmi1, bmi2, adx, avx512f, avx512dq, avx512cd, avx512bw, avx512vl, sha, fma, vzeroupper, avx512_vpopcntdq, avx512_vpclmulqdq, avx512_vaes, avx512_vnni, clflush, clflushopt, avx512_vbmi2, avx512_vbmi, hv

Memory: 4k page, system-wide physical 7987M (670M free)
TotalPageFile size 12083M (AvailPageFile size 144M)
current process WorkingSet (physical memory assigned to process): 273M, peak: 273M
current process commit charge ("private bytes"): 300M, peak: 464M

vm_info: OpenJDK 64-Bit Server VM (17.0.5+8) for windows-amd64 JRE (17.0.5+8), built on Oct 19 2022 04:48:13 by "temurin" with MS VC++ 16.7 (VS2019)

END.
