#
# There is insufficient memory for the Java Runtime Environment to continue.
# Native memory allocation (mmap) failed to map 465567744 bytes for G1 virtual space
# Possible reasons:
#   The system is out of physical RAM or swap space
#   The process is running with CompressedOops enabled, and the Java Heap may be blocking the growth of the native heap
# Possible solutions:
#   Reduce memory load on the system
#   Increase physical memory or swap space
#   Check if swap backing store is full
#   Decrease Java heap size (-Xmx/-Xms)
#   Decrease number of Java threads
#   Decrease Java thread stack sizes (-Xss)
#   Set larger code cache with -XX:ReservedCodeCacheSize=
#   JVM is running with Unscaled Compressed Oops mode in which the Java heap is
#     placed in the first 4GB address space. The Java Heap base address is the
#     maximum limit for the native heap growth. Please use -XX:HeapBaseMinAddress
#     to set the Java Heap base and to place the Java Heap above 4GB virtual address.
# This output file may be truncated or incomplete.
#
#  Out of Memory Error (os_windows.cpp:3541), pid=99312, tid=74928
#
# JRE version: OpenJDK Runtime Environment Temurin-17.0.4.1+1 (17.0.4.1+1) (build 17.0.4.1+1)
# Java VM: OpenJDK 64-Bit Server VM Temurin-17.0.4.1+1 (17.0.4.1+1, mixed mode, emulated-client, tiered, compressed oops, compressed class ptrs, g1 gc, windows-amd64)
# No core dump will be written. Minidumps are not enabled by default on client versions of Windows
#

---------------  S U M M A R Y ------------

Command Line: -Dsts.lsp.client=vscode -Dsts.log.file=/dev/null -XX:TieredStopAtLevel=1 -Xlog:jni+resolve=off -Dspring.config.location=file:c:\Users\datea\.vscode\extensions\pivotal.vscode-spring-boot-1.40.0\language-server\BOOT-INF\classes\application.properties org.springframework.ide.vscode.boot.app.BootLanguageServerBootApp

Host: Intel(R) Core(TM) i5-1035G1 CPU @ 1.00GHz, 8 cores, 7G,  Windows 11 , 64 bit Build 25227 (10.0.25227.1000)
Time: Thu Oct 27 21:14:06 2022 SE Asia Standard Time elapsed time: 6.990400 seconds (0d 0h 0m 6s)

---------------  T H R E A D  ---------------

Current thread (0x0000023548f23a10):  VMThread "VM Thread" [stack: 0x0000006f7a900000,0x0000006f7aa00000] [id=74928]

Stack: [0x0000006f7a900000,0x0000006f7aa00000]
Native frames: (J=compiled Java code, j=interpreted, Vv=VM code, C=native code)
V  [jvm.dll+0x67731a]
V  [jvm.dll+0x832284]
V  [jvm.dll+0x833a2e]
V  [jvm.dll+0x834093]
V  [jvm.dll+0x245775]
V  [jvm.dll+0x674209]
V  [jvm.dll+0x668a92]
V  [jvm.dll+0x30471b]
V  [jvm.dll+0x30bc66]
V  [jvm.dll+0x35ba9e]
V  [jvm.dll+0x35bccf]
V  [jvm.dll+0x2db5b8]
V  [jvm.dll+0x2d986c]
V  [jvm.dll+0x2d8e3c]
V  [jvm.dll+0x31cd9b]
V  [jvm.dll+0x83853b]
V  [jvm.dll+0x839274]
V  [jvm.dll+0x83978c]
V  [jvm.dll+0x839b64]
V  [jvm.dll+0x839c30]
V  [jvm.dll+0x7e240a]
V  [jvm.dll+0x6761a5]
C  [ucrtbase.dll+0x4b82b]
C  [KERNEL32.DLL+0x1484d]
C  [ntdll.dll+0x67558]

VM_Operation (0x0000006f7d3fe110): G1CollectForAllocation, mode: safepoint, requested by thread 0x000002354baf79d0


---------------  P R O C E S S  ---------------

Threads class SMR info:
_java_thread_list=0x000002354b673900, length=38, elements={
0x00000235498012d0, 0x0000023549802530, 0x0000023548f44780, 0x0000023548f45040,
0x0000023548f45900, 0x0000023548f47d80, 0x0000023548f48640, 0x00000235498347c0,
0x00000235499707c0, 0x0000023549a49ea0, 0x0000023549a537f0, 0x000002354a2322e0,
0x000002354a2327f0, 0x000002354b6f4480, 0x000002354b901320, 0x000002354b98bfe0,
0x000002353bc628f0, 0x000002354b99b200, 0x000002354b9d6700, 0x000002354b9d6bd0,
0x000002354ba1d800, 0x000002354ba181c0, 0x000002354ba86010, 0x000002354ba5f060,
0x000002354bad1ed0, 0x000002354bad1530, 0x000002354bad1a00, 0x000002354bad23a0,
0x000002354bad2870, 0x000002354bad1060, 0x000002354baf7030, 0x000002354baf4010,
0x000002354baf44e0, 0x000002354baf79d0, 0x000002354baf1990, 0x000002354baf2800,
0x000002354baf3b40, 0x000002354baf7500
}

Java Threads: ( => current thread )
  0x00000235498012d0 JavaThread "Reference Handler" daemon [_thread_blocked, id=56576, stack(0x0000006f7aa00000,0x0000006f7ab00000)]
  0x0000023549802530 JavaThread "Finalizer" daemon [_thread_blocked, id=86908, stack(0x0000006f7ab00000,0x0000006f7ac00000)]
  0x0000023548f44780 JavaThread "Signal Dispatcher" daemon [_thread_blocked, id=92448, stack(0x0000006f7ac00000,0x0000006f7ad00000)]
  0x0000023548f45040 JavaThread "Attach Listener" daemon [_thread_blocked, id=93296, stack(0x0000006f7ad00000,0x0000006f7ae00000)]
  0x0000023548f45900 JavaThread "Service Thread" daemon [_thread_blocked, id=90012, stack(0x0000006f7ae00000,0x0000006f7af00000)]
  0x0000023548f47d80 JavaThread "Monitor Deflation Thread" daemon [_thread_blocked, id=87052, stack(0x0000006f7af00000,0x0000006f7b000000)]
  0x0000023548f48640 JavaThread "C1 CompilerThread0" daemon [_thread_blocked, id=98644, stack(0x0000006f7b000000,0x0000006f7b100000)]
  0x00000235498347c0 JavaThread "Sweeper thread" daemon [_thread_blocked, id=99152, stack(0x0000006f7b100000,0x0000006f7b200000)]
  0x00000235499707c0 JavaThread "C1 CompilerThread1" daemon [_thread_blocked, id=97340, stack(0x0000006f7b200000,0x0000006f7b300000)]
  0x0000023549a49ea0 JavaThread "Notification Thread" daemon [_thread_blocked, id=97648, stack(0x0000006f7b300000,0x0000006f7b400000)]
  0x0000023549a537f0 JavaThread "Common-Cleaner" daemon [_thread_blocked, id=72084, stack(0x0000006f7b500000,0x0000006f7b600000)]
  0x000002354a2322e0 JavaThread "C1 CompilerThread2" daemon [_thread_blocked, id=98024, stack(0x0000006f7b600000,0x0000006f7b700000)]
  0x000002354a2327f0 JavaThread "C1 CompilerThread3" daemon [_thread_blocked, id=99108, stack(0x0000006f7b700000,0x0000006f7b800000)]
  0x000002354b6f4480 JavaThread "boundedElastic-evictor-1" daemon [_thread_blocked, id=91308, stack(0x0000006f7bf00000,0x0000006f7c000000)]
  0x000002354b901320 JavaThread "pool-9-thread-1" [_thread_blocked, id=98072, stack(0x0000006f7c100000,0x0000006f7c200000)]
  0x000002354b98bfe0 JavaThread "LanguageServerApp-lifecycle" [_thread_blocked, id=93924, stack(0x0000006f7c200000,0x0000006f7c300000)]
  0x000002353bc628f0 JavaThread "DestroyJavaVM" [_thread_blocked, id=90152, stack(0x0000006f7a300000,0x0000006f7a400000)]
  0x000002354b99b200 JavaThread "pool-10-thread-1" [_thread_in_native, id=87392, stack(0x0000006f7c300000,0x0000006f7c400000)]
  0x000002354b9d6700 JavaThread "Simple-Language-Server main thread" daemon [_thread_blocked, id=83300, stack(0x0000006f7c400000,0x0000006f7c500000)]
  0x000002354b9d6bd0 JavaThread "ForkJoinPool.commonPool-worker-1" daemon [_thread_blocked, id=94320, stack(0x0000006f7c500000,0x0000006f7c600000)]
  0x000002354ba1d800 JavaThread "pool-7-thread-1" [_thread_blocked, id=98864, stack(0x0000006f7c600000,0x0000006f7c700000)]
  0x000002354ba181c0 JavaThread "parallel-1" daemon [_thread_blocked, id=90348, stack(0x0000006f7c700000,0x0000006f7c800000)]
  0x000002354ba86010 JavaThread "ClassGraph-worker-0" daemon [_thread_blocked, id=95364, stack(0x0000006f7c800000,0x0000006f7c900000)]
  0x000002354ba5f060 JavaThread "ClassGraph-worker-1" daemon [_thread_blocked, id=9432, stack(0x0000006f7c900000,0x0000006f7ca00000)]
  0x000002354bad1ed0 JavaThread "ClassGraph-worker-2" daemon [_thread_blocked, id=89124, stack(0x0000006f7ca00000,0x0000006f7cb00000)]
  0x000002354bad1530 JavaThread "ClassGraph-worker-3" daemon [_thread_blocked, id=99304, stack(0x0000006f7cb00000,0x0000006f7cc00000)]
  0x000002354bad1a00 JavaThread "ClassGraph-worker-4" daemon [_thread_blocked, id=2368, stack(0x0000006f7cc00000,0x0000006f7cd00000)]
  0x000002354bad23a0 JavaThread "ClassGraph-worker-5" daemon [_thread_blocked, id=94620, stack(0x0000006f7cd00000,0x0000006f7ce00000)]
  0x000002354bad2870 JavaThread "ClassGraph-worker-6" daemon [_thread_blocked, id=44168, stack(0x0000006f7ce00000,0x0000006f7cf00000)]
  0x000002354bad1060 JavaThread "ClassGraph-worker-7" daemon [_thread_blocked, id=98652, stack(0x0000006f7cf00000,0x0000006f7d000000)]
  0x000002354baf7030 JavaThread "ClassGraph-worker-8" daemon [_thread_blocked, id=49704, stack(0x0000006f7d000000,0x0000006f7d100000)]
  0x000002354baf4010 JavaThread "ClassGraph-worker-9" daemon [_thread_blocked, id=97660, stack(0x0000006f7d100000,0x0000006f7d200000)]
  0x000002354baf44e0 JavaThread "ClassGraph-worker-10" daemon [_thread_blocked, id=96528, stack(0x0000006f7d200000,0x0000006f7d300000)]
  0x000002354baf79d0 JavaThread "ClassGraph-worker-11" daemon [_thread_blocked, id=69456, stack(0x0000006f7d300000,0x0000006f7d400000)]
  0x000002354baf1990 JavaThread "ClassGraph-worker-12" daemon [_thread_blocked, id=95688, stack(0x0000006f7d400000,0x0000006f7d500000)]
  0x000002354baf2800 JavaThread "ClassGraph-worker-13" daemon [_thread_blocked, id=97464, stack(0x0000006f7d500000,0x0000006f7d600000)]
  0x000002354baf3b40 JavaThread "Reconciler-1" daemon [_thread_blocked, id=98892, stack(0x0000006f7d600000,0x0000006f7d700000)]
  0x000002354baf7500 JavaThread "parallel-2" daemon [_thread_blocked, id=13736, stack(0x0000006f7d700000,0x0000006f7d800000)]

Other Threads:
=>0x0000023548f23a10 VMThread "VM Thread" [stack: 0x0000006f7a900000,0x0000006f7aa00000] [id=74928]
  0x000002353bcd6900 WatcherThread [stack: 0x0000006f7b400000,0x0000006f7b500000] [id=99088]
  0x000002353bcbdff0 GCTaskThread "GC Thread#0" [stack: 0x0000006f7a400000,0x0000006f7a500000] [id=96272]
  0x000002354a4bc2d0 GCTaskThread "GC Thread#1" [stack: 0x0000006f7b800000,0x0000006f7b900000] [id=96556]
  0x000002354a4bc580 GCTaskThread "GC Thread#2" [stack: 0x0000006f7b900000,0x0000006f7ba00000] [id=87776]
  0x000002354b0059b0 GCTaskThread "GC Thread#3" [stack: 0x0000006f7ba00000,0x0000006f7bb00000] [id=93284]
  0x000002354b006070 GCTaskThread "GC Thread#4" [stack: 0x0000006f7bb00000,0x0000006f7bc00000] [id=83804]
  0x000002354b006320 GCTaskThread "GC Thread#5" [stack: 0x0000006f7bc00000,0x0000006f7bd00000] [id=93092]
  0x000002354b2047b0 GCTaskThread "GC Thread#6" [stack: 0x0000006f7bd00000,0x0000006f7be00000] [id=98672]
  0x000002354b205a70 GCTaskThread "GC Thread#7" [stack: 0x0000006f7be00000,0x0000006f7bf00000] [id=91564]
  0x000002353bcce800 ConcurrentGCThread "G1 Main Marker" [stack: 0x0000006f7a500000,0x0000006f7a600000] [id=83508]
  0x000002353bcd02a0 ConcurrentGCThread "G1 Conc#0" [stack: 0x0000006f7a600000,0x0000006f7a700000] [id=75580]
  0x000002354b3ecc60 ConcurrentGCThread "G1 Conc#1" [stack: 0x0000006f7c000000,0x0000006f7c100000] [id=96728]
  0x000002353bd1e640 ConcurrentGCThread "G1 Refine#0" [stack: 0x0000006f7a700000,0x0000006f7a800000] [id=94092]
  0x000002354be89180 ConcurrentGCThread "G1 Refine#1" [stack: 0x0000006f7d800000,0x0000006f7d900000] [id=6488]
  0x0000023548d8c110 ConcurrentGCThread "G1 Service" [stack: 0x0000006f7a800000,0x0000006f7a900000] [id=95612]

Threads with active compile tasks:

VM state: at safepoint (normal execution)

VM Mutex/Monitor currently owned by a thread:  ([mutex/lock_event])
[0x0000023539a63e20] Threads_lock - owner thread: 0x0000023548f23a10
[0x000002353bc60940] Heap_lock - owner thread: 0x000002354baf79d0

Heap address: 0x0000000083200000, size: 1998 MB, Compressed Oops mode: 32-bit

CDS archive(s) not mapped
Compressed class space mapped at: 0x0000000100000000-0x0000000140000000, reserved size: 1073741824
Narrow klass base: 0x0000000000000000, Narrow klass shift: 3, Narrow klass range: 0x140000000

GC Precious Log:
 CPUs: 8 total, 8 available
 Memory: 7987M
 Large Page Support: Disabled
 NUMA Support: Disabled
 Compressed Oops: Enabled (32-bit)
 Heap Region Size: 1M
 Heap Min Capacity: 8M
 Heap Initial Capacity: 126M
 Heap Max Capacity: 1998M
 Pre-touch: Disabled
 Parallel Workers: 8
 Concurrent Workers: 2
 Concurrent Refinement Workers: 8
 Periodic GC: Disabled

Heap:
 garbage-first heap   total 288768K, used 82818K [0x0000000083200000, 0x0000000100000000)
  region size 1024K, 11 young (11264K), 11 survivors (11264K)
 Metaspace       used 35586K, committed 35840K, reserved 1081344K
  class space    used 4617K, committed 4736K, reserved 1048576K

Heap Regions: E=young(eden), S=young(survivor), O=old, HS=humongous(starts), HC=humongous(continues), CS=collection set, F=free, OA=open archive, CA=closed archive, TAMS=top-at-mark-start (previous, next)
|   0|0x0000000083200000, 0x0000000083300000, 0x0000000083300000|100%| O|  |TAMS 0x0000000083300000, 0x0000000083300000| Untracked 
|   1|0x0000000083300000, 0x0000000083400000, 0x0000000083400000|100%| O|  |TAMS 0x0000000083400000, 0x0000000083400000| Untracked 
|   2|0x0000000083400000, 0x0000000083500000, 0x0000000083500000|100%| O|  |TAMS 0x0000000083500000, 0x0000000083500000| Untracked 
|   3|0x0000000083500000, 0x0000000083600000, 0x0000000083600000|100%| O|  |TAMS 0x0000000083600000, 0x0000000083600000| Untracked 
|   4|0x0000000083600000, 0x0000000083700000, 0x0000000083700000|100%| O|  |TAMS 0x0000000083700000, 0x0000000083700000| Untracked 
|   5|0x0000000083700000, 0x0000000083800000, 0x0000000083800000|100%| O|  |TAMS 0x0000000083800000, 0x0000000083800000| Untracked 
|   6|0x0000000083800000, 0x0000000083900000, 0x0000000083900000|100%| O|  |TAMS 0x0000000083900000, 0x0000000083900000| Untracked 
|   7|0x0000000083900000, 0x0000000083a00000, 0x0000000083a00000|100%| O|  |TAMS 0x0000000083a00000, 0x0000000083a00000| Untracked 
|   8|0x0000000083a00000, 0x0000000083b00000, 0x0000000083b00000|100%| O|  |TAMS 0x0000000083a00000, 0x0000000083b00000| Untracked 
|   9|0x0000000083b00000, 0x0000000083c00000, 0x0000000083c00000|100%| O|  |TAMS 0x0000000083c00000, 0x0000000083c00000| Untracked 
|  10|0x0000000083c00000, 0x0000000083d00000, 0x0000000083d00000|100%| O|  |TAMS 0x0000000083d00000, 0x0000000083d00000| Untracked 
|  11|0x0000000083d00000, 0x0000000083e00000, 0x0000000083e00000|100%| O|  |TAMS 0x0000000083e00000, 0x0000000083e00000| Untracked 
|  12|0x0000000083e00000, 0x0000000083f00000, 0x0000000083f00000|100%| O|  |TAMS 0x0000000083f00000, 0x0000000083f00000| Untracked 
|  13|0x0000000083f00000, 0x0000000084000000, 0x0000000084000000|100%| O|  |TAMS 0x0000000084000000, 0x0000000084000000| Untracked 
|  14|0x0000000084000000, 0x0000000084100000, 0x0000000084100000|100%| O|  |TAMS 0x0000000084100000, 0x0000000084100000| Untracked 
|  15|0x0000000084100000, 0x0000000084200000, 0x0000000084200000|100%| O|  |TAMS 0x0000000084200000, 0x0000000084200000| Untracked 
|  16|0x0000000084200000, 0x0000000084300000, 0x0000000084300000|100%| O|  |TAMS 0x0000000084300000, 0x0000000084300000| Untracked 
|  17|0x0000000084300000, 0x0000000084400000, 0x0000000084400000|100%| O|  |TAMS 0x0000000084400000, 0x0000000084400000| Untracked 
|  18|0x0000000084400000, 0x0000000084500000, 0x0000000084500000|100%| O|  |TAMS 0x0000000084500000, 0x0000000084500000| Untracked 
|  19|0x0000000084500000, 0x0000000084600000, 0x0000000084600000|100%| O|  |TAMS 0x0000000084600000, 0x0000000084600000| Untracked 
|  20|0x0000000084600000, 0x0000000084700000, 0x0000000084700000|100%| O|  |TAMS 0x0000000084700000, 0x0000000084700000| Untracked 
|  21|0x0000000084700000, 0x0000000084800000, 0x0000000084800000|100%| O|  |TAMS 0x0000000084800000, 0x0000000084800000| Untracked 
|  22|0x0000000084800000, 0x0000000084900000, 0x0000000084900000|100%| O|  |TAMS 0x0000000084900000, 0x0000000084900000| Untracked 
|  23|0x0000000084900000, 0x0000000084a00000, 0x0000000084a00000|100%| O|  |TAMS 0x0000000084a00000, 0x0000000084a00000| Untracked 
|  24|0x0000000084a00000, 0x0000000084b00000, 0x0000000084b00000|100%| O|  |TAMS 0x0000000084b00000, 0x0000000084b00000| Untracked 
|  25|0x0000000084b00000, 0x0000000084c00000, 0x0000000084c00000|100%| O|  |TAMS 0x0000000084c00000, 0x0000000084c00000| Untracked 
|  26|0x0000000084c00000, 0x0000000084d00000, 0x0000000084d00000|100%| O|  |TAMS 0x0000000084c94600, 0x0000000084d00000| Untracked 
|  27|0x0000000084d00000, 0x0000000084e00000, 0x0000000084e00000|100%| O|  |TAMS 0x0000000084d00000, 0x0000000084e00000| Untracked 
|  28|0x0000000084e00000, 0x0000000084f00000, 0x0000000084f00000|100%| O|  |TAMS 0x0000000084e00000, 0x0000000084f00000| Untracked 
|  29|0x0000000084f00000, 0x0000000085000000, 0x0000000085000000|100%| O|  |TAMS 0x0000000084f00000, 0x0000000085000000| Untracked 
|  30|0x0000000085000000, 0x0000000085100000, 0x0000000085100000|100%| O|  |TAMS 0x0000000085000000, 0x0000000085100000| Untracked 
|  31|0x0000000085100000, 0x0000000085200000, 0x0000000085200000|100%| O|  |TAMS 0x0000000085100000, 0x0000000085200000| Untracked 
|  32|0x0000000085200000, 0x0000000085300000, 0x0000000085300000|100%| O|  |TAMS 0x0000000085200000, 0x0000000085300000| Untracked 
|  33|0x0000000085300000, 0x0000000085400000, 0x0000000085400000|100%| O|  |TAMS 0x0000000085300000, 0x0000000085400000| Untracked 
|  34|0x0000000085400000, 0x0000000085500000, 0x0000000085500000|100%| O|  |TAMS 0x0000000085400000, 0x0000000085500000| Untracked 
|  35|0x0000000085500000, 0x0000000085600000, 0x0000000085600000|100%| O|  |TAMS 0x0000000085500000, 0x0000000085600000| Untracked 
|  36|0x0000000085600000, 0x0000000085700000, 0x0000000085700000|100%| O|  |TAMS 0x0000000085600000, 0x0000000085700000| Untracked 
|  37|0x0000000085700000, 0x0000000085800000, 0x0000000085800000|100%| O|  |TAMS 0x0000000085700000, 0x0000000085800000| Untracked 
|  38|0x0000000085800000, 0x0000000085900000, 0x0000000085900000|100%| O|  |TAMS 0x0000000085800000, 0x0000000085900000| Untracked 
|  39|0x0000000085900000, 0x0000000085a00000, 0x0000000085a00000|100%| O|  |TAMS 0x0000000085900000, 0x0000000085a00000| Untracked 
|  40|0x0000000085a00000, 0x0000000085b00000, 0x0000000085b00000|100%|HS|  |TAMS 0x0000000085a00000, 0x0000000085b00000| Complete 
|  41|0x0000000085b00000, 0x0000000085c00000, 0x0000000085c00000|100%| O|  |TAMS 0x0000000085b00000, 0x0000000085c00000| Untracked 
|  42|0x0000000085c00000, 0x0000000085d00000, 0x0000000085d00000|100%| O|  |TAMS 0x0000000085c00000, 0x0000000085d00000| Untracked 
|  43|0x0000000085d00000, 0x0000000085e00000, 0x0000000085e00000|100%| O|  |TAMS 0x0000000085d00000, 0x0000000085e00000| Untracked 
|  44|0x0000000085e00000, 0x0000000085f00000, 0x0000000085f00000|100%| O|  |TAMS 0x0000000085e00000, 0x0000000085f00000| Untracked 
|  45|0x0000000085f00000, 0x0000000086000000, 0x0000000086000000|100%| O|  |TAMS 0x0000000085f00000, 0x0000000086000000| Untracked 
|  46|0x0000000086000000, 0x0000000086100000, 0x0000000086100000|100%| O|  |TAMS 0x0000000086000000, 0x0000000086100000| Untracked 
|  47|0x0000000086100000, 0x0000000086200000, 0x0000000086200000|100%| O|  |TAMS 0x0000000086100000, 0x0000000086200000| Untracked 
|  48|0x0000000086200000, 0x0000000086300000, 0x0000000086300000|100%| O|  |TAMS 0x0000000086200000, 0x0000000086300000| Untracked 
|  49|0x0000000086300000, 0x0000000086400000, 0x0000000086400000|100%| O|  |TAMS 0x0000000086300000, 0x0000000086400000| Untracked 
|  50|0x0000000086400000, 0x0000000086500000, 0x0000000086500000|100%| O|  |TAMS 0x0000000086400000, 0x0000000086500000| Untracked 
|  51|0x0000000086500000, 0x0000000086600000, 0x0000000086600000|100%| O|  |TAMS 0x0000000086500000, 0x0000000086500000| Untracked 
|  52|0x0000000086600000, 0x0000000086700000, 0x0000000086700000|100%| O|  |TAMS 0x0000000086600000, 0x0000000086600000| Untracked 
|  53|0x0000000086700000, 0x0000000086800000, 0x0000000086800000|100%| O|  |TAMS 0x0000000086700000, 0x0000000086700000| Untracked 
|  54|0x0000000086800000, 0x0000000086900000, 0x0000000086900000|100%| O|  |TAMS 0x0000000086800000, 0x0000000086800000| Untracked 
|  55|0x0000000086900000, 0x0000000086a00000, 0x0000000086a00000|100%| O|  |TAMS 0x0000000086900000, 0x0000000086900000| Untracked 
|  56|0x0000000086a00000, 0x0000000086b00000, 0x0000000086b00000|100%|HS|  |TAMS 0x0000000086a00000, 0x0000000086a00000| Complete 
|  57|0x0000000086b00000, 0x0000000086c00000, 0x0000000086c00000|100%| O|  |TAMS 0x0000000086b00000, 0x0000000086b00000| Untracked 
|  58|0x0000000086c00000, 0x0000000086d00000, 0x0000000086d00000|100%| O|  |TAMS 0x0000000086c00000, 0x0000000086c00000| Untracked 
|  59|0x0000000086d00000, 0x0000000086e00000, 0x0000000086e00000|100%| O|  |TAMS 0x0000000086d00000, 0x0000000086d00000| Untracked 
|  60|0x0000000086e00000, 0x0000000086f00000, 0x0000000086f00000|100%| O|  |TAMS 0x0000000086e00000, 0x0000000086e00000| Untracked 
|  61|0x0000000086f00000, 0x0000000087000000, 0x0000000087000000|100%| O|  |TAMS 0x0000000086f00000, 0x0000000086f00000| Untracked 
|  62|0x0000000087000000, 0x0000000087100000, 0x0000000087100000|100%| O|  |TAMS 0x0000000087000000, 0x0000000087000000| Untracked 
|  63|0x0000000087100000, 0x0000000087200000, 0x0000000087200000|100%| O|  |TAMS 0x0000000087100000, 0x0000000087100000| Untracked 
|  64|0x0000000087200000, 0x0000000087300000, 0x0000000087300000|100%| O|  |TAMS 0x0000000087200000, 0x0000000087200000| Untracked 
|  65|0x0000000087300000, 0x0000000087400000, 0x0000000087400000|100%| O|  |TAMS 0x0000000087300000, 0x0000000087300000| Untracked 
|  66|0x0000000087400000, 0x0000000087500000, 0x0000000087500000|100%| O|  |TAMS 0x0000000087400000, 0x0000000087400000| Untracked 
|  67|0x0000000087500000, 0x0000000087600000, 0x0000000087600000|100%| O|  |TAMS 0x0000000087500000, 0x0000000087500000| Untracked 
|  68|0x0000000087600000, 0x0000000087700000, 0x0000000087700000|100%| O|  |TAMS 0x0000000087600000, 0x0000000087600000| Untracked 
|  69|0x0000000087700000, 0x00000000877e0800, 0x0000000087800000| 87%| O|  |TAMS 0x0000000087700000, 0x0000000087700000| Untracked 
|  70|0x0000000087800000, 0x0000000087800000, 0x0000000087900000|  0%| F|  |TAMS 0x0000000087800000, 0x0000000087800000| Untracked 
|  71|0x0000000087900000, 0x0000000087900000, 0x0000000087a00000|  0%| F|  |TAMS 0x0000000087900000, 0x0000000087900000| Untracked 
|  72|0x0000000087a00000, 0x0000000087a00000, 0x0000000087b00000|  0%| F|  |TAMS 0x0000000087a00000, 0x0000000087a00000| Untracked 
|  73|0x0000000087b00000, 0x0000000087b00000, 0x0000000087c00000|  0%| F|  |TAMS 0x0000000087b00000, 0x0000000087b00000| Untracked 
|  74|0x0000000087c00000, 0x0000000087c00000, 0x0000000087d00000|  0%| F|  |TAMS 0x0000000087c00000, 0x0000000087c00000| Untracked 
|  75|0x0000000087d00000, 0x0000000087d00000, 0x0000000087e00000|  0%| F|  |TAMS 0x0000000087d00000, 0x0000000087d00000| Untracked 
|  76|0x0000000087e00000, 0x0000000087e00000, 0x0000000087f00000|  0%| F|  |TAMS 0x0000000087e00000, 0x0000000087e00000| Untracked 
|  77|0x0000000087f00000, 0x0000000087f00000, 0x0000000088000000|  0%| F|  |TAMS 0x0000000087f00000, 0x0000000087f00000| Untracked 
|  78|0x0000000088000000, 0x0000000088000000, 0x0000000088100000|  0%| F|  |TAMS 0x0000000088000000, 0x0000000088000000| Untracked 
|  79|0x0000000088100000, 0x0000000088100000, 0x0000000088200000|  0%| F|  |TAMS 0x0000000088100000, 0x0000000088100000| Untracked 
|  80|0x0000000088200000, 0x0000000088200000, 0x0000000088300000|  0%| F|  |TAMS 0x0000000088200000, 0x0000000088200000| Untracked 
|  81|0x0000000088300000, 0x0000000088300000, 0x0000000088400000|  0%| F|  |TAMS 0x0000000088300000, 0x0000000088300000| Untracked 
|  82|0x0000000088400000, 0x0000000088400000, 0x0000000088500000|  0%| F|  |TAMS 0x0000000088400000, 0x0000000088400000| Untracked 
|  83|0x0000000088500000, 0x0000000088500000, 0x0000000088600000|  0%| F|  |TAMS 0x0000000088500000, 0x0000000088500000| Untracked 
|  84|0x0000000088600000, 0x0000000088600000, 0x0000000088700000|  0%| F|  |TAMS 0x0000000088600000, 0x0000000088600000| Untracked 
|  85|0x0000000088700000, 0x0000000088700000, 0x0000000088800000|  0%| F|  |TAMS 0x0000000088700000, 0x0000000088700000| Untracked 
|  86|0x0000000088800000, 0x0000000088800000, 0x0000000088900000|  0%| F|  |TAMS 0x0000000088800000, 0x0000000088800000| Untracked 
|  87|0x0000000088900000, 0x0000000088900000, 0x0000000088a00000|  0%| F|  |TAMS 0x0000000088900000, 0x0000000088900000| Untracked 
|  88|0x0000000088a00000, 0x0000000088a00000, 0x0000000088b00000|  0%| F|  |TAMS 0x0000000088a00000, 0x0000000088a00000| Untracked 
|  89|0x0000000088b00000, 0x0000000088b00000, 0x0000000088c00000|  0%| F|  |TAMS 0x0000000088b00000, 0x0000000088b00000| Untracked 
|  90|0x0000000088c00000, 0x0000000088c00000, 0x0000000088d00000|  0%| F|  |TAMS 0x0000000088c00000, 0x0000000088c00000| Untracked 
|  91|0x0000000088d00000, 0x0000000088d00000, 0x0000000088e00000|  0%| F|  |TAMS 0x0000000088d00000, 0x0000000088d00000| Untracked 
|  92|0x0000000088e00000, 0x0000000088e00000, 0x0000000088f00000|  0%| F|  |TAMS 0x0000000088e00000, 0x0000000088e00000| Untracked 
|  93|0x0000000088f00000, 0x0000000088f00000, 0x0000000089000000|  0%| F|  |TAMS 0x0000000088f00000, 0x0000000088f00000| Untracked 
|  94|0x0000000089000000, 0x0000000089000000, 0x0000000089100000|  0%| F|  |TAMS 0x0000000089000000, 0x0000000089000000| Untracked 
|  95|0x0000000089100000, 0x0000000089100000, 0x0000000089200000|  0%| F|  |TAMS 0x0000000089100000, 0x0000000089100000| Untracked 
|  96|0x0000000089200000, 0x0000000089200000, 0x0000000089300000|  0%| F|  |TAMS 0x0000000089200000, 0x0000000089200000| Untracked 
|  97|0x0000000089300000, 0x0000000089300000, 0x0000000089400000|  0%| F|  |TAMS 0x0000000089300000, 0x0000000089300000| Untracked 
|  98|0x0000000089400000, 0x0000000089400000, 0x0000000089500000|  0%| F|  |TAMS 0x0000000089400000, 0x0000000089400000| Untracked 
|  99|0x0000000089500000, 0x0000000089500000, 0x0000000089600000|  0%| F|  |TAMS 0x0000000089500000, 0x0000000089500000| Untracked 
| 100|0x0000000089600000, 0x0000000089600000, 0x0000000089700000|  0%| F|  |TAMS 0x0000000089600000, 0x0000000089600000| Untracked 
| 101|0x0000000089700000, 0x0000000089700000, 0x0000000089800000|  0%| F|  |TAMS 0x0000000089700000, 0x0000000089700000| Untracked 
| 102|0x0000000089800000, 0x0000000089800000, 0x0000000089900000|  0%| F|  |TAMS 0x0000000089800000, 0x0000000089800000| Untracked 
| 103|0x0000000089900000, 0x0000000089900000, 0x0000000089a00000|  0%| F|  |TAMS 0x0000000089900000, 0x0000000089900000| Untracked 
| 104|0x0000000089a00000, 0x0000000089a00000, 0x0000000089b00000|  0%| F|  |TAMS 0x0000000089a00000, 0x0000000089a00000| Untracked 
| 105|0x0000000089b00000, 0x0000000089b00000, 0x0000000089c00000|  0%| F|  |TAMS 0x0000000089b00000, 0x0000000089b00000| Untracked 
| 106|0x0000000089c00000, 0x0000000089c00000, 0x0000000089d00000|  0%| F|  |TAMS 0x0000000089c00000, 0x0000000089c00000| Untracked 
| 107|0x0000000089d00000, 0x0000000089d00000, 0x0000000089e00000|  0%| F|  |TAMS 0x0000000089d00000, 0x0000000089d00000| Untracked 
| 108|0x0000000089e00000, 0x0000000089e00000, 0x0000000089f00000|  0%| F|  |TAMS 0x0000000089e00000, 0x0000000089e00000| Untracked 
| 109|0x0000000089f00000, 0x0000000089f00000, 0x000000008a000000|  0%| F|  |TAMS 0x0000000089f00000, 0x0000000089f00000| Untracked 
| 110|0x000000008a000000, 0x000000008a000000, 0x000000008a100000|  0%| F|  |TAMS 0x000000008a000000, 0x000000008a000000| Untracked 
| 111|0x000000008a100000, 0x000000008a100000, 0x000000008a200000|  0%| F|  |TAMS 0x000000008a100000, 0x000000008a100000| Untracked 
| 112|0x000000008a200000, 0x000000008a200000, 0x000000008a300000|  0%| F|  |TAMS 0x000000008a200000, 0x000000008a200000| Untracked 
| 113|0x000000008a300000, 0x000000008a300000, 0x000000008a400000|  0%| F|  |TAMS 0x000000008a300000, 0x000000008a300000| Untracked 
| 114|0x000000008a400000, 0x000000008a400000, 0x000000008a500000|  0%| F|  |TAMS 0x000000008a400000, 0x000000008a400000| Untracked 
| 115|0x000000008a500000, 0x000000008a500000, 0x000000008a600000|  0%| F|  |TAMS 0x000000008a500000, 0x000000008a500000| Untracked 
| 116|0x000000008a600000, 0x000000008a600000, 0x000000008a700000|  0%| F|  |TAMS 0x000000008a600000, 0x000000008a600000| Untracked 
| 117|0x000000008a700000, 0x000000008a700000, 0x000000008a800000|  0%| F|  |TAMS 0x000000008a700000, 0x000000008a700000| Untracked 
| 118|0x000000008a800000, 0x000000008a800000, 0x000000008a900000|  0%| F|  |TAMS 0x000000008a800000, 0x000000008a800000| Untracked 
| 119|0x000000008a900000, 0x000000008a900000, 0x000000008aa00000|  0%| F|  |TAMS 0x000000008a900000, 0x000000008a900000| Untracked 
| 120|0x000000008aa00000, 0x000000008aa00000, 0x000000008ab00000|  0%| F|  |TAMS 0x000000008aa00000, 0x000000008aa00000| Untracked 
| 121|0x000000008ab00000, 0x000000008ab00000, 0x000000008ac00000|  0%| F|  |TAMS 0x000000008ab00000, 0x000000008ab00000| Untracked 
| 122|0x000000008ac00000, 0x000000008ac00000, 0x000000008ad00000|  0%| F|  |TAMS 0x000000008ac00000, 0x000000008ac00000| Untracked 
| 123|0x000000008ad00000, 0x000000008ad00000, 0x000000008ae00000|  0%| F|  |TAMS 0x000000008ad00000, 0x000000008ad00000| Untracked 
| 124|0x000000008ae00000, 0x000000008ae00000, 0x000000008af00000|  0%| F|  |TAMS 0x000000008ae00000, 0x000000008ae00000| Untracked 
| 125|0x000000008af00000, 0x000000008af00000, 0x000000008b000000|  0%| F|  |TAMS 0x000000008af00000, 0x000000008af00000| Untracked 
| 126|0x000000008b000000, 0x000000008b000000, 0x000000008b100000|  0%| F|  |TAMS 0x000000008b000000, 0x000000008b000000| Untracked 
| 127|0x000000008b100000, 0x000000008b200000, 0x000000008b200000|100%| S|CS|TAMS 0x000000008b100000, 0x000000008b100000| Complete 
| 128|0x000000008b200000, 0x000000008b300000, 0x000000008b300000|100%| S|CS|TAMS 0x000000008b200000, 0x000000008b200000| Complete 
| 129|0x000000008b300000, 0x000000008b400000, 0x000000008b400000|100%| S|CS|TAMS 0x000000008b300000, 0x000000008b300000| Complete 
| 130|0x000000008b400000, 0x000000008b500000, 0x000000008b500000|100%| S|CS|TAMS 0x000000008b400000, 0x000000008b400000| Complete 
| 131|0x000000008b500000, 0x000000008b600000, 0x000000008b600000|100%| S|CS|TAMS 0x000000008b500000, 0x000000008b500000| Complete 
| 132|0x000000008b600000, 0x000000008b700000, 0x000000008b700000|100%| S|CS|TAMS 0x000000008b600000, 0x000000008b600000| Complete 
| 133|0x000000008b700000, 0x000000008b800000, 0x000000008b800000|100%| S|CS|TAMS 0x000000008b700000, 0x000000008b700000| Complete 
| 134|0x000000008b800000, 0x000000008b900000, 0x000000008b900000|100%| S|CS|TAMS 0x000000008b800000, 0x000000008b800000| Complete 
| 135|0x000000008b900000, 0x000000008ba00000, 0x000000008ba00000|100%| S|CS|TAMS 0x000000008b900000, 0x000000008b900000| Complete 
| 136|0x000000008ba00000, 0x000000008bb00000, 0x000000008bb00000|100%| S|CS|TAMS 0x000000008ba00000, 0x000000008ba00000| Complete 
| 137|0x000000008bb00000, 0x000000008bb00000, 0x000000008bc00000|  0%| F|  |TAMS 0x000000008bb00000, 0x000000008bb00000| Untracked 
| 138|0x000000008bc00000, 0x000000008bc00000, 0x000000008bd00000|  0%| F|  |TAMS 0x000000008bc00000, 0x000000008bc00000| Untracked 
| 139|0x000000008bd00000, 0x000000008bd00000, 0x000000008be00000|  0%| F|  |TAMS 0x000000008bd00000, 0x000000008bd00000| Untracked 
| 140|0x000000008be00000, 0x000000008be00000, 0x000000008bf00000|  0%| F|  |TAMS 0x000000008be00000, 0x000000008be00000| Untracked 
| 141|0x000000008bf00000, 0x000000008bf00000, 0x000000008c000000|  0%| F|  |TAMS 0x000000008bf00000, 0x000000008bf00000| Untracked 
| 142|0x000000008c000000, 0x000000008c000000, 0x000000008c100000|  0%| F|  |TAMS 0x000000008c000000, 0x000000008c000000| Untracked 
| 143|0x000000008c100000, 0x000000008c100000, 0x000000008c200000|  0%| F|  |TAMS 0x000000008c100000, 0x000000008c100000| Untracked 
| 144|0x000000008c200000, 0x000000008c200000, 0x000000008c300000|  0%| F|  |TAMS 0x000000008c200000, 0x000000008c200000| Untracked 
| 145|0x000000008c300000, 0x000000008c300000, 0x000000008c400000|  0%| F|  |TAMS 0x000000008c300000, 0x000000008c300000| Untracked 
| 146|0x000000008c400000, 0x000000008c400000, 0x000000008c500000|  0%| F|  |TAMS 0x000000008c400000, 0x000000008c400000| Untracked 
| 147|0x000000008c500000, 0x000000008c600000, 0x000000008c600000|100%| S|CS|TAMS 0x000000008c500000, 0x000000008c500000| Complete 
| 148|0x000000008c600000, 0x000000008c600000, 0x000000008c700000|  0%| F|  |TAMS 0x000000008c600000, 0x000000008c600000| Untracked 
| 149|0x000000008c700000, 0x000000008c700000, 0x000000008c800000|  0%| F|  |TAMS 0x000000008c700000, 0x000000008c700000| Untracked 
| 150|0x000000008c800000, 0x000000008c800000, 0x000000008c900000|  0%| F|  |TAMS 0x000000008c800000, 0x000000008c800000| Untracked 
| 151|0x000000008c900000, 0x000000008c900000, 0x000000008ca00000|  0%| F|  |TAMS 0x000000008c900000, 0x000000008c900000| Untracked 
| 152|0x000000008ca00000, 0x000000008ca00000, 0x000000008cb00000|  0%| F|  |TAMS 0x000000008ca00000, 0x000000008ca00000| Untracked 
| 153|0x000000008cb00000, 0x000000008cb00000, 0x000000008cc00000|  0%| F|  |TAMS 0x000000008cb00000, 0x000000008cb00000| Untracked 
| 154|0x000000008cc00000, 0x000000008cc00000, 0x000000008cd00000|  0%| F|  |TAMS 0x000000008cc00000, 0x000000008cc00000| Untracked 
| 155|0x000000008cd00000, 0x000000008cd00000, 0x000000008ce00000|  0%| F|  |TAMS 0x000000008cd00000, 0x000000008cd00000| Untracked 
| 156|0x000000008ce00000, 0x000000008ce00000, 0x000000008cf00000|  0%| F|  |TAMS 0x000000008ce00000, 0x000000008ce00000| Untracked 
| 157|0x000000008cf00000, 0x000000008cf00000, 0x000000008d000000|  0%| F|  |TAMS 0x000000008cf00000, 0x000000008cf00000| Untracked 
| 158|0x000000008d000000, 0x000000008d000000, 0x000000008d100000|  0%| F|  |TAMS 0x000000008d000000, 0x000000008d000000| Untracked 
| 159|0x000000008d100000, 0x000000008d100000, 0x000000008d200000|  0%| F|  |TAMS 0x000000008d100000, 0x000000008d100000| Untracked 
| 160|0x000000008d200000, 0x000000008d200000, 0x000000008d300000|  0%| F|  |TAMS 0x000000008d200000, 0x000000008d200000| Untracked 
| 161|0x000000008d300000, 0x000000008d300000, 0x000000008d400000|  0%| F|  |TAMS 0x000000008d300000, 0x000000008d300000| Untracked 
| 162|0x000000008d400000, 0x000000008d400000, 0x000000008d500000|  0%| F|  |TAMS 0x000000008d400000, 0x000000008d400000| Untracked 
| 163|0x000000008d500000, 0x000000008d500000, 0x000000008d600000|  0%| F|  |TAMS 0x000000008d500000, 0x000000008d500000| Untracked 
| 164|0x000000008d600000, 0x000000008d600000, 0x000000008d700000|  0%| F|  |TAMS 0x000000008d600000, 0x000000008d600000| Untracked 
| 165|0x000000008d700000, 0x000000008d700000, 0x000000008d800000|  0%| F|  |TAMS 0x000000008d700000, 0x000000008d700000| Untracked 
| 166|0x000000008d800000, 0x000000008d800000, 0x000000008d900000|  0%| F|  |TAMS 0x000000008d800000, 0x000000008d800000| Untracked 
| 167|0x000000008d900000, 0x000000008d900000, 0x000000008da00000|  0%| F|  |TAMS 0x000000008d900000, 0x000000008d900000| Untracked 
| 168|0x000000008da00000, 0x000000008da00000, 0x000000008db00000|  0%| F|  |TAMS 0x000000008da00000, 0x000000008da00000| Untracked 
| 169|0x000000008db00000, 0x000000008db00000, 0x000000008dc00000|  0%| F|  |TAMS 0x000000008db00000, 0x000000008db00000| Untracked 
| 170|0x000000008dc00000, 0x000000008dc00000, 0x000000008dd00000|  0%| F|  |TAMS 0x000000008dc00000, 0x000000008dc00000| Untracked 
| 171|0x000000008dd00000, 0x000000008dd00000, 0x000000008de00000|  0%| F|  |TAMS 0x000000008dd00000, 0x000000008dd00000| Untracked 
| 172|0x000000008de00000, 0x000000008de00000, 0x000000008df00000|  0%| F|  |TAMS 0x000000008de00000, 0x000000008de00000| Untracked 
| 173|0x000000008df00000, 0x000000008df00000, 0x000000008e000000|  0%| F|  |TAMS 0x000000008df00000, 0x000000008df00000| Untracked 
| 174|0x000000008e000000, 0x000000008e000000, 0x000000008e100000|  0%| F|  |TAMS 0x000000008e000000, 0x000000008e000000| Untracked 
| 175|0x000000008e100000, 0x000000008e100000, 0x000000008e200000|  0%| F|  |TAMS 0x000000008e100000, 0x000000008e100000| Untracked 
| 176|0x000000008e200000, 0x000000008e200000, 0x000000008e300000|  0%| F|  |TAMS 0x000000008e200000, 0x000000008e200000| Untracked 
| 177|0x000000008e300000, 0x000000008e300000, 0x000000008e400000|  0%| F|  |TAMS 0x000000008e300000, 0x000000008e300000| Untracked 
| 178|0x000000008e400000, 0x000000008e400000, 0x000000008e500000|  0%| F|  |TAMS 0x000000008e400000, 0x000000008e400000| Untracked 
| 179|0x000000008e500000, 0x000000008e500000, 0x000000008e600000|  0%| F|  |TAMS 0x000000008e500000, 0x000000008e500000| Untracked 
| 180|0x000000008e600000, 0x000000008e600000, 0x000000008e700000|  0%| F|  |TAMS 0x000000008e600000, 0x000000008e600000| Untracked 
| 181|0x000000008e700000, 0x000000008e700000, 0x000000008e800000|  0%| F|  |TAMS 0x000000008e700000, 0x000000008e700000| Untracked 
| 182|0x000000008e800000, 0x000000008e800000, 0x000000008e900000|  0%| F|  |TAMS 0x000000008e800000, 0x000000008e800000| Untracked 
| 183|0x000000008e900000, 0x000000008e900000, 0x000000008ea00000|  0%| F|  |TAMS 0x000000008e900000, 0x000000008e900000| Untracked 
| 184|0x000000008ea00000, 0x000000008ea00000, 0x000000008eb00000|  0%| F|  |TAMS 0x000000008ea00000, 0x000000008ea00000| Untracked 
| 185|0x000000008eb00000, 0x000000008eb00000, 0x000000008ec00000|  0%| F|  |TAMS 0x000000008eb00000, 0x000000008eb00000| Untracked 
| 186|0x000000008ec00000, 0x000000008ec00000, 0x000000008ed00000|  0%| F|  |TAMS 0x000000008ec00000, 0x000000008ec00000| Untracked 
| 187|0x000000008ed00000, 0x000000008ed00000, 0x000000008ee00000|  0%| F|  |TAMS 0x000000008ed00000, 0x000000008ed00000| Untracked 
| 188|0x000000008ee00000, 0x000000008ee00000, 0x000000008ef00000|  0%| F|  |TAMS 0x000000008ee00000, 0x000000008ee00000| Untracked 
| 189|0x000000008ef00000, 0x000000008ef00000, 0x000000008f000000|  0%| F|  |TAMS 0x000000008ef00000, 0x000000008ef00000| Untracked 
| 190|0x000000008f000000, 0x000000008f000000, 0x000000008f100000|  0%| F|  |TAMS 0x000000008f000000, 0x000000008f000000| Untracked 
| 191|0x000000008f100000, 0x000000008f100000, 0x000000008f200000|  0%| F|  |TAMS 0x000000008f100000, 0x000000008f100000| Untracked 
| 192|0x000000008f200000, 0x000000008f200000, 0x000000008f300000|  0%| F|  |TAMS 0x000000008f200000, 0x000000008f200000| Untracked 
| 193|0x000000008f300000, 0x000000008f300000, 0x000000008f400000|  0%| F|  |TAMS 0x000000008f300000, 0x000000008f300000| Untracked 
| 194|0x000000008f400000, 0x000000008f400000, 0x000000008f500000|  0%| F|  |TAMS 0x000000008f400000, 0x000000008f400000| Untracked 
| 195|0x000000008f500000, 0x000000008f500000, 0x000000008f600000|  0%| F|  |TAMS 0x000000008f500000, 0x000000008f500000| Untracked 
| 196|0x000000008f600000, 0x000000008f600000, 0x000000008f700000|  0%| F|  |TAMS 0x000000008f600000, 0x000000008f600000| Untracked 
| 197|0x000000008f700000, 0x000000008f700000, 0x000000008f800000|  0%| F|  |TAMS 0x000000008f700000, 0x000000008f700000| Untracked 
| 198|0x000000008f800000, 0x000000008f800000, 0x000000008f900000|  0%| F|  |TAMS 0x000000008f800000, 0x000000008f800000| Untracked 
| 199|0x000000008f900000, 0x000000008f900000, 0x000000008fa00000|  0%| F|  |TAMS 0x000000008f900000, 0x000000008f900000| Untracked 
| 200|0x000000008fa00000, 0x000000008fa00000, 0x000000008fb00000|  0%| F|  |TAMS 0x000000008fa00000, 0x000000008fa00000| Untracked 
| 201|0x000000008fb00000, 0x000000008fb00000, 0x000000008fc00000|  0%| F|  |TAMS 0x000000008fb00000, 0x000000008fb00000| Untracked 
| 202|0x000000008fc00000, 0x000000008fc00000, 0x000000008fd00000|  0%| F|  |TAMS 0x000000008fc00000, 0x000000008fc00000| Untracked 
| 203|0x000000008fd00000, 0x000000008fd00000, 0x000000008fe00000|  0%| F|  |TAMS 0x000000008fd00000, 0x000000008fd00000| Untracked 
| 204|0x000000008fe00000, 0x000000008fe00000, 0x000000008ff00000|  0%| F|  |TAMS 0x000000008fe00000, 0x000000008fe00000| Untracked 
| 205|0x000000008ff00000, 0x000000008ff00000, 0x0000000090000000|  0%| F|  |TAMS 0x000000008ff00000, 0x000000008ff00000| Untracked 
| 206|0x0000000090000000, 0x0000000090000000, 0x0000000090100000|  0%| F|  |TAMS 0x0000000090000000, 0x0000000090000000| Untracked 
| 207|0x0000000090100000, 0x0000000090100000, 0x0000000090200000|  0%| F|  |TAMS 0x0000000090100000, 0x0000000090100000| Untracked 
| 208|0x0000000090200000, 0x0000000090200000, 0x0000000090300000|  0%| F|  |TAMS 0x0000000090200000, 0x0000000090200000| Untracked 
| 209|0x0000000090300000, 0x0000000090300000, 0x0000000090400000|  0%| F|  |TAMS 0x0000000090300000, 0x0000000090300000| Untracked 
| 210|0x0000000090400000, 0x0000000090400000, 0x0000000090500000|  0%| F|  |TAMS 0x0000000090400000, 0x0000000090400000| Untracked 
| 211|0x0000000090500000, 0x0000000090500000, 0x0000000090600000|  0%| F|  |TAMS 0x0000000090500000, 0x0000000090500000| Untracked 
| 212|0x0000000090600000, 0x0000000090600000, 0x0000000090700000|  0%| F|  |TAMS 0x0000000090600000, 0x0000000090600000| Untracked 
| 213|0x0000000090700000, 0x0000000090700000, 0x0000000090800000|  0%| F|  |TAMS 0x0000000090700000, 0x0000000090700000| Untracked 
| 214|0x0000000090800000, 0x0000000090800000, 0x0000000090900000|  0%| F|  |TAMS 0x0000000090800000, 0x0000000090800000| Untracked 
| 215|0x0000000090900000, 0x0000000090900000, 0x0000000090a00000|  0%| F|  |TAMS 0x0000000090900000, 0x0000000090900000| Untracked 
| 216|0x0000000090a00000, 0x0000000090a00000, 0x0000000090b00000|  0%| F|  |TAMS 0x0000000090a00000, 0x0000000090a00000| Untracked 
| 217|0x0000000090b00000, 0x0000000090b00000, 0x0000000090c00000|  0%| F|  |TAMS 0x0000000090b00000, 0x0000000090b00000| Untracked 
| 218|0x0000000090c00000, 0x0000000090c00000, 0x0000000090d00000|  0%| F|  |TAMS 0x0000000090c00000, 0x0000000090c00000| Untracked 
| 219|0x0000000090d00000, 0x0000000090d00000, 0x0000000090e00000|  0%| F|  |TAMS 0x0000000090d00000, 0x0000000090d00000| Untracked 
| 220|0x0000000090e00000, 0x0000000090e00000, 0x0000000090f00000|  0%| F|  |TAMS 0x0000000090e00000, 0x0000000090e00000| Untracked 
| 221|0x0000000090f00000, 0x0000000090f00000, 0x0000000091000000|  0%| F|  |TAMS 0x0000000090f00000, 0x0000000090f00000| Untracked 
| 222|0x0000000091000000, 0x0000000091000000, 0x0000000091100000|  0%| F|  |TAMS 0x0000000091000000, 0x0000000091000000| Untracked 
| 223|0x0000000091100000, 0x0000000091100000, 0x0000000091200000|  0%| F|  |TAMS 0x0000000091100000, 0x0000000091100000| Untracked 
| 224|0x0000000091200000, 0x0000000091200000, 0x0000000091300000|  0%| F|  |TAMS 0x0000000091200000, 0x0000000091200000| Untracked 
| 225|0x0000000091300000, 0x0000000091300000, 0x0000000091400000|  0%| F|  |TAMS 0x0000000091300000, 0x0000000091300000| Untracked 
| 226|0x0000000091400000, 0x0000000091400000, 0x0000000091500000|  0%| F|  |TAMS 0x0000000091400000, 0x0000000091400000| Untracked 
| 227|0x0000000091500000, 0x0000000091500000, 0x0000000091600000|  0%| F|  |TAMS 0x0000000091500000, 0x0000000091500000| Untracked 
| 228|0x0000000091600000, 0x0000000091600000, 0x0000000091700000|  0%| F|  |TAMS 0x0000000091600000, 0x0000000091600000| Untracked 
| 229|0x0000000091700000, 0x0000000091700000, 0x0000000091800000|  0%| F|  |TAMS 0x0000000091700000, 0x0000000091700000| Untracked 
| 230|0x0000000091800000, 0x0000000091800000, 0x0000000091900000|  0%| F|  |TAMS 0x0000000091800000, 0x0000000091800000| Untracked 
| 231|0x0000000091900000, 0x0000000091900000, 0x0000000091a00000|  0%| F|  |TAMS 0x0000000091900000, 0x0000000091900000| Untracked 
| 232|0x0000000091a00000, 0x0000000091a00000, 0x0000000091b00000|  0%| F|  |TAMS 0x0000000091a00000, 0x0000000091a00000| Untracked 
| 233|0x0000000091b00000, 0x0000000091b00000, 0x0000000091c00000|  0%| F|  |TAMS 0x0000000091b00000, 0x0000000091b00000| Untracked 
| 234|0x0000000091c00000, 0x0000000091c00000, 0x0000000091d00000|  0%| F|  |TAMS 0x0000000091c00000, 0x0000000091c00000| Untracked 
| 235|0x0000000091d00000, 0x0000000091d00000, 0x0000000091e00000|  0%| F|  |TAMS 0x0000000091d00000, 0x0000000091d00000| Untracked 
| 236|0x0000000091e00000, 0x0000000091e00000, 0x0000000091f00000|  0%| F|  |TAMS 0x0000000091e00000, 0x0000000091e00000| Untracked 
| 237|0x0000000091f00000, 0x0000000091f00000, 0x0000000092000000|  0%| F|  |TAMS 0x0000000091f00000, 0x0000000091f00000| Untracked 
| 238|0x0000000092000000, 0x0000000092000000, 0x0000000092100000|  0%| F|  |TAMS 0x0000000092000000, 0x0000000092000000| Untracked 
| 239|0x0000000092100000, 0x0000000092100000, 0x0000000092200000|  0%| F|  |TAMS 0x0000000092100000, 0x0000000092100000| Untracked 
| 240|0x0000000092200000, 0x0000000092200000, 0x0000000092300000|  0%| F|  |TAMS 0x0000000092200000, 0x0000000092200000| Untracked 
| 241|0x0000000092300000, 0x0000000092300000, 0x0000000092400000|  0%| F|  |TAMS 0x0000000092300000, 0x0000000092300000| Untracked 
| 242|0x0000000092400000, 0x0000000092400000, 0x0000000092500000|  0%| F|  |TAMS 0x0000000092400000, 0x0000000092400000| Untracked 
| 243|0x0000000092500000, 0x0000000092500000, 0x0000000092600000|  0%| F|  |TAMS 0x0000000092500000, 0x0000000092500000| Untracked 
| 244|0x0000000092600000, 0x0000000092600000, 0x0000000092700000|  0%| F|  |TAMS 0x0000000092600000, 0x0000000092600000| Untracked 
| 245|0x0000000092700000, 0x0000000092700000, 0x0000000092800000|  0%| F|  |TAMS 0x0000000092700000, 0x0000000092700000| Untracked 
| 246|0x0000000092800000, 0x0000000092800000, 0x0000000092900000|  0%| F|  |TAMS 0x0000000092800000, 0x0000000092800000| Untracked 
| 247|0x0000000092900000, 0x0000000092900000, 0x0000000092a00000|  0%| F|  |TAMS 0x0000000092900000, 0x0000000092900000| Untracked 
| 248|0x0000000092a00000, 0x0000000092a00000, 0x0000000092b00000|  0%| F|  |TAMS 0x0000000092a00000, 0x0000000092a00000| Untracked 
| 249|0x0000000092b00000, 0x0000000092b00000, 0x0000000092c00000|  0%| F|  |TAMS 0x0000000092b00000, 0x0000000092b00000| Untracked 
| 250|0x0000000092c00000, 0x0000000092c00000, 0x0000000092d00000|  0%| F|  |TAMS 0x0000000092c00000, 0x0000000092c00000| Untracked 
| 251|0x0000000092d00000, 0x0000000092d00000, 0x0000000092e00000|  0%| F|  |TAMS 0x0000000092d00000, 0x0000000092d00000| Untracked 
| 252|0x0000000092e00000, 0x0000000092e00000, 0x0000000092f00000|  0%| F|  |TAMS 0x0000000092e00000, 0x0000000092e00000| Untracked 
| 253|0x0000000092f00000, 0x0000000092f00000, 0x0000000093000000|  0%| F|  |TAMS 0x0000000092f00000, 0x0000000092f00000| Untracked 
| 254|0x0000000093000000, 0x0000000093000000, 0x0000000093100000|  0%| F|  |TAMS 0x0000000093000000, 0x0000000093000000| Untracked 
| 255|0x0000000093100000, 0x0000000093100000, 0x0000000093200000|  0%| F|  |TAMS 0x0000000093100000, 0x0000000093100000| Untracked 
| 256|0x0000000093200000, 0x0000000093200000, 0x0000000093300000|  0%| F|  |TAMS 0x0000000093200000, 0x0000000093200000| Untracked 
| 257|0x0000000093300000, 0x0000000093300000, 0x0000000093400000|  0%| F|  |TAMS 0x0000000093300000, 0x0000000093300000| Untracked 
| 258|0x0000000093400000, 0x0000000093400000, 0x0000000093500000|  0%| F|  |TAMS 0x0000000093400000, 0x0000000093400000| Untracked 
| 259|0x0000000093500000, 0x0000000093500000, 0x0000000093600000|  0%| F|  |TAMS 0x0000000093500000, 0x0000000093500000| Untracked 
| 260|0x0000000093600000, 0x0000000093600000, 0x0000000093700000|  0%| F|  |TAMS 0x0000000093600000, 0x0000000093600000| Untracked 
| 261|0x0000000093700000, 0x0000000093700000, 0x0000000093800000|  0%| F|  |TAMS 0x0000000093700000, 0x0000000093700000| Untracked 
| 262|0x0000000093800000, 0x0000000093800000, 0x0000000093900000|  0%| F|  |TAMS 0x0000000093800000, 0x0000000093800000| Untracked 
| 263|0x0000000093900000, 0x0000000093900000, 0x0000000093a00000|  0%| F|  |TAMS 0x0000000093900000, 0x0000000093900000| Untracked 
| 264|0x0000000093a00000, 0x0000000093a00000, 0x0000000093b00000|  0%| F|  |TAMS 0x0000000093a00000, 0x0000000093a00000| Untracked 
| 265|0x0000000093b00000, 0x0000000093b00000, 0x0000000093c00000|  0%| F|  |TAMS 0x0000000093b00000, 0x0000000093b00000| Untracked 
| 266|0x0000000093c00000, 0x0000000093c00000, 0x0000000093d00000|  0%| F|  |TAMS 0x0000000093c00000, 0x0000000093c00000| Untracked 
| 267|0x0000000093d00000, 0x0000000093d00000, 0x0000000093e00000|  0%| F|  |TAMS 0x0000000093d00000, 0x0000000093d00000| Untracked 
| 268|0x0000000093e00000, 0x0000000093e00000, 0x0000000093f00000|  0%| F|  |TAMS 0x0000000093e00000, 0x0000000093e00000| Untracked 
| 269|0x0000000093f00000, 0x0000000093f00000, 0x0000000094000000|  0%| F|  |TAMS 0x0000000093f00000, 0x0000000093f00000| Untracked 
| 270|0x0000000094000000, 0x0000000094000000, 0x0000000094100000|  0%| F|  |TAMS 0x0000000094000000, 0x0000000094000000| Untracked 
| 271|0x0000000094100000, 0x0000000094100000, 0x0000000094200000|  0%| F|  |TAMS 0x0000000094100000, 0x0000000094100000| Untracked 
| 272|0x0000000094200000, 0x0000000094200000, 0x0000000094300000|  0%| F|  |TAMS 0x0000000094200000, 0x0000000094200000| Untracked 
| 273|0x0000000094300000, 0x0000000094300000, 0x0000000094400000|  0%| F|  |TAMS 0x0000000094300000, 0x0000000094300000| Untracked 
| 274|0x0000000094400000, 0x0000000094400000, 0x0000000094500000|  0%| F|  |TAMS 0x0000000094400000, 0x0000000094400000| Untracked 
| 275|0x0000000094500000, 0x0000000094500000, 0x0000000094600000|  0%| F|  |TAMS 0x0000000094500000, 0x0000000094500000| Untracked 
| 276|0x0000000094600000, 0x0000000094600000, 0x0000000094700000|  0%| F|  |TAMS 0x0000000094600000, 0x0000000094600000| Untracked 
| 277|0x0000000094700000, 0x0000000094700000, 0x0000000094800000|  0%| F|  |TAMS 0x0000000094700000, 0x0000000094700000| Untracked 
| 278|0x0000000094800000, 0x0000000094800000, 0x0000000094900000|  0%| F|  |TAMS 0x0000000094800000, 0x0000000094800000| Untracked 
| 279|0x0000000094900000, 0x0000000094900000, 0x0000000094a00000|  0%| F|  |TAMS 0x0000000094900000, 0x0000000094900000| Untracked 
| 280|0x0000000094a00000, 0x0000000094a00000, 0x0000000094b00000|  0%| F|  |TAMS 0x0000000094a00000, 0x0000000094a00000| Untracked 
| 281|0x0000000094b00000, 0x0000000094b00000, 0x0000000094c00000|  0%| F|  |TAMS 0x0000000094b00000, 0x0000000094b00000| Untracked 

Card table byte_map: [0x0000023541de0000,0x00000235421d0000] _byte_map_base: 0x00000235419c7000

Marking Bits (Prev, Next): (CMBitMap*) 0x000002353bcbe510, (CMBitMap*) 0x000002353bcbe550
 Prev Bits: [0x00000235425c0000, 0x00000235444f8000)
 Next Bits: [0x0000023544500000, 0x0000023546438000)

Polling page: 0x0000023539c50000

Metaspace:

Usage:
  Non-class:     30.24 MB used.
      Class:      4.51 MB used.
       Both:     34.75 MB used.

Virtual space:
  Non-class space:       32.00 MB reserved,      30.38 MB ( 95%) committed,  4 nodes.
      Class space:        1.00 GB reserved,       4.62 MB ( <1%) committed,  1 nodes.
             Both:        1.03 GB reserved,      35.00 MB (  3%) committed. 

Chunk freelists:
   Non-Class:  1.44 MB
       Class:  3.39 MB
        Both:  4.83 MB

MaxMetaspaceSize: unlimited
CompressedClassSpaceSize: 1.00 GB
Initial GC threshold: 21.00 MB
Current GC threshold: 58.25 MB
CDS: off
MetaspaceReclaimPolicy: balanced
 - commit_granule_bytes: 65536.
 - commit_granule_words: 8192.
 - virtual_space_node_default_size: 1048576.
 - enlarge_chunks_in_place: 1.
 - new_chunks_are_fully_committed: 0.
 - uncommit_free_chunks: 1.
 - use_allocation_guard: 0.
 - handle_deallocations: 1.


Internal statistics:

num_allocs_failed_limit: 5.
num_arena_births: 342.
num_arena_deaths: 0.
num_vsnodes_births: 5.
num_vsnodes_deaths: 0.
num_space_committed: 560.
num_space_uncommitted: 0.
num_chunks_returned_to_freelist: 5.
num_chunks_taken_from_freelist: 1365.
num_chunk_merges: 5.
num_chunk_splits: 924.
num_chunks_enlarged: 713.
num_purges: 0.
num_inconsistent_stats: 0.

CodeCache: size=49152Kb used=9054Kb max_used=9054Kb free=40097Kb
 bounds [0x000002353e8e0000, 0x000002353f1c0000, 0x00000235418e0000]
 total_blobs=4215 nmethods=3693 adapters=446
 compilation: enabled
              stopped_count=0, restarted_count=0
 full_count=0

Compilation events (20 events):
Event: 4.611 Thread 0x000002354a2327f0 nmethod 3674 0x000002353f1a9210 code [0x000002353f1a94c0, 0x000002353f1a9f78]
Event: 4.611 Thread 0x000002354a2322e0 nmethod 3678 0x000002353f1aa590 code [0x000002353f1aa740, 0x000002353f1aa9f8]
Event: 4.611 Thread 0x000002354a2327f0 3689   !   1       nonapi.io.github.classgraph.fileslice.reader.ClassfileReader::close (43 bytes)
Event: 4.611 Thread 0x000002354a2322e0 3679       1       jdk.internal.module.SystemModuleFinders$SystemModuleReader$$Lambda$130/0x00000001001e93f8::apply (12 bytes)
Event: 4.611 Thread 0x000002354a2322e0 nmethod 3679 0x000002353f1aab10 code [0x000002353f1aaca0, 0x000002353f1aadc8]
Event: 4.611 Thread 0x000002354a2322e0 3676       1       jdk.internal.module.SystemModuleFinders$SystemModuleReader::open (15 bytes)
Event: 4.611 Thread 0x000002354a2327f0 nmethod 3689 0x000002353f1aae90 code [0x000002353f1ab040, 0x000002353f1ab218]
Event: 4.612 Thread 0x000002354a2327f0 3682   !   1       jdk.internal.module.SystemModuleFinders$SystemModuleReader::toInputStream (43 bytes)
Event: 4.612 Thread 0x0000023548f48640 nmethod 3688 0x000002353f1ab310 code [0x000002353f1ab8e0, 0x000002353f1ad918]
Event: 4.612 Thread 0x0000023548f48640 3681       1       jdk.internal.module.SystemModuleFinders$SystemModuleReader$$Lambda$130/0x00000001001e93f8::<init> (10 bytes)
Event: 4.612 Thread 0x0000023548f48640 nmethod 3681 0x000002353f1aee10 code [0x000002353f1aefa0, 0x000002353f1af0b8]
Event: 4.612 Thread 0x0000023548f48640 3691   !   1       jdk.internal.reflect.GeneratedMethodAccessor28::invoke (67 bytes)
Event: 4.613 Thread 0x00000235499707c0 nmethod 3671 0x000002353f1af110 code [0x000002353f1af940, 0x000002353f1b2488]
Event: 4.613 Thread 0x0000023548f48640 nmethod 3691 0x000002353f1b3f10 code [0x000002353f1b4100, 0x000002353f1b4538]
Event: 4.613 Thread 0x000002354a2322e0 nmethod 3676 0x000002353f1b4810 code [0x000002353f1b4a20, 0x000002353f1b4fe8]
Event: 4.613 Thread 0x000002354a2327f0 nmethod 3682 0x000002353f1b5310 code [0x000002353f1b5500, 0x000002353f1b5a28]
Event: 4.702 Thread 0x000002354a2327f0 3692  s!   1       jdk.internal.loader.URLClassPath::getLoader (196 bytes)
Event: 4.705 Thread 0x000002354a2327f0 nmethod 3692 0x000002353f1b5d10 code [0x000002353f1b5fc0, 0x000002353f1b69d8]
Event: 4.928 Thread 0x00000235499707c0 3693       1       java.util.concurrent.locks.ReentrantLock$NonfairSync::tryAcquire (27 bytes)
Event: 4.928 Thread 0x00000235499707c0 nmethod 3693 0x000002353f1b7690 code [0x000002353f1b7820, 0x000002353f1b7998]

GC Heap History (20 events):
Event: 3.992 GC heap after
{Heap after GC invocations=11 (full 0):
 garbage-first heap   total 58368K, used 29490K [0x0000000083200000, 0x0000000100000000)
  region size 1024K, 3 young (3072K), 3 survivors (3072K)
 Metaspace       used 35435K, committed 35776K, reserved 1081344K
  class space    used 4593K, committed 4736K, reserved 1048576K
}
Event: 4.029 GC heap before
{Heap before GC invocations=11 (full 0):
 garbage-first heap   total 58368K, used 41778K [0x0000000083200000, 0x0000000100000000)
  region size 1024K, 16 young (16384K), 3 survivors (3072K)
 Metaspace       used 35435K, committed 35776K, reserved 1081344K
  class space    used 4593K, committed 4736K, reserved 1048576K
}
Event: 4.032 GC heap after
{Heap after GC invocations=12 (full 0):
 garbage-first heap   total 58368K, used 32044K [0x0000000083200000, 0x0000000100000000)
  region size 1024K, 2 young (2048K), 2 survivors (2048K)
 Metaspace       used 35435K, committed 35776K, reserved 1081344K
  class space    used 4593K, committed 4736K, reserved 1048576K
}
Event: 4.073 GC heap before
{Heap before GC invocations=13 (full 0):
 garbage-first heap   total 68608K, used 43308K [0x0000000083200000, 0x0000000100000000)
  region size 1024K, 13 young (13312K), 2 survivors (2048K)
 Metaspace       used 35435K, committed 35776K, reserved 1081344K
  class space    used 4593K, committed 4736K, reserved 1048576K
}
Event: 4.077 GC heap after
{Heap after GC invocations=14 (full 0):
 garbage-first heap   total 102400K, used 34338K [0x0000000083200000, 0x0000000100000000)
  region size 1024K, 2 young (2048K), 2 survivors (2048K)
 Metaspace       used 35435K, committed 35776K, reserved 1081344K
  class space    used 4593K, committed 4736K, reserved 1048576K
}
Event: 4.085 GC heap before
{Heap before GC invocations=14 (full 0):
 garbage-first heap   total 102400K, used 37410K [0x0000000083200000, 0x0000000100000000)
  region size 1024K, 5 young (5120K), 2 survivors (2048K)
 Metaspace       used 35435K, committed 35776K, reserved 1081344K
  class space    used 4593K, committed 4736K, reserved 1048576K
}
Event: 4.088 GC heap after
{Heap after GC invocations=15 (full 0):
 garbage-first heap   total 102400K, used 35029K [0x0000000083200000, 0x0000000100000000)
  region size 1024K, 1 young (1024K), 1 survivors (1024K)
 Metaspace       used 35435K, committed 35776K, reserved 1081344K
  class space    used 4593K, committed 4736K, reserved 1048576K
}
Event: 4.209 GC heap before
{Heap before GC invocations=15 (full 0):
 garbage-first heap   total 102400K, used 74965K [0x0000000083200000, 0x0000000100000000)
  region size 1024K, 40 young (40960K), 1 survivors (1024K)
 Metaspace       used 35435K, committed 35776K, reserved 1081344K
  class space    used 4593K, committed 4736K, reserved 1048576K
}
Event: 4.218 GC heap after
{Heap after GC invocations=16 (full 0):
 garbage-first heap   total 102400K, used 45149K [0x0000000083200000, 0x0000000100000000)
  region size 1024K, 5 young (5120K), 5 survivors (5120K)
 Metaspace       used 35435K, committed 35776K, reserved 1081344K
  class space    used 4593K, committed 4736K, reserved 1048576K
}
Event: 4.478 GC heap before
{Heap before GC invocations=16 (full 0):
 garbage-first heap   total 102400K, used 71773K [0x0000000083200000, 0x0000000100000000)
  region size 1024K, 31 young (31744K), 5 survivors (5120K)
 Metaspace       used 35435K, committed 35776K, reserved 1081344K
  class space    used 4593K, committed 4736K, reserved 1048576K
}
Event: 4.489 GC heap after
{Heap after GC invocations=17 (full 0):
 garbage-first heap   total 102400K, used 56320K [0x0000000083200000, 0x0000000100000000)
  region size 1024K, 4 young (4096K), 4 survivors (4096K)
 Metaspace       used 35435K, committed 35776K, reserved 1081344K
  class space    used 4593K, committed 4736K, reserved 1048576K
}
Event: 4.510 GC heap before
{Heap before GC invocations=17 (full 0):
 garbage-first heap   total 102400K, used 59392K [0x0000000083200000, 0x0000000100000000)
  region size 1024K, 8 young (8192K), 4 survivors (4096K)
 Metaspace       used 35435K, committed 35776K, reserved 1081344K
  class space    used 4593K, committed 4736K, reserved 1048576K
}
Event: 4.520 GC heap after
{Heap after GC invocations=18 (full 0):
 garbage-first heap   total 288768K, used 59345K [0x0000000083200000, 0x0000000100000000)
  region size 1024K, 3 young (3072K), 3 survivors (3072K)
 Metaspace       used 35435K, committed 35776K, reserved 1081344K
  class space    used 4593K, committed 4736K, reserved 1048576K
}
Event: 4.637 GC heap before
{Heap before GC invocations=18 (full 0):
 garbage-first heap   total 288768K, used 151505K [0x0000000083200000, 0x0000000100000000)
  region size 1024K, 93 young (95232K), 3 survivors (3072K)
 Metaspace       used 35512K, committed 35776K, reserved 1081344K
  class space    used 4611K, committed 4736K, reserved 1048576K
}
Event: 4.664 GC heap after
{Heap after GC invocations=19 (full 0):
 garbage-first heap   total 288768K, used 67819K [0x0000000083200000, 0x0000000100000000)
  region size 1024K, 10 young (10240K), 10 survivors (10240K)
 Metaspace       used 35512K, committed 35776K, reserved 1081344K
  class space    used 4611K, committed 4736K, reserved 1048576K
}
Event: 4.720 GC heap before
{Heap before GC invocations=19 (full 0):
 garbage-first heap   total 288768K, used 171243K [0x0000000083200000, 0x0000000100000000)
  region size 1024K, 112 young (114688K), 10 survivors (10240K)
 Metaspace       used 35585K, committed 35840K, reserved 1081344K
  class space    used 4617K, committed 4736K, reserved 1048576K
}
Event: 4.742 GC heap after
{Heap after GC invocations=20 (full 0):
 garbage-first heap   total 288768K, used 72101K [0x0000000083200000, 0x0000000100000000)
  region size 1024K, 5 young (5120K), 5 survivors (5120K)
 Metaspace       used 35585K, committed 35840K, reserved 1081344K
  class space    used 4617K, committed 4736K, reserved 1048576K
}
Event: 4.823 GC heap before
{Heap before GC invocations=20 (full 0):
 garbage-first heap   total 288768K, used 204197K [0x0000000083200000, 0x0000000100000000)
  region size 1024K, 135 young (138240K), 5 survivors (5120K)
 Metaspace       used 35585K, committed 35840K, reserved 1081344K
  class space    used 4617K, committed 4736K, reserved 1048576K
}
Event: 4.834 GC heap after
{Heap after GC invocations=21 (full 0):
 garbage-first heap   total 288768K, used 77267K [0x0000000083200000, 0x0000000100000000)
  region size 1024K, 10 young (10240K), 10 survivors (10240K)
 Metaspace       used 35585K, committed 35840K, reserved 1081344K
  class space    used 4617K, committed 4736K, reserved 1048576K
}
Event: 4.949 GC heap before
{Heap before GC invocations=21 (full 0):
 garbage-first heap   total 288768K, used 213459K [0x0000000083200000, 0x0000000100000000)
  region size 1024K, 144 young (147456K), 10 survivors (10240K)
 Metaspace       used 35586K, committed 35840K, reserved 1081344K
  class space    used 4617K, committed 4736K, reserved 1048576K
}

Deoptimization events (10 events):
Event: 1.769 Thread 0x000002353bc628f0 DEOPT PACKING pc=0x000002353ee36d19 sp=0x0000006f7a3fd250
Event: 1.769 Thread 0x000002353bc628f0 DEOPT UNPACKING pc=0x000002353e936763 sp=0x0000006f7a3fc730 mode 3
Event: 3.568 Thread 0x000002354b9d6bd0 DEOPT PACKING pc=0x000002353f063d35 sp=0x0000006f7c5fe1b0
Event: 3.568 Thread 0x000002354b9d6bd0 DEOPT UNPACKING pc=0x000002353e936763 sp=0x0000006f7c5fd6c8 mode 3
Event: 3.702 Thread 0x000002354b9d6bd0 DEOPT PACKING pc=0x000002353f07eb2b sp=0x0000006f7c5fe1b0
Event: 3.702 Thread 0x000002354b9d6bd0 DEOPT UNPACKING pc=0x000002353e936763 sp=0x0000006f7c5fd6f8 mode 3
Event: 3.758 Thread 0x000002354bad1a00 DEOPT PACKING pc=0x000002353ee35601 sp=0x0000006f7ccff190
Event: 3.758 Thread 0x000002354bad1a00 DEOPT UNPACKING pc=0x000002353e936763 sp=0x0000006f7ccfe620 mode 3
Event: 3.901 Thread 0x000002354baf44e0 DEOPT PACKING pc=0x000002353ee32e97 sp=0x0000006f7d2fec70
Event: 3.901 Thread 0x000002354baf44e0 DEOPT UNPACKING pc=0x000002353e936763 sp=0x0000006f7d2fe0c8 mode 3

Classes unloaded (0 events):
No events

Classes redefined (0 events):
No events

Internal exceptions (20 events):
Event: 3.738 Thread 0x000002354ba5f060 Exception <a 'sun/nio/fs/WindowsException'{0x00000000864787d0}> (0x00000000864787d0) 
thrown [s\src\hotspot\share\prims\jni.cpp, line 516]
Event: 3.739 Thread 0x000002354ba5f060 Exception <a 'sun/nio/fs/WindowsException'{0x0000000086478be0}> (0x0000000086478be0) 
thrown [s\src\hotspot\share\prims\jni.cpp, line 516]
Event: 3.739 Thread 0x000002354ba5f060 Exception <a 'sun/nio/fs/WindowsException'{0x0000000086479608}> (0x0000000086479608) 
thrown [s\src\hotspot\share\prims\jni.cpp, line 516]
Event: 3.739 Thread 0x000002354ba5f060 Exception <a 'sun/nio/fs/WindowsException'{0x00000000864799e8}> (0x00000000864799e8) 
thrown [s\src\hotspot\share\prims\jni.cpp, line 516]
Event: 3.739 Thread 0x000002354ba5f060 Exception <a 'sun/nio/fs/WindowsException'{0x000000008647a3d8}> (0x000000008647a3d8) 
thrown [s\src\hotspot\share\prims\jni.cpp, line 516]
Event: 3.739 Thread 0x000002354ba5f060 Exception <a 'sun/nio/fs/WindowsException'{0x000000008647a780}> (0x000000008647a780) 
thrown [s\src\hotspot\share\prims\jni.cpp, line 516]
Event: 3.740 Thread 0x000002354ba5f060 Exception <a 'sun/nio/fs/WindowsException'{0x000000008647b180}> (0x000000008647b180) 
thrown [s\src\hotspot\share\prims\jni.cpp, line 516]
Event: 3.740 Thread 0x000002354ba5f060 Exception <a 'sun/nio/fs/WindowsException'{0x000000008647b540}> (0x000000008647b540) 
thrown [s\src\hotspot\share\prims\jni.cpp, line 516]
Event: 3.740 Thread 0x000002354ba5f060 Exception <a 'sun/nio/fs/WindowsException'{0x000000008647bf40}> (0x000000008647bf40) 
thrown [s\src\hotspot\share\prims\jni.cpp, line 516]
Event: 3.740 Thread 0x000002354ba5f060 Exception <a 'sun/nio/fs/WindowsException'{0x000000008647c2f0}> (0x000000008647c2f0) 
thrown [s\src\hotspot\share\prims\jni.cpp, line 516]
Event: 3.740 Thread 0x000002354ba5f060 Exception <a 'sun/nio/fs/WindowsException'{0x000000008647ccf0}> (0x000000008647ccf0) 
thrown [s\src\hotspot\share\prims\jni.cpp, line 516]
Event: 3.741 Thread 0x000002354ba5f060 Exception <a 'sun/nio/fs/WindowsException'{0x000000008647d0b0}> (0x000000008647d0b0) 
thrown [s\src\hotspot\share\prims\jni.cpp, line 516]
Event: 3.741 Thread 0x000002354ba5f060 Exception <a 'sun/nio/fs/WindowsException'{0x0000000086396618}> (0x0000000086396618) 
thrown [s\src\hotspot\share\prims\jni.cpp, line 516]
Event: 3.741 Thread 0x000002354ba5f060 Exception <a 'sun/nio/fs/WindowsException'{0x00000000863969f8}> (0x00000000863969f8) 
thrown [s\src\hotspot\share\prims\jni.cpp, line 516]
Event: 3.741 Thread 0x000002354ba5f060 Exception <a 'sun/nio/fs/WindowsException'{0x0000000086397430}> (0x0000000086397430) 
thrown [s\src\hotspot\share\prims\jni.cpp, line 516]
Event: 3.741 Thread 0x000002354ba5f060 Exception <a 'sun/nio/fs/WindowsException'{0x0000000086397820}> (0x0000000086397820) 
thrown [s\src\hotspot\share\prims\jni.cpp, line 516]
Event: 3.742 Thread 0x000002354ba5f060 Exception <a 'sun/nio/fs/WindowsException'{0x0000000086398248}> (0x0000000086398248) 
thrown [s\src\hotspot\share\prims\jni.cpp, line 516]
Event: 3.742 Thread 0x000002354ba5f060 Exception <a 'sun/nio/fs/WindowsException'{0x0000000086398638}> (0x0000000086398638) 
thrown [s\src\hotspot\share\prims\jni.cpp, line 516]
Event: 3.759 Thread 0x000002354b9d6700 Exception <a 'java/lang/NoSuchMethodError'{0x0000000085e967c8}: 'int java.lang.invoke.DirectMethodHandle$Holder.invokeStatic(java.lang.Object)'> (0x0000000085e967c8) 
thrown [s\src\hotspot\share\interpreter\linkResolver.cpp, line 759]
Event: 3.759 Thread 0x000002354b9d6700 Exception <a 'java/lang/NoSuchMethodError'{0x0000000085e99e70}: 'int java.lang.invoke.DirectMethodHandle$Holder.invokeStaticInit(java.lang.Object)'> (0x0000000085e99e70) 
thrown [s\src\hotspot\share\interpreter\linkResolver.cpp, line 759]

VM Operations (20 events):
Event: 4.520 Executing VM operation: G1TryInitiateConcMark done
Event: 4.624 Executing VM operation: HandshakeAllThreads
Event: 4.635 Executing VM operation: HandshakeAllThreads done
Event: 4.635 Executing VM operation: G1CollectForAllocation
Event: 4.636 Executing VM operation: G1CollectForAllocation done
Event: 4.636 Executing VM operation: G1CollectForAllocation
Event: 4.664 Executing VM operation: G1CollectForAllocation done
Event: 4.664 Executing VM operation: HandshakeAllThreads
Event: 4.665 Executing VM operation: HandshakeAllThreads done
Event: 4.719 Executing VM operation: G1CollectForAllocation
Event: 4.720 Executing VM operation: G1CollectForAllocation done
Event: 4.720 Executing VM operation: G1CollectForAllocation
Event: 4.742 Executing VM operation: G1CollectForAllocation done
Event: 4.821 Executing VM operation: G1CollectForAllocation
Event: 4.822 Executing VM operation: G1CollectForAllocation done
Event: 4.822 Executing VM operation: G1CollectForAllocation
Event: 4.834 Executing VM operation: G1CollectForAllocation done
Event: 4.941 Executing VM operation: G1CollectForAllocation
Event: 4.948 Executing VM operation: G1CollectForAllocation done
Event: 4.949 Executing VM operation: G1CollectForAllocation

Events (20 events):
Event: 3.933 loading class java/util/stream/Collectors$1PairBox
Event: 3.933 loading class java/util/stream/Collectors$1PairBox done
Event: 3.934 loading class java/util/concurrent/locks/AbstractQueuedSynchronizer$SharedNode
Event: 3.934 loading class java/util/concurrent/locks/AbstractQueuedSynchronizer$SharedNode done
Event: 3.934 loading class jdk/internal/module/SystemModuleFinders$ModuleContentSpliterator
Event: 3.934 loading class jdk/internal/module/SystemModuleFinders$ModuleContentSpliterator done
Event: 3.935 loading class jdk/internal/jimage/ImageReader$Directory
Event: 3.935 loading class jdk/internal/jimage/ImageReader$Node
Event: 3.935 loading class jdk/internal/jimage/ImageReader$Node done
Event: 3.935 loading class jdk/internal/jimage/ImageReader$Directory done
Event: 3.935 loading class jdk/internal/jimage/ImageReader$SharedImageReader$LocationVisitor
Event: 3.935 loading class jdk/internal/jimage/ImageReader$SharedImageReader$LocationVisitor done
Event: 3.936 loading class java/nio/ByteBufferAsIntBufferL
Event: 3.936 loading class java/nio/ByteBufferAsIntBufferL done
Event: 3.937 loading class jdk/internal/jimage/ImageReader$Resource
Event: 3.937 loading class jdk/internal/jimage/ImageReader$Resource done
Event: 3.937 loading class java/util/stream/LongStream
Event: 3.937 loading class java/util/stream/LongStream done
Event: 3.937 loading class java/util/stream/DoubleStream
Event: 3.938 loading class java/util/stream/DoubleStream done


Dynamic libraries:
0x00007ff7c0240000 - 0x00007ff7c024e000 	c:\Users\datea\.vscode\extensions\redhat.java-1.11.0-win32-x64\jre\17.0.4.1-win32-x86_64\bin\java.exe
0x00007ffadbe90000 - 0x00007ffadc0a9000 	C:\WINDOWS\SYSTEM32\ntdll.dll
0x00007ffada3d0000 - 0x00007ffada492000 	C:\WINDOWS\System32\KERNEL32.DLL
0x00007ffad9840000 - 0x00007ffad9bdc000 	C:\WINDOWS\System32\KERNELBASE.dll
0x00007ffad6120000 - 0x00007ffad61b6000 	C:\WINDOWS\SYSTEM32\apphelp.dll
0x00007ffad9720000 - 0x00007ffad983b000 	C:\WINDOWS\System32\ucrtbase.dll
0x00007ffac1090000 - 0x00007ffac10a8000 	c:\Users\datea\.vscode\extensions\redhat.java-1.11.0-win32-x64\jre\17.0.4.1-win32-x86_64\bin\jli.dll
0x00007ffac2aa0000 - 0x00007ffac2ab9000 	c:\Users\datea\.vscode\extensions\redhat.java-1.11.0-win32-x64\jre\17.0.4.1-win32-x86_64\bin\VCRUNTIME140.dll
0x00007ffadbca0000 - 0x00007ffadbe4c000 	C:\WINDOWS\System32\USER32.dll
0x00007ffad96f0000 - 0x00007ffad9716000 	C:\WINDOWS\System32\win32u.dll
0x00007ffad9ee0000 - 0x00007ffad9f09000 	C:\WINDOWS\System32\GDI32.dll
0x00007ffad95d0000 - 0x00007ffad96e6000 	C:\WINDOWS\System32\gdi32full.dll
0x00007ffad9400000 - 0x00007ffad949a000 	C:\WINDOWS\System32\msvcp_win.dll
0x00007ffabdec0000 - 0x00007ffabe151000 	C:\WINDOWS\WinSxS\amd64_microsoft.windows.common-controls_6595b64144ccf1df_6.0.25227.1000_none_7b35d90bf2068bf3\COMCTL32.dll
0x00007ffad9cc0000 - 0x00007ffad9d67000 	C:\WINDOWS\System32\msvcrt.dll
0x00007ffada100000 - 0x00007ffada131000 	C:\WINDOWS\System32\IMM32.DLL
0x00007ffad4680000 - 0x00007ffad468c000 	c:\Users\datea\.vscode\extensions\redhat.java-1.11.0-win32-x64\jre\17.0.4.1-win32-x86_64\bin\vcruntime140_1.dll
0x00007ffa94ea0000 - 0x00007ffa94f31000 	c:\Users\datea\.vscode\extensions\redhat.java-1.11.0-win32-x64\jre\17.0.4.1-win32-x86_64\bin\msvcp140.dll
0x00007ffa732f0000 - 0x00007ffa73f36000 	c:\Users\datea\.vscode\extensions\redhat.java-1.11.0-win32-x64\jre\17.0.4.1-win32-x86_64\bin\server\jvm.dll
0x00007ffadae30000 - 0x00007ffadaede000 	C:\WINDOWS\System32\ADVAPI32.dll
0x00007ffada140000 - 0x00007ffada1e6000 	C:\WINDOWS\System32\sechost.dll
0x00007ffadbb70000 - 0x00007ffadbc97000 	C:\WINDOWS\System32\RPCRT4.dll
0x00007ffada650000 - 0x00007ffada658000 	C:\WINDOWS\System32\PSAPI.DLL
0x00007ffad21e0000 - 0x00007ffad21ea000 	C:\WINDOWS\SYSTEM32\VERSION.dll
0x00007ffac1060000 - 0x00007ffac1069000 	C:\WINDOWS\SYSTEM32\WSOCK32.dll
0x00007ffadaee0000 - 0x00007ffadaf4f000 	C:\WINDOWS\System32\WS2_32.dll
0x00007ffad2210000 - 0x00007ffad2245000 	C:\WINDOWS\SYSTEM32\WINMM.dll
0x00007ffad81f0000 - 0x00007ffad8208000 	C:\WINDOWS\SYSTEM32\kernel.appcore.dll
0x00007ffad3450000 - 0x00007ffad345a000 	c:\Users\datea\.vscode\extensions\redhat.java-1.11.0-win32-x64\jre\17.0.4.1-win32-x86_64\bin\jimage.dll
0x00007ffad6b10000 - 0x00007ffad6d43000 	C:\WINDOWS\SYSTEM32\DBGHELP.DLL
0x00007ffadaf60000 - 0x00007ffadb2e2000 	C:\WINDOWS\System32\combase.dll
0x00007ffada2f0000 - 0x00007ffada3c8000 	C:\WINDOWS\System32\OLEAUT32.dll
0x00007ffac4400000 - 0x00007ffac4432000 	C:\WINDOWS\SYSTEM32\dbgcore.DLL
0x00007ffad9be0000 - 0x00007ffad9c59000 	C:\WINDOWS\System32\bcryptPrimitives.dll
0x00007ffab7f50000 - 0x00007ffab7f75000 	c:\Users\datea\.vscode\extensions\redhat.java-1.11.0-win32-x64\jre\17.0.4.1-win32-x86_64\bin\java.dll
0x00007ffab7bd0000 - 0x00007ffab7be8000 	c:\Users\datea\.vscode\extensions\redhat.java-1.11.0-win32-x64\jre\17.0.4.1-win32-x86_64\bin\zip.dll
0x00007ffadb380000 - 0x00007ffadbb50000 	C:\WINDOWS\System32\SHELL32.dll
0x00007ffad7180000 - 0x00007ffad7a1a000 	C:\WINDOWS\SYSTEM32\windows.storage.dll
0x00007ffad6fe0000 - 0x00007ffad7173000 	C:\WINDOWS\SYSTEM32\wintypes.dll
0x00007ffada560000 - 0x00007ffada64b000 	C:\WINDOWS\System32\SHCORE.dll
0x00007ffada8d0000 - 0x00007ffada92d000 	C:\WINDOWS\System32\shlwapi.dll
0x00007ffad91a0000 - 0x00007ffad91c1000 	C:\WINDOWS\SYSTEM32\profapi.dll
0x00007ffab6990000 - 0x00007ffab69a9000 	C:\Users\datea\.vscode\extensions\redhat.java-1.11.0-win32-x64\jre\17.0.4.1-win32-x86_64\bin\net.dll
0x00007ffad2060000 - 0x00007ffad218b000 	C:\WINDOWS\SYSTEM32\WINHTTP.dll
0x00007ffad86d0000 - 0x00007ffad8739000 	C:\WINDOWS\system32\mswsock.dll
0x00007ffab6970000 - 0x00007ffab6985000 	C:\Users\datea\.vscode\extensions\redhat.java-1.11.0-win32-x64\jre\17.0.4.1-win32-x86_64\bin\nio.dll
0x00007ffab5ec0000 - 0x00007ffab5ed0000 	c:\Users\datea\.vscode\extensions\redhat.java-1.11.0-win32-x64\jre\17.0.4.1-win32-x86_64\bin\verify.dll
0x00007ffad44f0000 - 0x00007ffad44f9000 	C:\Users\datea\.vscode\extensions\redhat.java-1.11.0-win32-x64\jre\17.0.4.1-win32-x86_64\bin\management.dll
0x00007ffad35f0000 - 0x00007ffad35fb000 	C:\Users\datea\.vscode\extensions\redhat.java-1.11.0-win32-x64\jre\17.0.4.1-win32-x86_64\bin\management_ext.dll
0x00007ffad4600000 - 0x00007ffad4617000 	C:\WINDOWS\system32\napinsp.dll
0x00007ffad4500000 - 0x00007ffad451a000 	C:\WINDOWS\system32\pnrpnsp.dll
0x00007ffa781d0000 - 0x00007ffa781f1000 	C:\WINDOWS\system32\nlansp_c.dll
0x00007ffad7d50000 - 0x00007ffad7e4f000 	C:\WINDOWS\SYSTEM32\DNSAPI.dll
0x00007ffad7cc0000 - 0x00007ffad7cee000 	C:\WINDOWS\SYSTEM32\IPHLPAPI.DLL
0x00007ffada9a0000 - 0x00007ffada9a9000 	C:\WINDOWS\System32\NSI.dll
0x00007ffad3be0000 - 0x00007ffad3bf1000 	C:\WINDOWS\System32\winrnr.dll
0x00007ffaa04d0000 - 0x00007ffaa04e5000 	C:\WINDOWS\system32\wshbth.dll
0x00007ffad0570000 - 0x00007ffad057a000 	C:\Windows\System32\rasadhlp.dll
0x00007ffad1330000 - 0x00007ffad13b4000 	C:\WINDOWS\System32\fwpuclnt.dll
0x00007ffad8950000 - 0x00007ffad896b000 	C:\WINDOWS\SYSTEM32\CRYPTSP.dll
0x00007ffad8150000 - 0x00007ffad8184000 	C:\WINDOWS\system32\rsaenh.dll
0x00007ffad87d0000 - 0x00007ffad87f8000 	C:\WINDOWS\SYSTEM32\USERENV.dll
0x00007ffad8b10000 - 0x00007ffad8b38000 	C:\WINDOWS\SYSTEM32\bcrypt.dll
0x00007ffad8970000 - 0x00007ffad897c000 	C:\WINDOWS\SYSTEM32\CRYPTBASE.dll
0x00007ffad2040000 - 0x00007ffad2059000 	C:\WINDOWS\SYSTEM32\dhcpcsvc6.DLL
0x00007ffad1f40000 - 0x00007ffad1f5f000 	C:\WINDOWS\SYSTEM32\dhcpcsvc.DLL

dbghelp: loaded successfully - version: 4.0.5 - missing functions: none
symbol engine: initialized successfully - sym options: 0x614 - pdb path: .;c:\Users\datea\.vscode\extensions\redhat.java-1.11.0-win32-x64\jre\17.0.4.1-win32-x86_64\bin;C:\WINDOWS\SYSTEM32;C:\WINDOWS\WinSxS\amd64_microsoft.windows.common-controls_6595b64144ccf1df_6.0.25227.1000_none_7b35d90bf2068bf3;c:\Users\datea\.vscode\extensions\redhat.java-1.11.0-win32-x64\jre\17.0.4.1-win32-x86_64\bin\server

VM Arguments:
jvm_args: -Dsts.lsp.client=vscode -Dsts.log.file=/dev/null -XX:TieredStopAtLevel=1 -Xlog:jni+resolve=off -Dspring.config.location=file:c:\Users\datea\.vscode\extensions\pivotal.vscode-spring-boot-1.40.0\language-server\BOOT-INF\classes\application.properties 
java_command: org.springframework.ide.vscode.boot.app.BootLanguageServerBootApp
java_class_path (initial): c:\Users\datea\.vscode\extensions\pivotal.vscode-spring-boot-1.40.0\language-server\BOOT-INF\classes;c:\Users\datea\.vscode\extensions\pivotal.vscode-spring-boot-1.40.0\language-server\BOOT-INF\lib\annotations-23.0.0.jar;c:\Users\datea\.vscode\extensions\pivotal.vscode-spring-boot-1.40.0\language-server\BOOT-INF\lib\ant-1.10.12.jar;c:\Users\datea\.vscode\extensions\pivotal.vscode-spring-boot-1.40.0\language-server\BOOT-INF\lib\ant-launcher-1.10.12.jar;c:\Users\datea\.vscode\extensions\pivotal.vscode-spring-boot-1.40.0\language-server\BOOT-INF\lib\antlr-runtime-3.5.2.jar;c:\Users\datea\.vscode\extensions\pivotal.vscode-spring-boot-1.40.0\language-server\BOOT-INF\lib\antlr4-4.9.3.jar;c:\Users\datea\.vscode\extensions\pivotal.vscode-spring-boot-1.40.0\language-server\BOOT-INF\lib\antlr4-runtime-4.9.3.jar;c:\Users\datea\.vscode\extensions\pivotal.vscode-spring-boot-1.40.0\language-server\BOOT-INF\lib\asm-9.3.jar;c:\Users\datea\.vscode\extensions\pivotal.vscode-spring-boot-1.40.0\language-server\BOOT-INF\lib\asm-analysis-9.3.jar;c:\Users\datea\.vscode\extensions\pivotal.vscode-spring-boot-1.40.0\language-server\BOOT-INF\lib\asm-tree-9.3.jar;c:\Users\datea\.vscode\extensions\pivotal.vscode-spring-boot-1.40.0\language-server\BOOT-INF\lib\asm-util-9.3.jar;c:\Users\datea\.vscode\extensions\pivotal.vscode-spring-boot-1.40.0\language-server\BOOT-INF\lib\byte-buddy-1.12.13.jar;c:\Users\datea\.vscode\extensions\pivotal.vscode-spring-boot-1.40.0\language-server\BOOT-INF\lib\caffeine-2.9.3.jar;c:\Users\datea\.vscode\extensions\pivotal.vscode-spring-boot-1.40.0\language-server\BOOT-INF\lib\checker-qual-3.12.0.jar;c:\Users\datea\.vscode\extensions\pivotal.vscode-spring-boot-1.40.0\language-server\BOOT-INF\lib\classgraph-4.8.149.jar;c:\Users\datea\.vscode\extensions\pivotal.vscode-spring-boot-1.40.0\language-server\BOOT-INF\lib\commons-codec-1.15.jar;c:\Users\datea\.vscode\extensions\pivotal.vscode-spring-boot-1.40.0\language-server\BOOT-INF\lib\commons-c
Launcher Type: SUN_STANDARD

[Global flags]
     intx CICompilerCount                          = 4                                         {product} {ergonomic}
     uint ConcGCThreads                            = 2                                         {product} {ergonomic}
     uint G1ConcRefinementThreads                  = 8                                         {product} {ergonomic}
   size_t G1HeapRegionSize                         = 1048576                                   {product} {ergonomic}
    uintx GCDrainStackTargetSize                   = 64                                        {product} {ergonomic}
   size_t InitialHeapSize                          = 132120576                                 {product} {ergonomic}
   size_t MarkStackSize                            = 4194304                                   {product} {ergonomic}
   size_t MaxHeapSize                              = 2095054848                                {product} {ergonomic}
   size_t MaxNewSize                               = 1256194048                                {product} {ergonomic}
   size_t MinHeapDeltaBytes                        = 1048576                                   {product} {ergonomic}
   size_t MinHeapSize                              = 8388608                                   {product} {ergonomic}
    uintx NonProfiledCodeHeapSize                  = 0                                      {pd product} {ergonomic}
     bool ProfileInterpreter                       = false                                  {pd product} {command line}
    uintx ProfiledCodeHeapSize                     = 0                                      {pd product} {ergonomic}
   size_t SoftMaxHeapSize                          = 2095054848                             {manageable} {ergonomic}
     intx TieredStopAtLevel                        = 1                                         {product} {command line}
     bool UseCompressedClassPointers               = true                           {product lp64_product} {ergonomic}
     bool UseCompressedOops                        = true                           {product lp64_product} {ergonomic}
     bool UseG1GC                                  = true                                      {product} {ergonomic}
     bool UseLargePagesIndividualAllocation        = false                                  {pd product} {ergonomic}

Logging:
Log output configuration:
 #0: stdout all=warning,jni+resolve=off uptime,level,tags
 #1: stderr all=off uptime,level,tags

Environment Variables:
PATH=C:\Program Files\Java\jdk-15.0.2\bin;C:\Program Files\Common Files\Oracle\Java\javapath;C:\WINDOWS\system32;C:\WINDOWS;C:\WINDOWS\System32\Wbem;C:\WINDOWS\System32\WindowsPowerShell\v1.0\;C:\WINDOWS\System32\OpenSSH\;C:\Program Files\Azure Data Studio\bin;C:\Program Files\Microsoft SQL Server\Client SDK\ODBC\170\Tools\Binn\;C:\Program Files (x86)\Microsoft SQL Server\150\Tools\Binn\;C:\Program Files\Microsoft SQL Server\150\Tools\Binn\;C:\Program Files\Microsoft SQL Server\150\DTS\Binn\;C:\Program Files (x86)\Microsoft SQL Server\150\DTS\Binn\;C:\Program Files (x86)\GitExtensions\;F:\xampp\php;C:\ProgramData\ComposerSetup\bin;C:\xampp\php;C:\Program Files\Git\cmd;C:\Users\datea\AppData\Local\Microsoft\WindowsApps;C:\Users\datea\AppData\Local\Programs\Microsoft VS Code\bin;;C:\Program Files\Azure Data Studio\bin;C:\Users\datea\AppData\Roaming\Composer\vendor\bin
USERNAME=datea
OS=Windows_NT
PROCESSOR_IDENTIFIER=Intel64 Family 6 Model 126 Stepping 5, GenuineIntel
TMP=C:\Users\datea\AppData\Local\Temp
TEMP=C:\Users\datea\AppData\Local\Temp



---------------  S Y S T E M  ---------------

OS:
 Windows 11 , 64 bit Build 25227 (10.0.25227.1000)
OS uptime: 1 days 8:12 hours
Hyper-V role detected

CPU: total 8 (initial active 8) (4 cores per cpu, 2 threads per core) family 6 model 126 stepping 5 microcode 0xa6, cx8, cmov, fxsr, ht, mmx, 3dnowpref, sse, sse2, sse3, ssse3, sse4.1, sse4.2, popcnt, lzcnt, tsc, tscinvbit, avx, avx2, aes, erms, clmul, bmi1, bmi2, adx, avx512f, avx512dq, avx512cd, avx512bw, avx512vl, sha, fma, vzeroupper, avx512_vpopcntdq, avx512_vpclmulqdq, avx512_vaes, avx512_vnni, clflush, clflushopt, avx512_vbmi2, avx512_vbmi, hv

Memory: 4k page, system-wide physical 7987M (475M free)
TotalPageFile size 12083M (AvailPageFile size 12M)
current process WorkingSet (physical memory assigned to process): 360M, peak: 366M
current process commit charge ("private bytes"): 424M, peak: 871M

vm_info: OpenJDK 64-Bit Server VM (17.0.4.1+1) for windows-amd64 JRE (17.0.4.1+1), built on Aug 17 2022 07:42:43 by "temurin" with MS VC++ 16.7 (VS2019)

END.
