#
# There is insufficient memory for the Java Runtime Environment to continue.
# Native memory allocation (malloc) failed to allocate 2097152 bytes for AllocateHeap
# Possible reasons:
#   The system is out of physical RAM or swap space
#   The process is running with CompressedOops enabled, and the Java Heap may be blocking the growth of the native heap
# Possible solutions:
#   Reduce memory load on the system
#   Increase physical memory or swap space
#   Check if swap backing store is full
#   Decrease Java heap size (-Xmx/-Xms)
#   Decrease number of Java threads
#   Decrease Java thread stack sizes (-Xss)
#   Set larger code cache with -XX:ReservedCodeCacheSize=
#   JVM is running with Unscaled Compressed Oops mode in which the Java heap is
#     placed in the first 4GB address space. The Java Heap base address is the
#     maximum limit for the native heap growth. Please use -XX:HeapBaseMinAddress
#     to set the Java Heap base and to place the Java Heap above 4GB virtual address.
# This output file may be truncated or incomplete.
#
#  Out of Memory Error (allocation.cpp:44), pid=51788, tid=52176
#
# JRE version: OpenJDK Runtime Environment Temurin-17.0.5+8 (17.0.5+8) (build 17.0.5+8)
# Java VM: OpenJDK 64-Bit Server VM Temurin-17.0.5+8 (17.0.5+8, mixed mode, emulated-client, sharing, tiered, compressed oops, compressed class ptrs, g1 gc, windows-amd64)
# No core dump will be written. Minidumps are not enabled by default on client versions of Windows
#

---------------  S U M M A R Y ------------

Command Line: -Dsts.lsp.client=vscode -Dsts.log.file=/dev/null -XX:TieredStopAtLevel=1 -Xlog:jni+resolve=off -Dspring.config.location=file:c:\Users\datea\.vscode\extensions\pivotal.vscode-spring-boot-1.40.0\language-server\BOOT-INF\classes\application.properties org.springframework.ide.vscode.boot.app.BootLanguageServerBootApp

Host: Intel(R) Core(TM) i5-1035G1 CPU @ 1.00GHz, 8 cores, 7G,  Windows 11 , 64 bit Build 25236 (10.0.25236.1000)
Time: Sat Nov  5 18:15:34 2022 SE Asia Standard Time elapsed time: 1241.329105 seconds (0d 0h 20m 41s)

---------------  T H R E A D  ---------------

Current thread (0x000002051453e320):  VMThread "VM Thread" [stack: 0x0000003f0c600000,0x0000003f0c700000] [id=52176]

Stack: [0x0000003f0c600000,0x0000003f0c700000]
Native frames: (J=compiled Java code, j=interpreted, Vv=VM code, C=native code)
V  [jvm.dll+0x676b3a]
V  [jvm.dll+0x831444]
V  [jvm.dll+0x832bee]
V  [jvm.dll+0x833253]
V  [jvm.dll+0x244ce5]
V  [jvm.dll+0xa631f]
V  [jvm.dll+0x2f4f91]
V  [jvm.dll+0x2f0c10]
V  [jvm.dll+0x2d92f7]
V  [jvm.dll+0x31c3b7]
V  [jvm.dll+0x8376fb]
V  [jvm.dll+0x838434]
V  [jvm.dll+0x83894c]
V  [jvm.dll+0x838d24]
V  [jvm.dll+0x838df0]
V  [jvm.dll+0x7e17ea]
V  [jvm.dll+0x6759e5]
C  [ucrtbase.dll+0x247cb]
C  [KERNEL32.DLL+0x1335d]
C  [ntdll.dll+0x67f38]

VM_Operation (0x0000003f0defecc0): G1CollectFull, mode: safepoint, requested by thread 0x00000205155df240


---------------  P R O C E S S  ---------------

Threads class SMR info:
_java_thread_list=0x00000205171988d0, length=27, elements={
0x0000020514541db0, 0x0000020514545980, 0x000002051455f5c0, 0x0000020514561e90,
0x0000020514562840, 0x00000205145631f0, 0x000002051456dc70, 0x0000020514591b70,
0x00000205151c2120, 0x00000205151c4ca0, 0x0000020516938130, 0x00000205155df240,
0x00000205158d9840, 0x0000020502460f40, 0x0000020516798740, 0x0000020515140f00,
0x00000205157a6c80, 0x0000020516ae28c0, 0x0000020516ae2d90, 0x000002051676a440,
0x0000020516c1cd30, 0x0000020516c19840, 0x0000020516c17690, 0x0000020516c16350,
0x0000020516c18030, 0x0000020516c16820, 0x0000020516c1c860
}

Java Threads: ( => current thread )
  0x0000020514541db0 JavaThread "Reference Handler" daemon [_thread_blocked, id=52532, stack(0x0000003f0c700000,0x0000003f0c800000)]
  0x0000020514545980 JavaThread "Finalizer" daemon [_thread_blocked, id=41948, stack(0x0000003f0c800000,0x0000003f0c900000)]
  0x000002051455f5c0 JavaThread "Signal Dispatcher" daemon [_thread_blocked, id=52160, stack(0x0000003f0c900000,0x0000003f0ca00000)]
  0x0000020514561e90 JavaThread "Attach Listener" daemon [_thread_blocked, id=52796, stack(0x0000003f0ca00000,0x0000003f0cb00000)]
  0x0000020514562840 JavaThread "Service Thread" daemon [_thread_blocked, id=50700, stack(0x0000003f0cb00000,0x0000003f0cc00000)]
  0x00000205145631f0 JavaThread "Monitor Deflation Thread" daemon [_thread_blocked, id=16064, stack(0x0000003f0cc00000,0x0000003f0cd00000)]
  0x000002051456dc70 JavaThread "C1 CompilerThread0" daemon [_thread_blocked, id=48676, stack(0x0000003f0cd00000,0x0000003f0ce00000)]
  0x0000020514591b70 JavaThread "Sweeper thread" daemon [_thread_blocked, id=52188, stack(0x0000003f0ce00000,0x0000003f0cf00000)]
  0x00000205151c2120 JavaThread "Notification Thread" daemon [_thread_blocked, id=47680, stack(0x0000003f0d200000,0x0000003f0d300000)]
  0x00000205151c4ca0 JavaThread "Common-Cleaner" daemon [_thread_blocked, id=41096, stack(0x0000003f0d400000,0x0000003f0d500000)]
  0x0000020516938130 JavaThread "boundedElastic-evictor-1" daemon [_thread_blocked, id=49160, stack(0x0000003f0dc00000,0x0000003f0dd00000)]
  0x00000205155df240 JavaThread "pool-9-thread-1" [_thread_blocked, id=40200, stack(0x0000003f0de00000,0x0000003f0df00000)]
  0x00000205158d9840 JavaThread "LanguageServerApp-lifecycle" [_thread_blocked, id=46636, stack(0x0000003f0df00000,0x0000003f0e000000)]
  0x0000020502460f40 JavaThread "DestroyJavaVM" [_thread_blocked, id=51756, stack(0x0000003f0c000000,0x0000003f0c100000)]
  0x0000020516798740 JavaThread "pool-10-thread-1" [_thread_in_native, id=48844, stack(0x0000003f0e000000,0x0000003f0e100000)]
  0x0000020515140f00 JavaThread "Simple-Language-Server main thread" daemon [_thread_blocked, id=48420, stack(0x0000003f0e100000,0x0000003f0e200000)]
  0x00000205157a6c80 JavaThread "pool-7-thread-1" [_thread_blocked, id=53464, stack(0x0000003f0e300000,0x0000003f0e400000)]
  0x0000020516ae28c0 JavaThread "parallel-1" daemon [_thread_blocked, id=36836, stack(0x0000003f0e400000,0x0000003f0e500000)]
  0x0000020516ae2d90 JavaThread "parallel-2" daemon [_thread_blocked, id=52388, stack(0x0000003f0e500000,0x0000003f0e600000)]
  0x000002051676a440 JavaThread "Reconciler-1" daemon [_thread_blocked, id=45656, stack(0x0000003f0e600000,0x0000003f0e700000)]
  0x0000020516c1cd30 JavaThread "parallel-3" daemon [_thread_blocked, id=42788, stack(0x0000003f0d100000,0x0000003f0d200000)]
  0x0000020516c19840 JavaThread "pool-5-thread-1" [_thread_blocked, id=52556, stack(0x0000003f0fd00000,0x0000003f0fe00000)]
  0x0000020516c17690 JavaThread "parallel-4" daemon [_thread_blocked, id=39036, stack(0x0000003f0fe00000,0x0000003f0ff00000)]
  0x0000020516c16350 JavaThread "parallel-5" daemon [_thread_blocked, id=27360, stack(0x0000003f10000000,0x0000003f10100000)]
  0x0000020516c18030 JavaThread "parallel-6" daemon [_thread_blocked, id=14712, stack(0x0000003f10100000,0x0000003f10200000)]
  0x0000020516c16820 JavaThread "parallel-7" daemon [_thread_blocked, id=4840, stack(0x0000003f10200000,0x0000003f10300000)]
  0x0000020516c1c860 JavaThread "parallel-8" daemon [_thread_blocked, id=50772, stack(0x0000003f10300000,0x0000003f10400000)]

Other Threads:
=>0x000002051453e320 VMThread "VM Thread" [stack: 0x0000003f0c600000,0x0000003f0c700000] [id=52176]
  0x00000205151c2a00 WatcherThread [stack: 0x0000003f0d300000,0x0000003f0d400000] [id=47476]
  0x00000205024bad40 GCTaskThread "GC Thread#0" [stack: 0x0000003f0c100000,0x0000003f0c200000] [id=49452]
  0x0000020515a5f3b0 GCTaskThread "GC Thread#1" [stack: 0x0000003f0d500000,0x0000003f0d600000] [id=53792]
  0x0000020515a5f660 GCTaskThread "GC Thread#2" [stack: 0x0000003f0d600000,0x0000003f0d700000] [id=48652]
  0x0000020515a9b270 GCTaskThread "GC Thread#3" [stack: 0x0000003f0d700000,0x0000003f0d800000] [id=52184]
  0x0000020515a9b520 GCTaskThread "GC Thread#4" [stack: 0x0000003f0d800000,0x0000003f0d900000] [id=34448]
  0x0000020515aa37e0 GCTaskThread "GC Thread#5" [stack: 0x0000003f0d900000,0x0000003f0da00000] [id=48588]
  0x0000020516442360 GCTaskThread "GC Thread#6" [stack: 0x0000003f0da00000,0x0000003f0db00000] [id=49788]
  0x0000020516442610 GCTaskThread "GC Thread#7" [stack: 0x0000003f0db00000,0x0000003f0dc00000] [id=47548]
  0x00000205024cb7a0 ConcurrentGCThread "G1 Main Marker" [stack: 0x0000003f0c200000,0x0000003f0c300000] [id=49248]
  0x00000205024cd960 ConcurrentGCThread "G1 Conc#0" [stack: 0x0000003f0c300000,0x0000003f0c400000] [id=53068]
  0x0000020516a2b950 ConcurrentGCThread "G1 Conc#1" [stack: 0x0000003f0dd00000,0x0000003f0de00000] [id=54256]
  0x000002050250e200 ConcurrentGCThread "G1 Refine#0" [stack: 0x0000003f0c400000,0x0000003f0c500000] [id=51020]
  0x0000020516c8af70 ConcurrentGCThread "G1 Refine#1" [stack: 0x0000003f0fb00000,0x0000003f0fc00000] [id=49684]
  0x000002051592b740 ConcurrentGCThread "G1 Refine#2" [stack: 0x0000003f0fc00000,0x0000003f0fd00000] [id=53912]
  0x0000020518cecc30 ConcurrentGCThread "G1 Refine#3" [stack: 0x0000003f0e700000,0x0000003f0e800000] [id=50612]
  0x0000020518cec950 ConcurrentGCThread "G1 Refine#4" [stack: 0x0000003f0e800000,0x0000003f0e900000] [id=51468]
  0x0000020518ceb250 ConcurrentGCThread "G1 Refine#5" [stack: 0x0000003f0e900000,0x0000003f0ea00000] [id=52960]
  0x0000020518ceb530 ConcurrentGCThread "G1 Refine#6" [stack: 0x0000003f0ea00000,0x0000003f0eb00000] [id=47192]
  0x000002050250ec20 ConcurrentGCThread "G1 Service" [stack: 0x0000003f0c500000,0x0000003f0c600000] [id=52460]

Threads with active compile tasks:

VM state: at safepoint (normal execution)

VM Mutex/Monitor currently owned by a thread:  ([mutex/lock_event])
[0x000002050245ac50] Threads_lock - owner thread: 0x000002051453e320
[0x000002050245b3a0] Heap_lock - owner thread: 0x00000205155df240

Heap address: 0x0000000083200000, size: 1998 MB, Compressed Oops mode: 32-bit

CDS archive(s) mapped at: [0x0000000800000000-0x0000000800bc0000-0x0000000800bc0000), size 12320768, SharedBaseAddress: 0x0000000800000000, ArchiveRelocationMode: 0.
Compressed class space mapped at: 0x0000000800c00000-0x0000000840c00000, reserved size: 1073741824
Narrow klass base: 0x0000000800000000, Narrow klass shift: 0, Narrow klass range: 0x100000000

GC Precious Log:
 CPUs: 8 total, 8 available
 Memory: 7987M
 Large Page Support: Disabled
 NUMA Support: Disabled
 Compressed Oops: Enabled (32-bit)
 Heap Region Size: 1M
 Heap Min Capacity: 8M
 Heap Initial Capacity: 126M
 Heap Max Capacity: 1998M
 Pre-touch: Disabled
 Parallel Workers: 8
 Concurrent Workers: 2
 Concurrent Refinement Workers: 8
 Periodic GC: Disabled

Heap:
 garbage-first heap   total 133120K, used 38790K [0x0000000083200000, 0x0000000100000000)
  region size 1024K, 1 young (1024K), 0 survivors (0K)
 Metaspace       used 47237K, committed 47936K, reserved 1097728K
  class space    used 6428K, committed 6720K, reserved 1048576K

Heap Regions: E=young(eden), S=young(survivor), O=old, HS=humongous(starts), HC=humongous(continues), CS=collection set, F=free, OA=open archive, CA=closed archive, TAMS=top-at-mark-start (previous, next)
|   0|0x0000000083200000, 0x0000000083300000, 0x0000000083300000|100%| O|  |TAMS 0x0000000083300000, 0x0000000083200000| Untracked 
|   1|0x0000000083300000, 0x00000000833ffff0, 0x0000000083400000| 99%| O|  |TAMS 0x00000000833ffff0, 0x0000000083300000| Untracked 
|   2|0x0000000083400000, 0x00000000834fffe0, 0x0000000083500000| 99%| O|  |TAMS 0x00000000834fffe0, 0x0000000083400000| Untracked 
|   3|0x0000000083500000, 0x00000000835fffd8, 0x0000000083600000| 99%| O|  |TAMS 0x00000000835fffd8, 0x0000000083500000| Untracked 
|   4|0x0000000083600000, 0x0000000083700000, 0x0000000083700000|100%| O|  |TAMS 0x0000000083700000, 0x0000000083600000| Untracked 
|   5|0x0000000083700000, 0x00000000837eeb38, 0x0000000083800000| 93%| O|  |TAMS 0x0000000083700000, 0x0000000083700000| Untracked 
|   6|0x0000000083800000, 0x00000000838fffd0, 0x0000000083900000| 99%| O|  |TAMS 0x00000000838fffd0, 0x0000000083800000| Untracked 
|   7|0x0000000083900000, 0x0000000083a00000, 0x0000000083a00000|100%| O|  |TAMS 0x0000000083a00000, 0x0000000083900000| Untracked 
|   8|0x0000000083a00000, 0x0000000083affff8, 0x0000000083b00000| 99%| O|  |TAMS 0x0000000083affff8, 0x0000000083a00000| Untracked 
|   9|0x0000000083b00000, 0x0000000083bfffe8, 0x0000000083c00000| 99%| O|  |TAMS 0x0000000083bfffe8, 0x0000000083b00000| Untracked 
|  10|0x0000000083c00000, 0x0000000083cfffc0, 0x0000000083d00000| 99%| O|  |TAMS 0x0000000083cfffc0, 0x0000000083c00000| Untracked 
|  11|0x0000000083d00000, 0x0000000083dfff70, 0x0000000083e00000| 99%| O|  |TAMS 0x0000000083dfff70, 0x0000000083d00000| Untracked 
|  12|0x0000000083e00000, 0x0000000083efff90, 0x0000000083f00000| 99%| O|  |TAMS 0x0000000083efff90, 0x0000000083e00000| Untracked 
|  13|0x0000000083f00000, 0x0000000083ffffd0, 0x0000000084000000| 99%| O|  |TAMS 0x0000000083ffffd0, 0x0000000083f00000| Untracked 
|  14|0x0000000084000000, 0x00000000840fffb0, 0x0000000084100000| 99%| O|  |TAMS 0x00000000840fffb0, 0x0000000084000000| Untracked 
|  15|0x0000000084100000, 0x00000000841ffff8, 0x0000000084200000| 99%| O|  |TAMS 0x00000000841ffff8, 0x0000000084100000| Untracked 
|  16|0x0000000084200000, 0x0000000084300000, 0x0000000084300000|100%| O|  |TAMS 0x0000000084300000, 0x0000000084200000| Untracked 
|  17|0x0000000084300000, 0x00000000843fcdb0, 0x0000000084400000| 98%| O|  |TAMS 0x00000000843fcdb0, 0x0000000084300000| Untracked 
|  18|0x0000000084400000, 0x00000000844ffe80, 0x0000000084500000| 99%| O|  |TAMS 0x00000000844ffe80, 0x0000000084400000| Untracked 
|  19|0x0000000084500000, 0x00000000845fa1b8, 0x0000000084600000| 97%| O|  |TAMS 0x00000000845fa1b8, 0x0000000084500000| Untracked 
|  20|0x0000000084600000, 0x00000000846fffc0, 0x0000000084700000| 99%| O|  |TAMS 0x00000000846fffc0, 0x0000000084600000| Untracked 
|  21|0x0000000084700000, 0x00000000847fff98, 0x0000000084800000| 99%| O|  |TAMS 0x00000000847fff98, 0x0000000084700000| Untracked 
|  22|0x0000000084800000, 0x0000000084900000, 0x0000000084900000|100%| O|  |TAMS 0x0000000084900000, 0x0000000084800000| Untracked 
|  23|0x0000000084900000, 0x00000000849ffff8, 0x0000000084a00000| 99%| O|  |TAMS 0x00000000849ffff8, 0x0000000084900000| Untracked 
|  24|0x0000000084a00000, 0x0000000084affff8, 0x0000000084b00000| 99%| O|  |TAMS 0x0000000084affff8, 0x0000000084a00000| Untracked 
|  25|0x0000000084b00000, 0x0000000084bffff8, 0x0000000084c00000| 99%| O|  |TAMS 0x0000000084bffff8, 0x0000000084b00000| Untracked 
|  26|0x0000000084c00000, 0x0000000084cfffe0, 0x0000000084d00000| 99%| O|  |TAMS 0x0000000084cfffe0, 0x0000000084c00000| Untracked 
|  27|0x0000000084d00000, 0x0000000084dc1de0, 0x0000000084e00000| 75%| O|  |TAMS 0x0000000084d00000, 0x0000000084d00000| Untracked 
|  28|0x0000000084e00000, 0x0000000084effff8, 0x0000000084f00000| 99%| O|  |TAMS 0x0000000084effff8, 0x0000000084e00000| Untracked 
|  29|0x0000000084f00000, 0x0000000084ffffa8, 0x0000000085000000| 99%| O|  |TAMS 0x0000000084ffffa8, 0x0000000084f00000| Untracked 
|  30|0x0000000085000000, 0x00000000850ffff8, 0x0000000085100000| 99%| O|  |TAMS 0x00000000850ffff8, 0x0000000085000000| Untracked 
|  31|0x0000000085100000, 0x000000008513e528, 0x0000000085200000| 24%| O|  |TAMS 0x0000000085100000, 0x0000000085100000| Untracked 
|  32|0x0000000085200000, 0x0000000085200000, 0x0000000085300000|  0%| F|  |TAMS 0x0000000085200000, 0x0000000085200000| Untracked 
|  33|0x0000000085300000, 0x0000000085300000, 0x0000000085400000|  0%| F|  |TAMS 0x0000000085300000, 0x0000000085300000| Untracked 
|  34|0x0000000085400000, 0x0000000085400000, 0x0000000085500000|  0%| F|  |TAMS 0x0000000085400000, 0x0000000085400000| Untracked 
|  35|0x0000000085500000, 0x0000000085500000, 0x0000000085600000|  0%| F|  |TAMS 0x0000000085500000, 0x0000000085500000| Untracked 
|  36|0x0000000085600000, 0x0000000085600000, 0x0000000085700000|  0%| F|  |TAMS 0x0000000085600000, 0x0000000085600000| Untracked 
|  37|0x0000000085700000, 0x0000000085800000, 0x0000000085800000|100%| O|  |TAMS 0x0000000085800000, 0x0000000085700000| Untracked 
|  38|0x0000000085800000, 0x0000000085800000, 0x0000000085900000|  0%| F|  |TAMS 0x0000000085800000, 0x0000000085800000| Untracked 
|  39|0x0000000085900000, 0x00000000859fc240, 0x0000000085a00000| 98%| O|  |TAMS 0x00000000859fc240, 0x0000000085900000| Untracked 
|  40|0x0000000085a00000, 0x0000000085a00000, 0x0000000085b00000|  0%| F|  |TAMS 0x0000000085a00000, 0x0000000085a00000| Untracked 
|  41|0x0000000085b00000, 0x0000000085b00000, 0x0000000085c00000|  0%| F|  |TAMS 0x0000000085b00000, 0x0000000085b00000| Untracked 
|  42|0x0000000085c00000, 0x0000000085d00000, 0x0000000085d00000|100%| O|  |TAMS 0x0000000085d00000, 0x0000000085c00000| Untracked 
|  43|0x0000000085d00000, 0x0000000085d00000, 0x0000000085e00000|  0%| F|  |TAMS 0x0000000085d00000, 0x0000000085d00000| Untracked 
|  44|0x0000000085e00000, 0x0000000085e00000, 0x0000000085f00000|  0%| F|  |TAMS 0x0000000085e00000, 0x0000000085e00000| Untracked 
|  45|0x0000000085f00000, 0x0000000085f00000, 0x0000000086000000|  0%| F|  |TAMS 0x0000000085f00000, 0x0000000085f00000| Untracked 
|  46|0x0000000086000000, 0x0000000086000000, 0x0000000086100000|  0%| F|  |TAMS 0x0000000086000000, 0x0000000086000000| Untracked 
|  47|0x0000000086100000, 0x0000000086100000, 0x0000000086200000|  0%| F|  |TAMS 0x0000000086100000, 0x0000000086100000| Untracked 
|  48|0x0000000086200000, 0x0000000086200000, 0x0000000086300000|  0%| F|  |TAMS 0x0000000086200000, 0x0000000086200000| Untracked 
|  49|0x0000000086300000, 0x0000000086300000, 0x0000000086400000|  0%| F|  |TAMS 0x0000000086300000, 0x0000000086300000| Untracked 
|  50|0x0000000086400000, 0x0000000086400000, 0x0000000086500000|  0%| F|  |TAMS 0x0000000086400000, 0x0000000086400000| Untracked 
|  51|0x0000000086500000, 0x0000000086500000, 0x0000000086600000|  0%| F|  |TAMS 0x0000000086500000, 0x0000000086500000| Untracked 
|  52|0x0000000086600000, 0x0000000086600000, 0x0000000086700000|  0%| F|  |TAMS 0x0000000086600000, 0x0000000086600000| Untracked 
|  53|0x0000000086700000, 0x0000000086700000, 0x0000000086800000|  0%| F|  |TAMS 0x0000000086700000, 0x0000000086700000| Untracked 
|  54|0x0000000086800000, 0x0000000086800000, 0x0000000086900000|  0%| F|  |TAMS 0x0000000086800000, 0x0000000086800000| Untracked 
|  55|0x0000000086900000, 0x0000000086900000, 0x0000000086a00000|  0%| F|  |TAMS 0x0000000086900000, 0x0000000086900000| Untracked 
|  56|0x0000000086a00000, 0x0000000086a00000, 0x0000000086b00000|  0%| F|  |TAMS 0x0000000086a00000, 0x0000000086a00000| Untracked 
|  57|0x0000000086b00000, 0x0000000086b00000, 0x0000000086c00000|  0%| F|  |TAMS 0x0000000086b00000, 0x0000000086b00000| Untracked 
|  58|0x0000000086c00000, 0x0000000086c00000, 0x0000000086d00000|  0%| F|  |TAMS 0x0000000086c00000, 0x0000000086c00000| Untracked 
|  59|0x0000000086d00000, 0x0000000086d00000, 0x0000000086e00000|  0%| F|  |TAMS 0x0000000086d00000, 0x0000000086d00000| Untracked 
|  60|0x0000000086e00000, 0x0000000086e00000, 0x0000000086f00000|  0%| F|  |TAMS 0x0000000086e00000, 0x0000000086e00000| Untracked 
|  61|0x0000000086f00000, 0x0000000086f00000, 0x0000000087000000|  0%| F|  |TAMS 0x0000000086f00000, 0x0000000086f00000| Untracked 
|  62|0x0000000087000000, 0x0000000087000000, 0x0000000087100000|  0%| F|  |TAMS 0x0000000087000000, 0x0000000087000000| Untracked 
|  63|0x0000000087100000, 0x0000000087100000, 0x0000000087200000|  0%| F|  |TAMS 0x0000000087100000, 0x0000000087100000| Untracked 
|  64|0x0000000087200000, 0x0000000087200000, 0x0000000087300000|  0%| F|  |TAMS 0x0000000087200000, 0x0000000087200000| Untracked 
|  65|0x0000000087300000, 0x0000000087400000, 0x0000000087400000|100%| O|  |TAMS 0x0000000087400000, 0x0000000087300000| Untracked 
|  66|0x0000000087400000, 0x0000000087400000, 0x0000000087500000|  0%| F|  |TAMS 0x0000000087400000, 0x0000000087400000| Untracked 
|  67|0x0000000087500000, 0x0000000087500000, 0x0000000087600000|  0%| F|  |TAMS 0x0000000087500000, 0x0000000087500000| Untracked 
|  68|0x0000000087600000, 0x0000000087600000, 0x0000000087700000|  0%| F|  |TAMS 0x0000000087600000, 0x0000000087600000| Untracked 
|  69|0x0000000087700000, 0x0000000087700000, 0x0000000087800000|  0%| F|  |TAMS 0x0000000087700000, 0x0000000087700000| Untracked 
|  70|0x0000000087800000, 0x0000000087800000, 0x0000000087900000|  0%| F|  |TAMS 0x0000000087800000, 0x0000000087800000| Untracked 
|  71|0x0000000087900000, 0x0000000087900000, 0x0000000087a00000|  0%| F|  |TAMS 0x0000000087900000, 0x0000000087900000| Untracked 
|  72|0x0000000087a00000, 0x0000000087a00000, 0x0000000087b00000|  0%| F|  |TAMS 0x0000000087a00000, 0x0000000087a00000| Untracked 
|  73|0x0000000087b00000, 0x0000000087b00000, 0x0000000087c00000|  0%| F|  |TAMS 0x0000000087b00000, 0x0000000087b00000| Untracked 
|  74|0x0000000087c00000, 0x0000000087c00000, 0x0000000087d00000|  0%| F|  |TAMS 0x0000000087c00000, 0x0000000087c00000| Untracked 
|  75|0x0000000087d00000, 0x0000000087d00000, 0x0000000087e00000|  0%| F|  |TAMS 0x0000000087d00000, 0x0000000087d00000| Untracked 
|  76|0x0000000087e00000, 0x0000000087e00000, 0x0000000087f00000|  0%| F|  |TAMS 0x0000000087e00000, 0x0000000087e00000| Untracked 
|  77|0x0000000087f00000, 0x0000000087f00000, 0x0000000088000000|  0%| F|  |TAMS 0x0000000087f00000, 0x0000000087f00000| Untracked 
|  78|0x0000000088000000, 0x0000000088000000, 0x0000000088100000|  0%| F|  |TAMS 0x0000000088000000, 0x0000000088000000| Untracked 
|  79|0x0000000088100000, 0x0000000088100000, 0x0000000088200000|  0%| F|  |TAMS 0x0000000088100000, 0x0000000088100000| Untracked 
|  80|0x0000000088200000, 0x0000000088200000, 0x0000000088300000|  0%| F|  |TAMS 0x0000000088200000, 0x0000000088200000| Untracked 
|  81|0x0000000088300000, 0x0000000088300000, 0x0000000088400000|  0%| F|  |TAMS 0x0000000088300000, 0x0000000088300000| Untracked 
|  82|0x0000000088400000, 0x0000000088400000, 0x0000000088500000|  0%| F|  |TAMS 0x0000000088400000, 0x0000000088400000| Untracked 
|  83|0x0000000088500000, 0x0000000088500000, 0x0000000088600000|  0%| F|  |TAMS 0x0000000088500000, 0x0000000088500000| Untracked 
|  84|0x0000000088600000, 0x0000000088600000, 0x0000000088700000|  0%| F|  |TAMS 0x0000000088600000, 0x0000000088600000| Untracked 
|  85|0x0000000088700000, 0x0000000088700000, 0x0000000088800000|  0%| F|  |TAMS 0x0000000088700000, 0x0000000088700000| Untracked 
|  86|0x0000000088800000, 0x0000000088800000, 0x0000000088900000|  0%| F|  |TAMS 0x0000000088800000, 0x0000000088800000| Untracked 
|  87|0x0000000088900000, 0x0000000088900000, 0x0000000088a00000|  0%| F|  |TAMS 0x0000000088900000, 0x0000000088900000| Untracked 
|  88|0x0000000088a00000, 0x0000000088a00000, 0x0000000088b00000|  0%| F|  |TAMS 0x0000000088a00000, 0x0000000088a00000| Untracked 
|  89|0x0000000088b00000, 0x0000000088b00000, 0x0000000088c00000|  0%| F|  |TAMS 0x0000000088b00000, 0x0000000088b00000| Untracked 
|  90|0x0000000088c00000, 0x0000000088c00000, 0x0000000088d00000|  0%| F|  |TAMS 0x0000000088c00000, 0x0000000088c00000| Untracked 
|  91|0x0000000088d00000, 0x0000000088d00000, 0x0000000088e00000|  0%| F|  |TAMS 0x0000000088d00000, 0x0000000088d00000| Untracked 
|  92|0x0000000088e00000, 0x0000000088e00000, 0x0000000088f00000|  0%| F|  |TAMS 0x0000000088e00000, 0x0000000088e00000| Untracked 
|  93|0x0000000088f00000, 0x0000000088f00000, 0x0000000089000000|  0%| F|  |TAMS 0x0000000088f00000, 0x0000000088f00000| Untracked 
|  94|0x0000000089000000, 0x0000000089000000, 0x0000000089100000|  0%| F|  |TAMS 0x0000000089000000, 0x0000000089000000| Untracked 
|  95|0x0000000089100000, 0x0000000089100000, 0x0000000089200000|  0%| F|  |TAMS 0x0000000089100000, 0x0000000089100000| Untracked 
|  96|0x0000000089200000, 0x0000000089200000, 0x0000000089300000|  0%| F|  |TAMS 0x0000000089200000, 0x0000000089200000| Untracked 
|  97|0x0000000089300000, 0x0000000089300000, 0x0000000089400000|  0%| F|  |TAMS 0x0000000089300000, 0x0000000089300000| Untracked 
|  98|0x0000000089400000, 0x0000000089400000, 0x0000000089500000|  0%| F|  |TAMS 0x0000000089400000, 0x0000000089400000| Untracked 
|  99|0x0000000089500000, 0x0000000089500000, 0x0000000089600000|  0%| F|  |TAMS 0x0000000089500000, 0x0000000089500000| Untracked 
| 100|0x0000000089600000, 0x0000000089600000, 0x0000000089700000|  0%| F|  |TAMS 0x0000000089600000, 0x0000000089600000| Untracked 
| 101|0x0000000089700000, 0x0000000089700000, 0x0000000089800000|  0%| F|  |TAMS 0x0000000089700000, 0x0000000089700000| Untracked 
| 102|0x0000000089800000, 0x0000000089800000, 0x0000000089900000|  0%| F|  |TAMS 0x0000000089800000, 0x0000000089800000| Untracked 
| 103|0x0000000089900000, 0x0000000089900000, 0x0000000089a00000|  0%| F|  |TAMS 0x0000000089900000, 0x0000000089900000| Untracked 
| 104|0x0000000089a00000, 0x0000000089a00000, 0x0000000089b00000|  0%| F|  |TAMS 0x0000000089a00000, 0x0000000089a00000| Untracked 
| 105|0x0000000089b00000, 0x0000000089b00000, 0x0000000089c00000|  0%| F|  |TAMS 0x0000000089b00000, 0x0000000089b00000| Untracked 
| 106|0x0000000089c00000, 0x0000000089c00000, 0x0000000089d00000|  0%| F|  |TAMS 0x0000000089c00000, 0x0000000089c00000| Untracked 
| 107|0x0000000089d00000, 0x0000000089d00000, 0x0000000089e00000|  0%| F|  |TAMS 0x0000000089d00000, 0x0000000089d00000| Untracked 
| 108|0x0000000089e00000, 0x0000000089e00000, 0x0000000089f00000|  0%| F|  |TAMS 0x0000000089e00000, 0x0000000089e00000| Untracked 
| 109|0x0000000089f00000, 0x0000000089f00000, 0x000000008a000000|  0%| F|  |TAMS 0x0000000089f00000, 0x0000000089f00000| Untracked 
| 110|0x000000008a000000, 0x000000008a000000, 0x000000008a100000|  0%| F|  |TAMS 0x000000008a000000, 0x000000008a000000| Untracked 
| 111|0x000000008a100000, 0x000000008a100000, 0x000000008a200000|  0%| F|  |TAMS 0x000000008a100000, 0x000000008a100000| Untracked 
| 112|0x000000008a200000, 0x000000008a200000, 0x000000008a300000|  0%| F|  |TAMS 0x000000008a200000, 0x000000008a200000| Untracked 
| 113|0x000000008a300000, 0x000000008a300000, 0x000000008a400000|  0%| F|  |TAMS 0x000000008a300000, 0x000000008a300000| Untracked 
| 114|0x000000008a400000, 0x000000008a400000, 0x000000008a500000|  0%| F|  |TAMS 0x000000008a400000, 0x000000008a400000| Untracked 
| 115|0x000000008a500000, 0x000000008a500000, 0x000000008a600000|  0%| F|  |TAMS 0x000000008a500000, 0x000000008a500000| Untracked 
| 116|0x000000008a600000, 0x000000008a600000, 0x000000008a700000|  0%| F|  |TAMS 0x000000008a600000, 0x000000008a600000| Untracked 
| 117|0x000000008a700000, 0x000000008a700000, 0x000000008a800000|  0%| F|  |TAMS 0x000000008a700000, 0x000000008a700000| Untracked 
| 118|0x000000008a800000, 0x000000008a800000, 0x000000008a900000|  0%| F|  |TAMS 0x000000008a800000, 0x000000008a800000| Untracked 
| 119|0x000000008a900000, 0x000000008a900000, 0x000000008aa00000|  0%| F|  |TAMS 0x000000008a900000, 0x000000008a900000| Untracked 
| 120|0x000000008aa00000, 0x000000008aa00000, 0x000000008ab00000|  0%| F|  |TAMS 0x000000008aa00000, 0x000000008aa00000| Untracked 
| 121|0x000000008ab00000, 0x000000008ab00000, 0x000000008ac00000|  0%| F|  |TAMS 0x000000008ab00000, 0x000000008ab00000| Untracked 
| 122|0x000000008ac00000, 0x000000008ac00000, 0x000000008ad00000|  0%| F|  |TAMS 0x000000008ac00000, 0x000000008ac00000| Untracked 
| 123|0x000000008ad00000, 0x000000008ad00000, 0x000000008ae00000|  0%| F|  |TAMS 0x000000008ad00000, 0x000000008ad00000| Untracked 
| 124|0x000000008ae00000, 0x000000008ae00000, 0x000000008af00000|  0%| F|  |TAMS 0x000000008ae00000, 0x000000008ae00000| Untracked 
| 125|0x000000008af00000, 0x000000008af00000, 0x000000008b000000|  0%| F|  |TAMS 0x000000008af00000, 0x000000008af00000| Untracked 
| 126|0x000000008b000000, 0x000000008b0058a8, 0x000000008b100000|  2%| E|  |TAMS 0x000000008b000000, 0x000000008b000000| Complete 
| 137|0x000000008bb00000, 0x000000008bc00000, 0x000000008bc00000|100%|HS|  |TAMS 0x000000008bc00000, 0x000000008bb00000| Untracked 
| 139|0x000000008bd00000, 0x000000008be00000, 0x000000008be00000|100%| O|  |TAMS 0x000000008be00000, 0x000000008bd00000| Untracked 
| 158|0x000000008d000000, 0x000000008d100000, 0x000000008d100000|100%| O|  |TAMS 0x000000008d100000, 0x000000008d000000| Untracked 

Card table byte_map: [0x000002050d430000,0x000002050d820000] _byte_map_base: 0x000002050d017000

Marking Bits (Prev, Next): (CMBitMap*) 0x00000205024bb350, (CMBitMap*) 0x00000205024bb390
 Prev Bits: [0x000002050dc10000, 0x000002050fb48000)
 Next Bits: [0x000002050fb50000, 0x0000020511a88000)

Polling page: 0x0000020501c10000

Metaspace:

Usage:
  Non-class:     39.85 MB used.
      Class:      6.28 MB used.
       Both:     46.13 MB used.

Virtual space:
  Non-class space:       48.00 MB reserved,      40.25 MB ( 84%) committed,  6 nodes.
      Class space:        1.00 GB reserved,       6.56 MB ( <1%) committed,  1 nodes.
             Both:        1.05 GB reserved,      46.81 MB (  4%) committed. 

Chunk freelists:
   Non-Class:  3.20 MB
       Class:  1.50 MB
        Both:  4.69 MB

MaxMetaspaceSize: unlimited
CompressedClassSpaceSize: 1.00 GB
Initial GC threshold: 21.00 MB
Current GC threshold: 78.06 MB
CDS: on
MetaspaceReclaimPolicy: balanced
 - commit_granule_bytes: 65536.
 - commit_granule_words: 8192.
 - virtual_space_node_default_size: 1048576.
 - enlarge_chunks_in_place: 1.
 - new_chunks_are_fully_committed: 0.
 - uncommit_free_chunks: 1.
 - use_allocation_guard: 0.
 - handle_deallocations: 1.


Internal statistics:

num_allocs_failed_limit: 3.
num_arena_births: 576.
num_arena_deaths: 158.
num_vsnodes_births: 7.
num_vsnodes_deaths: 0.
num_space_committed: 749.
num_space_uncommitted: 0.
num_chunks_returned_to_freelist: 182.
num_chunks_taken_from_freelist: 2343.
num_chunk_merges: 58.
num_chunk_splits: 1659.
num_chunks_enlarged: 1276.
num_purges: 14.
num_inconsistent_stats: 0.

CodeCache: size=49152Kb used=21272Kb max_used=22251Kb free=27879Kb
 bounds [0x0000020509f30000, 0x000002050b520000, 0x000002050cf30000]
 total_blobs=11214 nmethods=10600 adapters=539
 compilation: enabled
              stopped_count=0, restarted_count=0
 full_count=0

Compilation events (20 events):
Event: 741.485 Thread 0x00000205196aac20 nmethod 10747 0x000002050b336a90 code [0x000002050b336c20, 0x000002050b336d08]
Event: 741.485 Thread 0x000002051456dc70 nmethod 10748 0x000002050b336290 code [0x000002050b336460, 0x000002050b3368c8]
Event: 746.848 Thread 0x000002051456dc70 10749       1       java.util.AbstractMap$SimpleImmutableEntry::getValue (5 bytes)
Event: 746.849 Thread 0x000002051456dc70 nmethod 10749 0x000002050b335f90 code [0x000002050b336120, 0x000002050b3361f8]
Event: 749.197 Thread 0x000002051456dc70 10750       1       org.eclipse.jdt.core.dom.TryStatement::accept0 (63 bytes)
Event: 749.198 Thread 0x000002051456dc70 nmethod 10750 0x000002050b335510 code [0x000002050b335760, 0x000002050b335c48]
Event: 749.310 Thread 0x000002051456dc70 10751       1       java.lang.invoke.LambdaForm$MH/0x00000008010d9c00::invoke (78 bytes)
Event: 749.310 Thread 0x000002051456dc70 nmethod 10751 0x000002050b334e10 code [0x000002050b334fe0, 0x000002050b3352a8]
Event: 1003.546 Thread 0x000002051456dc70 10752       1       java.lang.ProcessImpl::needsEscaping (167 bytes)
Event: 1003.548 Thread 0x000002051456dc70 nmethod 10752 0x000002050b334090 code [0x000002050b3342e0, 0x000002050b334a08]
Event: 1003.548 Thread 0x000002051456dc70 10753       1       java.lang.ProcessImpl::unQuote (40 bytes)
Event: 1003.549 Thread 0x000002051456dc70 nmethod 10753 0x000002050b333b90 code [0x000002050b333d40, 0x000002050b333f08]
Event: 1065.460 Thread 0x000002051456dc70 10754   !   1       java.io.FileOutputStream::close (69 bytes)
Event: 1065.509 Thread 0x000002051456dc70 nmethod 10754 0x000002050b333510 code [0x000002050b3336e0, 0x000002050b333a58]
Event: 1065.509 Thread 0x000002051456dc70 10755       1       java.io.FileOutputStream$1::<init> (10 bytes)
Event: 1065.509 Thread 0x000002051456dc70 nmethod 10755 0x000002050b333210 code [0x000002050b3333a0, 0x000002050b3334b8]
Event: 1065.509 Thread 0x000002051456dc70 10756       1       java.io.FileOutputStream$1::close (11 bytes)
Event: 1065.510 Thread 0x000002051456dc70 nmethod 10756 0x000002050b332b90 code [0x000002050b332d40, 0x000002050b333058]
Event: 1157.916 Thread 0x000002051456dc70 10757   !   1       java.lang.ref.Reference::processPendingReferences (118 bytes)
Event: 1157.916 Thread 0x000002051456dc70 nmethod 10757 0x000002050b331f90 code [0x000002050b3321e0, 0x000002050b332838]

GC Heap History (20 events):
Event: 1137.332 GC heap before
{Heap before GC invocations=137 (full 38):
 garbage-first heap   total 133120K, used 38790K [0x0000000083200000, 0x0000000100000000)
  region size 1024K, 1 young (1024K), 0 survivors (0K)
 Metaspace       used 47237K, committed 47936K, reserved 1097728K
  class space    used 6428K, committed 6720K, reserved 1048576K
}
Event: 1137.379 GC heap after
{Heap after GC invocations=138 (full 39):
 garbage-first heap   total 133120K, used 38790K [0x0000000083200000, 0x0000000100000000)
  region size 1024K, 0 young (0K), 0 survivors (0K)
 Metaspace       used 47237K, committed 47936K, reserved 1097728K
  class space    used 6428K, committed 6720K, reserved 1048576K
}
Event: 1147.591 GC heap before
{Heap before GC invocations=138 (full 39):
 garbage-first heap   total 133120K, used 38790K [0x0000000083200000, 0x0000000100000000)
  region size 1024K, 1 young (1024K), 0 survivors (0K)
 Metaspace       used 47237K, committed 47936K, reserved 1097728K
  class space    used 6428K, committed 6720K, reserved 1048576K
}
Event: 1147.628 GC heap after
{Heap after GC invocations=139 (full 40):
 garbage-first heap   total 133120K, used 38790K [0x0000000083200000, 0x0000000100000000)
  region size 1024K, 0 young (0K), 0 survivors (0K)
 Metaspace       used 47237K, committed 47936K, reserved 1097728K
  class space    used 6428K, committed 6720K, reserved 1048576K
}
Event: 1157.864 GC heap before
{Heap before GC invocations=139 (full 40):
 garbage-first heap   total 133120K, used 38790K [0x0000000083200000, 0x0000000100000000)
  region size 1024K, 1 young (1024K), 0 survivors (0K)
 Metaspace       used 47237K, committed 47936K, reserved 1097728K
  class space    used 6428K, committed 6720K, reserved 1048576K
}
Event: 1157.915 GC heap after
{Heap after GC invocations=140 (full 41):
 garbage-first heap   total 133120K, used 38790K [0x0000000083200000, 0x0000000100000000)
  region size 1024K, 0 young (0K), 0 survivors (0K)
 Metaspace       used 47237K, committed 47936K, reserved 1097728K
  class space    used 6428K, committed 6720K, reserved 1048576K
}
Event: 1168.121 GC heap before
{Heap before GC invocations=140 (full 41):
 garbage-first heap   total 133120K, used 38790K [0x0000000083200000, 0x0000000100000000)
  region size 1024K, 1 young (1024K), 0 survivors (0K)
 Metaspace       used 47237K, committed 47936K, reserved 1097728K
  class space    used 6428K, committed 6720K, reserved 1048576K
}
Event: 1168.163 GC heap after
{Heap after GC invocations=141 (full 42):
 garbage-first heap   total 133120K, used 38790K [0x0000000083200000, 0x0000000100000000)
  region size 1024K, 0 young (0K), 0 survivors (0K)
 Metaspace       used 47237K, committed 47936K, reserved 1097728K
  class space    used 6428K, committed 6720K, reserved 1048576K
}
Event: 1178.367 GC heap before
{Heap before GC invocations=141 (full 42):
 garbage-first heap   total 133120K, used 38790K [0x0000000083200000, 0x0000000100000000)
  region size 1024K, 1 young (1024K), 0 survivors (0K)
 Metaspace       used 47237K, committed 47936K, reserved 1097728K
  class space    used 6428K, committed 6720K, reserved 1048576K
}
Event: 1178.416 GC heap after
{Heap after GC invocations=142 (full 43):
 garbage-first heap   total 133120K, used 38790K [0x0000000083200000, 0x0000000100000000)
  region size 1024K, 0 young (0K), 0 survivors (0K)
 Metaspace       used 47237K, committed 47936K, reserved 1097728K
  class space    used 6428K, committed 6720K, reserved 1048576K
}
Event: 1188.632 GC heap before
{Heap before GC invocations=142 (full 43):
 garbage-first heap   total 133120K, used 38790K [0x0000000083200000, 0x0000000100000000)
  region size 1024K, 1 young (1024K), 0 survivors (0K)
 Metaspace       used 47237K, committed 47936K, reserved 1097728K
  class space    used 6428K, committed 6720K, reserved 1048576K
}
Event: 1188.681 GC heap after
{Heap after GC invocations=143 (full 44):
 garbage-first heap   total 133120K, used 38790K [0x0000000083200000, 0x0000000100000000)
  region size 1024K, 0 young (0K), 0 survivors (0K)
 Metaspace       used 47237K, committed 47936K, reserved 1097728K
  class space    used 6428K, committed 6720K, reserved 1048576K
}
Event: 1198.900 GC heap before
{Heap before GC invocations=143 (full 44):
 garbage-first heap   total 133120K, used 38790K [0x0000000083200000, 0x0000000100000000)
  region size 1024K, 1 young (1024K), 0 survivors (0K)
 Metaspace       used 47237K, committed 47936K, reserved 1097728K
  class space    used 6428K, committed 6720K, reserved 1048576K
}
Event: 1198.945 GC heap after
{Heap after GC invocations=144 (full 45):
 garbage-first heap   total 133120K, used 38790K [0x0000000083200000, 0x0000000100000000)
  region size 1024K, 0 young (0K), 0 survivors (0K)
 Metaspace       used 47237K, committed 47936K, reserved 1097728K
  class space    used 6428K, committed 6720K, reserved 1048576K
}
Event: 1209.153 GC heap before
{Heap before GC invocations=144 (full 45):
 garbage-first heap   total 133120K, used 38790K [0x0000000083200000, 0x0000000100000000)
  region size 1024K, 1 young (1024K), 0 survivors (0K)
 Metaspace       used 47237K, committed 47936K, reserved 1097728K
  class space    used 6428K, committed 6720K, reserved 1048576K
}
Event: 1209.203 GC heap after
{Heap after GC invocations=145 (full 46):
 garbage-first heap   total 133120K, used 38790K [0x0000000083200000, 0x0000000100000000)
  region size 1024K, 0 young (0K), 0 survivors (0K)
 Metaspace       used 47237K, committed 47936K, reserved 1097728K
  class space    used 6428K, committed 6720K, reserved 1048576K
}
Event: 1219.423 GC heap before
{Heap before GC invocations=145 (full 46):
 garbage-first heap   total 133120K, used 38790K [0x0000000083200000, 0x0000000100000000)
  region size 1024K, 1 young (1024K), 0 survivors (0K)
 Metaspace       used 47237K, committed 47936K, reserved 1097728K
  class space    used 6428K, committed 6720K, reserved 1048576K
}
Event: 1219.466 GC heap after
{Heap after GC invocations=146 (full 47):
 garbage-first heap   total 133120K, used 38790K [0x0000000083200000, 0x0000000100000000)
  region size 1024K, 0 young (0K), 0 survivors (0K)
 Metaspace       used 47237K, committed 47936K, reserved 1097728K
  class space    used 6428K, committed 6720K, reserved 1048576K
}
Event: 1229.690 GC heap before
{Heap before GC invocations=146 (full 47):
 garbage-first heap   total 133120K, used 38790K [0x0000000083200000, 0x0000000100000000)
  region size 1024K, 1 young (1024K), 0 survivors (0K)
 Metaspace       used 47237K, committed 47936K, reserved 1097728K
  class space    used 6428K, committed 6720K, reserved 1048576K
}
Event: 1229.735 GC heap after
{Heap after GC invocations=147 (full 48):
 garbage-first heap   total 133120K, used 38790K [0x0000000083200000, 0x0000000100000000)
  region size 1024K, 0 young (0K), 0 survivors (0K)
 Metaspace       used 47237K, committed 47936K, reserved 1097728K
  class space    used 6428K, committed 6720K, reserved 1048576K
}

Dll operation events (9 events):
Event: 0.022 Loaded shared library C:\Program Files\Eclipse Adoptium\jdk-17.0.5.8-hotspot\bin\java.dll
Event: 0.041 Loaded shared library C:\Program Files\Eclipse Adoptium\jdk-17.0.5.8-hotspot\bin\jsvml.dll
Event: 0.269 Loaded shared library C:\Program Files\Eclipse Adoptium\jdk-17.0.5.8-hotspot\bin\net.dll
Event: 0.273 Loaded shared library C:\Program Files\Eclipse Adoptium\jdk-17.0.5.8-hotspot\bin\nio.dll
Event: 0.284 Loaded shared library C:\Program Files\Eclipse Adoptium\jdk-17.0.5.8-hotspot\bin\zip.dll
Event: 0.731 Loaded shared library C:\Program Files\Eclipse Adoptium\jdk-17.0.5.8-hotspot\bin\verify.dll
Event: 0.750 Loaded shared library C:\Program Files\Eclipse Adoptium\jdk-17.0.5.8-hotspot\bin\jimage.dll
Event: 2.539 Loaded shared library C:\Program Files\Eclipse Adoptium\jdk-17.0.5.8-hotspot\bin\management.dll
Event: 2.546 Loaded shared library C:\Program Files\Eclipse Adoptium\jdk-17.0.5.8-hotspot\bin\management_ext.dll

Deoptimization events (20 events):
Event: 174.008 Thread 0x0000020516c19840 DEOPT PACKING pc=0x000002050a85a8cc sp=0x0000003f0fdfe840
Event: 174.008 Thread 0x0000020516c19840 DEOPT UNPACKING pc=0x0000020509f866e3 sp=0x0000003f0fdfdd20 mode 0
Event: 174.008 Thread 0x0000020516c19840 DEOPT PACKING pc=0x000002050aa35bd4 sp=0x0000003f0fdfe8e0
Event: 174.008 Thread 0x0000020516c19840 DEOPT UNPACKING pc=0x0000020509f866e3 sp=0x0000003f0fdfddc0 mode 0
Event: 299.672 Thread 0x0000020516c19840 DEOPT PACKING pc=0x000002050b0c35fe sp=0x0000003f0fdfd640
Event: 299.672 Thread 0x0000020516c19840 DEOPT UNPACKING pc=0x0000020509f866e3 sp=0x0000003f0fdfcb88 mode 3
Event: 311.891 Thread 0x0000020516c15e80 DEOPT PACKING pc=0x000002050b148f47 sp=0x0000003f0f7fdf00
Event: 311.891 Thread 0x0000020516c15e80 DEOPT UNPACKING pc=0x0000020509f866e3 sp=0x0000003f0f7fd938 mode 3
Event: 316.707 Thread 0x000002051676b2b0 DEOPT PACKING pc=0x000002050b24fde7 sp=0x0000003f0bffd780
Event: 316.707 Thread 0x000002051676b2b0 DEOPT UNPACKING pc=0x0000020509f866e3 sp=0x0000003f0bffcd50 mode 3
Event: 323.791 Thread 0x0000020516c19840 DEOPT PACKING pc=0x000002050b0868a8 sp=0x0000003f0fdfe6a0
Event: 323.791 Thread 0x0000020516c19840 DEOPT UNPACKING pc=0x0000020509f866e3 sp=0x0000003f0fdfdb90 mode 3
Event: 365.453 Thread 0x000002051676b2b0 DEOPT PACKING pc=0x000002050a47e920 sp=0x0000003f0bffd640
Event: 365.453 Thread 0x000002051676b2b0 DEOPT UNPACKING pc=0x0000020509f866e3 sp=0x0000003f0bffcbc0 mode 3
Event: 438.689 Thread 0x0000020516c15e80 DEOPT PACKING pc=0x000002050b2177c3 sp=0x0000003f0f7fea90
Event: 438.689 Thread 0x0000020516c15e80 DEOPT UNPACKING pc=0x0000020509f866e3 sp=0x0000003f0f7fdf68 mode 3
Event: 486.772 Thread 0x0000020516c19840 DEOPT PACKING pc=0x000002050b3eed0f sp=0x0000003f0fdfd840
Event: 486.772 Thread 0x0000020516c19840 DEOPT UNPACKING pc=0x0000020509f866e3 sp=0x0000003f0fdfcd48 mode 3
Event: 725.241 Thread 0x0000020516c19840 DEOPT PACKING pc=0x000002050b36d9d5 sp=0x0000003f0fdfdc40
Event: 725.241 Thread 0x0000020516c19840 DEOPT UNPACKING pc=0x0000020509f866e3 sp=0x0000003f0fdfd170 mode 3

Classes unloaded (20 events):
Event: 527.401 Thread 0x000002051453e320 Unloading class 0x0000000800c15000 'java/lang/invoke/LambdaForm$MH+0x0000000800c15000'
Event: 527.401 Thread 0x000002051453e320 Unloading class 0x0000000800c14c00 'java/lang/invoke/LambdaForm$MH+0x0000000800c14c00'
Event: 527.401 Thread 0x000002051453e320 Unloading class 0x0000000800c14800 'java/lang/invoke/LambdaForm$MH+0x0000000800c14800'
Event: 527.401 Thread 0x000002051453e320 Unloading class 0x0000000800c14000 'java/lang/invoke/LambdaForm$MH+0x0000000800c14000'
Event: 537.686 Thread 0x000002051453e320 Unloading class 0x0000000800ea1800 'java/lang/invoke/LambdaForm$MH+0x0000000800ea1800'
Event: 537.686 Thread 0x000002051453e320 Unloading class 0x0000000800ea1400 'java/lang/invoke/LambdaForm$MH+0x0000000800ea1400'
Event: 537.686 Thread 0x000002051453e320 Unloading class 0x0000000800ea1000 'java/lang/invoke/LambdaForm$MH+0x0000000800ea1000'
Event: 537.686 Thread 0x000002051453e320 Unloading class 0x0000000800ea0c00 'java/lang/invoke/LambdaForm$MH+0x0000000800ea0c00'
Event: 788.189 Thread 0x000002051453e320 Unloading class 0x00000008010d9800 'java/lang/invoke/LambdaForm$MH+0x00000008010d9800'
Event: 788.189 Thread 0x000002051453e320 Unloading class 0x00000008010d9400 'java/lang/invoke/LambdaForm$MH+0x00000008010d9400'
Event: 788.189 Thread 0x000002051453e320 Unloading class 0x00000008010d9000 'java/lang/invoke/LambdaForm$MH+0x00000008010d9000'
Event: 849.796 Thread 0x000002051453e320 Unloading class 0x0000000801282800 'jdk/internal/reflect/GeneratedMethodAccessor41'
Event: 849.796 Thread 0x000002051453e320 Unloading class 0x0000000801282400 'jdk/internal/reflect/GeneratedConstructorAccessor44'
Event: 849.796 Thread 0x000002051453e320 Unloading class 0x0000000801282000 'jdk/internal/reflect/GeneratedMethodAccessor40'
Event: 849.796 Thread 0x000002051453e320 Unloading class 0x0000000801281c00 'jdk/internal/reflect/GeneratedConstructorAccessor43'
Event: 849.796 Thread 0x000002051453e320 Unloading class 0x0000000801281800 'jdk/internal/reflect/GeneratedMethodAccessor39'
Event: 849.796 Thread 0x000002051453e320 Unloading class 0x0000000801281400 'jdk/internal/reflect/GeneratedMethodAccessor38'
Event: 849.796 Thread 0x000002051453e320 Unloading class 0x0000000801281000 'jdk/internal/reflect/GeneratedMethodAccessor37'
Event: 860.074 Thread 0x000002051453e320 Unloading class 0x0000000801280c00 'jdk/internal/reflect/GeneratedConstructorAccessor42'
Event: 860.074 Thread 0x000002051453e320 Unloading class 0x0000000801259c00 'jdk/internal/reflect/GeneratedConstructorAccessor39'

Classes redefined (0 events):
No events

Internal exceptions (20 events):
Event: 56.094 Thread 0x00000205155df240 Exception <a 'java/lang/NoSuchMethodError'{0x000000009df72748}: 'void java.lang.invoke.DirectMethodHandle$Holder.invokeStatic(java.lang.Object, long)'> (0x000000009df72748) 
thrown [s\src\hotspot\share\interpreter\linkResolver.cpp, line 759]
Event: 56.094 Thread 0x00000205155df240 Exception <a 'java/lang/NoSuchMethodError'{0x000000009df77af0}: 'java.lang.Object java.lang.invoke.DirectMethodHandle$Holder.newInvokeSpecial(java.lang.Object, long)'> (0x000000009df77af0) 
thrown [s\src\hotspot\share\interpreter\linkResolver.cpp, line 759]
Event: 56.096 Thread 0x00000205155df240 Exception <a 'java/lang/NoSuchMethodError'{0x000000009df7e3d8}: 'java.lang.Object java.lang.invoke.DirectMethodHandle$Holder.invokeStatic(java.lang.Object, java.lang.Object, long, java.lang.Object)'> (0x000000009df7e3d8) 
thrown [s\src\hotspot\share\interpreter\linkResolver.cpp, line 759]
Event: 56.096 Thread 0x00000205155df240 Exception <a 'java/lang/NoSuchMethodError'{0x000000009df81e70}: 'java.lang.Object java.lang.invoke.DirectMethodHandle$Holder.invokeStaticInit(java.lang.Object, java.lang.Object, long, java.lang.Object)'> (0x000000009df81e70) 
thrown [s\src\hotspot\share\interpreter\linkResolver.cpp, line 759]
Event: 56.096 Thread 0x00000205155df240 Exception <a 'java/lang/NoSuchMethodError'{0x000000009df881a0}: 'java.lang.Object java.lang.invoke.DirectMethodHandle$Holder.newInvokeSpecial(java.lang.Object, java.lang.Object, long)'> (0x000000009df881a0) 
thrown [s\src\hotspot\share\interpreter\linkResolver.cpp, line 759]
Event: 77.252 Thread 0x00000205157a7310 Implicit null exception at 0x000002050a0bdadb to 0x000002050a0be0bf
Event: 83.581 Thread 0x0000020516769aa0 Implicit null exception at 0x000002050aabc2f4 to 0x000002050aabceea
Event: 109.488 Thread 0x00000205157a7310 Implicit null exception at 0x000002050aa5c15a to 0x000002050aa5c3bd
Event: 109.849 Thread 0x0000020516769aa0 Exception <a 'java/lang/ArrayIndexOutOfBoundsException'{0x00000000881d4588}> (0x00000000881d4588) 
thrown [s\src\hotspot\share\runtime\sharedRuntime.cpp, line 628]
Event: 130.682 Thread 0x00000205157a7310 Implicit null exception at 0x000002050a97f538 to 0x000002050a97fe68
Event: 299.672 Thread 0x0000020516c19840 Implicit null exception at 0x000002050b0c2db6 to 0x000002050b0c35f9
Event: 316.707 Thread 0x000002051676b2b0 Implicit null exception at 0x000002050b24e0f4 to 0x000002050b24fde2
Event: 323.791 Thread 0x0000020516c19840 Implicit null exception at 0x000002050b086542 to 0x000002050b0868a3
Event: 365.453 Thread 0x000002051676b2b0 Implicit null exception at 0x000002050a47e15f to 0x000002050a47e91b
Event: 410.146 Thread 0x000002051676b2b0 Exception <a 'java/lang/NoSuchMethodError'{0x0000000089addd18}: 'java.lang.Object java.lang.invoke.DirectMethodHandle$Holder.invokeSpecial(java.lang.Object, java.lang.Object, int, java.lang.Object, java.lang.Object)'> (0x0000000089addd18) 
thrown [s\src\hotspot\share\interpreter\linkResolver.cpp, line 759]
Event: 410.147 Thread 0x000002051676b2b0 Exception <a 'java/lang/NoSuchMethodError'{0x0000000089ae5958}: 'java.lang.Object java.lang.invoke.DirectMethodHandle$Holder.newInvokeSpecial(java.lang.Object, java.lang.Object, int, java.lang.Object)'> (0x0000000089ae5958) 
thrown [s\src\hotspot\share\interpreter\linkResolver.cpp, line 759]
Event: 410.148 Thread 0x000002051676b2b0 Exception <a 'java/lang/NoSuchMethodError'{0x0000000089ae9278}: 'java.lang.Object java.lang.invoke.Invokers$Holder.linkToTargetMethod(java.lang.Object, int, java.lang.Object, java.lang.Object)'> (0x0000000089ae9278) 
thrown [s\src\hotspot\share\interpreter\linkResolver.cpp, line 759]
Event: 438.689 Thread 0x0000020516c15e80 Implicit null exception at 0x000002050b21648d to 0x000002050b2177be
Event: 486.772 Thread 0x0000020516c19840 Implicit null exception at 0x000002050b3eea7f to 0x000002050b3eed0a
Event: 725.241 Thread 0x0000020516c19840 Implicit null exception at 0x000002050b36d5d9 to 0x000002050b36d9d0

VM Operations (20 events):
Event: 1137.379 Executing VM operation: G1CollectFull done
Event: 1147.591 Executing VM operation: G1CollectFull
Event: 1147.628 Executing VM operation: G1CollectFull done
Event: 1157.864 Executing VM operation: G1CollectFull
Event: 1157.915 Executing VM operation: G1CollectFull done
Event: 1168.121 Executing VM operation: G1CollectFull
Event: 1168.163 Executing VM operation: G1CollectFull done
Event: 1178.366 Executing VM operation: G1CollectFull
Event: 1178.416 Executing VM operation: G1CollectFull done
Event: 1188.632 Executing VM operation: G1CollectFull
Event: 1188.681 Executing VM operation: G1CollectFull done
Event: 1198.900 Executing VM operation: G1CollectFull
Event: 1198.945 Executing VM operation: G1CollectFull done
Event: 1209.153 Executing VM operation: G1CollectFull
Event: 1209.203 Executing VM operation: G1CollectFull done
Event: 1219.423 Executing VM operation: G1CollectFull
Event: 1219.466 Executing VM operation: G1CollectFull done
Event: 1229.690 Executing VM operation: G1CollectFull
Event: 1229.735 Executing VM operation: G1CollectFull done
Event: 1240.311 Executing VM operation: G1CollectFull

Events (20 events):
Event: 639.905 Thread 0x0000020515950f30 Thread added: 0x0000020515950f30
Event: 639.905 Thread 0x00000205196aac20 Thread added: 0x00000205196aac20
Event: 640.926 Thread 0x00000205196aac20 Thread exited: 0x00000205196aac20
Event: 640.926 Thread 0x0000020515950f30 Thread exited: 0x0000020515950f30
Event: 648.836 Thread 0x0000020515953e20 Thread exited: 0x0000020515953e20
Event: 661.010 Thread 0x0000020515953e20 Thread added: 0x0000020515953e20
Event: 661.831 Thread 0x0000020515953e20 Thread exited: 0x0000020515953e20
Event: 684.264 Thread 0x000002051676c5f0 Thread exited: 0x000002051676c5f0
Event: 708.797 Thread 0x00000205167695d0 Thread added: 0x00000205167695d0
Event: 722.959 Thread 0x00000205196aac20 Thread added: 0x00000205196aac20
Event: 722.959 Thread 0x0000020518f72b60 Thread added: 0x0000020518f72b60
Event: 723.887 Thread 0x0000020518f72b60 Thread exited: 0x0000020518f72b60
Event: 724.483 Thread 0x00000205196aac20 Thread exited: 0x00000205196aac20
Event: 736.250 Thread 0x00000205196aac20 Thread added: 0x00000205196aac20
Event: 746.485 Thread 0x00000205196aac20 Thread exited: 0x00000205196aac20
Event: 764.268 Thread 0x00000205167695d0 Thread exited: 0x00000205167695d0
Event: 767.628 Thread 0x000002051676b780 Thread exited: 0x000002051676b780
Event: 810.285 Thread 0x0000020516c1d200 Thread exited: 0x0000020516c1d200
Event: 810.348 Thread 0x000002051676bc50 Thread exited: 0x000002051676bc50
Event: 870.290 Thread 0x00000205157a7310 Thread exited: 0x00000205157a7310


Dynamic libraries:
0x00007ff6409f0000 - 0x00007ff6409fe000 	C:\Program Files\Eclipse Adoptium\jdk-17.0.5.8-hotspot\bin\java.exe
0x00007ff9dd9d0000 - 0x00007ff9ddbea000 	C:\WINDOWS\SYSTEM32\ntdll.dll
0x00007ff9dd3f0000 - 0x00007ff9dd4b3000 	C:\WINDOWS\System32\KERNEL32.DLL
0x00007ff9dadb0000 - 0x00007ff9db14c000 	C:\WINDOWS\System32\KERNELBASE.dll
0x00007ff9d7d90000 - 0x00007ff9d7e26000 	C:\WINDOWS\SYSTEM32\apphelp.dll
0x00007ff9db270000 - 0x00007ff9db38b000 	C:\WINDOWS\System32\ucrtbase.dll
0x00007ff9cbf50000 - 0x00007ff9cbf67000 	C:\Program Files\Eclipse Adoptium\jdk-17.0.5.8-hotspot\bin\jli.dll
0x00007ff9ba870000 - 0x00007ff9ba889000 	C:\Program Files\Eclipse Adoptium\jdk-17.0.5.8-hotspot\bin\VCRUNTIME140.dll
0x00007ff9dd680000 - 0x00007ff9dd82a000 	C:\WINDOWS\System32\USER32.dll
0x00007ff9db520000 - 0x00007ff9db546000 	C:\WINDOWS\System32\win32u.dll
0x00007ff9dcfd0000 - 0x00007ff9dcff9000 	C:\WINDOWS\System32\GDI32.dll
0x00007ff9bf7d0000 - 0x00007ff9bfa61000 	C:\WINDOWS\WinSxS\amd64_microsoft.windows.common-controls_6595b64144ccf1df_6.0.25236.1000_none_7a88bdfad9396379\COMCTL32.dll
0x00007ff9db150000 - 0x00007ff9db266000 	C:\WINDOWS\System32\gdi32full.dll
0x00007ff9dd150000 - 0x00007ff9dd1f7000 	C:\WINDOWS\System32\msvcrt.dll
0x00007ff9db410000 - 0x00007ff9db4aa000 	C:\WINDOWS\System32\msvcp_win.dll
0x00007ff9dd950000 - 0x00007ff9dd980000 	C:\WINDOWS\System32\IMM32.DLL
0x00007ff9d5ac0000 - 0x00007ff9d5acc000 	C:\Program Files\Eclipse Adoptium\jdk-17.0.5.8-hotspot\bin\vcruntime140_1.dll
0x00007ff99c820000 - 0x00007ff99c8b1000 	C:\Program Files\Eclipse Adoptium\jdk-17.0.5.8-hotspot\bin\msvcp140.dll
0x00007ff996200000 - 0x00007ff996e44000 	C:\Program Files\Eclipse Adoptium\jdk-17.0.5.8-hotspot\bin\server\jvm.dll
0x00007ff9dd200000 - 0x00007ff9dd2ae000 	C:\WINDOWS\System32\ADVAPI32.dll
0x00007ff9dd2b0000 - 0x00007ff9dd356000 	C:\WINDOWS\System32\sechost.dll
0x00007ff9db790000 - 0x00007ff9db8b7000 	C:\WINDOWS\System32\RPCRT4.dll
0x00007ff9ce990000 - 0x00007ff9ce99a000 	C:\WINDOWS\SYSTEM32\VERSION.dll
0x00007ff9cd1f0000 - 0x00007ff9cd225000 	C:\WINDOWS\SYSTEM32\WINMM.dll
0x00007ff9d1fd0000 - 0x00007ff9d1fd9000 	C:\WINDOWS\SYSTEM32\WSOCK32.dll
0x00007ff9dd8d0000 - 0x00007ff9dd93f000 	C:\WINDOWS\System32\WS2_32.dll
0x00007ff9d9d30000 - 0x00007ff9d9d48000 	C:\WINDOWS\SYSTEM32\kernel.appcore.dll
0x00007ff9d1cd0000 - 0x00007ff9d1cda000 	C:\Program Files\Eclipse Adoptium\jdk-17.0.5.8-hotspot\bin\jimage.dll
0x00007ff9d8640000 - 0x00007ff9d8873000 	C:\WINDOWS\SYSTEM32\DBGHELP.DLL
0x00007ff9dc540000 - 0x00007ff9dc8c2000 	C:\WINDOWS\System32\combase.dll
0x00007ff9dc8d0000 - 0x00007ff9dc9a8000 	C:\WINDOWS\System32\OLEAUT32.dll
0x00007ff9c9f80000 - 0x00007ff9c9fb2000 	C:\WINDOWS\SYSTEM32\dbgcore.DLL
0x00007ff9db390000 - 0x00007ff9db409000 	C:\WINDOWS\System32\bcryptPrimitives.dll
0x00007ff9b9d30000 - 0x00007ff9b9d55000 	C:\Program Files\Eclipse Adoptium\jdk-17.0.5.8-hotspot\bin\java.dll
0x00007ff997680000 - 0x00007ff997756000 	C:\Program Files\Eclipse Adoptium\jdk-17.0.5.8-hotspot\bin\jsvml.dll
0x00007ff9db9c0000 - 0x00007ff9dc1ac000 	C:\WINDOWS\System32\SHELL32.dll
0x00007ff9d8cc0000 - 0x00007ff9d9558000 	C:\WINDOWS\SYSTEM32\windows.storage.dll
0x00007ff9d8b30000 - 0x00007ff9d8cbd000 	C:\WINDOWS\SYSTEM32\wintypes.dll
0x00007ff9dc440000 - 0x00007ff9dc52b000 	C:\WINDOWS\System32\SHCORE.dll
0x00007ff9dc1b0000 - 0x00007ff9dc20e000 	C:\WINDOWS\System32\shlwapi.dll
0x00007ff9dacd0000 - 0x00007ff9dacf1000 	C:\WINDOWS\SYSTEM32\profapi.dll
0x00007ff9ba3f0000 - 0x00007ff9ba409000 	C:\Program Files\Eclipse Adoptium\jdk-17.0.5.8-hotspot\bin\net.dll
0x00007ff9ce740000 - 0x00007ff9ce86e000 	C:\WINDOWS\SYSTEM32\WINHTTP.dll
0x00007ff9da200000 - 0x00007ff9da269000 	C:\WINDOWS\system32\mswsock.dll
0x00007ff9b99b0000 - 0x00007ff9b99c5000 	C:\Program Files\Eclipse Adoptium\jdk-17.0.5.8-hotspot\bin\nio.dll
0x00007ff9ba610000 - 0x00007ff9ba628000 	C:\Program Files\Eclipse Adoptium\jdk-17.0.5.8-hotspot\bin\zip.dll
0x00007ff9cf140000 - 0x00007ff9cf150000 	C:\Program Files\Eclipse Adoptium\jdk-17.0.5.8-hotspot\bin\verify.dll
0x00007ff9d3d80000 - 0x00007ff9d3d89000 	C:\Program Files\Eclipse Adoptium\jdk-17.0.5.8-hotspot\bin\management.dll
0x00007ff9d3d70000 - 0x00007ff9d3d7b000 	C:\Program Files\Eclipse Adoptium\jdk-17.0.5.8-hotspot\bin\management_ext.dll
0x00007ff9dd0d0000 - 0x00007ff9dd0d8000 	C:\WINDOWS\System32\PSAPI.DLL
0x00007ff9cef80000 - 0x00007ff9cef97000 	C:\WINDOWS\system32\napinsp.dll
0x00007ff9ccab0000 - 0x00007ff9ccaca000 	C:\WINDOWS\system32\pnrpnsp.dll
0x00007ff98c150000 - 0x00007ff98c171000 	C:\WINDOWS\system32\nlansp_c.dll
0x00007ff9d97e0000 - 0x00007ff9d98dd000 	C:\WINDOWS\SYSTEM32\DNSAPI.dll
0x00007ff9d97b0000 - 0x00007ff9d97de000 	C:\WINDOWS\SYSTEM32\IPHLPAPI.DLL
0x00007ff9dd000000 - 0x00007ff9dd009000 	C:\WINDOWS\System32\NSI.dll
0x00007ff9ba170000 - 0x00007ff9ba181000 	C:\WINDOWS\System32\winrnr.dll
0x00007ff9c0da0000 - 0x00007ff9c0db5000 	C:\WINDOWS\system32\wshbth.dll
0x00007ff9cc7b0000 - 0x00007ff9cc7ba000 	C:\Windows\System32\rasadhlp.dll
0x00007ff9ccb60000 - 0x00007ff9ccbe4000 	C:\WINDOWS\System32\fwpuclnt.dll
0x00007ff9da480000 - 0x00007ff9da49b000 	C:\WINDOWS\SYSTEM32\CRYPTSP.dll
0x00007ff9d9c90000 - 0x00007ff9d9cc4000 	C:\WINDOWS\system32\rsaenh.dll
0x00007ff9da300000 - 0x00007ff9da328000 	C:\WINDOWS\SYSTEM32\USERENV.dll
0x00007ff9da640000 - 0x00007ff9da668000 	C:\WINDOWS\SYSTEM32\bcrypt.dll
0x00007ff9da4a0000 - 0x00007ff9da4ac000 	C:\WINDOWS\SYSTEM32\CRYPTBASE.dll
0x00007ff9cd430000 - 0x00007ff9cd449000 	C:\WINDOWS\SYSTEM32\dhcpcsvc6.DLL
0x00007ff9cd1c0000 - 0x00007ff9cd1df000 	C:\WINDOWS\SYSTEM32\dhcpcsvc.DLL

dbghelp: loaded successfully - version: 4.0.5 - missing functions: none
symbol engine: initialized successfully - sym options: 0x614 - pdb path: .;C:\Program Files\Eclipse Adoptium\jdk-17.0.5.8-hotspot\bin;C:\WINDOWS\SYSTEM32;C:\WINDOWS\WinSxS\amd64_microsoft.windows.common-controls_6595b64144ccf1df_6.0.25236.1000_none_7a88bdfad9396379;C:\Program Files\Eclipse Adoptium\jdk-17.0.5.8-hotspot\bin\server

VM Arguments:
jvm_args: -Dsts.lsp.client=vscode -Dsts.log.file=/dev/null -XX:TieredStopAtLevel=1 -Xlog:jni+resolve=off -Dspring.config.location=file:c:\Users\datea\.vscode\extensions\pivotal.vscode-spring-boot-1.40.0\language-server\BOOT-INF\classes\application.properties 
java_command: org.springframework.ide.vscode.boot.app.BootLanguageServerBootApp
java_class_path (initial): c:\Users\datea\.vscode\extensions\pivotal.vscode-spring-boot-1.40.0\language-server\BOOT-INF\classes;c:\Users\datea\.vscode\extensions\pivotal.vscode-spring-boot-1.40.0\language-server\BOOT-INF\lib\annotations-23.0.0.jar;c:\Users\datea\.vscode\extensions\pivotal.vscode-spring-boot-1.40.0\language-server\BOOT-INF\lib\ant-1.10.12.jar;c:\Users\datea\.vscode\extensions\pivotal.vscode-spring-boot-1.40.0\language-server\BOOT-INF\lib\ant-launcher-1.10.12.jar;c:\Users\datea\.vscode\extensions\pivotal.vscode-spring-boot-1.40.0\language-server\BOOT-INF\lib\antlr-runtime-3.5.2.jar;c:\Users\datea\.vscode\extensions\pivotal.vscode-spring-boot-1.40.0\language-server\BOOT-INF\lib\antlr4-4.9.3.jar;c:\Users\datea\.vscode\extensions\pivotal.vscode-spring-boot-1.40.0\language-server\BOOT-INF\lib\antlr4-runtime-4.9.3.jar;c:\Users\datea\.vscode\extensions\pivotal.vscode-spring-boot-1.40.0\language-server\BOOT-INF\lib\asm-9.3.jar;c:\Users\datea\.vscode\extensions\pivotal.vscode-spring-boot-1.40.0\language-server\BOOT-INF\lib\asm-analysis-9.3.jar;c:\Users\datea\.vscode\extensions\pivotal.vscode-spring-boot-1.40.0\language-server\BOOT-INF\lib\asm-tree-9.3.jar;c:\Users\datea\.vscode\extensions\pivotal.vscode-spring-boot-1.40.0\language-server\BOOT-INF\lib\asm-util-9.3.jar;c:\Users\datea\.vscode\extensions\pivotal.vscode-spring-boot-1.40.0\language-server\BOOT-INF\lib\byte-buddy-1.12.13.jar;c:\Users\datea\.vscode\extensions\pivotal.vscode-spring-boot-1.40.0\language-server\BOOT-INF\lib\caffeine-2.9.3.jar;c:\Users\datea\.vscode\extensions\pivotal.vscode-spring-boot-1.40.0\language-server\BOOT-INF\lib\checker-qual-3.12.0.jar;c:\Users\datea\.vscode\extensions\pivotal.vscode-spring-boot-1.40.0\language-server\BOOT-INF\lib\classgraph-4.8.149.jar;c:\Users\datea\.vscode\extensions\pivotal.vscode-spring-boot-1.40.0\language-server\BOOT-INF\lib\commons-codec-1.15.jar;c:\Users\datea\.vscode\extensions\pivotal.vscode-spring-boot-1.40.0\language-server\BOOT-INF\lib\commons-c
Launcher Type: SUN_STANDARD

[Global flags]
     intx CICompilerCount                          = 4                                         {product} {ergonomic}
     uint ConcGCThreads                            = 2                                         {product} {ergonomic}
     uint G1ConcRefinementThreads                  = 8                                         {product} {ergonomic}
   size_t G1HeapRegionSize                         = 1048576                                   {product} {ergonomic}
    uintx GCDrainStackTargetSize                   = 64                                        {product} {ergonomic}
   size_t InitialHeapSize                          = 132120576                                 {product} {ergonomic}
   size_t MarkStackSize                            = 4194304                                   {product} {ergonomic}
   size_t MaxHeapSize                              = 2095054848                                {product} {ergonomic}
   size_t MaxNewSize                               = 1256194048                                {product} {ergonomic}
   size_t MinHeapDeltaBytes                        = 1048576                                   {product} {ergonomic}
   size_t MinHeapSize                              = 8388608                                   {product} {ergonomic}
    uintx NonProfiledCodeHeapSize                  = 0                                      {pd product} {ergonomic}
     bool ProfileInterpreter                       = false                                  {pd product} {command line}
    uintx ProfiledCodeHeapSize                     = 0                                      {pd product} {ergonomic}
   size_t SoftMaxHeapSize                          = 2095054848                             {manageable} {ergonomic}
     intx TieredStopAtLevel                        = 1                                         {product} {command line}
     bool UseCompressedClassPointers               = true                           {product lp64_product} {ergonomic}
     bool UseCompressedOops                        = true                           {product lp64_product} {ergonomic}
     bool UseG1GC                                  = true                                      {product} {ergonomic}
     bool UseLargePagesIndividualAllocation        = false                                  {pd product} {ergonomic}

Logging:
Log output configuration:
 #0: stdout all=warning,jni+resolve=off uptime,level,tags
 #1: stderr all=off uptime,level,tags

Environment Variables:
PATH=C:\Program Files\Eclipse Adoptium\jdk-17.0.5.8-hotspot\bin;C:\Program Files\Java\jdk-15.0.2\bin;C:\Program Files\Common Files\Oracle\Java\javapath;C:\WINDOWS\system32;C:\WINDOWS;C:\WINDOWS\System32\Wbem;C:\WINDOWS\System32\WindowsPowerShell\v1.0\;C:\WINDOWS\System32\OpenSSH\;C:\Program Files\Azure Data Studio\bin;C:\Program Files\Microsoft SQL Server\Client SDK\ODBC\170\Tools\Binn\;C:\Program Files (x86)\Microsoft SQL Server\150\Tools\Binn\;C:\Program Files\Microsoft SQL Server\150\Tools\Binn\;C:\Program Files\Microsoft SQL Server\150\DTS\Binn\;C:\Program Files (x86)\Microsoft SQL Server\150\DTS\Binn\;C:\Program Files (x86)\GitExtensions\;F:\xampp\php;C:\ProgramData\ComposerSetup\bin;C:\xampp\php;C:\Program Files\Git\cmd;C:\Program Files\nodejs\;C:\Users\datea\AppData\Local\Microsoft\WindowsApps;C:\Users\datea\AppData\Local\Programs\Microsoft VS Code\bin;;C:\Program Files\Azure Data Studio\bin;C:\Users\datea\AppData\Roaming\Composer\vendor\bin;C:\Users\datea\AppData\Roaming\npm
USERNAME=datea
OS=Windows_NT
PROCESSOR_IDENTIFIER=Intel64 Family 6 Model 126 Stepping 5, GenuineIntel
TMP=C:\Users\datea\AppData\Local\Temp
TEMP=C:\Users\datea\AppData\Local\Temp



---------------  S Y S T E M  ---------------

OS:
 Windows 11 , 64 bit Build 25236 (10.0.25236.1000)
OS uptime: 0 days 22:33 hours
Hyper-V role detected

CPU: total 8 (initial active 8) (4 cores per cpu, 2 threads per core) family 6 model 126 stepping 5 microcode 0xa6, cx8, cmov, fxsr, ht, mmx, 3dnowpref, sse, sse2, sse3, ssse3, sse4.1, sse4.2, popcnt, lzcnt, tsc, tscinvbit, avx, avx2, aes, erms, clmul, bmi1, bmi2, adx, avx512f, avx512dq, avx512cd, avx512bw, avx512vl, sha, fma, vzeroupper, avx512_vpopcntdq, avx512_vpclmulqdq, avx512_vaes, avx512_vnni, clflush, clflushopt, avx512_vbmi2, avx512_vbmi, hv

Memory: 4k page, system-wide physical 7987M (469M free)
TotalPageFile size 12083M (AvailPageFile size 51M)
current process WorkingSet (physical memory assigned to process): 239M, peak: 722M
current process commit charge ("private bytes"): 313M, peak: 671M

vm_info: OpenJDK 64-Bit Server VM (17.0.5+8) for windows-amd64 JRE (17.0.5+8), built on Oct 19 2022 04:48:13 by "temurin" with MS VC++ 16.7 (VS2019)

END.
