#
# There is insufficient memory for the Java Runtime Environment to continue.
# Native memory allocation (mmap) failed to map 195035136 bytes for G1 virtual space
# Possible reasons:
#   The system is out of physical RAM or swap space
#   The process is running with CompressedOops enabled, and the Java Heap may be blocking the growth of the native heap
# Possible solutions:
#   Reduce memory load on the system
#   Increase physical memory or swap space
#   Check if swap backing store is full
#   Decrease Java heap size (-Xmx/-Xms)
#   Decrease number of Java threads
#   Decrease Java thread stack sizes (-Xss)
#   Set larger code cache with -XX:ReservedCodeCacheSize=
#   JVM is running with Unscaled Compressed Oops mode in which the Java heap is
#     placed in the first 4GB address space. The Java Heap base address is the
#     maximum limit for the native heap growth. Please use -XX:HeapBaseMinAddress
#     to set the Java Heap base and to place the Java Heap above 4GB virtual address.
# This output file may be truncated or incomplete.
#
#  Out of Memory Error (os_windows.cpp:3541), pid=43952, tid=33952
#
# JRE version: OpenJDK Runtime Environment Temurin-17.0.4.1+1 (17.0.4.1+1) (build 17.0.4.1+1)
# Java VM: OpenJDK 64-Bit Server VM Temurin-17.0.4.1+1 (17.0.4.1+1, mixed mode, emulated-client, tiered, compressed oops, compressed class ptrs, g1 gc, windows-amd64)
# No core dump will be written. Minidumps are not enabled by default on client versions of Windows
#

---------------  S U M M A R Y ------------

Command Line: -Dsts.lsp.client=vscode -Dsts.log.file=/dev/null -XX:TieredStopAtLevel=1 -Xlog:jni+resolve=off -Dspring.config.location=file:c:\Users\datea\.vscode\extensions\pivotal.vscode-spring-boot-1.39.0\language-server\BOOT-INF\classes\application.properties org.springframework.ide.vscode.boot.app.BootLanguageServerBootApp

Host: Intel(R) Core(TM) i5-1035G1 CPU @ 1.00GHz, 8 cores, 7G,  Windows 11 , 64 bit Build 25217 (10.0.25217.1000)
Time: Mon Oct 10 15:42:27 2022 SE Asia Standard Time elapsed time: 6.389251 seconds (0d 0h 0m 6s)

---------------  T H R E A D  ---------------

Current thread (0x000001de99b56150):  VMThread "VM Thread" [stack: 0x000000762cd00000,0x000000762ce00000] [id=33952]

Stack: [0x000000762cd00000,0x000000762ce00000]
Native frames: (J=compiled Java code, j=interpreted, Vv=VM code, C=native code)
V  [jvm.dll+0x67731a]
V  [jvm.dll+0x832284]
V  [jvm.dll+0x833a2e]
V  [jvm.dll+0x834093]
V  [jvm.dll+0x245775]
V  [jvm.dll+0x674209]
V  [jvm.dll+0x668a92]
V  [jvm.dll+0x30471b]
V  [jvm.dll+0x30bc66]
V  [jvm.dll+0x35ba9e]
V  [jvm.dll+0x35bccf]
V  [jvm.dll+0x2db5b8]
V  [jvm.dll+0x2d986c]
V  [jvm.dll+0x2d8e3c]
V  [jvm.dll+0x31cd9b]
V  [jvm.dll+0x83853b]
V  [jvm.dll+0x839274]
V  [jvm.dll+0x83978c]
V  [jvm.dll+0x839b64]
V  [jvm.dll+0x839c30]
V  [jvm.dll+0x7e240a]
V  [jvm.dll+0x6761a5]
C  [ucrtbase.dll+0x4b7eb]
C  [KERNEL32.DLL+0x1484d]
C  [ntdll.dll+0x67558]

VM_Operation (0x000000762eafe980): G1CollectForAllocation, mode: safepoint, requested by thread 0x000001de9c54e5e0


---------------  P R O C E S S  ---------------

Threads class SMR info:
_java_thread_list=0x000001de9c64f170, length=40, elements={
0x000001de9a4012d0, 0x000001de9a403da0, 0x000001de9a420060, 0x000001de9a420920,
0x000001de9a4211e0, 0x000001de9a421aa0, 0x000001de9a424370, 0x000001de9a430180,
0x000001de9a61efe0, 0x000001de9a643980, 0x000001de9a644000, 0x000001de9afee450,
0x000001de9afee960, 0x000001de9c1fb030, 0x000001de9c3919e0, 0x000001de9c519bd0,
0x000001de9c54d000, 0x000001de9c567470, 0x000001de9c569950, 0x000001de9c54e5e0,
0x000001de9c54eab0, 0x000001de9c56f9d0, 0x000001de9c570370, 0x000001de9c571b80,
0x000001de9c56f500, 0x000001de9c56e690, 0x000001de9c56fea0, 0x000001de9c5716b0,
0x000001de9c570d10, 0x000001de9c572050, 0x000001de9c570840, 0x000001de9c56eb60,
0x000001de9c5711e0, 0x000001de9c56f030, 0x000001de9e234300, 0x000001de9e238b30,
0x000001de9e232620, 0x000001de9e235b10, 0x000001de9e231c80, 0x000001de9e235640
}

Java Threads: ( => current thread )
  0x000001de9a4012d0 JavaThread "Reference Handler" daemon [_thread_blocked, id=48120, stack(0x000000762ce00000,0x000000762cf00000)]
  0x000001de9a403da0 JavaThread "Finalizer" daemon [_thread_blocked, id=43032, stack(0x000000762cf00000,0x000000762d000000)]
  0x000001de9a420060 JavaThread "Signal Dispatcher" daemon [_thread_blocked, id=34644, stack(0x000000762d000000,0x000000762d100000)]
  0x000001de9a420920 JavaThread "Attach Listener" daemon [_thread_blocked, id=47520, stack(0x000000762d100000,0x000000762d200000)]
  0x000001de9a4211e0 JavaThread "Service Thread" daemon [_thread_blocked, id=39156, stack(0x000000762d200000,0x000000762d300000)]
  0x000001de9a421aa0 JavaThread "Monitor Deflation Thread" daemon [_thread_blocked, id=37520, stack(0x000000762d300000,0x000000762d400000)]
  0x000001de9a424370 JavaThread "C1 CompilerThread0" daemon [_thread_blocked, id=45992, stack(0x000000762d400000,0x000000762d500000)]
  0x000001de9a430180 JavaThread "Sweeper thread" daemon [_thread_blocked, id=44944, stack(0x000000762d500000,0x000000762d600000)]
  0x000001de9a61efe0 JavaThread "C1 CompilerThread1" daemon [_thread_blocked, id=48048, stack(0x000000762d600000,0x000000762d700000)]
  0x000001de9a643980 JavaThread "Notification Thread" daemon [_thread_blocked, id=44376, stack(0x000000762d700000,0x000000762d800000)]
  0x000001de9a644000 JavaThread "Common-Cleaner" daemon [_thread_blocked, id=41696, stack(0x000000762d900000,0x000000762da00000)]
  0x000001de9afee450 JavaThread "C1 CompilerThread2" daemon [_thread_blocked, id=47260, stack(0x000000762da00000,0x000000762db00000)]
  0x000001de9afee960 JavaThread "C1 CompilerThread3" daemon [_thread_blocked, id=47220, stack(0x000000762db00000,0x000000762dc00000)]
  0x000001de9c1fb030 JavaThread "boundedElastic-evictor-1" daemon [_thread_blocked, id=41764, stack(0x000000762e100000,0x000000762e200000)]
  0x000001de9c3919e0 JavaThread "ForkJoinPool.commonPool-worker-1" daemon [_thread_blocked, id=39480, stack(0x000000762e500000,0x000000762e600000)]
  0x000001de9c519bd0 JavaThread "ClassGraph-worker-0" daemon [_thread_blocked, id=47212, stack(0x000000762e600000,0x000000762e700000)]
  0x000001de9c54d000 JavaThread "ClassGraph-worker-1" daemon [_thread_blocked, id=37048, stack(0x000000762e700000,0x000000762e800000)]
  0x000001de9c567470 JavaThread "ClassGraph-worker-2" daemon [_thread_blocked, id=47072, stack(0x000000762e800000,0x000000762e900000)]
  0x000001de9c569950 JavaThread "ClassGraph-worker-3" daemon [_thread_blocked, id=44996, stack(0x000000762e900000,0x000000762ea00000)]
  0x000001de9c54e5e0 JavaThread "ClassGraph-worker-4" daemon [_thread_blocked, id=23084, stack(0x000000762ea00000,0x000000762eb00000)]
  0x000001de9c54eab0 JavaThread "ClassGraph-worker-5" daemon [_thread_blocked, id=26576, stack(0x000000762eb00000,0x000000762ec00000)]
  0x000001de9c56f9d0 JavaThread "ClassGraph-worker-6" daemon [_thread_blocked, id=36516, stack(0x000000762ec00000,0x000000762ed00000)]
  0x000001de9c570370 JavaThread "ClassGraph-worker-7" daemon [_thread_blocked, id=35144, stack(0x000000762ed00000,0x000000762ee00000)]
  0x000001de9c571b80 JavaThread "ClassGraph-worker-8" daemon [_thread_blocked, id=42924, stack(0x000000762ee00000,0x000000762ef00000)]
  0x000001de9c56f500 JavaThread "ClassGraph-worker-9" daemon [_thread_blocked, id=38512, stack(0x000000762ef00000,0x000000762f000000)]
  0x000001de9c56e690 JavaThread "ClassGraph-worker-10" daemon [_thread_blocked, id=43244, stack(0x000000762f000000,0x000000762f100000)]
  0x000001de9c56fea0 JavaThread "ClassGraph-worker-11" daemon [_thread_blocked, id=31372, stack(0x000000762f100000,0x000000762f200000)]
  0x000001de9c5716b0 JavaThread "ClassGraph-worker-12" daemon [_thread_blocked, id=37156, stack(0x000000762f200000,0x000000762f300000)]
  0x000001de9c570d10 JavaThread "ClassGraph-worker-13" daemon [_thread_blocked, id=46464, stack(0x000000762f300000,0x000000762f400000)]
  0x000001de9c572050 JavaThread "pool-9-thread-1" [_thread_blocked, id=44504, stack(0x000000762f400000,0x000000762f500000)]
  0x000001de9c570840 JavaThread "LanguageServerApp-lifecycle" [_thread_blocked, id=44532, stack(0x000000762f500000,0x000000762f600000)]
  0x000001de9c56eb60 JavaThread "DestroyJavaVM" [_thread_blocked, id=44772, stack(0x000000762c700000,0x000000762c800000)]
  0x000001de9c5711e0 JavaThread "pool-10-thread-1" [_thread_blocked, id=47488, stack(0x000000762f600000,0x000000762f700000)]
  0x000001de9c56f030 JavaThread "Simple-Language-Server main thread" daemon [_thread_blocked, id=23616, stack(0x000000762f700000,0x000000762f800000)]
  0x000001de9e234300 JavaThread "pool-7-thread-1" [_thread_blocked, id=46796, stack(0x000000762f800000,0x000000762f900000)]
  0x000001de9e238b30 JavaThread "parallel-1" daemon [_thread_blocked, id=38904, stack(0x000000762f900000,0x000000762fa00000)]
  0x000001de9e232620 JavaThread "pool-4-thread-1" [_thread_blocked, id=44372, stack(0x000000762fa00000,0x000000762fb00000)]
  0x000001de9e235b10 JavaThread "ForkJoinPool.commonPool-worker-2" daemon [_thread_blocked, id=46128, stack(0x000000762fb00000,0x000000762fc00000)]
  0x000001de9e231c80 JavaThread "pool-4-thread-2" [_thread_blocked, id=43936, stack(0x000000762fc00000,0x000000762fd00000)]
  0x000001de9e235640 JavaThread "Reconciler-1" daemon [_thread_blocked, id=45792, stack(0x0000007630000000,0x0000007630100000)]

Other Threads:
=>0x000001de99b56150 VMThread "VM Thread" [stack: 0x000000762cd00000,0x000000762ce00000] [id=33952]
  0x000001de8a93fe10 WatcherThread [stack: 0x000000762d800000,0x000000762d900000] [id=46968]
  0x000001de8a91e6c0 GCTaskThread "GC Thread#0" [stack: 0x000000762c800000,0x000000762c900000] [id=47696]
  0x000001de9b04c6b0 GCTaskThread "GC Thread#1" [stack: 0x000000762dc00000,0x000000762dd00000] [id=47504]
  0x000001de9b04c960 GCTaskThread "GC Thread#2" [stack: 0x000000762dd00000,0x000000762de00000] [id=47208]
  0x000001de9b063510 GCTaskThread "GC Thread#3" [stack: 0x000000762de00000,0x000000762df00000] [id=43220]
  0x000001de9b09a110 GCTaskThread "GC Thread#4" [stack: 0x000000762df00000,0x000000762e000000] [id=28624]
  0x000001de9b09a3c0 GCTaskThread "GC Thread#5" [stack: 0x000000762e000000,0x000000762e100000] [id=46824]
  0x000001de9bda27f0 GCTaskThread "GC Thread#6" [stack: 0x000000762e200000,0x000000762e300000] [id=44848]
  0x000001de9bda6ab0 GCTaskThread "GC Thread#7" [stack: 0x000000762e300000,0x000000762e400000] [id=37876]
  0x000001de8a92f030 ConcurrentGCThread "G1 Main Marker" [stack: 0x000000762c900000,0x000000762ca00000] [id=31232]
  0x000001de8a930960 ConcurrentGCThread "G1 Conc#0" [stack: 0x000000762ca00000,0x000000762cb00000] [id=43176]
  0x000001de9bfb56a0 ConcurrentGCThread "G1 Conc#1" [stack: 0x000000762e400000,0x000000762e500000] [id=40032]
  0x000001de999c30e0 ConcurrentGCThread "G1 Refine#0" [stack: 0x000000762cb00000,0x000000762cc00000] [id=18312]
  0x000001de9e1cb330 ConcurrentGCThread "G1 Refine#1" [stack: 0x000000762fd00000,0x000000762fe00000] [id=37268]
  0x000001de9e27b560 ConcurrentGCThread "G1 Refine#2" [stack: 0x000000762fe00000,0x000000762ff00000] [id=47720]
  0x000001de9e2664e0 ConcurrentGCThread "G1 Refine#3" [stack: 0x000000762ff00000,0x0000007630000000] [id=40860]
  0x000001de999c3a10 ConcurrentGCThread "G1 Service" [stack: 0x000000762cc00000,0x000000762cd00000] [id=33612]

Threads with active compile tasks:
C1 CompilerThread0     6409 3652   !   1       nonapi.io.github.classgraph.reflection.ReflectionUtils::invokeMethod (106 bytes)
C1 CompilerThread1     6409 3696       1       io.github.classgraph.Classfile::readClassAttributes (863 bytes)
C1 CompilerThread2     6409 3662       1       java.util.zip.Inflater$InflaterZStreamRef::clean (10 bytes)
C1 CompilerThread3     6409 3661  s    1       java.util.zip.Inflater$InflaterZStreamRef::run (21 bytes)

VM state: at safepoint (normal execution)

VM Mutex/Monitor currently owned by a thread:  ([mutex/lock_event])
[0x000001de8a7747d0] Threads_lock - owner thread: 0x000001de99b56150
[0x000001de8a8c1480] Heap_lock - owner thread: 0x000001de9c54e5e0

Heap address: 0x0000000083200000, size: 1998 MB, Compressed Oops mode: 32-bit

CDS archive(s) not mapped
Compressed class space mapped at: 0x0000000100000000-0x0000000140000000, reserved size: 1073741824
Narrow klass base: 0x0000000000000000, Narrow klass shift: 3, Narrow klass range: 0x140000000

GC Precious Log:
 CPUs: 8 total, 8 available
 Memory: 7987M
 Large Page Support: Disabled
 NUMA Support: Disabled
 Compressed Oops: Enabled (32-bit)
 Heap Region Size: 1M
 Heap Min Capacity: 8M
 Heap Initial Capacity: 126M
 Heap Max Capacity: 1998M
 Pre-touch: Disabled
 Parallel Workers: 8
 Concurrent Workers: 2
 Concurrent Refinement Workers: 8
 Periodic GC: Disabled

Heap:
 garbage-first heap   total 143360K, used 65659K [0x0000000083200000, 0x0000000100000000)
  region size 1024K, 2 young (2048K), 2 survivors (2048K)
 Metaspace       used 35991K, committed 36352K, reserved 1081344K
  class space    used 4673K, committed 4864K, reserved 1048576K

Heap Regions: E=young(eden), S=young(survivor), O=old, HS=humongous(starts), HC=humongous(continues), CS=collection set, F=free, OA=open archive, CA=closed archive, TAMS=top-at-mark-start (previous, next)
|   0|0x0000000083200000, 0x0000000083300000, 0x0000000083300000|100%| O|  |TAMS 0x0000000083300000, 0x0000000083200000| Untracked 
|   1|0x0000000083300000, 0x0000000083400000, 0x0000000083400000|100%| O|  |TAMS 0x0000000083400000, 0x0000000083300000| Untracked 
|   2|0x0000000083400000, 0x0000000083500000, 0x0000000083500000|100%| O|  |TAMS 0x0000000083500000, 0x0000000083400000| Untracked 
|   3|0x0000000083500000, 0x0000000083600000, 0x0000000083600000|100%| O|  |TAMS 0x0000000083600000, 0x0000000083500000| Untracked 
|   4|0x0000000083600000, 0x0000000083700000, 0x0000000083700000|100%| O|  |TAMS 0x0000000083700000, 0x0000000083600000| Untracked 
|   5|0x0000000083700000, 0x0000000083800000, 0x0000000083800000|100%| O|  |TAMS 0x0000000083800000, 0x0000000083700000| Untracked 
|   6|0x0000000083800000, 0x0000000083900000, 0x0000000083900000|100%| O|  |TAMS 0x0000000083900000, 0x0000000083800000| Untracked 
|   7|0x0000000083900000, 0x0000000083a00000, 0x0000000083a00000|100%| O|  |TAMS 0x0000000083a00000, 0x0000000083900000| Untracked 
|   8|0x0000000083a00000, 0x0000000083b00000, 0x0000000083b00000|100%| O|  |TAMS 0x0000000083b00000, 0x0000000083a00000| Untracked 
|   9|0x0000000083b00000, 0x0000000083c00000, 0x0000000083c00000|100%| O|  |TAMS 0x0000000083c00000, 0x0000000083b00000| Untracked 
|  10|0x0000000083c00000, 0x0000000083d00000, 0x0000000083d00000|100%| O|  |TAMS 0x0000000083d00000, 0x0000000083c00000| Untracked 
|  11|0x0000000083d00000, 0x0000000083e00000, 0x0000000083e00000|100%| O|  |TAMS 0x0000000083e00000, 0x0000000083d00000| Untracked 
|  12|0x0000000083e00000, 0x0000000083f00000, 0x0000000083f00000|100%| O|  |TAMS 0x0000000083f00000, 0x0000000083e00000| Updating 
|  13|0x0000000083f00000, 0x0000000084000000, 0x0000000084000000|100%| O|  |TAMS 0x0000000084000000, 0x0000000083f00000| Untracked 
|  14|0x0000000084000000, 0x0000000084100000, 0x0000000084100000|100%| O|  |TAMS 0x0000000084100000, 0x0000000084000000| Updating 
|  15|0x0000000084100000, 0x0000000084200000, 0x0000000084200000|100%| O|  |TAMS 0x0000000084200000, 0x0000000084100000| Updating 
|  16|0x0000000084200000, 0x0000000084300000, 0x0000000084300000|100%| O|  |TAMS 0x0000000084300000, 0x0000000084200000| Untracked 
|  17|0x0000000084300000, 0x0000000084400000, 0x0000000084400000|100%| O|  |TAMS 0x0000000084400000, 0x0000000084300000| Untracked 
|  18|0x0000000084400000, 0x0000000084500000, 0x0000000084500000|100%| O|  |TAMS 0x0000000084500000, 0x0000000084400000| Untracked 
|  19|0x0000000084500000, 0x0000000084600000, 0x0000000084600000|100%| O|  |TAMS 0x0000000084600000, 0x0000000084500000| Untracked 
|  20|0x0000000084600000, 0x0000000084700000, 0x0000000084700000|100%| O|  |TAMS 0x0000000084700000, 0x0000000084600000| Untracked 
|  21|0x0000000084700000, 0x0000000084800000, 0x0000000084800000|100%| O|  |TAMS 0x0000000084800000, 0x0000000084700000| Untracked 
|  22|0x0000000084800000, 0x0000000084900000, 0x0000000084900000|100%| O|  |TAMS 0x0000000084900000, 0x0000000084800000| Untracked 
|  23|0x0000000084900000, 0x0000000084a00000, 0x0000000084a00000|100%| O|  |TAMS 0x0000000084a00000, 0x0000000084900000| Untracked 
|  24|0x0000000084a00000, 0x0000000084b00000, 0x0000000084b00000|100%| O|  |TAMS 0x0000000084b00000, 0x0000000084a00000| Untracked 
|  25|0x0000000084b00000, 0x0000000084c00000, 0x0000000084c00000|100%| O|  |TAMS 0x0000000084c00000, 0x0000000084b00000| Updating 
|  26|0x0000000084c00000, 0x0000000084d00000, 0x0000000084d00000|100%| O|  |TAMS 0x0000000084d00000, 0x0000000084c00000| Untracked 
|  27|0x0000000084d00000, 0x0000000084e00000, 0x0000000084e00000|100%| O|  |TAMS 0x0000000084e00000, 0x0000000084d00000| Untracked 
|  28|0x0000000084e00000, 0x0000000084f00000, 0x0000000084f00000|100%| O|  |TAMS 0x0000000084f00000, 0x0000000084e00000| Untracked 
|  29|0x0000000084f00000, 0x0000000085000000, 0x0000000085000000|100%| O|  |TAMS 0x0000000085000000, 0x0000000084f00000| Updating 
|  30|0x0000000085000000, 0x0000000085100000, 0x0000000085100000|100%| O|  |TAMS 0x0000000085100000, 0x0000000085000000| Untracked 
|  31|0x0000000085100000, 0x0000000085200000, 0x0000000085200000|100%| O|  |TAMS 0x0000000085200000, 0x0000000085100000| Untracked 
|  32|0x0000000085200000, 0x0000000085300000, 0x0000000085300000|100%| O|  |TAMS 0x0000000085300000, 0x0000000085200000| Untracked 
|  33|0x0000000085300000, 0x0000000085400000, 0x0000000085400000|100%| O|  |TAMS 0x0000000085400000, 0x0000000085300000| Untracked 
|  34|0x0000000085400000, 0x0000000085500000, 0x0000000085500000|100%| O|  |TAMS 0x0000000085500000, 0x0000000085400000| Untracked 
|  35|0x0000000085500000, 0x0000000085600000, 0x0000000085600000|100%| O|  |TAMS 0x0000000085600000, 0x0000000085500000| Untracked 
|  36|0x0000000085600000, 0x0000000085700000, 0x0000000085700000|100%| O|  |TAMS 0x0000000085700000, 0x0000000085600000| Updating 
|  37|0x0000000085700000, 0x0000000085800000, 0x0000000085800000|100%| O|  |TAMS 0x0000000085700000, 0x0000000085700000| Untracked 
|  38|0x0000000085800000, 0x0000000085900000, 0x0000000085900000|100%| O|  |TAMS 0x0000000085900000, 0x0000000085800000| Updating 
|  39|0x0000000085900000, 0x0000000085a00000, 0x0000000085a00000|100%| O|  |TAMS 0x0000000085a00000, 0x0000000085900000| Updating 
|  40|0x0000000085a00000, 0x0000000085b00000, 0x0000000085b00000|100%| O|  |TAMS 0x0000000085b00000, 0x0000000085a00000| Untracked 
|  41|0x0000000085b00000, 0x0000000085c00000, 0x0000000085c00000|100%| O|  |TAMS 0x0000000085c00000, 0x0000000085b00000| Untracked 
|  42|0x0000000085c00000, 0x0000000085d00000, 0x0000000085d00000|100%| O|  |TAMS 0x0000000085d00000, 0x0000000085c00000| Untracked 
|  43|0x0000000085d00000, 0x0000000085e00000, 0x0000000085e00000|100%| O|  |TAMS 0x0000000085e00000, 0x0000000085d00000| Untracked 
|  44|0x0000000085e00000, 0x0000000085f00000, 0x0000000085f00000|100%| O|  |TAMS 0x0000000085f00000, 0x0000000085e00000| Untracked 
|  45|0x0000000085f00000, 0x0000000086000000, 0x0000000086000000|100%| O|  |TAMS 0x0000000086000000, 0x0000000085f00000| Updating 
|  46|0x0000000086000000, 0x0000000086100000, 0x0000000086100000|100%|HS|  |TAMS 0x0000000086100000, 0x0000000086000000| Complete 
|  47|0x0000000086100000, 0x0000000086200000, 0x0000000086200000|100%| O|  |TAMS 0x0000000086100000, 0x0000000086100000| Untracked 
|  48|0x0000000086200000, 0x0000000086300000, 0x0000000086300000|100%| O|  |TAMS 0x0000000086200000, 0x0000000086200000| Untracked 
|  49|0x0000000086300000, 0x0000000086400000, 0x0000000086400000|100%| O|  |TAMS 0x0000000086300000, 0x0000000086300000| Untracked 
|  50|0x0000000086400000, 0x0000000086500000, 0x0000000086500000|100%| O|  |TAMS 0x0000000086400000, 0x0000000086400000| Untracked 
|  51|0x0000000086500000, 0x0000000086600000, 0x0000000086600000|100%| O|  |TAMS 0x0000000086500000, 0x0000000086500000| Untracked 
|  52|0x0000000086600000, 0x0000000086700000, 0x0000000086700000|100%| O|  |TAMS 0x0000000086600000, 0x0000000086600000| Untracked 
|  53|0x0000000086700000, 0x0000000086800000, 0x0000000086800000|100%| O|  |TAMS 0x0000000086700000, 0x0000000086700000| Untracked 
|  54|0x0000000086800000, 0x0000000086900000, 0x0000000086900000|100%| O|  |TAMS 0x0000000086800000, 0x0000000086800000| Untracked 
|  55|0x0000000086900000, 0x0000000086a00000, 0x0000000086a00000|100%| O|  |TAMS 0x0000000086900000, 0x0000000086900000| Untracked 
|  56|0x0000000086a00000, 0x0000000086b00000, 0x0000000086b00000|100%| O|  |TAMS 0x0000000086a00000, 0x0000000086a00000| Untracked 
|  57|0x0000000086b00000, 0x0000000086c00000, 0x0000000086c00000|100%| O|  |TAMS 0x0000000086b00000, 0x0000000086b00000| Untracked 
|  58|0x0000000086c00000, 0x0000000086d00000, 0x0000000086d00000|100%| O|  |TAMS 0x0000000086c00000, 0x0000000086c00000| Untracked 
|  59|0x0000000086d00000, 0x0000000086e00000, 0x0000000086e00000|100%| O|  |TAMS 0x0000000086d00000, 0x0000000086d00000| Untracked 
|  60|0x0000000086e00000, 0x0000000086f00000, 0x0000000086f00000|100%| O|  |TAMS 0x0000000086e00000, 0x0000000086e00000| Untracked 
|  61|0x0000000086f00000, 0x0000000087000000, 0x0000000087000000|100%| O|  |TAMS 0x0000000086f00000, 0x0000000086f00000| Untracked 
|  62|0x0000000087000000, 0x0000000087069600, 0x0000000087100000| 41%| O|  |TAMS 0x0000000087000000, 0x0000000087000000| Untracked 
|  63|0x0000000087100000, 0x0000000087100000, 0x0000000087200000|  0%| F|  |TAMS 0x0000000087100000, 0x0000000087100000| Untracked 
|  64|0x0000000087200000, 0x0000000087200000, 0x0000000087300000|  0%| F|  |TAMS 0x0000000087200000, 0x0000000087200000| Untracked 
|  65|0x0000000087300000, 0x0000000087300000, 0x0000000087400000|  0%| F|  |TAMS 0x0000000087300000, 0x0000000087300000| Untracked 
|  66|0x0000000087400000, 0x0000000087400000, 0x0000000087500000|  0%| F|  |TAMS 0x0000000087400000, 0x0000000087400000| Untracked 
|  67|0x0000000087500000, 0x0000000087500000, 0x0000000087600000|  0%| F|  |TAMS 0x0000000087500000, 0x0000000087500000| Untracked 
|  68|0x0000000087600000, 0x0000000087600000, 0x0000000087700000|  0%| F|  |TAMS 0x0000000087600000, 0x0000000087600000| Untracked 
|  69|0x0000000087700000, 0x0000000087700000, 0x0000000087800000|  0%| F|  |TAMS 0x0000000087700000, 0x0000000087700000| Untracked 
|  70|0x0000000087800000, 0x0000000087800000, 0x0000000087900000|  0%| F|  |TAMS 0x0000000087800000, 0x0000000087800000| Untracked 
|  71|0x0000000087900000, 0x0000000087900000, 0x0000000087a00000|  0%| F|  |TAMS 0x0000000087900000, 0x0000000087900000| Untracked 
|  72|0x0000000087a00000, 0x0000000087a00000, 0x0000000087b00000|  0%| F|  |TAMS 0x0000000087a00000, 0x0000000087a00000| Untracked 
|  73|0x0000000087b00000, 0x0000000087b00000, 0x0000000087c00000|  0%| F|  |TAMS 0x0000000087b00000, 0x0000000087b00000| Untracked 
|  74|0x0000000087c00000, 0x0000000087c00000, 0x0000000087d00000|  0%| F|  |TAMS 0x0000000087c00000, 0x0000000087c00000| Untracked 
|  75|0x0000000087d00000, 0x0000000087d00000, 0x0000000087e00000|  0%| F|  |TAMS 0x0000000087d00000, 0x0000000087d00000| Untracked 
|  76|0x0000000087e00000, 0x0000000087e00000, 0x0000000087f00000|  0%| F|  |TAMS 0x0000000087e00000, 0x0000000087e00000| Untracked 
|  77|0x0000000087f00000, 0x0000000087f00000, 0x0000000088000000|  0%| F|  |TAMS 0x0000000087f00000, 0x0000000087f00000| Untracked 
|  78|0x0000000088000000, 0x0000000088000000, 0x0000000088100000|  0%| F|  |TAMS 0x0000000088000000, 0x0000000088000000| Untracked 
|  79|0x0000000088100000, 0x0000000088100000, 0x0000000088200000|  0%| F|  |TAMS 0x0000000088100000, 0x0000000088100000| Untracked 
|  80|0x0000000088200000, 0x0000000088200000, 0x0000000088300000|  0%| F|  |TAMS 0x0000000088200000, 0x0000000088200000| Untracked 
|  81|0x0000000088300000, 0x0000000088300000, 0x0000000088400000|  0%| F|  |TAMS 0x0000000088300000, 0x0000000088300000| Untracked 
|  82|0x0000000088400000, 0x0000000088400000, 0x0000000088500000|  0%| F|  |TAMS 0x0000000088400000, 0x0000000088400000| Untracked 
|  83|0x0000000088500000, 0x0000000088500000, 0x0000000088600000|  0%| F|  |TAMS 0x0000000088500000, 0x0000000088500000| Untracked 
|  84|0x0000000088600000, 0x0000000088600000, 0x0000000088700000|  0%| F|  |TAMS 0x0000000088600000, 0x0000000088600000| Untracked 
|  85|0x0000000088700000, 0x0000000088700000, 0x0000000088800000|  0%| F|  |TAMS 0x0000000088700000, 0x0000000088700000| Untracked 
|  86|0x0000000088800000, 0x0000000088800000, 0x0000000088900000|  0%| F|  |TAMS 0x0000000088800000, 0x0000000088800000| Untracked 
|  87|0x0000000088900000, 0x0000000088900000, 0x0000000088a00000|  0%| F|  |TAMS 0x0000000088900000, 0x0000000088900000| Untracked 
|  88|0x0000000088a00000, 0x0000000088a00000, 0x0000000088b00000|  0%| F|  |TAMS 0x0000000088a00000, 0x0000000088a00000| Untracked 
|  89|0x0000000088b00000, 0x0000000088b00000, 0x0000000088c00000|  0%| F|  |TAMS 0x0000000088b00000, 0x0000000088b00000| Untracked 
|  90|0x0000000088c00000, 0x0000000088c00000, 0x0000000088d00000|  0%| F|  |TAMS 0x0000000088c00000, 0x0000000088c00000| Untracked 
|  91|0x0000000088d00000, 0x0000000088d00000, 0x0000000088e00000|  0%| F|  |TAMS 0x0000000088d00000, 0x0000000088d00000| Untracked 
|  92|0x0000000088e00000, 0x0000000088e00000, 0x0000000088f00000|  0%| F|  |TAMS 0x0000000088e00000, 0x0000000088e00000| Untracked 
|  93|0x0000000088f00000, 0x0000000088f00000, 0x0000000089000000|  0%| F|  |TAMS 0x0000000088f00000, 0x0000000088f00000| Untracked 
|  94|0x0000000089000000, 0x0000000089000000, 0x0000000089100000|  0%| F|  |TAMS 0x0000000089000000, 0x0000000089000000| Untracked 
|  95|0x0000000089100000, 0x0000000089100000, 0x0000000089200000|  0%| F|  |TAMS 0x0000000089100000, 0x0000000089100000| Untracked 
|  96|0x0000000089200000, 0x0000000089200000, 0x0000000089300000|  0%| F|  |TAMS 0x0000000089200000, 0x0000000089200000| Untracked 
|  97|0x0000000089300000, 0x0000000089300000, 0x0000000089400000|  0%| F|  |TAMS 0x0000000089300000, 0x0000000089300000| Untracked 
|  98|0x0000000089400000, 0x0000000089400000, 0x0000000089500000|  0%| F|  |TAMS 0x0000000089400000, 0x0000000089400000| Untracked 
|  99|0x0000000089500000, 0x0000000089500000, 0x0000000089600000|  0%| F|  |TAMS 0x0000000089500000, 0x0000000089500000| Untracked 
| 100|0x0000000089600000, 0x0000000089600000, 0x0000000089700000|  0%| F|  |TAMS 0x0000000089600000, 0x0000000089600000| Untracked 
| 101|0x0000000089700000, 0x0000000089700000, 0x0000000089800000|  0%| F|  |TAMS 0x0000000089700000, 0x0000000089700000| Untracked 
| 102|0x0000000089800000, 0x0000000089800000, 0x0000000089900000|  0%| F|  |TAMS 0x0000000089800000, 0x0000000089800000| Untracked 
| 103|0x0000000089900000, 0x0000000089900000, 0x0000000089a00000|  0%| F|  |TAMS 0x0000000089900000, 0x0000000089900000| Untracked 
| 104|0x0000000089a00000, 0x0000000089a00000, 0x0000000089b00000|  0%| F|  |TAMS 0x0000000089a00000, 0x0000000089a00000| Untracked 
| 105|0x0000000089b00000, 0x0000000089b00000, 0x0000000089c00000|  0%| F|  |TAMS 0x0000000089b00000, 0x0000000089b00000| Untracked 
| 106|0x0000000089c00000, 0x0000000089c00000, 0x0000000089d00000|  0%| F|  |TAMS 0x0000000089c00000, 0x0000000089c00000| Untracked 
| 107|0x0000000089d00000, 0x0000000089d00000, 0x0000000089e00000|  0%| F|  |TAMS 0x0000000089d00000, 0x0000000089d00000| Untracked 
| 108|0x0000000089e00000, 0x0000000089e00000, 0x0000000089f00000|  0%| F|  |TAMS 0x0000000089e00000, 0x0000000089e00000| Untracked 
| 109|0x0000000089f00000, 0x0000000089f00000, 0x000000008a000000|  0%| F|  |TAMS 0x0000000089f00000, 0x0000000089f00000| Untracked 
| 110|0x000000008a000000, 0x000000008a000000, 0x000000008a100000|  0%| F|  |TAMS 0x000000008a000000, 0x000000008a000000| Untracked 
| 111|0x000000008a100000, 0x000000008a100000, 0x000000008a200000|  0%| F|  |TAMS 0x000000008a100000, 0x000000008a100000| Untracked 
| 112|0x000000008a200000, 0x000000008a200000, 0x000000008a300000|  0%| F|  |TAMS 0x000000008a200000, 0x000000008a200000| Untracked 
| 113|0x000000008a300000, 0x000000008a300000, 0x000000008a400000|  0%| F|  |TAMS 0x000000008a300000, 0x000000008a300000| Untracked 
| 114|0x000000008a400000, 0x000000008a400000, 0x000000008a500000|  0%| F|  |TAMS 0x000000008a400000, 0x000000008a400000| Untracked 
| 115|0x000000008a500000, 0x000000008a500000, 0x000000008a600000|  0%| F|  |TAMS 0x000000008a500000, 0x000000008a500000| Untracked 
| 116|0x000000008a600000, 0x000000008a600000, 0x000000008a700000|  0%| F|  |TAMS 0x000000008a600000, 0x000000008a600000| Untracked 
| 117|0x000000008a700000, 0x000000008a700000, 0x000000008a800000|  0%| F|  |TAMS 0x000000008a700000, 0x000000008a700000| Untracked 
| 118|0x000000008a800000, 0x000000008a800000, 0x000000008a900000|  0%| F|  |TAMS 0x000000008a800000, 0x000000008a800000| Untracked 
| 119|0x000000008a900000, 0x000000008a900000, 0x000000008aa00000|  0%| F|  |TAMS 0x000000008a900000, 0x000000008a900000| Untracked 
| 120|0x000000008aa00000, 0x000000008aa00000, 0x000000008ab00000|  0%| F|  |TAMS 0x000000008aa00000, 0x000000008aa00000| Untracked 
| 121|0x000000008ab00000, 0x000000008ab00000, 0x000000008ac00000|  0%| F|  |TAMS 0x000000008ab00000, 0x000000008ab00000| Untracked 
| 122|0x000000008ac00000, 0x000000008ac00000, 0x000000008ad00000|  0%| F|  |TAMS 0x000000008ac00000, 0x000000008ac00000| Untracked 
| 123|0x000000008ad00000, 0x000000008ad00000, 0x000000008ae00000|  0%| F|  |TAMS 0x000000008ad00000, 0x000000008ad00000| Untracked 
| 124|0x000000008ae00000, 0x000000008ae00000, 0x000000008af00000|  0%| F|  |TAMS 0x000000008ae00000, 0x000000008ae00000| Untracked 
| 125|0x000000008af00000, 0x000000008af00000, 0x000000008b000000|  0%| F|  |TAMS 0x000000008af00000, 0x000000008af00000| Untracked 
| 126|0x000000008b000000, 0x000000008b000000, 0x000000008b100000|  0%| F|  |TAMS 0x000000008b000000, 0x000000008b000000| Untracked 
| 127|0x000000008b100000, 0x000000008b100000, 0x000000008b200000|  0%| F|  |TAMS 0x000000008b100000, 0x000000008b100000| Untracked 
| 128|0x000000008b200000, 0x000000008b200000, 0x000000008b300000|  0%| F|  |TAMS 0x000000008b200000, 0x000000008b200000| Untracked 
| 129|0x000000008b300000, 0x000000008b300000, 0x000000008b400000|  0%| F|  |TAMS 0x000000008b300000, 0x000000008b300000| Untracked 
| 130|0x000000008b400000, 0x000000008b400000, 0x000000008b500000|  0%| F|  |TAMS 0x000000008b400000, 0x000000008b400000| Untracked 
| 131|0x000000008b500000, 0x000000008b500000, 0x000000008b600000|  0%| F|  |TAMS 0x000000008b500000, 0x000000008b500000| Untracked 
| 132|0x000000008b600000, 0x000000008b600000, 0x000000008b700000|  0%| F|  |TAMS 0x000000008b600000, 0x000000008b600000| Untracked 
| 133|0x000000008b700000, 0x000000008b7b59a0, 0x000000008b800000| 70%| S|CS|TAMS 0x000000008b700000, 0x000000008b700000| Complete 
| 134|0x000000008b800000, 0x000000008b900000, 0x000000008b900000|100%| S|CS|TAMS 0x000000008b800000, 0x000000008b800000| Complete 
| 135|0x000000008b900000, 0x000000008b900000, 0x000000008ba00000|  0%| F|  |TAMS 0x000000008b900000, 0x000000008b900000| Untracked 
| 136|0x000000008ba00000, 0x000000008ba00000, 0x000000008bb00000|  0%| F|  |TAMS 0x000000008ba00000, 0x000000008ba00000| Untracked 
| 137|0x000000008bb00000, 0x000000008bb00000, 0x000000008bc00000|  0%| F|  |TAMS 0x000000008bb00000, 0x000000008bb00000| Untracked 
| 138|0x000000008bc00000, 0x000000008bc00000, 0x000000008bd00000|  0%| F|  |TAMS 0x000000008bc00000, 0x000000008bc00000| Untracked 
| 139|0x000000008bd00000, 0x000000008bd00000, 0x000000008be00000|  0%| F|  |TAMS 0x000000008bd00000, 0x000000008bd00000| Untracked 

Card table byte_map: [0x000001de92a10000,0x000001de92e00000] _byte_map_base: 0x000001de925f7000

Marking Bits (Prev, Next): (CMBitMap*) 0x000001de8a91ebe0, (CMBitMap*) 0x000001de8a91ec20
 Prev Bits: [0x000001de931f0000, 0x000001de95128000)
 Next Bits: [0x000001de95130000, 0x000001de97068000)

Polling page: 0x000001de8a980000

Metaspace:

Usage:
  Non-class:     30.58 MB used.
      Class:      4.56 MB used.
       Both:     35.15 MB used.

Virtual space:
  Non-class space:       32.00 MB reserved,      30.75 MB ( 96%) committed,  4 nodes.
      Class space:        1.00 GB reserved,       4.75 MB ( <1%) committed,  1 nodes.
             Both:        1.03 GB reserved,      35.50 MB (  3%) committed. 

Chunk freelists:
   Non-Class:  862.00 KB
       Class:  3.12 MB
        Both:  3.97 MB

MaxMetaspaceSize: unlimited
CompressedClassSpaceSize: 1.00 GB
Initial GC threshold: 21.00 MB
Current GC threshold: 59.19 MB
CDS: off
MetaspaceReclaimPolicy: balanced
 - commit_granule_bytes: 65536.
 - commit_granule_words: 8192.
 - virtual_space_node_default_size: 1048576.
 - enlarge_chunks_in_place: 1.
 - new_chunks_are_fully_committed: 0.
 - uncommit_free_chunks: 1.
 - use_allocation_guard: 0.
 - handle_deallocations: 1.


Internal statistics:

num_allocs_failed_limit: 6.
num_arena_births: 338.
num_arena_deaths: 0.
num_vsnodes_births: 5.
num_vsnodes_deaths: 0.
num_space_committed: 568.
num_space_uncommitted: 0.
num_chunks_returned_to_freelist: 6.
num_chunks_taken_from_freelist: 1370.
num_chunk_merges: 6.
num_chunk_splits: 944.
num_chunks_enlarged: 724.
num_purges: 0.
num_inconsistent_stats: 0.

CodeCache: size=49152Kb used=8928Kb max_used=8928Kb free=40223Kb
 bounds [0x000001de8ed40000, 0x000001de8f600000, 0x000001de91d40000]
 total_blobs=4192 nmethods=3667 adapters=449
 compilation: enabled
              stopped_count=0, restarted_count=0
 full_count=0

Compilation events (20 events):
Event: 4.368 Thread 0x000001de9a424370 nmethod 3651 0x000001de8f5f2f90 code [0x000001de8f5f3400, 0x000001de8f5f47d8]
Event: 4.368 Thread 0x000001de9afee960 nmethod 3672 0x000001de8f5f5210 code [0x000001de8f5f53e0, 0x000001de8f5f5738]
Event: 4.368 Thread 0x000001de9afee960 3675       1       jdk.internal.jimage.ImageReader::findLocation (14 bytes)
Event: 4.368 Thread 0x000001de9afee450 3676       1       jdk.internal.jimage.ImageLocation::verify (38 bytes)
Event: 4.368 Thread 0x000001de9a424370 3677       1       jdk.internal.module.SystemModuleFinders$SystemModuleReader::findImageLocation (42 bytes)
Event: 4.369 Thread 0x000001de9afee960 nmethod 3675 0x000001de8f5f5910 code [0x000001de8f5f5ac0, 0x000001de8f5f5c58]
Event: 4.369 Thread 0x000001de9afee960 3659       1       io.github.classgraph.Classfile::getConstantPoolString (7 bytes)
Event: 4.369 Thread 0x000001de9afee450 nmethod 3676 0x000001de8f5f5d90 code [0x000001de8f5f5f40, 0x000001de8f5f61c8]
Event: 4.369 Thread 0x000001de9afee450 3660       1       java.io.ByteArrayInputStream::close (1 bytes)
Event: 4.369 Thread 0x000001de9a424370 nmethod 3677 0x000001de8f5f6390 code [0x000001de8f5f6560, 0x000001de8f5f6858]
Event: 4.369 Thread 0x000001de9a424370 3652   !   1       nonapi.io.github.classgraph.reflection.ReflectionUtils::invokeMethod (106 bytes)
Event: 4.369 Thread 0x000001de9afee960 nmethod 3659 0x000001de8f5f6a10 code [0x000001de8f5f6ba0, 0x000001de8f5f6c88]
Event: 4.369 Thread 0x000001de9afee960 3695   !   1       nonapi.io.github.classgraph.fileslice.reader.ClassfileReader::close (43 bytes)
Event: 4.369 Thread 0x000001de9afee450 nmethod 3660 0x000001de8f5f6d10 code [0x000001de8f5f6ea0, 0x000001de8f5f6f58]
Event: 4.369 Thread 0x000001de9afee450 3654   !   1       jdk.internal.reflect.GeneratedMethodAccessor16::invoke (61 bytes)
Event: 4.370 Thread 0x000001de9afee960 nmethod 3695 0x000001de8f5f7010 code [0x000001de8f5f71c0, 0x000001de8f5f7398]
Event: 4.370 Thread 0x000001de9afee960 3661  s    1       java.util.zip.Inflater$InflaterZStreamRef::run (21 bytes)
Event: 4.370 Thread 0x000001de9afee450 nmethod 3654 0x000001de8f5f7490 code [0x000001de8f5f7680, 0x000001de8f5f7af8]
Event: 4.370 Thread 0x000001de9afee450 3662       1       java.util.zip.Inflater$InflaterZStreamRef::clean (10 bytes)
Event: 4.370 Thread 0x000001de9afee960 nmethod 3661 0x000001de8f5f7e10 code [0x000001de8f5f7fa0, 0x000001de8f5f8148]

GC Heap History (20 events):
Event: 2.897 GC heap after
{Heap after GC invocations=7 (full 0):
 garbage-first heap   total 48128K, used 14462K [0x0000000083200000, 0x0000000100000000)
  region size 1024K, 3 young (3072K), 3 survivors (3072K)
 Metaspace       used 28450K, committed 28736K, reserved 1081344K
  class space    used 3579K, committed 3712K, reserved 1048576K
}
Event: 3.379 GC heap before
{Heap before GC invocations=7 (full 0):
 garbage-first heap   total 48128K, used 32894K [0x0000000083200000, 0x0000000100000000)
  region size 1024K, 21 young (21504K), 3 survivors (3072K)
 Metaspace       used 32372K, committed 32640K, reserved 1081344K
  class space    used 4103K, committed 4224K, reserved 1048576K
}
Event: 3.385 GC heap after
{Heap after GC invocations=8 (full 0):
 garbage-first heap   total 48128K, used 15969K [0x0000000083200000, 0x0000000100000000)
  region size 1024K, 2 young (2048K), 2 survivors (2048K)
 Metaspace       used 32372K, committed 32640K, reserved 1081344K
  class space    used 4103K, committed 4224K, reserved 1048576K
}
Event: 3.504 GC heap before
{Heap before GC invocations=8 (full 0):
 garbage-first heap   total 48128K, used 32353K [0x0000000083200000, 0x0000000100000000)
  region size 1024K, 19 young (19456K), 2 survivors (2048K)
 Metaspace       used 33134K, committed 33472K, reserved 1081344K
  class space    used 4201K, committed 4352K, reserved 1048576K
}
Event: 3.512 GC heap after
{Heap after GC invocations=9 (full 0):
 garbage-first heap   total 71680K, used 19272K [0x0000000083200000, 0x0000000100000000)
  region size 1024K, 3 young (3072K), 3 survivors (3072K)
 Metaspace       used 33134K, committed 33472K, reserved 1081344K
  class space    used 4201K, committed 4352K, reserved 1048576K
}
Event: 3.666 GC heap before
{Heap before GC invocations=9 (full 0):
 garbage-first heap   total 71680K, used 49992K [0x0000000083200000, 0x0000000100000000)
  region size 1024K, 34 young (34816K), 3 survivors (3072K)
 Metaspace       used 33568K, committed 33856K, reserved 1081344K
  class space    used 4269K, committed 4416K, reserved 1048576K
}
Event: 3.674 GC heap after
{Heap after GC invocations=10 (full 0):
 garbage-first heap   total 71680K, used 25642K [0x0000000083200000, 0x0000000100000000)
  region size 1024K, 5 young (5120K), 5 survivors (5120K)
 Metaspace       used 33568K, committed 33856K, reserved 1081344K
  class space    used 4269K, committed 4416K, reserved 1048576K
}
Event: 3.748 GC heap before
{Heap before GC invocations=10 (full 0):
 garbage-first heap   total 71680K, used 50218K [0x0000000083200000, 0x0000000100000000)
  region size 1024K, 29 young (29696K), 5 survivors (5120K)
 Metaspace       used 33761K, committed 34112K, reserved 1081344K
  class space    used 4302K, committed 4480K, reserved 1048576K
}
Event: 3.755 GC heap after
{Heap after GC invocations=11 (full 0):
 garbage-first heap   total 71680K, used 30158K [0x0000000083200000, 0x0000000100000000)
  region size 1024K, 4 young (4096K), 4 survivors (4096K)
 Metaspace       used 33761K, committed 34112K, reserved 1081344K
  class space    used 4302K, committed 4480K, reserved 1048576K
}
Event: 3.820 GC heap before
{Heap before GC invocations=11 (full 0):
 garbage-first heap   total 71680K, used 51662K [0x0000000083200000, 0x0000000100000000)
  region size 1024K, 26 young (26624K), 4 survivors (4096K)
 Metaspace       used 34005K, committed 34304K, reserved 1081344K
  class space    used 4334K, committed 4480K, reserved 1048576K
}
Event: 3.826 GC heap after
{Heap after GC invocations=12 (full 0):
 garbage-first heap   total 71680K, used 34369K [0x0000000083200000, 0x0000000100000000)
  region size 1024K, 4 young (4096K), 4 survivors (4096K)
 Metaspace       used 34005K, committed 34304K, reserved 1081344K
  class space    used 4334K, committed 4480K, reserved 1048576K
}
Event: 3.866 GC heap before
{Heap before GC invocations=12 (full 0):
 garbage-first heap   total 71680K, used 53825K [0x0000000083200000, 0x0000000100000000)
  region size 1024K, 23 young (23552K), 4 survivors (4096K)
 Metaspace       used 34082K, committed 34432K, reserved 1081344K
  class space    used 4345K, committed 4544K, reserved 1048576K
}
Event: 3.874 GC heap after
{Heap after GC invocations=13 (full 0):
 garbage-first heap   total 125952K, used 40960K [0x0000000083200000, 0x0000000100000000)
  region size 1024K, 3 young (3072K), 3 survivors (3072K)
 Metaspace       used 34082K, committed 34432K, reserved 1081344K
  class space    used 4345K, committed 4544K, reserved 1048576K
}
Event: 4.196 GC heap before
{Heap before GC invocations=13 (full 0):
 garbage-first heap   total 125952K, used 86016K [0x0000000083200000, 0x0000000100000000)
  region size 1024K, 47 young (48128K), 3 survivors (3072K)
 Metaspace       used 35629K, committed 35904K, reserved 1081344K
  class space    used 4604K, committed 4736K, reserved 1048576K
}
Event: 4.211 GC heap after
{Heap after GC invocations=14 (full 0):
 garbage-first heap   total 125952K, used 53248K [0x0000000083200000, 0x0000000100000000)
  region size 1024K, 6 young (6144K), 6 survivors (6144K)
 Metaspace       used 35629K, committed 35904K, reserved 1081344K
  class space    used 4604K, committed 4736K, reserved 1048576K
}
Event: 4.257 GC heap before
{Heap before GC invocations=14 (full 0):
 garbage-first heap   total 125952K, used 65536K [0x0000000083200000, 0x0000000100000000)
  region size 1024K, 18 young (18432K), 6 survivors (6144K)
 Metaspace       used 35809K, committed 36096K, reserved 1081344K
  class space    used 4647K, committed 4800K, reserved 1048576K
}
Event: 4.271 GC heap after
{Heap after GC invocations=15 (full 0):
 garbage-first heap   total 125952K, used 61618K [0x0000000083200000, 0x0000000100000000)
  region size 1024K, 5 young (5120K), 5 survivors (5120K)
 Metaspace       used 35809K, committed 36096K, reserved 1081344K
  class space    used 4647K, committed 4800K, reserved 1048576K
}
Event: 4.322 GC heap before
{Heap before GC invocations=15 (full 0):
 garbage-first heap   total 125952K, used 87218K [0x0000000083200000, 0x0000000100000000)
  region size 1024K, 31 young (31744K), 5 survivors (5120K)
 Metaspace       used 35982K, committed 36352K, reserved 1081344K
  class space    used 4671K, committed 4864K, reserved 1048576K
}
Event: 4.332 GC heap after
{Heap after GC invocations=16 (full 0):
 garbage-first heap   total 125952K, used 65150K [0x0000000083200000, 0x0000000100000000)
  region size 1024K, 3 young (3072K), 3 survivors (3072K)
 Metaspace       used 35982K, committed 36352K, reserved 1081344K
  class space    used 4671K, committed 4864K, reserved 1048576K
}
Event: 4.375 GC heap before
{Heap before GC invocations=16 (full 0):
 garbage-first heap   total 143360K, used 89726K [0x0000000083200000, 0x0000000100000000)
  region size 1024K, 29 young (29696K), 3 survivors (3072K)
 Metaspace       used 35991K, committed 36352K, reserved 1081344K
  class space    used 4673K, committed 4864K, reserved 1048576K
}

Deoptimization events (12 events):
Event: 1.787 Thread 0x000001de8a8c3280 DEOPT PACKING pc=0x000001de8f28f799 sp=0x000000762c7fd1c0
Event: 1.787 Thread 0x000001de8a8c3280 DEOPT UNPACKING pc=0x000001de8ed96763 sp=0x000000762c7fc6a0 mode 3
Event: 3.335 Thread 0x000001de8a8c3280 DEOPT PACKING pc=0x000001de8f400219 sp=0x000000762c7fc5a0
Event: 3.335 Thread 0x000001de8a8c3280 DEOPT UNPACKING pc=0x000001de8ed96763 sp=0x000000762c7fba80 mode 3
Event: 3.417 Thread 0x000001de9c3919e0 DEOPT PACKING pc=0x000001de8f451a2b sp=0x000000762e5fe8e0
Event: 3.417 Thread 0x000001de9c3919e0 DEOPT UNPACKING pc=0x000001de8ed96763 sp=0x000000762e5fde28 mode 3
Event: 3.636 Thread 0x000001de9c569950 DEOPT PACKING pc=0x000001de8f28c101 sp=0x000000762e9fee10
Event: 3.636 Thread 0x000001de9c569950 DEOPT UNPACKING pc=0x000001de8ed96763 sp=0x000000762e9fe2a0 mode 3
Event: 3.846 Thread 0x000001de9c570d10 DEOPT PACKING pc=0x000001de8f289897 sp=0x000000762f3ff0c0
Event: 3.846 Thread 0x000001de9c570d10 DEOPT UNPACKING pc=0x000001de8ed96763 sp=0x000000762f3fe518 mode 3
Event: 4.077 Thread 0x000001de9c56f030 DEOPT PACKING pc=0x000001de8f5b7eb5 sp=0x000000762f7fd520
Event: 4.077 Thread 0x000001de9c56f030 DEOPT UNPACKING pc=0x000001de8ed96763 sp=0x000000762f7fca48 mode 3

Classes unloaded (0 events):
No events

Classes redefined (0 events):
No events

Internal exceptions (20 events):
Event: 3.455 Thread 0x000001de9c54d000 Exception <a 'sun/nio/fs/WindowsException'{0x0000000089a8fa80}> (0x0000000089a8fa80) 
thrown [s\src\hotspot\share\prims\jni.cpp, line 516]
Event: 3.455 Thread 0x000001de9c54d000 Exception <a 'sun/nio/fs/WindowsException'{0x0000000089a8fe28}> (0x0000000089a8fe28) 
thrown [s\src\hotspot\share\prims\jni.cpp, line 516]
Event: 3.455 Thread 0x000001de9c54d000 Exception <a 'sun/nio/fs/WindowsException'{0x0000000089a90828}> (0x0000000089a90828) 
thrown [s\src\hotspot\share\prims\jni.cpp, line 516]
Event: 3.455 Thread 0x000001de9c54d000 Exception <a 'sun/nio/fs/WindowsException'{0x0000000089a90be8}> (0x0000000089a90be8) 
thrown [s\src\hotspot\share\prims\jni.cpp, line 516]
Event: 3.455 Thread 0x000001de9c54d000 Exception <a 'sun/nio/fs/WindowsException'{0x0000000089a915e8}> (0x0000000089a915e8) 
thrown [s\src\hotspot\share\prims\jni.cpp, line 516]
Event: 3.455 Thread 0x000001de9c54d000 Exception <a 'sun/nio/fs/WindowsException'{0x0000000089a91998}> (0x0000000089a91998) 
thrown [s\src\hotspot\share\prims\jni.cpp, line 516]
Event: 3.455 Thread 0x000001de9c54d000 Exception <a 'sun/nio/fs/WindowsException'{0x0000000089a92398}> (0x0000000089a92398) 
thrown [s\src\hotspot\share\prims\jni.cpp, line 516]
Event: 3.455 Thread 0x000001de9c54d000 Exception <a 'sun/nio/fs/WindowsException'{0x0000000089a92758}> (0x0000000089a92758) 
thrown [s\src\hotspot\share\prims\jni.cpp, line 516]
Event: 3.455 Thread 0x000001de9c54d000 Exception <a 'sun/nio/fs/WindowsException'{0x0000000089a93180}> (0x0000000089a93180) 
thrown [s\src\hotspot\share\prims\jni.cpp, line 516]
Event: 3.455 Thread 0x000001de9c54d000 Exception <a 'sun/nio/fs/WindowsException'{0x0000000089a93560}> (0x0000000089a93560) 
thrown [s\src\hotspot\share\prims\jni.cpp, line 516]
Event: 3.456 Thread 0x000001de9c54d000 Exception <a 'sun/nio/fs/WindowsException'{0x0000000089a93f98}> (0x0000000089a93f98) 
thrown [s\src\hotspot\share\prims\jni.cpp, line 516]
Event: 3.456 Thread 0x000001de9c54d000 Exception <a 'sun/nio/fs/WindowsException'{0x0000000089a94388}> (0x0000000089a94388) 
thrown [s\src\hotspot\share\prims\jni.cpp, line 516]
Event: 3.456 Thread 0x000001de9c54d000 Exception <a 'sun/nio/fs/WindowsException'{0x00000000899e8708}> (0x00000000899e8708) 
thrown [s\src\hotspot\share\prims\jni.cpp, line 516]
Event: 3.456 Thread 0x000001de9c54d000 Exception <a 'sun/nio/fs/WindowsException'{0x00000000899e8af8}> (0x00000000899e8af8) 
thrown [s\src\hotspot\share\prims\jni.cpp, line 516]
Event: 3.548 Thread 0x000001de8a8c3280 Exception <a 'java/lang/NoSuchMethodError'{0x000000008700f348}: 'java.lang.Object java.lang.invoke.DirectMethodHandle$Holder.newInvokeSpecial(java.lang.Object, java.lang.Object, int, java.lang.Object, java.lang.Object)'> (0x000000008700f348) 
thrown [s\src\hotspot\share\interpreter\linkResolver.cpp, line 759]
Event: 3.551 Thread 0x000001de8a8c3280 Exception <a 'java/lang/NoSuchMethodError'{0x0000000087021318}: 'java.lang.Object java.lang.invoke.DirectMethodHandle$Holder.invokeSpecial(java.lang.Object, java.lang.Object, int, java.lang.Object, int, java.lang.Object)'> (0x0000000087021318) 
thrown [s\src\hotspot\share\interpreter\linkResolver.cpp, line 759]
Event: 3.552 Thread 0x000001de8a8c3280 Exception <a 'java/lang/NoSuchMethodError'{0x0000000087029118}: 'java.lang.Object java.lang.invoke.DirectMethodHandle$Holder.newInvokeSpecial(java.lang.Object, java.lang.Object, int, java.lang.Object, int)'> (0x0000000087029118) 
thrown [s\src\hotspot\share\interpreter\linkResolver.cpp, line 759]
Event: 3.552 Thread 0x000001de8a8c3280 Exception <a 'java/lang/NoSuchMethodError'{0x000000008702d218}: 'java.lang.Object java.lang.invoke.DirectMethodHandle$Holder.invokeSpecial(java.lang.Object, java.lang.Object, java.lang.Object, int, java.lang.Object, int)'> (0x000000008702d218) 
thrown [s\src\hotspot\share\interpreter\linkResolver.cpp, line 759]
Event: 4.068 Thread 0x000001de9c5711e0 Exception <a 'java/lang/NoSuchMethodError'{0x00000000893bc6e0}: 'java.lang.Object java.lang.invoke.DirectMethodHandle$Holder.invokeStatic(java.lang.Object, java.lang.Object, java.lang.Object, int, java.lang.Object, java.lang.Object)'> (0x00000000893bc6e0) 
thrown [s\src\hotspot\share\interpreter\linkResolver.cpp, line 759]
Event: 4.072 Thread 0x000001de9c56f030 Exception <a 'java/lang/NoSuchMethodError'{0x00000000893f7968}: 'java.lang.Object java.lang.invoke.DirectMethodHandle$Holder.invokeStatic(java.lang.Object, int, java.lang.Object)'> (0x00000000893f7968) 
thrown [s\src\hotspot\share\interpreter\linkResolver.cpp, line 759]

VM Operations (20 events):
Event: 3.674 Executing VM operation: G1CollectForAllocation done
Event: 3.748 Executing VM operation: G1CollectForAllocation
Event: 3.755 Executing VM operation: G1CollectForAllocation done
Event: 3.817 Executing VM operation: HandshakeAllThreads
Event: 3.817 Executing VM operation: HandshakeAllThreads done
Event: 3.820 Executing VM operation: G1CollectForAllocation
Event: 3.826 Executing VM operation: G1CollectForAllocation done
Event: 3.866 Executing VM operation: G1CollectForAllocation
Event: 3.874 Executing VM operation: G1CollectForAllocation done
Event: 4.126 Executing VM operation: HandshakeAllThreads
Event: 4.126 Executing VM operation: HandshakeAllThreads done
Event: 4.196 Executing VM operation: G1CollectForAllocation
Event: 4.211 Executing VM operation: G1CollectForAllocation done
Event: 4.257 Executing VM operation: CollectForMetadataAllocation
Event: 4.271 Executing VM operation: CollectForMetadataAllocation done
Event: 4.310 Executing VM operation: G1CollectForAllocation
Event: 4.332 Executing VM operation: G1CollectForAllocation done
Event: 4.346 Executing VM operation: G1Concurrent
Event: 4.357 Executing VM operation: G1Concurrent done
Event: 4.372 Executing VM operation: G1CollectForAllocation

Events (20 events):
Event: 4.112 loading class java/util/concurrent/atomic/AtomicLongFieldUpdater$CASUpdater done
Event: 4.112 loading class java/util/concurrent/atomic/AtomicLongFieldUpdater$CASUpdater$1
Event: 4.112 loading class java/util/concurrent/atomic/AtomicLongFieldUpdater$CASUpdater$1 done
Event: 4.114 Thread 0x000001de9e238b30 Thread added: 0x000001de9e238b30
Event: 4.120 loading class java/util/concurrent/ConcurrentHashMap$ValueSpliterator
Event: 4.121 loading class java/util/concurrent/ConcurrentHashMap$ValueSpliterator done
Event: 4.132 loading class java/util/concurrent/CompletableFuture$UniApply
Event: 4.132 loading class java/util/concurrent/CompletableFuture$UniApply done
Event: 4.134 Thread 0x000001de9e232620 Thread added: 0x000001de9e232620
Event: 4.134 loading class java/util/concurrent/CompletableFuture$UniExceptionally
Event: 4.134 loading class java/util/concurrent/CompletableFuture$UniExceptionally done
Event: 4.135 loading class java/util/concurrent/CompletableFuture$Signaller
Event: 4.135 loading class java/util/concurrent/CompletableFuture$Signaller done
Event: 4.143 loading class java/util/concurrent/CompletableFuture$UniCompose
Event: 4.143 loading class java/util/concurrent/CompletableFuture$UniCompose done
Event: 4.144 Thread 0x000001de9e235b10 Thread added: 0x000001de9e235b10
Event: 4.145 Thread 0x000001de9e231c80 Thread added: 0x000001de9e231c80
Event: 4.145 loading class java/util/concurrent/CompletableFuture$UniRelay
Event: 4.145 loading class java/util/concurrent/CompletableFuture$UniRelay done
Event: 4.228 Thread 0x000001de9e235640 Thread added: 0x000001de9e235640


Dynamic libraries:
0x00007ff6ba9f0000 - 0x00007ff6ba9fe000 	c:\Users\datea\.vscode\extensions\redhat.java-1.11.0-win32-x64\jre\17.0.4.1-win32-x86_64\bin\java.exe
0x00007ffe21c70000 - 0x00007ffe21e89000 	C:\WINDOWS\SYSTEM32\ntdll.dll
0x00007ffe20ff0000 - 0x00007ffe210b2000 	C:\WINDOWS\System32\KERNEL32.DLL
0x00007ffe1f260000 - 0x00007ffe1f5ff000 	C:\WINDOWS\System32\KERNELBASE.dll
0x00007ffe1bfd0000 - 0x00007ffe1c066000 	C:\WINDOWS\SYSTEM32\apphelp.dll
0x00007ffe1f8a0000 - 0x00007ffe1f9bb000 	C:\WINDOWS\System32\ucrtbase.dll
0x00007ffe0f310000 - 0x00007ffe0f328000 	c:\Users\datea\.vscode\extensions\redhat.java-1.11.0-win32-x64\jre\17.0.4.1-win32-x86_64\bin\jli.dll
0x00007ffe0f2e0000 - 0x00007ffe0f2f9000 	c:\Users\datea\.vscode\extensions\redhat.java-1.11.0-win32-x64\jre\17.0.4.1-win32-x86_64\bin\VCRUNTIME140.dll
0x00007ffe20a60000 - 0x00007ffe20c0c000 	C:\WINDOWS\System32\USER32.dll
0x00007ffe1f110000 - 0x00007ffe1f136000 	C:\WINDOWS\System32\win32u.dll
0x00007ffe12580000 - 0x00007ffe12811000 	C:\WINDOWS\WinSxS\amd64_microsoft.windows.common-controls_6595b64144ccf1df_6.0.25217.1000_none_7b59e1e7f1b57804\COMCTL32.dll
0x00007ffe20740000 - 0x00007ffe207e7000 	C:\WINDOWS\System32\msvcrt.dll
0x00007ffe211e0000 - 0x00007ffe21209000 	C:\WINDOWS\System32\GDI32.dll
0x00007ffe1f140000 - 0x00007ffe1f256000 	C:\WINDOWS\System32\gdi32full.dll
0x00007ffe1f800000 - 0x00007ffe1f89a000 	C:\WINDOWS\System32\msvcp_win.dll
0x00007ffe1fe30000 - 0x00007ffe1fe61000 	C:\WINDOWS\System32\IMM32.DLL
0x00007ffe0f2d0000 - 0x00007ffe0f2dc000 	c:\Users\datea\.vscode\extensions\redhat.java-1.11.0-win32-x64\jre\17.0.4.1-win32-x86_64\bin\vcruntime140_1.dll
0x00007ffdf99f0000 - 0x00007ffdf9a81000 	c:\Users\datea\.vscode\extensions\redhat.java-1.11.0-win32-x64\jre\17.0.4.1-win32-x86_64\bin\msvcp140.dll
0x00007ffd8e2d0000 - 0x00007ffd8ef16000 	c:\Users\datea\.vscode\extensions\redhat.java-1.11.0-win32-x64\jre\17.0.4.1-win32-x86_64\bin\server\jvm.dll
0x00007ffe21210000 - 0x00007ffe212be000 	C:\WINDOWS\System32\ADVAPI32.dll
0x00007ffe21120000 - 0x00007ffe211c6000 	C:\WINDOWS\System32\sechost.dll
0x00007ffe21b00000 - 0x00007ffe21c27000 	C:\WINDOWS\System32\RPCRT4.dll
0x00007ffe211d0000 - 0x00007ffe211d8000 	C:\WINDOWS\System32\PSAPI.DLL
0x00007ffe01f20000 - 0x00007ffe01f29000 	C:\WINDOWS\SYSTEM32\WSOCK32.dll
0x00007ffe0da10000 - 0x00007ffe0da45000 	C:\WINDOWS\SYSTEM32\WINMM.dll
0x00007ffe1bf20000 - 0x00007ffe1bf2a000 	C:\WINDOWS\SYSTEM32\VERSION.dll
0x00007ffe207f0000 - 0x00007ffe2085f000 	C:\WINDOWS\System32\WS2_32.dll
0x00007ffe1dfe0000 - 0x00007ffe1dff8000 	C:\WINDOWS\SYSTEM32\kernel.appcore.dll
0x00007ffe0f2c0000 - 0x00007ffe0f2ca000 	c:\Users\datea\.vscode\extensions\redhat.java-1.11.0-win32-x64\jre\17.0.4.1-win32-x86_64\bin\jimage.dll
0x00007ffe1c8c0000 - 0x00007ffe1caf3000 	C:\WINDOWS\SYSTEM32\DBGHELP.DLL
0x00007ffe1fa40000 - 0x00007ffe1fdc3000 	C:\WINDOWS\System32\combase.dll
0x00007ffe1fe70000 - 0x00007ffe1ff48000 	C:\WINDOWS\System32\OLEAUT32.dll
0x00007ffe1a3c0000 - 0x00007ffe1a3f2000 	C:\WINDOWS\SYSTEM32\dbgcore.DLL
0x00007ffe1f9c0000 - 0x00007ffe1fa39000 	C:\WINDOWS\System32\bcryptPrimitives.dll
0x00007ffe0a2a0000 - 0x00007ffe0a2c5000 	c:\Users\datea\.vscode\extensions\redhat.java-1.11.0-win32-x64\jre\17.0.4.1-win32-x86_64\bin\java.dll
0x00007ffe09cb0000 - 0x00007ffe09cc8000 	c:\Users\datea\.vscode\extensions\redhat.java-1.11.0-win32-x64\jre\17.0.4.1-win32-x86_64\bin\zip.dll
0x00007ffe1ff50000 - 0x00007ffe2071f000 	C:\WINDOWS\System32\SHELL32.dll
0x00007ffe1cf50000 - 0x00007ffe1d7e5000 	C:\WINDOWS\SYSTEM32\windows.storage.dll
0x00007ffe1cdb0000 - 0x00007ffe1cf43000 	C:\WINDOWS\SYSTEM32\wintypes.dll
0x00007ffe20c10000 - 0x00007ffe20cfb000 	C:\WINDOWS\System32\SHCORE.dll
0x00007ffe210c0000 - 0x00007ffe2111d000 	C:\WINDOWS\System32\shlwapi.dll
0x00007ffe1ef80000 - 0x00007ffe1efa1000 	C:\WINDOWS\SYSTEM32\profapi.dll
0x00007ffdfea90000 - 0x00007ffdfeaa9000 	C:\Users\datea\.vscode\extensions\redhat.java-1.11.0-win32-x64\jre\17.0.4.1-win32-x86_64\bin\net.dll
0x00007ffe107e0000 - 0x00007ffe1090b000 	C:\WINDOWS\SYSTEM32\WINHTTP.dll
0x00007ffe1e4b0000 - 0x00007ffe1e519000 	C:\WINDOWS\system32\mswsock.dll
0x00007ffdfea70000 - 0x00007ffdfea85000 	C:\Users\datea\.vscode\extensions\redhat.java-1.11.0-win32-x64\jre\17.0.4.1-win32-x86_64\bin\nio.dll
0x00007ffdfddf0000 - 0x00007ffdfde00000 	c:\Users\datea\.vscode\extensions\redhat.java-1.11.0-win32-x64\jre\17.0.4.1-win32-x86_64\bin\verify.dll
0x00007ffe1c3e0000 - 0x00007ffe1c3e9000 	C:\Users\datea\.vscode\extensions\redhat.java-1.11.0-win32-x64\jre\17.0.4.1-win32-x86_64\bin\management.dll
0x00007ffe1c3d0000 - 0x00007ffe1c3db000 	C:\Users\datea\.vscode\extensions\redhat.java-1.11.0-win32-x64\jre\17.0.4.1-win32-x86_64\bin\management_ext.dll
0x00007ffe116b0000 - 0x00007ffe116c7000 	C:\WINDOWS\system32\napinsp.dll
0x00007ffe10060000 - 0x00007ffe1007a000 	C:\WINDOWS\system32\pnrpnsp.dll
0x00007ffddeeb0000 - 0x00007ffddeed1000 	C:\WINDOWS\system32\nlansp_c.dll
0x00007ffe1dad0000 - 0x00007ffe1dbcf000 	C:\WINDOWS\SYSTEM32\DNSAPI.dll
0x00007ffe1da60000 - 0x00007ffe1da8e000 	C:\WINDOWS\SYSTEM32\IPHLPAPI.DLL
0x00007ffe20730000 - 0x00007ffe20739000 	C:\WINDOWS\System32\NSI.dll
0x00007ffe10040000 - 0x00007ffe10051000 	C:\WINDOWS\System32\winrnr.dll
0x00007ffdef8a0000 - 0x00007ffdef8b5000 	C:\WINDOWS\system32\wshbth.dll
0x00007ffe107d0000 - 0x00007ffe107da000 	C:\Windows\System32\rasadhlp.dll
0x00007ffe10a30000 - 0x00007ffe10ab4000 	C:\WINDOWS\System32\fwpuclnt.dll
0x00007ffe1e730000 - 0x00007ffe1e74b000 	C:\WINDOWS\SYSTEM32\CRYPTSP.dll
0x00007ffe1df40000 - 0x00007ffe1df74000 	C:\WINDOWS\system32\rsaenh.dll
0x00007ffe1e5d0000 - 0x00007ffe1e5f8000 	C:\WINDOWS\SYSTEM32\USERENV.dll
0x00007ffe1e8f0000 - 0x00007ffe1e918000 	C:\WINDOWS\SYSTEM32\bcrypt.dll
0x00007ffe1e750000 - 0x00007ffe1e75c000 	C:\WINDOWS\SYSTEM32\CRYPTBASE.dll
0x00007ffe10990000 - 0x00007ffe109a9000 	C:\WINDOWS\SYSTEM32\dhcpcsvc6.DLL
0x00007ffe10960000 - 0x00007ffe1097f000 	C:\WINDOWS\SYSTEM32\dhcpcsvc.DLL

dbghelp: loaded successfully - version: 4.0.5 - missing functions: none
symbol engine: initialized successfully - sym options: 0x614 - pdb path: .;c:\Users\datea\.vscode\extensions\redhat.java-1.11.0-win32-x64\jre\17.0.4.1-win32-x86_64\bin;C:\WINDOWS\SYSTEM32;C:\WINDOWS\WinSxS\amd64_microsoft.windows.common-controls_6595b64144ccf1df_6.0.25217.1000_none_7b59e1e7f1b57804;c:\Users\datea\.vscode\extensions\redhat.java-1.11.0-win32-x64\jre\17.0.4.1-win32-x86_64\bin\server

VM Arguments:
jvm_args: -Dsts.lsp.client=vscode -Dsts.log.file=/dev/null -XX:TieredStopAtLevel=1 -Xlog:jni+resolve=off -Dspring.config.location=file:c:\Users\datea\.vscode\extensions\pivotal.vscode-spring-boot-1.39.0\language-server\BOOT-INF\classes\application.properties 
java_command: org.springframework.ide.vscode.boot.app.BootLanguageServerBootApp
java_class_path (initial): c:\Users\datea\.vscode\extensions\pivotal.vscode-spring-boot-1.39.0\language-server\BOOT-INF\classes;c:\Users\datea\.vscode\extensions\pivotal.vscode-spring-boot-1.39.0\language-server\BOOT-INF\lib\annotations-23.0.0.jar;c:\Users\datea\.vscode\extensions\pivotal.vscode-spring-boot-1.39.0\language-server\BOOT-INF\lib\antlr-runtime-3.5.2.jar;c:\Users\datea\.vscode\extensions\pivotal.vscode-spring-boot-1.39.0\language-server\BOOT-INF\lib\antlr4-4.9.3.jar;c:\Users\datea\.vscode\extensions\pivotal.vscode-spring-boot-1.39.0\language-server\BOOT-INF\lib\antlr4-runtime-4.9.3.jar;c:\Users\datea\.vscode\extensions\pivotal.vscode-spring-boot-1.39.0\language-server\BOOT-INF\lib\asm-9.3.jar;c:\Users\datea\.vscode\extensions\pivotal.vscode-spring-boot-1.39.0\language-server\BOOT-INF\lib\asm-analysis-9.3.jar;c:\Users\datea\.vscode\extensions\pivotal.vscode-spring-boot-1.39.0\language-server\BOOT-INF\lib\asm-tree-9.3.jar;c:\Users\datea\.vscode\extensions\pivotal.vscode-spring-boot-1.39.0\language-server\BOOT-INF\lib\asm-util-9.3.jar;c:\Users\datea\.vscode\extensions\pivotal.vscode-spring-boot-1.39.0\language-server\BOOT-INF\lib\byte-buddy-1.12.13.jar;c:\Users\datea\.vscode\extensions\pivotal.vscode-spring-boot-1.39.0\language-server\BOOT-INF\lib\caffeine-2.9.3.jar;c:\Users\datea\.vscode\extensions\pivotal.vscode-spring-boot-1.39.0\language-server\BOOT-INF\lib\checker-qual-3.12.0.jar;c:\Users\datea\.vscode\extensions\pivotal.vscode-spring-boot-1.39.0\language-server\BOOT-INF\lib\classgraph-4.8.149.jar;c:\Users\datea\.vscode\extensions\pivotal.vscode-spring-boot-1.39.0\language-server\BOOT-INF\lib\commons-codec-1.15.jar;c:\Users\datea\.vscode\extensions\pivotal.vscode-spring-boot-1.39.0\language-server\BOOT-INF\lib\commons-compress-1.21.jar;c:\Users\datea\.vscode\extensions\pivotal.vscode-spring-boot-1.39.0\language-server\BOOT-INF\lib\commons-exec-1.3.jar;c:\Users\datea\.vscode\extensions\pivotal.vscode-spring-boot-1.39.0\language-server\BOOT-INF\lib\com
Launcher Type: SUN_STANDARD

[Global flags]
     intx CICompilerCount                          = 4                                         {product} {ergonomic}
     uint ConcGCThreads                            = 2                                         {product} {ergonomic}
     uint G1ConcRefinementThreads                  = 8                                         {product} {ergonomic}
   size_t G1HeapRegionSize                         = 1048576                                   {product} {ergonomic}
    uintx GCDrainStackTargetSize                   = 64                                        {product} {ergonomic}
   size_t InitialHeapSize                          = 132120576                                 {product} {ergonomic}
   size_t MarkStackSize                            = 4194304                                   {product} {ergonomic}
   size_t MaxHeapSize                              = 2095054848                                {product} {ergonomic}
   size_t MaxNewSize                               = 1256194048                                {product} {ergonomic}
   size_t MinHeapDeltaBytes                        = 1048576                                   {product} {ergonomic}
   size_t MinHeapSize                              = 8388608                                   {product} {ergonomic}
    uintx NonProfiledCodeHeapSize                  = 0                                      {pd product} {ergonomic}
     bool ProfileInterpreter                       = false                                  {pd product} {command line}
    uintx ProfiledCodeHeapSize                     = 0                                      {pd product} {ergonomic}
   size_t SoftMaxHeapSize                          = 2095054848                             {manageable} {ergonomic}
     intx TieredStopAtLevel                        = 1                                         {product} {command line}
     bool UseCompressedClassPointers               = true                           {product lp64_product} {ergonomic}
     bool UseCompressedOops                        = true                           {product lp64_product} {ergonomic}
     bool UseG1GC                                  = true                                      {product} {ergonomic}
     bool UseLargePagesIndividualAllocation        = false                                  {pd product} {ergonomic}

Logging:
Log output configuration:
 #0: stdout all=warning,jni+resolve=off uptime,level,tags
 #1: stderr all=off uptime,level,tags

Environment Variables:
PATH=C:\Program Files\Java\jdk-15.0.2\bin;C:\Program Files\Common Files\Oracle\Java\javapath;C:\WINDOWS\system32;C:\WINDOWS;C:\WINDOWS\System32\Wbem;C:\WINDOWS\System32\WindowsPowerShell\v1.0\;C:\WINDOWS\System32\OpenSSH\;C:\Program Files\Azure Data Studio\bin;C:\Program Files\Microsoft SQL Server\Client SDK\ODBC\170\Tools\Binn\;C:\Program Files (x86)\Microsoft SQL Server\150\Tools\Binn\;C:\Program Files\Microsoft SQL Server\150\Tools\Binn\;C:\Program Files\Microsoft SQL Server\150\DTS\Binn\;C:\Program Files (x86)\Microsoft SQL Server\150\DTS\Binn\;C:\Program Files (x86)\GitExtensions\;F:\xampp\php;C:\ProgramData\ComposerSetup\bin;C:\xampp\php;C:\Program Files\Git\cmd;C:\Users\datea\AppData\Local\Microsoft\WindowsApps;C:\Users\datea\AppData\Local\Programs\Microsoft VS Code\bin;;C:\Program Files\Azure Data Studio\bin;C:\Users\datea\AppData\Roaming\Composer\vendor\bin
USERNAME=datea
OS=Windows_NT
PROCESSOR_IDENTIFIER=Intel64 Family 6 Model 126 Stepping 5, GenuineIntel
TMP=C:\Users\datea\AppData\Local\Temp
TEMP=C:\Users\datea\AppData\Local\Temp



---------------  S Y S T E M  ---------------

OS:
 Windows 11 , 64 bit Build 25217 (10.0.25217.1000)
OS uptime: 0 days 7:14 hours
Hyper-V role detected

CPU: total 8 (initial active 8) (4 cores per cpu, 2 threads per core) family 6 model 126 stepping 5 microcode 0xa6, cx8, cmov, fxsr, ht, mmx, 3dnowpref, sse, sse2, sse3, ssse3, sse4.1, sse4.2, popcnt, lzcnt, tsc, tscinvbit, avx, avx2, aes, erms, clmul, bmi1, bmi2, adx, avx512f, avx512dq, avx512cd, avx512bw, avx512vl, sha, fma, vzeroupper, avx512_vpopcntdq, avx512_vpclmulqdq, avx512_vaes, avx512_vnni, clflush, clflushopt, avx512_vbmi2, avx512_vbmi, hv

Memory: 4k page, system-wide physical 7987M (616M free)
TotalPageFile size 12083M (AvailPageFile size 204M)
current process WorkingSet (physical memory assigned to process): 219M, peak: 223M
current process commit charge ("private bytes"): 278M, peak: 466M

vm_info: OpenJDK 64-Bit Server VM (17.0.4.1+1) for windows-amd64 JRE (17.0.4.1+1), built on Aug 17 2022 07:42:43 by "temurin" with MS VC++ 16.7 (VS2019)

END.
