#
# There is insufficient memory for the Java Runtime Environment to continue.
# Native memory allocation (malloc) failed to allocate 1048576 bytes for AllocateHeap
# Possible reasons:
#   The system is out of physical RAM or swap space
#   The process is running with CompressedOops enabled, and the Java Heap may be blocking the growth of the native heap
# Possible solutions:
#   Reduce memory load on the system
#   Increase physical memory or swap space
#   Check if swap backing store is full
#   Decrease Java heap size (-Xmx/-Xms)
#   Decrease number of Java threads
#   Decrease Java thread stack sizes (-Xss)
#   Set larger code cache with -XX:ReservedCodeCacheSize=
#   JVM is running with Unscaled Compressed Oops mode in which the Java heap is
#     placed in the first 4GB address space. The Java Heap base address is the
#     maximum limit for the native heap growth. Please use -XX:HeapBaseMinAddress
#     to set the Java Heap base and to place the Java Heap above 4GB virtual address.
# This output file may be truncated or incomplete.
#
#  Out of Memory Error (allocation.cpp:44), pid=43668, tid=4452
#
# JRE version: OpenJDK Runtime Environment Temurin-17.0.4.1+1 (17.0.4.1+1) (build 17.0.4.1+1)
# Java VM: OpenJDK 64-Bit Server VM Temurin-17.0.4.1+1 (17.0.4.1+1, mixed mode, emulated-client, tiered, compressed oops, compressed class ptrs, g1 gc, windows-amd64)
# No core dump will be written. Minidumps are not enabled by default on client versions of Windows
#

---------------  S U M M A R Y ------------

Command Line: -Dsts.lsp.client=vscode -Dsts.log.file=/dev/null -XX:TieredStopAtLevel=1 -Xlog:jni+resolve=off -Dspring.config.location=file:c:\Users\datea\.vscode\extensions\pivotal.vscode-spring-boot-1.39.0\language-server\BOOT-INF\classes\application.properties org.springframework.ide.vscode.boot.app.BootLanguageServerBootApp

Host: Intel(R) Core(TM) i5-1035G1 CPU @ 1.00GHz, 8 cores, 7G,  Windows 11 , 64 bit Build 25217 (10.0.25217.1000)
Time: Thu Oct 20 14:44:38 2022 SE Asia Standard Time elapsed time: 717.597319 seconds (0d 0h 11m 57s)

---------------  T H R E A D  ---------------

Current thread (0x0000020bbe0f5190):  VMThread "VM Thread" [stack: 0x000000a48b700000,0x000000a48b800000] [id=4452]

Stack: [0x000000a48b700000,0x000000a48b800000]
Native frames: (J=compiled Java code, j=interpreted, Vv=VM code, C=native code)
V  [jvm.dll+0x67731a]
V  [jvm.dll+0x832284]
V  [jvm.dll+0x833a2e]
V  [jvm.dll+0x834093]
V  [jvm.dll+0x245775]
V  [jvm.dll+0xa6393]
V  [jvm.dll+0x2f5933]
V  [jvm.dll+0x2f1640]
V  [jvm.dll+0x2d9d27]
V  [jvm.dll+0x31ce37]
V  [jvm.dll+0x83853b]
V  [jvm.dll+0x839274]
V  [jvm.dll+0x83978c]
V  [jvm.dll+0x839b64]
V  [jvm.dll+0x839c30]
V  [jvm.dll+0x7e240a]
V  [jvm.dll+0x6761a5]
C  [ucrtbase.dll+0x4b7eb]
C  [KERNEL32.DLL+0x1484d]
C  [ntdll.dll+0x67558]

VM_Operation (0x000000a48defeea0): G1CollectFull, mode: safepoint, requested by thread 0x0000020bc09d9510


---------------  P R O C E S S  ---------------

Threads class SMR info:
_java_thread_list=0x0000020bc29147a0, length=27, elements={
0x0000020bbec012d0, 0x0000020bbec05db0, 0x0000020bbe11b950, 0x0000020bbe11ca20,
0x0000020bbe11d2e0, 0x0000020bbe11dba0, 0x0000020bbec26a70, 0x0000020bbec2a870,
0x0000020bbee50910, 0x0000020bbee57ed0, 0x0000020bc06b1de0, 0x0000020bc09d9510,
0x0000020bc09d7830, 0x0000020bc09d99e0, 0x0000020bc09d9eb0, 0x0000020bc09da380,
0x0000020bc09ddd40, 0x0000020bc09d6e90, 0x0000020bc09de210, 0x0000020bc09db1f0,
0x0000020bc09dced0, 0x0000020bc09d9040, 0x0000020bc09dbb90, 0x0000020bc09d81d0,
0x0000020bc2897a30, 0x0000020bc2894ee0, 0x0000020bc2894540
}

Java Threads: ( => current thread )
  0x0000020bbec012d0 JavaThread "Reference Handler" daemon [_thread_blocked, id=26480, stack(0x000000a48b800000,0x000000a48b900000)]
  0x0000020bbec05db0 JavaThread "Finalizer" daemon [_thread_blocked, id=24788, stack(0x000000a48b900000,0x000000a48ba00000)]
  0x0000020bbe11b950 JavaThread "Signal Dispatcher" daemon [_thread_blocked, id=14124, stack(0x000000a48ba00000,0x000000a48bb00000)]
  0x0000020bbe11ca20 JavaThread "Attach Listener" daemon [_thread_blocked, id=54712, stack(0x000000a48bb00000,0x000000a48bc00000)]
  0x0000020bbe11d2e0 JavaThread "Service Thread" daemon [_thread_blocked, id=27016, stack(0x000000a48bc00000,0x000000a48bd00000)]
  0x0000020bbe11dba0 JavaThread "Monitor Deflation Thread" daemon [_thread_blocked, id=50972, stack(0x000000a48bd00000,0x000000a48be00000)]
  0x0000020bbec26a70 JavaThread "C1 CompilerThread0" daemon [_thread_blocked, id=47664, stack(0x000000a48be00000,0x000000a48bf00000)]
  0x0000020bbec2a870 JavaThread "Sweeper thread" daemon [_thread_blocked, id=9424, stack(0x000000a48bf00000,0x000000a48c000000)]
  0x0000020bbee50910 JavaThread "Notification Thread" daemon [_thread_blocked, id=33024, stack(0x000000a48c200000,0x000000a48c300000)]
  0x0000020bbee57ed0 JavaThread "Common-Cleaner" daemon [_thread_blocked, id=29820, stack(0x000000a48c400000,0x000000a48c500000)]
  0x0000020bc06b1de0 JavaThread "boundedElastic-evictor-1" daemon [_thread_blocked, id=4196, stack(0x000000a48cd00000,0x000000a48ce00000)]
  0x0000020bc09d9510 JavaThread "pool-9-thread-1" [_thread_blocked, id=22248, stack(0x000000a48de00000,0x000000a48df00000)]
  0x0000020bc09d7830 JavaThread "LanguageServerApp-lifecycle" [_thread_blocked, id=42540, stack(0x000000a48df00000,0x000000a48e000000)]
  0x0000020bc09d99e0 JavaThread "DestroyJavaVM" [_thread_blocked, id=52756, stack(0x000000a48b100000,0x000000a48b200000)]
  0x0000020bc09d9eb0 JavaThread "pool-10-thread-1" [_thread_in_native, id=55596, stack(0x000000a48e100000,0x000000a48e200000)]
  0x0000020bc09da380 JavaThread "Simple-Language-Server main thread" daemon [_thread_blocked, id=13944, stack(0x000000a48e200000,0x000000a48e300000)]
  0x0000020bc09ddd40 JavaThread "pool-7-thread-1" [_thread_blocked, id=28552, stack(0x000000a48e300000,0x000000a48e400000)]
  0x0000020bc09d6e90 JavaThread "parallel-1" daemon [_thread_blocked, id=8300, stack(0x000000a48e400000,0x000000a48e500000)]
  0x0000020bc09de210 JavaThread "Reconciler-1" daemon [_thread_blocked, id=41136, stack(0x000000a48e500000,0x000000a48e600000)]
  0x0000020bc09db1f0 JavaThread "parallel-2" daemon [_thread_blocked, id=31392, stack(0x000000a48e600000,0x000000a48e700000)]
  0x0000020bc09dced0 JavaThread "parallel-3" daemon [_thread_blocked, id=11204, stack(0x000000a48eb00000,0x000000a48ec00000)]
  0x0000020bc09d9040 JavaThread "pool-5-thread-1" [_thread_blocked, id=54460, stack(0x000000a48ec00000,0x000000a48ed00000)]
  0x0000020bc09dbb90 JavaThread "parallel-4" daemon [_thread_blocked, id=880, stack(0x000000a48ed00000,0x000000a48ee00000)]
  0x0000020bc09d81d0 JavaThread "parallel-5" daemon [_thread_blocked, id=44108, stack(0x000000a48f500000,0x000000a48f600000)]
  0x0000020bc2897a30 JavaThread "parallel-6" daemon [_thread_blocked, id=55452, stack(0x000000a48c000000,0x000000a48c100000)]
  0x0000020bc2894ee0 JavaThread "parallel-7" daemon [_thread_blocked, id=38268, stack(0x000000a48c100000,0x000000a48c200000)]
  0x0000020bc2894540 JavaThread "parallel-8" daemon [_thread_blocked, id=33244, stack(0x000000a48d000000,0x000000a48d100000)]

Other Threads:
=>0x0000020bbe0f5190 VMThread "VM Thread" [stack: 0x000000a48b700000,0x000000a48b800000] [id=4452]
  0x0000020bbee50de0 WatcherThread [stack: 0x000000a48c300000,0x000000a48c400000] [id=55396]
  0x0000020baeed06f0 GCTaskThread "GC Thread#0" [stack: 0x000000a48b200000,0x000000a48b300000] [id=35688]
  0x0000020bbf7c1ec0 GCTaskThread "GC Thread#1" [stack: 0x000000a48c600000,0x000000a48c700000] [id=51056]
  0x0000020bbf7c2170 GCTaskThread "GC Thread#2" [stack: 0x000000a48c700000,0x000000a48c800000] [id=15724]
  0x0000020bbf7eb440 GCTaskThread "GC Thread#3" [stack: 0x000000a48c800000,0x000000a48c900000] [id=51844]
  0x0000020bbf7ebb00 GCTaskThread "GC Thread#4" [stack: 0x000000a48c900000,0x000000a48ca00000] [id=34996]
  0x0000020bbf7ebdb0 GCTaskThread "GC Thread#5" [stack: 0x000000a48ca00000,0x000000a48cb00000] [id=11176]
  0x0000020bc0201010 GCTaskThread "GC Thread#6" [stack: 0x000000a48cb00000,0x000000a48cc00000] [id=46028]
  0x0000020bc02012c0 GCTaskThread "GC Thread#7" [stack: 0x000000a48cc00000,0x000000a48cd00000] [id=27732]
  0x0000020baeee1060 ConcurrentGCThread "G1 Main Marker" [stack: 0x000000a48b300000,0x000000a48b400000] [id=39648]
  0x0000020baeee2120 ConcurrentGCThread "G1 Conc#0" [stack: 0x000000a48b400000,0x000000a48b500000] [id=34212]
  0x0000020bc02a7ff0 ConcurrentGCThread "G1 Conc#1" [stack: 0x000000a48ce00000,0x000000a48cf00000] [id=51280]
  0x0000020baef2eb50 ConcurrentGCThread "G1 Refine#0" [stack: 0x000000a48b500000,0x000000a48b600000] [id=55644]
  0x0000020bc08d4b70 ConcurrentGCThread "G1 Refine#1" [stack: 0x000000a48e000000,0x000000a48e100000] [id=56000]
  0x0000020bbf475d70 ConcurrentGCThread "G1 Refine#2" [stack: 0x000000a48f200000,0x000000a48f300000] [id=54676]
  0x0000020bbf4751f0 ConcurrentGCThread "G1 Refine#3" [stack: 0x000000a48f300000,0x000000a48f400000] [id=27212]
  0x0000020bbf474f10 ConcurrentGCThread "G1 Refine#4" [stack: 0x000000a48f400000,0x000000a48f500000] [id=35048]
  0x0000020bbf4754d0 ConcurrentGCThread "G1 Refine#5" [stack: 0x000000a48f600000,0x000000a48f700000] [id=50196]
  0x0000020bc28bd4d0 ConcurrentGCThread "G1 Refine#6" [stack: 0x000000a48c500000,0x000000a48c600000] [id=9004]
  0x0000020bbdf5c660 ConcurrentGCThread "G1 Service" [stack: 0x000000a48b600000,0x000000a48b700000] [id=19472]

Threads with active compile tasks:

VM state: at safepoint (normal execution)

VM Mutex/Monitor currently owned by a thread:  ([mutex/lock_event])
[0x0000020baecdc1b0] Threads_lock - owner thread: 0x0000020bbe0f5190
[0x0000020baee70940] Heap_lock - owner thread: 0x0000020bc09d9510

Heap address: 0x0000000083200000, size: 1998 MB, Compressed Oops mode: 32-bit

CDS archive(s) not mapped
Compressed class space mapped at: 0x0000000100000000-0x0000000140000000, reserved size: 1073741824
Narrow klass base: 0x0000000000000000, Narrow klass shift: 3, Narrow klass range: 0x140000000

GC Precious Log:
 CPUs: 8 total, 8 available
 Memory: 7987M
 Large Page Support: Disabled
 NUMA Support: Disabled
 Compressed Oops: Enabled (32-bit)
 Heap Region Size: 1M
 Heap Min Capacity: 8M
 Heap Initial Capacity: 126M
 Heap Max Capacity: 1998M
 Pre-touch: Disabled
 Parallel Workers: 8
 Concurrent Workers: 2
 Concurrent Refinement Workers: 8
 Periodic GC: Disabled

Heap:
 garbage-first heap   total 122880K, used 36015K [0x0000000083200000, 0x0000000100000000)
  region size 1024K, 1 young (1024K), 0 survivors (0K)
 Metaspace       used 53770K, committed 54336K, reserved 1097728K
  class space    used 7117K, committed 7360K, reserved 1048576K

Heap Regions: E=young(eden), S=young(survivor), O=old, HS=humongous(starts), HC=humongous(continues), CS=collection set, F=free, OA=open archive, CA=closed archive, TAMS=top-at-mark-start (previous, next)
|   0|0x0000000083200000, 0x0000000083300000, 0x0000000083300000|100%| O|  |TAMS 0x0000000083300000, 0x0000000083200000| Untracked 
|   1|0x0000000083300000, 0x0000000083400000, 0x0000000083400000|100%| O|  |TAMS 0x0000000083400000, 0x0000000083300000| Untracked 
|   2|0x0000000083400000, 0x0000000083500000, 0x0000000083500000|100%| O|  |TAMS 0x0000000083500000, 0x0000000083400000| Untracked 
|   3|0x0000000083500000, 0x00000000835ffe20, 0x0000000083600000| 99%| O|  |TAMS 0x00000000835ffe20, 0x0000000083500000| Untracked 
|   4|0x0000000083600000, 0x00000000836fffd8, 0x0000000083700000| 99%| O|  |TAMS 0x00000000836fffd8, 0x0000000083600000| Untracked 
|   5|0x0000000083700000, 0x00000000837fffd8, 0x0000000083800000| 99%| O|  |TAMS 0x00000000837fffd8, 0x0000000083700000| Untracked 
|   6|0x0000000083800000, 0x0000000083900000, 0x0000000083900000|100%| O|  |TAMS 0x0000000083900000, 0x0000000083800000| Untracked 
|   7|0x0000000083900000, 0x0000000083a00000, 0x0000000083a00000|100%| O|  |TAMS 0x0000000083a00000, 0x0000000083900000| Untracked 
|   8|0x0000000083a00000, 0x0000000083afffc8, 0x0000000083b00000| 99%| O|  |TAMS 0x0000000083afffc8, 0x0000000083a00000| Untracked 
|   9|0x0000000083b00000, 0x0000000083bfffe8, 0x0000000083c00000| 99%| O|  |TAMS 0x0000000083bfffe8, 0x0000000083b00000| Untracked 
|  10|0x0000000083c00000, 0x0000000083cf6038, 0x0000000083d00000| 96%| O|  |TAMS 0x0000000083cf6038, 0x0000000083c00000| Untracked 
|  11|0x0000000083d00000, 0x0000000083dfdcc0, 0x0000000083e00000| 99%| O|  |TAMS 0x0000000083dfdcc0, 0x0000000083d00000| Untracked 
|  12|0x0000000083e00000, 0x0000000083f00000, 0x0000000083f00000|100%| O|  |TAMS 0x0000000083f00000, 0x0000000083e00000| Untracked 
|  13|0x0000000083f00000, 0x0000000083ffffb8, 0x0000000084000000| 99%| O|  |TAMS 0x0000000083ffffb8, 0x0000000083f00000| Untracked 
|  14|0x0000000084000000, 0x0000000084100000, 0x0000000084100000|100%| O|  |TAMS 0x0000000084100000, 0x0000000084000000| Untracked 
|  15|0x0000000084100000, 0x00000000841ffff8, 0x0000000084200000| 99%| O|  |TAMS 0x00000000841ffff8, 0x0000000084100000| Untracked 
|  16|0x0000000084200000, 0x00000000842fffe8, 0x0000000084300000| 99%| O|  |TAMS 0x00000000842fffe8, 0x0000000084200000| Untracked 
|  17|0x0000000084300000, 0x00000000843fffd0, 0x0000000084400000| 99%| O|  |TAMS 0x00000000843fffd0, 0x0000000084300000| Untracked 
|  18|0x0000000084400000, 0x0000000084500000, 0x0000000084500000|100%| O|  |TAMS 0x0000000084500000, 0x0000000084400000| Untracked 
|  19|0x0000000084500000, 0x00000000845fffc0, 0x0000000084600000| 99%| O|  |TAMS 0x00000000845fffc0, 0x0000000084500000| Untracked 
|  20|0x0000000084600000, 0x00000000846f7808, 0x0000000084700000| 96%| O|  |TAMS 0x00000000846f7808, 0x0000000084600000| Untracked 
|  21|0x0000000084700000, 0x00000000847fffe8, 0x0000000084800000| 99%| O|  |TAMS 0x00000000847fffe8, 0x0000000084700000| Untracked 
|  22|0x0000000084800000, 0x00000000848fffc8, 0x0000000084900000| 99%| O|  |TAMS 0x00000000848fffc8, 0x0000000084800000| Untracked 
|  23|0x0000000084900000, 0x00000000849fffe8, 0x0000000084a00000| 99%| O|  |TAMS 0x00000000849fffe8, 0x0000000084900000| Untracked 
|  24|0x0000000084a00000, 0x0000000084affff0, 0x0000000084b00000| 99%| O|  |TAMS 0x0000000084affff0, 0x0000000084a00000| Untracked 
|  25|0x0000000084b00000, 0x0000000084bfffe0, 0x0000000084c00000| 99%| O|  |TAMS 0x0000000084bfffe0, 0x0000000084b00000| Untracked 
|  26|0x0000000084c00000, 0x0000000084cb2780, 0x0000000084d00000| 69%| O|  |TAMS 0x0000000084c00000, 0x0000000084c00000| Untracked 
|  27|0x0000000084d00000, 0x0000000084d91950, 0x0000000084e00000| 56%| O|  |TAMS 0x0000000084d00000, 0x0000000084d00000| Untracked 
|  28|0x0000000084e00000, 0x0000000084effff0, 0x0000000084f00000| 99%| O|  |TAMS 0x0000000084effff0, 0x0000000084e00000| Untracked 
|  29|0x0000000084f00000, 0x0000000084f00000, 0x0000000085000000|  0%| F|  |TAMS 0x0000000084f00000, 0x0000000084f00000| Untracked 
|  30|0x0000000085000000, 0x0000000085000000, 0x0000000085100000|  0%| F|  |TAMS 0x0000000085000000, 0x0000000085000000| Untracked 
|  31|0x0000000085100000, 0x0000000085200000, 0x0000000085200000|100%| O|  |TAMS 0x0000000085200000, 0x0000000085100000| Untracked 
|  32|0x0000000085200000, 0x00000000852fffa8, 0x0000000085300000| 99%| O|  |TAMS 0x00000000852fffa8, 0x0000000085200000| Untracked 
|  33|0x0000000085300000, 0x0000000085300000, 0x0000000085400000|  0%| F|  |TAMS 0x0000000085300000, 0x0000000085300000| Untracked 
|  34|0x0000000085400000, 0x0000000085400000, 0x0000000085500000|  0%| F|  |TAMS 0x0000000085400000, 0x0000000085400000| Untracked 
|  35|0x0000000085500000, 0x0000000085500000, 0x0000000085600000|  0%| F|  |TAMS 0x0000000085500000, 0x0000000085500000| Untracked 
|  36|0x0000000085600000, 0x0000000085600000, 0x0000000085700000|  0%| F|  |TAMS 0x0000000085600000, 0x0000000085600000| Untracked 
|  37|0x0000000085700000, 0x0000000085700000, 0x0000000085800000|  0%| F|  |TAMS 0x0000000085700000, 0x0000000085700000| Untracked 
|  38|0x0000000085800000, 0x0000000085800000, 0x0000000085900000|  0%| F|  |TAMS 0x0000000085800000, 0x0000000085800000| Untracked 
|  39|0x0000000085900000, 0x0000000085900000, 0x0000000085a00000|  0%| F|  |TAMS 0x0000000085900000, 0x0000000085900000| Untracked 
|  40|0x0000000085a00000, 0x0000000085a00000, 0x0000000085b00000|  0%| F|  |TAMS 0x0000000085a00000, 0x0000000085a00000| Untracked 
|  41|0x0000000085b00000, 0x0000000085b00000, 0x0000000085c00000|  0%| F|  |TAMS 0x0000000085b00000, 0x0000000085b00000| Untracked 
|  42|0x0000000085c00000, 0x0000000085c00000, 0x0000000085d00000|  0%| F|  |TAMS 0x0000000085c00000, 0x0000000085c00000| Untracked 
|  43|0x0000000085d00000, 0x0000000085dffff0, 0x0000000085e00000| 99%| O|  |TAMS 0x0000000085dffff0, 0x0000000085d00000| Untracked 
|  44|0x0000000085e00000, 0x0000000085e00000, 0x0000000085f00000|  0%| F|  |TAMS 0x0000000085e00000, 0x0000000085e00000| Untracked 
|  45|0x0000000085f00000, 0x0000000085f00000, 0x0000000086000000|  0%| F|  |TAMS 0x0000000085f00000, 0x0000000085f00000| Untracked 
|  46|0x0000000086000000, 0x0000000086000000, 0x0000000086100000|  0%| F|  |TAMS 0x0000000086000000, 0x0000000086000000| Untracked 
|  47|0x0000000086100000, 0x0000000086100000, 0x0000000086200000|  0%| F|  |TAMS 0x0000000086100000, 0x0000000086100000| Untracked 
|  48|0x0000000086200000, 0x0000000086200000, 0x0000000086300000|  0%| F|  |TAMS 0x0000000086200000, 0x0000000086200000| Untracked 
|  49|0x0000000086300000, 0x0000000086300000, 0x0000000086400000|  0%| F|  |TAMS 0x0000000086300000, 0x0000000086300000| Untracked 
|  50|0x0000000086400000, 0x0000000086400000, 0x0000000086500000|  0%| F|  |TAMS 0x0000000086400000, 0x0000000086400000| Untracked 
|  51|0x0000000086500000, 0x0000000086500000, 0x0000000086600000|  0%| F|  |TAMS 0x0000000086500000, 0x0000000086500000| Untracked 
|  52|0x0000000086600000, 0x0000000086600000, 0x0000000086700000|  0%| F|  |TAMS 0x0000000086600000, 0x0000000086600000| Untracked 
|  53|0x0000000086700000, 0x0000000086700000, 0x0000000086800000|  0%| F|  |TAMS 0x0000000086700000, 0x0000000086700000| Untracked 
|  54|0x0000000086800000, 0x0000000086800000, 0x0000000086900000|  0%| F|  |TAMS 0x0000000086800000, 0x0000000086800000| Untracked 
|  55|0x0000000086900000, 0x0000000086900000, 0x0000000086a00000|  0%| F|  |TAMS 0x0000000086900000, 0x0000000086900000| Untracked 
|  56|0x0000000086a00000, 0x0000000086a00000, 0x0000000086b00000|  0%| F|  |TAMS 0x0000000086a00000, 0x0000000086a00000| Untracked 
|  57|0x0000000086b00000, 0x0000000086b00000, 0x0000000086c00000|  0%| F|  |TAMS 0x0000000086b00000, 0x0000000086b00000| Untracked 
|  58|0x0000000086c00000, 0x0000000086cfffd0, 0x0000000086d00000| 99%| O|  |TAMS 0x0000000086cfffd0, 0x0000000086c00000| Untracked 
|  59|0x0000000086d00000, 0x0000000086d00000, 0x0000000086e00000|  0%| F|  |TAMS 0x0000000086d00000, 0x0000000086d00000| Untracked 
|  60|0x0000000086e00000, 0x0000000086e00000, 0x0000000086f00000|  0%| F|  |TAMS 0x0000000086e00000, 0x0000000086e00000| Untracked 
|  61|0x0000000086f00000, 0x0000000086f00000, 0x0000000087000000|  0%| F|  |TAMS 0x0000000086f00000, 0x0000000086f00000| Untracked 
|  62|0x0000000087000000, 0x0000000087000000, 0x0000000087100000|  0%| F|  |TAMS 0x0000000087000000, 0x0000000087000000| Untracked 
|  63|0x0000000087100000, 0x0000000087100000, 0x0000000087200000|  0%| F|  |TAMS 0x0000000087100000, 0x0000000087100000| Untracked 
|  64|0x0000000087200000, 0x0000000087200000, 0x0000000087300000|  0%| F|  |TAMS 0x0000000087200000, 0x0000000087200000| Untracked 
|  65|0x0000000087300000, 0x0000000087300000, 0x0000000087400000|  0%| F|  |TAMS 0x0000000087300000, 0x0000000087300000| Untracked 
|  66|0x0000000087400000, 0x0000000087400000, 0x0000000087500000|  0%| F|  |TAMS 0x0000000087400000, 0x0000000087400000| Untracked 
|  67|0x0000000087500000, 0x0000000087500000, 0x0000000087600000|  0%| F|  |TAMS 0x0000000087500000, 0x0000000087500000| Untracked 
|  68|0x0000000087600000, 0x0000000087600000, 0x0000000087700000|  0%| F|  |TAMS 0x0000000087600000, 0x0000000087600000| Untracked 
|  69|0x0000000087700000, 0x0000000087700000, 0x0000000087800000|  0%| F|  |TAMS 0x0000000087700000, 0x0000000087700000| Untracked 
|  70|0x0000000087800000, 0x0000000087800000, 0x0000000087900000|  0%| F|  |TAMS 0x0000000087800000, 0x0000000087800000| Untracked 
|  71|0x0000000087900000, 0x0000000087900000, 0x0000000087a00000|  0%| F|  |TAMS 0x0000000087900000, 0x0000000087900000| Untracked 
|  72|0x0000000087a00000, 0x0000000087a00000, 0x0000000087b00000|  0%| F|  |TAMS 0x0000000087a00000, 0x0000000087a00000| Untracked 
|  73|0x0000000087b00000, 0x0000000087b00000, 0x0000000087c00000|  0%| F|  |TAMS 0x0000000087b00000, 0x0000000087b00000| Untracked 
|  74|0x0000000087c00000, 0x0000000087cfcae0, 0x0000000087d00000| 98%| O|  |TAMS 0x0000000087cfcae0, 0x0000000087c00000| Untracked 
|  75|0x0000000087d00000, 0x0000000087d00000, 0x0000000087e00000|  0%| F|  |TAMS 0x0000000087d00000, 0x0000000087d00000| Untracked 
|  76|0x0000000087e00000, 0x0000000087e00000, 0x0000000087f00000|  0%| F|  |TAMS 0x0000000087e00000, 0x0000000087e00000| Untracked 
|  77|0x0000000087f00000, 0x0000000087f00000, 0x0000000088000000|  0%| F|  |TAMS 0x0000000087f00000, 0x0000000087f00000| Untracked 
|  78|0x0000000088000000, 0x0000000088000000, 0x0000000088100000|  0%| F|  |TAMS 0x0000000088000000, 0x0000000088000000| Untracked 
|  79|0x0000000088100000, 0x0000000088100000, 0x0000000088200000|  0%| F|  |TAMS 0x0000000088100000, 0x0000000088100000| Untracked 
|  80|0x0000000088200000, 0x0000000088200000, 0x0000000088300000|  0%| F|  |TAMS 0x0000000088200000, 0x0000000088200000| Untracked 
|  81|0x0000000088300000, 0x0000000088300000, 0x0000000088400000|  0%| F|  |TAMS 0x0000000088300000, 0x0000000088300000| Untracked 
|  82|0x0000000088400000, 0x0000000088400000, 0x0000000088500000|  0%| F|  |TAMS 0x0000000088400000, 0x0000000088400000| Untracked 
|  83|0x0000000088500000, 0x0000000088500000, 0x0000000088600000|  0%| F|  |TAMS 0x0000000088500000, 0x0000000088500000| Untracked 
|  84|0x0000000088600000, 0x0000000088600000, 0x0000000088700000|  0%| F|  |TAMS 0x0000000088600000, 0x0000000088600000| Untracked 
|  85|0x0000000088700000, 0x0000000088700000, 0x0000000088800000|  0%| F|  |TAMS 0x0000000088700000, 0x0000000088700000| Untracked 
|  86|0x0000000088800000, 0x0000000088800000, 0x0000000088900000|  0%| F|  |TAMS 0x0000000088800000, 0x0000000088800000| Untracked 
|  87|0x0000000088900000, 0x0000000088900000, 0x0000000088a00000|  0%| F|  |TAMS 0x0000000088900000, 0x0000000088900000| Untracked 
|  88|0x0000000088a00000, 0x0000000088b00000, 0x0000000088b00000|100%|HS|  |TAMS 0x0000000088b00000, 0x0000000088a00000| Untracked 
|  89|0x0000000088b00000, 0x0000000088b00000, 0x0000000088c00000|  0%| F|  |TAMS 0x0000000088b00000, 0x0000000088b00000| Untracked 
|  90|0x0000000088c00000, 0x0000000088c00000, 0x0000000088d00000|  0%| F|  |TAMS 0x0000000088c00000, 0x0000000088c00000| Untracked 
|  91|0x0000000088d00000, 0x0000000088d00000, 0x0000000088e00000|  0%| F|  |TAMS 0x0000000088d00000, 0x0000000088d00000| Untracked 
|  92|0x0000000088e00000, 0x0000000088e00000, 0x0000000088f00000|  0%| F|  |TAMS 0x0000000088e00000, 0x0000000088e00000| Untracked 
|  93|0x0000000088f00000, 0x0000000088f00000, 0x0000000089000000|  0%| F|  |TAMS 0x0000000088f00000, 0x0000000088f00000| Untracked 
|  94|0x0000000089000000, 0x0000000089000000, 0x0000000089100000|  0%| F|  |TAMS 0x0000000089000000, 0x0000000089000000| Untracked 
|  95|0x0000000089100000, 0x0000000089100000, 0x0000000089200000|  0%| F|  |TAMS 0x0000000089100000, 0x0000000089100000| Untracked 
|  96|0x0000000089200000, 0x0000000089200000, 0x0000000089300000|  0%| F|  |TAMS 0x0000000089200000, 0x0000000089200000| Untracked 
|  97|0x0000000089300000, 0x0000000089300000, 0x0000000089400000|  0%| F|  |TAMS 0x0000000089300000, 0x0000000089300000| Untracked 
|  98|0x0000000089400000, 0x0000000089400000, 0x0000000089500000|  0%| F|  |TAMS 0x0000000089400000, 0x0000000089400000| Untracked 
|  99|0x0000000089500000, 0x0000000089500000, 0x0000000089600000|  0%| F|  |TAMS 0x0000000089500000, 0x0000000089500000| Untracked 
| 100|0x0000000089600000, 0x0000000089600000, 0x0000000089700000|  0%| F|  |TAMS 0x0000000089600000, 0x0000000089600000| Untracked 
| 101|0x0000000089700000, 0x0000000089700000, 0x0000000089800000|  0%| F|  |TAMS 0x0000000089700000, 0x0000000089700000| Untracked 
| 102|0x0000000089800000, 0x0000000089800000, 0x0000000089900000|  0%| F|  |TAMS 0x0000000089800000, 0x0000000089800000| Untracked 
| 103|0x0000000089900000, 0x0000000089900000, 0x0000000089a00000|  0%| F|  |TAMS 0x0000000089900000, 0x0000000089900000| Untracked 
| 104|0x0000000089a00000, 0x0000000089a00000, 0x0000000089b00000|  0%| F|  |TAMS 0x0000000089a00000, 0x0000000089a00000| Untracked 
| 105|0x0000000089b00000, 0x0000000089b00000, 0x0000000089c00000|  0%| F|  |TAMS 0x0000000089b00000, 0x0000000089b00000| Untracked 
| 106|0x0000000089c00000, 0x0000000089c00000, 0x0000000089d00000|  0%| F|  |TAMS 0x0000000089c00000, 0x0000000089c00000| Untracked 
| 107|0x0000000089d00000, 0x0000000089d00000, 0x0000000089e00000|  0%| F|  |TAMS 0x0000000089d00000, 0x0000000089d00000| Untracked 
| 108|0x0000000089e00000, 0x0000000089e00000, 0x0000000089f00000|  0%| F|  |TAMS 0x0000000089e00000, 0x0000000089e00000| Untracked 
| 109|0x0000000089f00000, 0x0000000089f00000, 0x000000008a000000|  0%| F|  |TAMS 0x0000000089f00000, 0x0000000089f00000| Untracked 
| 110|0x000000008a000000, 0x000000008a000000, 0x000000008a100000|  0%| F|  |TAMS 0x000000008a000000, 0x000000008a000000| Untracked 
| 111|0x000000008a100000, 0x000000008a100000, 0x000000008a200000|  0%| F|  |TAMS 0x000000008a100000, 0x000000008a100000| Untracked 
| 112|0x000000008a200000, 0x000000008a200000, 0x000000008a300000|  0%| F|  |TAMS 0x000000008a200000, 0x000000008a200000| Untracked 
| 113|0x000000008a300000, 0x000000008a300000, 0x000000008a400000|  0%| F|  |TAMS 0x000000008a300000, 0x000000008a300000| Untracked 
| 114|0x000000008a400000, 0x000000008a400000, 0x000000008a500000|  0%| F|  |TAMS 0x000000008a400000, 0x000000008a400000| Untracked 
| 115|0x000000008a500000, 0x000000008a500000, 0x000000008a600000|  0%| F|  |TAMS 0x000000008a500000, 0x000000008a500000| Untracked 
| 116|0x000000008a600000, 0x000000008a600000, 0x000000008a700000|  0%| F|  |TAMS 0x000000008a600000, 0x000000008a600000| Untracked 
| 117|0x000000008a700000, 0x000000008a700000, 0x000000008a800000|  0%| F|  |TAMS 0x000000008a700000, 0x000000008a700000| Untracked 
| 118|0x000000008a800000, 0x000000008a81b318, 0x000000008a900000| 10%| E|  |TAMS 0x000000008a800000, 0x000000008a800000| Complete 
| 119|0x000000008a900000, 0x000000008aa00000, 0x000000008aa00000|100%| O|  |TAMS 0x000000008aa00000, 0x000000008a900000| Untracked 

Card table byte_map: [0x0000020bb6fa0000,0x0000020bb7390000] _byte_map_base: 0x0000020bb6b87000

Marking Bits (Prev, Next): (CMBitMap*) 0x0000020baeed0c50, (CMBitMap*) 0x0000020baeed0c10
 Prev Bits: [0x0000020bb96c0000, 0x0000020bbb5f8000)
 Next Bits: [0x0000020bb7780000, 0x0000020bb96b8000)

Polling page: 0x0000020baef30000

Metaspace:

Usage:
  Non-class:     45.56 MB used.
      Class:      6.95 MB used.
       Both:     52.51 MB used.

Virtual space:
  Non-class space:       48.00 MB reserved,      45.88 MB ( 96%) committed,  6 nodes.
      Class space:        1.00 GB reserved,       7.19 MB ( <1%) committed,  1 nodes.
             Both:        1.05 GB reserved,      53.06 MB (  5%) committed. 

Chunk freelists:
   Non-Class:  2.23 MB
       Class:  838.00 KB
        Both:  3.05 MB

MaxMetaspaceSize: unlimited
CompressedClassSpaceSize: 1.00 GB
Initial GC threshold: 21.00 MB
Current GC threshold: 88.44 MB
CDS: off
MetaspaceReclaimPolicy: balanced
 - commit_granule_bytes: 65536.
 - commit_granule_words: 8192.
 - virtual_space_node_default_size: 1048576.
 - enlarge_chunks_in_place: 1.
 - new_chunks_are_fully_committed: 0.
 - uncommit_free_chunks: 1.
 - use_allocation_guard: 0.
 - handle_deallocations: 1.


Internal statistics:

num_allocs_failed_limit: 8.
num_arena_births: 524.
num_arena_deaths: 140.
num_vsnodes_births: 7.
num_vsnodes_deaths: 0.
num_space_committed: 849.
num_space_uncommitted: 0.
num_chunks_returned_to_freelist: 175.
num_chunks_taken_from_freelist: 2247.
num_chunk_merges: 63.
num_chunk_splits: 1598.
num_chunks_enlarged: 1244.
num_purges: 8.
num_inconsistent_stats: 0.

CodeCache: size=49152Kb used=16825Kb max_used=17731Kb free=32326Kb
 bounds [0x0000020bb32c0000, 0x0000020bb4480000, 0x0000020bb62c0000]
 total_blobs=9355 nmethods=8743 adapters=538
 compilation: enabled
              stopped_count=0, restarted_count=0
 full_count=0

Compilation events (20 events):
Event: 186.480 Thread 0x0000020bbec26a70 8734       1       java.util.concurrent.ThreadPoolExecutor::isShutdown (12 bytes)
Event: 186.481 Thread 0x0000020bbec26a70 nmethod 8734 0x0000020bb42f1490 code [0x0000020bb42f1620, 0x0000020bb42f1718]
Event: 204.116 Thread 0x0000020bbec26a70 8735       1       org.eclipse.jdt.internal.compiler.lookup.ReferenceBinding::debugName (39 bytes)
Event: 204.117 Thread 0x0000020bbec26a70 nmethod 8735 0x0000020bb42f0f10 code [0x0000020bb42f10e0, 0x0000020bb42f1328]
Event: 273.620 Thread 0x0000020bbec26a70 8736       1       java.util.concurrent.ScheduledThreadPoolExecutor::canRunInCurrentRunState (61 bytes)
Event: 273.621 Thread 0x0000020bbec26a70 nmethod 8736 0x0000020bb42f0910 code [0x0000020bb42f0ac0, 0x0000020bb42f0d68]
Event: 393.619 Thread 0x0000020bbec26a70 8737       1       java.util.concurrent.ThreadPoolExecutor::getQueue (5 bytes)
Event: 393.619 Thread 0x0000020bbec26a70 nmethod 8737 0x0000020bb42f0610 code [0x0000020bb42f07a0, 0x0000020bb42f0878]
Event: 403.546 Thread 0x0000020bbec26a70 8738       1       java.util.concurrent.ScheduledThreadPoolExecutor$DelayedWorkQueue::setIndex (16 bytes)
Event: 403.546 Thread 0x0000020bbec26a70 nmethod 8738 0x0000020bb42f0290 code [0x0000020bb42f0420, 0x0000020bb42f0538]
Event: 403.630 Thread 0x0000020bbec26a70 8739       1       java.util.concurrent.TimeUnit::convert (77 bytes)
Event: 403.631 Thread 0x0000020bbec26a70 nmethod 8739 0x0000020bb42efc90 code [0x0000020bb42efe80, 0x0000020bb42f0108]
Event: 465.757 Thread 0x0000020bbec26a70 8740       1       java.lang.ProcessImpl::needsEscaping (169 bytes)
Event: 465.759 Thread 0x0000020bbec26a70 nmethod 8740 0x0000020bb42eef10 code [0x0000020bb42ef160, 0x0000020bb42ef868]
Event: 465.759 Thread 0x0000020bbec26a70 8741       1       java.lang.ProcessImpl::unQuote (40 bytes)
Event: 465.760 Thread 0x0000020bbec26a70 nmethod 8741 0x0000020bb42eea10 code [0x0000020bb42eebc0, 0x0000020bb42eed88]
Event: 473.621 Thread 0x0000020bbec26a70 8742       1       java.util.concurrent.ScheduledThreadPoolExecutor$ScheduledFutureTask::getDelay (16 bytes)
Event: 473.622 Thread 0x0000020bbec26a70 nmethod 8742 0x0000020bb42ee690 code [0x0000020bb42ee820, 0x0000020bb42ee948]
Event: 493.628 Thread 0x0000020bbec26a70 8743       1       java.util.concurrent.locks.LockSupport::parkNanos (29 bytes)
Event: 493.631 Thread 0x0000020bbec26a70 nmethod 8743 0x0000020bb42ee290 code [0x0000020bb42ee440, 0x0000020bb42ee628]

GC Heap History (20 events):
Event: 611.975 GC heap before
{Heap before GC invocations=68 (full 39):
 garbage-first heap   total 122880K, used 36015K [0x0000000083200000, 0x0000000100000000)
  region size 1024K, 1 young (1024K), 0 survivors (0K)
 Metaspace       used 53770K, committed 54336K, reserved 1097728K
  class space    used 7117K, committed 7360K, reserved 1048576K
}
Event: 612.023 GC heap after
{Heap after GC invocations=69 (full 40):
 garbage-first heap   total 122880K, used 36015K [0x0000000083200000, 0x0000000100000000)
  region size 1024K, 0 young (0K), 0 survivors (0K)
 Metaspace       used 53770K, committed 54336K, reserved 1097728K
  class space    used 7117K, committed 7360K, reserved 1048576K
}
Event: 622.320 GC heap before
{Heap before GC invocations=69 (full 40):
 garbage-first heap   total 122880K, used 36015K [0x0000000083200000, 0x0000000100000000)
  region size 1024K, 1 young (1024K), 0 survivors (0K)
 Metaspace       used 53770K, committed 54336K, reserved 1097728K
  class space    used 7117K, committed 7360K, reserved 1048576K
}
Event: 622.360 GC heap after
{Heap after GC invocations=70 (full 41):
 garbage-first heap   total 122880K, used 36015K [0x0000000083200000, 0x0000000100000000)
  region size 1024K, 0 young (0K), 0 survivors (0K)
 Metaspace       used 53770K, committed 54336K, reserved 1097728K
  class space    used 7117K, committed 7360K, reserved 1048576K
}
Event: 632.750 GC heap before
{Heap before GC invocations=70 (full 41):
 garbage-first heap   total 122880K, used 36015K [0x0000000083200000, 0x0000000100000000)
  region size 1024K, 1 young (1024K), 0 survivors (0K)
 Metaspace       used 53770K, committed 54336K, reserved 1097728K
  class space    used 7117K, committed 7360K, reserved 1048576K
}
Event: 632.788 GC heap after
{Heap after GC invocations=71 (full 42):
 garbage-first heap   total 122880K, used 36015K [0x0000000083200000, 0x0000000100000000)
  region size 1024K, 0 young (0K), 0 survivors (0K)
 Metaspace       used 53770K, committed 54336K, reserved 1097728K
  class space    used 7117K, committed 7360K, reserved 1048576K
}
Event: 643.128 GC heap before
{Heap before GC invocations=71 (full 42):
 garbage-first heap   total 122880K, used 36015K [0x0000000083200000, 0x0000000100000000)
  region size 1024K, 1 young (1024K), 0 survivors (0K)
 Metaspace       used 53770K, committed 54336K, reserved 1097728K
  class space    used 7117K, committed 7360K, reserved 1048576K
}
Event: 643.168 GC heap after
{Heap after GC invocations=72 (full 43):
 garbage-first heap   total 122880K, used 36015K [0x0000000083200000, 0x0000000100000000)
  region size 1024K, 0 young (0K), 0 survivors (0K)
 Metaspace       used 53770K, committed 54336K, reserved 1097728K
  class space    used 7117K, committed 7360K, reserved 1048576K
}
Event: 653.499 GC heap before
{Heap before GC invocations=72 (full 43):
 garbage-first heap   total 122880K, used 36015K [0x0000000083200000, 0x0000000100000000)
  region size 1024K, 1 young (1024K), 0 survivors (0K)
 Metaspace       used 53770K, committed 54336K, reserved 1097728K
  class space    used 7117K, committed 7360K, reserved 1048576K
}
Event: 653.543 GC heap after
{Heap after GC invocations=73 (full 44):
 garbage-first heap   total 122880K, used 36015K [0x0000000083200000, 0x0000000100000000)
  region size 1024K, 0 young (0K), 0 survivors (0K)
 Metaspace       used 53770K, committed 54336K, reserved 1097728K
  class space    used 7117K, committed 7360K, reserved 1048576K
}
Event: 663.867 GC heap before
{Heap before GC invocations=73 (full 44):
 garbage-first heap   total 122880K, used 36015K [0x0000000083200000, 0x0000000100000000)
  region size 1024K, 1 young (1024K), 0 survivors (0K)
 Metaspace       used 53770K, committed 54336K, reserved 1097728K
  class space    used 7117K, committed 7360K, reserved 1048576K
}
Event: 663.908 GC heap after
{Heap after GC invocations=74 (full 45):
 garbage-first heap   total 122880K, used 36015K [0x0000000083200000, 0x0000000100000000)
  region size 1024K, 0 young (0K), 0 survivors (0K)
 Metaspace       used 53770K, committed 54336K, reserved 1097728K
  class space    used 7117K, committed 7360K, reserved 1048576K
}
Event: 674.236 GC heap before
{Heap before GC invocations=74 (full 45):
 garbage-first heap   total 122880K, used 36015K [0x0000000083200000, 0x0000000100000000)
  region size 1024K, 1 young (1024K), 0 survivors (0K)
 Metaspace       used 53770K, committed 54336K, reserved 1097728K
  class space    used 7117K, committed 7360K, reserved 1048576K
}
Event: 674.276 GC heap after
{Heap after GC invocations=75 (full 46):
 garbage-first heap   total 122880K, used 36015K [0x0000000083200000, 0x0000000100000000)
  region size 1024K, 0 young (0K), 0 survivors (0K)
 Metaspace       used 53770K, committed 54336K, reserved 1097728K
  class space    used 7117K, committed 7360K, reserved 1048576K
}
Event: 684.626 GC heap before
{Heap before GC invocations=75 (full 46):
 garbage-first heap   total 122880K, used 36015K [0x0000000083200000, 0x0000000100000000)
  region size 1024K, 1 young (1024K), 0 survivors (0K)
 Metaspace       used 53770K, committed 54336K, reserved 1097728K
  class space    used 7117K, committed 7360K, reserved 1048576K
}
Event: 684.713 GC heap after
{Heap after GC invocations=76 (full 47):
 garbage-first heap   total 122880K, used 36015K [0x0000000083200000, 0x0000000100000000)
  region size 1024K, 0 young (0K), 0 survivors (0K)
 Metaspace       used 53770K, committed 54336K, reserved 1097728K
  class space    used 7117K, committed 7360K, reserved 1048576K
}
Event: 695.042 GC heap before
{Heap before GC invocations=76 (full 47):
 garbage-first heap   total 122880K, used 36015K [0x0000000083200000, 0x0000000100000000)
  region size 1024K, 1 young (1024K), 0 survivors (0K)
 Metaspace       used 53770K, committed 54336K, reserved 1097728K
  class space    used 7117K, committed 7360K, reserved 1048576K
}
Event: 695.089 GC heap after
{Heap after GC invocations=77 (full 48):
 garbage-first heap   total 122880K, used 36015K [0x0000000083200000, 0x0000000100000000)
  region size 1024K, 0 young (0K), 0 survivors (0K)
 Metaspace       used 53770K, committed 54336K, reserved 1097728K
  class space    used 7117K, committed 7360K, reserved 1048576K
}
Event: 705.464 GC heap before
{Heap before GC invocations=77 (full 48):
 garbage-first heap   total 122880K, used 36015K [0x0000000083200000, 0x0000000100000000)
  region size 1024K, 1 young (1024K), 0 survivors (0K)
 Metaspace       used 53770K, committed 54336K, reserved 1097728K
  class space    used 7117K, committed 7360K, reserved 1048576K
}
Event: 705.529 GC heap after
{Heap after GC invocations=78 (full 49):
 garbage-first heap   total 122880K, used 36015K [0x0000000083200000, 0x0000000100000000)
  region size 1024K, 0 young (0K), 0 survivors (0K)
 Metaspace       used 53770K, committed 54336K, reserved 1097728K
  class space    used 7117K, committed 7360K, reserved 1048576K
}

Deoptimization events (20 events):
Event: 8.386 Thread 0x0000020bc09d7360 DEOPT PACKING pc=0x0000020bb3dacb44 sp=0x000000a48eefcdf0
Event: 8.386 Thread 0x0000020bc09d7360 DEOPT UNPACKING pc=0x0000020bb3316763 sp=0x000000a48eefc2e0 mode 3
Event: 9.325 Thread 0x0000020bc09d9040 DEOPT PACKING pc=0x0000020bb3809cd2 sp=0x000000a48ecfe0e0
Event: 9.325 Thread 0x0000020bc09d9040 DEOPT UNPACKING pc=0x0000020bb3316763 sp=0x000000a48ecfd5e8 mode 3
Event: 9.326 Thread 0x0000020bc09d9040 DEOPT PACKING pc=0x0000020bb37fa2c5 sp=0x000000a48ecfe0a0
Event: 9.326 Thread 0x0000020bc09d9040 DEOPT UNPACKING pc=0x0000020bb3316763 sp=0x000000a48ecfd5e8 mode 3
Event: 11.041 Thread 0x0000020bc09de210 DEOPT PACKING pc=0x0000020bb3ff73a0 sp=0x000000a48e5fd400
Event: 11.054 Thread 0x0000020bc09de210 DEOPT UNPACKING pc=0x0000020bb3316763 sp=0x000000a48e5fc880 mode 3
Event: 15.130 Thread 0x0000020bc0914820 DEOPT PACKING pc=0x0000020bb42478f4 sp=0x000000a48cffe070
Event: 15.131 Thread 0x0000020bc0914820 DEOPT UNPACKING pc=0x0000020bb3316763 sp=0x000000a48cffd568 mode 0
Event: 15.131 Thread 0x0000020bc0914820 DEOPT PACKING pc=0x0000020bb42007f4 sp=0x000000a48cffe140
Event: 15.131 Thread 0x0000020bc0914820 DEOPT UNPACKING pc=0x0000020bb3316763 sp=0x000000a48cffd618 mode 0
Event: 15.131 Thread 0x0000020bc0914820 DEOPT PACKING pc=0x0000020bb41ff1a4 sp=0x000000a48cffe1f0
Event: 15.131 Thread 0x0000020bc0914820 DEOPT UNPACKING pc=0x0000020bb3316763 sp=0x000000a48cffd770 mode 0
Event: 15.131 Thread 0x0000020bc0914820 DEOPT PACKING pc=0x0000020bb422e2ac sp=0x000000a48cffe4f0
Event: 15.131 Thread 0x0000020bc0914820 DEOPT UNPACKING pc=0x0000020bb3316763 sp=0x000000a48cffd980 mode 0
Event: 21.783 Thread 0x0000020bc0914820 DEOPT PACKING pc=0x0000020bb34235f5 sp=0x000000a48cffdb00
Event: 21.783 Thread 0x0000020bc0914820 DEOPT UNPACKING pc=0x0000020bb3316763 sp=0x000000a48cffd020 mode 3
Event: 109.740 Thread 0x0000020bc09d9eb0 DEOPT PACKING pc=0x0000020bb3952454 sp=0x000000a48e1ff220
Event: 109.741 Thread 0x0000020bc09d9eb0 DEOPT UNPACKING pc=0x0000020bb3316763 sp=0x000000a48e1fe6a8 mode 0

Classes unloaded (20 events):
Event: 166.405 Thread 0x0000020bbe0f5190 Unloading class 0x0000000100202c00 'java/lang/invoke/LambdaForm$MH+0x0000000100202c00'
Event: 166.405 Thread 0x0000020bbe0f5190 Unloading class 0x0000000100202800 'java/lang/invoke/LambdaForm$MH+0x0000000100202800'
Event: 166.405 Thread 0x0000020bbe0f5190 Unloading class 0x0000000100202400 'java/lang/invoke/LambdaForm$MH+0x0000000100202400'
Event: 166.405 Thread 0x0000020bbe0f5190 Unloading class 0x0000000100202000 'java/lang/invoke/LambdaForm$MH+0x0000000100202000'
Event: 166.405 Thread 0x0000020bbe0f5190 Unloading class 0x0000000100201800 'java/lang/invoke/LambdaForm$MH+0x0000000100201800'
Event: 166.405 Thread 0x0000020bbe0f5190 Unloading class 0x00000001000d2800 'java/lang/invoke/LambdaForm$MH+0x00000001000d2800'
Event: 166.405 Thread 0x0000020bbe0f5190 Unloading class 0x00000001000d2000 'java/lang/invoke/LambdaForm$MH+0x00000001000d2000'
Event: 166.405 Thread 0x0000020bbe0f5190 Unloading class 0x00000001000d1c00 'java/lang/invoke/LambdaForm$MH+0x00000001000d1c00'
Event: 166.405 Thread 0x0000020bbe0f5190 Unloading class 0x00000001000d1800 'java/lang/invoke/LambdaForm$MH+0x00000001000d1800'
Event: 166.405 Thread 0x0000020bbe0f5190 Unloading class 0x00000001000d1000 'java/lang/invoke/LambdaForm$MH+0x00000001000d1000'
Event: 166.405 Thread 0x0000020bbe0f5190 Unloading class 0x00000001000d0c00 'java/lang/invoke/LambdaForm$MH+0x00000001000d0c00'
Event: 166.405 Thread 0x0000020bbe0f5190 Unloading class 0x00000001000d0800 'java/lang/invoke/LambdaForm$MH+0x00000001000d0800'
Event: 166.405 Thread 0x0000020bbe0f5190 Unloading class 0x00000001000d0000 'java/lang/invoke/LambdaForm$MH+0x00000001000d0000'
Event: 267.770 Thread 0x0000020bbe0f5190 Unloading class 0x0000000100739400 'jdk/internal/reflect/GeneratedMethodAccessor38'
Event: 267.770 Thread 0x0000020bbe0f5190 Unloading class 0x0000000100739000 'jdk/internal/reflect/GeneratedConstructorAccessor43'
Event: 267.770 Thread 0x0000020bbe0f5190 Unloading class 0x0000000100738c00 'jdk/internal/reflect/GeneratedMethodAccessor37'
Event: 267.770 Thread 0x0000020bbe0f5190 Unloading class 0x0000000100738800 'jdk/internal/reflect/GeneratedConstructorAccessor42'
Event: 267.770 Thread 0x0000020bbe0f5190 Unloading class 0x0000000100738400 'jdk/internal/reflect/GeneratedMethodAccessor36'
Event: 267.770 Thread 0x0000020bbe0f5190 Unloading class 0x0000000100738000 'jdk/internal/reflect/GeneratedMethodAccessor35'
Event: 267.770 Thread 0x0000020bbe0f5190 Unloading class 0x0000000100737c00 'jdk/internal/reflect/GeneratedMethodAccessor34'

Classes redefined (0 events):
No events

Internal exceptions (20 events):
Event: 13.869 Thread 0x0000020bc2cbb3f0 Exception <a 'sun/nio/fs/WindowsException'{0x00000000a0a6c728}> (0x00000000a0a6c728) 
thrown [s\src\hotspot\share\prims\jni.cpp, line 516]
Event: 13.870 Thread 0x0000020bc2cbb3f0 Exception <a 'sun/nio/fs/WindowsException'{0x00000000a0a6cad0}> (0x00000000a0a6cad0) 
thrown [s\src\hotspot\share\prims\jni.cpp, line 516]
Event: 13.870 Thread 0x0000020bc2cbb3f0 Exception <a 'sun/nio/fs/WindowsException'{0x00000000a0a6d4d0}> (0x00000000a0a6d4d0) 
thrown [s\src\hotspot\share\prims\jni.cpp, line 516]
Event: 13.870 Thread 0x0000020bc2cbb3f0 Exception <a 'sun/nio/fs/WindowsException'{0x00000000a0a6d890}> (0x00000000a0a6d890) 
thrown [s\src\hotspot\share\prims\jni.cpp, line 516]
Event: 13.870 Thread 0x0000020bc2cbb3f0 Exception <a 'sun/nio/fs/WindowsException'{0x00000000a0a6e290}> (0x00000000a0a6e290) 
thrown [s\src\hotspot\share\prims\jni.cpp, line 516]
Event: 13.870 Thread 0x0000020bc2cbb3f0 Exception <a 'sun/nio/fs/WindowsException'{0x00000000a0a6e640}> (0x00000000a0a6e640) 
thrown [s\src\hotspot\share\prims\jni.cpp, line 516]
Event: 13.870 Thread 0x0000020bc2cbb3f0 Exception <a 'sun/nio/fs/WindowsException'{0x00000000a0a6f040}> (0x00000000a0a6f040) 
thrown [s\src\hotspot\share\prims\jni.cpp, line 516]
Event: 13.870 Thread 0x0000020bc2cbb3f0 Exception <a 'sun/nio/fs/WindowsException'{0x00000000a0a6f400}> (0x00000000a0a6f400) 
thrown [s\src\hotspot\share\prims\jni.cpp, line 516]
Event: 13.870 Thread 0x0000020bc2cbb3f0 Exception <a 'sun/nio/fs/WindowsException'{0x00000000a0a6fe28}> (0x00000000a0a6fe28) 
thrown [s\src\hotspot\share\prims\jni.cpp, line 516]
Event: 13.870 Thread 0x0000020bc2cbb3f0 Exception <a 'sun/nio/fs/WindowsException'{0x00000000a0a70208}> (0x00000000a0a70208) 
thrown [s\src\hotspot\share\prims\jni.cpp, line 516]
Event: 13.870 Thread 0x0000020bc2cbb3f0 Exception <a 'sun/nio/fs/WindowsException'{0x00000000a0a70c40}> (0x00000000a0a70c40) 
thrown [s\src\hotspot\share\prims\jni.cpp, line 516]
Event: 13.870 Thread 0x0000020bc2cbb3f0 Exception <a 'sun/nio/fs/WindowsException'{0x00000000a0a71030}> (0x00000000a0a71030) 
thrown [s\src\hotspot\share\prims\jni.cpp, line 516]
Event: 13.870 Thread 0x0000020bc2cbb3f0 Exception <a 'sun/nio/fs/WindowsException'{0x00000000a0a71a58}> (0x00000000a0a71a58) 
thrown [s\src\hotspot\share\prims\jni.cpp, line 516]
Event: 13.870 Thread 0x0000020bc2cbb3f0 Exception <a 'sun/nio/fs/WindowsException'{0x00000000a0a71e48}> (0x00000000a0a71e48) 
thrown [s\src\hotspot\share\prims\jni.cpp, line 516]
Event: 21.783 Thread 0x0000020bc0914820 Implicit null exception at 0x0000020bb3422d28 to 0x0000020bb34235f0
Event: 94.716 Thread 0x0000020bc09d9510 Exception <a 'java/lang/NoSuchMethodError'{0x00000000b3138230}: 'void java.lang.invoke.DirectMethodHandle$Holder.invokeStatic(java.lang.Object, long)'> (0x00000000b3138230) 
thrown [s\src\hotspot\share\interpreter\linkResolver.cpp, line 759]
Event: 94.717 Thread 0x0000020bc09d9510 Exception <a 'java/lang/NoSuchMethodError'{0x00000000b313d5d8}: 'java.lang.Object java.lang.invoke.DirectMethodHandle$Holder.newInvokeSpecial(java.lang.Object, long)'> (0x00000000b313d5d8) 
thrown [s\src\hotspot\share\interpreter\linkResolver.cpp, line 759]
Event: 94.720 Thread 0x0000020bc09d9510 Exception <a 'java/lang/NoSuchMethodError'{0x00000000b3143ec0}: 'java.lang.Object java.lang.invoke.DirectMethodHandle$Holder.invokeStatic(java.lang.Object, java.lang.Object, long, java.lang.Object)'> (0x00000000b3143ec0) 
thrown [s\src\hotspot\share\interpreter\linkResolver.cpp, line 759]
Event: 94.720 Thread 0x0000020bc09d9510 Exception <a 'java/lang/NoSuchMethodError'{0x00000000b3147958}: 'java.lang.Object java.lang.invoke.DirectMethodHandle$Holder.invokeStaticInit(java.lang.Object, java.lang.Object, long, java.lang.Object)'> (0x00000000b3147958) 
thrown [s\src\hotspot\share\interpreter\linkResolver.cpp, line 759]
Event: 94.721 Thread 0x0000020bc09d9510 Exception <a 'java/lang/NoSuchMethodError'{0x00000000b314dc88}: 'java.lang.Object java.lang.invoke.DirectMethodHandle$Holder.newInvokeSpecial(java.lang.Object, java.lang.Object, long)'> (0x00000000b314dc88) 
thrown [s\src\hotspot\share\interpreter\linkResolver.cpp, line 759]

VM Operations (20 events):
Event: 612.023 Executing VM operation: G1CollectFull done
Event: 622.320 Executing VM operation: G1CollectFull
Event: 622.360 Executing VM operation: G1CollectFull done
Event: 632.750 Executing VM operation: G1CollectFull
Event: 632.788 Executing VM operation: G1CollectFull done
Event: 643.128 Executing VM operation: G1CollectFull
Event: 643.168 Executing VM operation: G1CollectFull done
Event: 653.499 Executing VM operation: G1CollectFull
Event: 653.543 Executing VM operation: G1CollectFull done
Event: 663.867 Executing VM operation: G1CollectFull
Event: 663.908 Executing VM operation: G1CollectFull done
Event: 674.236 Executing VM operation: G1CollectFull
Event: 674.276 Executing VM operation: G1CollectFull done
Event: 684.625 Executing VM operation: G1CollectFull
Event: 684.713 Executing VM operation: G1CollectFull done
Event: 695.042 Executing VM operation: G1CollectFull
Event: 695.089 Executing VM operation: G1CollectFull done
Event: 705.464 Executing VM operation: G1CollectFull
Event: 705.529 Executing VM operation: G1CollectFull done
Event: 716.590 Executing VM operation: G1CollectFull

Events (20 events):
Event: 94.699 loading class java/lang/ProcessImpl done
Event: 94.718 loading class java/lang/ProcessHandleImpl
Event: 94.718 loading class java/lang/ProcessHandle
Event: 94.719 loading class java/lang/ProcessHandle done
Event: 94.719 loading class java/lang/ProcessHandleImpl done
Event: 94.721 loading class java/lang/ProcessImpl$2
Event: 94.722 loading class java/lang/ProcessImpl$2 done
Event: 94.722 loading class java/lang/Process$PipeInputStream
Event: 94.722 loading class java/lang/Process$PipeInputStream done
Event: 94.726 loading class jdk/internal/event/ProcessStartEvent
Event: 94.727 loading class jdk/internal/event/ProcessStartEvent done
Event: 109.773 Thread 0x0000020bc06343a0 Thread added: 0x0000020bc06343a0
Event: 120.303 Thread 0x0000020bc09dca00 Thread exited: 0x0000020bc09dca00
Event: 121.106 Thread 0x0000020bc06343a0 Thread exited: 0x0000020bc06343a0
Event: 123.751 Thread 0x0000020bc09dc530 Thread exited: 0x0000020bc09dc530
Event: 169.782 Thread 0x0000020bc0914820 Thread exited: 0x0000020bc0914820
Event: 235.481 Thread 0x0000020bc09d7360 Thread exited: 0x0000020bc09d7360
Event: 264.122 Thread 0x0000020bc09dad20 Thread exited: 0x0000020bc09dad20
Event: 295.482 Thread 0x0000020bc09da850 Thread exited: 0x0000020bc09da850
Event: 355.484 Thread 0x0000020bc09dc060 Thread exited: 0x0000020bc09dc060


Dynamic libraries:
0x00007ff7bd2f0000 - 0x00007ff7bd2fe000 	c:\Users\datea\.vscode\extensions\redhat.java-1.11.0-win32-x64\jre\17.0.4.1-win32-x86_64\bin\java.exe
0x00007fff837d0000 - 0x00007fff839e9000 	C:\WINDOWS\SYSTEM32\ntdll.dll
0x00007fff815a0000 - 0x00007fff81662000 	C:\WINDOWS\System32\KERNEL32.DLL
0x00007fff80c30000 - 0x00007fff80fcf000 	C:\WINDOWS\System32\KERNELBASE.dll
0x00007fff7da30000 - 0x00007fff7dac6000 	C:\WINDOWS\SYSTEM32\apphelp.dll
0x00007fff81140000 - 0x00007fff8125b000 	C:\WINDOWS\System32\ucrtbase.dll
0x00007fff718d0000 - 0x00007fff718e9000 	c:\Users\datea\.vscode\extensions\redhat.java-1.11.0-win32-x64\jre\17.0.4.1-win32-x86_64\bin\VCRUNTIME140.dll
0x00007fff729d0000 - 0x00007fff729e8000 	c:\Users\datea\.vscode\extensions\redhat.java-1.11.0-win32-x64\jre\17.0.4.1-win32-x86_64\bin\jli.dll
0x00007fff83210000 - 0x00007fff833bc000 	C:\WINDOWS\System32\USER32.dll
0x00007fff610a0000 - 0x00007fff61331000 	C:\WINDOWS\WinSxS\amd64_microsoft.windows.common-controls_6595b64144ccf1df_6.0.25217.1010_none_7b5ae231f1b4915b\COMCTL32.dll
0x00007fff81500000 - 0x00007fff81526000 	C:\WINDOWS\System32\win32u.dll
0x00007fff83580000 - 0x00007fff83627000 	C:\WINDOWS\System32\msvcrt.dll
0x00007fff83120000 - 0x00007fff83149000 	C:\WINDOWS\System32\GDI32.dll
0x00007fff813e0000 - 0x00007fff814f6000 	C:\WINDOWS\System32\gdi32full.dll
0x00007fff810a0000 - 0x00007fff8113a000 	C:\WINDOWS\System32\msvcp_win.dll
0x00007fff817d0000 - 0x00007fff81801000 	C:\WINDOWS\System32\IMM32.DLL
0x00007fff7cc90000 - 0x00007fff7cc9c000 	c:\Users\datea\.vscode\extensions\redhat.java-1.11.0-win32-x64\jre\17.0.4.1-win32-x86_64\bin\vcruntime140_1.dll
0x00007fff43f20000 - 0x00007fff43fb1000 	c:\Users\datea\.vscode\extensions\redhat.java-1.11.0-win32-x64\jre\17.0.4.1-win32-x86_64\bin\msvcp140.dll
0x00007ffef5e90000 - 0x00007ffef6ad6000 	c:\Users\datea\.vscode\extensions\redhat.java-1.11.0-win32-x64\jre\17.0.4.1-win32-x86_64\bin\server\jvm.dll
0x00007fff81d70000 - 0x00007fff81e1e000 	C:\WINDOWS\System32\ADVAPI32.dll
0x00007fff81810000 - 0x00007fff818b6000 	C:\WINDOWS\System32\sechost.dll
0x00007fff82b10000 - 0x00007fff82c37000 	C:\WINDOWS\System32\RPCRT4.dll
0x00007fff833d0000 - 0x00007fff833d8000 	C:\WINDOWS\System32\PSAPI.DLL
0x00007fff69f50000 - 0x00007fff69f59000 	C:\WINDOWS\SYSTEM32\WSOCK32.dll
0x00007fff79e70000 - 0x00007fff79e7a000 	C:\WINDOWS\SYSTEM32\VERSION.dll
0x00007fff822a0000 - 0x00007fff8230f000 	C:\WINDOWS\System32\WS2_32.dll
0x00007fff79e30000 - 0x00007fff79e65000 	C:\WINDOWS\SYSTEM32\WINMM.dll
0x00007fff7fb60000 - 0x00007fff7fb78000 	C:\WINDOWS\SYSTEM32\kernel.appcore.dll
0x00007fff7bcd0000 - 0x00007fff7bcda000 	c:\Users\datea\.vscode\extensions\redhat.java-1.11.0-win32-x64\jre\17.0.4.1-win32-x86_64\bin\jimage.dll
0x00007fff7e470000 - 0x00007fff7e6a3000 	C:\WINDOWS\SYSTEM32\DBGHELP.DLL
0x00007fff81f10000 - 0x00007fff82293000 	C:\WINDOWS\System32\combase.dll
0x00007fff81940000 - 0x00007fff81a18000 	C:\WINDOWS\System32\OLEAUT32.dll
0x00007fff6d4c0000 - 0x00007fff6d4f2000 	C:\WINDOWS\SYSTEM32\dbgcore.DLL
0x00007fff80bb0000 - 0x00007fff80c29000 	C:\WINDOWS\System32\bcryptPrimitives.dll
0x00007fff6c720000 - 0x00007fff6c745000 	c:\Users\datea\.vscode\extensions\redhat.java-1.11.0-win32-x64\jre\17.0.4.1-win32-x86_64\bin\java.dll
0x00007fff71750000 - 0x00007fff71768000 	c:\Users\datea\.vscode\extensions\redhat.java-1.11.0-win32-x64\jre\17.0.4.1-win32-x86_64\bin\zip.dll
0x00007fff82330000 - 0x00007fff82aff000 	C:\WINDOWS\System32\SHELL32.dll
0x00007fff7eab0000 - 0x00007fff7f345000 	C:\WINDOWS\SYSTEM32\windows.storage.dll
0x00007fff7e910000 - 0x00007fff7eaa3000 	C:\WINDOWS\SYSTEM32\wintypes.dll
0x00007fff81e20000 - 0x00007fff81f0b000 	C:\WINDOWS\System32\SHCORE.dll
0x00007fff81670000 - 0x00007fff816cd000 	C:\WINDOWS\System32\shlwapi.dll
0x00007fff80ae0000 - 0x00007fff80b01000 	C:\WINDOWS\SYSTEM32\profapi.dll
0x00007fff70630000 - 0x00007fff70649000 	C:\Users\datea\.vscode\extensions\redhat.java-1.11.0-win32-x64\jre\17.0.4.1-win32-x86_64\bin\net.dll
0x00007fff79a30000 - 0x00007fff79b5b000 	C:\WINDOWS\SYSTEM32\WINHTTP.dll
0x00007fff80010000 - 0x00007fff80079000 	C:\WINDOWS\system32\mswsock.dll
0x00007fff6c830000 - 0x00007fff6c845000 	C:\Users\datea\.vscode\extensions\redhat.java-1.11.0-win32-x64\jre\17.0.4.1-win32-x86_64\bin\nio.dll
0x00007fff728b0000 - 0x00007fff728c0000 	c:\Users\datea\.vscode\extensions\redhat.java-1.11.0-win32-x64\jre\17.0.4.1-win32-x86_64\bin\verify.dll
0x00007fff7b310000 - 0x00007fff7b319000 	C:\Users\datea\.vscode\extensions\redhat.java-1.11.0-win32-x64\jre\17.0.4.1-win32-x86_64\bin\management.dll
0x00007fff7ae60000 - 0x00007fff7ae6b000 	C:\Users\datea\.vscode\extensions\redhat.java-1.11.0-win32-x64\jre\17.0.4.1-win32-x86_64\bin\management_ext.dll
0x00007fff30650000 - 0x00007fff30667000 	C:\WINDOWS\system32\napinsp.dll
0x00007fff2e660000 - 0x00007fff2e67a000 	C:\WINDOWS\system32\pnrpnsp.dll
0x00007fff6baa0000 - 0x00007fff6bac1000 	C:\WINDOWS\system32\nlansp_c.dll
0x00007fff7f630000 - 0x00007fff7f72f000 	C:\WINDOWS\SYSTEM32\DNSAPI.dll
0x00007fff7f5c0000 - 0x00007fff7f5ee000 	C:\WINDOWS\SYSTEM32\IPHLPAPI.DLL
0x00007fff82320000 - 0x00007fff82329000 	C:\WINDOWS\System32\NSI.dll
0x00007fff2dfd0000 - 0x00007fff2dfe1000 	C:\WINDOWS\System32\winrnr.dll
0x00007fff50740000 - 0x00007fff50755000 	C:\WINDOWS\system32\wshbth.dll
0x00007fff787d0000 - 0x00007fff787da000 	C:\Windows\System32\rasadhlp.dll
0x00007fff79060000 - 0x00007fff790e4000 	C:\WINDOWS\System32\fwpuclnt.dll
0x00007fff80290000 - 0x00007fff802ab000 	C:\WINDOWS\SYSTEM32\CRYPTSP.dll
0x00007fff7faa0000 - 0x00007fff7fad4000 	C:\WINDOWS\system32\rsaenh.dll
0x00007fff80130000 - 0x00007fff80158000 	C:\WINDOWS\SYSTEM32\USERENV.dll
0x00007fff80450000 - 0x00007fff80478000 	C:\WINDOWS\SYSTEM32\bcrypt.dll
0x00007fff802b0000 - 0x00007fff802bc000 	C:\WINDOWS\SYSTEM32\CRYPTBASE.dll
0x00007fff79870000 - 0x00007fff79889000 	C:\WINDOWS\SYSTEM32\dhcpcsvc6.DLL
0x00007fff79840000 - 0x00007fff7985f000 	C:\WINDOWS\SYSTEM32\dhcpcsvc.DLL

dbghelp: loaded successfully - version: 4.0.5 - missing functions: none
symbol engine: initialized successfully - sym options: 0x614 - pdb path: .;c:\Users\datea\.vscode\extensions\redhat.java-1.11.0-win32-x64\jre\17.0.4.1-win32-x86_64\bin;C:\WINDOWS\SYSTEM32;C:\WINDOWS\WinSxS\amd64_microsoft.windows.common-controls_6595b64144ccf1df_6.0.25217.1010_none_7b5ae231f1b4915b;c:\Users\datea\.vscode\extensions\redhat.java-1.11.0-win32-x64\jre\17.0.4.1-win32-x86_64\bin\server

VM Arguments:
jvm_args: -Dsts.lsp.client=vscode -Dsts.log.file=/dev/null -XX:TieredStopAtLevel=1 -Xlog:jni+resolve=off -Dspring.config.location=file:c:\Users\datea\.vscode\extensions\pivotal.vscode-spring-boot-1.39.0\language-server\BOOT-INF\classes\application.properties 
java_command: org.springframework.ide.vscode.boot.app.BootLanguageServerBootApp
java_class_path (initial): c:\Users\datea\.vscode\extensions\pivotal.vscode-spring-boot-1.39.0\language-server\BOOT-INF\classes;c:\Users\datea\.vscode\extensions\pivotal.vscode-spring-boot-1.39.0\language-server\BOOT-INF\lib\annotations-23.0.0.jar;c:\Users\datea\.vscode\extensions\pivotal.vscode-spring-boot-1.39.0\language-server\BOOT-INF\lib\antlr-runtime-3.5.2.jar;c:\Users\datea\.vscode\extensions\pivotal.vscode-spring-boot-1.39.0\language-server\BOOT-INF\lib\antlr4-4.9.3.jar;c:\Users\datea\.vscode\extensions\pivotal.vscode-spring-boot-1.39.0\language-server\BOOT-INF\lib\antlr4-runtime-4.9.3.jar;c:\Users\datea\.vscode\extensions\pivotal.vscode-spring-boot-1.39.0\language-server\BOOT-INF\lib\asm-9.3.jar;c:\Users\datea\.vscode\extensions\pivotal.vscode-spring-boot-1.39.0\language-server\BOOT-INF\lib\asm-analysis-9.3.jar;c:\Users\datea\.vscode\extensions\pivotal.vscode-spring-boot-1.39.0\language-server\BOOT-INF\lib\asm-tree-9.3.jar;c:\Users\datea\.vscode\extensions\pivotal.vscode-spring-boot-1.39.0\language-server\BOOT-INF\lib\asm-util-9.3.jar;c:\Users\datea\.vscode\extensions\pivotal.vscode-spring-boot-1.39.0\language-server\BOOT-INF\lib\byte-buddy-1.12.13.jar;c:\Users\datea\.vscode\extensions\pivotal.vscode-spring-boot-1.39.0\language-server\BOOT-INF\lib\caffeine-2.9.3.jar;c:\Users\datea\.vscode\extensions\pivotal.vscode-spring-boot-1.39.0\language-server\BOOT-INF\lib\checker-qual-3.12.0.jar;c:\Users\datea\.vscode\extensions\pivotal.vscode-spring-boot-1.39.0\language-server\BOOT-INF\lib\classgraph-4.8.149.jar;c:\Users\datea\.vscode\extensions\pivotal.vscode-spring-boot-1.39.0\language-server\BOOT-INF\lib\commons-codec-1.15.jar;c:\Users\datea\.vscode\extensions\pivotal.vscode-spring-boot-1.39.0\language-server\BOOT-INF\lib\commons-compress-1.21.jar;c:\Users\datea\.vscode\extensions\pivotal.vscode-spring-boot-1.39.0\language-server\BOOT-INF\lib\commons-exec-1.3.jar;c:\Users\datea\.vscode\extensions\pivotal.vscode-spring-boot-1.39.0\language-server\BOOT-INF\lib\com
Launcher Type: SUN_STANDARD

[Global flags]
     intx CICompilerCount                          = 4                                         {product} {ergonomic}
     uint ConcGCThreads                            = 2                                         {product} {ergonomic}
     uint G1ConcRefinementThreads                  = 8                                         {product} {ergonomic}
   size_t G1HeapRegionSize                         = 1048576                                   {product} {ergonomic}
    uintx GCDrainStackTargetSize                   = 64                                        {product} {ergonomic}
   size_t InitialHeapSize                          = 132120576                                 {product} {ergonomic}
   size_t MarkStackSize                            = 4194304                                   {product} {ergonomic}
   size_t MaxHeapSize                              = 2095054848                                {product} {ergonomic}
   size_t MaxNewSize                               = 1256194048                                {product} {ergonomic}
   size_t MinHeapDeltaBytes                        = 1048576                                   {product} {ergonomic}
   size_t MinHeapSize                              = 8388608                                   {product} {ergonomic}
    uintx NonProfiledCodeHeapSize                  = 0                                      {pd product} {ergonomic}
     bool ProfileInterpreter                       = false                                  {pd product} {command line}
    uintx ProfiledCodeHeapSize                     = 0                                      {pd product} {ergonomic}
   size_t SoftMaxHeapSize                          = 2095054848                             {manageable} {ergonomic}
     intx TieredStopAtLevel                        = 1                                         {product} {command line}
     bool UseCompressedClassPointers               = true                           {product lp64_product} {ergonomic}
     bool UseCompressedOops                        = true                           {product lp64_product} {ergonomic}
     bool UseG1GC                                  = true                                      {product} {ergonomic}
     bool UseLargePagesIndividualAllocation        = false                                  {pd product} {ergonomic}

Logging:
Log output configuration:
 #0: stdout all=warning,jni+resolve=off uptime,level,tags
 #1: stderr all=off uptime,level,tags

Environment Variables:
PATH=C:\Program Files\Java\jdk-15.0.2\bin;C:\Program Files\Common Files\Oracle\Java\javapath;C:\WINDOWS\system32;C:\WINDOWS;C:\WINDOWS\System32\Wbem;C:\WINDOWS\System32\WindowsPowerShell\v1.0\;C:\WINDOWS\System32\OpenSSH\;C:\Program Files\Azure Data Studio\bin;C:\Program Files\Microsoft SQL Server\Client SDK\ODBC\170\Tools\Binn\;C:\Program Files (x86)\Microsoft SQL Server\150\Tools\Binn\;C:\Program Files\Microsoft SQL Server\150\Tools\Binn\;C:\Program Files\Microsoft SQL Server\150\DTS\Binn\;C:\Program Files (x86)\Microsoft SQL Server\150\DTS\Binn\;C:\Program Files (x86)\GitExtensions\;F:\xampp\php;C:\ProgramData\ComposerSetup\bin;C:\xampp\php;C:\Program Files\Git\cmd;C:\Users\datea\AppData\Local\Microsoft\WindowsApps;C:\Users\datea\AppData\Local\Programs\Microsoft VS Code\bin;;C:\Program Files\Azure Data Studio\bin;C:\Users\datea\AppData\Roaming\Composer\vendor\bin
USERNAME=datea
OS=Windows_NT
PROCESSOR_IDENTIFIER=Intel64 Family 6 Model 126 Stepping 5, GenuineIntel
TMP=C:\Users\datea\AppData\Local\Temp
TEMP=C:\Users\datea\AppData\Local\Temp



---------------  S Y S T E M  ---------------

OS:
 Windows 11 , 64 bit Build 25217 (10.0.25217.1000)
OS uptime: 1 days 20:28 hours
Hyper-V role detected

CPU: total 8 (initial active 8) (4 cores per cpu, 2 threads per core) family 6 model 126 stepping 5 microcode 0xa6, cx8, cmov, fxsr, ht, mmx, 3dnowpref, sse, sse2, sse3, ssse3, sse4.1, sse4.2, popcnt, lzcnt, tsc, tscinvbit, avx, avx2, aes, erms, clmul, bmi1, bmi2, adx, avx512f, avx512dq, avx512cd, avx512bw, avx512vl, sha, fma, vzeroupper, avx512_vpopcntdq, avx512_vpclmulqdq, avx512_vaes, avx512_vnni, clflush, clflushopt, avx512_vbmi2, avx512_vbmi, hv

Memory: 4k page, system-wide physical 7987M (826M free)
TotalPageFile size 12083M (AvailPageFile size 10M)
current process WorkingSet (physical memory assigned to process): 87M, peak: 873M
current process commit charge ("private bytes"): 291M, peak: 1057M

vm_info: OpenJDK 64-Bit Server VM (17.0.4.1+1) for windows-amd64 JRE (17.0.4.1+1), built on Aug 17 2022 07:42:43 by "temurin" with MS VC++ 16.7 (VS2019)

END.
