#
# There is insufficient memory for the Java Runtime Environment to continue.
# Native memory allocation (mmap) failed to map 207618048 bytes for G1 virtual space
# Possible reasons:
#   The system is out of physical RAM or swap space
#   The process is running with CompressedOops enabled, and the Java Heap may be blocking the growth of the native heap
# Possible solutions:
#   Reduce memory load on the system
#   Increase physical memory or swap space
#   Check if swap backing store is full
#   Decrease Java heap size (-Xmx/-Xms)
#   Decrease number of Java threads
#   Decrease Java thread stack sizes (-Xss)
#   Set larger code cache with -XX:ReservedCodeCacheSize=
#   JVM is running with Unscaled Compressed Oops mode in which the Java heap is
#     placed in the first 4GB address space. The Java Heap base address is the
#     maximum limit for the native heap growth. Please use -XX:HeapBaseMinAddress
#     to set the Java Heap base and to place the Java Heap above 4GB virtual address.
# This output file may be truncated or incomplete.
#
#  Out of Memory Error (os_windows.cpp:3541), pid=84200, tid=80044
#
# JRE version: OpenJDK Runtime Environment Temurin-17.0.4.1+1 (17.0.4.1+1) (build 17.0.4.1+1)
# Java VM: OpenJDK 64-Bit Server VM Temurin-17.0.4.1+1 (17.0.4.1+1, mixed mode, emulated-client, tiered, compressed oops, compressed class ptrs, g1 gc, windows-amd64)
# No core dump will be written. Minidumps are not enabled by default on client versions of Windows
#

---------------  S U M M A R Y ------------

Command Line: -Dsts.lsp.client=vscode -Dsts.log.file=/dev/null -XX:TieredStopAtLevel=1 -Xlog:jni+resolve=off -Dspring.config.location=file:c:\Users\datea\.vscode\extensions\pivotal.vscode-spring-boot-1.40.0\language-server\BOOT-INF\classes\application.properties org.springframework.ide.vscode.boot.app.BootLanguageServerBootApp

Host: Intel(R) Core(TM) i5-1035G1 CPU @ 1.00GHz, 8 cores, 7G,  Windows 11 , 64 bit Build 25227 (10.0.25227.1000)
Time: Thu Oct 27 16:19:39 2022 SE Asia Standard Time elapsed time: 7.697412 seconds (0d 0h 0m 7s)

---------------  T H R E A D  ---------------

Current thread (0x000001f09eca7d80):  VMThread "VM Thread" [stack: 0x0000002f21800000,0x0000002f21900000] [id=80044]

Stack: [0x0000002f21800000,0x0000002f21900000]
Native frames: (J=compiled Java code, j=interpreted, Vv=VM code, C=native code)
V  [jvm.dll+0x67731a]
V  [jvm.dll+0x832284]
V  [jvm.dll+0x833a2e]
V  [jvm.dll+0x834093]
V  [jvm.dll+0x245775]
V  [jvm.dll+0x674209]
V  [jvm.dll+0x668a92]
V  [jvm.dll+0x30471b]
V  [jvm.dll+0x30bc66]
V  [jvm.dll+0x35ba9e]
V  [jvm.dll+0x35bccf]
V  [jvm.dll+0x2db5b8]
V  [jvm.dll+0x2d986c]
V  [jvm.dll+0x2d8e3c]
V  [jvm.dll+0x31cd9b]
V  [jvm.dll+0x83853b]
V  [jvm.dll+0x839274]
V  [jvm.dll+0x83978c]
V  [jvm.dll+0x839b64]
V  [jvm.dll+0x839c30]
V  [jvm.dll+0x7e240a]
V  [jvm.dll+0x6761a5]
C  [ucrtbase.dll+0x4b82b]
C  [KERNEL32.DLL+0x1484d]
C  [ntdll.dll+0x67558]

VM_Operation (0x0000002f247fde10): G1CollectForAllocation, mode: safepoint, requested by thread 0x000001f0a170ac90


---------------  P R O C E S S  ---------------

Threads class SMR info:
_java_thread_list=0x000001f0a18db610, length=43, elements={
0x000001f09f8012d0, 0x000001f09f801d90, 0x000001f09f829130, 0x000001f09f829af0,
0x000001f09f82a5b0, 0x000001f09f82ce80, 0x000001f09f82d7f0, 0x000001f09f83d620,
0x000001f09f953090, 0x000001f09fa418b0, 0x000001f09fa53010, 0x000001f0a0292460,
0x000001f0a12b3060, 0x000001f0a1445e10, 0x000001f0a14e4ec0, 0x000001f0919d1d20,
0x000001f0a1561380, 0x000001f0a1595d30, 0x000001f0a1596200, 0x000001f0a15bd6c0,
0x000001f0a15de960, 0x000001f0a1606530, 0x000001f0a16051f0, 0x000001f0a1606ed0,
0x000001f0a1604850, 0x000001f0a16056c0, 0x000001f0a1605b90, 0x000001f0a1606060,
0x000001f0a1604d20, 0x000001f0a16073a0, 0x000001f0a1603eb0, 0x000001f0a1606a00,
0x000001f0a1607870, 0x000001f0a1604380, 0x000001f0a1708ae0, 0x000001f0a1708fb0,
0x000001f0a170d310, 0x000001f0a1709480, 0x000001f0a170ac90, 0x000001f0a1709950,
0x000001f0a17072d0, 0x000001f0a1709e20, 0x000001f0a170ce40
}

Java Threads: ( => current thread )
  0x000001f09f8012d0 JavaThread "Reference Handler" daemon [_thread_blocked, id=95076, stack(0x0000002f21900000,0x0000002f21a00000)]
  0x000001f09f801d90 JavaThread "Finalizer" daemon [_thread_blocked, id=94284, stack(0x0000002f21a00000,0x0000002f21b00000)]
  0x000001f09f829130 JavaThread "Signal Dispatcher" daemon [_thread_blocked, id=90908, stack(0x0000002f21b00000,0x0000002f21c00000)]
  0x000001f09f829af0 JavaThread "Attach Listener" daemon [_thread_blocked, id=65044, stack(0x0000002f21c00000,0x0000002f21d00000)]
  0x000001f09f82a5b0 JavaThread "Service Thread" daemon [_thread_blocked, id=63560, stack(0x0000002f21d00000,0x0000002f21e00000)]
  0x000001f09f82ce80 JavaThread "Monitor Deflation Thread" daemon [_thread_blocked, id=82012, stack(0x0000002f21e00000,0x0000002f21f00000)]
  0x000001f09f82d7f0 JavaThread "C1 CompilerThread0" daemon [_thread_blocked, id=89624, stack(0x0000002f21f00000,0x0000002f22000000)]
  0x000001f09f83d620 JavaThread "Sweeper thread" daemon [_thread_blocked, id=83120, stack(0x0000002f22000000,0x0000002f22100000)]
  0x000001f09f953090 JavaThread "C1 CompilerThread1" daemon [_thread_blocked, id=15364, stack(0x0000002f22100000,0x0000002f22200000)]
  0x000001f09fa418b0 JavaThread "Notification Thread" daemon [_thread_blocked, id=84504, stack(0x0000002f22200000,0x0000002f22300000)]
  0x000001f09fa53010 JavaThread "Common-Cleaner" daemon [_thread_blocked, id=90360, stack(0x0000002f22400000,0x0000002f22500000)]
  0x000001f0a0292460 JavaThread "C1 CompilerThread2" daemon [_thread_blocked, id=63652, stack(0x0000002f22500000,0x0000002f22600000)]
  0x000001f0a12b3060 JavaThread "boundedElastic-evictor-1" daemon [_thread_blocked, id=59368, stack(0x0000002f22b00000,0x0000002f22c00000)]
  0x000001f0a1445e10 JavaThread "pool-9-thread-1" [_thread_blocked, id=93852, stack(0x0000002f22f00000,0x0000002f23000000)]
  0x000001f0a14e4ec0 JavaThread "LanguageServerApp-lifecycle" [_thread_blocked, id=92232, stack(0x0000002f23000000,0x0000002f23100000)]
  0x000001f0919d1d20 JavaThread "DestroyJavaVM" [_thread_blocked, id=93304, stack(0x0000002f21200000,0x0000002f21300000)]
  0x000001f0a1561380 JavaThread "pool-10-thread-1" [_thread_in_native, id=93624, stack(0x0000002f23100000,0x0000002f23200000)]
  0x000001f0a1595d30 JavaThread "Simple-Language-Server main thread" daemon [_thread_blocked, id=92172, stack(0x0000002f23200000,0x0000002f23300000)]
  0x000001f0a1596200 JavaThread "ForkJoinPool.commonPool-worker-1" daemon [_thread_blocked, id=93120, stack(0x0000002f23300000,0x0000002f23400000)]
  0x000001f0a15bd6c0 JavaThread "pool-7-thread-1" [_thread_blocked, id=94148, stack(0x0000002f23400000,0x0000002f23500000)]
  0x000001f0a15de960 JavaThread "parallel-1" daemon [_thread_blocked, id=87588, stack(0x0000002f23500000,0x0000002f23600000)]
  0x000001f0a1606530 JavaThread "parallel-2" daemon [_thread_blocked, id=92764, stack(0x0000002f23600000,0x0000002f23700000)]
  0x000001f0a16051f0 JavaThread "parallel-3" daemon [_thread_blocked, id=76204, stack(0x0000002f23700000,0x0000002f23800000)]
  0x000001f0a1606ed0 JavaThread "parallel-4" daemon [_thread_blocked, id=94356, stack(0x0000002f23800000,0x0000002f23900000)]
  0x000001f0a1604850 JavaThread "pool-4-thread-1" [_thread_blocked, id=93100, stack(0x0000002f23900000,0x0000002f23a00000)]
  0x000001f0a16056c0 JavaThread "ForkJoinPool.commonPool-worker-2" daemon [_thread_blocked, id=78216, stack(0x0000002f23a00000,0x0000002f23b00000)]
  0x000001f0a1605b90 JavaThread "pool-4-thread-2" [_thread_blocked, id=93456, stack(0x0000002f23b00000,0x0000002f23c00000)]
  0x000001f0a1606060 JavaThread "ClassGraph-worker-0" daemon [_thread_blocked, id=92604, stack(0x0000002f23c00000,0x0000002f23d00000)]
  0x000001f0a1604d20 JavaThread "ClassGraph-worker-1" daemon [_thread_blocked, id=70088, stack(0x0000002f23d00000,0x0000002f23e00000)]
  0x000001f0a16073a0 JavaThread "ClassGraph-worker-2" daemon [_thread_blocked, id=91928, stack(0x0000002f23e00000,0x0000002f23f00000)]
  0x000001f0a1603eb0 JavaThread "ClassGraph-worker-3" daemon [_thread_blocked, id=93512, stack(0x0000002f23f00000,0x0000002f24000000)]
  0x000001f0a1606a00 JavaThread "ClassGraph-worker-4" daemon [_thread_blocked, id=91720, stack(0x0000002f24000000,0x0000002f24100000)]
  0x000001f0a1607870 JavaThread "ClassGraph-worker-5" daemon [_thread_blocked, id=85204, stack(0x0000002f24100000,0x0000002f24200000)]
  0x000001f0a1604380 JavaThread "ClassGraph-worker-6" daemon [_thread_blocked, id=69476, stack(0x0000002f24200000,0x0000002f24300000)]
  0x000001f0a1708ae0 JavaThread "ClassGraph-worker-7" daemon [_thread_blocked, id=86776, stack(0x0000002f24300000,0x0000002f24400000)]
  0x000001f0a1708fb0 JavaThread "ClassGraph-worker-8" daemon [_thread_blocked, id=94480, stack(0x0000002f24400000,0x0000002f24500000)]
  0x000001f0a170d310 JavaThread "ClassGraph-worker-9" daemon [_thread_blocked, id=15792, stack(0x0000002f24500000,0x0000002f24600000)]
  0x000001f0a1709480 JavaThread "ClassGraph-worker-10" daemon [_thread_blocked, id=14240, stack(0x0000002f24600000,0x0000002f24700000)]
  0x000001f0a170ac90 JavaThread "ClassGraph-worker-11" daemon [_thread_blocked, id=86124, stack(0x0000002f24700000,0x0000002f24800000)]
  0x000001f0a1709950 JavaThread "ClassGraph-worker-12" daemon [_thread_blocked, id=87100, stack(0x0000002f24800000,0x0000002f24900000)]
  0x000001f0a17072d0 JavaThread "ClassGraph-worker-13" daemon [_thread_blocked, id=88304, stack(0x0000002f24900000,0x0000002f24a00000)]
  0x000001f0a1709e20 JavaThread "Reconciler-1" daemon [_thread_blocked, id=94860, stack(0x0000002f24a00000,0x0000002f24b00000)]
  0x000001f0a170ce40 JavaThread "parallel-5" daemon [_thread_blocked, id=9504, stack(0x0000002f24b00000,0x0000002f24c00000)]

Other Threads:
=>0x000001f09eca7d80 VMThread "VM Thread" [stack: 0x0000002f21800000,0x0000002f21900000] [id=80044]
  0x000001f091a4ae10 WatcherThread [stack: 0x0000002f22300000,0x0000002f22400000] [id=91876]
  0x000001f091a2dae0 GCTaskThread "GC Thread#0" [stack: 0x0000002f21300000,0x0000002f21400000] [id=93020]
  0x000001f0a02f2300 GCTaskThread "GC Thread#1" [stack: 0x0000002f22600000,0x0000002f22700000] [id=64084]
  0x000001f0a038c3d0 GCTaskThread "GC Thread#2" [stack: 0x0000002f22700000,0x0000002f22800000] [id=79768]
  0x000001f0a029c180 GCTaskThread "GC Thread#3" [stack: 0x0000002f22800000,0x0000002f22900000] [id=87900]
  0x000001f0a029c430 GCTaskThread "GC Thread#4" [stack: 0x0000002f22900000,0x0000002f22a00000] [id=87192]
  0x000001f0a03c4f30 GCTaskThread "GC Thread#5" [stack: 0x0000002f22a00000,0x0000002f22b00000] [id=92436]
  0x000001f0a0e9a020 GCTaskThread "GC Thread#6" [stack: 0x0000002f22c00000,0x0000002f22d00000] [id=90900]
  0x000001f0a0e9a2d0 GCTaskThread "GC Thread#7" [stack: 0x0000002f22d00000,0x0000002f22e00000] [id=69480]
  0x000001f091a3e2f0 ConcurrentGCThread "G1 Main Marker" [stack: 0x0000002f21400000,0x0000002f21500000] [id=88640]
  0x000001f091a3fd80 ConcurrentGCThread "G1 Conc#0" [stack: 0x0000002f21500000,0x0000002f21600000] [id=16028]
  0x000001f0a103ec30 ConcurrentGCThread "G1 Conc#1" [stack: 0x0000002f22e00000,0x0000002f22f00000] [id=69456]
  0x000001f09eb130e0 ConcurrentGCThread "G1 Refine#0" [stack: 0x0000002f21600000,0x0000002f21700000] [id=77744]
  0x000001f0a37d3fa0 ConcurrentGCThread "G1 Refine#1" [stack: 0x0000002f24c00000,0x0000002f24d00000] [id=93008]
  0x000001f0a37d4b20 ConcurrentGCThread "G1 Refine#2" [stack: 0x0000002f24d00000,0x0000002f24e00000] [id=90820]
  0x000001f09eb148c0 ConcurrentGCThread "G1 Service" [stack: 0x0000002f21700000,0x0000002f21800000] [id=69008]

Threads with active compile tasks:
C1 CompilerThread0     7725 3958       1       jdk.internal.module.SystemModuleFinders$SystemModuleReader::release (10 bytes)
C1 CompilerThread1     7725 3939   !   1       io.github.classgraph.Classfile::<init> (860 bytes)
C1 CompilerThread2     7725 3956       1       jdk.internal.jimage.ImageReader::releaseByteBuffer (5 bytes)

VM state: at safepoint (normal execution)

VM Mutex/Monitor currently owned by a thread:  ([mutex/lock_event])
[0x000001f08f7730d0] Threads_lock - owner thread: 0x000001f09eca7d80
[0x000001f0919d0310] Heap_lock - owner thread: 0x000001f0a170ac90

Heap address: 0x0000000083200000, size: 1998 MB, Compressed Oops mode: 32-bit

CDS archive(s) not mapped
Compressed class space mapped at: 0x0000000100000000-0x0000000140000000, reserved size: 1073741824
Narrow klass base: 0x0000000000000000, Narrow klass shift: 3, Narrow klass range: 0x140000000

GC Precious Log:
 CPUs: 8 total, 8 available
 Memory: 7987M
 Large Page Support: Disabled
 NUMA Support: Disabled
 Compressed Oops: Enabled (32-bit)
 Heap Region Size: 1M
 Heap Min Capacity: 8M
 Heap Initial Capacity: 126M
 Heap Max Capacity: 1998M
 Pre-touch: Disabled
 Parallel Workers: 8
 Concurrent Workers: 2
 Concurrent Refinement Workers: 8
 Periodic GC: Disabled

Heap:
 garbage-first heap   total 129024K, used 68127K [0x0000000083200000, 0x0000000100000000)
  region size 1024K, 2 young (2048K), 2 survivors (2048K)
 Metaspace       used 38700K, committed 39040K, reserved 1089536K
  class space    used 4896K, committed 5056K, reserved 1048576K

Heap Regions: E=young(eden), S=young(survivor), O=old, HS=humongous(starts), HC=humongous(continues), CS=collection set, F=free, OA=open archive, CA=closed archive, TAMS=top-at-mark-start (previous, next)
|   0|0x0000000083200000, 0x0000000083300000, 0x0000000083300000|100%| O|  |TAMS 0x0000000083300000, 0x0000000083300000| Untracked 
|   1|0x0000000083300000, 0x0000000083400000, 0x0000000083400000|100%| O|  |TAMS 0x0000000083400000, 0x0000000083400000| Untracked 
|   2|0x0000000083400000, 0x0000000083500000, 0x0000000083500000|100%| O|  |TAMS 0x0000000083500000, 0x0000000083500000| Untracked 
|   3|0x0000000083500000, 0x0000000083600000, 0x0000000083600000|100%| O|  |TAMS 0x0000000083600000, 0x0000000083600000| Untracked 
|   4|0x0000000083600000, 0x0000000083700000, 0x0000000083700000|100%| O|  |TAMS 0x0000000083700000, 0x0000000083700000| Untracked 
|   5|0x0000000083700000, 0x0000000083800000, 0x0000000083800000|100%| O|  |TAMS 0x0000000083800000, 0x0000000083800000| Untracked 
|   6|0x0000000083800000, 0x0000000083900000, 0x0000000083900000|100%| O|  |TAMS 0x0000000083900000, 0x0000000083900000| Untracked 
|   7|0x0000000083900000, 0x0000000083a00000, 0x0000000083a00000|100%| O|  |TAMS 0x0000000083a00000, 0x0000000083a00000| Untracked 
|   8|0x0000000083a00000, 0x0000000083b00000, 0x0000000083b00000|100%| O|  |TAMS 0x0000000083b00000, 0x0000000083b00000| Untracked 
|   9|0x0000000083b00000, 0x0000000083c00000, 0x0000000083c00000|100%| O|  |TAMS 0x0000000083c00000, 0x0000000083c00000| Untracked 
|  10|0x0000000083c00000, 0x0000000083d00000, 0x0000000083d00000|100%| O|  |TAMS 0x0000000083d00000, 0x0000000083d00000| Untracked 
|  11|0x0000000083d00000, 0x0000000083e00000, 0x0000000083e00000|100%| O|  |TAMS 0x0000000083e00000, 0x0000000083e00000| Untracked 
|  12|0x0000000083e00000, 0x0000000083f00000, 0x0000000083f00000|100%| O|  |TAMS 0x0000000083f00000, 0x0000000083f00000| Untracked 
|  13|0x0000000083f00000, 0x0000000084000000, 0x0000000084000000|100%| O|  |TAMS 0x0000000084000000, 0x0000000084000000| Untracked 
|  14|0x0000000084000000, 0x0000000084100000, 0x0000000084100000|100%| O|  |TAMS 0x0000000084100000, 0x0000000084100000| Untracked 
|  15|0x0000000084100000, 0x0000000084200000, 0x0000000084200000|100%| O|  |TAMS 0x0000000084200000, 0x0000000084200000| Untracked 
|  16|0x0000000084200000, 0x0000000084300000, 0x0000000084300000|100%| O|  |TAMS 0x0000000084300000, 0x0000000084300000| Untracked 
|  17|0x0000000084300000, 0x0000000084400000, 0x0000000084400000|100%| O|  |TAMS 0x0000000084400000, 0x0000000084400000| Untracked 
|  18|0x0000000084400000, 0x0000000084500000, 0x0000000084500000|100%| O|  |TAMS 0x0000000084500000, 0x0000000084500000| Untracked 
|  19|0x0000000084500000, 0x0000000084600000, 0x0000000084600000|100%| O|  |TAMS 0x0000000084600000, 0x0000000084600000| Untracked 
|  20|0x0000000084600000, 0x0000000084700000, 0x0000000084700000|100%| O|  |TAMS 0x0000000084700000, 0x0000000084700000| Untracked 
|  21|0x0000000084700000, 0x0000000084800000, 0x0000000084800000|100%| O|  |TAMS 0x0000000084800000, 0x0000000084800000| Untracked 
|  22|0x0000000084800000, 0x0000000084900000, 0x0000000084900000|100%| O|  |TAMS 0x0000000084900000, 0x0000000084900000| Untracked 
|  23|0x0000000084900000, 0x0000000084a00000, 0x0000000084a00000|100%| O|  |TAMS 0x0000000084a00000, 0x0000000084a00000| Untracked 
|  24|0x0000000084a00000, 0x0000000084b00000, 0x0000000084b00000|100%| O|  |TAMS 0x0000000084b00000, 0x0000000084b00000| Untracked 
|  25|0x0000000084b00000, 0x0000000084c00000, 0x0000000084c00000|100%| O|  |TAMS 0x0000000084c00000, 0x0000000084c00000| Untracked 
|  26|0x0000000084c00000, 0x0000000084d00000, 0x0000000084d00000|100%| O|  |TAMS 0x0000000084d00000, 0x0000000084d00000| Untracked 
|  27|0x0000000084d00000, 0x0000000084e00000, 0x0000000084e00000|100%| O|  |TAMS 0x0000000084e00000, 0x0000000084e00000| Untracked 
|  28|0x0000000084e00000, 0x0000000084f00000, 0x0000000084f00000|100%| O|  |TAMS 0x0000000084f00000, 0x0000000084f00000| Untracked 
|  29|0x0000000084f00000, 0x0000000085000000, 0x0000000085000000|100%| O|  |TAMS 0x0000000085000000, 0x0000000085000000| Untracked 
|  30|0x0000000085000000, 0x0000000085100000, 0x0000000085100000|100%| O|  |TAMS 0x0000000085100000, 0x0000000085100000| Untracked 
|  31|0x0000000085100000, 0x0000000085200000, 0x0000000085200000|100%| O|  |TAMS 0x0000000085200000, 0x0000000085200000| Untracked 
|  32|0x0000000085200000, 0x0000000085300000, 0x0000000085300000|100%| O|  |TAMS 0x0000000085300000, 0x0000000085300000| Untracked 
|  33|0x0000000085300000, 0x0000000085400000, 0x0000000085400000|100%| O|  |TAMS 0x0000000085400000, 0x0000000085400000| Untracked 
|  34|0x0000000085400000, 0x0000000085500000, 0x0000000085500000|100%| O|  |TAMS 0x0000000085500000, 0x0000000085500000| Untracked 
|  35|0x0000000085500000, 0x0000000085600000, 0x0000000085600000|100%| O|  |TAMS 0x0000000085600000, 0x0000000085600000| Untracked 
|  36|0x0000000085600000, 0x0000000085700000, 0x0000000085700000|100%| O|  |TAMS 0x0000000085700000, 0x0000000085700000| Untracked 
|  37|0x0000000085700000, 0x0000000085800000, 0x0000000085800000|100%| O|  |TAMS 0x0000000085800000, 0x0000000085800000| Untracked 
|  38|0x0000000085800000, 0x0000000085900000, 0x0000000085900000|100%| O|  |TAMS 0x0000000085800000, 0x0000000085900000| Untracked 
|  39|0x0000000085900000, 0x0000000085a00000, 0x0000000085a00000|100%| O|  |TAMS 0x0000000085a00000, 0x0000000085a00000| Untracked 
|  40|0x0000000085a00000, 0x0000000085b00000, 0x0000000085b00000|100%| O|  |TAMS 0x0000000085b00000, 0x0000000085b00000| Untracked 
|  41|0x0000000085b00000, 0x0000000085c00000, 0x0000000085c00000|100%| O|  |TAMS 0x0000000085c00000, 0x0000000085c00000| Untracked 
|  42|0x0000000085c00000, 0x0000000085d00000, 0x0000000085d00000|100%| O|  |TAMS 0x0000000085d00000, 0x0000000085d00000| Untracked 
|  43|0x0000000085d00000, 0x0000000085e00000, 0x0000000085e00000|100%| O|  |TAMS 0x0000000085e00000, 0x0000000085e00000| Untracked 
|  44|0x0000000085e00000, 0x0000000085f00000, 0x0000000085f00000|100%| O|  |TAMS 0x0000000085f00000, 0x0000000085f00000| Untracked 
|  45|0x0000000085f00000, 0x0000000086000000, 0x0000000086000000|100%| O|  |TAMS 0x0000000086000000, 0x0000000086000000| Untracked 
|  46|0x0000000086000000, 0x0000000086100000, 0x0000000086100000|100%| O|  |TAMS 0x0000000086000000, 0x0000000086100000| Untracked 
|  47|0x0000000086100000, 0x0000000086200000, 0x0000000086200000|100%| O|  |TAMS 0x0000000086100000, 0x0000000086200000| Untracked 
|  48|0x0000000086200000, 0x0000000086300000, 0x0000000086300000|100%| O|  |TAMS 0x0000000086200000, 0x0000000086300000| Untracked 
|  49|0x0000000086300000, 0x0000000086400000, 0x0000000086400000|100%| O|  |TAMS 0x0000000086300000, 0x0000000086400000| Untracked 
|  50|0x0000000086400000, 0x0000000086500000, 0x0000000086500000|100%| O|  |TAMS 0x0000000086400000, 0x0000000086500000| Untracked 
|  51|0x0000000086500000, 0x0000000086600000, 0x0000000086600000|100%| O|  |TAMS 0x0000000086500000, 0x0000000086600000| Untracked 
|  52|0x0000000086600000, 0x0000000086700000, 0x0000000086700000|100%| O|  |TAMS 0x0000000086600000, 0x0000000086700000| Untracked 
|  53|0x0000000086700000, 0x0000000086800000, 0x0000000086800000|100%| O|  |TAMS 0x0000000086700000, 0x0000000086800000| Untracked 
|  54|0x0000000086800000, 0x0000000086900000, 0x0000000086900000|100%| O|  |TAMS 0x0000000086800000, 0x0000000086900000| Untracked 
|  55|0x0000000086900000, 0x0000000086a00000, 0x0000000086a00000|100%| O|  |TAMS 0x0000000086900000, 0x0000000086a00000| Untracked 
|  56|0x0000000086a00000, 0x0000000086b00000, 0x0000000086b00000|100%|HS|  |TAMS 0x0000000086a00000, 0x0000000086b00000| Complete 
|  57|0x0000000086b00000, 0x0000000086c00000, 0x0000000086c00000|100%| O|  |TAMS 0x0000000086b00000, 0x0000000086c00000| Untracked 
|  58|0x0000000086c00000, 0x0000000086d00000, 0x0000000086d00000|100%| O|  |TAMS 0x0000000086c00000, 0x0000000086d00000| Untracked 
|  59|0x0000000086d00000, 0x0000000086e00000, 0x0000000086e00000|100%| O|  |TAMS 0x0000000086d00000, 0x0000000086e00000| Untracked 
|  60|0x0000000086e00000, 0x0000000086f00000, 0x0000000086f00000|100%| O|  |TAMS 0x0000000086e00000, 0x0000000086f00000| Untracked 
|  61|0x0000000086f00000, 0x0000000087000000, 0x0000000087000000|100%| O|  |TAMS 0x0000000086f00000, 0x0000000086fd5800| Untracked 
|  62|0x0000000087000000, 0x0000000087100000, 0x0000000087100000|100%| O|  |TAMS 0x0000000087000000, 0x0000000087000000| Untracked 
|  63|0x0000000087100000, 0x0000000087200000, 0x0000000087200000|100%| O|  |TAMS 0x0000000087100000, 0x0000000087100000| Untracked 
|  64|0x0000000087200000, 0x0000000087300000, 0x0000000087300000|100%| O|  |TAMS 0x0000000087200000, 0x0000000087200000| Untracked 
|  65|0x0000000087300000, 0x0000000087373a00, 0x0000000087400000| 45%| O|  |TAMS 0x0000000087300000, 0x0000000087300000| Untracked 
|  66|0x0000000087400000, 0x0000000087400000, 0x0000000087500000|  0%| F|  |TAMS 0x0000000087400000, 0x0000000087400000| Untracked 
|  67|0x0000000087500000, 0x0000000087500000, 0x0000000087600000|  0%| F|  |TAMS 0x0000000087500000, 0x0000000087500000| Untracked 
|  68|0x0000000087600000, 0x0000000087600000, 0x0000000087700000|  0%| F|  |TAMS 0x0000000087600000, 0x0000000087600000| Untracked 
|  69|0x0000000087700000, 0x0000000087700000, 0x0000000087800000|  0%| F|  |TAMS 0x0000000087700000, 0x0000000087700000| Untracked 
|  70|0x0000000087800000, 0x0000000087800000, 0x0000000087900000|  0%| F|  |TAMS 0x0000000087800000, 0x0000000087800000| Untracked 
|  71|0x0000000087900000, 0x0000000087900000, 0x0000000087a00000|  0%| F|  |TAMS 0x0000000087900000, 0x0000000087900000| Untracked 
|  72|0x0000000087a00000, 0x0000000087a00000, 0x0000000087b00000|  0%| F|  |TAMS 0x0000000087a00000, 0x0000000087a00000| Untracked 
|  73|0x0000000087b00000, 0x0000000087b00000, 0x0000000087c00000|  0%| F|  |TAMS 0x0000000087b00000, 0x0000000087b00000| Untracked 
|  74|0x0000000087c00000, 0x0000000087c00000, 0x0000000087d00000|  0%| F|  |TAMS 0x0000000087c00000, 0x0000000087c00000| Untracked 
|  75|0x0000000087d00000, 0x0000000087d00000, 0x0000000087e00000|  0%| F|  |TAMS 0x0000000087d00000, 0x0000000087d00000| Untracked 
|  76|0x0000000087e00000, 0x0000000087e00000, 0x0000000087f00000|  0%| F|  |TAMS 0x0000000087e00000, 0x0000000087e00000| Untracked 
|  77|0x0000000087f00000, 0x0000000087f00000, 0x0000000088000000|  0%| F|  |TAMS 0x0000000087f00000, 0x0000000087f00000| Untracked 
|  78|0x0000000088000000, 0x0000000088000000, 0x0000000088100000|  0%| F|  |TAMS 0x0000000088000000, 0x0000000088000000| Untracked 
|  79|0x0000000088100000, 0x0000000088100000, 0x0000000088200000|  0%| F|  |TAMS 0x0000000088100000, 0x0000000088100000| Untracked 
|  80|0x0000000088200000, 0x0000000088200000, 0x0000000088300000|  0%| F|  |TAMS 0x0000000088200000, 0x0000000088200000| Untracked 
|  81|0x0000000088300000, 0x0000000088300000, 0x0000000088400000|  0%| F|  |TAMS 0x0000000088300000, 0x0000000088300000| Untracked 
|  82|0x0000000088400000, 0x0000000088400000, 0x0000000088500000|  0%| F|  |TAMS 0x0000000088400000, 0x0000000088400000| Untracked 
|  83|0x0000000088500000, 0x0000000088500000, 0x0000000088600000|  0%| F|  |TAMS 0x0000000088500000, 0x0000000088500000| Untracked 
|  84|0x0000000088600000, 0x0000000088600000, 0x0000000088700000|  0%| F|  |TAMS 0x0000000088600000, 0x0000000088600000| Untracked 
|  85|0x0000000088700000, 0x0000000088700000, 0x0000000088800000|  0%| F|  |TAMS 0x0000000088700000, 0x0000000088700000| Untracked 
|  86|0x0000000088800000, 0x0000000088800000, 0x0000000088900000|  0%| F|  |TAMS 0x0000000088800000, 0x0000000088800000| Untracked 
|  87|0x0000000088900000, 0x0000000088900000, 0x0000000088a00000|  0%| F|  |TAMS 0x0000000088900000, 0x0000000088900000| Untracked 
|  88|0x0000000088a00000, 0x0000000088a00000, 0x0000000088b00000|  0%| F|  |TAMS 0x0000000088a00000, 0x0000000088a00000| Untracked 
|  89|0x0000000088b00000, 0x0000000088b142b0, 0x0000000088c00000|  7%| S|CS|TAMS 0x0000000088b00000, 0x0000000088b00000| Complete 
|  90|0x0000000088c00000, 0x0000000088d00000, 0x0000000088d00000|100%| S|CS|TAMS 0x0000000088c00000, 0x0000000088c00000| Complete 
|  91|0x0000000088d00000, 0x0000000088d00000, 0x0000000088e00000|  0%| F|  |TAMS 0x0000000088d00000, 0x0000000088d00000| Untracked 
|  92|0x0000000088e00000, 0x0000000088e00000, 0x0000000088f00000|  0%| F|  |TAMS 0x0000000088e00000, 0x0000000088e00000| Untracked 
|  93|0x0000000088f00000, 0x0000000088f00000, 0x0000000089000000|  0%| F|  |TAMS 0x0000000088f00000, 0x0000000088f00000| Untracked 
|  94|0x0000000089000000, 0x0000000089000000, 0x0000000089100000|  0%| F|  |TAMS 0x0000000089000000, 0x0000000089000000| Untracked 
|  95|0x0000000089100000, 0x0000000089100000, 0x0000000089200000|  0%| F|  |TAMS 0x0000000089100000, 0x0000000089100000| Untracked 
|  96|0x0000000089200000, 0x0000000089200000, 0x0000000089300000|  0%| F|  |TAMS 0x0000000089200000, 0x0000000089200000| Untracked 
|  97|0x0000000089300000, 0x0000000089300000, 0x0000000089400000|  0%| F|  |TAMS 0x0000000089300000, 0x0000000089300000| Untracked 
|  98|0x0000000089400000, 0x0000000089400000, 0x0000000089500000|  0%| F|  |TAMS 0x0000000089400000, 0x0000000089400000| Untracked 
|  99|0x0000000089500000, 0x0000000089500000, 0x0000000089600000|  0%| F|  |TAMS 0x0000000089500000, 0x0000000089500000| Untracked 
| 100|0x0000000089600000, 0x0000000089600000, 0x0000000089700000|  0%| F|  |TAMS 0x0000000089600000, 0x0000000089600000| Untracked 
| 101|0x0000000089700000, 0x0000000089700000, 0x0000000089800000|  0%| F|  |TAMS 0x0000000089700000, 0x0000000089700000| Untracked 
| 102|0x0000000089800000, 0x0000000089800000, 0x0000000089900000|  0%| F|  |TAMS 0x0000000089800000, 0x0000000089800000| Untracked 
| 103|0x0000000089900000, 0x0000000089900000, 0x0000000089a00000|  0%| F|  |TAMS 0x0000000089900000, 0x0000000089900000| Untracked 
| 104|0x0000000089a00000, 0x0000000089a00000, 0x0000000089b00000|  0%| F|  |TAMS 0x0000000089a00000, 0x0000000089a00000| Untracked 
| 105|0x0000000089b00000, 0x0000000089b00000, 0x0000000089c00000|  0%| F|  |TAMS 0x0000000089b00000, 0x0000000089b00000| Untracked 
| 106|0x0000000089c00000, 0x0000000089c00000, 0x0000000089d00000|  0%| F|  |TAMS 0x0000000089c00000, 0x0000000089c00000| Untracked 
| 107|0x0000000089d00000, 0x0000000089d00000, 0x0000000089e00000|  0%| F|  |TAMS 0x0000000089d00000, 0x0000000089d00000| Untracked 
| 108|0x0000000089e00000, 0x0000000089e00000, 0x0000000089f00000|  0%| F|  |TAMS 0x0000000089e00000, 0x0000000089e00000| Untracked 
| 109|0x0000000089f00000, 0x0000000089f00000, 0x000000008a000000|  0%| F|  |TAMS 0x0000000089f00000, 0x0000000089f00000| Untracked 
| 110|0x000000008a000000, 0x000000008a000000, 0x000000008a100000|  0%| F|  |TAMS 0x000000008a000000, 0x000000008a000000| Untracked 
| 111|0x000000008a100000, 0x000000008a100000, 0x000000008a200000|  0%| F|  |TAMS 0x000000008a100000, 0x000000008a100000| Untracked 
| 112|0x000000008a200000, 0x000000008a200000, 0x000000008a300000|  0%| F|  |TAMS 0x000000008a200000, 0x000000008a200000| Untracked 
| 113|0x000000008a300000, 0x000000008a300000, 0x000000008a400000|  0%| F|  |TAMS 0x000000008a300000, 0x000000008a300000| Untracked 
| 114|0x000000008a400000, 0x000000008a400000, 0x000000008a500000|  0%| F|  |TAMS 0x000000008a400000, 0x000000008a400000| Untracked 
| 115|0x000000008a500000, 0x000000008a500000, 0x000000008a600000|  0%| F|  |TAMS 0x000000008a500000, 0x000000008a500000| Untracked 
| 116|0x000000008a600000, 0x000000008a600000, 0x000000008a700000|  0%| F|  |TAMS 0x000000008a600000, 0x000000008a600000| Untracked 
| 117|0x000000008a700000, 0x000000008a700000, 0x000000008a800000|  0%| F|  |TAMS 0x000000008a700000, 0x000000008a700000| Untracked 
| 118|0x000000008a800000, 0x000000008a800000, 0x000000008a900000|  0%| F|  |TAMS 0x000000008a800000, 0x000000008a800000| Untracked 
| 119|0x000000008a900000, 0x000000008a900000, 0x000000008aa00000|  0%| F|  |TAMS 0x000000008a900000, 0x000000008a900000| Untracked 
| 120|0x000000008aa00000, 0x000000008aa00000, 0x000000008ab00000|  0%| F|  |TAMS 0x000000008aa00000, 0x000000008aa00000| Untracked 
| 121|0x000000008ab00000, 0x000000008ab00000, 0x000000008ac00000|  0%| F|  |TAMS 0x000000008ab00000, 0x000000008ab00000| Untracked 
| 122|0x000000008ac00000, 0x000000008ac00000, 0x000000008ad00000|  0%| F|  |TAMS 0x000000008ac00000, 0x000000008ac00000| Untracked 
| 123|0x000000008ad00000, 0x000000008ad00000, 0x000000008ae00000|  0%| F|  |TAMS 0x000000008ad00000, 0x000000008ad00000| Untracked 
| 124|0x000000008ae00000, 0x000000008ae00000, 0x000000008af00000|  0%| F|  |TAMS 0x000000008ae00000, 0x000000008ae00000| Untracked 
| 125|0x000000008af00000, 0x000000008af00000, 0x000000008b000000|  0%| F|  |TAMS 0x000000008af00000, 0x000000008af00000| Untracked 

Card table byte_map: [0x000001f097b50000,0x000001f097f40000] _byte_map_base: 0x000001f097737000

Marking Bits (Prev, Next): (CMBitMap*) 0x000001f091a2e040, (CMBitMap*) 0x000001f091a2e000
 Prev Bits: [0x000001f09a270000, 0x000001f09c1a8000)
 Next Bits: [0x000001f098330000, 0x000001f09a268000)

Polling page: 0x000001f091190000

Metaspace:

Usage:
  Non-class:     33.01 MB used.
      Class:      4.78 MB used.
       Both:     37.79 MB used.

Virtual space:
  Non-class space:       40.00 MB reserved,      33.19 MB ( 83%) committed,  5 nodes.
      Class space:        1.00 GB reserved,       4.94 MB ( <1%) committed,  1 nodes.
             Both:        1.04 GB reserved,      38.12 MB (  4%) committed. 

Chunk freelists:
   Non-Class:  2.86 MB
       Class:  3.01 MB
        Both:  5.87 MB

MaxMetaspaceSize: unlimited
CompressedClassSpaceSize: 1.00 GB
Initial GC threshold: 21.00 MB
Current GC threshold: 63.38 MB
CDS: off
MetaspaceReclaimPolicy: balanced
 - commit_granule_bytes: 65536.
 - commit_granule_words: 8192.
 - virtual_space_node_default_size: 1048576.
 - enlarge_chunks_in_place: 1.
 - new_chunks_are_fully_committed: 0.
 - uncommit_free_chunks: 1.
 - use_allocation_guard: 0.
 - handle_deallocations: 1.


Internal statistics:

num_allocs_failed_limit: 8.
num_arena_births: 346.
num_arena_deaths: 0.
num_vsnodes_births: 6.
num_vsnodes_deaths: 0.
num_space_committed: 610.
num_space_uncommitted: 0.
num_chunks_returned_to_freelist: 8.
num_chunks_taken_from_freelist: 1477.
num_chunk_merges: 5.
num_chunk_splits: 1012.
num_chunks_enlarged: 792.
num_purges: 0.
num_inconsistent_stats: 0.

CodeCache: size=49152Kb used=8892Kb max_used=8892Kb free=40259Kb
 bounds [0x000001f094650000, 0x000001f094f00000, 0x000001f097650000]
 total_blobs=4478 nmethods=3948 adapters=454
 compilation: enabled
              stopped_count=0, restarted_count=0
 full_count=0

Compilation events (20 events):
Event: 5.663 Thread 0x000001f09f953090 nmethod 3934 0x000001f094efa990 code [0x000001f094efab60, 0x000001f094efadf8]
Event: 5.663 Thread 0x000001f09f953090 3937       1       io.github.classgraph.Classfile::getConstantPoolString (7 bytes)
Event: 5.663 Thread 0x000001f0a0292460 3957       1       java.util.Optional::map (30 bytes)
Event: 5.663 Thread 0x000001f09f953090 nmethod 3937 0x000001f094efaf90 code [0x000001f094efb120, 0x000001f094efb208]
Event: 5.663 Thread 0x000001f09f953090 3939   !   1       io.github.classgraph.Classfile::<init> (860 bytes)
Event: 5.663 Thread 0x000001f09f82d7f0 nmethod 3948 0x000001f094efb290 code [0x000001f094efb4a0, 0x000001f094efbb68]
Event: 5.663 Thread 0x000001f09f82d7f0 3940   !   1       io.github.classgraph.ClasspathElementModule$1::open (129 bytes)
Event: 5.664 Thread 0x000001f0a0292460 nmethod 3957 0x000001f094efbd90 code [0x000001f094efbf40, 0x000001f094efc1f8]
Event: 5.664 Thread 0x000001f0a0292460 3950       1       nonapi.io.github.classgraph.utils.ProxyingInputStream::read (11 bytes)
Event: 5.664 Thread 0x000001f0a0292460 nmethod 3950 0x000001f094efc310 code [0x000001f094efc4a0, 0x000001f094efc588]
Event: 5.664 Thread 0x000001f0a0292460 3947       1       jdk.internal.jimage.BasicImageReader::releaseByteBuffer (16 bytes)
Event: 5.664 Thread 0x000001f0a0292460 nmethod 3947 0x000001f094efc610 code [0x000001f094efc7a0, 0x000001f094efc8e8]
Event: 5.664 Thread 0x000001f0a0292460 3949   !   1       jdk.internal.module.SystemModuleFinders$SystemModuleReader::toInputStream (43 bytes)
Event: 5.665 Thread 0x000001f0a0292460 nmethod 3949 0x000001f094efc990 code [0x000001f094efcb80, 0x000001f094efd0a8]
Event: 5.665 Thread 0x000001f0a0292460 3941       1       io.github.classgraph.ModuleReaderProxy::open (72 bytes)
Event: 5.666 Thread 0x000001f0a0292460 nmethod 3941 0x000001f094efd390 code [0x000001f094efd5a0, 0x000001f094efda88]
Event: 5.666 Thread 0x000001f09f82d7f0 nmethod 3940 0x000001f094efdc90 code [0x000001f094efdf40, 0x000001f094efe9f8]
Event: 5.666 Thread 0x000001f0a0292460 3956       1       jdk.internal.jimage.ImageReader::releaseByteBuffer (5 bytes)
Event: 5.666 Thread 0x000001f09f82d7f0 3958       1       jdk.internal.module.SystemModuleFinders$SystemModuleReader::release (10 bytes)
Event: 5.667 Thread 0x000001f0a0292460 nmethod 3956 0x000001f094eff010 code [0x000001f094eff1a0, 0x000001f094eff2e8]

GC Heap History (20 events):
Event: 4.272 GC heap after
{Heap after GC invocations=8 (full 0):
 garbage-first heap   total 71680K, used 17081K [0x0000000083200000, 0x0000000100000000)
  region size 1024K, 2 young (2048K), 2 survivors (2048K)
 Metaspace       used 31219K, committed 31552K, reserved 1081344K
  class space    used 3938K, committed 4096K, reserved 1048576K
}
Event: 4.852 GC heap before
{Heap before GC invocations=8 (full 0):
 garbage-first heap   total 71680K, used 48825K [0x0000000083200000, 0x0000000100000000)
  region size 1024K, 34 young (34816K), 2 survivors (2048K)
 Metaspace       used 35154K, committed 35520K, reserved 1081344K
  class space    used 4548K, committed 4736K, reserved 1048576K
}
Event: 4.859 GC heap after
{Heap after GC invocations=9 (full 0):
 garbage-first heap   total 71680K, used 20517K [0x0000000083200000, 0x0000000100000000)
  region size 1024K, 5 young (5120K), 5 survivors (5120K)
 Metaspace       used 35154K, committed 35520K, reserved 1081344K
  class space    used 4548K, committed 4736K, reserved 1048576K
}
Event: 4.980 GC heap before
{Heap before GC invocations=9 (full 0):
 garbage-first heap   total 71680K, used 49189K [0x0000000083200000, 0x0000000100000000)
  region size 1024K, 34 young (34816K), 5 survivors (5120K)
 Metaspace       used 35575K, committed 35904K, reserved 1081344K
  class space    used 4616K, committed 4800K, reserved 1048576K
}
Event: 4.986 GC heap after
{Heap after GC invocations=10 (full 0):
 garbage-first heap   total 71680K, used 26221K [0x0000000083200000, 0x0000000100000000)
  region size 1024K, 5 young (5120K), 5 survivors (5120K)
 Metaspace       used 35575K, committed 35904K, reserved 1081344K
  class space    used 4616K, committed 4800K, reserved 1048576K
}
Event: 5.007 GC heap before
{Heap before GC invocations=10 (full 0):
 garbage-first heap   total 71680K, used 30317K [0x0000000083200000, 0x0000000100000000)
  region size 1024K, 11 young (11264K), 5 survivors (5120K)
 Metaspace       used 35759K, committed 36096K, reserved 1081344K
  class space    used 4632K, committed 4800K, reserved 1048576K
}
Event: 5.011 GC heap after
{Heap after GC invocations=11 (full 0):
 garbage-first heap   total 71680K, used 28285K [0x0000000083200000, 0x0000000100000000)
  region size 1024K, 2 young (2048K), 2 survivors (2048K)
 Metaspace       used 35759K, committed 36096K, reserved 1081344K
  class space    used 4632K, committed 4800K, reserved 1048576K
}
Event: 5.078 GC heap before
{Heap before GC invocations=12 (full 0):
 garbage-first heap   total 71680K, used 51837K [0x0000000083200000, 0x0000000100000000)
  region size 1024K, 25 young (25600K), 2 survivors (2048K)
 Metaspace       used 36117K, committed 36480K, reserved 1081344K
  class space    used 4659K, committed 4800K, reserved 1048576K
}
Event: 5.082 GC heap after
{Heap after GC invocations=13 (full 0):
 garbage-first heap   total 71680K, used 31670K [0x0000000083200000, 0x0000000100000000)
  region size 1024K, 4 young (4096K), 4 survivors (4096K)
 Metaspace       used 36117K, committed 36480K, reserved 1081344K
  class space    used 4659K, committed 4800K, reserved 1048576K
}
Event: 5.132 GC heap before
{Heap before GC invocations=13 (full 0):
 garbage-first heap   total 71680K, used 52150K [0x0000000083200000, 0x0000000100000000)
  region size 1024K, 25 young (25600K), 4 survivors (4096K)
 Metaspace       used 36354K, committed 36736K, reserved 1081344K
  class space    used 4680K, committed 4864K, reserved 1048576K
}
Event: 5.136 GC heap after
{Heap after GC invocations=14 (full 0):
 garbage-first heap   total 101376K, used 35580K [0x0000000083200000, 0x0000000100000000)
  region size 1024K, 4 young (4096K), 4 survivors (4096K)
 Metaspace       used 36354K, committed 36736K, reserved 1081344K
  class space    used 4680K, committed 4864K, reserved 1048576K
}
Event: 5.205 GC heap before
{Heap before GC invocations=14 (full 0):
 garbage-first heap   total 101376K, used 73468K [0x0000000083200000, 0x0000000100000000)
  region size 1024K, 41 young (41984K), 4 survivors (4096K)
 Metaspace       used 36831K, committed 37184K, reserved 1081344K
  class space    used 4731K, committed 4864K, reserved 1048576K
}
Event: 5.212 GC heap after
{Heap after GC invocations=15 (full 0):
 garbage-first heap   total 101376K, used 44975K [0x0000000083200000, 0x0000000100000000)
  region size 1024K, 6 young (6144K), 6 survivors (6144K)
 Metaspace       used 36831K, committed 37184K, reserved 1081344K
  class space    used 4731K, committed 4864K, reserved 1048576K
}
Event: 5.428 GC heap before
{Heap before GC invocations=15 (full 0):
 garbage-first heap   total 101376K, used 74671K [0x0000000083200000, 0x0000000100000000)
  region size 1024K, 35 young (35840K), 6 survivors (6144K)
 Metaspace       used 38401K, committed 38784K, reserved 1089536K
  class space    used 4845K, committed 5056K, reserved 1048576K
}
Event: 5.436 GC heap after
{Heap after GC invocations=16 (full 0):
 garbage-first heap   total 101376K, used 52224K [0x0000000083200000, 0x0000000100000000)
  region size 1024K, 5 young (5120K), 5 survivors (5120K)
 Metaspace       used 38401K, committed 38784K, reserved 1089536K
  class space    used 4845K, committed 5056K, reserved 1048576K
}
Event: 5.526 GC heap before
{Heap before GC invocations=16 (full 0):
 garbage-first heap   total 101376K, used 70656K [0x0000000083200000, 0x0000000100000000)
  region size 1024K, 25 young (25600K), 5 survivors (5120K)
 Metaspace       used 38451K, committed 38848K, reserved 1089536K
  class space    used 4855K, committed 5056K, reserved 1048576K
}
Event: 5.537 GC heap after
{Heap after GC invocations=17 (full 0):
 garbage-first heap   total 101376K, used 60894K [0x0000000083200000, 0x0000000100000000)
  region size 1024K, 4 young (4096K), 4 survivors (4096K)
 Metaspace       used 38451K, committed 38848K, reserved 1089536K
  class space    used 4855K, committed 5056K, reserved 1048576K
}
Event: 5.627 GC heap before
{Heap before GC invocations=18 (full 0):
 garbage-first heap   total 116736K, used 76254K [0x0000000083200000, 0x0000000100000000)
  region size 1024K, 20 young (20480K), 4 survivors (4096K)
 Metaspace       used 38662K, committed 38976K, reserved 1089536K
  class space    used 4889K, committed 5056K, reserved 1048576K
}
Event: 5.648 GC heap after
{Heap after GC invocations=19 (full 0):
 garbage-first heap   total 116736K, used 66390K [0x0000000083200000, 0x0000000100000000)
  region size 1024K, 3 young (3072K), 3 survivors (3072K)
 Metaspace       used 38662K, committed 38976K, reserved 1089536K
  class space    used 4889K, committed 5056K, reserved 1048576K
}
Event: 5.667 GC heap before
{Heap before GC invocations=19 (full 0):
 garbage-first heap   total 116736K, used 85846K [0x0000000083200000, 0x0000000100000000)
  region size 1024K, 23 young (23552K), 3 survivors (3072K)
 Metaspace       used 38700K, committed 39040K, reserved 1089536K
  class space    used 4896K, committed 5056K, reserved 1048576K
}

Deoptimization events (10 events):
Event: 2.825 Thread 0x000001f0919d1d20 DEOPT PACKING pc=0x000001f094b18599 sp=0x0000002f212fd060
Event: 2.825 Thread 0x000001f0919d1d20 DEOPT UNPACKING pc=0x000001f0946a6763 sp=0x0000002f212fc540 mode 3
Event: 4.668 Thread 0x000001f0a1596200 DEOPT PACKING pc=0x000001f094d46435 sp=0x0000002f233fe7b0
Event: 4.668 Thread 0x000001f0a1596200 DEOPT UNPACKING pc=0x000001f0946a6763 sp=0x0000002f233fdcc8 mode 3
Event: 4.794 Thread 0x000001f0a1596200 DEOPT PACKING pc=0x000001f094d69cab sp=0x0000002f233fe680
Event: 4.794 Thread 0x000001f0a1596200 DEOPT UNPACKING pc=0x000001f0946a6763 sp=0x0000002f233fdbc8 mode 3
Event: 5.002 Thread 0x000001f0a1606060 DEOPT PACKING pc=0x000001f094b16b81 sp=0x0000002f23cfeac0
Event: 5.002 Thread 0x000001f0a1606060 DEOPT UNPACKING pc=0x000001f0946a6763 sp=0x0000002f23cfdf50 mode 3
Event: 5.388 Thread 0x000001f0a1708fb0 DEOPT PACKING pc=0x000001f094b14097 sp=0x0000002f244ff000
Event: 5.388 Thread 0x000001f0a1708fb0 DEOPT UNPACKING pc=0x000001f0946a6763 sp=0x0000002f244fe458 mode 3

Classes unloaded (0 events):
No events

Classes redefined (0 events):
No events

Internal exceptions (20 events):
Event: 4.830 Thread 0x000001f0a1604d20 Exception <a 'sun/nio/fs/WindowsException'{0x0000000086034c98}> (0x0000000086034c98) 
thrown [s\src\hotspot\share\prims\jni.cpp, line 516]
Event: 4.830 Thread 0x000001f0a1604d20 Exception <a 'sun/nio/fs/WindowsException'{0x00000000860356c0}> (0x00000000860356c0) 
thrown [s\src\hotspot\share\prims\jni.cpp, line 516]
Event: 4.830 Thread 0x000001f0a1604d20 Exception <a 'sun/nio/fs/WindowsException'{0x0000000086035aa0}> (0x0000000086035aa0) 
thrown [s\src\hotspot\share\prims\jni.cpp, line 516]
Event: 4.830 Thread 0x000001f0a1604d20 Exception <a 'sun/nio/fs/WindowsException'{0x0000000086036490}> (0x0000000086036490) 
thrown [s\src\hotspot\share\prims\jni.cpp, line 516]
Event: 4.830 Thread 0x000001f0a1604d20 Exception <a 'sun/nio/fs/WindowsException'{0x0000000086036838}> (0x0000000086036838) 
thrown [s\src\hotspot\share\prims\jni.cpp, line 516]
Event: 4.830 Thread 0x000001f0a1604d20 Exception <a 'sun/nio/fs/WindowsException'{0x0000000086037238}> (0x0000000086037238) 
thrown [s\src\hotspot\share\prims\jni.cpp, line 516]
Event: 4.831 Thread 0x000001f0a1604d20 Exception <a 'sun/nio/fs/WindowsException'{0x00000000860375f8}> (0x00000000860375f8) 
thrown [s\src\hotspot\share\prims\jni.cpp, line 516]
Event: 4.831 Thread 0x000001f0a1604d20 Exception <a 'sun/nio/fs/WindowsException'{0x0000000086037ff8}> (0x0000000086037ff8) 
thrown [s\src\hotspot\share\prims\jni.cpp, line 516]
Event: 4.831 Thread 0x000001f0a1604d20 Exception <a 'sun/nio/fs/WindowsException'{0x00000000860383a8}> (0x00000000860383a8) 
thrown [s\src\hotspot\share\prims\jni.cpp, line 516]
Event: 4.831 Thread 0x000001f0a1604d20 Exception <a 'sun/nio/fs/WindowsException'{0x0000000086038da8}> (0x0000000086038da8) 
thrown [s\src\hotspot\share\prims\jni.cpp, line 516]
Event: 4.831 Thread 0x000001f0a1604d20 Exception <a 'sun/nio/fs/WindowsException'{0x0000000086039168}> (0x0000000086039168) 
thrown [s\src\hotspot\share\prims\jni.cpp, line 516]
Event: 4.831 Thread 0x000001f0a1604d20 Exception <a 'sun/nio/fs/WindowsException'{0x0000000086039b90}> (0x0000000086039b90) 
thrown [s\src\hotspot\share\prims\jni.cpp, line 516]
Event: 4.831 Thread 0x000001f0a1604d20 Exception <a 'sun/nio/fs/WindowsException'{0x0000000086039f70}> (0x0000000086039f70) 
thrown [s\src\hotspot\share\prims\jni.cpp, line 516]
Event: 4.831 Thread 0x000001f0a1604d20 Exception <a 'sun/nio/fs/WindowsException'{0x000000008603a9a8}> (0x000000008603a9a8) 
thrown [s\src\hotspot\share\prims\jni.cpp, line 516]
Event: 4.831 Thread 0x000001f0a1604d20 Exception <a 'sun/nio/fs/WindowsException'{0x000000008603ad98}> (0x000000008603ad98) 
thrown [s\src\hotspot\share\prims\jni.cpp, line 516]
Event: 4.831 Thread 0x000001f0a1604d20 Exception <a 'sun/nio/fs/WindowsException'{0x000000008603b7c0}> (0x000000008603b7c0) 
thrown [s\src\hotspot\share\prims\jni.cpp, line 516]
Event: 4.831 Thread 0x000001f0a1604d20 Exception <a 'sun/nio/fs/WindowsException'{0x000000008603bbb0}> (0x000000008603bbb0) 
thrown [s\src\hotspot\share\prims\jni.cpp, line 516]
Event: 4.881 Thread 0x000001f0a1595d30 Exception <a 'java/lang/NoSuchMethodError'{0x0000000089c4dd90}: 'int java.lang.invoke.DirectMethodHandle$Holder.invokeStatic(java.lang.Object)'> (0x0000000089c4dd90) 
thrown [s\src\hotspot\share\interpreter\linkResolver.cpp, line 759]
Event: 4.881 Thread 0x000001f0a1595d30 Exception <a 'java/lang/NoSuchMethodError'{0x0000000089c51438}: 'int java.lang.invoke.DirectMethodHandle$Holder.invokeStaticInit(java.lang.Object)'> (0x0000000089c51438) 
thrown [s\src\hotspot\share\interpreter\linkResolver.cpp, line 759]
Event: 5.417 Thread 0x000001f0a1595d30 Exception <a 'java/lang/NoSuchMethodError'{0x0000000087831608}: 'java.lang.Object java.lang.invoke.Invokers$Holder.invoke_MT(java.lang.Object, java.lang.Object, java.lang.Object)'> (0x0000000087831608) 
thrown [s\src\hotspot\share\interpreter\linkResolver.cpp, line 759]

VM Operations (20 events):
Event: 5.213 Executing VM operation: G1CollectForAllocation done
Event: 5.403 Executing VM operation: HandshakeAllThreads
Event: 5.404 Executing VM operation: HandshakeAllThreads done
Event: 5.405 Executing VM operation: HandshakeAllThreads
Event: 5.405 Executing VM operation: HandshakeAllThreads done
Event: 5.428 Executing VM operation: G1CollectForAllocation
Event: 5.436 Executing VM operation: G1CollectForAllocation done
Event: 5.513 Executing VM operation: HandshakeAllThreads
Event: 5.513 Executing VM operation: HandshakeAllThreads done
Event: 5.526 Executing VM operation: G1TryInitiateConcMark
Event: 5.537 Executing VM operation: G1TryInitiateConcMark done
Event: 5.588 Executing VM operation: G1Concurrent
Event: 5.596 Executing VM operation: G1Concurrent done
Event: 5.622 Executing VM operation: G1Concurrent
Event: 5.626 Executing VM operation: G1Concurrent done
Event: 5.627 Executing VM operation: G1CollectForAllocation
Event: 5.648 Executing VM operation: G1CollectForAllocation done
Event: 5.665 Executing VM operation: G1CollectForAllocation
Event: 5.666 Executing VM operation: G1CollectForAllocation done
Event: 5.667 Executing VM operation: G1CollectForAllocation

Events (20 events):
Event: 5.513 loading class java/nio/file/FileTreeWalker$DirectoryNode
Event: 5.513 loading class java/nio/file/FileTreeWalker$DirectoryNode done
Event: 5.513 loading class java/nio/file/FileTreeWalker$Event
Event: 5.513 loading class java/nio/file/FileTreeWalker$Event done
Event: 5.513 loading class java/nio/file/FileTreeWalker$EventType
Event: 5.514 loading class java/nio/file/FileTreeWalker$EventType done
Event: 5.514 loading class java/nio/file/Files$3
Event: 5.514 loading class java/nio/file/Files$3 done
Event: 5.514 loading class java/nio/file/FileVisitResult
Event: 5.514 loading class java/nio/file/FileVisitResult done
Event: 5.564 loading class java/nio/channels/Channels$ReadableByteChannelImpl
Event: 5.565 loading class java/nio/channels/Channels$ReadableByteChannelImpl done
Event: 5.566 loading class java/nio/channels/NonWritableChannelException
Event: 5.566 loading class java/nio/channels/NonWritableChannelException done
Event: 5.659 loading class java/util/WeakHashMap$EntrySet
Event: 5.660 loading class java/util/WeakHashMap$EntrySet done
Event: 5.660 loading class java/util/WeakHashMap$EntryIterator
Event: 5.660 loading class java/util/WeakHashMap$HashIterator
Event: 5.660 loading class java/util/WeakHashMap$HashIterator done
Event: 5.660 loading class java/util/WeakHashMap$EntryIterator done


Dynamic libraries:
0x00007ff7132d0000 - 0x00007ff7132de000 	c:\Users\datea\.vscode\extensions\redhat.java-1.11.0-win32-x64\jre\17.0.4.1-win32-x86_64\bin\java.exe
0x00007ffadbe90000 - 0x00007ffadc0a9000 	C:\WINDOWS\SYSTEM32\ntdll.dll
0x00007ffada3d0000 - 0x00007ffada492000 	C:\WINDOWS\System32\KERNEL32.DLL
0x00007ffad9840000 - 0x00007ffad9bdc000 	C:\WINDOWS\System32\KERNELBASE.dll
0x00007ffad6120000 - 0x00007ffad61b6000 	C:\WINDOWS\SYSTEM32\apphelp.dll
0x00007ffad9720000 - 0x00007ffad983b000 	C:\WINDOWS\System32\ucrtbase.dll
0x00007ffad23e0000 - 0x00007ffad23f9000 	c:\Users\datea\.vscode\extensions\redhat.java-1.11.0-win32-x64\jre\17.0.4.1-win32-x86_64\bin\VCRUNTIME140.dll
0x00007ffad1d90000 - 0x00007ffad1da8000 	c:\Users\datea\.vscode\extensions\redhat.java-1.11.0-win32-x64\jre\17.0.4.1-win32-x86_64\bin\jli.dll
0x00007ffadbca0000 - 0x00007ffadbe4c000 	C:\WINDOWS\System32\USER32.dll
0x00007ffad96f0000 - 0x00007ffad9716000 	C:\WINDOWS\System32\win32u.dll
0x00007ffabdec0000 - 0x00007ffabe151000 	C:\WINDOWS\WinSxS\amd64_microsoft.windows.common-controls_6595b64144ccf1df_6.0.25227.1000_none_7b35d90bf2068bf3\COMCTL32.dll
0x00007ffad9cc0000 - 0x00007ffad9d67000 	C:\WINDOWS\System32\msvcrt.dll
0x00007ffad9ee0000 - 0x00007ffad9f09000 	C:\WINDOWS\System32\GDI32.dll
0x00007ffad95d0000 - 0x00007ffad96e6000 	C:\WINDOWS\System32\gdi32full.dll
0x00007ffad9400000 - 0x00007ffad949a000 	C:\WINDOWS\System32\msvcp_win.dll
0x00007ffada100000 - 0x00007ffada131000 	C:\WINDOWS\System32\IMM32.DLL
0x00007ffad4680000 - 0x00007ffad468c000 	c:\Users\datea\.vscode\extensions\redhat.java-1.11.0-win32-x64\jre\17.0.4.1-win32-x86_64\bin\vcruntime140_1.dll
0x00007ffaad320000 - 0x00007ffaad3b1000 	c:\Users\datea\.vscode\extensions\redhat.java-1.11.0-win32-x64\jre\17.0.4.1-win32-x86_64\bin\msvcp140.dll
0x00007ffa8c110000 - 0x00007ffa8cd56000 	c:\Users\datea\.vscode\extensions\redhat.java-1.11.0-win32-x64\jre\17.0.4.1-win32-x86_64\bin\server\jvm.dll
0x00007ffadae30000 - 0x00007ffadaede000 	C:\WINDOWS\System32\ADVAPI32.dll
0x00007ffada140000 - 0x00007ffada1e6000 	C:\WINDOWS\System32\sechost.dll
0x00007ffadbb70000 - 0x00007ffadbc97000 	C:\WINDOWS\System32\RPCRT4.dll
0x00007ffada650000 - 0x00007ffada658000 	C:\WINDOWS\System32\PSAPI.DLL
0x00007ffac1060000 - 0x00007ffac1069000 	C:\WINDOWS\SYSTEM32\WSOCK32.dll
0x00007ffad2210000 - 0x00007ffad2245000 	C:\WINDOWS\SYSTEM32\WINMM.dll
0x00007ffadaee0000 - 0x00007ffadaf4f000 	C:\WINDOWS\System32\WS2_32.dll
0x00007ffad21e0000 - 0x00007ffad21ea000 	C:\WINDOWS\SYSTEM32\VERSION.dll
0x00007ffad81f0000 - 0x00007ffad8208000 	C:\WINDOWS\SYSTEM32\kernel.appcore.dll
0x00007ffad4520000 - 0x00007ffad452a000 	c:\Users\datea\.vscode\extensions\redhat.java-1.11.0-win32-x64\jre\17.0.4.1-win32-x86_64\bin\jimage.dll
0x00007ffad6b10000 - 0x00007ffad6d43000 	C:\WINDOWS\SYSTEM32\DBGHELP.DLL
0x00007ffadaf60000 - 0x00007ffadb2e2000 	C:\WINDOWS\System32\combase.dll
0x00007ffada2f0000 - 0x00007ffada3c8000 	C:\WINDOWS\System32\OLEAUT32.dll
0x00007ffac4400000 - 0x00007ffac4432000 	C:\WINDOWS\SYSTEM32\dbgcore.DLL
0x00007ffad9be0000 - 0x00007ffad9c59000 	C:\WINDOWS\System32\bcryptPrimitives.dll
0x00007ffad0080000 - 0x00007ffad00a5000 	c:\Users\datea\.vscode\extensions\redhat.java-1.11.0-win32-x64\jre\17.0.4.1-win32-x86_64\bin\java.dll
0x00007ffad1d70000 - 0x00007ffad1d88000 	c:\Users\datea\.vscode\extensions\redhat.java-1.11.0-win32-x64\jre\17.0.4.1-win32-x86_64\bin\zip.dll
0x00007ffadb380000 - 0x00007ffadbb50000 	C:\WINDOWS\System32\SHELL32.dll
0x00007ffad7180000 - 0x00007ffad7a1a000 	C:\WINDOWS\SYSTEM32\windows.storage.dll
0x00007ffad6fe0000 - 0x00007ffad7173000 	C:\WINDOWS\SYSTEM32\wintypes.dll
0x00007ffada560000 - 0x00007ffada64b000 	C:\WINDOWS\System32\SHCORE.dll
0x00007ffada8d0000 - 0x00007ffada92d000 	C:\WINDOWS\System32\shlwapi.dll
0x00007ffad91a0000 - 0x00007ffad91c1000 	C:\WINDOWS\SYSTEM32\profapi.dll
0x00007ffad0b50000 - 0x00007ffad0b69000 	C:\Users\datea\.vscode\extensions\redhat.java-1.11.0-win32-x64\jre\17.0.4.1-win32-x86_64\bin\net.dll
0x00007ffad2060000 - 0x00007ffad218b000 	C:\WINDOWS\SYSTEM32\WINHTTP.dll
0x00007ffad86d0000 - 0x00007ffad8739000 	C:\WINDOWS\system32\mswsock.dll
0x00007ffad09f0000 - 0x00007ffad0a05000 	C:\Users\datea\.vscode\extensions\redhat.java-1.11.0-win32-x64\jre\17.0.4.1-win32-x86_64\bin\nio.dll
0x00007ffad0060000 - 0x00007ffad0070000 	c:\Users\datea\.vscode\extensions\redhat.java-1.11.0-win32-x64\jre\17.0.4.1-win32-x86_64\bin\verify.dll
0x00007ffad3450000 - 0x00007ffad3459000 	C:\Users\datea\.vscode\extensions\redhat.java-1.11.0-win32-x64\jre\17.0.4.1-win32-x86_64\bin\management.dll
0x00007ffad3430000 - 0x00007ffad343b000 	C:\Users\datea\.vscode\extensions\redhat.java-1.11.0-win32-x64\jre\17.0.4.1-win32-x86_64\bin\management_ext.dll
0x00007ffad4600000 - 0x00007ffad4617000 	C:\WINDOWS\system32\napinsp.dll
0x00007ffad4500000 - 0x00007ffad451a000 	C:\WINDOWS\system32\pnrpnsp.dll
0x00007ffa781d0000 - 0x00007ffa781f1000 	C:\WINDOWS\system32\nlansp_c.dll
0x00007ffad7d50000 - 0x00007ffad7e4f000 	C:\WINDOWS\SYSTEM32\DNSAPI.dll
0x00007ffad7cc0000 - 0x00007ffad7cee000 	C:\WINDOWS\SYSTEM32\IPHLPAPI.DLL
0x00007ffada9a0000 - 0x00007ffada9a9000 	C:\WINDOWS\System32\NSI.dll
0x00007ffad3be0000 - 0x00007ffad3bf1000 	C:\WINDOWS\System32\winrnr.dll
0x00007ffaa04d0000 - 0x00007ffaa04e5000 	C:\WINDOWS\system32\wshbth.dll
0x00007ffad0570000 - 0x00007ffad057a000 	C:\Windows\System32\rasadhlp.dll
0x00007ffad1330000 - 0x00007ffad13b4000 	C:\WINDOWS\System32\fwpuclnt.dll
0x00007ffad8950000 - 0x00007ffad896b000 	C:\WINDOWS\SYSTEM32\CRYPTSP.dll
0x00007ffad8150000 - 0x00007ffad8184000 	C:\WINDOWS\system32\rsaenh.dll
0x00007ffad87d0000 - 0x00007ffad87f8000 	C:\WINDOWS\SYSTEM32\USERENV.dll
0x00007ffad8b10000 - 0x00007ffad8b38000 	C:\WINDOWS\SYSTEM32\bcrypt.dll
0x00007ffad8970000 - 0x00007ffad897c000 	C:\WINDOWS\SYSTEM32\CRYPTBASE.dll
0x00007ffad2040000 - 0x00007ffad2059000 	C:\WINDOWS\SYSTEM32\dhcpcsvc6.DLL
0x00007ffad1f40000 - 0x00007ffad1f5f000 	C:\WINDOWS\SYSTEM32\dhcpcsvc.DLL

dbghelp: loaded successfully - version: 4.0.5 - missing functions: none
symbol engine: initialized successfully - sym options: 0x614 - pdb path: .;c:\Users\datea\.vscode\extensions\redhat.java-1.11.0-win32-x64\jre\17.0.4.1-win32-x86_64\bin;C:\WINDOWS\SYSTEM32;C:\WINDOWS\WinSxS\amd64_microsoft.windows.common-controls_6595b64144ccf1df_6.0.25227.1000_none_7b35d90bf2068bf3;c:\Users\datea\.vscode\extensions\redhat.java-1.11.0-win32-x64\jre\17.0.4.1-win32-x86_64\bin\server

VM Arguments:
jvm_args: -Dsts.lsp.client=vscode -Dsts.log.file=/dev/null -XX:TieredStopAtLevel=1 -Xlog:jni+resolve=off -Dspring.config.location=file:c:\Users\datea\.vscode\extensions\pivotal.vscode-spring-boot-1.40.0\language-server\BOOT-INF\classes\application.properties 
java_command: org.springframework.ide.vscode.boot.app.BootLanguageServerBootApp
java_class_path (initial): c:\Users\datea\.vscode\extensions\pivotal.vscode-spring-boot-1.40.0\language-server\BOOT-INF\classes;c:\Users\datea\.vscode\extensions\pivotal.vscode-spring-boot-1.40.0\language-server\BOOT-INF\lib\annotations-23.0.0.jar;c:\Users\datea\.vscode\extensions\pivotal.vscode-spring-boot-1.40.0\language-server\BOOT-INF\lib\ant-1.10.12.jar;c:\Users\datea\.vscode\extensions\pivotal.vscode-spring-boot-1.40.0\language-server\BOOT-INF\lib\ant-launcher-1.10.12.jar;c:\Users\datea\.vscode\extensions\pivotal.vscode-spring-boot-1.40.0\language-server\BOOT-INF\lib\antlr-runtime-3.5.2.jar;c:\Users\datea\.vscode\extensions\pivotal.vscode-spring-boot-1.40.0\language-server\BOOT-INF\lib\antlr4-4.9.3.jar;c:\Users\datea\.vscode\extensions\pivotal.vscode-spring-boot-1.40.0\language-server\BOOT-INF\lib\antlr4-runtime-4.9.3.jar;c:\Users\datea\.vscode\extensions\pivotal.vscode-spring-boot-1.40.0\language-server\BOOT-INF\lib\asm-9.3.jar;c:\Users\datea\.vscode\extensions\pivotal.vscode-spring-boot-1.40.0\language-server\BOOT-INF\lib\asm-analysis-9.3.jar;c:\Users\datea\.vscode\extensions\pivotal.vscode-spring-boot-1.40.0\language-server\BOOT-INF\lib\asm-tree-9.3.jar;c:\Users\datea\.vscode\extensions\pivotal.vscode-spring-boot-1.40.0\language-server\BOOT-INF\lib\asm-util-9.3.jar;c:\Users\datea\.vscode\extensions\pivotal.vscode-spring-boot-1.40.0\language-server\BOOT-INF\lib\byte-buddy-1.12.13.jar;c:\Users\datea\.vscode\extensions\pivotal.vscode-spring-boot-1.40.0\language-server\BOOT-INF\lib\caffeine-2.9.3.jar;c:\Users\datea\.vscode\extensions\pivotal.vscode-spring-boot-1.40.0\language-server\BOOT-INF\lib\checker-qual-3.12.0.jar;c:\Users\datea\.vscode\extensions\pivotal.vscode-spring-boot-1.40.0\language-server\BOOT-INF\lib\classgraph-4.8.149.jar;c:\Users\datea\.vscode\extensions\pivotal.vscode-spring-boot-1.40.0\language-server\BOOT-INF\lib\commons-codec-1.15.jar;c:\Users\datea\.vscode\extensions\pivotal.vscode-spring-boot-1.40.0\language-server\BOOT-INF\lib\commons-c
Launcher Type: SUN_STANDARD

[Global flags]
     intx CICompilerCount                          = 4                                         {product} {ergonomic}
     uint ConcGCThreads                            = 2                                         {product} {ergonomic}
     uint G1ConcRefinementThreads                  = 8                                         {product} {ergonomic}
   size_t G1HeapRegionSize                         = 1048576                                   {product} {ergonomic}
    uintx GCDrainStackTargetSize                   = 64                                        {product} {ergonomic}
   size_t InitialHeapSize                          = 132120576                                 {product} {ergonomic}
   size_t MarkStackSize                            = 4194304                                   {product} {ergonomic}
   size_t MaxHeapSize                              = 2095054848                                {product} {ergonomic}
   size_t MaxNewSize                               = 1256194048                                {product} {ergonomic}
   size_t MinHeapDeltaBytes                        = 1048576                                   {product} {ergonomic}
   size_t MinHeapSize                              = 8388608                                   {product} {ergonomic}
    uintx NonProfiledCodeHeapSize                  = 0                                      {pd product} {ergonomic}
     bool ProfileInterpreter                       = false                                  {pd product} {command line}
    uintx ProfiledCodeHeapSize                     = 0                                      {pd product} {ergonomic}
   size_t SoftMaxHeapSize                          = 2095054848                             {manageable} {ergonomic}
     intx TieredStopAtLevel                        = 1                                         {product} {command line}
     bool UseCompressedClassPointers               = true                           {product lp64_product} {ergonomic}
     bool UseCompressedOops                        = true                           {product lp64_product} {ergonomic}
     bool UseG1GC                                  = true                                      {product} {ergonomic}
     bool UseLargePagesIndividualAllocation        = false                                  {pd product} {ergonomic}

Logging:
Log output configuration:
 #0: stdout all=warning,jni+resolve=off uptime,level,tags
 #1: stderr all=off uptime,level,tags

Environment Variables:
PATH=C:\Program Files\Java\jdk-15.0.2\bin;C:\Program Files\Common Files\Oracle\Java\javapath;C:\WINDOWS\system32;C:\WINDOWS;C:\WINDOWS\System32\Wbem;C:\WINDOWS\System32\WindowsPowerShell\v1.0\;C:\WINDOWS\System32\OpenSSH\;C:\Program Files\Azure Data Studio\bin;C:\Program Files\Microsoft SQL Server\Client SDK\ODBC\170\Tools\Binn\;C:\Program Files (x86)\Microsoft SQL Server\150\Tools\Binn\;C:\Program Files\Microsoft SQL Server\150\Tools\Binn\;C:\Program Files\Microsoft SQL Server\150\DTS\Binn\;C:\Program Files (x86)\Microsoft SQL Server\150\DTS\Binn\;C:\Program Files (x86)\GitExtensions\;F:\xampp\php;C:\ProgramData\ComposerSetup\bin;C:\xampp\php;C:\Program Files\Git\cmd;C:\Users\datea\AppData\Local\Microsoft\WindowsApps;C:\Users\datea\AppData\Local\Programs\Microsoft VS Code\bin;;C:\Program Files\Azure Data Studio\bin;C:\Users\datea\AppData\Roaming\Composer\vendor\bin
USERNAME=datea
OS=Windows_NT
PROCESSOR_IDENTIFIER=Intel64 Family 6 Model 126 Stepping 5, GenuineIntel
TMP=C:\Users\datea\AppData\Local\Temp
TEMP=C:\Users\datea\AppData\Local\Temp



---------------  S Y S T E M  ---------------

OS:
 Windows 11 , 64 bit Build 25227 (10.0.25227.1000)
OS uptime: 1 days 3:17 hours
Hyper-V role detected

CPU: total 8 (initial active 8) (4 cores per cpu, 2 threads per core) family 6 model 126 stepping 5 microcode 0xa6, cx8, cmov, fxsr, ht, mmx, 3dnowpref, sse, sse2, sse3, ssse3, sse4.1, sse4.2, popcnt, lzcnt, tsc, tscinvbit, avx, avx2, aes, erms, clmul, bmi1, bmi2, adx, avx512f, avx512dq, avx512cd, avx512bw, avx512vl, sha, fma, vzeroupper, avx512_vpopcntdq, avx512_vpclmulqdq, avx512_vaes, avx512_vnni, clflush, clflushopt, avx512_vbmi2, avx512_vbmi, hv

Memory: 4k page, system-wide physical 7987M (244M free)
TotalPageFile size 12083M (AvailPageFile size 19M)
current process WorkingSet (physical memory assigned to process): 221M, peak: 221M
current process commit charge ("private bytes"): 267M, peak: 465M

vm_info: OpenJDK 64-Bit Server VM (17.0.4.1+1) for windows-amd64 JRE (17.0.4.1+1), built on Aug 17 2022 07:42:43 by "temurin" with MS VC++ 16.7 (VS2019)

END.
