#
# There is insufficient memory for the Java Runtime Environment to continue.
# Native memory allocation (mmap) failed to map 337641472 bytes for G1 virtual space
# Possible reasons:
#   The system is out of physical RAM or swap space
#   The process is running with CompressedOops enabled, and the Java Heap may be blocking the growth of the native heap
# Possible solutions:
#   Reduce memory load on the system
#   Increase physical memory or swap space
#   Check if swap backing store is full
#   Decrease Java heap size (-Xmx/-Xms)
#   Decrease number of Java threads
#   Decrease Java thread stack sizes (-Xss)
#   Set larger code cache with -XX:ReservedCodeCacheSize=
#   JVM is running with Unscaled Compressed Oops mode in which the Java heap is
#     placed in the first 4GB address space. The Java Heap base address is the
#     maximum limit for the native heap growth. Please use -XX:HeapBaseMinAddress
#     to set the Java Heap base and to place the Java Heap above 4GB virtual address.
# This output file may be truncated or incomplete.
#
#  Out of Memory Error (os_windows.cpp:3541), pid=25592, tid=9976
#
# JRE version: OpenJDK Runtime Environment Temurin-17.0.4.1+1 (17.0.4.1+1) (build 17.0.4.1+1)
# Java VM: OpenJDK 64-Bit Server VM Temurin-17.0.4.1+1 (17.0.4.1+1, mixed mode, emulated-client, tiered, compressed oops, compressed class ptrs, g1 gc, windows-amd64)
# No core dump will be written. Minidumps are not enabled by default on client versions of Windows
#

---------------  S U M M A R Y ------------

Command Line: -Dsts.lsp.client=vscode -Dsts.log.file=/dev/null -XX:TieredStopAtLevel=1 -Xlog:jni+resolve=off -Dspring.config.location=file:c:\Users\datea\.vscode\extensions\pivotal.vscode-spring-boot-1.39.0\language-server\BOOT-INF\classes\application.properties org.springframework.ide.vscode.boot.app.BootLanguageServerBootApp

Host: Intel(R) Core(TM) i5-1035G1 CPU @ 1.00GHz, 8 cores, 7G,  Windows 11 , 64 bit Build 25217 (10.0.25217.1000)
Time: Thu Oct 13 21:44:12 2022 SE Asia Standard Time elapsed time: 13.711712 seconds (0d 0h 0m 13s)

---------------  T H R E A D  ---------------

Current thread (0x0000023de597d230):  VMThread "VM Thread" [stack: 0x000000d0b9100000,0x000000d0b9200000] [id=9976]

Stack: [0x000000d0b9100000,0x000000d0b9200000]
Native frames: (J=compiled Java code, j=interpreted, Vv=VM code, C=native code)
V  [jvm.dll+0x67731a]
V  [jvm.dll+0x832284]
V  [jvm.dll+0x833a2e]
V  [jvm.dll+0x834093]
V  [jvm.dll+0x245775]
V  [jvm.dll+0x674209]
V  [jvm.dll+0x668a92]
V  [jvm.dll+0x30471b]
V  [jvm.dll+0x30bc66]
V  [jvm.dll+0x35ba9e]
V  [jvm.dll+0x35bccf]
V  [jvm.dll+0x2db5b8]
V  [jvm.dll+0x2d986c]
V  [jvm.dll+0x2d8e3c]
V  [jvm.dll+0x31cd9b]
V  [jvm.dll+0x83853b]
V  [jvm.dll+0x839274]
V  [jvm.dll+0x83978c]
V  [jvm.dll+0x839b64]
V  [jvm.dll+0x839c30]
V  [jvm.dll+0x7e240a]
V  [jvm.dll+0x6761a5]
C  [ucrtbase.dll+0x4b7eb]
C  [KERNEL32.DLL+0x1484d]
C  [ntdll.dll+0x67558]

VM_Operation (0x000000d0bb4fe250): G1CollectForAllocation, mode: safepoint, requested by thread 0x0000023de89e3d50


---------------  P R O C E S S  ---------------

Threads class SMR info:
_java_thread_list=0x0000023dea5d6de0, length=36, elements={
0x0000023de6816010, 0x0000023de6816ee0, 0x0000023de684b410, 0x0000023de684bcd0,
0x0000023de684c590, 0x0000023de684ce50, 0x0000023de684f720, 0x0000023de6852640,
0x0000023de6a5d210, 0x0000023de6a72020, 0x0000023de6935580, 0x0000023de80cc020,
0x0000023de87a75f0, 0x0000023de88f4220, 0x0000023de89dbec0, 0x0000023de88dc610,
0x0000023de89dcba0, 0x0000023de89e14e0, 0x0000023de89e0700, 0x0000023de89e2a10,
0x0000023de89e5090, 0x0000023de89e2ee0, 0x0000023de89e33b0, 0x0000023de89e3880,
0x0000023de89e4bc0, 0x0000023de89e3d50, 0x0000023de89e5f00, 0x0000023de89e5560,
0x0000023de89e46f0, 0x0000023de89e5a30, 0x0000023de89e63d0, 0x0000023de89e4220,
0x0000023de87306f0, 0x0000023de872ea10, 0x0000023de872f880, 0x0000023de872eee0
}

Java Threads: ( => current thread )
  0x0000023de6816010 JavaThread "Reference Handler" daemon [_thread_blocked, id=25728, stack(0x000000d0b9200000,0x000000d0b9300000)]
  0x0000023de6816ee0 JavaThread "Finalizer" daemon [_thread_blocked, id=25124, stack(0x000000d0b9300000,0x000000d0b9400000)]
  0x0000023de684b410 JavaThread "Signal Dispatcher" daemon [_thread_blocked, id=25344, stack(0x000000d0b9400000,0x000000d0b9500000)]
  0x0000023de684bcd0 JavaThread "Attach Listener" daemon [_thread_blocked, id=24420, stack(0x000000d0b9500000,0x000000d0b9600000)]
  0x0000023de684c590 JavaThread "Service Thread" daemon [_thread_blocked, id=20924, stack(0x000000d0b9600000,0x000000d0b9700000)]
  0x0000023de684ce50 JavaThread "Monitor Deflation Thread" daemon [_thread_blocked, id=17192, stack(0x000000d0b9700000,0x000000d0b9800000)]
  0x0000023de684f720 JavaThread "C1 CompilerThread0" daemon [_thread_blocked, id=13996, stack(0x000000d0b9800000,0x000000d0b9900000)]
  0x0000023de6852640 JavaThread "Sweeper thread" daemon [_thread_blocked, id=6108, stack(0x000000d0b9900000,0x000000d0b9a00000)]
  0x0000023de6a5d210 JavaThread "Notification Thread" daemon [_thread_blocked, id=26184, stack(0x000000d0b9a00000,0x000000d0b9b00000)]
  0x0000023de6a72020 JavaThread "Common-Cleaner" daemon [_thread_blocked, id=15952, stack(0x000000d0b9c00000,0x000000d0b9d00000)]
  0x0000023de6935580 JavaThread "C1 CompilerThread1" daemon [_thread_blocked, id=24696, stack(0x000000d0ba200000,0x000000d0ba300000)]
  0x0000023de80cc020 JavaThread "boundedElastic-evictor-1" daemon [_thread_blocked, id=23112, stack(0x000000d0ba300000,0x000000d0ba400000)]
  0x0000023de87a75f0 JavaThread "ForkJoinPool.commonPool-worker-1" daemon [_thread_blocked, id=8612, stack(0x000000d0ba700000,0x000000d0ba800000)]
  0x0000023de88f4220 JavaThread "ClassGraph-worker-0" daemon [_thread_blocked, id=26032, stack(0x000000d0ba800000,0x000000d0ba900000)]
  0x0000023de89dbec0 JavaThread "ClassGraph-worker-1" daemon [_thread_blocked, id=10772, stack(0x000000d0ba900000,0x000000d0baa00000)]
  0x0000023de88dc610 JavaThread "ClassGraph-worker-2" daemon [_thread_blocked, id=22572, stack(0x000000d0baa00000,0x000000d0bab00000)]
  0x0000023de89dcba0 JavaThread "ClassGraph-worker-3" daemon [_thread_blocked, id=21776, stack(0x000000d0bab00000,0x000000d0bac00000)]
  0x0000023de89e14e0 JavaThread "ClassGraph-worker-4" daemon [_thread_blocked, id=23836, stack(0x000000d0bac00000,0x000000d0bad00000)]
  0x0000023de89e0700 JavaThread "ClassGraph-worker-5" daemon [_thread_blocked, id=24964, stack(0x000000d0bad00000,0x000000d0bae00000)]
  0x0000023de89e2a10 JavaThread "ClassGraph-worker-6" daemon [_thread_blocked, id=13108, stack(0x000000d0bae00000,0x000000d0baf00000)]
  0x0000023de89e5090 JavaThread "ClassGraph-worker-7" daemon [_thread_blocked, id=5244, stack(0x000000d0baf00000,0x000000d0bb000000)]
  0x0000023de89e2ee0 JavaThread "ClassGraph-worker-8" daemon [_thread_blocked, id=1496, stack(0x000000d0bb000000,0x000000d0bb100000)]
  0x0000023de89e33b0 JavaThread "ClassGraph-worker-9" daemon [_thread_blocked, id=23304, stack(0x000000d0bb100000,0x000000d0bb200000)]
  0x0000023de89e3880 JavaThread "ClassGraph-worker-10" daemon [_thread_blocked, id=25364, stack(0x000000d0bb200000,0x000000d0bb300000)]
  0x0000023de89e4bc0 JavaThread "ClassGraph-worker-11" daemon [_thread_blocked, id=7372, stack(0x000000d0bb300000,0x000000d0bb400000)]
  0x0000023de89e3d50 JavaThread "ClassGraph-worker-12" daemon [_thread_blocked, id=13132, stack(0x000000d0bb400000,0x000000d0bb500000)]
  0x0000023de89e5f00 JavaThread "ClassGraph-worker-13" daemon [_thread_blocked, id=14948, stack(0x000000d0bb500000,0x000000d0bb600000)]
  0x0000023de89e5560 JavaThread "pool-9-thread-1" [_thread_blocked, id=5144, stack(0x000000d0bb600000,0x000000d0bb700000)]
  0x0000023de89e46f0 JavaThread "LanguageServerApp-lifecycle" [_thread_blocked, id=17208, stack(0x000000d0bb700000,0x000000d0bb800000)]
  0x0000023de89e5a30 JavaThread "DestroyJavaVM" [_thread_blocked, id=24016, stack(0x000000d0b8b00000,0x000000d0b8c00000)]
  0x0000023de89e63d0 JavaThread "pool-10-thread-1" [_thread_blocked, id=8492, stack(0x000000d0bb900000,0x000000d0bba00000)]
  0x0000023de89e4220 JavaThread "Simple-Language-Server main thread" daemon [_thread_blocked, id=4564, stack(0x000000d0bbb00000,0x000000d0bbc00000)]
  0x0000023de87306f0 JavaThread "pool-7-thread-1" [_thread_blocked, id=23900, stack(0x000000d0bbc00000,0x000000d0bbd00000)]
  0x0000023de872ea10 JavaThread "parallel-1" daemon [_thread_blocked, id=25972, stack(0x000000d0bbd00000,0x000000d0bbe00000)]
  0x0000023de872f880 JavaThread "pool-4-thread-1" [_thread_blocked, id=25200, stack(0x000000d0bbe00000,0x000000d0bbf00000)]
  0x0000023de872eee0 JavaThread "Reconciler-1" daemon [_thread_blocked, id=22760, stack(0x000000d0bbf00000,0x000000d0bc000000)]

Other Threads:
=>0x0000023de597d230 VMThread "VM Thread" [stack: 0x000000d0b9100000,0x000000d0b9200000] [id=9976]
  0x0000023de6a5def0 WatcherThread [stack: 0x000000d0b9b00000,0x000000d0b9c00000] [id=21712]
  0x0000023dd6c4f380 GCTaskThread "GC Thread#0" [stack: 0x000000d0b8c00000,0x000000d0b8d00000] [id=15256]
  0x0000023de7105890 GCTaskThread "GC Thread#1" [stack: 0x000000d0b9d00000,0x000000d0b9e00000] [id=21400]
  0x0000023de735b030 GCTaskThread "GC Thread#2" [stack: 0x000000d0b9e00000,0x000000d0b9f00000] [id=2388]
  0x0000023de73ee000 GCTaskThread "GC Thread#3" [stack: 0x000000d0b9f00000,0x000000d0ba000000] [id=18028]
  0x0000023de73ee2b0 GCTaskThread "GC Thread#4" [stack: 0x000000d0ba000000,0x000000d0ba100000] [id=5116]
  0x0000023de73f2570 GCTaskThread "GC Thread#5" [stack: 0x000000d0ba100000,0x000000d0ba200000] [id=14984]
  0x0000023de8224aa0 GCTaskThread "GC Thread#6" [stack: 0x000000d0ba400000,0x000000d0ba500000] [id=8212]
  0x0000023de8224d50 GCTaskThread "GC Thread#7" [stack: 0x000000d0ba500000,0x000000d0ba600000] [id=7696]
  0x0000023dd6c5fcf0 ConcurrentGCThread "G1 Main Marker" [stack: 0x000000d0b8d00000,0x000000d0b8e00000] [id=24100]
  0x0000023dd6c624e0 ConcurrentGCThread "G1 Conc#0" [stack: 0x000000d0b8e00000,0x000000d0b8f00000] [id=14504]
  0x0000023de83a6480 ConcurrentGCThread "G1 Conc#1" [stack: 0x000000d0ba600000,0x000000d0ba700000] [id=22172]
  0x0000023dd6cae400 ConcurrentGCThread "G1 Refine#0" [stack: 0x000000d0b8f00000,0x000000d0b9000000] [id=22748]
  0x0000023dea599430 ConcurrentGCThread "G1 Refine#1" [stack: 0x000000d0bb800000,0x000000d0bb900000] [id=9680]
  0x0000023de8e5e080 ConcurrentGCThread "G1 Refine#2" [stack: 0x000000d0bba00000,0x000000d0bbb00000] [id=23728]
  0x0000023de57ea1c0 ConcurrentGCThread "G1 Service" [stack: 0x000000d0b9000000,0x000000d0b9100000] [id=22536]

Threads with active compile tasks:

VM state: at safepoint (normal execution)

VM Mutex/Monitor currently owned by a thread:  ([mutex/lock_event])
[0x0000023dd693b1d0] Threads_lock - owner thread: 0x0000023de597d230
[0x0000023dd6bf0880] Heap_lock - owner thread: 0x0000023de89e3d50

Heap address: 0x0000000083200000, size: 1998 MB, Compressed Oops mode: 32-bit

CDS archive(s) not mapped
Compressed class space mapped at: 0x0000000100000000-0x0000000140000000, reserved size: 1073741824
Narrow klass base: 0x0000000000000000, Narrow klass shift: 3, Narrow klass range: 0x140000000

GC Precious Log:
 CPUs: 8 total, 8 available
 Memory: 7987M
 Large Page Support: Disabled
 NUMA Support: Disabled
 Compressed Oops: Enabled (32-bit)
 Heap Region Size: 1M
 Heap Min Capacity: 8M
 Heap Initial Capacity: 126M
 Heap Max Capacity: 1998M
 Pre-touch: Disabled
 Parallel Workers: 8
 Concurrent Workers: 2
 Concurrent Refinement Workers: 8
 Periodic GC: Disabled

Heap:
 garbage-first heap   total 329728K, used 99199K [0x0000000083200000, 0x0000000100000000)
  region size 1024K, 16 young (16384K), 16 survivors (16384K)
 Metaspace       used 36029K, committed 36416K, reserved 1081344K
  class space    used 4682K, committed 4864K, reserved 1048576K

Heap Regions: E=young(eden), S=young(survivor), O=old, HS=humongous(starts), HC=humongous(continues), CS=collection set, F=free, OA=open archive, CA=closed archive, TAMS=top-at-mark-start (previous, next)
|   0|0x0000000083200000, 0x0000000083300000, 0x0000000083300000|100%| O|  |TAMS 0x0000000083300000, 0x0000000083200000| Untracked 
|   1|0x0000000083300000, 0x0000000083400000, 0x0000000083400000|100%| O|  |TAMS 0x0000000083400000, 0x0000000083300000| Untracked 
|   2|0x0000000083400000, 0x0000000083500000, 0x0000000083500000|100%| O|  |TAMS 0x0000000083500000, 0x0000000083400000| Untracked 
|   3|0x0000000083500000, 0x0000000083600000, 0x0000000083600000|100%| O|  |TAMS 0x0000000083600000, 0x0000000083500000| Untracked 
|   4|0x0000000083600000, 0x0000000083700000, 0x0000000083700000|100%| O|  |TAMS 0x0000000083700000, 0x0000000083600000| Untracked 
|   5|0x0000000083700000, 0x0000000083800000, 0x0000000083800000|100%| O|  |TAMS 0x0000000083800000, 0x0000000083700000| Untracked 
|   6|0x0000000083800000, 0x0000000083900000, 0x0000000083900000|100%| O|  |TAMS 0x0000000083900000, 0x0000000083800000| Untracked 
|   7|0x0000000083900000, 0x0000000083a00000, 0x0000000083a00000|100%| O|  |TAMS 0x0000000083a00000, 0x0000000083900000| Untracked 
|   8|0x0000000083a00000, 0x0000000083a0f400, 0x0000000083b00000|  5%| O|  |TAMS 0x0000000083a0f400, 0x0000000083a00000| Untracked 
|   9|0x0000000083b00000, 0x0000000083c00000, 0x0000000083c00000|100%| O|  |TAMS 0x0000000083c00000, 0x0000000083b00000| Untracked 
|  10|0x0000000083c00000, 0x0000000083d00000, 0x0000000083d00000|100%| O|  |TAMS 0x0000000083d00000, 0x0000000083c00000| Untracked 
|  11|0x0000000083d00000, 0x0000000083e00000, 0x0000000083e00000|100%| O|  |TAMS 0x0000000083e00000, 0x0000000083d00000| Untracked 
|  12|0x0000000083e00000, 0x0000000083f00000, 0x0000000083f00000|100%| O|  |TAMS 0x0000000083f00000, 0x0000000083e00000| Untracked 
|  13|0x0000000083f00000, 0x0000000084000000, 0x0000000084000000|100%| O|  |TAMS 0x0000000084000000, 0x0000000083f00000| Untracked 
|  14|0x0000000084000000, 0x0000000084100000, 0x0000000084100000|100%| O|  |TAMS 0x0000000084100000, 0x0000000084000000| Untracked 
|  15|0x0000000084100000, 0x0000000084200000, 0x0000000084200000|100%| O|  |TAMS 0x0000000084200000, 0x0000000084100000| Untracked 
|  16|0x0000000084200000, 0x0000000084300000, 0x0000000084300000|100%| O|  |TAMS 0x0000000084300000, 0x0000000084200000| Untracked 
|  17|0x0000000084300000, 0x0000000084400000, 0x0000000084400000|100%| O|  |TAMS 0x0000000084400000, 0x0000000084300000| Untracked 
|  18|0x0000000084400000, 0x0000000084500000, 0x0000000084500000|100%| O|  |TAMS 0x0000000084500000, 0x0000000084400000| Untracked 
|  19|0x0000000084500000, 0x0000000084600000, 0x0000000084600000|100%| O|  |TAMS 0x0000000084600000, 0x0000000084500000| Untracked 
|  20|0x0000000084600000, 0x0000000084700000, 0x0000000084700000|100%| O|  |TAMS 0x0000000084700000, 0x0000000084600000| Untracked 
|  21|0x0000000084700000, 0x0000000084800000, 0x0000000084800000|100%| O|  |TAMS 0x0000000084800000, 0x0000000084700000| Untracked 
|  22|0x0000000084800000, 0x0000000084900000, 0x0000000084900000|100%| O|  |TAMS 0x0000000084900000, 0x0000000084800000| Untracked 
|  23|0x0000000084900000, 0x0000000084a00000, 0x0000000084a00000|100%| O|  |TAMS 0x0000000084a00000, 0x0000000084900000| Untracked 
|  24|0x0000000084a00000, 0x0000000084b00000, 0x0000000084b00000|100%| O|  |TAMS 0x0000000084b00000, 0x0000000084a00000| Untracked 
|  25|0x0000000084b00000, 0x0000000084c00000, 0x0000000084c00000|100%| O|  |TAMS 0x0000000084c00000, 0x0000000084b00000| Untracked 
|  26|0x0000000084c00000, 0x0000000084d00000, 0x0000000084d00000|100%| O|  |TAMS 0x0000000084d00000, 0x0000000084c00000| Untracked 
|  27|0x0000000084d00000, 0x0000000084e00000, 0x0000000084e00000|100%| O|  |TAMS 0x0000000084e00000, 0x0000000084d00000| Untracked 
|  28|0x0000000084e00000, 0x0000000084f00000, 0x0000000084f00000|100%| O|  |TAMS 0x0000000084f00000, 0x0000000084e00000| Untracked 
|  29|0x0000000084f00000, 0x0000000085000000, 0x0000000085000000|100%| O|  |TAMS 0x0000000085000000, 0x0000000084f00000| Untracked 
|  30|0x0000000085000000, 0x0000000085100000, 0x0000000085100000|100%| O|  |TAMS 0x0000000085100000, 0x0000000085000000| Untracked 
|  31|0x0000000085100000, 0x0000000085200000, 0x0000000085200000|100%| O|  |TAMS 0x0000000085125a00, 0x0000000085100000| Untracked 
|  32|0x0000000085200000, 0x0000000085300000, 0x0000000085300000|100%| O|  |TAMS 0x0000000085200000, 0x0000000085200000| Untracked 
|  33|0x0000000085300000, 0x0000000085400000, 0x0000000085400000|100%| O|  |TAMS 0x0000000085300000, 0x0000000085300000| Untracked 
|  34|0x0000000085400000, 0x0000000085500000, 0x0000000085500000|100%| O|  |TAMS 0x0000000085400000, 0x0000000085400000| Untracked 
|  35|0x0000000085500000, 0x0000000085600000, 0x0000000085600000|100%| O|  |TAMS 0x0000000085500000, 0x0000000085500000| Untracked 
|  36|0x0000000085600000, 0x0000000085700000, 0x0000000085700000|100%| O|  |TAMS 0x0000000085600000, 0x0000000085600000| Untracked 
|  37|0x0000000085700000, 0x0000000085800000, 0x0000000085800000|100%| O|  |TAMS 0x0000000085700000, 0x0000000085700000| Untracked 
|  38|0x0000000085800000, 0x0000000085900000, 0x0000000085900000|100%| O|  |TAMS 0x0000000085800000, 0x0000000085800000| Untracked 
|  39|0x0000000085900000, 0x0000000085a00000, 0x0000000085a00000|100%| O|  |TAMS 0x0000000085900000, 0x0000000085900000| Untracked 
|  40|0x0000000085a00000, 0x0000000085b00000, 0x0000000085b00000|100%| O|  |TAMS 0x0000000085a00000, 0x0000000085a00000| Untracked 
|  41|0x0000000085b00000, 0x0000000085c00000, 0x0000000085c00000|100%| O|  |TAMS 0x0000000085b00000, 0x0000000085b00000| Untracked 
|  42|0x0000000085c00000, 0x0000000085d00000, 0x0000000085d00000|100%|HS|  |TAMS 0x0000000085c00000, 0x0000000085c00000| Complete 
|  43|0x0000000085d00000, 0x0000000085e00000, 0x0000000085e00000|100%|HS|  |TAMS 0x0000000085d00000, 0x0000000085d00000| Complete 
|  44|0x0000000085e00000, 0x0000000085f00000, 0x0000000085f00000|100%| O|  |TAMS 0x0000000085e00000, 0x0000000085e00000| Untracked 
|  45|0x0000000085f00000, 0x0000000086000000, 0x0000000086000000|100%| O|  |TAMS 0x0000000085f00000, 0x0000000085f00000| Untracked 
|  46|0x0000000086000000, 0x0000000086100000, 0x0000000086100000|100%| O|  |TAMS 0x0000000086000000, 0x0000000086000000| Untracked 
|  47|0x0000000086100000, 0x0000000086200000, 0x0000000086200000|100%| O|  |TAMS 0x0000000086100000, 0x0000000086100000| Untracked 
|  48|0x0000000086200000, 0x0000000086300000, 0x0000000086300000|100%| O|  |TAMS 0x0000000086200000, 0x0000000086200000| Untracked 
|  49|0x0000000086300000, 0x0000000086400000, 0x0000000086400000|100%| O|  |TAMS 0x0000000086300000, 0x0000000086300000| Untracked 
|  50|0x0000000086400000, 0x0000000086500000, 0x0000000086500000|100%| O|  |TAMS 0x0000000086400000, 0x0000000086400000| Untracked 
|  51|0x0000000086500000, 0x0000000086600000, 0x0000000086600000|100%| O|  |TAMS 0x0000000086500000, 0x0000000086500000| Untracked 
|  52|0x0000000086600000, 0x0000000086700000, 0x0000000086700000|100%| O|  |TAMS 0x0000000086600000, 0x0000000086600000| Untracked 
|  53|0x0000000086700000, 0x0000000086800000, 0x0000000086800000|100%| O|  |TAMS 0x0000000086700000, 0x0000000086700000| Untracked 
|  54|0x0000000086800000, 0x0000000086900000, 0x0000000086900000|100%| O|  |TAMS 0x0000000086800000, 0x0000000086800000| Untracked 
|  55|0x0000000086900000, 0x0000000086a00000, 0x0000000086a00000|100%| O|  |TAMS 0x0000000086900000, 0x0000000086900000| Untracked 
|  56|0x0000000086a00000, 0x0000000086b00000, 0x0000000086b00000|100%| O|  |TAMS 0x0000000086a00000, 0x0000000086a00000| Untracked 
|  57|0x0000000086b00000, 0x0000000086c00000, 0x0000000086c00000|100%| O|  |TAMS 0x0000000086b00000, 0x0000000086b00000| Untracked 
|  58|0x0000000086c00000, 0x0000000086d00000, 0x0000000086d00000|100%| O|  |TAMS 0x0000000086c00000, 0x0000000086c00000| Untracked 
|  59|0x0000000086d00000, 0x0000000086e00000, 0x0000000086e00000|100%| O|  |TAMS 0x0000000086d00000, 0x0000000086d00000| Untracked 
|  60|0x0000000086e00000, 0x0000000086f00000, 0x0000000086f00000|100%| O|  |TAMS 0x0000000086e00000, 0x0000000086e00000| Untracked 
|  61|0x0000000086f00000, 0x0000000087000000, 0x0000000087000000|100%| O|  |TAMS 0x0000000086f00000, 0x0000000086f00000| Untracked 
|  62|0x0000000087000000, 0x0000000087100000, 0x0000000087100000|100%| O|  |TAMS 0x0000000087000000, 0x0000000087000000| Untracked 
|  63|0x0000000087100000, 0x0000000087200000, 0x0000000087200000|100%| O|  |TAMS 0x0000000087100000, 0x0000000087100000| Untracked 
|  64|0x0000000087200000, 0x0000000087300000, 0x0000000087300000|100%| O|  |TAMS 0x0000000087200000, 0x0000000087200000| Untracked 
|  65|0x0000000087300000, 0x0000000087400000, 0x0000000087400000|100%| O|  |TAMS 0x0000000087300000, 0x0000000087300000| Untracked 
|  66|0x0000000087400000, 0x0000000087500000, 0x0000000087500000|100%| O|  |TAMS 0x0000000087400000, 0x0000000087400000| Untracked 
|  67|0x0000000087500000, 0x0000000087600000, 0x0000000087600000|100%| O|  |TAMS 0x0000000087500000, 0x0000000087500000| Untracked 
|  68|0x0000000087600000, 0x0000000087700000, 0x0000000087700000|100%| O|  |TAMS 0x0000000087600000, 0x0000000087600000| Untracked 
|  69|0x0000000087700000, 0x0000000087800000, 0x0000000087800000|100%| O|  |TAMS 0x0000000087700000, 0x0000000087700000| Untracked 
|  70|0x0000000087800000, 0x0000000087900000, 0x0000000087900000|100%| O|  |TAMS 0x0000000087800000, 0x0000000087800000| Untracked 
|  71|0x0000000087900000, 0x0000000087a00000, 0x0000000087a00000|100%| O|  |TAMS 0x0000000087900000, 0x0000000087900000| Untracked 
|  72|0x0000000087a00000, 0x0000000087b00000, 0x0000000087b00000|100%| O|  |TAMS 0x0000000087a00000, 0x0000000087a00000| Untracked 
|  73|0x0000000087b00000, 0x0000000087c00000, 0x0000000087c00000|100%| O|  |TAMS 0x0000000087b00000, 0x0000000087b00000| Untracked 
|  74|0x0000000087c00000, 0x0000000087d00000, 0x0000000087d00000|100%| O|  |TAMS 0x0000000087c00000, 0x0000000087c00000| Untracked 
|  75|0x0000000087d00000, 0x0000000087e00000, 0x0000000087e00000|100%| O|  |TAMS 0x0000000087d00000, 0x0000000087d00000| Untracked 
|  76|0x0000000087e00000, 0x0000000087f00000, 0x0000000087f00000|100%| O|  |TAMS 0x0000000087e00000, 0x0000000087e00000| Untracked 
|  77|0x0000000087f00000, 0x0000000088000000, 0x0000000088000000|100%| O|  |TAMS 0x0000000087f00000, 0x0000000087f00000| Untracked 
|  78|0x0000000088000000, 0x0000000088100000, 0x0000000088100000|100%| O|  |TAMS 0x0000000088000000, 0x0000000088000000| Untracked 
|  79|0x0000000088100000, 0x0000000088200000, 0x0000000088200000|100%| O|  |TAMS 0x0000000088100000, 0x0000000088100000| Untracked 
|  80|0x0000000088200000, 0x0000000088300000, 0x0000000088300000|100%| O|  |TAMS 0x0000000088200000, 0x0000000088200000| Untracked 
|  81|0x0000000088300000, 0x0000000088400000, 0x0000000088400000|100%| O|  |TAMS 0x0000000088300000, 0x0000000088300000| Untracked 
|  82|0x0000000088400000, 0x0000000088474c00, 0x0000000088500000| 45%| O|  |TAMS 0x0000000088400000, 0x0000000088400000| Untracked 
|  83|0x0000000088500000, 0x0000000088500000, 0x0000000088600000|  0%| F|  |TAMS 0x0000000088500000, 0x0000000088500000| Untracked 
|  84|0x0000000088600000, 0x0000000088600000, 0x0000000088700000|  0%| F|  |TAMS 0x0000000088600000, 0x0000000088600000| Untracked 
|  85|0x0000000088700000, 0x0000000088700000, 0x0000000088800000|  0%| F|  |TAMS 0x0000000088700000, 0x0000000088700000| Untracked 
|  86|0x0000000088800000, 0x0000000088800000, 0x0000000088900000|  0%| F|  |TAMS 0x0000000088800000, 0x0000000088800000| Untracked 
|  87|0x0000000088900000, 0x0000000088900000, 0x0000000088a00000|  0%| F|  |TAMS 0x0000000088900000, 0x0000000088900000| Untracked 
|  88|0x0000000088a00000, 0x0000000088a00000, 0x0000000088b00000|  0%| F|  |TAMS 0x0000000088a00000, 0x0000000088a00000| Untracked 
|  89|0x0000000088b00000, 0x0000000088b00000, 0x0000000088c00000|  0%| F|  |TAMS 0x0000000088b00000, 0x0000000088b00000| Untracked 
|  90|0x0000000088c00000, 0x0000000088c00000, 0x0000000088d00000|  0%| F|  |TAMS 0x0000000088c00000, 0x0000000088c00000| Untracked 
|  91|0x0000000088d00000, 0x0000000088d00000, 0x0000000088e00000|  0%| F|  |TAMS 0x0000000088d00000, 0x0000000088d00000| Untracked 
|  92|0x0000000088e00000, 0x0000000088e00000, 0x0000000088f00000|  0%| F|  |TAMS 0x0000000088e00000, 0x0000000088e00000| Untracked 
|  93|0x0000000088f00000, 0x0000000088f00000, 0x0000000089000000|  0%| F|  |TAMS 0x0000000088f00000, 0x0000000088f00000| Untracked 
|  94|0x0000000089000000, 0x0000000089000000, 0x0000000089100000|  0%| F|  |TAMS 0x0000000089000000, 0x0000000089000000| Untracked 
|  95|0x0000000089100000, 0x0000000089100000, 0x0000000089200000|  0%| F|  |TAMS 0x0000000089100000, 0x0000000089100000| Untracked 
|  96|0x0000000089200000, 0x0000000089200000, 0x0000000089300000|  0%| F|  |TAMS 0x0000000089200000, 0x0000000089200000| Untracked 
|  97|0x0000000089300000, 0x0000000089300000, 0x0000000089400000|  0%| F|  |TAMS 0x0000000089300000, 0x0000000089300000| Untracked 
|  98|0x0000000089400000, 0x0000000089400000, 0x0000000089500000|  0%| F|  |TAMS 0x0000000089400000, 0x0000000089400000| Untracked 
|  99|0x0000000089500000, 0x0000000089500000, 0x0000000089600000|  0%| F|  |TAMS 0x0000000089500000, 0x0000000089500000| Untracked 
| 100|0x0000000089600000, 0x0000000089600000, 0x0000000089700000|  0%| F|  |TAMS 0x0000000089600000, 0x0000000089600000| Untracked 
| 101|0x0000000089700000, 0x0000000089700000, 0x0000000089800000|  0%| F|  |TAMS 0x0000000089700000, 0x0000000089700000| Untracked 
| 102|0x0000000089800000, 0x0000000089800000, 0x0000000089900000|  0%| F|  |TAMS 0x0000000089800000, 0x0000000089800000| Untracked 
| 103|0x0000000089900000, 0x0000000089900000, 0x0000000089a00000|  0%| F|  |TAMS 0x0000000089900000, 0x0000000089900000| Untracked 
| 104|0x0000000089a00000, 0x0000000089a00000, 0x0000000089b00000|  0%| F|  |TAMS 0x0000000089a00000, 0x0000000089a00000| Untracked 
| 105|0x0000000089b00000, 0x0000000089b00000, 0x0000000089c00000|  0%| F|  |TAMS 0x0000000089b00000, 0x0000000089b00000| Untracked 
| 106|0x0000000089c00000, 0x0000000089c00000, 0x0000000089d00000|  0%| F|  |TAMS 0x0000000089c00000, 0x0000000089c00000| Untracked 
| 107|0x0000000089d00000, 0x0000000089d00000, 0x0000000089e00000|  0%| F|  |TAMS 0x0000000089d00000, 0x0000000089d00000| Untracked 
| 108|0x0000000089e00000, 0x0000000089e00000, 0x0000000089f00000|  0%| F|  |TAMS 0x0000000089e00000, 0x0000000089e00000| Untracked 
| 109|0x0000000089f00000, 0x0000000089f00000, 0x000000008a000000|  0%| F|  |TAMS 0x0000000089f00000, 0x0000000089f00000| Untracked 
| 110|0x000000008a000000, 0x000000008a000000, 0x000000008a100000|  0%| F|  |TAMS 0x000000008a000000, 0x000000008a000000| Untracked 
| 111|0x000000008a100000, 0x000000008a100000, 0x000000008a200000|  0%| F|  |TAMS 0x000000008a100000, 0x000000008a100000| Untracked 
| 112|0x000000008a200000, 0x000000008a200000, 0x000000008a300000|  0%| F|  |TAMS 0x000000008a200000, 0x000000008a200000| Untracked 
| 113|0x000000008a300000, 0x000000008a300000, 0x000000008a400000|  0%| F|  |TAMS 0x000000008a300000, 0x000000008a300000| Untracked 
| 114|0x000000008a400000, 0x000000008a400000, 0x000000008a500000|  0%| F|  |TAMS 0x000000008a400000, 0x000000008a400000| Untracked 
| 115|0x000000008a500000, 0x000000008a500000, 0x000000008a600000|  0%| F|  |TAMS 0x000000008a500000, 0x000000008a500000| Untracked 
| 116|0x000000008a600000, 0x000000008a600000, 0x000000008a700000|  0%| F|  |TAMS 0x000000008a600000, 0x000000008a600000| Untracked 
| 117|0x000000008a700000, 0x000000008a700000, 0x000000008a800000|  0%| F|  |TAMS 0x000000008a700000, 0x000000008a700000| Untracked 
| 118|0x000000008a800000, 0x000000008a800000, 0x000000008a900000|  0%| F|  |TAMS 0x000000008a800000, 0x000000008a800000| Untracked 
| 119|0x000000008a900000, 0x000000008a900000, 0x000000008aa00000|  0%| F|  |TAMS 0x000000008a900000, 0x000000008a900000| Untracked 
| 120|0x000000008aa00000, 0x000000008aa00000, 0x000000008ab00000|  0%| F|  |TAMS 0x000000008aa00000, 0x000000008aa00000| Untracked 
| 121|0x000000008ab00000, 0x000000008ab00000, 0x000000008ac00000|  0%| F|  |TAMS 0x000000008ab00000, 0x000000008ab00000| Untracked 
| 122|0x000000008ac00000, 0x000000008ac00000, 0x000000008ad00000|  0%| F|  |TAMS 0x000000008ac00000, 0x000000008ac00000| Untracked 
| 123|0x000000008ad00000, 0x000000008ad00000, 0x000000008ae00000|  0%| F|  |TAMS 0x000000008ad00000, 0x000000008ad00000| Untracked 
| 124|0x000000008ae00000, 0x000000008ae5be50, 0x000000008af00000| 35%| S|CS|TAMS 0x000000008ae00000, 0x000000008ae00000| Complete 
| 125|0x000000008af00000, 0x000000008b000000, 0x000000008b000000|100%| S|CS|TAMS 0x000000008af00000, 0x000000008af00000| Complete 
| 126|0x000000008b000000, 0x000000008b100000, 0x000000008b100000|100%| S|CS|TAMS 0x000000008b000000, 0x000000008b000000| Complete 
| 127|0x000000008b100000, 0x000000008b200000, 0x000000008b200000|100%| S|CS|TAMS 0x000000008b100000, 0x000000008b100000| Complete 
| 128|0x000000008b200000, 0x000000008b300000, 0x000000008b300000|100%| S|CS|TAMS 0x000000008b200000, 0x000000008b200000| Complete 
| 129|0x000000008b300000, 0x000000008b400000, 0x000000008b400000|100%| S|CS|TAMS 0x000000008b300000, 0x000000008b300000| Complete 
| 130|0x000000008b400000, 0x000000008b500000, 0x000000008b500000|100%| S|CS|TAMS 0x000000008b400000, 0x000000008b400000| Complete 
| 131|0x000000008b500000, 0x000000008b600000, 0x000000008b600000|100%| S|CS|TAMS 0x000000008b500000, 0x000000008b500000| Complete 
| 132|0x000000008b600000, 0x000000008b700000, 0x000000008b700000|100%| S|CS|TAMS 0x000000008b600000, 0x000000008b600000| Complete 
| 133|0x000000008b700000, 0x000000008b800000, 0x000000008b800000|100%| S|CS|TAMS 0x000000008b700000, 0x000000008b700000| Complete 
| 134|0x000000008b800000, 0x000000008b900000, 0x000000008b900000|100%| S|CS|TAMS 0x000000008b800000, 0x000000008b800000| Complete 
| 135|0x000000008b900000, 0x000000008ba00000, 0x000000008ba00000|100%| S|CS|TAMS 0x000000008b900000, 0x000000008b900000| Complete 
| 136|0x000000008ba00000, 0x000000008ba00000, 0x000000008bb00000|  0%| F|  |TAMS 0x000000008ba00000, 0x000000008ba00000| Untracked 
| 137|0x000000008bb00000, 0x000000008bb00000, 0x000000008bc00000|  0%| F|  |TAMS 0x000000008bb00000, 0x000000008bb00000| Untracked 
| 138|0x000000008bc00000, 0x000000008bc00000, 0x000000008bd00000|  0%| F|  |TAMS 0x000000008bc00000, 0x000000008bc00000| Untracked 
| 139|0x000000008bd00000, 0x000000008bd00000, 0x000000008be00000|  0%| F|  |TAMS 0x000000008bd00000, 0x000000008bd00000| Untracked 
| 140|0x000000008be00000, 0x000000008be00000, 0x000000008bf00000|  0%| F|  |TAMS 0x000000008be00000, 0x000000008be00000| Untracked 
| 141|0x000000008bf00000, 0x000000008bf00000, 0x000000008c000000|  0%| F|  |TAMS 0x000000008bf00000, 0x000000008bf00000| Untracked 
| 142|0x000000008c000000, 0x000000008c000000, 0x000000008c100000|  0%| F|  |TAMS 0x000000008c000000, 0x000000008c000000| Untracked 
| 143|0x000000008c100000, 0x000000008c100000, 0x000000008c200000|  0%| F|  |TAMS 0x000000008c100000, 0x000000008c100000| Untracked 
| 144|0x000000008c200000, 0x000000008c200000, 0x000000008c300000|  0%| F|  |TAMS 0x000000008c200000, 0x000000008c200000| Untracked 
| 145|0x000000008c300000, 0x000000008c300000, 0x000000008c400000|  0%| F|  |TAMS 0x000000008c300000, 0x000000008c300000| Untracked 
| 146|0x000000008c400000, 0x000000008c400000, 0x000000008c500000|  0%| F|  |TAMS 0x000000008c400000, 0x000000008c400000| Untracked 
| 147|0x000000008c500000, 0x000000008c500000, 0x000000008c600000|  0%| F|  |TAMS 0x000000008c500000, 0x000000008c500000| Untracked 
| 148|0x000000008c600000, 0x000000008c600000, 0x000000008c700000|  0%| F|  |TAMS 0x000000008c600000, 0x000000008c600000| Untracked 
| 149|0x000000008c700000, 0x000000008c700000, 0x000000008c800000|  0%| F|  |TAMS 0x000000008c700000, 0x000000008c700000| Untracked 
| 150|0x000000008c800000, 0x000000008c900000, 0x000000008c900000|100%| S|CS|TAMS 0x000000008c800000, 0x000000008c800000| Complete 
| 151|0x000000008c900000, 0x000000008ca00000, 0x000000008ca00000|100%| S|CS|TAMS 0x000000008c900000, 0x000000008c900000| Complete 
| 152|0x000000008ca00000, 0x000000008cb00000, 0x000000008cb00000|100%| S|CS|TAMS 0x000000008ca00000, 0x000000008ca00000| Complete 
| 153|0x000000008cb00000, 0x000000008cc00000, 0x000000008cc00000|100%| S|CS|TAMS 0x000000008cb00000, 0x000000008cb00000| Complete 
| 154|0x000000008cc00000, 0x000000008cc00000, 0x000000008cd00000|  0%| F|  |TAMS 0x000000008cc00000, 0x000000008cc00000| Untracked 
| 155|0x000000008cd00000, 0x000000008cd00000, 0x000000008ce00000|  0%| F|  |TAMS 0x000000008cd00000, 0x000000008cd00000| Untracked 
| 156|0x000000008ce00000, 0x000000008ce00000, 0x000000008cf00000|  0%| F|  |TAMS 0x000000008ce00000, 0x000000008ce00000| Untracked 
| 157|0x000000008cf00000, 0x000000008cf00000, 0x000000008d000000|  0%| F|  |TAMS 0x000000008cf00000, 0x000000008cf00000| Untracked 
| 158|0x000000008d000000, 0x000000008d000000, 0x000000008d100000|  0%| F|  |TAMS 0x000000008d000000, 0x000000008d000000| Untracked 
| 159|0x000000008d100000, 0x000000008d100000, 0x000000008d200000|  0%| F|  |TAMS 0x000000008d100000, 0x000000008d100000| Untracked 
| 160|0x000000008d200000, 0x000000008d200000, 0x000000008d300000|  0%| F|  |TAMS 0x000000008d200000, 0x000000008d200000| Untracked 
| 161|0x000000008d300000, 0x000000008d300000, 0x000000008d400000|  0%| F|  |TAMS 0x000000008d300000, 0x000000008d300000| Untracked 
| 162|0x000000008d400000, 0x000000008d400000, 0x000000008d500000|  0%| F|  |TAMS 0x000000008d400000, 0x000000008d400000| Untracked 
| 163|0x000000008d500000, 0x000000008d500000, 0x000000008d600000|  0%| F|  |TAMS 0x000000008d500000, 0x000000008d500000| Untracked 
| 164|0x000000008d600000, 0x000000008d600000, 0x000000008d700000|  0%| F|  |TAMS 0x000000008d600000, 0x000000008d600000| Untracked 
| 165|0x000000008d700000, 0x000000008d700000, 0x000000008d800000|  0%| F|  |TAMS 0x000000008d700000, 0x000000008d700000| Untracked 
| 166|0x000000008d800000, 0x000000008d800000, 0x000000008d900000|  0%| F|  |TAMS 0x000000008d800000, 0x000000008d800000| Untracked 
| 167|0x000000008d900000, 0x000000008d900000, 0x000000008da00000|  0%| F|  |TAMS 0x000000008d900000, 0x000000008d900000| Untracked 
| 168|0x000000008da00000, 0x000000008da00000, 0x000000008db00000|  0%| F|  |TAMS 0x000000008da00000, 0x000000008da00000| Untracked 
| 169|0x000000008db00000, 0x000000008db00000, 0x000000008dc00000|  0%| F|  |TAMS 0x000000008db00000, 0x000000008db00000| Untracked 
| 170|0x000000008dc00000, 0x000000008dc00000, 0x000000008dd00000|  0%| F|  |TAMS 0x000000008dc00000, 0x000000008dc00000| Untracked 
| 171|0x000000008dd00000, 0x000000008dd00000, 0x000000008de00000|  0%| F|  |TAMS 0x000000008dd00000, 0x000000008dd00000| Untracked 
| 172|0x000000008de00000, 0x000000008de00000, 0x000000008df00000|  0%| F|  |TAMS 0x000000008de00000, 0x000000008de00000| Untracked 
| 173|0x000000008df00000, 0x000000008df00000, 0x000000008e000000|  0%| F|  |TAMS 0x000000008df00000, 0x000000008df00000| Untracked 
| 174|0x000000008e000000, 0x000000008e000000, 0x000000008e100000|  0%| F|  |TAMS 0x000000008e000000, 0x000000008e000000| Untracked 
| 175|0x000000008e100000, 0x000000008e100000, 0x000000008e200000|  0%| F|  |TAMS 0x000000008e100000, 0x000000008e100000| Untracked 
| 176|0x000000008e200000, 0x000000008e200000, 0x000000008e300000|  0%| F|  |TAMS 0x000000008e200000, 0x000000008e200000| Untracked 
| 177|0x000000008e300000, 0x000000008e300000, 0x000000008e400000|  0%| F|  |TAMS 0x000000008e300000, 0x000000008e300000| Untracked 
| 178|0x000000008e400000, 0x000000008e400000, 0x000000008e500000|  0%| F|  |TAMS 0x000000008e400000, 0x000000008e400000| Untracked 
| 179|0x000000008e500000, 0x000000008e500000, 0x000000008e600000|  0%| F|  |TAMS 0x000000008e500000, 0x000000008e500000| Untracked 
| 180|0x000000008e600000, 0x000000008e600000, 0x000000008e700000|  0%| F|  |TAMS 0x000000008e600000, 0x000000008e600000| Untracked 
| 181|0x000000008e700000, 0x000000008e700000, 0x000000008e800000|  0%| F|  |TAMS 0x000000008e700000, 0x000000008e700000| Untracked 
| 182|0x000000008e800000, 0x000000008e800000, 0x000000008e900000|  0%| F|  |TAMS 0x000000008e800000, 0x000000008e800000| Untracked 
| 183|0x000000008e900000, 0x000000008e900000, 0x000000008ea00000|  0%| F|  |TAMS 0x000000008e900000, 0x000000008e900000| Untracked 
| 184|0x000000008ea00000, 0x000000008ea00000, 0x000000008eb00000|  0%| F|  |TAMS 0x000000008ea00000, 0x000000008ea00000| Untracked 
| 185|0x000000008eb00000, 0x000000008eb00000, 0x000000008ec00000|  0%| F|  |TAMS 0x000000008eb00000, 0x000000008eb00000| Untracked 
| 186|0x000000008ec00000, 0x000000008ec00000, 0x000000008ed00000|  0%| F|  |TAMS 0x000000008ec00000, 0x000000008ec00000| Untracked 
| 187|0x000000008ed00000, 0x000000008ed00000, 0x000000008ee00000|  0%| F|  |TAMS 0x000000008ed00000, 0x000000008ed00000| Untracked 
| 188|0x000000008ee00000, 0x000000008ee00000, 0x000000008ef00000|  0%| F|  |TAMS 0x000000008ee00000, 0x000000008ee00000| Untracked 
| 189|0x000000008ef00000, 0x000000008ef00000, 0x000000008f000000|  0%| F|  |TAMS 0x000000008ef00000, 0x000000008ef00000| Untracked 
| 190|0x000000008f000000, 0x000000008f000000, 0x000000008f100000|  0%| F|  |TAMS 0x000000008f000000, 0x000000008f000000| Untracked 
| 191|0x000000008f100000, 0x000000008f100000, 0x000000008f200000|  0%| F|  |TAMS 0x000000008f100000, 0x000000008f100000| Untracked 
| 192|0x000000008f200000, 0x000000008f200000, 0x000000008f300000|  0%| F|  |TAMS 0x000000008f200000, 0x000000008f200000| Untracked 
| 193|0x000000008f300000, 0x000000008f300000, 0x000000008f400000|  0%| F|  |TAMS 0x000000008f300000, 0x000000008f300000| Untracked 
| 194|0x000000008f400000, 0x000000008f400000, 0x000000008f500000|  0%| F|  |TAMS 0x000000008f400000, 0x000000008f400000| Untracked 
| 195|0x000000008f500000, 0x000000008f500000, 0x000000008f600000|  0%| F|  |TAMS 0x000000008f500000, 0x000000008f500000| Untracked 
| 196|0x000000008f600000, 0x000000008f600000, 0x000000008f700000|  0%| F|  |TAMS 0x000000008f600000, 0x000000008f600000| Untracked 
| 197|0x000000008f700000, 0x000000008f700000, 0x000000008f800000|  0%| F|  |TAMS 0x000000008f700000, 0x000000008f700000| Untracked 
| 198|0x000000008f800000, 0x000000008f800000, 0x000000008f900000|  0%| F|  |TAMS 0x000000008f800000, 0x000000008f800000| Untracked 
| 199|0x000000008f900000, 0x000000008f900000, 0x000000008fa00000|  0%| F|  |TAMS 0x000000008f900000, 0x000000008f900000| Untracked 
| 200|0x000000008fa00000, 0x000000008fa00000, 0x000000008fb00000|  0%| F|  |TAMS 0x000000008fa00000, 0x000000008fa00000| Untracked 
| 201|0x000000008fb00000, 0x000000008fb00000, 0x000000008fc00000|  0%| F|  |TAMS 0x000000008fb00000, 0x000000008fb00000| Untracked 
| 202|0x000000008fc00000, 0x000000008fc00000, 0x000000008fd00000|  0%| F|  |TAMS 0x000000008fc00000, 0x000000008fc00000| Untracked 
| 203|0x000000008fd00000, 0x000000008fd00000, 0x000000008fe00000|  0%| F|  |TAMS 0x000000008fd00000, 0x000000008fd00000| Untracked 
| 204|0x000000008fe00000, 0x000000008fe00000, 0x000000008ff00000|  0%| F|  |TAMS 0x000000008fe00000, 0x000000008fe00000| Untracked 
| 205|0x000000008ff00000, 0x000000008ff00000, 0x0000000090000000|  0%| F|  |TAMS 0x000000008ff00000, 0x000000008ff00000| Untracked 
| 206|0x0000000090000000, 0x0000000090000000, 0x0000000090100000|  0%| F|  |TAMS 0x0000000090000000, 0x0000000090000000| Untracked 
| 207|0x0000000090100000, 0x0000000090100000, 0x0000000090200000|  0%| F|  |TAMS 0x0000000090100000, 0x0000000090100000| Untracked 
| 208|0x0000000090200000, 0x0000000090200000, 0x0000000090300000|  0%| F|  |TAMS 0x0000000090200000, 0x0000000090200000| Untracked 
| 209|0x0000000090300000, 0x0000000090300000, 0x0000000090400000|  0%| F|  |TAMS 0x0000000090300000, 0x0000000090300000| Untracked 
| 210|0x0000000090400000, 0x0000000090400000, 0x0000000090500000|  0%| F|  |TAMS 0x0000000090400000, 0x0000000090400000| Untracked 
| 211|0x0000000090500000, 0x0000000090500000, 0x0000000090600000|  0%| F|  |TAMS 0x0000000090500000, 0x0000000090500000| Untracked 
| 212|0x0000000090600000, 0x0000000090600000, 0x0000000090700000|  0%| F|  |TAMS 0x0000000090600000, 0x0000000090600000| Untracked 
| 213|0x0000000090700000, 0x0000000090700000, 0x0000000090800000|  0%| F|  |TAMS 0x0000000090700000, 0x0000000090700000| Untracked 
| 214|0x0000000090800000, 0x0000000090800000, 0x0000000090900000|  0%| F|  |TAMS 0x0000000090800000, 0x0000000090800000| Untracked 
| 215|0x0000000090900000, 0x0000000090900000, 0x0000000090a00000|  0%| F|  |TAMS 0x0000000090900000, 0x0000000090900000| Untracked 
| 216|0x0000000090a00000, 0x0000000090a00000, 0x0000000090b00000|  0%| F|  |TAMS 0x0000000090a00000, 0x0000000090a00000| Untracked 
| 217|0x0000000090b00000, 0x0000000090b00000, 0x0000000090c00000|  0%| F|  |TAMS 0x0000000090b00000, 0x0000000090b00000| Untracked 
| 218|0x0000000090c00000, 0x0000000090c00000, 0x0000000090d00000|  0%| F|  |TAMS 0x0000000090c00000, 0x0000000090c00000| Untracked 
| 219|0x0000000090d00000, 0x0000000090d00000, 0x0000000090e00000|  0%| F|  |TAMS 0x0000000090d00000, 0x0000000090d00000| Untracked 
| 220|0x0000000090e00000, 0x0000000090e00000, 0x0000000090f00000|  0%| F|  |TAMS 0x0000000090e00000, 0x0000000090e00000| Untracked 
| 221|0x0000000090f00000, 0x0000000090f00000, 0x0000000091000000|  0%| F|  |TAMS 0x0000000090f00000, 0x0000000090f00000| Untracked 
| 222|0x0000000091000000, 0x0000000091000000, 0x0000000091100000|  0%| F|  |TAMS 0x0000000091000000, 0x0000000091000000| Untracked 
| 223|0x0000000091100000, 0x0000000091100000, 0x0000000091200000|  0%| F|  |TAMS 0x0000000091100000, 0x0000000091100000| Untracked 
| 224|0x0000000091200000, 0x0000000091200000, 0x0000000091300000|  0%| F|  |TAMS 0x0000000091200000, 0x0000000091200000| Untracked 
| 225|0x0000000091300000, 0x0000000091300000, 0x0000000091400000|  0%| F|  |TAMS 0x0000000091300000, 0x0000000091300000| Untracked 
| 226|0x0000000091400000, 0x0000000091400000, 0x0000000091500000|  0%| F|  |TAMS 0x0000000091400000, 0x0000000091400000| Untracked 
| 227|0x0000000091500000, 0x0000000091500000, 0x0000000091600000|  0%| F|  |TAMS 0x0000000091500000, 0x0000000091500000| Untracked 
| 228|0x0000000091600000, 0x0000000091600000, 0x0000000091700000|  0%| F|  |TAMS 0x0000000091600000, 0x0000000091600000| Untracked 
| 229|0x0000000091700000, 0x0000000091700000, 0x0000000091800000|  0%| F|  |TAMS 0x0000000091700000, 0x0000000091700000| Untracked 
| 230|0x0000000091800000, 0x0000000091800000, 0x0000000091900000|  0%| F|  |TAMS 0x0000000091800000, 0x0000000091800000| Untracked 
| 231|0x0000000091900000, 0x0000000091900000, 0x0000000091a00000|  0%| F|  |TAMS 0x0000000091900000, 0x0000000091900000| Untracked 
| 232|0x0000000091a00000, 0x0000000091a00000, 0x0000000091b00000|  0%| F|  |TAMS 0x0000000091a00000, 0x0000000091a00000| Untracked 
| 233|0x0000000091b00000, 0x0000000091b00000, 0x0000000091c00000|  0%| F|  |TAMS 0x0000000091b00000, 0x0000000091b00000| Untracked 
| 234|0x0000000091c00000, 0x0000000091c00000, 0x0000000091d00000|  0%| F|  |TAMS 0x0000000091c00000, 0x0000000091c00000| Untracked 
| 235|0x0000000091d00000, 0x0000000091d00000, 0x0000000091e00000|  0%| F|  |TAMS 0x0000000091d00000, 0x0000000091d00000| Untracked 
| 236|0x0000000091e00000, 0x0000000091e00000, 0x0000000091f00000|  0%| F|  |TAMS 0x0000000091e00000, 0x0000000091e00000| Untracked 
| 237|0x0000000091f00000, 0x0000000091f00000, 0x0000000092000000|  0%| F|  |TAMS 0x0000000091f00000, 0x0000000091f00000| Untracked 
| 238|0x0000000092000000, 0x0000000092000000, 0x0000000092100000|  0%| F|  |TAMS 0x0000000092000000, 0x0000000092000000| Untracked 
| 239|0x0000000092100000, 0x0000000092100000, 0x0000000092200000|  0%| F|  |TAMS 0x0000000092100000, 0x0000000092100000| Untracked 
| 240|0x0000000092200000, 0x0000000092200000, 0x0000000092300000|  0%| F|  |TAMS 0x0000000092200000, 0x0000000092200000| Untracked 
| 241|0x0000000092300000, 0x0000000092300000, 0x0000000092400000|  0%| F|  |TAMS 0x0000000092300000, 0x0000000092300000| Untracked 
| 242|0x0000000092400000, 0x0000000092400000, 0x0000000092500000|  0%| F|  |TAMS 0x0000000092400000, 0x0000000092400000| Untracked 
| 243|0x0000000092500000, 0x0000000092500000, 0x0000000092600000|  0%| F|  |TAMS 0x0000000092500000, 0x0000000092500000| Untracked 
| 244|0x0000000092600000, 0x0000000092600000, 0x0000000092700000|  0%| F|  |TAMS 0x0000000092600000, 0x0000000092600000| Untracked 
| 245|0x0000000092700000, 0x0000000092700000, 0x0000000092800000|  0%| F|  |TAMS 0x0000000092700000, 0x0000000092700000| Untracked 
| 246|0x0000000092800000, 0x0000000092800000, 0x0000000092900000|  0%| F|  |TAMS 0x0000000092800000, 0x0000000092800000| Untracked 
| 247|0x0000000092900000, 0x0000000092900000, 0x0000000092a00000|  0%| F|  |TAMS 0x0000000092900000, 0x0000000092900000| Untracked 
| 248|0x0000000092a00000, 0x0000000092a00000, 0x0000000092b00000|  0%| F|  |TAMS 0x0000000092a00000, 0x0000000092a00000| Untracked 
| 249|0x0000000092b00000, 0x0000000092b00000, 0x0000000092c00000|  0%| F|  |TAMS 0x0000000092b00000, 0x0000000092b00000| Untracked 
| 250|0x0000000092c00000, 0x0000000092c00000, 0x0000000092d00000|  0%| F|  |TAMS 0x0000000092c00000, 0x0000000092c00000| Untracked 
| 251|0x0000000092d00000, 0x0000000092d00000, 0x0000000092e00000|  0%| F|  |TAMS 0x0000000092d00000, 0x0000000092d00000| Untracked 
| 252|0x0000000092e00000, 0x0000000092e00000, 0x0000000092f00000|  0%| F|  |TAMS 0x0000000092e00000, 0x0000000092e00000| Untracked 
| 253|0x0000000092f00000, 0x0000000092f00000, 0x0000000093000000|  0%| F|  |TAMS 0x0000000092f00000, 0x0000000092f00000| Untracked 
| 254|0x0000000093000000, 0x0000000093000000, 0x0000000093100000|  0%| F|  |TAMS 0x0000000093000000, 0x0000000093000000| Untracked 
| 255|0x0000000093100000, 0x0000000093100000, 0x0000000093200000|  0%| F|  |TAMS 0x0000000093100000, 0x0000000093100000| Untracked 
| 256|0x0000000093200000, 0x0000000093200000, 0x0000000093300000|  0%| F|  |TAMS 0x0000000093200000, 0x0000000093200000| Untracked 
| 257|0x0000000093300000, 0x0000000093300000, 0x0000000093400000|  0%| F|  |TAMS 0x0000000093300000, 0x0000000093300000| Untracked 
| 258|0x0000000093400000, 0x0000000093400000, 0x0000000093500000|  0%| F|  |TAMS 0x0000000093400000, 0x0000000093400000| Untracked 
| 259|0x0000000093500000, 0x0000000093500000, 0x0000000093600000|  0%| F|  |TAMS 0x0000000093500000, 0x0000000093500000| Untracked 
| 260|0x0000000093600000, 0x0000000093600000, 0x0000000093700000|  0%| F|  |TAMS 0x0000000093600000, 0x0000000093600000| Untracked 
| 261|0x0000000093700000, 0x0000000093700000, 0x0000000093800000|  0%| F|  |TAMS 0x0000000093700000, 0x0000000093700000| Untracked 
| 262|0x0000000093800000, 0x0000000093800000, 0x0000000093900000|  0%| F|  |TAMS 0x0000000093800000, 0x0000000093800000| Untracked 
| 263|0x0000000093900000, 0x0000000093900000, 0x0000000093a00000|  0%| F|  |TAMS 0x0000000093900000, 0x0000000093900000| Untracked 
| 264|0x0000000093a00000, 0x0000000093a00000, 0x0000000093b00000|  0%| F|  |TAMS 0x0000000093a00000, 0x0000000093a00000| Untracked 
| 265|0x0000000093b00000, 0x0000000093b00000, 0x0000000093c00000|  0%| F|  |TAMS 0x0000000093b00000, 0x0000000093b00000| Untracked 
| 266|0x0000000093c00000, 0x0000000093c00000, 0x0000000093d00000|  0%| F|  |TAMS 0x0000000093c00000, 0x0000000093c00000| Untracked 
| 267|0x0000000093d00000, 0x0000000093d00000, 0x0000000093e00000|  0%| F|  |TAMS 0x0000000093d00000, 0x0000000093d00000| Untracked 
| 268|0x0000000093e00000, 0x0000000093e00000, 0x0000000093f00000|  0%| F|  |TAMS 0x0000000093e00000, 0x0000000093e00000| Untracked 
| 269|0x0000000093f00000, 0x0000000093f00000, 0x0000000094000000|  0%| F|  |TAMS 0x0000000093f00000, 0x0000000093f00000| Untracked 
| 270|0x0000000094000000, 0x0000000094000000, 0x0000000094100000|  0%| F|  |TAMS 0x0000000094000000, 0x0000000094000000| Untracked 
| 271|0x0000000094100000, 0x0000000094100000, 0x0000000094200000|  0%| F|  |TAMS 0x0000000094100000, 0x0000000094100000| Untracked 
| 272|0x0000000094200000, 0x0000000094200000, 0x0000000094300000|  0%| F|  |TAMS 0x0000000094200000, 0x0000000094200000| Untracked 
| 273|0x0000000094300000, 0x0000000094300000, 0x0000000094400000|  0%| F|  |TAMS 0x0000000094300000, 0x0000000094300000| Untracked 
| 274|0x0000000094400000, 0x0000000094400000, 0x0000000094500000|  0%| F|  |TAMS 0x0000000094400000, 0x0000000094400000| Untracked 
| 275|0x0000000094500000, 0x0000000094500000, 0x0000000094600000|  0%| F|  |TAMS 0x0000000094500000, 0x0000000094500000| Untracked 
| 276|0x0000000094600000, 0x0000000094600000, 0x0000000094700000|  0%| F|  |TAMS 0x0000000094600000, 0x0000000094600000| Untracked 
| 277|0x0000000094700000, 0x0000000094700000, 0x0000000094800000|  0%| F|  |TAMS 0x0000000094700000, 0x0000000094700000| Untracked 
| 278|0x0000000094800000, 0x0000000094800000, 0x0000000094900000|  0%| F|  |TAMS 0x0000000094800000, 0x0000000094800000| Untracked 
| 279|0x0000000094900000, 0x0000000094900000, 0x0000000094a00000|  0%| F|  |TAMS 0x0000000094900000, 0x0000000094900000| Untracked 
| 280|0x0000000094a00000, 0x0000000094a00000, 0x0000000094b00000|  0%| F|  |TAMS 0x0000000094a00000, 0x0000000094a00000| Untracked 
| 281|0x0000000094b00000, 0x0000000094b00000, 0x0000000094c00000|  0%| F|  |TAMS 0x0000000094b00000, 0x0000000094b00000| Untracked 
| 282|0x0000000094c00000, 0x0000000094c00000, 0x0000000094d00000|  0%| F|  |TAMS 0x0000000094c00000, 0x0000000094c00000| Untracked 
| 283|0x0000000094d00000, 0x0000000094d00000, 0x0000000094e00000|  0%| F|  |TAMS 0x0000000094d00000, 0x0000000094d00000| Untracked 
| 284|0x0000000094e00000, 0x0000000094e00000, 0x0000000094f00000|  0%| F|  |TAMS 0x0000000094e00000, 0x0000000094e00000| Untracked 
| 285|0x0000000094f00000, 0x0000000094f00000, 0x0000000095000000|  0%| F|  |TAMS 0x0000000094f00000, 0x0000000094f00000| Untracked 
| 286|0x0000000095000000, 0x0000000095000000, 0x0000000095100000|  0%| F|  |TAMS 0x0000000095000000, 0x0000000095000000| Untracked 
| 287|0x0000000095100000, 0x0000000095100000, 0x0000000095200000|  0%| F|  |TAMS 0x0000000095100000, 0x0000000095100000| Untracked 
| 288|0x0000000095200000, 0x0000000095200000, 0x0000000095300000|  0%| F|  |TAMS 0x0000000095200000, 0x0000000095200000| Untracked 
| 289|0x0000000095300000, 0x0000000095300000, 0x0000000095400000|  0%| F|  |TAMS 0x0000000095300000, 0x0000000095300000| Untracked 
| 290|0x0000000095400000, 0x0000000095400000, 0x0000000095500000|  0%| F|  |TAMS 0x0000000095400000, 0x0000000095400000| Untracked 
| 291|0x0000000095500000, 0x0000000095500000, 0x0000000095600000|  0%| F|  |TAMS 0x0000000095500000, 0x0000000095500000| Untracked 
| 292|0x0000000095600000, 0x0000000095600000, 0x0000000095700000|  0%| F|  |TAMS 0x0000000095600000, 0x0000000095600000| Untracked 
| 293|0x0000000095700000, 0x0000000095700000, 0x0000000095800000|  0%| F|  |TAMS 0x0000000095700000, 0x0000000095700000| Untracked 
| 294|0x0000000095800000, 0x0000000095800000, 0x0000000095900000|  0%| F|  |TAMS 0x0000000095800000, 0x0000000095800000| Untracked 
| 295|0x0000000095900000, 0x0000000095900000, 0x0000000095a00000|  0%| F|  |TAMS 0x0000000095900000, 0x0000000095900000| Untracked 
| 296|0x0000000095a00000, 0x0000000095a00000, 0x0000000095b00000|  0%| F|  |TAMS 0x0000000095a00000, 0x0000000095a00000| Untracked 
| 297|0x0000000095b00000, 0x0000000095b00000, 0x0000000095c00000|  0%| F|  |TAMS 0x0000000095b00000, 0x0000000095b00000| Untracked 
| 298|0x0000000095c00000, 0x0000000095c00000, 0x0000000095d00000|  0%| F|  |TAMS 0x0000000095c00000, 0x0000000095c00000| Untracked 
| 299|0x0000000095d00000, 0x0000000095d00000, 0x0000000095e00000|  0%| F|  |TAMS 0x0000000095d00000, 0x0000000095d00000| Untracked 
| 300|0x0000000095e00000, 0x0000000095e00000, 0x0000000095f00000|  0%| F|  |TAMS 0x0000000095e00000, 0x0000000095e00000| Untracked 
| 301|0x0000000095f00000, 0x0000000095f00000, 0x0000000096000000|  0%| F|  |TAMS 0x0000000095f00000, 0x0000000095f00000| Untracked 
| 302|0x0000000096000000, 0x0000000096000000, 0x0000000096100000|  0%| F|  |TAMS 0x0000000096000000, 0x0000000096000000| Untracked 
| 303|0x0000000096100000, 0x0000000096100000, 0x0000000096200000|  0%| F|  |TAMS 0x0000000096100000, 0x0000000096100000| Untracked 
| 304|0x0000000096200000, 0x0000000096200000, 0x0000000096300000|  0%| F|  |TAMS 0x0000000096200000, 0x0000000096200000| Untracked 
| 305|0x0000000096300000, 0x0000000096300000, 0x0000000096400000|  0%| F|  |TAMS 0x0000000096300000, 0x0000000096300000| Untracked 
| 306|0x0000000096400000, 0x0000000096400000, 0x0000000096500000|  0%| F|  |TAMS 0x0000000096400000, 0x0000000096400000| Untracked 
| 307|0x0000000096500000, 0x0000000096500000, 0x0000000096600000|  0%| F|  |TAMS 0x0000000096500000, 0x0000000096500000| Untracked 
| 308|0x0000000096600000, 0x0000000096600000, 0x0000000096700000|  0%| F|  |TAMS 0x0000000096600000, 0x0000000096600000| Untracked 
| 309|0x0000000096700000, 0x0000000096700000, 0x0000000096800000|  0%| F|  |TAMS 0x0000000096700000, 0x0000000096700000| Untracked 
| 310|0x0000000096800000, 0x0000000096800000, 0x0000000096900000|  0%| F|  |TAMS 0x0000000096800000, 0x0000000096800000| Untracked 
| 311|0x0000000096900000, 0x0000000096900000, 0x0000000096a00000|  0%| F|  |TAMS 0x0000000096900000, 0x0000000096900000| Untracked 
| 312|0x0000000096a00000, 0x0000000096a00000, 0x0000000096b00000|  0%| F|  |TAMS 0x0000000096a00000, 0x0000000096a00000| Untracked 
| 313|0x0000000096b00000, 0x0000000096b00000, 0x0000000096c00000|  0%| F|  |TAMS 0x0000000096b00000, 0x0000000096b00000| Untracked 
| 314|0x0000000096c00000, 0x0000000096c00000, 0x0000000096d00000|  0%| F|  |TAMS 0x0000000096c00000, 0x0000000096c00000| Untracked 
| 315|0x0000000096d00000, 0x0000000096d00000, 0x0000000096e00000|  0%| F|  |TAMS 0x0000000096d00000, 0x0000000096d00000| Untracked 
| 316|0x0000000096e00000, 0x0000000096e00000, 0x0000000096f00000|  0%| F|  |TAMS 0x0000000096e00000, 0x0000000096e00000| Untracked 
| 317|0x0000000096f00000, 0x0000000096f00000, 0x0000000097000000|  0%| F|  |TAMS 0x0000000096f00000, 0x0000000096f00000| Untracked 
| 318|0x0000000097000000, 0x0000000097000000, 0x0000000097100000|  0%| F|  |TAMS 0x0000000097000000, 0x0000000097000000| Untracked 
| 319|0x0000000097100000, 0x0000000097100000, 0x0000000097200000|  0%| F|  |TAMS 0x0000000097100000, 0x0000000097100000| Untracked 
| 320|0x0000000097200000, 0x0000000097200000, 0x0000000097300000|  0%| F|  |TAMS 0x0000000097200000, 0x0000000097200000| Untracked 
| 321|0x0000000097300000, 0x0000000097300000, 0x0000000097400000|  0%| F|  |TAMS 0x0000000097300000, 0x0000000097300000| Untracked 

Card table byte_map: [0x0000023dded50000,0x0000023ddf140000] _byte_map_base: 0x0000023dde937000

Marking Bits (Prev, Next): (CMBitMap*) 0x0000023dd6c4f8a0, (CMBitMap*) 0x0000023dd6c4f8e0
 Prev Bits: [0x0000023ddf530000, 0x0000023de1468000)
 Next Bits: [0x0000023de1470000, 0x0000023de33a8000)

Polling page: 0x0000023dd6cb0000

Metaspace:

Usage:
  Non-class:     30.61 MB used.
      Class:      4.57 MB used.
       Both:     35.18 MB used.

Virtual space:
  Non-class space:       32.00 MB reserved,      30.81 MB ( 96%) committed,  4 nodes.
      Class space:        1.00 GB reserved,       4.75 MB ( <1%) committed,  1 nodes.
             Both:        1.03 GB reserved,      35.56 MB (  3%) committed. 

Chunk freelists:
   Non-Class:  816.00 KB
       Class:  3.11 MB
        Both:  3.91 MB

MaxMetaspaceSize: unlimited
CompressedClassSpaceSize: 1.00 GB
Initial GC threshold: 21.00 MB
Current GC threshold: 56.38 MB
CDS: off
MetaspaceReclaimPolicy: balanced
 - commit_granule_bytes: 65536.
 - commit_granule_words: 8192.
 - virtual_space_node_default_size: 1048576.
 - enlarge_chunks_in_place: 1.
 - new_chunks_are_fully_committed: 0.
 - uncommit_free_chunks: 1.
 - use_allocation_guard: 0.
 - handle_deallocations: 1.


Internal statistics:

num_allocs_failed_limit: 3.
num_arena_births: 342.
num_arena_deaths: 0.
num_vsnodes_births: 5.
num_vsnodes_deaths: 0.
num_space_committed: 569.
num_space_uncommitted: 0.
num_chunks_returned_to_freelist: 3.
num_chunks_taken_from_freelist: 1376.
num_chunk_merges: 3.
num_chunk_splits: 944.
num_chunks_enlarged: 726.
num_purges: 0.
num_inconsistent_stats: 0.

CodeCache: size=49152Kb used=7941Kb max_used=7941Kb free=41210Kb
 bounds [0x0000023ddb070000, 0x0000023ddb840000, 0x0000023dde070000]
 total_blobs=4220 nmethods=3699 adapters=447
 compilation: enabled
              stopped_count=0, restarted_count=0
 full_count=0

Compilation events (20 events):
Event: 10.458 Thread 0x0000023de684f720 nmethod 3690 0x0000023ddb82d490 code [0x0000023ddb82d620, 0x0000023ddb82d738]
Event: 10.458 Thread 0x0000023de684f720 3670       1       jdk.internal.jimage.ImageReader::getResourceBuffer (13 bytes)
Event: 10.458 Thread 0x0000023de684f720 nmethod 3670 0x0000023ddb82d790 code [0x0000023ddb82d940, 0x0000023ddb82dad8]
Event: 10.459 Thread 0x0000023de6935580 nmethod 3681 0x0000023ddb82dc10 code [0x0000023ddb82df80, 0x0000023ddb82eda8]
Event: 10.862 Thread 0x0000023de6935580 3692       1       java.util.concurrent.ConcurrentHashMap::resizeStamp (9 bytes)
Event: 10.862 Thread 0x0000023de6935580 nmethod 3692 0x0000023ddb82f590 code [0x0000023ddb82f720, 0x0000023ddb82f7e8]
Event: 11.364 Thread 0x0000023de6935580 3693       1       io.github.classgraph.ModuleRef::getReference (5 bytes)
Event: 11.365 Thread 0x0000023de6935580 nmethod 3693 0x0000023ddb82f890 code [0x0000023ddb82fa20, 0x0000023ddb82faf8]
Event: 11.466 Thread 0x0000023de6935580 3694       1       java.util.concurrent.locks.ReentrantLock$NonfairSync::tryAcquire (27 bytes)
Event: 11.466 Thread 0x0000023de6935580 nmethod 3694 0x0000023ddb82fb90 code [0x0000023ddb82fd20, 0x0000023ddb82fe98]
Event: 11.524 Thread 0x0000023de6935580 3695       1       jdk.internal.module.SystemModuleFinders$2::get (5 bytes)
Event: 11.524 Thread 0x0000023de684f720 3696       1       jdk.internal.module.SystemModuleFinders$2::get (16 bytes)
Event: 11.525 Thread 0x0000023de6935580 nmethod 3695 0x0000023ddb82ff10 code [0x0000023ddb8300a0, 0x0000023ddb830228]
Event: 11.525 Thread 0x0000023de684f720 nmethod 3696 0x0000023ddb830310 code [0x0000023ddb8304a0, 0x0000023ddb830628]
Event: 11.525 Thread 0x0000023de6935580 3697       1       jdk.internal.module.SystemModuleFinders$SystemModuleReader::<init> (14 bytes)
Event: 11.525 Thread 0x0000023de684f720 3698   !   1       jdk.internal.module.SystemModuleFinders$SystemModuleReader::checkPermissionToConnect (38 bytes)
Event: 11.525 Thread 0x0000023de6935580 nmethod 3697 0x0000023ddb830710 code [0x0000023ddb8308a0, 0x0000023ddb8309e8]
Event: 11.525 Thread 0x0000023de684f720 nmethod 3698 0x0000023ddb830a90 code [0x0000023ddb830c60, 0x0000023ddb830e68]
Event: 11.526 Thread 0x0000023de684f720 3699   !   1       jdk.internal.module.ModuleReferenceImpl::open (19 bytes)
Event: 11.526 Thread 0x0000023de684f720 nmethod 3699 0x0000023ddb831090 code [0x0000023ddb831240, 0x0000023ddb8313d8]

GC Heap History (20 events):
Event: 9.321 GC heap after
{Heap after GC invocations=12 (full 0):
 garbage-first heap   total 70656K, used 34003K [0x0000000083200000, 0x0000000100000000)
  region size 1024K, 3 young (3072K), 3 survivors (3072K)
 Metaspace       used 34136K, committed 34496K, reserved 1081344K
  class space    used 4347K, committed 4544K, reserved 1048576K
}
Event: 9.388 GC heap before
{Heap before GC invocations=12 (full 0):
 garbage-first heap   total 70656K, used 52435K [0x0000000083200000, 0x0000000100000000)
  region size 1024K, 21 young (21504K), 3 survivors (3072K)
 Metaspace       used 34190K, committed 34496K, reserved 1081344K
  class space    used 4355K, committed 4544K, reserved 1048576K
}
Event: 9.399 GC heap after
{Heap after GC invocations=13 (full 0):
 garbage-first heap   total 70656K, used 40557K [0x0000000083200000, 0x0000000100000000)
  region size 1024K, 3 young (3072K), 3 survivors (3072K)
 Metaspace       used 34190K, committed 34496K, reserved 1081344K
  class space    used 4355K, committed 4544K, reserved 1048576K
}
Event: 9.468 GC heap before
{Heap before GC invocations=13 (full 0):
 garbage-first heap   total 83968K, used 52845K [0x0000000083200000, 0x0000000100000000)
  region size 1024K, 15 young (15360K), 3 survivors (3072K)
 Metaspace       used 34309K, committed 34624K, reserved 1081344K
  class space    used 4378K, committed 4544K, reserved 1048576K
}
Event: 9.478 GC heap after
{Heap after GC invocations=14 (full 0):
 garbage-first heap   total 164864K, used 44093K [0x0000000083200000, 0x0000000100000000)
  region size 1024K, 2 young (2048K), 2 survivors (2048K)
 Metaspace       used 34309K, committed 34624K, reserved 1081344K
  class space    used 4378K, committed 4544K, reserved 1048576K
}
Event: 10.356 GC heap before
{Heap before GC invocations=15 (full 0):
 garbage-first heap   total 164864K, used 113725K [0x0000000083200000, 0x0000000100000000)
  region size 1024K, 69 young (70656K), 2 survivors (2048K)
 Metaspace       used 35918K, committed 36224K, reserved 1081344K
  class space    used 4668K, committed 4800K, reserved 1048576K
}
Event: 10.395 GC heap after
{Heap after GC invocations=16 (full 0):
 garbage-first heap   total 164864K, used 63763K [0x0000000083200000, 0x0000000100000000)
  region size 1024K, 9 young (9216K), 9 survivors (9216K)
 Metaspace       used 35918K, committed 36224K, reserved 1081344K
  class space    used 4668K, committed 4800K, reserved 1048576K
}
Event: 10.427 GC heap before
{Heap before GC invocations=16 (full 0):
 garbage-first heap   total 164864K, used 101651K [0x0000000083200000, 0x0000000100000000)
  region size 1024K, 47 young (48128K), 9 survivors (9216K)
 Metaspace       used 35948K, committed 36288K, reserved 1081344K
  class space    used 4676K, committed 4864K, reserved 1048576K
}
Event: 10.436 GC heap after
{Heap after GC invocations=17 (full 0):
 garbage-first heap   total 164864K, used 67344K [0x0000000083200000, 0x0000000100000000)
  region size 1024K, 3 young (3072K), 3 survivors (3072K)
 Metaspace       used 35948K, committed 36288K, reserved 1081344K
  class space    used 4676K, committed 4864K, reserved 1048576K
}
Event: 10.466 GC heap before
{Heap before GC invocations=17 (full 0):
 garbage-first heap   total 164864K, used 109328K [0x0000000083200000, 0x0000000100000000)
  region size 1024K, 45 young (46080K), 3 survivors (3072K)
 Metaspace       used 36028K, committed 36416K, reserved 1081344K
  class space    used 4681K, committed 4864K, reserved 1048576K
}
Event: 10.470 GC heap after
{Heap after GC invocations=18 (full 0):
 garbage-first heap   total 164864K, used 68283K [0x0000000083200000, 0x0000000100000000)
  region size 1024K, 4 young (4096K), 4 survivors (4096K)
 Metaspace       used 36028K, committed 36416K, reserved 1081344K
  class space    used 4681K, committed 4864K, reserved 1048576K
}
Event: 10.493 GC heap before
{Heap before GC invocations=18 (full 0):
 garbage-first heap   total 164864K, used 118459K [0x0000000083200000, 0x0000000100000000)
  region size 1024K, 54 young (55296K), 4 survivors (4096K)
 Metaspace       used 36028K, committed 36416K, reserved 1081344K
  class space    used 4681K, committed 4864K, reserved 1048576K
}
Event: 10.499 GC heap after
{Heap after GC invocations=19 (full 0):
 garbage-first heap   total 329728K, used 70185K [0x0000000083200000, 0x0000000100000000)
  region size 1024K, 6 young (6144K), 6 survivors (6144K)
 Metaspace       used 36028K, committed 36416K, reserved 1081344K
  class space    used 4681K, committed 4864K, reserved 1048576K
}
Event: 10.776 GC heap before
{Heap before GC invocations=19 (full 0):
 garbage-first heap   total 329728K, used 237097K [0x0000000083200000, 0x0000000100000000)
  region size 1024K, 170 young (174080K), 6 survivors (6144K)
 Metaspace       used 36028K, committed 36416K, reserved 1081344K
  class space    used 4681K, committed 4864K, reserved 1048576K
}
Event: 10.793 GC heap after
{Heap after GC invocations=20 (full 0):
 garbage-first heap   total 329728K, used 76430K [0x0000000083200000, 0x0000000100000000)
  region size 1024K, 12 young (12288K), 12 survivors (12288K)
 Metaspace       used 36028K, committed 36416K, reserved 1081344K
  class space    used 4681K, committed 4864K, reserved 1048576K
}
Event: 11.056 GC heap before
{Heap before GC invocations=20 (full 0):
 garbage-first heap   total 329728K, used 253582K [0x0000000083200000, 0x0000000100000000)
  region size 1024K, 186 young (190464K), 12 survivors (12288K)
 Metaspace       used 36029K, committed 36416K, reserved 1081344K
  class space    used 4682K, committed 4864K, reserved 1048576K
}
Event: 11.075 GC heap after
{Heap after GC invocations=21 (full 0):
 garbage-first heap   total 329728K, used 83969K [0x0000000083200000, 0x0000000100000000)
  region size 1024K, 19 young (19456K), 19 survivors (19456K)
 Metaspace       used 36029K, committed 36416K, reserved 1081344K
  class space    used 4682K, committed 4864K, reserved 1048576K
}
Event: 11.315 GC heap before
{Heap before GC invocations=21 (full 0):
 garbage-first heap   total 329728K, used 259073K [0x0000000083200000, 0x0000000100000000)
  region size 1024K, 191 young (195584K), 19 survivors (19456K)
 Metaspace       used 36029K, committed 36416K, reserved 1081344K
  class space    used 4682K, committed 4864K, reserved 1048576K
}
Event: 11.362 GC heap after
{Heap after GC invocations=22 (full 0):
 garbage-first heap   total 329728K, used 91782K [0x0000000083200000, 0x0000000100000000)
  region size 1024K, 16 young (16384K), 16 survivors (16384K)
 Metaspace       used 36029K, committed 36416K, reserved 1081344K
  class space    used 4682K, committed 4864K, reserved 1048576K
}
Event: 11.676 GC heap before
{Heap before GC invocations=22 (full 0):
 garbage-first heap   total 329728K, used 262790K [0x0000000083200000, 0x0000000100000000)
  region size 1024K, 184 young (188416K), 16 survivors (16384K)
 Metaspace       used 36029K, committed 36416K, reserved 1081344K
  class space    used 4682K, committed 4864K, reserved 1048576K
}

Deoptimization events (12 events):
Event: 4.446 Thread 0x0000023dd6bf2dd0 DEOPT PACKING pc=0x0000023ddb4a6599 sp=0x000000d0b8bfd580
Event: 4.446 Thread 0x0000023dd6bf2dd0 DEOPT UNPACKING pc=0x0000023ddb0c6763 sp=0x000000d0b8bfca60 mode 3
Event: 8.507 Thread 0x0000023dd6bf2dd0 DEOPT PACKING pc=0x0000023ddb32ff99 sp=0x000000d0b8bfc8e0
Event: 8.507 Thread 0x0000023dd6bf2dd0 DEOPT UNPACKING pc=0x0000023ddb0c6763 sp=0x000000d0b8bfbdc8 mode 3
Event: 8.640 Thread 0x0000023de87a75f0 DEOPT PACKING pc=0x0000023ddb665cab sp=0x000000d0ba7fe640
Event: 8.640 Thread 0x0000023de87a75f0 DEOPT UNPACKING pc=0x0000023ddb0c6763 sp=0x000000d0ba7fdb88 mode 3
Event: 8.960 Thread 0x0000023de88dc610 DEOPT PACKING pc=0x0000023ddb4a5401 sp=0x000000d0baaff170
Event: 8.960 Thread 0x0000023de88dc610 DEOPT UNPACKING pc=0x0000023ddb0c6763 sp=0x000000d0baafe600 mode 3
Event: 9.776 Thread 0x0000023de89e4220 DEOPT PACKING pc=0x0000023ddb7d1e35 sp=0x000000d0bbbfd7b0
Event: 9.776 Thread 0x0000023de89e4220 DEOPT UNPACKING pc=0x0000023ddb0c6763 sp=0x000000d0bbbfccd8 mode 3
Event: 9.886 Thread 0x0000023de89e4220 DEOPT PACKING pc=0x0000023ddb4a3c17 sp=0x000000d0bbbff020
Event: 9.886 Thread 0x0000023de89e4220 DEOPT UNPACKING pc=0x0000023ddb0c6763 sp=0x000000d0bbbfe478 mode 3

Classes unloaded (0 events):
No events

Classes redefined (0 events):
No events

Internal exceptions (20 events):
Event: 8.715 Thread 0x0000023de89dbec0 Exception <a 'sun/nio/fs/WindowsException'{0x000000008aecae20}> (0x000000008aecae20) 
thrown [s\src\hotspot\share\prims\jni.cpp, line 516]
Event: 8.716 Thread 0x0000023de89dbec0 Exception <a 'sun/nio/fs/WindowsException'{0x000000008aecb1e0}> (0x000000008aecb1e0) 
thrown [s\src\hotspot\share\prims\jni.cpp, line 516]
Event: 8.716 Thread 0x0000023de89dbec0 Exception <a 'sun/nio/fs/WindowsException'{0x000000008aecbbe0}> (0x000000008aecbbe0) 
thrown [s\src\hotspot\share\prims\jni.cpp, line 516]
Event: 8.716 Thread 0x0000023de89dbec0 Exception <a 'sun/nio/fs/WindowsException'{0x000000008aecbf90}> (0x000000008aecbf90) 
thrown [s\src\hotspot\share\prims\jni.cpp, line 516]
Event: 8.716 Thread 0x0000023de89dbec0 Exception <a 'sun/nio/fs/WindowsException'{0x000000008aecc990}> (0x000000008aecc990) 
thrown [s\src\hotspot\share\prims\jni.cpp, line 516]
Event: 8.716 Thread 0x0000023de89dbec0 Exception <a 'sun/nio/fs/WindowsException'{0x000000008aeccd50}> (0x000000008aeccd50) 
thrown [s\src\hotspot\share\prims\jni.cpp, line 516]
Event: 8.716 Thread 0x0000023de89dbec0 Exception <a 'sun/nio/fs/WindowsException'{0x000000008aecd778}> (0x000000008aecd778) 
thrown [s\src\hotspot\share\prims\jni.cpp, line 516]
Event: 8.716 Thread 0x0000023de89dbec0 Exception <a 'sun/nio/fs/WindowsException'{0x000000008aecdb58}> (0x000000008aecdb58) 
thrown [s\src\hotspot\share\prims\jni.cpp, line 516]
Event: 8.716 Thread 0x0000023de89dbec0 Exception <a 'sun/nio/fs/WindowsException'{0x000000008aece590}> (0x000000008aece590) 
thrown [s\src\hotspot\share\prims\jni.cpp, line 516]
Event: 8.716 Thread 0x0000023de89dbec0 Exception <a 'sun/nio/fs/WindowsException'{0x000000008aece980}> (0x000000008aece980) 
thrown [s\src\hotspot\share\prims\jni.cpp, line 516]
Event: 8.717 Thread 0x0000023de89dbec0 Exception <a 'sun/nio/fs/WindowsException'{0x000000008aecf3a8}> (0x000000008aecf3a8) 
thrown [s\src\hotspot\share\prims\jni.cpp, line 516]
Event: 8.717 Thread 0x0000023de89dbec0 Exception <a 'sun/nio/fs/WindowsException'{0x000000008aecf798}> (0x000000008aecf798) 
thrown [s\src\hotspot\share\prims\jni.cpp, line 516]
Event: 8.763 Thread 0x0000023dd6bf2dd0 Exception <a 'java/lang/NoSuchMethodError'{0x0000000085933390}: 'java.lang.Object java.lang.invoke.DirectMethodHandle$Holder.newInvokeSpecial(java.lang.Object, java.lang.Object, int, java.lang.Object, java.lang.Object)'> (0x0000000085933390) 
thrown [s\src\hotspot\share\interpreter\linkResolver.cpp, line 759]
Event: 8.766 Thread 0x0000023dd6bf2dd0 Exception <a 'java/lang/NoSuchMethodError'{0x0000000085945360}: 'java.lang.Object java.lang.invoke.DirectMethodHandle$Holder.invokeSpecial(java.lang.Object, java.lang.Object, int, java.lang.Object, int, java.lang.Object)'> (0x0000000085945360) 
thrown [s\src\hotspot\share\interpreter\linkResolver.cpp, line 759]
Event: 8.767 Thread 0x0000023dd6bf2dd0 Exception <a 'java/lang/NoSuchMethodError'{0x000000008594d160}: 'java.lang.Object java.lang.invoke.DirectMethodHandle$Holder.newInvokeSpecial(java.lang.Object, java.lang.Object, int, java.lang.Object, int)'> (0x000000008594d160) 
thrown [s\src\hotspot\share\interpreter\linkResolver.cpp, line 759]
Event: 8.768 Thread 0x0000023dd6bf2dd0 Exception <a 'java/lang/NoSuchMethodError'{0x0000000085951260}: 'java.lang.Object java.lang.invoke.DirectMethodHandle$Holder.invokeSpecial(java.lang.Object, java.lang.Object, java.lang.Object, int, java.lang.Object, int)'> (0x0000000085951260) 
thrown [s\src\hotspot\share\interpreter\linkResolver.cpp, line 759]
Event: 9.766 Thread 0x0000023de89e4220 Exception <a 'java/lang/NoSuchMethodError'{0x000000008c481c70}: 'java.lang.Object java.lang.invoke.DirectMethodHandle$Holder.invokeStatic(java.lang.Object, int, java.lang.Object)'> (0x000000008c481c70) 
thrown [s\src\hotspot\share\interpreter\linkResolver.cpp, line 759]
Event: 9.778 Thread 0x0000023de89e63d0 Exception <a 'java/lang/NoSuchMethodError'{0x000000008c4b6888}: 'java.lang.Object java.lang.invoke.DirectMethodHandle$Holder.invokeStatic(java.lang.Object, java.lang.Object, java.lang.Object, int, java.lang.Object, java.lang.Object)'> (0x000000008c4b6888) 
thrown [s\src\hotspot\share\interpreter\linkResolver.cpp, line 759]
Event: 10.176 Thread 0x0000023de872eee0 Exception <a 'java/lang/NoSuchMethodError'{0x000000008b4ce508}: 'int java.lang.invoke.DirectMethodHandle$Holder.invokeStatic(java.lang.Object)'> (0x000000008b4ce508) 
thrown [s\src\hotspot\share\interpreter\linkResolver.cpp, line 759]
Event: 10.176 Thread 0x0000023de872eee0 Exception <a 'java/lang/NoSuchMethodError'{0x000000008b3530a0}: 'int java.lang.invoke.DirectMethodHandle$Holder.invokeStaticInit(java.lang.Object)'> (0x000000008b3530a0) 
thrown [s\src\hotspot\share\interpreter\linkResolver.cpp, line 759]

VM Operations (20 events):
Event: 10.438 Executing VM operation: G1CollectForAllocation done
Event: 10.465 Executing VM operation: G1CollectForAllocation
Event: 10.466 Executing VM operation: G1CollectForAllocation done
Event: 10.466 Executing VM operation: G1CollectForAllocation
Event: 10.470 Executing VM operation: G1CollectForAllocation done
Event: 10.492 Executing VM operation: G1CollectForAllocation
Event: 10.493 Executing VM operation: G1CollectForAllocation done
Event: 10.493 Executing VM operation: G1CollectForAllocation
Event: 10.499 Executing VM operation: G1CollectForAllocation done
Event: 10.701 Executing VM operation: G1CollectForAllocation
Event: 10.801 Executing VM operation: G1CollectForAllocation done
Event: 11.042 Executing VM operation: G1CollectForAllocation
Event: 11.056 Executing VM operation: G1CollectForAllocation done
Event: 11.056 Executing VM operation: G1CollectForAllocation
Event: 11.075 Executing VM operation: G1CollectForAllocation done
Event: 11.309 Executing VM operation: G1CollectForAllocation
Event: 11.364 Executing VM operation: G1CollectForAllocation done
Event: 11.663 Executing VM operation: G1CollectForAllocation
Event: 11.676 Executing VM operation: G1CollectForAllocation done
Event: 11.676 Executing VM operation: G1CollectForAllocation

Events (20 events):
Event: 9.858 loading class java/util/ServiceConfigurationError
Event: 9.859 loading class java/util/ServiceConfigurationError done
Event: 9.862 Thread 0x0000023de87306f0 Thread added: 0x0000023de87306f0
Event: 9.879 Thread 0x0000023de872ea10 Thread added: 0x0000023de872ea10
Event: 9.889 loading class java/util/concurrent/ConcurrentHashMap$ValueSpliterator
Event: 9.889 loading class java/util/concurrent/ConcurrentHashMap$ValueSpliterator done
Event: 9.906 loading class java/util/concurrent/CompletableFuture$UniApply
Event: 9.906 loading class java/util/concurrent/CompletableFuture$UniApply done
Event: 9.908 Thread 0x0000023de872f880 Thread added: 0x0000023de872f880
Event: 9.908 loading class java/util/concurrent/CompletableFuture$UniExceptionally
Event: 9.909 loading class java/util/concurrent/CompletableFuture$UniExceptionally done
Event: 9.911 loading class java/util/concurrent/CompletableFuture$Signaller
Event: 9.912 loading class java/util/concurrent/CompletableFuture$Signaller done
Event: 9.980 Thread 0x0000023de872eee0 Thread added: 0x0000023de872eee0
Event: 10.182 loading class java/util/concurrent/atomic/AtomicLongFieldUpdater
Event: 10.182 loading class java/util/concurrent/atomic/AtomicLongFieldUpdater done
Event: 10.182 loading class java/util/concurrent/atomic/AtomicLongFieldUpdater$CASUpdater
Event: 10.182 loading class java/util/concurrent/atomic/AtomicLongFieldUpdater$CASUpdater done
Event: 10.182 loading class java/util/concurrent/atomic/AtomicLongFieldUpdater$CASUpdater$1
Event: 10.182 loading class java/util/concurrent/atomic/AtomicLongFieldUpdater$CASUpdater$1 done


Dynamic libraries:
0x00007ff6eb440000 - 0x00007ff6eb44e000 	c:\Users\datea\.vscode\extensions\redhat.java-1.11.0-win32-x64\jre\17.0.4.1-win32-x86_64\bin\java.exe
0x00007ffe8adf0000 - 0x00007ffe8b009000 	C:\WINDOWS\SYSTEM32\ntdll.dll
0x00007ffe89b60000 - 0x00007ffe89c22000 	C:\WINDOWS\System32\KERNEL32.DLL
0x00007ffe881d0000 - 0x00007ffe8856f000 	C:\WINDOWS\System32\KERNELBASE.dll
0x00007ffe85050000 - 0x00007ffe850e6000 	C:\WINDOWS\SYSTEM32\apphelp.dll
0x00007ffe88580000 - 0x00007ffe8869b000 	C:\WINDOWS\System32\ucrtbase.dll
0x00007ffe7ac20000 - 0x00007ffe7ac38000 	c:\Users\datea\.vscode\extensions\redhat.java-1.11.0-win32-x64\jre\17.0.4.1-win32-x86_64\bin\jli.dll
0x00007ffe8ac00000 - 0x00007ffe8adac000 	C:\WINDOWS\System32\USER32.dll
0x00007ffe88720000 - 0x00007ffe88746000 	C:\WINDOWS\System32\win32u.dll
0x00007ffe89f60000 - 0x00007ffe89f89000 	C:\WINDOWS\System32\GDI32.dll
0x00007ffe88750000 - 0x00007ffe88866000 	C:\WINDOWS\System32\gdi32full.dll
0x00007ffe88930000 - 0x00007ffe889ca000 	C:\WINDOWS\System32\msvcp_win.dll
0x00007ffe7abd0000 - 0x00007ffe7abe9000 	c:\Users\datea\.vscode\extensions\redhat.java-1.11.0-win32-x64\jre\17.0.4.1-win32-x86_64\bin\VCRUNTIME140.dll
0x00007ffe67560000 - 0x00007ffe677f1000 	C:\WINDOWS\WinSxS\amd64_microsoft.windows.common-controls_6595b64144ccf1df_6.0.25217.1010_none_7b5ae231f1b4915b\COMCTL32.dll
0x00007ffe899e0000 - 0x00007ffe89a87000 	C:\WINDOWS\System32\msvcrt.dll
0x00007ffe89520000 - 0x00007ffe89551000 	C:\WINDOWS\System32\IMM32.DLL
0x00007ffe7f820000 - 0x00007ffe7f82c000 	c:\Users\datea\.vscode\extensions\redhat.java-1.11.0-win32-x64\jre\17.0.4.1-win32-x86_64\bin\vcruntime140_1.dll
0x00007ffe14320000 - 0x00007ffe143b1000 	c:\Users\datea\.vscode\extensions\redhat.java-1.11.0-win32-x64\jre\17.0.4.1-win32-x86_64\bin\msvcp140.dll
0x00007ffdf0f10000 - 0x00007ffdf1b56000 	c:\Users\datea\.vscode\extensions\redhat.java-1.11.0-win32-x64\jre\17.0.4.1-win32-x86_64\bin\server\jvm.dll
0x00007ffe89a90000 - 0x00007ffe89b3e000 	C:\WINDOWS\System32\ADVAPI32.dll
0x00007ffe8a130000 - 0x00007ffe8a1d6000 	C:\WINDOWS\System32\sechost.dll
0x00007ffe8a1f0000 - 0x00007ffe8a317000 	C:\WINDOWS\System32\RPCRT4.dll
0x00007ffe8a1e0000 - 0x00007ffe8a1e8000 	C:\WINDOWS\System32\PSAPI.DLL
0x00007ffe6bf80000 - 0x00007ffe6bf89000 	C:\WINDOWS\SYSTEM32\WSOCK32.dll
0x00007ffe818a0000 - 0x00007ffe818d5000 	C:\WINDOWS\SYSTEM32\WINMM.dll
0x00007ffe894a0000 - 0x00007ffe8950f000 	C:\WINDOWS\System32\WS2_32.dll
0x00007ffe81bd0000 - 0x00007ffe81bda000 	C:\WINDOWS\SYSTEM32\VERSION.dll
0x00007ffe87160000 - 0x00007ffe87178000 	C:\WINDOWS\SYSTEM32\kernel.appcore.dll
0x00007ffe7f570000 - 0x00007ffe7f57a000 	c:\Users\datea\.vscode\extensions\redhat.java-1.11.0-win32-x64\jre\17.0.4.1-win32-x86_64\bin\jimage.dll
0x00007ffe85a40000 - 0x00007ffe85c73000 	C:\WINDOWS\SYSTEM32\DBGHELP.DLL
0x00007ffe89650000 - 0x00007ffe899d3000 	C:\WINDOWS\System32\combase.dll
0x00007ffe89560000 - 0x00007ffe89638000 	C:\WINDOWS\System32\OLEAUT32.dll
0x00007ffe79e10000 - 0x00007ffe79e42000 	C:\WINDOWS\SYSTEM32\dbgcore.DLL
0x00007ffe886a0000 - 0x00007ffe88719000 	C:\WINDOWS\System32\bcryptPrimitives.dll
0x00007ffe688d0000 - 0x00007ffe688f5000 	c:\Users\datea\.vscode\extensions\redhat.java-1.11.0-win32-x64\jre\17.0.4.1-win32-x86_64\bin\java.dll
0x00007ffe799a0000 - 0x00007ffe799b8000 	c:\Users\datea\.vscode\extensions\redhat.java-1.11.0-win32-x64\jre\17.0.4.1-win32-x86_64\bin\zip.dll
0x00007ffe8a420000 - 0x00007ffe8abef000 	C:\WINDOWS\System32\SHELL32.dll
0x00007ffe860d0000 - 0x00007ffe86965000 	C:\WINDOWS\SYSTEM32\windows.storage.dll
0x00007ffe85f30000 - 0x00007ffe860c3000 	C:\WINDOWS\SYSTEM32\wintypes.dll
0x00007ffe89c40000 - 0x00007ffe89d2b000 	C:\WINDOWS\System32\SHCORE.dll
0x00007ffe89d30000 - 0x00007ffe89d8d000 	C:\WINDOWS\System32\shlwapi.dll
0x00007ffe88100000 - 0x00007ffe88121000 	C:\WINDOWS\SYSTEM32\profapi.dll
0x00007ffe65200000 - 0x00007ffe65219000 	C:\Users\datea\.vscode\extensions\redhat.java-1.11.0-win32-x64\jre\17.0.4.1-win32-x86_64\bin\net.dll
0x00007ffe81770000 - 0x00007ffe8189b000 	C:\WINDOWS\SYSTEM32\WINHTTP.dll
0x00007ffe87630000 - 0x00007ffe87699000 	C:\WINDOWS\system32\mswsock.dll
0x00007ffe5caf0000 - 0x00007ffe5cb05000 	C:\Users\datea\.vscode\extensions\redhat.java-1.11.0-win32-x64\jre\17.0.4.1-win32-x86_64\bin\nio.dll
0x00007ffe5c1b0000 - 0x00007ffe5c1c0000 	c:\Users\datea\.vscode\extensions\redhat.java-1.11.0-win32-x64\jre\17.0.4.1-win32-x86_64\bin\verify.dll
0x00007ffe79e50000 - 0x00007ffe79e59000 	C:\Users\datea\.vscode\extensions\redhat.java-1.11.0-win32-x64\jre\17.0.4.1-win32-x86_64\bin\management.dll
0x00007ffe79910000 - 0x00007ffe7991b000 	C:\Users\datea\.vscode\extensions\redhat.java-1.11.0-win32-x64\jre\17.0.4.1-win32-x86_64\bin\management_ext.dll
0x00007ffe610e0000 - 0x00007ffe610f7000 	C:\WINDOWS\system32\napinsp.dll
0x00007ffe5f080000 - 0x00007ffe5f09a000 	C:\WINDOWS\system32\pnrpnsp.dll
0x00007ffe32e70000 - 0x00007ffe32e91000 	C:\WINDOWS\system32\nlansp_c.dll
0x00007ffe86c50000 - 0x00007ffe86d4f000 	C:\WINDOWS\SYSTEM32\DNSAPI.dll
0x00007ffe86be0000 - 0x00007ffe86c0e000 	C:\WINDOWS\SYSTEM32\IPHLPAPI.DLL
0x00007ffe89d90000 - 0x00007ffe89d99000 	C:\WINDOWS\System32\NSI.dll
0x00007ffe5e1d0000 - 0x00007ffe5e1e1000 	C:\WINDOWS\System32\winrnr.dll
0x00007ffe4f670000 - 0x00007ffe4f685000 	C:\WINDOWS\system32\wshbth.dll
0x00007ffe7e9f0000 - 0x00007ffe7e9fa000 	C:\Windows\System32\rasadhlp.dll
0x00007ffe80820000 - 0x00007ffe808a4000 	C:\WINDOWS\System32\fwpuclnt.dll
0x00007ffe878b0000 - 0x00007ffe878cb000 	C:\WINDOWS\SYSTEM32\CRYPTSP.dll
0x00007ffe870c0000 - 0x00007ffe870f4000 	C:\WINDOWS\system32\rsaenh.dll
0x00007ffe87750000 - 0x00007ffe87778000 	C:\WINDOWS\SYSTEM32\USERENV.dll
0x00007ffe87a70000 - 0x00007ffe87a98000 	C:\WINDOWS\SYSTEM32\bcrypt.dll
0x00007ffe878d0000 - 0x00007ffe878dc000 	C:\WINDOWS\SYSTEM32\CRYPTBASE.dll
0x00007ffe815b0000 - 0x00007ffe815c9000 	C:\WINDOWS\SYSTEM32\dhcpcsvc6.DLL
0x00007ffe81550000 - 0x00007ffe8156f000 	C:\WINDOWS\SYSTEM32\dhcpcsvc.DLL

dbghelp: loaded successfully - version: 4.0.5 - missing functions: none
symbol engine: initialized successfully - sym options: 0x614 - pdb path: .;c:\Users\datea\.vscode\extensions\redhat.java-1.11.0-win32-x64\jre\17.0.4.1-win32-x86_64\bin;C:\WINDOWS\SYSTEM32;C:\WINDOWS\WinSxS\amd64_microsoft.windows.common-controls_6595b64144ccf1df_6.0.25217.1010_none_7b5ae231f1b4915b;c:\Users\datea\.vscode\extensions\redhat.java-1.11.0-win32-x64\jre\17.0.4.1-win32-x86_64\bin\server

VM Arguments:
jvm_args: -Dsts.lsp.client=vscode -Dsts.log.file=/dev/null -XX:TieredStopAtLevel=1 -Xlog:jni+resolve=off -Dspring.config.location=file:c:\Users\datea\.vscode\extensions\pivotal.vscode-spring-boot-1.39.0\language-server\BOOT-INF\classes\application.properties 
java_command: org.springframework.ide.vscode.boot.app.BootLanguageServerBootApp
java_class_path (initial): c:\Users\datea\.vscode\extensions\pivotal.vscode-spring-boot-1.39.0\language-server\BOOT-INF\classes;c:\Users\datea\.vscode\extensions\pivotal.vscode-spring-boot-1.39.0\language-server\BOOT-INF\lib\annotations-23.0.0.jar;c:\Users\datea\.vscode\extensions\pivotal.vscode-spring-boot-1.39.0\language-server\BOOT-INF\lib\antlr-runtime-3.5.2.jar;c:\Users\datea\.vscode\extensions\pivotal.vscode-spring-boot-1.39.0\language-server\BOOT-INF\lib\antlr4-4.9.3.jar;c:\Users\datea\.vscode\extensions\pivotal.vscode-spring-boot-1.39.0\language-server\BOOT-INF\lib\antlr4-runtime-4.9.3.jar;c:\Users\datea\.vscode\extensions\pivotal.vscode-spring-boot-1.39.0\language-server\BOOT-INF\lib\asm-9.3.jar;c:\Users\datea\.vscode\extensions\pivotal.vscode-spring-boot-1.39.0\language-server\BOOT-INF\lib\asm-analysis-9.3.jar;c:\Users\datea\.vscode\extensions\pivotal.vscode-spring-boot-1.39.0\language-server\BOOT-INF\lib\asm-tree-9.3.jar;c:\Users\datea\.vscode\extensions\pivotal.vscode-spring-boot-1.39.0\language-server\BOOT-INF\lib\asm-util-9.3.jar;c:\Users\datea\.vscode\extensions\pivotal.vscode-spring-boot-1.39.0\language-server\BOOT-INF\lib\byte-buddy-1.12.13.jar;c:\Users\datea\.vscode\extensions\pivotal.vscode-spring-boot-1.39.0\language-server\BOOT-INF\lib\caffeine-2.9.3.jar;c:\Users\datea\.vscode\extensions\pivotal.vscode-spring-boot-1.39.0\language-server\BOOT-INF\lib\checker-qual-3.12.0.jar;c:\Users\datea\.vscode\extensions\pivotal.vscode-spring-boot-1.39.0\language-server\BOOT-INF\lib\classgraph-4.8.149.jar;c:\Users\datea\.vscode\extensions\pivotal.vscode-spring-boot-1.39.0\language-server\BOOT-INF\lib\commons-codec-1.15.jar;c:\Users\datea\.vscode\extensions\pivotal.vscode-spring-boot-1.39.0\language-server\BOOT-INF\lib\commons-compress-1.21.jar;c:\Users\datea\.vscode\extensions\pivotal.vscode-spring-boot-1.39.0\language-server\BOOT-INF\lib\commons-exec-1.3.jar;c:\Users\datea\.vscode\extensions\pivotal.vscode-spring-boot-1.39.0\language-server\BOOT-INF\lib\com
Launcher Type: SUN_STANDARD

[Global flags]
     intx CICompilerCount                          = 4                                         {product} {ergonomic}
     uint ConcGCThreads                            = 2                                         {product} {ergonomic}
     uint G1ConcRefinementThreads                  = 8                                         {product} {ergonomic}
   size_t G1HeapRegionSize                         = 1048576                                   {product} {ergonomic}
    uintx GCDrainStackTargetSize                   = 64                                        {product} {ergonomic}
   size_t InitialHeapSize                          = 132120576                                 {product} {ergonomic}
   size_t MarkStackSize                            = 4194304                                   {product} {ergonomic}
   size_t MaxHeapSize                              = 2095054848                                {product} {ergonomic}
   size_t MaxNewSize                               = 1256194048                                {product} {ergonomic}
   size_t MinHeapDeltaBytes                        = 1048576                                   {product} {ergonomic}
   size_t MinHeapSize                              = 8388608                                   {product} {ergonomic}
    uintx NonProfiledCodeHeapSize                  = 0                                      {pd product} {ergonomic}
     bool ProfileInterpreter                       = false                                  {pd product} {command line}
    uintx ProfiledCodeHeapSize                     = 0                                      {pd product} {ergonomic}
   size_t SoftMaxHeapSize                          = 2095054848                             {manageable} {ergonomic}
     intx TieredStopAtLevel                        = 1                                         {product} {command line}
     bool UseCompressedClassPointers               = true                           {product lp64_product} {ergonomic}
     bool UseCompressedOops                        = true                           {product lp64_product} {ergonomic}
     bool UseG1GC                                  = true                                      {product} {ergonomic}
     bool UseLargePagesIndividualAllocation        = false                                  {pd product} {ergonomic}

Logging:
Log output configuration:
 #0: stdout all=warning,jni+resolve=off uptime,level,tags
 #1: stderr all=off uptime,level,tags

Environment Variables:
PATH=C:\Program Files\Java\jdk-15.0.2\bin;C:\Program Files\Common Files\Oracle\Java\javapath;C:\WINDOWS\system32;C:\WINDOWS;C:\WINDOWS\System32\Wbem;C:\WINDOWS\System32\WindowsPowerShell\v1.0\;C:\WINDOWS\System32\OpenSSH\;C:\Program Files\Azure Data Studio\bin;C:\Program Files\Microsoft SQL Server\Client SDK\ODBC\170\Tools\Binn\;C:\Program Files (x86)\Microsoft SQL Server\150\Tools\Binn\;C:\Program Files\Microsoft SQL Server\150\Tools\Binn\;C:\Program Files\Microsoft SQL Server\150\DTS\Binn\;C:\Program Files (x86)\Microsoft SQL Server\150\DTS\Binn\;C:\Program Files (x86)\GitExtensions\;F:\xampp\php;C:\ProgramData\ComposerSetup\bin;C:\xampp\php;C:\Program Files\Git\cmd;C:\Users\datea\AppData\Local\Microsoft\WindowsApps;C:\Users\datea\AppData\Local\Programs\Microsoft VS Code\bin;;C:\Program Files\Azure Data Studio\bin;C:\Users\datea\AppData\Roaming\Composer\vendor\bin
USERNAME=datea
OS=Windows_NT
PROCESSOR_IDENTIFIER=Intel64 Family 6 Model 126 Stepping 5, GenuineIntel
TMP=C:\Users\datea\AppData\Local\Temp
TEMP=C:\Users\datea\AppData\Local\Temp



---------------  S Y S T E M  ---------------

OS:
 Windows 11 , 64 bit Build 25217 (10.0.25217.1000)
OS uptime: 0 days 3:32 hours
Hyper-V role detected

CPU: total 8 (initial active 8) (4 cores per cpu, 2 threads per core) family 6 model 126 stepping 5 microcode 0xa6, cx8, cmov, fxsr, ht, mmx, 3dnowpref, sse, sse2, sse3, ssse3, sse4.1, sse4.2, popcnt, lzcnt, tsc, tscinvbit, avx, avx2, aes, erms, clmul, bmi1, bmi2, adx, avx512f, avx512dq, avx512cd, avx512bw, avx512vl, sha, fma, vzeroupper, avx512_vpopcntdq, avx512_vpclmulqdq, avx512_vaes, avx512_vnni, clflush, clflushopt, avx512_vbmi2, avx512_vbmi, hv

Memory: 4k page, system-wide physical 7987M (181M free)
TotalPageFile size 12083M (AvailPageFile size 168M)
current process WorkingSet (physical memory assigned to process): 432M, peak: 432M
current process commit charge ("private bytes"): 465M, peak: 787M

vm_info: OpenJDK 64-Bit Server VM (17.0.4.1+1) for windows-amd64 JRE (17.0.4.1+1), built on Aug 17 2022 07:42:43 by "temurin" with MS VC++ 16.7 (VS2019)

END.
