#
# There is insufficient memory for the Java Runtime Environment to continue.
# Native memory allocation (mmap) failed to map 356515840 bytes for G1 virtual space
# Possible reasons:
#   The system is out of physical RAM or swap space
#   The process is running with CompressedOops enabled, and the Java Heap may be blocking the growth of the native heap
# Possible solutions:
#   Reduce memory load on the system
#   Increase physical memory or swap space
#   Check if swap backing store is full
#   Decrease Java heap size (-Xmx/-Xms)
#   Decrease number of Java threads
#   Decrease Java thread stack sizes (-Xss)
#   Set larger code cache with -XX:ReservedCodeCacheSize=
#   JVM is running with Unscaled Compressed Oops mode in which the Java heap is
#     placed in the first 4GB address space. The Java Heap base address is the
#     maximum limit for the native heap growth. Please use -XX:HeapBaseMinAddress
#     to set the Java Heap base and to place the Java Heap above 4GB virtual address.
# This output file may be truncated or incomplete.
#
#  Out of Memory Error (os_windows.cpp:3541), pid=52972, tid=25708
#
# JRE version: OpenJDK Runtime Environment Temurin-17.0.4.1+1 (17.0.4.1+1) (build 17.0.4.1+1)
# Java VM: OpenJDK 64-Bit Server VM Temurin-17.0.4.1+1 (17.0.4.1+1, mixed mode, emulated-client, tiered, compressed oops, compressed class ptrs, g1 gc, windows-amd64)
# No core dump will be written. Minidumps are not enabled by default on client versions of Windows
#

---------------  S U M M A R Y ------------

Command Line: -Dsts.lsp.client=vscode -Dsts.log.file=/dev/null -XX:TieredStopAtLevel=1 -Xlog:jni+resolve=off -Dspring.config.location=file:c:\Users\datea\.vscode\extensions\pivotal.vscode-spring-boot-1.39.0\language-server\BOOT-INF\classes\application.properties org.springframework.ide.vscode.boot.app.BootLanguageServerBootApp

Host: Intel(R) Core(TM) i5-1035G1 CPU @ 1.00GHz, 8 cores, 7G,  Windows 11 , 64 bit Build 25217 (10.0.25217.1000)
Time: Wed Oct 19 17:14:42 2022 SE Asia Standard Time elapsed time: 7.591565 seconds (0d 0h 0m 7s)

---------------  T H R E A D  ---------------

Current thread (0x000002308c462fa0):  VMThread "VM Thread" [stack: 0x0000009b53b00000,0x0000009b53c00000] [id=25708]

Stack: [0x0000009b53b00000,0x0000009b53c00000]
Native frames: (J=compiled Java code, j=interpreted, Vv=VM code, C=native code)
V  [jvm.dll+0x67731a]
V  [jvm.dll+0x832284]
V  [jvm.dll+0x833a2e]
V  [jvm.dll+0x834093]
V  [jvm.dll+0x245775]
V  [jvm.dll+0x674209]
V  [jvm.dll+0x668a92]
V  [jvm.dll+0x30471b]
V  [jvm.dll+0x30bc66]
V  [jvm.dll+0x35ba9e]
V  [jvm.dll+0x35bccf]
V  [jvm.dll+0x2db5b8]
V  [jvm.dll+0x2d986c]
V  [jvm.dll+0x2d8e3c]
V  [jvm.dll+0x31cd9b]
V  [jvm.dll+0x83853b]
V  [jvm.dll+0x839274]
V  [jvm.dll+0x83978c]
V  [jvm.dll+0x839b64]
V  [jvm.dll+0x839c30]
V  [jvm.dll+0x7e240a]
V  [jvm.dll+0x6761a5]
C  [ucrtbase.dll+0x4b7eb]
C  [KERNEL32.DLL+0x1484d]
C  [ntdll.dll+0x67558]

VM_Operation (0x0000009b556fe0f0): G1CollectForAllocation, mode: safepoint, requested by thread 0x000002308f17c570


---------------  P R O C E S S  ---------------

Threads class SMR info:
_java_thread_list=0x000002308f69d2a0, length=40, elements={
0x000002308c464830, 0x000002308c4652f0, 0x000002308d04eb70, 0x000002308d04f430,
0x000002308d04fcf0, 0x000002308d0509c0, 0x000002308d051730, 0x000002308d077230,
0x000002308d278350, 0x000002308d29d5d0, 0x000002308d2a6510, 0x000002308ead8030,
0x000002308ef5f870, 0x000002308f0feb60, 0x000002308f17c570, 0x000002308f1aa010,
0x000002308f1aa4e0, 0x000002308f1aa9b0, 0x000002308f1aae80, 0x000002308f1ab760,
0x000002308ef21ee0, 0x000002308ef223b0, 0x000002308ef236f0, 0x000002308ef24560,
0x000002308ef23bc0, 0x000002308ef24090, 0x000002308ef22880, 0x000002308ef24a30,
0x000002308ef21540, 0x000002308ef21a10, 0x000002308ef22d50, 0x000002308f6a49b0,
0x000002308f6a5820, 0x000002308f6a3670, 0x000002308f6a4e80, 0x000002308f6a3b40,
0x000002308f6a31a0, 0x000002308f6a2cd0, 0x000002308d277930, 0x000002308d2755c0
}

Java Threads: ( => current thread )
  0x000002308c464830 JavaThread "Reference Handler" daemon [_thread_blocked, id=47820, stack(0x0000009b53c00000,0x0000009b53d00000)]
  0x000002308c4652f0 JavaThread "Finalizer" daemon [_thread_blocked, id=49896, stack(0x0000009b53d00000,0x0000009b53e00000)]
  0x000002308d04eb70 JavaThread "Signal Dispatcher" daemon [_thread_blocked, id=52436, stack(0x0000009b53e00000,0x0000009b53f00000)]
  0x000002308d04f430 JavaThread "Attach Listener" daemon [_thread_blocked, id=39236, stack(0x0000009b53f00000,0x0000009b54000000)]
  0x000002308d04fcf0 JavaThread "Service Thread" daemon [_thread_blocked, id=46788, stack(0x0000009b54000000,0x0000009b54100000)]
  0x000002308d0509c0 JavaThread "Monitor Deflation Thread" daemon [_thread_blocked, id=49956, stack(0x0000009b54100000,0x0000009b54200000)]
  0x000002308d051730 JavaThread "C1 CompilerThread0" daemon [_thread_blocked, id=48756, stack(0x0000009b54200000,0x0000009b54300000)]
  0x000002308d077230 JavaThread "Sweeper thread" daemon [_thread_blocked, id=38872, stack(0x0000009b54300000,0x0000009b54400000)]
  0x000002308d278350 JavaThread "C1 CompilerThread1" daemon [_thread_blocked, id=51832, stack(0x0000009b54400000,0x0000009b54500000)]
  0x000002308d29d5d0 JavaThread "Notification Thread" daemon [_thread_blocked, id=45496, stack(0x0000009b54500000,0x0000009b54600000)]
  0x000002308d2a6510 JavaThread "Common-Cleaner" daemon [_thread_blocked, id=52956, stack(0x0000009b54700000,0x0000009b54800000)]
  0x000002308ead8030 JavaThread "boundedElastic-evictor-1" daemon [_thread_blocked, id=52036, stack(0x0000009b55200000,0x0000009b55300000)]
  0x000002308ef5f870 JavaThread "ForkJoinPool.commonPool-worker-1" daemon [_thread_blocked, id=33024, stack(0x0000009b55400000,0x0000009b55500000)]
  0x000002308f0feb60 JavaThread "ClassGraph-worker-0" daemon [_thread_blocked, id=48292, stack(0x0000009b55500000,0x0000009b55600000)]
  0x000002308f17c570 JavaThread "ClassGraph-worker-1" daemon [_thread_blocked, id=43036, stack(0x0000009b55600000,0x0000009b55700000)]
  0x000002308f1aa010 JavaThread "ClassGraph-worker-2" daemon [_thread_blocked, id=46236, stack(0x0000009b55700000,0x0000009b55800000)]
  0x000002308f1aa4e0 JavaThread "ClassGraph-worker-3" daemon [_thread_blocked, id=49388, stack(0x0000009b55800000,0x0000009b55900000)]
  0x000002308f1aa9b0 JavaThread "ClassGraph-worker-4" daemon [_thread_blocked, id=53008, stack(0x0000009b55900000,0x0000009b55a00000)]
  0x000002308f1aae80 JavaThread "ClassGraph-worker-5" daemon [_thread_blocked, id=45972, stack(0x0000009b55a00000,0x0000009b55b00000)]
  0x000002308f1ab760 JavaThread "ClassGraph-worker-6" daemon [_thread_blocked, id=52576, stack(0x0000009b55b00000,0x0000009b55c00000)]
  0x000002308ef21ee0 JavaThread "ClassGraph-worker-7" daemon [_thread_blocked, id=46252, stack(0x0000009b55c00000,0x0000009b55d00000)]
  0x000002308ef223b0 JavaThread "ClassGraph-worker-8" daemon [_thread_blocked, id=44340, stack(0x0000009b55d00000,0x0000009b55e00000)]
  0x000002308ef236f0 JavaThread "ClassGraph-worker-9" daemon [_thread_blocked, id=32348, stack(0x0000009b55e00000,0x0000009b55f00000)]
  0x000002308ef24560 JavaThread "ClassGraph-worker-10" daemon [_thread_blocked, id=47928, stack(0x0000009b55f00000,0x0000009b56000000)]
  0x000002308ef23bc0 JavaThread "ClassGraph-worker-11" daemon [_thread_blocked, id=46224, stack(0x0000009b56000000,0x0000009b56100000)]
  0x000002308ef24090 JavaThread "ClassGraph-worker-12" daemon [_thread_blocked, id=40512, stack(0x0000009b56100000,0x0000009b56200000)]
  0x000002308ef22880 JavaThread "ClassGraph-worker-13" daemon [_thread_blocked, id=50284, stack(0x0000009b56200000,0x0000009b56300000)]
  0x000002308ef24a30 JavaThread "pool-9-thread-1" [_thread_blocked, id=39800, stack(0x0000009b56300000,0x0000009b56400000)]
  0x000002308ef21540 JavaThread "LanguageServerApp-lifecycle" [_thread_blocked, id=44924, stack(0x0000009b56400000,0x0000009b56500000)]
  0x000002308ef21a10 JavaThread "DestroyJavaVM" [_thread_blocked, id=29820, stack(0x0000009b53500000,0x0000009b53600000)]
  0x000002308ef22d50 JavaThread "pool-10-thread-1" [_thread_in_native, id=52512, stack(0x0000009b56500000,0x0000009b56600000)]
  0x000002308f6a49b0 JavaThread "Simple-Language-Server main thread" daemon [_thread_blocked, id=53112, stack(0x0000009b56600000,0x0000009b56700000)]
  0x000002308f6a5820 JavaThread "pool-7-thread-1" [_thread_blocked, id=33352, stack(0x0000009b56700000,0x0000009b56800000)]
  0x000002308f6a3670 JavaThread "parallel-1" daemon [_thread_blocked, id=51796, stack(0x0000009b56800000,0x0000009b56900000)]
  0x000002308f6a4e80 JavaThread "parallel-2" daemon [_thread_blocked, id=14136, stack(0x0000009b56900000,0x0000009b56a00000)]
  0x000002308f6a3b40 JavaThread "parallel-3" daemon [_thread_blocked, id=13216, stack(0x0000009b56a00000,0x0000009b56b00000)]
  0x000002308f6a31a0 JavaThread "parallel-4" daemon [_thread_blocked, id=52796, stack(0x0000009b56b00000,0x0000009b56c00000)]
  0x000002308f6a2cd0 JavaThread "Reconciler-1" daemon [_thread_blocked, id=52840, stack(0x0000009b56c00000,0x0000009b56d00000)]
  0x000002308d277930 JavaThread "C1 CompilerThread2" daemon [_thread_blocked, id=35256, stack(0x0000009b54800000,0x0000009b54900000)]
  0x000002308d2755c0 JavaThread "C1 CompilerThread3" daemon [_thread_blocked, id=51880, stack(0x0000009b54900000,0x0000009b54a00000)]

Other Threads:
=>0x000002308c462fa0 VMThread "VM Thread" [stack: 0x0000009b53b00000,0x0000009b53c00000] [id=25708]
  0x000002308d29dcb0 WatcherThread [stack: 0x0000009b54600000,0x0000009b54700000] [id=36796]
  0x00000230ff46e4f0 GCTaskThread "GC Thread#0" [stack: 0x0000009b53600000,0x0000009b53700000] [id=38628]
  0x000002308dcd79f0 GCTaskThread "GC Thread#1" [stack: 0x0000009b54a00000,0x0000009b54b00000] [id=50504]
  0x000002308e82d810 GCTaskThread "GC Thread#2" [stack: 0x0000009b54b00000,0x0000009b54c00000] [id=51924]
  0x000002308e837c90 GCTaskThread "GC Thread#3" [stack: 0x0000009b54c00000,0x0000009b54d00000] [id=38384]
  0x000002308e837f40 GCTaskThread "GC Thread#4" [stack: 0x0000009b54d00000,0x0000009b54e00000] [id=48032]
  0x000002308e8381f0 GCTaskThread "GC Thread#5" [stack: 0x0000009b54e00000,0x0000009b54f00000] [id=40220]
  0x000002308ea32010 GCTaskThread "GC Thread#6" [stack: 0x0000009b55000000,0x0000009b55100000] [id=37452]
  0x000002308ea322c0 GCTaskThread "GC Thread#7" [stack: 0x0000009b55100000,0x0000009b55200000] [id=47576]
  0x00000230ff47ed00 ConcurrentGCThread "G1 Main Marker" [stack: 0x0000009b53700000,0x0000009b53800000] [id=45464]
  0x00000230ff481640 ConcurrentGCThread "G1 Conc#0" [stack: 0x0000009b53800000,0x0000009b53900000] [id=51036]
  0x000002308eb33f80 ConcurrentGCThread "G1 Conc#1" [stack: 0x0000009b55300000,0x0000009b55400000] [id=53124]
  0x000002308c2e5cd0 ConcurrentGCThread "G1 Refine#0" [stack: 0x0000009b53900000,0x0000009b53a00000] [id=40500]
  0x000002308e837640 ConcurrentGCThread "G1 Refine#1" [stack: 0x0000009b54f00000,0x0000009b55000000] [id=51224]
  0x000002308c2e64a0 ConcurrentGCThread "G1 Service" [stack: 0x0000009b53a00000,0x0000009b53b00000] [id=44432]

Threads with active compile tasks:
C1 CompilerThread0     7617 3657       1       io.github.classgraph.Classfile::scheduleScanningIfExternalClass (367 bytes)
C1 CompilerThread1     7617 3652   !   1       io.github.classgraph.Classfile::readConstantPoolEntries (936 bytes)
C1 CompilerThread2     7617 3659       1       jdk.internal.jimage.decompressor.CompressedResourceHeader::readFromResource (104 bytes)
C1 CompilerThread3     7617 3655       1       io.github.classgraph.Classfile::readMethods (1501 bytes)

VM state: at safepoint (normal execution)

VM Mutex/Monitor currently owned by a thread:  ([mutex/lock_event])
[0x00000230fd353e10] Threads_lock - owner thread: 0x000002308c462fa0
[0x00000230ff410c70] Heap_lock - owner thread: 0x000002308f17c570

Heap address: 0x0000000083200000, size: 1998 MB, Compressed Oops mode: 32-bit

CDS archive(s) not mapped
Compressed class space mapped at: 0x0000000100000000-0x0000000140000000, reserved size: 1073741824
Narrow klass base: 0x0000000000000000, Narrow klass shift: 3, Narrow klass range: 0x140000000

GC Precious Log:
 CPUs: 8 total, 8 available
 Memory: 7987M
 Large Page Support: Disabled
 NUMA Support: Disabled
 Compressed Oops: Enabled (32-bit)
 Heap Region Size: 1M
 Heap Min Capacity: 8M
 Heap Initial Capacity: 126M
 Heap Max Capacity: 1998M
 Pre-touch: Disabled
 Parallel Workers: 8
 Concurrent Workers: 2
 Concurrent Refinement Workers: 8
 Periodic GC: Disabled

Heap:
 garbage-first heap   total 174080K, used 67300K [0x0000000083200000, 0x0000000100000000)
  region size 1024K, 1 young (1024K), 1 survivors (1024K)
 Metaspace       used 35823K, committed 36160K, reserved 1081344K
  class space    used 4656K, committed 4800K, reserved 1048576K

Heap Regions: E=young(eden), S=young(survivor), O=old, HS=humongous(starts), HC=humongous(continues), CS=collection set, F=free, OA=open archive, CA=closed archive, TAMS=top-at-mark-start (previous, next)
|   0|0x0000000083200000, 0x0000000083300000, 0x0000000083300000|100%| O|  |TAMS 0x0000000083300000, 0x0000000083200000| Untracked 
|   1|0x0000000083300000, 0x0000000083400000, 0x0000000083400000|100%| O|  |TAMS 0x0000000083400000, 0x0000000083300000| Untracked 
|   2|0x0000000083400000, 0x0000000083500000, 0x0000000083500000|100%| O|  |TAMS 0x0000000083500000, 0x0000000083400000| Untracked 
|   3|0x0000000083500000, 0x0000000083600000, 0x0000000083600000|100%| O|  |TAMS 0x0000000083600000, 0x0000000083500000| Untracked 
|   4|0x0000000083600000, 0x0000000083700000, 0x0000000083700000|100%| O|  |TAMS 0x0000000083700000, 0x0000000083600000| Untracked 
|   5|0x0000000083700000, 0x0000000083800000, 0x0000000083800000|100%| O|  |TAMS 0x0000000083800000, 0x0000000083700000| Untracked 
|   6|0x0000000083800000, 0x0000000083900000, 0x0000000083900000|100%| O|  |TAMS 0x0000000083900000, 0x0000000083800000| Untracked 
|   7|0x0000000083900000, 0x0000000083a00000, 0x0000000083a00000|100%| O|  |TAMS 0x0000000083a00000, 0x0000000083900000| Untracked 
|   8|0x0000000083a00000, 0x0000000083b00000, 0x0000000083b00000|100%| O|  |TAMS 0x0000000083a00000, 0x0000000083a00000| Untracked 
|   9|0x0000000083b00000, 0x0000000083c00000, 0x0000000083c00000|100%| O|  |TAMS 0x0000000083c00000, 0x0000000083b00000| Untracked 
|  10|0x0000000083c00000, 0x0000000083d00000, 0x0000000083d00000|100%| O|  |TAMS 0x0000000083d00000, 0x0000000083c00000| Untracked 
|  11|0x0000000083d00000, 0x0000000083e00000, 0x0000000083e00000|100%| O|  |TAMS 0x0000000083e00000, 0x0000000083d00000| Untracked 
|  12|0x0000000083e00000, 0x0000000083f00000, 0x0000000083f00000|100%| O|  |TAMS 0x0000000083f00000, 0x0000000083e00000| Untracked 
|  13|0x0000000083f00000, 0x0000000084000000, 0x0000000084000000|100%| O|  |TAMS 0x0000000084000000, 0x0000000083f00000| Untracked 
|  14|0x0000000084000000, 0x0000000084100000, 0x0000000084100000|100%| O|  |TAMS 0x0000000084100000, 0x0000000084000000| Untracked 
|  15|0x0000000084100000, 0x0000000084200000, 0x0000000084200000|100%| O|  |TAMS 0x0000000084200000, 0x0000000084100000| Untracked 
|  16|0x0000000084200000, 0x0000000084300000, 0x0000000084300000|100%| O|  |TAMS 0x0000000084300000, 0x0000000084200000| Untracked 
|  17|0x0000000084300000, 0x0000000084400000, 0x0000000084400000|100%| O|  |TAMS 0x0000000084400000, 0x0000000084300000| Untracked 
|  18|0x0000000084400000, 0x0000000084500000, 0x0000000084500000|100%| O|  |TAMS 0x0000000084500000, 0x0000000084400000| Untracked 
|  19|0x0000000084500000, 0x0000000084600000, 0x0000000084600000|100%| O|  |TAMS 0x0000000084600000, 0x0000000084500000| Untracked 
|  20|0x0000000084600000, 0x0000000084700000, 0x0000000084700000|100%| O|  |TAMS 0x0000000084700000, 0x0000000084600000| Untracked 
|  21|0x0000000084700000, 0x0000000084800000, 0x0000000084800000|100%| O|  |TAMS 0x0000000084800000, 0x0000000084700000| Untracked 
|  22|0x0000000084800000, 0x0000000084900000, 0x0000000084900000|100%| O|  |TAMS 0x0000000084900000, 0x0000000084800000| Untracked 
|  23|0x0000000084900000, 0x0000000084a00000, 0x0000000084a00000|100%| O|  |TAMS 0x0000000084a00000, 0x0000000084900000| Untracked 
|  24|0x0000000084a00000, 0x0000000084b00000, 0x0000000084b00000|100%| O|  |TAMS 0x0000000084b00000, 0x0000000084a00000| Untracked 
|  25|0x0000000084b00000, 0x0000000084c00000, 0x0000000084c00000|100%| O|  |TAMS 0x0000000084c00000, 0x0000000084b00000| Untracked 
|  26|0x0000000084c00000, 0x0000000084d00000, 0x0000000084d00000|100%| O|  |TAMS 0x0000000084d00000, 0x0000000084c00000| Untracked 
|  27|0x0000000084d00000, 0x0000000084e00000, 0x0000000084e00000|100%| O|  |TAMS 0x0000000084e00000, 0x0000000084d00000| Untracked 
|  28|0x0000000084e00000, 0x0000000084f00000, 0x0000000084f00000|100%| O|  |TAMS 0x0000000084f00000, 0x0000000084e00000| Untracked 
|  29|0x0000000084f00000, 0x0000000085000000, 0x0000000085000000|100%| O|  |TAMS 0x0000000085000000, 0x0000000084f00000| Untracked 
|  30|0x0000000085000000, 0x0000000085100000, 0x0000000085100000|100%| O|  |TAMS 0x0000000085100000, 0x0000000085000000| Untracked 
|  31|0x0000000085100000, 0x0000000085200000, 0x0000000085200000|100%| O|  |TAMS 0x0000000085200000, 0x0000000085100000| Untracked 
|  32|0x0000000085200000, 0x0000000085300000, 0x0000000085300000|100%| O|  |TAMS 0x0000000085300000, 0x0000000085200000| Untracked 
|  33|0x0000000085300000, 0x0000000085400000, 0x0000000085400000|100%| O|  |TAMS 0x0000000085400000, 0x0000000085300000| Untracked 
|  34|0x0000000085400000, 0x0000000085500000, 0x0000000085500000|100%| O|  |TAMS 0x0000000085500000, 0x0000000085400000| Untracked 
|  35|0x0000000085500000, 0x0000000085600000, 0x0000000085600000|100%| O|  |TAMS 0x0000000085600000, 0x0000000085500000| Untracked 
|  36|0x0000000085600000, 0x0000000085700000, 0x0000000085700000|100%| O|  |TAMS 0x0000000085700000, 0x0000000085600000| Untracked 
|  37|0x0000000085700000, 0x0000000085800000, 0x0000000085800000|100%| O|  |TAMS 0x0000000085800000, 0x0000000085700000| Untracked 
|  38|0x0000000085800000, 0x0000000085900000, 0x0000000085900000|100%| O|  |TAMS 0x0000000085900000, 0x0000000085800000| Untracked 
|  39|0x0000000085900000, 0x0000000085a00000, 0x0000000085a00000|100%| O|  |TAMS 0x0000000085a00000, 0x0000000085900000| Untracked 
|  40|0x0000000085a00000, 0x0000000085b00000, 0x0000000085b00000|100%| O|  |TAMS 0x0000000085addc00, 0x0000000085a00000| Untracked 
|  41|0x0000000085b00000, 0x0000000085c00000, 0x0000000085c00000|100%| O|  |TAMS 0x0000000085b00000, 0x0000000085b00000| Untracked 
|  42|0x0000000085c00000, 0x0000000085d00000, 0x0000000085d00000|100%| O|  |TAMS 0x0000000085c00000, 0x0000000085c00000| Untracked 
|  43|0x0000000085d00000, 0x0000000085e00000, 0x0000000085e00000|100%| O|  |TAMS 0x0000000085d00000, 0x0000000085d00000| Untracked 
|  44|0x0000000085e00000, 0x0000000085f00000, 0x0000000085f00000|100%| O|  |TAMS 0x0000000085e00000, 0x0000000085e00000| Untracked 
|  45|0x0000000085f00000, 0x0000000086000000, 0x0000000086000000|100%| O|  |TAMS 0x0000000085f00000, 0x0000000085f00000| Untracked 
|  46|0x0000000086000000, 0x0000000086100000, 0x0000000086100000|100%|HS|  |TAMS 0x0000000086000000, 0x0000000086000000| Complete 
|  47|0x0000000086100000, 0x0000000086200000, 0x0000000086200000|100%| O|  |TAMS 0x0000000086100000, 0x0000000086100000| Untracked 
|  48|0x0000000086200000, 0x0000000086300000, 0x0000000086300000|100%| O|  |TAMS 0x0000000086200000, 0x0000000086200000| Untracked 
|  49|0x0000000086300000, 0x0000000086400000, 0x0000000086400000|100%| O|  |TAMS 0x0000000086300000, 0x0000000086300000| Untracked 
|  50|0x0000000086400000, 0x0000000086500000, 0x0000000086500000|100%| O|  |TAMS 0x0000000086400000, 0x0000000086400000| Untracked 
|  51|0x0000000086500000, 0x0000000086600000, 0x0000000086600000|100%| O|  |TAMS 0x0000000086500000, 0x0000000086500000| Untracked 
|  52|0x0000000086600000, 0x0000000086700000, 0x0000000086700000|100%| O|  |TAMS 0x0000000086600000, 0x0000000086600000| Untracked 
|  53|0x0000000086700000, 0x0000000086800000, 0x0000000086800000|100%| O|  |TAMS 0x0000000086700000, 0x0000000086700000| Untracked 
|  54|0x0000000086800000, 0x0000000086900000, 0x0000000086900000|100%| O|  |TAMS 0x0000000086800000, 0x0000000086800000| Untracked 
|  55|0x0000000086900000, 0x0000000086a00000, 0x0000000086a00000|100%| O|  |TAMS 0x0000000086900000, 0x0000000086900000| Untracked 
|  56|0x0000000086a00000, 0x0000000086b00000, 0x0000000086b00000|100%| O|  |TAMS 0x0000000086a00000, 0x0000000086a00000| Untracked 
|  57|0x0000000086b00000, 0x0000000086c00000, 0x0000000086c00000|100%| O|  |TAMS 0x0000000086b00000, 0x0000000086b00000| Untracked 
|  58|0x0000000086c00000, 0x0000000086d00000, 0x0000000086d00000|100%|HS|  |TAMS 0x0000000086c00000, 0x0000000086c00000| Complete 
|  59|0x0000000086d00000, 0x0000000086e00000, 0x0000000086e00000|100%| O|  |TAMS 0x0000000086d00000, 0x0000000086d00000| Untracked 
|  60|0x0000000086e00000, 0x0000000086f00000, 0x0000000086f00000|100%| O|  |TAMS 0x0000000086e00000, 0x0000000086e00000| Untracked 
|  61|0x0000000086f00000, 0x0000000087000000, 0x0000000087000000|100%| O|  |TAMS 0x0000000086f00000, 0x0000000086f00000| Untracked 
|  62|0x0000000087000000, 0x0000000087100000, 0x0000000087100000|100%| O|  |TAMS 0x0000000087000000, 0x0000000087000000| Untracked 
|  63|0x0000000087100000, 0x0000000087200000, 0x0000000087200000|100%| O|  |TAMS 0x0000000087100000, 0x0000000087100000| Untracked 
|  64|0x0000000087200000, 0x0000000087300000, 0x0000000087300000|100%| O|  |TAMS 0x0000000087200000, 0x0000000087200000| Untracked 
|  65|0x0000000087300000, 0x0000000087318400, 0x0000000087400000|  9%| O|  |TAMS 0x0000000087300000, 0x0000000087300000| Untracked 
|  66|0x0000000087400000, 0x0000000087400000, 0x0000000087500000|  0%| F|  |TAMS 0x0000000087400000, 0x0000000087400000| Untracked 
|  67|0x0000000087500000, 0x0000000087500000, 0x0000000087600000|  0%| F|  |TAMS 0x0000000087500000, 0x0000000087500000| Untracked 
|  68|0x0000000087600000, 0x0000000087600000, 0x0000000087700000|  0%| F|  |TAMS 0x0000000087600000, 0x0000000087600000| Untracked 
|  69|0x0000000087700000, 0x0000000087700000, 0x0000000087800000|  0%| F|  |TAMS 0x0000000087700000, 0x0000000087700000| Untracked 
|  70|0x0000000087800000, 0x0000000087800000, 0x0000000087900000|  0%| F|  |TAMS 0x0000000087800000, 0x0000000087800000| Untracked 
|  71|0x0000000087900000, 0x0000000087900000, 0x0000000087a00000|  0%| F|  |TAMS 0x0000000087900000, 0x0000000087900000| Untracked 
|  72|0x0000000087a00000, 0x0000000087a00000, 0x0000000087b00000|  0%| F|  |TAMS 0x0000000087a00000, 0x0000000087a00000| Untracked 
|  73|0x0000000087b00000, 0x0000000087b00000, 0x0000000087c00000|  0%| F|  |TAMS 0x0000000087b00000, 0x0000000087b00000| Untracked 
|  74|0x0000000087c00000, 0x0000000087c00000, 0x0000000087d00000|  0%| F|  |TAMS 0x0000000087c00000, 0x0000000087c00000| Untracked 
|  75|0x0000000087d00000, 0x0000000087d00000, 0x0000000087e00000|  0%| F|  |TAMS 0x0000000087d00000, 0x0000000087d00000| Untracked 
|  76|0x0000000087e00000, 0x0000000087e00000, 0x0000000087f00000|  0%| F|  |TAMS 0x0000000087e00000, 0x0000000087e00000| Untracked 
|  77|0x0000000087f00000, 0x0000000087f00000, 0x0000000088000000|  0%| F|  |TAMS 0x0000000087f00000, 0x0000000087f00000| Untracked 
|  78|0x0000000088000000, 0x0000000088000000, 0x0000000088100000|  0%| F|  |TAMS 0x0000000088000000, 0x0000000088000000| Untracked 
|  79|0x0000000088100000, 0x0000000088100000, 0x0000000088200000|  0%| F|  |TAMS 0x0000000088100000, 0x0000000088100000| Untracked 
|  80|0x0000000088200000, 0x0000000088200000, 0x0000000088300000|  0%| F|  |TAMS 0x0000000088200000, 0x0000000088200000| Untracked 
|  81|0x0000000088300000, 0x0000000088300000, 0x0000000088400000|  0%| F|  |TAMS 0x0000000088300000, 0x0000000088300000| Untracked 
|  82|0x0000000088400000, 0x0000000088400000, 0x0000000088500000|  0%| F|  |TAMS 0x0000000088400000, 0x0000000088400000| Untracked 
|  83|0x0000000088500000, 0x0000000088500000, 0x0000000088600000|  0%| F|  |TAMS 0x0000000088500000, 0x0000000088500000| Untracked 
|  84|0x0000000088600000, 0x0000000088600000, 0x0000000088700000|  0%| F|  |TAMS 0x0000000088600000, 0x0000000088600000| Untracked 
|  85|0x0000000088700000, 0x0000000088700000, 0x0000000088800000|  0%| F|  |TAMS 0x0000000088700000, 0x0000000088700000| Untracked 
|  86|0x0000000088800000, 0x0000000088800000, 0x0000000088900000|  0%| F|  |TAMS 0x0000000088800000, 0x0000000088800000| Untracked 
|  87|0x0000000088900000, 0x0000000088900000, 0x0000000088a00000|  0%| F|  |TAMS 0x0000000088900000, 0x0000000088900000| Untracked 
|  88|0x0000000088a00000, 0x0000000088a00000, 0x0000000088b00000|  0%| F|  |TAMS 0x0000000088a00000, 0x0000000088a00000| Untracked 
|  89|0x0000000088b00000, 0x0000000088b00000, 0x0000000088c00000|  0%| F|  |TAMS 0x0000000088b00000, 0x0000000088b00000| Untracked 
|  90|0x0000000088c00000, 0x0000000088c00000, 0x0000000088d00000|  0%| F|  |TAMS 0x0000000088c00000, 0x0000000088c00000| Untracked 
|  91|0x0000000088d00000, 0x0000000088d00000, 0x0000000088e00000|  0%| F|  |TAMS 0x0000000088d00000, 0x0000000088d00000| Untracked 
|  92|0x0000000088e00000, 0x0000000088e00000, 0x0000000088f00000|  0%| F|  |TAMS 0x0000000088e00000, 0x0000000088e00000| Untracked 
|  93|0x0000000088f00000, 0x0000000088f00000, 0x0000000089000000|  0%| F|  |TAMS 0x0000000088f00000, 0x0000000088f00000| Untracked 
|  94|0x0000000089000000, 0x0000000089000000, 0x0000000089100000|  0%| F|  |TAMS 0x0000000089000000, 0x0000000089000000| Untracked 
|  95|0x0000000089100000, 0x0000000089100000, 0x0000000089200000|  0%| F|  |TAMS 0x0000000089100000, 0x0000000089100000| Untracked 
|  96|0x0000000089200000, 0x0000000089200000, 0x0000000089300000|  0%| F|  |TAMS 0x0000000089200000, 0x0000000089200000| Untracked 
|  97|0x0000000089300000, 0x0000000089300000, 0x0000000089400000|  0%| F|  |TAMS 0x0000000089300000, 0x0000000089300000| Untracked 
|  98|0x0000000089400000, 0x0000000089400000, 0x0000000089500000|  0%| F|  |TAMS 0x0000000089400000, 0x0000000089400000| Untracked 
|  99|0x0000000089500000, 0x0000000089500000, 0x0000000089600000|  0%| F|  |TAMS 0x0000000089500000, 0x0000000089500000| Untracked 
| 100|0x0000000089600000, 0x0000000089600000, 0x0000000089700000|  0%| F|  |TAMS 0x0000000089600000, 0x0000000089600000| Untracked 
| 101|0x0000000089700000, 0x0000000089700000, 0x0000000089800000|  0%| F|  |TAMS 0x0000000089700000, 0x0000000089700000| Untracked 
| 102|0x0000000089800000, 0x0000000089800000, 0x0000000089900000|  0%| F|  |TAMS 0x0000000089800000, 0x0000000089800000| Untracked 
| 103|0x0000000089900000, 0x0000000089900000, 0x0000000089a00000|  0%| F|  |TAMS 0x0000000089900000, 0x0000000089900000| Untracked 
| 104|0x0000000089a00000, 0x0000000089a00000, 0x0000000089b00000|  0%| F|  |TAMS 0x0000000089a00000, 0x0000000089a00000| Untracked 
| 105|0x0000000089b00000, 0x0000000089b00000, 0x0000000089c00000|  0%| F|  |TAMS 0x0000000089b00000, 0x0000000089b00000| Untracked 
| 106|0x0000000089c00000, 0x0000000089c00000, 0x0000000089d00000|  0%| F|  |TAMS 0x0000000089c00000, 0x0000000089c00000| Untracked 
| 107|0x0000000089d00000, 0x0000000089d00000, 0x0000000089e00000|  0%| F|  |TAMS 0x0000000089d00000, 0x0000000089d00000| Untracked 
| 108|0x0000000089e00000, 0x0000000089e00000, 0x0000000089f00000|  0%| F|  |TAMS 0x0000000089e00000, 0x0000000089e00000| Untracked 
| 109|0x0000000089f00000, 0x0000000089f00000, 0x000000008a000000|  0%| F|  |TAMS 0x0000000089f00000, 0x0000000089f00000| Untracked 
| 110|0x000000008a000000, 0x000000008a000000, 0x000000008a100000|  0%| F|  |TAMS 0x000000008a000000, 0x000000008a000000| Untracked 
| 111|0x000000008a100000, 0x000000008a100000, 0x000000008a200000|  0%| F|  |TAMS 0x000000008a100000, 0x000000008a100000| Untracked 
| 112|0x000000008a200000, 0x000000008a200000, 0x000000008a300000|  0%| F|  |TAMS 0x000000008a200000, 0x000000008a200000| Untracked 
| 113|0x000000008a300000, 0x000000008a300000, 0x000000008a400000|  0%| F|  |TAMS 0x000000008a300000, 0x000000008a300000| Untracked 
| 114|0x000000008a400000, 0x000000008a400000, 0x000000008a500000|  0%| F|  |TAMS 0x000000008a400000, 0x000000008a400000| Untracked 
| 115|0x000000008a500000, 0x000000008a500000, 0x000000008a600000|  0%| F|  |TAMS 0x000000008a500000, 0x000000008a500000| Untracked 
| 116|0x000000008a600000, 0x000000008a600000, 0x000000008a700000|  0%| F|  |TAMS 0x000000008a600000, 0x000000008a600000| Untracked 
| 117|0x000000008a700000, 0x000000008a700000, 0x000000008a800000|  0%| F|  |TAMS 0x000000008a700000, 0x000000008a700000| Untracked 
| 118|0x000000008a800000, 0x000000008a800000, 0x000000008a900000|  0%| F|  |TAMS 0x000000008a800000, 0x000000008a800000| Untracked 
| 119|0x000000008a900000, 0x000000008a900000, 0x000000008aa00000|  0%| F|  |TAMS 0x000000008a900000, 0x000000008a900000| Untracked 
| 120|0x000000008aa00000, 0x000000008aa00000, 0x000000008ab00000|  0%| F|  |TAMS 0x000000008aa00000, 0x000000008aa00000| Untracked 
| 121|0x000000008ab00000, 0x000000008ab00000, 0x000000008ac00000|  0%| F|  |TAMS 0x000000008ab00000, 0x000000008ab00000| Untracked 
| 122|0x000000008ac00000, 0x000000008ac00000, 0x000000008ad00000|  0%| F|  |TAMS 0x000000008ac00000, 0x000000008ac00000| Untracked 
| 123|0x000000008ad00000, 0x000000008ad00000, 0x000000008ae00000|  0%| F|  |TAMS 0x000000008ad00000, 0x000000008ad00000| Untracked 
| 124|0x000000008ae00000, 0x000000008ae00000, 0x000000008af00000|  0%| F|  |TAMS 0x000000008ae00000, 0x000000008ae00000| Untracked 
| 125|0x000000008af00000, 0x000000008af00000, 0x000000008b000000|  0%| F|  |TAMS 0x000000008af00000, 0x000000008af00000| Untracked 
| 126|0x000000008b000000, 0x000000008b000000, 0x000000008b100000|  0%| F|  |TAMS 0x000000008b000000, 0x000000008b000000| Untracked 
| 127|0x000000008b100000, 0x000000008b100000, 0x000000008b200000|  0%| F|  |TAMS 0x000000008b100000, 0x000000008b100000| Untracked 
| 128|0x000000008b200000, 0x000000008b200000, 0x000000008b300000|  0%| F|  |TAMS 0x000000008b200000, 0x000000008b200000| Untracked 
| 129|0x000000008b300000, 0x000000008b300000, 0x000000008b400000|  0%| F|  |TAMS 0x000000008b300000, 0x000000008b300000| Untracked 
| 130|0x000000008b400000, 0x000000008b400000, 0x000000008b500000|  0%| F|  |TAMS 0x000000008b400000, 0x000000008b400000| Untracked 
| 131|0x000000008b500000, 0x000000008b500000, 0x000000008b600000|  0%| F|  |TAMS 0x000000008b500000, 0x000000008b500000| Untracked 
| 132|0x000000008b600000, 0x000000008b600000, 0x000000008b700000|  0%| F|  |TAMS 0x000000008b600000, 0x000000008b600000| Untracked 
| 133|0x000000008b700000, 0x000000008b700000, 0x000000008b800000|  0%| F|  |TAMS 0x000000008b700000, 0x000000008b700000| Untracked 
| 134|0x000000008b800000, 0x000000008b800000, 0x000000008b900000|  0%| F|  |TAMS 0x000000008b800000, 0x000000008b800000| Untracked 
| 135|0x000000008b900000, 0x000000008b900000, 0x000000008ba00000|  0%| F|  |TAMS 0x000000008b900000, 0x000000008b900000| Untracked 
| 136|0x000000008ba00000, 0x000000008ba00000, 0x000000008bb00000|  0%| F|  |TAMS 0x000000008ba00000, 0x000000008ba00000| Untracked 
| 137|0x000000008bb00000, 0x000000008bb00000, 0x000000008bc00000|  0%| F|  |TAMS 0x000000008bb00000, 0x000000008bb00000| Untracked 
| 138|0x000000008bc00000, 0x000000008bc00000, 0x000000008bd00000|  0%| F|  |TAMS 0x000000008bc00000, 0x000000008bc00000| Untracked 
| 139|0x000000008bd00000, 0x000000008bd00000, 0x000000008be00000|  0%| F|  |TAMS 0x000000008bd00000, 0x000000008bd00000| Untracked 
| 140|0x000000008be00000, 0x000000008be00000, 0x000000008bf00000|  0%| F|  |TAMS 0x000000008be00000, 0x000000008be00000| Untracked 
| 141|0x000000008bf00000, 0x000000008bf00000, 0x000000008c000000|  0%| F|  |TAMS 0x000000008bf00000, 0x000000008bf00000| Untracked 
| 142|0x000000008c000000, 0x000000008c000000, 0x000000008c100000|  0%| F|  |TAMS 0x000000008c000000, 0x000000008c000000| Untracked 
| 143|0x000000008c100000, 0x000000008c100000, 0x000000008c200000|  0%| F|  |TAMS 0x000000008c100000, 0x000000008c100000| Untracked 
| 144|0x000000008c200000, 0x000000008c200000, 0x000000008c300000|  0%| F|  |TAMS 0x000000008c200000, 0x000000008c200000| Untracked 
| 145|0x000000008c300000, 0x000000008c300000, 0x000000008c400000|  0%| F|  |TAMS 0x000000008c300000, 0x000000008c300000| Untracked 
| 146|0x000000008c400000, 0x000000008c400000, 0x000000008c500000|  0%| F|  |TAMS 0x000000008c400000, 0x000000008c400000| Untracked 
| 147|0x000000008c500000, 0x000000008c500000, 0x000000008c600000|  0%| F|  |TAMS 0x000000008c500000, 0x000000008c500000| Untracked 
| 148|0x000000008c600000, 0x000000008c600000, 0x000000008c700000|  0%| F|  |TAMS 0x000000008c600000, 0x000000008c600000| Untracked 
| 149|0x000000008c700000, 0x000000008c700000, 0x000000008c800000|  0%| F|  |TAMS 0x000000008c700000, 0x000000008c700000| Untracked 
| 150|0x000000008c800000, 0x000000008c800000, 0x000000008c900000|  0%| F|  |TAMS 0x000000008c800000, 0x000000008c800000| Untracked 
| 151|0x000000008c900000, 0x000000008c900000, 0x000000008ca00000|  0%| F|  |TAMS 0x000000008c900000, 0x000000008c900000| Untracked 
| 152|0x000000008ca00000, 0x000000008ca00000, 0x000000008cb00000|  0%| F|  |TAMS 0x000000008ca00000, 0x000000008ca00000| Untracked 
| 153|0x000000008cb00000, 0x000000008cb00000, 0x000000008cc00000|  0%| F|  |TAMS 0x000000008cb00000, 0x000000008cb00000| Untracked 
| 154|0x000000008cc00000, 0x000000008cc00000, 0x000000008cd00000|  0%| F|  |TAMS 0x000000008cc00000, 0x000000008cc00000| Untracked 
| 155|0x000000008cd00000, 0x000000008cd00000, 0x000000008ce00000|  0%| F|  |TAMS 0x000000008cd00000, 0x000000008cd00000| Untracked 
| 156|0x000000008ce00000, 0x000000008ce00000, 0x000000008cf00000|  0%| F|  |TAMS 0x000000008ce00000, 0x000000008ce00000| Untracked 
| 157|0x000000008cf00000, 0x000000008cf00000, 0x000000008d000000|  0%| F|  |TAMS 0x000000008cf00000, 0x000000008cf00000| Untracked 
| 158|0x000000008d000000, 0x000000008d000000, 0x000000008d100000|  0%| F|  |TAMS 0x000000008d000000, 0x000000008d000000| Untracked 
| 159|0x000000008d100000, 0x000000008d100000, 0x000000008d200000|  0%| F|  |TAMS 0x000000008d100000, 0x000000008d100000| Untracked 
| 160|0x000000008d200000, 0x000000008d200000, 0x000000008d300000|  0%| F|  |TAMS 0x000000008d200000, 0x000000008d200000| Untracked 
| 161|0x000000008d300000, 0x000000008d3a0d18, 0x000000008d400000| 62%| S|CS|TAMS 0x000000008d300000, 0x000000008d300000| Complete 
| 162|0x000000008d400000, 0x000000008d400000, 0x000000008d500000|  0%| F|  |TAMS 0x000000008d400000, 0x000000008d400000| Untracked 
| 163|0x000000008d500000, 0x000000008d500000, 0x000000008d600000|  0%| F|  |TAMS 0x000000008d500000, 0x000000008d500000| Untracked 
| 164|0x000000008d600000, 0x000000008d600000, 0x000000008d700000|  0%| F|  |TAMS 0x000000008d600000, 0x000000008d600000| Untracked 
| 165|0x000000008d700000, 0x000000008d700000, 0x000000008d800000|  0%| F|  |TAMS 0x000000008d700000, 0x000000008d700000| Untracked 
| 166|0x000000008d800000, 0x000000008d800000, 0x000000008d900000|  0%| F|  |TAMS 0x000000008d800000, 0x000000008d800000| Untracked 
| 167|0x000000008d900000, 0x000000008d900000, 0x000000008da00000|  0%| F|  |TAMS 0x000000008d900000, 0x000000008d900000| Untracked 
| 168|0x000000008da00000, 0x000000008da00000, 0x000000008db00000|  0%| F|  |TAMS 0x000000008da00000, 0x000000008da00000| Untracked 
| 169|0x000000008db00000, 0x000000008db00000, 0x000000008dc00000|  0%| F|  |TAMS 0x000000008db00000, 0x000000008db00000| Untracked 

Card table byte_map: [0x00000230ff9d0000,0x00000230ffdc0000] _byte_map_base: 0x00000230ff5b7000

Marking Bits (Prev, Next): (CMBitMap*) 0x00000230ff46ea10, (CMBitMap*) 0x00000230ff46ea50
 Prev Bits: [0x0000023085fb0000, 0x0000023087ee8000)
 Next Bits: [0x0000023087ef0000, 0x0000023089e28000)

Polling page: 0x00000230febd0000

Metaspace:

Usage:
  Non-class:     30.44 MB used.
      Class:      4.55 MB used.
       Both:     34.98 MB used.

Virtual space:
  Non-class space:       32.00 MB reserved,      30.62 MB ( 96%) committed,  4 nodes.
      Class space:        1.00 GB reserved,       4.69 MB ( <1%) committed,  1 nodes.
             Both:        1.03 GB reserved,      35.31 MB (  3%) committed. 

Chunk freelists:
   Non-Class:  990.00 KB
       Class:  3.14 MB
        Both:  4.11 MB

MaxMetaspaceSize: unlimited
CompressedClassSpaceSize: 1.00 GB
Initial GC threshold: 21.00 MB
Current GC threshold: 57.94 MB
CDS: off
MetaspaceReclaimPolicy: balanced
 - commit_granule_bytes: 65536.
 - commit_granule_words: 8192.
 - virtual_space_node_default_size: 1048576.
 - enlarge_chunks_in_place: 1.
 - new_chunks_are_fully_committed: 0.
 - uncommit_free_chunks: 1.
 - use_allocation_guard: 0.
 - handle_deallocations: 1.


Internal statistics:

num_allocs_failed_limit: 3.
num_arena_births: 338.
num_arena_deaths: 0.
num_vsnodes_births: 5.
num_vsnodes_deaths: 0.
num_space_committed: 565.
num_space_uncommitted: 0.
num_chunks_returned_to_freelist: 3.
num_chunks_taken_from_freelist: 1362.
num_chunk_merges: 3.
num_chunk_splits: 933.
num_chunks_enlarged: 718.
num_purges: 0.
num_inconsistent_stats: 0.

CodeCache: size=49152Kb used=8849Kb max_used=8849Kb free=40302Kb
 bounds [0x0000023082bc0000, 0x00000230834f0000, 0x0000023085bc0000]
 total_blobs=4172 nmethods=3647 adapters=449
 compilation: enabled
              stopped_count=0, restarted_count=0
 full_count=0

Compilation events (20 events):
Event: 5.565 Thread 0x000002308d2755c0 nmethod 3629 0x0000023082f97210 code [0x0000023082f973a0, 0x0000023082f97458]
Event: 5.565 Thread 0x000002308d2755c0 3655       1       io.github.classgraph.Classfile::readMethods (1501 bytes)
Event: 5.566 Thread 0x000002308d051730 nmethod 3635 0x0000023082f94a90 code [0x0000023082f94c80, 0x0000023082f94fe8]
Event: 5.566 Thread 0x000002308d277930 nmethod 3634 0x0000023082f95290 code [0x0000023082f956a0, 0x0000023082f968c8]
Event: 5.566 Thread 0x000002308d051730 3628       1       io.github.classgraph.Scanner$ClassfileScanWorkUnit::access$400 (5 bytes)
Event: 5.566 Thread 0x000002308d277930 3647       1       io.github.classgraph.ClasspathElementModule$1::close (65 bytes)
Event: 5.566 Thread 0x000002308d051730 nmethod 3628 0x0000023082f94790 code [0x0000023082f94920, 0x0000023082f949d8]
Event: 5.566 Thread 0x000002308d051730 3627       1       java.util.concurrent.ConcurrentLinkedQueue::add (6 bytes)
Event: 5.566 Thread 0x000002308d051730 nmethod 3627 0x0000023082f94490 code [0x0000023082f94620, 0x0000023082f94708]
Event: 5.566 Thread 0x000002308d051730 3649       1       java.lang.Math::min (12 bytes)
Event: 5.566 Thread 0x000002308d051730 nmethod 3649 0x0000023082f94190 code [0x0000023082f94320, 0x0000023082f943d8]
Event: 5.567 Thread 0x000002308d051730 3632       1       io.github.classgraph.ClasspathElementModule::access$000 (5 bytes)
Event: 5.567 Thread 0x000002308d051730 nmethod 3632 0x0000023082f93e90 code [0x0000023082f94020, 0x0000023082f940d8]
Event: 5.567 Thread 0x000002308d051730 3626       1       java.util.concurrent.ConcurrentLinkedQueue$Node::<init> (13 bytes)
Event: 5.567 Thread 0x000002308d277930 nmethod 3647 0x0000023082f93590 code [0x0000023082f93780, 0x0000023082f93bb8]
Event: 5.567 Thread 0x000002308d277930 3659       1       jdk.internal.jimage.decompressor.CompressedResourceHeader::readFromResource (104 bytes)
Event: 5.567 Thread 0x000002308d051730 nmethod 3626 0x0000023082f92f10 code [0x0000023082f930e0, 0x0000023082f93418]
Event: 5.567 Thread 0x000002308d051730 3661   !   1       jdk.internal.misc.ScopedMemoryAccess::getLongUnalignedInternal (38 bytes)
Event: 5.568 Thread 0x000002308d051730 nmethod 3661 0x0000023082f92a90 code [0x0000023082f92c40, 0x0000023082f92db8]
Event: 5.568 Thread 0x000002308d051730 3657       1       io.github.classgraph.Classfile::scheduleScanningIfExternalClass (367 bytes)

GC Heap History (20 events):
Event: 3.904 GC heap after
{Heap after GC invocations=10 (full 0):
 garbage-first heap   total 62464K, used 29431K [0x0000000083200000, 0x0000000100000000)
  region size 1024K, 3 young (3072K), 3 survivors (3072K)
 Metaspace       used 33625K, committed 33984K, reserved 1081344K
  class space    used 4278K, committed 4480K, reserved 1048576K
}
Event: 3.932 GC heap before
{Heap before GC invocations=10 (full 0):
 garbage-first heap   total 62464K, used 44791K [0x0000000083200000, 0x0000000100000000)
  region size 1024K, 18 young (18432K), 3 survivors (3072K)
 Metaspace       used 33718K, committed 34048K, reserved 1081344K
  class space    used 4296K, committed 4480K, reserved 1048576K
}
Event: 3.935 GC heap after
{Heap after GC invocations=11 (full 0):
 garbage-first heap   total 84992K, used 32655K [0x0000000083200000, 0x0000000100000000)
  region size 1024K, 3 young (3072K), 3 survivors (3072K)
 Metaspace       used 33718K, committed 34048K, reserved 1081344K
  class space    used 4296K, committed 4480K, reserved 1048576K
}
Event: 4.010 GC heap before
{Heap before GC invocations=11 (full 0):
 garbage-first heap   total 84992K, used 61327K [0x0000000083200000, 0x0000000100000000)
  region size 1024K, 31 young (31744K), 3 survivors (3072K)
 Metaspace       used 34027K, committed 34304K, reserved 1081344K
  class space    used 4337K, committed 4480K, reserved 1048576K
}
Event: 4.015 GC heap after
{Heap after GC invocations=12 (full 0):
 garbage-first heap   total 84992K, used 37229K [0x0000000083200000, 0x0000000100000000)
  region size 1024K, 4 young (4096K), 4 survivors (4096K)
 Metaspace       used 34027K, committed 34304K, reserved 1081344K
  class space    used 4337K, committed 4480K, reserved 1048576K
}
Event: 4.072 GC heap before
{Heap before GC invocations=12 (full 0):
 garbage-first heap   total 84992K, used 60781K [0x0000000083200000, 0x0000000100000000)
  region size 1024K, 28 young (28672K), 4 survivors (4096K)
 Metaspace       used 34177K, committed 34496K, reserved 1081344K
  class space    used 4357K, committed 4544K, reserved 1048576K
}
Event: 4.082 GC heap after
{Heap after GC invocations=13 (full 0):
 garbage-first heap   total 84992K, used 45050K [0x0000000083200000, 0x0000000100000000)
  region size 1024K, 4 young (4096K), 4 survivors (4096K)
 Metaspace       used 34177K, committed 34496K, reserved 1081344K
  class space    used 4357K, committed 4544K, reserved 1048576K
}
Event: 4.304 GC heap before
{Heap before GC invocations=13 (full 0):
 garbage-first heap   total 84992K, used 61434K [0x0000000083200000, 0x0000000100000000)
  region size 1024K, 21 young (21504K), 4 survivors (4096K)
 Metaspace       used 35055K, committed 35456K, reserved 1081344K
  class space    used 4491K, committed 4672K, reserved 1048576K
}
Event: 4.311 GC heap after
{Heap after GC invocations=14 (full 0):
 garbage-first heap   total 84992K, used 48721K [0x0000000083200000, 0x0000000100000000)
  region size 1024K, 3 young (3072K), 3 survivors (3072K)
 Metaspace       used 35055K, committed 35456K, reserved 1081344K
  class space    used 4491K, committed 4672K, reserved 1048576K
}
Event: 4.449 GC heap before
{Heap before GC invocations=15 (full 0):
 garbage-first heap   total 87040K, used 64081K [0x0000000083200000, 0x0000000100000000)
  region size 1024K, 18 young (18432K), 3 survivors (3072K)
 Metaspace       used 35526K, committed 35840K, reserved 1081344K
  class space    used 4596K, committed 4736K, reserved 1048576K
}
Event: 4.456 GC heap after
{Heap after GC invocations=16 (full 0):
 garbage-first heap   total 87040K, used 55777K [0x0000000083200000, 0x0000000100000000)
  region size 1024K, 3 young (3072K), 3 survivors (3072K)
 Metaspace       used 35526K, committed 35840K, reserved 1081344K
  class space    used 4596K, committed 4736K, reserved 1048576K
}
Event: 4.458 GC heap before
{Heap before GC invocations=16 (full 0):
 garbage-first heap   total 87040K, used 56801K [0x0000000083200000, 0x0000000100000000)
  region size 1024K, 4 young (4096K), 3 survivors (3072K)
 Metaspace       used 35535K, committed 35840K, reserved 1081344K
  class space    used 4599K, committed 4736K, reserved 1048576K
}
Event: 5.463 GC heap after
{Heap after GC invocations=17 (full 0):
 garbage-first heap   total 174080K, used 56764K [0x0000000083200000, 0x0000000100000000)
  region size 1024K, 1 young (1024K), 1 survivors (1024K)
 Metaspace       used 35535K, committed 35840K, reserved 1081344K
  class space    used 4599K, committed 4736K, reserved 1048576K
}
Event: 5.494 GC heap before
{Heap before GC invocations=17 (full 0):
 garbage-first heap   total 174080K, used 63932K [0x0000000083200000, 0x0000000100000000)
  region size 1024K, 8 young (8192K), 1 survivors (1024K)
 Metaspace       used 35601K, committed 35968K, reserved 1081344K
  class space    used 4615K, committed 4800K, reserved 1048576K
}
Event: 5.498 GC heap after
{Heap after GC invocations=18 (full 0):
 garbage-first heap   total 174080K, used 60227K [0x0000000083200000, 0x0000000100000000)
  region size 1024K, 1 young (1024K), 1 survivors (1024K)
 Metaspace       used 35601K, committed 35968K, reserved 1081344K
  class space    used 4615K, committed 4800K, reserved 1048576K
}
Event: 5.526 GC heap before
{Heap before GC invocations=18 (full 0):
 garbage-first heap   total 174080K, used 67395K [0x0000000083200000, 0x0000000100000000)
  region size 1024K, 8 young (8192K), 1 survivors (1024K)
 Metaspace       used 35703K, committed 36032K, reserved 1081344K
  class space    used 4640K, committed 4800K, reserved 1048576K
}
Event: 5.542 GC heap after
{Heap after GC invocations=19 (full 0):
 garbage-first heap   total 174080K, used 66332K [0x0000000083200000, 0x0000000100000000)
  region size 1024K, 1 young (1024K), 1 survivors (1024K)
 Metaspace       used 35703K, committed 36032K, reserved 1081344K
  class space    used 4640K, committed 4800K, reserved 1048576K
}
Event: 5.557 GC heap before
{Heap before GC invocations=19 (full 0):
 garbage-first heap   total 174080K, used 72476K [0x0000000083200000, 0x0000000100000000)
  region size 1024K, 8 young (8192K), 1 survivors (1024K)
 Metaspace       used 35820K, committed 36160K, reserved 1081344K
  class space    used 4654K, committed 4800K, reserved 1048576K
}
Event: 5.560 GC heap after
{Heap after GC invocations=20 (full 0):
 garbage-first heap   total 174080K, used 67147K [0x0000000083200000, 0x0000000100000000)
  region size 1024K, 1 young (1024K), 1 survivors (1024K)
 Metaspace       used 35820K, committed 36160K, reserved 1081344K
  class space    used 4654K, committed 4800K, reserved 1048576K
}
Event: 5.569 GC heap before
{Heap before GC invocations=20 (full 0):
 garbage-first heap   total 174080K, used 73291K [0x0000000083200000, 0x0000000100000000)
  region size 1024K, 8 young (8192K), 1 survivors (1024K)
 Metaspace       used 35823K, committed 36160K, reserved 1081344K
  class space    used 4656K, committed 4800K, reserved 1048576K
}

Deoptimization events (12 events):
Event: 2.045 Thread 0x00000230ff413010 DEOPT PACKING pc=0x0000023083111d19 sp=0x0000009b535fd620
Event: 2.045 Thread 0x00000230ff413010 DEOPT UNPACKING pc=0x0000023082c16763 sp=0x0000009b535fcb00 mode 3
Event: 3.552 Thread 0x00000230ff413010 DEOPT PACKING pc=0x0000023083283b99 sp=0x0000009b535fc990
Event: 3.552 Thread 0x00000230ff413010 DEOPT UNPACKING pc=0x0000023082c16763 sp=0x0000009b535fbe70 mode 3
Event: 3.649 Thread 0x000002308ef5f870 DEOPT PACKING pc=0x00000230832da6ab sp=0x0000009b554fe4c0
Event: 3.649 Thread 0x000002308ef5f870 DEOPT UNPACKING pc=0x0000023082c16763 sp=0x0000009b554fda08 mode 3
Event: 3.861 Thread 0x000002308ef21ee0 DEOPT PACKING pc=0x0000023083110a01 sp=0x0000009b55cfeec0
Event: 3.861 Thread 0x000002308ef21ee0 DEOPT UNPACKING pc=0x0000023082c16763 sp=0x0000009b55cfe350 mode 3
Event: 4.295 Thread 0x000002308f6a49b0 DEOPT PACKING pc=0x0000023083444c35 sp=0x0000009b566fd6d0
Event: 4.295 Thread 0x000002308f6a49b0 DEOPT UNPACKING pc=0x0000023082c16763 sp=0x0000009b566fcbf8 mode 3
Event: 4.399 Thread 0x000002308f17c570 DEOPT PACKING pc=0x000002308310cd97 sp=0x0000009b556fecf0
Event: 4.399 Thread 0x000002308f17c570 DEOPT UNPACKING pc=0x0000023082c16763 sp=0x0000009b556fe148 mode 3

Classes unloaded (0 events):
No events

Classes redefined (0 events):
No events

Internal exceptions (20 events):
Event: 3.692 Thread 0x000002308f17c570 Exception <a 'sun/nio/fs/WindowsException'{0x0000000086524368}> (0x0000000086524368) 
thrown [s\src\hotspot\share\prims\jni.cpp, line 516]
Event: 3.692 Thread 0x000002308f17c570 Exception <a 'sun/nio/fs/WindowsException'{0x0000000086524710}> (0x0000000086524710) 
thrown [s\src\hotspot\share\prims\jni.cpp, line 516]
Event: 3.692 Thread 0x000002308f17c570 Exception <a 'sun/nio/fs/WindowsException'{0x0000000086525110}> (0x0000000086525110) 
thrown [s\src\hotspot\share\prims\jni.cpp, line 516]
Event: 3.692 Thread 0x000002308f17c570 Exception <a 'sun/nio/fs/WindowsException'{0x00000000865254d0}> (0x00000000865254d0) 
thrown [s\src\hotspot\share\prims\jni.cpp, line 516]
Event: 3.692 Thread 0x000002308f17c570 Exception <a 'sun/nio/fs/WindowsException'{0x0000000086525ed0}> (0x0000000086525ed0) 
thrown [s\src\hotspot\share\prims\jni.cpp, line 516]
Event: 3.692 Thread 0x000002308f17c570 Exception <a 'sun/nio/fs/WindowsException'{0x0000000086526280}> (0x0000000086526280) 
thrown [s\src\hotspot\share\prims\jni.cpp, line 516]
Event: 3.692 Thread 0x000002308f17c570 Exception <a 'sun/nio/fs/WindowsException'{0x0000000086526c80}> (0x0000000086526c80) 
thrown [s\src\hotspot\share\prims\jni.cpp, line 516]
Event: 3.692 Thread 0x000002308f17c570 Exception <a 'sun/nio/fs/WindowsException'{0x0000000086527040}> (0x0000000086527040) 
thrown [s\src\hotspot\share\prims\jni.cpp, line 516]
Event: 3.692 Thread 0x000002308f17c570 Exception <a 'sun/nio/fs/WindowsException'{0x0000000086527a68}> (0x0000000086527a68) 
thrown [s\src\hotspot\share\prims\jni.cpp, line 516]
Event: 3.692 Thread 0x000002308f17c570 Exception <a 'sun/nio/fs/WindowsException'{0x0000000086527e48}> (0x0000000086527e48) 
thrown [s\src\hotspot\share\prims\jni.cpp, line 516]
Event: 3.693 Thread 0x000002308f17c570 Exception <a 'sun/nio/fs/WindowsException'{0x0000000086528880}> (0x0000000086528880) 
thrown [s\src\hotspot\share\prims\jni.cpp, line 516]
Event: 3.693 Thread 0x000002308f17c570 Exception <a 'sun/nio/fs/WindowsException'{0x0000000086528c70}> (0x0000000086528c70) 
thrown [s\src\hotspot\share\prims\jni.cpp, line 516]
Event: 3.693 Thread 0x000002308f17c570 Exception <a 'sun/nio/fs/WindowsException'{0x0000000086529698}> (0x0000000086529698) 
thrown [s\src\hotspot\share\prims\jni.cpp, line 516]
Event: 3.693 Thread 0x000002308f17c570 Exception <a 'sun/nio/fs/WindowsException'{0x0000000086529a88}> (0x0000000086529a88) 
thrown [s\src\hotspot\share\prims\jni.cpp, line 516]
Event: 3.781 Thread 0x00000230ff413010 Exception <a 'java/lang/NoSuchMethodError'{0x000000008af48000}: 'java.lang.Object java.lang.invoke.DirectMethodHandle$Holder.newInvokeSpecial(java.lang.Object, java.lang.Object, int, java.lang.Object, java.lang.Object)'> (0x000000008af48000) 
thrown [s\src\hotspot\share\interpreter\linkResolver.cpp, line 759]
Event: 3.784 Thread 0x00000230ff413010 Exception <a 'java/lang/NoSuchMethodError'{0x0000000086956690}: 'java.lang.Object java.lang.invoke.DirectMethodHandle$Holder.invokeSpecial(java.lang.Object, java.lang.Object, int, java.lang.Object, int, java.lang.Object)'> (0x0000000086956690) 
thrown [s\src\hotspot\share\interpreter\linkResolver.cpp, line 759]
Event: 3.785 Thread 0x00000230ff413010 Exception <a 'java/lang/NoSuchMethodError'{0x000000008695e490}: 'java.lang.Object java.lang.invoke.DirectMethodHandle$Holder.newInvokeSpecial(java.lang.Object, java.lang.Object, int, java.lang.Object, int)'> (0x000000008695e490) 
thrown [s\src\hotspot\share\interpreter\linkResolver.cpp, line 759]
Event: 3.785 Thread 0x00000230ff413010 Exception <a 'java/lang/NoSuchMethodError'{0x0000000086962590}: 'java.lang.Object java.lang.invoke.DirectMethodHandle$Holder.invokeSpecial(java.lang.Object, java.lang.Object, java.lang.Object, int, java.lang.Object, int)'> (0x0000000086962590) 
thrown [s\src\hotspot\share\interpreter\linkResolver.cpp, line 759]
Event: 4.266 Thread 0x000002308ef22d50 Exception <a 'java/lang/NoSuchMethodError'{0x0000000087592a30}: 'java.lang.Object java.lang.invoke.DirectMethodHandle$Holder.invokeStatic(java.lang.Object, java.lang.Object, java.lang.Object, int, java.lang.Object, java.lang.Object)'> (0x0000000087592a30) 
thrown [s\src\hotspot\share\interpreter\linkResolver.cpp, line 759]
Event: 4.289 Thread 0x000002308f6a49b0 Exception <a 'java/lang/NoSuchMethodError'{0x000000008743ba78}: 'java.lang.Object java.lang.invoke.DirectMethodHandle$Holder.invokeStatic(java.lang.Object, int, java.lang.Object)'> (0x000000008743ba78) 
thrown [s\src\hotspot\share\interpreter\linkResolver.cpp, line 759]

VM Operations (20 events):
Event: 4.315 Executing VM operation: G1CollectForAllocation done
Event: 4.360 Executing VM operation: G1Concurrent
Event: 4.371 Executing VM operation: G1Concurrent done
Event: 4.392 Executing VM operation: G1Concurrent
Event: 4.394 Executing VM operation: G1Concurrent done
Event: 4.397 Executing VM operation: HandshakeAllThreads
Event: 4.397 Executing VM operation: HandshakeAllThreads done
Event: 4.449 Executing VM operation: G1CollectForAllocation
Event: 4.456 Executing VM operation: G1CollectForAllocation done
Event: 4.458 Executing VM operation: G1CollectForAllocation
Event: 5.463 Executing VM operation: G1CollectForAllocation done
Event: 5.494 Executing VM operation: G1CollectForAllocation
Event: 5.498 Executing VM operation: G1CollectForAllocation done
Event: 5.526 Executing VM operation: G1CollectForAllocation
Event: 5.542 Executing VM operation: G1CollectForAllocation done
Event: 5.556 Executing VM operation: G1CollectForAllocation
Event: 5.561 Executing VM operation: G1CollectForAllocation done
Event: 5.568 Executing VM operation: G1CollectForAllocation
Event: 5.568 Executing VM operation: G1CollectForAllocation done
Event: 5.569 Executing VM operation: G1CollectForAllocation

Events (20 events):
Event: 4.323 loading class java/util/ServiceConfigurationError
Event: 4.323 loading class java/util/ServiceConfigurationError done
Event: 4.326 Thread 0x000002308f6a5820 Thread added: 0x000002308f6a5820
Event: 4.345 Thread 0x000002308f6a3670 Thread added: 0x000002308f6a3670
Event: 4.347 Thread 0x000002308f6a4e80 Thread added: 0x000002308f6a4e80
Event: 4.348 Thread 0x000002308f6a3b40 Thread added: 0x000002308f6a3b40
Event: 4.349 Thread 0x000002308f6a31a0 Thread added: 0x000002308f6a31a0
Event: 4.371 loading class java/util/concurrent/ConcurrentHashMap$ValueSpliterator
Event: 4.371 loading class java/util/concurrent/ConcurrentHashMap$ValueSpliterator done
Event: 4.372 loading class java/util/concurrent/atomic/AtomicLongFieldUpdater
Event: 4.372 loading class java/util/concurrent/atomic/AtomicLongFieldUpdater done
Event: 4.372 loading class java/util/concurrent/atomic/AtomicLongFieldUpdater$CASUpdater
Event: 4.373 loading class java/util/concurrent/atomic/AtomicLongFieldUpdater$CASUpdater done
Event: 4.373 loading class java/util/concurrent/atomic/AtomicLongFieldUpdater$CASUpdater$1
Event: 4.373 loading class java/util/concurrent/atomic/AtomicLongFieldUpdater$CASUpdater$1 done
Event: 4.456 Thread 0x000002308f6a2cd0 Thread added: 0x000002308f6a2cd0
Event: 5.514 Thread 0x000002308d275ad0 Thread exited: 0x000002308d275ad0
Event: 5.525 Thread 0x000002308d2755c0 Thread exited: 0x000002308d2755c0
Event: 5.560 Thread 0x000002308d277930 Thread added: 0x000002308d277930
Event: 5.560 Thread 0x000002308d2755c0 Thread added: 0x000002308d2755c0


Dynamic libraries:
0x00007ff6a53b0000 - 0x00007ff6a53be000 	c:\Users\datea\.vscode\extensions\redhat.java-1.11.0-win32-x64\jre\17.0.4.1-win32-x86_64\bin\java.exe
0x00007fff837d0000 - 0x00007fff839e9000 	C:\WINDOWS\SYSTEM32\ntdll.dll
0x00007fff815a0000 - 0x00007fff81662000 	C:\WINDOWS\System32\KERNEL32.DLL
0x00007fff80c30000 - 0x00007fff80fcf000 	C:\WINDOWS\System32\KERNELBASE.dll
0x00007fff7da30000 - 0x00007fff7dac6000 	C:\WINDOWS\SYSTEM32\apphelp.dll
0x00007fff81140000 - 0x00007fff8125b000 	C:\WINDOWS\System32\ucrtbase.dll
0x00007fff78830000 - 0x00007fff78848000 	c:\Users\datea\.vscode\extensions\redhat.java-1.11.0-win32-x64\jre\17.0.4.1-win32-x86_64\bin\jli.dll
0x00007fff7a080000 - 0x00007fff7a099000 	c:\Users\datea\.vscode\extensions\redhat.java-1.11.0-win32-x64\jre\17.0.4.1-win32-x86_64\bin\VCRUNTIME140.dll
0x00007fff83210000 - 0x00007fff833bc000 	C:\WINDOWS\System32\USER32.dll
0x00007fff81500000 - 0x00007fff81526000 	C:\WINDOWS\System32\win32u.dll
0x00007fff610a0000 - 0x00007fff61331000 	C:\WINDOWS\WinSxS\amd64_microsoft.windows.common-controls_6595b64144ccf1df_6.0.25217.1010_none_7b5ae231f1b4915b\COMCTL32.dll
0x00007fff83120000 - 0x00007fff83149000 	C:\WINDOWS\System32\GDI32.dll
0x00007fff83580000 - 0x00007fff83627000 	C:\WINDOWS\System32\msvcrt.dll
0x00007fff813e0000 - 0x00007fff814f6000 	C:\WINDOWS\System32\gdi32full.dll
0x00007fff810a0000 - 0x00007fff8113a000 	C:\WINDOWS\System32\msvcp_win.dll
0x00007fff817d0000 - 0x00007fff81801000 	C:\WINDOWS\System32\IMM32.DLL
0x00007fff7cc70000 - 0x00007fff7cc7c000 	c:\Users\datea\.vscode\extensions\redhat.java-1.11.0-win32-x64\jre\17.0.4.1-win32-x86_64\bin\vcruntime140_1.dll
0x00007fff3d950000 - 0x00007fff3d9e1000 	c:\Users\datea\.vscode\extensions\redhat.java-1.11.0-win32-x64\jre\17.0.4.1-win32-x86_64\bin\msvcp140.dll
0x00007fff3a660000 - 0x00007fff3b2a6000 	c:\Users\datea\.vscode\extensions\redhat.java-1.11.0-win32-x64\jre\17.0.4.1-win32-x86_64\bin\server\jvm.dll
0x00007fff81d70000 - 0x00007fff81e1e000 	C:\WINDOWS\System32\ADVAPI32.dll
0x00007fff81810000 - 0x00007fff818b6000 	C:\WINDOWS\System32\sechost.dll
0x00007fff82b10000 - 0x00007fff82c37000 	C:\WINDOWS\System32\RPCRT4.dll
0x00007fff833d0000 - 0x00007fff833d8000 	C:\WINDOWS\System32\PSAPI.DLL
0x00007fff69f50000 - 0x00007fff69f59000 	C:\WINDOWS\SYSTEM32\WSOCK32.dll
0x00007fff79e30000 - 0x00007fff79e65000 	C:\WINDOWS\SYSTEM32\WINMM.dll
0x00007fff79e70000 - 0x00007fff79e7a000 	C:\WINDOWS\SYSTEM32\VERSION.dll
0x00007fff822a0000 - 0x00007fff8230f000 	C:\WINDOWS\System32\WS2_32.dll
0x00007fff7fb60000 - 0x00007fff7fb78000 	C:\WINDOWS\SYSTEM32\kernel.appcore.dll
0x00007fff7cbc0000 - 0x00007fff7cbca000 	c:\Users\datea\.vscode\extensions\redhat.java-1.11.0-win32-x64\jre\17.0.4.1-win32-x86_64\bin\jimage.dll
0x00007fff7e470000 - 0x00007fff7e6a3000 	C:\WINDOWS\SYSTEM32\DBGHELP.DLL
0x00007fff81f10000 - 0x00007fff82293000 	C:\WINDOWS\System32\combase.dll
0x00007fff81940000 - 0x00007fff81a18000 	C:\WINDOWS\System32\OLEAUT32.dll
0x00007fff6d4c0000 - 0x00007fff6d4f2000 	C:\WINDOWS\SYSTEM32\dbgcore.DLL
0x00007fff80bb0000 - 0x00007fff80c29000 	C:\WINDOWS\System32\bcryptPrimitives.dll
0x00007fff71450000 - 0x00007fff71475000 	c:\Users\datea\.vscode\extensions\redhat.java-1.11.0-win32-x64\jre\17.0.4.1-win32-x86_64\bin\java.dll
0x00007fff787e0000 - 0x00007fff787f8000 	c:\Users\datea\.vscode\extensions\redhat.java-1.11.0-win32-x64\jre\17.0.4.1-win32-x86_64\bin\zip.dll
0x00007fff82330000 - 0x00007fff82aff000 	C:\WINDOWS\System32\SHELL32.dll
0x00007fff7eab0000 - 0x00007fff7f345000 	C:\WINDOWS\SYSTEM32\windows.storage.dll
0x00007fff7e910000 - 0x00007fff7eaa3000 	C:\WINDOWS\SYSTEM32\wintypes.dll
0x00007fff81e20000 - 0x00007fff81f0b000 	C:\WINDOWS\System32\SHCORE.dll
0x00007fff81670000 - 0x00007fff816cd000 	C:\WINDOWS\System32\shlwapi.dll
0x00007fff80ae0000 - 0x00007fff80b01000 	C:\WINDOWS\SYSTEM32\profapi.dll
0x00007fff71580000 - 0x00007fff71599000 	C:\Users\datea\.vscode\extensions\redhat.java-1.11.0-win32-x64\jre\17.0.4.1-win32-x86_64\bin\net.dll
0x00007fff79a30000 - 0x00007fff79b5b000 	C:\WINDOWS\SYSTEM32\WINHTTP.dll
0x00007fff80010000 - 0x00007fff80079000 	C:\WINDOWS\system32\mswsock.dll
0x00007fff70d10000 - 0x00007fff70d25000 	C:\Users\datea\.vscode\extensions\redhat.java-1.11.0-win32-x64\jre\17.0.4.1-win32-x86_64\bin\nio.dll
0x00007fff70cf0000 - 0x00007fff70d00000 	c:\Users\datea\.vscode\extensions\redhat.java-1.11.0-win32-x64\jre\17.0.4.1-win32-x86_64\bin\verify.dll
0x00007fff7da00000 - 0x00007fff7da09000 	C:\Users\datea\.vscode\extensions\redhat.java-1.11.0-win32-x64\jre\17.0.4.1-win32-x86_64\bin\management.dll
0x00007fff7d9f0000 - 0x00007fff7d9fb000 	C:\Users\datea\.vscode\extensions\redhat.java-1.11.0-win32-x64\jre\17.0.4.1-win32-x86_64\bin\management_ext.dll
0x00007fff30650000 - 0x00007fff30667000 	C:\WINDOWS\system32\napinsp.dll
0x00007fff2e660000 - 0x00007fff2e67a000 	C:\WINDOWS\system32\pnrpnsp.dll
0x00007fff6baa0000 - 0x00007fff6bac1000 	C:\WINDOWS\system32\nlansp_c.dll
0x00007fff7f630000 - 0x00007fff7f72f000 	C:\WINDOWS\SYSTEM32\DNSAPI.dll
0x00007fff7f5c0000 - 0x00007fff7f5ee000 	C:\WINDOWS\SYSTEM32\IPHLPAPI.DLL
0x00007fff82320000 - 0x00007fff82329000 	C:\WINDOWS\System32\NSI.dll
0x00007fff2dfd0000 - 0x00007fff2dfe1000 	C:\WINDOWS\System32\winrnr.dll
0x00007fff50740000 - 0x00007fff50755000 	C:\WINDOWS\system32\wshbth.dll
0x00007fff787d0000 - 0x00007fff787da000 	C:\Windows\System32\rasadhlp.dll
0x00007fff79060000 - 0x00007fff790e4000 	C:\WINDOWS\System32\fwpuclnt.dll
0x00007fff80290000 - 0x00007fff802ab000 	C:\WINDOWS\SYSTEM32\CRYPTSP.dll
0x00007fff7faa0000 - 0x00007fff7fad4000 	C:\WINDOWS\system32\rsaenh.dll
0x00007fff80130000 - 0x00007fff80158000 	C:\WINDOWS\SYSTEM32\USERENV.dll
0x00007fff80450000 - 0x00007fff80478000 	C:\WINDOWS\SYSTEM32\bcrypt.dll
0x00007fff802b0000 - 0x00007fff802bc000 	C:\WINDOWS\SYSTEM32\CRYPTBASE.dll
0x00007fff79870000 - 0x00007fff79889000 	C:\WINDOWS\SYSTEM32\dhcpcsvc6.DLL
0x00007fff79840000 - 0x00007fff7985f000 	C:\WINDOWS\SYSTEM32\dhcpcsvc.DLL

dbghelp: loaded successfully - version: 4.0.5 - missing functions: none
symbol engine: initialized successfully - sym options: 0x614 - pdb path: .;c:\Users\datea\.vscode\extensions\redhat.java-1.11.0-win32-x64\jre\17.0.4.1-win32-x86_64\bin;C:\WINDOWS\SYSTEM32;C:\WINDOWS\WinSxS\amd64_microsoft.windows.common-controls_6595b64144ccf1df_6.0.25217.1010_none_7b5ae231f1b4915b;c:\Users\datea\.vscode\extensions\redhat.java-1.11.0-win32-x64\jre\17.0.4.1-win32-x86_64\bin\server

VM Arguments:
jvm_args: -Dsts.lsp.client=vscode -Dsts.log.file=/dev/null -XX:TieredStopAtLevel=1 -Xlog:jni+resolve=off -Dspring.config.location=file:c:\Users\datea\.vscode\extensions\pivotal.vscode-spring-boot-1.39.0\language-server\BOOT-INF\classes\application.properties 
java_command: org.springframework.ide.vscode.boot.app.BootLanguageServerBootApp
java_class_path (initial): c:\Users\datea\.vscode\extensions\pivotal.vscode-spring-boot-1.39.0\language-server\BOOT-INF\classes;c:\Users\datea\.vscode\extensions\pivotal.vscode-spring-boot-1.39.0\language-server\BOOT-INF\lib\annotations-23.0.0.jar;c:\Users\datea\.vscode\extensions\pivotal.vscode-spring-boot-1.39.0\language-server\BOOT-INF\lib\antlr-runtime-3.5.2.jar;c:\Users\datea\.vscode\extensions\pivotal.vscode-spring-boot-1.39.0\language-server\BOOT-INF\lib\antlr4-4.9.3.jar;c:\Users\datea\.vscode\extensions\pivotal.vscode-spring-boot-1.39.0\language-server\BOOT-INF\lib\antlr4-runtime-4.9.3.jar;c:\Users\datea\.vscode\extensions\pivotal.vscode-spring-boot-1.39.0\language-server\BOOT-INF\lib\asm-9.3.jar;c:\Users\datea\.vscode\extensions\pivotal.vscode-spring-boot-1.39.0\language-server\BOOT-INF\lib\asm-analysis-9.3.jar;c:\Users\datea\.vscode\extensions\pivotal.vscode-spring-boot-1.39.0\language-server\BOOT-INF\lib\asm-tree-9.3.jar;c:\Users\datea\.vscode\extensions\pivotal.vscode-spring-boot-1.39.0\language-server\BOOT-INF\lib\asm-util-9.3.jar;c:\Users\datea\.vscode\extensions\pivotal.vscode-spring-boot-1.39.0\language-server\BOOT-INF\lib\byte-buddy-1.12.13.jar;c:\Users\datea\.vscode\extensions\pivotal.vscode-spring-boot-1.39.0\language-server\BOOT-INF\lib\caffeine-2.9.3.jar;c:\Users\datea\.vscode\extensions\pivotal.vscode-spring-boot-1.39.0\language-server\BOOT-INF\lib\checker-qual-3.12.0.jar;c:\Users\datea\.vscode\extensions\pivotal.vscode-spring-boot-1.39.0\language-server\BOOT-INF\lib\classgraph-4.8.149.jar;c:\Users\datea\.vscode\extensions\pivotal.vscode-spring-boot-1.39.0\language-server\BOOT-INF\lib\commons-codec-1.15.jar;c:\Users\datea\.vscode\extensions\pivotal.vscode-spring-boot-1.39.0\language-server\BOOT-INF\lib\commons-compress-1.21.jar;c:\Users\datea\.vscode\extensions\pivotal.vscode-spring-boot-1.39.0\language-server\BOOT-INF\lib\commons-exec-1.3.jar;c:\Users\datea\.vscode\extensions\pivotal.vscode-spring-boot-1.39.0\language-server\BOOT-INF\lib\com
Launcher Type: SUN_STANDARD

[Global flags]
     intx CICompilerCount                          = 4                                         {product} {ergonomic}
     uint ConcGCThreads                            = 2                                         {product} {ergonomic}
     uint G1ConcRefinementThreads                  = 8                                         {product} {ergonomic}
   size_t G1HeapRegionSize                         = 1048576                                   {product} {ergonomic}
    uintx GCDrainStackTargetSize                   = 64                                        {product} {ergonomic}
   size_t InitialHeapSize                          = 132120576                                 {product} {ergonomic}
   size_t MarkStackSize                            = 4194304                                   {product} {ergonomic}
   size_t MaxHeapSize                              = 2095054848                                {product} {ergonomic}
   size_t MaxNewSize                               = 1256194048                                {product} {ergonomic}
   size_t MinHeapDeltaBytes                        = 1048576                                   {product} {ergonomic}
   size_t MinHeapSize                              = 8388608                                   {product} {ergonomic}
    uintx NonProfiledCodeHeapSize                  = 0                                      {pd product} {ergonomic}
     bool ProfileInterpreter                       = false                                  {pd product} {command line}
    uintx ProfiledCodeHeapSize                     = 0                                      {pd product} {ergonomic}
   size_t SoftMaxHeapSize                          = 2095054848                             {manageable} {ergonomic}
     intx TieredStopAtLevel                        = 1                                         {product} {command line}
     bool UseCompressedClassPointers               = true                           {product lp64_product} {ergonomic}
     bool UseCompressedOops                        = true                           {product lp64_product} {ergonomic}
     bool UseG1GC                                  = true                                      {product} {ergonomic}
     bool UseLargePagesIndividualAllocation        = false                                  {pd product} {ergonomic}

Logging:
Log output configuration:
 #0: stdout all=warning,jni+resolve=off uptime,level,tags
 #1: stderr all=off uptime,level,tags

Environment Variables:
PATH=C:\Program Files\Java\jdk-15.0.2\bin;C:\Program Files\Common Files\Oracle\Java\javapath;C:\WINDOWS\system32;C:\WINDOWS;C:\WINDOWS\System32\Wbem;C:\WINDOWS\System32\WindowsPowerShell\v1.0\;C:\WINDOWS\System32\OpenSSH\;C:\Program Files\Azure Data Studio\bin;C:\Program Files\Microsoft SQL Server\Client SDK\ODBC\170\Tools\Binn\;C:\Program Files (x86)\Microsoft SQL Server\150\Tools\Binn\;C:\Program Files\Microsoft SQL Server\150\Tools\Binn\;C:\Program Files\Microsoft SQL Server\150\DTS\Binn\;C:\Program Files (x86)\Microsoft SQL Server\150\DTS\Binn\;C:\Program Files (x86)\GitExtensions\;F:\xampp\php;C:\ProgramData\ComposerSetup\bin;C:\xampp\php;C:\Program Files\Git\cmd;C:\Users\datea\AppData\Local\Microsoft\WindowsApps;C:\Users\datea\AppData\Local\Programs\Microsoft VS Code\bin;;C:\Program Files\Azure Data Studio\bin;C:\Users\datea\AppData\Roaming\Composer\vendor\bin
USERNAME=datea
OS=Windows_NT
PROCESSOR_IDENTIFIER=Intel64 Family 6 Model 126 Stepping 5, GenuineIntel
TMP=C:\Users\datea\AppData\Local\Temp
TEMP=C:\Users\datea\AppData\Local\Temp



---------------  S Y S T E M  ---------------

OS:
 Windows 11 , 64 bit Build 25217 (10.0.25217.1000)
OS uptime: 0 days 22:58 hours
Hyper-V role detected

CPU: total 8 (initial active 8) (4 cores per cpu, 2 threads per core) family 6 model 126 stepping 5 microcode 0xa6, cx8, cmov, fxsr, ht, mmx, 3dnowpref, sse, sse2, sse3, ssse3, sse4.1, sse4.2, popcnt, lzcnt, tsc, tscinvbit, avx, avx2, aes, erms, clmul, bmi1, bmi2, adx, avx512f, avx512dq, avx512cd, avx512bw, avx512vl, sha, fma, vzeroupper, avx512_vpopcntdq, avx512_vpclmulqdq, avx512_vaes, avx512_vnni, clflush, clflushopt, avx512_vbmi2, avx512_vbmi, hv

Memory: 4k page, system-wide physical 7987M (426M free)
TotalPageFile size 12083M (AvailPageFile size 10M)
current process WorkingSet (physical memory assigned to process): 194M, peak: 194M
current process commit charge ("private bytes"): 308M, peak: 648M

vm_info: OpenJDK 64-Bit Server VM (17.0.4.1+1) for windows-amd64 JRE (17.0.4.1+1), built on Aug 17 2022 07:42:43 by "temurin" with MS VC++ 16.7 (VS2019)

END.
