#
# There is insufficient memory for the Java Runtime Environment to continue.
# Native memory allocation (malloc) failed to allocate 2097152 bytes for AllocateHeap
# Possible reasons:
#   The system is out of physical RAM or swap space
#   The process is running with CompressedOops enabled, and the Java Heap may be blocking the growth of the native heap
# Possible solutions:
#   Reduce memory load on the system
#   Increase physical memory or swap space
#   Check if swap backing store is full
#   Decrease Java heap size (-Xmx/-Xms)
#   Decrease number of Java threads
#   Decrease Java thread stack sizes (-Xss)
#   Set larger code cache with -XX:ReservedCodeCacheSize=
#   JVM is running with Unscaled Compressed Oops mode in which the Java heap is
#     placed in the first 4GB address space. The Java Heap base address is the
#     maximum limit for the native heap growth. Please use -XX:HeapBaseMinAddress
#     to set the Java Heap base and to place the Java Heap above 4GB virtual address.
# This output file may be truncated or incomplete.
#
#  Out of Memory Error (allocation.cpp:44), pid=77976, tid=72840
#
# JRE version: OpenJDK Runtime Environment Temurin-17.0.4.1+1 (17.0.4.1+1) (build 17.0.4.1+1)
# Java VM: OpenJDK 64-Bit Server VM Temurin-17.0.4.1+1 (17.0.4.1+1, mixed mode, emulated-client, tiered, compressed oops, compressed class ptrs, g1 gc, windows-amd64)
# No core dump will be written. Minidumps are not enabled by default on client versions of Windows
#

---------------  S U M M A R Y ------------

Command Line: -Dsts.lsp.client=vscode -Dsts.log.file=/dev/null -XX:TieredStopAtLevel=1 -Xlog:jni+resolve=off -Dspring.config.location=file:c:\Users\datea\.vscode\extensions\pivotal.vscode-spring-boot-1.39.0\language-server\BOOT-INF\classes\application.properties org.springframework.ide.vscode.boot.app.BootLanguageServerBootApp

Host: Intel(R) Core(TM) i5-1035G1 CPU @ 1.00GHz, 8 cores, 7G,  Windows 11 , 64 bit Build 25217 (10.0.25217.1000)
Time: Tue Oct 18 17:59:23 2022 SE Asia Standard Time elapsed time: 1367.237741 seconds (0d 0h 22m 47s)

---------------  T H R E A D  ---------------

Current thread (0x0000021a4d684120):  VMThread "VM Thread" [stack: 0x000000eb7da00000,0x000000eb7db00000] [id=72840]

Stack: [0x000000eb7da00000,0x000000eb7db00000]
Native frames: (J=compiled Java code, j=interpreted, Vv=VM code, C=native code)
V  [jvm.dll+0x67731a]
V  [jvm.dll+0x832284]
V  [jvm.dll+0x833a2e]
V  [jvm.dll+0x834093]
V  [jvm.dll+0x245775]
V  [jvm.dll+0xa6393]
V  [jvm.dll+0x2f59c1]
V  [jvm.dll+0x2f1640]
V  [jvm.dll+0x2d9d27]
V  [jvm.dll+0x31ce37]
V  [jvm.dll+0x83853b]
V  [jvm.dll+0x839274]
V  [jvm.dll+0x83978c]
V  [jvm.dll+0x839b64]
V  [jvm.dll+0x839c30]
V  [jvm.dll+0x7e240a]
V  [jvm.dll+0x6761a5]
C  [ucrtbase.dll+0x4b7eb]
C  [KERNEL32.DLL+0x1484d]
C  [ntdll.dll+0x67558]

VM_Operation (0x000000eb003fea80): G1CollectFull, mode: safepoint, requested by thread 0x0000021a5022a060


---------------  P R O C E S S  ---------------

Threads class SMR info:
_java_thread_list=0x0000021a52410a60, length=23, elements={
0x0000021a4e0012d0, 0x0000021a4e003da0, 0x0000021a4d6a10d0, 0x0000021a4d6a1990,
0x0000021a4d6a2250, 0x0000021a4d6a3120, 0x0000021a4d6a64d0, 0x0000021a4e037160,
0x0000021a4e240530, 0x0000021a4e248d70, 0x0000021a4ffb5090, 0x0000021a5022a060,
0x0000021a5022a530, 0x0000021a5022aa00, 0x0000021a5022c210, 0x0000021a5022b3a0,
0x0000021a51ebf4c0, 0x0000021a51ebb630, 0x0000021a51ebf990, 0x0000021a51ebce40,
0x0000021a51ebe180, 0x0000021a51ec0cd0, 0x0000021a51ec11a0
}

Java Threads: ( => current thread )
  0x0000021a4e0012d0 JavaThread "Reference Handler" daemon [_thread_blocked, id=82356, stack(0x000000eb7db00000,0x000000eb7dc00000)]
  0x0000021a4e003da0 JavaThread "Finalizer" daemon [_thread_blocked, id=80804, stack(0x000000eb7dc00000,0x000000eb7dd00000)]
  0x0000021a4d6a10d0 JavaThread "Signal Dispatcher" daemon [_thread_blocked, id=83856, stack(0x000000eb7de00000,0x000000eb7df00000)]
  0x0000021a4d6a1990 JavaThread "Attach Listener" daemon [_thread_blocked, id=61256, stack(0x000000eb7df00000,0x000000eb7e000000)]
  0x0000021a4d6a2250 JavaThread "Service Thread" daemon [_thread_blocked, id=74152, stack(0x000000eb7e000000,0x000000eb7e100000)]
  0x0000021a4d6a3120 JavaThread "Monitor Deflation Thread" daemon [_thread_blocked, id=77084, stack(0x000000eb7e100000,0x000000eb7e200000)]
  0x0000021a4d6a64d0 JavaThread "C1 CompilerThread0" daemon [_thread_blocked, id=82196, stack(0x000000eb7e200000,0x000000eb7e300000)]
  0x0000021a4e037160 JavaThread "Sweeper thread" daemon [_thread_blocked, id=80892, stack(0x000000eb7e300000,0x000000eb7e400000)]
  0x0000021a4e240530 JavaThread "Notification Thread" daemon [_thread_blocked, id=61000, stack(0x000000eb7e500000,0x000000eb7e600000)]
  0x0000021a4e248d70 JavaThread "Common-Cleaner" daemon [_thread_blocked, id=83664, stack(0x000000eb7e700000,0x000000eb7e800000)]
  0x0000021a4ffb5090 JavaThread "boundedElastic-evictor-1" daemon [_thread_blocked, id=81080, stack(0x000000eb7f200000,0x000000eb7f300000)]
  0x0000021a5022a060 JavaThread "pool-9-thread-1" [_thread_blocked, id=68688, stack(0x000000eb00300000,0x000000eb00400000)]
  0x0000021a5022a530 JavaThread "LanguageServerApp-lifecycle" [_thread_blocked, id=82844, stack(0x000000eb00400000,0x000000eb00500000)]
  0x0000021a5022aa00 JavaThread "DestroyJavaVM" [_thread_blocked, id=81508, stack(0x000000eb7d400000,0x000000eb7d500000)]
  0x0000021a5022c210 JavaThread "pool-10-thread-1" [_thread_in_native, id=84188, stack(0x000000eb00500000,0x000000eb00600000)]
  0x0000021a5022b3a0 JavaThread "Simple-Language-Server main thread" daemon [_thread_blocked, id=83332, stack(0x000000eb00600000,0x000000eb00700000)]
  0x0000021a51ebf4c0 JavaThread "pool-7-thread-1" [_thread_blocked, id=84400, stack(0x000000eb00700000,0x000000eb00800000)]
  0x0000021a51ebb630 JavaThread "parallel-1" daemon [_thread_blocked, id=83740, stack(0x000000eb00800000,0x000000eb00900000)]
  0x0000021a51ebf990 JavaThread "Reconciler-1" daemon [_thread_blocked, id=82900, stack(0x000000eb00c00000,0x000000eb00d00000)]
  0x0000021a51ebce40 JavaThread "parallel-2" daemon [_thread_blocked, id=75116, stack(0x000000eb00100000,0x000000eb00200000)]
  0x0000021a51ebe180 JavaThread "pool-5-thread-1" [_thread_blocked, id=80528, stack(0x000000eb01200000,0x000000eb01300000)]
  0x0000021a51ec0cd0 JavaThread "parallel-3" daemon [_thread_blocked, id=83048, stack(0x000000eb01300000,0x000000eb01400000)]
  0x0000021a51ec11a0 JavaThread "parallel-4" daemon [_thread_blocked, id=82908, stack(0x000000eb00200000,0x000000eb00300000)]

Other Threads:
=>0x0000021a4d684120 VMThread "VM Thread" [stack: 0x000000eb7da00000,0x000000eb7db00000] [id=72840]
  0x0000021a4e240e10 WatcherThread [stack: 0x000000eb7e600000,0x000000eb7e700000] [id=83756]
  0x0000021a4049f280 GCTaskThread "GC Thread#0" [stack: 0x000000eb7d500000,0x000000eb7d600000] [id=84092]
  0x0000021a4eba76b0 GCTaskThread "GC Thread#1" [stack: 0x000000eb7ea00000,0x000000eb7eb00000] [id=79144]
  0x0000021a4eba7960 GCTaskThread "GC Thread#2" [stack: 0x000000eb7eb00000,0x000000eb7ec00000] [id=3080]
  0x0000021a4ebbee50 GCTaskThread "GC Thread#3" [stack: 0x000000eb7ec00000,0x000000eb7ed00000] [id=81816]
  0x0000021a4ebf5f80 GCTaskThread "GC Thread#4" [stack: 0x000000eb7ed00000,0x000000eb7ee00000] [id=8840]
  0x0000021a4ebf6230 GCTaskThread "GC Thread#5" [stack: 0x000000eb7ee00000,0x000000eb7ef00000] [id=2260]
  0x0000021a4f9a62e0 GCTaskThread "GC Thread#6" [stack: 0x000000eb7f000000,0x000000eb7f100000] [id=15136]
  0x0000021a4f9a6590 GCTaskThread "GC Thread#7" [stack: 0x000000eb7f100000,0x000000eb7f200000] [id=84804]
  0x0000021a404afbf0 ConcurrentGCThread "G1 Main Marker" [stack: 0x000000eb7d600000,0x000000eb7d700000] [id=63644]
  0x0000021a404b1cc0 ConcurrentGCThread "G1 Conc#0" [stack: 0x000000eb7d700000,0x000000eb7d800000] [id=83928]
  0x0000021a4fbec0e0 ConcurrentGCThread "G1 Conc#1" [stack: 0x000000eb7f300000,0x000000eb7f400000] [id=78252]
  0x0000021a404fdeb0 ConcurrentGCThread "G1 Refine#0" [stack: 0x000000eb7d800000,0x000000eb7d900000] [id=82028]
  0x0000021a4eba8c40 ConcurrentGCThread "G1 Refine#1" [stack: 0x000000eb7ef00000,0x000000eb7f000000] [id=83852]
  0x0000021a51cf0680 ConcurrentGCThread "G1 Refine#2" [stack: 0x000000eb00d00000,0x000000eb00e00000] [id=54220]
  0x0000021a51cefde0 ConcurrentGCThread "G1 Refine#3" [stack: 0x000000eb00e00000,0x000000eb00f00000] [id=84256]
  0x0000021a5000aeb0 ConcurrentGCThread "G1 Refine#4" [stack: 0x000000eb00f00000,0x000000eb01000000] [id=65224]
  0x0000021a5000e270 ConcurrentGCThread "G1 Refine#5" [stack: 0x000000eb01000000,0x000000eb01100000] [id=76460]
  0x0000021a5000abd0 ConcurrentGCThread "G1 Refine#6" [stack: 0x000000eb00000000,0x000000eb00100000] [id=84664]
  0x0000021a404fe7e0 ConcurrentGCThread "G1 Service" [stack: 0x000000eb7d900000,0x000000eb7da00000] [id=60688]

Threads with active compile tasks:

VM state: at safepoint (normal execution)

VM Mutex/Monitor currently owned by a thread:  ([mutex/lock_event])
[0x0000021a3e282a00] Threads_lock - owner thread: 0x0000021a4d684120
[0x0000021a40441e70] Heap_lock - owner thread: 0x0000021a5022a060

Heap address: 0x0000000083200000, size: 1998 MB, Compressed Oops mode: 32-bit

CDS archive(s) not mapped
Compressed class space mapped at: 0x0000000100000000-0x0000000140000000, reserved size: 1073741824
Narrow klass base: 0x0000000000000000, Narrow klass shift: 3, Narrow klass range: 0x140000000

GC Precious Log:
 CPUs: 8 total, 8 available
 Memory: 7987M
 Large Page Support: Disabled
 NUMA Support: Disabled
 Compressed Oops: Enabled (32-bit)
 Heap Region Size: 1M
 Heap Min Capacity: 8M
 Heap Initial Capacity: 126M
 Heap Max Capacity: 1998M
 Pre-touch: Disabled
 Parallel Workers: 8
 Concurrent Workers: 2
 Concurrent Refinement Workers: 8
 Periodic GC: Disabled

Heap:
 garbage-first heap   total 119808K, used 36639K [0x0000000083200000, 0x0000000100000000)
  region size 1024K, 1 young (1024K), 0 survivors (0K)
 Metaspace       used 53443K, committed 53952K, reserved 1097728K
  class space    used 7040K, committed 7296K, reserved 1048576K

Heap Regions: E=young(eden), S=young(survivor), O=old, HS=humongous(starts), HC=humongous(continues), CS=collection set, F=free, OA=open archive, CA=closed archive, TAMS=top-at-mark-start (previous, next)
|   0|0x0000000083200000, 0x0000000083300000, 0x0000000083300000|100%| O|  |TAMS 0x0000000083300000, 0x0000000083200000| Untracked 
|   1|0x0000000083300000, 0x00000000833fffe0, 0x0000000083400000| 99%| O|  |TAMS 0x00000000833fffe0, 0x0000000083300000| Untracked 
|   2|0x0000000083400000, 0x0000000083500000, 0x0000000083500000|100%| O|  |TAMS 0x0000000083500000, 0x0000000083400000| Untracked 
|   3|0x0000000083500000, 0x0000000083600000, 0x0000000083600000|100%| O|  |TAMS 0x0000000083600000, 0x0000000083500000| Untracked 
|   4|0x0000000083600000, 0x00000000836fffe0, 0x0000000083700000| 99%| O|  |TAMS 0x00000000836fffe0, 0x0000000083600000| Untracked 
|   5|0x0000000083700000, 0x00000000837fffe8, 0x0000000083800000| 99%| O|  |TAMS 0x00000000837fffe8, 0x0000000083700000| Untracked 
|   6|0x0000000083800000, 0x0000000083900000, 0x0000000083900000|100%| O|  |TAMS 0x0000000083900000, 0x0000000083800000| Untracked 
|   7|0x0000000083900000, 0x0000000083a00000, 0x0000000083a00000|100%| O|  |TAMS 0x0000000083a00000, 0x0000000083900000| Untracked 
|   8|0x0000000083a00000, 0x0000000083afffb0, 0x0000000083b00000| 99%| O|  |TAMS 0x0000000083afffb0, 0x0000000083a00000| Untracked 
|   9|0x0000000083b00000, 0x0000000083bfffb8, 0x0000000083c00000| 99%| O|  |TAMS 0x0000000083bfffb8, 0x0000000083b00000| Untracked 
|  10|0x0000000083c00000, 0x0000000083cfff90, 0x0000000083d00000| 99%| O|  |TAMS 0x0000000083cfff90, 0x0000000083c00000| Untracked 
|  11|0x0000000083d00000, 0x0000000083e00000, 0x0000000083e00000|100%| O|  |TAMS 0x0000000083e00000, 0x0000000083d00000| Untracked 
|  12|0x0000000083e00000, 0x0000000083effff0, 0x0000000083f00000| 99%| O|  |TAMS 0x0000000083effff0, 0x0000000083e00000| Untracked 
|  13|0x0000000083f00000, 0x0000000083fffff8, 0x0000000084000000| 99%| O|  |TAMS 0x0000000083fffff8, 0x0000000083f00000| Untracked 
|  14|0x0000000084000000, 0x00000000840ff108, 0x0000000084100000| 99%| O|  |TAMS 0x00000000840ff108, 0x0000000084000000| Untracked 
|  15|0x0000000084100000, 0x00000000841ffff0, 0x0000000084200000| 99%| O|  |TAMS 0x00000000841ffff0, 0x0000000084100000| Untracked 
|  16|0x0000000084200000, 0x00000000842fffc0, 0x0000000084300000| 99%| O|  |TAMS 0x00000000842fffc0, 0x0000000084200000| Untracked 
|  17|0x0000000084300000, 0x00000000843fffe8, 0x0000000084400000| 99%| O|  |TAMS 0x00000000843fffe8, 0x0000000084300000| Untracked 
|  18|0x0000000084400000, 0x00000000844ffff8, 0x0000000084500000| 99%| O|  |TAMS 0x00000000844ffff8, 0x0000000084400000| Untracked 
|  19|0x0000000084500000, 0x0000000084600000, 0x0000000084600000|100%| O|  |TAMS 0x0000000084600000, 0x0000000084500000| Untracked 
|  20|0x0000000084600000, 0x0000000084700000, 0x0000000084700000|100%| O|  |TAMS 0x0000000084700000, 0x0000000084600000| Untracked 
|  21|0x0000000084700000, 0x00000000847fffe8, 0x0000000084800000| 99%| O|  |TAMS 0x00000000847fffe8, 0x0000000084700000| Untracked 
|  22|0x0000000084800000, 0x0000000084900000, 0x0000000084900000|100%| O|  |TAMS 0x0000000084900000, 0x0000000084800000| Untracked 
|  23|0x0000000084900000, 0x00000000849ffff0, 0x0000000084a00000| 99%| O|  |TAMS 0x00000000849ffff0, 0x0000000084900000| Untracked 
|  24|0x0000000084a00000, 0x0000000084afffe0, 0x0000000084b00000| 99%| O|  |TAMS 0x0000000084afffe0, 0x0000000084a00000| Untracked 
|  25|0x0000000084b00000, 0x0000000084bfffe8, 0x0000000084c00000| 99%| O|  |TAMS 0x0000000084bfffe8, 0x0000000084b00000| Untracked 
|  26|0x0000000084c00000, 0x0000000084cffff8, 0x0000000084d00000| 99%| O|  |TAMS 0x0000000084cffff8, 0x0000000084c00000| Untracked 
|  27|0x0000000084d00000, 0x0000000084dfffc0, 0x0000000084e00000| 99%| O|  |TAMS 0x0000000084dfffc0, 0x0000000084d00000| Untracked 
|  28|0x0000000084e00000, 0x0000000084effff0, 0x0000000084f00000| 99%| O|  |TAMS 0x0000000084effff0, 0x0000000084e00000| Untracked 
|  29|0x0000000084f00000, 0x0000000084fc8298, 0x0000000085000000| 78%| O|  |TAMS 0x0000000084f00000, 0x0000000084f00000| Untracked 
|  30|0x0000000085000000, 0x0000000085002360, 0x0000000085100000|  0%| O|  |TAMS 0x0000000085000000, 0x0000000085000000| Untracked 
|  31|0x0000000085100000, 0x0000000085100000, 0x0000000085200000|  0%| F|  |TAMS 0x0000000085100000, 0x0000000085100000| Untracked 
|  32|0x0000000085200000, 0x0000000085200000, 0x0000000085300000|  0%| F|  |TAMS 0x0000000085200000, 0x0000000085200000| Untracked 
|  33|0x0000000085300000, 0x0000000085300000, 0x0000000085400000|  0%| F|  |TAMS 0x0000000085300000, 0x0000000085300000| Untracked 
|  34|0x0000000085400000, 0x0000000085400000, 0x0000000085500000|  0%| F|  |TAMS 0x0000000085400000, 0x0000000085400000| Untracked 
|  35|0x0000000085500000, 0x0000000085500000, 0x0000000085600000|  0%| F|  |TAMS 0x0000000085500000, 0x0000000085500000| Untracked 
|  36|0x0000000085600000, 0x0000000085600000, 0x0000000085700000|  0%| F|  |TAMS 0x0000000085600000, 0x0000000085600000| Untracked 
|  37|0x0000000085700000, 0x0000000085700000, 0x0000000085800000|  0%| F|  |TAMS 0x0000000085700000, 0x0000000085700000| Untracked 
|  38|0x0000000085800000, 0x0000000085800000, 0x0000000085900000|  0%| F|  |TAMS 0x0000000085800000, 0x0000000085800000| Untracked 
|  39|0x0000000085900000, 0x0000000085900000, 0x0000000085a00000|  0%| F|  |TAMS 0x0000000085900000, 0x0000000085900000| Untracked 
|  40|0x0000000085a00000, 0x0000000085a00000, 0x0000000085b00000|  0%| F|  |TAMS 0x0000000085a00000, 0x0000000085a00000| Untracked 
|  41|0x0000000085b00000, 0x0000000085b00000, 0x0000000085c00000|  0%| F|  |TAMS 0x0000000085b00000, 0x0000000085b00000| Untracked 
|  42|0x0000000085c00000, 0x0000000085c00000, 0x0000000085d00000|  0%| F|  |TAMS 0x0000000085c00000, 0x0000000085c00000| Untracked 
|  43|0x0000000085d00000, 0x0000000085d00000, 0x0000000085e00000|  0%| F|  |TAMS 0x0000000085d00000, 0x0000000085d00000| Untracked 
|  44|0x0000000085e00000, 0x0000000085e00000, 0x0000000085f00000|  0%| F|  |TAMS 0x0000000085e00000, 0x0000000085e00000| Untracked 
|  45|0x0000000085f00000, 0x0000000085f00000, 0x0000000086000000|  0%| F|  |TAMS 0x0000000085f00000, 0x0000000085f00000| Untracked 
|  46|0x0000000086000000, 0x0000000086000000, 0x0000000086100000|  0%| F|  |TAMS 0x0000000086000000, 0x0000000086000000| Untracked 
|  47|0x0000000086100000, 0x0000000086100000, 0x0000000086200000|  0%| F|  |TAMS 0x0000000086100000, 0x0000000086100000| Untracked 
|  48|0x0000000086200000, 0x0000000086200000, 0x0000000086300000|  0%| F|  |TAMS 0x0000000086200000, 0x0000000086200000| Untracked 
|  49|0x0000000086300000, 0x0000000086300000, 0x0000000086400000|  0%| F|  |TAMS 0x0000000086300000, 0x0000000086300000| Untracked 
|  50|0x0000000086400000, 0x0000000086400000, 0x0000000086500000|  0%| F|  |TAMS 0x0000000086400000, 0x0000000086400000| Untracked 
|  51|0x0000000086500000, 0x0000000086500000, 0x0000000086600000|  0%| F|  |TAMS 0x0000000086500000, 0x0000000086500000| Untracked 
|  52|0x0000000086600000, 0x0000000086600000, 0x0000000086700000|  0%| F|  |TAMS 0x0000000086600000, 0x0000000086600000| Untracked 
|  53|0x0000000086700000, 0x0000000086700000, 0x0000000086800000|  0%| F|  |TAMS 0x0000000086700000, 0x0000000086700000| Untracked 
|  54|0x0000000086800000, 0x0000000086800000, 0x0000000086900000|  0%| F|  |TAMS 0x0000000086800000, 0x0000000086800000| Untracked 
|  55|0x0000000086900000, 0x0000000086900000, 0x0000000086a00000|  0%| F|  |TAMS 0x0000000086900000, 0x0000000086900000| Untracked 
|  56|0x0000000086a00000, 0x0000000086a00000, 0x0000000086b00000|  0%| F|  |TAMS 0x0000000086a00000, 0x0000000086a00000| Untracked 
|  57|0x0000000086b00000, 0x0000000086b00000, 0x0000000086c00000|  0%| F|  |TAMS 0x0000000086b00000, 0x0000000086b00000| Untracked 
|  58|0x0000000086c00000, 0x0000000086c00000, 0x0000000086d00000|  0%| F|  |TAMS 0x0000000086c00000, 0x0000000086c00000| Untracked 
|  59|0x0000000086d00000, 0x0000000086d00000, 0x0000000086e00000|  0%| F|  |TAMS 0x0000000086d00000, 0x0000000086d00000| Untracked 
|  60|0x0000000086e00000, 0x0000000086e00000, 0x0000000086f00000|  0%| F|  |TAMS 0x0000000086e00000, 0x0000000086e00000| Untracked 
|  61|0x0000000086f00000, 0x0000000086f00000, 0x0000000087000000|  0%| F|  |TAMS 0x0000000086f00000, 0x0000000086f00000| Untracked 
|  62|0x0000000087000000, 0x0000000087000000, 0x0000000087100000|  0%| F|  |TAMS 0x0000000087000000, 0x0000000087000000| Untracked 
|  63|0x0000000087100000, 0x0000000087100000, 0x0000000087200000|  0%| F|  |TAMS 0x0000000087100000, 0x0000000087100000| Untracked 
|  64|0x0000000087200000, 0x0000000087200000, 0x0000000087300000|  0%| F|  |TAMS 0x0000000087200000, 0x0000000087200000| Untracked 
|  65|0x0000000087300000, 0x0000000087300000, 0x0000000087400000|  0%| F|  |TAMS 0x0000000087300000, 0x0000000087300000| Untracked 
|  66|0x0000000087400000, 0x0000000087400000, 0x0000000087500000|  0%| F|  |TAMS 0x0000000087400000, 0x0000000087400000| Untracked 
|  67|0x0000000087500000, 0x0000000087500000, 0x0000000087600000|  0%| F|  |TAMS 0x0000000087500000, 0x0000000087500000| Untracked 
|  68|0x0000000087600000, 0x0000000087600000, 0x0000000087700000|  0%| F|  |TAMS 0x0000000087600000, 0x0000000087600000| Untracked 
|  69|0x0000000087700000, 0x0000000087700000, 0x0000000087800000|  0%| F|  |TAMS 0x0000000087700000, 0x0000000087700000| Untracked 
|  70|0x0000000087800000, 0x0000000087800000, 0x0000000087900000|  0%| F|  |TAMS 0x0000000087800000, 0x0000000087800000| Untracked 
|  71|0x0000000087900000, 0x0000000087900000, 0x0000000087a00000|  0%| F|  |TAMS 0x0000000087900000, 0x0000000087900000| Untracked 
|  72|0x0000000087a00000, 0x0000000087a00000, 0x0000000087b00000|  0%| F|  |TAMS 0x0000000087a00000, 0x0000000087a00000| Untracked 
|  73|0x0000000087b00000, 0x0000000087b00000, 0x0000000087c00000|  0%| F|  |TAMS 0x0000000087b00000, 0x0000000087b00000| Untracked 
|  74|0x0000000087c00000, 0x0000000087c00000, 0x0000000087d00000|  0%| F|  |TAMS 0x0000000087c00000, 0x0000000087c00000| Untracked 
|  75|0x0000000087d00000, 0x0000000087d00000, 0x0000000087e00000|  0%| F|  |TAMS 0x0000000087d00000, 0x0000000087d00000| Untracked 
|  76|0x0000000087e00000, 0x0000000087e00000, 0x0000000087f00000|  0%| F|  |TAMS 0x0000000087e00000, 0x0000000087e00000| Untracked 
|  77|0x0000000087f00000, 0x0000000087f00000, 0x0000000088000000|  0%| F|  |TAMS 0x0000000087f00000, 0x0000000087f00000| Untracked 
|  78|0x0000000088000000, 0x0000000088000000, 0x0000000088100000|  0%| F|  |TAMS 0x0000000088000000, 0x0000000088000000| Untracked 
|  79|0x0000000088100000, 0x0000000088100000, 0x0000000088200000|  0%| F|  |TAMS 0x0000000088100000, 0x0000000088100000| Untracked 
|  80|0x0000000088200000, 0x0000000088200000, 0x0000000088300000|  0%| F|  |TAMS 0x0000000088200000, 0x0000000088200000| Untracked 
|  81|0x0000000088300000, 0x0000000088300000, 0x0000000088400000|  0%| F|  |TAMS 0x0000000088300000, 0x0000000088300000| Untracked 
|  82|0x0000000088400000, 0x0000000088400000, 0x0000000088500000|  0%| F|  |TAMS 0x0000000088400000, 0x0000000088400000| Untracked 
|  83|0x0000000088500000, 0x0000000088500000, 0x0000000088600000|  0%| F|  |TAMS 0x0000000088500000, 0x0000000088500000| Untracked 
|  84|0x0000000088600000, 0x0000000088600000, 0x0000000088700000|  0%| F|  |TAMS 0x0000000088600000, 0x0000000088600000| Untracked 
|  85|0x0000000088700000, 0x0000000088700000, 0x0000000088800000|  0%| F|  |TAMS 0x0000000088700000, 0x0000000088700000| Untracked 
|  86|0x0000000088800000, 0x0000000088800000, 0x0000000088900000|  0%| F|  |TAMS 0x0000000088800000, 0x0000000088800000| Untracked 
|  87|0x0000000088900000, 0x0000000088900000, 0x0000000088a00000|  0%| F|  |TAMS 0x0000000088900000, 0x0000000088900000| Untracked 
|  88|0x0000000088a00000, 0x0000000088a00000, 0x0000000088b00000|  0%| F|  |TAMS 0x0000000088a00000, 0x0000000088a00000| Untracked 
|  89|0x0000000088b00000, 0x0000000088b00000, 0x0000000088c00000|  0%| F|  |TAMS 0x0000000088b00000, 0x0000000088b00000| Untracked 
|  90|0x0000000088c00000, 0x0000000088c00000, 0x0000000088d00000|  0%| F|  |TAMS 0x0000000088c00000, 0x0000000088c00000| Untracked 
|  91|0x0000000088d00000, 0x0000000088d00000, 0x0000000088e00000|  0%| F|  |TAMS 0x0000000088d00000, 0x0000000088d00000| Untracked 
|  92|0x0000000088e00000, 0x0000000088e00000, 0x0000000088f00000|  0%| F|  |TAMS 0x0000000088e00000, 0x0000000088e00000| Untracked 
|  93|0x0000000088f00000, 0x0000000088f00000, 0x0000000089000000|  0%| F|  |TAMS 0x0000000088f00000, 0x0000000088f00000| Untracked 
|  94|0x0000000089000000, 0x0000000089000000, 0x0000000089100000|  0%| F|  |TAMS 0x0000000089000000, 0x0000000089000000| Untracked 
|  95|0x0000000089100000, 0x0000000089100000, 0x0000000089200000|  0%| F|  |TAMS 0x0000000089100000, 0x0000000089100000| Untracked 
|  96|0x0000000089200000, 0x0000000089200000, 0x0000000089300000|  0%| F|  |TAMS 0x0000000089200000, 0x0000000089200000| Untracked 
|  97|0x0000000089300000, 0x0000000089300000, 0x0000000089400000|  0%| F|  |TAMS 0x0000000089300000, 0x0000000089300000| Untracked 
|  98|0x0000000089400000, 0x0000000089400000, 0x0000000089500000|  0%| F|  |TAMS 0x0000000089400000, 0x0000000089400000| Untracked 
|  99|0x0000000089500000, 0x0000000089500000, 0x0000000089600000|  0%| F|  |TAMS 0x0000000089500000, 0x0000000089500000| Untracked 
| 100|0x0000000089600000, 0x0000000089600000, 0x0000000089700000|  0%| F|  |TAMS 0x0000000089600000, 0x0000000089600000| Untracked 
| 101|0x0000000089700000, 0x0000000089700000, 0x0000000089800000|  0%| F|  |TAMS 0x0000000089700000, 0x0000000089700000| Untracked 
| 102|0x0000000089800000, 0x0000000089800000, 0x0000000089900000|  0%| F|  |TAMS 0x0000000089800000, 0x0000000089800000| Untracked 
| 103|0x0000000089900000, 0x0000000089900000, 0x0000000089a00000|  0%| F|  |TAMS 0x0000000089900000, 0x0000000089900000| Untracked 
| 104|0x0000000089a00000, 0x0000000089a00000, 0x0000000089b00000|  0%| F|  |TAMS 0x0000000089a00000, 0x0000000089a00000| Untracked 
| 105|0x0000000089b00000, 0x0000000089b00000, 0x0000000089c00000|  0%| F|  |TAMS 0x0000000089b00000, 0x0000000089b00000| Untracked 
| 106|0x0000000089c00000, 0x0000000089c00000, 0x0000000089d00000|  0%| F|  |TAMS 0x0000000089c00000, 0x0000000089c00000| Untracked 
| 107|0x0000000089d00000, 0x0000000089d00000, 0x0000000089e00000|  0%| F|  |TAMS 0x0000000089d00000, 0x0000000089d00000| Untracked 
| 108|0x0000000089e00000, 0x0000000089e00000, 0x0000000089f00000|  0%| F|  |TAMS 0x0000000089e00000, 0x0000000089e00000| Untracked 
| 109|0x0000000089f00000, 0x0000000089f00000, 0x000000008a000000|  0%| F|  |TAMS 0x0000000089f00000, 0x0000000089f00000| Untracked 
| 110|0x000000008a000000, 0x000000008a00fa00, 0x000000008a100000|  6%| E|  |TAMS 0x000000008a000000, 0x000000008a000000| Complete 
| 158|0x000000008d000000, 0x000000008d100000, 0x000000008d100000|100%|HS|  |TAMS 0x000000008d100000, 0x000000008d000000| Untracked 
| 479|0x00000000a1100000, 0x00000000a11fe9d0, 0x00000000a1200000| 99%| O|  |TAMS 0x00000000a11fe9d0, 0x00000000a1100000| Untracked 
| 480|0x00000000a1200000, 0x00000000a1300000, 0x00000000a1300000|100%| O|  |TAMS 0x00000000a1300000, 0x00000000a1200000| Untracked 
| 556|0x00000000a5e00000, 0x00000000a5f00000, 0x00000000a5f00000|100%| O|  |TAMS 0x00000000a5f00000, 0x00000000a5e00000| Untracked 
| 557|0x00000000a5f00000, 0x00000000a6000000, 0x00000000a6000000|100%| O|  |TAMS 0x00000000a6000000, 0x00000000a5f00000| Untracked 
| 558|0x00000000a6000000, 0x00000000a6100000, 0x00000000a6100000|100%| O|  |TAMS 0x00000000a6100000, 0x00000000a6000000| Untracked 

Card table byte_map: [0x0000021a465c0000,0x0000021a469b0000] _byte_map_base: 0x0000021a461a7000

Marking Bits (Prev, Next): (CMBitMap*) 0x0000021a4049f7e0, (CMBitMap*) 0x0000021a4049f7a0
 Prev Bits: [0x0000021a48ce0000, 0x0000021a4ac18000)
 Next Bits: [0x0000021a46da0000, 0x0000021a48cd8000)

Polling page: 0x0000021a3e3c0000

Metaspace:

Usage:
  Non-class:     45.32 MB used.
      Class:      6.88 MB used.
       Both:     52.19 MB used.

Virtual space:
  Non-class space:       48.00 MB reserved,      45.56 MB ( 95%) committed,  6 nodes.
      Class space:        1.00 GB reserved,       7.12 MB ( <1%) committed,  1 nodes.
             Both:        1.05 GB reserved,      52.69 MB (  5%) committed. 

Chunk freelists:
   Non-Class:  2.11 MB
       Class:  943.00 KB
        Both:  3.03 MB

MaxMetaspaceSize: unlimited
CompressedClassSpaceSize: 1.00 GB
Initial GC threshold: 21.00 MB
Current GC threshold: 87.81 MB
CDS: off
MetaspaceReclaimPolicy: balanced
 - commit_granule_bytes: 65536.
 - commit_granule_words: 8192.
 - virtual_space_node_default_size: 1048576.
 - enlarge_chunks_in_place: 1.
 - new_chunks_are_fully_committed: 0.
 - uncommit_free_chunks: 1.
 - use_allocation_guard: 0.
 - handle_deallocations: 1.


Internal statistics:

num_allocs_failed_limit: 3.
num_arena_births: 464.
num_arena_deaths: 124.
num_vsnodes_births: 7.
num_vsnodes_deaths: 0.
num_space_committed: 843.
num_space_uncommitted: 0.
num_chunks_returned_to_freelist: 147.
num_chunks_taken_from_freelist: 2126.
num_chunk_merges: 51.
num_chunk_splits: 1548.
num_chunks_enlarged: 1237.
num_purges: 6.
num_inconsistent_stats: 0.

CodeCache: size=49152Kb used=14911Kb max_used=15430Kb free=34240Kb
 bounds [0x0000021a430c0000, 0x0000021a44010000, 0x0000021a460c0000]
 total_blobs=8332 nmethods=7721 adapters=538
 compilation: enabled
              stopped_count=0, restarted_count=0
 full_count=0

Compilation events (20 events):
Event: 1260.955 Thread 0x0000021a4d6a64d0 7713   !   1       java.lang.ProcessBuilder::start (417 bytes)
Event: 1260.958 Thread 0x0000021a4d6a64d0 nmethod 7713 0x0000021a439e4590 code [0x0000021a439e4900, 0x0000021a439e5808]
Event: 1265.353 Thread 0x0000021a4d6a64d0 7714       1       java.util.concurrent.locks.AbstractQueuedSynchronizer$ConditionObject::awaitNanos (200 bytes)
Event: 1265.354 Thread 0x0000021a4d6a64d0 nmethod 7714 0x0000021a439e3690 code [0x0000021a439e38c0, 0x0000021a439e40a8]
Event: 1271.569 Thread 0x0000021a4d6a64d0 7715   !   1       java.lang.ref.Reference::processPendingReferences (118 bytes)
Event: 1271.570 Thread 0x0000021a4d6a64d0 nmethod 7715 0x0000021a439e2a90 code [0x0000021a439e2ce0, 0x0000021a439e3338]
Event: 1291.900 Thread 0x0000021a4d6a64d0 7716       1       java.lang.invoke.LambdaForm$MH/0x00000001000d2400::invoke (27 bytes)
Event: 1291.900 Thread 0x0000021a4d6a64d0 nmethod 7716 0x0000021a439e2690 code [0x0000021a439e2840, 0x0000021a439e2998]
Event: 1302.410 Thread 0x0000021a4d6a64d0 7717       1       java.util.concurrent.Executors$RunnableAdapter::call (14 bytes)
Event: 1302.410 Thread 0x0000021a4d6a64d0 nmethod 7717 0x0000021a439e2390 code [0x0000021a439e2520, 0x0000021a439e2628]
Event: 1305.356 Thread 0x0000021a4d6a64d0 7718   !   1       java.util.concurrent.FutureTask::runAndReset (125 bytes)
Event: 1305.359 Thread 0x0000021a4d6a64d0 nmethod 7718 0x0000021a439e1310 code [0x0000021a439e1580, 0x0000021a439e1eb8]
Event: 1305.359 Thread 0x0000021a4d6a64d0 7719       1       java.util.concurrent.ScheduledThreadPoolExecutor$ScheduledFutureTask::setNextRunTime (38 bytes)
Event: 1305.359 Thread 0x0000021a4d6a64d0 nmethod 7719 0x0000021a439e0e90 code [0x0000021a439e1040, 0x0000021a439e1228]
Event: 1305.359 Thread 0x0000021a4d6a64d0 7720       1       java.util.concurrent.ScheduledThreadPoolExecutor::reExecutePeriodic (49 bytes)
Event: 1305.360 Thread 0x0000021a4d6a64d0 nmethod 7720 0x0000021a439e0890 code [0x0000021a439e0a80, 0x0000021a439e0cc8]
Event: 1312.959 Thread 0x0000021a4d6a64d0 7721  s    1       java.io.BufferedOutputStream::flush (12 bytes)
Event: 1313.004 Thread 0x0000021a4d6a64d0 nmethod 7721 0x0000021a439e0410 code [0x0000021a439e05c0, 0x0000021a439e0798]
Event: 1323.006 Thread 0x0000021a4d6a64d0 7722       1       org.springframework.ide.vscode.commons.languageserver.util.SimpleLanguageServer::getParentProcessId (5 bytes)
Event: 1323.007 Thread 0x0000021a4d6a64d0 nmethod 7722 0x0000021a439e0110 code [0x0000021a439e02a0, 0x0000021a439e0378]

GC Heap History (20 events):
Event: 1261.249 GC heap before
{Heap before GC invocations=139 (full 107):
 garbage-first heap   total 119808K, used 36639K [0x0000000083200000, 0x0000000100000000)
  region size 1024K, 1 young (1024K), 0 survivors (0K)
 Metaspace       used 53443K, committed 53952K, reserved 1097728K
  class space    used 7040K, committed 7296K, reserved 1048576K
}
Event: 1261.302 GC heap after
{Heap after GC invocations=140 (full 108):
 garbage-first heap   total 119808K, used 36639K [0x0000000083200000, 0x0000000100000000)
  region size 1024K, 0 young (0K), 0 survivors (0K)
 Metaspace       used 53443K, committed 53952K, reserved 1097728K
  class space    used 7040K, committed 7296K, reserved 1048576K
}
Event: 1271.536 GC heap before
{Heap before GC invocations=140 (full 108):
 garbage-first heap   total 119808K, used 36639K [0x0000000083200000, 0x0000000100000000)
  region size 1024K, 1 young (1024K), 0 survivors (0K)
 Metaspace       used 53443K, committed 53952K, reserved 1097728K
  class space    used 7040K, committed 7296K, reserved 1048576K
}
Event: 1271.569 GC heap after
{Heap after GC invocations=141 (full 109):
 garbage-first heap   total 119808K, used 36639K [0x0000000083200000, 0x0000000100000000)
  region size 1024K, 0 young (0K), 0 survivors (0K)
 Metaspace       used 53443K, committed 53952K, reserved 1097728K
  class space    used 7040K, committed 7296K, reserved 1048576K
}
Event: 1281.848 GC heap before
{Heap before GC invocations=141 (full 109):
 garbage-first heap   total 119808K, used 36639K [0x0000000083200000, 0x0000000100000000)
  region size 1024K, 1 young (1024K), 0 survivors (0K)
 Metaspace       used 53443K, committed 53952K, reserved 1097728K
  class space    used 7040K, committed 7296K, reserved 1048576K
}
Event: 1281.887 GC heap after
{Heap after GC invocations=142 (full 110):
 garbage-first heap   total 119808K, used 36639K [0x0000000083200000, 0x0000000100000000)
  region size 1024K, 0 young (0K), 0 survivors (0K)
 Metaspace       used 53443K, committed 53952K, reserved 1097728K
  class space    used 7040K, committed 7296K, reserved 1048576K
}
Event: 1292.330 GC heap before
{Heap before GC invocations=142 (full 110):
 garbage-first heap   total 119808K, used 36639K [0x0000000083200000, 0x0000000100000000)
  region size 1024K, 1 young (1024K), 0 survivors (0K)
 Metaspace       used 53443K, committed 53952K, reserved 1097728K
  class space    used 7040K, committed 7296K, reserved 1048576K
}
Event: 1292.401 GC heap after
{Heap after GC invocations=143 (full 111):
 garbage-first heap   total 119808K, used 36639K [0x0000000083200000, 0x0000000100000000)
  region size 1024K, 0 young (0K), 0 survivors (0K)
 Metaspace       used 53443K, committed 53952K, reserved 1097728K
  class space    used 7040K, committed 7296K, reserved 1048576K
}
Event: 1302.668 GC heap before
{Heap before GC invocations=143 (full 111):
 garbage-first heap   total 119808K, used 36639K [0x0000000083200000, 0x0000000100000000)
  region size 1024K, 1 young (1024K), 0 survivors (0K)
 Metaspace       used 53443K, committed 53952K, reserved 1097728K
  class space    used 7040K, committed 7296K, reserved 1048576K
}
Event: 1302.721 GC heap after
{Heap after GC invocations=144 (full 112):
 garbage-first heap   total 119808K, used 36639K [0x0000000083200000, 0x0000000100000000)
  region size 1024K, 0 young (0K), 0 survivors (0K)
 Metaspace       used 53443K, committed 53952K, reserved 1097728K
  class space    used 7040K, committed 7296K, reserved 1048576K
}
Event: 1312.959 GC heap before
{Heap before GC invocations=144 (full 112):
 garbage-first heap   total 119808K, used 36639K [0x0000000083200000, 0x0000000100000000)
  region size 1024K, 1 young (1024K), 0 survivors (0K)
 Metaspace       used 53443K, committed 53952K, reserved 1097728K
  class space    used 7040K, committed 7296K, reserved 1048576K
}
Event: 1313.003 GC heap after
{Heap after GC invocations=145 (full 113):
 garbage-first heap   total 119808K, used 36639K [0x0000000083200000, 0x0000000100000000)
  region size 1024K, 0 young (0K), 0 survivors (0K)
 Metaspace       used 53443K, committed 53952K, reserved 1097728K
  class space    used 7040K, committed 7296K, reserved 1048576K
}
Event: 1323.259 GC heap before
{Heap before GC invocations=145 (full 113):
 garbage-first heap   total 119808K, used 36639K [0x0000000083200000, 0x0000000100000000)
  region size 1024K, 1 young (1024K), 0 survivors (0K)
 Metaspace       used 53443K, committed 53952K, reserved 1097728K
  class space    used 7040K, committed 7296K, reserved 1048576K
}
Event: 1323.304 GC heap after
{Heap after GC invocations=146 (full 114):
 garbage-first heap   total 119808K, used 36639K [0x0000000083200000, 0x0000000100000000)
  region size 1024K, 0 young (0K), 0 survivors (0K)
 Metaspace       used 53443K, committed 53952K, reserved 1097728K
  class space    used 7040K, committed 7296K, reserved 1048576K
}
Event: 1333.558 GC heap before
{Heap before GC invocations=146 (full 114):
 garbage-first heap   total 119808K, used 36639K [0x0000000083200000, 0x0000000100000000)
  region size 1024K, 1 young (1024K), 0 survivors (0K)
 Metaspace       used 53443K, committed 53952K, reserved 1097728K
  class space    used 7040K, committed 7296K, reserved 1048576K
}
Event: 1333.630 GC heap after
{Heap after GC invocations=147 (full 115):
 garbage-first heap   total 119808K, used 36639K [0x0000000083200000, 0x0000000100000000)
  region size 1024K, 0 young (0K), 0 survivors (0K)
 Metaspace       used 53443K, committed 53952K, reserved 1097728K
  class space    used 7040K, committed 7296K, reserved 1048576K
}
Event: 1343.863 GC heap before
{Heap before GC invocations=147 (full 115):
 garbage-first heap   total 119808K, used 36639K [0x0000000083200000, 0x0000000100000000)
  region size 1024K, 1 young (1024K), 0 survivors (0K)
 Metaspace       used 53443K, committed 53952K, reserved 1097728K
  class space    used 7040K, committed 7296K, reserved 1048576K
}
Event: 1343.918 GC heap after
{Heap after GC invocations=148 (full 116):
 garbage-first heap   total 119808K, used 36639K [0x0000000083200000, 0x0000000100000000)
  region size 1024K, 0 young (0K), 0 survivors (0K)
 Metaspace       used 53443K, committed 53952K, reserved 1097728K
  class space    used 7040K, committed 7296K, reserved 1048576K
}
Event: 1354.142 GC heap before
{Heap before GC invocations=148 (full 116):
 garbage-first heap   total 119808K, used 36639K [0x0000000083200000, 0x0000000100000000)
  region size 1024K, 1 young (1024K), 0 survivors (0K)
 Metaspace       used 53443K, committed 53952K, reserved 1097728K
  class space    used 7040K, committed 7296K, reserved 1048576K
}
Event: 1354.180 GC heap after
{Heap after GC invocations=149 (full 117):
 garbage-first heap   total 119808K, used 36639K [0x0000000083200000, 0x0000000100000000)
  region size 1024K, 0 young (0K), 0 survivors (0K)
 Metaspace       used 53443K, committed 53952K, reserved 1097728K
  class space    used 7040K, committed 7296K, reserved 1048576K
}

Deoptimization events (20 events):
Event: 16.502 Thread 0x0000021a4e1cb030 DEOPT PACKING pc=0x0000021a43c9eff4 sp=0x000000eb7f4fe040
Event: 16.502 Thread 0x0000021a4e1cb030 DEOPT UNPACKING pc=0x0000021a43116763 sp=0x000000eb7f4fd518 mode 0
Event: 16.502 Thread 0x0000021a4e1cb030 DEOPT PACKING pc=0x0000021a43c40fa4 sp=0x000000eb7f4fe0f0
Event: 16.502 Thread 0x0000021a4e1cb030 DEOPT UNPACKING pc=0x0000021a43116763 sp=0x000000eb7f4fd670 mode 0
Event: 16.503 Thread 0x0000021a4e1cb030 DEOPT PACKING pc=0x0000021a43c712ac sp=0x000000eb7f4fe3f0
Event: 16.503 Thread 0x0000021a4e1cb030 DEOPT UNPACKING pc=0x0000021a43116763 sp=0x000000eb7f4fd880 mode 0
Event: 20.924 Thread 0x0000021a4e1cb030 DEOPT PACKING pc=0x0000021a43d938ee sp=0x000000eb7f4fd130
Event: 20.924 Thread 0x0000021a4e1cb030 DEOPT UNPACKING pc=0x0000021a43116763 sp=0x000000eb7f4fc628 mode 3
Event: 20.931 Thread 0x0000021a4e1cb030 DEOPT PACKING pc=0x0000021a43d8319c sp=0x000000eb7f4fd8d0
Event: 20.931 Thread 0x0000021a4e1cb030 DEOPT UNPACKING pc=0x0000021a43116763 sp=0x000000eb7f4fcf78 mode 0
Event: 21.284 Thread 0x0000021a51ebe180 DEOPT PACKING pc=0x0000021a43e01f44 sp=0x000000eb012fe2a0
Event: 21.284 Thread 0x0000021a51ebe180 DEOPT UNPACKING pc=0x0000021a43116763 sp=0x000000eb012fd790 mode 3
Event: 21.295 Thread 0x0000021a51ebe180 DEOPT PACKING pc=0x0000021a43e30036 sp=0x000000eb012fd920
Event: 21.295 Thread 0x0000021a51ebe180 DEOPT UNPACKING pc=0x0000021a43116763 sp=0x000000eb012fce18 mode 3
Event: 367.066 Thread 0x0000021a5022c210 DEOPT PACKING pc=0x0000021a43754dd4 sp=0x000000eb005fec70
Event: 367.066 Thread 0x0000021a5022c210 DEOPT UNPACKING pc=0x0000021a43116763 sp=0x000000eb005fe118 mode 0
Event: 451.421 Thread 0x0000021a51ebeff0 DEOPT PACKING pc=0x0000021a433b39a0 sp=0x000000eb00afdae0
Event: 451.421 Thread 0x0000021a51ebeff0 DEOPT UNPACKING pc=0x0000021a43116763 sp=0x000000eb00afcf60 mode 3
Event: 1047.103 Thread 0x0000021a51ebfe60 DEOPT PACKING pc=0x0000021a433a90f5 sp=0x000000eb009fe080
Event: 1047.103 Thread 0x0000021a51ebfe60 DEOPT UNPACKING pc=0x0000021a43116763 sp=0x000000eb009fd5a0 mode 3

Classes unloaded (20 events):
Event: 119.488 Thread 0x0000021a4d684120 Unloading class 0x0000000100349800 'java/lang/invoke/LambdaForm$MH+0x0000000100349800'
Event: 119.488 Thread 0x0000021a4d684120 Unloading class 0x0000000100349400 'java/lang/invoke/LambdaForm$MH+0x0000000100349400'
Event: 119.488 Thread 0x0000021a4d684120 Unloading class 0x0000000100349000 'java/lang/invoke/LambdaForm$MH+0x0000000100349000'
Event: 119.488 Thread 0x0000021a4d684120 Unloading class 0x0000000100348c00 'java/lang/invoke/LambdaForm$MH+0x0000000100348c00'
Event: 119.488 Thread 0x0000021a4d684120 Unloading class 0x0000000100348400 'java/lang/invoke/LambdaForm$DMH+0x0000000100348400'
Event: 119.488 Thread 0x0000021a4d684120 Unloading class 0x0000000100344400 'java/lang/invoke/LambdaForm$DMH+0x0000000100344400'
Event: 119.488 Thread 0x0000021a4d684120 Unloading class 0x0000000100203000 'java/lang/invoke/LambdaForm$MH+0x0000000100203000'
Event: 119.488 Thread 0x0000021a4d684120 Unloading class 0x0000000100202c00 'java/lang/invoke/LambdaForm$MH+0x0000000100202c00'
Event: 119.488 Thread 0x0000021a4d684120 Unloading class 0x0000000100202800 'java/lang/invoke/LambdaForm$MH+0x0000000100202800'
Event: 119.488 Thread 0x0000021a4d684120 Unloading class 0x0000000100202400 'java/lang/invoke/LambdaForm$MH+0x0000000100202400'
Event: 119.488 Thread 0x0000021a4d684120 Unloading class 0x0000000100202000 'java/lang/invoke/LambdaForm$MH+0x0000000100202000'
Event: 119.488 Thread 0x0000021a4d684120 Unloading class 0x0000000100201800 'java/lang/invoke/LambdaForm$MH+0x0000000100201800'
Event: 119.488 Thread 0x0000021a4d684120 Unloading class 0x00000001000d2800 'java/lang/invoke/LambdaForm$MH+0x00000001000d2800'
Event: 119.488 Thread 0x0000021a4d684120 Unloading class 0x00000001000d2000 'java/lang/invoke/LambdaForm$MH+0x00000001000d2000'
Event: 119.488 Thread 0x0000021a4d684120 Unloading class 0x00000001000d1c00 'java/lang/invoke/LambdaForm$MH+0x00000001000d1c00'
Event: 119.488 Thread 0x0000021a4d684120 Unloading class 0x00000001000d1800 'java/lang/invoke/LambdaForm$MH+0x00000001000d1800'
Event: 119.488 Thread 0x0000021a4d684120 Unloading class 0x00000001000d1000 'java/lang/invoke/LambdaForm$MH+0x00000001000d1000'
Event: 119.488 Thread 0x0000021a4d684120 Unloading class 0x00000001000d0c00 'java/lang/invoke/LambdaForm$MH+0x00000001000d0c00'
Event: 119.488 Thread 0x0000021a4d684120 Unloading class 0x00000001000d0800 'java/lang/invoke/LambdaForm$MH+0x00000001000d0800'
Event: 119.488 Thread 0x0000021a4d684120 Unloading class 0x00000001000d0000 'java/lang/invoke/LambdaForm$MH+0x00000001000d0000'

Classes redefined (0 events):
No events

Internal exceptions (20 events):
Event: 15.263 Thread 0x0000021a51ebe180 Exception <a 'sun/nio/fs/WindowsException'{0x00000000b350c190}> (0x00000000b350c190) 
thrown [s\src\hotspot\share\prims\jni.cpp, line 516]
Event: 15.263 Thread 0x0000021a51ebe180 Exception <a 'sun/nio/fs/WindowsException'{0x00000000b350c580}> (0x00000000b350c580) 
thrown [s\src\hotspot\share\prims\jni.cpp, line 516]
Event: 15.264 Thread 0x0000021a51ebe650 Exception <a 'java/lang/NoSuchMethodError'{0x00000000b3588a20}: 'java.lang.Object java.lang.invoke.Invokers$Holder.invoke_MT(java.lang.Object, java.lang.Object, java.lang.Object)'> (0x00000000b3588a20) 
thrown [s\src\hotspot\share\interpreter\linkResolver.cpp, line 759]
Event: 19.446 Thread 0x0000021a5022b3a0 Exception <a 'java/lang/NoSuchMethodError'{0x00000000a63b7788}: 'java.lang.Object java.lang.invoke.DirectMethodHandle$Holder.newInvokeSpecial(java.lang.Object, java.lang.Object, int)'> (0x00000000a63b7788) 
thrown [s\src\hotspot\share\interpreter\linkResolver.cpp, line 759]
Event: 19.462 Thread 0x0000021a51ebe180 Exception <a 'java/lang/NoSuchMethodError'{0x00000000a6222b48}: 'java.lang.Object java.lang.invoke.Invokers$Holder.linkToTargetMethod(java.lang.Object, long, java.lang.Object)'> (0x00000000a6222b48) 
thrown [s\src\hotspot\share\interpreter\linkResolver.cpp, line 759]
Event: 20.536 Thread 0x0000021a51ec0800 Exception <a 'java/lang/NoSuchMethodError'{0x00000000a805f510}: 'java.lang.Object java.lang.invoke.DirectMethodHandle$Holder.newInvokeSpecial(java.lang.Object, java.lang.Object, java.lang.Object, java.lang.Object, java.lang.Object, java.lang.Object, java.lang.Object)'> (0x00000000a805f510) 
thrown [s\src\hotspot\share\interpreter\linkResolver.cpp, line 759]
Event: 20.538 Thread 0x0000021a51ec0800 Exception <a 'java/lang/NoSuchMethodError'{0x00000000a8063e20}: 'java.lang.Object java.lang.invoke.Invokers$Holder.linkToTargetMethod(java.lang.Object, java.lang.Object, java.lang.Object, java.lang.Object, java.lang.Object, java.lang.Object, java.lang.Object)'> (0x00000000a8063e20) 
thrown [s\src\hotspot\share\interpreter\linkResolver.cpp, line 759]
Event: 20.706 Thread 0x0000021a51ebe180 Exception <a 'java/lang/IncompatibleClassChangeError'{0x00000000a4c7a680}: Found class java.lang.Object, but interface was expected> (0x00000000a4c7a680) 
thrown [s\src\hotspot\share\interpreter\linkResolver.cpp, line 826]
Event: 20.706 Thread 0x0000021a4e1cb030 Exception <a 'java/lang/IncompatibleClassChangeError'{0x00000000a4c8d780}: Found class java.lang.Object, but interface was expected> (0x00000000a4c8d780) 
thrown [s\src\hotspot\share\interpreter\linkResolver.cpp, line 826]
Event: 20.924 Thread 0x0000021a4e1cb030 Implicit null exception at 0x0000021a43d936c4 to 0x0000021a43d938e9
Event: 21.284 Thread 0x0000021a51ebe180 Implicit null exception at 0x0000021a43e01990 to 0x0000021a43e01f3f
Event: 21.295 Thread 0x0000021a51ebe180 Implicit null exception at 0x0000021a43e2f4e2 to 0x0000021a43e30031
Event: 21.370 Thread 0x0000021a51ebe180 Exception <a 'java/lang/ArrayIndexOutOfBoundsException'{0x00000000a183f110}> (0x00000000a183f110) 
thrown [s\src\hotspot\share\runtime\sharedRuntime.cpp, line 628]
Event: 56.946 Thread 0x0000021a5022a060 Exception <a 'java/lang/NoSuchMethodError'{0x00000000a0701b70}: 'void java.lang.invoke.DirectMethodHandle$Holder.invokeStatic(java.lang.Object, long)'> (0x00000000a0701b70) 
thrown [s\src\hotspot\share\interpreter\linkResolver.cpp, line 759]
Event: 56.947 Thread 0x0000021a5022a060 Exception <a 'java/lang/NoSuchMethodError'{0x00000000a0706f18}: 'java.lang.Object java.lang.invoke.DirectMethodHandle$Holder.newInvokeSpecial(java.lang.Object, long)'> (0x00000000a0706f18) 
thrown [s\src\hotspot\share\interpreter\linkResolver.cpp, line 759]
Event: 56.949 Thread 0x0000021a5022a060 Exception <a 'java/lang/NoSuchMethodError'{0x00000000a070d780}: 'java.lang.Object java.lang.invoke.DirectMethodHandle$Holder.invokeStatic(java.lang.Object, java.lang.Object, long, java.lang.Object)'> (0x00000000a070d780) 
thrown [s\src\hotspot\share\interpreter\linkResolver.cpp, line 759]
Event: 56.950 Thread 0x0000021a5022a060 Exception <a 'java/lang/NoSuchMethodError'{0x00000000a0711218}: 'java.lang.Object java.lang.invoke.DirectMethodHandle$Holder.invokeStaticInit(java.lang.Object, java.lang.Object, long, java.lang.Object)'> (0x00000000a0711218) 
thrown [s\src\hotspot\share\interpreter\linkResolver.cpp, line 759]
Event: 56.951 Thread 0x0000021a5022a060 Exception <a 'java/lang/NoSuchMethodError'{0x00000000a0717548}: 'java.lang.Object java.lang.invoke.DirectMethodHandle$Holder.newInvokeSpecial(java.lang.Object, java.lang.Object, long)'> (0x00000000a0717548) 
thrown [s\src\hotspot\share\interpreter\linkResolver.cpp, line 759]
Event: 451.421 Thread 0x0000021a51ebeff0 Implicit null exception at 0x0000021a433b375a to 0x0000021a433b399b
Event: 1047.103 Thread 0x0000021a51ebfe60 Implicit null exception at 0x0000021a433a8828 to 0x0000021a433a90f0

VM Operations (20 events):
Event: 1281.887 Executing VM operation: G1CollectFull done
Event: 1292.329 Executing VM operation: G1CollectFull
Event: 1292.401 Executing VM operation: G1CollectFull done
Event: 1302.668 Executing VM operation: G1CollectFull
Event: 1302.721 Executing VM operation: G1CollectFull done
Event: 1305.731 Executing VM operation: Cleanup
Event: 1305.731 Executing VM operation: Cleanup done
Event: 1312.788 Executing VM operation: Cleanup
Event: 1312.788 Executing VM operation: Cleanup done
Event: 1312.959 Executing VM operation: G1CollectFull
Event: 1313.004 Executing VM operation: G1CollectFull done
Event: 1323.259 Executing VM operation: G1CollectFull
Event: 1323.304 Executing VM operation: G1CollectFull done
Event: 1333.557 Executing VM operation: G1CollectFull
Event: 1333.630 Executing VM operation: G1CollectFull done
Event: 1343.863 Executing VM operation: G1CollectFull
Event: 1343.918 Executing VM operation: G1CollectFull done
Event: 1354.142 Executing VM operation: G1CollectFull
Event: 1354.180 Executing VM operation: G1CollectFull done
Event: 1366.232 Executing VM operation: G1CollectFull

Events (20 events):
Event: 141.500 Thread 0x0000021a51eb9e20 Thread exited: 0x0000021a51eb9e20
Event: 450.427 Thread 0x0000021a51ec11a0 Thread added: 0x0000021a51ec11a0
Event: 450.427 Thread 0x0000021a51ec0330 Thread added: 0x0000021a51ec0330
Event: 450.428 Thread 0x0000021a51ebeff0 Thread added: 0x0000021a51ebeff0
Event: 450.428 Thread 0x0000021a51ebbb00 Thread added: 0x0000021a51ebbb00
Event: 450.431 Thread 0x0000021a51ec0800 Thread added: 0x0000021a51ec0800
Event: 450.432 loading class java/util/concurrent/CompletionException
Event: 450.432 loading class java/util/concurrent/CompletionException done
Event: 450.705 Thread 0x0000021a50321260 Thread added: 0x0000021a50321260
Event: 456.517 Thread 0x0000021a50321260 Thread exited: 0x0000021a50321260
Event: 510.445 Thread 0x0000021a51ec0330 Thread exited: 0x0000021a51ec0330
Event: 511.077 Thread 0x0000021a51ec0800 Thread exited: 0x0000021a51ec0800
Event: 519.688 Thread 0x0000021a51ebbb00 Thread exited: 0x0000021a51ebbb00
Event: 519.891 Thread 0x0000021a51ebeff0 Thread exited: 0x0000021a51ebeff0
Event: 1046.779 Thread 0x0000021a51ebfe60 Thread added: 0x0000021a51ebfe60
Event: 1046.780 Thread 0x0000021a51ec0330 Thread added: 0x0000021a51ec0330
Event: 1047.038 Thread 0x0000021a4fa80030 Thread added: 0x0000021a4fa80030
Event: 1052.164 Thread 0x0000021a4fa80030 Thread exited: 0x0000021a4fa80030
Event: 1107.162 Thread 0x0000021a51ebfe60 Thread exited: 0x0000021a51ebfe60
Event: 1107.162 Thread 0x0000021a51ec0330 Thread exited: 0x0000021a51ec0330


Dynamic libraries:
0x00007ff62bef0000 - 0x00007ff62befe000 	c:\Users\datea\.vscode\extensions\redhat.java-1.11.0-win32-x64\jre\17.0.4.1-win32-x86_64\bin\java.exe
0x00007ffdd22d0000 - 0x00007ffdd24e9000 	C:\WINDOWS\SYSTEM32\ntdll.dll
0x00007ffdd0fd0000 - 0x00007ffdd1092000 	C:\WINDOWS\System32\KERNEL32.DLL
0x00007ffdcf9f0000 - 0x00007ffdcfd8f000 	C:\WINDOWS\System32\KERNELBASE.dll
0x00007ffdcc550000 - 0x00007ffdcc5e6000 	C:\WINDOWS\SYSTEM32\apphelp.dll
0x00007ffdcf750000 - 0x00007ffdcf86b000 	C:\WINDOWS\System32\ucrtbase.dll
0x00007ffdc8cc0000 - 0x00007ffdc8cd8000 	c:\Users\datea\.vscode\extensions\redhat.java-1.11.0-win32-x64\jre\17.0.4.1-win32-x86_64\bin\jli.dll
0x00007ffdd20d0000 - 0x00007ffdd227c000 	C:\WINDOWS\System32\USER32.dll
0x00007ffdd0000000 - 0x00007ffdd0026000 	C:\WINDOWS\System32\win32u.dll
0x00007ffdcb160000 - 0x00007ffdcb179000 	c:\Users\datea\.vscode\extensions\redhat.java-1.11.0-win32-x64\jre\17.0.4.1-win32-x86_64\bin\VCRUNTIME140.dll
0x00007ffdafbb0000 - 0x00007ffdafe41000 	C:\WINDOWS\WinSxS\amd64_microsoft.windows.common-controls_6595b64144ccf1df_6.0.25217.1010_none_7b5ae231f1b4915b\COMCTL32.dll
0x00007ffdd0a50000 - 0x00007ffdd0a79000 	C:\WINDOWS\System32\GDI32.dll
0x00007ffdd0f20000 - 0x00007ffdd0fc7000 	C:\WINDOWS\System32\msvcrt.dll
0x00007ffdcfe60000 - 0x00007ffdcff76000 	C:\WINDOWS\System32\gdi32full.dll
0x00007ffdcf6b0000 - 0x00007ffdcf74a000 	C:\WINDOWS\System32\msvcp_win.dll
0x00007ffdd13c0000 - 0x00007ffdd13f1000 	C:\WINDOWS\System32\IMM32.DLL
0x00007ffdcc540000 - 0x00007ffdcc54c000 	c:\Users\datea\.vscode\extensions\redhat.java-1.11.0-win32-x64\jre\17.0.4.1-win32-x86_64\bin\vcruntime140_1.dll
0x00007ffdb2960000 - 0x00007ffdb29f1000 	c:\Users\datea\.vscode\extensions\redhat.java-1.11.0-win32-x64\jre\17.0.4.1-win32-x86_64\bin\msvcp140.dll
0x00007ffd878c0000 - 0x00007ffd88506000 	c:\Users\datea\.vscode\extensions\redhat.java-1.11.0-win32-x64\jre\17.0.4.1-win32-x86_64\bin\server\jvm.dll
0x00007ffdd0c70000 - 0x00007ffdd0d1e000 	C:\WINDOWS\System32\ADVAPI32.dll
0x00007ffdd0a80000 - 0x00007ffdd0b26000 	C:\WINDOWS\System32\sechost.dll
0x00007ffdd1290000 - 0x00007ffdd13b7000 	C:\WINDOWS\System32\RPCRT4.dll
0x00007ffdd1560000 - 0x00007ffdd1568000 	C:\WINDOWS\System32\PSAPI.DLL
0x00007ffdb1830000 - 0x00007ffdb1839000 	C:\WINDOWS\SYSTEM32\WSOCK32.dll
0x00007ffdd0ea0000 - 0x00007ffdd0f0f000 	C:\WINDOWS\System32\WS2_32.dll
0x00007ffdc86c0000 - 0x00007ffdc86f5000 	C:\WINDOWS\SYSTEM32\WINMM.dll
0x00007ffdc8920000 - 0x00007ffdc892a000 	C:\WINDOWS\SYSTEM32\VERSION.dll
0x00007ffdce640000 - 0x00007ffdce658000 	C:\WINDOWS\SYSTEM32\kernel.appcore.dll
0x00007ffdcc3b0000 - 0x00007ffdcc3ba000 	c:\Users\datea\.vscode\extensions\redhat.java-1.11.0-win32-x64\jre\17.0.4.1-win32-x86_64\bin\jimage.dll
0x00007ffdccf20000 - 0x00007ffdcd153000 	C:\WINDOWS\SYSTEM32\DBGHELP.DLL
0x00007ffdd0240000 - 0x00007ffdd05c3000 	C:\WINDOWS\System32\combase.dll
0x00007ffdd1600000 - 0x00007ffdd16d8000 	C:\WINDOWS\System32\OLEAUT32.dll
0x00007ffdbc110000 - 0x00007ffdbc142000 	C:\WINDOWS\SYSTEM32\dbgcore.DLL
0x00007ffdcff80000 - 0x00007ffdcfff9000 	C:\WINDOWS\System32\bcryptPrimitives.dll
0x00007ffdc87f0000 - 0x00007ffdc8815000 	c:\Users\datea\.vscode\extensions\redhat.java-1.11.0-win32-x64\jre\17.0.4.1-win32-x86_64\bin\java.dll
0x00007ffdc6c10000 - 0x00007ffdc6c28000 	c:\Users\datea\.vscode\extensions\redhat.java-1.11.0-win32-x64\jre\17.0.4.1-win32-x86_64\bin\zip.dll
0x00007ffdd16e0000 - 0x00007ffdd1eaf000 	C:\WINDOWS\System32\SHELL32.dll
0x00007ffdcd440000 - 0x00007ffdcdcd5000 	C:\WINDOWS\SYSTEM32\windows.storage.dll
0x00007ffdcd2a0000 - 0x00007ffdcd433000 	C:\WINDOWS\SYSTEM32\wintypes.dll
0x00007ffdd1400000 - 0x00007ffdd14eb000 	C:\WINDOWS\System32\SHCORE.dll
0x00007ffdd0de0000 - 0x00007ffdd0e3d000 	C:\WINDOWS\System32\shlwapi.dll
0x00007ffdcf5e0000 - 0x00007ffdcf601000 	C:\WINDOWS\SYSTEM32\profapi.dll
0x00007ffdc8770000 - 0x00007ffdc8789000 	C:\Users\datea\.vscode\extensions\redhat.java-1.11.0-win32-x64\jre\17.0.4.1-win32-x86_64\bin\net.dll
0x00007ffdc8590000 - 0x00007ffdc86bb000 	C:\WINDOWS\SYSTEM32\WINHTTP.dll
0x00007ffdceb10000 - 0x00007ffdceb79000 	C:\WINDOWS\system32\mswsock.dll
0x00007ffdc6bc0000 - 0x00007ffdc6bd5000 	C:\Users\datea\.vscode\extensions\redhat.java-1.11.0-win32-x64\jre\17.0.4.1-win32-x86_64\bin\nio.dll
0x00007ffdc6820000 - 0x00007ffdc6830000 	c:\Users\datea\.vscode\extensions\redhat.java-1.11.0-win32-x64\jre\17.0.4.1-win32-x86_64\bin\verify.dll
0x00007ffdcc3d0000 - 0x00007ffdcc3d9000 	C:\Users\datea\.vscode\extensions\redhat.java-1.11.0-win32-x64\jre\17.0.4.1-win32-x86_64\bin\management.dll
0x00007ffdcc3c0000 - 0x00007ffdcc3cb000 	C:\Users\datea\.vscode\extensions\redhat.java-1.11.0-win32-x64\jre\17.0.4.1-win32-x86_64\bin\management_ext.dll
0x00007ffd41b40000 - 0x00007ffd41b57000 	C:\WINDOWS\system32\napinsp.dll
0x00007ffd40ba0000 - 0x00007ffd40bba000 	C:\WINDOWS\system32\pnrpnsp.dll
0x00007ffd7e200000 - 0x00007ffd7e221000 	C:\WINDOWS\system32\nlansp_c.dll
0x00007ffdce120000 - 0x00007ffdce21f000 	C:\WINDOWS\SYSTEM32\DNSAPI.dll
0x00007ffdce0b0000 - 0x00007ffdce0de000 	C:\WINDOWS\SYSTEM32\IPHLPAPI.DLL
0x00007ffdd2280000 - 0x00007ffdd2289000 	C:\WINDOWS\System32\NSI.dll
0x00007ffd3e490000 - 0x00007ffd3e4a1000 	C:\WINDOWS\System32\winrnr.dll
0x00007ffd9f0d0000 - 0x00007ffd9f0e5000 	C:\WINDOWS\system32\wshbth.dll
0x00007ffdc0fb0000 - 0x00007ffdc0fba000 	C:\Windows\System32\rasadhlp.dll
0x00007ffdc7340000 - 0x00007ffdc73c4000 	C:\WINDOWS\System32\fwpuclnt.dll
0x00007ffdced90000 - 0x00007ffdcedab000 	C:\WINDOWS\SYSTEM32\CRYPTSP.dll
0x00007ffdce590000 - 0x00007ffdce5c4000 	C:\WINDOWS\system32\rsaenh.dll
0x00007ffdcec10000 - 0x00007ffdcec38000 	C:\WINDOWS\SYSTEM32\USERENV.dll
0x00007ffdcef50000 - 0x00007ffdcef78000 	C:\WINDOWS\SYSTEM32\bcrypt.dll
0x00007ffdcedb0000 - 0x00007ffdcedbc000 	C:\WINDOWS\SYSTEM32\CRYPTBASE.dll
0x00007ffdc8240000 - 0x00007ffdc8259000 	C:\WINDOWS\SYSTEM32\dhcpcsvc6.DLL
0x00007ffdc8210000 - 0x00007ffdc822f000 	C:\WINDOWS\SYSTEM32\dhcpcsvc.DLL

dbghelp: loaded successfully - version: 4.0.5 - missing functions: none
symbol engine: initialized successfully - sym options: 0x614 - pdb path: .;c:\Users\datea\.vscode\extensions\redhat.java-1.11.0-win32-x64\jre\17.0.4.1-win32-x86_64\bin;C:\WINDOWS\SYSTEM32;C:\WINDOWS\WinSxS\amd64_microsoft.windows.common-controls_6595b64144ccf1df_6.0.25217.1010_none_7b5ae231f1b4915b;c:\Users\datea\.vscode\extensions\redhat.java-1.11.0-win32-x64\jre\17.0.4.1-win32-x86_64\bin\server

VM Arguments:
jvm_args: -Dsts.lsp.client=vscode -Dsts.log.file=/dev/null -XX:TieredStopAtLevel=1 -Xlog:jni+resolve=off -Dspring.config.location=file:c:\Users\datea\.vscode\extensions\pivotal.vscode-spring-boot-1.39.0\language-server\BOOT-INF\classes\application.properties 
java_command: org.springframework.ide.vscode.boot.app.BootLanguageServerBootApp
java_class_path (initial): c:\Users\datea\.vscode\extensions\pivotal.vscode-spring-boot-1.39.0\language-server\BOOT-INF\classes;c:\Users\datea\.vscode\extensions\pivotal.vscode-spring-boot-1.39.0\language-server\BOOT-INF\lib\annotations-23.0.0.jar;c:\Users\datea\.vscode\extensions\pivotal.vscode-spring-boot-1.39.0\language-server\BOOT-INF\lib\antlr-runtime-3.5.2.jar;c:\Users\datea\.vscode\extensions\pivotal.vscode-spring-boot-1.39.0\language-server\BOOT-INF\lib\antlr4-4.9.3.jar;c:\Users\datea\.vscode\extensions\pivotal.vscode-spring-boot-1.39.0\language-server\BOOT-INF\lib\antlr4-runtime-4.9.3.jar;c:\Users\datea\.vscode\extensions\pivotal.vscode-spring-boot-1.39.0\language-server\BOOT-INF\lib\asm-9.3.jar;c:\Users\datea\.vscode\extensions\pivotal.vscode-spring-boot-1.39.0\language-server\BOOT-INF\lib\asm-analysis-9.3.jar;c:\Users\datea\.vscode\extensions\pivotal.vscode-spring-boot-1.39.0\language-server\BOOT-INF\lib\asm-tree-9.3.jar;c:\Users\datea\.vscode\extensions\pivotal.vscode-spring-boot-1.39.0\language-server\BOOT-INF\lib\asm-util-9.3.jar;c:\Users\datea\.vscode\extensions\pivotal.vscode-spring-boot-1.39.0\language-server\BOOT-INF\lib\byte-buddy-1.12.13.jar;c:\Users\datea\.vscode\extensions\pivotal.vscode-spring-boot-1.39.0\language-server\BOOT-INF\lib\caffeine-2.9.3.jar;c:\Users\datea\.vscode\extensions\pivotal.vscode-spring-boot-1.39.0\language-server\BOOT-INF\lib\checker-qual-3.12.0.jar;c:\Users\datea\.vscode\extensions\pivotal.vscode-spring-boot-1.39.0\language-server\BOOT-INF\lib\classgraph-4.8.149.jar;c:\Users\datea\.vscode\extensions\pivotal.vscode-spring-boot-1.39.0\language-server\BOOT-INF\lib\commons-codec-1.15.jar;c:\Users\datea\.vscode\extensions\pivotal.vscode-spring-boot-1.39.0\language-server\BOOT-INF\lib\commons-compress-1.21.jar;c:\Users\datea\.vscode\extensions\pivotal.vscode-spring-boot-1.39.0\language-server\BOOT-INF\lib\commons-exec-1.3.jar;c:\Users\datea\.vscode\extensions\pivotal.vscode-spring-boot-1.39.0\language-server\BOOT-INF\lib\com
Launcher Type: SUN_STANDARD

[Global flags]
     intx CICompilerCount                          = 4                                         {product} {ergonomic}
     uint ConcGCThreads                            = 2                                         {product} {ergonomic}
     uint G1ConcRefinementThreads                  = 8                                         {product} {ergonomic}
   size_t G1HeapRegionSize                         = 1048576                                   {product} {ergonomic}
    uintx GCDrainStackTargetSize                   = 64                                        {product} {ergonomic}
   size_t InitialHeapSize                          = 132120576                                 {product} {ergonomic}
   size_t MarkStackSize                            = 4194304                                   {product} {ergonomic}
   size_t MaxHeapSize                              = 2095054848                                {product} {ergonomic}
   size_t MaxNewSize                               = 1256194048                                {product} {ergonomic}
   size_t MinHeapDeltaBytes                        = 1048576                                   {product} {ergonomic}
   size_t MinHeapSize                              = 8388608                                   {product} {ergonomic}
    uintx NonProfiledCodeHeapSize                  = 0                                      {pd product} {ergonomic}
     bool ProfileInterpreter                       = false                                  {pd product} {command line}
    uintx ProfiledCodeHeapSize                     = 0                                      {pd product} {ergonomic}
   size_t SoftMaxHeapSize                          = 2095054848                             {manageable} {ergonomic}
     intx TieredStopAtLevel                        = 1                                         {product} {command line}
     bool UseCompressedClassPointers               = true                           {product lp64_product} {ergonomic}
     bool UseCompressedOops                        = true                           {product lp64_product} {ergonomic}
     bool UseG1GC                                  = true                                      {product} {ergonomic}
     bool UseLargePagesIndividualAllocation        = false                                  {pd product} {ergonomic}

Logging:
Log output configuration:
 #0: stdout all=warning,jni+resolve=off uptime,level,tags
 #1: stderr all=off uptime,level,tags

Environment Variables:
PATH=C:\Program Files\Java\jdk-15.0.2\bin;C:\Program Files\Common Files\Oracle\Java\javapath;C:\WINDOWS\system32;C:\WINDOWS;C:\WINDOWS\System32\Wbem;C:\WINDOWS\System32\WindowsPowerShell\v1.0\;C:\WINDOWS\System32\OpenSSH\;C:\Program Files\Azure Data Studio\bin;C:\Program Files\Microsoft SQL Server\Client SDK\ODBC\170\Tools\Binn\;C:\Program Files (x86)\Microsoft SQL Server\150\Tools\Binn\;C:\Program Files\Microsoft SQL Server\150\Tools\Binn\;C:\Program Files\Microsoft SQL Server\150\DTS\Binn\;C:\Program Files (x86)\Microsoft SQL Server\150\DTS\Binn\;C:\Program Files (x86)\GitExtensions\;F:\xampp\php;C:\ProgramData\ComposerSetup\bin;C:\xampp\php;C:\Program Files\Git\cmd;C:\Users\datea\AppData\Local\Microsoft\WindowsApps;C:\Users\datea\AppData\Local\Programs\Microsoft VS Code\bin;;C:\Program Files\Azure Data Studio\bin;C:\Users\datea\AppData\Roaming\Composer\vendor\bin
USERNAME=datea
OS=Windows_NT
PROCESSOR_IDENTIFIER=Intel64 Family 6 Model 126 Stepping 5, GenuineIntel
TMP=C:\Users\datea\AppData\Local\Temp
TEMP=C:\Users\datea\AppData\Local\Temp



---------------  S Y S T E M  ---------------

OS:
 Windows 11 , 64 bit Build 25217 (10.0.25217.1000)
OS uptime: 1 days 7:03 hours
Hyper-V role detected

CPU: total 8 (initial active 8) (4 cores per cpu, 2 threads per core) family 6 model 126 stepping 5 microcode 0xa6, cx8, cmov, fxsr, ht, mmx, 3dnowpref, sse, sse2, sse3, ssse3, sse4.1, sse4.2, popcnt, lzcnt, tsc, tscinvbit, avx, avx2, aes, erms, clmul, bmi1, bmi2, adx, avx512f, avx512dq, avx512cd, avx512bw, avx512vl, sha, fma, vzeroupper, avx512_vpopcntdq, avx512_vpclmulqdq, avx512_vaes, avx512_vnni, clflush, clflushopt, avx512_vbmi2, avx512_vbmi, hv

Memory: 4k page, system-wide physical 7987M (621M free)
TotalPageFile size 12083M (AvailPageFile size 6M)
current process WorkingSet (physical memory assigned to process): 110M, peak: 977M
current process commit charge ("private bytes"): 283M, peak: 1013M

vm_info: OpenJDK 64-Bit Server VM (17.0.4.1+1) for windows-amd64 JRE (17.0.4.1+1), built on Aug 17 2022 07:42:43 by "temurin" with MS VC++ 16.7 (VS2019)

END.
