#
# There is insufficient memory for the Java Runtime Environment to continue.
# Native memory allocation (mmap) failed to map 236978176 bytes for G1 virtual space
# Possible reasons:
#   The system is out of physical RAM or swap space
#   The process is running with CompressedOops enabled, and the Java Heap may be blocking the growth of the native heap
# Possible solutions:
#   Reduce memory load on the system
#   Increase physical memory or swap space
#   Check if swap backing store is full
#   Decrease Java heap size (-Xmx/-Xms)
#   Decrease number of Java threads
#   Decrease Java thread stack sizes (-Xss)
#   Set larger code cache with -XX:ReservedCodeCacheSize=
#   JVM is running with Unscaled Compressed Oops mode in which the Java heap is
#     placed in the first 4GB address space. The Java Heap base address is the
#     maximum limit for the native heap growth. Please use -XX:HeapBaseMinAddress
#     to set the Java Heap base and to place the Java Heap above 4GB virtual address.
# This output file may be truncated or incomplete.
#
#  Out of Memory Error (os_windows.cpp:3541), pid=44424, tid=48060
#
# JRE version: OpenJDK Runtime Environment Temurin-17.0.4.1+1 (17.0.4.1+1) (build 17.0.4.1+1)
# Java VM: OpenJDK 64-Bit Server VM Temurin-17.0.4.1+1 (17.0.4.1+1, mixed mode, emulated-client, tiered, compressed oops, compressed class ptrs, g1 gc, windows-amd64)
# No core dump will be written. Minidumps are not enabled by default on client versions of Windows
#

---------------  S U M M A R Y ------------

Command Line: -Dsts.lsp.client=vscode -Dsts.log.file=/dev/null -XX:TieredStopAtLevel=1 -Xlog:jni+resolve=off -Dspring.config.location=file:c:\Users\datea\.vscode\extensions\pivotal.vscode-spring-boot-1.39.0\language-server\BOOT-INF\classes\application.properties org.springframework.ide.vscode.boot.app.BootLanguageServerBootApp

Host: Intel(R) Core(TM) i5-1035G1 CPU @ 1.00GHz, 8 cores, 7G,  Windows 11 , 64 bit Build 25217 (10.0.25217.1000)
Time: Mon Oct 10 15:42:07 2022 SE Asia Standard Time elapsed time: 8.890501 seconds (0d 0h 0m 8s)

---------------  T H R E A D  ---------------

Current thread (0x0000024c1520bd60):  VMThread "VM Thread" [stack: 0x00000094a1b00000,0x00000094a1c00000] [id=48060]

Stack: [0x00000094a1b00000,0x00000094a1c00000]
Native frames: (J=compiled Java code, j=interpreted, Vv=VM code, C=native code)
V  [jvm.dll+0x67731a]
V  [jvm.dll+0x832284]
V  [jvm.dll+0x833a2e]
V  [jvm.dll+0x834093]
V  [jvm.dll+0x245775]
V  [jvm.dll+0x674209]
V  [jvm.dll+0x668a92]
V  [jvm.dll+0x30471b]
V  [jvm.dll+0x30bc66]
V  [jvm.dll+0x35ba9e]
V  [jvm.dll+0x35bccf]
V  [jvm.dll+0x2db5b8]
V  [jvm.dll+0x2d986c]
V  [jvm.dll+0x2d8e3c]
V  [jvm.dll+0x31cd9b]
V  [jvm.dll+0x83853b]
V  [jvm.dll+0x839274]
V  [jvm.dll+0x83978c]
V  [jvm.dll+0x839b64]
V  [jvm.dll+0x839c30]
V  [jvm.dll+0x7e240a]
V  [jvm.dll+0x6761a5]
C  [ucrtbase.dll+0x4b7eb]
C  [KERNEL32.DLL+0x1484d]
C  [ntdll.dll+0x67558]

VM_Operation (0x00000094a3afe070): G1CollectForAllocation, mode: safepoint, requested by thread 0x0000024c17dcd3d0


---------------  P R O C E S S  ---------------

Threads class SMR info:
_java_thread_list=0x0000024c199bd290, length=41, elements={
0x0000024c1520d5d0, 0x0000024c1520dca0, 0x0000024c1522e980, 0x0000024c15c21e60,
0x0000024c15c22720, 0x0000024c15c22fe0, 0x0000024c15c258b0, 0x0000024c15c281c0,
0x0000024c15e20ab0, 0x0000024c15e31270, 0x0000024c15e43010, 0x0000024c164fd050,
0x0000024c16730410, 0x0000024c17a95190, 0x0000024c17cead40, 0x0000024c17d95ba0,
0x0000024c17dc8b80, 0x0000024c17dca060, 0x0000024c17dca530, 0x0000024c17dcaec0,
0x0000024c17dcd3d0, 0x0000024c17dcf6d0, 0x0000024c17dd13b0, 0x0000024c17dd2bc0,
0x0000024c17dd0070, 0x0000024c17dcf200, 0x0000024c17dd0540, 0x0000024c17dcfba0,
0x0000024c17dd0a10, 0x0000024c17dd1880, 0x0000024c17dd1d50, 0x0000024c17dd2220,
0x0000024c17dd0ee0, 0x0000024c17dd26f0, 0x0000024c19a444f0, 0x0000024c19a41e70,
0x0000024c19a3fcc0, 0x0000024c19a44e90, 0x0000024c19a414d0, 0x0000024c19a449c0,
0x0000024c19a40190
}

Java Threads: ( => current thread )
  0x0000024c1520d5d0 JavaThread "Reference Handler" daemon [_thread_blocked, id=47144, stack(0x00000094a1c00000,0x00000094a1d00000)]
  0x0000024c1520dca0 JavaThread "Finalizer" daemon [_thread_blocked, id=44112, stack(0x00000094a1d00000,0x00000094a1e00000)]
  0x0000024c1522e980 JavaThread "Signal Dispatcher" daemon [_thread_blocked, id=46192, stack(0x00000094a1f00000,0x00000094a2000000)]
  0x0000024c15c21e60 JavaThread "Attach Listener" daemon [_thread_blocked, id=44772, stack(0x00000094a2000000,0x00000094a2100000)]
  0x0000024c15c22720 JavaThread "Service Thread" daemon [_thread_blocked, id=47696, stack(0x00000094a2100000,0x00000094a2200000)]
  0x0000024c15c22fe0 JavaThread "Monitor Deflation Thread" daemon [_thread_blocked, id=31232, stack(0x00000094a2200000,0x00000094a2300000)]
  0x0000024c15c258b0 JavaThread "C1 CompilerThread0" daemon [_thread_blocked, id=43176, stack(0x00000094a2300000,0x00000094a2400000)]
  0x0000024c15c281c0 JavaThread "Sweeper thread" daemon [_thread_blocked, id=18312, stack(0x00000094a2400000,0x00000094a2500000)]
  0x0000024c15e20ab0 JavaThread "C1 CompilerThread1" daemon [_thread_blocked, id=33612, stack(0x00000094a2500000,0x00000094a2600000)]
  0x0000024c15e31270 JavaThread "Notification Thread" daemon [_thread_blocked, id=33952, stack(0x00000094a2600000,0x00000094a2700000)]
  0x0000024c15e43010 JavaThread "Common-Cleaner" daemon [_thread_blocked, id=43032, stack(0x00000094a2800000,0x00000094a2900000)]
  0x0000024c164fd050 JavaThread "C1 CompilerThread2" daemon [_thread_blocked, id=34644, stack(0x00000094a2900000,0x00000094a2a00000)]
  0x0000024c16730410 JavaThread "C1 CompilerThread3" daemon [_thread_blocked, id=47520, stack(0x00000094a2a00000,0x00000094a2b00000)]
  0x0000024c17a95190 JavaThread "boundedElastic-evictor-1" daemon [_thread_blocked, id=46388, stack(0x00000094a3000000,0x00000094a3100000)]
  0x0000024c17cead40 JavaThread "ForkJoinPool.commonPool-worker-1" daemon [_thread_blocked, id=46624, stack(0x00000094a3400000,0x00000094a3500000)]
  0x0000024c17d95ba0 JavaThread "ClassGraph-worker-0" daemon [_thread_blocked, id=47260, stack(0x00000094a3500000,0x00000094a3600000)]
  0x0000024c17dc8b80 JavaThread "ClassGraph-worker-1" daemon [_thread_blocked, id=47220, stack(0x00000094a3600000,0x00000094a3700000)]
  0x0000024c17dca060 JavaThread "ClassGraph-worker-2" daemon [_thread_blocked, id=47900, stack(0x00000094a3700000,0x00000094a3800000)]
  0x0000024c17dca530 JavaThread "ClassGraph-worker-3" daemon [_thread_blocked, id=45260, stack(0x00000094a3800000,0x00000094a3900000)]
  0x0000024c17dcaec0 JavaThread "ClassGraph-worker-4" daemon [_thread_blocked, id=41376, stack(0x00000094a3900000,0x00000094a3a00000)]
  0x0000024c17dcd3d0 JavaThread "ClassGraph-worker-5" daemon [_thread_blocked, id=48052, stack(0x00000094a3a00000,0x00000094a3b00000)]
  0x0000024c17dcf6d0 JavaThread "ClassGraph-worker-6" daemon [_thread_blocked, id=30648, stack(0x00000094a3b00000,0x00000094a3c00000)]
  0x0000024c17dd13b0 JavaThread "ClassGraph-worker-7" daemon [_thread_blocked, id=47188, stack(0x00000094a3c00000,0x00000094a3d00000)]
  0x0000024c17dd2bc0 JavaThread "ClassGraph-worker-8" daemon [_thread_blocked, id=46496, stack(0x00000094a3d00000,0x00000094a3e00000)]
  0x0000024c17dd0070 JavaThread "ClassGraph-worker-9" daemon [_thread_blocked, id=46444, stack(0x00000094a3e00000,0x00000094a3f00000)]
  0x0000024c17dcf200 JavaThread "ClassGraph-worker-10" daemon [_thread_blocked, id=35672, stack(0x00000094a3f00000,0x00000094a4000000)]
  0x0000024c17dd0540 JavaThread "ClassGraph-worker-11" daemon [_thread_blocked, id=46764, stack(0x00000094a4000000,0x00000094a4100000)]
  0x0000024c17dcfba0 JavaThread "ClassGraph-worker-12" daemon [_thread_blocked, id=34416, stack(0x00000094a4100000,0x00000094a4200000)]
  0x0000024c17dd0a10 JavaThread "ClassGraph-worker-13" daemon [_thread_blocked, id=47504, stack(0x00000094a4200000,0x00000094a4300000)]
  0x0000024c17dd1880 JavaThread "pool-9-thread-1" [_thread_blocked, id=47208, stack(0x00000094a4300000,0x00000094a4400000)]
  0x0000024c17dd1d50 JavaThread "LanguageServerApp-lifecycle" [_thread_blocked, id=43220, stack(0x00000094a4400000,0x00000094a4500000)]
  0x0000024c17dd2220 JavaThread "DestroyJavaVM" [_thread_blocked, id=44376, stack(0x00000094a1500000,0x00000094a1600000)]
  0x0000024c17dd0ee0 JavaThread "pool-10-thread-1" [_thread_in_native, id=37676, stack(0x00000094a4600000,0x00000094a4700000)]
  0x0000024c17dd26f0 JavaThread "Simple-Language-Server main thread" daemon [_thread_blocked, id=6596, stack(0x00000094a4700000,0x00000094a4800000)]
  0x0000024c19a444f0 JavaThread "pool-7-thread-1" [_thread_blocked, id=39040, stack(0x00000094a4800000,0x00000094a4900000)]
  0x0000024c19a41e70 JavaThread "parallel-1" daemon [_thread_blocked, id=44848, stack(0x00000094a4900000,0x00000094a4a00000)]
  0x0000024c19a3fcc0 JavaThread "pool-4-thread-1" [_thread_blocked, id=37876, stack(0x00000094a4a00000,0x00000094a4b00000)]
  0x0000024c19a44e90 JavaThread "ForkJoinPool.commonPool-worker-2" daemon [_thread_blocked, id=40032, stack(0x00000094a4b00000,0x00000094a4c00000)]
  0x0000024c19a414d0 JavaThread "pool-4-thread-2" [_thread_blocked, id=47408, stack(0x00000094a4c00000,0x00000094a4d00000)]
  0x0000024c19a449c0 JavaThread "Reconciler-1" daemon [_thread_blocked, id=45160, stack(0x00000094a4d00000,0x00000094a4e00000)]
  0x0000024c19a40190 JavaThread "parallel-2" daemon [_thread_blocked, id=41764, stack(0x00000094a4e00000,0x00000094a4f00000)]

Other Threads:
=>0x0000024c1520bd60 VMThread "VM Thread" [stack: 0x00000094a1b00000,0x00000094a1c00000] [id=48060]
  0x0000024c080425e0 WatcherThread [stack: 0x00000094a2700000,0x00000094a2800000] [id=48120]
  0x0000024c0801e020 GCTaskThread "GC Thread#0" [stack: 0x00000094a1600000,0x00000094a1700000] [id=44320]
  0x0000024c167ca850 GCTaskThread "GC Thread#1" [stack: 0x00000094a2b00000,0x00000094a2c00000] [id=39156]
  0x0000024c167cab00 GCTaskThread "GC Thread#2" [stack: 0x00000094a2c00000,0x00000094a2d00000] [id=37520]
  0x0000024c167fead0 GCTaskThread "GC Thread#3" [stack: 0x00000094a2d00000,0x00000094a2e00000] [id=45992]
  0x0000024c174018b0 GCTaskThread "GC Thread#4" [stack: 0x00000094a2e00000,0x00000094a2f00000] [id=44944]
  0x0000024c17401b60 GCTaskThread "GC Thread#5" [stack: 0x00000094a2f00000,0x00000094a3000000] [id=48048]
  0x0000024c1762b950 GCTaskThread "GC Thread#6" [stack: 0x00000094a3100000,0x00000094a3200000] [id=46968]
  0x0000024c1762be10 GCTaskThread "GC Thread#7" [stack: 0x00000094a3200000,0x00000094a3300000] [id=41696]
  0x0000024c0802e830 ConcurrentGCThread "G1 Main Marker" [stack: 0x00000094a1700000,0x00000094a1800000] [id=37224]
  0x0000024c08030160 ConcurrentGCThread "G1 Conc#0" [stack: 0x00000094a1800000,0x00000094a1900000] [id=47456]
  0x0000024c17762320 ConcurrentGCThread "G1 Conc#1" [stack: 0x00000094a3300000,0x00000094a3400000] [id=36840]
  0x0000024c0807e930 ConcurrentGCThread "G1 Refine#0" [stack: 0x00000094a1900000,0x00000094a1a00000] [id=46172]
  0x0000024c1802ed20 ConcurrentGCThread "G1 Refine#1" [stack: 0x00000094a4500000,0x00000094a4600000] [id=39700]
  0x0000024c19afc760 ConcurrentGCThread "G1 Refine#2" [stack: 0x00000094a4f00000,0x00000094a5000000] [id=45868]
  0x0000024c1506cca0 ConcurrentGCThread "G1 Service" [stack: 0x00000094a1a00000,0x00000094a1b00000] [id=37768]

Threads with active compile tasks:

VM state: at safepoint (normal execution)

VM Mutex/Monitor currently owned by a thread:  ([mutex/lock_event])
[0x0000024c05caa550] Threads_lock - owner thread: 0x0000024c1520bd60
[0x0000024c07fc0d90] Heap_lock - owner thread: 0x0000024c17dcd3d0

Heap address: 0x0000000083200000, size: 1998 MB, Compressed Oops mode: 32-bit

CDS archive(s) not mapped
Compressed class space mapped at: 0x0000000100000000-0x0000000140000000, reserved size: 1073741824
Narrow klass base: 0x0000000000000000, Narrow klass shift: 3, Narrow klass range: 0x140000000

GC Precious Log:
 CPUs: 8 total, 8 available
 Memory: 7987M
 Large Page Support: Disabled
 NUMA Support: Disabled
 Compressed Oops: Enabled (32-bit)
 Heap Region Size: 1M
 Heap Min Capacity: 8M
 Heap Initial Capacity: 126M
 Heap Max Capacity: 1998M
 Pre-touch: Disabled
 Parallel Workers: 8
 Concurrent Workers: 2
 Concurrent Refinement Workers: 8
 Periodic GC: Disabled

Heap:
 garbage-first heap   total 166912K, used 70375K [0x0000000083200000, 0x0000000100000000)
  region size 1024K, 7 young (7168K), 7 survivors (7168K)
 Metaspace       used 36210K, committed 36544K, reserved 1081344K
  class space    used 4720K, committed 4864K, reserved 1048576K

Heap Regions: E=young(eden), S=young(survivor), O=old, HS=humongous(starts), HC=humongous(continues), CS=collection set, F=free, OA=open archive, CA=closed archive, TAMS=top-at-mark-start (previous, next)
|   0|0x0000000083200000, 0x0000000083300000, 0x0000000083300000|100%| O|  |TAMS 0x0000000083300000, 0x0000000083200000| Untracked 
|   1|0x0000000083300000, 0x0000000083400000, 0x0000000083400000|100%| O|  |TAMS 0x0000000083400000, 0x0000000083300000| Untracked 
|   2|0x0000000083400000, 0x0000000083500000, 0x0000000083500000|100%| O|  |TAMS 0x0000000083500000, 0x0000000083400000| Untracked 
|   3|0x0000000083500000, 0x0000000083600000, 0x0000000083600000|100%| O|  |TAMS 0x0000000083600000, 0x0000000083500000| Untracked 
|   4|0x0000000083600000, 0x0000000083700000, 0x0000000083700000|100%| O|  |TAMS 0x0000000083700000, 0x0000000083600000| Untracked 
|   5|0x0000000083700000, 0x0000000083800000, 0x0000000083800000|100%| O|  |TAMS 0x0000000083800000, 0x0000000083700000| Untracked 
|   6|0x0000000083800000, 0x0000000083900000, 0x0000000083900000|100%| O|  |TAMS 0x0000000083900000, 0x0000000083800000| Untracked 
|   7|0x0000000083900000, 0x0000000083a00000, 0x0000000083a00000|100%| O|  |TAMS 0x0000000083a00000, 0x0000000083900000| Untracked 
|   8|0x0000000083a00000, 0x0000000083b00000, 0x0000000083b00000|100%| O|  |TAMS 0x0000000083b00000, 0x0000000083a00000| Untracked 
|   9|0x0000000083b00000, 0x0000000083c00000, 0x0000000083c00000|100%| O|  |TAMS 0x0000000083c00000, 0x0000000083b00000| Untracked 
|  10|0x0000000083c00000, 0x0000000083d00000, 0x0000000083d00000|100%| O|  |TAMS 0x0000000083d00000, 0x0000000083c00000| Untracked 
|  11|0x0000000083d00000, 0x0000000083e00000, 0x0000000083e00000|100%| O|  |TAMS 0x0000000083e00000, 0x0000000083d00000| Untracked 
|  12|0x0000000083e00000, 0x0000000083f00000, 0x0000000083f00000|100%| O|  |TAMS 0x0000000083f00000, 0x0000000083e00000| Untracked 
|  13|0x0000000083f00000, 0x0000000084000000, 0x0000000084000000|100%| O|  |TAMS 0x0000000084000000, 0x0000000083f00000| Untracked 
|  14|0x0000000084000000, 0x0000000084100000, 0x0000000084100000|100%| O|  |TAMS 0x0000000084100000, 0x0000000084000000| Untracked 
|  15|0x0000000084100000, 0x0000000084200000, 0x0000000084200000|100%| O|  |TAMS 0x0000000084200000, 0x0000000084100000| Untracked 
|  16|0x0000000084200000, 0x0000000084300000, 0x0000000084300000|100%| O|  |TAMS 0x0000000084300000, 0x0000000084200000| Untracked 
|  17|0x0000000084300000, 0x0000000084400000, 0x0000000084400000|100%| O|  |TAMS 0x0000000084400000, 0x0000000084300000| Untracked 
|  18|0x0000000084400000, 0x0000000084500000, 0x0000000084500000|100%| O|  |TAMS 0x0000000084500000, 0x0000000084400000| Untracked 
|  19|0x0000000084500000, 0x0000000084600000, 0x0000000084600000|100%| O|  |TAMS 0x0000000084600000, 0x0000000084500000| Untracked 
|  20|0x0000000084600000, 0x0000000084700000, 0x0000000084700000|100%| O|  |TAMS 0x0000000084700000, 0x0000000084600000| Untracked 
|  21|0x0000000084700000, 0x0000000084800000, 0x0000000084800000|100%| O|  |TAMS 0x0000000084800000, 0x0000000084700000| Untracked 
|  22|0x0000000084800000, 0x0000000084900000, 0x0000000084900000|100%| O|  |TAMS 0x0000000084900000, 0x0000000084800000| Untracked 
|  23|0x0000000084900000, 0x0000000084a00000, 0x0000000084a00000|100%| O|  |TAMS 0x0000000084a00000, 0x0000000084900000| Untracked 
|  24|0x0000000084a00000, 0x0000000084b00000, 0x0000000084b00000|100%| O|  |TAMS 0x0000000084b00000, 0x0000000084a00000| Untracked 
|  25|0x0000000084b00000, 0x0000000084c00000, 0x0000000084c00000|100%| O|  |TAMS 0x0000000084c00000, 0x0000000084b00000| Untracked 
|  26|0x0000000084c00000, 0x0000000084d00000, 0x0000000084d00000|100%| O|  |TAMS 0x0000000084d00000, 0x0000000084c00000| Untracked 
|  27|0x0000000084d00000, 0x0000000084e00000, 0x0000000084e00000|100%| O|  |TAMS 0x0000000084e00000, 0x0000000084d00000| Untracked 
|  28|0x0000000084e00000, 0x0000000084f00000, 0x0000000084f00000|100%| O|  |TAMS 0x0000000084f00000, 0x0000000084e00000| Untracked 
|  29|0x0000000084f00000, 0x0000000085000000, 0x0000000085000000|100%| O|  |TAMS 0x0000000085000000, 0x0000000084f00000| Untracked 
|  30|0x0000000085000000, 0x0000000085100000, 0x0000000085100000|100%| O|  |TAMS 0x0000000085100000, 0x0000000085000000| Untracked 
|  31|0x0000000085100000, 0x0000000085200000, 0x0000000085200000|100%| O|  |TAMS 0x0000000085200000, 0x0000000085100000| Untracked 
|  32|0x0000000085200000, 0x0000000085300000, 0x0000000085300000|100%| O|  |TAMS 0x0000000085300000, 0x0000000085200000| Untracked 
|  33|0x0000000085300000, 0x0000000085400000, 0x0000000085400000|100%| O|  |TAMS 0x0000000085400000, 0x0000000085300000| Untracked 
|  34|0x0000000085400000, 0x0000000085500000, 0x0000000085500000|100%| O|  |TAMS 0x0000000085500000, 0x0000000085400000| Untracked 
|  35|0x0000000085500000, 0x0000000085600000, 0x0000000085600000|100%| O|  |TAMS 0x0000000085600000, 0x0000000085500000| Untracked 
|  36|0x0000000085600000, 0x0000000085700000, 0x0000000085700000|100%| O|  |TAMS 0x0000000085700000, 0x0000000085600000| Untracked 
|  37|0x0000000085700000, 0x0000000085800000, 0x0000000085800000|100%| O|  |TAMS 0x0000000085800000, 0x0000000085700000| Untracked 
|  38|0x0000000085800000, 0x0000000085900000, 0x0000000085900000|100%| O|  |TAMS 0x0000000085900000, 0x0000000085800000| Untracked 
|  39|0x0000000085900000, 0x0000000085a00000, 0x0000000085a00000|100%| O|  |TAMS 0x0000000085a00000, 0x0000000085900000| Untracked 
|  40|0x0000000085a00000, 0x0000000085b00000, 0x0000000085b00000|100%| O|  |TAMS 0x0000000085ab1400, 0x0000000085a00000| Untracked 
|  41|0x0000000085b00000, 0x0000000085c00000, 0x0000000085c00000|100%|HS|  |TAMS 0x0000000085b00000, 0x0000000085b00000| Complete 
|  42|0x0000000085c00000, 0x0000000085d00000, 0x0000000085d00000|100%|HS|  |TAMS 0x0000000085c00000, 0x0000000085c00000| Complete 
|  43|0x0000000085d00000, 0x0000000085e00000, 0x0000000085e00000|100%| O|  |TAMS 0x0000000085d00000, 0x0000000085d00000| Untracked 
|  44|0x0000000085e00000, 0x0000000085f00000, 0x0000000085f00000|100%| O|  |TAMS 0x0000000085e00000, 0x0000000085e00000| Untracked 
|  45|0x0000000085f00000, 0x0000000086000000, 0x0000000086000000|100%| O|  |TAMS 0x0000000085f00000, 0x0000000085f00000| Untracked 
|  46|0x0000000086000000, 0x0000000086100000, 0x0000000086100000|100%| O|  |TAMS 0x0000000086000000, 0x0000000086000000| Untracked 
|  47|0x0000000086100000, 0x0000000086200000, 0x0000000086200000|100%| O|  |TAMS 0x0000000086100000, 0x0000000086100000| Untracked 
|  48|0x0000000086200000, 0x0000000086300000, 0x0000000086300000|100%| O|  |TAMS 0x0000000086200000, 0x0000000086200000| Untracked 
|  49|0x0000000086300000, 0x0000000086400000, 0x0000000086400000|100%| O|  |TAMS 0x0000000086300000, 0x0000000086300000| Untracked 
|  50|0x0000000086400000, 0x0000000086500000, 0x0000000086500000|100%| O|  |TAMS 0x0000000086400000, 0x0000000086400000| Untracked 
|  51|0x0000000086500000, 0x0000000086600000, 0x0000000086600000|100%| O|  |TAMS 0x0000000086500000, 0x0000000086500000| Untracked 
|  52|0x0000000086600000, 0x0000000086700000, 0x0000000086700000|100%| O|  |TAMS 0x0000000086600000, 0x0000000086600000| Untracked 
|  53|0x0000000086700000, 0x0000000086800000, 0x0000000086800000|100%| O|  |TAMS 0x0000000086700000, 0x0000000086700000| Untracked 
|  54|0x0000000086800000, 0x0000000086900000, 0x0000000086900000|100%| O|  |TAMS 0x0000000086800000, 0x0000000086800000| Untracked 
|  55|0x0000000086900000, 0x0000000086a00000, 0x0000000086a00000|100%| O|  |TAMS 0x0000000086900000, 0x0000000086900000| Untracked 
|  56|0x0000000086a00000, 0x0000000086b00000, 0x0000000086b00000|100%| O|  |TAMS 0x0000000086a00000, 0x0000000086a00000| Untracked 
|  57|0x0000000086b00000, 0x0000000086c00000, 0x0000000086c00000|100%| O|  |TAMS 0x0000000086b00000, 0x0000000086b00000| Untracked 
|  58|0x0000000086c00000, 0x0000000086d00000, 0x0000000086d00000|100%| O|  |TAMS 0x0000000086c00000, 0x0000000086c00000| Untracked 
|  59|0x0000000086d00000, 0x0000000086e00000, 0x0000000086e00000|100%| O|  |TAMS 0x0000000086d00000, 0x0000000086d00000| Untracked 
|  60|0x0000000086e00000, 0x0000000086f00000, 0x0000000086f00000|100%| O|  |TAMS 0x0000000086e00000, 0x0000000086e00000| Untracked 
|  61|0x0000000086f00000, 0x0000000087000000, 0x0000000087000000|100%| O|  |TAMS 0x0000000086f00000, 0x0000000086f00000| Untracked 
|  62|0x0000000087000000, 0x0000000087058000, 0x0000000087100000| 34%| O|  |TAMS 0x0000000087000000, 0x0000000087000000| Untracked 
|  63|0x0000000087100000, 0x0000000087100000, 0x0000000087200000|  0%| F|  |TAMS 0x0000000087100000, 0x0000000087100000| Untracked 
|  64|0x0000000087200000, 0x0000000087200000, 0x0000000087300000|  0%| F|  |TAMS 0x0000000087200000, 0x0000000087200000| Untracked 
|  65|0x0000000087300000, 0x0000000087300000, 0x0000000087400000|  0%| F|  |TAMS 0x0000000087300000, 0x0000000087300000| Untracked 
|  66|0x0000000087400000, 0x0000000087400000, 0x0000000087500000|  0%| F|  |TAMS 0x0000000087400000, 0x0000000087400000| Untracked 
|  67|0x0000000087500000, 0x0000000087500000, 0x0000000087600000|  0%| F|  |TAMS 0x0000000087500000, 0x0000000087500000| Untracked 
|  68|0x0000000087600000, 0x0000000087600000, 0x0000000087700000|  0%| F|  |TAMS 0x0000000087600000, 0x0000000087600000| Untracked 
|  69|0x0000000087700000, 0x0000000087700000, 0x0000000087800000|  0%| F|  |TAMS 0x0000000087700000, 0x0000000087700000| Untracked 
|  70|0x0000000087800000, 0x0000000087800000, 0x0000000087900000|  0%| F|  |TAMS 0x0000000087800000, 0x0000000087800000| Untracked 
|  71|0x0000000087900000, 0x0000000087900000, 0x0000000087a00000|  0%| F|  |TAMS 0x0000000087900000, 0x0000000087900000| Untracked 
|  72|0x0000000087a00000, 0x0000000087a00000, 0x0000000087b00000|  0%| F|  |TAMS 0x0000000087a00000, 0x0000000087a00000| Untracked 
|  73|0x0000000087b00000, 0x0000000087b00000, 0x0000000087c00000|  0%| F|  |TAMS 0x0000000087b00000, 0x0000000087b00000| Untracked 
|  74|0x0000000087c00000, 0x0000000087c00000, 0x0000000087d00000|  0%| F|  |TAMS 0x0000000087c00000, 0x0000000087c00000| Untracked 
|  75|0x0000000087d00000, 0x0000000087d00000, 0x0000000087e00000|  0%| F|  |TAMS 0x0000000087d00000, 0x0000000087d00000| Untracked 
|  76|0x0000000087e00000, 0x0000000087e00000, 0x0000000087f00000|  0%| F|  |TAMS 0x0000000087e00000, 0x0000000087e00000| Untracked 
|  77|0x0000000087f00000, 0x0000000087f00000, 0x0000000088000000|  0%| F|  |TAMS 0x0000000087f00000, 0x0000000087f00000| Untracked 
|  78|0x0000000088000000, 0x0000000088000000, 0x0000000088100000|  0%| F|  |TAMS 0x0000000088000000, 0x0000000088000000| Untracked 
|  79|0x0000000088100000, 0x0000000088100000, 0x0000000088200000|  0%| F|  |TAMS 0x0000000088100000, 0x0000000088100000| Untracked 
|  80|0x0000000088200000, 0x0000000088200000, 0x0000000088300000|  0%| F|  |TAMS 0x0000000088200000, 0x0000000088200000| Untracked 
|  81|0x0000000088300000, 0x0000000088300000, 0x0000000088400000|  0%| F|  |TAMS 0x0000000088300000, 0x0000000088300000| Untracked 
|  82|0x0000000088400000, 0x0000000088400000, 0x0000000088500000|  0%| F|  |TAMS 0x0000000088400000, 0x0000000088400000| Untracked 
|  83|0x0000000088500000, 0x0000000088500000, 0x0000000088600000|  0%| F|  |TAMS 0x0000000088500000, 0x0000000088500000| Untracked 
|  84|0x0000000088600000, 0x0000000088600000, 0x0000000088700000|  0%| F|  |TAMS 0x0000000088600000, 0x0000000088600000| Untracked 
|  85|0x0000000088700000, 0x0000000088700000, 0x0000000088800000|  0%| F|  |TAMS 0x0000000088700000, 0x0000000088700000| Untracked 
|  86|0x0000000088800000, 0x0000000088800000, 0x0000000088900000|  0%| F|  |TAMS 0x0000000088800000, 0x0000000088800000| Untracked 
|  87|0x0000000088900000, 0x0000000088900000, 0x0000000088a00000|  0%| F|  |TAMS 0x0000000088900000, 0x0000000088900000| Untracked 
|  88|0x0000000088a00000, 0x0000000088a00000, 0x0000000088b00000|  0%| F|  |TAMS 0x0000000088a00000, 0x0000000088a00000| Untracked 
|  89|0x0000000088b00000, 0x0000000088b00000, 0x0000000088c00000|  0%| F|  |TAMS 0x0000000088b00000, 0x0000000088b00000| Untracked 
|  90|0x0000000088c00000, 0x0000000088c00000, 0x0000000088d00000|  0%| F|  |TAMS 0x0000000088c00000, 0x0000000088c00000| Untracked 
|  91|0x0000000088d00000, 0x0000000088d00000, 0x0000000088e00000|  0%| F|  |TAMS 0x0000000088d00000, 0x0000000088d00000| Untracked 
|  92|0x0000000088e00000, 0x0000000088e00000, 0x0000000088f00000|  0%| F|  |TAMS 0x0000000088e00000, 0x0000000088e00000| Untracked 
|  93|0x0000000088f00000, 0x0000000088f00000, 0x0000000089000000|  0%| F|  |TAMS 0x0000000088f00000, 0x0000000088f00000| Untracked 
|  94|0x0000000089000000, 0x0000000089000000, 0x0000000089100000|  0%| F|  |TAMS 0x0000000089000000, 0x0000000089000000| Untracked 
|  95|0x0000000089100000, 0x0000000089100000, 0x0000000089200000|  0%| F|  |TAMS 0x0000000089100000, 0x0000000089100000| Untracked 
|  96|0x0000000089200000, 0x0000000089200000, 0x0000000089300000|  0%| F|  |TAMS 0x0000000089200000, 0x0000000089200000| Untracked 
|  97|0x0000000089300000, 0x0000000089300000, 0x0000000089400000|  0%| F|  |TAMS 0x0000000089300000, 0x0000000089300000| Untracked 
|  98|0x0000000089400000, 0x0000000089461d00, 0x0000000089500000| 38%| S|CS|TAMS 0x0000000089400000, 0x0000000089400000| Complete 
|  99|0x0000000089500000, 0x0000000089600000, 0x0000000089600000|100%| S|CS|TAMS 0x0000000089500000, 0x0000000089500000| Complete 
| 100|0x0000000089600000, 0x0000000089700000, 0x0000000089700000|100%| S|CS|TAMS 0x0000000089600000, 0x0000000089600000| Complete 
| 101|0x0000000089700000, 0x0000000089800000, 0x0000000089800000|100%| S|CS|TAMS 0x0000000089700000, 0x0000000089700000| Complete 
| 102|0x0000000089800000, 0x0000000089900000, 0x0000000089900000|100%| S|CS|TAMS 0x0000000089800000, 0x0000000089800000| Complete 
| 103|0x0000000089900000, 0x0000000089a00000, 0x0000000089a00000|100%| S|CS|TAMS 0x0000000089900000, 0x0000000089900000| Complete 
| 104|0x0000000089a00000, 0x0000000089b00000, 0x0000000089b00000|100%| S|CS|TAMS 0x0000000089a00000, 0x0000000089a00000| Complete 
| 105|0x0000000089b00000, 0x0000000089b00000, 0x0000000089c00000|  0%| F|  |TAMS 0x0000000089b00000, 0x0000000089b00000| Untracked 
| 106|0x0000000089c00000, 0x0000000089c00000, 0x0000000089d00000|  0%| F|  |TAMS 0x0000000089c00000, 0x0000000089c00000| Untracked 
| 107|0x0000000089d00000, 0x0000000089d00000, 0x0000000089e00000|  0%| F|  |TAMS 0x0000000089d00000, 0x0000000089d00000| Untracked 
| 108|0x0000000089e00000, 0x0000000089e00000, 0x0000000089f00000|  0%| F|  |TAMS 0x0000000089e00000, 0x0000000089e00000| Untracked 
| 109|0x0000000089f00000, 0x0000000089f00000, 0x000000008a000000|  0%| F|  |TAMS 0x0000000089f00000, 0x0000000089f00000| Untracked 
| 110|0x000000008a000000, 0x000000008a000000, 0x000000008a100000|  0%| F|  |TAMS 0x000000008a000000, 0x000000008a000000| Untracked 
| 111|0x000000008a100000, 0x000000008a100000, 0x000000008a200000|  0%| F|  |TAMS 0x000000008a100000, 0x000000008a100000| Untracked 
| 112|0x000000008a200000, 0x000000008a200000, 0x000000008a300000|  0%| F|  |TAMS 0x000000008a200000, 0x000000008a200000| Untracked 
| 113|0x000000008a300000, 0x000000008a300000, 0x000000008a400000|  0%| F|  |TAMS 0x000000008a300000, 0x000000008a300000| Untracked 
| 114|0x000000008a400000, 0x000000008a400000, 0x000000008a500000|  0%| F|  |TAMS 0x000000008a400000, 0x000000008a400000| Untracked 
| 115|0x000000008a500000, 0x000000008a500000, 0x000000008a600000|  0%| F|  |TAMS 0x000000008a500000, 0x000000008a500000| Untracked 
| 116|0x000000008a600000, 0x000000008a600000, 0x000000008a700000|  0%| F|  |TAMS 0x000000008a600000, 0x000000008a600000| Untracked 
| 117|0x000000008a700000, 0x000000008a700000, 0x000000008a800000|  0%| F|  |TAMS 0x000000008a700000, 0x000000008a700000| Untracked 
| 118|0x000000008a800000, 0x000000008a800000, 0x000000008a900000|  0%| F|  |TAMS 0x000000008a800000, 0x000000008a800000| Untracked 
| 119|0x000000008a900000, 0x000000008a900000, 0x000000008aa00000|  0%| F|  |TAMS 0x000000008a900000, 0x000000008a900000| Untracked 
| 120|0x000000008aa00000, 0x000000008aa00000, 0x000000008ab00000|  0%| F|  |TAMS 0x000000008aa00000, 0x000000008aa00000| Untracked 
| 121|0x000000008ab00000, 0x000000008ab00000, 0x000000008ac00000|  0%| F|  |TAMS 0x000000008ab00000, 0x000000008ab00000| Untracked 
| 122|0x000000008ac00000, 0x000000008ac00000, 0x000000008ad00000|  0%| F|  |TAMS 0x000000008ac00000, 0x000000008ac00000| Untracked 
| 123|0x000000008ad00000, 0x000000008ad00000, 0x000000008ae00000|  0%| F|  |TAMS 0x000000008ad00000, 0x000000008ad00000| Untracked 
| 124|0x000000008ae00000, 0x000000008ae00000, 0x000000008af00000|  0%| F|  |TAMS 0x000000008ae00000, 0x000000008ae00000| Untracked 
| 125|0x000000008af00000, 0x000000008af00000, 0x000000008b000000|  0%| F|  |TAMS 0x000000008af00000, 0x000000008af00000| Untracked 
| 126|0x000000008b000000, 0x000000008b000000, 0x000000008b100000|  0%| F|  |TAMS 0x000000008b000000, 0x000000008b000000| Untracked 
| 127|0x000000008b100000, 0x000000008b100000, 0x000000008b200000|  0%| F|  |TAMS 0x000000008b100000, 0x000000008b100000| Untracked 
| 128|0x000000008b200000, 0x000000008b200000, 0x000000008b300000|  0%| F|  |TAMS 0x000000008b200000, 0x000000008b200000| Untracked 
| 129|0x000000008b300000, 0x000000008b300000, 0x000000008b400000|  0%| F|  |TAMS 0x000000008b300000, 0x000000008b300000| Untracked 
| 130|0x000000008b400000, 0x000000008b400000, 0x000000008b500000|  0%| F|  |TAMS 0x000000008b400000, 0x000000008b400000| Untracked 
| 131|0x000000008b500000, 0x000000008b500000, 0x000000008b600000|  0%| F|  |TAMS 0x000000008b500000, 0x000000008b500000| Untracked 
| 132|0x000000008b600000, 0x000000008b600000, 0x000000008b700000|  0%| F|  |TAMS 0x000000008b600000, 0x000000008b600000| Untracked 
| 133|0x000000008b700000, 0x000000008b700000, 0x000000008b800000|  0%| F|  |TAMS 0x000000008b700000, 0x000000008b700000| Untracked 
| 134|0x000000008b800000, 0x000000008b800000, 0x000000008b900000|  0%| F|  |TAMS 0x000000008b800000, 0x000000008b800000| Untracked 
| 135|0x000000008b900000, 0x000000008b900000, 0x000000008ba00000|  0%| F|  |TAMS 0x000000008b900000, 0x000000008b900000| Untracked 
| 136|0x000000008ba00000, 0x000000008ba00000, 0x000000008bb00000|  0%| F|  |TAMS 0x000000008ba00000, 0x000000008ba00000| Untracked 
| 137|0x000000008bb00000, 0x000000008bb00000, 0x000000008bc00000|  0%| F|  |TAMS 0x000000008bb00000, 0x000000008bb00000| Untracked 
| 138|0x000000008bc00000, 0x000000008bc00000, 0x000000008bd00000|  0%| F|  |TAMS 0x000000008bc00000, 0x000000008bc00000| Untracked 
| 139|0x000000008bd00000, 0x000000008bd00000, 0x000000008be00000|  0%| F|  |TAMS 0x000000008bd00000, 0x000000008bd00000| Untracked 
| 140|0x000000008be00000, 0x000000008be00000, 0x000000008bf00000|  0%| F|  |TAMS 0x000000008be00000, 0x000000008be00000| Untracked 
| 141|0x000000008bf00000, 0x000000008bf00000, 0x000000008c000000|  0%| F|  |TAMS 0x000000008bf00000, 0x000000008bf00000| Untracked 
| 142|0x000000008c000000, 0x000000008c000000, 0x000000008c100000|  0%| F|  |TAMS 0x000000008c000000, 0x000000008c000000| Untracked 
| 143|0x000000008c100000, 0x000000008c100000, 0x000000008c200000|  0%| F|  |TAMS 0x000000008c100000, 0x000000008c100000| Untracked 
| 144|0x000000008c200000, 0x000000008c200000, 0x000000008c300000|  0%| F|  |TAMS 0x000000008c200000, 0x000000008c200000| Untracked 
| 145|0x000000008c300000, 0x000000008c300000, 0x000000008c400000|  0%| F|  |TAMS 0x000000008c300000, 0x000000008c300000| Untracked 
| 146|0x000000008c400000, 0x000000008c400000, 0x000000008c500000|  0%| F|  |TAMS 0x000000008c400000, 0x000000008c400000| Untracked 
| 147|0x000000008c500000, 0x000000008c500000, 0x000000008c600000|  0%| F|  |TAMS 0x000000008c500000, 0x000000008c500000| Untracked 
| 148|0x000000008c600000, 0x000000008c600000, 0x000000008c700000|  0%| F|  |TAMS 0x000000008c600000, 0x000000008c600000| Untracked 
| 149|0x000000008c700000, 0x000000008c700000, 0x000000008c800000|  0%| F|  |TAMS 0x000000008c700000, 0x000000008c700000| Untracked 
| 150|0x000000008c800000, 0x000000008c800000, 0x000000008c900000|  0%| F|  |TAMS 0x000000008c800000, 0x000000008c800000| Untracked 
| 151|0x000000008c900000, 0x000000008c900000, 0x000000008ca00000|  0%| F|  |TAMS 0x000000008c900000, 0x000000008c900000| Untracked 
| 152|0x000000008ca00000, 0x000000008ca00000, 0x000000008cb00000|  0%| F|  |TAMS 0x000000008ca00000, 0x000000008ca00000| Untracked 
| 153|0x000000008cb00000, 0x000000008cb00000, 0x000000008cc00000|  0%| F|  |TAMS 0x000000008cb00000, 0x000000008cb00000| Untracked 
| 154|0x000000008cc00000, 0x000000008cc00000, 0x000000008cd00000|  0%| F|  |TAMS 0x000000008cc00000, 0x000000008cc00000| Untracked 
| 155|0x000000008cd00000, 0x000000008cd00000, 0x000000008ce00000|  0%| F|  |TAMS 0x000000008cd00000, 0x000000008cd00000| Untracked 
| 156|0x000000008ce00000, 0x000000008ce00000, 0x000000008cf00000|  0%| F|  |TAMS 0x000000008ce00000, 0x000000008ce00000| Untracked 
| 157|0x000000008cf00000, 0x000000008cf00000, 0x000000008d000000|  0%| F|  |TAMS 0x000000008cf00000, 0x000000008cf00000| Untracked 
| 158|0x000000008d000000, 0x000000008d000000, 0x000000008d100000|  0%| F|  |TAMS 0x000000008d000000, 0x000000008d000000| Untracked 
| 159|0x000000008d100000, 0x000000008d100000, 0x000000008d200000|  0%| F|  |TAMS 0x000000008d100000, 0x000000008d100000| Untracked 
| 160|0x000000008d200000, 0x000000008d200000, 0x000000008d300000|  0%| F|  |TAMS 0x000000008d200000, 0x000000008d200000| Untracked 
| 161|0x000000008d300000, 0x000000008d300000, 0x000000008d400000|  0%| F|  |TAMS 0x000000008d300000, 0x000000008d300000| Untracked 
| 162|0x000000008d400000, 0x000000008d400000, 0x000000008d500000|  0%| F|  |TAMS 0x000000008d400000, 0x000000008d400000| Untracked 

Card table byte_map: [0x0000024c0e140000,0x0000024c0e530000] _byte_map_base: 0x0000024c0dd27000

Marking Bits (Prev, Next): (CMBitMap*) 0x0000024c0801e540, (CMBitMap*) 0x0000024c0801e580
 Prev Bits: [0x0000024c0e920000, 0x0000024c10858000)
 Next Bits: [0x0000024c10860000, 0x0000024c12798000)

Polling page: 0x0000024c05f40000

Metaspace:

Usage:
  Non-class:     30.75 MB used.
      Class:      4.61 MB used.
       Both:     35.36 MB used.

Virtual space:
  Non-class space:       32.00 MB reserved,      30.94 MB ( 97%) committed,  4 nodes.
      Class space:        1.00 GB reserved,       4.75 MB ( <1%) committed,  1 nodes.
             Both:        1.03 GB reserved,      35.69 MB (  3%) committed. 

Chunk freelists:
   Non-Class:  688.00 KB
       Class:  3.08 MB
        Both:  3.75 MB

MaxMetaspaceSize: unlimited
CompressedClassSpaceSize: 1.00 GB
Initial GC threshold: 21.00 MB
Current GC threshold: 59.19 MB
CDS: off
MetaspaceReclaimPolicy: balanced
 - commit_granule_bytes: 65536.
 - commit_granule_words: 8192.
 - virtual_space_node_default_size: 1048576.
 - enlarge_chunks_in_place: 1.
 - new_chunks_are_fully_committed: 0.
 - uncommit_free_chunks: 1.
 - use_allocation_guard: 0.
 - handle_deallocations: 1.


Internal statistics:

num_allocs_failed_limit: 8.
num_arena_births: 342.
num_arena_deaths: 0.
num_vsnodes_births: 5.
num_vsnodes_deaths: 0.
num_space_committed: 571.
num_space_uncommitted: 0.
num_chunks_returned_to_freelist: 8.
num_chunks_taken_from_freelist: 1390.
num_chunk_merges: 8.
num_chunk_splits: 944.
num_chunks_enlarged: 729.
num_purges: 0.
num_inconsistent_stats: 0.

CodeCache: size=49152Kb used=9022Kb max_used=9022Kb free=40129Kb
 bounds [0x0000024c0ac40000, 0x0000024c0b510000, 0x0000024c0dc40000]
 total_blobs=4223 nmethods=3696 adapters=450
 compilation: enabled
              stopped_count=0, restarted_count=0
 full_count=0

Compilation events (20 events):
Event: 6.754 Thread 0x0000024c16730410 nmethod 3679 0x0000024c0b506f90 code [0x0000024c0b5071a0, 0x0000024c0b507768]
Event: 6.754 Thread 0x0000024c16730410 3686   !   1       jdk.internal.module.SystemModuleFinders$SystemModuleReader::toInputStream (43 bytes)
Event: 6.754 Thread 0x0000024c164fd050 nmethod 3685 0x0000024c0b507a90 code [0x0000024c0b507c20, 0x0000024c0b507d38]
Event: 6.754 Thread 0x0000024c15e20ab0 nmethod 3693 0x0000024c0b507d90 code [0x0000024c0b507f20, 0x0000024c0b508048]
Event: 6.754 Thread 0x0000024c15e20ab0 3689       1       jdk.internal.jimage.BasicImageReader::releaseByteBuffer (16 bytes)
Event: 6.754 Thread 0x0000024c164fd050 3688   !   1       nonapi.io.github.classgraph.fileslice.reader.ClassfileReader::close (43 bytes)
Event: 6.755 Thread 0x0000024c15e20ab0 nmethod 3689 0x0000024c0b508110 code [0x0000024c0b5082a0, 0x0000024c0b5083e8]
Event: 6.755 Thread 0x0000024c15e20ab0 3691       1       jdk.internal.jimage.ImageReader::releaseByteBuffer (5 bytes)
Event: 6.755 Thread 0x0000024c164fd050 nmethod 3688 0x0000024c0b508490 code [0x0000024c0b508640, 0x0000024c0b508818]
Event: 6.755 Thread 0x0000024c164fd050 3690       1       java.nio.HeapByteBuffer::get (64 bytes)
Event: 6.755 Thread 0x0000024c15e20ab0 nmethod 3691 0x0000024c0b508910 code [0x0000024c0b508aa0, 0x0000024c0b508be8]
Event: 6.755 Thread 0x0000024c16730410 nmethod 3686 0x0000024c0b508c90 code [0x0000024c0b508e80, 0x0000024c0b5093a8]
Event: 6.756 Thread 0x0000024c164fd050 nmethod 3690 0x0000024c0b509690 code [0x0000024c0b509880, 0x0000024c0b509c18]
Event: 6.756 Thread 0x0000024c15c258b0 nmethod 3687 0x0000024c0b509e10 code [0x0000024c0b50a180, 0x0000024c0b50afe8]
Event: 6.759 Thread 0x0000024c15e20ab0 3694       1       io.github.classgraph.Classfile::extendScanningUpwards (585 bytes)
Event: 6.759 Thread 0x0000024c164fd050 3695   !   1       jdk.internal.reflect.GeneratedMethodAccessor28::invoke (67 bytes)
Event: 6.812 Thread 0x0000024c164fd050 nmethod 3695 0x0000024c0b50b890 code [0x0000024c0b50ba80, 0x0000024c0b50beb8]
Event: 6.813 Thread 0x0000024c15e20ab0 nmethod 3694 0x0000024c0b50c190 code [0x0000024c0b50c600, 0x0000024c0b50d508]
Event: 6.814 Thread 0x0000024c15c258b0 3696  s!   1       jdk.internal.loader.URLClassPath::getLoader (196 bytes)
Event: 6.816 Thread 0x0000024c15c258b0 nmethod 3696 0x0000024c0b50e110 code [0x0000024c0b50e3c0, 0x0000024c0b50edd8]

GC Heap History (20 events):
Event: 5.470 GC heap after
{Heap after GC invocations=8 (full 0):
 garbage-first heap   total 48128K, used 15967K [0x0000000083200000, 0x0000000100000000)
  region size 1024K, 2 young (2048K), 2 survivors (2048K)
 Metaspace       used 32028K, committed 32320K, reserved 1081344K
  class space    used 4050K, committed 4160K, reserved 1048576K
}
Event: 5.637 GC heap before
{Heap before GC invocations=8 (full 0):
 garbage-first heap   total 48128K, used 32351K [0x0000000083200000, 0x0000000100000000)
  region size 1024K, 19 young (19456K), 2 survivors (2048K)
 Metaspace       used 33204K, committed 33536K, reserved 1081344K
  class space    used 4213K, committed 4352K, reserved 1048576K
}
Event: 5.644 GC heap after
{Heap after GC invocations=9 (full 0):
 garbage-first heap   total 86016K, used 19062K [0x0000000083200000, 0x0000000100000000)
  region size 1024K, 3 young (3072K), 3 survivors (3072K)
 Metaspace       used 33204K, committed 33536K, reserved 1081344K
  class space    used 4213K, committed 4352K, reserved 1048576K
}
Event: 5.868 GC heap before
{Heap before GC invocations=9 (full 0):
 garbage-first heap   total 86016K, used 60022K [0x0000000083200000, 0x0000000100000000)
  region size 1024K, 44 young (45056K), 3 survivors (3072K)
 Metaspace       used 33692K, committed 34048K, reserved 1081344K
  class space    used 4291K, committed 4480K, reserved 1048576K
}
Event: 5.878 GC heap after
{Heap after GC invocations=10 (full 0):
 garbage-first heap   total 86016K, used 26770K [0x0000000083200000, 0x0000000100000000)
  region size 1024K, 6 young (6144K), 6 survivors (6144K)
 Metaspace       used 33692K, committed 34048K, reserved 1081344K
  class space    used 4291K, committed 4480K, reserved 1048576K
}
Event: 5.988 GC heap before
{Heap before GC invocations=10 (full 0):
 garbage-first heap   total 86016K, used 57490K [0x0000000083200000, 0x0000000100000000)
  region size 1024K, 36 young (36864K), 6 survivors (6144K)
 Metaspace       used 34068K, committed 34432K, reserved 1081344K
  class space    used 4345K, committed 4544K, reserved 1048576K
}
Event: 5.996 GC heap after
{Heap after GC invocations=11 (full 0):
 garbage-first heap   total 86016K, used 32113K [0x0000000083200000, 0x0000000100000000)
  region size 1024K, 5 young (5120K), 5 survivors (5120K)
 Metaspace       used 34068K, committed 34432K, reserved 1081344K
  class space    used 4345K, committed 4544K, reserved 1048576K
}
Event: 6.068 GC heap before
{Heap before GC invocations=11 (full 0):
 garbage-first heap   total 86016K, used 59761K [0x0000000083200000, 0x0000000100000000)
  region size 1024K, 33 young (33792K), 5 survivors (5120K)
 Metaspace       used 34299K, committed 34624K, reserved 1081344K
  class space    used 4378K, committed 4544K, reserved 1048576K
}
Event: 6.084 GC heap after
{Heap after GC invocations=12 (full 0):
 garbage-first heap   total 86016K, used 40487K [0x0000000083200000, 0x0000000100000000)
  region size 1024K, 5 young (5120K), 5 survivors (5120K)
 Metaspace       used 34299K, committed 34624K, reserved 1081344K
  class space    used 4378K, committed 4544K, reserved 1048576K
}
Event: 6.256 GC heap before
{Heap before GC invocations=12 (full 0):
 garbage-first heap   total 86016K, used 60967K [0x0000000083200000, 0x0000000100000000)
  region size 1024K, 26 young (26624K), 5 survivors (5120K)
 Metaspace       used 34752K, committed 35136K, reserved 1081344K
  class space    used 4444K, committed 4608K, reserved 1048576K
}
Event: 6.266 GC heap after
{Heap after GC invocations=13 (full 0):
 garbage-first heap   total 166912K, used 45765K [0x0000000083200000, 0x0000000100000000)
  region size 1024K, 4 young (4096K), 4 survivors (4096K)
 Metaspace       used 34752K, committed 35136K, reserved 1081344K
  class space    used 4444K, committed 4608K, reserved 1048576K
}
Event: 6.525 GC heap before
{Heap before GC invocations=13 (full 0):
 garbage-first heap   total 166912K, used 54981K [0x0000000083200000, 0x0000000100000000)
  region size 1024K, 14 young (14336K), 4 survivors (4096K)
 Metaspace       used 35810K, committed 36096K, reserved 1081344K
  class space    used 4648K, committed 4800K, reserved 1048576K
}
Event: 6.532 GC heap after
{Heap after GC invocations=14 (full 0):
 garbage-first heap   total 166912K, used 46347K [0x0000000083200000, 0x0000000100000000)
  region size 1024K, 5 young (5120K), 5 survivors (5120K)
 Metaspace       used 35810K, committed 36096K, reserved 1081344K
  class space    used 4648K, committed 4800K, reserved 1048576K
}
Event: 6.777 GC heap before
{Heap before GC invocations=15 (full 0):
 garbage-first heap   total 166912K, used 117003K [0x0000000083200000, 0x0000000100000000)
  region size 1024K, 73 young (74752K), 5 survivors (5120K)
 Metaspace       used 36127K, committed 36480K, reserved 1081344K
  class space    used 4709K, committed 4864K, reserved 1048576K
}
Event: 6.809 GC heap after
{Heap after GC invocations=16 (full 0):
 garbage-first heap   total 166912K, used 63373K [0x0000000083200000, 0x0000000100000000)
  region size 1024K, 10 young (10240K), 10 survivors (10240K)
 Metaspace       used 36127K, committed 36480K, reserved 1081344K
  class space    used 4709K, committed 4864K, reserved 1048576K
}
Event: 6.825 GC heap before
{Heap before GC invocations=16 (full 0):
 garbage-first heap   total 166912K, used 111501K [0x0000000083200000, 0x0000000100000000)
  region size 1024K, 58 young (59392K), 10 survivors (10240K)
 Metaspace       used 36210K, committed 36544K, reserved 1081344K
  class space    used 4720K, committed 4864K, reserved 1048576K
}
Event: 6.835 GC heap after
{Heap after GC invocations=17 (full 0):
 garbage-first heap   total 166912K, used 66104K [0x0000000083200000, 0x0000000100000000)
  region size 1024K, 3 young (3072K), 3 survivors (3072K)
 Metaspace       used 36210K, committed 36544K, reserved 1081344K
  class space    used 4720K, committed 4864K, reserved 1048576K
}
Event: 6.850 GC heap before
{Heap before GC invocations=17 (full 0):
 garbage-first heap   total 166912K, used 115256K [0x0000000083200000, 0x0000000100000000)
  region size 1024K, 52 young (53248K), 3 survivors (3072K)
 Metaspace       used 36210K, committed 36544K, reserved 1081344K
  class space    used 4720K, committed 4864K, reserved 1048576K
}
Event: 6.854 GC heap after
{Heap after GC invocations=18 (full 0):
 garbage-first heap   total 166912K, used 68296K [0x0000000083200000, 0x0000000100000000)
  region size 1024K, 5 young (5120K), 5 survivors (5120K)
 Metaspace       used 36210K, committed 36544K, reserved 1081344K
  class space    used 4720K, committed 4864K, reserved 1048576K
}
Event: 6.870 GC heap before
{Heap before GC invocations=18 (full 0):
 garbage-first heap   total 166912K, used 121544K [0x0000000083200000, 0x0000000100000000)
  region size 1024K, 58 young (59392K), 5 survivors (5120K)
 Metaspace       used 36210K, committed 36544K, reserved 1081344K
  class space    used 4720K, committed 4864K, reserved 1048576K
}

Deoptimization events (10 events):
Event: 3.906 Thread 0x0000024c07fc2dd0 DEOPT PACKING pc=0x0000024c0b18fd19 sp=0x00000094a15fd4c0
Event: 3.906 Thread 0x0000024c07fc2dd0 DEOPT UNPACKING pc=0x0000024c0ac96763 sp=0x00000094a15fc9a0 mode 3
Event: 5.536 Thread 0x0000024c17cead40 DEOPT PACKING pc=0x0000024c0b34d7ab sp=0x00000094a34fe3a0
Event: 5.536 Thread 0x0000024c17cead40 DEOPT UNPACKING pc=0x0000024c0ac96763 sp=0x00000094a34fd8e8 mode 3
Event: 5.778 Thread 0x0000024c17dd13b0 DEOPT PACKING pc=0x0000024c0b18e081 sp=0x00000094a3cfecc0
Event: 5.778 Thread 0x0000024c17dd13b0 DEOPT UNPACKING pc=0x0000024c0ac96763 sp=0x00000094a3cfe150 mode 3
Event: 6.313 Thread 0x0000024c17dd26f0 DEOPT PACKING pc=0x0000024c0b4b41b5 sp=0x00000094a47fd4f0
Event: 6.313 Thread 0x0000024c17dd26f0 DEOPT UNPACKING pc=0x0000024c0ac96763 sp=0x00000094a47fca08 mode 3
Event: 6.542 Thread 0x0000024c17dcf6d0 DEOPT PACKING pc=0x0000024c0b18bb17 sp=0x00000094a3bff280
Event: 6.542 Thread 0x0000024c17dcf6d0 DEOPT UNPACKING pc=0x0000024c0ac96763 sp=0x00000094a3bfe6d8 mode 3

Classes unloaded (0 events):
No events

Classes redefined (0 events):
No events

Internal exceptions (20 events):
Event: 5.576 Thread 0x0000024c17dc8b80 Exception <a 'sun/nio/fs/WindowsException'{0x00000000899d2ef0}> (0x00000000899d2ef0) 
thrown [s\src\hotspot\share\prims\jni.cpp, line 516]
Event: 5.576 Thread 0x0000024c17dc8b80 Exception <a 'sun/nio/fs/WindowsException'{0x00000000899d32b0}> (0x00000000899d32b0) 
thrown [s\src\hotspot\share\prims\jni.cpp, line 516]
Event: 5.576 Thread 0x0000024c17dc8b80 Exception <a 'sun/nio/fs/WindowsException'{0x00000000899d3cb0}> (0x00000000899d3cb0) 
thrown [s\src\hotspot\share\prims\jni.cpp, line 516]
Event: 5.576 Thread 0x0000024c17dc8b80 Exception <a 'sun/nio/fs/WindowsException'{0x00000000899d4060}> (0x00000000899d4060) 
thrown [s\src\hotspot\share\prims\jni.cpp, line 516]
Event: 5.577 Thread 0x0000024c17dc8b80 Exception <a 'sun/nio/fs/WindowsException'{0x00000000899d4a60}> (0x00000000899d4a60) 
thrown [s\src\hotspot\share\prims\jni.cpp, line 516]
Event: 5.577 Thread 0x0000024c17dc8b80 Exception <a 'sun/nio/fs/WindowsException'{0x00000000899d4e20}> (0x00000000899d4e20) 
thrown [s\src\hotspot\share\prims\jni.cpp, line 516]
Event: 5.577 Thread 0x0000024c17dc8b80 Exception <a 'sun/nio/fs/WindowsException'{0x00000000899d5848}> (0x00000000899d5848) 
thrown [s\src\hotspot\share\prims\jni.cpp, line 516]
Event: 5.577 Thread 0x0000024c17dc8b80 Exception <a 'sun/nio/fs/WindowsException'{0x00000000899d5c28}> (0x00000000899d5c28) 
thrown [s\src\hotspot\share\prims\jni.cpp, line 516]
Event: 5.577 Thread 0x0000024c17dc8b80 Exception <a 'sun/nio/fs/WindowsException'{0x00000000899d6660}> (0x00000000899d6660) 
thrown [s\src\hotspot\share\prims\jni.cpp, line 516]
Event: 5.577 Thread 0x0000024c17dc8b80 Exception <a 'sun/nio/fs/WindowsException'{0x00000000899d6a50}> (0x00000000899d6a50) 
thrown [s\src\hotspot\share\prims\jni.cpp, line 516]
Event: 5.577 Thread 0x0000024c17dc8b80 Exception <a 'sun/nio/fs/WindowsException'{0x0000000085912bc8}> (0x0000000085912bc8) 
thrown [s\src\hotspot\share\prims\jni.cpp, line 516]
Event: 5.577 Thread 0x0000024c17dc8b80 Exception <a 'sun/nio/fs/WindowsException'{0x0000000085912fb8}> (0x0000000085912fb8) 
thrown [s\src\hotspot\share\prims\jni.cpp, line 516]
Event: 5.637 Thread 0x0000024c07fc2dd0 Exception <a 'java/lang/NoSuchMethodError'{0x00000000852d8f38}: 'java.lang.Object java.lang.invoke.DirectMethodHandle$Holder.newInvokeSpecial(java.lang.Object, java.lang.Object, int, java.lang.Object, java.lang.Object)'> (0x00000000852d8f38) 
thrown [s\src\hotspot\share\interpreter\linkResolver.cpp, line 759]
Event: 5.648 Thread 0x0000024c07fc2dd0 Exception <a 'java/lang/NoSuchMethodError'{0x000000008af976a0}: 'java.lang.Object java.lang.invoke.DirectMethodHandle$Holder.invokeSpecial(java.lang.Object, java.lang.Object, int, java.lang.Object, int, java.lang.Object)'> (0x000000008af976a0) 
thrown [s\src\hotspot\share\interpreter\linkResolver.cpp, line 759]
Event: 5.648 Thread 0x0000024c07fc2dd0 Exception <a 'java/lang/NoSuchMethodError'{0x000000008af9f4a0}: 'java.lang.Object java.lang.invoke.DirectMethodHandle$Holder.newInvokeSpecial(java.lang.Object, java.lang.Object, int, java.lang.Object, int)'> (0x000000008af9f4a0) 
thrown [s\src\hotspot\share\interpreter\linkResolver.cpp, line 759]
Event: 5.649 Thread 0x0000024c07fc2dd0 Exception <a 'java/lang/NoSuchMethodError'{0x000000008afa35a0}: 'java.lang.Object java.lang.invoke.DirectMethodHandle$Holder.invokeSpecial(java.lang.Object, java.lang.Object, java.lang.Object, int, java.lang.Object, int)'> (0x000000008afa35a0) 
thrown [s\src\hotspot\share\interpreter\linkResolver.cpp, line 759]
Event: 6.298 Thread 0x0000024c17dd0ee0 Exception <a 'java/lang/NoSuchMethodError'{0x000000008d4dee58}: 'java.lang.Object java.lang.invoke.DirectMethodHandle$Holder.invokeStatic(java.lang.Object, java.lang.Object, java.lang.Object, int, java.lang.Object, java.lang.Object)'> (0x000000008d4dee58) 
thrown [s\src\hotspot\share\interpreter\linkResolver.cpp, line 759]
Event: 6.304 Thread 0x0000024c17dd26f0 Exception <a 'java/lang/NoSuchMethodError'{0x000000008d347a88}: 'java.lang.Object java.lang.invoke.DirectMethodHandle$Holder.invokeStatic(java.lang.Object, int, java.lang.Object)'> (0x000000008d347a88) 
thrown [s\src\hotspot\share\interpreter\linkResolver.cpp, line 759]
Event: 6.564 Thread 0x0000024c19a449c0 Exception <a 'java/lang/NoSuchMethodError'{0x000000008d1b60a0}: 'int java.lang.invoke.DirectMethodHandle$Holder.invokeStatic(java.lang.Object)'> (0x000000008d1b60a0) 
thrown [s\src\hotspot\share\interpreter\linkResolver.cpp, line 759]
Event: 6.565 Thread 0x0000024c19a449c0 Exception <a 'java/lang/NoSuchMethodError'{0x000000008d0a46e0}: 'int java.lang.invoke.DirectMethodHandle$Holder.invokeStaticInit(java.lang.Object)'> (0x000000008d0a46e0) 
thrown [s\src\hotspot\share\interpreter\linkResolver.cpp, line 759]

VM Operations (20 events):
Event: 6.589 Executing VM operation: G1Concurrent done
Event: 6.612 Executing VM operation: G1Concurrent
Event: 6.612 Executing VM operation: G1Concurrent done
Event: 6.759 Executing VM operation: HandshakeAllThreads
Event: 6.777 Executing VM operation: HandshakeAllThreads done
Event: 6.777 Executing VM operation: G1CollectForAllocation
Event: 6.809 Executing VM operation: G1CollectForAllocation done
Event: 6.810 Executing VM operation: HandshakeAllThreads
Event: 6.810 Executing VM operation: HandshakeAllThreads done
Event: 6.824 Executing VM operation: G1CollectForAllocation
Event: 6.825 Executing VM operation: G1CollectForAllocation done
Event: 6.825 Executing VM operation: G1CollectForAllocation
Event: 6.835 Executing VM operation: G1CollectForAllocation done
Event: 6.850 Executing VM operation: G1CollectForAllocation
Event: 6.850 Executing VM operation: G1CollectForAllocation done
Event: 6.850 Executing VM operation: G1CollectForAllocation
Event: 6.854 Executing VM operation: G1CollectForAllocation done
Event: 6.869 Executing VM operation: G1CollectForAllocation
Event: 6.869 Executing VM operation: G1CollectForAllocation done
Event: 6.869 Executing VM operation: G1CollectForAllocation

Events (20 events):
Event: 6.355 loading class java/util/concurrent/atomic/AtomicLongFieldUpdater$CASUpdater done
Event: 6.355 loading class java/util/concurrent/atomic/AtomicLongFieldUpdater$CASUpdater$1
Event: 6.355 loading class java/util/concurrent/atomic/AtomicLongFieldUpdater$CASUpdater$1 done
Event: 6.359 loading class java/util/concurrent/ConcurrentHashMap$ValueSpliterator
Event: 6.359 loading class java/util/concurrent/ConcurrentHashMap$ValueSpliterator done
Event: 6.388 loading class java/util/concurrent/CompletableFuture$UniApply
Event: 6.389 loading class java/util/concurrent/CompletableFuture$UniApply done
Event: 6.390 Thread 0x0000024c19a3fcc0 Thread added: 0x0000024c19a3fcc0
Event: 6.390 loading class java/util/concurrent/CompletableFuture$UniExceptionally
Event: 6.390 loading class java/util/concurrent/CompletableFuture$UniExceptionally done
Event: 6.396 loading class java/util/concurrent/CompletableFuture$Signaller
Event: 6.396 loading class java/util/concurrent/CompletableFuture$Signaller done
Event: 6.407 loading class java/util/concurrent/CompletableFuture$UniCompose
Event: 6.407 loading class java/util/concurrent/CompletableFuture$UniCompose done
Event: 6.408 Thread 0x0000024c19a44e90 Thread added: 0x0000024c19a44e90
Event: 6.410 Thread 0x0000024c19a414d0 Thread added: 0x0000024c19a414d0
Event: 6.410 loading class java/util/concurrent/CompletableFuture$UniRelay
Event: 6.410 loading class java/util/concurrent/CompletableFuture$UniRelay done
Event: 6.467 Thread 0x0000024c19a449c0 Thread added: 0x0000024c19a449c0
Event: 6.576 Thread 0x0000024c19a40190 Thread added: 0x0000024c19a40190


Dynamic libraries:
0x00007ff6ba9f0000 - 0x00007ff6ba9fe000 	c:\Users\datea\.vscode\extensions\redhat.java-1.11.0-win32-x64\jre\17.0.4.1-win32-x86_64\bin\java.exe
0x00007ffe21c70000 - 0x00007ffe21e89000 	C:\WINDOWS\SYSTEM32\ntdll.dll
0x00007ffe20ff0000 - 0x00007ffe210b2000 	C:\WINDOWS\System32\KERNEL32.DLL
0x00007ffe1f260000 - 0x00007ffe1f5ff000 	C:\WINDOWS\System32\KERNELBASE.dll
0x00007ffe1bfd0000 - 0x00007ffe1c066000 	C:\WINDOWS\SYSTEM32\apphelp.dll
0x00007ffe1f8a0000 - 0x00007ffe1f9bb000 	C:\WINDOWS\System32\ucrtbase.dll
0x00007ffe0f310000 - 0x00007ffe0f328000 	c:\Users\datea\.vscode\extensions\redhat.java-1.11.0-win32-x64\jre\17.0.4.1-win32-x86_64\bin\jli.dll
0x00007ffe20a60000 - 0x00007ffe20c0c000 	C:\WINDOWS\System32\USER32.dll
0x00007ffe1f110000 - 0x00007ffe1f136000 	C:\WINDOWS\System32\win32u.dll
0x00007ffe211e0000 - 0x00007ffe21209000 	C:\WINDOWS\System32\GDI32.dll
0x00007ffe1f140000 - 0x00007ffe1f256000 	C:\WINDOWS\System32\gdi32full.dll
0x00007ffe1f800000 - 0x00007ffe1f89a000 	C:\WINDOWS\System32\msvcp_win.dll
0x00007ffe12580000 - 0x00007ffe12811000 	C:\WINDOWS\WinSxS\amd64_microsoft.windows.common-controls_6595b64144ccf1df_6.0.25217.1000_none_7b59e1e7f1b57804\COMCTL32.dll
0x00007ffe20740000 - 0x00007ffe207e7000 	C:\WINDOWS\System32\msvcrt.dll
0x00007ffe0f2e0000 - 0x00007ffe0f2f9000 	c:\Users\datea\.vscode\extensions\redhat.java-1.11.0-win32-x64\jre\17.0.4.1-win32-x86_64\bin\VCRUNTIME140.dll
0x00007ffe1fe30000 - 0x00007ffe1fe61000 	C:\WINDOWS\System32\IMM32.DLL
0x00007ffe0f2d0000 - 0x00007ffe0f2dc000 	c:\Users\datea\.vscode\extensions\redhat.java-1.11.0-win32-x64\jre\17.0.4.1-win32-x86_64\bin\vcruntime140_1.dll
0x00007ffdf99f0000 - 0x00007ffdf9a81000 	c:\Users\datea\.vscode\extensions\redhat.java-1.11.0-win32-x64\jre\17.0.4.1-win32-x86_64\bin\msvcp140.dll
0x00007ffd8e2d0000 - 0x00007ffd8ef16000 	c:\Users\datea\.vscode\extensions\redhat.java-1.11.0-win32-x64\jre\17.0.4.1-win32-x86_64\bin\server\jvm.dll
0x00007ffe21210000 - 0x00007ffe212be000 	C:\WINDOWS\System32\ADVAPI32.dll
0x00007ffe21120000 - 0x00007ffe211c6000 	C:\WINDOWS\System32\sechost.dll
0x00007ffe21b00000 - 0x00007ffe21c27000 	C:\WINDOWS\System32\RPCRT4.dll
0x00007ffe211d0000 - 0x00007ffe211d8000 	C:\WINDOWS\System32\PSAPI.DLL
0x00007ffe01f20000 - 0x00007ffe01f29000 	C:\WINDOWS\SYSTEM32\WSOCK32.dll
0x00007ffe207f0000 - 0x00007ffe2085f000 	C:\WINDOWS\System32\WS2_32.dll
0x00007ffe0da10000 - 0x00007ffe0da45000 	C:\WINDOWS\SYSTEM32\WINMM.dll
0x00007ffe1bf20000 - 0x00007ffe1bf2a000 	C:\WINDOWS\SYSTEM32\VERSION.dll
0x00007ffe1dfe0000 - 0x00007ffe1dff8000 	C:\WINDOWS\SYSTEM32\kernel.appcore.dll
0x00007ffe0f2c0000 - 0x00007ffe0f2ca000 	c:\Users\datea\.vscode\extensions\redhat.java-1.11.0-win32-x64\jre\17.0.4.1-win32-x86_64\bin\jimage.dll
0x00007ffe1c8c0000 - 0x00007ffe1caf3000 	C:\WINDOWS\SYSTEM32\DBGHELP.DLL
0x00007ffe1fa40000 - 0x00007ffe1fdc3000 	C:\WINDOWS\System32\combase.dll
0x00007ffe1fe70000 - 0x00007ffe1ff48000 	C:\WINDOWS\System32\OLEAUT32.dll
0x00007ffe1a3c0000 - 0x00007ffe1a3f2000 	C:\WINDOWS\SYSTEM32\dbgcore.DLL
0x00007ffe1f9c0000 - 0x00007ffe1fa39000 	C:\WINDOWS\System32\bcryptPrimitives.dll
0x00007ffe0a2a0000 - 0x00007ffe0a2c5000 	c:\Users\datea\.vscode\extensions\redhat.java-1.11.0-win32-x64\jre\17.0.4.1-win32-x86_64\bin\java.dll
0x00007ffe09cb0000 - 0x00007ffe09cc8000 	c:\Users\datea\.vscode\extensions\redhat.java-1.11.0-win32-x64\jre\17.0.4.1-win32-x86_64\bin\zip.dll
0x00007ffe1ff50000 - 0x00007ffe2071f000 	C:\WINDOWS\System32\SHELL32.dll
0x00007ffe1cf50000 - 0x00007ffe1d7e5000 	C:\WINDOWS\SYSTEM32\windows.storage.dll
0x00007ffe1cdb0000 - 0x00007ffe1cf43000 	C:\WINDOWS\SYSTEM32\wintypes.dll
0x00007ffe20c10000 - 0x00007ffe20cfb000 	C:\WINDOWS\System32\SHCORE.dll
0x00007ffe210c0000 - 0x00007ffe2111d000 	C:\WINDOWS\System32\shlwapi.dll
0x00007ffe1ef80000 - 0x00007ffe1efa1000 	C:\WINDOWS\SYSTEM32\profapi.dll
0x00007ffdfea90000 - 0x00007ffdfeaa9000 	C:\Users\datea\.vscode\extensions\redhat.java-1.11.0-win32-x64\jre\17.0.4.1-win32-x86_64\bin\net.dll
0x00007ffe107e0000 - 0x00007ffe1090b000 	C:\WINDOWS\SYSTEM32\WINHTTP.dll
0x00007ffe1e4b0000 - 0x00007ffe1e519000 	C:\WINDOWS\system32\mswsock.dll
0x00007ffdfea70000 - 0x00007ffdfea85000 	C:\Users\datea\.vscode\extensions\redhat.java-1.11.0-win32-x64\jre\17.0.4.1-win32-x86_64\bin\nio.dll
0x00007ffdfddf0000 - 0x00007ffdfde00000 	c:\Users\datea\.vscode\extensions\redhat.java-1.11.0-win32-x64\jre\17.0.4.1-win32-x86_64\bin\verify.dll
0x00007ffe1c3e0000 - 0x00007ffe1c3e9000 	C:\Users\datea\.vscode\extensions\redhat.java-1.11.0-win32-x64\jre\17.0.4.1-win32-x86_64\bin\management.dll
0x00007ffe1c3d0000 - 0x00007ffe1c3db000 	C:\Users\datea\.vscode\extensions\redhat.java-1.11.0-win32-x64\jre\17.0.4.1-win32-x86_64\bin\management_ext.dll
0x00007ffe116b0000 - 0x00007ffe116c7000 	C:\WINDOWS\system32\napinsp.dll
0x00007ffe10060000 - 0x00007ffe1007a000 	C:\WINDOWS\system32\pnrpnsp.dll
0x00007ffddeeb0000 - 0x00007ffddeed1000 	C:\WINDOWS\system32\nlansp_c.dll
0x00007ffe1dad0000 - 0x00007ffe1dbcf000 	C:\WINDOWS\SYSTEM32\DNSAPI.dll
0x00007ffe1da60000 - 0x00007ffe1da8e000 	C:\WINDOWS\SYSTEM32\IPHLPAPI.DLL
0x00007ffe20730000 - 0x00007ffe20739000 	C:\WINDOWS\System32\NSI.dll
0x00007ffe10040000 - 0x00007ffe10051000 	C:\WINDOWS\System32\winrnr.dll
0x00007ffdef8a0000 - 0x00007ffdef8b5000 	C:\WINDOWS\system32\wshbth.dll
0x00007ffe107d0000 - 0x00007ffe107da000 	C:\Windows\System32\rasadhlp.dll
0x00007ffe10a30000 - 0x00007ffe10ab4000 	C:\WINDOWS\System32\fwpuclnt.dll
0x00007ffe1e730000 - 0x00007ffe1e74b000 	C:\WINDOWS\SYSTEM32\CRYPTSP.dll
0x00007ffe1df40000 - 0x00007ffe1df74000 	C:\WINDOWS\system32\rsaenh.dll
0x00007ffe1e5d0000 - 0x00007ffe1e5f8000 	C:\WINDOWS\SYSTEM32\USERENV.dll
0x00007ffe1e8f0000 - 0x00007ffe1e918000 	C:\WINDOWS\SYSTEM32\bcrypt.dll
0x00007ffe1e750000 - 0x00007ffe1e75c000 	C:\WINDOWS\SYSTEM32\CRYPTBASE.dll
0x00007ffe10990000 - 0x00007ffe109a9000 	C:\WINDOWS\SYSTEM32\dhcpcsvc6.DLL
0x00007ffe10960000 - 0x00007ffe1097f000 	C:\WINDOWS\SYSTEM32\dhcpcsvc.DLL

dbghelp: loaded successfully - version: 4.0.5 - missing functions: none
symbol engine: initialized successfully - sym options: 0x614 - pdb path: .;c:\Users\datea\.vscode\extensions\redhat.java-1.11.0-win32-x64\jre\17.0.4.1-win32-x86_64\bin;C:\WINDOWS\SYSTEM32;C:\WINDOWS\WinSxS\amd64_microsoft.windows.common-controls_6595b64144ccf1df_6.0.25217.1000_none_7b59e1e7f1b57804;c:\Users\datea\.vscode\extensions\redhat.java-1.11.0-win32-x64\jre\17.0.4.1-win32-x86_64\bin\server

VM Arguments:
jvm_args: -Dsts.lsp.client=vscode -Dsts.log.file=/dev/null -XX:TieredStopAtLevel=1 -Xlog:jni+resolve=off -Dspring.config.location=file:c:\Users\datea\.vscode\extensions\pivotal.vscode-spring-boot-1.39.0\language-server\BOOT-INF\classes\application.properties 
java_command: org.springframework.ide.vscode.boot.app.BootLanguageServerBootApp
java_class_path (initial): c:\Users\datea\.vscode\extensions\pivotal.vscode-spring-boot-1.39.0\language-server\BOOT-INF\classes;c:\Users\datea\.vscode\extensions\pivotal.vscode-spring-boot-1.39.0\language-server\BOOT-INF\lib\annotations-23.0.0.jar;c:\Users\datea\.vscode\extensions\pivotal.vscode-spring-boot-1.39.0\language-server\BOOT-INF\lib\antlr-runtime-3.5.2.jar;c:\Users\datea\.vscode\extensions\pivotal.vscode-spring-boot-1.39.0\language-server\BOOT-INF\lib\antlr4-4.9.3.jar;c:\Users\datea\.vscode\extensions\pivotal.vscode-spring-boot-1.39.0\language-server\BOOT-INF\lib\antlr4-runtime-4.9.3.jar;c:\Users\datea\.vscode\extensions\pivotal.vscode-spring-boot-1.39.0\language-server\BOOT-INF\lib\asm-9.3.jar;c:\Users\datea\.vscode\extensions\pivotal.vscode-spring-boot-1.39.0\language-server\BOOT-INF\lib\asm-analysis-9.3.jar;c:\Users\datea\.vscode\extensions\pivotal.vscode-spring-boot-1.39.0\language-server\BOOT-INF\lib\asm-tree-9.3.jar;c:\Users\datea\.vscode\extensions\pivotal.vscode-spring-boot-1.39.0\language-server\BOOT-INF\lib\asm-util-9.3.jar;c:\Users\datea\.vscode\extensions\pivotal.vscode-spring-boot-1.39.0\language-server\BOOT-INF\lib\byte-buddy-1.12.13.jar;c:\Users\datea\.vscode\extensions\pivotal.vscode-spring-boot-1.39.0\language-server\BOOT-INF\lib\caffeine-2.9.3.jar;c:\Users\datea\.vscode\extensions\pivotal.vscode-spring-boot-1.39.0\language-server\BOOT-INF\lib\checker-qual-3.12.0.jar;c:\Users\datea\.vscode\extensions\pivotal.vscode-spring-boot-1.39.0\language-server\BOOT-INF\lib\classgraph-4.8.149.jar;c:\Users\datea\.vscode\extensions\pivotal.vscode-spring-boot-1.39.0\language-server\BOOT-INF\lib\commons-codec-1.15.jar;c:\Users\datea\.vscode\extensions\pivotal.vscode-spring-boot-1.39.0\language-server\BOOT-INF\lib\commons-compress-1.21.jar;c:\Users\datea\.vscode\extensions\pivotal.vscode-spring-boot-1.39.0\language-server\BOOT-INF\lib\commons-exec-1.3.jar;c:\Users\datea\.vscode\extensions\pivotal.vscode-spring-boot-1.39.0\language-server\BOOT-INF\lib\com
Launcher Type: SUN_STANDARD

[Global flags]
     intx CICompilerCount                          = 4                                         {product} {ergonomic}
     uint ConcGCThreads                            = 2                                         {product} {ergonomic}
     uint G1ConcRefinementThreads                  = 8                                         {product} {ergonomic}
   size_t G1HeapRegionSize                         = 1048576                                   {product} {ergonomic}
    uintx GCDrainStackTargetSize                   = 64                                        {product} {ergonomic}
   size_t InitialHeapSize                          = 132120576                                 {product} {ergonomic}
   size_t MarkStackSize                            = 4194304                                   {product} {ergonomic}
   size_t MaxHeapSize                              = 2095054848                                {product} {ergonomic}
   size_t MaxNewSize                               = 1256194048                                {product} {ergonomic}
   size_t MinHeapDeltaBytes                        = 1048576                                   {product} {ergonomic}
   size_t MinHeapSize                              = 8388608                                   {product} {ergonomic}
    uintx NonProfiledCodeHeapSize                  = 0                                      {pd product} {ergonomic}
     bool ProfileInterpreter                       = false                                  {pd product} {command line}
    uintx ProfiledCodeHeapSize                     = 0                                      {pd product} {ergonomic}
   size_t SoftMaxHeapSize                          = 2095054848                             {manageable} {ergonomic}
     intx TieredStopAtLevel                        = 1                                         {product} {command line}
     bool UseCompressedClassPointers               = true                           {product lp64_product} {ergonomic}
     bool UseCompressedOops                        = true                           {product lp64_product} {ergonomic}
     bool UseG1GC                                  = true                                      {product} {ergonomic}
     bool UseLargePagesIndividualAllocation        = false                                  {pd product} {ergonomic}

Logging:
Log output configuration:
 #0: stdout all=warning,jni+resolve=off uptime,level,tags
 #1: stderr all=off uptime,level,tags

Environment Variables:
PATH=C:\Program Files\Java\jdk-15.0.2\bin;C:\Program Files\Common Files\Oracle\Java\javapath;C:\WINDOWS\system32;C:\WINDOWS;C:\WINDOWS\System32\Wbem;C:\WINDOWS\System32\WindowsPowerShell\v1.0\;C:\WINDOWS\System32\OpenSSH\;C:\Program Files\Azure Data Studio\bin;C:\Program Files\Microsoft SQL Server\Client SDK\ODBC\170\Tools\Binn\;C:\Program Files (x86)\Microsoft SQL Server\150\Tools\Binn\;C:\Program Files\Microsoft SQL Server\150\Tools\Binn\;C:\Program Files\Microsoft SQL Server\150\DTS\Binn\;C:\Program Files (x86)\Microsoft SQL Server\150\DTS\Binn\;C:\Program Files (x86)\GitExtensions\;F:\xampp\php;C:\ProgramData\ComposerSetup\bin;C:\xampp\php;C:\Program Files\Git\cmd;C:\Users\datea\AppData\Local\Microsoft\WindowsApps;C:\Users\datea\AppData\Local\Programs\Microsoft VS Code\bin;;C:\Program Files\Azure Data Studio\bin;C:\Users\datea\AppData\Roaming\Composer\vendor\bin
USERNAME=datea
OS=Windows_NT
PROCESSOR_IDENTIFIER=Intel64 Family 6 Model 126 Stepping 5, GenuineIntel
TMP=C:\Users\datea\AppData\Local\Temp
TEMP=C:\Users\datea\AppData\Local\Temp



---------------  S Y S T E M  ---------------

OS:
 Windows 11 , 64 bit Build 25217 (10.0.25217.1000)
OS uptime: 0 days 7:14 hours
Hyper-V role detected

CPU: total 8 (initial active 8) (4 cores per cpu, 2 threads per core) family 6 model 126 stepping 5 microcode 0xa6, cx8, cmov, fxsr, ht, mmx, 3dnowpref, sse, sse2, sse3, ssse3, sse4.1, sse4.2, popcnt, lzcnt, tsc, tscinvbit, avx, avx2, aes, erms, clmul, bmi1, bmi2, adx, avx512f, avx512dq, avx512cd, avx512bw, avx512vl, sha, fma, vzeroupper, avx512_vpopcntdq, avx512_vpclmulqdq, avx512_vaes, avx512_vnni, clflush, clflushopt, avx512_vbmi2, avx512_vbmi, hv

Memory: 4k page, system-wide physical 7987M (415M free)
TotalPageFile size 12083M (AvailPageFile size 82M)
current process WorkingSet (physical memory assigned to process): 267M, peak: 267M
current process commit charge ("private bytes"): 304M, peak: 530M

vm_info: OpenJDK 64-Bit Server VM (17.0.4.1+1) for windows-amd64 JRE (17.0.4.1+1), built on Aug 17 2022 07:42:43 by "temurin" with MS VC++ 16.7 (VS2019)

END.
